This script was generated by crab (version 2.11.1_patch1).
Running /scratch/condor/dir_5933/glide_zMjECj/execute/dir_13996/condor_exec.exe with 2 positional parameters: 290 1
Today is Mon Feb  2 20:25:33 GMT 2015 - Mon Feb  2 20:25:33 UTC 2015
Job submitted on host heplnc361.pp.rl.ac.uk
Linux heplnc361.pp.rl.ac.uk 2.6.32-504.3.3.el6.x86_64 #1 SMP Tue Dec 16 14:29:22 CST 2014 x86_64 x86_64 x86_64 GNU/Linux
Distributor ID:	Scientific
Description:	Scientific Linux release 6.6 (Carbon)
>>> current directory (RUNTIME_AREA): /scratch/condor/dir_5933/glide_zMjECj/execute/dir_13996
>>> current user: uid=157415(cms415) gid=157000(gplcms) groups=157000(gplcms)
>>> directory permission set to 0700
>>> umask set to:  u=rwx,g=,o=
>>> stdout stderr permission set to 0704
>>> voms proxy information:
subject   : /DC=ch/DC=cern/OU=Organic Units/OU=Users/CN=dcieri/CN=755391/CN=Davide Cieri/CN=769881070/CN=845408490
issuer    : /DC=ch/DC=cern/OU=Organic Units/OU=Users/CN=dcieri/CN=755391/CN=Davide Cieri/CN=769881070
identity  : /DC=ch/DC=cern/OU=Organic Units/OU=Users/CN=dcieri/CN=755391/CN=Davide Cieri
type      : RFC3820 compliant limited proxy
strength  : 1024
path      : /scratch/condor/dir_5933/glide_zMjECj/execute/dir_13996/x509up_u62281
timeleft  : 23:57:57
key usage : Digital Signature, Key Encipherment
=== VO cms extension information ===
VO        : cms
subject   : /DC=ch/DC=cern/OU=Organic Units/OU=Users/CN=dcieri/CN=755391/CN=Davide Cieri
issuer    : /DC=ch/DC=cern/OU=computers/CN=lcg-voms2.cern.ch
attribute : /cms/Role=NULL/Capability=NULL
timeleft  : 183:50:51
uri       : lcg-voms2.cern.ch:15002

WNHostName=heplnc361.pp.rl.ac.uk
$_CONDOR_JOB_AD =/scratch/condor/dir_5933/glide_zMjECj/execute/dir_13996/.job.ad
OverflowFlag=0
>>> tar --no-same-permissions -xf /scratch/condor/dir_5933/glide_zMjECj/execute/dir_13996/default.tgz :
Successful untar
>>> Include /scratch/condor/dir_5933/glide_zMjECj/execute/dir_13996 in PYTHONPATH:
strip arguments
env var CRAB_UNIQUE_JOB_ID set to: dcieri_PU140_4dm08r_290_1_vn5
out_files_290
>>> list of expected files on output sandbox
output files: crab_fjr_290.xml CMSSW_290.stdout CMSSW_290.stderr Watchdog_290.log.gz
>>> GridFlavour discovery: 
GridFlavour=LCG
>>> SyncSite discovery: 
SyncSite=T2_UK_SGrid_RALPP
>>> SyncCE discovery: 
getting SyncCE from GLIDEIN_Gaekeeper
SyncCE=heplnv147.pp.rl.ac.uk
>>> info for dashboard:
***** Cat /scratch/condor/dir_5933/glide_zMjECj/execute/dir_13996/jobreport.txt *****
WNHostName=heplnc361.pp.rl.ac.uk
OverflowFlag=0
MonitorJobID=290_https://submit-6.t2.ucsd.edu//150202//509447.289
SyncGridJobId=https://submit-6.t2.ucsd.edu//150202//509447.289
MonitorID=dcieri_PU140_4dm08r
GridFlavour=LCG
SyncSite=T2_UK_SGrid_RALPP
SyncCE=heplnv147.pp.rl.ac.uk
***** End Cat jobreport *****
Parameters sent to Dashboard.
>>> setup environment
set SCRAM ARCH to slc6_amd64_gcc472
SCRAM_ARCH = slc6_amd64_gcc472
>>> setup CMS LCG environment:
set SCRAM ARCH and BUILD_ARCH to slc6_amd64_gcc472 ###
Sourcing environment... 
sourcing /cvmfs/cms.cern.ch/cmsset_default.sh
==> setup cms environment ok
>>> specific cmssw setup environment:
CMSSW_VERSION =  CMSSW_6_2_0_SLHC12
WARNING: In non-interactive mode release checks e.g. deprecated releases, production architectures are disabled.
>>> current directory (SOFTWARE_DIR): /scratch/condor/dir_5933/glide_zMjECj/execute/dir_13996/CMSSW_6_2_0_SLHC12
PreserveSeeds: <>
IncrementSeeds:<>
>>> info for dashboard:
***** Cat /scratch/condor/dir_5933/glide_zMjECj/execute/dir_13996/jobreport.txt *****
MonitorJobID=290_https://submit-6.t2.ucsd.edu//150202//509447.289
MonitorID=dcieri_PU140_4dm08r
***** End Cat jobreport *****
Parameters sent to Dashboard.
crabWatchdog started as process 16281
>>> moving CMSSW software directories in /scratch/condor/dir_5933/glide_zMjECj/execute/dir_13996/CMSSW_6_2_0_SLHC12
mv: cannot stat `/scratch/condor/dir_5933/glide_zMjECj/execute/dir_13996/module/': No such file or directory
>>> Include /scratch/condor/dir_5933/glide_zMjECj/execute/dir_13996 in PYTHONPATH:
PYTHONPATH=/scratch/condor/dir_5933/glide_zMjECj/execute/dir_13996/:/scratch/condor/dir_5933/glide_zMjECj/execute/dir_13996/CMSSW_6_2_0_SLHC12/python:/scratch/condor/dir_5933/glide_zMjECj/execute/dir_13996/CMSSW_6_2_0_SLHC12/lib/slc6_amd64_gcc472:/cvmfs/cms.cern.ch/slc6_amd64_gcc472/cms/cmssw/CMSSW_6_2_0_SLHC12/python:/cvmfs/cms.cern.ch/slc6_amd64_gcc472/cms/cmssw/CMSSW_6_2_0_SLHC12/lib/slc6_amd64_gcc472:/cvmfs/cms.cern.ch/slc6_amd64_gcc472/cms/coral/CORAL_2_3_21-cms35/slc6_amd64_gcc472/python:/cvmfs/cms.cern.ch/slc6_amd64_gcc472/cms/coral/CORAL_2_3_21-cms35/slc6_amd64_gcc472/lib:/cvmfs/cms.cern.ch/slc6_amd64_gcc472/external/python-ldap/2.3.5-cms5/lib/python2.7/site-packages:/cvmfs/cms.cern.ch/slc6_amd64_gcc472/external/pyqt/4.8.1-cms5/lib/python2.7/site-packages:/cvmfs/cms.cern.ch/slc6_amd64_gcc472/external/py2-scipy/0.8.0-cms7/lib/python2.7/site-packages:/cvmfs/cms.cern.ch/slc6_amd64_gcc472/external/py2-matplotlib/1.0.1-cms7/lib/python2.7/site-packages:/cvmfs/cms.cern.ch/slc6_amd64_gcc472/external/sip/4.11.2-cms5/lib/python2.7/site-packages:/cvmfs/cms.cern.ch/slc6_amd64_gcc472/external/py2-pycurl/7.19.0-cms7/lib/python2.7/site-packages:/cvmfs/cms.cern.ch/slc6_amd64_gcc472/external/py2-numpy/1.6.1-cms7/lib/python2.7/site-packages:/cvmfs/cms.cern.ch/slc6_amd64_gcc472/external/py2-lint/0.25.1-cms5/lib/python2.7/site-packages:/cvmfs/cms.cern.ch/slc6_amd64_gcc472/external/py2-ipython/0.10-cms5/lib/python2.7/site-packages:/cvmfs/cms.cern.ch/slc6_amd64_gcc472/external/py2-cx-oracle/5.1-cms5/lib/python2.7/site-packages:/cvmfs/cms.cern.ch/slc6_amd64_gcc472/external/py2-cjson/1.0.5-cms5/lib/python2.7/site-packages:/cvmfs/cms.cern.ch/slc6_amd64_gcc472/cms/das-client/1.11.7/bin:/cvmfs/cms.cern.ch/slc6_amd64_gcc472/external/elementtree/1.2.6-cms5/share/lib/python2.7/site-packages:/cvmfs/cms.cern.ch/slc6_amd64_gcc472/external/rivet/1.8.2-cms9/lib/python2.7/site-packages:/cvmfs/cms.cern.ch/slc6_amd64_gcc472/external/pyminuit2/0.0.1-cms19/lib/python2.7/site-packages:/cvmfs/cms.cern.ch/slc6_amd64_gcc472/external/py2-pygithub/1.23.0-cms2/lib/python2.7/site-packages:/cvmfs/cms.cern.ch/slc6_amd64_gcc472/external/professor/1.0.0-cms19/lib/python2.7/site-packages:/cvmfs/cms.cern.ch/slc6_amd64_gcc472/lcg/root/5.34.07-cms/lib:/cvmfs/cms.cern.ch/slc6_amd64_gcc472/cms/dbs-client/DBS_2_1_9-cms5/lib:/cvmfs/cms.cern.ch/slc6_amd64_gcc472/cms/dbs-client/DBS_2_1_9-cms5/lib/DBSAPI:/cvmfs/cms.cern.ch/slc6_amd64_gcc472/external/cvs2git/5419-cms/lib:/scratch/condor/dir_5933/glide_zMjECj/execute/dir_13996/
 
# LIMITS USED BY CRAB WATCHDOG:
# RSS  (KBytes)   : 2300000
# VSZ  (KBytes)   : 100000000
# DISK (MBytes)   : 19000
# CPU TIME        : 720h:0m:0s
# WALL CLOCK TIME : 21h:50m:0s
 
3c0380cf82de79bc39966c93934c61fc
PSETHASH = 3c0380cf82de79bc39966c93934c61fc
/scratch/condor/dir_5933/glide_zMjECj/execute/dir_13996/writeCfg.py pset.py pset.py
Importing .py file
Setting parameters
RandomNumberGeneratorService found, will attempt to change seeds
inputBlocks=/ttbar/dcieri-ttbar_SIM-130075366148575c102f0d64fd3ac8f7/USER#7b37175b-029a-4723-ac30-87f0f216faab
inputFiles=/store/user/dcieri/ttbar_SIM/ttbar/ttbar_SIM/150129_145223/0000/step1_160.root
parentFiles=
lumisRange=
>>> Executable cmsRun
/cvmfs/cms.cern.ch/slc6_amd64_gcc472/cms/cmssw/CMSSW_6_2_0_SLHC12/bin/slc6_amd64_gcc472/cmsRun
ok executable found
>>> info for dashboard:
***** Cat /scratch/condor/dir_5933/glide_zMjECj/execute/dir_13996/jobreport.txt *****
MonitorJobID=290_https://submit-6.t2.ucsd.edu//150202//509447.289
MonitorID=dcieri_PU140_4dm08r
ExeStart=cmsRun
***** End Cat jobreport *****
Parameters sent to Dashboard.
>>> cmsRun started at Mon Feb  2 20:25:40 UTC 2015
>>> cmsRun ended at Mon Feb  2 23:05:18 UTC 2015
>>> crab_fjr_*.xml  permission set to 0704
>>> info for dashboard:
***** Cat /scratch/condor/dir_5933/glide_zMjECj/execute/dir_13996/jobreport.txt *****
MonitorJobID=290_https://submit-6.t2.ucsd.edu//150202//509447.289
MonitorID=dcieri_PU140_4dm08r
ExeEnd=cmsRun
***** End Cat jobreport *****
Parameters sent to Dashboard.
TIME_EXE = 9578 sec
>>> cmsRun wrote 213 lines of stdout+stderr
>>> START OF printout of 213 lines from stdout+stderr
271 DQMStore::DQMStore 
HcalTopologyIdealEP::HcalTopologyIdealEP
02-Feb-2015 20:25:48 GMT  Initiating request to open file root://dcap.pp.rl.ac.uk:1094/pnfs/pp.rl.ac.uk/data/cms/store/user/dcieri/ttbar_SIM/ttbar/ttbar_SIM/150129_145223/0000/step1_160.root
02-Feb-2015 20:25:50 GMT  Successfully opened file root://dcap.pp.rl.ac.uk:1094/pnfs/pp.rl.ac.uk/data/cms/store/user/dcieri/ttbar_SIM/ttbar/ttbar_SIM/150129_145223/0000/step1_160.root
02-Feb-2015 20:25:51 GMT  Initiating request to open file root://xrootd.unl.edu//store/group/dpg_trigger/comm_trigger/L1TrackTrigger/620_SLHC10/Extended2023TTI/MinBias/MinBias_TuneZ2star_GEN_SIM_1.root
02-Feb-2015 20:26:06 GMT  Successfully opened file root://xrootd.unl.edu//store/group/dpg_trigger/comm_trigger/L1TrackTrigger/620_SLHC10/Extended2023TTI/MinBias/MinBias_TuneZ2star_GEN_SIM_1.root
disableME1a = 0
HcalTopologyIdealEP::produce(const IdealGeometryRecord& iRecord)
mode = 2, maxDepthHB = 3, maxDepthHE = 5
RPCGeometryESModule :: produce
RPCGeometryESModule :: produce :: 1/4 Get Muon Ideal Geometry Record
RPCGeometryESModule :: produce :: 2/4 Get Muon DDD Constants
RPCGeometryESModule :: produce :: 3/4 Get Muon Numbering Record
in MuonNumberingInitialization::initializeMuonDDDConstants
about to make my new muonDDDConst_
in MuonNumberingInitialization::produce
RPCGeometryESModule :: produce :: 4/4 Build
Found:

	Barrel Stack layer 5 : 1008 stacks
	Barrel Stack layer 6 : 1320 stacks
	Barrel Stack layer 7 : 1836 stacks
	Barrel Stack layer 8 : 1152 stacks
	Barrel Stack layer 9 : 1488 stacks
	Barrel Stack layer 10 : 1824 stacks

	Endcap Stack disk 11 : 1360 stacks
	Endcap Stack disk 12 : 1360 stacks
	Endcap Stack disk 13 : 1360 stacks
	Endcap Stack disk 14 : 1360 stacks
	Endcap Stack disk 15 : 1360 stacks
Created 15428 stacks in 15 s

TTClusterBuilder< edm::Ref<edm::DetSetVector<PixelDigi>, PixelDigi, edm::refhelper::FindForDetSetVector<PixelDigi> > > loaded modules:
	TTClusterAlgorithm:	TTClusterAlgorithm_2d2013< edm::Ref<edm::DetSetVector<PixelDigi>, PixelDigi, edm::refhelper::FindForDetSetVector<PixelDigi> > >


TTStubBuilder< edm::Ref<edm::DetSetVector<PixelDigi>, PixelDigi, edm::refhelper::FindForDetSetVector<PixelDigi> > > loaded modules:
	TTStubAlgorithm:	TTStubAlgorithm_tab2013< edm::Ref<edm::DetSetVector<PixelDigi>, PixelDigi, edm::refhelper::FindForDetSetVector<PixelDigi> > >


TTClusterAssociator< edm::Ref<edm::DetSetVector<PixelDigi>, PixelDigi, edm::refhelper::FindForDetSetVector<PixelDigi> > > loaded.


TTStubAssociator< edm::Ref<edm::DetSetVector<PixelDigi>, PixelDigi, edm::refhelper::FindForDetSetVector<PixelDigi> > > loaded.


TTTrackAssociator< edm::Ref<edm::DetSetVector<PixelDigi>, PixelDigi, edm::refhelper::FindForDetSetVector<PixelDigi> > > loaded.

Begin processing the 1st record. Run 1, Event 1591, LumiSection 160 at 02-Feb-2015 20:26:37.995 GMT
02-Feb-2015 20:26:43 GMT  Closed file root://xrootd.unl.edu//store/group/dpg_trigger/comm_trigger/L1TrackTrigger/620_SLHC10/Extended2023TTI/MinBias/MinBias_TuneZ2star_GEN_SIM_1.root
02-Feb-2015 20:26:43 GMT  Initiating request to open file root://xrootd.unl.edu//store/group/dpg_trigger/comm_trigger/L1TrackTrigger/620_SLHC10/Extended2023TTI/MinBias/MinBias_TuneZ2star_GEN_SIM_924.root
02-Feb-2015 20:27:15 GMT  Successfully opened file root://xrootd.unl.edu//store/group/dpg_trigger/comm_trigger/L1TrackTrigger/620_SLHC10/Extended2023TTI/MinBias/MinBias_TuneZ2star_GEN_SIM_924.root
150202 20:31:49 16671 Xrd: XrdClientMessage::ReadRaw: Failed to read header (8 bytes).
150202 20:32:19 16669 Xrd: XrdClientMessage::ReadRaw: Failed to read header (8 bytes).
02-Feb-2015 20:37:10 GMT  Closed file root://xrootd.unl.edu//store/group/dpg_trigger/comm_trigger/L1TrackTrigger/620_SLHC10/Extended2023TTI/MinBias/MinBias_TuneZ2star_GEN_SIM_924.root
02-Feb-2015 20:37:10 GMT  Initiating request to open file root://xrootd.unl.edu//store/group/dpg_trigger/comm_trigger/L1TrackTrigger/620_SLHC10/Extended2023TTI/MinBias/MinBias_TuneZ2star_GEN_SIM_650.root
150202 20:37:41 31722 Xrd: CheckErrorStatus: Server [llrxrd-redir.in2p3.fr:1094] declared: session not found(error code: 3011)
02-Feb-2015 20:37:42 GMT  Successfully opened file root://xrootd.unl.edu//store/group/dpg_trigger/comm_trigger/L1TrackTrigger/620_SLHC10/Extended2023TTI/MinBias/MinBias_TuneZ2star_GEN_SIM_650.root
150202 20:42:18 18242 Xrd: XrdClientMessage::ReadRaw: Failed to read header (8 bytes).
150202 20:42:49 615 Xrd: XrdClientMessage::ReadRaw: Failed to read header (8 bytes).
150202 20:46:19 16423 Xrd: XrdClientMessage::ReadRaw: Failed to read header (8 bytes).
150202 20:57:49 16426 Xrd: XrdClientMessage::ReadRaw: Failed to read header (8 bytes).
150202 20:57:49 16667 Xrd: XrdClientMessage::ReadRaw: Failed to read header (8 bytes).
150202 20:57:49 16668 Xrd: XrdClientMessage::ReadRaw: Failed to read header (8 bytes).
150202 20:57:49 16670 Xrd: XrdClientMessage::ReadRaw: Failed to read header (8 bytes).
02-Feb-2015 20:57:53 GMT  Closed file root://xrootd.unl.edu//store/group/dpg_trigger/comm_trigger/L1TrackTrigger/620_SLHC10/Extended2023TTI/MinBias/MinBias_TuneZ2star_GEN_SIM_650.root
02-Feb-2015 20:57:53 GMT  Initiating request to open file root://xrootd.unl.edu//store/group/dpg_trigger/comm_trigger/L1TrackTrigger/620_SLHC10/Extended2023TTI/MinBias/MinBias_TuneZ2star_GEN_SIM_939.root
150202 20:57:54 16415 Xrd: CheckErrorStatus: Server [xrootd.unl.edu] declared: session not found(error code: 3011)
150202 20:58:25 31121 Xrd: CheckErrorStatus: Server [xrootd.unl.edu:1094] declared: session not found(error code: 3011)
150202 20:58:30 31121 Xrd: CheckErrorStatus: Server [xrootd.ba.infn.it:1094] declared: session not found(error code: 3011)
150202 20:58:32 31121 Xrd: CheckErrorStatus: Server [lxbrf39c03.cern.ch:1098] declared: session not found(error code: 3011)
02-Feb-2015 20:58:32 GMT  Successfully opened file root://xrootd.unl.edu//store/group/dpg_trigger/comm_trigger/L1TrackTrigger/620_SLHC10/Extended2023TTI/MinBias/MinBias_TuneZ2star_GEN_SIM_939.root
Building the geometry service
Warning did not find digi
Warning did not find digi
Warning did not find digi
Warning did not find digi
Warning did not find digi in disks
Warning did not find digi in disks
Warning did not find digi in disks
Warning did not find digi in disks
150202 21:03:19 616 Xrd: XrdClientMessage::ReadRaw: Failed to read header (8 bytes).
150202 21:03:49 31487 Xrd: XrdClientMessage::ReadRaw: Failed to read header (8 bytes).
02-Feb-2015 21:07:35 GMT  Closed file root://xrootd.unl.edu//store/group/dpg_trigger/comm_trigger/L1TrackTrigger/620_SLHC10/Extended2023TTI/MinBias/MinBias_TuneZ2star_GEN_SIM_939.root
02-Feb-2015 21:07:35 GMT  Initiating request to open file root://xrootd.unl.edu//store/group/dpg_trigger/comm_trigger/L1TrackTrigger/620_SLHC10/Extended2023TTI/MinBias/MinBias_TuneZ2star_GEN_SIM_891.root
150202 21:10:39 12418 Xrd: CheckErrorStatus: Server [xrootd.ba.infn.it:1094] declared: session not found(error code: 3011)
02-Feb-2015 21:10:39 GMT  Successfully opened file root://xrootd.unl.edu//store/group/dpg_trigger/comm_trigger/L1TrackTrigger/620_SLHC10/Extended2023TTI/MinBias/MinBias_TuneZ2star_GEN_SIM_891.root
150202 21:12:49 31608 Xrd: XrdClientMessage::ReadRaw: Failed to read header (8 bytes).
150202 21:15:48 16956 Xrd: XrdClientMessage::ReadRaw: Failed to read header (8 bytes).
02-Feb-2015 21:29:32 GMT  Closed file root://xrootd.unl.edu//store/group/dpg_trigger/comm_trigger/L1TrackTrigger/620_SLHC10/Extended2023TTI/MinBias/MinBias_TuneZ2star_GEN_SIM_891.root
02-Feb-2015 21:29:32 GMT  Initiating request to open file root://xrootd.unl.edu//store/group/dpg_trigger/comm_trigger/L1TrackTrigger/620_SLHC10/Extended2023TTI/MinBias/MinBias_TuneZ2star_GEN_SIM_773.root
150202 21:30:03 11874 Xrd: CheckErrorStatus: Server [cms-xrd-global.cern.ch:1094] declared: session not found(error code: 3011)
150202 21:30:03 11874 Xrd: CheckErrorStatus: Server [llrxrd-redir.in2p3.fr:1094] declared: session not found(error code: 3011)
02-Feb-2015 21:30:03 GMT  Successfully opened file root://xrootd.unl.edu//store/group/dpg_trigger/comm_trigger/L1TrackTrigger/620_SLHC10/Extended2023TTI/MinBias/MinBias_TuneZ2star_GEN_SIM_773.root
150202 21:30:49 31486 Xrd: XrdClientMessage::ReadRaw: Failed to read header (8 bytes).
150202 21:34:48 16957 Xrd: XrdClientMessage::ReadRaw: Failed to read header (8 bytes).
150202 21:35:18 13150 Xrd: XrdClientMessage::ReadRaw: Failed to read header (8 bytes).
02-Feb-2015 21:38:08 GMT  Closed file root://xrootd.unl.edu//store/group/dpg_trigger/comm_trigger/L1TrackTrigger/620_SLHC10/Extended2023TTI/MinBias/MinBias_TuneZ2star_GEN_SIM_773.root
02-Feb-2015 21:38:08 GMT  Initiating request to open file root://xrootd.unl.edu//store/group/dpg_trigger/comm_trigger/L1TrackTrigger/620_SLHC10/Extended2023TTI/MinBias/MinBias_TuneZ2star_GEN_SIM_881.root
150202 21:38:28 24613 Xrd: CheckErrorStatus: Server [xrootd-redic.pi.infn.it:1094] declared: session not found(error code: 3011)
02-Feb-2015 21:38:28 GMT  Successfully opened file root://xrootd.unl.edu//store/group/dpg_trigger/comm_trigger/L1TrackTrigger/620_SLHC10/Extended2023TTI/MinBias/MinBias_TuneZ2star_GEN_SIM_881.root
150202 21:43:19 13151 Xrd: XrdClientMessage::ReadRaw: Failed to read header (8 bytes).
150202 21:43:49 24982 Xrd: XrdClientMessage::ReadRaw: Failed to read header (8 bytes).
02-Feb-2015 21:46:06 GMT  Closed file root://xrootd.unl.edu//store/group/dpg_trigger/comm_trigger/L1TrackTrigger/620_SLHC10/Extended2023TTI/MinBias/MinBias_TuneZ2star_GEN_SIM_881.root
02-Feb-2015 21:46:06 GMT  Initiating request to open file root://xrootd.unl.edu//store/group/dpg_trigger/comm_trigger/L1TrackTrigger/620_SLHC10/Extended2023TTI/MinBias/MinBias_TuneZ2star_GEN_SIM_238.root
150202 21:46:37 4950 Xrd: CheckErrorStatus: Server [llrxrd-redir.in2p3.fr:1094] declared: session not found(error code: 3011)
02-Feb-2015 21:46:37 GMT  Successfully opened file root://xrootd.unl.edu//store/group/dpg_trigger/comm_trigger/L1TrackTrigger/620_SLHC10/Extended2023TTI/MinBias/MinBias_TuneZ2star_GEN_SIM_238.root
150202 21:51:19 24983 Xrd: XrdClientMessage::ReadRaw: Failed to read header (8 bytes).
150202 21:51:49 5323 Xrd: XrdClientMessage::ReadRaw: Failed to read header (8 bytes).
02-Feb-2015 21:53:58 GMT  Closed file root://xrootd.unl.edu//store/group/dpg_trigger/comm_trigger/L1TrackTrigger/620_SLHC10/Extended2023TTI/MinBias/MinBias_TuneZ2star_GEN_SIM_238.root
02-Feb-2015 21:53:58 GMT  Initiating request to open file root://xrootd.unl.edu//store/group/dpg_trigger/comm_trigger/L1TrackTrigger/620_SLHC10/Extended2023TTI/MinBias/MinBias_TuneZ2star_GEN_SIM_222.root
150202 21:54:29 15896 Xrd: CheckErrorStatus: Server [xrootd-redic.pi.infn.it:1094] declared: session not found(error code: 3011)
02-Feb-2015 21:54:29 GMT  Successfully opened file root://xrootd.unl.edu//store/group/dpg_trigger/comm_trigger/L1TrackTrigger/620_SLHC10/Extended2023TTI/MinBias/MinBias_TuneZ2star_GEN_SIM_222.root
150202 21:59:18 5324 Xrd: XrdClientMessage::ReadRaw: Failed to read header (8 bytes).
150202 21:59:48 16679 Xrd: XrdClientMessage::ReadRaw: Failed to read header (8 bytes).
02-Feb-2015 22:00:26 GMT  Closed file root://xrootd.unl.edu//store/group/dpg_trigger/comm_trigger/L1TrackTrigger/620_SLHC10/Extended2023TTI/MinBias/MinBias_TuneZ2star_GEN_SIM_222.root
02-Feb-2015 22:00:26 GMT  Initiating request to open file root://xrootd.unl.edu//store/group/dpg_trigger/comm_trigger/L1TrackTrigger/620_SLHC10/Extended2023TTI/MinBias/MinBias_TuneZ2star_GEN_SIM_23.root
150202 22:00:57 29479 Xrd: CheckErrorStatus: Server [llrxrd-redir.in2p3.fr:1094] declared: session not found(error code: 3011)
02-Feb-2015 22:00:57 GMT  Successfully opened file root://xrootd.unl.edu//store/group/dpg_trigger/comm_trigger/L1TrackTrigger/620_SLHC10/Extended2023TTI/MinBias/MinBias_TuneZ2star_GEN_SIM_23.root
02-Feb-2015 22:05:14 GMT  Closed file root://xrootd.unl.edu//store/group/dpg_trigger/comm_trigger/L1TrackTrigger/620_SLHC10/Extended2023TTI/MinBias/MinBias_TuneZ2star_GEN_SIM_23.root
02-Feb-2015 22:05:14 GMT  Initiating request to open file root://xrootd.unl.edu//store/group/dpg_trigger/comm_trigger/L1TrackTrigger/620_SLHC10/Extended2023TTI/MinBias/MinBias_TuneZ2star_GEN_SIM_1.root
150202 22:05:49 16680 Xrd: XrdClientMessage::ReadRaw: Failed to read header (8 bytes).
150202 22:06:19 29847 Xrd: XrdClientMessage::ReadRaw: Failed to read header (8 bytes).
150202 22:06:25 2670 Xrd: CheckErrorStatus: Server [llrxrd-redir.in2p3.fr:1094] declared: session not found(error code: 3011)
150202 22:06:25 2670 Xrd: CheckErrorStatus: Server [eoscms.cern.ch:1094] declared: session not found(error code: 3011)
02-Feb-2015 22:06:26 GMT  Successfully opened file root://xrootd.unl.edu//store/group/dpg_trigger/comm_trigger/L1TrackTrigger/620_SLHC10/Extended2023TTI/MinBias/MinBias_TuneZ2star_GEN_SIM_1.root
02-Feb-2015 22:09:46 GMT  Closed file root://xrootd.unl.edu//store/group/dpg_trigger/comm_trigger/L1TrackTrigger/620_SLHC10/Extended2023TTI/MinBias/MinBias_TuneZ2star_GEN_SIM_1.root
02-Feb-2015 22:09:46 GMT  Initiating request to open file root://xrootd.unl.edu//store/group/dpg_trigger/comm_trigger/L1TrackTrigger/620_SLHC10/Extended2023TTI/MinBias/MinBias_TuneZ2star_GEN_SIM_905.root
150202 22:10:19 29848 Xrd: XrdClientMessage::ReadRaw: Failed to read header (8 bytes).
02-Feb-2015 22:10:47 GMT  Successfully opened file root://xrootd.unl.edu//store/group/dpg_trigger/comm_trigger/L1TrackTrigger/620_SLHC10/Extended2023TTI/MinBias/MinBias_TuneZ2star_GEN_SIM_905.root
150202 22:14:49 3875 Xrd: XrdClientMessage::ReadRaw: Failed to read header (8 bytes).
150202 22:15:49 3874 Xrd: XrdClientMessage::ReadRaw: Failed to read header (8 bytes).
02-Feb-2015 22:16:42 GMT  Closed file root://xrootd.unl.edu//store/group/dpg_trigger/comm_trigger/L1TrackTrigger/620_SLHC10/Extended2023TTI/MinBias/MinBias_TuneZ2star_GEN_SIM_905.root
02-Feb-2015 22:16:42 GMT  Initiating request to open file root://xrootd.unl.edu//store/group/dpg_trigger/comm_trigger/L1TrackTrigger/620_SLHC10/Extended2023TTI/MinBias/MinBias_TuneZ2star_GEN_SIM_223.root
150202 22:16:57 15194 Xrd: CheckErrorStatus: Server [cms-xrd-global.cern.ch:1094] declared: session not found(error code: 3011)
150202 22:16:57 15194 Xrd: CheckErrorStatus: Server [xrootd.ba.infn.it:1094] declared: session not found(error code: 3011)
02-Feb-2015 22:16:57 GMT  Successfully opened file root://xrootd.unl.edu//store/group/dpg_trigger/comm_trigger/L1TrackTrigger/620_SLHC10/Extended2023TTI/MinBias/MinBias_TuneZ2star_GEN_SIM_223.root
02-Feb-2015 22:19:10 GMT  Closed file root://xrootd.unl.edu//store/group/dpg_trigger/comm_trigger/L1TrackTrigger/620_SLHC10/Extended2023TTI/MinBias/MinBias_TuneZ2star_GEN_SIM_223.root
02-Feb-2015 22:19:10 GMT  Initiating request to open file root://xrootd.unl.edu//store/group/dpg_trigger/comm_trigger/L1TrackTrigger/620_SLHC10/Extended2023TTI/MinBias/MinBias_TuneZ2star_GEN_SIM_514.root
02-Feb-2015 22:19:25 GMT  Successfully opened file root://xrootd.unl.edu//store/group/dpg_trigger/comm_trigger/L1TrackTrigger/620_SLHC10/Extended2023TTI/MinBias/MinBias_TuneZ2star_GEN_SIM_514.root
02-Feb-2015 22:21:15 GMT  Closed file root://xrootd.unl.edu//store/group/dpg_trigger/comm_trigger/L1TrackTrigger/620_SLHC10/Extended2023TTI/MinBias/MinBias_TuneZ2star_GEN_SIM_514.root
02-Feb-2015 22:21:15 GMT  Initiating request to open file root://xrootd.unl.edu//store/group/dpg_trigger/comm_trigger/L1TrackTrigger/620_SLHC10/Extended2023TTI/MinBias/MinBias_TuneZ2star_GEN_SIM_665.root
150202 22:21:48 8657 Xrd: XrdClientMessage::ReadRaw: Failed to read header (8 bytes).
150202 22:24:19 15328 Xrd: XrdClientMessage::ReadRaw: Failed to read header (8 bytes).
02-Feb-2015 22:24:23 GMT  Successfully opened file root://xrootd.unl.edu//store/group/dpg_trigger/comm_trigger/L1TrackTrigger/620_SLHC10/Extended2023TTI/MinBias/MinBias_TuneZ2star_GEN_SIM_665.root
150202 22:26:19 17846 Xrd: XrdClientMessage::ReadRaw: Failed to read header (8 bytes).
150202 22:29:49 15327 Xrd: XrdClientMessage::ReadRaw: Failed to read header (8 bytes).
02-Feb-2015 22:31:29 GMT  Closed file root://xrootd.unl.edu//store/group/dpg_trigger/comm_trigger/L1TrackTrigger/620_SLHC10/Extended2023TTI/MinBias/MinBias_TuneZ2star_GEN_SIM_665.root
02-Feb-2015 22:31:29 GMT  Initiating request to open file root://xrootd.unl.edu//store/group/dpg_trigger/comm_trigger/L1TrackTrigger/620_SLHC10/Extended2023TTI/MinBias/MinBias_TuneZ2star_GEN_SIM_839.root
150202 22:32:00 28799 Xrd: CheckErrorStatus: Server [xrootd.ba.infn.it:1094] declared: session not found(error code: 3011)
02-Feb-2015 22:32:00 GMT  Successfully opened file root://xrootd.unl.edu//store/group/dpg_trigger/comm_trigger/L1TrackTrigger/620_SLHC10/Extended2023TTI/MinBias/MinBias_TuneZ2star_GEN_SIM_839.root
02-Feb-2015 22:36:17 GMT  Closed file root://xrootd.unl.edu//store/group/dpg_trigger/comm_trigger/L1TrackTrigger/620_SLHC10/Extended2023TTI/MinBias/MinBias_TuneZ2star_GEN_SIM_839.root
02-Feb-2015 22:36:17 GMT  Initiating request to open file root://xrootd.unl.edu//store/group/dpg_trigger/comm_trigger/L1TrackTrigger/620_SLHC10/Extended2023TTI/MinBias/MinBias_TuneZ2star_GEN_SIM_97.root
02-Feb-2015 22:36:44 GMT  Successfully opened file root://xrootd.unl.edu//store/group/dpg_trigger/comm_trigger/L1TrackTrigger/620_SLHC10/Extended2023TTI/MinBias/MinBias_TuneZ2star_GEN_SIM_97.root
150202 22:36:45 22485 Xrd: XrdClientMessage::ReadRaw: Failed to read header (8 bytes).
150202 22:39:48 24981 Xrd: XrdClientMessage::ReadRaw: Failed to read header (8 bytes).
02-Feb-2015 22:39:55 GMT  Closed file root://xrootd.unl.edu//store/group/dpg_trigger/comm_trigger/L1TrackTrigger/620_SLHC10/Extended2023TTI/MinBias/MinBias_TuneZ2star_GEN_SIM_97.root
02-Feb-2015 22:39:55 GMT  Initiating request to open file root://xrootd.unl.edu//store/group/dpg_trigger/comm_trigger/L1TrackTrigger/620_SLHC10/Extended2023TTI/MinBias/MinBias_TuneZ2star_GEN_SIM_99.root
02-Feb-2015 22:40:26 GMT  Successfully opened file root://xrootd.unl.edu//store/group/dpg_trigger/comm_trigger/L1TrackTrigger/620_SLHC10/Extended2023TTI/MinBias/MinBias_TuneZ2star_GEN_SIM_99.root
150202 22:41:18 29166 Xrd: XrdClientMessage::ReadRaw: Failed to read header (8 bytes).
02-Feb-2015 22:44:52 GMT  Closed file root://xrootd.unl.edu//store/group/dpg_trigger/comm_trigger/L1TrackTrigger/620_SLHC10/Extended2023TTI/MinBias/MinBias_TuneZ2star_GEN_SIM_99.root
02-Feb-2015 22:44:52 GMT  Initiating request to open file root://xrootd.unl.edu//store/group/dpg_trigger/comm_trigger/L1TrackTrigger/620_SLHC10/Extended2023TTI/MinBias/MinBias_TuneZ2star_GEN_SIM_117.root
150202 22:45:18 469 Xrd: XrdClientMessage::ReadRaw: Failed to read header (8 bytes).
150202 22:45:23 7579 Xrd: CheckErrorStatus: Server [cms-xrd-global.cern.ch:1094] declared: session not found(error code: 3011)
02-Feb-2015 22:45:23 GMT  Successfully opened file root://xrootd.unl.edu//store/group/dpg_trigger/comm_trigger/L1TrackTrigger/620_SLHC10/Extended2023TTI/MinBias/MinBias_TuneZ2star_GEN_SIM_117.root
02-Feb-2015 22:48:46 GMT  Closed file root://xrootd.unl.edu//store/group/dpg_trigger/comm_trigger/L1TrackTrigger/620_SLHC10/Extended2023TTI/MinBias/MinBias_TuneZ2star_GEN_SIM_117.root
02-Feb-2015 22:48:46 GMT  Initiating request to open file root://xrootd.unl.edu//store/group/dpg_trigger/comm_trigger/L1TrackTrigger/620_SLHC10/Extended2023TTI/MinBias/MinBias_TuneZ2star_GEN_SIM_256.root
02-Feb-2015 22:49:17 GMT  Successfully opened file root://xrootd.unl.edu//store/group/dpg_trigger/comm_trigger/L1TrackTrigger/620_SLHC10/Extended2023TTI/MinBias/MinBias_TuneZ2star_GEN_SIM_256.root
150202 22:50:19 4265 Xrd: XrdClientMessage::ReadRaw: Failed to read header (8 bytes).
02-Feb-2015 22:52:11 GMT  Closed file root://xrootd.unl.edu//store/group/dpg_trigger/comm_trigger/L1TrackTrigger/620_SLHC10/Extended2023TTI/MinBias/MinBias_TuneZ2star_GEN_SIM_256.root
02-Feb-2015 22:52:11 GMT  Initiating request to open file root://xrootd.unl.edu//store/group/dpg_trigger/comm_trigger/L1TrackTrigger/620_SLHC10/Extended2023TTI/MinBias/MinBias_TuneZ2star_GEN_SIM_39.root
02-Feb-2015 22:52:43 GMT  Successfully opened file root://xrootd.unl.edu//store/group/dpg_trigger/comm_trigger/L1TrackTrigger/620_SLHC10/Extended2023TTI/MinBias/MinBias_TuneZ2star_GEN_SIM_39.root
150202 22:53:48 7961 Xrd: XrdClientMessage::ReadRaw: Failed to read header (8 bytes).
02-Feb-2015 22:56:04 GMT  Closed file root://xrootd.unl.edu//store/group/dpg_trigger/comm_trigger/L1TrackTrigger/620_SLHC10/Extended2023TTI/MinBias/MinBias_TuneZ2star_GEN_SIM_39.root
02-Feb-2015 22:56:04 GMT  Initiating request to open file root://xrootd.unl.edu//store/group/dpg_trigger/comm_trigger/L1TrackTrigger/620_SLHC10/Extended2023TTI/MinBias/MinBias_TuneZ2star_GEN_SIM_629.root
02-Feb-2015 22:56:35 GMT  Successfully opened file root://xrootd.unl.edu//store/group/dpg_trigger/comm_trigger/L1TrackTrigger/620_SLHC10/Extended2023TTI/MinBias/MinBias_TuneZ2star_GEN_SIM_629.root
150202 22:56:49 13149 Xrd: XrdClientMessage::ReadRaw: Failed to read header (8 bytes).
150202 22:57:19 10903 Xrd: XrdClientMessage::ReadRaw: Failed to read header (8 bytes).
02-Feb-2015 22:59:37 GMT  Closed file root://xrootd.unl.edu//store/group/dpg_trigger/comm_trigger/L1TrackTrigger/620_SLHC10/Extended2023TTI/MinBias/MinBias_TuneZ2star_GEN_SIM_629.root
02-Feb-2015 22:59:37 GMT  Initiating request to open file root://xrootd.unl.edu//store/group/dpg_trigger/comm_trigger/L1TrackTrigger/620_SLHC10/Extended2023TTI/MinBias/MinBias_TuneZ2star_GEN_SIM_391.root
02-Feb-2015 23:00:08 GMT  Successfully opened file root://xrootd.unl.edu//store/group/dpg_trigger/comm_trigger/L1TrackTrigger/620_SLHC10/Extended2023TTI/MinBias/MinBias_TuneZ2star_GEN_SIM_391.root
150202 23:01:18 13669 Xrd: XrdClientMessage::ReadRaw: Failed to read header (8 bytes).
02-Feb-2015 23:01:52 GMT  Closed file root://xrootd.unl.edu//store/group/dpg_trigger/comm_trigger/L1TrackTrigger/620_SLHC10/Extended2023TTI/MinBias/MinBias_TuneZ2star_GEN_SIM_391.root
02-Feb-2015 23:01:52 GMT  Initiating request to open file root://xrootd.unl.edu//store/group/dpg_trigger/comm_trigger/L1TrackTrigger/620_SLHC10/Extended2023TTI/MinBias/MinBias_TuneZ2star_GEN_SIM_770.root
02-Feb-2015 23:01:52 GMT  Successfully opened file root://xrootd.unl.edu//store/group/dpg_trigger/comm_trigger/L1TrackTrigger/620_SLHC10/Extended2023TTI/MinBias/MinBias_TuneZ2star_GEN_SIM_770.root
150202 23:04:48 16375 Xrd: XrdClientMessage::ReadRaw: Failed to read header (8 bytes).
02-Feb-2015 23:05:16 GMT  Closed file root://dcap.pp.rl.ac.uk:1094/pnfs/pp.rl.ac.uk/data/cms/store/user/dcieri/ttbar_SIM/ttbar/ttbar_SIM/150129_145223/0000/step1_160.root
02-Feb-2015 23:05:17 GMT  Closed file root://xrootd.unl.edu//store/group/dpg_trigger/comm_trigger/L1TrackTrigger/620_SLHC10/Extended2023TTI/MinBias/MinBias_TuneZ2star_GEN_SIM_770.root

=============================================

MessageLogger Summary

 type     category        sev    module        subroutine        count    total
 ---- -------------------- -- ---------------- ----------------  -----    -----
    1 fileAction           -s MixingModule:mix                      69       69
    2 fileAction           -s MixingModule:mix                       2        2
    3 fileAction           -s MixingModule:mix                       1        1
    4 fileAction           -s file_close                             1        1
    5 fileAction           -s file_open                              2        2

 type    category    Examples: run/evt        run/evt          run/evt
 ---- -------------------- ---------------- ---------------- ----------------
    1 fileAction           1/1591           1/1591           1/1600
    2 fileAction           pre-events       pre-events       
    3 fileAction           PostEndRun                        
    4 fileAction           PostEndRun                        
    5 fileAction           pre-events       pre-events       

Severity    # Occurrences   Total Occurrences
--------    -------------   -----------------
System                 75                  75
>>> END OF printout of 213 lines from stdout+stderr
>>> Parse FrameworkJobReport crab_fjr.xml
Result of parsing the FrameworkJobReport crab_fjr.xml: 
Extracted ExitStatus from FrameworkJobReport parsing output: 0
>>> Executable succeded  0
ExeExitCode=0
EXECUTABLE_EXIT_STATUS = 0
>>> current directory /scratch/condor/dir_5933/glide_zMjECj/execute/dir_13996/CMSSW_6_2_0_SLHC12
>>>  (SOFTWARE_DIR): /scratch/condor/dir_5933/glide_zMjECj/execute/dir_13996/CMSSW_6_2_0_SLHC12
>>> (WORKING_DIR): 
>>> current directory content:
total 245672
drwxr-xr-x 3 cms415 gplcms      4096 Feb  2 20:25 .SCRAM
-rw------- 1 cms415 gplcms    915837 Feb  2 20:25 CMSSW.py.pkl
drwxr-xr-x 3 cms415 gplcms      4096 Feb  2 20:25 bin
drwxr-xr-x 3 cms415 gplcms      4096 Feb  2 20:25 cfipython
drwxr-xr-x 4 cms415 gplcms      4096 Apr 28  2014 config
-rw------- 1 cms415 gplcms        16 Feb  2 23:05 cpu_timing.txt
drwxr-xr-x 2 cms415 gplcms      4096 Feb  2 20:25 doc
-rw------- 1 cms415 gplcms     23950 Feb  2 23:05 executable.out
drwxr-xr-x 2 cms415 gplcms      4096 Feb  2 20:25 include
drwx------ 3 cms415 gplcms      4096 Oct  7 10:12 lib
drwxr-xr-x 3 cms415 gplcms      4096 Feb  2 20:25 logs
drwxr-xr-x 3 cms415 gplcms      4096 Feb  2 20:25 objs
-rw------- 1 cms415 gplcms       104 Feb  2 20:25 pset.py
-rw------- 1 cms415 gplcms    926824 Feb  2 20:25 pset.py.pkl
-rw------- 1 cms415 gplcms       289 Feb  2 20:25 pset.pyc
drwxr-xr-x 2 cms415 gplcms      4096 Feb  2 20:25 python
-rw------- 1 cms415 gplcms       359 Feb  2 23:05 report.log
drwxr-xr-x 2 cms415 gplcms      4096 Feb  2 20:25 src
-rw------- 1 cms415 gplcms 249368053 Feb  2 23:05 step2.root
drwxr-xr-x 3 cms415 gplcms      4096 Feb  2 20:25 test
drwxr-xr-x 3 cms415 gplcms      4096 Feb  2 20:25 tmp
>>> current directory /scratch/condor/dir_5933/glide_zMjECj/execute/dir_13996/CMSSW_6_2_0_SLHC12
>>> (SOFTWARE_DIR): /scratch/condor/dir_5933/glide_zMjECj/execute/dir_13996/CMSSW_6_2_0_SLHC12
>>> (WORKING_DIR): 
>>> current directory content:
total 245672
drwxr-xr-x 3 cms415 gplcms      4096 Feb  2 20:25 .SCRAM
-rw------- 1 cms415 gplcms    915837 Feb  2 20:25 CMSSW.py.pkl
drwxr-xr-x 3 cms415 gplcms      4096 Feb  2 20:25 bin
drwxr-xr-x 3 cms415 gplcms      4096 Feb  2 20:25 cfipython
drwxr-xr-x 4 cms415 gplcms      4096 Apr 28  2014 config
-rw------- 1 cms415 gplcms        16 Feb  2 23:05 cpu_timing.txt
drwxr-xr-x 2 cms415 gplcms      4096 Feb  2 20:25 doc
-rw------- 1 cms415 gplcms     23950 Feb  2 23:05 executable.out
drwxr-xr-x 2 cms415 gplcms      4096 Feb  2 20:25 include
drwx------ 3 cms415 gplcms      4096 Oct  7 10:12 lib
drwxr-xr-x 3 cms415 gplcms      4096 Feb  2 20:25 logs
drwxr-xr-x 3 cms415 gplcms      4096 Feb  2 20:25 objs
-rw------- 1 cms415 gplcms       104 Feb  2 20:25 pset.py
-rw------- 1 cms415 gplcms    926824 Feb  2 20:25 pset.py.pkl
-rw------- 1 cms415 gplcms       289 Feb  2 20:25 pset.pyc
drwxr-xr-x 2 cms415 gplcms      4096 Feb  2 20:25 python
-rw------- 1 cms415 gplcms       359 Feb  2 23:05 report.log
drwxr-xr-x 2 cms415 gplcms      4096 Feb  2 20:25 src
-rw------- 1 cms415 gplcms 249368053 Feb  2 23:05 step2_290_1_vn5.root
drwxr-xr-x 3 cms415 gplcms      4096 Feb  2 20:25 test
drwxr-xr-x 3 cms415 gplcms      4096 Feb  2 20:25 tmp
>>> current directory (RUNTIME_AREA):  /scratch/condor/dir_5933/glide_zMjECj/execute/dir_13996
PNN = T2_UK_SGrid_RALPP
SE = heplnx204.pp.rl.ac.uk
SE_PATH = /srm/managerv2?SFN=/pnfs/pp.rl.ac.uk/data/cms/store/user/dcieri/ttbar_PU140_DIGI/dcieri/ttbar/ttbar_PU140_DIGI/3c0380cf82de79bc39966c93934c61fc/
LFNBaseName = /store/user/dcieri/ttbar_PU140_DIGI/dcieri/ttbar/ttbar_PU140_DIGI/3c0380cf82de79bc39966c93934c61fc/
USER = dcieri
endpoint = srm://heplnx204.pp.rl.ac.uk:8443/srm/managerv2?SFN=/pnfs/pp.rl.ac.uk/data/cms/store/user/dcieri/ttbar_PU140_DIGI/dcieri/ttbar/ttbar_PU140_DIGI/3c0380cf82de79bc39966c93934c61fc/
>>> Copy output files from WN = heplnc361.pp.rl.ac.uk to /srm/managerv2?SFN=/pnfs/pp.rl.ac.uk/data/cms/store/user/dcieri/ttbar_PU140_DIGI/dcieri/ttbar/ttbar_PU140_DIGI/3c0380cf82de79bc39966c93934c61fc/ :
python cmscp.py  --destination srm://heplnx204.pp.rl.ac.uk:8443/srm/managerv2?SFN=/pnfs/pp.rl.ac.uk/data/cms/store/user/dcieri/ttbar_PU140_DIGI/dcieri/ttbar/ttbar_PU140_DIGI/3c0380cf82de79bc39966c93934c61fc/ --inputFileList /scratch/condor/dir_5933/glide_zMjECj/execute/dir_13996/CMSSW_6_2_0_SLHC12/step2_290_1_vn5.root --middleware LCG --PNN T2_UK_SGrid_RALPP --se_name heplnx204.pp.rl.ac.uk --for_lfn /store/user/dcieri/ttbar_PU140_DIGI/dcieri/ttbar/ttbar_PU140_DIGI/3c0380cf82de79bc39966c93934c61fc/    
******************************************************
localSeName  =  heplnx204.pp.rl.ac.uk
remoteSeName =  heplnx204.pp.rl.ac.uk
******************************************************
{"/scratch/condor/dir_5933/glide_zMjECj/execute/dir_13996/CMSSW_6_2_0_SLHC12/step2_290_1_vn5.root": {"endpoint": "srm://heplnx204.pp.rl.ac.uk:8443/srm/managerv2?SFN=/pnfs/pp.rl.ac.uk/data/cms/store/user/dcieri/ttbar_PU140_DIGI/dcieri/ttbar/ttbar_PU140_DIGI/3c0380cf82de79bc39966c93934c61fc/", "surl_for_grid": "", "reason": "Copy succedeed with srm-lcg utils", "erCode": "0", "PNN": "T2_UK_SGrid_RALPP", "se_name": "heplnx204.pp.rl.ac.uk", "for_lfn": "/store/user/dcieri/ttbar_PU140_DIGI/dcieri/ttbar/ttbar_PU140_DIGI/3c0380cf82de79bc39966c93934c61fc/"}}/scratch/condor/dir_5933/glide_zMjECj/execute/dir_13996
-------- cat /scratch/condor/dir_5933/glide_zMjECj/execute/dir_13996/cmscpReport.sh 
#!/bin/bash
echo "Report for File: /scratch/condor/dir_5933/glide_zMjECj/execute/dir_13996/CMSSW_6_2_0_SLHC12/step2_290_1_vn5.root"
echo "LFN: /store/user/dcieri/ttbar_PU140_DIGI/dcieri/ttbar/ttbar_PU140_DIGI/3c0380cf82de79bc39966c93934c61fc/step2_290_1_vn5.root"
echo "StorageElement: heplnx204.pp.rl.ac.uk"
echo "StageOutExitStatusReason = 'Copy succedeed with srm-lcg utils'" | tee -a $RUNTIME_AREA/$repo
echo "StageOutSE = heplnx204.pp.rl.ac.uk" >> $RUNTIME_AREA/$repo

export StageOutExitStatus=0
echo "StageOutExitStatus = 0" | tee -a $RUNTIME_AREA/$repo
-------- end of /scratch/condor/dir_5933/glide_zMjECj/execute/dir_13996/cmscpReport.sh 
Report for File: /scratch/condor/dir_5933/glide_zMjECj/execute/dir_13996/CMSSW_6_2_0_SLHC12/step2_290_1_vn5.root
LFN: /store/user/dcieri/ttbar_PU140_DIGI/dcieri/ttbar/ttbar_PU140_DIGI/3c0380cf82de79bc39966c93934c61fc/step2_290_1_vn5.root
StorageElement: heplnx204.pp.rl.ac.uk
StageOutExitStatusReason = 'Copy succedeed with srm-lcg utils'
StageOutExitStatus = 0
>>> current dir: /scratch/condor/dir_5933/glide_zMjECj/execute/dir_13996
>>> current dir content:
total 8828
-rw-------  1 cms415 gplcms    3242 Feb  2 23:06 .SEinteraction.log
-rwx------  1 cms415 gplcms      52 Feb  2 20:24 .chirp_config
-rwx------  1 cms415 gplcms    7819 Feb  2 20:24 .job.ad
-rwx------  1 cms415 gplcms    9811 Feb  2 20:24 .machine.ad
-rw-------  1 cms415 gplcms     105 Feb  2 12:16 CMSSW.py
-rw-------  1 cms415 gplcms  915837 Feb  2 12:16 CMSSW.py.pkl
-rwx------  1 cms415 gplcms   29498 Feb  2 20:25 CMSSW.sh
drwxr-xr-x 15 cms415 gplcms    4096 Feb  2 23:05 CMSSW_6_2_0_SLHC12
-rw-------  1 cms415 gplcms     189 Feb  2 20:25 CacheEnv.sh
-rw-------  1 cms415 gplcms    7291 Nov 19 14:52 DashboardAPI.py
-rw-------  1 cms415 gplcms    6455 Feb  2 20:25 DashboardAPI.pyc
drwx------  2 cms415 gplcms    4096 Feb  2 23:05 IMProv
-rw-------  1 cms415 gplcms    2748 Nov 19 14:52 Logger.py
-rw-------  1 cms415 gplcms    3227 Feb  2 20:25 Logger.pyc
-rw-------  1 cms415 gplcms   24524 Nov 19 14:52 ProcInfo.py
-rw-------  1 cms415 gplcms   22621 Feb  2 20:25 ProcInfo.pyc
drwx------  7 cms415 gplcms    4096 Feb  2 20:25 ProdCommon
drwx------  3 cms415 gplcms    4096 Feb  2 20:25 WMCore
-rw-------  1 cms415 gplcms   13478 Feb  2 23:05 Watchdog_290.log
-rwx------  1 cms415 gplcms       0 Feb  2 20:25 _condor_stderr
-rwx---r--  1 cms415 gplcms   38692 Feb  2 23:06 _condor_stdout
-rw-------  1 cms415 gplcms   32895 Nov 19 14:52 apmon.py
-rw-------  1 cms415 gplcms   27929 Feb  2 20:25 apmon.pyc
-rwx------  1 cms415 gplcms  134309 Feb  2 20:25 arguments.xml
-rwx------  1 cms415 gplcms   38581 Nov 19 14:52 cmscp.py
-rw-------  1 cms415 gplcms     561 Feb  2 23:06 cmscpReport.sh
-rwx------  1 cms415 gplcms   29498 Feb  2 20:25 condor_exec.exe
-rw-------  1 cms415 gplcms     544 Feb  2 12:16 crab.cfg
-rwx------  1 cms415 gplcms    8610 Nov 19 14:52 crabWatchdog.sh
-rwx---r--  1 cms415 gplcms  112063 Feb  2 23:05 crab_fjr_290.xml
-rwx------  1 cms415 gplcms 7390485 Feb  2 20:25 default.tgz
-rwx------  1 cms415 gplcms    4488 Nov 19 14:52 fillCrabFjr.py
-rw-------  1 cms415 gplcms     226 Feb  2 20:25 inputsReport.txt
-rw-------  1 cms415 gplcms     244 Feb  2 23:06 jobreport.txt
-rw-------  1 cms415 gplcms   17352 Nov 19 14:52 parseCrabFjr.py
-rw-------  1 cms415 gplcms     324 Feb  2 20:25 report.log
-rwx--x--x  1 cms415 gplcms    1497 Nov 19 14:52 report.py
-rw-------  1 cms415 gplcms     554 Feb  2 23:06 resultCopyFile
lrwxrwxrwx  1 cms415 gplcms      95 Feb  2 23:05 step2.root -> /scratch/condor/dir_5933/glide_zMjECj/execute/dir_13996/CMSSW_6_2_0_SLHC12/step2_290_1_vn5.root
-rwx------  1 cms415 gplcms    8351 Nov 19 14:52 writeCfg.py
-rw-------  1 cms415 gplcms   10293 Feb  2 20:24 x509up_u62281
>>> Modify Job Report:
CMSSW_VERSION = CMSSW_6_2_0_SLHC12
ProcessedDataset = ttbar_PU140_DIGI
/scratch/condor/dir_5933/glide_zMjECj/execute/dir_13996/ProdCommon/FwkJobRep/ModifyJobReport.py fjr /scratch/condor/dir_5933/glide_zMjECj/execute/dir_13996/crab_fjr_290.xml json /scratch/condor/dir_5933/glide_zMjECj/execute/dir_13996/resultCopyFile n_job 290_1_vn5 PrimaryDataset ttbar  ApplicationFamily cmsRun ApplicationName cmsRun cmssw_version CMSSW_6_2_0_SLHC12 psethash 3c0380cf82de79bc39966c93934c61fc UserProcessedDataset dcieri-ttbar_PU140_DIGI-3c0380cf82de79bc39966c93934c61fc
inputDict =  {u'/scratch/condor/dir_5933/glide_zMjECj/execute/dir_13996/CMSSW_6_2_0_SLHC12/step2_290_1_vn5.root': {u'endpoint': u'srm://heplnx204.pp.rl.ac.uk:8443/srm/managerv2?SFN=/pnfs/pp.rl.ac.uk/data/cms/store/user/dcieri/ttbar_PU140_DIGI/dcieri/ttbar/ttbar_PU140_DIGI/3c0380cf82de79bc39966c93934c61fc/', u'surl_for_grid': u'', u'reason': u'Copy succedeed with srm-lcg utils', u'erCode': u'0', u'PNN': u'T2_UK_SGrid_RALPP', u'se_name': u'heplnx204.pp.rl.ac.uk', u'for_lfn': u'/store/user/dcieri/ttbar_PU140_DIGI/dcieri/ttbar/ttbar_PU140_DIGI/3c0380cf82de79bc39966c93934c61fc/'}}
UserProcessedDataset =  dcieri-ttbar_PU140_DIGI-3c0380cf82de79bc39966c93934c61fc
WORKING ON EDM FILE
file_name in inputDict =  /scratch/condor/dir_5933/glide_zMjECj/execute/dir_13996/CMSSW_6_2_0_SLHC12/step2_290_1_vn5.root
(size) os.stat(filename)[6] =  249368053
checksum =  475467220
    file =  step2_290_1_vn5.root
    newPfn =  srm://heplnx204.pp.rl.ac.uk:8443/srm/managerv2?SFN=/pnfs/pp.rl.ac.uk/data/cms/store/user/dcieri/ttbar_PU140_DIGI/dcieri/ttbar/ttbar_PU140_DIGI/3c0380cf82de79bc39966c93934c61fc/step2_290_1_vn5.root
    newLfn =  /store/user/dcieri/ttbar_PU140_DIGI/dcieri/ttbar/ttbar_PU140_DIGI/3c0380cf82de79bc39966c93934c61fc/step2_290_1_vn5.root
>>> crab_fjr_*.xml  permission set to 0704
CrabWrapper EXIT_FUNC entered at Mon Feb  2 23:06:10 GMT 2015   -  Mon Feb  2 23:06:10 UTC 2015
Checking output files:  
will tar file crab_fjr_290.xml in  out_files_290
WARNING: output file CMSSW_290.stdout not found!
WARNING: output file CMSSW_290.stderr not found!
WARNING: output file Watchdog_290.log.gz not found!
>>> padding time: Wrapper lasting more than 600 seconds. No sleep required.
STOPPING WATCHDOG. CrabWatchdog PID is 16281
********** LAST 50 LINES OF WATCHDOG LOG
 Feb 02 21:25:51 GMT	16415	1163924	1695792	75	152	3615	cmsRun -j /scratch/condor/dir_5933/glide_zMjECj/execute/dir_13996/crab_fjr_290.xml -p pset.py      
 Feb 02 21:26:52 GMT	16415	1166720	1697584	75	154	3675	cmsRun -j /scratch/condor/dir_5933/glide_zMjECj/execute/dir_13996/crab_fjr_290.xml -p pset.py      
 Feb 02 21:27:52 GMT	16415	1195480	1698096	75	157	3735	cmsRun -j /scratch/condor/dir_5933/glide_zMjECj/execute/dir_13996/crab_fjr_290.xml -p pset.py      
 Feb 02 21:28:52 GMT	16415	1242184	1708592	75	160	3795	cmsRun -j /scratch/condor/dir_5933/glide_zMjECj/execute/dir_13996/crab_fjr_290.xml -p pset.py      
 Feb 02 21:30:52 GMT	16415	1308536	1733168	75	168	3916	cmsRun -j /scratch/condor/dir_5933/glide_zMjECj/execute/dir_13996/crab_fjr_290.xml -p pset.py      
 Feb 02 21:31:53 GMT	16415	1312988	1734960	75	171	3976	cmsRun -j /scratch/condor/dir_5933/glide_zMjECj/execute/dir_13996/crab_fjr_290.xml -p pset.py      
 Feb 02 21:32:53 GMT	16415	1314392	1736496	75	173	4036	cmsRun -j /scratch/condor/dir_5933/glide_zMjECj/execute/dir_13996/crab_fjr_290.xml -p pset.py      
 Feb 02 21:33:53 GMT	16415	1432168	1868040	75	181	4096	cmsRun -j /scratch/condor/dir_5933/glide_zMjECj/execute/dir_13996/crab_fjr_290.xml -p pset.py      
 Feb 02 21:34:53 GMT	---	1432168	1868040	98	----	----	----
# TIME			PID	RSS(KB)	VSZ(KB)	Dsk(MB)	tCPU(s)	tWALL(s)	COMMAND
# TIME			PID	RSS(KB)	VSZ(KB)	Dsk(MB)	tCPU(s)	tWALL(s)	COMMAND
# TIME			PID	RSS(KB)	VSZ(KB)	Dsk(MB)	tCPU(s)	tWALL(s)	COMMAND
# TIME			PID	RSS(KB)	VSZ(KB)	Dsk(MB)	tCPU(s)	tWALL(s)	COMMAND
# TIME			PID	RSS(KB)	VSZ(KB)	Dsk(MB)	tCPU(s)	tWALL(s)	COMMAND
# TIME			PID	RSS(KB)	VSZ(KB)	Dsk(MB)	tCPU(s)	tWALL(s)	COMMAND
# TIME			PID	RSS(KB)	VSZ(KB)	Dsk(MB)	tCPU(s)	tWALL(s)	COMMAND
# TIME			PID	RSS(KB)	VSZ(KB)	Dsk(MB)	tCPU(s)	tWALL(s)	COMMAND
# TIME			PID	RSS(KB)	VSZ(KB)	Dsk(MB)	tCPU(s)	tWALL(s)	COMMAND
# TIME			PID	RSS(KB)	VSZ(KB)	Dsk(MB)	tCPU(s)	tWALL(s)	COMMAND
# TIME			PID	RSS(KB)	VSZ(KB)	Dsk(MB)	tCPU(s)	tWALL(s)	COMMAND
# TIME			PID	RSS(KB)	VSZ(KB)	Dsk(MB)	tCPU(s)	tWALL(s)	COMMAND
# TIME			PID	RSS(KB)	VSZ(KB)	Dsk(MB)	tCPU(s)	tWALL(s)	COMMAND
# TIME			PID	RSS(KB)	VSZ(KB)	Dsk(MB)	tCPU(s)	tWALL(s)	COMMAND
# TIME			PID	RSS(KB)	VSZ(KB)	Dsk(MB)	tCPU(s)	tWALL(s)	COMMAND
# TIME			PID	RSS(KB)	VSZ(KB)	Dsk(MB)	tCPU(s)	tWALL(s)	COMMAND
# TIME			PID	RSS(KB)	VSZ(KB)	Dsk(MB)	tCPU(s)	tWALL(s)	COMMAND
# TIME			PID	RSS(KB)	VSZ(KB)	Dsk(MB)	tCPU(s)	tWALL(s)	COMMAND
 Feb 02 21:52:59 GMT	---	1432168	1868040	119	----	----	----
 Feb 02 22:07:03 GMT	---	1432168	1868040	141	----	----	----
 Feb 02 22:18:06 GMT	---	1432168	1868040	162	----	----	----
 Feb 02 22:29:08 GMT	---	1432168	1868040	185	----	----	----
 Feb 02 22:38:10 GMT	16415	1432168	1884424	185	507	7953	cmsRun -j /scratch/condor/dir_5933/glide_zMjECj/execute/dir_13996/crab_fjr_290.xml -p pset.py      
 Feb 02 22:39:10 GMT	16415	1432168	1889032	185	512	8013	cmsRun -j /scratch/condor/dir_5933/glide_zMjECj/execute/dir_13996/crab_fjr_290.xml -p pset.py      
 Feb 02 22:40:10 GMT	---	1432168	1889032	206	----	----	----
 Feb 02 22:46:12 GMT	16415	1432168	1896200	206	558	8435	cmsRun -j /scratch/condor/dir_5933/glide_zMjECj/execute/dir_13996/crab_fjr_290.xml -p pset.py      
 Feb 02 22:47:12 GMT	16415	1432168	1902856	206	567	8495	cmsRun -j /scratch/condor/dir_5933/glide_zMjECj/execute/dir_13996/crab_fjr_290.xml -p pset.py      
 Feb 02 22:48:12 GMT	16415	1432168	1917704	206	579	8556	cmsRun -j /scratch/condor/dir_5933/glide_zMjECj/execute/dir_13996/crab_fjr_290.xml -p pset.py      
 Feb 02 22:50:13 GMT	---	1432168	1917704	228	----	----	----
 Feb 02 22:53:13 GMT	16415	1432168	1918984	228	615	8857	cmsRun -j /scratch/condor/dir_5933/glide_zMjECj/execute/dir_13996/crab_fjr_290.xml -p pset.py      
 Feb 02 22:54:14 GMT	16415	1432168	1926664	228	621	8917	cmsRun -j /scratch/condor/dir_5933/glide_zMjECj/execute/dir_13996/crab_fjr_290.xml -p pset.py      
 Feb 02 22:55:14 GMT	16415	1432168	1931528	228	632	8977	cmsRun -j /scratch/condor/dir_5933/glide_zMjECj/execute/dir_13996/crab_fjr_290.xml -p pset.py      
 Feb 02 22:57:14 GMT	16415	1432168	1953544	228	648	9097	cmsRun -j /scratch/condor/dir_5933/glide_zMjECj/execute/dir_13996/crab_fjr_290.xml -p pset.py      
 Feb 02 22:58:14 GMT	16415	1432168	1960456	228	667	9158	cmsRun -j /scratch/condor/dir_5933/glide_zMjECj/execute/dir_13996/crab_fjr_290.xml -p pset.py      
 Feb 02 22:58:14 GMT	---	1432168	1960456	252	----	----	----
 Feb 02 22:59:15 GMT	16415	1432168	1964296	252	673	9218	cmsRun -j /scratch/condor/dir_5933/glide_zMjECj/execute/dir_13996/crab_fjr_290.xml -p pset.py      
 Feb 02 23:01:15 GMT	16415	1432168	1979912	252	690	9338	cmsRun -j /scratch/condor/dir_5933/glide_zMjECj/execute/dir_13996/crab_fjr_290.xml -p pset.py      
 Feb 02 23:03:15 GMT	16415	1481660	2002696	252	711	9459	cmsRun -j /scratch/condor/dir_5933/glide_zMjECj/execute/dir_13996/crab_fjr_290.xml -p pset.py      
 Feb 02 23:04:16 GMT	16415	1518624	2003208	252	715	9519	cmsRun -j /scratch/condor/dir_5933/glide_zMjECj/execute/dir_13996/crab_fjr_290.xml -p pset.py      
 Feb 02 23:05:16 GMT	16415	1642932	2084616	252	732	9579	cmsRun -j /scratch/condor/dir_5933/glide_zMjECj/execute/dir_13996/crab_fjr_290.xml -p pset.py      
 Feb 02 23:05:16 GMT	---	1642932	2084616	266	----	----	----
********** WATCHDOG LOG ENDED
ZIPPING WATCHDOG LOG
Disk space used:
du -sh /scratch/condor/dir_5933/glide_zMjECj/execute/dir_13996
276M	/scratch/condor/dir_5933/glide_zMjECj/execute/dir_13996
Found unusual stdout, rename for OSB
`/scratch/condor/dir_5933/glide_zMjECj/execute/dir_13996/_condor_stdout' -> `CMSSW_290.stdout'
Found unusual stderr, rename for OSB
`/scratch/condor/dir_5933/glide_zMjECj/execute/dir_13996/_condor_stdout' -> `CMSSW_290.stderr'
crab_fjr_290.xml
CMSSW_290.stdout
CMSSW_290.stderr
Watchdog_290.log.gz
Total Output dimension: 23980
WARNING: output files size limit is set to: 50000000
Total Output dimension 23980 is fine.
JOB_EXIT_STATUS = 0
>>> info for dashboard:
***** Cat /scratch/condor/dir_5933/glide_zMjECj/execute/dir_13996/jobreport.txt *****
MonitorJobID=290_https://submit-6.t2.ucsd.edu//150202//509447.289
MonitorID=dcieri_PU140_4dm08r
ExeTime=9578
ExeExitCode=0
StageOutExitStatusReason = 'Copy succedeed with srm-lcg utils'
StageOutSE = heplnx204.pp.rl.ac.uk
StageOutExitStatus = 0
CrabUserCpuTime=706.49
CrabSysCpuTime=27.63
CrabCpuPercentage=7%
CrabWrapperTime=9637
CrabStageoutTime=48
JobExitCode=0
***** End Cat jobreport *****
Parameters sent to Dashboard.
EXITING at Mon Feb  2 23:06:12 GMT 2015  -  Mon Feb  2 23:06:12 UTC 2015
