This script was generated by crab (version 2.11.1_patch1).
Running /scratch/condor/dir_31133/glide_aP8E9M/execute/dir_12565/condor_exec.exe with 2 positional parameters: 64 1
Today is Mon Feb  2 19:26:50 GMT 2015 - Mon Feb  2 19:26:50 UTC 2015
Job submitted on host heplnc069.pp.rl.ac.uk
Linux heplnc069.pp.rl.ac.uk 2.6.32-504.3.3.el6.x86_64 #1 SMP Tue Dec 16 14:29:22 CST 2014 x86_64 x86_64 x86_64 GNU/Linux
Distributor ID:	Scientific
Description:	Scientific Linux release 6.6 (Carbon)
>>> current directory (RUNTIME_AREA): /scratch/condor/dir_31133/glide_aP8E9M/execute/dir_12565
>>> current user: uid=157415(cms415) gid=157000(gplcms) groups=157000(gplcms)
>>> directory permission set to 0700
>>> umask set to:  u=rwx,g=,o=
>>> stdout stderr permission set to 0704
>>> voms proxy information:
subject   : /DC=ch/DC=cern/OU=Organic Units/OU=Users/CN=dcieri/CN=755391/CN=Davide Cieri/CN=769881070/CN=1175600446
issuer    : /DC=ch/DC=cern/OU=Organic Units/OU=Users/CN=dcieri/CN=755391/CN=Davide Cieri/CN=769881070
identity  : /DC=ch/DC=cern/OU=Organic Units/OU=Users/CN=dcieri/CN=755391/CN=Davide Cieri
type      : RFC3820 compliant limited proxy
strength  : 1024
path      : /scratch/condor/dir_31133/glide_aP8E9M/execute/dir_12565/x509up_u62281
timeleft  : 23:56:53
key usage : Digital Signature, Key Encipherment
=== VO cms extension information ===
VO        : cms
subject   : /DC=ch/DC=cern/OU=Organic Units/OU=Users/CN=dcieri/CN=755391/CN=Davide Cieri
issuer    : /DC=ch/DC=cern/OU=computers/CN=lcg-voms2.cern.ch
attribute : /cms/Role=NULL/Capability=NULL
timeleft  : 184:49:34
uri       : lcg-voms2.cern.ch:15002

WNHostName=heplnc069.pp.rl.ac.uk
$_CONDOR_JOB_AD =/scratch/condor/dir_31133/glide_aP8E9M/execute/dir_12565/.job.ad
OverflowFlag=0
>>> tar --no-same-permissions -xf /scratch/condor/dir_31133/glide_aP8E9M/execute/dir_12565/default.tgz :
Successful untar
>>> Include /scratch/condor/dir_31133/glide_aP8E9M/execute/dir_12565 in PYTHONPATH:
strip arguments
env var CRAB_UNIQUE_JOB_ID set to: dcieri_PU140_4dm08r_64_1_Jxw
out_files_64
>>> list of expected files on output sandbox
output files: crab_fjr_64.xml CMSSW_64.stdout CMSSW_64.stderr Watchdog_64.log.gz
>>> GridFlavour discovery: 
GridFlavour=LCG
>>> SyncSite discovery: 
SyncSite=T2_UK_SGrid_RALPP
>>> SyncCE discovery: 
getting SyncCE from GLIDEIN_Gaekeeper
SyncCE=heplnv147.pp.rl.ac.uk
>>> info for dashboard:
***** Cat /scratch/condor/dir_31133/glide_aP8E9M/execute/dir_12565/jobreport.txt *****
WNHostName=heplnc069.pp.rl.ac.uk
OverflowFlag=0
MonitorJobID=64_https://submit-6.t2.ucsd.edu//150202//509447.63
SyncGridJobId=https://submit-6.t2.ucsd.edu//150202//509447.63
MonitorID=dcieri_PU140_4dm08r
GridFlavour=LCG
SyncSite=T2_UK_SGrid_RALPP
SyncCE=heplnv147.pp.rl.ac.uk
***** End Cat jobreport *****
Parameters sent to Dashboard.
>>> setup environment
set SCRAM ARCH to slc6_amd64_gcc472
SCRAM_ARCH = slc6_amd64_gcc472
>>> setup CMS LCG environment:
set SCRAM ARCH and BUILD_ARCH to slc6_amd64_gcc472 ###
Sourcing environment... 
sourcing /cvmfs/cms.cern.ch/cmsset_default.sh
==> setup cms environment ok
>>> specific cmssw setup environment:
CMSSW_VERSION =  CMSSW_6_2_0_SLHC12
WARNING: In non-interactive mode release checks e.g. deprecated releases, production architectures are disabled.
>>> current directory (SOFTWARE_DIR): /scratch/condor/dir_31133/glide_aP8E9M/execute/dir_12565/CMSSW_6_2_0_SLHC12
PreserveSeeds: <>
IncrementSeeds:<>
>>> info for dashboard:
***** Cat /scratch/condor/dir_31133/glide_aP8E9M/execute/dir_12565/jobreport.txt *****
MonitorJobID=64_https://submit-6.t2.ucsd.edu//150202//509447.63
MonitorID=dcieri_PU140_4dm08r
***** End Cat jobreport *****
Parameters sent to Dashboard.
crabWatchdog started as process 24207
>>> moving CMSSW software directories in /scratch/condor/dir_31133/glide_aP8E9M/execute/dir_12565/CMSSW_6_2_0_SLHC12
mv: cannot stat `/scratch/condor/dir_31133/glide_aP8E9M/execute/dir_12565/module/': No such file or directory
>>> Include /scratch/condor/dir_31133/glide_aP8E9M/execute/dir_12565 in PYTHONPATH:
PYTHONPATH=/scratch/condor/dir_31133/glide_aP8E9M/execute/dir_12565/:/scratch/condor/dir_31133/glide_aP8E9M/execute/dir_12565/CMSSW_6_2_0_SLHC12/python:/scratch/condor/dir_31133/glide_aP8E9M/execute/dir_12565/CMSSW_6_2_0_SLHC12/lib/slc6_amd64_gcc472:/cvmfs/cms.cern.ch/slc6_amd64_gcc472/cms/cmssw/CMSSW_6_2_0_SLHC12/python:/cvmfs/cms.cern.ch/slc6_amd64_gcc472/cms/cmssw/CMSSW_6_2_0_SLHC12/lib/slc6_amd64_gcc472:/cvmfs/cms.cern.ch/slc6_amd64_gcc472/cms/coral/CORAL_2_3_21-cms35/slc6_amd64_gcc472/python:/cvmfs/cms.cern.ch/slc6_amd64_gcc472/cms/coral/CORAL_2_3_21-cms35/slc6_amd64_gcc472/lib:/cvmfs/cms.cern.ch/slc6_amd64_gcc472/external/python-ldap/2.3.5-cms5/lib/python2.7/site-packages:/cvmfs/cms.cern.ch/slc6_amd64_gcc472/external/pyqt/4.8.1-cms5/lib/python2.7/site-packages:/cvmfs/cms.cern.ch/slc6_amd64_gcc472/external/py2-scipy/0.8.0-cms7/lib/python2.7/site-packages:/cvmfs/cms.cern.ch/slc6_amd64_gcc472/external/py2-matplotlib/1.0.1-cms7/lib/python2.7/site-packages:/cvmfs/cms.cern.ch/slc6_amd64_gcc472/external/sip/4.11.2-cms5/lib/python2.7/site-packages:/cvmfs/cms.cern.ch/slc6_amd64_gcc472/external/py2-pycurl/7.19.0-cms7/lib/python2.7/site-packages:/cvmfs/cms.cern.ch/slc6_amd64_gcc472/external/py2-numpy/1.6.1-cms7/lib/python2.7/site-packages:/cvmfs/cms.cern.ch/slc6_amd64_gcc472/external/py2-lint/0.25.1-cms5/lib/python2.7/site-packages:/cvmfs/cms.cern.ch/slc6_amd64_gcc472/external/py2-ipython/0.10-cms5/lib/python2.7/site-packages:/cvmfs/cms.cern.ch/slc6_amd64_gcc472/external/py2-cx-oracle/5.1-cms5/lib/python2.7/site-packages:/cvmfs/cms.cern.ch/slc6_amd64_gcc472/external/py2-cjson/1.0.5-cms5/lib/python2.7/site-packages:/cvmfs/cms.cern.ch/slc6_amd64_gcc472/cms/das-client/1.11.7/bin:/cvmfs/cms.cern.ch/slc6_amd64_gcc472/external/elementtree/1.2.6-cms5/share/lib/python2.7/site-packages:/cvmfs/cms.cern.ch/slc6_amd64_gcc472/external/rivet/1.8.2-cms9/lib/python2.7/site-packages:/cvmfs/cms.cern.ch/slc6_amd64_gcc472/external/pyminuit2/0.0.1-cms19/lib/python2.7/site-packages:/cvmfs/cms.cern.ch/slc6_amd64_gcc472/external/py2-pygithub/1.23.0-cms2/lib/python2.7/site-packages:/cvmfs/cms.cern.ch/slc6_amd64_gcc472/external/professor/1.0.0-cms19/lib/python2.7/site-packages:/cvmfs/cms.cern.ch/slc6_amd64_gcc472/lcg/root/5.34.07-cms/lib:/cvmfs/cms.cern.ch/slc6_amd64_gcc472/cms/dbs-client/DBS_2_1_9-cms5/lib:/cvmfs/cms.cern.ch/slc6_amd64_gcc472/cms/dbs-client/DBS_2_1_9-cms5/lib/DBSAPI:/cvmfs/cms.cern.ch/slc6_amd64_gcc472/external/cvs2git/5419-cms/lib:/scratch/condor/dir_31133/glide_aP8E9M/execute/dir_12565/
 
# LIMITS USED BY CRAB WATCHDOG:
# RSS  (KBytes)   : 2300000
# VSZ  (KBytes)   : 100000000
# DISK (MBytes)   : 19000
# CPU TIME        : 720h:0m:0s
# WALL CLOCK TIME : 21h:50m:0s
 
3c0380cf82de79bc39966c93934c61fc
PSETHASH = 3c0380cf82de79bc39966c93934c61fc
/scratch/condor/dir_31133/glide_aP8E9M/execute/dir_12565/writeCfg.py pset.py pset.py
Importing .py file
Setting parameters
RandomNumberGeneratorService found, will attempt to change seeds
inputBlocks=/ttbar/dcieri-ttbar_SIM-130075366148575c102f0d64fd3ac8f7/USER#417d7dc2-08fd-4092-82c4-7ac02f79c2d9
inputFiles=/store/user/dcieri/ttbar_SIM/ttbar/ttbar_SIM/150129_145223/0000/step1_428.root
parentFiles=
lumisRange=
>>> Executable cmsRun
/cvmfs/cms.cern.ch/slc6_amd64_gcc472/cms/cmssw/CMSSW_6_2_0_SLHC12/bin/slc6_amd64_gcc472/cmsRun
ok executable found
>>> info for dashboard:
***** Cat /scratch/condor/dir_31133/glide_aP8E9M/execute/dir_12565/jobreport.txt *****
MonitorJobID=64_https://submit-6.t2.ucsd.edu//150202//509447.63
MonitorID=dcieri_PU140_4dm08r
ExeStart=cmsRun
***** End Cat jobreport *****
Parameters sent to Dashboard.
>>> cmsRun started at Mon Feb  2 19:27:02 UTC 2015
>>> cmsRun ended at Mon Feb  2 23:04:29 UTC 2015
>>> crab_fjr_*.xml  permission set to 0704
>>> info for dashboard:
***** Cat /scratch/condor/dir_31133/glide_aP8E9M/execute/dir_12565/jobreport.txt *****
MonitorJobID=64_https://submit-6.t2.ucsd.edu//150202//509447.63
MonitorID=dcieri_PU140_4dm08r
ExeEnd=cmsRun
***** End Cat jobreport *****
Parameters sent to Dashboard.
TIME_EXE = 13047 sec
>>> cmsRun wrote 232 lines of stdout+stderr
>>> START OF printout of 232 lines from stdout+stderr
271 DQMStore::DQMStore 
HcalTopologyIdealEP::HcalTopologyIdealEP
02-Feb-2015 19:27:13 GMT  Initiating request to open file root://dcap.pp.rl.ac.uk:1094/pnfs/pp.rl.ac.uk/data/cms/store/user/dcieri/ttbar_SIM/ttbar/ttbar_SIM/150129_145223/0000/step1_428.root
02-Feb-2015 19:27:15 GMT  Successfully opened file root://dcap.pp.rl.ac.uk:1094/pnfs/pp.rl.ac.uk/data/cms/store/user/dcieri/ttbar_SIM/ttbar/ttbar_SIM/150129_145223/0000/step1_428.root
02-Feb-2015 19:27:16 GMT  Initiating request to open file root://xrootd.unl.edu//store/group/dpg_trigger/comm_trigger/L1TrackTrigger/620_SLHC10/Extended2023TTI/MinBias/MinBias_TuneZ2star_GEN_SIM_1.root
02-Feb-2015 19:27:17 GMT  Successfully opened file root://xrootd.unl.edu//store/group/dpg_trigger/comm_trigger/L1TrackTrigger/620_SLHC10/Extended2023TTI/MinBias/MinBias_TuneZ2star_GEN_SIM_1.root
disableME1a = 0
HcalTopologyIdealEP::produce(const IdealGeometryRecord& iRecord)
mode = 2, maxDepthHB = 3, maxDepthHE = 5
RPCGeometryESModule :: produce
RPCGeometryESModule :: produce :: 1/4 Get Muon Ideal Geometry Record
RPCGeometryESModule :: produce :: 2/4 Get Muon DDD Constants
RPCGeometryESModule :: produce :: 3/4 Get Muon Numbering Record
in MuonNumberingInitialization::initializeMuonDDDConstants
about to make my new muonDDDConst_
in MuonNumberingInitialization::produce
RPCGeometryESModule :: produce :: 4/4 Build
Found:

	Barrel Stack layer 5 : 1008 stacks
	Barrel Stack layer 6 : 1320 stacks
	Barrel Stack layer 7 : 1836 stacks
	Barrel Stack layer 8 : 1152 stacks
	Barrel Stack layer 9 : 1488 stacks
	Barrel Stack layer 10 : 1824 stacks

	Endcap Stack disk 11 : 1360 stacks
	Endcap Stack disk 12 : 1360 stacks
	Endcap Stack disk 13 : 1360 stacks
	Endcap Stack disk 14 : 1360 stacks
	Endcap Stack disk 15 : 1360 stacks
Created 15428 stacks in 17 s

TTClusterBuilder< edm::Ref<edm::DetSetVector<PixelDigi>, PixelDigi, edm::refhelper::FindForDetSetVector<PixelDigi> > > loaded modules:
	TTClusterAlgorithm:	TTClusterAlgorithm_2d2013< edm::Ref<edm::DetSetVector<PixelDigi>, PixelDigi, edm::refhelper::FindForDetSetVector<PixelDigi> > >


TTStubBuilder< edm::Ref<edm::DetSetVector<PixelDigi>, PixelDigi, edm::refhelper::FindForDetSetVector<PixelDigi> > > loaded modules:
	TTStubAlgorithm:	TTStubAlgorithm_tab2013< edm::Ref<edm::DetSetVector<PixelDigi>, PixelDigi, edm::refhelper::FindForDetSetVector<PixelDigi> > >


TTClusterAssociator< edm::Ref<edm::DetSetVector<PixelDigi>, PixelDigi, edm::refhelper::FindForDetSetVector<PixelDigi> > > loaded.


TTStubAssociator< edm::Ref<edm::DetSetVector<PixelDigi>, PixelDigi, edm::refhelper::FindForDetSetVector<PixelDigi> > > loaded.


TTTrackAssociator< edm::Ref<edm::DetSetVector<PixelDigi>, PixelDigi, edm::refhelper::FindForDetSetVector<PixelDigi> > > loaded.

Begin processing the 1st record. Run 1, Event 4271, LumiSection 428 at 02-Feb-2015 19:27:53.093 GMT
02-Feb-2015 19:28:01 GMT  Closed file root://xrootd.unl.edu//store/group/dpg_trigger/comm_trigger/L1TrackTrigger/620_SLHC10/Extended2023TTI/MinBias/MinBias_TuneZ2star_GEN_SIM_1.root
02-Feb-2015 19:28:01 GMT  Initiating request to open file root://xrootd.unl.edu//store/group/dpg_trigger/comm_trigger/L1TrackTrigger/620_SLHC10/Extended2023TTI/MinBias/MinBias_TuneZ2star_GEN_SIM_737.root
02-Feb-2015 19:28:32 GMT  Successfully opened file root://xrootd.unl.edu//store/group/dpg_trigger/comm_trigger/L1TrackTrigger/620_SLHC10/Extended2023TTI/MinBias/MinBias_TuneZ2star_GEN_SIM_737.root
150202 19:33:13 25701 Xrd: XrdClientMessage::ReadRaw: Failed to read header (8 bytes).
150202 19:33:44 25692 Xrd: XrdClientMessage::ReadRaw: Failed to read header (8 bytes).
02-Feb-2015 19:40:24 GMT  Closed file root://xrootd.unl.edu//store/group/dpg_trigger/comm_trigger/L1TrackTrigger/620_SLHC10/Extended2023TTI/MinBias/MinBias_TuneZ2star_GEN_SIM_737.root
02-Feb-2015 19:40:24 GMT  Initiating request to open file root://xrootd.unl.edu//store/group/dpg_trigger/comm_trigger/L1TrackTrigger/620_SLHC10/Extended2023TTI/MinBias/MinBias_TuneZ2star_GEN_SIM_609.root
150202 19:41:00 19978 Xrd: CheckErrorStatus: Server [xrootd.ba.infn.it:1094] declared: session not found(error code: 3011)
02-Feb-2015 19:41:00 GMT  Successfully opened file root://xrootd.unl.edu//store/group/dpg_trigger/comm_trigger/L1TrackTrigger/620_SLHC10/Extended2023TTI/MinBias/MinBias_TuneZ2star_GEN_SIM_609.root
150202 19:45:43 30289 Xrd: XrdClientMessage::ReadRaw: Failed to read header (8 bytes).
150202 19:46:14 20488 Xrd: XrdClientMessage::ReadRaw: Failed to read header (8 bytes).
150202 19:47:43 25456 Xrd: XrdClientMessage::ReadRaw: Failed to read header (8 bytes).
150202 19:47:44 25422 Xrd: XrdClientMessage::ReadRaw: Failed to read header (8 bytes).
150202 19:48:44 25688 Xrd: XrdClientMessage::ReadRaw: Failed to read header (8 bytes).
02-Feb-2015 19:52:43 GMT  Closed file root://xrootd.unl.edu//store/group/dpg_trigger/comm_trigger/L1TrackTrigger/620_SLHC10/Extended2023TTI/MinBias/MinBias_TuneZ2star_GEN_SIM_609.root
02-Feb-2015 19:52:43 GMT  Initiating request to open file root://xrootd.unl.edu//store/group/dpg_trigger/comm_trigger/L1TrackTrigger/620_SLHC10/Extended2023TTI/MinBias/MinBias_TuneZ2star_GEN_SIM_955.root
150202 19:53:13 10779 Xrd: CheckErrorStatus: Server [cms-xrd-global.cern.ch:1094] declared: session not found(error code: 3011)
150202 19:53:13 10779 Xrd: CheckErrorStatus: Server [llrxrd-redir.in2p3.fr:1094] declared: session not found(error code: 3011)
02-Feb-2015 19:53:13 GMT  Successfully opened file root://xrootd.unl.edu//store/group/dpg_trigger/comm_trigger/L1TrackTrigger/620_SLHC10/Extended2023TTI/MinBias/MinBias_TuneZ2star_GEN_SIM_955.root
Building the geometry service
Warning did not find digi
Warning did not find digi
Warning did not find digi
Warning did not find digi
Warning did not find digi in disks
Warning did not find digi in disks
Warning did not find digi in disks
Warning did not find digi in disks
150202 19:58:13 20489 Xrd: XrdClientMessage::ReadRaw: Failed to read header (8 bytes).
150202 19:58:43 11263 Xrd: XrdClientMessage::ReadRaw: Failed to read header (8 bytes).
150202 20:01:13 20487 Xrd: XrdClientMessage::ReadRaw: Failed to read header (8 bytes).
02-Feb-2015 20:04:26 GMT  Closed file root://xrootd.unl.edu//store/group/dpg_trigger/comm_trigger/L1TrackTrigger/620_SLHC10/Extended2023TTI/MinBias/MinBias_TuneZ2star_GEN_SIM_955.root
02-Feb-2015 20:04:26 GMT  Initiating request to open file root://xrootd.unl.edu//store/group/dpg_trigger/comm_trigger/L1TrackTrigger/620_SLHC10/Extended2023TTI/MinBias/MinBias_TuneZ2star_GEN_SIM_130.root
150202 20:05:47 1497 Xrd: CheckErrorStatus: Server [llrxrd-redir.in2p3.fr:1094] declared: session not found(error code: 3011)
02-Feb-2015 20:05:47 GMT  Successfully opened file root://xrootd.unl.edu//store/group/dpg_trigger/comm_trigger/L1TrackTrigger/620_SLHC10/Extended2023TTI/MinBias/MinBias_TuneZ2star_GEN_SIM_130.root
150202 20:09:43 11264 Xrd: XrdClientMessage::ReadRaw: Failed to read header (8 bytes).
150202 20:11:13 3824 Xrd: XrdClientMessage::ReadRaw: Failed to read header (8 bytes).
02-Feb-2015 20:14:30 GMT  Closed file root://xrootd.unl.edu//store/group/dpg_trigger/comm_trigger/L1TrackTrigger/620_SLHC10/Extended2023TTI/MinBias/MinBias_TuneZ2star_GEN_SIM_130.root
02-Feb-2015 20:14:30 GMT  Initiating request to open file root://xrootd.unl.edu//store/group/dpg_trigger/comm_trigger/L1TrackTrigger/620_SLHC10/Extended2023TTI/MinBias/MinBias_TuneZ2star_GEN_SIM_48.root
150202 20:15:01 21210 Xrd: CheckErrorStatus: Server [cms-xrd-global.cern.ch:1094] declared: session not found(error code: 3011)
150202 20:15:01 21210 Xrd: CheckErrorStatus: Server [xrootd.ba.infn.it:1094] declared: session not found(error code: 3011)
02-Feb-2015 20:15:02 GMT  Successfully opened file root://xrootd.unl.edu//store/group/dpg_trigger/comm_trigger/L1TrackTrigger/620_SLHC10/Extended2023TTI/MinBias/MinBias_TuneZ2star_GEN_SIM_48.root
150202 20:19:44 3825 Xrd: XrdClientMessage::ReadRaw: Failed to read header (8 bytes).
150202 20:20:14 21732 Xrd: XrdClientMessage::ReadRaw: Failed to read header (8 bytes).
02-Feb-2015 20:25:53 GMT  Closed file root://xrootd.unl.edu//store/group/dpg_trigger/comm_trigger/L1TrackTrigger/620_SLHC10/Extended2023TTI/MinBias/MinBias_TuneZ2star_GEN_SIM_48.root
02-Feb-2015 20:25:53 GMT  Initiating request to open file root://xrootd.unl.edu//store/group/dpg_trigger/comm_trigger/L1TrackTrigger/620_SLHC10/Extended2023TTI/MinBias/MinBias_TuneZ2star_GEN_SIM_126.root
150202 20:25:54 11262 Xrd: XrdClientMessage::ReadRaw: Failed to read header (8 bytes).
150202 20:26:24 9583 Xrd: CheckErrorStatus: Server [xrootd.ba.infn.it:1094] declared: session not found(error code: 3011)
02-Feb-2015 20:26:24 GMT  Successfully opened file root://xrootd.unl.edu//store/group/dpg_trigger/comm_trigger/L1TrackTrigger/620_SLHC10/Extended2023TTI/MinBias/MinBias_TuneZ2star_GEN_SIM_126.root
150202 20:31:14 21733 Xrd: XrdClientMessage::ReadRaw: Failed to read header (8 bytes).
150202 20:31:43 10380 Xrd: XrdClientMessage::ReadRaw: Failed to read header (8 bytes).
02-Feb-2015 20:36:11 GMT  Closed file root://xrootd.unl.edu//store/group/dpg_trigger/comm_trigger/L1TrackTrigger/620_SLHC10/Extended2023TTI/MinBias/MinBias_TuneZ2star_GEN_SIM_126.root
02-Feb-2015 20:36:11 GMT  Initiating request to open file root://xrootd.unl.edu//store/group/dpg_trigger/comm_trigger/L1TrackTrigger/620_SLHC10/Extended2023TTI/MinBias/MinBias_TuneZ2star_GEN_SIM_796.root
150202 20:36:42 24421 Xrd: CheckErrorStatus: Server [xrootd-redic.pi.infn.it:1094] declared: session not found(error code: 3011)
02-Feb-2015 20:36:42 GMT  Successfully opened file root://xrootd.unl.edu//store/group/dpg_trigger/comm_trigger/L1TrackTrigger/620_SLHC10/Extended2023TTI/MinBias/MinBias_TuneZ2star_GEN_SIM_796.root
150202 20:41:14 10381 Xrd: XrdClientMessage::ReadRaw: Failed to read header (8 bytes).
150202 20:41:43 25282 Xrd: XrdClientMessage::ReadRaw: Failed to read header (8 bytes).
150202 20:46:43 21731 Xrd: XrdClientMessage::ReadRaw: Failed to read header (8 bytes).
02-Feb-2015 20:47:45 GMT  Closed file root://xrootd.unl.edu//store/group/dpg_trigger/comm_trigger/L1TrackTrigger/620_SLHC10/Extended2023TTI/MinBias/MinBias_TuneZ2star_GEN_SIM_796.root
02-Feb-2015 20:47:45 GMT  Initiating request to open file root://xrootd.unl.edu//store/group/dpg_trigger/comm_trigger/L1TrackTrigger/620_SLHC10/Extended2023TTI/MinBias/MinBias_TuneZ2star_GEN_SIM_675.root
150202 20:48:15 12467 Xrd: CheckErrorStatus: Server [cms-xrd-global.cern.ch:1094] declared: session not found(error code: 3011)
150202 20:48:15 12467 Xrd: CheckErrorStatus: Server [llrxrd-redir.in2p3.fr:1094] declared: session not found(error code: 3011)
02-Feb-2015 20:48:15 GMT  Successfully opened file root://xrootd.unl.edu//store/group/dpg_trigger/comm_trigger/L1TrackTrigger/620_SLHC10/Extended2023TTI/MinBias/MinBias_TuneZ2star_GEN_SIM_675.root
150202 20:53:13 25283 Xrd: XrdClientMessage::ReadRaw: Failed to read header (8 bytes).
150202 20:53:44 12859 Xrd: XrdClientMessage::ReadRaw: Failed to read header (8 bytes).
150202 20:56:44 25281 Xrd: XrdClientMessage::ReadRaw: Failed to read header (8 bytes).
02-Feb-2015 20:58:54 GMT  Closed file root://xrootd.unl.edu//store/group/dpg_trigger/comm_trigger/L1TrackTrigger/620_SLHC10/Extended2023TTI/MinBias/MinBias_TuneZ2star_GEN_SIM_675.root
02-Feb-2015 20:58:54 GMT  Initiating request to open file root://xrootd.unl.edu//store/group/dpg_trigger/comm_trigger/L1TrackTrigger/620_SLHC10/Extended2023TTI/MinBias/MinBias_TuneZ2star_GEN_SIM_836.root
150202 20:59:29 25881 Xrd: CheckErrorStatus: Server [llrxrd-redir.in2p3.fr:1094] declared: session not found(error code: 3011)
02-Feb-2015 20:59:29 GMT  Successfully opened file root://xrootd.unl.edu//store/group/dpg_trigger/comm_trigger/L1TrackTrigger/620_SLHC10/Extended2023TTI/MinBias/MinBias_TuneZ2star_GEN_SIM_836.root
150202 21:04:14 12860 Xrd: XrdClientMessage::ReadRaw: Failed to read header (8 bytes).
150202 21:04:44 26373 Xrd: XrdClientMessage::ReadRaw: Failed to read header (8 bytes).
02-Feb-2015 21:14:45 GMT  Closed file root://xrootd.unl.edu//store/group/dpg_trigger/comm_trigger/L1TrackTrigger/620_SLHC10/Extended2023TTI/MinBias/MinBias_TuneZ2star_GEN_SIM_836.root
02-Feb-2015 21:14:45 GMT  Initiating request to open file root://xrootd.unl.edu//store/group/dpg_trigger/comm_trigger/L1TrackTrigger/620_SLHC10/Extended2023TTI/MinBias/MinBias_TuneZ2star_GEN_SIM_368.root
150202 21:15:21 13017 Xrd: CheckErrorStatus: Server [llrxrd-redir.in2p3.fr:1094] declared: session not found(error code: 3011)
02-Feb-2015 21:15:22 GMT  Successfully opened file root://xrootd.unl.edu//store/group/dpg_trigger/comm_trigger/L1TrackTrigger/620_SLHC10/Extended2023TTI/MinBias/MinBias_TuneZ2star_GEN_SIM_368.root
150202 21:20:14 26374 Xrd: XrdClientMessage::ReadRaw: Failed to read header (8 bytes).
150202 21:20:44 13753 Xrd: XrdClientMessage::ReadRaw: Failed to read header (8 bytes).
02-Feb-2015 21:26:37 GMT  Closed file root://xrootd.unl.edu//store/group/dpg_trigger/comm_trigger/L1TrackTrigger/620_SLHC10/Extended2023TTI/MinBias/MinBias_TuneZ2star_GEN_SIM_368.root
02-Feb-2015 21:26:37 GMT  Initiating request to open file root://xrootd.unl.edu//store/group/dpg_trigger/comm_trigger/L1TrackTrigger/620_SLHC10/Extended2023TTI/MinBias/MinBias_TuneZ2star_GEN_SIM_104.root
150202 21:27:08 27500 Xrd: CheckErrorStatus: Server [cms-xrd-global.cern.ch:1094] declared: session not found(error code: 3011)
150202 21:27:08 27500 Xrd: CheckErrorStatus: Server [xrootd.ba.infn.it:1094] declared: session not found(error code: 3011)
02-Feb-2015 21:27:08 GMT  Successfully opened file root://xrootd.unl.edu//store/group/dpg_trigger/comm_trigger/L1TrackTrigger/620_SLHC10/Extended2023TTI/MinBias/MinBias_TuneZ2star_GEN_SIM_104.root
150202 21:31:43 13754 Xrd: XrdClientMessage::ReadRaw: Failed to read header (8 bytes).
150202 21:32:14 28563 Xrd: XrdClientMessage::ReadRaw: Failed to read header (8 bytes).
150202 21:35:44 12858 Xrd: XrdClientMessage::ReadRaw: Failed to read header (8 bytes).
02-Feb-2015 21:37:14 GMT  Closed file root://xrootd.unl.edu//store/group/dpg_trigger/comm_trigger/L1TrackTrigger/620_SLHC10/Extended2023TTI/MinBias/MinBias_TuneZ2star_GEN_SIM_104.root
02-Feb-2015 21:37:14 GMT  Initiating request to open file root://xrootd.unl.edu//store/group/dpg_trigger/comm_trigger/L1TrackTrigger/620_SLHC10/Extended2023TTI/MinBias/MinBias_TuneZ2star_GEN_SIM_60.root
150202 21:37:45 9822 Xrd: CheckErrorStatus: Server [xrootd.ba.infn.it:1094] declared: session not found(error code: 3011)
02-Feb-2015 21:37:46 GMT  Successfully opened file root://xrootd.unl.edu//store/group/dpg_trigger/comm_trigger/L1TrackTrigger/620_SLHC10/Extended2023TTI/MinBias/MinBias_TuneZ2star_GEN_SIM_60.root
150202 21:42:43 28564 Xrd: XrdClientMessage::ReadRaw: Failed to read header (8 bytes).
150202 21:43:13 10216 Xrd: XrdClientMessage::ReadRaw: Failed to read header (8 bytes).
02-Feb-2015 21:52:49 GMT  Closed file root://xrootd.unl.edu//store/group/dpg_trigger/comm_trigger/L1TrackTrigger/620_SLHC10/Extended2023TTI/MinBias/MinBias_TuneZ2star_GEN_SIM_60.root
02-Feb-2015 21:52:49 GMT  Initiating request to open file root://xrootd.unl.edu//store/group/dpg_trigger/comm_trigger/L1TrackTrigger/620_SLHC10/Extended2023TTI/MinBias/MinBias_TuneZ2star_GEN_SIM_225.root
150202 21:53:03 29605 Xrd: CheckErrorStatus: Server [cms-xrd-global.cern.ch:1094] declared: session not found(error code: 3011)
150202 21:53:03 29605 Xrd: CheckErrorStatus: Server [llrxrd-redir.in2p3.fr:1094] declared: session not found(error code: 3011)
02-Feb-2015 21:53:04 GMT  Successfully opened file root://xrootd.unl.edu//store/group/dpg_trigger/comm_trigger/L1TrackTrigger/620_SLHC10/Extended2023TTI/MinBias/MinBias_TuneZ2star_GEN_SIM_225.root
150202 21:58:13 10217 Xrd: XrdClientMessage::ReadRaw: Failed to read header (8 bytes).
150202 21:58:13 29994 Xrd: XrdClientMessage::ReadRaw: Failed to read header (8 bytes).
150202 21:58:13 28562 Xrd: XrdClientMessage::ReadRaw: Failed to read header (8 bytes).
02-Feb-2015 22:05:23 GMT  Closed file root://xrootd.unl.edu//store/group/dpg_trigger/comm_trigger/L1TrackTrigger/620_SLHC10/Extended2023TTI/MinBias/MinBias_TuneZ2star_GEN_SIM_225.root
02-Feb-2015 22:05:23 GMT  Initiating request to open file root://xrootd.unl.edu//store/group/dpg_trigger/comm_trigger/L1TrackTrigger/620_SLHC10/Extended2023TTI/MinBias/MinBias_TuneZ2star_GEN_SIM_166.root
150202 22:08:30 20544 Xrd: CheckErrorStatus: Server [cms-xrd-global.cern.ch:1094] declared: session not found(error code: 3011)
150202 22:08:30 20544 Xrd: CheckErrorStatus: Server [xrootd-redic.pi.infn.it:1094] declared: session not found(error code: 3011)
02-Feb-2015 22:08:30 GMT  Successfully opened file root://xrootd.unl.edu//store/group/dpg_trigger/comm_trigger/L1TrackTrigger/620_SLHC10/Extended2023TTI/MinBias/MinBias_TuneZ2star_GEN_SIM_166.root
150202 22:10:43 29995 Xrd: XrdClientMessage::ReadRaw: Failed to read header (8 bytes).
02-Feb-2015 22:12:15 GMT  Closed file root://xrootd.unl.edu//store/group/dpg_trigger/comm_trigger/L1TrackTrigger/620_SLHC10/Extended2023TTI/MinBias/MinBias_TuneZ2star_GEN_SIM_166.root
02-Feb-2015 22:12:15 GMT  Initiating request to open file root://xrootd.unl.edu//store/group/dpg_trigger/comm_trigger/L1TrackTrigger/620_SLHC10/Extended2023TTI/MinBias/MinBias_TuneZ2star_GEN_SIM_631.root
150202 22:12:46 27910 Xrd: CheckErrorStatus: Server [cms-xrd-global.cern.ch:1094] declared: session not found(error code: 3011)
02-Feb-2015 22:12:47 GMT  Successfully opened file root://xrootd.unl.edu//store/group/dpg_trigger/comm_trigger/L1TrackTrigger/620_SLHC10/Extended2023TTI/MinBias/MinBias_TuneZ2star_GEN_SIM_631.root
150202 22:13:14 29993 Xrd: XrdClientMessage::ReadRaw: Failed to read header (8 bytes).
150202 22:17:44 23913 Xrd: XrdClientMessage::ReadRaw: Failed to read header (8 bytes).
150202 22:18:13 23911 Xrd: XrdClientMessage::ReadRaw: Failed to read header (8 bytes).
02-Feb-2015 22:18:59 GMT  Closed file root://xrootd.unl.edu//store/group/dpg_trigger/comm_trigger/L1TrackTrigger/620_SLHC10/Extended2023TTI/MinBias/MinBias_TuneZ2star_GEN_SIM_631.root
02-Feb-2015 22:18:59 GMT  Initiating request to open file root://xrootd.unl.edu//store/group/dpg_trigger/comm_trigger/L1TrackTrigger/620_SLHC10/Extended2023TTI/MinBias/MinBias_TuneZ2star_GEN_SIM_270.root
150202 22:24:13 28269 Xrd: XrdClientMessage::ReadRaw: Failed to read header (8 bytes).
150202 22:24:52 2585 Xrd: CheckErrorStatus: Server [xrootd.ba.infn.it:1094] declared: session not found(error code: 3011)
02-Feb-2015 22:24:52 GMT  Successfully opened file root://xrootd.unl.edu//store/group/dpg_trigger/comm_trigger/L1TrackTrigger/620_SLHC10/Extended2023TTI/MinBias/MinBias_TuneZ2star_GEN_SIM_270.root
150202 22:28:43 23910 Xrd: XrdClientMessage::ReadRaw: Failed to read header (8 bytes).
150202 22:30:14 14853 Xrd: XrdClientMessage::ReadRaw: Failed to read header (8 bytes).
02-Feb-2015 22:30:26 GMT  Closed file root://xrootd.unl.edu//store/group/dpg_trigger/comm_trigger/L1TrackTrigger/620_SLHC10/Extended2023TTI/MinBias/MinBias_TuneZ2star_GEN_SIM_270.root
02-Feb-2015 22:30:26 GMT  Initiating request to open file root://xrootd.unl.edu//store/group/dpg_trigger/comm_trigger/L1TrackTrigger/620_SLHC10/Extended2023TTI/MinBias/MinBias_TuneZ2star_GEN_SIM_345.root
150202 22:30:57 21099 Xrd: CheckErrorStatus: Server [cms-xrd-global.cern.ch:1094] declared: session not found(error code: 3011)
150202 22:30:57 21099 Xrd: CheckErrorStatus: Server [llrxrd-redir.in2p3.fr:1094] declared: session not found(error code: 3011)
02-Feb-2015 22:30:58 GMT  Successfully opened file root://xrootd.unl.edu//store/group/dpg_trigger/comm_trigger/L1TrackTrigger/620_SLHC10/Extended2023TTI/MinBias/MinBias_TuneZ2star_GEN_SIM_345.root
02-Feb-2015 22:35:15 GMT  Closed file root://xrootd.unl.edu//store/group/dpg_trigger/comm_trigger/L1TrackTrigger/620_SLHC10/Extended2023TTI/MinBias/MinBias_TuneZ2star_GEN_SIM_345.root
02-Feb-2015 22:35:15 GMT  Initiating request to open file root://xrootd.unl.edu//store/group/dpg_trigger/comm_trigger/L1TrackTrigger/620_SLHC10/Extended2023TTI/MinBias/MinBias_TuneZ2star_GEN_SIM_280.root
150202 22:35:44 14854 Xrd: XrdClientMessage::ReadRaw: Failed to read header (8 bytes).
02-Feb-2015 22:35:46 GMT  Successfully opened file root://xrootd.unl.edu//store/group/dpg_trigger/comm_trigger/L1TrackTrigger/620_SLHC10/Extended2023TTI/MinBias/MinBias_TuneZ2star_GEN_SIM_280.root
150202 22:40:43 21389 Xrd: XrdClientMessage::ReadRaw: Failed to read header (8 bytes).
150202 22:41:13 21357 Xrd: XrdClientMessage::ReadRaw: Failed to read header (8 bytes).
02-Feb-2015 22:43:33 GMT  Closed file root://xrootd.unl.edu//store/group/dpg_trigger/comm_trigger/L1TrackTrigger/620_SLHC10/Extended2023TTI/MinBias/MinBias_TuneZ2star_GEN_SIM_280.root
02-Feb-2015 22:43:33 GMT  Initiating request to open file root://xrootd.unl.edu//store/group/dpg_trigger/comm_trigger/L1TrackTrigger/620_SLHC10/Extended2023TTI/MinBias/MinBias_TuneZ2star_GEN_SIM_10.root
150202 22:44:04 13399 Xrd: CheckErrorStatus: Server [cms-xrd-global.cern.ch:1094] declared: session not found(error code: 3011)
150202 22:44:04 13399 Xrd: CheckErrorStatus: Server [xrootd-redic.pi.infn.it:1094] declared: session not found(error code: 3011)
02-Feb-2015 22:44:04 GMT  Successfully opened file root://xrootd.unl.edu//store/group/dpg_trigger/comm_trigger/L1TrackTrigger/620_SLHC10/Extended2023TTI/MinBias/MinBias_TuneZ2star_GEN_SIM_10.root
150202 22:48:44 6151 Xrd: XrdClientMessage::ReadRaw: Failed to read header (8 bytes).
150202 22:49:14 13676 Xrd: XrdClientMessage::ReadRaw: Failed to read header (8 bytes).
02-Feb-2015 22:50:11 GMT  Closed file root://xrootd.unl.edu//store/group/dpg_trigger/comm_trigger/L1TrackTrigger/620_SLHC10/Extended2023TTI/MinBias/MinBias_TuneZ2star_GEN_SIM_10.root
02-Feb-2015 22:50:11 GMT  Initiating request to open file root://xrootd.unl.edu//store/group/dpg_trigger/comm_trigger/L1TrackTrigger/620_SLHC10/Extended2023TTI/MinBias/MinBias_TuneZ2star_GEN_SIM_586.root
150202 22:50:11 18673 Xrd: CheckErrorStatus: Server [xrootd.ba.infn.it:1094] declared: session not found(error code: 3011)
02-Feb-2015 22:50:11 GMT  Successfully opened file root://xrootd.unl.edu//store/group/dpg_trigger/comm_trigger/L1TrackTrigger/620_SLHC10/Extended2023TTI/MinBias/MinBias_TuneZ2star_GEN_SIM_586.root
150202 22:51:13 21356 Xrd: XrdClientMessage::ReadRaw: Failed to read header (8 bytes).
02-Feb-2015 22:53:14 GMT  Closed file root://xrootd.unl.edu//store/group/dpg_trigger/comm_trigger/L1TrackTrigger/620_SLHC10/Extended2023TTI/MinBias/MinBias_TuneZ2star_GEN_SIM_586.root
02-Feb-2015 22:53:14 GMT  Initiating request to open file root://xrootd.unl.edu//store/group/dpg_trigger/comm_trigger/L1TrackTrigger/620_SLHC10/Extended2023TTI/MinBias/MinBias_TuneZ2star_GEN_SIM_289.root
150202 22:53:45 21014 Xrd: CheckErrorStatus: Server [cms-xrd-global.cern.ch:1094] declared: session not found(error code: 3011)
02-Feb-2015 22:53:45 GMT  Successfully opened file root://xrootd.unl.edu//store/group/dpg_trigger/comm_trigger/L1TrackTrigger/620_SLHC10/Extended2023TTI/MinBias/MinBias_TuneZ2star_GEN_SIM_289.root
150202 22:55:14 13677 Xrd: XrdClientMessage::ReadRaw: Failed to read header (8 bytes).
02-Feb-2015 22:57:10 GMT  Closed file root://xrootd.unl.edu//store/group/dpg_trigger/comm_trigger/L1TrackTrigger/620_SLHC10/Extended2023TTI/MinBias/MinBias_TuneZ2star_GEN_SIM_289.root
02-Feb-2015 22:57:10 GMT  Initiating request to open file root://xrootd.unl.edu//store/group/dpg_trigger/comm_trigger/L1TrackTrigger/620_SLHC10/Extended2023TTI/MinBias/MinBias_TuneZ2star_GEN_SIM_947.root
02-Feb-2015 22:57:41 GMT  Successfully opened file root://xrootd.unl.edu//store/group/dpg_trigger/comm_trigger/L1TrackTrigger/620_SLHC10/Extended2023TTI/MinBias/MinBias_TuneZ2star_GEN_SIM_947.root
150202 22:58:44 18675 Xrd: XrdClientMessage::ReadRaw: Failed to read header (8 bytes).
02-Feb-2015 23:01:59 GMT  Closed file root://xrootd.unl.edu//store/group/dpg_trigger/comm_trigger/L1TrackTrigger/620_SLHC10/Extended2023TTI/MinBias/MinBias_TuneZ2star_GEN_SIM_947.root
02-Feb-2015 23:01:59 GMT  Initiating request to open file root://xrootd.unl.edu//store/group/dpg_trigger/comm_trigger/L1TrackTrigger/620_SLHC10/Extended2023TTI/MinBias/MinBias_TuneZ2star_GEN_SIM_669.root
150202 23:02:14 21815 Xrd: XrdClientMessage::ReadRaw: Failed to read header (8 bytes).
02-Feb-2015 23:02:30 GMT  Successfully opened file root://xrootd.unl.edu//store/group/dpg_trigger/comm_trigger/L1TrackTrigger/620_SLHC10/Extended2023TTI/MinBias/MinBias_TuneZ2star_GEN_SIM_669.root
02-Feb-2015 23:04:27 GMT  Closed file root://dcap.pp.rl.ac.uk:1094/pnfs/pp.rl.ac.uk/data/cms/store/user/dcieri/ttbar_SIM/ttbar/ttbar_SIM/150129_145223/0000/step1_428.root
02-Feb-2015 23:04:28 GMT  Closed file root://xrootd.unl.edu//store/group/dpg_trigger/comm_trigger/L1TrackTrigger/620_SLHC10/Extended2023TTI/MinBias/MinBias_TuneZ2star_GEN_SIM_669.root

=============================================

MessageLogger Summary

 type     category        sev    module        subroutine        count    total
 ---- -------------------- -- ---------------- ----------------  -----    -----
    1 fileAction           -s MixingModule:mix                      69       69
    2 fileAction           -s MixingModule:mix                       2        2
    3 fileAction           -s MixingModule:mix                       1        1
    4 fileAction           -s file_close                             1        1
    5 fileAction           -s file_open                              2        2

 type    category    Examples: run/evt        run/evt          run/evt
 ---- -------------------- ---------------- ---------------- ----------------
    1 fileAction           1/4271           1/4271           1/4280
    2 fileAction           pre-events       pre-events       
    3 fileAction           PostEndRun                        
    4 fileAction           PostEndRun                        
    5 fileAction           pre-events       pre-events       

Severity    # Occurrences   Total Occurrences
--------    -------------   -----------------
System                 75                  75
>>> END OF printout of 232 lines from stdout+stderr
>>> Parse FrameworkJobReport crab_fjr.xml
Result of parsing the FrameworkJobReport crab_fjr.xml: 
Extracted ExitStatus from FrameworkJobReport parsing output: 0
>>> Executable succeded  0
ExeExitCode=0
EXECUTABLE_EXIT_STATUS = 0
>>> current directory /scratch/condor/dir_31133/glide_aP8E9M/execute/dir_12565/CMSSW_6_2_0_SLHC12
>>>  (SOFTWARE_DIR): /scratch/condor/dir_31133/glide_aP8E9M/execute/dir_12565/CMSSW_6_2_0_SLHC12
>>> (WORKING_DIR): 
>>> current directory content:
total 241236
drwxr-xr-x 3 cms415 gplcms      4096 Feb  2 19:26 .SCRAM
-rw------- 1 cms415 gplcms    915837 Feb  2 19:26 CMSSW.py.pkl
drwxr-xr-x 3 cms415 gplcms      4096 Feb  2 19:26 bin
drwxr-xr-x 3 cms415 gplcms      4096 Feb  2 19:26 cfipython
drwxr-xr-x 4 cms415 gplcms      4096 Apr 28  2014 config
-rw------- 1 cms415 gplcms        16 Feb  2 23:04 cpu_timing.txt
drwxr-xr-x 2 cms415 gplcms      4096 Feb  2 19:26 doc
-rw------- 1 cms415 gplcms     26008 Feb  2 23:04 executable.out
drwxr-xr-x 2 cms415 gplcms      4096 Feb  2 19:26 include
drwx------ 3 cms415 gplcms      4096 Oct  7 10:12 lib
drwxr-xr-x 3 cms415 gplcms      4096 Feb  2 19:26 logs
drwxr-xr-x 3 cms415 gplcms      4096 Feb  2 19:26 objs
-rw------- 1 cms415 gplcms       104 Feb  2 19:26 pset.py
-rw------- 1 cms415 gplcms    926821 Feb  2 19:26 pset.py.pkl
-rw------- 1 cms415 gplcms       289 Feb  2 19:26 pset.pyc
drwxr-xr-x 2 cms415 gplcms      4096 Feb  2 19:26 python
-rw------- 1 cms415 gplcms       353 Feb  2 23:04 report.log
drwxr-xr-x 2 cms415 gplcms      4096 Feb  2 19:26 src
-rw------- 1 cms415 gplcms 244822795 Feb  2 23:04 step2.root
drwxr-xr-x 3 cms415 gplcms      4096 Feb  2 19:26 test
drwxr-xr-x 3 cms415 gplcms      4096 Feb  2 19:26 tmp
>>> current directory /scratch/condor/dir_31133/glide_aP8E9M/execute/dir_12565/CMSSW_6_2_0_SLHC12
>>> (SOFTWARE_DIR): /scratch/condor/dir_31133/glide_aP8E9M/execute/dir_12565/CMSSW_6_2_0_SLHC12
>>> (WORKING_DIR): 
>>> current directory content:
total 241236
drwxr-xr-x 3 cms415 gplcms      4096 Feb  2 19:26 .SCRAM
-rw------- 1 cms415 gplcms    915837 Feb  2 19:26 CMSSW.py.pkl
drwxr-xr-x 3 cms415 gplcms      4096 Feb  2 19:26 bin
drwxr-xr-x 3 cms415 gplcms      4096 Feb  2 19:26 cfipython
drwxr-xr-x 4 cms415 gplcms      4096 Apr 28  2014 config
-rw------- 1 cms415 gplcms        16 Feb  2 23:04 cpu_timing.txt
drwxr-xr-x 2 cms415 gplcms      4096 Feb  2 19:26 doc
-rw------- 1 cms415 gplcms     26008 Feb  2 23:04 executable.out
drwxr-xr-x 2 cms415 gplcms      4096 Feb  2 19:26 include
drwx------ 3 cms415 gplcms      4096 Oct  7 10:12 lib
drwxr-xr-x 3 cms415 gplcms      4096 Feb  2 19:26 logs
drwxr-xr-x 3 cms415 gplcms      4096 Feb  2 19:26 objs
-rw------- 1 cms415 gplcms       104 Feb  2 19:26 pset.py
-rw------- 1 cms415 gplcms    926821 Feb  2 19:26 pset.py.pkl
-rw------- 1 cms415 gplcms       289 Feb  2 19:26 pset.pyc
drwxr-xr-x 2 cms415 gplcms      4096 Feb  2 19:26 python
-rw------- 1 cms415 gplcms       353 Feb  2 23:04 report.log
drwxr-xr-x 2 cms415 gplcms      4096 Feb  2 19:26 src
-rw------- 1 cms415 gplcms 244822795 Feb  2 23:04 step2_64_1_Jxw.root
drwxr-xr-x 3 cms415 gplcms      4096 Feb  2 19:26 test
drwxr-xr-x 3 cms415 gplcms      4096 Feb  2 19:26 tmp
>>> current directory (RUNTIME_AREA):  /scratch/condor/dir_31133/glide_aP8E9M/execute/dir_12565
PNN = T2_UK_SGrid_RALPP
SE = heplnx204.pp.rl.ac.uk
SE_PATH = /srm/managerv2?SFN=/pnfs/pp.rl.ac.uk/data/cms/store/user/dcieri/ttbar_PU140_DIGI/dcieri/ttbar/ttbar_PU140_DIGI/3c0380cf82de79bc39966c93934c61fc/
LFNBaseName = /store/user/dcieri/ttbar_PU140_DIGI/dcieri/ttbar/ttbar_PU140_DIGI/3c0380cf82de79bc39966c93934c61fc/
USER = dcieri
endpoint = srm://heplnx204.pp.rl.ac.uk:8443/srm/managerv2?SFN=/pnfs/pp.rl.ac.uk/data/cms/store/user/dcieri/ttbar_PU140_DIGI/dcieri/ttbar/ttbar_PU140_DIGI/3c0380cf82de79bc39966c93934c61fc/
>>> Copy output files from WN = heplnc069.pp.rl.ac.uk to /srm/managerv2?SFN=/pnfs/pp.rl.ac.uk/data/cms/store/user/dcieri/ttbar_PU140_DIGI/dcieri/ttbar/ttbar_PU140_DIGI/3c0380cf82de79bc39966c93934c61fc/ :
python cmscp.py  --destination srm://heplnx204.pp.rl.ac.uk:8443/srm/managerv2?SFN=/pnfs/pp.rl.ac.uk/data/cms/store/user/dcieri/ttbar_PU140_DIGI/dcieri/ttbar/ttbar_PU140_DIGI/3c0380cf82de79bc39966c93934c61fc/ --inputFileList /scratch/condor/dir_31133/glide_aP8E9M/execute/dir_12565/CMSSW_6_2_0_SLHC12/step2_64_1_Jxw.root --middleware LCG --PNN T2_UK_SGrid_RALPP --se_name heplnx204.pp.rl.ac.uk --for_lfn /store/user/dcieri/ttbar_PU140_DIGI/dcieri/ttbar/ttbar_PU140_DIGI/3c0380cf82de79bc39966c93934c61fc/    
******************************************************
localSeName  =  heplnx204.pp.rl.ac.uk
remoteSeName =  heplnx204.pp.rl.ac.uk
******************************************************
{"/scratch/condor/dir_31133/glide_aP8E9M/execute/dir_12565/CMSSW_6_2_0_SLHC12/step2_64_1_Jxw.root": {"endpoint": "srm://heplnx204.pp.rl.ac.uk:8443/srm/managerv2?SFN=/pnfs/pp.rl.ac.uk/data/cms/store/user/dcieri/ttbar_PU140_DIGI/dcieri/ttbar/ttbar_PU140_DIGI/3c0380cf82de79bc39966c93934c61fc/", "surl_for_grid": "", "reason": "Copy succedeed with srm-lcg utils", "erCode": "0", "PNN": "T2_UK_SGrid_RALPP", "se_name": "heplnx204.pp.rl.ac.uk", "for_lfn": "/store/user/dcieri/ttbar_PU140_DIGI/dcieri/ttbar/ttbar_PU140_DIGI/3c0380cf82de79bc39966c93934c61fc/"}}/scratch/condor/dir_31133/glide_aP8E9M/execute/dir_12565
-------- cat /scratch/condor/dir_31133/glide_aP8E9M/execute/dir_12565/cmscpReport.sh 
#!/bin/bash
echo "Report for File: /scratch/condor/dir_31133/glide_aP8E9M/execute/dir_12565/CMSSW_6_2_0_SLHC12/step2_64_1_Jxw.root"
echo "LFN: /store/user/dcieri/ttbar_PU140_DIGI/dcieri/ttbar/ttbar_PU140_DIGI/3c0380cf82de79bc39966c93934c61fc/step2_64_1_Jxw.root"
echo "StorageElement: heplnx204.pp.rl.ac.uk"
echo "StageOutExitStatusReason = 'Copy succedeed with srm-lcg utils'" | tee -a $RUNTIME_AREA/$repo
echo "StageOutSE = heplnx204.pp.rl.ac.uk" >> $RUNTIME_AREA/$repo

export StageOutExitStatus=0
echo "StageOutExitStatus = 0" | tee -a $RUNTIME_AREA/$repo
-------- end of /scratch/condor/dir_31133/glide_aP8E9M/execute/dir_12565/cmscpReport.sh 
Report for File: /scratch/condor/dir_31133/glide_aP8E9M/execute/dir_12565/CMSSW_6_2_0_SLHC12/step2_64_1_Jxw.root
LFN: /store/user/dcieri/ttbar_PU140_DIGI/dcieri/ttbar/ttbar_PU140_DIGI/3c0380cf82de79bc39966c93934c61fc/step2_64_1_Jxw.root
StorageElement: heplnx204.pp.rl.ac.uk
StageOutExitStatusReason = 'Copy succedeed with srm-lcg utils'
StageOutExitStatus = 0
>>> current dir: /scratch/condor/dir_31133/glide_aP8E9M/execute/dir_12565
>>> current dir content:
total 8824
-rw-------  1 cms415 gplcms    3111 Feb  2 23:05 .SEinteraction.log
-rwx------  1 cms415 gplcms      52 Feb  2 19:24 .chirp_config
-rwx------  1 cms415 gplcms    7811 Feb  2 19:24 .job.ad
-rwx------  1 cms415 gplcms    9777 Feb  2 19:24 .machine.ad
-rw-------  1 cms415 gplcms     105 Feb  2 12:16 CMSSW.py
-rw-------  1 cms415 gplcms  915837 Feb  2 12:16 CMSSW.py.pkl
-rwx------  1 cms415 gplcms   29498 Feb  2 19:26 CMSSW.sh
drwxr-xr-x 15 cms415 gplcms    4096 Feb  2 23:04 CMSSW_6_2_0_SLHC12
-rw-------  1 cms415 gplcms     190 Feb  2 19:26 CacheEnv.sh
-rw-------  1 cms415 gplcms    7291 Nov 19 14:52 DashboardAPI.py
-rw-------  1 cms415 gplcms    6470 Feb  2 19:26 DashboardAPI.pyc
drwx------  2 cms415 gplcms    4096 Feb  2 23:04 IMProv
-rw-------  1 cms415 gplcms    2748 Nov 19 14:52 Logger.py
-rw-------  1 cms415 gplcms    3232 Feb  2 19:26 Logger.pyc
-rw-------  1 cms415 gplcms   24524 Nov 19 14:52 ProcInfo.py
-rw-------  1 cms415 gplcms   22645 Feb  2 19:26 ProcInfo.pyc
drwx------  7 cms415 gplcms    4096 Feb  2 19:26 ProdCommon
drwx------  3 cms415 gplcms    4096 Feb  2 19:26 WMCore
-rw-------  1 cms415 gplcms   10480 Feb  2 23:04 Watchdog_64.log
-rwx------  1 cms415 gplcms       0 Feb  2 19:26 _condor_stderr
-rwx---r--  1 cms415 gplcms   40761 Feb  2 23:05 _condor_stdout
-rw-------  1 cms415 gplcms   32895 Nov 19 14:52 apmon.py
-rw-------  1 cms415 gplcms   27958 Feb  2 19:26 apmon.pyc
-rwx------  1 cms415 gplcms  134309 Feb  2 19:26 arguments.xml
-rwx------  1 cms415 gplcms   38581 Nov 19 14:52 cmscp.py
-rw-------  1 cms415 gplcms     560 Feb  2 23:05 cmscpReport.sh
-rwx------  1 cms415 gplcms   29498 Feb  2 19:26 condor_exec.exe
-rw-------  1 cms415 gplcms     544 Feb  2 12:16 crab.cfg
-rwx------  1 cms415 gplcms    8610 Nov 19 14:52 crabWatchdog.sh
-rwx---r--  1 cms415 gplcms  112100 Feb  2 23:04 crab_fjr_64.xml
-rwx------  1 cms415 gplcms 7390485 Feb  2 19:26 default.tgz
-rwx------  1 cms415 gplcms    4488 Nov 19 14:52 fillCrabFjr.py
-rw-------  1 cms415 gplcms     226 Feb  2 19:26 inputsReport.txt
-rw-------  1 cms415 gplcms     243 Feb  2 23:05 jobreport.txt
-rw-------  1 cms415 gplcms   17352 Nov 19 14:52 parseCrabFjr.py
-rw-------  1 cms415 gplcms     321 Feb  2 19:26 report.log
-rwx--x--x  1 cms415 gplcms    1497 Nov 19 14:52 report.py
-rw-------  1 cms415 gplcms     554 Feb  2 23:05 resultCopyFile
lrwxrwxrwx  1 cms415 gplcms      95 Feb  2 23:04 step2.root -> /scratch/condor/dir_31133/glide_aP8E9M/execute/dir_12565/CMSSW_6_2_0_SLHC12/step2_64_1_Jxw.root
-rwx------  1 cms415 gplcms    8351 Nov 19 14:52 writeCfg.py
-rw-------  1 cms415 gplcms   10293 Feb  2 19:24 x509up_u62281
>>> Modify Job Report:
CMSSW_VERSION = CMSSW_6_2_0_SLHC12
ProcessedDataset = ttbar_PU140_DIGI
/scratch/condor/dir_31133/glide_aP8E9M/execute/dir_12565/ProdCommon/FwkJobRep/ModifyJobReport.py fjr /scratch/condor/dir_31133/glide_aP8E9M/execute/dir_12565/crab_fjr_64.xml json /scratch/condor/dir_31133/glide_aP8E9M/execute/dir_12565/resultCopyFile n_job 64_1_Jxw PrimaryDataset ttbar  ApplicationFamily cmsRun ApplicationName cmsRun cmssw_version CMSSW_6_2_0_SLHC12 psethash 3c0380cf82de79bc39966c93934c61fc UserProcessedDataset dcieri-ttbar_PU140_DIGI-3c0380cf82de79bc39966c93934c61fc
inputDict =  {u'/scratch/condor/dir_31133/glide_aP8E9M/execute/dir_12565/CMSSW_6_2_0_SLHC12/step2_64_1_Jxw.root': {u'endpoint': u'srm://heplnx204.pp.rl.ac.uk:8443/srm/managerv2?SFN=/pnfs/pp.rl.ac.uk/data/cms/store/user/dcieri/ttbar_PU140_DIGI/dcieri/ttbar/ttbar_PU140_DIGI/3c0380cf82de79bc39966c93934c61fc/', u'surl_for_grid': u'', u'reason': u'Copy succedeed with srm-lcg utils', u'erCode': u'0', u'PNN': u'T2_UK_SGrid_RALPP', u'se_name': u'heplnx204.pp.rl.ac.uk', u'for_lfn': u'/store/user/dcieri/ttbar_PU140_DIGI/dcieri/ttbar/ttbar_PU140_DIGI/3c0380cf82de79bc39966c93934c61fc/'}}
UserProcessedDataset =  dcieri-ttbar_PU140_DIGI-3c0380cf82de79bc39966c93934c61fc
WORKING ON EDM FILE
file_name in inputDict =  /scratch/condor/dir_31133/glide_aP8E9M/execute/dir_12565/CMSSW_6_2_0_SLHC12/step2_64_1_Jxw.root
(size) os.stat(filename)[6] =  244822795
checksum =  1769130666
    file =  step2_64_1_Jxw.root
    newPfn =  srm://heplnx204.pp.rl.ac.uk:8443/srm/managerv2?SFN=/pnfs/pp.rl.ac.uk/data/cms/store/user/dcieri/ttbar_PU140_DIGI/dcieri/ttbar/ttbar_PU140_DIGI/3c0380cf82de79bc39966c93934c61fc/step2_64_1_Jxw.root
    newLfn =  /store/user/dcieri/ttbar_PU140_DIGI/dcieri/ttbar/ttbar_PU140_DIGI/3c0380cf82de79bc39966c93934c61fc/step2_64_1_Jxw.root
>>> crab_fjr_*.xml  permission set to 0704
CrabWrapper EXIT_FUNC entered at Mon Feb  2 23:05:33 GMT 2015   -  Mon Feb  2 23:05:33 UTC 2015
Checking output files:  
will tar file crab_fjr_64.xml in  out_files_64
WARNING: output file CMSSW_64.stdout not found!
WARNING: output file CMSSW_64.stderr not found!
WARNING: output file Watchdog_64.log.gz not found!
>>> padding time: Wrapper lasting more than 600 seconds. No sleep required.
STOPPING WATCHDOG. CrabWatchdog PID is 24207
********** LAST 50 LINES OF WATCHDOG LOG
 Feb 02 19:49:04 GMT	24611	917820	1262184	51	89	1329	cmsRun -j /scratch/condor/dir_31133/glide_aP8E9M/execute/dir_12565/crab_fjr_64.xml -p pset.py      
 Feb 02 19:50:04 GMT	24611	975896	1295976	51	95	1390	cmsRun -j /scratch/condor/dir_31133/glide_aP8E9M/execute/dir_12565/crab_fjr_64.xml -p pset.py      
 Feb 02 19:51:05 GMT	24611	1038812	1361768	51	102	1450	cmsRun -j /scratch/condor/dir_31133/glide_aP8E9M/execute/dir_12565/crab_fjr_64.xml -p pset.py      
 Feb 02 19:52:05 GMT	24611	1047912	1366632	51	105	1510	cmsRun -j /scratch/condor/dir_31133/glide_aP8E9M/execute/dir_12565/crab_fjr_64.xml -p pset.py      
 Feb 02 19:54:06 GMT	24611	1047912	1368172	51	108	1631	cmsRun -j /scratch/condor/dir_31133/glide_aP8E9M/execute/dir_12565/crab_fjr_64.xml -p pset.py      
 Feb 02 19:55:06 GMT	24611	1051544	1371500	51	111	1692	cmsRun -j /scratch/condor/dir_31133/glide_aP8E9M/execute/dir_12565/crab_fjr_64.xml -p pset.py      
 Feb 02 19:56:07 GMT	24611	1254188	1585432	51	130	1752	cmsRun -j /scratch/condor/dir_31133/glide_aP8E9M/execute/dir_12565/crab_fjr_64.xml -p pset.py      
# TIME			PID	RSS(KB)	VSZ(KB)	Dsk(MB)	tCPU(s)	tWALL(s)	COMMAND
 Feb 02 19:57:07 GMT	24611	1254188	1619200	51	141	1812	cmsRun -j /scratch/condor/dir_31133/glide_aP8E9M/execute/dir_12565/crab_fjr_64.xml -p pset.py      
 Feb 02 19:57:07 GMT	---	1254188	1619200	70	----	----	----
 Feb 02 19:58:07 GMT	24611	1254188	1619712	70	142	1873	cmsRun -j /scratch/condor/dir_31133/glide_aP8E9M/execute/dir_12565/crab_fjr_64.xml -p pset.py      
 Feb 02 20:09:12 GMT	24611	1254188	1621760	70	168	2537	cmsRun -j /scratch/condor/dir_31133/glide_aP8E9M/execute/dir_12565/crab_fjr_64.xml -p pset.py      
 Feb 02 20:11:12 GMT	24611	1254188	1625344	70	176	2658	cmsRun -j /scratch/condor/dir_31133/glide_aP8E9M/execute/dir_12565/crab_fjr_64.xml -p pset.py      
 Feb 02 20:12:13 GMT	24611	1254188	1626624	70	178	2718	cmsRun -j /scratch/condor/dir_31133/glide_aP8E9M/execute/dir_12565/crab_fjr_64.xml -p pset.py      
 Feb 02 20:13:14 GMT	24611	1254188	1629184	70	182	2779	cmsRun -j /scratch/condor/dir_31133/glide_aP8E9M/execute/dir_12565/crab_fjr_64.xml -p pset.py      
 Feb 02 20:14:14 GMT	24611	1254188	1635584	70	188	2839	cmsRun -j /scratch/condor/dir_31133/glide_aP8E9M/execute/dir_12565/crab_fjr_64.xml -p pset.py      
 Feb 02 20:15:14 GMT	24611	1258412	1635584	70	192	2900	cmsRun -j /scratch/condor/dir_31133/glide_aP8E9M/execute/dir_12565/crab_fjr_64.xml -p pset.py      
 Feb 02 20:16:15 GMT	24611	1325064	1663232	70	198	2960	cmsRun -j /scratch/condor/dir_31133/glide_aP8E9M/execute/dir_12565/crab_fjr_64.xml -p pset.py      
 Feb 02 20:17:15 GMT	24611	1329064	1666560	70	200	3020	cmsRun -j /scratch/condor/dir_31133/glide_aP8E9M/execute/dir_12565/crab_fjr_64.xml -p pset.py      
 Feb 02 20:18:15 GMT	24611	1329740	1667072	70	203	3081	cmsRun -j /scratch/condor/dir_31133/glide_aP8E9M/execute/dir_12565/crab_fjr_64.xml -p pset.py      
 Feb 02 20:19:16 GMT	24611	1332352	1667840	70	205	3141	cmsRun -j /scratch/condor/dir_31133/glide_aP8E9M/execute/dir_12565/crab_fjr_64.xml -p pset.py      
 Feb 02 20:20:16 GMT	24611	1333504	1667840	70	208	3201	cmsRun -j /scratch/condor/dir_31133/glide_aP8E9M/execute/dir_12565/crab_fjr_64.xml -p pset.py      
 Feb 02 20:21:17 GMT	24611	1333504	1687552	70	227	3262	cmsRun -j /scratch/condor/dir_31133/glide_aP8E9M/execute/dir_12565/crab_fjr_64.xml -p pset.py      
 Feb 02 20:21:17 GMT	---	1333504	1687552	91	----	----	----
 Feb 02 20:22:17 GMT	24611	1333504	1690112	91	229	3322	cmsRun -j /scratch/condor/dir_31133/glide_aP8E9M/execute/dir_12565/crab_fjr_64.xml -p pset.py      
 Feb 02 20:23:17 GMT	24611	1333504	1690880	91	230	3383	cmsRun -j /scratch/condor/dir_31133/glide_aP8E9M/execute/dir_12565/crab_fjr_64.xml -p pset.py      
 Feb 02 20:29:20 GMT	24611	1333504	1692416	91	244	3745	cmsRun -j /scratch/condor/dir_31133/glide_aP8E9M/execute/dir_12565/crab_fjr_64.xml -p pset.py      
 Feb 02 20:33:21 GMT	24611	1333504	1697536	91	257	3986	cmsRun -j /scratch/condor/dir_31133/glide_aP8E9M/execute/dir_12565/crab_fjr_64.xml -p pset.py      
 Feb 02 20:34:21 GMT	24611	1333504	1703936	91	260	4047	cmsRun -j /scratch/condor/dir_31133/glide_aP8E9M/execute/dir_12565/crab_fjr_64.xml -p pset.py      
 Feb 02 20:38:23 GMT	24611	1333504	1706240	91	270	4288	cmsRun -j /scratch/condor/dir_31133/glide_aP8E9M/execute/dir_12565/crab_fjr_64.xml -p pset.py      
 Feb 02 20:39:23 GMT	24611	1333504	1719296	91	277	4349	cmsRun -j /scratch/condor/dir_31133/glide_aP8E9M/execute/dir_12565/crab_fjr_64.xml -p pset.py      
 Feb 02 20:40:24 GMT	24611	1363840	1720832	91	286	4409	cmsRun -j /scratch/condor/dir_31133/glide_aP8E9M/execute/dir_12565/crab_fjr_64.xml -p pset.py      
 Feb 02 20:41:24 GMT	24611	1370524	1720832	91	290	4469	cmsRun -j /scratch/condor/dir_31133/glide_aP8E9M/execute/dir_12565/crab_fjr_64.xml -p pset.py      
 Feb 02 20:42:24 GMT	24611	1373964	1722368	91	292	4530	cmsRun -j /scratch/condor/dir_31133/glide_aP8E9M/execute/dir_12565/crab_fjr_64.xml -p pset.py      
 Feb 02 20:43:25 GMT	24611	1375364	1722368	91	295	4590	cmsRun -j /scratch/condor/dir_31133/glide_aP8E9M/execute/dir_12565/crab_fjr_64.xml -p pset.py      
 Feb 02 20:44:26 GMT	24611	1378912	1724416	91	298	4651	cmsRun -j /scratch/condor/dir_31133/glide_aP8E9M/execute/dir_12565/crab_fjr_64.xml -p pset.py      
 Feb 02 20:45:26 GMT	24611	1566036	1909248	91	319	4712	cmsRun -j /scratch/condor/dir_31133/glide_aP8E9M/execute/dir_12565/crab_fjr_64.xml -p pset.py      
 Feb 02 20:45:26 GMT	---	1566036	1909248	105	----	----	----
# TIME			PID	RSS(KB)	VSZ(KB)	Dsk(MB)	tCPU(s)	tWALL(s)	COMMAND
 Feb 02 20:46:27 GMT	---	1566036	1909248	114	----	----	----
 Feb 02 21:16:40 GMT	---	1566036	1909248	136	----	----	----
 Feb 02 21:42:52 GMT	---	1566036	1909248	157	----	----	----
 Feb 02 22:10:04 GMT	24611	1566124	1936128	157	572	9790	cmsRun -j /scratch/condor/dir_31133/glide_aP8E9M/execute/dir_12565/crab_fjr_64.xml -p pset.py      
 Feb 02 22:11:05 GMT	---	1566124	1936128	180	----	----	----
 Feb 02 22:29:14 GMT	---	1566124	1936128	203	----	----	----
 Feb 02 22:45:21 GMT	---	1566124	1936128	226	----	----	----
 Feb 02 22:54:25 GMT	24611	1566124	1954820	226	820	12450	cmsRun -j /scratch/condor/dir_31133/glide_aP8E9M/execute/dir_12565/crab_fjr_64.xml -p pset.py      
 Feb 02 22:55:25 GMT	---	1566124	1954820	247	----	----	----
 Feb 02 23:03:28 GMT	24611	1568112	1954820	247	904	12994	cmsRun -j /scratch/condor/dir_31133/glide_aP8E9M/execute/dir_12565/crab_fjr_64.xml -p pset.py      
 Feb 02 23:04:29 GMT	---	1568112	1954820	271	----	----	----
********** WATCHDOG LOG ENDED
ZIPPING WATCHDOG LOG
Disk space used:
du -sh /scratch/condor/dir_31133/glide_aP8E9M/execute/dir_12565
271M	/scratch/condor/dir_31133/glide_aP8E9M/execute/dir_12565
Found unusual stdout, rename for OSB
`/scratch/condor/dir_31133/glide_aP8E9M/execute/dir_12565/_condor_stdout' -> `CMSSW_64.stdout'
Found unusual stderr, rename for OSB
`/scratch/condor/dir_31133/glide_aP8E9M/execute/dir_12565/_condor_stdout' -> `CMSSW_64.stderr'
crab_fjr_64.xml
CMSSW_64.stdout
CMSSW_64.stderr
Watchdog_64.log.gz
Total Output dimension: 24600
WARNING: output files size limit is set to: 50000000
Total Output dimension 24600 is fine.
JOB_EXIT_STATUS = 0
>>> info for dashboard:
***** Cat /scratch/condor/dir_31133/glide_aP8E9M/execute/dir_12565/jobreport.txt *****
MonitorJobID=64_https://submit-6.t2.ucsd.edu//150202//509447.63
MonitorID=dcieri_PU140_4dm08r
ExeTime=13047
ExeExitCode=0
StageOutExitStatusReason = 'Copy succedeed with srm-lcg utils'
StageOutSE = heplnx204.pp.rl.ac.uk
StageOutExitStatus = 0
CrabUserCpuTime=907.02
CrabSysCpuTime=26.24
CrabCpuPercentage=7%
CrabWrapperTime=13123
CrabStageoutTime=51
JobExitCode=0
***** End Cat jobreport *****
Parameters sent to Dashboard.
EXITING at Mon Feb  2 23:05:36 GMT 2015  -  Mon Feb  2 23:05:36 UTC 2015
