This script was generated by crab (version 2.11.1_patch1).
Running /scratch/condor/dir_32142/glide_DJXzTS/execute/dir_18937/condor_exec.exe with 2 positional parameters: 24 1
Today is Mon Feb  2 19:02:03 GMT 2015 - Mon Feb  2 19:02:03 UTC 2015
Job submitted on host heplnc056.pp.rl.ac.uk
Linux heplnc056.pp.rl.ac.uk 2.6.32-504.3.3.el6.x86_64 #1 SMP Tue Dec 16 14:29:22 CST 2014 x86_64 x86_64 x86_64 GNU/Linux
Distributor ID:	Scientific
Description:	Scientific Linux release 6.6 (Carbon)
>>> current directory (RUNTIME_AREA): /scratch/condor/dir_32142/glide_DJXzTS/execute/dir_18937
>>> current user: uid=157415(cms415) gid=157000(gplcms) groups=157000(gplcms)
>>> directory permission set to 0700
>>> umask set to:  u=rwx,g=,o=
>>> stdout stderr permission set to 0704
>>> voms proxy information:
subject   : /DC=ch/DC=cern/OU=Organic Units/OU=Users/CN=dcieri/CN=755391/CN=Davide Cieri/CN=769881070/CN=2079965036
issuer    : /DC=ch/DC=cern/OU=Organic Units/OU=Users/CN=dcieri/CN=755391/CN=Davide Cieri/CN=769881070
identity  : /DC=ch/DC=cern/OU=Organic Units/OU=Users/CN=dcieri/CN=755391/CN=Davide Cieri
type      : RFC3820 compliant limited proxy
strength  : 1024
path      : /scratch/condor/dir_32142/glide_DJXzTS/execute/dir_18937/x509up_u62281
timeleft  : 23:58:16
key usage : Digital Signature, Key Encipherment
=== VO cms extension information ===
VO        : cms
subject   : /DC=ch/DC=cern/OU=Organic Units/OU=Users/CN=dcieri/CN=755391/CN=Davide Cieri
issuer    : /DC=ch/DC=cern/OU=computers/CN=lcg-voms2.cern.ch
attribute : /cms/Role=NULL/Capability=NULL
timeleft  : 185:14:21
uri       : lcg-voms2.cern.ch:15002

WNHostName=heplnc056.pp.rl.ac.uk
$_CONDOR_JOB_AD =/scratch/condor/dir_32142/glide_DJXzTS/execute/dir_18937/.job.ad
OverflowFlag=0
>>> tar --no-same-permissions -xf /scratch/condor/dir_32142/glide_DJXzTS/execute/dir_18937/default.tgz :
Successful untar
>>> Include /scratch/condor/dir_32142/glide_DJXzTS/execute/dir_18937 in PYTHONPATH:
strip arguments
env var CRAB_UNIQUE_JOB_ID set to: dcieri_PU140_4dm08r_24_1_Iw6
out_files_24
>>> list of expected files on output sandbox
output files: crab_fjr_24.xml CMSSW_24.stdout CMSSW_24.stderr Watchdog_24.log.gz
>>> GridFlavour discovery: 
GridFlavour=LCG
>>> SyncSite discovery: 
SyncSite=T2_UK_SGrid_RALPP
>>> SyncCE discovery: 
getting SyncCE from GLIDEIN_Gaekeeper
SyncCE=heplnv146.pp.rl.ac.uk
>>> info for dashboard:
***** Cat /scratch/condor/dir_32142/glide_DJXzTS/execute/dir_18937/jobreport.txt *****
WNHostName=heplnc056.pp.rl.ac.uk
OverflowFlag=0
MonitorJobID=24_https://submit-6.t2.ucsd.edu//150202//509447.23
SyncGridJobId=https://submit-6.t2.ucsd.edu//150202//509447.23
MonitorID=dcieri_PU140_4dm08r
GridFlavour=LCG
SyncSite=T2_UK_SGrid_RALPP
SyncCE=heplnv146.pp.rl.ac.uk
***** End Cat jobreport *****
Parameters sent to Dashboard.
>>> setup environment
set SCRAM ARCH to slc6_amd64_gcc472
SCRAM_ARCH = slc6_amd64_gcc472
>>> setup CMS LCG environment:
set SCRAM ARCH and BUILD_ARCH to slc6_amd64_gcc472 ###
Sourcing environment... 
sourcing /cvmfs/cms.cern.ch/cmsset_default.sh
==> setup cms environment ok
>>> specific cmssw setup environment:
CMSSW_VERSION =  CMSSW_6_2_0_SLHC12
WARNING: In non-interactive mode release checks e.g. deprecated releases, production architectures are disabled.
>>> current directory (SOFTWARE_DIR): /scratch/condor/dir_32142/glide_DJXzTS/execute/dir_18937/CMSSW_6_2_0_SLHC12
PreserveSeeds: <>
IncrementSeeds:<>
>>> info for dashboard:
***** Cat /scratch/condor/dir_32142/glide_DJXzTS/execute/dir_18937/jobreport.txt *****
MonitorJobID=24_https://submit-6.t2.ucsd.edu//150202//509447.23
MonitorID=dcieri_PU140_4dm08r
***** End Cat jobreport *****
Parameters sent to Dashboard.
crabWatchdog started as process 22142
>>> moving CMSSW software directories in /scratch/condor/dir_32142/glide_DJXzTS/execute/dir_18937/CMSSW_6_2_0_SLHC12
mv: cannot stat `/scratch/condor/dir_32142/glide_DJXzTS/execute/dir_18937/module/': No such file or directory
>>> Include /scratch/condor/dir_32142/glide_DJXzTS/execute/dir_18937 in PYTHONPATH:
PYTHONPATH=/scratch/condor/dir_32142/glide_DJXzTS/execute/dir_18937/:/scratch/condor/dir_32142/glide_DJXzTS/execute/dir_18937/CMSSW_6_2_0_SLHC12/python:/scratch/condor/dir_32142/glide_DJXzTS/execute/dir_18937/CMSSW_6_2_0_SLHC12/lib/slc6_amd64_gcc472:/cvmfs/cms.cern.ch/slc6_amd64_gcc472/cms/cmssw/CMSSW_6_2_0_SLHC12/python:/cvmfs/cms.cern.ch/slc6_amd64_gcc472/cms/cmssw/CMSSW_6_2_0_SLHC12/lib/slc6_amd64_gcc472:/cvmfs/cms.cern.ch/slc6_amd64_gcc472/cms/coral/CORAL_2_3_21-cms35/slc6_amd64_gcc472/python:/cvmfs/cms.cern.ch/slc6_amd64_gcc472/cms/coral/CORAL_2_3_21-cms35/slc6_amd64_gcc472/lib:/cvmfs/cms.cern.ch/slc6_amd64_gcc472/external/python-ldap/2.3.5-cms5/lib/python2.7/site-packages:/cvmfs/cms.cern.ch/slc6_amd64_gcc472/external/pyqt/4.8.1-cms5/lib/python2.7/site-packages:/cvmfs/cms.cern.ch/slc6_amd64_gcc472/external/py2-scipy/0.8.0-cms7/lib/python2.7/site-packages:/cvmfs/cms.cern.ch/slc6_amd64_gcc472/external/py2-matplotlib/1.0.1-cms7/lib/python2.7/site-packages:/cvmfs/cms.cern.ch/slc6_amd64_gcc472/external/sip/4.11.2-cms5/lib/python2.7/site-packages:/cvmfs/cms.cern.ch/slc6_amd64_gcc472/external/py2-pycurl/7.19.0-cms7/lib/python2.7/site-packages:/cvmfs/cms.cern.ch/slc6_amd64_gcc472/external/py2-numpy/1.6.1-cms7/lib/python2.7/site-packages:/cvmfs/cms.cern.ch/slc6_amd64_gcc472/external/py2-lint/0.25.1-cms5/lib/python2.7/site-packages:/cvmfs/cms.cern.ch/slc6_amd64_gcc472/external/py2-ipython/0.10-cms5/lib/python2.7/site-packages:/cvmfs/cms.cern.ch/slc6_amd64_gcc472/external/py2-cx-oracle/5.1-cms5/lib/python2.7/site-packages:/cvmfs/cms.cern.ch/slc6_amd64_gcc472/external/py2-cjson/1.0.5-cms5/lib/python2.7/site-packages:/cvmfs/cms.cern.ch/slc6_amd64_gcc472/cms/das-client/1.11.7/bin:/cvmfs/cms.cern.ch/slc6_amd64_gcc472/external/elementtree/1.2.6-cms5/share/lib/python2.7/site-packages:/cvmfs/cms.cern.ch/slc6_amd64_gcc472/external/rivet/1.8.2-cms9/lib/python2.7/site-packages:/cvmfs/cms.cern.ch/slc6_amd64_gcc472/external/pyminuit2/0.0.1-cms19/lib/python2.7/site-packages:/cvmfs/cms.cern.ch/slc6_amd64_gcc472/external/py2-pygithub/1.23.0-cms2/lib/python2.7/site-packages:/cvmfs/cms.cern.ch/slc6_amd64_gcc472/external/professor/1.0.0-cms19/lib/python2.7/site-packages:/cvmfs/cms.cern.ch/slc6_amd64_gcc472/lcg/root/5.34.07-cms/lib:/cvmfs/cms.cern.ch/slc6_amd64_gcc472/cms/dbs-client/DBS_2_1_9-cms5/lib:/cvmfs/cms.cern.ch/slc6_amd64_gcc472/cms/dbs-client/DBS_2_1_9-cms5/lib/DBSAPI:/cvmfs/cms.cern.ch/slc6_amd64_gcc472/external/cvs2git/5419-cms/lib:/scratch/condor/dir_32142/glide_DJXzTS/execute/dir_18937/
 
# LIMITS USED BY CRAB WATCHDOG:
# RSS  (KBytes)   : 2300000
# VSZ  (KBytes)   : 100000000
# DISK (MBytes)   : 19000
# CPU TIME        : 720h:0m:0s
# WALL CLOCK TIME : 21h:50m:0s
 
3c0380cf82de79bc39966c93934c61fc
PSETHASH = 3c0380cf82de79bc39966c93934c61fc
/scratch/condor/dir_32142/glide_DJXzTS/execute/dir_18937/writeCfg.py pset.py pset.py
Importing .py file
Setting parameters
RandomNumberGeneratorService found, will attempt to change seeds
inputBlocks=/ttbar/dcieri-ttbar_SIM-130075366148575c102f0d64fd3ac8f7/USER#61fb3af0-2cd9-4c22-a912-0e1a7ef51606
inputFiles=/store/user/dcieri/ttbar_SIM/ttbar/ttbar_SIM/150129_145223/0000/step1_211.root
parentFiles=
lumisRange=
>>> Executable cmsRun
/cvmfs/cms.cern.ch/slc6_amd64_gcc472/cms/cmssw/CMSSW_6_2_0_SLHC12/bin/slc6_amd64_gcc472/cmsRun
ok executable found
>>> info for dashboard:
***** Cat /scratch/condor/dir_32142/glide_DJXzTS/execute/dir_18937/jobreport.txt *****
MonitorJobID=24_https://submit-6.t2.ucsd.edu//150202//509447.23
MonitorID=dcieri_PU140_4dm08r
ExeStart=cmsRun
***** End Cat jobreport *****
Parameters sent to Dashboard.
>>> cmsRun started at Mon Feb  2 19:02:10 UTC 2015
>>> cmsRun ended at Mon Feb  2 22:42:42 UTC 2015
>>> crab_fjr_*.xml  permission set to 0704
>>> info for dashboard:
***** Cat /scratch/condor/dir_32142/glide_DJXzTS/execute/dir_18937/jobreport.txt *****
MonitorJobID=24_https://submit-6.t2.ucsd.edu//150202//509447.23
MonitorID=dcieri_PU140_4dm08r
ExeEnd=cmsRun
***** End Cat jobreport *****
Parameters sent to Dashboard.
TIME_EXE = 13232 sec
>>> cmsRun wrote 248 lines of stdout+stderr
>>> START OF printout of 248 lines from stdout+stderr
271 DQMStore::DQMStore 
HcalTopologyIdealEP::HcalTopologyIdealEP
02-Feb-2015 19:02:18 GMT  Initiating request to open file root://dcap.pp.rl.ac.uk:1094/pnfs/pp.rl.ac.uk/data/cms/store/user/dcieri/ttbar_SIM/ttbar/ttbar_SIM/150129_145223/0000/step1_211.root
02-Feb-2015 19:02:20 GMT  Successfully opened file root://dcap.pp.rl.ac.uk:1094/pnfs/pp.rl.ac.uk/data/cms/store/user/dcieri/ttbar_SIM/ttbar/ttbar_SIM/150129_145223/0000/step1_211.root
02-Feb-2015 19:02:20 GMT  Initiating request to open file root://xrootd.unl.edu//store/group/dpg_trigger/comm_trigger/L1TrackTrigger/620_SLHC10/Extended2023TTI/MinBias/MinBias_TuneZ2star_GEN_SIM_1.root
02-Feb-2015 19:02:52 GMT  Successfully opened file root://xrootd.unl.edu//store/group/dpg_trigger/comm_trigger/L1TrackTrigger/620_SLHC10/Extended2023TTI/MinBias/MinBias_TuneZ2star_GEN_SIM_1.root
disableME1a = 0
HcalTopologyIdealEP::produce(const IdealGeometryRecord& iRecord)
mode = 2, maxDepthHB = 3, maxDepthHE = 5
RPCGeometryESModule :: produce
RPCGeometryESModule :: produce :: 1/4 Get Muon Ideal Geometry Record
RPCGeometryESModule :: produce :: 2/4 Get Muon DDD Constants
RPCGeometryESModule :: produce :: 3/4 Get Muon Numbering Record
in MuonNumberingInitialization::initializeMuonDDDConstants
about to make my new muonDDDConst_
in MuonNumberingInitialization::produce
RPCGeometryESModule :: produce :: 4/4 Build
Found:

	Barrel Stack layer 5 : 1008 stacks
	Barrel Stack layer 6 : 1320 stacks
	Barrel Stack layer 7 : 1836 stacks
	Barrel Stack layer 8 : 1152 stacks
	Barrel Stack layer 9 : 1488 stacks
	Barrel Stack layer 10 : 1824 stacks

	Endcap Stack disk 11 : 1360 stacks
	Endcap Stack disk 12 : 1360 stacks
	Endcap Stack disk 13 : 1360 stacks
	Endcap Stack disk 14 : 1360 stacks
	Endcap Stack disk 15 : 1360 stacks
Created 15428 stacks in 12 s

TTClusterBuilder< edm::Ref<edm::DetSetVector<PixelDigi>, PixelDigi, edm::refhelper::FindForDetSetVector<PixelDigi> > > loaded modules:
	TTClusterAlgorithm:	TTClusterAlgorithm_2d2013< edm::Ref<edm::DetSetVector<PixelDigi>, PixelDigi, edm::refhelper::FindForDetSetVector<PixelDigi> > >


TTStubBuilder< edm::Ref<edm::DetSetVector<PixelDigi>, PixelDigi, edm::refhelper::FindForDetSetVector<PixelDigi> > > loaded modules:
	TTStubAlgorithm:	TTStubAlgorithm_tab2013< edm::Ref<edm::DetSetVector<PixelDigi>, PixelDigi, edm::refhelper::FindForDetSetVector<PixelDigi> > >


TTClusterAssociator< edm::Ref<edm::DetSetVector<PixelDigi>, PixelDigi, edm::refhelper::FindForDetSetVector<PixelDigi> > > loaded.


TTStubAssociator< edm::Ref<edm::DetSetVector<PixelDigi>, PixelDigi, edm::refhelper::FindForDetSetVector<PixelDigi> > > loaded.


TTTrackAssociator< edm::Ref<edm::DetSetVector<PixelDigi>, PixelDigi, edm::refhelper::FindForDetSetVector<PixelDigi> > > loaded.

Begin processing the 1st record. Run 1, Event 2101, LumiSection 211 at 02-Feb-2015 19:03:18.566 GMT
02-Feb-2015 19:03:24 GMT  Closed file root://xrootd.unl.edu//store/group/dpg_trigger/comm_trigger/L1TrackTrigger/620_SLHC10/Extended2023TTI/MinBias/MinBias_TuneZ2star_GEN_SIM_1.root
02-Feb-2015 19:03:24 GMT  Initiating request to open file root://xrootd.unl.edu//store/group/dpg_trigger/comm_trigger/L1TrackTrigger/620_SLHC10/Extended2023TTI/MinBias/MinBias_TuneZ2star_GEN_SIM_266.root
02-Feb-2015 19:03:54 GMT  Successfully opened file root://xrootd.unl.edu//store/group/dpg_trigger/comm_trigger/L1TrackTrigger/620_SLHC10/Extended2023TTI/MinBias/MinBias_TuneZ2star_GEN_SIM_266.root
150202 19:08:48 23797 Xrd: XrdClientMessage::ReadRaw: Failed to read header (8 bytes).
150202 19:09:18 23795 Xrd: XrdClientMessage::ReadRaw: Failed to read header (8 bytes).
02-Feb-2015 19:14:06 GMT  Closed file root://xrootd.unl.edu//store/group/dpg_trigger/comm_trigger/L1TrackTrigger/620_SLHC10/Extended2023TTI/MinBias/MinBias_TuneZ2star_GEN_SIM_266.root
02-Feb-2015 19:14:06 GMT  Initiating request to open file root://xrootd.unl.edu//store/group/dpg_trigger/comm_trigger/L1TrackTrigger/620_SLHC10/Extended2023TTI/MinBias/MinBias_TuneZ2star_GEN_SIM_572.root
150202 19:15:47 12172 Xrd: CheckErrorStatus: Server [xrootd.ba.infn.it:1094] declared: session not found(error code: 3011)
02-Feb-2015 19:15:47 GMT  Successfully opened file root://xrootd.unl.edu//store/group/dpg_trigger/comm_trigger/L1TrackTrigger/620_SLHC10/Extended2023TTI/MinBias/MinBias_TuneZ2star_GEN_SIM_572.root
150202 19:19:18 25638 Xrd: XrdClientMessage::ReadRaw: Failed to read header (8 bytes).
150202 19:20:49 16234 Xrd: XrdClientMessage::ReadRaw: Failed to read header (8 bytes).
150202 19:22:48 22745 Xrd: XrdClientMessage::ReadRaw: Failed to read header (8 bytes).
150202 19:23:18 23794 Xrd: XrdClientMessage::ReadRaw: Failed to read header (8 bytes).
150202 19:24:18 25637 Xrd: XrdClientMessage::ReadRaw: Failed to read header (8 bytes).
02-Feb-2015 19:25:42 GMT  Closed file root://xrootd.unl.edu//store/group/dpg_trigger/comm_trigger/L1TrackTrigger/620_SLHC10/Extended2023TTI/MinBias/MinBias_TuneZ2star_GEN_SIM_572.root
02-Feb-2015 19:25:42 GMT  Initiating request to open file root://xrootd.unl.edu//store/group/dpg_trigger/comm_trigger/L1TrackTrigger/620_SLHC10/Extended2023TTI/MinBias/MinBias_TuneZ2star_GEN_SIM_375.root
150202 19:26:18 2202 Xrd: CheckErrorStatus: Server [cms-xrd-global.cern.ch:1094] declared: session not found(error code: 3011)
150202 19:26:18 2202 Xrd: CheckErrorStatus: Server [llrxrd-redir.in2p3.fr:1094] declared: session not found(error code: 3011)
150202 19:26:18 2202 Xrd: CheckErrorStatus: Server [eoscms.cern.ch:1094] declared: session not found(error code: 3011)
02-Feb-2015 19:26:18 GMT  Successfully opened file root://xrootd.unl.edu//store/group/dpg_trigger/comm_trigger/L1TrackTrigger/620_SLHC10/Extended2023TTI/MinBias/MinBias_TuneZ2star_GEN_SIM_375.root
Building the geometry service
Warning did not find digi
Warning did not find digi
Warning did not find digi
Warning did not find digi
Warning did not find digi in disks
Warning did not find digi in disks
Warning did not find digi in disks
Warning did not find digi in disks
150202 19:30:49 16235 Xrd: XrdClientMessage::ReadRaw: Failed to read header (8 bytes).
150202 19:31:49 2737 Xrd: XrdClientMessage::ReadRaw: Failed to read header (8 bytes).
150202 19:35:48 16233 Xrd: XrdClientMessage::ReadRaw: Failed to read header (8 bytes).
02-Feb-2015 19:38:15 GMT  Closed file root://xrootd.unl.edu//store/group/dpg_trigger/comm_trigger/L1TrackTrigger/620_SLHC10/Extended2023TTI/MinBias/MinBias_TuneZ2star_GEN_SIM_375.root
02-Feb-2015 19:38:15 GMT  Initiating request to open file root://xrootd.unl.edu//store/group/dpg_trigger/comm_trigger/L1TrackTrigger/620_SLHC10/Extended2023TTI/MinBias/MinBias_TuneZ2star_GEN_SIM_611.root
150202 19:38:47 25698 Xrd: CheckErrorStatus: Server [cms-xrd-global.cern.ch:1094] declared: session not found(error code: 3011)
150202 19:38:47 25698 Xrd: CheckErrorStatus: Server [xrootd.ba.infn.it:1094] declared: session not found(error code: 3011)
02-Feb-2015 19:38:48 GMT  Successfully opened file root://xrootd.unl.edu//store/group/dpg_trigger/comm_trigger/L1TrackTrigger/620_SLHC10/Extended2023TTI/MinBias/MinBias_TuneZ2star_GEN_SIM_611.root
150202 19:43:18 2770 Xrd: XrdClientMessage::ReadRaw: Failed to read header (8 bytes).
150202 19:43:48 27244 Xrd: XrdClientMessage::ReadRaw: Failed to read header (8 bytes).
150202 19:46:48 2736 Xrd: XrdClientMessage::ReadRaw: Failed to read header (8 bytes).
02-Feb-2015 19:51:24 GMT  Closed file root://xrootd.unl.edu//store/group/dpg_trigger/comm_trigger/L1TrackTrigger/620_SLHC10/Extended2023TTI/MinBias/MinBias_TuneZ2star_GEN_SIM_611.root
02-Feb-2015 19:51:24 GMT  Initiating request to open file root://xrootd.unl.edu//store/group/dpg_trigger/comm_trigger/L1TrackTrigger/620_SLHC10/Extended2023TTI/MinBias/MinBias_TuneZ2star_GEN_SIM_845.root
150202 19:51:55 17862 Xrd: CheckErrorStatus: Server [cms-xrd-global.cern.ch:1094] declared: session not found(error code: 3011)
150202 19:51:55 17862 Xrd: CheckErrorStatus: Server [llrxrd-redir.in2p3.fr:1094] declared: session not found(error code: 3011)
02-Feb-2015 19:51:55 GMT  Successfully opened file root://xrootd.unl.edu//store/group/dpg_trigger/comm_trigger/L1TrackTrigger/620_SLHC10/Extended2023TTI/MinBias/MinBias_TuneZ2star_GEN_SIM_845.root
150202 19:56:48 27245 Xrd: XrdClientMessage::ReadRaw: Failed to read header (8 bytes).
150202 19:57:18 19135 Xrd: XrdClientMessage::ReadRaw: Failed to read header (8 bytes).
150202 19:58:48 27243 Xrd: XrdClientMessage::ReadRaw: Failed to read header (8 bytes).
02-Feb-2015 20:02:57 GMT  Closed file root://xrootd.unl.edu//store/group/dpg_trigger/comm_trigger/L1TrackTrigger/620_SLHC10/Extended2023TTI/MinBias/MinBias_TuneZ2star_GEN_SIM_845.root
02-Feb-2015 20:02:57 GMT  Initiating request to open file root://xrootd.unl.edu//store/group/dpg_trigger/comm_trigger/L1TrackTrigger/620_SLHC10/Extended2023TTI/MinBias/MinBias_TuneZ2star_GEN_SIM_209.root
150202 20:05:47 7239 Xrd: CheckErrorStatus: Server [cms-xrd-global.cern.ch:1094] declared: session not found(error code: 3011)
150202 20:05:47 7239 Xrd: CheckErrorStatus: Server [xrootd-redic.pi.infn.it:1094] declared: session not found(error code: 3011)
02-Feb-2015 20:05:47 GMT  Successfully opened file root://xrootd.unl.edu//store/group/dpg_trigger/comm_trigger/L1TrackTrigger/620_SLHC10/Extended2023TTI/MinBias/MinBias_TuneZ2star_GEN_SIM_209.root
150202 20:08:18 19136 Xrd: XrdClientMessage::ReadRaw: Failed to read header (8 bytes).
150202 20:10:48 12446 Xrd: XrdClientMessage::ReadRaw: Failed to read header (8 bytes).
150202 20:12:18 19134 Xrd: XrdClientMessage::ReadRaw: Failed to read header (8 bytes).
02-Feb-2015 20:13:32 GMT  Closed file root://xrootd.unl.edu//store/group/dpg_trigger/comm_trigger/L1TrackTrigger/620_SLHC10/Extended2023TTI/MinBias/MinBias_TuneZ2star_GEN_SIM_209.root
02-Feb-2015 20:13:32 GMT  Initiating request to open file root://xrootd.unl.edu//store/group/dpg_trigger/comm_trigger/L1TrackTrigger/620_SLHC10/Extended2023TTI/MinBias/MinBias_TuneZ2star_GEN_SIM_95.root
150202 20:14:03 26395 Xrd: CheckErrorStatus: Server [xrootd-redic.pi.infn.it:1094] declared: session not found(error code: 3011)
02-Feb-2015 20:14:04 GMT  Successfully opened file root://xrootd.unl.edu//store/group/dpg_trigger/comm_trigger/L1TrackTrigger/620_SLHC10/Extended2023TTI/MinBias/MinBias_TuneZ2star_GEN_SIM_95.root
150202 20:18:48 12447 Xrd: XrdClientMessage::ReadRaw: Failed to read header (8 bytes).
150202 20:19:18 27653 Xrd: XrdClientMessage::ReadRaw: Failed to read header (8 bytes).
DTTSPhi::addTracoT: preview not present in TRACO trigger or its code=0  trigger not added!
02-Feb-2015 20:25:13 GMT  Closed file root://xrootd.unl.edu//store/group/dpg_trigger/comm_trigger/L1TrackTrigger/620_SLHC10/Extended2023TTI/MinBias/MinBias_TuneZ2star_GEN_SIM_95.root
02-Feb-2015 20:25:13 GMT  Initiating request to open file root://xrootd.unl.edu//store/group/dpg_trigger/comm_trigger/L1TrackTrigger/620_SLHC10/Extended2023TTI/MinBias/MinBias_TuneZ2star_GEN_SIM_224.root
150202 20:25:43 16581 Xrd: CheckErrorStatus: Server [cms-xrd-global.cern.ch:1094] declared: session not found(error code: 3011)
150202 20:25:44 16581 Xrd: CheckErrorStatus: Server [llrxrd-redir.in2p3.fr:1094] declared: session not found(error code: 3011)
02-Feb-2015 20:25:44 GMT  Successfully opened file root://xrootd.unl.edu//store/group/dpg_trigger/comm_trigger/L1TrackTrigger/620_SLHC10/Extended2023TTI/MinBias/MinBias_TuneZ2star_GEN_SIM_224.root
150202 20:30:18 27654 Xrd: XrdClientMessage::ReadRaw: Failed to read header (8 bytes).
150202 20:30:48 17235 Xrd: XrdClientMessage::ReadRaw: Failed to read header (8 bytes).
150202 20:34:18 12445 Xrd: XrdClientMessage::ReadRaw: Failed to read header (8 bytes).
02-Feb-2015 20:34:57 GMT  Closed file root://xrootd.unl.edu//store/group/dpg_trigger/comm_trigger/L1TrackTrigger/620_SLHC10/Extended2023TTI/MinBias/MinBias_TuneZ2star_GEN_SIM_224.root
02-Feb-2015 20:34:57 GMT  Initiating request to open file root://xrootd.unl.edu//store/group/dpg_trigger/comm_trigger/L1TrackTrigger/620_SLHC10/Extended2023TTI/MinBias/MinBias_TuneZ2star_GEN_SIM_595.root
150202 20:35:27 4673 Xrd: CheckErrorStatus: Server [cms-xrd-global.cern.ch:1094] declared: session not found(error code: 3011)
150202 20:35:28 4673 Xrd: CheckErrorStatus: Server [xrootd.ba.infn.it:1094] declared: session not found(error code: 3011)
02-Feb-2015 20:35:28 GMT  Successfully opened file root://xrootd.unl.edu//store/group/dpg_trigger/comm_trigger/L1TrackTrigger/620_SLHC10/Extended2023TTI/MinBias/MinBias_TuneZ2star_GEN_SIM_595.root
150202 20:40:18 17236 Xrd: XrdClientMessage::ReadRaw: Failed to read header (8 bytes).
150202 20:40:48 7907 Xrd: XrdClientMessage::ReadRaw: Failed to read header (8 bytes).
150202 20:45:48 17234 Xrd: XrdClientMessage::ReadRaw: Failed to read header (8 bytes).
150202 20:55:48 23796 Xrd: XrdClientMessage::ReadRaw: Failed to read header (8 bytes).
150202 20:55:48 23793 Xrd: XrdClientMessage::ReadRaw: Failed to read header (8 bytes).
150202 20:55:48 22748 Xrd: XrdClientMessage::ReadRaw: Failed to read header (8 bytes).
150202 20:55:49 7882 Xrd: XrdClientMessage::ReadRaw: Failed to read header (8 bytes).
02-Feb-2015 20:56:25 GMT  Closed file root://xrootd.unl.edu//store/group/dpg_trigger/comm_trigger/L1TrackTrigger/620_SLHC10/Extended2023TTI/MinBias/MinBias_TuneZ2star_GEN_SIM_595.root
02-Feb-2015 20:56:25 GMT  Initiating request to open file root://xrootd.unl.edu//store/group/dpg_trigger/comm_trigger/L1TrackTrigger/620_SLHC10/Extended2023TTI/MinBias/MinBias_TuneZ2star_GEN_SIM_126.root
150202 20:56:26 22275 Xrd: CheckErrorStatus: Server [xrootd.unl.edu] declared: session not found(error code: 3011)
150202 20:56:57 18418 Xrd: CheckErrorStatus: Server [cms-xrd-global.cern.ch:1094] declared: session not found(error code: 3011)
150202 20:56:57 18418 Xrd: CheckErrorStatus: Server [xrootd.ba.infn.it:1094] declared: session not found(error code: 3011)
150202 20:56:57 18418 Xrd: CheckErrorStatus: Server [lxbrf39c03.cern.ch:1098] declared: session not found(error code: 3011)
02-Feb-2015 20:56:58 GMT  Successfully opened file root://xrootd.unl.edu//store/group/dpg_trigger/comm_trigger/L1TrackTrigger/620_SLHC10/Extended2023TTI/MinBias/MinBias_TuneZ2star_GEN_SIM_126.root
150202 21:01:49 7948 Xrd: XrdClientMessage::ReadRaw: Failed to read header (8 bytes).
150202 21:02:19 19089 Xrd: XrdClientMessage::ReadRaw: Failed to read header (8 bytes).
02-Feb-2015 21:06:01 GMT  Closed file root://xrootd.unl.edu//store/group/dpg_trigger/comm_trigger/L1TrackTrigger/620_SLHC10/Extended2023TTI/MinBias/MinBias_TuneZ2star_GEN_SIM_126.root
02-Feb-2015 21:06:01 GMT  Initiating request to open file root://xrootd.unl.edu//store/group/dpg_trigger/comm_trigger/L1TrackTrigger/620_SLHC10/Extended2023TTI/MinBias/MinBias_TuneZ2star_GEN_SIM_99.root
150202 21:06:36 3518 Xrd: CheckErrorStatus: Server [cms-xrd-global.cern.ch:1094] declared: session not found(error code: 3011)
150202 21:06:37 3518 Xrd: CheckErrorStatus: Server [llrxrd-redir.in2p3.fr:1094] declared: session not found(error code: 3011)
02-Feb-2015 21:06:37 GMT  Successfully opened file root://xrootd.unl.edu//store/group/dpg_trigger/comm_trigger/L1TrackTrigger/620_SLHC10/Extended2023TTI/MinBias/MinBias_TuneZ2star_GEN_SIM_99.root
150202 21:11:18 19092 Xrd: XrdClientMessage::ReadRaw: Failed to read header (8 bytes).
150202 21:11:48 4697 Xrd: XrdClientMessage::ReadRaw: Failed to read header (8 bytes).
02-Feb-2015 21:13:58 GMT  Closed file root://xrootd.unl.edu//store/group/dpg_trigger/comm_trigger/L1TrackTrigger/620_SLHC10/Extended2023TTI/MinBias/MinBias_TuneZ2star_GEN_SIM_99.root
02-Feb-2015 21:13:58 GMT  Initiating request to open file root://xrootd.unl.edu//store/group/dpg_trigger/comm_trigger/L1TrackTrigger/620_SLHC10/Extended2023TTI/MinBias/MinBias_TuneZ2star_GEN_SIM_975.root
150202 21:14:28 18062 Xrd: CheckErrorStatus: Server [xrootd.ba.infn.it:1094] declared: session not found(error code: 3011)
02-Feb-2015 21:14:28 GMT  Successfully opened file root://xrootd.unl.edu//store/group/dpg_trigger/comm_trigger/L1TrackTrigger/620_SLHC10/Extended2023TTI/MinBias/MinBias_TuneZ2star_GEN_SIM_975.root
150202 21:19:18 4698 Xrd: XrdClientMessage::ReadRaw: Failed to read header (8 bytes).
150202 21:19:48 19272 Xrd: XrdClientMessage::ReadRaw: Failed to read header (8 bytes).
02-Feb-2015 21:23:43 GMT  Closed file root://xrootd.unl.edu//store/group/dpg_trigger/comm_trigger/L1TrackTrigger/620_SLHC10/Extended2023TTI/MinBias/MinBias_TuneZ2star_GEN_SIM_975.root
02-Feb-2015 21:23:43 GMT  Initiating request to open file root://xrootd.unl.edu//store/group/dpg_trigger/comm_trigger/L1TrackTrigger/620_SLHC10/Extended2023TTI/MinBias/MinBias_TuneZ2star_GEN_SIM_990.root
150202 21:24:14 4213 Xrd: CheckErrorStatus: Server [llrxrd-redir.in2p3.fr:1094] declared: session not found(error code: 3011)
02-Feb-2015 21:24:15 GMT  Successfully opened file root://xrootd.unl.edu//store/group/dpg_trigger/comm_trigger/L1TrackTrigger/620_SLHC10/Extended2023TTI/MinBias/MinBias_TuneZ2star_GEN_SIM_990.root
150202 21:28:48 19356 Xrd: XrdClientMessage::ReadRaw: Failed to read header (8 bytes).
150202 21:29:18 5392 Xrd: XrdClientMessage::ReadRaw: Failed to read header (8 bytes).
02-Feb-2015 21:33:15 GMT  Closed file root://xrootd.unl.edu//store/group/dpg_trigger/comm_trigger/L1TrackTrigger/620_SLHC10/Extended2023TTI/MinBias/MinBias_TuneZ2star_GEN_SIM_990.root
02-Feb-2015 21:33:15 GMT  Initiating request to open file root://xrootd.unl.edu//store/group/dpg_trigger/comm_trigger/L1TrackTrigger/620_SLHC10/Extended2023TTI/MinBias/MinBias_TuneZ2star_GEN_SIM_269.root
150202 21:33:46 23762 Xrd: CheckErrorStatus: Server [llrxrd-redir.in2p3.fr:1094] declared: session not found(error code: 3011)
02-Feb-2015 21:33:46 GMT  Successfully opened file root://xrootd.unl.edu//store/group/dpg_trigger/comm_trigger/L1TrackTrigger/620_SLHC10/Extended2023TTI/MinBias/MinBias_TuneZ2star_GEN_SIM_269.root
150202 21:34:48 19088 Xrd: XrdClientMessage::ReadRaw: Failed to read header (8 bytes).
DTTSPhi::addTracoT: preview not present in TRACO trigger or its code=0  trigger not added!
150202 21:38:18 5393 Xrd: XrdClientMessage::ReadRaw: Failed to read header (8 bytes).
150202 21:38:48 28150 Xrd: XrdClientMessage::ReadRaw: Failed to read header (8 bytes).
02-Feb-2015 21:42:58 GMT  Closed file root://xrootd.unl.edu//store/group/dpg_trigger/comm_trigger/L1TrackTrigger/620_SLHC10/Extended2023TTI/MinBias/MinBias_TuneZ2star_GEN_SIM_269.root
02-Feb-2015 21:42:58 GMT  Initiating request to open file root://xrootd.unl.edu//store/group/dpg_trigger/comm_trigger/L1TrackTrigger/620_SLHC10/Extended2023TTI/MinBias/MinBias_TuneZ2star_GEN_SIM_251.root
150202 21:43:29 9503 Xrd: CheckErrorStatus: Server [cms-xrd-global.cern.ch:1094] declared: session not found(error code: 3011)
150202 21:43:29 9503 Xrd: CheckErrorStatus: Server [xrootd-redic.pi.infn.it:1094] declared: session not found(error code: 3011)
02-Feb-2015 21:43:29 GMT  Successfully opened file root://xrootd.unl.edu//store/group/dpg_trigger/comm_trigger/L1TrackTrigger/620_SLHC10/Extended2023TTI/MinBias/MinBias_TuneZ2star_GEN_SIM_251.root
150202 21:48:18 28151 Xrd: XrdClientMessage::ReadRaw: Failed to read header (8 bytes).
150202 21:48:49 11662 Xrd: XrdClientMessage::ReadRaw: Failed to read header (8 bytes).
02-Feb-2015 21:51:37 GMT  Closed file root://xrootd.unl.edu//store/group/dpg_trigger/comm_trigger/L1TrackTrigger/620_SLHC10/Extended2023TTI/MinBias/MinBias_TuneZ2star_GEN_SIM_251.root
02-Feb-2015 21:51:37 GMT  Initiating request to open file root://xrootd.unl.edu//store/group/dpg_trigger/comm_trigger/L1TrackTrigger/620_SLHC10/Extended2023TTI/MinBias/MinBias_TuneZ2star_GEN_SIM_462.root
150202 21:52:08 26371 Xrd: CheckErrorStatus: Server [cms-xrd-global.cern.ch:1094] declared: session not found(error code: 3011)
150202 21:52:08 26371 Xrd: CheckErrorStatus: Server [xrootd.ba.infn.it:1094] declared: session not found(error code: 3011)
150202 21:52:08 26371 Xrd: CheckErrorStatus: Server [eoscms.cern.ch:1094] declared: session not found(error code: 3011)
02-Feb-2015 21:52:08 GMT  Successfully opened file root://xrootd.unl.edu//store/group/dpg_trigger/comm_trigger/L1TrackTrigger/620_SLHC10/Extended2023TTI/MinBias/MinBias_TuneZ2star_GEN_SIM_462.root
150202 21:53:48 4696 Xrd: XrdClientMessage::ReadRaw: Failed to read header (8 bytes).
150202 21:56:48 11663 Xrd: XrdClientMessage::ReadRaw: Failed to read header (8 bytes).
150202 21:57:18 26519 Xrd: XrdClientMessage::ReadRaw: Failed to read header (8 bytes).
150202 22:03:48 11661 Xrd: XrdClientMessage::ReadRaw: Failed to read header (8 bytes).
02-Feb-2015 22:04:21 GMT  Closed file root://xrootd.unl.edu//store/group/dpg_trigger/comm_trigger/L1TrackTrigger/620_SLHC10/Extended2023TTI/MinBias/MinBias_TuneZ2star_GEN_SIM_462.root
02-Feb-2015 22:04:21 GMT  Initiating request to open file root://xrootd.unl.edu//store/group/dpg_trigger/comm_trigger/L1TrackTrigger/620_SLHC10/Extended2023TTI/MinBias/MinBias_TuneZ2star_GEN_SIM_794.root
150202 22:09:48 26520 Xrd: XrdClientMessage::ReadRaw: Failed to read header (8 bytes).
150202 22:10:45 22086 Xrd: CheckErrorStatus: Server [xrootd.ba.infn.it:1094] declared: session not found(error code: 3011)
02-Feb-2015 22:10:46 GMT  Successfully opened file root://xrootd.unl.edu//store/group/dpg_trigger/comm_trigger/L1TrackTrigger/620_SLHC10/Extended2023TTI/MinBias/MinBias_TuneZ2star_GEN_SIM_794.root
150202 22:15:48 30614 Xrd: XrdClientMessage::ReadRaw: Failed to read header (8 bytes).
02-Feb-2015 22:16:35 GMT  Closed file root://xrootd.unl.edu//store/group/dpg_trigger/comm_trigger/L1TrackTrigger/620_SLHC10/Extended2023TTI/MinBias/MinBias_TuneZ2star_GEN_SIM_794.root
02-Feb-2015 22:16:35 GMT  Initiating request to open file root://xrootd.unl.edu//store/group/dpg_trigger/comm_trigger/L1TrackTrigger/620_SLHC10/Extended2023TTI/MinBias/MinBias_TuneZ2star_GEN_SIM_694.root
150202 22:18:31 22554 Xrd: CheckErrorStatus: Server [cms-xrd-global.cern.ch:1094] declared: session not found(error code: 3011)
150202 22:18:31 22554 Xrd: CheckErrorStatus: Server [xrootd-redic.pi.infn.it:1094] declared: session not found(error code: 3011)
02-Feb-2015 22:18:32 GMT  Successfully opened file root://xrootd.unl.edu//store/group/dpg_trigger/comm_trigger/L1TrackTrigger/620_SLHC10/Extended2023TTI/MinBias/MinBias_TuneZ2star_GEN_SIM_694.root
02-Feb-2015 22:20:54 GMT  Closed file root://xrootd.unl.edu//store/group/dpg_trigger/comm_trigger/L1TrackTrigger/620_SLHC10/Extended2023TTI/MinBias/MinBias_TuneZ2star_GEN_SIM_694.root
02-Feb-2015 22:20:54 GMT  Initiating request to open file root://xrootd.unl.edu//store/group/dpg_trigger/comm_trigger/L1TrackTrigger/620_SLHC10/Extended2023TTI/MinBias/MinBias_TuneZ2star_GEN_SIM_545.root
150202 22:21:49 30616 Xrd: XrdClientMessage::ReadRaw: Failed to read header (8 bytes).
150202 22:23:48 28792 Xrd: XrdClientMessage::ReadRaw: Failed to read header (8 bytes).
150202 22:23:54 1085 Xrd: CheckErrorStatus: Server [cms-xrd-global.cern.ch:1094] declared: session not found(error code: 3011)
150202 22:23:55 1085 Xrd: CheckErrorStatus: Server [llrxrd-redir.in2p3.fr:1094] declared: session not found(error code: 3011)
02-Feb-2015 22:23:55 GMT  Successfully opened file root://xrootd.unl.edu//store/group/dpg_trigger/comm_trigger/L1TrackTrigger/620_SLHC10/Extended2023TTI/MinBias/MinBias_TuneZ2star_GEN_SIM_545.root
150202 22:26:19 28793 Xrd: XrdClientMessage::ReadRaw: Failed to read header (8 bytes).
02-Feb-2015 22:27:10 GMT  Closed file root://xrootd.unl.edu//store/group/dpg_trigger/comm_trigger/L1TrackTrigger/620_SLHC10/Extended2023TTI/MinBias/MinBias_TuneZ2star_GEN_SIM_545.root
02-Feb-2015 22:27:10 GMT  Initiating request to open file root://xrootd.unl.edu//store/group/dpg_trigger/comm_trigger/L1TrackTrigger/620_SLHC10/Extended2023TTI/MinBias/MinBias_TuneZ2star_GEN_SIM_930.root
02-Feb-2015 22:27:41 GMT  Successfully opened file root://xrootd.unl.edu//store/group/dpg_trigger/comm_trigger/L1TrackTrigger/620_SLHC10/Extended2023TTI/MinBias/MinBias_TuneZ2star_GEN_SIM_930.root
150202 22:30:49 26518 Xrd: XrdClientMessage::ReadRaw: Failed to read header (8 bytes).
02-Feb-2015 22:31:24 GMT  Closed file root://xrootd.unl.edu//store/group/dpg_trigger/comm_trigger/L1TrackTrigger/620_SLHC10/Extended2023TTI/MinBias/MinBias_TuneZ2star_GEN_SIM_930.root
02-Feb-2015 22:31:24 GMT  Initiating request to open file root://xrootd.unl.edu//store/group/dpg_trigger/comm_trigger/L1TrackTrigger/620_SLHC10/Extended2023TTI/MinBias/MinBias_TuneZ2star_GEN_SIM_558.root
150202 22:31:55 18887 Xrd: CheckErrorStatus: Server [eoscms.cern.ch:1094] declared: session not found(error code: 3011)
02-Feb-2015 22:31:55 GMT  Successfully opened file root://xrootd.unl.edu//store/group/dpg_trigger/comm_trigger/L1TrackTrigger/620_SLHC10/Extended2023TTI/MinBias/MinBias_TuneZ2star_GEN_SIM_558.root
150202 22:32:19 4262 Xrd: XrdClientMessage::ReadRaw: Failed to read header (8 bytes).
02-Feb-2015 22:36:13 GMT  Closed file root://xrootd.unl.edu//store/group/dpg_trigger/comm_trigger/L1TrackTrigger/620_SLHC10/Extended2023TTI/MinBias/MinBias_TuneZ2star_GEN_SIM_558.root
02-Feb-2015 22:36:13 GMT  Initiating request to open file root://xrootd.unl.edu//store/group/dpg_trigger/comm_trigger/L1TrackTrigger/620_SLHC10/Extended2023TTI/MinBias/MinBias_TuneZ2star_GEN_SIM_97.root
02-Feb-2015 22:36:44 GMT  Successfully opened file root://xrootd.unl.edu//store/group/dpg_trigger/comm_trigger/L1TrackTrigger/620_SLHC10/Extended2023TTI/MinBias/MinBias_TuneZ2star_GEN_SIM_97.root
150202 22:36:45 14237 Xrd: XrdClientMessage::ReadRaw: Failed to read header (8 bytes).
02-Feb-2015 22:40:18 GMT  Closed file root://xrootd.unl.edu//store/group/dpg_trigger/comm_trigger/L1TrackTrigger/620_SLHC10/Extended2023TTI/MinBias/MinBias_TuneZ2star_GEN_SIM_97.root
02-Feb-2015 22:40:18 GMT  Initiating request to open file root://xrootd.unl.edu//store/group/dpg_trigger/comm_trigger/L1TrackTrigger/620_SLHC10/Extended2023TTI/MinBias/MinBias_TuneZ2star_GEN_SIM_839.root
02-Feb-2015 22:40:49 GMT  Successfully opened file root://xrootd.unl.edu//store/group/dpg_trigger/comm_trigger/L1TrackTrigger/620_SLHC10/Extended2023TTI/MinBias/MinBias_TuneZ2star_GEN_SIM_839.root
150202 22:41:19 19639 Xrd: XrdClientMessage::ReadRaw: Failed to read header (8 bytes).
02-Feb-2015 22:42:41 GMT  Closed file root://dcap.pp.rl.ac.uk:1094/pnfs/pp.rl.ac.uk/data/cms/store/user/dcieri/ttbar_SIM/ttbar/ttbar_SIM/150129_145223/0000/step1_211.root
02-Feb-2015 22:42:41 GMT  Closed file root://xrootd.unl.edu//store/group/dpg_trigger/comm_trigger/L1TrackTrigger/620_SLHC10/Extended2023TTI/MinBias/MinBias_TuneZ2star_GEN_SIM_839.root

=============================================

MessageLogger Summary

 type     category        sev    module        subroutine        count    total
 ---- -------------------- -- ---------------- ----------------  -----    -----
    1 fileAction           -s MixingModule:mix                      69       69
    2 fileAction           -s MixingModule:mix                       2        2
    3 fileAction           -s MixingModule:mix                       1        1
    4 fileAction           -s file_close                             1        1
    5 fileAction           -s file_open                              2        2

 type    category    Examples: run/evt        run/evt          run/evt
 ---- -------------------- ---------------- ---------------- ----------------
    1 fileAction           1/2101           1/2101           1/2110
    2 fileAction           pre-events       pre-events       
    3 fileAction           PostEndRun                        
    4 fileAction           PostEndRun                        
    5 fileAction           pre-events       pre-events       

Severity    # Occurrences   Total Occurrences
--------    -------------   -----------------
System                 75                  75
>>> END OF printout of 248 lines from stdout+stderr
>>> Parse FrameworkJobReport crab_fjr.xml
Result of parsing the FrameworkJobReport crab_fjr.xml: 
Extracted ExitStatus from FrameworkJobReport parsing output: 0
>>> Executable succeded  0
ExeExitCode=0
EXECUTABLE_EXIT_STATUS = 0
>>> current directory /scratch/condor/dir_32142/glide_DJXzTS/execute/dir_18937/CMSSW_6_2_0_SLHC12
>>>  (SOFTWARE_DIR): /scratch/condor/dir_32142/glide_DJXzTS/execute/dir_18937/CMSSW_6_2_0_SLHC12
>>> (WORKING_DIR): 
>>> current directory content:
total 243324
drwxr-xr-x 3 cms415 gplcms      4096 Feb  2 19:02 .SCRAM
-rw------- 1 cms415 gplcms    915837 Feb  2 19:02 CMSSW.py.pkl
drwxr-xr-x 3 cms415 gplcms      4096 Feb  2 19:02 bin
drwxr-xr-x 3 cms415 gplcms      4096 Feb  2 19:02 cfipython
drwxr-xr-x 4 cms415 gplcms      4096 Apr 28  2014 config
-rw------- 1 cms415 gplcms        16 Feb  2 22:42 cpu_timing.txt
drwxr-xr-x 2 cms415 gplcms      4096 Feb  2 19:02 doc
-rw------- 1 cms415 gplcms     27677 Feb  2 22:42 executable.out
drwxr-xr-x 2 cms415 gplcms      4096 Feb  2 19:02 include
drwx------ 3 cms415 gplcms      4096 Oct  7 10:12 lib
drwxr-xr-x 3 cms415 gplcms      4096 Feb  2 19:02 logs
drwxr-xr-x 3 cms415 gplcms      4096 Feb  2 19:02 objs
-rw------- 1 cms415 gplcms       104 Feb  2 19:02 pset.py
-rw------- 1 cms415 gplcms    926825 Feb  2 19:02 pset.py.pkl
-rw------- 1 cms415 gplcms       289 Feb  2 19:02 pset.pyc
drwxr-xr-x 2 cms415 gplcms      4096 Feb  2 19:02 python
-rw------- 1 cms415 gplcms       353 Feb  2 22:42 report.log
drwxr-xr-x 2 cms415 gplcms      4096 Feb  2 19:02 src
-rw------- 1 cms415 gplcms 246962225 Feb  2 22:42 step2.root
drwxr-xr-x 3 cms415 gplcms      4096 Feb  2 19:02 test
drwxr-xr-x 3 cms415 gplcms      4096 Feb  2 19:02 tmp
>>> current directory /scratch/condor/dir_32142/glide_DJXzTS/execute/dir_18937/CMSSW_6_2_0_SLHC12
>>> (SOFTWARE_DIR): /scratch/condor/dir_32142/glide_DJXzTS/execute/dir_18937/CMSSW_6_2_0_SLHC12
>>> (WORKING_DIR): 
>>> current directory content:
total 243324
drwxr-xr-x 3 cms415 gplcms      4096 Feb  2 19:02 .SCRAM
-rw------- 1 cms415 gplcms    915837 Feb  2 19:02 CMSSW.py.pkl
drwxr-xr-x 3 cms415 gplcms      4096 Feb  2 19:02 bin
drwxr-xr-x 3 cms415 gplcms      4096 Feb  2 19:02 cfipython
drwxr-xr-x 4 cms415 gplcms      4096 Apr 28  2014 config
-rw------- 1 cms415 gplcms        16 Feb  2 22:42 cpu_timing.txt
drwxr-xr-x 2 cms415 gplcms      4096 Feb  2 19:02 doc
-rw------- 1 cms415 gplcms     27677 Feb  2 22:42 executable.out
drwxr-xr-x 2 cms415 gplcms      4096 Feb  2 19:02 include
drwx------ 3 cms415 gplcms      4096 Oct  7 10:12 lib
drwxr-xr-x 3 cms415 gplcms      4096 Feb  2 19:02 logs
drwxr-xr-x 3 cms415 gplcms      4096 Feb  2 19:02 objs
-rw------- 1 cms415 gplcms       104 Feb  2 19:02 pset.py
-rw------- 1 cms415 gplcms    926825 Feb  2 19:02 pset.py.pkl
-rw------- 1 cms415 gplcms       289 Feb  2 19:02 pset.pyc
drwxr-xr-x 2 cms415 gplcms      4096 Feb  2 19:02 python
-rw------- 1 cms415 gplcms       353 Feb  2 22:42 report.log
drwxr-xr-x 2 cms415 gplcms      4096 Feb  2 19:02 src
-rw------- 1 cms415 gplcms 246962225 Feb  2 22:42 step2_24_1_Iw6.root
drwxr-xr-x 3 cms415 gplcms      4096 Feb  2 19:02 test
drwxr-xr-x 3 cms415 gplcms      4096 Feb  2 19:02 tmp
>>> current directory (RUNTIME_AREA):  /scratch/condor/dir_32142/glide_DJXzTS/execute/dir_18937
PNN = T2_UK_SGrid_RALPP
SE = heplnx204.pp.rl.ac.uk
SE_PATH = /srm/managerv2?SFN=/pnfs/pp.rl.ac.uk/data/cms/store/user/dcieri/ttbar_PU140_DIGI/dcieri/ttbar/ttbar_PU140_DIGI/3c0380cf82de79bc39966c93934c61fc/
LFNBaseName = /store/user/dcieri/ttbar_PU140_DIGI/dcieri/ttbar/ttbar_PU140_DIGI/3c0380cf82de79bc39966c93934c61fc/
USER = dcieri
endpoint = srm://heplnx204.pp.rl.ac.uk:8443/srm/managerv2?SFN=/pnfs/pp.rl.ac.uk/data/cms/store/user/dcieri/ttbar_PU140_DIGI/dcieri/ttbar/ttbar_PU140_DIGI/3c0380cf82de79bc39966c93934c61fc/
>>> Copy output files from WN = heplnc056.pp.rl.ac.uk to /srm/managerv2?SFN=/pnfs/pp.rl.ac.uk/data/cms/store/user/dcieri/ttbar_PU140_DIGI/dcieri/ttbar/ttbar_PU140_DIGI/3c0380cf82de79bc39966c93934c61fc/ :
python cmscp.py  --destination srm://heplnx204.pp.rl.ac.uk:8443/srm/managerv2?SFN=/pnfs/pp.rl.ac.uk/data/cms/store/user/dcieri/ttbar_PU140_DIGI/dcieri/ttbar/ttbar_PU140_DIGI/3c0380cf82de79bc39966c93934c61fc/ --inputFileList /scratch/condor/dir_32142/glide_DJXzTS/execute/dir_18937/CMSSW_6_2_0_SLHC12/step2_24_1_Iw6.root --middleware LCG --PNN T2_UK_SGrid_RALPP --se_name heplnx204.pp.rl.ac.uk --for_lfn /store/user/dcieri/ttbar_PU140_DIGI/dcieri/ttbar/ttbar_PU140_DIGI/3c0380cf82de79bc39966c93934c61fc/    
******************************************************
localSeName  =  heplnx204.pp.rl.ac.uk
remoteSeName =  heplnx204.pp.rl.ac.uk
******************************************************
{"/scratch/condor/dir_32142/glide_DJXzTS/execute/dir_18937/CMSSW_6_2_0_SLHC12/step2_24_1_Iw6.root": {"endpoint": "srm://heplnx204.pp.rl.ac.uk:8443/srm/managerv2?SFN=/pnfs/pp.rl.ac.uk/data/cms/store/user/dcieri/ttbar_PU140_DIGI/dcieri/ttbar/ttbar_PU140_DIGI/3c0380cf82de79bc39966c93934c61fc/", "surl_for_grid": "", "reason": "Copy succedeed with srm-lcg utils", "erCode": "0", "PNN": "T2_UK_SGrid_RALPP", "se_name": "heplnx204.pp.rl.ac.uk", "for_lfn": "/store/user/dcieri/ttbar_PU140_DIGI/dcieri/ttbar/ttbar_PU140_DIGI/3c0380cf82de79bc39966c93934c61fc/"}}/scratch/condor/dir_32142/glide_DJXzTS/execute/dir_18937
-------- cat /scratch/condor/dir_32142/glide_DJXzTS/execute/dir_18937/cmscpReport.sh 
#!/bin/bash
echo "Report for File: /scratch/condor/dir_32142/glide_DJXzTS/execute/dir_18937/CMSSW_6_2_0_SLHC12/step2_24_1_Iw6.root"
echo "LFN: /store/user/dcieri/ttbar_PU140_DIGI/dcieri/ttbar/ttbar_PU140_DIGI/3c0380cf82de79bc39966c93934c61fc/step2_24_1_Iw6.root"
echo "StorageElement: heplnx204.pp.rl.ac.uk"
echo "StageOutExitStatusReason = 'Copy succedeed with srm-lcg utils'" | tee -a $RUNTIME_AREA/$repo
echo "StageOutSE = heplnx204.pp.rl.ac.uk" >> $RUNTIME_AREA/$repo

export StageOutExitStatus=0
echo "StageOutExitStatus = 0" | tee -a $RUNTIME_AREA/$repo
-------- end of /scratch/condor/dir_32142/glide_DJXzTS/execute/dir_18937/cmscpReport.sh 
Report for File: /scratch/condor/dir_32142/glide_DJXzTS/execute/dir_18937/CMSSW_6_2_0_SLHC12/step2_24_1_Iw6.root
LFN: /store/user/dcieri/ttbar_PU140_DIGI/dcieri/ttbar/ttbar_PU140_DIGI/3c0380cf82de79bc39966c93934c61fc/step2_24_1_Iw6.root
StorageElement: heplnx204.pp.rl.ac.uk
StageOutExitStatusReason = 'Copy succedeed with srm-lcg utils'
StageOutExitStatus = 0
>>> current dir: /scratch/condor/dir_32142/glide_DJXzTS/execute/dir_18937
>>> current dir content:
total 8832
-rw-------  1 cms415 gplcms    2662 Feb  2 22:43 .SEinteraction.log
-rwx------  1 cms415 gplcms      52 Feb  2 19:00 .chirp_config
-rwx------  1 cms415 gplcms    7881 Feb  2 19:00 .job.ad
-rwx------  1 cms415 gplcms    9786 Feb  2 19:00 .machine.ad
-rw-------  1 cms415 gplcms     105 Feb  2 12:16 CMSSW.py
-rw-------  1 cms415 gplcms  915837 Feb  2 12:16 CMSSW.py.pkl
-rwx------  1 cms415 gplcms   29498 Feb  2 19:02 CMSSW.sh
drwxr-xr-x 15 cms415 gplcms    4096 Feb  2 22:42 CMSSW_6_2_0_SLHC12
-rw-------  1 cms415 gplcms     190 Feb  2 19:02 CacheEnv.sh
-rw-------  1 cms415 gplcms    7291 Nov 19 14:52 DashboardAPI.py
-rw-------  1 cms415 gplcms    6470 Feb  2 19:02 DashboardAPI.pyc
drwx------  2 cms415 gplcms    4096 Feb  2 22:42 IMProv
-rw-------  1 cms415 gplcms    2748 Nov 19 14:52 Logger.py
-rw-------  1 cms415 gplcms    3232 Feb  2 19:02 Logger.pyc
-rw-------  1 cms415 gplcms   24524 Nov 19 14:52 ProcInfo.py
-rw-------  1 cms415 gplcms   22645 Feb  2 19:02 ProcInfo.pyc
drwx------  7 cms415 gplcms    4096 Feb  2 19:02 ProdCommon
drwx------  3 cms415 gplcms    4096 Feb  2 19:02 WMCore
-rw-------  1 cms415 gplcms   13285 Feb  2 22:43 Watchdog_24.log
-rwx------  1 cms415 gplcms       0 Feb  2 19:02 _condor_stderr
-rwx---r--  1 cms415 gplcms   42430 Feb  2 22:43 _condor_stdout
-rw-------  1 cms415 gplcms   32895 Nov 19 14:52 apmon.py
-rw-------  1 cms415 gplcms   27958 Feb  2 19:02 apmon.pyc
-rwx------  1 cms415 gplcms  134309 Feb  2 19:02 arguments.xml
-rwx------  1 cms415 gplcms   38581 Nov 19 14:52 cmscp.py
-rw-------  1 cms415 gplcms     560 Feb  2 22:43 cmscpReport.sh
-rwx------  1 cms415 gplcms   29498 Feb  2 19:02 condor_exec.exe
-rw-------  1 cms415 gplcms     544 Feb  2 12:16 crab.cfg
-rwx------  1 cms415 gplcms    8610 Nov 19 14:52 crabWatchdog.sh
-rwx---r--  1 cms415 gplcms  112105 Feb  2 22:42 crab_fjr_24.xml
-rwx------  1 cms415 gplcms 7390485 Feb  2 19:01 default.tgz
-rwx------  1 cms415 gplcms    4488 Nov 19 14:52 fillCrabFjr.py
-rw-------  1 cms415 gplcms     226 Feb  2 19:02 inputsReport.txt
-rw-------  1 cms415 gplcms     243 Feb  2 22:43 jobreport.txt
-rw-------  1 cms415 gplcms   17352 Nov 19 14:52 parseCrabFjr.py
-rw-------  1 cms415 gplcms     321 Feb  2 19:02 report.log
-rwx--x--x  1 cms415 gplcms    1497 Nov 19 14:52 report.py
-rw-------  1 cms415 gplcms     554 Feb  2 22:43 resultCopyFile
lrwxrwxrwx  1 cms415 gplcms      95 Feb  2 22:42 step2.root -> /scratch/condor/dir_32142/glide_DJXzTS/execute/dir_18937/CMSSW_6_2_0_SLHC12/step2_24_1_Iw6.root
-rwx------  1 cms415 gplcms    8351 Nov 19 14:52 writeCfg.py
-rw-------  1 cms415 gplcms   10293 Feb  2 19:00 x509up_u62281
>>> Modify Job Report:
CMSSW_VERSION = CMSSW_6_2_0_SLHC12
ProcessedDataset = ttbar_PU140_DIGI
/scratch/condor/dir_32142/glide_DJXzTS/execute/dir_18937/ProdCommon/FwkJobRep/ModifyJobReport.py fjr /scratch/condor/dir_32142/glide_DJXzTS/execute/dir_18937/crab_fjr_24.xml json /scratch/condor/dir_32142/glide_DJXzTS/execute/dir_18937/resultCopyFile n_job 24_1_Iw6 PrimaryDataset ttbar  ApplicationFamily cmsRun ApplicationName cmsRun cmssw_version CMSSW_6_2_0_SLHC12 psethash 3c0380cf82de79bc39966c93934c61fc UserProcessedDataset dcieri-ttbar_PU140_DIGI-3c0380cf82de79bc39966c93934c61fc
inputDict =  {u'/scratch/condor/dir_32142/glide_DJXzTS/execute/dir_18937/CMSSW_6_2_0_SLHC12/step2_24_1_Iw6.root': {u'endpoint': u'srm://heplnx204.pp.rl.ac.uk:8443/srm/managerv2?SFN=/pnfs/pp.rl.ac.uk/data/cms/store/user/dcieri/ttbar_PU140_DIGI/dcieri/ttbar/ttbar_PU140_DIGI/3c0380cf82de79bc39966c93934c61fc/', u'surl_for_grid': u'', u'reason': u'Copy succedeed with srm-lcg utils', u'erCode': u'0', u'PNN': u'T2_UK_SGrid_RALPP', u'se_name': u'heplnx204.pp.rl.ac.uk', u'for_lfn': u'/store/user/dcieri/ttbar_PU140_DIGI/dcieri/ttbar/ttbar_PU140_DIGI/3c0380cf82de79bc39966c93934c61fc/'}}
UserProcessedDataset =  dcieri-ttbar_PU140_DIGI-3c0380cf82de79bc39966c93934c61fc
WORKING ON EDM FILE
file_name in inputDict =  /scratch/condor/dir_32142/glide_DJXzTS/execute/dir_18937/CMSSW_6_2_0_SLHC12/step2_24_1_Iw6.root
(size) os.stat(filename)[6] =  246962225
checksum =  1659898080
    file =  step2_24_1_Iw6.root
    newPfn =  srm://heplnx204.pp.rl.ac.uk:8443/srm/managerv2?SFN=/pnfs/pp.rl.ac.uk/data/cms/store/user/dcieri/ttbar_PU140_DIGI/dcieri/ttbar/ttbar_PU140_DIGI/3c0380cf82de79bc39966c93934c61fc/step2_24_1_Iw6.root
    newLfn =  /store/user/dcieri/ttbar_PU140_DIGI/dcieri/ttbar/ttbar_PU140_DIGI/3c0380cf82de79bc39966c93934c61fc/step2_24_1_Iw6.root
>>> crab_fjr_*.xml  permission set to 0704
CrabWrapper EXIT_FUNC entered at Mon Feb  2 22:43:35 GMT 2015   -  Mon Feb  2 22:43:35 UTC 2015
Checking output files:  
will tar file crab_fjr_24.xml in  out_files_24
WARNING: output file CMSSW_24.stdout not found!
WARNING: output file CMSSW_24.stderr not found!
WARNING: output file Watchdog_24.log.gz not found!
>>> padding time: Wrapper lasting more than 600 seconds. No sleep required.
STOPPING WATCHDOG. CrabWatchdog PID is 22142
********** LAST 50 LINES OF WATCHDOG LOG
 Feb 02 19:47:20 GMT	22275	1062792	1633800	71	130	2713	cmsRun -j /scratch/condor/dir_32142/glide_DJXzTS/execute/dir_18937/crab_fjr_24.xml -p pset.py      
 Feb 02 19:48:20 GMT	22275	1065776	1634312	71	132	2773	cmsRun -j /scratch/condor/dir_32142/glide_DJXzTS/execute/dir_18937/crab_fjr_24.xml -p pset.py      
 Feb 02 19:49:20 GMT	22275	1066552	1635080	71	134	2833	cmsRun -j /scratch/condor/dir_32142/glide_DJXzTS/execute/dir_18937/crab_fjr_24.xml -p pset.py      
 Feb 02 19:50:20 GMT	22275	1071508	1639176	71	136	2894	cmsRun -j /scratch/condor/dir_32142/glide_DJXzTS/execute/dir_18937/crab_fjr_24.xml -p pset.py      
 Feb 02 19:51:21 GMT	22275	1135232	1640200	71	142	2954	cmsRun -j /scratch/condor/dir_32142/glide_DJXzTS/execute/dir_18937/crab_fjr_24.xml -p pset.py      
 Feb 02 19:52:21 GMT	22275	1144376	1640200	71	143	3014	cmsRun -j /scratch/condor/dir_32142/glide_DJXzTS/execute/dir_18937/crab_fjr_24.xml -p pset.py      
 Feb 02 19:53:21 GMT	22275	1213880	1695240	71	149	3075	cmsRun -j /scratch/condor/dir_32142/glide_DJXzTS/execute/dir_18937/crab_fjr_24.xml -p pset.py      
 Feb 02 19:54:22 GMT	22275	1217696	1699080	71	151	3135	cmsRun -j /scratch/condor/dir_32142/glide_DJXzTS/execute/dir_18937/crab_fjr_24.xml -p pset.py      
 Feb 02 19:55:22 GMT	22275	1221416	1704200	71	153	3195	cmsRun -j /scratch/condor/dir_32142/glide_DJXzTS/execute/dir_18937/crab_fjr_24.xml -p pset.py      
 Feb 02 19:56:22 GMT	22275	1222904	1704200	71	155	3255	cmsRun -j /scratch/condor/dir_32142/glide_DJXzTS/execute/dir_18937/crab_fjr_24.xml -p pset.py      
 Feb 02 19:57:22 GMT	22275	1226752	1704200	71	157	3316	cmsRun -j /scratch/condor/dir_32142/glide_DJXzTS/execute/dir_18937/crab_fjr_24.xml -p pset.py      
 Feb 02 19:58:23 GMT	22275	1226752	1756936	71	173	3376	cmsRun -j /scratch/condor/dir_32142/glide_DJXzTS/execute/dir_18937/crab_fjr_24.xml -p pset.py      
 Feb 02 19:58:23 GMT	---	1226752	1756936	95	----	----	----
 Feb 02 19:59:23 GMT	22275	1226752	1761544	95	174	3436	cmsRun -j /scratch/condor/dir_32142/glide_DJXzTS/execute/dir_18937/crab_fjr_24.xml -p pset.py      
 Feb 02 20:00:23 GMT	22275	1226752	1762056	95	175	3496	cmsRun -j /scratch/condor/dir_32142/glide_DJXzTS/execute/dir_18937/crab_fjr_24.xml -p pset.py      
 Feb 02 20:10:26 GMT	22275	1226752	1763336	95	192	4099	cmsRun -j /scratch/condor/dir_32142/glide_DJXzTS/execute/dir_18937/crab_fjr_24.xml -p pset.py      
 Feb 02 20:12:27 GMT	22275	1226752	1771272	95	196	4220	cmsRun -j /scratch/condor/dir_32142/glide_DJXzTS/execute/dir_18937/crab_fjr_24.xml -p pset.py      
 Feb 02 20:16:28 GMT	22275	1226752	1776904	95	209	4461	cmsRun -j /scratch/condor/dir_32142/glide_DJXzTS/execute/dir_18937/crab_fjr_24.xml -p pset.py      
 Feb 02 20:17:28 GMT	22275	1246344	1787912	95	212	4521	cmsRun -j /scratch/condor/dir_32142/glide_DJXzTS/execute/dir_18937/crab_fjr_24.xml -p pset.py      
 Feb 02 20:18:28 GMT	22275	1249120	1790472	95	214	4582	cmsRun -j /scratch/condor/dir_32142/glide_DJXzTS/execute/dir_18937/crab_fjr_24.xml -p pset.py      
# TIME			PID	RSS(KB)	VSZ(KB)	Dsk(MB)	tCPU(s)	tWALL(s)	COMMAND
 Feb 02 20:19:29 GMT	22275	1249352	1790472	95	216	4642	cmsRun -j /scratch/condor/dir_32142/glide_DJXzTS/execute/dir_18937/crab_fjr_24.xml -p pset.py      
 Feb 02 20:20:29 GMT	22275	1251164	1790472	95	218	4702	cmsRun -j /scratch/condor/dir_32142/glide_DJXzTS/execute/dir_18937/crab_fjr_24.xml -p pset.py      
 Feb 02 20:21:29 GMT	---	1251164	1790472	115	----	----	----
 Feb 02 20:45:36 GMT	22275	1263992	1790472	115	276	6209	cmsRun -j /scratch/condor/dir_32142/glide_DJXzTS/execute/dir_18937/crab_fjr_24.xml -p pset.py      
 Feb 02 20:46:36 GMT	22275	1277116	1790472	115	277	6270	cmsRun -j /scratch/condor/dir_32142/glide_DJXzTS/execute/dir_18937/crab_fjr_24.xml -p pset.py      
 Feb 02 20:47:37 GMT	22275	1286044	1790472	115	278	6330	cmsRun -j /scratch/condor/dir_32142/glide_DJXzTS/execute/dir_18937/crab_fjr_24.xml -p pset.py      
 Feb 02 20:48:37 GMT	22275	1288820	1790472	115	279	6390	cmsRun -j /scratch/condor/dir_32142/glide_DJXzTS/execute/dir_18937/crab_fjr_24.xml -p pset.py      
 Feb 02 20:51:38 GMT	22275	1289440	1790472	115	283	6571	cmsRun -j /scratch/condor/dir_32142/glide_DJXzTS/execute/dir_18937/crab_fjr_24.xml -p pset.py      
 Feb 02 20:52:38 GMT	22275	1290148	1790472	115	284	6632	cmsRun -j /scratch/condor/dir_32142/glide_DJXzTS/execute/dir_18937/crab_fjr_24.xml -p pset.py      
 Feb 02 20:53:39 GMT	22275	1293812	1790472	115	285	6692	cmsRun -j /scratch/condor/dir_32142/glide_DJXzTS/execute/dir_18937/crab_fjr_24.xml -p pset.py      
 Feb 02 20:54:39 GMT	---	1293812	1790472	137	----	----	----
 Feb 02 21:07:43 GMT	22275	1293812	1796112	137	323	7536	cmsRun -j /scratch/condor/dir_32142/glide_DJXzTS/execute/dir_18937/crab_fjr_24.xml -p pset.py      
 Feb 02 21:08:43 GMT	22275	1293812	1804816	137	327	7596	cmsRun -j /scratch/condor/dir_32142/glide_DJXzTS/execute/dir_18937/crab_fjr_24.xml -p pset.py      
 Feb 02 21:09:43 GMT	22275	1293812	1806864	137	331	7656	cmsRun -j /scratch/condor/dir_32142/glide_DJXzTS/execute/dir_18937/crab_fjr_24.xml -p pset.py      
 Feb 02 21:10:43 GMT	22275	1321632	1823248	137	341	7717	cmsRun -j /scratch/condor/dir_32142/glide_DJXzTS/execute/dir_18937/crab_fjr_24.xml -p pset.py      
 Feb 02 21:11:44 GMT	22275	1346144	1825552	137	345	7778	cmsRun -j /scratch/condor/dir_32142/glide_DJXzTS/execute/dir_18937/crab_fjr_24.xml -p pset.py      
 Feb 02 21:12:45 GMT	22275	1350404	1825552	137	347	7838	cmsRun -j /scratch/condor/dir_32142/glide_DJXzTS/execute/dir_18937/crab_fjr_24.xml -p pset.py      
 Feb 02 21:13:45 GMT	22275	1353112	1825552	137	350	7898	cmsRun -j /scratch/condor/dir_32142/glide_DJXzTS/execute/dir_18937/crab_fjr_24.xml -p pset.py      
 Feb 02 21:15:46 GMT	22275	1513424	1953040	137	366	8019	cmsRun -j /scratch/condor/dir_32142/glide_DJXzTS/execute/dir_18937/crab_fjr_24.xml -p pset.py      
 Feb 02 21:15:46 GMT	---	1513424	1953040	152	----	----	----
 Feb 02 21:16:46 GMT	---	1513424	1953040	161	----	----	----
 Feb 02 21:38:52 GMT	---	1513424	1953040	185	----	----	----
 Feb 02 22:02:00 GMT	---	1513424	1953040	208	----	----	----
 Feb 02 22:21:06 GMT	---	1513424	1953040	228	----	----	----
 Feb 02 22:31:10 GMT	22275	1513424	1955344	228	646	12543	cmsRun -j /scratch/condor/dir_32142/glide_DJXzTS/execute/dir_18937/crab_fjr_24.xml -p pset.py      
 Feb 02 22:33:11 GMT	---	1513424	1955344	248	----	----	----
 Feb 02 22:40:13 GMT	22275	1513424	1968912	248	730	13087	cmsRun -j /scratch/condor/dir_32142/glide_DJXzTS/execute/dir_18937/crab_fjr_24.xml -p pset.py      
 Feb 02 22:42:14 GMT	22275	1513424	1972752	248	739	13207	cmsRun -j /scratch/condor/dir_32142/glide_DJXzTS/execute/dir_18937/crab_fjr_24.xml -p pset.py      
 Feb 02 22:43:14 GMT	---	1513424	1972752	273	----	----	----
********** WATCHDOG LOG ENDED
ZIPPING WATCHDOG LOG
Disk space used:
du -sh /scratch/condor/dir_32142/glide_DJXzTS/execute/dir_18937
273M	/scratch/condor/dir_32142/glide_DJXzTS/execute/dir_18937
Found unusual stdout, rename for OSB
`/scratch/condor/dir_32142/glide_DJXzTS/execute/dir_18937/_condor_stdout' -> `CMSSW_24.stdout'
Found unusual stderr, rename for OSB
`/scratch/condor/dir_32142/glide_DJXzTS/execute/dir_18937/_condor_stdout' -> `CMSSW_24.stderr'
crab_fjr_24.xml
CMSSW_24.stdout
CMSSW_24.stderr
Watchdog_24.log.gz
Total Output dimension: 25277
WARNING: output files size limit is set to: 50000000
Total Output dimension 25277 is fine.
JOB_EXIT_STATUS = 0
>>> info for dashboard:
***** Cat /scratch/condor/dir_32142/glide_DJXzTS/execute/dir_18937/jobreport.txt *****
MonitorJobID=24_https://submit-6.t2.ucsd.edu//150202//509447.23
MonitorID=dcieri_PU140_4dm08r
ExeTime=13232
ExeExitCode=0
StageOutExitStatusReason = 'Copy succedeed with srm-lcg utils'
StageOutSE = heplnx204.pp.rl.ac.uk
StageOutExitStatus = 0
CrabUserCpuTime=738.22
CrabSysCpuTime=24.47
CrabCpuPercentage=5%
CrabWrapperTime=13292
CrabStageoutTime=48
JobExitCode=0
***** End Cat jobreport *****
Parameters sent to Dashboard.
EXITING at Mon Feb  2 22:43:38 GMT 2015  -  Mon Feb  2 22:43:38 UTC 2015
