This script was generated by crab (version 2.11.1_patch1).
Running /scratch/condor/dir_16901/glide_A8KhYE/execute/dir_7536/condor_exec.exe with 2 positional parameters: 492 1
Today is Mon Feb  2 21:36:21 GMT 2015 - Mon Feb  2 21:36:21 UTC 2015
Job submitted on host heplnc315.pp.rl.ac.uk
Linux heplnc315.pp.rl.ac.uk 2.6.32-504.3.3.el6.x86_64 #1 SMP Tue Dec 16 14:29:22 CST 2014 x86_64 x86_64 x86_64 GNU/Linux
Distributor ID:	Scientific
Description:	Scientific Linux release 6.6 (Carbon)
>>> current directory (RUNTIME_AREA): /scratch/condor/dir_16901/glide_A8KhYE/execute/dir_7536
>>> current user: uid=157415(cms415) gid=157000(gplcms) groups=157000(gplcms)
>>> directory permission set to 0700
>>> umask set to:  u=rwx,g=,o=
>>> stdout stderr permission set to 0704
>>> voms proxy information:
subject   : /DC=ch/DC=cern/OU=Organic Units/OU=Users/CN=dcieri/CN=755391/CN=Davide Cieri/CN=769881070/CN=1680465206
issuer    : /DC=ch/DC=cern/OU=Organic Units/OU=Users/CN=dcieri/CN=755391/CN=Davide Cieri/CN=769881070
identity  : /DC=ch/DC=cern/OU=Organic Units/OU=Users/CN=dcieri/CN=755391/CN=Davide Cieri
type      : RFC3820 compliant limited proxy
strength  : 1024
path      : /scratch/condor/dir_16901/glide_A8KhYE/execute/dir_7536/x509up_u62281
timeleft  : 23:57:46
key usage : Digital Signature, Key Encipherment
=== VO cms extension information ===
VO        : cms
subject   : /DC=ch/DC=cern/OU=Organic Units/OU=Users/CN=dcieri/CN=755391/CN=Davide Cieri
issuer    : /DC=ch/DC=cern/OU=computers/CN=lcg-voms2.cern.ch
attribute : /cms/Role=NULL/Capability=NULL
timeleft  : 182:40:04
uri       : lcg-voms2.cern.ch:15002

WNHostName=heplnc315.pp.rl.ac.uk
$_CONDOR_JOB_AD =/scratch/condor/dir_16901/glide_A8KhYE/execute/dir_7536/.job.ad
OverflowFlag=0
>>> tar --no-same-permissions -xf /scratch/condor/dir_16901/glide_A8KhYE/execute/dir_7536/default.tgz :
Successful untar
>>> Include /scratch/condor/dir_16901/glide_A8KhYE/execute/dir_7536 in PYTHONPATH:
strip arguments
env var CRAB_UNIQUE_JOB_ID set to: dcieri_PU140_4dm08r_492_1_yEG
out_files_492
>>> list of expected files on output sandbox
output files: crab_fjr_492.xml CMSSW_492.stdout CMSSW_492.stderr Watchdog_492.log.gz
>>> GridFlavour discovery: 
GridFlavour=LCG
>>> SyncSite discovery: 
SyncSite=T2_UK_SGrid_RALPP
>>> SyncCE discovery: 
getting SyncCE from GLIDEIN_Gaekeeper
SyncCE=heplnv146.pp.rl.ac.uk
>>> info for dashboard:
***** Cat /scratch/condor/dir_16901/glide_A8KhYE/execute/dir_7536/jobreport.txt *****
WNHostName=heplnc315.pp.rl.ac.uk
OverflowFlag=0
MonitorJobID=492_https://submit-6.t2.ucsd.edu//150202//509448.91
SyncGridJobId=https://submit-6.t2.ucsd.edu//150202//509448.91
MonitorID=dcieri_PU140_4dm08r
GridFlavour=LCG
SyncSite=T2_UK_SGrid_RALPP
SyncCE=heplnv146.pp.rl.ac.uk
***** End Cat jobreport *****
Parameters sent to Dashboard.
>>> setup environment
set SCRAM ARCH to slc6_amd64_gcc472
SCRAM_ARCH = slc6_amd64_gcc472
>>> setup CMS LCG environment:
set SCRAM ARCH and BUILD_ARCH to slc6_amd64_gcc472 ###
Sourcing environment... 
sourcing /cvmfs/cms.cern.ch/cmsset_default.sh
==> setup cms environment ok
>>> specific cmssw setup environment:
CMSSW_VERSION =  CMSSW_6_2_0_SLHC12
WARNING: In non-interactive mode release checks e.g. deprecated releases, production architectures are disabled.
>>> current directory (SOFTWARE_DIR): /scratch/condor/dir_16901/glide_A8KhYE/execute/dir_7536/CMSSW_6_2_0_SLHC12
PreserveSeeds: <>
IncrementSeeds:<>
>>> info for dashboard:
***** Cat /scratch/condor/dir_16901/glide_A8KhYE/execute/dir_7536/jobreport.txt *****
MonitorJobID=492_https://submit-6.t2.ucsd.edu//150202//509448.91
MonitorID=dcieri_PU140_4dm08r
***** End Cat jobreport *****
Parameters sent to Dashboard.
crabWatchdog started as process 8512
>>> moving CMSSW software directories in /scratch/condor/dir_16901/glide_A8KhYE/execute/dir_7536/CMSSW_6_2_0_SLHC12
mv: cannot stat `/scratch/condor/dir_16901/glide_A8KhYE/execute/dir_7536/module/': No such file or directory
>>> Include /scratch/condor/dir_16901/glide_A8KhYE/execute/dir_7536 in PYTHONPATH:
PYTHONPATH=/scratch/condor/dir_16901/glide_A8KhYE/execute/dir_7536/:/scratch/condor/dir_16901/glide_A8KhYE/execute/dir_7536/CMSSW_6_2_0_SLHC12/python:/scratch/condor/dir_16901/glide_A8KhYE/execute/dir_7536/CMSSW_6_2_0_SLHC12/lib/slc6_amd64_gcc472:/cvmfs/cms.cern.ch/slc6_amd64_gcc472/cms/cmssw/CMSSW_6_2_0_SLHC12/python:/cvmfs/cms.cern.ch/slc6_amd64_gcc472/cms/cmssw/CMSSW_6_2_0_SLHC12/lib/slc6_amd64_gcc472:/cvmfs/cms.cern.ch/slc6_amd64_gcc472/cms/coral/CORAL_2_3_21-cms35/slc6_amd64_gcc472/python:/cvmfs/cms.cern.ch/slc6_amd64_gcc472/cms/coral/CORAL_2_3_21-cms35/slc6_amd64_gcc472/lib:/cvmfs/cms.cern.ch/slc6_amd64_gcc472/external/python-ldap/2.3.5-cms5/lib/python2.7/site-packages:/cvmfs/cms.cern.ch/slc6_amd64_gcc472/external/pyqt/4.8.1-cms5/lib/python2.7/site-packages:/cvmfs/cms.cern.ch/slc6_amd64_gcc472/external/py2-scipy/0.8.0-cms7/lib/python2.7/site-packages:/cvmfs/cms.cern.ch/slc6_amd64_gcc472/external/py2-matplotlib/1.0.1-cms7/lib/python2.7/site-packages:/cvmfs/cms.cern.ch/slc6_amd64_gcc472/external/sip/4.11.2-cms5/lib/python2.7/site-packages:/cvmfs/cms.cern.ch/slc6_amd64_gcc472/external/py2-pycurl/7.19.0-cms7/lib/python2.7/site-packages:/cvmfs/cms.cern.ch/slc6_amd64_gcc472/external/py2-numpy/1.6.1-cms7/lib/python2.7/site-packages:/cvmfs/cms.cern.ch/slc6_amd64_gcc472/external/py2-lint/0.25.1-cms5/lib/python2.7/site-packages:/cvmfs/cms.cern.ch/slc6_amd64_gcc472/external/py2-ipython/0.10-cms5/lib/python2.7/site-packages:/cvmfs/cms.cern.ch/slc6_amd64_gcc472/external/py2-cx-oracle/5.1-cms5/lib/python2.7/site-packages:/cvmfs/cms.cern.ch/slc6_amd64_gcc472/external/py2-cjson/1.0.5-cms5/lib/python2.7/site-packages:/cvmfs/cms.cern.ch/slc6_amd64_gcc472/cms/das-client/1.11.7/bin:/cvmfs/cms.cern.ch/slc6_amd64_gcc472/external/elementtree/1.2.6-cms5/share/lib/python2.7/site-packages:/cvmfs/cms.cern.ch/slc6_amd64_gcc472/external/rivet/1.8.2-cms9/lib/python2.7/site-packages:/cvmfs/cms.cern.ch/slc6_amd64_gcc472/external/pyminuit2/0.0.1-cms19/lib/python2.7/site-packages:/cvmfs/cms.cern.ch/slc6_amd64_gcc472/external/py2-pygithub/1.23.0-cms2/lib/python2.7/site-packages:/cvmfs/cms.cern.ch/slc6_amd64_gcc472/external/professor/1.0.0-cms19/lib/python2.7/site-packages:/cvmfs/cms.cern.ch/slc6_amd64_gcc472/lcg/root/5.34.07-cms/lib:/cvmfs/cms.cern.ch/slc6_amd64_gcc472/cms/dbs-client/DBS_2_1_9-cms5/lib:/cvmfs/cms.cern.ch/slc6_amd64_gcc472/cms/dbs-client/DBS_2_1_9-cms5/lib/DBSAPI:/cvmfs/cms.cern.ch/slc6_amd64_gcc472/external/cvs2git/5419-cms/lib:/scratch/condor/dir_16901/glide_A8KhYE/execute/dir_7536/
 
# LIMITS USED BY CRAB WATCHDOG:
# RSS  (KBytes)   : 2300000
# VSZ  (KBytes)   : 100000000
# DISK (MBytes)   : 19000
# CPU TIME        : 720h:0m:0s
# WALL CLOCK TIME : 21h:50m:0s
 
3c0380cf82de79bc39966c93934c61fc
PSETHASH = 3c0380cf82de79bc39966c93934c61fc
/scratch/condor/dir_16901/glide_A8KhYE/execute/dir_7536/writeCfg.py pset.py pset.py
Importing .py file
Setting parameters
RandomNumberGeneratorService found, will attempt to change seeds
inputBlocks=/ttbar/dcieri-ttbar_SIM-130075366148575c102f0d64fd3ac8f7/USER#42cb1519-7f11-43e2-ab9a-a013bd5404ac
inputFiles=/store/user/dcieri/ttbar_SIM/ttbar/ttbar_SIM/150129_145223/0000/step1_142.root
parentFiles=
lumisRange=
>>> Executable cmsRun
/cvmfs/cms.cern.ch/slc6_amd64_gcc472/cms/cmssw/CMSSW_6_2_0_SLHC12/bin/slc6_amd64_gcc472/cmsRun
ok executable found
>>> info for dashboard:
***** Cat /scratch/condor/dir_16901/glide_A8KhYE/execute/dir_7536/jobreport.txt *****
MonitorJobID=492_https://submit-6.t2.ucsd.edu//150202//509448.91
MonitorID=dcieri_PU140_4dm08r
ExeStart=cmsRun
***** End Cat jobreport *****
Parameters sent to Dashboard.
>>> cmsRun started at Mon Feb  2 21:36:29 UTC 2015
>>> cmsRun ended at Mon Feb  2 23:24:15 UTC 2015
>>> crab_fjr_*.xml  permission set to 0704
>>> info for dashboard:
***** Cat /scratch/condor/dir_16901/glide_A8KhYE/execute/dir_7536/jobreport.txt *****
MonitorJobID=492_https://submit-6.t2.ucsd.edu//150202//509448.91
MonitorID=dcieri_PU140_4dm08r
ExeEnd=cmsRun
***** End Cat jobreport *****
Parameters sent to Dashboard.
TIME_EXE = 6466 sec
>>> cmsRun wrote 203 lines of stdout+stderr
>>> START OF printout of 203 lines from stdout+stderr
271 DQMStore::DQMStore 
HcalTopologyIdealEP::HcalTopologyIdealEP
02-Feb-2015 21:36:39 GMT  Initiating request to open file root://dcap.pp.rl.ac.uk:1094/pnfs/pp.rl.ac.uk/data/cms/store/user/dcieri/ttbar_SIM/ttbar/ttbar_SIM/150129_145223/0000/step1_142.root
150202 21:36:40 8645 Xrd: CheckErrorStatus: Server [heplnx209.pp.rl.ac.uk:1094] declared: Request 3018 not supported(error code: 3013)
02-Feb-2015 21:36:40 GMT  Successfully opened file root://dcap.pp.rl.ac.uk:1094/pnfs/pp.rl.ac.uk/data/cms/store/user/dcieri/ttbar_SIM/ttbar/ttbar_SIM/150129_145223/0000/step1_142.root
02-Feb-2015 21:36:41 GMT  Initiating request to open file root://xrootd.unl.edu//store/group/dpg_trigger/comm_trigger/L1TrackTrigger/620_SLHC10/Extended2023TTI/MinBias/MinBias_TuneZ2star_GEN_SIM_1.root
02-Feb-2015 21:36:42 GMT  Successfully opened file root://xrootd.unl.edu//store/group/dpg_trigger/comm_trigger/L1TrackTrigger/620_SLHC10/Extended2023TTI/MinBias/MinBias_TuneZ2star_GEN_SIM_1.root
disableME1a = 0
HcalTopologyIdealEP::produce(const IdealGeometryRecord& iRecord)
mode = 2, maxDepthHB = 3, maxDepthHE = 5
RPCGeometryESModule :: produce
RPCGeometryESModule :: produce :: 1/4 Get Muon Ideal Geometry Record
RPCGeometryESModule :: produce :: 2/4 Get Muon DDD Constants
RPCGeometryESModule :: produce :: 3/4 Get Muon Numbering Record
in MuonNumberingInitialization::initializeMuonDDDConstants
about to make my new muonDDDConst_
in MuonNumberingInitialization::produce
RPCGeometryESModule :: produce :: 4/4 Build
Found:

	Barrel Stack layer 5 : 1008 stacks
	Barrel Stack layer 6 : 1320 stacks
	Barrel Stack layer 7 : 1836 stacks
	Barrel Stack layer 8 : 1152 stacks
	Barrel Stack layer 9 : 1488 stacks
	Barrel Stack layer 10 : 1824 stacks

	Endcap Stack disk 11 : 1360 stacks
	Endcap Stack disk 12 : 1360 stacks
	Endcap Stack disk 13 : 1360 stacks
	Endcap Stack disk 14 : 1360 stacks
	Endcap Stack disk 15 : 1360 stacks
Created 15428 stacks in 28 s

TTClusterBuilder< edm::Ref<edm::DetSetVector<PixelDigi>, PixelDigi, edm::refhelper::FindForDetSetVector<PixelDigi> > > loaded modules:
	TTClusterAlgorithm:	TTClusterAlgorithm_2d2013< edm::Ref<edm::DetSetVector<PixelDigi>, PixelDigi, edm::refhelper::FindForDetSetVector<PixelDigi> > >


TTStubBuilder< edm::Ref<edm::DetSetVector<PixelDigi>, PixelDigi, edm::refhelper::FindForDetSetVector<PixelDigi> > > loaded modules:
	TTStubAlgorithm:	TTStubAlgorithm_tab2013< edm::Ref<edm::DetSetVector<PixelDigi>, PixelDigi, edm::refhelper::FindForDetSetVector<PixelDigi> > >


TTClusterAssociator< edm::Ref<edm::DetSetVector<PixelDigi>, PixelDigi, edm::refhelper::FindForDetSetVector<PixelDigi> > > loaded.


TTStubAssociator< edm::Ref<edm::DetSetVector<PixelDigi>, PixelDigi, edm::refhelper::FindForDetSetVector<PixelDigi> > > loaded.


TTTrackAssociator< edm::Ref<edm::DetSetVector<PixelDigi>, PixelDigi, edm::refhelper::FindForDetSetVector<PixelDigi> > > loaded.

Begin processing the 1st record. Run 1, Event 1411, LumiSection 142 at 02-Feb-2015 21:37:29.801 GMT
02-Feb-2015 21:37:36 GMT  Closed file root://xrootd.unl.edu//store/group/dpg_trigger/comm_trigger/L1TrackTrigger/620_SLHC10/Extended2023TTI/MinBias/MinBias_TuneZ2star_GEN_SIM_1.root
02-Feb-2015 21:37:36 GMT  Initiating request to open file root://xrootd.unl.edu//store/group/dpg_trigger/comm_trigger/L1TrackTrigger/620_SLHC10/Extended2023TTI/MinBias/MinBias_TuneZ2star_GEN_SIM_84.root
02-Feb-2015 21:38:07 GMT  Successfully opened file root://xrootd.unl.edu//store/group/dpg_trigger/comm_trigger/L1TrackTrigger/620_SLHC10/Extended2023TTI/MinBias/MinBias_TuneZ2star_GEN_SIM_84.root
150202 21:42:39 8664 Xrd: XrdClientMessage::ReadRaw: Failed to read header (8 bytes).
150202 21:43:09 8662 Xrd: XrdClientMessage::ReadRaw: Failed to read header (8 bytes).
02-Feb-2015 21:45:32 GMT  Closed file root://xrootd.unl.edu//store/group/dpg_trigger/comm_trigger/L1TrackTrigger/620_SLHC10/Extended2023TTI/MinBias/MinBias_TuneZ2star_GEN_SIM_84.root
02-Feb-2015 21:45:32 GMT  Initiating request to open file root://xrootd.unl.edu//store/group/dpg_trigger/comm_trigger/L1TrackTrigger/620_SLHC10/Extended2023TTI/MinBias/MinBias_TuneZ2star_GEN_SIM_584.root
150202 21:46:00 14294 Xrd: CheckErrorStatus: Server [llrxrd-redir.in2p3.fr:1094] declared: session not found(error code: 3011)
02-Feb-2015 21:46:00 GMT  Successfully opened file root://xrootd.unl.edu//store/group/dpg_trigger/comm_trigger/L1TrackTrigger/620_SLHC10/Extended2023TTI/MinBias/MinBias_TuneZ2star_GEN_SIM_584.root
150202 21:50:39 9532 Xrd: XrdClientMessage::ReadRaw: Failed to read header (8 bytes).
150202 21:51:09 14329 Xrd: XrdClientMessage::ReadRaw: Failed to read header (8 bytes).
02-Feb-2015 21:53:54 GMT  Closed file root://xrootd.unl.edu//store/group/dpg_trigger/comm_trigger/L1TrackTrigger/620_SLHC10/Extended2023TTI/MinBias/MinBias_TuneZ2star_GEN_SIM_584.root
02-Feb-2015 21:53:54 GMT  Initiating request to open file root://xrootd.unl.edu//store/group/dpg_trigger/comm_trigger/L1TrackTrigger/620_SLHC10/Extended2023TTI/MinBias/MinBias_TuneZ2star_GEN_SIM_712.root
150202 21:54:25 20299 Xrd: CheckErrorStatus: Server [xrootd.ba.infn.it:1094] declared: session not found(error code: 3011)
02-Feb-2015 21:54:25 GMT  Successfully opened file root://xrootd.unl.edu//store/group/dpg_trigger/comm_trigger/L1TrackTrigger/620_SLHC10/Extended2023TTI/MinBias/MinBias_TuneZ2star_GEN_SIM_712.root
Building the geometry service
DTTSPhi::addTracoT: preview not present in TRACO trigger or its code=0  trigger not added!
Warning did not find digi
Warning did not find digi
Warning did not find digi
Warning did not find digi
Warning did not find digi in disks
Warning did not find digi in disks
Warning did not find digi in disks
Warning did not find digi in disks
150202 21:57:09 8653 Xrd: XrdClientMessage::ReadRaw: Failed to read header (8 bytes).
150202 21:57:09 8654 Xrd: XrdClientMessage::ReadRaw: Failed to read header (8 bytes).
150202 21:58:09 9531 Xrd: XrdClientMessage::ReadRaw: Failed to read header (8 bytes).
150202 21:59:09 14330 Xrd: XrdClientMessage::ReadRaw: Failed to read header (8 bytes).
150202 21:59:39 22164 Xrd: XrdClientMessage::ReadRaw: Failed to read header (8 bytes).
02-Feb-2015 22:01:00 GMT  Closed file root://xrootd.unl.edu//store/group/dpg_trigger/comm_trigger/L1TrackTrigger/620_SLHC10/Extended2023TTI/MinBias/MinBias_TuneZ2star_GEN_SIM_712.root
02-Feb-2015 22:01:00 GMT  Initiating request to open file root://xrootd.unl.edu//store/group/dpg_trigger/comm_trigger/L1TrackTrigger/620_SLHC10/Extended2023TTI/MinBias/MinBias_TuneZ2star_GEN_SIM_890.root
150202 22:01:45 32573 Xrd: CheckErrorStatus: Server [xrootd.ba.infn.it:1094] declared: session not found(error code: 3011)
02-Feb-2015 22:01:45 GMT  Successfully opened file root://xrootd.unl.edu//store/group/dpg_trigger/comm_trigger/L1TrackTrigger/620_SLHC10/Extended2023TTI/MinBias/MinBias_TuneZ2star_GEN_SIM_890.root
02-Feb-2015 22:05:19 GMT  Closed file root://xrootd.unl.edu//store/group/dpg_trigger/comm_trigger/L1TrackTrigger/620_SLHC10/Extended2023TTI/MinBias/MinBias_TuneZ2star_GEN_SIM_890.root
02-Feb-2015 22:05:19 GMT  Initiating request to open file root://xrootd.unl.edu//store/group/dpg_trigger/comm_trigger/L1TrackTrigger/620_SLHC10/Extended2023TTI/MinBias/MinBias_TuneZ2star_GEN_SIM_391.root
150202 22:05:52 1955 Xrd: CheckErrorStatus: Server [cms-xrd-global.cern.ch:1094] declared: session not found(error code: 3011)
02-Feb-2015 22:05:52 GMT  Successfully opened file root://xrootd.unl.edu//store/group/dpg_trigger/comm_trigger/L1TrackTrigger/620_SLHC10/Extended2023TTI/MinBias/MinBias_TuneZ2star_GEN_SIM_391.root
150202 22:06:09 22165 Xrd: XrdClientMessage::ReadRaw: Failed to read header (8 bytes).
150202 22:06:09 14328 Xrd: XrdClientMessage::ReadRaw: Failed to read header (8 bytes).
02-Feb-2015 22:09:16 GMT  Closed file root://xrootd.unl.edu//store/group/dpg_trigger/comm_trigger/L1TrackTrigger/620_SLHC10/Extended2023TTI/MinBias/MinBias_TuneZ2star_GEN_SIM_391.root
02-Feb-2015 22:09:16 GMT  Initiating request to open file root://xrootd.unl.edu//store/group/dpg_trigger/comm_trigger/L1TrackTrigger/620_SLHC10/Extended2023TTI/MinBias/MinBias_TuneZ2star_GEN_SIM_524.root
150202 22:10:39 475 Xrd: XrdClientMessage::ReadRaw: Failed to read header (8 bytes).
02-Feb-2015 22:11:07 GMT  Successfully opened file root://xrootd.unl.edu//store/group/dpg_trigger/comm_trigger/L1TrackTrigger/620_SLHC10/Extended2023TTI/MinBias/MinBias_TuneZ2star_GEN_SIM_524.root
150202 22:14:40 2205 Xrd: XrdClientMessage::ReadRaw: Failed to read header (8 bytes).
150202 22:15:55 474 Xrd: XrdClientMessage::ReadRaw: Failed to read header (8 bytes).
150202 22:16:10 4172 Xrd: XrdClientMessage::ReadRaw: Failed to read header (8 bytes).
02-Feb-2015 22:18:22 GMT  Closed file root://xrootd.unl.edu//store/group/dpg_trigger/comm_trigger/L1TrackTrigger/620_SLHC10/Extended2023TTI/MinBias/MinBias_TuneZ2star_GEN_SIM_524.root
02-Feb-2015 22:18:22 GMT  Initiating request to open file root://xrootd.unl.edu//store/group/dpg_trigger/comm_trigger/L1TrackTrigger/620_SLHC10/Extended2023TTI/MinBias/MinBias_TuneZ2star_GEN_SIM_858.root
150202 22:23:40 4173 Xrd: XrdClientMessage::ReadRaw: Failed to read header (8 bytes).
150202 22:24:21 6497 Xrd: CheckErrorStatus: Server [xrootd.ba.infn.it:1094] declared: session not found(error code: 3011)
02-Feb-2015 22:24:22 GMT  Successfully opened file root://xrootd.unl.edu//store/group/dpg_trigger/comm_trigger/L1TrackTrigger/620_SLHC10/Extended2023TTI/MinBias/MinBias_TuneZ2star_GEN_SIM_858.root
150202 22:26:09 2204 Xrd: XrdClientMessage::ReadRaw: Failed to read header (8 bytes).
02-Feb-2015 22:29:18 GMT  Closed file root://xrootd.unl.edu//store/group/dpg_trigger/comm_trigger/L1TrackTrigger/620_SLHC10/Extended2023TTI/MinBias/MinBias_TuneZ2star_GEN_SIM_858.root
02-Feb-2015 22:29:18 GMT  Initiating request to open file root://xrootd.unl.edu//store/group/dpg_trigger/comm_trigger/L1TrackTrigger/620_SLHC10/Extended2023TTI/MinBias/MinBias_TuneZ2star_GEN_SIM_601.root
150202 22:29:28 8599 Xrd: XrdClientMessage::ReadRaw: Failed to read header (8 bytes).
150202 22:29:28 10774 Xrd: CheckErrorStatus: Server [cms-xrd-global.cern.ch:1094] declared: session not found(error code: 3011)
150202 22:29:28 10774 Xrd: CheckErrorStatus: Server [xrootd-redic.pi.infn.it:1094] declared: session not found(error code: 3011)
02-Feb-2015 22:29:28 GMT  Successfully opened file root://xrootd.unl.edu//store/group/dpg_trigger/comm_trigger/L1TrackTrigger/620_SLHC10/Extended2023TTI/MinBias/MinBias_TuneZ2star_GEN_SIM_601.root
02-Feb-2015 22:33:47 GMT  Closed file root://xrootd.unl.edu//store/group/dpg_trigger/comm_trigger/L1TrackTrigger/620_SLHC10/Extended2023TTI/MinBias/MinBias_TuneZ2star_GEN_SIM_601.root
02-Feb-2015 22:33:47 GMT  Initiating request to open file root://xrootd.unl.edu//store/group/dpg_trigger/comm_trigger/L1TrackTrigger/620_SLHC10/Extended2023TTI/MinBias/MinBias_TuneZ2star_GEN_SIM_120.root
150202 22:34:18 12250 Xrd: CheckErrorStatus: Server [cms-xrd-global.cern.ch:1094] declared: session not found(error code: 3011)
02-Feb-2015 22:34:18 GMT  Successfully opened file root://xrootd.unl.edu//store/group/dpg_trigger/comm_trigger/L1TrackTrigger/620_SLHC10/Extended2023TTI/MinBias/MinBias_TuneZ2star_GEN_SIM_120.root
150202 22:34:39 8601 Xrd: XrdClientMessage::ReadRaw: Failed to read header (8 bytes).
02-Feb-2015 22:38:10 GMT  Closed file root://xrootd.unl.edu//store/group/dpg_trigger/comm_trigger/L1TrackTrigger/620_SLHC10/Extended2023TTI/MinBias/MinBias_TuneZ2star_GEN_SIM_120.root
02-Feb-2015 22:38:10 GMT  Initiating request to open file root://xrootd.unl.edu//store/group/dpg_trigger/comm_trigger/L1TrackTrigger/620_SLHC10/Extended2023TTI/MinBias/MinBias_TuneZ2star_GEN_SIM_831.root
150202 22:38:41 13305 Xrd: CheckErrorStatus: Server [eoscms.cern.ch:1094] declared: session not found(error code: 3011)
02-Feb-2015 22:38:41 GMT  Successfully opened file root://xrootd.unl.edu//store/group/dpg_trigger/comm_trigger/L1TrackTrigger/620_SLHC10/Extended2023TTI/MinBias/MinBias_TuneZ2star_GEN_SIM_831.root
150202 22:39:09 10779 Xrd: XrdClientMessage::ReadRaw: Failed to read header (8 bytes).
02-Feb-2015 22:42:06 GMT  Closed file root://xrootd.unl.edu//store/group/dpg_trigger/comm_trigger/L1TrackTrigger/620_SLHC10/Extended2023TTI/MinBias/MinBias_TuneZ2star_GEN_SIM_831.root
02-Feb-2015 22:42:06 GMT  Initiating request to open file root://xrootd.unl.edu//store/group/dpg_trigger/comm_trigger/L1TrackTrigger/620_SLHC10/Extended2023TTI/MinBias/MinBias_TuneZ2star_GEN_SIM_398.root
02-Feb-2015 22:42:37 GMT  Successfully opened file root://xrootd.unl.edu//store/group/dpg_trigger/comm_trigger/L1TrackTrigger/620_SLHC10/Extended2023TTI/MinBias/MinBias_TuneZ2star_GEN_SIM_398.root
150202 22:43:40 12259 Xrd: XrdClientMessage::ReadRaw: Failed to read header (8 bytes).
02-Feb-2015 22:46:04 GMT  Closed file root://xrootd.unl.edu//store/group/dpg_trigger/comm_trigger/L1TrackTrigger/620_SLHC10/Extended2023TTI/MinBias/MinBias_TuneZ2star_GEN_SIM_398.root
02-Feb-2015 22:46:04 GMT  Initiating request to open file root://xrootd.unl.edu//store/group/dpg_trigger/comm_trigger/L1TrackTrigger/620_SLHC10/Extended2023TTI/MinBias/MinBias_TuneZ2star_GEN_SIM_328.root
02-Feb-2015 22:46:35 GMT  Successfully opened file root://xrootd.unl.edu//store/group/dpg_trigger/comm_trigger/L1TrackTrigger/620_SLHC10/Extended2023TTI/MinBias/MinBias_TuneZ2star_GEN_SIM_328.root
150202 22:47:09 13560 Xrd: XrdClientMessage::ReadRaw: Failed to read header (8 bytes).
02-Feb-2015 22:50:28 GMT  Closed file root://xrootd.unl.edu//store/group/dpg_trigger/comm_trigger/L1TrackTrigger/620_SLHC10/Extended2023TTI/MinBias/MinBias_TuneZ2star_GEN_SIM_328.root
02-Feb-2015 22:50:28 GMT  Initiating request to open file root://xrootd.unl.edu//store/group/dpg_trigger/comm_trigger/L1TrackTrigger/620_SLHC10/Extended2023TTI/MinBias/MinBias_TuneZ2star_GEN_SIM_294.root
02-Feb-2015 22:51:00 GMT  Successfully opened file root://xrootd.unl.edu//store/group/dpg_trigger/comm_trigger/L1TrackTrigger/620_SLHC10/Extended2023TTI/MinBias/MinBias_TuneZ2star_GEN_SIM_294.root
150202 22:51:09 14438 Xrd: XrdClientMessage::ReadRaw: Failed to read header (8 bytes).
02-Feb-2015 22:54:20 GMT  Closed file root://xrootd.unl.edu//store/group/dpg_trigger/comm_trigger/L1TrackTrigger/620_SLHC10/Extended2023TTI/MinBias/MinBias_TuneZ2star_GEN_SIM_294.root
02-Feb-2015 22:54:20 GMT  Initiating request to open file root://xrootd.unl.edu//store/group/dpg_trigger/comm_trigger/L1TrackTrigger/620_SLHC10/Extended2023TTI/MinBias/MinBias_TuneZ2star_GEN_SIM_749.root
150202 22:54:21 12258 Xrd: XrdClientMessage::ReadRaw: Failed to read header (8 bytes).
150202 22:54:51 2038 Xrd: CheckErrorStatus: Server [cms-xrd-global.cern.ch:1094] declared: session not found(error code: 3011)
02-Feb-2015 22:54:51 GMT  Successfully opened file root://xrootd.unl.edu//store/group/dpg_trigger/comm_trigger/L1TrackTrigger/620_SLHC10/Extended2023TTI/MinBias/MinBias_TuneZ2star_GEN_SIM_749.root
150202 22:55:39 21366 Xrd: XrdClientMessage::ReadRaw: Failed to read header (8 bytes).
02-Feb-2015 22:58:12 GMT  Closed file root://xrootd.unl.edu//store/group/dpg_trigger/comm_trigger/L1TrackTrigger/620_SLHC10/Extended2023TTI/MinBias/MinBias_TuneZ2star_GEN_SIM_749.root
02-Feb-2015 22:58:12 GMT  Initiating request to open file root://xrootd.unl.edu//store/group/dpg_trigger/comm_trigger/L1TrackTrigger/620_SLHC10/Extended2023TTI/MinBias/MinBias_TuneZ2star_GEN_SIM_616.root
150202 22:58:42 3082 Xrd: CheckErrorStatus: Server [eoscms.cern.ch:1094] declared: session not found(error code: 3011)
02-Feb-2015 22:58:42 GMT  Successfully opened file root://xrootd.unl.edu//store/group/dpg_trigger/comm_trigger/L1TrackTrigger/620_SLHC10/Extended2023TTI/MinBias/MinBias_TuneZ2star_GEN_SIM_616.root
150202 22:59:39 792 Xrd: XrdClientMessage::ReadRaw: Failed to read header (8 bytes).
02-Feb-2015 23:00:43 GMT  Closed file root://xrootd.unl.edu//store/group/dpg_trigger/comm_trigger/L1TrackTrigger/620_SLHC10/Extended2023TTI/MinBias/MinBias_TuneZ2star_GEN_SIM_616.root
02-Feb-2015 23:00:43 GMT  Initiating request to open file root://xrootd.unl.edu//store/group/dpg_trigger/comm_trigger/L1TrackTrigger/620_SLHC10/Extended2023TTI/MinBias/MinBias_TuneZ2star_GEN_SIM_307.root
02-Feb-2015 23:01:14 GMT  Successfully opened file root://xrootd.unl.edu//store/group/dpg_trigger/comm_trigger/L1TrackTrigger/620_SLHC10/Extended2023TTI/MinBias/MinBias_TuneZ2star_GEN_SIM_307.root
150202 23:03:39 2270 Xrd: XrdClientMessage::ReadRaw: Failed to read header (8 bytes).
02-Feb-2015 23:04:30 GMT  Closed file root://xrootd.unl.edu//store/group/dpg_trigger/comm_trigger/L1TrackTrigger/620_SLHC10/Extended2023TTI/MinBias/MinBias_TuneZ2star_GEN_SIM_307.root
02-Feb-2015 23:04:30 GMT  Initiating request to open file root://xrootd.unl.edu//store/group/dpg_trigger/comm_trigger/L1TrackTrigger/620_SLHC10/Extended2023TTI/MinBias/MinBias_TuneZ2star_GEN_SIM_71.root
02-Feb-2015 23:05:01 GMT  Successfully opened file root://xrootd.unl.edu//store/group/dpg_trigger/comm_trigger/L1TrackTrigger/620_SLHC10/Extended2023TTI/MinBias/MinBias_TuneZ2star_GEN_SIM_71.root
150202 23:06:10 3236 Xrd: XrdClientMessage::ReadRaw: Failed to read header (8 bytes).
02-Feb-2015 23:07:18 GMT  Closed file root://xrootd.unl.edu//store/group/dpg_trigger/comm_trigger/L1TrackTrigger/620_SLHC10/Extended2023TTI/MinBias/MinBias_TuneZ2star_GEN_SIM_71.root
02-Feb-2015 23:07:18 GMT  Initiating request to open file root://xrootd.unl.edu//store/group/dpg_trigger/comm_trigger/L1TrackTrigger/620_SLHC10/Extended2023TTI/MinBias/MinBias_TuneZ2star_GEN_SIM_503.root
02-Feb-2015 23:07:49 GMT  Successfully opened file root://xrootd.unl.edu//store/group/dpg_trigger/comm_trigger/L1TrackTrigger/620_SLHC10/Extended2023TTI/MinBias/MinBias_TuneZ2star_GEN_SIM_503.root
150202 23:09:39 3920 Xrd: XrdClientMessage::ReadRaw: Failed to read header (8 bytes).
DTTSPhi::addTracoT: preview not present in TRACO trigger or its code=0  trigger not added!
02-Feb-2015 23:10:15 GMT  Closed file root://xrootd.unl.edu//store/group/dpg_trigger/comm_trigger/L1TrackTrigger/620_SLHC10/Extended2023TTI/MinBias/MinBias_TuneZ2star_GEN_SIM_503.root
02-Feb-2015 23:10:15 GMT  Initiating request to open file root://xrootd.unl.edu//store/group/dpg_trigger/comm_trigger/L1TrackTrigger/620_SLHC10/Extended2023TTI/MinBias/MinBias_TuneZ2star_GEN_SIM_436.root
02-Feb-2015 23:10:46 GMT  Successfully opened file root://xrootd.unl.edu//store/group/dpg_trigger/comm_trigger/L1TrackTrigger/620_SLHC10/Extended2023TTI/MinBias/MinBias_TuneZ2star_GEN_SIM_436.root
150202 23:12:39 5161 Xrd: XrdClientMessage::ReadRaw: Failed to read header (8 bytes).
02-Feb-2015 23:14:10 GMT  Closed file root://xrootd.unl.edu//store/group/dpg_trigger/comm_trigger/L1TrackTrigger/620_SLHC10/Extended2023TTI/MinBias/MinBias_TuneZ2star_GEN_SIM_436.root
02-Feb-2015 23:14:10 GMT  Initiating request to open file root://xrootd.unl.edu//store/group/dpg_trigger/comm_trigger/L1TrackTrigger/620_SLHC10/Extended2023TTI/MinBias/MinBias_TuneZ2star_GEN_SIM_735.root
02-Feb-2015 23:14:41 GMT  Successfully opened file root://xrootd.unl.edu//store/group/dpg_trigger/comm_trigger/L1TrackTrigger/620_SLHC10/Extended2023TTI/MinBias/MinBias_TuneZ2star_GEN_SIM_735.root
150202 23:15:09 2269 Xrd: XrdClientMessage::ReadRaw: Failed to read header (8 bytes).
150202 23:15:39 5955 Xrd: XrdClientMessage::ReadRaw: Failed to read header (8 bytes).
02-Feb-2015 23:16:35 GMT  Closed file root://xrootd.unl.edu//store/group/dpg_trigger/comm_trigger/L1TrackTrigger/620_SLHC10/Extended2023TTI/MinBias/MinBias_TuneZ2star_GEN_SIM_735.root
02-Feb-2015 23:16:35 GMT  Initiating request to open file root://xrootd.unl.edu//store/group/dpg_trigger/comm_trigger/L1TrackTrigger/620_SLHC10/Extended2023TTI/MinBias/MinBias_TuneZ2star_GEN_SIM_830.root
150202 23:17:06 8454 Xrd: CheckErrorStatus: Server [cms-xrd-global.cern.ch:1094] declared: session not found(error code: 3011)
02-Feb-2015 23:17:06 GMT  Successfully opened file root://xrootd.unl.edu//store/group/dpg_trigger/comm_trigger/L1TrackTrigger/620_SLHC10/Extended2023TTI/MinBias/MinBias_TuneZ2star_GEN_SIM_830.root
02-Feb-2015 23:19:20 GMT  Closed file root://xrootd.unl.edu//store/group/dpg_trigger/comm_trigger/L1TrackTrigger/620_SLHC10/Extended2023TTI/MinBias/MinBias_TuneZ2star_GEN_SIM_830.root
02-Feb-2015 23:19:20 GMT  Initiating request to open file root://xrootd.unl.edu//store/group/dpg_trigger/comm_trigger/L1TrackTrigger/620_SLHC10/Extended2023TTI/MinBias/MinBias_TuneZ2star_GEN_SIM_54.root
150202 23:19:20 6708 Xrd: XrdClientMessage::ReadRaw: Failed to read header (8 bytes).
02-Feb-2015 23:19:51 GMT  Successfully opened file root://xrootd.unl.edu//store/group/dpg_trigger/comm_trigger/L1TrackTrigger/620_SLHC10/Extended2023TTI/MinBias/MinBias_TuneZ2star_GEN_SIM_54.root
150202 23:21:39 8014 Xrd: XrdClientMessage::ReadRaw: Failed to read header (8 bytes).
02-Feb-2015 23:22:12 GMT  Closed file root://xrootd.unl.edu//store/group/dpg_trigger/comm_trigger/L1TrackTrigger/620_SLHC10/Extended2023TTI/MinBias/MinBias_TuneZ2star_GEN_SIM_54.root
02-Feb-2015 23:22:12 GMT  Initiating request to open file root://xrootd.unl.edu//store/group/dpg_trigger/comm_trigger/L1TrackTrigger/620_SLHC10/Extended2023TTI/MinBias/MinBias_TuneZ2star_GEN_SIM_726.root
02-Feb-2015 23:22:43 GMT  Successfully opened file root://xrootd.unl.edu//store/group/dpg_trigger/comm_trigger/L1TrackTrigger/620_SLHC10/Extended2023TTI/MinBias/MinBias_TuneZ2star_GEN_SIM_726.root
02-Feb-2015 23:24:13 GMT  Closed file root://dcap.pp.rl.ac.uk:1094/pnfs/pp.rl.ac.uk/data/cms/store/user/dcieri/ttbar_SIM/ttbar/ttbar_SIM/150129_145223/0000/step1_142.root
02-Feb-2015 23:24:13 GMT  Closed file root://xrootd.unl.edu//store/group/dpg_trigger/comm_trigger/L1TrackTrigger/620_SLHC10/Extended2023TTI/MinBias/MinBias_TuneZ2star_GEN_SIM_726.root

=============================================

MessageLogger Summary

 type     category        sev    module        subroutine        count    total
 ---- -------------------- -- ---------------- ----------------  -----    -----
    1 fileAction           -s MixingModule:mix                      69       69
    2 fileAction           -s MixingModule:mix                       2        2
    3 fileAction           -s MixingModule:mix                       1        1
    4 fileAction           -s file_close                             1        1
    5 fileAction           -s file_open                              2        2

 type    category    Examples: run/evt        run/evt          run/evt
 ---- -------------------- ---------------- ---------------- ----------------
    1 fileAction           1/1411           1/1411           1/1420
    2 fileAction           pre-events       pre-events       
    3 fileAction           PostEndRun                        
    4 fileAction           PostEndRun                        
    5 fileAction           pre-events       pre-events       

Severity    # Occurrences   Total Occurrences
--------    -------------   -----------------
System                 75                  75
>>> END OF printout of 203 lines from stdout+stderr
>>> Parse FrameworkJobReport crab_fjr.xml
Result of parsing the FrameworkJobReport crab_fjr.xml: 
Extracted ExitStatus from FrameworkJobReport parsing output: 0
>>> Executable succeded  0
ExeExitCode=0
EXECUTABLE_EXIT_STATUS = 0
>>> current directory /scratch/condor/dir_16901/glide_A8KhYE/execute/dir_7536/CMSSW_6_2_0_SLHC12
>>>  (SOFTWARE_DIR): /scratch/condor/dir_16901/glide_A8KhYE/execute/dir_7536/CMSSW_6_2_0_SLHC12
>>> (WORKING_DIR): 
>>> current directory content:
total 249824
drwxr-xr-x 3 cms415 gplcms      4096 Feb  2 21:36 .SCRAM
-rw------- 1 cms415 gplcms    915837 Feb  2 21:36 CMSSW.py.pkl
drwxr-xr-x 3 cms415 gplcms      4096 Feb  2 21:36 bin
drwxr-xr-x 3 cms415 gplcms      4096 Feb  2 21:36 cfipython
drwxr-xr-x 4 cms415 gplcms      4096 Apr 28  2014 config
-rw------- 1 cms415 gplcms        17 Feb  2 23:24 cpu_timing.txt
drwxr-xr-x 2 cms415 gplcms      4096 Feb  2 21:36 doc
-rw------- 1 cms415 gplcms     22910 Feb  2 23:24 executable.out
drwxr-xr-x 2 cms415 gplcms      4096 Feb  2 21:36 include
drwx------ 3 cms415 gplcms      4096 Oct  7 10:12 lib
drwxr-xr-x 3 cms415 gplcms      4096 Feb  2 21:36 logs
drwxr-xr-x 3 cms415 gplcms      4096 Feb  2 21:36 objs
-rw------- 1 cms415 gplcms       104 Feb  2 21:36 pset.py
-rw------- 1 cms415 gplcms    926827 Feb  2 21:36 pset.py.pkl
-rw------- 1 cms415 gplcms       289 Feb  2 21:36 pset.pyc
drwxr-xr-x 2 cms415 gplcms      4096 Feb  2 21:36 python
-rw------- 1 cms415 gplcms       356 Feb  2 23:24 report.log
drwxr-xr-x 2 cms415 gplcms      4096 Feb  2 21:36 src
-rw------- 1 cms415 gplcms 253614532 Feb  2 23:24 step2.root
drwxr-xr-x 3 cms415 gplcms      4096 Feb  2 21:36 test
drwxr-xr-x 3 cms415 gplcms      4096 Feb  2 21:36 tmp
>>> current directory /scratch/condor/dir_16901/glide_A8KhYE/execute/dir_7536/CMSSW_6_2_0_SLHC12
>>> (SOFTWARE_DIR): /scratch/condor/dir_16901/glide_A8KhYE/execute/dir_7536/CMSSW_6_2_0_SLHC12
>>> (WORKING_DIR): 
>>> current directory content:
total 249824
drwxr-xr-x 3 cms415 gplcms      4096 Feb  2 21:36 .SCRAM
-rw------- 1 cms415 gplcms    915837 Feb  2 21:36 CMSSW.py.pkl
drwxr-xr-x 3 cms415 gplcms      4096 Feb  2 21:36 bin
drwxr-xr-x 3 cms415 gplcms      4096 Feb  2 21:36 cfipython
drwxr-xr-x 4 cms415 gplcms      4096 Apr 28  2014 config
-rw------- 1 cms415 gplcms        17 Feb  2 23:24 cpu_timing.txt
drwxr-xr-x 2 cms415 gplcms      4096 Feb  2 21:36 doc
-rw------- 1 cms415 gplcms     22910 Feb  2 23:24 executable.out
drwxr-xr-x 2 cms415 gplcms      4096 Feb  2 21:36 include
drwx------ 3 cms415 gplcms      4096 Oct  7 10:12 lib
drwxr-xr-x 3 cms415 gplcms      4096 Feb  2 21:36 logs
drwxr-xr-x 3 cms415 gplcms      4096 Feb  2 21:36 objs
-rw------- 1 cms415 gplcms       104 Feb  2 21:36 pset.py
-rw------- 1 cms415 gplcms    926827 Feb  2 21:36 pset.py.pkl
-rw------- 1 cms415 gplcms       289 Feb  2 21:36 pset.pyc
drwxr-xr-x 2 cms415 gplcms      4096 Feb  2 21:36 python
-rw------- 1 cms415 gplcms       356 Feb  2 23:24 report.log
drwxr-xr-x 2 cms415 gplcms      4096 Feb  2 21:36 src
-rw------- 1 cms415 gplcms 253614532 Feb  2 23:24 step2_492_1_yEG.root
drwxr-xr-x 3 cms415 gplcms      4096 Feb  2 21:36 test
drwxr-xr-x 3 cms415 gplcms      4096 Feb  2 21:36 tmp
>>> current directory (RUNTIME_AREA):  /scratch/condor/dir_16901/glide_A8KhYE/execute/dir_7536
PNN = T2_UK_SGrid_RALPP
SE = heplnx204.pp.rl.ac.uk
SE_PATH = /srm/managerv2?SFN=/pnfs/pp.rl.ac.uk/data/cms/store/user/dcieri/ttbar_PU140_DIGI/dcieri/ttbar/ttbar_PU140_DIGI/3c0380cf82de79bc39966c93934c61fc/
LFNBaseName = /store/user/dcieri/ttbar_PU140_DIGI/dcieri/ttbar/ttbar_PU140_DIGI/3c0380cf82de79bc39966c93934c61fc/
USER = dcieri
endpoint = srm://heplnx204.pp.rl.ac.uk:8443/srm/managerv2?SFN=/pnfs/pp.rl.ac.uk/data/cms/store/user/dcieri/ttbar_PU140_DIGI/dcieri/ttbar/ttbar_PU140_DIGI/3c0380cf82de79bc39966c93934c61fc/
>>> Copy output files from WN = heplnc315.pp.rl.ac.uk to /srm/managerv2?SFN=/pnfs/pp.rl.ac.uk/data/cms/store/user/dcieri/ttbar_PU140_DIGI/dcieri/ttbar/ttbar_PU140_DIGI/3c0380cf82de79bc39966c93934c61fc/ :
python cmscp.py  --destination srm://heplnx204.pp.rl.ac.uk:8443/srm/managerv2?SFN=/pnfs/pp.rl.ac.uk/data/cms/store/user/dcieri/ttbar_PU140_DIGI/dcieri/ttbar/ttbar_PU140_DIGI/3c0380cf82de79bc39966c93934c61fc/ --inputFileList /scratch/condor/dir_16901/glide_A8KhYE/execute/dir_7536/CMSSW_6_2_0_SLHC12/step2_492_1_yEG.root --middleware LCG --PNN T2_UK_SGrid_RALPP --se_name heplnx204.pp.rl.ac.uk --for_lfn /store/user/dcieri/ttbar_PU140_DIGI/dcieri/ttbar/ttbar_PU140_DIGI/3c0380cf82de79bc39966c93934c61fc/    
******************************************************
localSeName  =  heplnx204.pp.rl.ac.uk
remoteSeName =  heplnx204.pp.rl.ac.uk
******************************************************
{"/scratch/condor/dir_16901/glide_A8KhYE/execute/dir_7536/CMSSW_6_2_0_SLHC12/step2_492_1_yEG.root": {"endpoint": "srm://heplnx204.pp.rl.ac.uk:8443/srm/managerv2?SFN=/pnfs/pp.rl.ac.uk/data/cms/store/user/dcieri/ttbar_PU140_DIGI/dcieri/ttbar/ttbar_PU140_DIGI/3c0380cf82de79bc39966c93934c61fc/", "surl_for_grid": "", "reason": "Copy succedeed with srm-lcg utils", "erCode": "0", "PNN": "T2_UK_SGrid_RALPP", "se_name": "heplnx204.pp.rl.ac.uk", "for_lfn": "/store/user/dcieri/ttbar_PU140_DIGI/dcieri/ttbar/ttbar_PU140_DIGI/3c0380cf82de79bc39966c93934c61fc/"}}/scratch/condor/dir_16901/glide_A8KhYE/execute/dir_7536
-------- cat /scratch/condor/dir_16901/glide_A8KhYE/execute/dir_7536/cmscpReport.sh 
#!/bin/bash
echo "Report for File: /scratch/condor/dir_16901/glide_A8KhYE/execute/dir_7536/CMSSW_6_2_0_SLHC12/step2_492_1_yEG.root"
echo "LFN: /store/user/dcieri/ttbar_PU140_DIGI/dcieri/ttbar/ttbar_PU140_DIGI/3c0380cf82de79bc39966c93934c61fc/step2_492_1_yEG.root"
echo "StorageElement: heplnx204.pp.rl.ac.uk"
echo "StageOutExitStatusReason = 'Copy succedeed with srm-lcg utils'" | tee -a $RUNTIME_AREA/$repo
echo "StageOutSE = heplnx204.pp.rl.ac.uk" >> $RUNTIME_AREA/$repo

export StageOutExitStatus=0
echo "StageOutExitStatus = 0" | tee -a $RUNTIME_AREA/$repo
-------- end of /scratch/condor/dir_16901/glide_A8KhYE/execute/dir_7536/cmscpReport.sh 
Report for File: /scratch/condor/dir_16901/glide_A8KhYE/execute/dir_7536/CMSSW_6_2_0_SLHC12/step2_492_1_yEG.root
LFN: /store/user/dcieri/ttbar_PU140_DIGI/dcieri/ttbar/ttbar_PU140_DIGI/3c0380cf82de79bc39966c93934c61fc/step2_492_1_yEG.root
StorageElement: heplnx204.pp.rl.ac.uk
StageOutExitStatusReason = 'Copy succedeed with srm-lcg utils'
StageOutExitStatus = 0
>>> current dir: /scratch/condor/dir_16901/glide_A8KhYE/execute/dir_7536
>>> current dir content:
total 8824
-rw-------  1 cms415 gplcms    2857 Feb  2 23:25 .SEinteraction.log
-rwx------  1 cms415 gplcms      52 Feb  2 21:35 .chirp_config
-rwx------  1 cms415 gplcms    7828 Feb  2 21:35 .job.ad
-rwx------  1 cms415 gplcms    9797 Feb  2 21:35 .machine.ad
-rw-------  1 cms415 gplcms     105 Feb  2 12:16 CMSSW.py
-rw-------  1 cms415 gplcms  915837 Feb  2 12:16 CMSSW.py.pkl
-rwx------  1 cms415 gplcms   29498 Feb  2 21:36 CMSSW.sh
drwxr-xr-x 15 cms415 gplcms    4096 Feb  2 23:24 CMSSW_6_2_0_SLHC12
-rw-------  1 cms415 gplcms     189 Feb  2 21:36 CacheEnv.sh
-rw-------  1 cms415 gplcms    7291 Nov 19 14:52 DashboardAPI.py
-rw-------  1 cms415 gplcms    6455 Feb  2 21:36 DashboardAPI.pyc
drwx------  2 cms415 gplcms    4096 Feb  2 23:24 IMProv
-rw-------  1 cms415 gplcms    2748 Nov 19 14:52 Logger.py
-rw-------  1 cms415 gplcms    3227 Feb  2 21:36 Logger.pyc
-rw-------  1 cms415 gplcms   24524 Nov 19 14:52 ProcInfo.py
-rw-------  1 cms415 gplcms   22621 Feb  2 21:36 ProcInfo.pyc
drwx------  7 cms415 gplcms    4096 Feb  2 21:36 ProdCommon
drwx------  3 cms415 gplcms    4096 Feb  2 21:36 WMCore
-rw-------  1 cms415 gplcms    8524 Feb  2 23:24 Watchdog_492.log
-rwx------  1 cms415 gplcms       0 Feb  2 21:36 _condor_stderr
-rwx---r--  1 cms415 gplcms   37647 Feb  2 23:25 _condor_stdout
-rw-------  1 cms415 gplcms   32895 Nov 19 14:52 apmon.py
-rw-------  1 cms415 gplcms   27929 Feb  2 21:36 apmon.pyc
-rwx------  1 cms415 gplcms  134309 Feb  2 21:36 arguments.xml
-rwx------  1 cms415 gplcms   38581 Nov 19 14:52 cmscp.py
-rw-------  1 cms415 gplcms     561 Feb  2 23:25 cmscpReport.sh
-rwx------  1 cms415 gplcms   29498 Feb  2 21:36 condor_exec.exe
-rw-------  1 cms415 gplcms     544 Feb  2 12:16 crab.cfg
-rwx------  1 cms415 gplcms    8610 Nov 19 14:52 crabWatchdog.sh
-rwx---r--  1 cms415 gplcms  112103 Feb  2 23:24 crab_fjr_492.xml
-rwx------  1 cms415 gplcms 7390485 Feb  2 21:36 default.tgz
-rwx------  1 cms415 gplcms    4488 Nov 19 14:52 fillCrabFjr.py
-rw-------  1 cms415 gplcms     226 Feb  2 21:36 inputsReport.txt
-rw-------  1 cms415 gplcms     243 Feb  2 23:25 jobreport.txt
-rw-------  1 cms415 gplcms   17352 Nov 19 14:52 parseCrabFjr.py
-rw-------  1 cms415 gplcms     322 Feb  2 21:36 report.log
-rwx--x--x  1 cms415 gplcms    1497 Nov 19 14:52 report.py
-rw-------  1 cms415 gplcms     554 Feb  2 23:25 resultCopyFile
lrwxrwxrwx  1 cms415 gplcms      95 Feb  2 23:24 step2.root -> /scratch/condor/dir_16901/glide_A8KhYE/execute/dir_7536/CMSSW_6_2_0_SLHC12/step2_492_1_yEG.root
-rwx------  1 cms415 gplcms    8351 Nov 19 14:52 writeCfg.py
-rw-------  1 cms415 gplcms   10293 Feb  2 21:35 x509up_u62281
>>> Modify Job Report:
CMSSW_VERSION = CMSSW_6_2_0_SLHC12
ProcessedDataset = ttbar_PU140_DIGI
/scratch/condor/dir_16901/glide_A8KhYE/execute/dir_7536/ProdCommon/FwkJobRep/ModifyJobReport.py fjr /scratch/condor/dir_16901/glide_A8KhYE/execute/dir_7536/crab_fjr_492.xml json /scratch/condor/dir_16901/glide_A8KhYE/execute/dir_7536/resultCopyFile n_job 492_1_yEG PrimaryDataset ttbar  ApplicationFamily cmsRun ApplicationName cmsRun cmssw_version CMSSW_6_2_0_SLHC12 psethash 3c0380cf82de79bc39966c93934c61fc UserProcessedDataset dcieri-ttbar_PU140_DIGI-3c0380cf82de79bc39966c93934c61fc
inputDict =  {u'/scratch/condor/dir_16901/glide_A8KhYE/execute/dir_7536/CMSSW_6_2_0_SLHC12/step2_492_1_yEG.root': {u'endpoint': u'srm://heplnx204.pp.rl.ac.uk:8443/srm/managerv2?SFN=/pnfs/pp.rl.ac.uk/data/cms/store/user/dcieri/ttbar_PU140_DIGI/dcieri/ttbar/ttbar_PU140_DIGI/3c0380cf82de79bc39966c93934c61fc/', u'surl_for_grid': u'', u'reason': u'Copy succedeed with srm-lcg utils', u'erCode': u'0', u'PNN': u'T2_UK_SGrid_RALPP', u'se_name': u'heplnx204.pp.rl.ac.uk', u'for_lfn': u'/store/user/dcieri/ttbar_PU140_DIGI/dcieri/ttbar/ttbar_PU140_DIGI/3c0380cf82de79bc39966c93934c61fc/'}}
UserProcessedDataset =  dcieri-ttbar_PU140_DIGI-3c0380cf82de79bc39966c93934c61fc
WORKING ON EDM FILE
file_name in inputDict =  /scratch/condor/dir_16901/glide_A8KhYE/execute/dir_7536/CMSSW_6_2_0_SLHC12/step2_492_1_yEG.root
(size) os.stat(filename)[6] =  253614532
checksum =  4019544587
    file =  step2_492_1_yEG.root
    newPfn =  srm://heplnx204.pp.rl.ac.uk:8443/srm/managerv2?SFN=/pnfs/pp.rl.ac.uk/data/cms/store/user/dcieri/ttbar_PU140_DIGI/dcieri/ttbar/ttbar_PU140_DIGI/3c0380cf82de79bc39966c93934c61fc/step2_492_1_yEG.root
    newLfn =  /store/user/dcieri/ttbar_PU140_DIGI/dcieri/ttbar/ttbar_PU140_DIGI/3c0380cf82de79bc39966c93934c61fc/step2_492_1_yEG.root
>>> crab_fjr_*.xml  permission set to 0704
CrabWrapper EXIT_FUNC entered at Mon Feb  2 23:25:09 GMT 2015   -  Mon Feb  2 23:25:09 UTC 2015
Checking output files:  
will tar file crab_fjr_492.xml in  out_files_492
WARNING: output file CMSSW_492.stdout not found!
WARNING: output file CMSSW_492.stderr not found!
WARNING: output file Watchdog_492.log.gz not found!
>>> padding time: Wrapper lasting more than 600 seconds. No sleep required.
STOPPING WATCHDOG. CrabWatchdog PID is 8512
********** LAST 50 LINES OF WATCHDOG LOG
 Feb 02 21:43:26 GMT	8645	827168	1220968	52	72	422	cmsRun -j /scratch/condor/dir_16901/glide_A8KhYE/execute/dir_7536/crab_fjr_492.xml -p pset.py      
 Feb 02 21:44:27 GMT	8645	829180	1220968	52	75	482	cmsRun -j /scratch/condor/dir_16901/glide_A8KhYE/execute/dir_7536/crab_fjr_492.xml -p pset.py      
 Feb 02 21:45:27 GMT	8645	830972	1224808	52	79	542	cmsRun -j /scratch/condor/dir_16901/glide_A8KhYE/execute/dir_7536/crab_fjr_492.xml -p pset.py      
 Feb 02 21:47:27 GMT	8645	836472	1238900	52	84	662	cmsRun -j /scratch/condor/dir_16901/glide_A8KhYE/execute/dir_7536/crab_fjr_492.xml -p pset.py      
 Feb 02 21:48:27 GMT	8645	837648	1241204	52	87	722	cmsRun -j /scratch/condor/dir_16901/glide_A8KhYE/execute/dir_7536/crab_fjr_492.xml -p pset.py      
 Feb 02 21:49:27 GMT	8645	849296	1250676	52	91	783	cmsRun -j /scratch/condor/dir_16901/glide_A8KhYE/execute/dir_7536/crab_fjr_492.xml -p pset.py      
 Feb 02 21:50:28 GMT	8645	860012	1261172	52	96	843	cmsRun -j /scratch/condor/dir_16901/glide_A8KhYE/execute/dir_7536/crab_fjr_492.xml -p pset.py      
 Feb 02 21:51:28 GMT	8645	895928	1284980	52	102	903	cmsRun -j /scratch/condor/dir_16901/glide_A8KhYE/execute/dir_7536/crab_fjr_492.xml -p pset.py      
 Feb 02 21:52:28 GMT	8645	992844	1391732	52	113	963	cmsRun -j /scratch/condor/dir_16901/glide_A8KhYE/execute/dir_7536/crab_fjr_492.xml -p pset.py      
 Feb 02 21:53:28 GMT	8645	1004012	1399156	52	117	1023	cmsRun -j /scratch/condor/dir_16901/glide_A8KhYE/execute/dir_7536/crab_fjr_492.xml -p pset.py      
 Feb 02 21:55:29 GMT	8645	1030496	1405812	52	122	1144	cmsRun -j /scratch/condor/dir_16901/glide_A8KhYE/execute/dir_7536/crab_fjr_492.xml -p pset.py      
 Feb 02 21:56:29 GMT	8645	1207724	1699080	52	153	1204	cmsRun -j /scratch/condor/dir_16901/glide_A8KhYE/execute/dir_7536/crab_fjr_492.xml -p pset.py      
 Feb 02 21:56:29 GMT	---	1207724	1699080	74	----	----	----
 Feb 02 21:57:29 GMT	8645	1213948	1702152	74	155	1264	cmsRun -j /scratch/condor/dir_16901/glide_A8KhYE/execute/dir_7536/crab_fjr_492.xml -p pset.py      
 Feb 02 21:58:29 GMT	8645	1234276	1702152	74	158	1324	cmsRun -j /scratch/condor/dir_16901/glide_A8KhYE/execute/dir_7536/crab_fjr_492.xml -p pset.py      
 Feb 02 21:59:29 GMT	8645	1254364	1702152	74	162	1384	cmsRun -j /scratch/condor/dir_16901/glide_A8KhYE/execute/dir_7536/crab_fjr_492.xml -p pset.py      
 Feb 02 22:00:29 GMT	8645	1267820	1702152	74	165	1445	cmsRun -j /scratch/condor/dir_16901/glide_A8KhYE/execute/dir_7536/crab_fjr_492.xml -p pset.py      
 Feb 02 22:02:30 GMT	8645	1280128	1702152	74	171	1565	cmsRun -j /scratch/condor/dir_16901/glide_A8KhYE/execute/dir_7536/crab_fjr_492.xml -p pset.py      
 Feb 02 22:03:30 GMT	8645	1286040	1702408	74	177	1626	cmsRun -j /scratch/condor/dir_16901/glide_A8KhYE/execute/dir_7536/crab_fjr_492.xml -p pset.py      
 Feb 02 22:04:31 GMT	8645	1295392	1711368	74	187	1686	cmsRun -j /scratch/condor/dir_16901/glide_A8KhYE/execute/dir_7536/crab_fjr_492.xml -p pset.py      
# TIME			PID	RSS(KB)	VSZ(KB)	Dsk(MB)	tCPU(s)	tWALL(s)	COMMAND
 Feb 02 22:05:31 GMT	8645	1340820	1711368	74	204	1746	cmsRun -j /scratch/condor/dir_16901/glide_A8KhYE/execute/dir_7536/crab_fjr_492.xml -p pset.py      
 Feb 02 22:06:31 GMT	8645	1400592	1740552	74	210	1806	cmsRun -j /scratch/condor/dir_16901/glide_A8KhYE/execute/dir_7536/crab_fjr_492.xml -p pset.py      
 Feb 02 22:07:31 GMT	8645	1408616	1742600	74	217	1866	cmsRun -j /scratch/condor/dir_16901/glide_A8KhYE/execute/dir_7536/crab_fjr_492.xml -p pset.py      
 Feb 02 22:08:31 GMT	8645	1408616	1757448	74	241	1926	cmsRun -j /scratch/condor/dir_16901/glide_A8KhYE/execute/dir_7536/crab_fjr_492.xml -p pset.py      
 Feb 02 22:08:31 GMT	---	1408616	1757448	97	----	----	----
 Feb 02 22:12:32 GMT	8645	1408616	1757968	97	250	2167	cmsRun -j /scratch/condor/dir_16901/glide_A8KhYE/execute/dir_7536/crab_fjr_492.xml -p pset.py      
 Feb 02 22:13:32 GMT	8645	1408616	1758736	97	252	2227	cmsRun -j /scratch/condor/dir_16901/glide_A8KhYE/execute/dir_7536/crab_fjr_492.xml -p pset.py      
 Feb 02 22:15:33 GMT	8645	1408616	1758992	97	256	2348	cmsRun -j /scratch/condor/dir_16901/glide_A8KhYE/execute/dir_7536/crab_fjr_492.xml -p pset.py      
 Feb 02 22:17:33 GMT	8645	1408616	1765392	97	268	2468	cmsRun -j /scratch/condor/dir_16901/glide_A8KhYE/execute/dir_7536/crab_fjr_492.xml -p pset.py      
 Feb 02 22:25:34 GMT	8645	1408616	1783568	97	290	2949	cmsRun -j /scratch/condor/dir_16901/glide_A8KhYE/execute/dir_7536/crab_fjr_492.xml -p pset.py      
 Feb 02 22:26:34 GMT	8645	1408616	1785360	97	296	3010	cmsRun -j /scratch/condor/dir_16901/glide_A8KhYE/execute/dir_7536/crab_fjr_492.xml -p pset.py      
 Feb 02 22:27:35 GMT	8645	1408616	1789968	97	301	3070	cmsRun -j /scratch/condor/dir_16901/glide_A8KhYE/execute/dir_7536/crab_fjr_492.xml -p pset.py      
 Feb 02 22:28:35 GMT	---	1408616	1789968	118	----	----	----
 Feb 02 22:37:37 GMT	8645	1437888	1825552	118	389	3672	cmsRun -j /scratch/condor/dir_16901/glide_A8KhYE/execute/dir_7536/crab_fjr_492.xml -p pset.py      
 Feb 02 22:38:37 GMT	---	1437888	1825552	141	----	----	----
 Feb 02 22:45:39 GMT	8645	1490700	1838352	141	468	4155	cmsRun -j /scratch/condor/dir_16901/glide_A8KhYE/execute/dir_7536/crab_fjr_492.xml -p pset.py      
 Feb 02 22:47:40 GMT	8645	1498232	1842960	141	478	4275	cmsRun -j /scratch/condor/dir_16901/glide_A8KhYE/execute/dir_7536/crab_fjr_492.xml -p pset.py      
 Feb 02 22:48:40 GMT	---	1498232	1842960	165	----	----	----
 Feb 02 22:52:41 GMT	8645	1498232	1847312	165	529	4576	cmsRun -j /scratch/condor/dir_16901/glide_A8KhYE/execute/dir_7536/crab_fjr_492.xml -p pset.py      
 Feb 02 22:53:41 GMT	8645	1498232	1852688	165	538	4636	cmsRun -j /scratch/condor/dir_16901/glide_A8KhYE/execute/dir_7536/crab_fjr_492.xml -p pset.py      
 Feb 02 22:55:41 GMT	8645	1498232	1881360	165	562	4757	cmsRun -j /scratch/condor/dir_16901/glide_A8KhYE/execute/dir_7536/crab_fjr_492.xml -p pset.py      
 Feb 02 22:56:42 GMT	8645	1624176	2000144	165	578	4817	cmsRun -j /scratch/condor/dir_16901/glide_A8KhYE/execute/dir_7536/crab_fjr_492.xml -p pset.py      
 Feb 02 22:57:42 GMT	---	1624176	2000144	188	----	----	----
 Feb 02 23:03:43 GMT	8645	1646764	2000144	188	668	5238	cmsRun -j /scratch/condor/dir_16901/glide_A8KhYE/execute/dir_7536/crab_fjr_492.xml -p pset.py      
 Feb 02 23:03:43 GMT	---	1646764	2000144	189	----	----	----
 Feb 02 23:04:43 GMT	---	1646764	2000144	210	----	----	----
 Feb 02 23:10:46 GMT	---	1646764	2000144	233	----	----	----
 Feb 02 23:17:47 GMT	---	1646764	2000144	254	----	----	----
 Feb 02 23:24:49 GMT	---	1646764	2000144	280	----	----	----
********** WATCHDOG LOG ENDED
ZIPPING WATCHDOG LOG
Disk space used:
du -sh /scratch/condor/dir_16901/glide_A8KhYE/execute/dir_7536
280M	/scratch/condor/dir_16901/glide_A8KhYE/execute/dir_7536
Found unusual stdout, rename for OSB
`/scratch/condor/dir_16901/glide_A8KhYE/execute/dir_7536/_condor_stdout' -> `CMSSW_492.stdout'
Found unusual stderr, rename for OSB
`/scratch/condor/dir_16901/glide_A8KhYE/execute/dir_7536/_condor_stdout' -> `CMSSW_492.stderr'
crab_fjr_492.xml
CMSSW_492.stdout
CMSSW_492.stderr
Watchdog_492.log.gz
Total Output dimension: 23931
WARNING: output files size limit is set to: 50000000
Total Output dimension 23931 is fine.
JOB_EXIT_STATUS = 0
>>> info for dashboard:
***** Cat /scratch/condor/dir_16901/glide_A8KhYE/execute/dir_7536/jobreport.txt *****
MonitorJobID=492_https://submit-6.t2.ucsd.edu//150202//509448.91
MonitorID=dcieri_PU140_4dm08r
ExeTime=6466
ExeExitCode=0
StageOutExitStatusReason = 'Copy succedeed with srm-lcg utils'
StageOutSE = heplnx204.pp.rl.ac.uk
StageOutExitStatus = 0
CrabUserCpuTime=918.04
CrabSysCpuTime=25.51
CrabCpuPercentage=14%
CrabWrapperTime=6528
CrabStageoutTime=49
JobExitCode=0
***** End Cat jobreport *****
Parameters sent to Dashboard.
EXITING at Mon Feb  2 23:25:11 GMT 2015  -  Mon Feb  2 23:25:11 UTC 2015
