This script was generated by crab (version 2.11.1_patch1).
Running /scratch/condor/dir_13191/glide_iGhuC3/execute/dir_7259/condor_exec.exe with 2 positional parameters: 29 1
Today is Mon Feb  2 19:03:19 GMT 2015 - Mon Feb  2 19:03:19 UTC 2015
Job submitted on host heplnc060.pp.rl.ac.uk
Linux heplnc060.pp.rl.ac.uk 2.6.32-504.3.3.el6.x86_64 #1 SMP Tue Dec 16 14:29:22 CST 2014 x86_64 x86_64 x86_64 GNU/Linux
Distributor ID:	Scientific
Description:	Scientific Linux release 6.6 (Carbon)
>>> current directory (RUNTIME_AREA): /scratch/condor/dir_13191/glide_iGhuC3/execute/dir_7259
>>> current user: uid=157415(cms415) gid=157000(gplcms) groups=157000(gplcms)
>>> directory permission set to 0700
>>> umask set to:  u=rwx,g=,o=
>>> stdout stderr permission set to 0704
>>> voms proxy information:
subject   : /DC=ch/DC=cern/OU=Organic Units/OU=Users/CN=dcieri/CN=755391/CN=Davide Cieri/CN=769881070/CN=861910137
issuer    : /DC=ch/DC=cern/OU=Organic Units/OU=Users/CN=dcieri/CN=755391/CN=Davide Cieri/CN=769881070
identity  : /DC=ch/DC=cern/OU=Organic Units/OU=Users/CN=dcieri/CN=755391/CN=Davide Cieri
type      : RFC3820 compliant limited proxy
strength  : 1024
path      : /scratch/condor/dir_13191/glide_iGhuC3/execute/dir_7259/x509up_u62281
timeleft  : 23:58:21
key usage : Digital Signature, Key Encipherment
=== VO cms extension information ===
VO        : cms
subject   : /DC=ch/DC=cern/OU=Organic Units/OU=Users/CN=dcieri/CN=755391/CN=Davide Cieri
issuer    : /DC=ch/DC=cern/OU=computers/CN=lcg-voms2.cern.ch
attribute : /cms/Role=NULL/Capability=NULL
timeleft  : 185:13:05
uri       : lcg-voms2.cern.ch:15002

WNHostName=heplnc060.pp.rl.ac.uk
$_CONDOR_JOB_AD =/scratch/condor/dir_13191/glide_iGhuC3/execute/dir_7259/.job.ad
OverflowFlag=0
>>> tar --no-same-permissions -xf /scratch/condor/dir_13191/glide_iGhuC3/execute/dir_7259/default.tgz :
Successful untar
>>> Include /scratch/condor/dir_13191/glide_iGhuC3/execute/dir_7259 in PYTHONPATH:
strip arguments
env var CRAB_UNIQUE_JOB_ID set to: dcieri_PU140_4dm08r_29_1_QeS
out_files_29
>>> list of expected files on output sandbox
output files: crab_fjr_29.xml CMSSW_29.stdout CMSSW_29.stderr Watchdog_29.log.gz
>>> GridFlavour discovery: 
GridFlavour=LCG
>>> SyncSite discovery: 
SyncSite=T2_UK_SGrid_RALPP
>>> SyncCE discovery: 
getting SyncCE from GLIDEIN_Gaekeeper
SyncCE=heplnv146.pp.rl.ac.uk
>>> info for dashboard:
***** Cat /scratch/condor/dir_13191/glide_iGhuC3/execute/dir_7259/jobreport.txt *****
WNHostName=heplnc060.pp.rl.ac.uk
OverflowFlag=0
MonitorJobID=29_https://submit-6.t2.ucsd.edu//150202//509447.28
SyncGridJobId=https://submit-6.t2.ucsd.edu//150202//509447.28
MonitorID=dcieri_PU140_4dm08r
GridFlavour=LCG
SyncSite=T2_UK_SGrid_RALPP
SyncCE=heplnv146.pp.rl.ac.uk
***** End Cat jobreport *****
Parameters sent to Dashboard.
>>> setup environment
set SCRAM ARCH to slc6_amd64_gcc472
SCRAM_ARCH = slc6_amd64_gcc472
>>> setup CMS LCG environment:
set SCRAM ARCH and BUILD_ARCH to slc6_amd64_gcc472 ###
Sourcing environment... 
sourcing /cvmfs/cms.cern.ch/cmsset_default.sh
==> setup cms environment ok
>>> specific cmssw setup environment:
CMSSW_VERSION =  CMSSW_6_2_0_SLHC12
WARNING: In non-interactive mode release checks e.g. deprecated releases, production architectures are disabled.
>>> current directory (SOFTWARE_DIR): /scratch/condor/dir_13191/glide_iGhuC3/execute/dir_7259/CMSSW_6_2_0_SLHC12
PreserveSeeds: <>
IncrementSeeds:<>
>>> info for dashboard:
***** Cat /scratch/condor/dir_13191/glide_iGhuC3/execute/dir_7259/jobreport.txt *****
MonitorJobID=29_https://submit-6.t2.ucsd.edu//150202//509447.28
MonitorID=dcieri_PU140_4dm08r
***** End Cat jobreport *****
Parameters sent to Dashboard.
crabWatchdog started as process 10129
>>> moving CMSSW software directories in /scratch/condor/dir_13191/glide_iGhuC3/execute/dir_7259/CMSSW_6_2_0_SLHC12
mv: cannot stat `/scratch/condor/dir_13191/glide_iGhuC3/execute/dir_7259/module/': No such file or directory
>>> Include /scratch/condor/dir_13191/glide_iGhuC3/execute/dir_7259 in PYTHONPATH:
PYTHONPATH=/scratch/condor/dir_13191/glide_iGhuC3/execute/dir_7259/:/scratch/condor/dir_13191/glide_iGhuC3/execute/dir_7259/CMSSW_6_2_0_SLHC12/python:/scratch/condor/dir_13191/glide_iGhuC3/execute/dir_7259/CMSSW_6_2_0_SLHC12/lib/slc6_amd64_gcc472:/cvmfs/cms.cern.ch/slc6_amd64_gcc472/cms/cmssw/CMSSW_6_2_0_SLHC12/python:/cvmfs/cms.cern.ch/slc6_amd64_gcc472/cms/cmssw/CMSSW_6_2_0_SLHC12/lib/slc6_amd64_gcc472:/cvmfs/cms.cern.ch/slc6_amd64_gcc472/cms/coral/CORAL_2_3_21-cms35/slc6_amd64_gcc472/python:/cvmfs/cms.cern.ch/slc6_amd64_gcc472/cms/coral/CORAL_2_3_21-cms35/slc6_amd64_gcc472/lib:/cvmfs/cms.cern.ch/slc6_amd64_gcc472/external/python-ldap/2.3.5-cms5/lib/python2.7/site-packages:/cvmfs/cms.cern.ch/slc6_amd64_gcc472/external/pyqt/4.8.1-cms5/lib/python2.7/site-packages:/cvmfs/cms.cern.ch/slc6_amd64_gcc472/external/py2-scipy/0.8.0-cms7/lib/python2.7/site-packages:/cvmfs/cms.cern.ch/slc6_amd64_gcc472/external/py2-matplotlib/1.0.1-cms7/lib/python2.7/site-packages:/cvmfs/cms.cern.ch/slc6_amd64_gcc472/external/sip/4.11.2-cms5/lib/python2.7/site-packages:/cvmfs/cms.cern.ch/slc6_amd64_gcc472/external/py2-pycurl/7.19.0-cms7/lib/python2.7/site-packages:/cvmfs/cms.cern.ch/slc6_amd64_gcc472/external/py2-numpy/1.6.1-cms7/lib/python2.7/site-packages:/cvmfs/cms.cern.ch/slc6_amd64_gcc472/external/py2-lint/0.25.1-cms5/lib/python2.7/site-packages:/cvmfs/cms.cern.ch/slc6_amd64_gcc472/external/py2-ipython/0.10-cms5/lib/python2.7/site-packages:/cvmfs/cms.cern.ch/slc6_amd64_gcc472/external/py2-cx-oracle/5.1-cms5/lib/python2.7/site-packages:/cvmfs/cms.cern.ch/slc6_amd64_gcc472/external/py2-cjson/1.0.5-cms5/lib/python2.7/site-packages:/cvmfs/cms.cern.ch/slc6_amd64_gcc472/cms/das-client/1.11.7/bin:/cvmfs/cms.cern.ch/slc6_amd64_gcc472/external/elementtree/1.2.6-cms5/share/lib/python2.7/site-packages:/cvmfs/cms.cern.ch/slc6_amd64_gcc472/external/rivet/1.8.2-cms9/lib/python2.7/site-packages:/cvmfs/cms.cern.ch/slc6_amd64_gcc472/external/pyminuit2/0.0.1-cms19/lib/python2.7/site-packages:/cvmfs/cms.cern.ch/slc6_amd64_gcc472/external/py2-pygithub/1.23.0-cms2/lib/python2.7/site-packages:/cvmfs/cms.cern.ch/slc6_amd64_gcc472/external/professor/1.0.0-cms19/lib/python2.7/site-packages:/cvmfs/cms.cern.ch/slc6_amd64_gcc472/lcg/root/5.34.07-cms/lib:/cvmfs/cms.cern.ch/slc6_amd64_gcc472/cms/dbs-client/DBS_2_1_9-cms5/lib:/cvmfs/cms.cern.ch/slc6_amd64_gcc472/cms/dbs-client/DBS_2_1_9-cms5/lib/DBSAPI:/cvmfs/cms.cern.ch/slc6_amd64_gcc472/external/cvs2git/5419-cms/lib:/scratch/condor/dir_13191/glide_iGhuC3/execute/dir_7259/
 
# LIMITS USED BY CRAB WATCHDOG:
# RSS  (KBytes)   : 2300000
# VSZ  (KBytes)   : 100000000
# DISK (MBytes)   : 19000
# CPU TIME        : 720h:0m:0s
# WALL CLOCK TIME : 21h:50m:0s
 
3c0380cf82de79bc39966c93934c61fc
PSETHASH = 3c0380cf82de79bc39966c93934c61fc
/scratch/condor/dir_13191/glide_iGhuC3/execute/dir_7259/writeCfg.py pset.py pset.py
Importing .py file
Setting parameters
RandomNumberGeneratorService found, will attempt to change seeds
inputBlocks=/ttbar/dcieri-ttbar_SIM-130075366148575c102f0d64fd3ac8f7/USER#61fb3af0-2cd9-4c22-a912-0e1a7ef51606
inputFiles=/store/user/dcieri/ttbar_SIM/ttbar/ttbar_SIM/150129_145223/0000/step1_55.root
parentFiles=
lumisRange=
>>> Executable cmsRun
/cvmfs/cms.cern.ch/slc6_amd64_gcc472/cms/cmssw/CMSSW_6_2_0_SLHC12/bin/slc6_amd64_gcc472/cmsRun
ok executable found
>>> info for dashboard:
***** Cat /scratch/condor/dir_13191/glide_iGhuC3/execute/dir_7259/jobreport.txt *****
MonitorJobID=29_https://submit-6.t2.ucsd.edu//150202//509447.28
MonitorID=dcieri_PU140_4dm08r
ExeStart=cmsRun
***** End Cat jobreport *****
Parameters sent to Dashboard.
>>> cmsRun started at Mon Feb  2 19:03:26 UTC 2015
>>> cmsRun ended at Mon Feb  2 22:40:57 UTC 2015
>>> crab_fjr_*.xml  permission set to 0704
>>> info for dashboard:
***** Cat /scratch/condor/dir_13191/glide_iGhuC3/execute/dir_7259/jobreport.txt *****
MonitorJobID=29_https://submit-6.t2.ucsd.edu//150202//509447.28
MonitorID=dcieri_PU140_4dm08r
ExeEnd=cmsRun
***** End Cat jobreport *****
Parameters sent to Dashboard.
TIME_EXE = 13051 sec
>>> cmsRun wrote 240 lines of stdout+stderr
>>> START OF printout of 240 lines from stdout+stderr
271 DQMStore::DQMStore 
HcalTopologyIdealEP::HcalTopologyIdealEP
02-Feb-2015 19:03:34 GMT  Initiating request to open file root://dcap.pp.rl.ac.uk:1094/pnfs/pp.rl.ac.uk/data/cms/store/user/dcieri/ttbar_SIM/ttbar/ttbar_SIM/150129_145223/0000/step1_55.root
02-Feb-2015 19:03:39 GMT  Successfully opened file root://dcap.pp.rl.ac.uk:1094/pnfs/pp.rl.ac.uk/data/cms/store/user/dcieri/ttbar_SIM/ttbar/ttbar_SIM/150129_145223/0000/step1_55.root
02-Feb-2015 19:03:40 GMT  Initiating request to open file root://xrootd.unl.edu//store/group/dpg_trigger/comm_trigger/L1TrackTrigger/620_SLHC10/Extended2023TTI/MinBias/MinBias_TuneZ2star_GEN_SIM_1.root
02-Feb-2015 19:04:12 GMT  Successfully opened file root://xrootd.unl.edu//store/group/dpg_trigger/comm_trigger/L1TrackTrigger/620_SLHC10/Extended2023TTI/MinBias/MinBias_TuneZ2star_GEN_SIM_1.root
disableME1a = 0
HcalTopologyIdealEP::produce(const IdealGeometryRecord& iRecord)
mode = 2, maxDepthHB = 3, maxDepthHE = 5
RPCGeometryESModule :: produce
RPCGeometryESModule :: produce :: 1/4 Get Muon Ideal Geometry Record
RPCGeometryESModule :: produce :: 2/4 Get Muon DDD Constants
RPCGeometryESModule :: produce :: 3/4 Get Muon Numbering Record
in MuonNumberingInitialization::initializeMuonDDDConstants
about to make my new muonDDDConst_
in MuonNumberingInitialization::produce
RPCGeometryESModule :: produce :: 4/4 Build
Found:

	Barrel Stack layer 5 : 1008 stacks
	Barrel Stack layer 6 : 1320 stacks
	Barrel Stack layer 7 : 1836 stacks
	Barrel Stack layer 8 : 1152 stacks
	Barrel Stack layer 9 : 1488 stacks
	Barrel Stack layer 10 : 1824 stacks

	Endcap Stack disk 11 : 1360 stacks
	Endcap Stack disk 12 : 1360 stacks
	Endcap Stack disk 13 : 1360 stacks
	Endcap Stack disk 14 : 1360 stacks
	Endcap Stack disk 15 : 1360 stacks
Created 15428 stacks in 12 s

TTClusterBuilder< edm::Ref<edm::DetSetVector<PixelDigi>, PixelDigi, edm::refhelper::FindForDetSetVector<PixelDigi> > > loaded modules:
	TTClusterAlgorithm:	TTClusterAlgorithm_2d2013< edm::Ref<edm::DetSetVector<PixelDigi>, PixelDigi, edm::refhelper::FindForDetSetVector<PixelDigi> > >


TTStubBuilder< edm::Ref<edm::DetSetVector<PixelDigi>, PixelDigi, edm::refhelper::FindForDetSetVector<PixelDigi> > > loaded modules:
	TTStubAlgorithm:	TTStubAlgorithm_tab2013< edm::Ref<edm::DetSetVector<PixelDigi>, PixelDigi, edm::refhelper::FindForDetSetVector<PixelDigi> > >


TTClusterAssociator< edm::Ref<edm::DetSetVector<PixelDigi>, PixelDigi, edm::refhelper::FindForDetSetVector<PixelDigi> > > loaded.


TTStubAssociator< edm::Ref<edm::DetSetVector<PixelDigi>, PixelDigi, edm::refhelper::FindForDetSetVector<PixelDigi> > > loaded.


TTTrackAssociator< edm::Ref<edm::DetSetVector<PixelDigi>, PixelDigi, edm::refhelper::FindForDetSetVector<PixelDigi> > > loaded.

Begin processing the 1st record. Run 1, Event 541, LumiSection 55 at 02-Feb-2015 19:04:40.701 GMT
02-Feb-2015 19:04:47 GMT  Closed file root://xrootd.unl.edu//store/group/dpg_trigger/comm_trigger/L1TrackTrigger/620_SLHC10/Extended2023TTI/MinBias/MinBias_TuneZ2star_GEN_SIM_1.root
02-Feb-2015 19:04:47 GMT  Initiating request to open file root://xrootd.unl.edu//store/group/dpg_trigger/comm_trigger/L1TrackTrigger/620_SLHC10/Extended2023TTI/MinBias/MinBias_TuneZ2star_GEN_SIM_370.root
02-Feb-2015 19:04:47 GMT  Successfully opened file root://xrootd.unl.edu//store/group/dpg_trigger/comm_trigger/L1TrackTrigger/620_SLHC10/Extended2023TTI/MinBias/MinBias_TuneZ2star_GEN_SIM_370.root
150202 19:10:05 12295 Xrd: XrdClientMessage::ReadRaw: Failed to read header (8 bytes).
150202 19:10:05 12297 Xrd: XrdClientMessage::ReadRaw: Failed to read header (8 bytes).
02-Feb-2015 19:15:07 GMT  Closed file root://xrootd.unl.edu//store/group/dpg_trigger/comm_trigger/L1TrackTrigger/620_SLHC10/Extended2023TTI/MinBias/MinBias_TuneZ2star_GEN_SIM_370.root
02-Feb-2015 19:15:07 GMT  Initiating request to open file root://xrootd.unl.edu//store/group/dpg_trigger/comm_trigger/L1TrackTrigger/620_SLHC10/Extended2023TTI/MinBias/MinBias_TuneZ2star_GEN_SIM_179.root
150202 19:15:37 3942 Xrd: CheckErrorStatus: Server [llrxrd-redir.in2p3.fr:1094] declared: session not found(error code: 3011)
02-Feb-2015 19:15:37 GMT  Successfully opened file root://xrootd.unl.edu//store/group/dpg_trigger/comm_trigger/L1TrackTrigger/620_SLHC10/Extended2023TTI/MinBias/MinBias_TuneZ2star_GEN_SIM_179.root
150202 19:20:35 13945 Xrd: XrdClientMessage::ReadRaw: Failed to read header (8 bytes).
150202 19:21:05 4616 Xrd: XrdClientMessage::ReadRaw: Failed to read header (8 bytes).
150202 19:24:04 11328 Xrd: XrdClientMessage::ReadRaw: Failed to read header (8 bytes).
150202 19:24:04 11329 Xrd: XrdClientMessage::ReadRaw: Failed to read header (8 bytes).
02-Feb-2015 19:25:11 GMT  Closed file root://xrootd.unl.edu//store/group/dpg_trigger/comm_trigger/L1TrackTrigger/620_SLHC10/Extended2023TTI/MinBias/MinBias_TuneZ2star_GEN_SIM_179.root
02-Feb-2015 19:25:11 GMT  Initiating request to open file root://xrootd.unl.edu//store/group/dpg_trigger/comm_trigger/L1TrackTrigger/620_SLHC10/Extended2023TTI/MinBias/MinBias_TuneZ2star_GEN_SIM_906.root
150202 19:25:42 25570 Xrd: CheckErrorStatus: Server [llrxrd-redir.in2p3.fr:1094] declared: session not found(error code: 3011)
02-Feb-2015 19:25:43 GMT  Successfully opened file root://xrootd.unl.edu//store/group/dpg_trigger/comm_trigger/L1TrackTrigger/620_SLHC10/Extended2023TTI/MinBias/MinBias_TuneZ2star_GEN_SIM_906.root
Building the geometry service
Warning did not find digi
Warning did not find digi
Warning did not find digi
Warning did not find digi
Warning did not find digi in disks
Warning did not find digi in disks
Warning did not find digi in disks
Warning did not find digi in disks
150202 19:30:35 4654 Xrd: XrdClientMessage::ReadRaw: Failed to read header (8 bytes).
150202 19:31:05 26455 Xrd: XrdClientMessage::ReadRaw: Failed to read header (8 bytes).
02-Feb-2015 19:37:26 GMT  Closed file root://xrootd.unl.edu//store/group/dpg_trigger/comm_trigger/L1TrackTrigger/620_SLHC10/Extended2023TTI/MinBias/MinBias_TuneZ2star_GEN_SIM_906.root
02-Feb-2015 19:37:26 GMT  Initiating request to open file root://xrootd.unl.edu//store/group/dpg_trigger/comm_trigger/L1TrackTrigger/620_SLHC10/Extended2023TTI/MinBias/MinBias_TuneZ2star_GEN_SIM_953.root
150202 19:37:58 25076 Xrd: CheckErrorStatus: Server [xrootd-redic.pi.infn.it:1094] declared: session not found(error code: 3011)
02-Feb-2015 19:37:58 GMT  Successfully opened file root://xrootd.unl.edu//store/group/dpg_trigger/comm_trigger/L1TrackTrigger/620_SLHC10/Extended2023TTI/MinBias/MinBias_TuneZ2star_GEN_SIM_953.root
150202 19:42:35 26456 Xrd: XrdClientMessage::ReadRaw: Failed to read header (8 bytes).
150202 19:43:05 26746 Xrd: XrdClientMessage::ReadRaw: Failed to read header (8 bytes).
150202 19:46:05 12294 Xrd: XrdClientMessage::ReadRaw: Failed to read header (8 bytes).
02-Feb-2015 19:49:27 GMT  Closed file root://xrootd.unl.edu//store/group/dpg_trigger/comm_trigger/L1TrackTrigger/620_SLHC10/Extended2023TTI/MinBias/MinBias_TuneZ2star_GEN_SIM_953.root
02-Feb-2015 19:49:27 GMT  Initiating request to open file root://xrootd.unl.edu//store/group/dpg_trigger/comm_trigger/L1TrackTrigger/620_SLHC10/Extended2023TTI/MinBias/MinBias_TuneZ2star_GEN_SIM_361.root
150202 19:49:57 20126 Xrd: CheckErrorStatus: Server [xrootd.ba.infn.it:1094] declared: session not found(error code: 3011)
02-Feb-2015 19:49:58 GMT  Successfully opened file root://xrootd.unl.edu//store/group/dpg_trigger/comm_trigger/L1TrackTrigger/620_SLHC10/Extended2023TTI/MinBias/MinBias_TuneZ2star_GEN_SIM_361.root
150202 19:54:34 26747 Xrd: XrdClientMessage::ReadRaw: Failed to read header (8 bytes).
150202 19:55:05 21663 Xrd: XrdClientMessage::ReadRaw: Failed to read header (8 bytes).
150202 19:58:05 26745 Xrd: XrdClientMessage::ReadRaw: Failed to read header (8 bytes).
02-Feb-2015 20:00:42 GMT  Closed file root://xrootd.unl.edu//store/group/dpg_trigger/comm_trigger/L1TrackTrigger/620_SLHC10/Extended2023TTI/MinBias/MinBias_TuneZ2star_GEN_SIM_361.root
02-Feb-2015 20:00:42 GMT  Initiating request to open file root://xrootd.unl.edu//store/group/dpg_trigger/comm_trigger/L1TrackTrigger/620_SLHC10/Extended2023TTI/MinBias/MinBias_TuneZ2star_GEN_SIM_360.root
150202 20:01:44 11746 Xrd: CheckErrorStatus: Server [xrootd.ba.infn.it:1094] declared: session not found(error code: 3011)
02-Feb-2015 20:01:44 GMT  Successfully opened file root://xrootd.unl.edu//store/group/dpg_trigger/comm_trigger/L1TrackTrigger/620_SLHC10/Extended2023TTI/MinBias/MinBias_TuneZ2star_GEN_SIM_360.root
150202 20:06:05 21664 Xrd: XrdClientMessage::ReadRaw: Failed to read header (8 bytes).
150202 20:07:05 13678 Xrd: XrdClientMessage::ReadRaw: Failed to read header (8 bytes).
02-Feb-2015 20:09:32 GMT  Closed file root://xrootd.unl.edu//store/group/dpg_trigger/comm_trigger/L1TrackTrigger/620_SLHC10/Extended2023TTI/MinBias/MinBias_TuneZ2star_GEN_SIM_360.root
02-Feb-2015 20:09:32 GMT  Initiating request to open file root://xrootd.unl.edu//store/group/dpg_trigger/comm_trigger/L1TrackTrigger/620_SLHC10/Extended2023TTI/MinBias/MinBias_TuneZ2star_GEN_SIM_731.root
150202 20:11:06 2775 Xrd: CheckErrorStatus: Server [cms-xrd-global.cern.ch:1094] declared: session not found(error code: 3011)
150202 20:11:06 2775 Xrd: CheckErrorStatus: Server [xrootd-redic.pi.infn.it:1094] declared: session not found(error code: 3011)
02-Feb-2015 20:11:07 GMT  Successfully opened file root://xrootd.unl.edu//store/group/dpg_trigger/comm_trigger/L1TrackTrigger/620_SLHC10/Extended2023TTI/MinBias/MinBias_TuneZ2star_GEN_SIM_731.root
150202 20:14:35 13679 Xrd: XrdClientMessage::ReadRaw: Failed to read header (8 bytes).
150202 20:16:35 6030 Xrd: XrdClientMessage::ReadRaw: Failed to read header (8 bytes).
02-Feb-2015 20:21:20 GMT  Closed file root://xrootd.unl.edu//store/group/dpg_trigger/comm_trigger/L1TrackTrigger/620_SLHC10/Extended2023TTI/MinBias/MinBias_TuneZ2star_GEN_SIM_731.root
02-Feb-2015 20:21:20 GMT  Initiating request to open file root://xrootd.unl.edu//store/group/dpg_trigger/comm_trigger/L1TrackTrigger/620_SLHC10/Extended2023TTI/MinBias/MinBias_TuneZ2star_GEN_SIM_196.root
150202 20:21:51 26656 Xrd: CheckErrorStatus: Server [xrootd.ba.infn.it:1094] declared: session not found(error code: 3011)
02-Feb-2015 20:21:51 GMT  Successfully opened file root://xrootd.unl.edu//store/group/dpg_trigger/comm_trigger/L1TrackTrigger/620_SLHC10/Extended2023TTI/MinBias/MinBias_TuneZ2star_GEN_SIM_196.root
150202 20:26:35 6111 Xrd: XrdClientMessage::ReadRaw: Failed to read header (8 bytes).
150202 20:26:51 21662 Xrd: XrdClientMessage::ReadRaw: Failed to read header (8 bytes).
150202 20:27:05 27154 Xrd: XrdClientMessage::ReadRaw: Failed to read header (8 bytes).
150202 20:31:35 5993 Xrd: XrdClientMessage::ReadRaw: Failed to read header (8 bytes).
02-Feb-2015 20:32:18 GMT  Closed file root://xrootd.unl.edu//store/group/dpg_trigger/comm_trigger/L1TrackTrigger/620_SLHC10/Extended2023TTI/MinBias/MinBias_TuneZ2star_GEN_SIM_196.root
02-Feb-2015 20:32:18 GMT  Initiating request to open file root://xrootd.unl.edu//store/group/dpg_trigger/comm_trigger/L1TrackTrigger/620_SLHC10/Extended2023TTI/MinBias/MinBias_TuneZ2star_GEN_SIM_148.root
150202 20:32:49 21372 Xrd: CheckErrorStatus: Server [cms-xrd-global.cern.ch:1094] declared: session not found(error code: 3011)
150202 20:32:50 21372 Xrd: CheckErrorStatus: Server [xrootd-redic.pi.infn.it:1094] declared: session not found(error code: 3011)
02-Feb-2015 20:32:50 GMT  Successfully opened file root://xrootd.unl.edu//store/group/dpg_trigger/comm_trigger/L1TrackTrigger/620_SLHC10/Extended2023TTI/MinBias/MinBias_TuneZ2star_GEN_SIM_148.root
150202 20:37:35 27155 Xrd: XrdClientMessage::ReadRaw: Failed to read header (8 bytes).
150202 20:38:05 21997 Xrd: XrdClientMessage::ReadRaw: Failed to read header (8 bytes).
150202 20:42:05 27153 Xrd: XrdClientMessage::ReadRaw: Failed to read header (8 bytes).
02-Feb-2015 20:51:46 GMT  Closed file root://xrootd.unl.edu//store/group/dpg_trigger/comm_trigger/L1TrackTrigger/620_SLHC10/Extended2023TTI/MinBias/MinBias_TuneZ2star_GEN_SIM_148.root
02-Feb-2015 20:51:46 GMT  Initiating request to open file root://xrootd.unl.edu//store/group/dpg_trigger/comm_trigger/L1TrackTrigger/620_SLHC10/Extended2023TTI/MinBias/MinBias_TuneZ2star_GEN_SIM_962.root
150202 20:52:16 26578 Xrd: CheckErrorStatus: Server [cms-xrd-global.cern.ch:1094] declared: session not found(error code: 3011)
150202 20:52:17 26578 Xrd: CheckErrorStatus: Server [xrootd.ba.infn.it:1094] declared: session not found(error code: 3011)
02-Feb-2015 20:52:17 GMT  Successfully opened file root://xrootd.unl.edu//store/group/dpg_trigger/comm_trigger/L1TrackTrigger/620_SLHC10/Extended2023TTI/MinBias/MinBias_TuneZ2star_GEN_SIM_962.root
150202 20:53:05 21996 Xrd: XrdClientMessage::ReadRaw: Failed to read header (8 bytes).
150202 20:57:05 21998 Xrd: XrdClientMessage::ReadRaw: Failed to read header (8 bytes).
150202 20:57:35 27067 Xrd: XrdClientMessage::ReadRaw: Failed to read header (8 bytes).
02-Feb-2015 21:01:19 GMT  Closed file root://xrootd.unl.edu//store/group/dpg_trigger/comm_trigger/L1TrackTrigger/620_SLHC10/Extended2023TTI/MinBias/MinBias_TuneZ2star_GEN_SIM_962.root
02-Feb-2015 21:01:19 GMT  Initiating request to open file root://xrootd.unl.edu//store/group/dpg_trigger/comm_trigger/L1TrackTrigger/620_SLHC10/Extended2023TTI/MinBias/MinBias_TuneZ2star_GEN_SIM_654.root
150202 21:01:58 11177 Xrd: CheckErrorStatus: Server [cms-xrd-global.cern.ch:1094] declared: session not found(error code: 3011)
150202 21:01:58 11177 Xrd: CheckErrorStatus: Server [llrxrd-redir.in2p3.fr:1094] declared: session not found(error code: 3011)
02-Feb-2015 21:01:59 GMT  Successfully opened file root://xrootd.unl.edu//store/group/dpg_trigger/comm_trigger/L1TrackTrigger/620_SLHC10/Extended2023TTI/MinBias/MinBias_TuneZ2star_GEN_SIM_654.root
150202 21:06:35 27068 Xrd: XrdClientMessage::ReadRaw: Failed to read header (8 bytes).
150202 21:07:05 12436 Xrd: XrdClientMessage::ReadRaw: Failed to read header (8 bytes).
02-Feb-2015 21:09:39 GMT  Closed file root://xrootd.unl.edu//store/group/dpg_trigger/comm_trigger/L1TrackTrigger/620_SLHC10/Extended2023TTI/MinBias/MinBias_TuneZ2star_GEN_SIM_654.root
02-Feb-2015 21:09:39 GMT  Initiating request to open file root://xrootd.unl.edu//store/group/dpg_trigger/comm_trigger/L1TrackTrigger/620_SLHC10/Extended2023TTI/MinBias/MinBias_TuneZ2star_GEN_SIM_757.root
150202 21:10:39 6587 Xrd: CheckErrorStatus: Server [llrxrd-redir.in2p3.fr:1094] declared: session not found(error code: 3011)
02-Feb-2015 21:10:39 GMT  Successfully opened file root://xrootd.unl.edu//store/group/dpg_trigger/comm_trigger/L1TrackTrigger/620_SLHC10/Extended2023TTI/MinBias/MinBias_TuneZ2star_GEN_SIM_757.root
150202 21:12:35 27066 Xrd: XrdClientMessage::ReadRaw: Failed to read header (8 bytes).
150202 21:15:04 12437 Xrd: XrdClientMessage::ReadRaw: Failed to read header (8 bytes).
150202 21:16:05 8250 Xrd: XrdClientMessage::ReadRaw: Failed to read header (8 bytes).
02-Feb-2015 21:20:41 GMT  Closed file root://xrootd.unl.edu//store/group/dpg_trigger/comm_trigger/L1TrackTrigger/620_SLHC10/Extended2023TTI/MinBias/MinBias_TuneZ2star_GEN_SIM_757.root
02-Feb-2015 21:20:41 GMT  Initiating request to open file root://xrootd.unl.edu//store/group/dpg_trigger/comm_trigger/L1TrackTrigger/620_SLHC10/Extended2023TTI/MinBias/MinBias_TuneZ2star_GEN_SIM_882.root
150202 21:20:41 23648 Xrd: CheckErrorStatus: Server [cms-xrd-global.cern.ch:1094] declared: session not found(error code: 3011)
150202 21:20:41 23648 Xrd: CheckErrorStatus: Server [xrootd.ba.infn.it:1094] declared: session not found(error code: 3011)
02-Feb-2015 21:20:42 GMT  Successfully opened file root://xrootd.unl.edu//store/group/dpg_trigger/comm_trigger/L1TrackTrigger/620_SLHC10/Extended2023TTI/MinBias/MinBias_TuneZ2star_GEN_SIM_882.root
150202 21:26:05 23650 Xrd: XrdClientMessage::ReadRaw: Failed to read header (8 bytes).
150202 21:26:05 8251 Xrd: XrdClientMessage::ReadRaw: Failed to read header (8 bytes).
02-Feb-2015 21:30:07 GMT  Closed file root://xrootd.unl.edu//store/group/dpg_trigger/comm_trigger/L1TrackTrigger/620_SLHC10/Extended2023TTI/MinBias/MinBias_TuneZ2star_GEN_SIM_882.root
02-Feb-2015 21:30:07 GMT  Initiating request to open file root://xrootd.unl.edu//store/group/dpg_trigger/comm_trigger/L1TrackTrigger/620_SLHC10/Extended2023TTI/MinBias/MinBias_TuneZ2star_GEN_SIM_997.root
150202 21:30:43 11164 Xrd: CheckErrorStatus: Server [llrxrd-redir.in2p3.fr:1094] declared: session not found(error code: 3011)
02-Feb-2015 21:30:44 GMT  Successfully opened file root://xrootd.unl.edu//store/group/dpg_trigger/comm_trigger/L1TrackTrigger/620_SLHC10/Extended2023TTI/MinBias/MinBias_TuneZ2star_GEN_SIM_997.root
150202 21:30:45 12435 Xrd: XrdClientMessage::ReadRaw: Failed to read header (8 bytes).
150202 21:35:35 23651 Xrd: XrdClientMessage::ReadRaw: Failed to read header (8 bytes).
150202 21:36:05 13623 Xrd: XrdClientMessage::ReadRaw: Failed to read header (8 bytes).
150202 21:41:05 23649 Xrd: XrdClientMessage::ReadRaw: Failed to read header (8 bytes).
02-Feb-2015 21:46:21 GMT  Closed file root://xrootd.unl.edu//store/group/dpg_trigger/comm_trigger/L1TrackTrigger/620_SLHC10/Extended2023TTI/MinBias/MinBias_TuneZ2star_GEN_SIM_997.root
02-Feb-2015 21:46:21 GMT  Initiating request to open file root://xrootd.unl.edu//store/group/dpg_trigger/comm_trigger/L1TrackTrigger/620_SLHC10/Extended2023TTI/MinBias/MinBias_TuneZ2star_GEN_SIM_251.root
150202 21:46:52 14999 Xrd: CheckErrorStatus: Server [cms-xrd-global.cern.ch:1094] declared: session not found(error code: 3011)
150202 21:46:52 14999 Xrd: CheckErrorStatus: Server [xrootd.ba.infn.it:1094] declared: session not found(error code: 3011)
02-Feb-2015 21:46:52 GMT  Successfully opened file root://xrootd.unl.edu//store/group/dpg_trigger/comm_trigger/L1TrackTrigger/620_SLHC10/Extended2023TTI/MinBias/MinBias_TuneZ2star_GEN_SIM_251.root
150202 21:51:04 13622 Xrd: XrdClientMessage::ReadRaw: Failed to read header (8 bytes).
150202 21:51:35 13624 Xrd: XrdClientMessage::ReadRaw: Failed to read header (8 bytes).
150202 21:52:05 16276 Xrd: XrdClientMessage::ReadRaw: Failed to read header (8 bytes).
02-Feb-2015 21:55:15 GMT  Closed file root://xrootd.unl.edu//store/group/dpg_trigger/comm_trigger/L1TrackTrigger/620_SLHC10/Extended2023TTI/MinBias/MinBias_TuneZ2star_GEN_SIM_251.root
02-Feb-2015 21:55:15 GMT  Initiating request to open file root://xrootd.unl.edu//store/group/dpg_trigger/comm_trigger/L1TrackTrigger/620_SLHC10/Extended2023TTI/MinBias/MinBias_TuneZ2star_GEN_SIM_650.root
150202 21:55:46 28310 Xrd: CheckErrorStatus: Server [cms-xrd-global.cern.ch:1094] declared: session not found(error code: 3011)
150202 21:55:46 28310 Xrd: CheckErrorStatus: Server [llrxrd-redir.in2p3.fr:1094] declared: session not found(error code: 3011)
02-Feb-2015 21:55:47 GMT  Successfully opened file root://xrootd.unl.edu//store/group/dpg_trigger/comm_trigger/L1TrackTrigger/620_SLHC10/Extended2023TTI/MinBias/MinBias_TuneZ2star_GEN_SIM_650.root
150202 22:00:35 16277 Xrd: XrdClientMessage::ReadRaw: Failed to read header (8 bytes).
150202 22:01:05 28961 Xrd: XrdClientMessage::ReadRaw: Failed to read header (8 bytes).
02-Feb-2015 22:05:17 GMT  Closed file root://xrootd.unl.edu//store/group/dpg_trigger/comm_trigger/L1TrackTrigger/620_SLHC10/Extended2023TTI/MinBias/MinBias_TuneZ2star_GEN_SIM_650.root
02-Feb-2015 22:05:17 GMT  Initiating request to open file root://xrootd.unl.edu//store/group/dpg_trigger/comm_trigger/L1TrackTrigger/620_SLHC10/Extended2023TTI/MinBias/MinBias_TuneZ2star_GEN_SIM_243.root
150202 22:05:50 20665 Xrd: CheckErrorStatus: Server [xrootd.ba.infn.it:1094] declared: session not found(error code: 3011)
02-Feb-2015 22:05:50 GMT  Successfully opened file root://xrootd.unl.edu//store/group/dpg_trigger/comm_trigger/L1TrackTrigger/620_SLHC10/Extended2023TTI/MinBias/MinBias_TuneZ2star_GEN_SIM_243.root
02-Feb-2015 22:09:21 GMT  Closed file root://xrootd.unl.edu//store/group/dpg_trigger/comm_trigger/L1TrackTrigger/620_SLHC10/Extended2023TTI/MinBias/MinBias_TuneZ2star_GEN_SIM_243.root
02-Feb-2015 22:09:21 GMT  Initiating request to open file root://xrootd.unl.edu//store/group/dpg_trigger/comm_trigger/L1TrackTrigger/620_SLHC10/Extended2023TTI/MinBias/MinBias_TuneZ2star_GEN_SIM_590.root
150202 22:09:25 30285 Xrd: CheckErrorStatus: Server [eoscms.cern.ch:1094] declared: session not found(error code: 3011)
02-Feb-2015 22:09:25 GMT  Successfully opened file root://xrootd.unl.edu//store/group/dpg_trigger/comm_trigger/L1TrackTrigger/620_SLHC10/Extended2023TTI/MinBias/MinBias_TuneZ2star_GEN_SIM_590.root
150202 22:10:35 28962 Xrd: XrdClientMessage::ReadRaw: Failed to read header (8 bytes).
02-Feb-2015 22:13:57 GMT  Closed file root://xrootd.unl.edu//store/group/dpg_trigger/comm_trigger/L1TrackTrigger/620_SLHC10/Extended2023TTI/MinBias/MinBias_TuneZ2star_GEN_SIM_590.root
02-Feb-2015 22:13:57 GMT  Initiating request to open file root://xrootd.unl.edu//store/group/dpg_trigger/comm_trigger/L1TrackTrigger/620_SLHC10/Extended2023TTI/MinBias/MinBias_TuneZ2star_GEN_SIM_150.root
150202 22:14:28 5658 Xrd: CheckErrorStatus: Server [cms-xrd-global.cern.ch:1094] declared: session not found(error code: 3011)
150202 22:14:28 21033 Xrd: XrdClientMessage::ReadRaw: Failed to read header (8 bytes).
02-Feb-2015 22:14:28 GMT  Successfully opened file root://xrootd.unl.edu//store/group/dpg_trigger/comm_trigger/L1TrackTrigger/620_SLHC10/Extended2023TTI/MinBias/MinBias_TuneZ2star_GEN_SIM_150.root
02-Feb-2015 22:17:59 GMT  Closed file root://xrootd.unl.edu//store/group/dpg_trigger/comm_trigger/L1TrackTrigger/620_SLHC10/Extended2023TTI/MinBias/MinBias_TuneZ2star_GEN_SIM_150.root
02-Feb-2015 22:17:59 GMT  Initiating request to open file root://xrootd.unl.edu//store/group/dpg_trigger/comm_trigger/L1TrackTrigger/620_SLHC10/Extended2023TTI/MinBias/MinBias_TuneZ2star_GEN_SIM_23.root
150202 22:19:05 31381 Xrd: XrdClientMessage::ReadRaw: Failed to read header (8 bytes).
150202 22:19:28 21032 Xrd: XrdClientMessage::ReadRaw: Failed to read header (8 bytes).
150202 22:19:35 6398 Xrd: XrdClientMessage::ReadRaw: Failed to read header (8 bytes).
150202 22:23:05 6400 Xrd: XrdClientMessage::ReadRaw: Failed to read header (8 bytes).
150202 22:24:22 16315 Xrd: CheckErrorStatus: Server [xrootd.ba.infn.it:1094] declared: session not found(error code: 3011)
02-Feb-2015 22:24:22 GMT  Successfully opened file root://xrootd.unl.edu//store/group/dpg_trigger/comm_trigger/L1TrackTrigger/620_SLHC10/Extended2023TTI/MinBias/MinBias_TuneZ2star_GEN_SIM_23.root
02-Feb-2015 22:29:30 GMT  Closed file root://xrootd.unl.edu//store/group/dpg_trigger/comm_trigger/L1TrackTrigger/620_SLHC10/Extended2023TTI/MinBias/MinBias_TuneZ2star_GEN_SIM_23.root
02-Feb-2015 22:29:30 GMT  Initiating request to open file root://xrootd.unl.edu//store/group/dpg_trigger/comm_trigger/L1TrackTrigger/620_SLHC10/Extended2023TTI/MinBias/MinBias_TuneZ2star_GEN_SIM_644.root
150202 22:29:30 28445 Xrd: XrdClientMessage::ReadRaw: Failed to read header (8 bytes).
150202 22:29:31 28960 Xrd: XrdClientMessage::ReadRaw: Failed to read header (8 bytes).
150202 22:29:35 11968 Xrd: CheckErrorStatus: Server [xrootd.ba.infn.it:1094] declared: session not found(error code: 3011)
150202 22:29:35 11968 Xrd: CheckErrorStatus: Server [eoscms.cern.ch:1094] declared: session not found(error code: 3011)
02-Feb-2015 22:29:36 GMT  Successfully opened file root://xrootd.unl.edu//store/group/dpg_trigger/comm_trigger/L1TrackTrigger/620_SLHC10/Extended2023TTI/MinBias/MinBias_TuneZ2star_GEN_SIM_644.root
02-Feb-2015 22:34:01 GMT  Closed file root://xrootd.unl.edu//store/group/dpg_trigger/comm_trigger/L1TrackTrigger/620_SLHC10/Extended2023TTI/MinBias/MinBias_TuneZ2star_GEN_SIM_644.root
02-Feb-2015 22:34:01 GMT  Initiating request to open file root://xrootd.unl.edu//store/group/dpg_trigger/comm_trigger/L1TrackTrigger/620_SLHC10/Extended2023TTI/MinBias/MinBias_TuneZ2star_GEN_SIM_149.root
150202 22:34:32 20199 Xrd: CheckErrorStatus: Server [cms-xrd-global.cern.ch:1094] declared: session not found(error code: 3011)
150202 22:34:32 20199 Xrd: CheckErrorStatus: Server [eoscms.cern.ch:1094] declared: session not found(error code: 3011)
02-Feb-2015 22:34:32 GMT  Successfully opened file root://xrootd.unl.edu//store/group/dpg_trigger/comm_trigger/L1TrackTrigger/620_SLHC10/Extended2023TTI/MinBias/MinBias_TuneZ2star_GEN_SIM_149.root
150202 22:34:33 28447 Xrd: XrdClientMessage::ReadRaw: Failed to read header (8 bytes).
150202 22:34:34 6396 Xrd: XrdClientMessage::ReadRaw: Failed to read header (8 bytes).
02-Feb-2015 22:38:39 GMT  Closed file root://xrootd.unl.edu//store/group/dpg_trigger/comm_trigger/L1TrackTrigger/620_SLHC10/Extended2023TTI/MinBias/MinBias_TuneZ2star_GEN_SIM_149.root
02-Feb-2015 22:38:39 GMT  Initiating request to open file root://xrootd.unl.edu//store/group/dpg_trigger/comm_trigger/L1TrackTrigger/620_SLHC10/Extended2023TTI/MinBias/MinBias_TuneZ2star_GEN_SIM_793.root
150202 22:39:06 13741 Xrd: XrdClientMessage::ReadRaw: Failed to read header (8 bytes).
150202 22:39:10 23630 Xrd: CheckErrorStatus: Server [cms-xrd-global.cern.ch:1094] declared: session not found(error code: 3011)
02-Feb-2015 22:39:10 GMT  Successfully opened file root://xrootd.unl.edu//store/group/dpg_trigger/comm_trigger/L1TrackTrigger/620_SLHC10/Extended2023TTI/MinBias/MinBias_TuneZ2star_GEN_SIM_793.root
02-Feb-2015 22:40:56 GMT  Closed file root://dcap.pp.rl.ac.uk:1094/pnfs/pp.rl.ac.uk/data/cms/store/user/dcieri/ttbar_SIM/ttbar/ttbar_SIM/150129_145223/0000/step1_55.root
02-Feb-2015 22:40:56 GMT  Closed file root://xrootd.unl.edu//store/group/dpg_trigger/comm_trigger/L1TrackTrigger/620_SLHC10/Extended2023TTI/MinBias/MinBias_TuneZ2star_GEN_SIM_793.root

=============================================

MessageLogger Summary

 type     category        sev    module        subroutine        count    total
 ---- -------------------- -- ---------------- ----------------  -----    -----
    1 fileAction           -s MixingModule:mix                      69       69
    2 fileAction           -s MixingModule:mix                       2        2
    3 fileAction           -s MixingModule:mix                       1        1
    4 fileAction           -s file_close                             1        1
    5 fileAction           -s file_open                              2        2

 type    category    Examples: run/evt        run/evt          run/evt
 ---- -------------------- ---------------- ---------------- ----------------
    1 fileAction           1/541            1/541            1/550
    2 fileAction           pre-events       pre-events       
    3 fileAction           PostEndRun                        
    4 fileAction           PostEndRun                        
    5 fileAction           pre-events       pre-events       

Severity    # Occurrences   Total Occurrences
--------    -------------   -----------------
System                 75                  75
>>> END OF printout of 240 lines from stdout+stderr
>>> Parse FrameworkJobReport crab_fjr.xml
Result of parsing the FrameworkJobReport crab_fjr.xml: 
Extracted ExitStatus from FrameworkJobReport parsing output: 0
>>> Executable succeded  0
ExeExitCode=0
EXECUTABLE_EXIT_STATUS = 0
>>> current directory /scratch/condor/dir_13191/glide_iGhuC3/execute/dir_7259/CMSSW_6_2_0_SLHC12
>>>  (SOFTWARE_DIR): /scratch/condor/dir_13191/glide_iGhuC3/execute/dir_7259/CMSSW_6_2_0_SLHC12
>>> (WORKING_DIR): 
>>> current directory content:
total 244440
drwxr-xr-x 3 cms415 gplcms      4096 Feb  2 19:03 .SCRAM
-rw------- 1 cms415 gplcms    915837 Feb  2 19:03 CMSSW.py.pkl
drwxr-xr-x 3 cms415 gplcms      4096 Feb  2 19:03 bin
drwxr-xr-x 3 cms415 gplcms      4096 Feb  2 19:03 cfipython
drwxr-xr-x 4 cms415 gplcms      4096 Apr 28  2014 config
-rw------- 1 cms415 gplcms        16 Feb  2 22:40 cpu_timing.txt
drwxr-xr-x 2 cms415 gplcms      4096 Feb  2 19:03 doc
-rw------- 1 cms415 gplcms     26827 Feb  2 22:40 executable.out
drwxr-xr-x 2 cms415 gplcms      4096 Feb  2 19:03 include
drwx------ 3 cms415 gplcms      4096 Oct  7 10:12 lib
drwxr-xr-x 3 cms415 gplcms      4096 Feb  2 19:03 logs
drwxr-xr-x 3 cms415 gplcms      4096 Feb  2 19:03 objs
-rw------- 1 cms415 gplcms       104 Feb  2 19:03 pset.py
-rw------- 1 cms415 gplcms    926824 Feb  2 19:03 pset.py.pkl
-rw------- 1 cms415 gplcms       289 Feb  2 19:03 pset.pyc
drwxr-xr-x 2 cms415 gplcms      4096 Feb  2 19:03 python
-rw------- 1 cms415 gplcms       353 Feb  2 22:40 report.log
drwxr-xr-x 2 cms415 gplcms      4096 Feb  2 19:03 src
-rw------- 1 cms415 gplcms 248101258 Feb  2 22:40 step2.root
drwxr-xr-x 3 cms415 gplcms      4096 Feb  2 19:03 test
drwxr-xr-x 3 cms415 gplcms      4096 Feb  2 19:03 tmp
>>> current directory /scratch/condor/dir_13191/glide_iGhuC3/execute/dir_7259/CMSSW_6_2_0_SLHC12
>>> (SOFTWARE_DIR): /scratch/condor/dir_13191/glide_iGhuC3/execute/dir_7259/CMSSW_6_2_0_SLHC12
>>> (WORKING_DIR): 
>>> current directory content:
total 244440
drwxr-xr-x 3 cms415 gplcms      4096 Feb  2 19:03 .SCRAM
-rw------- 1 cms415 gplcms    915837 Feb  2 19:03 CMSSW.py.pkl
drwxr-xr-x 3 cms415 gplcms      4096 Feb  2 19:03 bin
drwxr-xr-x 3 cms415 gplcms      4096 Feb  2 19:03 cfipython
drwxr-xr-x 4 cms415 gplcms      4096 Apr 28  2014 config
-rw------- 1 cms415 gplcms        16 Feb  2 22:40 cpu_timing.txt
drwxr-xr-x 2 cms415 gplcms      4096 Feb  2 19:03 doc
-rw------- 1 cms415 gplcms     26827 Feb  2 22:40 executable.out
drwxr-xr-x 2 cms415 gplcms      4096 Feb  2 19:03 include
drwx------ 3 cms415 gplcms      4096 Oct  7 10:12 lib
drwxr-xr-x 3 cms415 gplcms      4096 Feb  2 19:03 logs
drwxr-xr-x 3 cms415 gplcms      4096 Feb  2 19:03 objs
-rw------- 1 cms415 gplcms       104 Feb  2 19:03 pset.py
-rw------- 1 cms415 gplcms    926824 Feb  2 19:03 pset.py.pkl
-rw------- 1 cms415 gplcms       289 Feb  2 19:03 pset.pyc
drwxr-xr-x 2 cms415 gplcms      4096 Feb  2 19:03 python
-rw------- 1 cms415 gplcms       353 Feb  2 22:40 report.log
drwxr-xr-x 2 cms415 gplcms      4096 Feb  2 19:03 src
-rw------- 1 cms415 gplcms 248101258 Feb  2 22:40 step2_29_1_QeS.root
drwxr-xr-x 3 cms415 gplcms      4096 Feb  2 19:03 test
drwxr-xr-x 3 cms415 gplcms      4096 Feb  2 19:03 tmp
>>> current directory (RUNTIME_AREA):  /scratch/condor/dir_13191/glide_iGhuC3/execute/dir_7259
PNN = T2_UK_SGrid_RALPP
SE = heplnx204.pp.rl.ac.uk
SE_PATH = /srm/managerv2?SFN=/pnfs/pp.rl.ac.uk/data/cms/store/user/dcieri/ttbar_PU140_DIGI/dcieri/ttbar/ttbar_PU140_DIGI/3c0380cf82de79bc39966c93934c61fc/
LFNBaseName = /store/user/dcieri/ttbar_PU140_DIGI/dcieri/ttbar/ttbar_PU140_DIGI/3c0380cf82de79bc39966c93934c61fc/
USER = dcieri
endpoint = srm://heplnx204.pp.rl.ac.uk:8443/srm/managerv2?SFN=/pnfs/pp.rl.ac.uk/data/cms/store/user/dcieri/ttbar_PU140_DIGI/dcieri/ttbar/ttbar_PU140_DIGI/3c0380cf82de79bc39966c93934c61fc/
>>> Copy output files from WN = heplnc060.pp.rl.ac.uk to /srm/managerv2?SFN=/pnfs/pp.rl.ac.uk/data/cms/store/user/dcieri/ttbar_PU140_DIGI/dcieri/ttbar/ttbar_PU140_DIGI/3c0380cf82de79bc39966c93934c61fc/ :
python cmscp.py  --destination srm://heplnx204.pp.rl.ac.uk:8443/srm/managerv2?SFN=/pnfs/pp.rl.ac.uk/data/cms/store/user/dcieri/ttbar_PU140_DIGI/dcieri/ttbar/ttbar_PU140_DIGI/3c0380cf82de79bc39966c93934c61fc/ --inputFileList /scratch/condor/dir_13191/glide_iGhuC3/execute/dir_7259/CMSSW_6_2_0_SLHC12/step2_29_1_QeS.root --middleware LCG --PNN T2_UK_SGrid_RALPP --se_name heplnx204.pp.rl.ac.uk --for_lfn /store/user/dcieri/ttbar_PU140_DIGI/dcieri/ttbar/ttbar_PU140_DIGI/3c0380cf82de79bc39966c93934c61fc/    
******************************************************
localSeName  =  heplnx204.pp.rl.ac.uk
remoteSeName =  heplnx204.pp.rl.ac.uk
******************************************************
{"/scratch/condor/dir_13191/glide_iGhuC3/execute/dir_7259/CMSSW_6_2_0_SLHC12/step2_29_1_QeS.root": {"endpoint": "srm://heplnx204.pp.rl.ac.uk:8443/srm/managerv2?SFN=/pnfs/pp.rl.ac.uk/data/cms/store/user/dcieri/ttbar_PU140_DIGI/dcieri/ttbar/ttbar_PU140_DIGI/3c0380cf82de79bc39966c93934c61fc/", "surl_for_grid": "", "reason": "Copy succedeed with srm-lcg utils", "erCode": "0", "PNN": "T2_UK_SGrid_RALPP", "se_name": "heplnx204.pp.rl.ac.uk", "for_lfn": "/store/user/dcieri/ttbar_PU140_DIGI/dcieri/ttbar/ttbar_PU140_DIGI/3c0380cf82de79bc39966c93934c61fc/"}}/scratch/condor/dir_13191/glide_iGhuC3/execute/dir_7259
-------- cat /scratch/condor/dir_13191/glide_iGhuC3/execute/dir_7259/cmscpReport.sh 
#!/bin/bash
echo "Report for File: /scratch/condor/dir_13191/glide_iGhuC3/execute/dir_7259/CMSSW_6_2_0_SLHC12/step2_29_1_QeS.root"
echo "LFN: /store/user/dcieri/ttbar_PU140_DIGI/dcieri/ttbar/ttbar_PU140_DIGI/3c0380cf82de79bc39966c93934c61fc/step2_29_1_QeS.root"
echo "StorageElement: heplnx204.pp.rl.ac.uk"
echo "StageOutExitStatusReason = 'Copy succedeed with srm-lcg utils'" | tee -a $RUNTIME_AREA/$repo
echo "StageOutSE = heplnx204.pp.rl.ac.uk" >> $RUNTIME_AREA/$repo

export StageOutExitStatus=0
echo "StageOutExitStatus = 0" | tee -a $RUNTIME_AREA/$repo
-------- end of /scratch/condor/dir_13191/glide_iGhuC3/execute/dir_7259/cmscpReport.sh 
Report for File: /scratch/condor/dir_13191/glide_iGhuC3/execute/dir_7259/CMSSW_6_2_0_SLHC12/step2_29_1_QeS.root
LFN: /store/user/dcieri/ttbar_PU140_DIGI/dcieri/ttbar/ttbar_PU140_DIGI/3c0380cf82de79bc39966c93934c61fc/step2_29_1_QeS.root
StorageElement: heplnx204.pp.rl.ac.uk
StageOutExitStatusReason = 'Copy succedeed with srm-lcg utils'
StageOutExitStatus = 0
>>> current dir: /scratch/condor/dir_13191/glide_iGhuC3/execute/dir_7259
>>> current dir content:
total 8828
-rw-------  1 cms415 gplcms    2657 Feb  2 22:41 .SEinteraction.log
-rwx------  1 cms415 gplcms      52 Feb  2 19:01 .chirp_config
-rwx------  1 cms415 gplcms    7811 Feb  2 19:01 .job.ad
-rwx------  1 cms415 gplcms    9781 Feb  2 19:01 .machine.ad
-rw-------  1 cms415 gplcms     105 Feb  2 12:16 CMSSW.py
-rw-------  1 cms415 gplcms  915837 Feb  2 12:16 CMSSW.py.pkl
-rwx------  1 cms415 gplcms   29498 Feb  2 19:03 CMSSW.sh
drwxr-xr-x 15 cms415 gplcms    4096 Feb  2 22:41 CMSSW_6_2_0_SLHC12
-rw-------  1 cms415 gplcms     189 Feb  2 19:03 CacheEnv.sh
-rw-------  1 cms415 gplcms    7291 Nov 19 14:52 DashboardAPI.py
-rw-------  1 cms415 gplcms    6455 Feb  2 19:03 DashboardAPI.pyc
drwx------  2 cms415 gplcms    4096 Feb  2 22:40 IMProv
-rw-------  1 cms415 gplcms    2748 Nov 19 14:52 Logger.py
-rw-------  1 cms415 gplcms    3227 Feb  2 19:03 Logger.pyc
-rw-------  1 cms415 gplcms   24524 Nov 19 14:52 ProcInfo.py
-rw-------  1 cms415 gplcms   22621 Feb  2 19:03 ProcInfo.pyc
drwx------  7 cms415 gplcms    4096 Feb  2 19:03 ProdCommon
drwx------  3 cms415 gplcms    4096 Feb  2 19:03 WMCore
-rw-------  1 cms415 gplcms   11799 Feb  2 22:41 Watchdog_29.log
-rwx------  1 cms415 gplcms       0 Feb  2 19:03 _condor_stderr
-rwx---r--  1 cms415 gplcms   41546 Feb  2 22:41 _condor_stdout
-rw-------  1 cms415 gplcms   32895 Nov 19 14:52 apmon.py
-rw-------  1 cms415 gplcms   27929 Feb  2 19:03 apmon.pyc
-rwx------  1 cms415 gplcms  134309 Feb  2 19:03 arguments.xml
-rwx------  1 cms415 gplcms   38581 Nov 19 14:52 cmscp.py
-rw-------  1 cms415 gplcms     559 Feb  2 22:41 cmscpReport.sh
-rwx------  1 cms415 gplcms   29498 Feb  2 19:03 condor_exec.exe
-rw-------  1 cms415 gplcms     544 Feb  2 12:16 crab.cfg
-rwx------  1 cms415 gplcms    8610 Nov 19 14:52 crabWatchdog.sh
-rwx---r--  1 cms415 gplcms  112078 Feb  2 22:40 crab_fjr_29.xml
-rwx------  1 cms415 gplcms 7390485 Feb  2 19:03 default.tgz
-rwx------  1 cms415 gplcms    4488 Nov 19 14:52 fillCrabFjr.py
-rw-------  1 cms415 gplcms     225 Feb  2 19:03 inputsReport.txt
-rw-------  1 cms415 gplcms     243 Feb  2 22:41 jobreport.txt
-rw-------  1 cms415 gplcms   17352 Nov 19 14:52 parseCrabFjr.py
-rw-------  1 cms415 gplcms     321 Feb  2 19:03 report.log
-rwx--x--x  1 cms415 gplcms    1497 Nov 19 14:52 report.py
-rw-------  1 cms415 gplcms     553 Feb  2 22:41 resultCopyFile
lrwxrwxrwx  1 cms415 gplcms      94 Feb  2 22:41 step2.root -> /scratch/condor/dir_13191/glide_iGhuC3/execute/dir_7259/CMSSW_6_2_0_SLHC12/step2_29_1_QeS.root
-rwx------  1 cms415 gplcms    8351 Nov 19 14:52 writeCfg.py
-rw-------  1 cms415 gplcms   10293 Feb  2 19:01 x509up_u62281
>>> Modify Job Report:
CMSSW_VERSION = CMSSW_6_2_0_SLHC12
ProcessedDataset = ttbar_PU140_DIGI
/scratch/condor/dir_13191/glide_iGhuC3/execute/dir_7259/ProdCommon/FwkJobRep/ModifyJobReport.py fjr /scratch/condor/dir_13191/glide_iGhuC3/execute/dir_7259/crab_fjr_29.xml json /scratch/condor/dir_13191/glide_iGhuC3/execute/dir_7259/resultCopyFile n_job 29_1_QeS PrimaryDataset ttbar  ApplicationFamily cmsRun ApplicationName cmsRun cmssw_version CMSSW_6_2_0_SLHC12 psethash 3c0380cf82de79bc39966c93934c61fc UserProcessedDataset dcieri-ttbar_PU140_DIGI-3c0380cf82de79bc39966c93934c61fc
inputDict =  {u'/scratch/condor/dir_13191/glide_iGhuC3/execute/dir_7259/CMSSW_6_2_0_SLHC12/step2_29_1_QeS.root': {u'endpoint': u'srm://heplnx204.pp.rl.ac.uk:8443/srm/managerv2?SFN=/pnfs/pp.rl.ac.uk/data/cms/store/user/dcieri/ttbar_PU140_DIGI/dcieri/ttbar/ttbar_PU140_DIGI/3c0380cf82de79bc39966c93934c61fc/', u'surl_for_grid': u'', u'reason': u'Copy succedeed with srm-lcg utils', u'erCode': u'0', u'PNN': u'T2_UK_SGrid_RALPP', u'se_name': u'heplnx204.pp.rl.ac.uk', u'for_lfn': u'/store/user/dcieri/ttbar_PU140_DIGI/dcieri/ttbar/ttbar_PU140_DIGI/3c0380cf82de79bc39966c93934c61fc/'}}
UserProcessedDataset =  dcieri-ttbar_PU140_DIGI-3c0380cf82de79bc39966c93934c61fc
WORKING ON EDM FILE
file_name in inputDict =  /scratch/condor/dir_13191/glide_iGhuC3/execute/dir_7259/CMSSW_6_2_0_SLHC12/step2_29_1_QeS.root
(size) os.stat(filename)[6] =  248101258
checksum =  367556716
    file =  step2_29_1_QeS.root
    newPfn =  srm://heplnx204.pp.rl.ac.uk:8443/srm/managerv2?SFN=/pnfs/pp.rl.ac.uk/data/cms/store/user/dcieri/ttbar_PU140_DIGI/dcieri/ttbar/ttbar_PU140_DIGI/3c0380cf82de79bc39966c93934c61fc/step2_29_1_QeS.root
    newLfn =  /store/user/dcieri/ttbar_PU140_DIGI/dcieri/ttbar/ttbar_PU140_DIGI/3c0380cf82de79bc39966c93934c61fc/step2_29_1_QeS.root
>>> crab_fjr_*.xml  permission set to 0704
CrabWrapper EXIT_FUNC entered at Mon Feb  2 22:41:50 GMT 2015   -  Mon Feb  2 22:41:50 UTC 2015
Checking output files:  
will tar file crab_fjr_29.xml in  out_files_29
WARNING: output file CMSSW_29.stdout not found!
WARNING: output file CMSSW_29.stderr not found!
WARNING: output file Watchdog_29.log.gz not found!
>>> padding time: Wrapper lasting more than 600 seconds. No sleep required.
STOPPING WATCHDOG. CrabWatchdog PID is 10129
********** LAST 50 LINES OF WATCHDOG LOG
 Feb 02 19:55:40 GMT	---	1202944	1757184	96	----	----	----
 Feb 02 19:57:41 GMT	10271	1202944	1758464	96	178	3258	cmsRun -j /scratch/condor/dir_13191/glide_iGhuC3/execute/dir_7259/crab_fjr_29.xml -p pset.py      
 Feb 02 20:00:42 GMT	10271	1202944	1758976	96	184	3439	cmsRun -j /scratch/condor/dir_13191/glide_iGhuC3/execute/dir_7259/crab_fjr_29.xml -p pset.py      
 Feb 02 20:04:43 GMT	10271	1202944	1761280	96	190	3680	cmsRun -j /scratch/condor/dir_13191/glide_iGhuC3/execute/dir_7259/crab_fjr_29.xml -p pset.py      
 Feb 02 20:05:43 GMT	10271	1202944	1763072	96	193	3740	cmsRun -j /scratch/condor/dir_13191/glide_iGhuC3/execute/dir_7259/crab_fjr_29.xml -p pset.py      
 Feb 02 20:06:43 GMT	10271	1202944	1763584	96	196	3801	cmsRun -j /scratch/condor/dir_13191/glide_iGhuC3/execute/dir_7259/crab_fjr_29.xml -p pset.py      
 Feb 02 20:07:44 GMT	10271	1202944	1765888	96	199	3861	cmsRun -j /scratch/condor/dir_13191/glide_iGhuC3/execute/dir_7259/crab_fjr_29.xml -p pset.py      
 Feb 02 20:08:44 GMT	10271	1202944	1768192	96	202	3921	cmsRun -j /scratch/condor/dir_13191/glide_iGhuC3/execute/dir_7259/crab_fjr_29.xml -p pset.py      
 Feb 02 20:12:46 GMT	10271	1202944	1773312	96	209	4163	cmsRun -j /scratch/condor/dir_13191/glide_iGhuC3/execute/dir_7259/crab_fjr_29.xml -p pset.py      
 Feb 02 20:13:46 GMT	10271	1202944	1787904	96	215	4223	cmsRun -j /scratch/condor/dir_13191/glide_iGhuC3/execute/dir_7259/crab_fjr_29.xml -p pset.py      
 Feb 02 20:14:46 GMT	10271	1255524	1788672	96	222	4283	cmsRun -j /scratch/condor/dir_13191/glide_iGhuC3/execute/dir_7259/crab_fjr_29.xml -p pset.py      
 Feb 02 20:15:46 GMT	10271	1261296	1792000	96	224	4344	cmsRun -j /scratch/condor/dir_13191/glide_iGhuC3/execute/dir_7259/crab_fjr_29.xml -p pset.py      
 Feb 02 20:16:47 GMT	10271	1263832	1792512	96	226	4404	cmsRun -j /scratch/condor/dir_13191/glide_iGhuC3/execute/dir_7259/crab_fjr_29.xml -p pset.py      
 Feb 02 20:17:47 GMT	10271	1263832	1794816	96	228	4464	cmsRun -j /scratch/condor/dir_13191/glide_iGhuC3/execute/dir_7259/crab_fjr_29.xml -p pset.py      
 Feb 02 20:18:47 GMT	10271	1263832	1796864	96	245	4525	cmsRun -j /scratch/condor/dir_13191/glide_iGhuC3/execute/dir_7259/crab_fjr_29.xml -p pset.py      
 Feb 02 20:18:47 GMT	---	1263832	1796864	119	----	----	----
 Feb 02 20:19:48 GMT	10271	1263832	1799680	119	246	4585	cmsRun -j /scratch/condor/dir_13191/glide_iGhuC3/execute/dir_7259/crab_fjr_29.xml -p pset.py      
 Feb 02 20:31:51 GMT	10271	1263832	1800448	119	266	5308	cmsRun -j /scratch/condor/dir_13191/glide_iGhuC3/execute/dir_7259/crab_fjr_29.xml -p pset.py      
 Feb 02 20:34:52 GMT	10271	1263832	1804032	119	269	5489	cmsRun -j /scratch/condor/dir_13191/glide_iGhuC3/execute/dir_7259/crab_fjr_29.xml -p pset.py      
 Feb 02 20:35:52 GMT	10271	1263832	1809664	119	271	5550	cmsRun -j /scratch/condor/dir_13191/glide_iGhuC3/execute/dir_7259/crab_fjr_29.xml -p pset.py      
 Feb 02 20:36:53 GMT	10271	1263832	1810432	119	272	5610	cmsRun -j /scratch/condor/dir_13191/glide_iGhuC3/execute/dir_7259/crab_fjr_29.xml -p pset.py      
 Feb 02 20:39:54 GMT	10271	1263832	1811456	119	277	5791	cmsRun -j /scratch/condor/dir_13191/glide_iGhuC3/execute/dir_7259/crab_fjr_29.xml -p pset.py      
 Feb 02 20:40:54 GMT	10271	1263832	1811968	119	279	5851	cmsRun -j /scratch/condor/dir_13191/glide_iGhuC3/execute/dir_7259/crab_fjr_29.xml -p pset.py      
 Feb 02 20:41:54 GMT	10271	1263832	1813248	119	285	5912	cmsRun -j /scratch/condor/dir_13191/glide_iGhuC3/execute/dir_7259/crab_fjr_29.xml -p pset.py      
 Feb 02 20:42:55 GMT	10271	1263832	1825792	119	288	5973	cmsRun -j /scratch/condor/dir_13191/glide_iGhuC3/execute/dir_7259/crab_fjr_29.xml -p pset.py      
 Feb 02 20:43:56 GMT	10271	1263832	1829376	119	292	6033	cmsRun -j /scratch/condor/dir_13191/glide_iGhuC3/execute/dir_7259/crab_fjr_29.xml -p pset.py      
 Feb 02 20:44:56 GMT	10271	1263832	1829632	119	293	6093	cmsRun -j /scratch/condor/dir_13191/glide_iGhuC3/execute/dir_7259/crab_fjr_29.xml -p pset.py      
 Feb 02 20:46:57 GMT	10271	1299264	1829632	119	296	6214	cmsRun -j /scratch/condor/dir_13191/glide_iGhuC3/execute/dir_7259/crab_fjr_29.xml -p pset.py      
# TIME			PID	RSS(KB)	VSZ(KB)	Dsk(MB)	tCPU(s)	tWALL(s)	COMMAND
 Feb 02 20:47:57 GMT	10271	1303908	1833472	119	298	6274	cmsRun -j /scratch/condor/dir_13191/glide_iGhuC3/execute/dir_7259/crab_fjr_29.xml -p pset.py      
 Feb 02 20:48:57 GMT	10271	1316956	1833984	119	299	6335	cmsRun -j /scratch/condor/dir_13191/glide_iGhuC3/execute/dir_7259/crab_fjr_29.xml -p pset.py      
 Feb 02 20:49:58 GMT	10271	1319604	1833984	119	300	6395	cmsRun -j /scratch/condor/dir_13191/glide_iGhuC3/execute/dir_7259/crab_fjr_29.xml -p pset.py      
 Feb 02 20:50:58 GMT	10271	1376248	1850368	119	303	6455	cmsRun -j /scratch/condor/dir_13191/glide_iGhuC3/execute/dir_7259/crab_fjr_29.xml -p pset.py      
 Feb 02 20:51:58 GMT	---	1376248	1850368	141	----	----	----
 Feb 02 21:12:05 GMT	10271	1447184	1872904	141	377	7722	cmsRun -j /scratch/condor/dir_13191/glide_iGhuC3/execute/dir_7259/crab_fjr_29.xml -p pset.py      
 Feb 02 21:12:05 GMT	---	1447184	1872904	146	----	----	----
 Feb 02 21:13:05 GMT	---	1447184	1872904	162	----	----	----
 Feb 02 21:38:16 GMT	---	1447184	1872904	183	----	----	----
 Feb 02 21:55:22 GMT	---	1447184	1872904	184	----	----	----
 Feb 02 22:04:24 GMT	---	1447184	1872904	206	----	----	----
 Feb 02 22:11:27 GMT	10271	1447184	1888520	206	586	11284	cmsRun -j /scratch/condor/dir_13191/glide_iGhuC3/execute/dir_7259/crab_fjr_29.xml -p pset.py      
 Feb 02 22:12:27 GMT	10271	1447184	1889800	206	590	11345	cmsRun -j /scratch/condor/dir_13191/glide_iGhuC3/execute/dir_7259/crab_fjr_29.xml -p pset.py      
 Feb 02 22:13:28 GMT	10271	1470532	1967112	206	599	11405	cmsRun -j /scratch/condor/dir_13191/glide_iGhuC3/execute/dir_7259/crab_fjr_29.xml -p pset.py      
 Feb 02 22:14:28 GMT	---	1470532	1967112	228	----	----	----
 Feb 02 22:30:34 GMT	10271	1470532	1972488	228	678	12432	cmsRun -j /scratch/condor/dir_13191/glide_iGhuC3/execute/dir_7259/crab_fjr_29.xml -p pset.py      
 Feb 02 22:31:35 GMT	---	1470532	1972488	250	----	----	----
 Feb 02 22:38:26 GMT	10271	1470532	1984264	250	743	12904	cmsRun -j /scratch/condor/dir_13191/glide_iGhuC3/execute/dir_7259/crab_fjr_29.xml -p pset.py      
 Feb 02 22:39:27 GMT	10271	1470532	1984524	250	752	12964	cmsRun -j /scratch/condor/dir_13191/glide_iGhuC3/execute/dir_7259/crab_fjr_29.xml -p pset.py      
 Feb 02 22:40:27 GMT	10271	1470532	1997324	250	760	13024	cmsRun -j /scratch/condor/dir_13191/glide_iGhuC3/execute/dir_7259/crab_fjr_29.xml -p pset.py      
 Feb 02 22:41:27 GMT	---	1470532	1997324	274	----	----	----
********** WATCHDOG LOG ENDED
ZIPPING WATCHDOG LOG
Disk space used:
du -sh /scratch/condor/dir_13191/glide_iGhuC3/execute/dir_7259
274M	/scratch/condor/dir_13191/glide_iGhuC3/execute/dir_7259
Found unusual stdout, rename for OSB
`/scratch/condor/dir_13191/glide_iGhuC3/execute/dir_7259/_condor_stdout' -> `CMSSW_29.stdout'
Found unusual stderr, rename for OSB
`/scratch/condor/dir_13191/glide_iGhuC3/execute/dir_7259/_condor_stdout' -> `CMSSW_29.stderr'
crab_fjr_29.xml
CMSSW_29.stdout
CMSSW_29.stderr
Watchdog_29.log.gz
Total Output dimension: 24751
WARNING: output files size limit is set to: 50000000
Total Output dimension 24751 is fine.
JOB_EXIT_STATUS = 0
>>> info for dashboard:
***** Cat /scratch/condor/dir_13191/glide_iGhuC3/execute/dir_7259/jobreport.txt *****
MonitorJobID=29_https://submit-6.t2.ucsd.edu//150202//509447.28
MonitorID=dcieri_PU140_4dm08r
ExeTime=13051
ExeExitCode=0
StageOutExitStatusReason = 'Copy succedeed with srm-lcg utils'
StageOutSE = heplnx204.pp.rl.ac.uk
StageOutExitStatus = 0
CrabUserCpuTime=757.67
CrabSysCpuTime=23.87
CrabCpuPercentage=5%
CrabWrapperTime=13111
CrabStageoutTime=49
JobExitCode=0
***** End Cat jobreport *****
Parameters sent to Dashboard.
EXITING at Mon Feb  2 22:41:52 GMT 2015  -  Mon Feb  2 22:41:52 UTC 2015
