This script was generated by crab (version 2.11.1_patch1).
Running /scratch/condor/dir_22755/glide_NzUcP1/execute/dir_14761/condor_exec.exe with 2 positional parameters: 269 1
Today is Mon Feb  2 20:21:41 GMT 2015 - Mon Feb  2 20:21:41 UTC 2015
Job submitted on host heplnc302.pp.rl.ac.uk
Linux heplnc302.pp.rl.ac.uk 2.6.32-504.3.3.el6.x86_64 #1 SMP Tue Dec 16 14:29:22 CST 2014 x86_64 x86_64 x86_64 GNU/Linux
Distributor ID:	Scientific
Description:	Scientific Linux release 6.6 (Carbon)
>>> current directory (RUNTIME_AREA): /scratch/condor/dir_22755/glide_NzUcP1/execute/dir_14761
>>> current user: uid=157415(cms415) gid=157000(gplcms) groups=157000(gplcms)
>>> directory permission set to 0700
>>> umask set to:  u=rwx,g=,o=
>>> stdout stderr permission set to 0704
>>> voms proxy information:
subject   : /DC=ch/DC=cern/OU=Organic Units/OU=Users/CN=dcieri/CN=755391/CN=Davide Cieri/CN=769881070/CN=203292670
issuer    : /DC=ch/DC=cern/OU=Organic Units/OU=Users/CN=dcieri/CN=755391/CN=Davide Cieri/CN=769881070
identity  : /DC=ch/DC=cern/OU=Organic Units/OU=Users/CN=dcieri/CN=755391/CN=Davide Cieri
type      : RFC3820 compliant limited proxy
strength  : 1024
path      : /scratch/condor/dir_22755/glide_NzUcP1/execute/dir_14761/x509up_u62281
timeleft  : 23:58:32
key usage : Digital Signature, Key Encipherment
=== VO cms extension information ===
VO        : cms
subject   : /DC=ch/DC=cern/OU=Organic Units/OU=Users/CN=dcieri/CN=755391/CN=Davide Cieri
issuer    : /DC=ch/DC=cern/OU=computers/CN=lcg-voms2.cern.ch
attribute : /cms/Role=NULL/Capability=NULL
timeleft  : 183:54:43
uri       : lcg-voms2.cern.ch:15002

WNHostName=heplnc302.pp.rl.ac.uk
$_CONDOR_JOB_AD =/scratch/condor/dir_22755/glide_NzUcP1/execute/dir_14761/.job.ad
OverflowFlag=0
>>> tar --no-same-permissions -xf /scratch/condor/dir_22755/glide_NzUcP1/execute/dir_14761/default.tgz :
Successful untar
>>> Include /scratch/condor/dir_22755/glide_NzUcP1/execute/dir_14761 in PYTHONPATH:
strip arguments
env var CRAB_UNIQUE_JOB_ID set to: dcieri_PU140_4dm08r_269_1_oUn
out_files_269
>>> list of expected files on output sandbox
output files: crab_fjr_269.xml CMSSW_269.stdout CMSSW_269.stderr Watchdog_269.log.gz
>>> GridFlavour discovery: 
GridFlavour=LCG
>>> SyncSite discovery: 
SyncSite=T2_UK_SGrid_RALPP
>>> SyncCE discovery: 
getting SyncCE from GLIDEIN_Gaekeeper
SyncCE=heplnv146.pp.rl.ac.uk
>>> info for dashboard:
***** Cat /scratch/condor/dir_22755/glide_NzUcP1/execute/dir_14761/jobreport.txt *****
WNHostName=heplnc302.pp.rl.ac.uk
OverflowFlag=0
MonitorJobID=269_https://submit-6.t2.ucsd.edu//150202//509447.268
SyncGridJobId=https://submit-6.t2.ucsd.edu//150202//509447.268
MonitorID=dcieri_PU140_4dm08r
GridFlavour=LCG
SyncSite=T2_UK_SGrid_RALPP
SyncCE=heplnv146.pp.rl.ac.uk
***** End Cat jobreport *****
Parameters sent to Dashboard.
>>> setup environment
set SCRAM ARCH to slc6_amd64_gcc472
SCRAM_ARCH = slc6_amd64_gcc472
>>> setup CMS LCG environment:
set SCRAM ARCH and BUILD_ARCH to slc6_amd64_gcc472 ###
Sourcing environment... 
sourcing /cvmfs/cms.cern.ch/cmsset_default.sh
==> setup cms environment ok
>>> specific cmssw setup environment:
CMSSW_VERSION =  CMSSW_6_2_0_SLHC12
WARNING: In non-interactive mode release checks e.g. deprecated releases, production architectures are disabled.
>>> current directory (SOFTWARE_DIR): /scratch/condor/dir_22755/glide_NzUcP1/execute/dir_14761/CMSSW_6_2_0_SLHC12
PreserveSeeds: <>
IncrementSeeds:<>
>>> info for dashboard:
***** Cat /scratch/condor/dir_22755/glide_NzUcP1/execute/dir_14761/jobreport.txt *****
MonitorJobID=269_https://submit-6.t2.ucsd.edu//150202//509447.268
MonitorID=dcieri_PU140_4dm08r
***** End Cat jobreport *****
Parameters sent to Dashboard.
crabWatchdog started as process 16357
>>> moving CMSSW software directories in /scratch/condor/dir_22755/glide_NzUcP1/execute/dir_14761/CMSSW_6_2_0_SLHC12
mv: cannot stat `/scratch/condor/dir_22755/glide_NzUcP1/execute/dir_14761/module/': No such file or directory
>>> Include /scratch/condor/dir_22755/glide_NzUcP1/execute/dir_14761 in PYTHONPATH:
PYTHONPATH=/scratch/condor/dir_22755/glide_NzUcP1/execute/dir_14761/:/scratch/condor/dir_22755/glide_NzUcP1/execute/dir_14761/CMSSW_6_2_0_SLHC12/python:/scratch/condor/dir_22755/glide_NzUcP1/execute/dir_14761/CMSSW_6_2_0_SLHC12/lib/slc6_amd64_gcc472:/cvmfs/cms.cern.ch/slc6_amd64_gcc472/cms/cmssw/CMSSW_6_2_0_SLHC12/python:/cvmfs/cms.cern.ch/slc6_amd64_gcc472/cms/cmssw/CMSSW_6_2_0_SLHC12/lib/slc6_amd64_gcc472:/cvmfs/cms.cern.ch/slc6_amd64_gcc472/cms/coral/CORAL_2_3_21-cms35/slc6_amd64_gcc472/python:/cvmfs/cms.cern.ch/slc6_amd64_gcc472/cms/coral/CORAL_2_3_21-cms35/slc6_amd64_gcc472/lib:/cvmfs/cms.cern.ch/slc6_amd64_gcc472/external/python-ldap/2.3.5-cms5/lib/python2.7/site-packages:/cvmfs/cms.cern.ch/slc6_amd64_gcc472/external/pyqt/4.8.1-cms5/lib/python2.7/site-packages:/cvmfs/cms.cern.ch/slc6_amd64_gcc472/external/py2-scipy/0.8.0-cms7/lib/python2.7/site-packages:/cvmfs/cms.cern.ch/slc6_amd64_gcc472/external/py2-matplotlib/1.0.1-cms7/lib/python2.7/site-packages:/cvmfs/cms.cern.ch/slc6_amd64_gcc472/external/sip/4.11.2-cms5/lib/python2.7/site-packages:/cvmfs/cms.cern.ch/slc6_amd64_gcc472/external/py2-pycurl/7.19.0-cms7/lib/python2.7/site-packages:/cvmfs/cms.cern.ch/slc6_amd64_gcc472/external/py2-numpy/1.6.1-cms7/lib/python2.7/site-packages:/cvmfs/cms.cern.ch/slc6_amd64_gcc472/external/py2-lint/0.25.1-cms5/lib/python2.7/site-packages:/cvmfs/cms.cern.ch/slc6_amd64_gcc472/external/py2-ipython/0.10-cms5/lib/python2.7/site-packages:/cvmfs/cms.cern.ch/slc6_amd64_gcc472/external/py2-cx-oracle/5.1-cms5/lib/python2.7/site-packages:/cvmfs/cms.cern.ch/slc6_amd64_gcc472/external/py2-cjson/1.0.5-cms5/lib/python2.7/site-packages:/cvmfs/cms.cern.ch/slc6_amd64_gcc472/cms/das-client/1.11.7/bin:/cvmfs/cms.cern.ch/slc6_amd64_gcc472/external/elementtree/1.2.6-cms5/share/lib/python2.7/site-packages:/cvmfs/cms.cern.ch/slc6_amd64_gcc472/external/rivet/1.8.2-cms9/lib/python2.7/site-packages:/cvmfs/cms.cern.ch/slc6_amd64_gcc472/external/pyminuit2/0.0.1-cms19/lib/python2.7/site-packages:/cvmfs/cms.cern.ch/slc6_amd64_gcc472/external/py2-pygithub/1.23.0-cms2/lib/python2.7/site-packages:/cvmfs/cms.cern.ch/slc6_amd64_gcc472/external/professor/1.0.0-cms19/lib/python2.7/site-packages:/cvmfs/cms.cern.ch/slc6_amd64_gcc472/lcg/root/5.34.07-cms/lib:/cvmfs/cms.cern.ch/slc6_amd64_gcc472/cms/dbs-client/DBS_2_1_9-cms5/lib:/cvmfs/cms.cern.ch/slc6_amd64_gcc472/cms/dbs-client/DBS_2_1_9-cms5/lib/DBSAPI:/cvmfs/cms.cern.ch/slc6_amd64_gcc472/external/cvs2git/5419-cms/lib:/scratch/condor/dir_22755/glide_NzUcP1/execute/dir_14761/
 
# LIMITS USED BY CRAB WATCHDOG:
# RSS  (KBytes)   : 2300000
# VSZ  (KBytes)   : 100000000
# DISK (MBytes)   : 19000
# CPU TIME        : 720h:0m:0s
# WALL CLOCK TIME : 21h:50m:0s
 
3c0380cf82de79bc39966c93934c61fc
PSETHASH = 3c0380cf82de79bc39966c93934c61fc
/scratch/condor/dir_22755/glide_NzUcP1/execute/dir_14761/writeCfg.py pset.py pset.py
Importing .py file
Setting parameters
RandomNumberGeneratorService found, will attempt to change seeds
inputBlocks=/ttbar/dcieri-ttbar_SIM-130075366148575c102f0d64fd3ac8f7/USER#7b37175b-029a-4723-ac30-87f0f216faab
inputFiles=/store/user/dcieri/ttbar_SIM/ttbar/ttbar_SIM/150129_145223/0000/step1_23.root
parentFiles=
lumisRange=
>>> Executable cmsRun
/cvmfs/cms.cern.ch/slc6_amd64_gcc472/cms/cmssw/CMSSW_6_2_0_SLHC12/bin/slc6_amd64_gcc472/cmsRun
ok executable found
>>> info for dashboard:
***** Cat /scratch/condor/dir_22755/glide_NzUcP1/execute/dir_14761/jobreport.txt *****
MonitorJobID=269_https://submit-6.t2.ucsd.edu//150202//509447.268
MonitorID=dcieri_PU140_4dm08r
ExeStart=cmsRun
***** End Cat jobreport *****
Parameters sent to Dashboard.
>>> cmsRun started at Mon Feb  2 20:21:49 UTC 2015
>>> cmsRun ended at Mon Feb  2 23:02:57 UTC 2015
>>> crab_fjr_*.xml  permission set to 0704
>>> info for dashboard:
***** Cat /scratch/condor/dir_22755/glide_NzUcP1/execute/dir_14761/jobreport.txt *****
MonitorJobID=269_https://submit-6.t2.ucsd.edu//150202//509447.268
MonitorID=dcieri_PU140_4dm08r
ExeEnd=cmsRun
***** End Cat jobreport *****
Parameters sent to Dashboard.
TIME_EXE = 9668 sec
>>> cmsRun wrote 217 lines of stdout+stderr
>>> START OF printout of 217 lines from stdout+stderr
271 DQMStore::DQMStore 
HcalTopologyIdealEP::HcalTopologyIdealEP
02-Feb-2015 20:21:59 GMT  Initiating request to open file root://dcap.pp.rl.ac.uk:1094/pnfs/pp.rl.ac.uk/data/cms/store/user/dcieri/ttbar_SIM/ttbar/ttbar_SIM/150129_145223/0000/step1_23.root
150202 20:22:00 16510 Xrd: CheckErrorStatus: Server [heplnx210.pp.rl.ac.uk:1094] declared: Request 3018 not supported(error code: 3013)
02-Feb-2015 20:22:01 GMT  Successfully opened file root://dcap.pp.rl.ac.uk:1094/pnfs/pp.rl.ac.uk/data/cms/store/user/dcieri/ttbar_SIM/ttbar/ttbar_SIM/150129_145223/0000/step1_23.root
02-Feb-2015 20:22:02 GMT  Initiating request to open file root://xrootd.unl.edu//store/group/dpg_trigger/comm_trigger/L1TrackTrigger/620_SLHC10/Extended2023TTI/MinBias/MinBias_TuneZ2star_GEN_SIM_1.root
02-Feb-2015 20:22:34 GMT  Successfully opened file root://xrootd.unl.edu//store/group/dpg_trigger/comm_trigger/L1TrackTrigger/620_SLHC10/Extended2023TTI/MinBias/MinBias_TuneZ2star_GEN_SIM_1.root
disableME1a = 0
HcalTopologyIdealEP::produce(const IdealGeometryRecord& iRecord)
mode = 2, maxDepthHB = 3, maxDepthHE = 5
RPCGeometryESModule :: produce
RPCGeometryESModule :: produce :: 1/4 Get Muon Ideal Geometry Record
RPCGeometryESModule :: produce :: 2/4 Get Muon DDD Constants
RPCGeometryESModule :: produce :: 3/4 Get Muon Numbering Record
in MuonNumberingInitialization::initializeMuonDDDConstants
about to make my new muonDDDConst_
in MuonNumberingInitialization::produce
RPCGeometryESModule :: produce :: 4/4 Build
Found:

	Barrel Stack layer 5 : 1008 stacks
	Barrel Stack layer 6 : 1320 stacks
	Barrel Stack layer 7 : 1836 stacks
	Barrel Stack layer 8 : 1152 stacks
	Barrel Stack layer 9 : 1488 stacks
	Barrel Stack layer 10 : 1824 stacks

	Endcap Stack disk 11 : 1360 stacks
	Endcap Stack disk 12 : 1360 stacks
	Endcap Stack disk 13 : 1360 stacks
	Endcap Stack disk 14 : 1360 stacks
	Endcap Stack disk 15 : 1360 stacks
Created 15428 stacks in 29 s

TTClusterBuilder< edm::Ref<edm::DetSetVector<PixelDigi>, PixelDigi, edm::refhelper::FindForDetSetVector<PixelDigi> > > loaded modules:
	TTClusterAlgorithm:	TTClusterAlgorithm_2d2013< edm::Ref<edm::DetSetVector<PixelDigi>, PixelDigi, edm::refhelper::FindForDetSetVector<PixelDigi> > >


TTStubBuilder< edm::Ref<edm::DetSetVector<PixelDigi>, PixelDigi, edm::refhelper::FindForDetSetVector<PixelDigi> > > loaded modules:
	TTStubAlgorithm:	TTStubAlgorithm_tab2013< edm::Ref<edm::DetSetVector<PixelDigi>, PixelDigi, edm::refhelper::FindForDetSetVector<PixelDigi> > >


TTClusterAssociator< edm::Ref<edm::DetSetVector<PixelDigi>, PixelDigi, edm::refhelper::FindForDetSetVector<PixelDigi> > > loaded.


TTStubAssociator< edm::Ref<edm::DetSetVector<PixelDigi>, PixelDigi, edm::refhelper::FindForDetSetVector<PixelDigi> > > loaded.


TTTrackAssociator< edm::Ref<edm::DetSetVector<PixelDigi>, PixelDigi, edm::refhelper::FindForDetSetVector<PixelDigi> > > loaded.

Begin processing the 1st record. Run 1, Event 221, LumiSection 23 at 02-Feb-2015 20:23:22.571 GMT
02-Feb-2015 20:23:29 GMT  Closed file root://xrootd.unl.edu//store/group/dpg_trigger/comm_trigger/L1TrackTrigger/620_SLHC10/Extended2023TTI/MinBias/MinBias_TuneZ2star_GEN_SIM_1.root
02-Feb-2015 20:23:29 GMT  Initiating request to open file root://xrootd.unl.edu//store/group/dpg_trigger/comm_trigger/L1TrackTrigger/620_SLHC10/Extended2023TTI/MinBias/MinBias_TuneZ2star_GEN_SIM_170.root
02-Feb-2015 20:24:00 GMT  Successfully opened file root://xrootd.unl.edu//store/group/dpg_trigger/comm_trigger/L1TrackTrigger/620_SLHC10/Extended2023TTI/MinBias/MinBias_TuneZ2star_GEN_SIM_170.root
150202 20:29:00 16832 Xrd: XrdClientMessage::ReadRaw: Failed to read header (8 bytes).
150202 20:29:30 16830 Xrd: XrdClientMessage::ReadRaw: Failed to read header (8 bytes).
02-Feb-2015 20:33:28 GMT  Closed file root://xrootd.unl.edu//store/group/dpg_trigger/comm_trigger/L1TrackTrigger/620_SLHC10/Extended2023TTI/MinBias/MinBias_TuneZ2star_GEN_SIM_170.root
02-Feb-2015 20:33:28 GMT  Initiating request to open file root://xrootd.unl.edu//store/group/dpg_trigger/comm_trigger/L1TrackTrigger/620_SLHC10/Extended2023TTI/MinBias/MinBias_TuneZ2star_GEN_SIM_846.root
150202 20:33:59 25862 Xrd: CheckErrorStatus: Server [xrootd.ba.infn.it:1094] declared: session not found(error code: 3011)
02-Feb-2015 20:33:59 GMT  Successfully opened file root://xrootd.unl.edu//store/group/dpg_trigger/comm_trigger/L1TrackTrigger/620_SLHC10/Extended2023TTI/MinBias/MinBias_TuneZ2star_GEN_SIM_846.root
150202 20:38:29 18214 Xrd: XrdClientMessage::ReadRaw: Failed to read header (8 bytes).
150202 20:39:30 26332 Xrd: XrdClientMessage::ReadRaw: Failed to read header (8 bytes).
150202 20:42:30 16522 Xrd: XrdClientMessage::ReadRaw: Failed to read header (8 bytes).
150202 20:43:00 16829 Xrd: XrdClientMessage::ReadRaw: Failed to read header (8 bytes).
02-Feb-2015 20:43:27 GMT  Closed file root://xrootd.unl.edu//store/group/dpg_trigger/comm_trigger/L1TrackTrigger/620_SLHC10/Extended2023TTI/MinBias/MinBias_TuneZ2star_GEN_SIM_846.root
02-Feb-2015 20:43:27 GMT  Initiating request to open file root://xrootd.unl.edu//store/group/dpg_trigger/comm_trigger/L1TrackTrigger/620_SLHC10/Extended2023TTI/MinBias/MinBias_TuneZ2star_GEN_SIM_709.root
150202 20:43:58 1236 Xrd: CheckErrorStatus: Server [cms-xrd-global.cern.ch:1094] declared: session not found(error code: 3011)
150202 20:43:58 1236 Xrd: CheckErrorStatus: Server [xrootd-redic.pi.infn.it:1094] declared: session not found(error code: 3011)
02-Feb-2015 20:43:59 GMT  Successfully opened file root://xrootd.unl.edu//store/group/dpg_trigger/comm_trigger/L1TrackTrigger/620_SLHC10/Extended2023TTI/MinBias/MinBias_TuneZ2star_GEN_SIM_709.root
Building the geometry service
Warning did not find digi
Warning did not find digi
Warning did not find digi
Warning did not find digi
Warning did not find digi in disks
Warning did not find digi in disks
Warning did not find digi in disks
Warning did not find digi in disks
150202 20:48:30 26333 Xrd: XrdClientMessage::ReadRaw: Failed to read header (8 bytes).
150202 20:49:00 1720 Xrd: XrdClientMessage::ReadRaw: Failed to read header (8 bytes).
02-Feb-2015 20:52:26 GMT  Closed file root://xrootd.unl.edu//store/group/dpg_trigger/comm_trigger/L1TrackTrigger/620_SLHC10/Extended2023TTI/MinBias/MinBias_TuneZ2star_GEN_SIM_709.root
02-Feb-2015 20:52:26 GMT  Initiating request to open file root://xrootd.unl.edu//store/group/dpg_trigger/comm_trigger/L1TrackTrigger/620_SLHC10/Extended2023TTI/MinBias/MinBias_TuneZ2star_GEN_SIM_667.root
150202 20:52:57 8311 Xrd: CheckErrorStatus: Server [xrootd-redic.pi.infn.it:1094] declared: session not found(error code: 3011)
02-Feb-2015 20:52:57 GMT  Successfully opened file root://xrootd.unl.edu//store/group/dpg_trigger/comm_trigger/L1TrackTrigger/620_SLHC10/Extended2023TTI/MinBias/MinBias_TuneZ2star_GEN_SIM_667.root
150202 20:54:29 18149 Xrd: XrdClientMessage::ReadRaw: Failed to read header (8 bytes).
150202 20:57:29 1721 Xrd: XrdClientMessage::ReadRaw: Failed to read header (8 bytes).
150202 20:57:59 8792 Xrd: XrdClientMessage::ReadRaw: Failed to read header (8 bytes).
02-Feb-2015 21:01:46 GMT  Closed file root://xrootd.unl.edu//store/group/dpg_trigger/comm_trigger/L1TrackTrigger/620_SLHC10/Extended2023TTI/MinBias/MinBias_TuneZ2star_GEN_SIM_667.root
02-Feb-2015 21:01:46 GMT  Initiating request to open file root://xrootd.unl.edu//store/group/dpg_trigger/comm_trigger/L1TrackTrigger/620_SLHC10/Extended2023TTI/MinBias/MinBias_TuneZ2star_GEN_SIM_150.root
150202 21:01:46 15566 Xrd: CheckErrorStatus: Server [llrxrd-redir.in2p3.fr:1094] declared: session not found(error code: 3011)
02-Feb-2015 21:01:47 GMT  Successfully opened file root://xrootd.unl.edu//store/group/dpg_trigger/comm_trigger/L1TrackTrigger/620_SLHC10/Extended2023TTI/MinBias/MinBias_TuneZ2star_GEN_SIM_150.root
150202 21:06:59 8793 Xrd: XrdClientMessage::ReadRaw: Failed to read header (8 bytes).
150202 21:07:00 15792 Xrd: XrdClientMessage::ReadRaw: Failed to read header (8 bytes).
02-Feb-2015 21:09:26 GMT  Closed file root://xrootd.unl.edu//store/group/dpg_trigger/comm_trigger/L1TrackTrigger/620_SLHC10/Extended2023TTI/MinBias/MinBias_TuneZ2star_GEN_SIM_150.root
02-Feb-2015 21:09:26 GMT  Initiating request to open file root://xrootd.unl.edu//store/group/dpg_trigger/comm_trigger/L1TrackTrigger/620_SLHC10/Extended2023TTI/MinBias/MinBias_TuneZ2star_GEN_SIM_247.root
150202 21:11:05 21591 Xrd: CheckErrorStatus: Server [cms-xrd-global.cern.ch:1094] declared: session not found(error code: 3011)
150202 21:11:05 21591 Xrd: CheckErrorStatus: Server [xrootd.ba.infn.it:1094] declared: session not found(error code: 3011)
02-Feb-2015 21:11:05 GMT  Successfully opened file root://xrootd.unl.edu//store/group/dpg_trigger/comm_trigger/L1TrackTrigger/620_SLHC10/Extended2023TTI/MinBias/MinBias_TuneZ2star_GEN_SIM_247.root
150202 21:12:59 1719 Xrd: XrdClientMessage::ReadRaw: Failed to read header (8 bytes).
150202 21:14:29 15793 Xrd: XrdClientMessage::ReadRaw: Failed to read header (8 bytes).
150202 21:16:29 22899 Xrd: XrdClientMessage::ReadRaw: Failed to read header (8 bytes).
02-Feb-2015 21:20:39 GMT  Closed file root://xrootd.unl.edu//store/group/dpg_trigger/comm_trigger/L1TrackTrigger/620_SLHC10/Extended2023TTI/MinBias/MinBias_TuneZ2star_GEN_SIM_247.root
02-Feb-2015 21:20:39 GMT  Initiating request to open file root://xrootd.unl.edu//store/group/dpg_trigger/comm_trigger/L1TrackTrigger/620_SLHC10/Extended2023TTI/MinBias/MinBias_TuneZ2star_GEN_SIM_605.root
150202 21:21:10 31057 Xrd: CheckErrorStatus: Server [llrxrd-redir.in2p3.fr:1094] declared: session not found(error code: 3011)
02-Feb-2015 21:21:10 GMT  Successfully opened file root://xrootd.unl.edu//store/group/dpg_trigger/comm_trigger/L1TrackTrigger/620_SLHC10/Extended2023TTI/MinBias/MinBias_TuneZ2star_GEN_SIM_605.root
150202 21:25:59 23072 Xrd: XrdClientMessage::ReadRaw: Failed to read header (8 bytes).
150202 21:26:30 31772 Xrd: XrdClientMessage::ReadRaw: Failed to read header (8 bytes).
02-Feb-2015 21:30:15 GMT  Closed file root://xrootd.unl.edu//store/group/dpg_trigger/comm_trigger/L1TrackTrigger/620_SLHC10/Extended2023TTI/MinBias/MinBias_TuneZ2star_GEN_SIM_605.root
02-Feb-2015 21:30:15 GMT  Initiating request to open file root://xrootd.unl.edu//store/group/dpg_trigger/comm_trigger/L1TrackTrigger/620_SLHC10/Extended2023TTI/MinBias/MinBias_TuneZ2star_GEN_SIM_32.root
150202 21:30:46 6821 Xrd: CheckErrorStatus: Server [xrootd.ba.infn.it:1094] declared: session not found(error code: 3011)
02-Feb-2015 21:30:47 GMT  Successfully opened file root://xrootd.unl.edu//store/group/dpg_trigger/comm_trigger/L1TrackTrigger/620_SLHC10/Extended2023TTI/MinBias/MinBias_TuneZ2star_GEN_SIM_32.root
150202 21:35:29 31773 Xrd: XrdClientMessage::ReadRaw: Failed to read header (8 bytes).
150202 21:36:00 7015 Xrd: XrdClientMessage::ReadRaw: Failed to read header (8 bytes).
02-Feb-2015 21:38:27 GMT  Closed file root://xrootd.unl.edu//store/group/dpg_trigger/comm_trigger/L1TrackTrigger/620_SLHC10/Extended2023TTI/MinBias/MinBias_TuneZ2star_GEN_SIM_32.root
02-Feb-2015 21:38:27 GMT  Initiating request to open file root://xrootd.unl.edu//store/group/dpg_trigger/comm_trigger/L1TrackTrigger/620_SLHC10/Extended2023TTI/MinBias/MinBias_TuneZ2star_GEN_SIM_575.root
150202 21:38:58 13219 Xrd: CheckErrorStatus: Server [llrxrd-redir.in2p3.fr:1094] declared: session not found(error code: 3011)
02-Feb-2015 21:38:59 GMT  Successfully opened file root://xrootd.unl.edu//store/group/dpg_trigger/comm_trigger/L1TrackTrigger/620_SLHC10/Extended2023TTI/MinBias/MinBias_TuneZ2star_GEN_SIM_575.root
150202 21:43:29 7016 Xrd: XrdClientMessage::ReadRaw: Failed to read header (8 bytes).
150202 21:44:00 13757 Xrd: XrdClientMessage::ReadRaw: Failed to read header (8 bytes).
02-Feb-2015 21:47:07 GMT  Closed file root://xrootd.unl.edu//store/group/dpg_trigger/comm_trigger/L1TrackTrigger/620_SLHC10/Extended2023TTI/MinBias/MinBias_TuneZ2star_GEN_SIM_575.root
02-Feb-2015 21:47:07 GMT  Initiating request to open file root://xrootd.unl.edu//store/group/dpg_trigger/comm_trigger/L1TrackTrigger/620_SLHC10/Extended2023TTI/MinBias/MinBias_TuneZ2star_GEN_SIM_386.root
150202 21:47:28 20244 Xrd: CheckErrorStatus: Server [cms-xrd-global.cern.ch:1094] declared: session not found(error code: 3011)
150202 21:47:28 20244 Xrd: CheckErrorStatus: Server [xrootd-redic.pi.infn.it:1094] declared: session not found(error code: 3011)
02-Feb-2015 21:47:28 GMT  Successfully opened file root://xrootd.unl.edu//store/group/dpg_trigger/comm_trigger/L1TrackTrigger/620_SLHC10/Extended2023TTI/MinBias/MinBias_TuneZ2star_GEN_SIM_386.root
150202 21:50:59 22847 Xrd: XrdClientMessage::ReadRaw: Failed to read header (8 bytes).
150202 21:52:29 13758 Xrd: XrdClientMessage::ReadRaw: Failed to read header (8 bytes).
150202 21:52:30 20360 Xrd: XrdClientMessage::ReadRaw: Failed to read header (8 bytes).
02-Feb-2015 21:54:14 GMT  Closed file root://xrootd.unl.edu//store/group/dpg_trigger/comm_trigger/L1TrackTrigger/620_SLHC10/Extended2023TTI/MinBias/MinBias_TuneZ2star_GEN_SIM_386.root
02-Feb-2015 21:54:14 GMT  Initiating request to open file root://xrootd.unl.edu//store/group/dpg_trigger/comm_trigger/L1TrackTrigger/620_SLHC10/Extended2023TTI/MinBias/MinBias_TuneZ2star_GEN_SIM_736.root
150202 21:54:45 25790 Xrd: CheckErrorStatus: Server [llrxrd-redir.in2p3.fr:1094] declared: session not found(error code: 3011)
02-Feb-2015 21:54:46 GMT  Successfully opened file root://xrootd.unl.edu//store/group/dpg_trigger/comm_trigger/L1TrackTrigger/620_SLHC10/Extended2023TTI/MinBias/MinBias_TuneZ2star_GEN_SIM_736.root
150202 21:59:30 20361 Xrd: XrdClientMessage::ReadRaw: Failed to read header (8 bytes).
150202 22:00:00 26073 Xrd: XrdClientMessage::ReadRaw: Failed to read header (8 bytes).
02-Feb-2015 22:01:30 GMT  Closed file root://xrootd.unl.edu//store/group/dpg_trigger/comm_trigger/L1TrackTrigger/620_SLHC10/Extended2023TTI/MinBias/MinBias_TuneZ2star_GEN_SIM_736.root
02-Feb-2015 22:01:30 GMT  Initiating request to open file root://xrootd.unl.edu//store/group/dpg_trigger/comm_trigger/L1TrackTrigger/620_SLHC10/Extended2023TTI/MinBias/MinBias_TuneZ2star_GEN_SIM_454.root
150202 22:06:59 26074 Xrd: XrdClientMessage::ReadRaw: Failed to read header (8 bytes).
150202 22:07:30 20359 Xrd: XrdClientMessage::ReadRaw: Failed to read header (8 bytes).
150202 22:09:48 31446 Xrd: CheckErrorStatus: Server [llrxrd-redir.in2p3.fr:1094] declared: session not found(error code: 3011)
02-Feb-2015 22:09:48 GMT  Successfully opened file root://xrootd.unl.edu//store/group/dpg_trigger/comm_trigger/L1TrackTrigger/620_SLHC10/Extended2023TTI/MinBias/MinBias_TuneZ2star_GEN_SIM_454.root
02-Feb-2015 22:13:42 GMT  Closed file root://xrootd.unl.edu//store/group/dpg_trigger/comm_trigger/L1TrackTrigger/620_SLHC10/Extended2023TTI/MinBias/MinBias_TuneZ2star_GEN_SIM_454.root
02-Feb-2015 22:13:42 GMT  Initiating request to open file root://xrootd.unl.edu//store/group/dpg_trigger/comm_trigger/L1TrackTrigger/620_SLHC10/Extended2023TTI/MinBias/MinBias_TuneZ2star_GEN_SIM_353.root
150202 22:14:08 26513 Xrd: CheckErrorStatus: Server [cms-xrd-global.cern.ch:1094] declared: session not found(error code: 3011)
02-Feb-2015 22:14:08 GMT  Successfully opened file root://xrootd.unl.edu//store/group/dpg_trigger/comm_trigger/L1TrackTrigger/620_SLHC10/Extended2023TTI/MinBias/MinBias_TuneZ2star_GEN_SIM_353.root
02-Feb-2015 22:17:27 GMT  Closed file root://xrootd.unl.edu//store/group/dpg_trigger/comm_trigger/L1TrackTrigger/620_SLHC10/Extended2023TTI/MinBias/MinBias_TuneZ2star_GEN_SIM_353.root
02-Feb-2015 22:17:27 GMT  Initiating request to open file root://xrootd.unl.edu//store/group/dpg_trigger/comm_trigger/L1TrackTrigger/620_SLHC10/Extended2023TTI/MinBias/MinBias_TuneZ2star_GEN_SIM_829.root
150202 22:18:59 18191 Xrd: XrdClientMessage::ReadRaw: Failed to read header (8 bytes).
150202 22:19:30 18168 Xrd: XrdClientMessage::ReadRaw: Failed to read header (8 bytes).
150202 22:22:30 27666 Xrd: XrdClientMessage::ReadRaw: Failed to read header (8 bytes).
150202 22:24:25 3801 Xrd: CheckErrorStatus: Server [xrootd.ba.infn.it:1094] declared: session not found(error code: 3011)
150202 22:24:25 3801 Xrd: CheckErrorStatus: Server [eoscms.cern.ch:1094] declared: session not found(error code: 3011)
02-Feb-2015 22:24:25 GMT  Successfully opened file root://xrootd.unl.edu//store/group/dpg_trigger/comm_trigger/L1TrackTrigger/620_SLHC10/Extended2023TTI/MinBias/MinBias_TuneZ2star_GEN_SIM_829.root
02-Feb-2015 22:29:13 GMT  Closed file root://xrootd.unl.edu//store/group/dpg_trigger/comm_trigger/L1TrackTrigger/620_SLHC10/Extended2023TTI/MinBias/MinBias_TuneZ2star_GEN_SIM_829.root
02-Feb-2015 22:29:13 GMT  Initiating request to open file root://xrootd.unl.edu//store/group/dpg_trigger/comm_trigger/L1TrackTrigger/620_SLHC10/Extended2023TTI/MinBias/MinBias_TuneZ2star_GEN_SIM_674.root
150202 22:29:29 17817 Xrd: XrdClientMessage::ReadRaw: Failed to read header (8 bytes).
150202 22:29:44 21991 Xrd: CheckErrorStatus: Server [llrxrd-redir.in2p3.fr:1094] declared: session not found(error code: 3011)
02-Feb-2015 22:29:44 GMT  Successfully opened file root://xrootd.unl.edu//store/group/dpg_trigger/comm_trigger/L1TrackTrigger/620_SLHC10/Extended2023TTI/MinBias/MinBias_TuneZ2star_GEN_SIM_674.root
02-Feb-2015 22:33:42 GMT  Closed file root://xrootd.unl.edu//store/group/dpg_trigger/comm_trigger/L1TrackTrigger/620_SLHC10/Extended2023TTI/MinBias/MinBias_TuneZ2star_GEN_SIM_674.root
02-Feb-2015 22:33:42 GMT  Initiating request to open file root://xrootd.unl.edu//store/group/dpg_trigger/comm_trigger/L1TrackTrigger/620_SLHC10/Extended2023TTI/MinBias/MinBias_TuneZ2star_GEN_SIM_410.root
02-Feb-2015 22:34:13 GMT  Successfully opened file root://xrootd.unl.edu//store/group/dpg_trigger/comm_trigger/L1TrackTrigger/620_SLHC10/Extended2023TTI/MinBias/MinBias_TuneZ2star_GEN_SIM_410.root
150202 22:34:29 17818 Xrd: XrdClientMessage::ReadRaw: Failed to read header (8 bytes).
02-Feb-2015 22:37:54 GMT  Closed file root://xrootd.unl.edu//store/group/dpg_trigger/comm_trigger/L1TrackTrigger/620_SLHC10/Extended2023TTI/MinBias/MinBias_TuneZ2star_GEN_SIM_410.root
02-Feb-2015 22:37:54 GMT  Initiating request to open file root://xrootd.unl.edu//store/group/dpg_trigger/comm_trigger/L1TrackTrigger/620_SLHC10/Extended2023TTI/MinBias/MinBias_TuneZ2star_GEN_SIM_511.root
02-Feb-2015 22:38:25 GMT  Successfully opened file root://xrootd.unl.edu//store/group/dpg_trigger/comm_trigger/L1TrackTrigger/620_SLHC10/Extended2023TTI/MinBias/MinBias_TuneZ2star_GEN_SIM_511.root
150202 22:39:00 22224 Xrd: XrdClientMessage::ReadRaw: Failed to read header (8 bytes).
02-Feb-2015 22:41:45 GMT  Closed file root://xrootd.unl.edu//store/group/dpg_trigger/comm_trigger/L1TrackTrigger/620_SLHC10/Extended2023TTI/MinBias/MinBias_TuneZ2star_GEN_SIM_511.root
02-Feb-2015 22:41:45 GMT  Initiating request to open file root://xrootd.unl.edu//store/group/dpg_trigger/comm_trigger/L1TrackTrigger/620_SLHC10/Extended2023TTI/MinBias/MinBias_TuneZ2star_GEN_SIM_271.root
02-Feb-2015 22:42:16 GMT  Successfully opened file root://xrootd.unl.edu//store/group/dpg_trigger/comm_trigger/L1TrackTrigger/620_SLHC10/Extended2023TTI/MinBias/MinBias_TuneZ2star_GEN_SIM_271.root
150202 22:43:00 26010 Xrd: XrdClientMessage::ReadRaw: Failed to read header (8 bytes).
02-Feb-2015 22:45:56 GMT  Closed file root://xrootd.unl.edu//store/group/dpg_trigger/comm_trigger/L1TrackTrigger/620_SLHC10/Extended2023TTI/MinBias/MinBias_TuneZ2star_GEN_SIM_271.root
02-Feb-2015 22:45:56 GMT  Initiating request to open file root://xrootd.unl.edu//store/group/dpg_trigger/comm_trigger/L1TrackTrigger/620_SLHC10/Extended2023TTI/MinBias/MinBias_TuneZ2star_GEN_SIM_861.root
150202 22:46:27 2194 Xrd: CheckErrorStatus: Server [cms-xrd-global.cern.ch:1094] declared: session not found(error code: 3011)
02-Feb-2015 22:46:28 GMT  Successfully opened file root://xrootd.unl.edu//store/group/dpg_trigger/comm_trigger/L1TrackTrigger/620_SLHC10/Extended2023TTI/MinBias/MinBias_TuneZ2star_GEN_SIM_861.root
150202 22:46:59 28333 Xrd: XrdClientMessage::ReadRaw: Failed to read header (8 bytes).
150202 22:51:00 31609 Xrd: XrdClientMessage::ReadRaw: Failed to read header (8 bytes).
150202 22:51:30 22223 Xrd: XrdClientMessage::ReadRaw: Failed to read header (8 bytes).
02-Feb-2015 22:51:59 GMT  Closed file root://xrootd.unl.edu//store/group/dpg_trigger/comm_trigger/L1TrackTrigger/620_SLHC10/Extended2023TTI/MinBias/MinBias_TuneZ2star_GEN_SIM_861.root
02-Feb-2015 22:51:59 GMT  Initiating request to open file root://xrootd.unl.edu//store/group/dpg_trigger/comm_trigger/L1TrackTrigger/620_SLHC10/Extended2023TTI/MinBias/MinBias_TuneZ2star_GEN_SIM_128.root
150202 22:52:22 6967 Xrd: CheckErrorStatus: Server [llrxrd-redir.in2p3.fr:1094] declared: session not found(error code: 3011)
02-Feb-2015 22:52:22 GMT  Successfully opened file root://xrootd.unl.edu//store/group/dpg_trigger/comm_trigger/L1TrackTrigger/620_SLHC10/Extended2023TTI/MinBias/MinBias_TuneZ2star_GEN_SIM_128.root
02-Feb-2015 22:55:04 GMT  Closed file root://xrootd.unl.edu//store/group/dpg_trigger/comm_trigger/L1TrackTrigger/620_SLHC10/Extended2023TTI/MinBias/MinBias_TuneZ2star_GEN_SIM_128.root
02-Feb-2015 22:55:04 GMT  Initiating request to open file root://xrootd.unl.edu//store/group/dpg_trigger/comm_trigger/L1TrackTrigger/620_SLHC10/Extended2023TTI/MinBias/MinBias_TuneZ2star_GEN_SIM_426.root
02-Feb-2015 22:55:35 GMT  Successfully opened file root://xrootd.unl.edu//store/group/dpg_trigger/comm_trigger/L1TrackTrigger/620_SLHC10/Extended2023TTI/MinBias/MinBias_TuneZ2star_GEN_SIM_426.root
150202 22:57:29 2199 Xrd: XrdClientMessage::ReadRaw: Failed to read header (8 bytes).
02-Feb-2015 22:58:16 GMT  Closed file root://xrootd.unl.edu//store/group/dpg_trigger/comm_trigger/L1TrackTrigger/620_SLHC10/Extended2023TTI/MinBias/MinBias_TuneZ2star_GEN_SIM_426.root
02-Feb-2015 22:58:16 GMT  Initiating request to open file root://xrootd.unl.edu//store/group/dpg_trigger/comm_trigger/L1TrackTrigger/620_SLHC10/Extended2023TTI/MinBias/MinBias_TuneZ2star_GEN_SIM_990.root
150202 22:58:16 11587 Xrd: CheckErrorStatus: Server [eoscms.cern.ch:1094] declared: session not found(error code: 3011)
02-Feb-2015 22:58:16 GMT  Successfully opened file root://xrootd.unl.edu//store/group/dpg_trigger/comm_trigger/L1TrackTrigger/620_SLHC10/Extended2023TTI/MinBias/MinBias_TuneZ2star_GEN_SIM_990.root
150202 23:00:30 6974 Xrd: XrdClientMessage::ReadRaw: Failed to read header (8 bytes).
02-Feb-2015 23:00:52 GMT  Closed file root://xrootd.unl.edu//store/group/dpg_trigger/comm_trigger/L1TrackTrigger/620_SLHC10/Extended2023TTI/MinBias/MinBias_TuneZ2star_GEN_SIM_990.root
02-Feb-2015 23:00:52 GMT  Initiating request to open file root://xrootd.unl.edu//store/group/dpg_trigger/comm_trigger/L1TrackTrigger/620_SLHC10/Extended2023TTI/MinBias/MinBias_TuneZ2star_GEN_SIM_222.root
02-Feb-2015 23:01:23 GMT  Successfully opened file root://xrootd.unl.edu//store/group/dpg_trigger/comm_trigger/L1TrackTrigger/620_SLHC10/Extended2023TTI/MinBias/MinBias_TuneZ2star_GEN_SIM_222.root
02-Feb-2015 23:02:55 GMT  Closed file root://dcap.pp.rl.ac.uk:1094/pnfs/pp.rl.ac.uk/data/cms/store/user/dcieri/ttbar_SIM/ttbar/ttbar_SIM/150129_145223/0000/step1_23.root
02-Feb-2015 23:02:55 GMT  Closed file root://xrootd.unl.edu//store/group/dpg_trigger/comm_trigger/L1TrackTrigger/620_SLHC10/Extended2023TTI/MinBias/MinBias_TuneZ2star_GEN_SIM_222.root

=============================================

MessageLogger Summary

 type     category        sev    module        subroutine        count    total
 ---- -------------------- -- ---------------- ----------------  -----    -----
    1 fileAction           -s MixingModule:mix                      69       69
    2 fileAction           -s MixingModule:mix                       2        2
    3 fileAction           -s MixingModule:mix                       1        1
    4 fileAction           -s file_close                             1        1
    5 fileAction           -s file_open                              2        2

 type    category    Examples: run/evt        run/evt          run/evt
 ---- -------------------- ---------------- ---------------- ----------------
    1 fileAction           1/221            1/221            1/230
    2 fileAction           pre-events       pre-events       
    3 fileAction           PostEndRun                        
    4 fileAction           PostEndRun                        
    5 fileAction           pre-events       pre-events       

Severity    # Occurrences   Total Occurrences
--------    -------------   -----------------
System                 75                  75
>>> END OF printout of 217 lines from stdout+stderr
>>> Parse FrameworkJobReport crab_fjr.xml
Result of parsing the FrameworkJobReport crab_fjr.xml: 
Extracted ExitStatus from FrameworkJobReport parsing output: 0
>>> Executable succeded  0
ExeExitCode=0
EXECUTABLE_EXIT_STATUS = 0
>>> current directory /scratch/condor/dir_22755/glide_NzUcP1/execute/dir_14761/CMSSW_6_2_0_SLHC12
>>>  (SOFTWARE_DIR): /scratch/condor/dir_22755/glide_NzUcP1/execute/dir_14761/CMSSW_6_2_0_SLHC12
>>> (WORKING_DIR): 
>>> current directory content:
total 240164
drwxr-xr-x 3 cms415 gplcms      4096 Feb  2 20:21 .SCRAM
-rw------- 1 cms415 gplcms    915837 Feb  2 20:21 CMSSW.py.pkl
drwxr-xr-x 3 cms415 gplcms      4096 Feb  2 20:21 bin
drwxr-xr-x 3 cms415 gplcms      4096 Feb  2 20:21 cfipython
drwxr-xr-x 4 cms415 gplcms      4096 Apr 28  2014 config
-rw------- 1 cms415 gplcms        16 Feb  2 23:02 cpu_timing.txt
drwxr-xr-x 2 cms415 gplcms      4096 Feb  2 20:21 doc
-rw------- 1 cms415 gplcms     24495 Feb  2 23:02 executable.out
drwxr-xr-x 2 cms415 gplcms      4096 Feb  2 20:21 include
drwx------ 3 cms415 gplcms      4096 Oct  7 10:12 lib
drwxr-xr-x 3 cms415 gplcms      4096 Feb  2 20:21 logs
drwxr-xr-x 3 cms415 gplcms      4096 Feb  2 20:21 objs
-rw------- 1 cms415 gplcms       104 Feb  2 20:21 pset.py
-rw------- 1 cms415 gplcms    926826 Feb  2 20:21 pset.py.pkl
-rw------- 1 cms415 gplcms       289 Feb  2 20:21 pset.pyc
drwxr-xr-x 2 cms415 gplcms      4096 Feb  2 20:21 python
-rw------- 1 cms415 gplcms       359 Feb  2 23:02 report.log
drwxr-xr-x 2 cms415 gplcms      4096 Feb  2 20:21 src
-rw------- 1 cms415 gplcms 243730276 Feb  2 23:02 step2.root
drwxr-xr-x 3 cms415 gplcms      4096 Feb  2 20:21 test
drwxr-xr-x 3 cms415 gplcms      4096 Feb  2 20:21 tmp
>>> current directory /scratch/condor/dir_22755/glide_NzUcP1/execute/dir_14761/CMSSW_6_2_0_SLHC12
>>> (SOFTWARE_DIR): /scratch/condor/dir_22755/glide_NzUcP1/execute/dir_14761/CMSSW_6_2_0_SLHC12
>>> (WORKING_DIR): 
>>> current directory content:
total 240164
drwxr-xr-x 3 cms415 gplcms      4096 Feb  2 20:21 .SCRAM
-rw------- 1 cms415 gplcms    915837 Feb  2 20:21 CMSSW.py.pkl
drwxr-xr-x 3 cms415 gplcms      4096 Feb  2 20:21 bin
drwxr-xr-x 3 cms415 gplcms      4096 Feb  2 20:21 cfipython
drwxr-xr-x 4 cms415 gplcms      4096 Apr 28  2014 config
-rw------- 1 cms415 gplcms        16 Feb  2 23:02 cpu_timing.txt
drwxr-xr-x 2 cms415 gplcms      4096 Feb  2 20:21 doc
-rw------- 1 cms415 gplcms     24495 Feb  2 23:02 executable.out
drwxr-xr-x 2 cms415 gplcms      4096 Feb  2 20:21 include
drwx------ 3 cms415 gplcms      4096 Oct  7 10:12 lib
drwxr-xr-x 3 cms415 gplcms      4096 Feb  2 20:21 logs
drwxr-xr-x 3 cms415 gplcms      4096 Feb  2 20:21 objs
-rw------- 1 cms415 gplcms       104 Feb  2 20:21 pset.py
-rw------- 1 cms415 gplcms    926826 Feb  2 20:21 pset.py.pkl
-rw------- 1 cms415 gplcms       289 Feb  2 20:21 pset.pyc
drwxr-xr-x 2 cms415 gplcms      4096 Feb  2 20:21 python
-rw------- 1 cms415 gplcms       359 Feb  2 23:02 report.log
drwxr-xr-x 2 cms415 gplcms      4096 Feb  2 20:21 src
-rw------- 1 cms415 gplcms 243730276 Feb  2 23:02 step2_269_1_oUn.root
drwxr-xr-x 3 cms415 gplcms      4096 Feb  2 20:21 test
drwxr-xr-x 3 cms415 gplcms      4096 Feb  2 20:21 tmp
>>> current directory (RUNTIME_AREA):  /scratch/condor/dir_22755/glide_NzUcP1/execute/dir_14761
PNN = T2_UK_SGrid_RALPP
SE = heplnx204.pp.rl.ac.uk
SE_PATH = /srm/managerv2?SFN=/pnfs/pp.rl.ac.uk/data/cms/store/user/dcieri/ttbar_PU140_DIGI/dcieri/ttbar/ttbar_PU140_DIGI/3c0380cf82de79bc39966c93934c61fc/
LFNBaseName = /store/user/dcieri/ttbar_PU140_DIGI/dcieri/ttbar/ttbar_PU140_DIGI/3c0380cf82de79bc39966c93934c61fc/
USER = dcieri
endpoint = srm://heplnx204.pp.rl.ac.uk:8443/srm/managerv2?SFN=/pnfs/pp.rl.ac.uk/data/cms/store/user/dcieri/ttbar_PU140_DIGI/dcieri/ttbar/ttbar_PU140_DIGI/3c0380cf82de79bc39966c93934c61fc/
>>> Copy output files from WN = heplnc302.pp.rl.ac.uk to /srm/managerv2?SFN=/pnfs/pp.rl.ac.uk/data/cms/store/user/dcieri/ttbar_PU140_DIGI/dcieri/ttbar/ttbar_PU140_DIGI/3c0380cf82de79bc39966c93934c61fc/ :
python cmscp.py  --destination srm://heplnx204.pp.rl.ac.uk:8443/srm/managerv2?SFN=/pnfs/pp.rl.ac.uk/data/cms/store/user/dcieri/ttbar_PU140_DIGI/dcieri/ttbar/ttbar_PU140_DIGI/3c0380cf82de79bc39966c93934c61fc/ --inputFileList /scratch/condor/dir_22755/glide_NzUcP1/execute/dir_14761/CMSSW_6_2_0_SLHC12/step2_269_1_oUn.root --middleware LCG --PNN T2_UK_SGrid_RALPP --se_name heplnx204.pp.rl.ac.uk --for_lfn /store/user/dcieri/ttbar_PU140_DIGI/dcieri/ttbar/ttbar_PU140_DIGI/3c0380cf82de79bc39966c93934c61fc/    
******************************************************
localSeName  =  heplnx204.pp.rl.ac.uk
remoteSeName =  heplnx204.pp.rl.ac.uk
******************************************************
{"/scratch/condor/dir_22755/glide_NzUcP1/execute/dir_14761/CMSSW_6_2_0_SLHC12/step2_269_1_oUn.root": {"endpoint": "srm://heplnx204.pp.rl.ac.uk:8443/srm/managerv2?SFN=/pnfs/pp.rl.ac.uk/data/cms/store/user/dcieri/ttbar_PU140_DIGI/dcieri/ttbar/ttbar_PU140_DIGI/3c0380cf82de79bc39966c93934c61fc/", "surl_for_grid": "", "reason": "Copy succedeed with srm-lcg utils", "erCode": "0", "PNN": "T2_UK_SGrid_RALPP", "se_name": "heplnx204.pp.rl.ac.uk", "for_lfn": "/store/user/dcieri/ttbar_PU140_DIGI/dcieri/ttbar/ttbar_PU140_DIGI/3c0380cf82de79bc39966c93934c61fc/"}}/scratch/condor/dir_22755/glide_NzUcP1/execute/dir_14761
-------- cat /scratch/condor/dir_22755/glide_NzUcP1/execute/dir_14761/cmscpReport.sh 
#!/bin/bash
echo "Report for File: /scratch/condor/dir_22755/glide_NzUcP1/execute/dir_14761/CMSSW_6_2_0_SLHC12/step2_269_1_oUn.root"
echo "LFN: /store/user/dcieri/ttbar_PU140_DIGI/dcieri/ttbar/ttbar_PU140_DIGI/3c0380cf82de79bc39966c93934c61fc/step2_269_1_oUn.root"
echo "StorageElement: heplnx204.pp.rl.ac.uk"
echo "StageOutExitStatusReason = 'Copy succedeed with srm-lcg utils'" | tee -a $RUNTIME_AREA/$repo
echo "StageOutSE = heplnx204.pp.rl.ac.uk" >> $RUNTIME_AREA/$repo

export StageOutExitStatus=0
echo "StageOutExitStatus = 0" | tee -a $RUNTIME_AREA/$repo
-------- end of /scratch/condor/dir_22755/glide_NzUcP1/execute/dir_14761/cmscpReport.sh 
Report for File: /scratch/condor/dir_22755/glide_NzUcP1/execute/dir_14761/CMSSW_6_2_0_SLHC12/step2_269_1_oUn.root
LFN: /store/user/dcieri/ttbar_PU140_DIGI/dcieri/ttbar/ttbar_PU140_DIGI/3c0380cf82de79bc39966c93934c61fc/step2_269_1_oUn.root
StorageElement: heplnx204.pp.rl.ac.uk
StageOutExitStatusReason = 'Copy succedeed with srm-lcg utils'
StageOutExitStatus = 0
>>> current dir: /scratch/condor/dir_22755/glide_NzUcP1/execute/dir_14761
>>> current dir content:
total 8824
-rw-------  1 cms415 gplcms    2734 Feb  2 23:03 .SEinteraction.log
-rwx------  1 cms415 gplcms      51 Feb  2 20:20 .chirp_config
-rwx------  1 cms415 gplcms    7831 Feb  2 20:20 .job.ad
-rwx------  1 cms415 gplcms    9761 Feb  2 20:20 .machine.ad
-rw-------  1 cms415 gplcms     105 Feb  2 12:16 CMSSW.py
-rw-------  1 cms415 gplcms  915837 Feb  2 12:16 CMSSW.py.pkl
-rwx------  1 cms415 gplcms   29498 Feb  2 20:21 CMSSW.sh
drwxr-xr-x 15 cms415 gplcms    4096 Feb  2 23:03 CMSSW_6_2_0_SLHC12
-rw-------  1 cms415 gplcms     190 Feb  2 20:21 CacheEnv.sh
-rw-------  1 cms415 gplcms    7291 Nov 19 14:52 DashboardAPI.py
-rw-------  1 cms415 gplcms    6470 Feb  2 20:21 DashboardAPI.pyc
drwx------  2 cms415 gplcms    4096 Feb  2 23:02 IMProv
-rw-------  1 cms415 gplcms    2748 Nov 19 14:52 Logger.py
-rw-------  1 cms415 gplcms    3232 Feb  2 20:21 Logger.pyc
-rw-------  1 cms415 gplcms   24524 Nov 19 14:52 ProcInfo.py
-rw-------  1 cms415 gplcms   22645 Feb  2 20:21 ProcInfo.pyc
drwx------  7 cms415 gplcms    4096 Feb  2 20:21 ProdCommon
drwx------  3 cms415 gplcms    4096 Feb  2 20:21 WMCore
-rw-------  1 cms415 gplcms   10655 Feb  2 23:03 Watchdog_269.log
-rwx------  1 cms415 gplcms       0 Feb  2 20:21 _condor_stderr
-rwx---r--  1 cms415 gplcms   39268 Feb  2 23:03 _condor_stdout
-rw-------  1 cms415 gplcms   32895 Nov 19 14:52 apmon.py
-rw-------  1 cms415 gplcms   27958 Feb  2 20:21 apmon.pyc
-rwx------  1 cms415 gplcms  134309 Feb  2 20:21 arguments.xml
-rwx------  1 cms415 gplcms   38581 Nov 19 14:52 cmscp.py
-rw-------  1 cms415 gplcms     562 Feb  2 23:03 cmscpReport.sh
-rwx------  1 cms415 gplcms   29498 Feb  2 20:21 condor_exec.exe
-rw-------  1 cms415 gplcms     544 Feb  2 12:16 crab.cfg
-rwx------  1 cms415 gplcms    8610 Nov 19 14:52 crabWatchdog.sh
-rwx---r--  1 cms415 gplcms  112099 Feb  2 23:02 crab_fjr_269.xml
-rwx------  1 cms415 gplcms 7390485 Feb  2 20:21 default.tgz
-rwx------  1 cms415 gplcms    4488 Nov 19 14:52 fillCrabFjr.py
-rw-------  1 cms415 gplcms     225 Feb  2 20:21 inputsReport.txt
-rw-------  1 cms415 gplcms     244 Feb  2 23:03 jobreport.txt
-rw-------  1 cms415 gplcms   17352 Nov 19 14:52 parseCrabFjr.py
-rw-------  1 cms415 gplcms     324 Feb  2 20:21 report.log
-rwx--x--x  1 cms415 gplcms    1497 Nov 19 14:52 report.py
-rw-------  1 cms415 gplcms     555 Feb  2 23:03 resultCopyFile
lrwxrwxrwx  1 cms415 gplcms      96 Feb  2 23:03 step2.root -> /scratch/condor/dir_22755/glide_NzUcP1/execute/dir_14761/CMSSW_6_2_0_SLHC12/step2_269_1_oUn.root
-rwx------  1 cms415 gplcms    8351 Nov 19 14:52 writeCfg.py
-rw-------  1 cms415 gplcms   10293 Feb  2 20:20 x509up_u62281
>>> Modify Job Report:
CMSSW_VERSION = CMSSW_6_2_0_SLHC12
ProcessedDataset = ttbar_PU140_DIGI
/scratch/condor/dir_22755/glide_NzUcP1/execute/dir_14761/ProdCommon/FwkJobRep/ModifyJobReport.py fjr /scratch/condor/dir_22755/glide_NzUcP1/execute/dir_14761/crab_fjr_269.xml json /scratch/condor/dir_22755/glide_NzUcP1/execute/dir_14761/resultCopyFile n_job 269_1_oUn PrimaryDataset ttbar  ApplicationFamily cmsRun ApplicationName cmsRun cmssw_version CMSSW_6_2_0_SLHC12 psethash 3c0380cf82de79bc39966c93934c61fc UserProcessedDataset dcieri-ttbar_PU140_DIGI-3c0380cf82de79bc39966c93934c61fc
inputDict =  {u'/scratch/condor/dir_22755/glide_NzUcP1/execute/dir_14761/CMSSW_6_2_0_SLHC12/step2_269_1_oUn.root': {u'endpoint': u'srm://heplnx204.pp.rl.ac.uk:8443/srm/managerv2?SFN=/pnfs/pp.rl.ac.uk/data/cms/store/user/dcieri/ttbar_PU140_DIGI/dcieri/ttbar/ttbar_PU140_DIGI/3c0380cf82de79bc39966c93934c61fc/', u'surl_for_grid': u'', u'reason': u'Copy succedeed with srm-lcg utils', u'erCode': u'0', u'PNN': u'T2_UK_SGrid_RALPP', u'se_name': u'heplnx204.pp.rl.ac.uk', u'for_lfn': u'/store/user/dcieri/ttbar_PU140_DIGI/dcieri/ttbar/ttbar_PU140_DIGI/3c0380cf82de79bc39966c93934c61fc/'}}
UserProcessedDataset =  dcieri-ttbar_PU140_DIGI-3c0380cf82de79bc39966c93934c61fc
WORKING ON EDM FILE
file_name in inputDict =  /scratch/condor/dir_22755/glide_NzUcP1/execute/dir_14761/CMSSW_6_2_0_SLHC12/step2_269_1_oUn.root
(size) os.stat(filename)[6] =  243730276
checksum =  1821843207
    file =  step2_269_1_oUn.root
    newPfn =  srm://heplnx204.pp.rl.ac.uk:8443/srm/managerv2?SFN=/pnfs/pp.rl.ac.uk/data/cms/store/user/dcieri/ttbar_PU140_DIGI/dcieri/ttbar/ttbar_PU140_DIGI/3c0380cf82de79bc39966c93934c61fc/step2_269_1_oUn.root
    newLfn =  /store/user/dcieri/ttbar_PU140_DIGI/dcieri/ttbar/ttbar_PU140_DIGI/3c0380cf82de79bc39966c93934c61fc/step2_269_1_oUn.root
>>> crab_fjr_*.xml  permission set to 0704
CrabWrapper EXIT_FUNC entered at Mon Feb  2 23:03:50 GMT 2015   -  Mon Feb  2 23:03:50 UTC 2015
Checking output files:  
will tar file crab_fjr_269.xml in  out_files_269
WARNING: output file CMSSW_269.stdout not found!
WARNING: output file CMSSW_269.stderr not found!
WARNING: output file Watchdog_269.log.gz not found!
>>> padding time: Wrapper lasting more than 600 seconds. No sleep required.
STOPPING WATCHDOG. CrabWatchdog PID is 16357
********** LAST 50 LINES OF WATCHDOG LOG
 Feb 02 20:45:51 GMT	16510	969736	1397360	50	123	1446	cmsRun -j /scratch/condor/dir_22755/glide_NzUcP1/execute/dir_14761/crab_fjr_269.xml -p pset.py      
 Feb 02 20:46:52 GMT	16510	1120744	1651540	50	155	1506	cmsRun -j /scratch/condor/dir_22755/glide_NzUcP1/execute/dir_14761/crab_fjr_269.xml -p pset.py      
 Feb 02 20:46:52 GMT	---	1120744	1651540	72	----	----	----
 Feb 02 20:47:52 GMT	16510	1137536	1651540	72	157	1566	cmsRun -j /scratch/condor/dir_22755/glide_NzUcP1/execute/dir_14761/crab_fjr_269.xml -p pset.py      
 Feb 02 20:48:52 GMT	16510	1144996	1651540	72	160	1626	cmsRun -j /scratch/condor/dir_22755/glide_NzUcP1/execute/dir_14761/crab_fjr_269.xml -p pset.py      
 Feb 02 20:49:52 GMT	16510	1148968	1651540	72	162	1686	cmsRun -j /scratch/condor/dir_22755/glide_NzUcP1/execute/dir_14761/crab_fjr_269.xml -p pset.py      
 Feb 02 20:50:52 GMT	16510	1151528	1651540	72	165	1747	cmsRun -j /scratch/condor/dir_22755/glide_NzUcP1/execute/dir_14761/crab_fjr_269.xml -p pset.py      
# TIME			PID	RSS(KB)	VSZ(KB)	Dsk(MB)	tCPU(s)	tWALL(s)	COMMAND
 Feb 02 20:51:53 GMT	16510	1153440	1651540	72	168	1807	cmsRun -j /scratch/condor/dir_22755/glide_NzUcP1/execute/dir_14761/crab_fjr_269.xml -p pset.py      
 Feb 02 20:56:54 GMT	16510	1156300	1658968	72	180	2108	cmsRun -j /scratch/condor/dir_22755/glide_NzUcP1/execute/dir_14761/crab_fjr_269.xml -p pset.py      
 Feb 02 20:57:54 GMT	16510	1156912	1658968	72	183	2168	cmsRun -j /scratch/condor/dir_22755/glide_NzUcP1/execute/dir_14761/crab_fjr_269.xml -p pset.py      
 Feb 02 20:58:54 GMT	16510	1160416	1661016	72	186	2228	cmsRun -j /scratch/condor/dir_22755/glide_NzUcP1/execute/dir_14761/crab_fjr_269.xml -p pset.py      
 Feb 02 20:59:54 GMT	16510	1161240	1661016	72	189	2288	cmsRun -j /scratch/condor/dir_22755/glide_NzUcP1/execute/dir_14761/crab_fjr_269.xml -p pset.py      
 Feb 02 21:00:54 GMT	16510	1178844	1663576	72	195	2349	cmsRun -j /scratch/condor/dir_22755/glide_NzUcP1/execute/dir_14761/crab_fjr_269.xml -p pset.py      
 Feb 02 21:01:55 GMT	16510	1216372	1663576	72	204	2409	cmsRun -j /scratch/condor/dir_22755/glide_NzUcP1/execute/dir_14761/crab_fjr_269.xml -p pset.py      
 Feb 02 21:02:55 GMT	16510	1261144	1680988	72	209	2469	cmsRun -j /scratch/condor/dir_22755/glide_NzUcP1/execute/dir_14761/crab_fjr_269.xml -p pset.py      
 Feb 02 21:03:55 GMT	16510	1265072	1683804	72	213	2529	cmsRun -j /scratch/condor/dir_22755/glide_NzUcP1/execute/dir_14761/crab_fjr_269.xml -p pset.py      
 Feb 02 21:04:55 GMT	16510	1267672	1683804	72	215	2589	cmsRun -j /scratch/condor/dir_22755/glide_NzUcP1/execute/dir_14761/crab_fjr_269.xml -p pset.py      
 Feb 02 21:05:55 GMT	16510	1309832	1754204	72	224	2650	cmsRun -j /scratch/condor/dir_22755/glide_NzUcP1/execute/dir_14761/crab_fjr_269.xml -p pset.py      
 Feb 02 21:06:56 GMT	---	1309832	1754204	94	----	----	----
 Feb 02 21:28:01 GMT	---	1309832	1754204	115	----	----	----
 Feb 02 21:48:05 GMT	---	1309832	1754204	135	----	----	----
 Feb 02 22:11:11 GMT	16510	1309832	1787252	135	507	6565	cmsRun -j /scratch/condor/dir_22755/glide_NzUcP1/execute/dir_14761/crab_fjr_269.xml -p pset.py      
 Feb 02 22:11:11 GMT	---	1309832	1787252	158	----	----	----
 Feb 02 22:12:11 GMT	16510	1309832	1788788	158	512	6625	cmsRun -j /scratch/condor/dir_22755/glide_NzUcP1/execute/dir_14761/crab_fjr_269.xml -p pset.py      
 Feb 02 22:16:12 GMT	16510	1309832	1792116	158	531	6867	cmsRun -j /scratch/condor/dir_22755/glide_NzUcP1/execute/dir_14761/crab_fjr_269.xml -p pset.py      
 Feb 02 22:17:13 GMT	16510	1309832	1798260	158	545	6927	cmsRun -j /scratch/condor/dir_22755/glide_NzUcP1/execute/dir_14761/crab_fjr_269.xml -p pset.py      
 Feb 02 22:25:14 GMT	16510	1333520	1819252	158	564	7408	cmsRun -j /scratch/condor/dir_22755/glide_NzUcP1/execute/dir_14761/crab_fjr_269.xml -p pset.py      
 Feb 02 22:26:14 GMT	16510	1336472	1820276	158	570	7469	cmsRun -j /scratch/condor/dir_22755/glide_NzUcP1/execute/dir_14761/crab_fjr_269.xml -p pset.py      
 Feb 02 22:27:15 GMT	---	1336472	1820276	180	----	----	----
 Feb 02 22:32:16 GMT	16510	1336472	1820684	180	622	7830	cmsRun -j /scratch/condor/dir_22755/glide_NzUcP1/execute/dir_14761/crab_fjr_269.xml -p pset.py      
 Feb 02 22:33:16 GMT	16510	1336472	1827596	180	629	7890	cmsRun -j /scratch/condor/dir_22755/glide_NzUcP1/execute/dir_14761/crab_fjr_269.xml -p pset.py      
 Feb 02 22:35:25 GMT	16510	1336472	1845004	180	651	8019	cmsRun -j /scratch/condor/dir_22755/glide_NzUcP1/execute/dir_14761/crab_fjr_269.xml -p pset.py      
 Feb 02 22:36:25 GMT	16510	1336472	1849100	180	659	8079	cmsRun -j /scratch/condor/dir_22755/glide_NzUcP1/execute/dir_14761/crab_fjr_269.xml -p pset.py      
 Feb 02 22:37:26 GMT	---	1336472	1849100	201	----	----	----
 Feb 02 22:44:28 GMT	16510	1355512	1860108	201	738	8563	cmsRun -j /scratch/condor/dir_22755/glide_NzUcP1/execute/dir_14761/crab_fjr_269.xml -p pset.py      
 Feb 02 22:45:30 GMT	16510	1363044	1860108	201	748	8624	cmsRun -j /scratch/condor/dir_22755/glide_NzUcP1/execute/dir_14761/crab_fjr_269.xml -p pset.py      
 Feb 02 22:46:30 GMT	---	1363044	1860108	225	----	----	----
# TIME			PID	RSS(KB)	VSZ(KB)	Dsk(MB)	tCPU(s)	tWALL(s)	COMMAND
 Feb 02 22:47:30 GMT	16510	1363044	1896204	225	773	8745	cmsRun -j /scratch/condor/dir_22755/glide_NzUcP1/execute/dir_14761/crab_fjr_269.xml -p pset.py      
 Feb 02 22:48:31 GMT	16510	1363044	1900044	225	777	8805	cmsRun -j /scratch/condor/dir_22755/glide_NzUcP1/execute/dir_14761/crab_fjr_269.xml -p pset.py      
 Feb 02 22:49:31 GMT	16510	1363044	1900556	225	781	8865	cmsRun -j /scratch/condor/dir_22755/glide_NzUcP1/execute/dir_14761/crab_fjr_269.xml -p pset.py      
 Feb 02 22:50:31 GMT	16510	1363044	1903372	225	785	8925	cmsRun -j /scratch/condor/dir_22755/glide_NzUcP1/execute/dir_14761/crab_fjr_269.xml -p pset.py      
 Feb 02 22:53:32 GMT	16510	1363044	1913356	225	804	9106	cmsRun -j /scratch/condor/dir_22755/glide_NzUcP1/execute/dir_14761/crab_fjr_269.xml -p pset.py      
 Feb 02 22:54:32 GMT	16510	1381192	1930508	225	824	9167	cmsRun -j /scratch/condor/dir_22755/glide_NzUcP1/execute/dir_14761/crab_fjr_269.xml -p pset.py      
 Feb 02 22:56:33 GMT	---	1381192	1930508	247	----	----	----
 Feb 02 23:00:34 GMT	16510	1381192	1930764	247	899	9528	cmsRun -j /scratch/condor/dir_22755/glide_NzUcP1/execute/dir_14761/crab_fjr_269.xml -p pset.py      
 Feb 02 23:01:34 GMT	16510	1381192	1934092	247	911	9589	cmsRun -j /scratch/condor/dir_22755/glide_NzUcP1/execute/dir_14761/crab_fjr_269.xml -p pset.py      
 Feb 02 23:02:35 GMT	16510	1445328	1973516	247	927	9649	cmsRun -j /scratch/condor/dir_22755/glide_NzUcP1/execute/dir_14761/crab_fjr_269.xml -p pset.py      
 Feb 02 23:03:35 GMT	---	1445328	1973516	270	----	----	----
********** WATCHDOG LOG ENDED
ZIPPING WATCHDOG LOG
Disk space used:
du -sh /scratch/condor/dir_22755/glide_NzUcP1/execute/dir_14761
270M	/scratch/condor/dir_22755/glide_NzUcP1/execute/dir_14761
Found unusual stdout, rename for OSB
`/scratch/condor/dir_22755/glide_NzUcP1/execute/dir_14761/_condor_stdout' -> `CMSSW_269.stdout'
Found unusual stderr, rename for OSB
`/scratch/condor/dir_22755/glide_NzUcP1/execute/dir_14761/_condor_stdout' -> `CMSSW_269.stderr'
crab_fjr_269.xml
CMSSW_269.stdout
CMSSW_269.stderr
Watchdog_269.log.gz
Total Output dimension: 24407
WARNING: output files size limit is set to: 50000000
Total Output dimension 24407 is fine.
JOB_EXIT_STATUS = 0
>>> info for dashboard:
***** Cat /scratch/condor/dir_22755/glide_NzUcP1/execute/dir_14761/jobreport.txt *****
MonitorJobID=269_https://submit-6.t2.ucsd.edu//150202//509447.268
MonitorID=dcieri_PU140_4dm08r
ExeTime=9668
ExeExitCode=0
StageOutExitStatusReason = 'Copy succedeed with srm-lcg utils'
StageOutSE = heplnx204.pp.rl.ac.uk
StageOutExitStatus = 0
CrabUserCpuTime=905.60
CrabSysCpuTime=42.89
CrabCpuPercentage=9%
CrabWrapperTime=9729
CrabStageoutTime=49
JobExitCode=0
***** End Cat jobreport *****
Parameters sent to Dashboard.
EXITING at Mon Feb  2 23:03:52 GMT 2015  -  Mon Feb  2 23:03:52 UTC 2015
