This script was generated by crab (version 2.11.1_patch1).
Running /scratch/condor/dir_28172/glide_GSwGI1/execute/dir_11006/condor_exec.exe with 2 positional parameters: 162 1
Today is Mon Feb  2 20:04:54 GMT 2015 - Mon Feb  2 20:04:54 UTC 2015
Job submitted on host heplnc066.pp.rl.ac.uk
Linux heplnc066.pp.rl.ac.uk 2.6.32-504.3.3.el6.x86_64 #1 SMP Tue Dec 16 14:29:22 CST 2014 x86_64 x86_64 x86_64 GNU/Linux
Distributor ID:	Scientific
Description:	Scientific Linux release 6.6 (Carbon)
>>> current directory (RUNTIME_AREA): /scratch/condor/dir_28172/glide_GSwGI1/execute/dir_11006
>>> current user: uid=157415(cms415) gid=157000(gplcms) groups=157000(gplcms)
>>> directory permission set to 0700
>>> umask set to:  u=rwx,g=,o=
>>> stdout stderr permission set to 0704
>>> voms proxy information:
subject   : /DC=ch/DC=cern/OU=Organic Units/OU=Users/CN=dcieri/CN=755391/CN=Davide Cieri/CN=769881070/CN=782444713
issuer    : /DC=ch/DC=cern/OU=Organic Units/OU=Users/CN=dcieri/CN=755391/CN=Davide Cieri/CN=769881070
identity  : /DC=ch/DC=cern/OU=Organic Units/OU=Users/CN=dcieri/CN=755391/CN=Davide Cieri
type      : RFC3820 compliant limited proxy
strength  : 1024
path      : /scratch/condor/dir_28172/glide_GSwGI1/execute/dir_11006/x509up_u62281
timeleft  : 23:59:05
key usage : Digital Signature, Key Encipherment
=== VO cms extension information ===
VO        : cms
subject   : /DC=ch/DC=cern/OU=Organic Units/OU=Users/CN=dcieri/CN=755391/CN=Davide Cieri
issuer    : /DC=ch/DC=cern/OU=computers/CN=lcg-voms2.cern.ch
attribute : /cms/Role=NULL/Capability=NULL
timeleft  : 184:11:30
uri       : lcg-voms2.cern.ch:15002

WNHostName=heplnc066.pp.rl.ac.uk
$_CONDOR_JOB_AD =/scratch/condor/dir_28172/glide_GSwGI1/execute/dir_11006/.job.ad
OverflowFlag=0
>>> tar --no-same-permissions -xf /scratch/condor/dir_28172/glide_GSwGI1/execute/dir_11006/default.tgz :
Successful untar
>>> Include /scratch/condor/dir_28172/glide_GSwGI1/execute/dir_11006 in PYTHONPATH:
strip arguments
env var CRAB_UNIQUE_JOB_ID set to: dcieri_PU140_4dm08r_162_1_oYP
out_files_162
>>> list of expected files on output sandbox
output files: crab_fjr_162.xml CMSSW_162.stdout CMSSW_162.stderr Watchdog_162.log.gz
>>> GridFlavour discovery: 
GridFlavour=LCG
>>> SyncSite discovery: 
SyncSite=T2_UK_SGrid_RALPP
>>> SyncCE discovery: 
getting SyncCE from GLIDEIN_Gaekeeper
SyncCE=heplnv147.pp.rl.ac.uk
>>> info for dashboard:
***** Cat /scratch/condor/dir_28172/glide_GSwGI1/execute/dir_11006/jobreport.txt *****
WNHostName=heplnc066.pp.rl.ac.uk
OverflowFlag=0
MonitorJobID=162_https://submit-6.t2.ucsd.edu//150202//509447.161
SyncGridJobId=https://submit-6.t2.ucsd.edu//150202//509447.161
MonitorID=dcieri_PU140_4dm08r
GridFlavour=LCG
SyncSite=T2_UK_SGrid_RALPP
SyncCE=heplnv147.pp.rl.ac.uk
***** End Cat jobreport *****
Parameters sent to Dashboard.
>>> setup environment
set SCRAM ARCH to slc6_amd64_gcc472
SCRAM_ARCH = slc6_amd64_gcc472
>>> setup CMS LCG environment:
set SCRAM ARCH and BUILD_ARCH to slc6_amd64_gcc472 ###
Sourcing environment... 
sourcing /cvmfs/cms.cern.ch/cmsset_default.sh
==> setup cms environment ok
>>> specific cmssw setup environment:
CMSSW_VERSION =  CMSSW_6_2_0_SLHC12
WARNING: In non-interactive mode release checks e.g. deprecated releases, production architectures are disabled.
>>> current directory (SOFTWARE_DIR): /scratch/condor/dir_28172/glide_GSwGI1/execute/dir_11006/CMSSW_6_2_0_SLHC12
PreserveSeeds: <>
IncrementSeeds:<>
>>> info for dashboard:
***** Cat /scratch/condor/dir_28172/glide_GSwGI1/execute/dir_11006/jobreport.txt *****
MonitorJobID=162_https://submit-6.t2.ucsd.edu//150202//509447.161
MonitorID=dcieri_PU140_4dm08r
***** End Cat jobreport *****
Parameters sent to Dashboard.
crabWatchdog started as process 14505
>>> moving CMSSW software directories in /scratch/condor/dir_28172/glide_GSwGI1/execute/dir_11006/CMSSW_6_2_0_SLHC12
mv: cannot stat `/scratch/condor/dir_28172/glide_GSwGI1/execute/dir_11006/module/': No such file or directory
>>> Include /scratch/condor/dir_28172/glide_GSwGI1/execute/dir_11006 in PYTHONPATH:
PYTHONPATH=/scratch/condor/dir_28172/glide_GSwGI1/execute/dir_11006/:/scratch/condor/dir_28172/glide_GSwGI1/execute/dir_11006/CMSSW_6_2_0_SLHC12/python:/scratch/condor/dir_28172/glide_GSwGI1/execute/dir_11006/CMSSW_6_2_0_SLHC12/lib/slc6_amd64_gcc472:/cvmfs/cms.cern.ch/slc6_amd64_gcc472/cms/cmssw/CMSSW_6_2_0_SLHC12/python:/cvmfs/cms.cern.ch/slc6_amd64_gcc472/cms/cmssw/CMSSW_6_2_0_SLHC12/lib/slc6_amd64_gcc472:/cvmfs/cms.cern.ch/slc6_amd64_gcc472/cms/coral/CORAL_2_3_21-cms35/slc6_amd64_gcc472/python:/cvmfs/cms.cern.ch/slc6_amd64_gcc472/cms/coral/CORAL_2_3_21-cms35/slc6_amd64_gcc472/lib:/cvmfs/cms.cern.ch/slc6_amd64_gcc472/external/python-ldap/2.3.5-cms5/lib/python2.7/site-packages:/cvmfs/cms.cern.ch/slc6_amd64_gcc472/external/pyqt/4.8.1-cms5/lib/python2.7/site-packages:/cvmfs/cms.cern.ch/slc6_amd64_gcc472/external/py2-scipy/0.8.0-cms7/lib/python2.7/site-packages:/cvmfs/cms.cern.ch/slc6_amd64_gcc472/external/py2-matplotlib/1.0.1-cms7/lib/python2.7/site-packages:/cvmfs/cms.cern.ch/slc6_amd64_gcc472/external/sip/4.11.2-cms5/lib/python2.7/site-packages:/cvmfs/cms.cern.ch/slc6_amd64_gcc472/external/py2-pycurl/7.19.0-cms7/lib/python2.7/site-packages:/cvmfs/cms.cern.ch/slc6_amd64_gcc472/external/py2-numpy/1.6.1-cms7/lib/python2.7/site-packages:/cvmfs/cms.cern.ch/slc6_amd64_gcc472/external/py2-lint/0.25.1-cms5/lib/python2.7/site-packages:/cvmfs/cms.cern.ch/slc6_amd64_gcc472/external/py2-ipython/0.10-cms5/lib/python2.7/site-packages:/cvmfs/cms.cern.ch/slc6_amd64_gcc472/external/py2-cx-oracle/5.1-cms5/lib/python2.7/site-packages:/cvmfs/cms.cern.ch/slc6_amd64_gcc472/external/py2-cjson/1.0.5-cms5/lib/python2.7/site-packages:/cvmfs/cms.cern.ch/slc6_amd64_gcc472/cms/das-client/1.11.7/bin:/cvmfs/cms.cern.ch/slc6_amd64_gcc472/external/elementtree/1.2.6-cms5/share/lib/python2.7/site-packages:/cvmfs/cms.cern.ch/slc6_amd64_gcc472/external/rivet/1.8.2-cms9/lib/python2.7/site-packages:/cvmfs/cms.cern.ch/slc6_amd64_gcc472/external/pyminuit2/0.0.1-cms19/lib/python2.7/site-packages:/cvmfs/cms.cern.ch/slc6_amd64_gcc472/external/py2-pygithub/1.23.0-cms2/lib/python2.7/site-packages:/cvmfs/cms.cern.ch/slc6_amd64_gcc472/external/professor/1.0.0-cms19/lib/python2.7/site-packages:/cvmfs/cms.cern.ch/slc6_amd64_gcc472/lcg/root/5.34.07-cms/lib:/cvmfs/cms.cern.ch/slc6_amd64_gcc472/cms/dbs-client/DBS_2_1_9-cms5/lib:/cvmfs/cms.cern.ch/slc6_amd64_gcc472/cms/dbs-client/DBS_2_1_9-cms5/lib/DBSAPI:/cvmfs/cms.cern.ch/slc6_amd64_gcc472/external/cvs2git/5419-cms/lib:/scratch/condor/dir_28172/glide_GSwGI1/execute/dir_11006/
 
# LIMITS USED BY CRAB WATCHDOG:
# RSS  (KBytes)   : 2300000
# VSZ  (KBytes)   : 100000000
# DISK (MBytes)   : 19000
# CPU TIME        : 720h:0m:0s
# WALL CLOCK TIME : 21h:50m:0s
 
3c0380cf82de79bc39966c93934c61fc
PSETHASH = 3c0380cf82de79bc39966c93934c61fc
/scratch/condor/dir_28172/glide_GSwGI1/execute/dir_11006/writeCfg.py pset.py pset.py
Importing .py file
Setting parameters
RandomNumberGeneratorService found, will attempt to change seeds
inputBlocks=/ttbar/dcieri-ttbar_SIM-130075366148575c102f0d64fd3ac8f7/USER#42f4abf6-431f-4645-8b28-bf101a629022
inputFiles=/store/user/dcieri/ttbar_SIM/ttbar/ttbar_SIM/150129_145223/0000/step1_133.root
parentFiles=
lumisRange=
>>> Executable cmsRun
/cvmfs/cms.cern.ch/slc6_amd64_gcc472/cms/cmssw/CMSSW_6_2_0_SLHC12/bin/slc6_amd64_gcc472/cmsRun
ok executable found
>>> info for dashboard:
***** Cat /scratch/condor/dir_28172/glide_GSwGI1/execute/dir_11006/jobreport.txt *****
MonitorJobID=162_https://submit-6.t2.ucsd.edu//150202//509447.161
MonitorID=dcieri_PU140_4dm08r
ExeStart=cmsRun
***** End Cat jobreport *****
Parameters sent to Dashboard.
>>> cmsRun started at Mon Feb  2 20:05:01 UTC 2015
>>> cmsRun ended at Mon Feb  2 23:06:17 UTC 2015
>>> crab_fjr_*.xml  permission set to 0704
>>> info for dashboard:
***** Cat /scratch/condor/dir_28172/glide_GSwGI1/execute/dir_11006/jobreport.txt *****
MonitorJobID=162_https://submit-6.t2.ucsd.edu//150202//509447.161
MonitorID=dcieri_PU140_4dm08r
ExeEnd=cmsRun
***** End Cat jobreport *****
Parameters sent to Dashboard.
TIME_EXE = 10876 sec
>>> cmsRun wrote 222 lines of stdout+stderr
>>> START OF printout of 222 lines from stdout+stderr
271 DQMStore::DQMStore 
HcalTopologyIdealEP::HcalTopologyIdealEP
02-Feb-2015 20:05:09 GMT  Initiating request to open file root://dcap.pp.rl.ac.uk:1094/pnfs/pp.rl.ac.uk/data/cms/store/user/dcieri/ttbar_SIM/ttbar/ttbar_SIM/150129_145223/0000/step1_133.root
02-Feb-2015 20:05:12 GMT  Successfully opened file root://dcap.pp.rl.ac.uk:1094/pnfs/pp.rl.ac.uk/data/cms/store/user/dcieri/ttbar_SIM/ttbar/ttbar_SIM/150129_145223/0000/step1_133.root
02-Feb-2015 20:05:13 GMT  Initiating request to open file root://xrootd.unl.edu//store/group/dpg_trigger/comm_trigger/L1TrackTrigger/620_SLHC10/Extended2023TTI/MinBias/MinBias_TuneZ2star_GEN_SIM_1.root
02-Feb-2015 20:06:10 GMT  Successfully opened file root://xrootd.unl.edu//store/group/dpg_trigger/comm_trigger/L1TrackTrigger/620_SLHC10/Extended2023TTI/MinBias/MinBias_TuneZ2star_GEN_SIM_1.root
disableME1a = 0
HcalTopologyIdealEP::produce(const IdealGeometryRecord& iRecord)
mode = 2, maxDepthHB = 3, maxDepthHE = 5
RPCGeometryESModule :: produce
RPCGeometryESModule :: produce :: 1/4 Get Muon Ideal Geometry Record
RPCGeometryESModule :: produce :: 2/4 Get Muon DDD Constants
RPCGeometryESModule :: produce :: 3/4 Get Muon Numbering Record
in MuonNumberingInitialization::initializeMuonDDDConstants
about to make my new muonDDDConst_
in MuonNumberingInitialization::produce
RPCGeometryESModule :: produce :: 4/4 Build
Found:

	Barrel Stack layer 5 : 1008 stacks
	Barrel Stack layer 6 : 1320 stacks
	Barrel Stack layer 7 : 1836 stacks
	Barrel Stack layer 8 : 1152 stacks
	Barrel Stack layer 9 : 1488 stacks
	Barrel Stack layer 10 : 1824 stacks

	Endcap Stack disk 11 : 1360 stacks
	Endcap Stack disk 12 : 1360 stacks
	Endcap Stack disk 13 : 1360 stacks
	Endcap Stack disk 14 : 1360 stacks
	Endcap Stack disk 15 : 1360 stacks
Created 15428 stacks in 12 s

TTClusterBuilder< edm::Ref<edm::DetSetVector<PixelDigi>, PixelDigi, edm::refhelper::FindForDetSetVector<PixelDigi> > > loaded modules:
	TTClusterAlgorithm:	TTClusterAlgorithm_2d2013< edm::Ref<edm::DetSetVector<PixelDigi>, PixelDigi, edm::refhelper::FindForDetSetVector<PixelDigi> > >


TTStubBuilder< edm::Ref<edm::DetSetVector<PixelDigi>, PixelDigi, edm::refhelper::FindForDetSetVector<PixelDigi> > > loaded modules:
	TTStubAlgorithm:	TTStubAlgorithm_tab2013< edm::Ref<edm::DetSetVector<PixelDigi>, PixelDigi, edm::refhelper::FindForDetSetVector<PixelDigi> > >


TTClusterAssociator< edm::Ref<edm::DetSetVector<PixelDigi>, PixelDigi, edm::refhelper::FindForDetSetVector<PixelDigi> > > loaded.


TTStubAssociator< edm::Ref<edm::DetSetVector<PixelDigi>, PixelDigi, edm::refhelper::FindForDetSetVector<PixelDigi> > > loaded.


TTTrackAssociator< edm::Ref<edm::DetSetVector<PixelDigi>, PixelDigi, edm::refhelper::FindForDetSetVector<PixelDigi> > > loaded.

Begin processing the 1st record. Run 1, Event 1321, LumiSection 133 at 02-Feb-2015 20:06:36.489 GMT
02-Feb-2015 20:06:41 GMT  Closed file root://xrootd.unl.edu//store/group/dpg_trigger/comm_trigger/L1TrackTrigger/620_SLHC10/Extended2023TTI/MinBias/MinBias_TuneZ2star_GEN_SIM_1.root
02-Feb-2015 20:06:41 GMT  Initiating request to open file root://xrootd.unl.edu//store/group/dpg_trigger/comm_trigger/L1TrackTrigger/620_SLHC10/Extended2023TTI/MinBias/MinBias_TuneZ2star_GEN_SIM_911.root
02-Feb-2015 20:10:38 GMT  Successfully opened file root://xrootd.unl.edu//store/group/dpg_trigger/comm_trigger/L1TrackTrigger/620_SLHC10/Extended2023TTI/MinBias/MinBias_TuneZ2star_GEN_SIM_911.root
150202 20:12:09 17298 Xrd: XrdClientMessage::ReadRaw: Failed to read header (8 bytes).
150202 20:15:39 17296 Xrd: XrdClientMessage::ReadRaw: Failed to read header (8 bytes).
02-Feb-2015 20:21:23 GMT  Closed file root://xrootd.unl.edu//store/group/dpg_trigger/comm_trigger/L1TrackTrigger/620_SLHC10/Extended2023TTI/MinBias/MinBias_TuneZ2star_GEN_SIM_911.root
02-Feb-2015 20:21:23 GMT  Initiating request to open file root://xrootd.unl.edu//store/group/dpg_trigger/comm_trigger/L1TrackTrigger/620_SLHC10/Extended2023TTI/MinBias/MinBias_TuneZ2star_GEN_SIM_55.root
150202 20:21:54 19650 Xrd: CheckErrorStatus: Server [xrootd-redic.pi.infn.it:1094] declared: session not found(error code: 3011)
02-Feb-2015 20:21:54 GMT  Successfully opened file root://xrootd.unl.edu//store/group/dpg_trigger/comm_trigger/L1TrackTrigger/620_SLHC10/Extended2023TTI/MinBias/MinBias_TuneZ2star_GEN_SIM_55.root
150202 20:25:39 15136 Xrd: XrdClientMessage::ReadRaw: Failed to read header (8 bytes).
150202 20:25:40 15135 Xrd: XrdClientMessage::ReadRaw: Failed to read header (8 bytes).
150202 20:26:39 27233 Xrd: XrdClientMessage::ReadRaw: Failed to read header (8 bytes).
150202 20:26:40 17295 Xrd: XrdClientMessage::ReadRaw: Failed to read header (8 bytes).
150202 20:27:09 20885 Xrd: XrdClientMessage::ReadRaw: Failed to read header (8 bytes).
02-Feb-2015 20:30:59 GMT  Closed file root://xrootd.unl.edu//store/group/dpg_trigger/comm_trigger/L1TrackTrigger/620_SLHC10/Extended2023TTI/MinBias/MinBias_TuneZ2star_GEN_SIM_55.root
02-Feb-2015 20:30:59 GMT  Initiating request to open file root://xrootd.unl.edu//store/group/dpg_trigger/comm_trigger/L1TrackTrigger/620_SLHC10/Extended2023TTI/MinBias/MinBias_TuneZ2star_GEN_SIM_740.root
150202 20:31:30 8936 Xrd: CheckErrorStatus: Server [llrxrd-redir.in2p3.fr:1094] declared: session not found(error code: 3011)
02-Feb-2015 20:31:31 GMT  Successfully opened file root://xrootd.unl.edu//store/group/dpg_trigger/comm_trigger/L1TrackTrigger/620_SLHC10/Extended2023TTI/MinBias/MinBias_TuneZ2star_GEN_SIM_740.root
Building the geometry service
Warning did not find digi
Warning did not find digi
Warning did not find digi
Warning did not find digi
Warning did not find digi in disks
Warning did not find digi in disks
Warning did not find digi in disks
Warning did not find digi in disks
150202 20:36:10 20886 Xrd: XrdClientMessage::ReadRaw: Failed to read header (8 bytes).
150202 20:36:40 10632 Xrd: XrdClientMessage::ReadRaw: Failed to read header (8 bytes).
02-Feb-2015 20:40:37 GMT  Closed file root://xrootd.unl.edu//store/group/dpg_trigger/comm_trigger/L1TrackTrigger/620_SLHC10/Extended2023TTI/MinBias/MinBias_TuneZ2star_GEN_SIM_740.root
02-Feb-2015 20:40:37 GMT  Initiating request to open file root://xrootd.unl.edu//store/group/dpg_trigger/comm_trigger/L1TrackTrigger/620_SLHC10/Extended2023TTI/MinBias/MinBias_TuneZ2star_GEN_SIM_172.root
150202 20:40:38 3950 Xrd: CheckErrorStatus: Server [llrxrd-redir.in2p3.fr:1094] declared: session not found(error code: 3011)
02-Feb-2015 20:40:38 GMT  Successfully opened file root://xrootd.unl.edu//store/group/dpg_trigger/comm_trigger/L1TrackTrigger/620_SLHC10/Extended2023TTI/MinBias/MinBias_TuneZ2star_GEN_SIM_172.root
150202 20:42:09 27229 Xrd: XrdClientMessage::ReadRaw: Failed to read header (8 bytes).
150202 20:45:39 3951 Xrd: XrdClientMessage::ReadRaw: Failed to read header (8 bytes).
150202 20:45:40 10635 Xrd: XrdClientMessage::ReadRaw: Failed to read header (8 bytes).
02-Feb-2015 20:59:50 GMT  Closed file root://xrootd.unl.edu//store/group/dpg_trigger/comm_trigger/L1TrackTrigger/620_SLHC10/Extended2023TTI/MinBias/MinBias_TuneZ2star_GEN_SIM_172.root
02-Feb-2015 20:59:50 GMT  Initiating request to open file root://xrootd.unl.edu//store/group/dpg_trigger/comm_trigger/L1TrackTrigger/620_SLHC10/Extended2023TTI/MinBias/MinBias_TuneZ2star_GEN_SIM_398.root
150202 21:00:21 13783 Xrd: CheckErrorStatus: Server [llrxrd-redir.in2p3.fr:1094] declared: session not found(error code: 3011)
02-Feb-2015 21:00:22 GMT  Successfully opened file root://xrootd.unl.edu//store/group/dpg_trigger/comm_trigger/L1TrackTrigger/620_SLHC10/Extended2023TTI/MinBias/MinBias_TuneZ2star_GEN_SIM_398.root
150202 21:05:09 3953 Xrd: XrdClientMessage::ReadRaw: Failed to read header (8 bytes).
150202 21:05:40 14810 Xrd: XrdClientMessage::ReadRaw: Failed to read header (8 bytes).
02-Feb-2015 21:08:53 GMT  Closed file root://xrootd.unl.edu//store/group/dpg_trigger/comm_trigger/L1TrackTrigger/620_SLHC10/Extended2023TTI/MinBias/MinBias_TuneZ2star_GEN_SIM_398.root
02-Feb-2015 21:08:53 GMT  Initiating request to open file root://xrootd.unl.edu//store/group/dpg_trigger/comm_trigger/L1TrackTrigger/620_SLHC10/Extended2023TTI/MinBias/MinBias_TuneZ2star_GEN_SIM_336.root
150202 21:10:40 7235 Xrd: CheckErrorStatus: Server [cms-xrd-global.cern.ch:1094] declared: session not found(error code: 3011)
150202 21:10:40 7235 Xrd: CheckErrorStatus: Server [xrootd.ba.infn.it:1094] declared: session not found(error code: 3011)
02-Feb-2015 21:10:40 GMT  Successfully opened file root://xrootd.unl.edu//store/group/dpg_trigger/comm_trigger/L1TrackTrigger/620_SLHC10/Extended2023TTI/MinBias/MinBias_TuneZ2star_GEN_SIM_336.root
150202 21:14:09 14866 Xrd: XrdClientMessage::ReadRaw: Failed to read header (8 bytes).
150202 21:16:10 11027 Xrd: XrdClientMessage::ReadRaw: Failed to read header (8 bytes).
02-Feb-2015 21:20:27 GMT  Closed file root://xrootd.unl.edu//store/group/dpg_trigger/comm_trigger/L1TrackTrigger/620_SLHC10/Extended2023TTI/MinBias/MinBias_TuneZ2star_GEN_SIM_336.root
02-Feb-2015 21:20:27 GMT  Initiating request to open file root://xrootd.unl.edu//store/group/dpg_trigger/comm_trigger/L1TrackTrigger/620_SLHC10/Extended2023TTI/MinBias/MinBias_TuneZ2star_GEN_SIM_122.root
150202 21:20:27 10631 Xrd: XrdClientMessage::ReadRaw: Failed to read header (8 bytes).
150202 21:20:57 31882 Xrd: CheckErrorStatus: Server [cms-xrd-global.cern.ch:1094] declared: session not found(error code: 3011)
150202 21:20:57 31882 Xrd: CheckErrorStatus: Server [xrootd-redic.pi.infn.it:1094] declared: session not found(error code: 3011)
02-Feb-2015 21:20:58 GMT  Successfully opened file root://xrootd.unl.edu//store/group/dpg_trigger/comm_trigger/L1TrackTrigger/620_SLHC10/Extended2023TTI/MinBias/MinBias_TuneZ2star_GEN_SIM_122.root
150202 21:25:39 11028 Xrd: XrdClientMessage::ReadRaw: Failed to read header (8 bytes).
150202 21:26:10 1020 Xrd: XrdClientMessage::ReadRaw: Failed to read header (8 bytes).
02-Feb-2015 21:30:43 GMT  Closed file root://xrootd.unl.edu//store/group/dpg_trigger/comm_trigger/L1TrackTrigger/620_SLHC10/Extended2023TTI/MinBias/MinBias_TuneZ2star_GEN_SIM_122.root
02-Feb-2015 21:30:43 GMT  Initiating request to open file root://xrootd.unl.edu//store/group/dpg_trigger/comm_trigger/L1TrackTrigger/620_SLHC10/Extended2023TTI/MinBias/MinBias_TuneZ2star_GEN_SIM_957.root
150202 21:30:44 11026 Xrd: XrdClientMessage::ReadRaw: Failed to read header (8 bytes).
150202 21:31:14 22934 Xrd: CheckErrorStatus: Server [cms-xrd-global.cern.ch:1094] declared: session not found(error code: 3011)
150202 21:31:14 22934 Xrd: CheckErrorStatus: Server [llrxrd-redir.in2p3.fr:1094] declared: session not found(error code: 3011)
150202 21:31:14 22934 Xrd: CheckErrorStatus: Server [eoscms.cern.ch:1094] declared: session not found(error code: 3011)
02-Feb-2015 21:31:14 GMT  Successfully opened file root://xrootd.unl.edu//store/group/dpg_trigger/comm_trigger/L1TrackTrigger/620_SLHC10/Extended2023TTI/MinBias/MinBias_TuneZ2star_GEN_SIM_957.root
150202 21:36:09 1021 Xrd: XrdClientMessage::ReadRaw: Failed to read header (8 bytes).
150202 21:36:39 23774 Xrd: XrdClientMessage::ReadRaw: Failed to read header (8 bytes).
02-Feb-2015 21:40:23 GMT  Closed file root://xrootd.unl.edu//store/group/dpg_trigger/comm_trigger/L1TrackTrigger/620_SLHC10/Extended2023TTI/MinBias/MinBias_TuneZ2star_GEN_SIM_957.root
02-Feb-2015 21:40:23 GMT  Initiating request to open file root://xrootd.unl.edu//store/group/dpg_trigger/comm_trigger/L1TrackTrigger/620_SLHC10/Extended2023TTI/MinBias/MinBias_TuneZ2star_GEN_SIM_311.root
150202 21:40:54 16852 Xrd: CheckErrorStatus: Server [cms-xrd-global.cern.ch:1094] declared: session not found(error code: 3011)
150202 21:40:55 16852 Xrd: CheckErrorStatus: Server [xrootd.ba.infn.it:1094] declared: session not found(error code: 3011)
02-Feb-2015 21:40:55 GMT  Successfully opened file root://xrootd.unl.edu//store/group/dpg_trigger/comm_trigger/L1TrackTrigger/620_SLHC10/Extended2023TTI/MinBias/MinBias_TuneZ2star_GEN_SIM_311.root
150202 21:41:09 1019 Xrd: XrdClientMessage::ReadRaw: Failed to read header (8 bytes).
150202 21:45:40 23775 Xrd: XrdClientMessage::ReadRaw: Failed to read header (8 bytes).
150202 21:46:09 18658 Xrd: XrdClientMessage::ReadRaw: Failed to read header (8 bytes).
02-Feb-2015 21:49:31 GMT  Closed file root://xrootd.unl.edu//store/group/dpg_trigger/comm_trigger/L1TrackTrigger/620_SLHC10/Extended2023TTI/MinBias/MinBias_TuneZ2star_GEN_SIM_311.root
02-Feb-2015 21:49:31 GMT  Initiating request to open file root://xrootd.unl.edu//store/group/dpg_trigger/comm_trigger/L1TrackTrigger/620_SLHC10/Extended2023TTI/MinBias/MinBias_TuneZ2star_GEN_SIM_220.root
150202 21:50:02 3627 Xrd: CheckErrorStatus: Server [xrootd.ba.infn.it:1094] declared: session not found(error code: 3011)
02-Feb-2015 21:50:04 GMT  Successfully opened file root://xrootd.unl.edu//store/group/dpg_trigger/comm_trigger/L1TrackTrigger/620_SLHC10/Extended2023TTI/MinBias/MinBias_TuneZ2star_GEN_SIM_220.root
150202 21:51:40 23773 Xrd: XrdClientMessage::ReadRaw: Failed to read header (8 bytes).
150202 21:54:40 18659 Xrd: XrdClientMessage::ReadRaw: Failed to read header (8 bytes).
150202 21:55:10 5140 Xrd: XrdClientMessage::ReadRaw: Failed to read header (8 bytes).
02-Feb-2015 21:57:40 GMT  Closed file root://xrootd.unl.edu//store/group/dpg_trigger/comm_trigger/L1TrackTrigger/620_SLHC10/Extended2023TTI/MinBias/MinBias_TuneZ2star_GEN_SIM_220.root
02-Feb-2015 21:57:40 GMT  Initiating request to open file root://xrootd.unl.edu//store/group/dpg_trigger/comm_trigger/L1TrackTrigger/620_SLHC10/Extended2023TTI/MinBias/MinBias_TuneZ2star_GEN_SIM_60.root
150202 21:57:41 26152 Xrd: CheckErrorStatus: Server [xrootd.ba.infn.it:1094] declared: session not found(error code: 3011)
02-Feb-2015 21:57:41 GMT  Successfully opened file root://xrootd.unl.edu//store/group/dpg_trigger/comm_trigger/L1TrackTrigger/620_SLHC10/Extended2023TTI/MinBias/MinBias_TuneZ2star_GEN_SIM_60.root
150202 22:03:09 5155 Xrd: XrdClientMessage::ReadRaw: Failed to read header (8 bytes).
150202 22:03:09 26153 Xrd: XrdClientMessage::ReadRaw: Failed to read header (8 bytes).
02-Feb-2015 22:06:24 GMT  Closed file root://xrootd.unl.edu//store/group/dpg_trigger/comm_trigger/L1TrackTrigger/620_SLHC10/Extended2023TTI/MinBias/MinBias_TuneZ2star_GEN_SIM_60.root
02-Feb-2015 22:06:24 GMT  Initiating request to open file root://xrootd.unl.edu//store/group/dpg_trigger/comm_trigger/L1TrackTrigger/620_SLHC10/Extended2023TTI/MinBias/MinBias_TuneZ2star_GEN_SIM_481.root
150202 22:11:12 16692 Xrd: CheckErrorStatus: Server [cms-xrd-global.cern.ch:1094] declared: session not found(error code: 3011)
150202 22:11:12 16692 Xrd: CheckErrorStatus: Server [llrxrd-redir.in2p3.fr:1094] declared: session not found(error code: 3011)
02-Feb-2015 22:11:12 GMT  Successfully opened file root://xrootd.unl.edu//store/group/dpg_trigger/comm_trigger/L1TrackTrigger/620_SLHC10/Extended2023TTI/MinBias/MinBias_TuneZ2star_GEN_SIM_481.root
150202 22:11:39 26154 Xrd: XrdClientMessage::ReadRaw: Failed to read header (8 bytes).
150202 22:16:40 31866 Xrd: XrdClientMessage::ReadRaw: Failed to read header (8 bytes).
02-Feb-2015 22:17:03 GMT  Closed file root://xrootd.unl.edu//store/group/dpg_trigger/comm_trigger/L1TrackTrigger/620_SLHC10/Extended2023TTI/MinBias/MinBias_TuneZ2star_GEN_SIM_481.root
02-Feb-2015 22:17:03 GMT  Initiating request to open file root://xrootd.unl.edu//store/group/dpg_trigger/comm_trigger/L1TrackTrigger/620_SLHC10/Extended2023TTI/MinBias/MinBias_TuneZ2star_GEN_SIM_639.root
150202 22:18:10 18657 Xrd: XrdClientMessage::ReadRaw: Failed to read header (8 bytes).
150202 22:22:09 31867 Xrd: XrdClientMessage::ReadRaw: Failed to read header (8 bytes).
150202 22:24:22 10846 Xrd: CheckErrorStatus: Server [cms-xrd-global.cern.ch:1094] declared: session not found(error code: 3011)
150202 22:24:22 10846 Xrd: CheckErrorStatus: Server [xrootd-redic.pi.infn.it:1094] declared: session not found(error code: 3011)
02-Feb-2015 22:24:22 GMT  Successfully opened file root://xrootd.unl.edu//store/group/dpg_trigger/comm_trigger/L1TrackTrigger/620_SLHC10/Extended2023TTI/MinBias/MinBias_TuneZ2star_GEN_SIM_639.root
02-Feb-2015 22:29:18 GMT  Closed file root://xrootd.unl.edu//store/group/dpg_trigger/comm_trigger/L1TrackTrigger/620_SLHC10/Extended2023TTI/MinBias/MinBias_TuneZ2star_GEN_SIM_639.root
02-Feb-2015 22:29:18 GMT  Initiating request to open file root://xrootd.unl.edu//store/group/dpg_trigger/comm_trigger/L1TrackTrigger/620_SLHC10/Extended2023TTI/MinBias/MinBias_TuneZ2star_GEN_SIM_906.root
150202 22:29:39 29992 Xrd: XrdClientMessage::ReadRaw: Failed to read header (8 bytes).
150202 22:29:48 19353 Xrd: CheckErrorStatus: Server [llrxrd-redir.in2p3.fr:1094] declared: session not found(error code: 3011)
02-Feb-2015 22:29:48 GMT  Successfully opened file root://xrootd.unl.edu//store/group/dpg_trigger/comm_trigger/L1TrackTrigger/620_SLHC10/Extended2023TTI/MinBias/MinBias_TuneZ2star_GEN_SIM_906.root
150202 22:34:39 29993 Xrd: XrdClientMessage::ReadRaw: Failed to read header (8 bytes).
02-Feb-2015 22:34:50 GMT  Closed file root://xrootd.unl.edu//store/group/dpg_trigger/comm_trigger/L1TrackTrigger/620_SLHC10/Extended2023TTI/MinBias/MinBias_TuneZ2star_GEN_SIM_906.root
02-Feb-2015 22:34:50 GMT  Initiating request to open file root://xrootd.unl.edu//store/group/dpg_trigger/comm_trigger/L1TrackTrigger/620_SLHC10/Extended2023TTI/MinBias/MinBias_TuneZ2star_GEN_SIM_318.root
150202 22:34:51 20072 Xrd: XrdClientMessage::ReadRaw: Failed to read header (8 bytes).
150202 22:35:20 28939 Xrd: CheckErrorStatus: Server [llrxrd-redir.in2p3.fr:1094] declared: session not found(error code: 3011)
02-Feb-2015 22:35:20 GMT  Successfully opened file root://xrootd.unl.edu//store/group/dpg_trigger/comm_trigger/L1TrackTrigger/620_SLHC10/Extended2023TTI/MinBias/MinBias_TuneZ2star_GEN_SIM_318.root
02-Feb-2015 22:39:34 GMT  Closed file root://xrootd.unl.edu//store/group/dpg_trigger/comm_trigger/L1TrackTrigger/620_SLHC10/Extended2023TTI/MinBias/MinBias_TuneZ2star_GEN_SIM_318.root
02-Feb-2015 22:39:34 GMT  Initiating request to open file root://xrootd.unl.edu//store/group/dpg_trigger/comm_trigger/L1TrackTrigger/620_SLHC10/Extended2023TTI/MinBias/MinBias_TuneZ2star_GEN_SIM_339.root
150202 22:40:05 12219 Xrd: CheckErrorStatus: Server [eoscms.cern.ch:1094] declared: session not found(error code: 3011)
02-Feb-2015 22:40:05 GMT  Successfully opened file root://xrootd.unl.edu//store/group/dpg_trigger/comm_trigger/L1TrackTrigger/620_SLHC10/Extended2023TTI/MinBias/MinBias_TuneZ2star_GEN_SIM_339.root
150202 22:40:05 20073 Xrd: XrdClientMessage::ReadRaw: Failed to read header (8 bytes).
02-Feb-2015 22:44:17 GMT  Closed file root://xrootd.unl.edu//store/group/dpg_trigger/comm_trigger/L1TrackTrigger/620_SLHC10/Extended2023TTI/MinBias/MinBias_TuneZ2star_GEN_SIM_339.root
02-Feb-2015 22:44:17 GMT  Initiating request to open file root://xrootd.unl.edu//store/group/dpg_trigger/comm_trigger/L1TrackTrigger/620_SLHC10/Extended2023TTI/MinBias/MinBias_TuneZ2star_GEN_SIM_540.root
150202 22:44:18 26317 Xrd: CheckErrorStatus: Server [cms-xrd-global.cern.ch:1094] declared: session not found(error code: 3011)
02-Feb-2015 22:44:18 GMT  Successfully opened file root://xrootd.unl.edu//store/group/dpg_trigger/comm_trigger/L1TrackTrigger/620_SLHC10/Extended2023TTI/MinBias/MinBias_TuneZ2star_GEN_SIM_540.root
150202 22:44:39 30324 Xrd: XrdClientMessage::ReadRaw: Failed to read header (8 bytes).
02-Feb-2015 22:47:19 GMT  Closed file root://xrootd.unl.edu//store/group/dpg_trigger/comm_trigger/L1TrackTrigger/620_SLHC10/Extended2023TTI/MinBias/MinBias_TuneZ2star_GEN_SIM_540.root
02-Feb-2015 22:47:19 GMT  Initiating request to open file root://xrootd.unl.edu//store/group/dpg_trigger/comm_trigger/L1TrackTrigger/620_SLHC10/Extended2023TTI/MinBias/MinBias_TuneZ2star_GEN_SIM_877.root
02-Feb-2015 22:47:51 GMT  Successfully opened file root://xrootd.unl.edu//store/group/dpg_trigger/comm_trigger/L1TrackTrigger/620_SLHC10/Extended2023TTI/MinBias/MinBias_TuneZ2star_GEN_SIM_877.root
150202 22:49:40 12756 Xrd: XrdClientMessage::ReadRaw: Failed to read header (8 bytes).
02-Feb-2015 22:50:27 GMT  Closed file root://xrootd.unl.edu//store/group/dpg_trigger/comm_trigger/L1TrackTrigger/620_SLHC10/Extended2023TTI/MinBias/MinBias_TuneZ2star_GEN_SIM_877.root
02-Feb-2015 22:50:27 GMT  Initiating request to open file root://xrootd.unl.edu//store/group/dpg_trigger/comm_trigger/L1TrackTrigger/620_SLHC10/Extended2023TTI/MinBias/MinBias_TuneZ2star_GEN_SIM_188.root
02-Feb-2015 22:50:58 GMT  Successfully opened file root://xrootd.unl.edu//store/group/dpg_trigger/comm_trigger/L1TrackTrigger/620_SLHC10/Extended2023TTI/MinBias/MinBias_TuneZ2star_GEN_SIM_188.root
150202 22:52:40 26319 Xrd: XrdClientMessage::ReadRaw: Failed to read header (8 bytes).
02-Feb-2015 22:53:37 GMT  Closed file root://xrootd.unl.edu//store/group/dpg_trigger/comm_trigger/L1TrackTrigger/620_SLHC10/Extended2023TTI/MinBias/MinBias_TuneZ2star_GEN_SIM_188.root
02-Feb-2015 22:53:37 GMT  Initiating request to open file root://xrootd.unl.edu//store/group/dpg_trigger/comm_trigger/L1TrackTrigger/620_SLHC10/Extended2023TTI/MinBias/MinBias_TuneZ2star_GEN_SIM_191.root
02-Feb-2015 22:54:08 GMT  Successfully opened file root://xrootd.unl.edu//store/group/dpg_trigger/comm_trigger/L1TrackTrigger/620_SLHC10/Extended2023TTI/MinBias/MinBias_TuneZ2star_GEN_SIM_191.root
150202 22:55:40 607 Xrd: XrdClientMessage::ReadRaw: Failed to read header (8 bytes).
02-Feb-2015 22:57:52 GMT  Closed file root://xrootd.unl.edu//store/group/dpg_trigger/comm_trigger/L1TrackTrigger/620_SLHC10/Extended2023TTI/MinBias/MinBias_TuneZ2star_GEN_SIM_191.root
02-Feb-2015 22:57:52 GMT  Initiating request to open file root://xrootd.unl.edu//store/group/dpg_trigger/comm_trigger/L1TrackTrigger/620_SLHC10/Extended2023TTI/MinBias/MinBias_TuneZ2star_GEN_SIM_49.root
02-Feb-2015 22:58:23 GMT  Successfully opened file root://xrootd.unl.edu//store/group/dpg_trigger/comm_trigger/L1TrackTrigger/620_SLHC10/Extended2023TTI/MinBias/MinBias_TuneZ2star_GEN_SIM_49.root
150202 22:58:39 15799 Xrd: XrdClientMessage::ReadRaw: Failed to read header (8 bytes).
02-Feb-2015 23:01:18 GMT  Closed file root://xrootd.unl.edu//store/group/dpg_trigger/comm_trigger/L1TrackTrigger/620_SLHC10/Extended2023TTI/MinBias/MinBias_TuneZ2star_GEN_SIM_49.root
02-Feb-2015 23:01:18 GMT  Initiating request to open file root://xrootd.unl.edu//store/group/dpg_trigger/comm_trigger/L1TrackTrigger/620_SLHC10/Extended2023TTI/MinBias/MinBias_TuneZ2star_GEN_SIM_355.root
150202 23:01:49 6066 Xrd: CheckErrorStatus: Server [eoscms.cern.ch:1094] declared: session not found(error code: 3011)
02-Feb-2015 23:01:49 GMT  Successfully opened file root://xrootd.unl.edu//store/group/dpg_trigger/comm_trigger/L1TrackTrigger/620_SLHC10/Extended2023TTI/MinBias/MinBias_TuneZ2star_GEN_SIM_355.root
150202 23:03:09 24456 Xrd: XrdClientMessage::ReadRaw: Failed to read header (8 bytes).
02-Feb-2015 23:04:11 GMT  Closed file root://xrootd.unl.edu//store/group/dpg_trigger/comm_trigger/L1TrackTrigger/620_SLHC10/Extended2023TTI/MinBias/MinBias_TuneZ2star_GEN_SIM_355.root
02-Feb-2015 23:04:11 GMT  Initiating request to open file root://xrootd.unl.edu//store/group/dpg_trigger/comm_trigger/L1TrackTrigger/620_SLHC10/Extended2023TTI/MinBias/MinBias_TuneZ2star_GEN_SIM_250.root
02-Feb-2015 23:04:42 GMT  Successfully opened file root://xrootd.unl.edu//store/group/dpg_trigger/comm_trigger/L1TrackTrigger/620_SLHC10/Extended2023TTI/MinBias/MinBias_TuneZ2star_GEN_SIM_250.root
02-Feb-2015 23:06:15 GMT  Closed file root://dcap.pp.rl.ac.uk:1094/pnfs/pp.rl.ac.uk/data/cms/store/user/dcieri/ttbar_SIM/ttbar/ttbar_SIM/150129_145223/0000/step1_133.root
02-Feb-2015 23:06:16 GMT  Closed file root://xrootd.unl.edu//store/group/dpg_trigger/comm_trigger/L1TrackTrigger/620_SLHC10/Extended2023TTI/MinBias/MinBias_TuneZ2star_GEN_SIM_250.root

=============================================

MessageLogger Summary

 type     category        sev    module        subroutine        count    total
 ---- -------------------- -- ---------------- ----------------  -----    -----
    1 fileAction           -s MixingModule:mix                      69       69
    2 fileAction           -s MixingModule:mix                       2        2
    3 fileAction           -s MixingModule:mix                       1        1
    4 fileAction           -s file_close                             1        1
    5 fileAction           -s file_open                              2        2

 type    category    Examples: run/evt        run/evt          run/evt
 ---- -------------------- ---------------- ---------------- ----------------
    1 fileAction           1/1321           1/1321           1/1330
    2 fileAction           pre-events       pre-events       
    3 fileAction           PostEndRun                        
    4 fileAction           PostEndRun                        
    5 fileAction           pre-events       pre-events       

Severity    # Occurrences   Total Occurrences
--------    -------------   -----------------
System                 75                  75
>>> END OF printout of 222 lines from stdout+stderr
>>> Parse FrameworkJobReport crab_fjr.xml
Result of parsing the FrameworkJobReport crab_fjr.xml: 
Extracted ExitStatus from FrameworkJobReport parsing output: 0
>>> Executable succeded  0
ExeExitCode=0
EXECUTABLE_EXIT_STATUS = 0
>>> current directory /scratch/condor/dir_28172/glide_GSwGI1/execute/dir_11006/CMSSW_6_2_0_SLHC12
>>>  (SOFTWARE_DIR): /scratch/condor/dir_28172/glide_GSwGI1/execute/dir_11006/CMSSW_6_2_0_SLHC12
>>> (WORKING_DIR): 
>>> current directory content:
total 240688
drwxr-xr-x 3 cms415 gplcms      4096 Feb  2 20:04 .SCRAM
-rw------- 1 cms415 gplcms    915837 Feb  2 20:04 CMSSW.py.pkl
drwxr-xr-x 3 cms415 gplcms      4096 Feb  2 20:04 bin
drwxr-xr-x 3 cms415 gplcms      4096 Feb  2 20:04 cfipython
drwxr-xr-x 4 cms415 gplcms      4096 Apr 28  2014 config
-rw------- 1 cms415 gplcms        16 Feb  2 23:06 cpu_timing.txt
drwxr-xr-x 2 cms415 gplcms      4096 Feb  2 20:04 doc
-rw------- 1 cms415 gplcms     24998 Feb  2 23:06 executable.out
drwxr-xr-x 2 cms415 gplcms      4096 Feb  2 20:04 include
drwx------ 3 cms415 gplcms      4096 Oct  7 10:12 lib
drwxr-xr-x 3 cms415 gplcms      4096 Feb  2 20:04 logs
drwxr-xr-x 3 cms415 gplcms      4096 Feb  2 20:04 objs
-rw------- 1 cms415 gplcms       104 Feb  2 20:05 pset.py
-rw------- 1 cms415 gplcms    926825 Feb  2 20:05 pset.py.pkl
-rw------- 1 cms415 gplcms       289 Feb  2 20:04 pset.pyc
drwxr-xr-x 2 cms415 gplcms      4096 Feb  2 20:04 python
-rw------- 1 cms415 gplcms       359 Feb  2 23:06 report.log
drwxr-xr-x 2 cms415 gplcms      4096 Feb  2 20:04 src
-rw------- 1 cms415 gplcms 244264546 Feb  2 23:06 step2.root
drwxr-xr-x 3 cms415 gplcms      4096 Feb  2 20:04 test
drwxr-xr-x 3 cms415 gplcms      4096 Feb  2 20:04 tmp
>>> current directory /scratch/condor/dir_28172/glide_GSwGI1/execute/dir_11006/CMSSW_6_2_0_SLHC12
>>> (SOFTWARE_DIR): /scratch/condor/dir_28172/glide_GSwGI1/execute/dir_11006/CMSSW_6_2_0_SLHC12
>>> (WORKING_DIR): 
>>> current directory content:
total 240688
drwxr-xr-x 3 cms415 gplcms      4096 Feb  2 20:04 .SCRAM
-rw------- 1 cms415 gplcms    915837 Feb  2 20:04 CMSSW.py.pkl
drwxr-xr-x 3 cms415 gplcms      4096 Feb  2 20:04 bin
drwxr-xr-x 3 cms415 gplcms      4096 Feb  2 20:04 cfipython
drwxr-xr-x 4 cms415 gplcms      4096 Apr 28  2014 config
-rw------- 1 cms415 gplcms        16 Feb  2 23:06 cpu_timing.txt
drwxr-xr-x 2 cms415 gplcms      4096 Feb  2 20:04 doc
-rw------- 1 cms415 gplcms     24998 Feb  2 23:06 executable.out
drwxr-xr-x 2 cms415 gplcms      4096 Feb  2 20:04 include
drwx------ 3 cms415 gplcms      4096 Oct  7 10:12 lib
drwxr-xr-x 3 cms415 gplcms      4096 Feb  2 20:04 logs
drwxr-xr-x 3 cms415 gplcms      4096 Feb  2 20:04 objs
-rw------- 1 cms415 gplcms       104 Feb  2 20:05 pset.py
-rw------- 1 cms415 gplcms    926825 Feb  2 20:05 pset.py.pkl
-rw------- 1 cms415 gplcms       289 Feb  2 20:04 pset.pyc
drwxr-xr-x 2 cms415 gplcms      4096 Feb  2 20:04 python
-rw------- 1 cms415 gplcms       359 Feb  2 23:06 report.log
drwxr-xr-x 2 cms415 gplcms      4096 Feb  2 20:04 src
-rw------- 1 cms415 gplcms 244264546 Feb  2 23:06 step2_162_1_oYP.root
drwxr-xr-x 3 cms415 gplcms      4096 Feb  2 20:04 test
drwxr-xr-x 3 cms415 gplcms      4096 Feb  2 20:04 tmp
>>> current directory (RUNTIME_AREA):  /scratch/condor/dir_28172/glide_GSwGI1/execute/dir_11006
PNN = T2_UK_SGrid_RALPP
SE = heplnx204.pp.rl.ac.uk
SE_PATH = /srm/managerv2?SFN=/pnfs/pp.rl.ac.uk/data/cms/store/user/dcieri/ttbar_PU140_DIGI/dcieri/ttbar/ttbar_PU140_DIGI/3c0380cf82de79bc39966c93934c61fc/
LFNBaseName = /store/user/dcieri/ttbar_PU140_DIGI/dcieri/ttbar/ttbar_PU140_DIGI/3c0380cf82de79bc39966c93934c61fc/
USER = dcieri
endpoint = srm://heplnx204.pp.rl.ac.uk:8443/srm/managerv2?SFN=/pnfs/pp.rl.ac.uk/data/cms/store/user/dcieri/ttbar_PU140_DIGI/dcieri/ttbar/ttbar_PU140_DIGI/3c0380cf82de79bc39966c93934c61fc/
>>> Copy output files from WN = heplnc066.pp.rl.ac.uk to /srm/managerv2?SFN=/pnfs/pp.rl.ac.uk/data/cms/store/user/dcieri/ttbar_PU140_DIGI/dcieri/ttbar/ttbar_PU140_DIGI/3c0380cf82de79bc39966c93934c61fc/ :
python cmscp.py  --destination srm://heplnx204.pp.rl.ac.uk:8443/srm/managerv2?SFN=/pnfs/pp.rl.ac.uk/data/cms/store/user/dcieri/ttbar_PU140_DIGI/dcieri/ttbar/ttbar_PU140_DIGI/3c0380cf82de79bc39966c93934c61fc/ --inputFileList /scratch/condor/dir_28172/glide_GSwGI1/execute/dir_11006/CMSSW_6_2_0_SLHC12/step2_162_1_oYP.root --middleware LCG --PNN T2_UK_SGrid_RALPP --se_name heplnx204.pp.rl.ac.uk --for_lfn /store/user/dcieri/ttbar_PU140_DIGI/dcieri/ttbar/ttbar_PU140_DIGI/3c0380cf82de79bc39966c93934c61fc/    
******************************************************
localSeName  =  heplnx204.pp.rl.ac.uk
remoteSeName =  heplnx204.pp.rl.ac.uk
******************************************************
{"/scratch/condor/dir_28172/glide_GSwGI1/execute/dir_11006/CMSSW_6_2_0_SLHC12/step2_162_1_oYP.root": {"endpoint": "srm://heplnx204.pp.rl.ac.uk:8443/srm/managerv2?SFN=/pnfs/pp.rl.ac.uk/data/cms/store/user/dcieri/ttbar_PU140_DIGI/dcieri/ttbar/ttbar_PU140_DIGI/3c0380cf82de79bc39966c93934c61fc/", "surl_for_grid": "", "reason": "Copy succedeed with srm-lcg utils", "erCode": "0", "PNN": "T2_UK_SGrid_RALPP", "se_name": "heplnx204.pp.rl.ac.uk", "for_lfn": "/store/user/dcieri/ttbar_PU140_DIGI/dcieri/ttbar/ttbar_PU140_DIGI/3c0380cf82de79bc39966c93934c61fc/"}}/scratch/condor/dir_28172/glide_GSwGI1/execute/dir_11006
-------- cat /scratch/condor/dir_28172/glide_GSwGI1/execute/dir_11006/cmscpReport.sh 
#!/bin/bash
echo "Report for File: /scratch/condor/dir_28172/glide_GSwGI1/execute/dir_11006/CMSSW_6_2_0_SLHC12/step2_162_1_oYP.root"
echo "LFN: /store/user/dcieri/ttbar_PU140_DIGI/dcieri/ttbar/ttbar_PU140_DIGI/3c0380cf82de79bc39966c93934c61fc/step2_162_1_oYP.root"
echo "StorageElement: heplnx204.pp.rl.ac.uk"
echo "StageOutExitStatusReason = 'Copy succedeed with srm-lcg utils'" | tee -a $RUNTIME_AREA/$repo
echo "StageOutSE = heplnx204.pp.rl.ac.uk" >> $RUNTIME_AREA/$repo

export StageOutExitStatus=0
echo "StageOutExitStatus = 0" | tee -a $RUNTIME_AREA/$repo
-------- end of /scratch/condor/dir_28172/glide_GSwGI1/execute/dir_11006/cmscpReport.sh 
Report for File: /scratch/condor/dir_28172/glide_GSwGI1/execute/dir_11006/CMSSW_6_2_0_SLHC12/step2_162_1_oYP.root
LFN: /store/user/dcieri/ttbar_PU140_DIGI/dcieri/ttbar/ttbar_PU140_DIGI/3c0380cf82de79bc39966c93934c61fc/step2_162_1_oYP.root
StorageElement: heplnx204.pp.rl.ac.uk
StageOutExitStatusReason = 'Copy succedeed with srm-lcg utils'
StageOutExitStatus = 0
>>> current dir: /scratch/condor/dir_28172/glide_GSwGI1/execute/dir_11006
>>> current dir content:
total 8828
-rw-------  1 cms415 gplcms    2734 Feb  2 23:07 .SEinteraction.log
-rwx------  1 cms415 gplcms      52 Feb  2 20:04 .chirp_config
-rwx------  1 cms415 gplcms    7820 Feb  2 20:04 .job.ad
-rwx------  1 cms415 gplcms    9809 Feb  2 20:04 .machine.ad
-rw-------  1 cms415 gplcms     105 Feb  2 12:16 CMSSW.py
-rw-------  1 cms415 gplcms  915837 Feb  2 12:16 CMSSW.py.pkl
-rwx------  1 cms415 gplcms   29498 Feb  2 20:04 CMSSW.sh
drwxr-xr-x 15 cms415 gplcms    4096 Feb  2 23:06 CMSSW_6_2_0_SLHC12
-rw-------  1 cms415 gplcms     190 Feb  2 20:04 CacheEnv.sh
-rw-------  1 cms415 gplcms    7291 Nov 19 14:52 DashboardAPI.py
-rw-------  1 cms415 gplcms    6470 Feb  2 20:04 DashboardAPI.pyc
drwx------  2 cms415 gplcms    4096 Feb  2 23:06 IMProv
-rw-------  1 cms415 gplcms    2748 Nov 19 14:52 Logger.py
-rw-------  1 cms415 gplcms    3232 Feb  2 20:04 Logger.pyc
-rw-------  1 cms415 gplcms   24524 Nov 19 14:52 ProcInfo.py
-rw-------  1 cms415 gplcms   22645 Feb  2 20:04 ProcInfo.pyc
drwx------  7 cms415 gplcms    4096 Feb  2 20:04 ProdCommon
drwx------  3 cms415 gplcms    4096 Feb  2 20:04 WMCore
-rw-------  1 cms415 gplcms   13883 Feb  2 23:06 Watchdog_162.log
-rwx------  1 cms415 gplcms       0 Feb  2 20:04 _condor_stderr
-rwx---r--  1 cms415 gplcms   39773 Feb  2 23:07 _condor_stdout
-rw-------  1 cms415 gplcms   32895 Nov 19 14:52 apmon.py
-rw-------  1 cms415 gplcms   27958 Feb  2 20:04 apmon.pyc
-rwx------  1 cms415 gplcms  134309 Feb  2 20:04 arguments.xml
-rwx------  1 cms415 gplcms   38581 Nov 19 14:52 cmscp.py
-rw-------  1 cms415 gplcms     562 Feb  2 23:07 cmscpReport.sh
-rwx------  1 cms415 gplcms   29498 Feb  2 20:04 condor_exec.exe
-rw-------  1 cms415 gplcms     544 Feb  2 12:16 crab.cfg
-rwx------  1 cms415 gplcms    8610 Nov 19 14:52 crabWatchdog.sh
-rwx---r--  1 cms415 gplcms  112107 Feb  2 23:06 crab_fjr_162.xml
-rwx------  1 cms415 gplcms 7390485 Feb  2 20:04 default.tgz
-rwx------  1 cms415 gplcms    4488 Nov 19 14:52 fillCrabFjr.py
-rw-------  1 cms415 gplcms     226 Feb  2 20:04 inputsReport.txt
-rw-------  1 cms415 gplcms     245 Feb  2 23:07 jobreport.txt
-rw-------  1 cms415 gplcms   17352 Nov 19 14:52 parseCrabFjr.py
-rw-------  1 cms415 gplcms     324 Feb  2 20:04 report.log
-rwx--x--x  1 cms415 gplcms    1497 Nov 19 14:52 report.py
-rw-------  1 cms415 gplcms     555 Feb  2 23:07 resultCopyFile
lrwxrwxrwx  1 cms415 gplcms      96 Feb  2 23:06 step2.root -> /scratch/condor/dir_28172/glide_GSwGI1/execute/dir_11006/CMSSW_6_2_0_SLHC12/step2_162_1_oYP.root
-rwx------  1 cms415 gplcms    8351 Nov 19 14:52 writeCfg.py
-rw-------  1 cms415 gplcms   10293 Feb  2 20:04 x509up_u62281
>>> Modify Job Report:
CMSSW_VERSION = CMSSW_6_2_0_SLHC12
ProcessedDataset = ttbar_PU140_DIGI
/scratch/condor/dir_28172/glide_GSwGI1/execute/dir_11006/ProdCommon/FwkJobRep/ModifyJobReport.py fjr /scratch/condor/dir_28172/glide_GSwGI1/execute/dir_11006/crab_fjr_162.xml json /scratch/condor/dir_28172/glide_GSwGI1/execute/dir_11006/resultCopyFile n_job 162_1_oYP PrimaryDataset ttbar  ApplicationFamily cmsRun ApplicationName cmsRun cmssw_version CMSSW_6_2_0_SLHC12 psethash 3c0380cf82de79bc39966c93934c61fc UserProcessedDataset dcieri-ttbar_PU140_DIGI-3c0380cf82de79bc39966c93934c61fc
inputDict =  {u'/scratch/condor/dir_28172/glide_GSwGI1/execute/dir_11006/CMSSW_6_2_0_SLHC12/step2_162_1_oYP.root': {u'endpoint': u'srm://heplnx204.pp.rl.ac.uk:8443/srm/managerv2?SFN=/pnfs/pp.rl.ac.uk/data/cms/store/user/dcieri/ttbar_PU140_DIGI/dcieri/ttbar/ttbar_PU140_DIGI/3c0380cf82de79bc39966c93934c61fc/', u'surl_for_grid': u'', u'reason': u'Copy succedeed with srm-lcg utils', u'erCode': u'0', u'PNN': u'T2_UK_SGrid_RALPP', u'se_name': u'heplnx204.pp.rl.ac.uk', u'for_lfn': u'/store/user/dcieri/ttbar_PU140_DIGI/dcieri/ttbar/ttbar_PU140_DIGI/3c0380cf82de79bc39966c93934c61fc/'}}
UserProcessedDataset =  dcieri-ttbar_PU140_DIGI-3c0380cf82de79bc39966c93934c61fc
WORKING ON EDM FILE
file_name in inputDict =  /scratch/condor/dir_28172/glide_GSwGI1/execute/dir_11006/CMSSW_6_2_0_SLHC12/step2_162_1_oYP.root
(size) os.stat(filename)[6] =  244264546
checksum =  3363351065
    file =  step2_162_1_oYP.root
    newPfn =  srm://heplnx204.pp.rl.ac.uk:8443/srm/managerv2?SFN=/pnfs/pp.rl.ac.uk/data/cms/store/user/dcieri/ttbar_PU140_DIGI/dcieri/ttbar/ttbar_PU140_DIGI/3c0380cf82de79bc39966c93934c61fc/step2_162_1_oYP.root
    newLfn =  /store/user/dcieri/ttbar_PU140_DIGI/dcieri/ttbar/ttbar_PU140_DIGI/3c0380cf82de79bc39966c93934c61fc/step2_162_1_oYP.root
>>> crab_fjr_*.xml  permission set to 0704
CrabWrapper EXIT_FUNC entered at Mon Feb  2 23:07:10 GMT 2015   -  Mon Feb  2 23:07:10 UTC 2015
Checking output files:  
will tar file crab_fjr_162.xml in  out_files_162
WARNING: output file CMSSW_162.stdout not found!
WARNING: output file CMSSW_162.stderr not found!
WARNING: output file Watchdog_162.log.gz not found!
>>> padding time: Wrapper lasting more than 600 seconds. No sleep required.
STOPPING WATCHDOG. CrabWatchdog PID is 14505
********** LAST 50 LINES OF WATCHDOG LOG
 Feb 02 20:58:14 GMT	14995	1035992	1640204	72	132	3197	cmsRun -j /scratch/condor/dir_28172/glide_GSwGI1/execute/dir_11006/crab_fjr_162.xml -p pset.py      
 Feb 02 20:59:15 GMT	14995	1042256	1645324	72	134	3257	cmsRun -j /scratch/condor/dir_28172/glide_GSwGI1/execute/dir_11006/crab_fjr_162.xml -p pset.py      
 Feb 02 21:01:15 GMT	14995	1130788	1655308	72	141	3377	cmsRun -j /scratch/condor/dir_28172/glide_GSwGI1/execute/dir_11006/crab_fjr_162.xml -p pset.py      
 Feb 02 21:02:15 GMT	14995	1174324	1687052	72	145	3438	cmsRun -j /scratch/condor/dir_28172/glide_GSwGI1/execute/dir_11006/crab_fjr_162.xml -p pset.py      
 Feb 02 21:03:16 GMT	14995	1176944	1687820	72	147	3498	cmsRun -j /scratch/condor/dir_28172/glide_GSwGI1/execute/dir_11006/crab_fjr_162.xml -p pset.py      
 Feb 02 21:04:16 GMT	14995	1178668	1691404	72	150	3558	cmsRun -j /scratch/condor/dir_28172/glide_GSwGI1/execute/dir_11006/crab_fjr_162.xml -p pset.py      
 Feb 02 21:05:16 GMT	14995	1183556	1692940	72	153	3618	cmsRun -j /scratch/condor/dir_28172/glide_GSwGI1/execute/dir_11006/crab_fjr_162.xml -p pset.py      
 Feb 02 21:06:17 GMT	14995	1183556	1752332	72	168	3680	cmsRun -j /scratch/condor/dir_28172/glide_GSwGI1/execute/dir_11006/crab_fjr_162.xml -p pset.py      
 Feb 02 21:06:17 GMT	---	1183556	1752332	96	----	----	----
 Feb 02 21:17:22 GMT	14995	1183556	1754124	96	187	4344	cmsRun -j /scratch/condor/dir_28172/glide_GSwGI1/execute/dir_11006/crab_fjr_162.xml -p pset.py      
 Feb 02 21:18:22 GMT	14995	1183556	1755916	96	189	4405	cmsRun -j /scratch/condor/dir_28172/glide_GSwGI1/execute/dir_11006/crab_fjr_162.xml -p pset.py      
 Feb 02 21:19:23 GMT	14995	1183556	1761548	96	192	4465	cmsRun -j /scratch/condor/dir_28172/glide_GSwGI1/execute/dir_11006/crab_fjr_162.xml -p pset.py      
 Feb 02 21:20:23 GMT	14995	1183556	1762060	96	194	4525	cmsRun -j /scratch/condor/dir_28172/glide_GSwGI1/execute/dir_11006/crab_fjr_162.xml -p pset.py      
 Feb 02 21:22:24 GMT	14995	1183556	1765388	96	197	4646	cmsRun -j /scratch/condor/dir_28172/glide_GSwGI1/execute/dir_11006/crab_fjr_162.xml -p pset.py      
 Feb 02 21:23:24 GMT	14995	1183556	1768972	96	200	4706	cmsRun -j /scratch/condor/dir_28172/glide_GSwGI1/execute/dir_11006/crab_fjr_162.xml -p pset.py      
# TIME			PID	RSS(KB)	VSZ(KB)	Dsk(MB)	tCPU(s)	tWALL(s)	COMMAND
 Feb 02 21:24:24 GMT	14995	1261136	1782796	96	206	4767	cmsRun -j /scratch/condor/dir_28172/glide_GSwGI1/execute/dir_11006/crab_fjr_162.xml -p pset.py      
 Feb 02 21:25:25 GMT	14995	1321632	1787148	96	211	4827	cmsRun -j /scratch/condor/dir_28172/glide_GSwGI1/execute/dir_11006/crab_fjr_162.xml -p pset.py      
 Feb 02 21:26:25 GMT	14995	1325860	1787148	96	213	4887	cmsRun -j /scratch/condor/dir_28172/glide_GSwGI1/execute/dir_11006/crab_fjr_162.xml -p pset.py      
 Feb 02 21:27:25 GMT	14995	1330656	1787148	96	215	4948	cmsRun -j /scratch/condor/dir_28172/glide_GSwGI1/execute/dir_11006/crab_fjr_162.xml -p pset.py      
 Feb 02 21:28:26 GMT	14995	1334308	1787148	96	217	5008	cmsRun -j /scratch/condor/dir_28172/glide_GSwGI1/execute/dir_11006/crab_fjr_162.xml -p pset.py      
 Feb 02 21:29:26 GMT	---	1334308	1787148	118	----	----	----
 Feb 02 21:46:30 GMT	14995	1334308	1795084	118	272	6093	cmsRun -j /scratch/condor/dir_28172/glide_GSwGI1/execute/dir_11006/crab_fjr_162.xml -p pset.py      
 Feb 02 21:48:31 GMT	14995	1334308	1797388	118	277	6213	cmsRun -j /scratch/condor/dir_28172/glide_GSwGI1/execute/dir_11006/crab_fjr_162.xml -p pset.py      
 Feb 02 21:50:32 GMT	---	1334308	1797388	140	----	----	----
 Feb 02 21:51:32 GMT	14995	1334308	1798156	140	295	6394	cmsRun -j /scratch/condor/dir_28172/glide_GSwGI1/execute/dir_11006/crab_fjr_162.xml -p pset.py      
 Feb 02 21:52:32 GMT	14995	1334308	1799436	140	296	6454	cmsRun -j /scratch/condor/dir_28172/glide_GSwGI1/execute/dir_11006/crab_fjr_162.xml -p pset.py      
 Feb 02 21:53:32 GMT	14995	1334308	1801740	140	298	6515	cmsRun -j /scratch/condor/dir_28172/glide_GSwGI1/execute/dir_11006/crab_fjr_162.xml -p pset.py      
 Feb 02 22:00:34 GMT	14995	1334308	1804556	140	314	6936	cmsRun -j /scratch/condor/dir_28172/glide_GSwGI1/execute/dir_11006/crab_fjr_162.xml -p pset.py      
 Feb 02 22:01:35 GMT	14995	1334308	1810956	140	315	6997	cmsRun -j /scratch/condor/dir_28172/glide_GSwGI1/execute/dir_11006/crab_fjr_162.xml -p pset.py      
 Feb 02 22:03:35 GMT	14995	1334308	1814284	140	319	7117	cmsRun -j /scratch/condor/dir_28172/glide_GSwGI1/execute/dir_11006/crab_fjr_162.xml -p pset.py      
 Feb 02 22:05:36 GMT	14995	1334308	1830924	140	332	7238	cmsRun -j /scratch/condor/dir_28172/glide_GSwGI1/execute/dir_11006/crab_fjr_162.xml -p pset.py      
 Feb 02 22:12:37 GMT	14995	1334308	1836300	140	340	7660	cmsRun -j /scratch/condor/dir_28172/glide_GSwGI1/execute/dir_11006/crab_fjr_162.xml -p pset.py      
 Feb 02 22:13:38 GMT	---	1334308	1836300	160	----	----	----
 Feb 02 22:31:44 GMT	14995	1472916	1910540	160	414	8825	cmsRun -j /scratch/condor/dir_28172/glide_GSwGI1/execute/dir_11006/crab_fjr_162.xml -p pset.py      
 Feb 02 22:31:44 GMT	---	1472916	1910540	161	----	----	----
 Feb 02 22:33:03 GMT	---	1472916	1910540	182	----	----	----
 Feb 02 22:44:07 GMT	---	1472916	1910540	204	----	----	----
 Feb 02 22:49:08 GMT	14995	1472916	1917708	204	529	9850	cmsRun -j /scratch/condor/dir_28172/glide_GSwGI1/execute/dir_11006/crab_fjr_162.xml -p pset.py      
 Feb 02 22:50:08 GMT	14995	1472916	1930764	204	541	9911	cmsRun -j /scratch/condor/dir_28172/glide_GSwGI1/execute/dir_11006/crab_fjr_162.xml -p pset.py      
 Feb 02 22:51:09 GMT	14995	1472916	1959692	204	548	9971	cmsRun -j /scratch/condor/dir_28172/glide_GSwGI1/execute/dir_11006/crab_fjr_162.xml -p pset.py      
 Feb 02 22:52:09 GMT	---	1472916	1959692	226	----	----	----
 Feb 02 22:59:11 GMT	14995	1472916	1975308	226	622	10454	cmsRun -j /scratch/condor/dir_28172/glide_GSwGI1/execute/dir_11006/crab_fjr_162.xml -p pset.py      
 Feb 02 23:00:12 GMT	---	1472916	1975308	250	----	----	----
 Feb 02 23:01:12 GMT	14995	1472916	1977356	250	654	10574	cmsRun -j /scratch/condor/dir_28172/glide_GSwGI1/execute/dir_11006/crab_fjr_162.xml -p pset.py      
 Feb 02 23:02:12 GMT	14995	1472916	1979148	250	659	10635	cmsRun -j /scratch/condor/dir_28172/glide_GSwGI1/execute/dir_11006/crab_fjr_162.xml -p pset.py      
# TIME			PID	RSS(KB)	VSZ(KB)	Dsk(MB)	tCPU(s)	tWALL(s)	COMMAND
 Feb 02 23:03:13 GMT	14995	1472916	1987084	250	670	10696	cmsRun -j /scratch/condor/dir_28172/glide_GSwGI1/execute/dir_11006/crab_fjr_162.xml -p pset.py      
 Feb 02 23:05:14 GMT	14995	1472916	2020364	250	696	10817	cmsRun -j /scratch/condor/dir_28172/glide_GSwGI1/execute/dir_11006/crab_fjr_162.xml -p pset.py      
 Feb 02 23:06:15 GMT	---	1472916	2020364	271	----	----	----
********** WATCHDOG LOG ENDED
ZIPPING WATCHDOG LOG
Disk space used:
du -sh /scratch/condor/dir_28172/glide_GSwGI1/execute/dir_11006
271M	/scratch/condor/dir_28172/glide_GSwGI1/execute/dir_11006
Found unusual stdout, rename for OSB
`/scratch/condor/dir_28172/glide_GSwGI1/execute/dir_11006/_condor_stdout' -> `CMSSW_162.stdout'
Found unusual stderr, rename for OSB
`/scratch/condor/dir_28172/glide_GSwGI1/execute/dir_11006/_condor_stdout' -> `CMSSW_162.stderr'
crab_fjr_162.xml
CMSSW_162.stdout
CMSSW_162.stderr
Watchdog_162.log.gz
Total Output dimension: 24776
WARNING: output files size limit is set to: 50000000
Total Output dimension 24776 is fine.
JOB_EXIT_STATUS = 0
>>> info for dashboard:
***** Cat /scratch/condor/dir_28172/glide_GSwGI1/execute/dir_11006/jobreport.txt *****
MonitorJobID=162_https://submit-6.t2.ucsd.edu//150202//509447.161
MonitorID=dcieri_PU140_4dm08r
ExeTime=10876
ExeExitCode=0
StageOutExitStatusReason = 'Copy succedeed with srm-lcg utils'
StageOutSE = heplnx204.pp.rl.ac.uk
StageOutExitStatus = 0
CrabUserCpuTime=692.24
CrabSysCpuTime=25.03
CrabCpuPercentage=6%
CrabWrapperTime=10935
CrabStageoutTime=48
JobExitCode=0
***** End Cat jobreport *****
Parameters sent to Dashboard.
EXITING at Mon Feb  2 23:07:12 GMT 2015  -  Mon Feb  2 23:07:12 UTC 2015
