This script was generated by crab (version 2.11.1_patch1).
Running /scratch/condor/dir_8438/glide_Wn4gGX/execute/dir_670/condor_exec.exe with 2 positional parameters: 373 1
Today is Mon Feb  2 20:40:31 GMT 2015 - Mon Feb  2 20:40:31 UTC 2015
Job submitted on host heplnc053.pp.rl.ac.uk
Linux heplnc053.pp.rl.ac.uk 2.6.32-504.3.3.el6.x86_64 #1 SMP Tue Dec 16 14:29:22 CST 2014 x86_64 x86_64 x86_64 GNU/Linux
Distributor ID:	Scientific
Description:	Scientific Linux release 6.6 (Carbon)
>>> current directory (RUNTIME_AREA): /scratch/condor/dir_8438/glide_Wn4gGX/execute/dir_670
>>> current user: uid=157415(cms415) gid=157000(gplcms) groups=157000(gplcms)
>>> directory permission set to 0700
>>> umask set to:  u=rwx,g=,o=
>>> stdout stderr permission set to 0704
>>> voms proxy information:
subject   : /DC=ch/DC=cern/OU=Organic Units/OU=Users/CN=dcieri/CN=755391/CN=Davide Cieri/CN=769881070/CN=16089194
issuer    : /DC=ch/DC=cern/OU=Organic Units/OU=Users/CN=dcieri/CN=755391/CN=Davide Cieri/CN=769881070
identity  : /DC=ch/DC=cern/OU=Organic Units/OU=Users/CN=dcieri/CN=755391/CN=Davide Cieri
type      : RFC3820 compliant limited proxy
strength  : 1024
path      : /scratch/condor/dir_8438/glide_Wn4gGX/execute/dir_670/x509up_u62281
timeleft  : 23:57:35
key usage : Digital Signature, Key Encipherment
=== VO cms extension information ===
VO        : cms
subject   : /DC=ch/DC=cern/OU=Organic Units/OU=Users/CN=dcieri/CN=755391/CN=Davide Cieri
issuer    : /DC=ch/DC=cern/OU=computers/CN=lcg-voms2.cern.ch
attribute : /cms/Role=NULL/Capability=NULL
timeleft  : 183:35:53
uri       : lcg-voms2.cern.ch:15002

WNHostName=heplnc053.pp.rl.ac.uk
$_CONDOR_JOB_AD =/scratch/condor/dir_8438/glide_Wn4gGX/execute/dir_670/.job.ad
OverflowFlag=0
>>> tar --no-same-permissions -xf /scratch/condor/dir_8438/glide_Wn4gGX/execute/dir_670/default.tgz :
Successful untar
>>> Include /scratch/condor/dir_8438/glide_Wn4gGX/execute/dir_670 in PYTHONPATH:
strip arguments
env var CRAB_UNIQUE_JOB_ID set to: dcieri_PU140_4dm08r_373_1_qxS
out_files_373
>>> list of expected files on output sandbox
output files: crab_fjr_373.xml CMSSW_373.stdout CMSSW_373.stderr Watchdog_373.log.gz
>>> GridFlavour discovery: 
GridFlavour=LCG
>>> SyncSite discovery: 
SyncSite=T2_UK_SGrid_RALPP
>>> SyncCE discovery: 
getting SyncCE from GLIDEIN_Gaekeeper
SyncCE=heplnv146.pp.rl.ac.uk
>>> info for dashboard:
***** Cat /scratch/condor/dir_8438/glide_Wn4gGX/execute/dir_670/jobreport.txt *****
WNHostName=heplnc053.pp.rl.ac.uk
OverflowFlag=0
MonitorJobID=373_https://submit-6.t2.ucsd.edu//150202//509447.372
SyncGridJobId=https://submit-6.t2.ucsd.edu//150202//509447.372
MonitorID=dcieri_PU140_4dm08r
GridFlavour=LCG
SyncSite=T2_UK_SGrid_RALPP
SyncCE=heplnv146.pp.rl.ac.uk
***** End Cat jobreport *****
Parameters sent to Dashboard.
>>> setup environment
set SCRAM ARCH to slc6_amd64_gcc472
SCRAM_ARCH = slc6_amd64_gcc472
>>> setup CMS LCG environment:
set SCRAM ARCH and BUILD_ARCH to slc6_amd64_gcc472 ###
Sourcing environment... 
sourcing /cvmfs/cms.cern.ch/cmsset_default.sh
==> setup cms environment ok
>>> specific cmssw setup environment:
CMSSW_VERSION =  CMSSW_6_2_0_SLHC12
WARNING: In non-interactive mode release checks e.g. deprecated releases, production architectures are disabled.
>>> current directory (SOFTWARE_DIR): /scratch/condor/dir_8438/glide_Wn4gGX/execute/dir_670/CMSSW_6_2_0_SLHC12
PreserveSeeds: <>
IncrementSeeds:<>
>>> info for dashboard:
***** Cat /scratch/condor/dir_8438/glide_Wn4gGX/execute/dir_670/jobreport.txt *****
MonitorJobID=373_https://submit-6.t2.ucsd.edu//150202//509447.372
MonitorID=dcieri_PU140_4dm08r
***** End Cat jobreport *****
Parameters sent to Dashboard.
crabWatchdog started as process 3477
>>> moving CMSSW software directories in /scratch/condor/dir_8438/glide_Wn4gGX/execute/dir_670/CMSSW_6_2_0_SLHC12
mv: cannot stat `/scratch/condor/dir_8438/glide_Wn4gGX/execute/dir_670/module/': No such file or directory
>>> Include /scratch/condor/dir_8438/glide_Wn4gGX/execute/dir_670 in PYTHONPATH:
PYTHONPATH=/scratch/condor/dir_8438/glide_Wn4gGX/execute/dir_670/:/scratch/condor/dir_8438/glide_Wn4gGX/execute/dir_670/CMSSW_6_2_0_SLHC12/python:/scratch/condor/dir_8438/glide_Wn4gGX/execute/dir_670/CMSSW_6_2_0_SLHC12/lib/slc6_amd64_gcc472:/cvmfs/cms.cern.ch/slc6_amd64_gcc472/cms/cmssw/CMSSW_6_2_0_SLHC12/python:/cvmfs/cms.cern.ch/slc6_amd64_gcc472/cms/cmssw/CMSSW_6_2_0_SLHC12/lib/slc6_amd64_gcc472:/cvmfs/cms.cern.ch/slc6_amd64_gcc472/cms/coral/CORAL_2_3_21-cms35/slc6_amd64_gcc472/python:/cvmfs/cms.cern.ch/slc6_amd64_gcc472/cms/coral/CORAL_2_3_21-cms35/slc6_amd64_gcc472/lib:/cvmfs/cms.cern.ch/slc6_amd64_gcc472/external/python-ldap/2.3.5-cms5/lib/python2.7/site-packages:/cvmfs/cms.cern.ch/slc6_amd64_gcc472/external/pyqt/4.8.1-cms5/lib/python2.7/site-packages:/cvmfs/cms.cern.ch/slc6_amd64_gcc472/external/py2-scipy/0.8.0-cms7/lib/python2.7/site-packages:/cvmfs/cms.cern.ch/slc6_amd64_gcc472/external/py2-matplotlib/1.0.1-cms7/lib/python2.7/site-packages:/cvmfs/cms.cern.ch/slc6_amd64_gcc472/external/sip/4.11.2-cms5/lib/python2.7/site-packages:/cvmfs/cms.cern.ch/slc6_amd64_gcc472/external/py2-pycurl/7.19.0-cms7/lib/python2.7/site-packages:/cvmfs/cms.cern.ch/slc6_amd64_gcc472/external/py2-numpy/1.6.1-cms7/lib/python2.7/site-packages:/cvmfs/cms.cern.ch/slc6_amd64_gcc472/external/py2-lint/0.25.1-cms5/lib/python2.7/site-packages:/cvmfs/cms.cern.ch/slc6_amd64_gcc472/external/py2-ipython/0.10-cms5/lib/python2.7/site-packages:/cvmfs/cms.cern.ch/slc6_amd64_gcc472/external/py2-cx-oracle/5.1-cms5/lib/python2.7/site-packages:/cvmfs/cms.cern.ch/slc6_amd64_gcc472/external/py2-cjson/1.0.5-cms5/lib/python2.7/site-packages:/cvmfs/cms.cern.ch/slc6_amd64_gcc472/cms/das-client/1.11.7/bin:/cvmfs/cms.cern.ch/slc6_amd64_gcc472/external/elementtree/1.2.6-cms5/share/lib/python2.7/site-packages:/cvmfs/cms.cern.ch/slc6_amd64_gcc472/external/rivet/1.8.2-cms9/lib/python2.7/site-packages:/cvmfs/cms.cern.ch/slc6_amd64_gcc472/external/pyminuit2/0.0.1-cms19/lib/python2.7/site-packages:/cvmfs/cms.cern.ch/slc6_amd64_gcc472/external/py2-pygithub/1.23.0-cms2/lib/python2.7/site-packages:/cvmfs/cms.cern.ch/slc6_amd64_gcc472/external/professor/1.0.0-cms19/lib/python2.7/site-packages:/cvmfs/cms.cern.ch/slc6_amd64_gcc472/lcg/root/5.34.07-cms/lib:/cvmfs/cms.cern.ch/slc6_amd64_gcc472/cms/dbs-client/DBS_2_1_9-cms5/lib:/cvmfs/cms.cern.ch/slc6_amd64_gcc472/cms/dbs-client/DBS_2_1_9-cms5/lib/DBSAPI:/cvmfs/cms.cern.ch/slc6_amd64_gcc472/external/cvs2git/5419-cms/lib:/scratch/condor/dir_8438/glide_Wn4gGX/execute/dir_670/
 
# LIMITS USED BY CRAB WATCHDOG:
# RSS  (KBytes)   : 2300000
# VSZ  (KBytes)   : 100000000
# DISK (MBytes)   : 19000
# CPU TIME        : 720h:0m:0s
# WALL CLOCK TIME : 21h:50m:0s
 
3c0380cf82de79bc39966c93934c61fc
PSETHASH = 3c0380cf82de79bc39966c93934c61fc
/scratch/condor/dir_8438/glide_Wn4gGX/execute/dir_670/writeCfg.py pset.py pset.py
Importing .py file
Setting parameters
RandomNumberGeneratorService found, will attempt to change seeds
inputBlocks=/ttbar/dcieri-ttbar_SIM-130075366148575c102f0d64fd3ac8f7/USER#d88f8312-b22c-48f9-b58b-21cac727e67d
inputFiles=/store/user/dcieri/ttbar_SIM/ttbar/ttbar_SIM/150129_145223/0000/step1_353.root
parentFiles=
lumisRange=
>>> Executable cmsRun
/cvmfs/cms.cern.ch/slc6_amd64_gcc472/cms/cmssw/CMSSW_6_2_0_SLHC12/bin/slc6_amd64_gcc472/cmsRun
ok executable found
>>> info for dashboard:
***** Cat /scratch/condor/dir_8438/glide_Wn4gGX/execute/dir_670/jobreport.txt *****
MonitorJobID=373_https://submit-6.t2.ucsd.edu//150202//509447.372
MonitorID=dcieri_PU140_4dm08r
ExeStart=cmsRun
***** End Cat jobreport *****
Parameters sent to Dashboard.
>>> cmsRun started at Mon Feb  2 20:40:40 UTC 2015
>>> cmsRun ended at Mon Feb  2 23:18:08 UTC 2015
>>> crab_fjr_*.xml  permission set to 0704
>>> info for dashboard:
***** Cat /scratch/condor/dir_8438/glide_Wn4gGX/execute/dir_670/jobreport.txt *****
MonitorJobID=373_https://submit-6.t2.ucsd.edu//150202//509447.372
MonitorID=dcieri_PU140_4dm08r
ExeEnd=cmsRun
***** End Cat jobreport *****
Parameters sent to Dashboard.
TIME_EXE = 9448 sec
>>> cmsRun wrote 214 lines of stdout+stderr
>>> START OF printout of 214 lines from stdout+stderr
271 DQMStore::DQMStore 
HcalTopologyIdealEP::HcalTopologyIdealEP
02-Feb-2015 20:40:50 GMT  Initiating request to open file root://dcap.pp.rl.ac.uk:1094/pnfs/pp.rl.ac.uk/data/cms/store/user/dcieri/ttbar_SIM/ttbar/ttbar_SIM/150129_145223/0000/step1_353.root
150202 20:40:51 3613 Xrd: CheckErrorStatus: Server [heplnx210.pp.rl.ac.uk:1094] declared: Request 3018 not supported(error code: 3013)
02-Feb-2015 20:40:52 GMT  Successfully opened file root://dcap.pp.rl.ac.uk:1094/pnfs/pp.rl.ac.uk/data/cms/store/user/dcieri/ttbar_SIM/ttbar/ttbar_SIM/150129_145223/0000/step1_353.root
02-Feb-2015 20:40:52 GMT  Initiating request to open file root://xrootd.unl.edu//store/group/dpg_trigger/comm_trigger/L1TrackTrigger/620_SLHC10/Extended2023TTI/MinBias/MinBias_TuneZ2star_GEN_SIM_1.root
02-Feb-2015 20:40:54 GMT  Successfully opened file root://xrootd.unl.edu//store/group/dpg_trigger/comm_trigger/L1TrackTrigger/620_SLHC10/Extended2023TTI/MinBias/MinBias_TuneZ2star_GEN_SIM_1.root
disableME1a = 0
HcalTopologyIdealEP::produce(const IdealGeometryRecord& iRecord)
mode = 2, maxDepthHB = 3, maxDepthHE = 5
RPCGeometryESModule :: produce
RPCGeometryESModule :: produce :: 1/4 Get Muon Ideal Geometry Record
RPCGeometryESModule :: produce :: 2/4 Get Muon DDD Constants
RPCGeometryESModule :: produce :: 3/4 Get Muon Numbering Record
in MuonNumberingInitialization::initializeMuonDDDConstants
about to make my new muonDDDConst_
in MuonNumberingInitialization::produce
RPCGeometryESModule :: produce :: 4/4 Build
Found:

	Barrel Stack layer 5 : 1008 stacks
	Barrel Stack layer 6 : 1320 stacks
	Barrel Stack layer 7 : 1836 stacks
	Barrel Stack layer 8 : 1152 stacks
	Barrel Stack layer 9 : 1488 stacks
	Barrel Stack layer 10 : 1824 stacks

	Endcap Stack disk 11 : 1360 stacks
	Endcap Stack disk 12 : 1360 stacks
	Endcap Stack disk 13 : 1360 stacks
	Endcap Stack disk 14 : 1360 stacks
	Endcap Stack disk 15 : 1360 stacks
Created 15428 stacks in 14 s

TTClusterBuilder< edm::Ref<edm::DetSetVector<PixelDigi>, PixelDigi, edm::refhelper::FindForDetSetVector<PixelDigi> > > loaded modules:
	TTClusterAlgorithm:	TTClusterAlgorithm_2d2013< edm::Ref<edm::DetSetVector<PixelDigi>, PixelDigi, edm::refhelper::FindForDetSetVector<PixelDigi> > >


TTStubBuilder< edm::Ref<edm::DetSetVector<PixelDigi>, PixelDigi, edm::refhelper::FindForDetSetVector<PixelDigi> > > loaded modules:
	TTStubAlgorithm:	TTStubAlgorithm_tab2013< edm::Ref<edm::DetSetVector<PixelDigi>, PixelDigi, edm::refhelper::FindForDetSetVector<PixelDigi> > >


TTClusterAssociator< edm::Ref<edm::DetSetVector<PixelDigi>, PixelDigi, edm::refhelper::FindForDetSetVector<PixelDigi> > > loaded.


TTStubAssociator< edm::Ref<edm::DetSetVector<PixelDigi>, PixelDigi, edm::refhelper::FindForDetSetVector<PixelDigi> > > loaded.


TTTrackAssociator< edm::Ref<edm::DetSetVector<PixelDigi>, PixelDigi, edm::refhelper::FindForDetSetVector<PixelDigi> > > loaded.

Begin processing the 1st record. Run 1, Event 3521, LumiSection 353 at 02-Feb-2015 20:41:27.087 GMT
02-Feb-2015 20:41:34 GMT  Closed file root://xrootd.unl.edu//store/group/dpg_trigger/comm_trigger/L1TrackTrigger/620_SLHC10/Extended2023TTI/MinBias/MinBias_TuneZ2star_GEN_SIM_1.root
02-Feb-2015 20:41:34 GMT  Initiating request to open file root://xrootd.unl.edu//store/group/dpg_trigger/comm_trigger/L1TrackTrigger/620_SLHC10/Extended2023TTI/MinBias/MinBias_TuneZ2star_GEN_SIM_211.root
02-Feb-2015 20:42:05 GMT  Successfully opened file root://xrootd.unl.edu//store/group/dpg_trigger/comm_trigger/L1TrackTrigger/620_SLHC10/Extended2023TTI/MinBias/MinBias_TuneZ2star_GEN_SIM_211.root
150202 20:46:50 3636 Xrd: XrdClientMessage::ReadRaw: Failed to read header (8 bytes).
150202 20:47:20 3634 Xrd: XrdClientMessage::ReadRaw: Failed to read header (8 bytes).
02-Feb-2015 20:52:24 GMT  Closed file root://xrootd.unl.edu//store/group/dpg_trigger/comm_trigger/L1TrackTrigger/620_SLHC10/Extended2023TTI/MinBias/MinBias_TuneZ2star_GEN_SIM_211.root
02-Feb-2015 20:52:24 GMT  Initiating request to open file root://xrootd.unl.edu//store/group/dpg_trigger/comm_trigger/L1TrackTrigger/620_SLHC10/Extended2023TTI/MinBias/MinBias_TuneZ2star_GEN_SIM_179.root
150202 20:52:55 29479 Xrd: CheckErrorStatus: Server [llrxrd-redir.in2p3.fr:1094] declared: session not found(error code: 3011)
02-Feb-2015 20:52:55 GMT  Successfully opened file root://xrootd.unl.edu//store/group/dpg_trigger/comm_trigger/L1TrackTrigger/620_SLHC10/Extended2023TTI/MinBias/MinBias_TuneZ2star_GEN_SIM_179.root
150202 20:57:50 5152 Xrd: XrdClientMessage::ReadRaw: Failed to read header (8 bytes).
150202 20:58:20 30712 Xrd: XrdClientMessage::ReadRaw: Failed to read header (8 bytes).
150202 21:01:20 3625 Xrd: XrdClientMessage::ReadRaw: Failed to read header (8 bytes).
02-Feb-2015 21:03:30 GMT  Closed file root://xrootd.unl.edu//store/group/dpg_trigger/comm_trigger/L1TrackTrigger/620_SLHC10/Extended2023TTI/MinBias/MinBias_TuneZ2star_GEN_SIM_179.root
02-Feb-2015 21:03:30 GMT  Initiating request to open file root://xrootd.unl.edu//store/group/dpg_trigger/comm_trigger/L1TrackTrigger/620_SLHC10/Extended2023TTI/MinBias/MinBias_TuneZ2star_GEN_SIM_914.root
150202 21:08:50 30713 Xrd: XrdClientMessage::ReadRaw: Failed to read header (8 bytes).
150202 21:10:40 13055 Xrd: CheckErrorStatus: Server [llrxrd-redir.in2p3.fr:1094] declared: session not found(error code: 3011)
02-Feb-2015 21:10:40 GMT  Successfully opened file root://xrootd.unl.edu//store/group/dpg_trigger/comm_trigger/L1TrackTrigger/620_SLHC10/Extended2023TTI/MinBias/MinBias_TuneZ2star_GEN_SIM_914.root
Building the geometry service
Warning did not find digi
Warning did not find digi
Warning did not find digi
Warning did not find digi
Warning did not find digi in disks
Warning did not find digi in disks
Warning did not find digi in disks
Warning did not find digi in disks
150202 21:15:50 23449 Xrd: XrdClientMessage::ReadRaw: Failed to read header (8 bytes).
02-Feb-2015 21:19:33 GMT  Closed file root://xrootd.unl.edu//store/group/dpg_trigger/comm_trigger/L1TrackTrigger/620_SLHC10/Extended2023TTI/MinBias/MinBias_TuneZ2star_GEN_SIM_914.root
02-Feb-2015 21:19:33 GMT  Initiating request to open file root://xrootd.unl.edu//store/group/dpg_trigger/comm_trigger/L1TrackTrigger/620_SLHC10/Extended2023TTI/MinBias/MinBias_TuneZ2star_GEN_SIM_307.root
150202 21:20:03 3119 Xrd: CheckErrorStatus: Server [xrootd.ba.infn.it:1094] declared: session not found(error code: 3011)
02-Feb-2015 21:20:04 GMT  Successfully opened file root://xrootd.unl.edu//store/group/dpg_trigger/comm_trigger/L1TrackTrigger/620_SLHC10/Extended2023TTI/MinBias/MinBias_TuneZ2star_GEN_SIM_307.root
150202 21:24:50 23451 Xrd: XrdClientMessage::ReadRaw: Failed to read header (8 bytes).
150202 21:25:21 4601 Xrd: XrdClientMessage::ReadRaw: Failed to read header (8 bytes).
150202 21:30:50 3633 Xrd: XrdClientMessage::ReadRaw: Failed to read header (8 bytes).
02-Feb-2015 21:39:19 GMT  Closed file root://xrootd.unl.edu//store/group/dpg_trigger/comm_trigger/L1TrackTrigger/620_SLHC10/Extended2023TTI/MinBias/MinBias_TuneZ2star_GEN_SIM_307.root
02-Feb-2015 21:39:19 GMT  Initiating request to open file root://xrootd.unl.edu//store/group/dpg_trigger/comm_trigger/L1TrackTrigger/620_SLHC10/Extended2023TTI/MinBias/MinBias_TuneZ2star_GEN_SIM_154.root
150202 21:39:50 5772 Xrd: CheckErrorStatus: Server [xrootd.ba.infn.it:1094] declared: session not found(error code: 3011)
02-Feb-2015 21:39:50 GMT  Successfully opened file root://xrootd.unl.edu//store/group/dpg_trigger/comm_trigger/L1TrackTrigger/620_SLHC10/Extended2023TTI/MinBias/MinBias_TuneZ2star_GEN_SIM_154.root
150202 21:44:21 4628 Xrd: XrdClientMessage::ReadRaw: Failed to read header (8 bytes).
150202 21:45:20 6609 Xrd: XrdClientMessage::ReadRaw: Failed to read header (8 bytes).
02-Feb-2015 21:48:39 GMT  Closed file root://xrootd.unl.edu//store/group/dpg_trigger/comm_trigger/L1TrackTrigger/620_SLHC10/Extended2023TTI/MinBias/MinBias_TuneZ2star_GEN_SIM_154.root
02-Feb-2015 21:48:39 GMT  Initiating request to open file root://xrootd.unl.edu//store/group/dpg_trigger/comm_trigger/L1TrackTrigger/620_SLHC10/Extended2023TTI/MinBias/MinBias_TuneZ2star_GEN_SIM_102.root
150202 21:49:10 17569 Xrd: CheckErrorStatus: Server [xrootd-redic.pi.infn.it:1094] declared: session not found(error code: 3011)
02-Feb-2015 21:49:10 GMT  Successfully opened file root://xrootd.unl.edu//store/group/dpg_trigger/comm_trigger/L1TrackTrigger/620_SLHC10/Extended2023TTI/MinBias/MinBias_TuneZ2star_GEN_SIM_102.root
150202 21:53:50 6610 Xrd: XrdClientMessage::ReadRaw: Failed to read header (8 bytes).
150202 21:54:21 18545 Xrd: XrdClientMessage::ReadRaw: Failed to read header (8 bytes).
02-Feb-2015 21:57:11 GMT  Closed file root://xrootd.unl.edu//store/group/dpg_trigger/comm_trigger/L1TrackTrigger/620_SLHC10/Extended2023TTI/MinBias/MinBias_TuneZ2star_GEN_SIM_102.root
02-Feb-2015 21:57:11 GMT  Initiating request to open file root://xrootd.unl.edu//store/group/dpg_trigger/comm_trigger/L1TrackTrigger/620_SLHC10/Extended2023TTI/MinBias/MinBias_TuneZ2star_GEN_SIM_255.root
150202 21:57:42 1606 Xrd: CheckErrorStatus: Server [cms-xrd-global.cern.ch:1094] declared: session not found(error code: 3011)
150202 21:57:42 1606 Xrd: CheckErrorStatus: Server [llrxrd-redir.in2p3.fr:1094] declared: session not found(error code: 3011)
02-Feb-2015 21:57:42 GMT  Successfully opened file root://xrootd.unl.edu//store/group/dpg_trigger/comm_trigger/L1TrackTrigger/620_SLHC10/Extended2023TTI/MinBias/MinBias_TuneZ2star_GEN_SIM_255.root
150202 22:00:20 4589 Xrd: XrdClientMessage::ReadRaw: Failed to read header (8 bytes).
150202 22:02:20 18546 Xrd: XrdClientMessage::ReadRaw: Failed to read header (8 bytes).
150202 22:02:50 2190 Xrd: XrdClientMessage::ReadRaw: Failed to read header (8 bytes).
02-Feb-2015 22:04:24 GMT  Closed file root://xrootd.unl.edu//store/group/dpg_trigger/comm_trigger/L1TrackTrigger/620_SLHC10/Extended2023TTI/MinBias/MinBias_TuneZ2star_GEN_SIM_255.root
02-Feb-2015 22:04:24 GMT  Initiating request to open file root://xrootd.unl.edu//store/group/dpg_trigger/comm_trigger/L1TrackTrigger/620_SLHC10/Extended2023TTI/MinBias/MinBias_TuneZ2star_GEN_SIM_43.root
150202 22:09:20 18544 Xrd: XrdClientMessage::ReadRaw: Failed to read header (8 bytes).
150202 22:09:51 2191 Xrd: XrdClientMessage::ReadRaw: Failed to read header (8 bytes).
150202 22:10:45 15319 Xrd: CheckErrorStatus: Server [cms-xrd-global.cern.ch:1094] declared: session not found(error code: 3011)
150202 22:10:46 15319 Xrd: CheckErrorStatus: Server [xrootd-redic.pi.infn.it:1094] declared: session not found(error code: 3011)
02-Feb-2015 22:10:46 GMT  Successfully opened file root://xrootd.unl.edu//store/group/dpg_trigger/comm_trigger/L1TrackTrigger/620_SLHC10/Extended2023TTI/MinBias/MinBias_TuneZ2star_GEN_SIM_43.root
150202 22:15:50 27119 Xrd: XrdClientMessage::ReadRaw: Failed to read header (8 bytes).
02-Feb-2015 22:15:57 GMT  Closed file root://xrootd.unl.edu//store/group/dpg_trigger/comm_trigger/L1TrackTrigger/620_SLHC10/Extended2023TTI/MinBias/MinBias_TuneZ2star_GEN_SIM_43.root
02-Feb-2015 22:15:57 GMT  Initiating request to open file root://xrootd.unl.edu//store/group/dpg_trigger/comm_trigger/L1TrackTrigger/620_SLHC10/Extended2023TTI/MinBias/MinBias_TuneZ2star_GEN_SIM_619.root
150202 22:16:29 32270 Xrd: CheckErrorStatus: Server [xrootd-redic.pi.infn.it:1094] declared: session not found(error code: 3011)
02-Feb-2015 22:16:29 GMT  Successfully opened file root://xrootd.unl.edu//store/group/dpg_trigger/comm_trigger/L1TrackTrigger/620_SLHC10/Extended2023TTI/MinBias/MinBias_TuneZ2star_GEN_SIM_619.root
150202 22:17:50 2189 Xrd: XrdClientMessage::ReadRaw: Failed to read header (8 bytes).
02-Feb-2015 22:18:33 GMT  Closed file root://xrootd.unl.edu//store/group/dpg_trigger/comm_trigger/L1TrackTrigger/620_SLHC10/Extended2023TTI/MinBias/MinBias_TuneZ2star_GEN_SIM_619.root
02-Feb-2015 22:18:33 GMT  Initiating request to open file root://xrootd.unl.edu//store/group/dpg_trigger/comm_trigger/L1TrackTrigger/620_SLHC10/Extended2023TTI/MinBias/MinBias_TuneZ2star_GEN_SIM_8.root
150202 22:21:20 27120 Xrd: XrdClientMessage::ReadRaw: Failed to read header (8 bytes).
150202 22:21:50 760 Xrd: XrdClientMessage::ReadRaw: Failed to read header (8 bytes).
150202 22:23:51 761 Xrd: XrdClientMessage::ReadRaw: Failed to read header (8 bytes).
150202 22:24:26 2904 Xrd: CheckErrorStatus: Server [cms-xrd-global.cern.ch:1094] declared: session not found(error code: 3011)
150202 22:24:26 2904 Xrd: CheckErrorStatus: Server [llrxrd-redir.in2p3.fr:1094] declared: session not found(error code: 3011)
02-Feb-2015 22:24:26 GMT  Successfully opened file root://xrootd.unl.edu//store/group/dpg_trigger/comm_trigger/L1TrackTrigger/620_SLHC10/Extended2023TTI/MinBias/MinBias_TuneZ2star_GEN_SIM_8.root
02-Feb-2015 22:29:32 GMT  Closed file root://xrootd.unl.edu//store/group/dpg_trigger/comm_trigger/L1TrackTrigger/620_SLHC10/Extended2023TTI/MinBias/MinBias_TuneZ2star_GEN_SIM_8.root
02-Feb-2015 22:29:32 GMT  Initiating request to open file root://xrootd.unl.edu//store/group/dpg_trigger/comm_trigger/L1TrackTrigger/620_SLHC10/Extended2023TTI/MinBias/MinBias_TuneZ2star_GEN_SIM_308.root
150202 22:29:33 8786 Xrd: XrdClientMessage::ReadRaw: Failed to read header (8 bytes).
150202 22:30:03 24380 Xrd: CheckErrorStatus: Server [xrootd-redic.pi.infn.it:1094] declared: session not found(error code: 3011)
02-Feb-2015 22:30:04 GMT  Successfully opened file root://xrootd.unl.edu//store/group/dpg_trigger/comm_trigger/L1TrackTrigger/620_SLHC10/Extended2023TTI/MinBias/MinBias_TuneZ2star_GEN_SIM_308.root
150202 22:34:50 8787 Xrd: XrdClientMessage::ReadRaw: Failed to read header (8 bytes).
150202 22:35:20 24533 Xrd: XrdClientMessage::ReadRaw: Failed to read header (8 bytes).
02-Feb-2015 22:37:17 GMT  Closed file root://xrootd.unl.edu//store/group/dpg_trigger/comm_trigger/L1TrackTrigger/620_SLHC10/Extended2023TTI/MinBias/MinBias_TuneZ2star_GEN_SIM_308.root
02-Feb-2015 22:37:17 GMT  Initiating request to open file root://xrootd.unl.edu//store/group/dpg_trigger/comm_trigger/L1TrackTrigger/620_SLHC10/Extended2023TTI/MinBias/MinBias_TuneZ2star_GEN_SIM_195.root
150202 22:37:48 30355 Xrd: CheckErrorStatus: Server [xrootd-redic.pi.infn.it:1094] declared: session not found(error code: 3011)
02-Feb-2015 22:37:48 GMT  Successfully opened file root://xrootd.unl.edu//store/group/dpg_trigger/comm_trigger/L1TrackTrigger/620_SLHC10/Extended2023TTI/MinBias/MinBias_TuneZ2star_GEN_SIM_195.root
02-Feb-2015 22:41:47 GMT  Closed file root://xrootd.unl.edu//store/group/dpg_trigger/comm_trigger/L1TrackTrigger/620_SLHC10/Extended2023TTI/MinBias/MinBias_TuneZ2star_GEN_SIM_195.root
02-Feb-2015 22:41:47 GMT  Initiating request to open file root://xrootd.unl.edu//store/group/dpg_trigger/comm_trigger/L1TrackTrigger/620_SLHC10/Extended2023TTI/MinBias/MinBias_TuneZ2star_GEN_SIM_339.root
02-Feb-2015 22:42:18 GMT  Successfully opened file root://xrootd.unl.edu//store/group/dpg_trigger/comm_trigger/L1TrackTrigger/620_SLHC10/Extended2023TTI/MinBias/MinBias_TuneZ2star_GEN_SIM_339.root
150202 22:42:18 24534 Xrd: XrdClientMessage::ReadRaw: Failed to read header (8 bytes).
150202 22:44:50 8785 Xrd: XrdClientMessage::ReadRaw: Failed to read header (8 bytes).
02-Feb-2015 22:46:10 GMT  Closed file root://xrootd.unl.edu//store/group/dpg_trigger/comm_trigger/L1TrackTrigger/620_SLHC10/Extended2023TTI/MinBias/MinBias_TuneZ2star_GEN_SIM_339.root
02-Feb-2015 22:46:10 GMT  Initiating request to open file root://xrootd.unl.edu//store/group/dpg_trigger/comm_trigger/L1TrackTrigger/620_SLHC10/Extended2023TTI/MinBias/MinBias_TuneZ2star_GEN_SIM_594.root
150202 22:46:41 11169 Xrd: CheckErrorStatus: Server [cms-xrd-global.cern.ch:1094] declared: session not found(error code: 3011)
02-Feb-2015 22:46:41 GMT  Successfully opened file root://xrootd.unl.edu//store/group/dpg_trigger/comm_trigger/L1TrackTrigger/620_SLHC10/Extended2023TTI/MinBias/MinBias_TuneZ2star_GEN_SIM_594.root
150202 22:46:51 30604 Xrd: XrdClientMessage::ReadRaw: Failed to read header (8 bytes).
02-Feb-2015 22:51:00 GMT  Closed file root://xrootd.unl.edu//store/group/dpg_trigger/comm_trigger/L1TrackTrigger/620_SLHC10/Extended2023TTI/MinBias/MinBias_TuneZ2star_GEN_SIM_594.root
02-Feb-2015 22:51:00 GMT  Initiating request to open file root://xrootd.unl.edu//store/group/dpg_trigger/comm_trigger/L1TrackTrigger/620_SLHC10/Extended2023TTI/MinBias/MinBias_TuneZ2star_GEN_SIM_359.root
150202 22:51:00 14021 Xrd: CheckErrorStatus: Server [eoscms.cern.ch:1094] declared: session not found(error code: 3011)
02-Feb-2015 22:51:00 GMT  Successfully opened file root://xrootd.unl.edu//store/group/dpg_trigger/comm_trigger/L1TrackTrigger/620_SLHC10/Extended2023TTI/MinBias/MinBias_TuneZ2star_GEN_SIM_359.root
150202 22:51:20 1593 Xrd: XrdClientMessage::ReadRaw: Failed to read header (8 bytes).
02-Feb-2015 22:53:52 GMT  Closed file root://xrootd.unl.edu//store/group/dpg_trigger/comm_trigger/L1TrackTrigger/620_SLHC10/Extended2023TTI/MinBias/MinBias_TuneZ2star_GEN_SIM_359.root
02-Feb-2015 22:53:52 GMT  Initiating request to open file root://xrootd.unl.edu//store/group/dpg_trigger/comm_trigger/L1TrackTrigger/620_SLHC10/Extended2023TTI/MinBias/MinBias_TuneZ2star_GEN_SIM_937.root
02-Feb-2015 22:54:23 GMT  Successfully opened file root://xrootd.unl.edu//store/group/dpg_trigger/comm_trigger/L1TrackTrigger/620_SLHC10/Extended2023TTI/MinBias/MinBias_TuneZ2star_GEN_SIM_937.root
150202 22:56:20 11660 Xrd: XrdClientMessage::ReadRaw: Failed to read header (8 bytes).
02-Feb-2015 22:57:41 GMT  Closed file root://xrootd.unl.edu//store/group/dpg_trigger/comm_trigger/L1TrackTrigger/620_SLHC10/Extended2023TTI/MinBias/MinBias_TuneZ2star_GEN_SIM_937.root
02-Feb-2015 22:57:41 GMT  Initiating request to open file root://xrootd.unl.edu//store/group/dpg_trigger/comm_trigger/L1TrackTrigger/620_SLHC10/Extended2023TTI/MinBias/MinBias_TuneZ2star_GEN_SIM_235.root
150202 22:58:12 23478 Xrd: CheckErrorStatus: Server [eoscms.cern.ch:1094] declared: session not found(error code: 3011)
02-Feb-2015 22:58:12 GMT  Successfully opened file root://xrootd.unl.edu//store/group/dpg_trigger/comm_trigger/L1TrackTrigger/620_SLHC10/Extended2023TTI/MinBias/MinBias_TuneZ2star_GEN_SIM_235.root
150202 22:59:21 14022 Xrd: XrdClientMessage::ReadRaw: Failed to read header (8 bytes).
02-Feb-2015 23:00:36 GMT  Closed file root://xrootd.unl.edu//store/group/dpg_trigger/comm_trigger/L1TrackTrigger/620_SLHC10/Extended2023TTI/MinBias/MinBias_TuneZ2star_GEN_SIM_235.root
02-Feb-2015 23:00:36 GMT  Initiating request to open file root://xrootd.unl.edu//store/group/dpg_trigger/comm_trigger/L1TrackTrigger/620_SLHC10/Extended2023TTI/MinBias/MinBias_TuneZ2star_GEN_SIM_24.root
02-Feb-2015 23:01:08 GMT  Successfully opened file root://xrootd.unl.edu//store/group/dpg_trigger/comm_trigger/L1TrackTrigger/620_SLHC10/Extended2023TTI/MinBias/MinBias_TuneZ2star_GEN_SIM_24.root
150202 23:02:50 21396 Xrd: XrdClientMessage::ReadRaw: Failed to read header (8 bytes).
02-Feb-2015 23:03:43 GMT  Closed file root://xrootd.unl.edu//store/group/dpg_trigger/comm_trigger/L1TrackTrigger/620_SLHC10/Extended2023TTI/MinBias/MinBias_TuneZ2star_GEN_SIM_24.root
02-Feb-2015 23:03:43 GMT  Initiating request to open file root://xrootd.unl.edu//store/group/dpg_trigger/comm_trigger/L1TrackTrigger/620_SLHC10/Extended2023TTI/MinBias/MinBias_TuneZ2star_GEN_SIM_801.root
02-Feb-2015 23:04:14 GMT  Successfully opened file root://xrootd.unl.edu//store/group/dpg_trigger/comm_trigger/L1TrackTrigger/620_SLHC10/Extended2023TTI/MinBias/MinBias_TuneZ2star_GEN_SIM_801.root
DTTSPhi::addTracoT: preview not present in TRACO trigger or its code=0  trigger not added!
DTTSPhi::addTracoT: preview not present in TRACO trigger or its code=0  trigger not added!
150202 23:05:50 24256 Xrd: XrdClientMessage::ReadRaw: Failed to read header (8 bytes).
02-Feb-2015 23:06:34 GMT  Closed file root://xrootd.unl.edu//store/group/dpg_trigger/comm_trigger/L1TrackTrigger/620_SLHC10/Extended2023TTI/MinBias/MinBias_TuneZ2star_GEN_SIM_801.root
02-Feb-2015 23:06:34 GMT  Initiating request to open file root://xrootd.unl.edu//store/group/dpg_trigger/comm_trigger/L1TrackTrigger/620_SLHC10/Extended2023TTI/MinBias/MinBias_TuneZ2star_GEN_SIM_574.root
02-Feb-2015 23:07:06 GMT  Successfully opened file root://xrootd.unl.edu//store/group/dpg_trigger/comm_trigger/L1TrackTrigger/620_SLHC10/Extended2023TTI/MinBias/MinBias_TuneZ2star_GEN_SIM_574.root
150202 23:08:50 3311 Xrd: XrdClientMessage::ReadRaw: Failed to read header (8 bytes).
02-Feb-2015 23:11:19 GMT  Closed file root://xrootd.unl.edu//store/group/dpg_trigger/comm_trigger/L1TrackTrigger/620_SLHC10/Extended2023TTI/MinBias/MinBias_TuneZ2star_GEN_SIM_574.root
02-Feb-2015 23:11:19 GMT  Initiating request to open file root://xrootd.unl.edu//store/group/dpg_trigger/comm_trigger/L1TrackTrigger/620_SLHC10/Extended2023TTI/MinBias/MinBias_TuneZ2star_GEN_SIM_881.root
02-Feb-2015 23:11:50 GMT  Successfully opened file root://xrootd.unl.edu//store/group/dpg_trigger/comm_trigger/L1TrackTrigger/620_SLHC10/Extended2023TTI/MinBias/MinBias_TuneZ2star_GEN_SIM_881.root
150202 23:11:51 4515 Xrd: XrdClientMessage::ReadRaw: Failed to read header (8 bytes).
02-Feb-2015 23:13:24 GMT  Closed file root://xrootd.unl.edu//store/group/dpg_trigger/comm_trigger/L1TrackTrigger/620_SLHC10/Extended2023TTI/MinBias/MinBias_TuneZ2star_GEN_SIM_881.root
02-Feb-2015 23:13:24 GMT  Initiating request to open file root://xrootd.unl.edu//store/group/dpg_trigger/comm_trigger/L1TrackTrigger/620_SLHC10/Extended2023TTI/MinBias/MinBias_TuneZ2star_GEN_SIM_608.root
150202 23:13:55 7346 Xrd: CheckErrorStatus: Server [cms-xrd-global.cern.ch:1094] declared: session not found(error code: 3011)
150202 23:13:55 7346 Xrd: CheckErrorStatus: Server [eoscms.cern.ch:1094] declared: session not found(error code: 3011)
02-Feb-2015 23:13:55 GMT  Successfully opened file root://xrootd.unl.edu//store/group/dpg_trigger/comm_trigger/L1TrackTrigger/620_SLHC10/Extended2023TTI/MinBias/MinBias_TuneZ2star_GEN_SIM_608.root
02-Feb-2015 23:16:10 GMT  Closed file root://xrootd.unl.edu//store/group/dpg_trigger/comm_trigger/L1TrackTrigger/620_SLHC10/Extended2023TTI/MinBias/MinBias_TuneZ2star_GEN_SIM_608.root
02-Feb-2015 23:16:10 GMT  Initiating request to open file root://xrootd.unl.edu//store/group/dpg_trigger/comm_trigger/L1TrackTrigger/620_SLHC10/Extended2023TTI/MinBias/MinBias_TuneZ2star_GEN_SIM_177.root
150202 23:16:21 5492 Xrd: XrdClientMessage::ReadRaw: Failed to read header (8 bytes).
02-Feb-2015 23:16:42 GMT  Successfully opened file root://xrootd.unl.edu//store/group/dpg_trigger/comm_trigger/L1TrackTrigger/620_SLHC10/Extended2023TTI/MinBias/MinBias_TuneZ2star_GEN_SIM_177.root
02-Feb-2015 23:18:06 GMT  Closed file root://dcap.pp.rl.ac.uk:1094/pnfs/pp.rl.ac.uk/data/cms/store/user/dcieri/ttbar_SIM/ttbar/ttbar_SIM/150129_145223/0000/step1_353.root
02-Feb-2015 23:18:06 GMT  Closed file root://xrootd.unl.edu//store/group/dpg_trigger/comm_trigger/L1TrackTrigger/620_SLHC10/Extended2023TTI/MinBias/MinBias_TuneZ2star_GEN_SIM_177.root

=============================================

MessageLogger Summary

 type     category        sev    module        subroutine        count    total
 ---- -------------------- -- ---------------- ----------------  -----    -----
    1 fileAction           -s MixingModule:mix                      69       69
    2 fileAction           -s MixingModule:mix                       2        2
    3 fileAction           -s MixingModule:mix                       1        1
    4 fileAction           -s file_close                             1        1
    5 fileAction           -s file_open                              2        2

 type    category    Examples: run/evt        run/evt          run/evt
 ---- -------------------- ---------------- ---------------- ----------------
    1 fileAction           1/3521           1/3521           1/3530
    2 fileAction           pre-events       pre-events       
    3 fileAction           PostEndRun                        
    4 fileAction           PostEndRun                        
    5 fileAction           pre-events       pre-events       

Severity    # Occurrences   Total Occurrences
--------    -------------   -----------------
System                 75                  75
>>> END OF printout of 214 lines from stdout+stderr
>>> Parse FrameworkJobReport crab_fjr.xml
Result of parsing the FrameworkJobReport crab_fjr.xml: 
Extracted ExitStatus from FrameworkJobReport parsing output: 0
>>> Executable succeded  0
ExeExitCode=0
EXECUTABLE_EXIT_STATUS = 0
>>> current directory /scratch/condor/dir_8438/glide_Wn4gGX/execute/dir_670/CMSSW_6_2_0_SLHC12
>>>  (SOFTWARE_DIR): /scratch/condor/dir_8438/glide_Wn4gGX/execute/dir_670/CMSSW_6_2_0_SLHC12
>>> (WORKING_DIR): 
>>> current directory content:
total 248160
drwxr-xr-x 3 cms415 gplcms      4096 Feb  2 20:40 .SCRAM
-rw------- 1 cms415 gplcms    915837 Feb  2 20:40 CMSSW.py.pkl
drwxr-xr-x 3 cms415 gplcms      4096 Feb  2 20:40 bin
drwxr-xr-x 3 cms415 gplcms      4096 Feb  2 20:40 cfipython
drwxr-xr-x 4 cms415 gplcms      4096 Apr 28  2014 config
-rw------- 1 cms415 gplcms        16 Feb  2 23:18 cpu_timing.txt
drwxr-xr-x 2 cms415 gplcms      4096 Feb  2 20:40 doc
-rw------- 1 cms415 gplcms     24148 Feb  2 23:18 executable.out
drwxr-xr-x 2 cms415 gplcms      4096 Feb  2 20:40 include
drwx------ 3 cms415 gplcms      4096 Oct  7 10:12 lib
drwxr-xr-x 3 cms415 gplcms      4096 Feb  2 20:40 logs
drwxr-xr-x 3 cms415 gplcms      4096 Feb  2 20:40 objs
-rw------- 1 cms415 gplcms       104 Feb  2 20:40 pset.py
-rw------- 1 cms415 gplcms    926826 Feb  2 20:40 pset.py.pkl
-rw------- 1 cms415 gplcms       289 Feb  2 20:40 pset.pyc
drwxr-xr-x 2 cms415 gplcms      4096 Feb  2 20:40 python
-rw------- 1 cms415 gplcms       359 Feb  2 23:18 report.log
drwxr-xr-x 2 cms415 gplcms      4096 Feb  2 20:40 src
-rw------- 1 cms415 gplcms 251910914 Feb  2 23:18 step2.root
drwxr-xr-x 3 cms415 gplcms      4096 Feb  2 20:40 test
drwxr-xr-x 3 cms415 gplcms      4096 Feb  2 20:40 tmp
>>> current directory /scratch/condor/dir_8438/glide_Wn4gGX/execute/dir_670/CMSSW_6_2_0_SLHC12
>>> (SOFTWARE_DIR): /scratch/condor/dir_8438/glide_Wn4gGX/execute/dir_670/CMSSW_6_2_0_SLHC12
>>> (WORKING_DIR): 
>>> current directory content:
total 248160
drwxr-xr-x 3 cms415 gplcms      4096 Feb  2 20:40 .SCRAM
-rw------- 1 cms415 gplcms    915837 Feb  2 20:40 CMSSW.py.pkl
drwxr-xr-x 3 cms415 gplcms      4096 Feb  2 20:40 bin
drwxr-xr-x 3 cms415 gplcms      4096 Feb  2 20:40 cfipython
drwxr-xr-x 4 cms415 gplcms      4096 Apr 28  2014 config
-rw------- 1 cms415 gplcms        16 Feb  2 23:18 cpu_timing.txt
drwxr-xr-x 2 cms415 gplcms      4096 Feb  2 20:40 doc
-rw------- 1 cms415 gplcms     24148 Feb  2 23:18 executable.out
drwxr-xr-x 2 cms415 gplcms      4096 Feb  2 20:40 include
drwx------ 3 cms415 gplcms      4096 Oct  7 10:12 lib
drwxr-xr-x 3 cms415 gplcms      4096 Feb  2 20:40 logs
drwxr-xr-x 3 cms415 gplcms      4096 Feb  2 20:40 objs
-rw------- 1 cms415 gplcms       104 Feb  2 20:40 pset.py
-rw------- 1 cms415 gplcms    926826 Feb  2 20:40 pset.py.pkl
-rw------- 1 cms415 gplcms       289 Feb  2 20:40 pset.pyc
drwxr-xr-x 2 cms415 gplcms      4096 Feb  2 20:40 python
-rw------- 1 cms415 gplcms       359 Feb  2 23:18 report.log
drwxr-xr-x 2 cms415 gplcms      4096 Feb  2 20:40 src
-rw------- 1 cms415 gplcms 251910914 Feb  2 23:18 step2_373_1_qxS.root
drwxr-xr-x 3 cms415 gplcms      4096 Feb  2 20:40 test
drwxr-xr-x 3 cms415 gplcms      4096 Feb  2 20:40 tmp
>>> current directory (RUNTIME_AREA):  /scratch/condor/dir_8438/glide_Wn4gGX/execute/dir_670
PNN = T2_UK_SGrid_RALPP
SE = heplnx204.pp.rl.ac.uk
SE_PATH = /srm/managerv2?SFN=/pnfs/pp.rl.ac.uk/data/cms/store/user/dcieri/ttbar_PU140_DIGI/dcieri/ttbar/ttbar_PU140_DIGI/3c0380cf82de79bc39966c93934c61fc/
LFNBaseName = /store/user/dcieri/ttbar_PU140_DIGI/dcieri/ttbar/ttbar_PU140_DIGI/3c0380cf82de79bc39966c93934c61fc/
USER = dcieri
endpoint = srm://heplnx204.pp.rl.ac.uk:8443/srm/managerv2?SFN=/pnfs/pp.rl.ac.uk/data/cms/store/user/dcieri/ttbar_PU140_DIGI/dcieri/ttbar/ttbar_PU140_DIGI/3c0380cf82de79bc39966c93934c61fc/
>>> Copy output files from WN = heplnc053.pp.rl.ac.uk to /srm/managerv2?SFN=/pnfs/pp.rl.ac.uk/data/cms/store/user/dcieri/ttbar_PU140_DIGI/dcieri/ttbar/ttbar_PU140_DIGI/3c0380cf82de79bc39966c93934c61fc/ :
python cmscp.py  --destination srm://heplnx204.pp.rl.ac.uk:8443/srm/managerv2?SFN=/pnfs/pp.rl.ac.uk/data/cms/store/user/dcieri/ttbar_PU140_DIGI/dcieri/ttbar/ttbar_PU140_DIGI/3c0380cf82de79bc39966c93934c61fc/ --inputFileList /scratch/condor/dir_8438/glide_Wn4gGX/execute/dir_670/CMSSW_6_2_0_SLHC12/step2_373_1_qxS.root --middleware LCG --PNN T2_UK_SGrid_RALPP --se_name heplnx204.pp.rl.ac.uk --for_lfn /store/user/dcieri/ttbar_PU140_DIGI/dcieri/ttbar/ttbar_PU140_DIGI/3c0380cf82de79bc39966c93934c61fc/    
******************************************************
localSeName  =  heplnx204.pp.rl.ac.uk
remoteSeName =  heplnx204.pp.rl.ac.uk
******************************************************
{"/scratch/condor/dir_8438/glide_Wn4gGX/execute/dir_670/CMSSW_6_2_0_SLHC12/step2_373_1_qxS.root": {"endpoint": "srm://heplnx204.pp.rl.ac.uk:8443/srm/managerv2?SFN=/pnfs/pp.rl.ac.uk/data/cms/store/user/dcieri/ttbar_PU140_DIGI/dcieri/ttbar/ttbar_PU140_DIGI/3c0380cf82de79bc39966c93934c61fc/", "surl_for_grid": "", "reason": "Copy succedeed with srm-lcg utils", "erCode": "0", "PNN": "T2_UK_SGrid_RALPP", "se_name": "heplnx204.pp.rl.ac.uk", "for_lfn": "/store/user/dcieri/ttbar_PU140_DIGI/dcieri/ttbar/ttbar_PU140_DIGI/3c0380cf82de79bc39966c93934c61fc/"}}/scratch/condor/dir_8438/glide_Wn4gGX/execute/dir_670
-------- cat /scratch/condor/dir_8438/glide_Wn4gGX/execute/dir_670/cmscpReport.sh 
#!/bin/bash
echo "Report for File: /scratch/condor/dir_8438/glide_Wn4gGX/execute/dir_670/CMSSW_6_2_0_SLHC12/step2_373_1_qxS.root"
echo "LFN: /store/user/dcieri/ttbar_PU140_DIGI/dcieri/ttbar/ttbar_PU140_DIGI/3c0380cf82de79bc39966c93934c61fc/step2_373_1_qxS.root"
echo "StorageElement: heplnx204.pp.rl.ac.uk"
echo "StageOutExitStatusReason = 'Copy succedeed with srm-lcg utils'" | tee -a $RUNTIME_AREA/$repo
echo "StageOutSE = heplnx204.pp.rl.ac.uk" >> $RUNTIME_AREA/$repo

export StageOutExitStatus=0
echo "StageOutExitStatus = 0" | tee -a $RUNTIME_AREA/$repo
-------- end of /scratch/condor/dir_8438/glide_Wn4gGX/execute/dir_670/cmscpReport.sh 
Report for File: /scratch/condor/dir_8438/glide_Wn4gGX/execute/dir_670/CMSSW_6_2_0_SLHC12/step2_373_1_qxS.root
LFN: /store/user/dcieri/ttbar_PU140_DIGI/dcieri/ttbar/ttbar_PU140_DIGI/3c0380cf82de79bc39966c93934c61fc/step2_373_1_qxS.root
StorageElement: heplnx204.pp.rl.ac.uk
StageOutExitStatusReason = 'Copy succedeed with srm-lcg utils'
StageOutExitStatus = 0
>>> current dir: /scratch/condor/dir_8438/glide_Wn4gGX/execute/dir_670
>>> current dir content:
total 8828
-rw-------  1 cms415 gplcms    2719 Feb  2 23:19 .SEinteraction.log
-rwx------  1 cms415 gplcms      52 Feb  2 20:39 .chirp_config
-rwx------  1 cms415 gplcms    7833 Feb  2 20:39 .job.ad
-rwx------  1 cms415 gplcms    9837 Feb  2 20:39 .machine.ad
-rw-------  1 cms415 gplcms     105 Feb  2 12:16 CMSSW.py
-rw-------  1 cms415 gplcms  915837 Feb  2 12:16 CMSSW.py.pkl
-rwx------  1 cms415 gplcms   29498 Feb  2 20:40 CMSSW.sh
drwxr-xr-x 15 cms415 gplcms    4096 Feb  2 23:18 CMSSW_6_2_0_SLHC12
-rw-------  1 cms415 gplcms     187 Feb  2 20:40 CacheEnv.sh
-rw-------  1 cms415 gplcms    7291 Nov 19 14:52 DashboardAPI.py
-rw-------  1 cms415 gplcms    6425 Feb  2 20:40 DashboardAPI.pyc
drwx------  2 cms415 gplcms    4096 Feb  2 23:18 IMProv
-rw-------  1 cms415 gplcms    2748 Nov 19 14:52 Logger.py
-rw-------  1 cms415 gplcms    3217 Feb  2 20:40 Logger.pyc
-rw-------  1 cms415 gplcms   24524 Nov 19 14:52 ProcInfo.py
-rw-------  1 cms415 gplcms   22573 Feb  2 20:40 ProcInfo.pyc
drwx------  7 cms415 gplcms    4096 Feb  2 20:40 ProdCommon
drwx------  3 cms415 gplcms    4096 Feb  2 20:40 WMCore
-rw-------  1 cms415 gplcms   12866 Feb  2 23:18 Watchdog_373.log
-rwx------  1 cms415 gplcms       0 Feb  2 20:40 _condor_stderr
-rwx---r--  1 cms415 gplcms   38824 Feb  2 23:19 _condor_stdout
-rw-------  1 cms415 gplcms   32895 Nov 19 14:52 apmon.py
-rw-------  1 cms415 gplcms   27871 Feb  2 20:40 apmon.pyc
-rwx------  1 cms415 gplcms  134309 Feb  2 20:40 arguments.xml
-rwx------  1 cms415 gplcms   38581 Nov 19 14:52 cmscp.py
-rw-------  1 cms415 gplcms     559 Feb  2 23:19 cmscpReport.sh
-rwx------  1 cms415 gplcms   29498 Feb  2 20:40 condor_exec.exe
-rw-------  1 cms415 gplcms     544 Feb  2 12:16 crab.cfg
-rwx------  1 cms415 gplcms    8610 Nov 19 14:52 crabWatchdog.sh
-rwx---r--  1 cms415 gplcms  112092 Feb  2 23:18 crab_fjr_373.xml
-rwx------  1 cms415 gplcms 7390485 Feb  2 20:40 default.tgz
-rwx------  1 cms415 gplcms    4488 Nov 19 14:52 fillCrabFjr.py
-rw-------  1 cms415 gplcms     226 Feb  2 20:40 inputsReport.txt
-rw-------  1 cms415 gplcms     244 Feb  2 23:19 jobreport.txt
-rw-------  1 cms415 gplcms   17352 Nov 19 14:52 parseCrabFjr.py
-rw-------  1 cms415 gplcms     324 Feb  2 20:40 report.log
-rwx--x--x  1 cms415 gplcms    1497 Nov 19 14:52 report.py
-rw-------  1 cms415 gplcms     552 Feb  2 23:19 resultCopyFile
lrwxrwxrwx  1 cms415 gplcms      93 Feb  2 23:18 step2.root -> /scratch/condor/dir_8438/glide_Wn4gGX/execute/dir_670/CMSSW_6_2_0_SLHC12/step2_373_1_qxS.root
-rwx------  1 cms415 gplcms    8351 Nov 19 14:52 writeCfg.py
-rw-------  1 cms415 gplcms   10293 Feb  2 20:39 x509up_u62281
>>> Modify Job Report:
CMSSW_VERSION = CMSSW_6_2_0_SLHC12
ProcessedDataset = ttbar_PU140_DIGI
/scratch/condor/dir_8438/glide_Wn4gGX/execute/dir_670/ProdCommon/FwkJobRep/ModifyJobReport.py fjr /scratch/condor/dir_8438/glide_Wn4gGX/execute/dir_670/crab_fjr_373.xml json /scratch/condor/dir_8438/glide_Wn4gGX/execute/dir_670/resultCopyFile n_job 373_1_qxS PrimaryDataset ttbar  ApplicationFamily cmsRun ApplicationName cmsRun cmssw_version CMSSW_6_2_0_SLHC12 psethash 3c0380cf82de79bc39966c93934c61fc UserProcessedDataset dcieri-ttbar_PU140_DIGI-3c0380cf82de79bc39966c93934c61fc
inputDict =  {u'/scratch/condor/dir_8438/glide_Wn4gGX/execute/dir_670/CMSSW_6_2_0_SLHC12/step2_373_1_qxS.root': {u'endpoint': u'srm://heplnx204.pp.rl.ac.uk:8443/srm/managerv2?SFN=/pnfs/pp.rl.ac.uk/data/cms/store/user/dcieri/ttbar_PU140_DIGI/dcieri/ttbar/ttbar_PU140_DIGI/3c0380cf82de79bc39966c93934c61fc/', u'surl_for_grid': u'', u'reason': u'Copy succedeed with srm-lcg utils', u'erCode': u'0', u'PNN': u'T2_UK_SGrid_RALPP', u'se_name': u'heplnx204.pp.rl.ac.uk', u'for_lfn': u'/store/user/dcieri/ttbar_PU140_DIGI/dcieri/ttbar/ttbar_PU140_DIGI/3c0380cf82de79bc39966c93934c61fc/'}}
UserProcessedDataset =  dcieri-ttbar_PU140_DIGI-3c0380cf82de79bc39966c93934c61fc
WORKING ON EDM FILE
file_name in inputDict =  /scratch/condor/dir_8438/glide_Wn4gGX/execute/dir_670/CMSSW_6_2_0_SLHC12/step2_373_1_qxS.root
(size) os.stat(filename)[6] =  251910914
checksum =  1884850934
    file =  step2_373_1_qxS.root
    newPfn =  srm://heplnx204.pp.rl.ac.uk:8443/srm/managerv2?SFN=/pnfs/pp.rl.ac.uk/data/cms/store/user/dcieri/ttbar_PU140_DIGI/dcieri/ttbar/ttbar_PU140_DIGI/3c0380cf82de79bc39966c93934c61fc/step2_373_1_qxS.root
    newLfn =  /store/user/dcieri/ttbar_PU140_DIGI/dcieri/ttbar/ttbar_PU140_DIGI/3c0380cf82de79bc39966c93934c61fc/step2_373_1_qxS.root
>>> crab_fjr_*.xml  permission set to 0704
CrabWrapper EXIT_FUNC entered at Mon Feb  2 23:19:01 GMT 2015   -  Mon Feb  2 23:19:01 UTC 2015
Checking output files:  
will tar file crab_fjr_373.xml in  out_files_373
WARNING: output file CMSSW_373.stdout not found!
WARNING: output file CMSSW_373.stderr not found!
WARNING: output file Watchdog_373.log.gz not found!
>>> padding time: Wrapper lasting more than 600 seconds. No sleep required.
STOPPING WATCHDOG. CrabWatchdog PID is 3477
********** LAST 50 LINES OF WATCHDOG LOG
 Feb 02 21:32:56 GMT	3613	1237820	1700860	74	171	3141	cmsRun -j /scratch/condor/dir_8438/glide_Wn4gGX/execute/dir_670/crab_fjr_373.xml -p pset.py      
 Feb 02 21:33:56 GMT	3613	1238272	1701372	74	172	3201	cmsRun -j /scratch/condor/dir_8438/glide_Wn4gGX/execute/dir_670/crab_fjr_373.xml -p pset.py      
 Feb 02 21:35:57 GMT	3613	1239124	1701372	74	175	3322	cmsRun -j /scratch/condor/dir_8438/glide_Wn4gGX/execute/dir_670/crab_fjr_373.xml -p pset.py      
 Feb 02 21:36:57 GMT	3613	1241760	1701372	74	177	3383	cmsRun -j /scratch/condor/dir_8438/glide_Wn4gGX/execute/dir_670/crab_fjr_373.xml -p pset.py      
 Feb 02 21:37:58 GMT	3613	1242472	1705468	74	179	3443	cmsRun -j /scratch/condor/dir_8438/glide_Wn4gGX/execute/dir_670/crab_fjr_373.xml -p pset.py      
 Feb 02 21:38:58 GMT	3613	1258344	1715964	74	181	3503	cmsRun -j /scratch/condor/dir_8438/glide_Wn4gGX/execute/dir_670/crab_fjr_373.xml -p pset.py      
 Feb 02 21:40:59 GMT	3613	1350296	1720060	74	193	3624	cmsRun -j /scratch/condor/dir_8438/glide_Wn4gGX/execute/dir_670/crab_fjr_373.xml -p pset.py      
 Feb 02 21:41:59 GMT	3613	1375156	1724668	74	198	3685	cmsRun -j /scratch/condor/dir_8438/glide_Wn4gGX/execute/dir_670/crab_fjr_373.xml -p pset.py      
 Feb 02 21:43:00 GMT	3613	1379032	1726460	74	201	3745	cmsRun -j /scratch/condor/dir_8438/glide_Wn4gGX/execute/dir_670/crab_fjr_373.xml -p pset.py      
 Feb 02 21:44:00 GMT	3613	1380552	1727996	74	204	3805	cmsRun -j /scratch/condor/dir_8438/glide_Wn4gGX/execute/dir_670/crab_fjr_373.xml -p pset.py      
 Feb 02 21:45:00 GMT	3613	1380552	1732604	74	220	3866	cmsRun -j /scratch/condor/dir_8438/glide_Wn4gGX/execute/dir_670/crab_fjr_373.xml -p pset.py      
 Feb 02 21:45:00 GMT	---	1380552	1732604	97	----	----	----
 Feb 02 21:46:01 GMT	3613	1380552	1733372	97	222	3926	cmsRun -j /scratch/condor/dir_8438/glide_Wn4gGX/execute/dir_670/crab_fjr_373.xml -p pset.py      
 Feb 02 21:47:01 GMT	3613	1380552	1734908	97	224	3987	cmsRun -j /scratch/condor/dir_8438/glide_Wn4gGX/execute/dir_670/crab_fjr_373.xml -p pset.py      
 Feb 02 21:48:02 GMT	3613	1380552	1735420	97	226	4047	cmsRun -j /scratch/condor/dir_8438/glide_Wn4gGX/execute/dir_670/crab_fjr_373.xml -p pset.py      
 Feb 02 21:50:02 GMT	3613	1380552	1735424	97	231	4168	cmsRun -j /scratch/condor/dir_8438/glide_Wn4gGX/execute/dir_670/crab_fjr_373.xml -p pset.py      
 Feb 02 21:51:03 GMT	3613	1380552	1738240	97	234	4228	cmsRun -j /scratch/condor/dir_8438/glide_Wn4gGX/execute/dir_670/crab_fjr_373.xml -p pset.py      
 Feb 02 21:52:03 GMT	3613	1380552	1739264	97	237	4288	cmsRun -j /scratch/condor/dir_8438/glide_Wn4gGX/execute/dir_670/crab_fjr_373.xml -p pset.py      
 Feb 02 21:54:04 GMT	3613	1380552	1740544	97	243	4409	cmsRun -j /scratch/condor/dir_8438/glide_Wn4gGX/execute/dir_670/crab_fjr_373.xml -p pset.py      
 Feb 02 21:55:04 GMT	3613	1380552	1741312	97	247	4470	cmsRun -j /scratch/condor/dir_8438/glide_Wn4gGX/execute/dir_670/crab_fjr_373.xml -p pset.py      
# TIME			PID	RSS(KB)	VSZ(KB)	Dsk(MB)	tCPU(s)	tWALL(s)	COMMAND
 Feb 02 21:56:05 GMT	3613	1380552	1744384	97	250	4530	cmsRun -j /scratch/condor/dir_8438/glide_Wn4gGX/execute/dir_670/crab_fjr_373.xml -p pset.py      
 Feb 02 21:57:05 GMT	3613	1380552	1752064	97	254	4590	cmsRun -j /scratch/condor/dir_8438/glide_Wn4gGX/execute/dir_670/crab_fjr_373.xml -p pset.py      
 Feb 02 21:59:06 GMT	3613	1380552	1754368	97	259	4711	cmsRun -j /scratch/condor/dir_8438/glide_Wn4gGX/execute/dir_670/crab_fjr_373.xml -p pset.py      
 Feb 02 22:00:06 GMT	3613	1380552	1757952	97	265	4771	cmsRun -j /scratch/condor/dir_8438/glide_Wn4gGX/execute/dir_670/crab_fjr_373.xml -p pset.py      
 Feb 02 22:01:06 GMT	3613	1393864	1768192	97	278	4832	cmsRun -j /scratch/condor/dir_8438/glide_Wn4gGX/execute/dir_670/crab_fjr_373.xml -p pset.py      
 Feb 02 22:02:07 GMT	3613	1400608	1772800	97	281	4892	cmsRun -j /scratch/condor/dir_8438/glide_Wn4gGX/execute/dir_670/crab_fjr_373.xml -p pset.py      
 Feb 02 22:03:07 GMT	3613	1410184	1775616	97	287	4953	cmsRun -j /scratch/condor/dir_8438/glide_Wn4gGX/execute/dir_670/crab_fjr_373.xml -p pset.py      
 Feb 02 22:04:08 GMT	3613	1410184	1789184	97	311	5013	cmsRun -j /scratch/condor/dir_8438/glide_Wn4gGX/execute/dir_670/crab_fjr_373.xml -p pset.py      
 Feb 02 22:04:08 GMT	---	1410184	1789184	120	----	----	----
 Feb 02 22:12:11 GMT	3613	1410184	1789952	120	318	5496	cmsRun -j /scratch/condor/dir_8438/glide_Wn4gGX/execute/dir_670/crab_fjr_373.xml -p pset.py      
 Feb 02 22:13:11 GMT	3613	1410184	1792000	120	323	5556	cmsRun -j /scratch/condor/dir_8438/glide_Wn4gGX/execute/dir_670/crab_fjr_373.xml -p pset.py      
 Feb 02 22:15:12 GMT	3613	1410184	1792256	120	331	5677	cmsRun -j /scratch/condor/dir_8438/glide_Wn4gGX/execute/dir_670/crab_fjr_373.xml -p pset.py      
 Feb 02 22:17:13 GMT	3613	1410184	1807616	120	345	5798	cmsRun -j /scratch/condor/dir_8438/glide_Wn4gGX/execute/dir_670/crab_fjr_373.xml -p pset.py      
 Feb 02 22:18:13 GMT	3613	1410184	1823488	120	367	5858	cmsRun -j /scratch/condor/dir_8438/glide_Wn4gGX/execute/dir_670/crab_fjr_373.xml -p pset.py      
 Feb 02 22:25:16 GMT	---	1410184	1823488	140	----	----	----
 Feb 02 22:39:21 GMT	3613	1550528	1915652	140	468	7126	cmsRun -j /scratch/condor/dir_8438/glide_Wn4gGX/execute/dir_670/crab_fjr_373.xml -p pset.py      
 Feb 02 22:39:21 GMT	---	1550528	1915652	142	----	----	----
 Feb 02 22:40:21 GMT	---	1550528	1915652	163	----	----	----
 Feb 02 22:49:25 GMT	3613	1575964	1925636	163	551	7730	cmsRun -j /scratch/condor/dir_8438/glide_Wn4gGX/execute/dir_670/crab_fjr_373.xml -p pset.py      
 Feb 02 22:49:25 GMT	---	1575964	1925636	168	----	----	----
 Feb 02 22:50:26 GMT	---	1575964	1925636	185	----	----	----
 Feb 02 22:57:28 GMT	---	1575964	1925636	209	----	----	----
 Feb 02 23:03:30 GMT	3613	1575964	1933060	209	705	8576	cmsRun -j /scratch/condor/dir_8438/glide_Wn4gGX/execute/dir_670/crab_fjr_373.xml -p pset.py      
 Feb 02 23:04:31 GMT	3613	1620812	1995268	209	720	8636	cmsRun -j /scratch/condor/dir_8438/glide_Wn4gGX/execute/dir_670/crab_fjr_373.xml -p pset.py      
 Feb 02 23:04:31 GMT	---	1620812	1995268	214	----	----	----
 Feb 02 23:05:31 GMT	---	1620812	1995268	231	----	----	----
 Feb 02 23:12:34 GMT	---	1620812	1995268	253	----	----	----
 Feb 02 23:17:36 GMT	3613	1620812	2013188	253	872	9422	cmsRun -j /scratch/condor/dir_8438/glide_Wn4gGX/execute/dir_670/crab_fjr_373.xml -p pset.py      
 Feb 02 23:18:37 GMT	---	1620812	2013188	278	----	----	----
********** WATCHDOG LOG ENDED
ZIPPING WATCHDOG LOG
Disk space used:
du -sh /scratch/condor/dir_8438/glide_Wn4gGX/execute/dir_670
278M	/scratch/condor/dir_8438/glide_Wn4gGX/execute/dir_670
Found unusual stdout, rename for OSB
`/scratch/condor/dir_8438/glide_Wn4gGX/execute/dir_670/_condor_stdout' -> `CMSSW_373.stdout'
Found unusual stderr, rename for OSB
`/scratch/condor/dir_8438/glide_Wn4gGX/execute/dir_670/_condor_stdout' -> `CMSSW_373.stderr'
crab_fjr_373.xml
CMSSW_373.stdout
CMSSW_373.stderr
Watchdog_373.log.gz
Total Output dimension: 24661
WARNING: output files size limit is set to: 50000000
Total Output dimension 24661 is fine.
JOB_EXIT_STATUS = 0
>>> info for dashboard:
***** Cat /scratch/condor/dir_8438/glide_Wn4gGX/execute/dir_670/jobreport.txt *****
MonitorJobID=373_https://submit-6.t2.ucsd.edu//150202//509447.372
MonitorID=dcieri_PU140_4dm08r
ExeTime=9448
ExeExitCode=0
StageOutExitStatusReason = 'Copy succedeed with srm-lcg utils'
StageOutSE = heplnx204.pp.rl.ac.uk
StageOutExitStatus = 0
CrabUserCpuTime=874.01
CrabSysCpuTime=21.72
CrabCpuPercentage=9%
CrabWrapperTime=9510
CrabStageoutTime=49
JobExitCode=0
***** End Cat jobreport *****
Parameters sent to Dashboard.
EXITING at Mon Feb  2 23:19:04 GMT 2015  -  Mon Feb  2 23:19:04 UTC 2015
