This script was generated by crab (version 2.11.1_patch1).
Running /scratch/condor/dir_1772/glide_72zWWL/execute/dir_27643/condor_exec.exe with 2 positional parameters: 89 1
Today is Mon Feb  2 19:44:29 GMT 2015 - Mon Feb  2 19:44:29 UTC 2015
Job submitted on host heplnc187.pp.rl.ac.uk
Linux heplnc187.pp.rl.ac.uk 2.6.32-504.3.3.el6.x86_64 #1 SMP Tue Dec 16 14:29:22 CST 2014 x86_64 x86_64 x86_64 GNU/Linux
Distributor ID:	Scientific
Description:	Scientific Linux release 6.6 (Carbon)
>>> current directory (RUNTIME_AREA): /scratch/condor/dir_1772/glide_72zWWL/execute/dir_27643
>>> current user: uid=157415(cms415) gid=157000(gplcms) groups=157000(gplcms)
>>> directory permission set to 0700
>>> umask set to:  u=rwx,g=,o=
>>> stdout stderr permission set to 0704
>>> voms proxy information:
subject   : /DC=ch/DC=cern/OU=Organic Units/OU=Users/CN=dcieri/CN=755391/CN=Davide Cieri/CN=769881070/CN=857932287
issuer    : /DC=ch/DC=cern/OU=Organic Units/OU=Users/CN=dcieri/CN=755391/CN=Davide Cieri/CN=769881070
identity  : /DC=ch/DC=cern/OU=Organic Units/OU=Users/CN=dcieri/CN=755391/CN=Davide Cieri
type      : RFC3820 compliant limited proxy
strength  : 1024
path      : /scratch/condor/dir_1772/glide_72zWWL/execute/dir_27643/x509up_u62281
timeleft  : 23:57:27
key usage : Digital Signature, Key Encipherment
=== VO cms extension information ===
VO        : cms
subject   : /DC=ch/DC=cern/OU=Organic Units/OU=Users/CN=dcieri/CN=755391/CN=Davide Cieri
issuer    : /DC=ch/DC=cern/OU=computers/CN=lcg-voms2.cern.ch
attribute : /cms/Role=NULL/Capability=NULL
timeleft  : 184:31:55
uri       : lcg-voms2.cern.ch:15002

WNHostName=heplnc187.pp.rl.ac.uk
$_CONDOR_JOB_AD =/scratch/condor/dir_1772/glide_72zWWL/execute/dir_27643/.job.ad
OverflowFlag=0
>>> tar --no-same-permissions -xf /scratch/condor/dir_1772/glide_72zWWL/execute/dir_27643/default.tgz :
Successful untar
>>> Include /scratch/condor/dir_1772/glide_72zWWL/execute/dir_27643 in PYTHONPATH:
strip arguments
env var CRAB_UNIQUE_JOB_ID set to: dcieri_PU140_4dm08r_89_1_B9h
out_files_89
>>> list of expected files on output sandbox
output files: crab_fjr_89.xml CMSSW_89.stdout CMSSW_89.stderr Watchdog_89.log.gz
>>> GridFlavour discovery: 
GridFlavour=LCG
>>> SyncSite discovery: 
SyncSite=T2_UK_SGrid_RALPP
>>> SyncCE discovery: 
getting SyncCE from GLIDEIN_Gaekeeper
SyncCE=heplnv147.pp.rl.ac.uk
>>> info for dashboard:
***** Cat /scratch/condor/dir_1772/glide_72zWWL/execute/dir_27643/jobreport.txt *****
WNHostName=heplnc187.pp.rl.ac.uk
OverflowFlag=0
MonitorJobID=89_https://submit-6.t2.ucsd.edu//150202//509447.88
SyncGridJobId=https://submit-6.t2.ucsd.edu//150202//509447.88
MonitorID=dcieri_PU140_4dm08r
GridFlavour=LCG
SyncSite=T2_UK_SGrid_RALPP
SyncCE=heplnv147.pp.rl.ac.uk
***** End Cat jobreport *****
Parameters sent to Dashboard.
>>> setup environment
set SCRAM ARCH to slc6_amd64_gcc472
SCRAM_ARCH = slc6_amd64_gcc472
>>> setup CMS LCG environment:
set SCRAM ARCH and BUILD_ARCH to slc6_amd64_gcc472 ###
Sourcing environment... 
sourcing /cvmfs/cms.cern.ch/cmsset_default.sh
==> setup cms environment ok
>>> specific cmssw setup environment:
CMSSW_VERSION =  CMSSW_6_2_0_SLHC12
WARNING: In non-interactive mode release checks e.g. deprecated releases, production architectures are disabled.
>>> current directory (SOFTWARE_DIR): /scratch/condor/dir_1772/glide_72zWWL/execute/dir_27643/CMSSW_6_2_0_SLHC12
PreserveSeeds: <>
IncrementSeeds:<>
>>> info for dashboard:
***** Cat /scratch/condor/dir_1772/glide_72zWWL/execute/dir_27643/jobreport.txt *****
MonitorJobID=89_https://submit-6.t2.ucsd.edu//150202//509447.88
MonitorID=dcieri_PU140_4dm08r
***** End Cat jobreport *****
Parameters sent to Dashboard.
crabWatchdog started as process 28923
>>> moving CMSSW software directories in /scratch/condor/dir_1772/glide_72zWWL/execute/dir_27643/CMSSW_6_2_0_SLHC12
mv: cannot stat `/scratch/condor/dir_1772/glide_72zWWL/execute/dir_27643/module/': No such file or directory
>>> Include /scratch/condor/dir_1772/glide_72zWWL/execute/dir_27643 in PYTHONPATH:
PYTHONPATH=/scratch/condor/dir_1772/glide_72zWWL/execute/dir_27643/:/scratch/condor/dir_1772/glide_72zWWL/execute/dir_27643/CMSSW_6_2_0_SLHC12/python:/scratch/condor/dir_1772/glide_72zWWL/execute/dir_27643/CMSSW_6_2_0_SLHC12/lib/slc6_amd64_gcc472:/cvmfs/cms.cern.ch/slc6_amd64_gcc472/cms/cmssw/CMSSW_6_2_0_SLHC12/python:/cvmfs/cms.cern.ch/slc6_amd64_gcc472/cms/cmssw/CMSSW_6_2_0_SLHC12/lib/slc6_amd64_gcc472:/cvmfs/cms.cern.ch/slc6_amd64_gcc472/cms/coral/CORAL_2_3_21-cms35/slc6_amd64_gcc472/python:/cvmfs/cms.cern.ch/slc6_amd64_gcc472/cms/coral/CORAL_2_3_21-cms35/slc6_amd64_gcc472/lib:/cvmfs/cms.cern.ch/slc6_amd64_gcc472/external/python-ldap/2.3.5-cms5/lib/python2.7/site-packages:/cvmfs/cms.cern.ch/slc6_amd64_gcc472/external/pyqt/4.8.1-cms5/lib/python2.7/site-packages:/cvmfs/cms.cern.ch/slc6_amd64_gcc472/external/py2-scipy/0.8.0-cms7/lib/python2.7/site-packages:/cvmfs/cms.cern.ch/slc6_amd64_gcc472/external/py2-matplotlib/1.0.1-cms7/lib/python2.7/site-packages:/cvmfs/cms.cern.ch/slc6_amd64_gcc472/external/sip/4.11.2-cms5/lib/python2.7/site-packages:/cvmfs/cms.cern.ch/slc6_amd64_gcc472/external/py2-pycurl/7.19.0-cms7/lib/python2.7/site-packages:/cvmfs/cms.cern.ch/slc6_amd64_gcc472/external/py2-numpy/1.6.1-cms7/lib/python2.7/site-packages:/cvmfs/cms.cern.ch/slc6_amd64_gcc472/external/py2-lint/0.25.1-cms5/lib/python2.7/site-packages:/cvmfs/cms.cern.ch/slc6_amd64_gcc472/external/py2-ipython/0.10-cms5/lib/python2.7/site-packages:/cvmfs/cms.cern.ch/slc6_amd64_gcc472/external/py2-cx-oracle/5.1-cms5/lib/python2.7/site-packages:/cvmfs/cms.cern.ch/slc6_amd64_gcc472/external/py2-cjson/1.0.5-cms5/lib/python2.7/site-packages:/cvmfs/cms.cern.ch/slc6_amd64_gcc472/cms/das-client/1.11.7/bin:/cvmfs/cms.cern.ch/slc6_amd64_gcc472/external/elementtree/1.2.6-cms5/share/lib/python2.7/site-packages:/cvmfs/cms.cern.ch/slc6_amd64_gcc472/external/rivet/1.8.2-cms9/lib/python2.7/site-packages:/cvmfs/cms.cern.ch/slc6_amd64_gcc472/external/pyminuit2/0.0.1-cms19/lib/python2.7/site-packages:/cvmfs/cms.cern.ch/slc6_amd64_gcc472/external/py2-pygithub/1.23.0-cms2/lib/python2.7/site-packages:/cvmfs/cms.cern.ch/slc6_amd64_gcc472/external/professor/1.0.0-cms19/lib/python2.7/site-packages:/cvmfs/cms.cern.ch/slc6_amd64_gcc472/lcg/root/5.34.07-cms/lib:/cvmfs/cms.cern.ch/slc6_amd64_gcc472/cms/dbs-client/DBS_2_1_9-cms5/lib:/cvmfs/cms.cern.ch/slc6_amd64_gcc472/cms/dbs-client/DBS_2_1_9-cms5/lib/DBSAPI:/cvmfs/cms.cern.ch/slc6_amd64_gcc472/external/cvs2git/5419-cms/lib:/scratch/condor/dir_1772/glide_72zWWL/execute/dir_27643/
 
# LIMITS USED BY CRAB WATCHDOG:
# RSS  (KBytes)   : 2300000
# VSZ  (KBytes)   : 100000000
# DISK (MBytes)   : 19000
# CPU TIME        : 720h:0m:0s
# WALL CLOCK TIME : 21h:50m:0s
 
3c0380cf82de79bc39966c93934c61fc
PSETHASH = 3c0380cf82de79bc39966c93934c61fc
/scratch/condor/dir_1772/glide_72zWWL/execute/dir_27643/writeCfg.py pset.py pset.py
Importing .py file
Setting parameters
RandomNumberGeneratorService found, will attempt to change seeds
inputBlocks=/ttbar/dcieri-ttbar_SIM-130075366148575c102f0d64fd3ac8f7/USER#417d7dc2-08fd-4092-82c4-7ac02f79c2d9
inputFiles=/store/user/dcieri/ttbar_SIM/ttbar/ttbar_SIM/150129_145223/0000/step1_461.root
parentFiles=
lumisRange=
>>> Executable cmsRun
/cvmfs/cms.cern.ch/slc6_amd64_gcc472/cms/cmssw/CMSSW_6_2_0_SLHC12/bin/slc6_amd64_gcc472/cmsRun
ok executable found
>>> info for dashboard:
***** Cat /scratch/condor/dir_1772/glide_72zWWL/execute/dir_27643/jobreport.txt *****
MonitorJobID=89_https://submit-6.t2.ucsd.edu//150202//509447.88
MonitorID=dcieri_PU140_4dm08r
ExeStart=cmsRun
***** End Cat jobreport *****
Parameters sent to Dashboard.
>>> cmsRun started at Mon Feb  2 19:44:46 UTC 2015
>>> cmsRun ended at Mon Feb  2 22:57:06 UTC 2015
>>> crab_fjr_*.xml  permission set to 0704
>>> info for dashboard:
***** Cat /scratch/condor/dir_1772/glide_72zWWL/execute/dir_27643/jobreport.txt *****
MonitorJobID=89_https://submit-6.t2.ucsd.edu//150202//509447.88
MonitorID=dcieri_PU140_4dm08r
ExeEnd=cmsRun
***** End Cat jobreport *****
Parameters sent to Dashboard.
TIME_EXE = 11540 sec
>>> cmsRun wrote 238 lines of stdout+stderr
>>> START OF printout of 238 lines from stdout+stderr
271 DQMStore::DQMStore 
HcalTopologyIdealEP::HcalTopologyIdealEP
02-Feb-2015 19:44:56 GMT  Initiating request to open file root://dcap.pp.rl.ac.uk:1094/pnfs/pp.rl.ac.uk/data/cms/store/user/dcieri/ttbar_SIM/ttbar/ttbar_SIM/150129_145223/0000/step1_461.root
02-Feb-2015 19:44:57 GMT  Successfully opened file root://dcap.pp.rl.ac.uk:1094/pnfs/pp.rl.ac.uk/data/cms/store/user/dcieri/ttbar_SIM/ttbar/ttbar_SIM/150129_145223/0000/step1_461.root
02-Feb-2015 19:44:58 GMT  Initiating request to open file root://xrootd.unl.edu//store/group/dpg_trigger/comm_trigger/L1TrackTrigger/620_SLHC10/Extended2023TTI/MinBias/MinBias_TuneZ2star_GEN_SIM_1.root
02-Feb-2015 19:45:30 GMT  Successfully opened file root://xrootd.unl.edu//store/group/dpg_trigger/comm_trigger/L1TrackTrigger/620_SLHC10/Extended2023TTI/MinBias/MinBias_TuneZ2star_GEN_SIM_1.root
disableME1a = 0
HcalTopologyIdealEP::produce(const IdealGeometryRecord& iRecord)
mode = 2, maxDepthHB = 3, maxDepthHE = 5
RPCGeometryESModule :: produce
RPCGeometryESModule :: produce :: 1/4 Get Muon Ideal Geometry Record
RPCGeometryESModule :: produce :: 2/4 Get Muon DDD Constants
RPCGeometryESModule :: produce :: 3/4 Get Muon Numbering Record
in MuonNumberingInitialization::initializeMuonDDDConstants
about to make my new muonDDDConst_
in MuonNumberingInitialization::produce
RPCGeometryESModule :: produce :: 4/4 Build
Found:

	Barrel Stack layer 5 : 1008 stacks
	Barrel Stack layer 6 : 1320 stacks
	Barrel Stack layer 7 : 1836 stacks
	Barrel Stack layer 8 : 1152 stacks
	Barrel Stack layer 9 : 1488 stacks
	Barrel Stack layer 10 : 1824 stacks

	Endcap Stack disk 11 : 1360 stacks
	Endcap Stack disk 12 : 1360 stacks
	Endcap Stack disk 13 : 1360 stacks
	Endcap Stack disk 14 : 1360 stacks
	Endcap Stack disk 15 : 1360 stacks
Created 15428 stacks in 26 s

TTClusterBuilder< edm::Ref<edm::DetSetVector<PixelDigi>, PixelDigi, edm::refhelper::FindForDetSetVector<PixelDigi> > > loaded modules:
	TTClusterAlgorithm:	TTClusterAlgorithm_2d2013< edm::Ref<edm::DetSetVector<PixelDigi>, PixelDigi, edm::refhelper::FindForDetSetVector<PixelDigi> > >


TTStubBuilder< edm::Ref<edm::DetSetVector<PixelDigi>, PixelDigi, edm::refhelper::FindForDetSetVector<PixelDigi> > > loaded modules:
	TTStubAlgorithm:	TTStubAlgorithm_tab2013< edm::Ref<edm::DetSetVector<PixelDigi>, PixelDigi, edm::refhelper::FindForDetSetVector<PixelDigi> > >


TTClusterAssociator< edm::Ref<edm::DetSetVector<PixelDigi>, PixelDigi, edm::refhelper::FindForDetSetVector<PixelDigi> > > loaded.


TTStubAssociator< edm::Ref<edm::DetSetVector<PixelDigi>, PixelDigi, edm::refhelper::FindForDetSetVector<PixelDigi> > > loaded.


TTTrackAssociator< edm::Ref<edm::DetSetVector<PixelDigi>, PixelDigi, edm::refhelper::FindForDetSetVector<PixelDigi> > > loaded.

Begin processing the 1st record. Run 1, Event 4601, LumiSection 461 at 02-Feb-2015 19:46:15.595 GMT
02-Feb-2015 19:46:23 GMT  Closed file root://xrootd.unl.edu//store/group/dpg_trigger/comm_trigger/L1TrackTrigger/620_SLHC10/Extended2023TTI/MinBias/MinBias_TuneZ2star_GEN_SIM_1.root
02-Feb-2015 19:46:23 GMT  Initiating request to open file root://xrootd.unl.edu//store/group/dpg_trigger/comm_trigger/L1TrackTrigger/620_SLHC10/Extended2023TTI/MinBias/MinBias_TuneZ2star_GEN_SIM_973.root
02-Feb-2015 19:46:55 GMT  Successfully opened file root://xrootd.unl.edu//store/group/dpg_trigger/comm_trigger/L1TrackTrigger/620_SLHC10/Extended2023TTI/MinBias/MinBias_TuneZ2star_GEN_SIM_973.root
150202 19:51:26 29571 Xrd: XrdClientMessage::ReadRaw: Failed to read header (8 bytes).
150202 19:51:56 29569 Xrd: XrdClientMessage::ReadRaw: Failed to read header (8 bytes).
02-Feb-2015 19:58:24 GMT  Closed file root://xrootd.unl.edu//store/group/dpg_trigger/comm_trigger/L1TrackTrigger/620_SLHC10/Extended2023TTI/MinBias/MinBias_TuneZ2star_GEN_SIM_973.root
02-Feb-2015 19:58:24 GMT  Initiating request to open file root://xrootd.unl.edu//store/group/dpg_trigger/comm_trigger/L1TrackTrigger/620_SLHC10/Extended2023TTI/MinBias/MinBias_TuneZ2star_GEN_SIM_126.root
150202 19:58:55 5271 Xrd: CheckErrorStatus: Server [xrootd.ba.infn.it:1094] declared: session not found(error code: 3011)
02-Feb-2015 19:58:56 GMT  Successfully opened file root://xrootd.unl.edu//store/group/dpg_trigger/comm_trigger/L1TrackTrigger/620_SLHC10/Extended2023TTI/MinBias/MinBias_TuneZ2star_GEN_SIM_126.root
150202 20:03:26 30405 Xrd: XrdClientMessage::ReadRaw: Failed to read header (8 bytes).
150202 20:03:56 5637 Xrd: XrdClientMessage::ReadRaw: Failed to read header (8 bytes).
150202 20:05:26 29213 Xrd: XrdClientMessage::ReadRaw: Failed to read header (8 bytes).
150202 20:05:26 29214 Xrd: XrdClientMessage::ReadRaw: Failed to read header (8 bytes).
150202 20:06:56 29568 Xrd: XrdClientMessage::ReadRaw: Failed to read header (8 bytes).
02-Feb-2015 20:07:40 GMT  Closed file root://xrootd.unl.edu//store/group/dpg_trigger/comm_trigger/L1TrackTrigger/620_SLHC10/Extended2023TTI/MinBias/MinBias_TuneZ2star_GEN_SIM_126.root
02-Feb-2015 20:07:40 GMT  Initiating request to open file root://xrootd.unl.edu//store/group/dpg_trigger/comm_trigger/L1TrackTrigger/620_SLHC10/Extended2023TTI/MinBias/MinBias_TuneZ2star_GEN_SIM_945.root
150202 20:10:38 11914 Xrd: CheckErrorStatus: Server [llrxrd-redir.in2p3.fr:1094] declared: session not found(error code: 3011)
02-Feb-2015 20:10:39 GMT  Successfully opened file root://xrootd.unl.edu//store/group/dpg_trigger/comm_trigger/L1TrackTrigger/620_SLHC10/Extended2023TTI/MinBias/MinBias_TuneZ2star_GEN_SIM_945.root
150202 20:12:56 5638 Xrd: XrdClientMessage::ReadRaw: Failed to read header (8 bytes).
Building the geometry service
Warning did not find digi
Warning did not find digi
Warning did not find digi
Warning did not find digi
Warning did not find digi in disks
Warning did not find digi in disks
Warning did not find digi in disks
Warning did not find digi in disks
150202 20:15:57 13684 Xrd: XrdClientMessage::ReadRaw: Failed to read header (8 bytes).
150202 20:18:56 5636 Xrd: XrdClientMessage::ReadRaw: Failed to read header (8 bytes).
150202 20:30:56 29567 Xrd: XrdClientMessage::ReadRaw: Failed to read header (8 bytes).
150202 20:30:56 13683 Xrd: XrdClientMessage::ReadRaw: Failed to read header (8 bytes).
150202 20:30:56 29217 Xrd: XrdClientMessage::ReadRaw: Failed to read header (8 bytes).
150202 20:30:56 29570 Xrd: XrdClientMessage::ReadRaw: Failed to read header (8 bytes).
02-Feb-2015 20:30:56 GMT  Closed file root://xrootd.unl.edu//store/group/dpg_trigger/comm_trigger/L1TrackTrigger/620_SLHC10/Extended2023TTI/MinBias/MinBias_TuneZ2star_GEN_SIM_945.root
02-Feb-2015 20:30:56 GMT  Initiating request to open file root://xrootd.unl.edu//store/group/dpg_trigger/comm_trigger/L1TrackTrigger/620_SLHC10/Extended2023TTI/MinBias/MinBias_TuneZ2star_GEN_SIM_149.root
150202 20:30:57 29205 Xrd: CheckErrorStatus: Server [xrootd.unl.edu] declared: session not found(error code: 3011)
150202 20:31:28 26252 Xrd: CheckErrorStatus: Server [cms-xrd-global.cern.ch:1094] declared: session not found(error code: 3011)
150202 20:31:28 26252 Xrd: CheckErrorStatus: Server [xrootd.ba.infn.it:1094] declared: session not found(error code: 3011)
150202 20:31:29 26252 Xrd: CheckErrorStatus: Server [lxbrf39c03.cern.ch:1098] declared: session not found(error code: 3011)
02-Feb-2015 20:31:29 GMT  Successfully opened file root://xrootd.unl.edu//store/group/dpg_trigger/comm_trigger/L1TrackTrigger/620_SLHC10/Extended2023TTI/MinBias/MinBias_TuneZ2star_GEN_SIM_149.root
150202 20:36:26 13685 Xrd: XrdClientMessage::ReadRaw: Failed to read header (8 bytes).
150202 20:36:56 26493 Xrd: XrdClientMessage::ReadRaw: Failed to read header (8 bytes).
02-Feb-2015 20:39:45 GMT  Closed file root://xrootd.unl.edu//store/group/dpg_trigger/comm_trigger/L1TrackTrigger/620_SLHC10/Extended2023TTI/MinBias/MinBias_TuneZ2star_GEN_SIM_149.root
02-Feb-2015 20:39:45 GMT  Initiating request to open file root://xrootd.unl.edu//store/group/dpg_trigger/comm_trigger/L1TrackTrigger/620_SLHC10/Extended2023TTI/MinBias/MinBias_TuneZ2star_GEN_SIM_737.root
150202 20:40:16 31620 Xrd: CheckErrorStatus: Server [cms-xrd-global.cern.ch:1094] declared: session not found(error code: 3011)
150202 20:40:16 31620 Xrd: CheckErrorStatus: Server [xrootd-redic.pi.infn.it:1094] declared: session not found(error code: 3011)
02-Feb-2015 20:40:16 GMT  Successfully opened file root://xrootd.unl.edu//store/group/dpg_trigger/comm_trigger/L1TrackTrigger/620_SLHC10/Extended2023TTI/MinBias/MinBias_TuneZ2star_GEN_SIM_737.root
150202 20:44:56 26495 Xrd: XrdClientMessage::ReadRaw: Failed to read header (8 bytes).
150202 20:45:26 31984 Xrd: XrdClientMessage::ReadRaw: Failed to read header (8 bytes).
02-Feb-2015 20:48:38 GMT  Closed file root://xrootd.unl.edu//store/group/dpg_trigger/comm_trigger/L1TrackTrigger/620_SLHC10/Extended2023TTI/MinBias/MinBias_TuneZ2star_GEN_SIM_737.root
02-Feb-2015 20:48:38 GMT  Initiating request to open file root://xrootd.unl.edu//store/group/dpg_trigger/comm_trigger/L1TrackTrigger/620_SLHC10/Extended2023TTI/MinBias/MinBias_TuneZ2star_GEN_SIM_170.root
150202 20:49:08 4665 Xrd: CheckErrorStatus: Server [xrootd.ba.infn.it:1094] declared: session not found(error code: 3011)
02-Feb-2015 20:49:08 GMT  Successfully opened file root://xrootd.unl.edu//store/group/dpg_trigger/comm_trigger/L1TrackTrigger/620_SLHC10/Extended2023TTI/MinBias/MinBias_TuneZ2star_GEN_SIM_170.root
150202 20:53:56 32092 Xrd: XrdClientMessage::ReadRaw: Failed to read header (8 bytes).
150202 20:54:26 5017 Xrd: XrdClientMessage::ReadRaw: Failed to read header (8 bytes).
02-Feb-2015 20:57:52 GMT  Closed file root://xrootd.unl.edu//store/group/dpg_trigger/comm_trigger/L1TrackTrigger/620_SLHC10/Extended2023TTI/MinBias/MinBias_TuneZ2star_GEN_SIM_170.root
02-Feb-2015 20:57:52 GMT  Initiating request to open file root://xrootd.unl.edu//store/group/dpg_trigger/comm_trigger/L1TrackTrigger/620_SLHC10/Extended2023TTI/MinBias/MinBias_TuneZ2star_GEN_SIM_882.root
150202 20:57:53 10494 Xrd: CheckErrorStatus: Server [cms-xrd-global.cern.ch:1094] declared: session not found(error code: 3011)
150202 20:57:53 10494 Xrd: CheckErrorStatus: Server [llrxrd-redir.in2p3.fr:1094] declared: session not found(error code: 3011)
02-Feb-2015 20:57:53 GMT  Successfully opened file root://xrootd.unl.edu//store/group/dpg_trigger/comm_trigger/L1TrackTrigger/620_SLHC10/Extended2023TTI/MinBias/MinBias_TuneZ2star_GEN_SIM_882.root
150202 21:00:26 31976 Xrd: XrdClientMessage::ReadRaw: Failed to read header (8 bytes).
150202 21:02:56 5018 Xrd: XrdClientMessage::ReadRaw: Failed to read header (8 bytes).
150202 21:02:56 10526 Xrd: XrdClientMessage::ReadRaw: Failed to read header (8 bytes).
02-Feb-2015 21:06:28 GMT  Closed file root://xrootd.unl.edu//store/group/dpg_trigger/comm_trigger/L1TrackTrigger/620_SLHC10/Extended2023TTI/MinBias/MinBias_TuneZ2star_GEN_SIM_882.root
02-Feb-2015 21:06:28 GMT  Initiating request to open file root://xrootd.unl.edu//store/group/dpg_trigger/comm_trigger/L1TrackTrigger/620_SLHC10/Extended2023TTI/MinBias/MinBias_TuneZ2star_GEN_SIM_595.root
150202 21:09:26 26492 Xrd: XrdClientMessage::ReadRaw: Failed to read header (8 bytes).
150202 21:10:39 16815 Xrd: CheckErrorStatus: Server [cms-xrd-global.cern.ch:1094] declared: session not found(error code: 3011)
150202 21:10:39 16815 Xrd: CheckErrorStatus: Server [xrootd.ba.infn.it:1094] declared: session not found(error code: 3011)
02-Feb-2015 21:10:40 GMT  Successfully opened file root://xrootd.unl.edu//store/group/dpg_trigger/comm_trigger/L1TrackTrigger/620_SLHC10/Extended2023TTI/MinBias/MinBias_TuneZ2star_GEN_SIM_595.root
150202 21:11:56 10527 Xrd: XrdClientMessage::ReadRaw: Failed to read header (8 bytes).
150202 21:15:56 19196 Xrd: XrdClientMessage::ReadRaw: Failed to read header (8 bytes).
150202 21:17:56 10525 Xrd: XrdClientMessage::ReadRaw: Failed to read header (8 bytes).
02-Feb-2015 21:19:26 GMT  Closed file root://xrootd.unl.edu//store/group/dpg_trigger/comm_trigger/L1TrackTrigger/620_SLHC10/Extended2023TTI/MinBias/MinBias_TuneZ2star_GEN_SIM_595.root
02-Feb-2015 21:19:26 GMT  Initiating request to open file root://xrootd.unl.edu//store/group/dpg_trigger/comm_trigger/L1TrackTrigger/620_SLHC10/Extended2023TTI/MinBias/MinBias_TuneZ2star_GEN_SIM_896.root
150202 21:19:58 24725 Xrd: CheckErrorStatus: Server [xrootd.ba.infn.it:1094] declared: session not found(error code: 3011)
02-Feb-2015 21:19:58 GMT  Successfully opened file root://xrootd.unl.edu//store/group/dpg_trigger/comm_trigger/L1TrackTrigger/620_SLHC10/Extended2023TTI/MinBias/MinBias_TuneZ2star_GEN_SIM_896.root
150202 21:24:56 19197 Xrd: XrdClientMessage::ReadRaw: Failed to read header (8 bytes).
150202 21:25:26 24969 Xrd: XrdClientMessage::ReadRaw: Failed to read header (8 bytes).
02-Feb-2015 21:29:19 GMT  Closed file root://xrootd.unl.edu//store/group/dpg_trigger/comm_trigger/L1TrackTrigger/620_SLHC10/Extended2023TTI/MinBias/MinBias_TuneZ2star_GEN_SIM_896.root
02-Feb-2015 21:29:19 GMT  Initiating request to open file root://xrootd.unl.edu//store/group/dpg_trigger/comm_trigger/L1TrackTrigger/620_SLHC10/Extended2023TTI/MinBias/MinBias_TuneZ2star_GEN_SIM_725.root
150202 21:29:50 30891 Xrd: CheckErrorStatus: Server [xrootd.ba.infn.it:1094] declared: session not found(error code: 3011)
02-Feb-2015 21:29:51 GMT  Successfully opened file root://xrootd.unl.edu//store/group/dpg_trigger/comm_trigger/L1TrackTrigger/620_SLHC10/Extended2023TTI/MinBias/MinBias_TuneZ2star_GEN_SIM_725.root
150202 21:34:26 24970 Xrd: XrdClientMessage::ReadRaw: Failed to read header (8 bytes).
150202 21:34:56 31249 Xrd: XrdClientMessage::ReadRaw: Failed to read header (8 bytes).
02-Feb-2015 21:37:37 GMT  Closed file root://xrootd.unl.edu//store/group/dpg_trigger/comm_trigger/L1TrackTrigger/620_SLHC10/Extended2023TTI/MinBias/MinBias_TuneZ2star_GEN_SIM_725.root
02-Feb-2015 21:37:37 GMT  Initiating request to open file root://xrootd.unl.edu//store/group/dpg_trigger/comm_trigger/L1TrackTrigger/620_SLHC10/Extended2023TTI/MinBias/MinBias_TuneZ2star_GEN_SIM_928.root
150202 21:38:09 3328 Xrd: CheckErrorStatus: Server [cms-xrd-global.cern.ch:1094] declared: session not found(error code: 3011)
150202 21:38:09 3328 Xrd: CheckErrorStatus: Server [xrootd-redic.pi.infn.it:1094] declared: session not found(error code: 3011)
02-Feb-2015 21:38:09 GMT  Successfully opened file root://xrootd.unl.edu//store/group/dpg_trigger/comm_trigger/L1TrackTrigger/620_SLHC10/Extended2023TTI/MinBias/MinBias_TuneZ2star_GEN_SIM_928.root
150202 21:42:56 31258 Xrd: XrdClientMessage::ReadRaw: Failed to read header (8 bytes).
150202 21:43:26 3919 Xrd: XrdClientMessage::ReadRaw: Failed to read header (8 bytes).
150202 21:49:56 19195 Xrd: XrdClientMessage::ReadRaw: Failed to read header (8 bytes).
02-Feb-2015 21:52:56 GMT  Closed file root://xrootd.unl.edu//store/group/dpg_trigger/comm_trigger/L1TrackTrigger/620_SLHC10/Extended2023TTI/MinBias/MinBias_TuneZ2star_GEN_SIM_928.root
02-Feb-2015 21:52:56 GMT  Initiating request to open file root://xrootd.unl.edu//store/group/dpg_trigger/comm_trigger/L1TrackTrigger/620_SLHC10/Extended2023TTI/MinBias/MinBias_TuneZ2star_GEN_SIM_711.root
150202 21:53:27 12961 Xrd: CheckErrorStatus: Server [cms-xrd-global.cern.ch:1094] declared: session not found(error code: 3011)
150202 21:53:27 12961 Xrd: CheckErrorStatus: Server [xrootd.ba.infn.it:1094] declared: session not found(error code: 3011)
02-Feb-2015 21:53:27 GMT  Successfully opened file root://xrootd.unl.edu//store/group/dpg_trigger/comm_trigger/L1TrackTrigger/620_SLHC10/Extended2023TTI/MinBias/MinBias_TuneZ2star_GEN_SIM_711.root
150202 21:58:26 3918 Xrd: XrdClientMessage::ReadRaw: Failed to read header (8 bytes).
150202 21:58:26 3920 Xrd: XrdClientMessage::ReadRaw: Failed to read header (8 bytes).
150202 21:58:56 13118 Xrd: XrdClientMessage::ReadRaw: Failed to read header (8 bytes).
02-Feb-2015 21:59:40 GMT  Closed file root://xrootd.unl.edu//store/group/dpg_trigger/comm_trigger/L1TrackTrigger/620_SLHC10/Extended2023TTI/MinBias/MinBias_TuneZ2star_GEN_SIM_711.root
02-Feb-2015 21:59:40 GMT  Initiating request to open file root://xrootd.unl.edu//store/group/dpg_trigger/comm_trigger/L1TrackTrigger/620_SLHC10/Extended2023TTI/MinBias/MinBias_TuneZ2star_GEN_SIM_372.root
150202 22:00:11 17083 Xrd: CheckErrorStatus: Server [cms-xrd-global.cern.ch:1094] declared: session not found(error code: 3011)
150202 22:00:11 17083 Xrd: CheckErrorStatus: Server [xrootd-redic.pi.infn.it:1094] declared: session not found(error code: 3011)
02-Feb-2015 22:00:11 GMT  Successfully opened file root://xrootd.unl.edu//store/group/dpg_trigger/comm_trigger/L1TrackTrigger/620_SLHC10/Extended2023TTI/MinBias/MinBias_TuneZ2star_GEN_SIM_372.root
02-Feb-2015 22:04:38 GMT  Closed file root://xrootd.unl.edu//store/group/dpg_trigger/comm_trigger/L1TrackTrigger/620_SLHC10/Extended2023TTI/MinBias/MinBias_TuneZ2star_GEN_SIM_372.root
02-Feb-2015 22:04:38 GMT  Initiating request to open file root://xrootd.unl.edu//store/group/dpg_trigger/comm_trigger/L1TrackTrigger/620_SLHC10/Extended2023TTI/MinBias/MinBias_TuneZ2star_GEN_SIM_467.root
150202 22:04:42 21035 Xrd: CheckErrorStatus: Server [cms-xrd-global.cern.ch:1094] declared: session not found(error code: 3011)
02-Feb-2015 22:04:42 GMT  Successfully opened file root://xrootd.unl.edu//store/group/dpg_trigger/comm_trigger/L1TrackTrigger/620_SLHC10/Extended2023TTI/MinBias/MinBias_TuneZ2star_GEN_SIM_467.root
02-Feb-2015 22:08:02 GMT  Closed file root://xrootd.unl.edu//store/group/dpg_trigger/comm_trigger/L1TrackTrigger/620_SLHC10/Extended2023TTI/MinBias/MinBias_TuneZ2star_GEN_SIM_467.root
02-Feb-2015 22:08:02 GMT  Initiating request to open file root://xrootd.unl.edu//store/group/dpg_trigger/comm_trigger/L1TrackTrigger/620_SLHC10/Extended2023TTI/MinBias/MinBias_TuneZ2star_GEN_SIM_841.root
150202 22:09:43 13119 Xrd: XrdClientMessage::ReadRaw: Failed to read header (8 bytes).
150202 22:09:56 17829 Xrd: XrdClientMessage::ReadRaw: Failed to read header (8 bytes).
150202 22:09:57 17830 Xrd: XrdClientMessage::ReadRaw: Failed to read header (8 bytes).
150202 22:10:46 23373 Xrd: CheckErrorStatus: Server [xrootd.ba.infn.it:1094] declared: session not found(error code: 3011)
02-Feb-2015 22:10:47 GMT  Successfully opened file root://xrootd.unl.edu//store/group/dpg_trigger/comm_trigger/L1TrackTrigger/620_SLHC10/Extended2023TTI/MinBias/MinBias_TuneZ2star_GEN_SIM_841.root
150202 22:13:26 21039 Xrd: XrdClientMessage::ReadRaw: Failed to read header (8 bytes).
150202 22:15:56 24588 Xrd: XrdClientMessage::ReadRaw: Failed to read header (8 bytes).
02-Feb-2015 22:18:34 GMT  Closed file root://xrootd.unl.edu//store/group/dpg_trigger/comm_trigger/L1TrackTrigger/620_SLHC10/Extended2023TTI/MinBias/MinBias_TuneZ2star_GEN_SIM_841.root
02-Feb-2015 22:18:34 GMT  Initiating request to open file root://xrootd.unl.edu//store/group/dpg_trigger/comm_trigger/L1TrackTrigger/620_SLHC10/Extended2023TTI/MinBias/MinBias_TuneZ2star_GEN_SIM_42.root
150202 22:20:26 17828 Xrd: XrdClientMessage::ReadRaw: Failed to read header (8 bytes).
150202 22:23:56 24589 Xrd: XrdClientMessage::ReadRaw: Failed to read header (8 bytes).
150202 22:24:27 29598 Xrd: CheckErrorStatus: Server [cms-xrd-global.cern.ch:1094] declared: session not found(error code: 3011)
150202 22:24:27 29598 Xrd: CheckErrorStatus: Server [xrootd-redic.pi.infn.it:1094] declared: session not found(error code: 3011)
02-Feb-2015 22:24:28 GMT  Successfully opened file root://xrootd.unl.edu//store/group/dpg_trigger/comm_trigger/L1TrackTrigger/620_SLHC10/Extended2023TTI/MinBias/MinBias_TuneZ2star_GEN_SIM_42.root
150202 22:24:57 21038 Xrd: XrdClientMessage::ReadRaw: Failed to read header (8 bytes).
02-Feb-2015 22:29:01 GMT  Closed file root://xrootd.unl.edu//store/group/dpg_trigger/comm_trigger/L1TrackTrigger/620_SLHC10/Extended2023TTI/MinBias/MinBias_TuneZ2star_GEN_SIM_42.root
02-Feb-2015 22:29:01 GMT  Initiating request to open file root://xrootd.unl.edu//store/group/dpg_trigger/comm_trigger/L1TrackTrigger/620_SLHC10/Extended2023TTI/MinBias/MinBias_TuneZ2star_GEN_SIM_649.root
150202 22:29:32 3404 Xrd: CheckErrorStatus: Server [cms-xrd-global.cern.ch:1094] declared: session not found(error code: 3011)
150202 22:29:32 716 Xrd: XrdClientMessage::ReadRaw: Failed to read header (8 bytes).
150202 22:29:32 3404 Xrd: CheckErrorStatus: Server [llrxrd-redir.in2p3.fr:1094] declared: session not found(error code: 3011)
02-Feb-2015 22:29:32 GMT  Successfully opened file root://xrootd.unl.edu//store/group/dpg_trigger/comm_trigger/L1TrackTrigger/620_SLHC10/Extended2023TTI/MinBias/MinBias_TuneZ2star_GEN_SIM_649.root
150202 22:30:56 13117 Xrd: XrdClientMessage::ReadRaw: Failed to read header (8 bytes).
02-Feb-2015 22:33:12 GMT  Closed file root://xrootd.unl.edu//store/group/dpg_trigger/comm_trigger/L1TrackTrigger/620_SLHC10/Extended2023TTI/MinBias/MinBias_TuneZ2star_GEN_SIM_649.root
02-Feb-2015 22:33:12 GMT  Initiating request to open file root://xrootd.unl.edu//store/group/dpg_trigger/comm_trigger/L1TrackTrigger/620_SLHC10/Extended2023TTI/MinBias/MinBias_TuneZ2star_GEN_SIM_289.root
02-Feb-2015 22:33:42 GMT  Successfully opened file root://xrootd.unl.edu//store/group/dpg_trigger/comm_trigger/L1TrackTrigger/620_SLHC10/Extended2023TTI/MinBias/MinBias_TuneZ2star_GEN_SIM_289.root
150202 22:34:27 717 Xrd: XrdClientMessage::ReadRaw: Failed to read header (8 bytes).
02-Feb-2015 22:37:29 GMT  Closed file root://xrootd.unl.edu//store/group/dpg_trigger/comm_trigger/L1TrackTrigger/620_SLHC10/Extended2023TTI/MinBias/MinBias_TuneZ2star_GEN_SIM_289.root
02-Feb-2015 22:37:29 GMT  Initiating request to open file root://xrootd.unl.edu//store/group/dpg_trigger/comm_trigger/L1TrackTrigger/620_SLHC10/Extended2023TTI/MinBias/MinBias_TuneZ2star_GEN_SIM_451.root
02-Feb-2015 22:38:01 GMT  Successfully opened file root://xrootd.unl.edu//store/group/dpg_trigger/comm_trigger/L1TrackTrigger/620_SLHC10/Extended2023TTI/MinBias/MinBias_TuneZ2star_GEN_SIM_451.root
150202 22:38:26 3994 Xrd: XrdClientMessage::ReadRaw: Failed to read header (8 bytes).
150202 22:42:56 6428 Xrd: XrdClientMessage::ReadRaw: Failed to read header (8 bytes).
150202 22:43:26 3993 Xrd: XrdClientMessage::ReadRaw: Failed to read header (8 bytes).
150202 22:44:56 715 Xrd: XrdClientMessage::ReadRaw: Failed to read header (8 bytes).
02-Feb-2015 22:45:19 GMT  Closed file root://xrootd.unl.edu//store/group/dpg_trigger/comm_trigger/L1TrackTrigger/620_SLHC10/Extended2023TTI/MinBias/MinBias_TuneZ2star_GEN_SIM_451.root
02-Feb-2015 22:45:19 GMT  Initiating request to open file root://xrootd.unl.edu//store/group/dpg_trigger/comm_trigger/L1TrackTrigger/620_SLHC10/Extended2023TTI/MinBias/MinBias_TuneZ2star_GEN_SIM_311.root
150202 22:45:49 18556 Xrd: CheckErrorStatus: Server [cms-xrd-global.cern.ch:1094] declared: session not found(error code: 3011)
150202 22:45:49 18556 Xrd: CheckErrorStatus: Server [xrootd.ba.infn.it:1094] declared: session not found(error code: 3011)
02-Feb-2015 22:45:49 GMT  Successfully opened file root://xrootd.unl.edu//store/group/dpg_trigger/comm_trigger/L1TrackTrigger/620_SLHC10/Extended2023TTI/MinBias/MinBias_TuneZ2star_GEN_SIM_311.root
02-Feb-2015 22:48:56 GMT  Closed file root://xrootd.unl.edu//store/group/dpg_trigger/comm_trigger/L1TrackTrigger/620_SLHC10/Extended2023TTI/MinBias/MinBias_TuneZ2star_GEN_SIM_311.root
02-Feb-2015 22:48:56 GMT  Initiating request to open file root://xrootd.unl.edu//store/group/dpg_trigger/comm_trigger/L1TrackTrigger/620_SLHC10/Extended2023TTI/MinBias/MinBias_TuneZ2star_GEN_SIM_655.root
150202 22:49:19 20001 Xrd: CheckErrorStatus: Server [cms-xrd-global.cern.ch:1094] declared: session not found(error code: 3011)
02-Feb-2015 22:49:20 GMT  Successfully opened file root://xrootd.unl.edu//store/group/dpg_trigger/comm_trigger/L1TrackTrigger/620_SLHC10/Extended2023TTI/MinBias/MinBias_TuneZ2star_GEN_SIM_655.root
150202 22:50:26 8837 Xrd: XrdClientMessage::ReadRaw: Failed to read header (8 bytes).
02-Feb-2015 22:51:56 GMT  Closed file root://xrootd.unl.edu//store/group/dpg_trigger/comm_trigger/L1TrackTrigger/620_SLHC10/Extended2023TTI/MinBias/MinBias_TuneZ2star_GEN_SIM_655.root
02-Feb-2015 22:51:56 GMT  Initiating request to open file root://xrootd.unl.edu//store/group/dpg_trigger/comm_trigger/L1TrackTrigger/620_SLHC10/Extended2023TTI/MinBias/MinBias_TuneZ2star_GEN_SIM_932.root
02-Feb-2015 22:52:14 GMT  Successfully opened file root://xrootd.unl.edu//store/group/dpg_trigger/comm_trigger/L1TrackTrigger/620_SLHC10/Extended2023TTI/MinBias/MinBias_TuneZ2star_GEN_SIM_932.root
150202 22:54:26 18575 Xrd: XrdClientMessage::ReadRaw: Failed to read header (8 bytes).
02-Feb-2015 22:54:59 GMT  Closed file root://xrootd.unl.edu//store/group/dpg_trigger/comm_trigger/L1TrackTrigger/620_SLHC10/Extended2023TTI/MinBias/MinBias_TuneZ2star_GEN_SIM_932.root
02-Feb-2015 22:54:59 GMT  Initiating request to open file root://xrootd.unl.edu//store/group/dpg_trigger/comm_trigger/L1TrackTrigger/620_SLHC10/Extended2023TTI/MinBias/MinBias_TuneZ2star_GEN_SIM_511.root
02-Feb-2015 22:55:30 GMT  Successfully opened file root://xrootd.unl.edu//store/group/dpg_trigger/comm_trigger/L1TrackTrigger/620_SLHC10/Extended2023TTI/MinBias/MinBias_TuneZ2star_GEN_SIM_511.root
02-Feb-2015 22:57:04 GMT  Closed file root://dcap.pp.rl.ac.uk:1094/pnfs/pp.rl.ac.uk/data/cms/store/user/dcieri/ttbar_SIM/ttbar/ttbar_SIM/150129_145223/0000/step1_461.root
02-Feb-2015 22:57:04 GMT  Closed file root://xrootd.unl.edu//store/group/dpg_trigger/comm_trigger/L1TrackTrigger/620_SLHC10/Extended2023TTI/MinBias/MinBias_TuneZ2star_GEN_SIM_511.root

=============================================

MessageLogger Summary

 type     category        sev    module        subroutine        count    total
 ---- -------------------- -- ---------------- ----------------  -----    -----
    1 fileAction           -s MixingModule:mix                      69       69
    2 fileAction           -s MixingModule:mix                       2        2
    3 fileAction           -s MixingModule:mix                       1        1
    4 fileAction           -s file_close                             1        1
    5 fileAction           -s file_open                              2        2

 type    category    Examples: run/evt        run/evt          run/evt
 ---- -------------------- ---------------- ---------------- ----------------
    1 fileAction           1/4601           1/4601           1/4610
    2 fileAction           pre-events       pre-events       
    3 fileAction           PostEndRun                        
    4 fileAction           PostEndRun                        
    5 fileAction           pre-events       pre-events       

Severity    # Occurrences   Total Occurrences
--------    -------------   -----------------
System                 75                  75
>>> END OF printout of 238 lines from stdout+stderr
>>> Parse FrameworkJobReport crab_fjr.xml
Result of parsing the FrameworkJobReport crab_fjr.xml: 
Extracted ExitStatus from FrameworkJobReport parsing output: 0
>>> Executable succeded  0
ExeExitCode=0
EXECUTABLE_EXIT_STATUS = 0
>>> current directory /scratch/condor/dir_1772/glide_72zWWL/execute/dir_27643/CMSSW_6_2_0_SLHC12
>>>  (SOFTWARE_DIR): /scratch/condor/dir_1772/glide_72zWWL/execute/dir_27643/CMSSW_6_2_0_SLHC12
>>> (WORKING_DIR): 
>>> current directory content:
total 251476
drwxr-xr-x 3 cms415 gplcms      4096 Feb  2 19:44 .SCRAM
-rw------- 1 cms415 gplcms    915837 Feb  2 19:44 CMSSW.py.pkl
drwxr-xr-x 3 cms415 gplcms      4096 Feb  2 19:44 bin
drwxr-xr-x 3 cms415 gplcms      4096 Feb  2 19:44 cfipython
drwxr-xr-x 4 cms415 gplcms      4096 Apr 28  2014 config
-rw------- 1 cms415 gplcms        16 Feb  2 22:57 cpu_timing.txt
drwxr-xr-x 2 cms415 gplcms      4096 Feb  2 19:44 doc
-rw------- 1 cms415 gplcms     26620 Feb  2 22:57 executable.out
drwxr-xr-x 2 cms415 gplcms      4096 Feb  2 19:44 include
drwx------ 3 cms415 gplcms      4096 Oct  7 10:12 lib
drwxr-xr-x 3 cms415 gplcms      4096 Feb  2 19:44 logs
drwxr-xr-x 3 cms415 gplcms      4096 Feb  2 19:44 objs
-rw------- 1 cms415 gplcms       104 Feb  2 19:44 pset.py
-rw------- 1 cms415 gplcms    926826 Feb  2 19:44 pset.py.pkl
-rw------- 1 cms415 gplcms       289 Feb  2 19:44 pset.pyc
drwxr-xr-x 2 cms415 gplcms      4096 Feb  2 19:44 python
-rw------- 1 cms415 gplcms       353 Feb  2 22:57 report.log
drwxr-xr-x 2 cms415 gplcms      4096 Feb  2 19:44 src
-rw------- 1 cms415 gplcms 255301739 Feb  2 22:57 step2.root
drwxr-xr-x 3 cms415 gplcms      4096 Feb  2 19:44 test
drwxr-xr-x 3 cms415 gplcms      4096 Feb  2 19:44 tmp
>>> current directory /scratch/condor/dir_1772/glide_72zWWL/execute/dir_27643/CMSSW_6_2_0_SLHC12
>>> (SOFTWARE_DIR): /scratch/condor/dir_1772/glide_72zWWL/execute/dir_27643/CMSSW_6_2_0_SLHC12
>>> (WORKING_DIR): 
>>> current directory content:
total 251476
drwxr-xr-x 3 cms415 gplcms      4096 Feb  2 19:44 .SCRAM
-rw------- 1 cms415 gplcms    915837 Feb  2 19:44 CMSSW.py.pkl
drwxr-xr-x 3 cms415 gplcms      4096 Feb  2 19:44 bin
drwxr-xr-x 3 cms415 gplcms      4096 Feb  2 19:44 cfipython
drwxr-xr-x 4 cms415 gplcms      4096 Apr 28  2014 config
-rw------- 1 cms415 gplcms        16 Feb  2 22:57 cpu_timing.txt
drwxr-xr-x 2 cms415 gplcms      4096 Feb  2 19:44 doc
-rw------- 1 cms415 gplcms     26620 Feb  2 22:57 executable.out
drwxr-xr-x 2 cms415 gplcms      4096 Feb  2 19:44 include
drwx------ 3 cms415 gplcms      4096 Oct  7 10:12 lib
drwxr-xr-x 3 cms415 gplcms      4096 Feb  2 19:44 logs
drwxr-xr-x 3 cms415 gplcms      4096 Feb  2 19:44 objs
-rw------- 1 cms415 gplcms       104 Feb  2 19:44 pset.py
-rw------- 1 cms415 gplcms    926826 Feb  2 19:44 pset.py.pkl
-rw------- 1 cms415 gplcms       289 Feb  2 19:44 pset.pyc
drwxr-xr-x 2 cms415 gplcms      4096 Feb  2 19:44 python
-rw------- 1 cms415 gplcms       353 Feb  2 22:57 report.log
drwxr-xr-x 2 cms415 gplcms      4096 Feb  2 19:44 src
-rw------- 1 cms415 gplcms 255301739 Feb  2 22:57 step2_89_1_B9h.root
drwxr-xr-x 3 cms415 gplcms      4096 Feb  2 19:44 test
drwxr-xr-x 3 cms415 gplcms      4096 Feb  2 19:44 tmp
>>> current directory (RUNTIME_AREA):  /scratch/condor/dir_1772/glide_72zWWL/execute/dir_27643
PNN = T2_UK_SGrid_RALPP
SE = heplnx204.pp.rl.ac.uk
SE_PATH = /srm/managerv2?SFN=/pnfs/pp.rl.ac.uk/data/cms/store/user/dcieri/ttbar_PU140_DIGI/dcieri/ttbar/ttbar_PU140_DIGI/3c0380cf82de79bc39966c93934c61fc/
LFNBaseName = /store/user/dcieri/ttbar_PU140_DIGI/dcieri/ttbar/ttbar_PU140_DIGI/3c0380cf82de79bc39966c93934c61fc/
USER = dcieri
endpoint = srm://heplnx204.pp.rl.ac.uk:8443/srm/managerv2?SFN=/pnfs/pp.rl.ac.uk/data/cms/store/user/dcieri/ttbar_PU140_DIGI/dcieri/ttbar/ttbar_PU140_DIGI/3c0380cf82de79bc39966c93934c61fc/
>>> Copy output files from WN = heplnc187.pp.rl.ac.uk to /srm/managerv2?SFN=/pnfs/pp.rl.ac.uk/data/cms/store/user/dcieri/ttbar_PU140_DIGI/dcieri/ttbar/ttbar_PU140_DIGI/3c0380cf82de79bc39966c93934c61fc/ :
python cmscp.py  --destination srm://heplnx204.pp.rl.ac.uk:8443/srm/managerv2?SFN=/pnfs/pp.rl.ac.uk/data/cms/store/user/dcieri/ttbar_PU140_DIGI/dcieri/ttbar/ttbar_PU140_DIGI/3c0380cf82de79bc39966c93934c61fc/ --inputFileList /scratch/condor/dir_1772/glide_72zWWL/execute/dir_27643/CMSSW_6_2_0_SLHC12/step2_89_1_B9h.root --middleware LCG --PNN T2_UK_SGrid_RALPP --se_name heplnx204.pp.rl.ac.uk --for_lfn /store/user/dcieri/ttbar_PU140_DIGI/dcieri/ttbar/ttbar_PU140_DIGI/3c0380cf82de79bc39966c93934c61fc/    
******************************************************
localSeName  =  heplnx204.pp.rl.ac.uk
remoteSeName =  heplnx204.pp.rl.ac.uk
******************************************************
{"/scratch/condor/dir_1772/glide_72zWWL/execute/dir_27643/CMSSW_6_2_0_SLHC12/step2_89_1_B9h.root": {"endpoint": "srm://heplnx204.pp.rl.ac.uk:8443/srm/managerv2?SFN=/pnfs/pp.rl.ac.uk/data/cms/store/user/dcieri/ttbar_PU140_DIGI/dcieri/ttbar/ttbar_PU140_DIGI/3c0380cf82de79bc39966c93934c61fc/", "surl_for_grid": "", "reason": "Copy succedeed with srm-lcg utils", "erCode": "0", "PNN": "T2_UK_SGrid_RALPP", "se_name": "heplnx204.pp.rl.ac.uk", "for_lfn": "/store/user/dcieri/ttbar_PU140_DIGI/dcieri/ttbar/ttbar_PU140_DIGI/3c0380cf82de79bc39966c93934c61fc/"}}/scratch/condor/dir_1772/glide_72zWWL/execute/dir_27643
-------- cat /scratch/condor/dir_1772/glide_72zWWL/execute/dir_27643/cmscpReport.sh 
#!/bin/bash
echo "Report for File: /scratch/condor/dir_1772/glide_72zWWL/execute/dir_27643/CMSSW_6_2_0_SLHC12/step2_89_1_B9h.root"
echo "LFN: /store/user/dcieri/ttbar_PU140_DIGI/dcieri/ttbar/ttbar_PU140_DIGI/3c0380cf82de79bc39966c93934c61fc/step2_89_1_B9h.root"
echo "StorageElement: heplnx204.pp.rl.ac.uk"
echo "StageOutExitStatusReason = 'Copy succedeed with srm-lcg utils'" | tee -a $RUNTIME_AREA/$repo
echo "StageOutSE = heplnx204.pp.rl.ac.uk" >> $RUNTIME_AREA/$repo

export StageOutExitStatus=0
echo "StageOutExitStatus = 0" | tee -a $RUNTIME_AREA/$repo
-------- end of /scratch/condor/dir_1772/glide_72zWWL/execute/dir_27643/cmscpReport.sh 
Report for File: /scratch/condor/dir_1772/glide_72zWWL/execute/dir_27643/CMSSW_6_2_0_SLHC12/step2_89_1_B9h.root
LFN: /store/user/dcieri/ttbar_PU140_DIGI/dcieri/ttbar/ttbar_PU140_DIGI/3c0380cf82de79bc39966c93934c61fc/step2_89_1_B9h.root
StorageElement: heplnx204.pp.rl.ac.uk
StageOutExitStatusReason = 'Copy succedeed with srm-lcg utils'
StageOutExitStatus = 0
>>> current dir: /scratch/condor/dir_1772/glide_72zWWL/execute/dir_27643
>>> current dir content:
total 8828
-rw-------  1 cms415 gplcms    2978 Feb  2 22:57 .SEinteraction.log
-rwx------  1 cms415 gplcms      53 Feb  2 19:42 .chirp_config
-rwx------  1 cms415 gplcms    7827 Feb  2 19:42 .job.ad
-rwx------  1 cms415 gplcms    9770 Feb  2 19:42 .machine.ad
-rw-------  1 cms415 gplcms     105 Feb  2 12:16 CMSSW.py
-rw-------  1 cms415 gplcms  915837 Feb  2 12:16 CMSSW.py.pkl
-rwx------  1 cms415 gplcms   29498 Feb  2 19:44 CMSSW.sh
drwxr-xr-x 15 cms415 gplcms    4096 Feb  2 22:57 CMSSW_6_2_0_SLHC12
-rw-------  1 cms415 gplcms     189 Feb  2 19:44 CacheEnv.sh
-rw-------  1 cms415 gplcms    7291 Nov 19 14:52 DashboardAPI.py
-rw-------  1 cms415 gplcms    6455 Feb  2 19:44 DashboardAPI.pyc
drwx------  2 cms415 gplcms    4096 Feb  2 22:57 IMProv
-rw-------  1 cms415 gplcms    2748 Nov 19 14:52 Logger.py
-rw-------  1 cms415 gplcms    3227 Feb  2 19:44 Logger.pyc
-rw-------  1 cms415 gplcms   24524 Nov 19 14:52 ProcInfo.py
-rw-------  1 cms415 gplcms   22621 Feb  2 19:44 ProcInfo.pyc
drwx------  7 cms415 gplcms    4096 Feb  2 19:44 ProdCommon
drwx------  3 cms415 gplcms    4096 Feb  2 19:44 WMCore
-rw-------  1 cms415 gplcms    8949 Feb  2 22:57 Watchdog_89.log
-rwx------  1 cms415 gplcms       0 Feb  2 19:44 _condor_stderr
-rwx---r--  1 cms415 gplcms   41340 Feb  2 22:57 _condor_stdout
-rw-------  1 cms415 gplcms   32895 Nov 19 14:52 apmon.py
-rw-------  1 cms415 gplcms   27929 Feb  2 19:44 apmon.pyc
-rwx------  1 cms415 gplcms  134309 Feb  2 19:44 arguments.xml
-rwx------  1 cms415 gplcms   38581 Nov 19 14:52 cmscp.py
-rw-------  1 cms415 gplcms     559 Feb  2 22:57 cmscpReport.sh
-rwx------  1 cms415 gplcms   29498 Feb  2 19:44 condor_exec.exe
-rw-------  1 cms415 gplcms     544 Feb  2 12:16 crab.cfg
-rwx------  1 cms415 gplcms    8610 Nov 19 14:52 crabWatchdog.sh
-rwx---r--  1 cms415 gplcms  112095 Feb  2 22:57 crab_fjr_89.xml
-rwx------  1 cms415 gplcms 7390485 Feb  2 19:44 default.tgz
-rwx------  1 cms415 gplcms    4488 Nov 19 14:52 fillCrabFjr.py
-rw-------  1 cms415 gplcms     226 Feb  2 19:44 inputsReport.txt
-rw-------  1 cms415 gplcms     243 Feb  2 22:57 jobreport.txt
-rw-------  1 cms415 gplcms   17352 Nov 19 14:52 parseCrabFjr.py
-rw-------  1 cms415 gplcms     321 Feb  2 19:44 report.log
-rwx--x--x  1 cms415 gplcms    1497 Nov 19 14:52 report.py
-rw-------  1 cms415 gplcms     553 Feb  2 22:57 resultCopyFile
lrwxrwxrwx  1 cms415 gplcms      94 Feb  2 22:57 step2.root -> /scratch/condor/dir_1772/glide_72zWWL/execute/dir_27643/CMSSW_6_2_0_SLHC12/step2_89_1_B9h.root
-rwx------  1 cms415 gplcms    8351 Nov 19 14:52 writeCfg.py
-rw-------  1 cms415 gplcms   10297 Feb  2 19:42 x509up_u62281
>>> Modify Job Report:
CMSSW_VERSION = CMSSW_6_2_0_SLHC12
ProcessedDataset = ttbar_PU140_DIGI
/scratch/condor/dir_1772/glide_72zWWL/execute/dir_27643/ProdCommon/FwkJobRep/ModifyJobReport.py fjr /scratch/condor/dir_1772/glide_72zWWL/execute/dir_27643/crab_fjr_89.xml json /scratch/condor/dir_1772/glide_72zWWL/execute/dir_27643/resultCopyFile n_job 89_1_B9h PrimaryDataset ttbar  ApplicationFamily cmsRun ApplicationName cmsRun cmssw_version CMSSW_6_2_0_SLHC12 psethash 3c0380cf82de79bc39966c93934c61fc UserProcessedDataset dcieri-ttbar_PU140_DIGI-3c0380cf82de79bc39966c93934c61fc
inputDict =  {u'/scratch/condor/dir_1772/glide_72zWWL/execute/dir_27643/CMSSW_6_2_0_SLHC12/step2_89_1_B9h.root': {u'endpoint': u'srm://heplnx204.pp.rl.ac.uk:8443/srm/managerv2?SFN=/pnfs/pp.rl.ac.uk/data/cms/store/user/dcieri/ttbar_PU140_DIGI/dcieri/ttbar/ttbar_PU140_DIGI/3c0380cf82de79bc39966c93934c61fc/', u'surl_for_grid': u'', u'reason': u'Copy succedeed with srm-lcg utils', u'erCode': u'0', u'PNN': u'T2_UK_SGrid_RALPP', u'se_name': u'heplnx204.pp.rl.ac.uk', u'for_lfn': u'/store/user/dcieri/ttbar_PU140_DIGI/dcieri/ttbar/ttbar_PU140_DIGI/3c0380cf82de79bc39966c93934c61fc/'}}
UserProcessedDataset =  dcieri-ttbar_PU140_DIGI-3c0380cf82de79bc39966c93934c61fc
WORKING ON EDM FILE
file_name in inputDict =  /scratch/condor/dir_1772/glide_72zWWL/execute/dir_27643/CMSSW_6_2_0_SLHC12/step2_89_1_B9h.root
(size) os.stat(filename)[6] =  255301739
checksum =  1718150339
    file =  step2_89_1_B9h.root
    newPfn =  srm://heplnx204.pp.rl.ac.uk:8443/srm/managerv2?SFN=/pnfs/pp.rl.ac.uk/data/cms/store/user/dcieri/ttbar_PU140_DIGI/dcieri/ttbar/ttbar_PU140_DIGI/3c0380cf82de79bc39966c93934c61fc/step2_89_1_B9h.root
    newLfn =  /store/user/dcieri/ttbar_PU140_DIGI/dcieri/ttbar/ttbar_PU140_DIGI/3c0380cf82de79bc39966c93934c61fc/step2_89_1_B9h.root
>>> crab_fjr_*.xml  permission set to 0704
CrabWrapper EXIT_FUNC entered at Mon Feb  2 22:57:59 GMT 2015   -  Mon Feb  2 22:57:59 UTC 2015
Checking output files:  
will tar file crab_fjr_89.xml in  out_files_89
WARNING: output file CMSSW_89.stdout not found!
WARNING: output file CMSSW_89.stderr not found!
WARNING: output file Watchdog_89.log.gz not found!
>>> padding time: Wrapper lasting more than 600 seconds. No sleep required.
STOPPING WATCHDOG. CrabWatchdog PID is 28923
********** LAST 50 LINES OF WATCHDOG LOG
 Feb 02 19:55:39 GMT	29205	829596	1231468	56	72	663	cmsRun -j /scratch/condor/dir_1772/glide_72zWWL/execute/dir_27643/crab_fjr_89.xml -p pset.py      
 Feb 02 19:56:39 GMT	29205	829596	1231724	56	74	724	cmsRun -j /scratch/condor/dir_1772/glide_72zWWL/execute/dir_27643/crab_fjr_89.xml -p pset.py      
 Feb 02 19:57:40 GMT	29205	829596	1233004	56	76	784	cmsRun -j /scratch/condor/dir_1772/glide_72zWWL/execute/dir_27643/crab_fjr_89.xml -p pset.py      
 Feb 02 19:59:40 GMT	29205	829596	1238640	56	79	904	cmsRun -j /scratch/condor/dir_1772/glide_72zWWL/execute/dir_27643/crab_fjr_89.xml -p pset.py      
 Feb 02 20:00:40 GMT	29205	829596	1245808	56	82	964	cmsRun -j /scratch/condor/dir_1772/glide_72zWWL/execute/dir_27643/crab_fjr_89.xml -p pset.py      
 Feb 02 20:01:40 GMT	29205	829596	1249136	56	85	1024	cmsRun -j /scratch/condor/dir_1772/glide_72zWWL/execute/dir_27643/crab_fjr_89.xml -p pset.py      
 Feb 02 20:02:41 GMT	29205	829596	1254512	56	87	1085	cmsRun -j /scratch/condor/dir_1772/glide_72zWWL/execute/dir_27643/crab_fjr_89.xml -p pset.py      
 Feb 02 20:03:41 GMT	29205	829596	1255024	56	91	1145	cmsRun -j /scratch/condor/dir_1772/glide_72zWWL/execute/dir_27643/crab_fjr_89.xml -p pset.py      
 Feb 02 20:04:41 GMT	29205	838524	1268080	56	95	1205	cmsRun -j /scratch/condor/dir_1772/glide_72zWWL/execute/dir_27643/crab_fjr_89.xml -p pset.py      
 Feb 02 20:05:41 GMT	29205	911388	1342576	56	104	1265	cmsRun -j /scratch/condor/dir_1772/glide_72zWWL/execute/dir_27643/crab_fjr_89.xml -p pset.py      
 Feb 02 20:06:41 GMT	29205	954160	1383792	56	111	1325	cmsRun -j /scratch/condor/dir_1772/glide_72zWWL/execute/dir_27643/crab_fjr_89.xml -p pset.py      
 Feb 02 20:11:42 GMT	29205	954160	1384052	56	116	1626	cmsRun -j /scratch/condor/dir_1772/glide_72zWWL/execute/dir_27643/crab_fjr_89.xml -p pset.py      
 Feb 02 20:12:42 GMT	29205	959464	1394804	56	117	1687	cmsRun -j /scratch/condor/dir_1772/glide_72zWWL/execute/dir_27643/crab_fjr_89.xml -p pset.py      
 Feb 02 20:13:43 GMT	29205	961604	1394804	56	118	1747	cmsRun -j /scratch/condor/dir_1772/glide_72zWWL/execute/dir_27643/crab_fjr_89.xml -p pset.py      
 Feb 02 20:14:43 GMT	29205	1288724	1711624	56	143	1807	cmsRun -j /scratch/condor/dir_1772/glide_72zWWL/execute/dir_27643/crab_fjr_89.xml -p pset.py      
 Feb 02 20:14:43 GMT	---	1288724	1711624	60	----	----	----
# TIME			PID	RSS(KB)	VSZ(KB)	Dsk(MB)	tCPU(s)	tWALL(s)	COMMAND
 Feb 02 20:15:43 GMT	---	1288724	1711624	77	----	----	----
 Feb 02 20:44:49 GMT	29205	1288724	1727252	77	236	3613	cmsRun -j /scratch/condor/dir_1772/glide_72zWWL/execute/dir_27643/crab_fjr_89.xml -p pset.py      
 Feb 02 20:44:49 GMT	---	1288724	1727252	98	----	----	----
 Feb 02 20:53:51 GMT	29205	1288724	1729044	98	258	4156	cmsRun -j /scratch/condor/dir_1772/glide_72zWWL/execute/dir_27643/crab_fjr_89.xml -p pset.py      
 Feb 02 20:54:52 GMT	29205	1288724	1729300	98	261	4216	cmsRun -j /scratch/condor/dir_1772/glide_72zWWL/execute/dir_27643/crab_fjr_89.xml -p pset.py      
 Feb 02 20:56:52 GMT	29205	1288724	1736468	98	267	4336	cmsRun -j /scratch/condor/dir_1772/glide_72zWWL/execute/dir_27643/crab_fjr_89.xml -p pset.py      
 Feb 02 20:58:52 GMT	29205	1288724	1737748	98	275	4457	cmsRun -j /scratch/condor/dir_1772/glide_72zWWL/execute/dir_27643/crab_fjr_89.xml -p pset.py      
 Feb 02 20:59:53 GMT	29205	1288724	1756436	98	286	4517	cmsRun -j /scratch/condor/dir_1772/glide_72zWWL/execute/dir_27643/crab_fjr_89.xml -p pset.py      
 Feb 02 21:00:53 GMT	29205	1293652	1757716	98	289	4577	cmsRun -j /scratch/condor/dir_1772/glide_72zWWL/execute/dir_27643/crab_fjr_89.xml -p pset.py      
 Feb 02 21:01:53 GMT	29205	1293976	1758740	98	292	4637	cmsRun -j /scratch/condor/dir_1772/glide_72zWWL/execute/dir_27643/crab_fjr_89.xml -p pset.py      
 Feb 02 21:02:53 GMT	29205	1296200	1759252	98	295	4698	cmsRun -j /scratch/condor/dir_1772/glide_72zWWL/execute/dir_27643/crab_fjr_89.xml -p pset.py      
 Feb 02 21:03:54 GMT	29205	1436596	1879572	98	308	4758	cmsRun -j /scratch/condor/dir_1772/glide_72zWWL/execute/dir_27643/crab_fjr_89.xml -p pset.py      
 Feb 02 21:04:54 GMT	---	1436596	1879572	120	----	----	----
 Feb 02 21:29:59 GMT	---	1436596	1879572	144	----	----	----
 Feb 02 21:55:53 GMT	---	1436596	1879572	167	----	----	----
 Feb 02 22:05:56 GMT	29205	1436596	1889556	167	561	8481	cmsRun -j /scratch/condor/dir_1772/glide_72zWWL/execute/dir_27643/crab_fjr_89.xml -p pset.py      
 Feb 02 22:06:57 GMT	---	1436596	1889556	188	----	----	----
 Feb 02 22:29:03 GMT	---	1436596	1889556	213	----	----	----
 Feb 02 22:30:03 GMT	29205	1436596	1919764	213	681	9927	cmsRun -j /scratch/condor/dir_1772/glide_72zWWL/execute/dir_27643/crab_fjr_89.xml -p pset.py      
 Feb 02 22:31:03 GMT	29205	1436596	1922580	213	687	9987	cmsRun -j /scratch/condor/dir_1772/glide_72zWWL/execute/dir_27643/crab_fjr_89.xml -p pset.py      
 Feb 02 22:32:03 GMT	29205	1436596	1926420	213	693	10048	cmsRun -j /scratch/condor/dir_1772/glide_72zWWL/execute/dir_27643/crab_fjr_89.xml -p pset.py      
 Feb 02 22:33:04 GMT	29205	1436596	1926676	213	699	10108	cmsRun -j /scratch/condor/dir_1772/glide_72zWWL/execute/dir_27643/crab_fjr_89.xml -p pset.py      
 Feb 02 22:34:04 GMT	29205	1436596	1929492	213	703	10168	cmsRun -j /scratch/condor/dir_1772/glide_72zWWL/execute/dir_27643/crab_fjr_89.xml -p pset.py      
 Feb 02 22:35:04 GMT	29205	1436596	1933588	213	710	10228	cmsRun -j /scratch/condor/dir_1772/glide_72zWWL/execute/dir_27643/crab_fjr_89.xml -p pset.py      
 Feb 02 22:36:04 GMT	29205	1436596	1953556	213	728	10290	cmsRun -j /scratch/condor/dir_1772/glide_72zWWL/execute/dir_27643/crab_fjr_89.xml -p pset.py      
 Feb 02 22:39:07 GMT	---	1436596	1953556	236	----	----	----
 Feb 02 22:47:09 GMT	29205	1452644	1955348	236	792	10954	cmsRun -j /scratch/condor/dir_1772/glide_72zWWL/execute/dir_27643/crab_fjr_89.xml -p pset.py      
 Feb 02 22:48:10 GMT	29205	1486548	1964308	236	808	11014	cmsRun -j /scratch/condor/dir_1772/glide_72zWWL/execute/dir_27643/crab_fjr_89.xml -p pset.py      
 Feb 02 22:50:10 GMT	29205	1600440	2044180	236	840	11135	cmsRun -j /scratch/condor/dir_1772/glide_72zWWL/execute/dir_27643/crab_fjr_89.xml -p pset.py      
 Feb 02 22:50:10 GMT	---	1600440	2044180	241	----	----	----
# TIME			PID	RSS(KB)	VSZ(KB)	Dsk(MB)	tCPU(s)	tWALL(s)	COMMAND
 Feb 02 22:51:11 GMT	---	1600440	2044180	258	----	----	----
 Feb 02 22:57:12 GMT	---	1600440	2044180	281	----	----	----
********** WATCHDOG LOG ENDED
ZIPPING WATCHDOG LOG
Disk space used:
du -sh /scratch/condor/dir_1772/glide_72zWWL/execute/dir_27643
281M	/scratch/condor/dir_1772/glide_72zWWL/execute/dir_27643
Found unusual stdout, rename for OSB
`/scratch/condor/dir_1772/glide_72zWWL/execute/dir_27643/_condor_stdout' -> `CMSSW_89.stdout'
Found unusual stderr, rename for OSB
`/scratch/condor/dir_1772/glide_72zWWL/execute/dir_27643/_condor_stdout' -> `CMSSW_89.stderr'
crab_fjr_89.xml
CMSSW_89.stdout
CMSSW_89.stderr
Watchdog_89.log.gz
Total Output dimension: 24363
WARNING: output files size limit is set to: 50000000
Total Output dimension 24363 is fine.
JOB_EXIT_STATUS = 0
>>> info for dashboard:
***** Cat /scratch/condor/dir_1772/glide_72zWWL/execute/dir_27643/jobreport.txt *****
MonitorJobID=89_https://submit-6.t2.ucsd.edu//150202//509447.88
MonitorID=dcieri_PU140_4dm08r
ExeTime=11540
ExeExitCode=0
StageOutExitStatusReason = 'Copy succedeed with srm-lcg utils'
StageOutSE = heplnx204.pp.rl.ac.uk
StageOutExitStatus = 0
CrabUserCpuTime=892.78
CrabSysCpuTime=37.40
CrabCpuPercentage=8%
CrabWrapperTime=11609
CrabStageoutTime=48
JobExitCode=0
***** End Cat jobreport *****
Parameters sent to Dashboard.
EXITING at Mon Feb  2 22:58:01 GMT 2015  -  Mon Feb  2 22:58:01 UTC 2015
