This script was generated by crab (version 2.11.1_patch1).
Running /scratch/condor/dir_17538/glide_qpZyYU/execute/dir_15924/condor_exec.exe with 2 positional parameters: 252 1
Today is Mon Feb  2 20:18:39 GMT 2015 - Mon Feb  2 20:18:39 UTC 2015
Job submitted on host heplnc173.pp.rl.ac.uk
Linux heplnc173.pp.rl.ac.uk 2.6.32-504.3.3.el6.x86_64 #1 SMP Tue Dec 16 14:29:22 CST 2014 x86_64 x86_64 x86_64 GNU/Linux
Distributor ID:	Scientific
Description:	Scientific Linux release 6.6 (Carbon)
>>> current directory (RUNTIME_AREA): /scratch/condor/dir_17538/glide_qpZyYU/execute/dir_15924
>>> current user: uid=157415(cms415) gid=157000(gplcms) groups=157000(gplcms)
>>> directory permission set to 0700
>>> umask set to:  u=rwx,g=,o=
>>> stdout stderr permission set to 0704
>>> voms proxy information:
subject   : /DC=ch/DC=cern/OU=Organic Units/OU=Users/CN=dcieri/CN=755391/CN=Davide Cieri/CN=769881070/CN=1236604330
issuer    : /DC=ch/DC=cern/OU=Organic Units/OU=Users/CN=dcieri/CN=755391/CN=Davide Cieri/CN=769881070
identity  : /DC=ch/DC=cern/OU=Organic Units/OU=Users/CN=dcieri/CN=755391/CN=Davide Cieri
type      : RFC3820 compliant limited proxy
strength  : 1024
path      : /scratch/condor/dir_17538/glide_qpZyYU/execute/dir_15924/x509up_u62281
timeleft  : 23:57:53
key usage : Digital Signature, Key Encipherment
=== VO cms extension information ===
VO        : cms
subject   : /DC=ch/DC=cern/OU=Organic Units/OU=Users/CN=dcieri/CN=755391/CN=Davide Cieri
issuer    : /DC=ch/DC=cern/OU=computers/CN=lcg-voms2.cern.ch
attribute : /cms/Role=NULL/Capability=NULL
timeleft  : 183:57:45
uri       : lcg-voms2.cern.ch:15002

WNHostName=heplnc173.pp.rl.ac.uk
$_CONDOR_JOB_AD =/scratch/condor/dir_17538/glide_qpZyYU/execute/dir_15924/.job.ad
OverflowFlag=0
>>> tar --no-same-permissions -xf /scratch/condor/dir_17538/glide_qpZyYU/execute/dir_15924/default.tgz :
Successful untar
>>> Include /scratch/condor/dir_17538/glide_qpZyYU/execute/dir_15924 in PYTHONPATH:
strip arguments
env var CRAB_UNIQUE_JOB_ID set to: dcieri_PU140_4dm08r_252_1_Czm
out_files_252
>>> list of expected files on output sandbox
output files: crab_fjr_252.xml CMSSW_252.stdout CMSSW_252.stderr Watchdog_252.log.gz
>>> GridFlavour discovery: 
GridFlavour=LCG
>>> SyncSite discovery: 
SyncSite=T2_UK_SGrid_RALPP
>>> SyncCE discovery: 
getting SyncCE from GLIDEIN_Gaekeeper
SyncCE=heplnv146.pp.rl.ac.uk
>>> info for dashboard:
***** Cat /scratch/condor/dir_17538/glide_qpZyYU/execute/dir_15924/jobreport.txt *****
WNHostName=heplnc173.pp.rl.ac.uk
OverflowFlag=0
MonitorJobID=252_https://submit-6.t2.ucsd.edu//150202//509447.251
SyncGridJobId=https://submit-6.t2.ucsd.edu//150202//509447.251
MonitorID=dcieri_PU140_4dm08r
GridFlavour=LCG
SyncSite=T2_UK_SGrid_RALPP
SyncCE=heplnv146.pp.rl.ac.uk
***** End Cat jobreport *****
Parameters sent to Dashboard.
>>> setup environment
set SCRAM ARCH to slc6_amd64_gcc472
SCRAM_ARCH = slc6_amd64_gcc472
>>> setup CMS LCG environment:
set SCRAM ARCH and BUILD_ARCH to slc6_amd64_gcc472 ###
Sourcing environment... 
sourcing /cvmfs/cms.cern.ch/cmsset_default.sh
==> setup cms environment ok
>>> specific cmssw setup environment:
CMSSW_VERSION =  CMSSW_6_2_0_SLHC12
WARNING: In non-interactive mode release checks e.g. deprecated releases, production architectures are disabled.
>>> current directory (SOFTWARE_DIR): /scratch/condor/dir_17538/glide_qpZyYU/execute/dir_15924/CMSSW_6_2_0_SLHC12
PreserveSeeds: <>
IncrementSeeds:<>
>>> info for dashboard:
***** Cat /scratch/condor/dir_17538/glide_qpZyYU/execute/dir_15924/jobreport.txt *****
MonitorJobID=252_https://submit-6.t2.ucsd.edu//150202//509447.251
MonitorID=dcieri_PU140_4dm08r
***** End Cat jobreport *****
Parameters sent to Dashboard.
crabWatchdog started as process 17266
>>> moving CMSSW software directories in /scratch/condor/dir_17538/glide_qpZyYU/execute/dir_15924/CMSSW_6_2_0_SLHC12
mv: cannot stat `/scratch/condor/dir_17538/glide_qpZyYU/execute/dir_15924/module/': No such file or directory
>>> Include /scratch/condor/dir_17538/glide_qpZyYU/execute/dir_15924 in PYTHONPATH:
PYTHONPATH=/scratch/condor/dir_17538/glide_qpZyYU/execute/dir_15924/:/scratch/condor/dir_17538/glide_qpZyYU/execute/dir_15924/CMSSW_6_2_0_SLHC12/python:/scratch/condor/dir_17538/glide_qpZyYU/execute/dir_15924/CMSSW_6_2_0_SLHC12/lib/slc6_amd64_gcc472:/cvmfs/cms.cern.ch/slc6_amd64_gcc472/cms/cmssw/CMSSW_6_2_0_SLHC12/python:/cvmfs/cms.cern.ch/slc6_amd64_gcc472/cms/cmssw/CMSSW_6_2_0_SLHC12/lib/slc6_amd64_gcc472:/cvmfs/cms.cern.ch/slc6_amd64_gcc472/cms/coral/CORAL_2_3_21-cms35/slc6_amd64_gcc472/python:/cvmfs/cms.cern.ch/slc6_amd64_gcc472/cms/coral/CORAL_2_3_21-cms35/slc6_amd64_gcc472/lib:/cvmfs/cms.cern.ch/slc6_amd64_gcc472/external/python-ldap/2.3.5-cms5/lib/python2.7/site-packages:/cvmfs/cms.cern.ch/slc6_amd64_gcc472/external/pyqt/4.8.1-cms5/lib/python2.7/site-packages:/cvmfs/cms.cern.ch/slc6_amd64_gcc472/external/py2-scipy/0.8.0-cms7/lib/python2.7/site-packages:/cvmfs/cms.cern.ch/slc6_amd64_gcc472/external/py2-matplotlib/1.0.1-cms7/lib/python2.7/site-packages:/cvmfs/cms.cern.ch/slc6_amd64_gcc472/external/sip/4.11.2-cms5/lib/python2.7/site-packages:/cvmfs/cms.cern.ch/slc6_amd64_gcc472/external/py2-pycurl/7.19.0-cms7/lib/python2.7/site-packages:/cvmfs/cms.cern.ch/slc6_amd64_gcc472/external/py2-numpy/1.6.1-cms7/lib/python2.7/site-packages:/cvmfs/cms.cern.ch/slc6_amd64_gcc472/external/py2-lint/0.25.1-cms5/lib/python2.7/site-packages:/cvmfs/cms.cern.ch/slc6_amd64_gcc472/external/py2-ipython/0.10-cms5/lib/python2.7/site-packages:/cvmfs/cms.cern.ch/slc6_amd64_gcc472/external/py2-cx-oracle/5.1-cms5/lib/python2.7/site-packages:/cvmfs/cms.cern.ch/slc6_amd64_gcc472/external/py2-cjson/1.0.5-cms5/lib/python2.7/site-packages:/cvmfs/cms.cern.ch/slc6_amd64_gcc472/cms/das-client/1.11.7/bin:/cvmfs/cms.cern.ch/slc6_amd64_gcc472/external/elementtree/1.2.6-cms5/share/lib/python2.7/site-packages:/cvmfs/cms.cern.ch/slc6_amd64_gcc472/external/rivet/1.8.2-cms9/lib/python2.7/site-packages:/cvmfs/cms.cern.ch/slc6_amd64_gcc472/external/pyminuit2/0.0.1-cms19/lib/python2.7/site-packages:/cvmfs/cms.cern.ch/slc6_amd64_gcc472/external/py2-pygithub/1.23.0-cms2/lib/python2.7/site-packages:/cvmfs/cms.cern.ch/slc6_amd64_gcc472/external/professor/1.0.0-cms19/lib/python2.7/site-packages:/cvmfs/cms.cern.ch/slc6_amd64_gcc472/lcg/root/5.34.07-cms/lib:/cvmfs/cms.cern.ch/slc6_amd64_gcc472/cms/dbs-client/DBS_2_1_9-cms5/lib:/cvmfs/cms.cern.ch/slc6_amd64_gcc472/cms/dbs-client/DBS_2_1_9-cms5/lib/DBSAPI:/cvmfs/cms.cern.ch/slc6_amd64_gcc472/external/cvs2git/5419-cms/lib:/scratch/condor/dir_17538/glide_qpZyYU/execute/dir_15924/
 
# LIMITS USED BY CRAB WATCHDOG:
# RSS  (KBytes)   : 2300000
# VSZ  (KBytes)   : 100000000
# DISK (MBytes)   : 19000
# CPU TIME        : 720h:0m:0s
# WALL CLOCK TIME : 21h:50m:0s
 
3c0380cf82de79bc39966c93934c61fc
PSETHASH = 3c0380cf82de79bc39966c93934c61fc
/scratch/condor/dir_17538/glide_qpZyYU/execute/dir_15924/writeCfg.py pset.py pset.py
Importing .py file
Setting parameters
RandomNumberGeneratorService found, will attempt to change seeds
inputBlocks=/ttbar/dcieri-ttbar_SIM-130075366148575c102f0d64fd3ac8f7/USER#42f4abf6-431f-4645-8b28-bf101a629022
inputFiles=/store/user/dcieri/ttbar_SIM/ttbar/ttbar_SIM/150129_145223/0000/step1_320.root
parentFiles=
lumisRange=
>>> Executable cmsRun
/cvmfs/cms.cern.ch/slc6_amd64_gcc472/cms/cmssw/CMSSW_6_2_0_SLHC12/bin/slc6_amd64_gcc472/cmsRun
ok executable found
>>> info for dashboard:
***** Cat /scratch/condor/dir_17538/glide_qpZyYU/execute/dir_15924/jobreport.txt *****
MonitorJobID=252_https://submit-6.t2.ucsd.edu//150202//509447.251
MonitorID=dcieri_PU140_4dm08r
ExeStart=cmsRun
***** End Cat jobreport *****
Parameters sent to Dashboard.
>>> cmsRun started at Mon Feb  2 20:18:48 UTC 2015
>>> cmsRun ended at Mon Feb  2 22:54:11 UTC 2015
>>> crab_fjr_*.xml  permission set to 0704
>>> info for dashboard:
***** Cat /scratch/condor/dir_17538/glide_qpZyYU/execute/dir_15924/jobreport.txt *****
MonitorJobID=252_https://submit-6.t2.ucsd.edu//150202//509447.251
MonitorID=dcieri_PU140_4dm08r
ExeEnd=cmsRun
***** End Cat jobreport *****
Parameters sent to Dashboard.
TIME_EXE = 9323 sec
>>> cmsRun wrote 229 lines of stdout+stderr
>>> START OF printout of 229 lines from stdout+stderr
271 DQMStore::DQMStore 
HcalTopologyIdealEP::HcalTopologyIdealEP
02-Feb-2015 20:18:57 GMT  Initiating request to open file root://dcap.pp.rl.ac.uk:1094/pnfs/pp.rl.ac.uk/data/cms/store/user/dcieri/ttbar_SIM/ttbar/ttbar_SIM/150129_145223/0000/step1_320.root
150202 20:19:00 17401 Xrd: CheckErrorStatus: Server [heplnx209.pp.rl.ac.uk:1094] declared: Request 3018 not supported(error code: 3013)
02-Feb-2015 20:19:00 GMT  Successfully opened file root://dcap.pp.rl.ac.uk:1094/pnfs/pp.rl.ac.uk/data/cms/store/user/dcieri/ttbar_SIM/ttbar/ttbar_SIM/150129_145223/0000/step1_320.root
02-Feb-2015 20:19:01 GMT  Initiating request to open file root://xrootd.unl.edu//store/group/dpg_trigger/comm_trigger/L1TrackTrigger/620_SLHC10/Extended2023TTI/MinBias/MinBias_TuneZ2star_GEN_SIM_1.root
02-Feb-2015 20:19:12 GMT  Successfully opened file root://xrootd.unl.edu//store/group/dpg_trigger/comm_trigger/L1TrackTrigger/620_SLHC10/Extended2023TTI/MinBias/MinBias_TuneZ2star_GEN_SIM_1.root
disableME1a = 0
HcalTopologyIdealEP::produce(const IdealGeometryRecord& iRecord)
mode = 2, maxDepthHB = 3, maxDepthHE = 5
RPCGeometryESModule :: produce
RPCGeometryESModule :: produce :: 1/4 Get Muon Ideal Geometry Record
RPCGeometryESModule :: produce :: 2/4 Get Muon DDD Constants
RPCGeometryESModule :: produce :: 3/4 Get Muon Numbering Record
in MuonNumberingInitialization::initializeMuonDDDConstants
about to make my new muonDDDConst_
in MuonNumberingInitialization::produce
RPCGeometryESModule :: produce :: 4/4 Build
Found:

	Barrel Stack layer 5 : 1008 stacks
	Barrel Stack layer 6 : 1320 stacks
	Barrel Stack layer 7 : 1836 stacks
	Barrel Stack layer 8 : 1152 stacks
	Barrel Stack layer 9 : 1488 stacks
	Barrel Stack layer 10 : 1824 stacks

	Endcap Stack disk 11 : 1360 stacks
	Endcap Stack disk 12 : 1360 stacks
	Endcap Stack disk 13 : 1360 stacks
	Endcap Stack disk 14 : 1360 stacks
	Endcap Stack disk 15 : 1360 stacks
Created 15428 stacks in 26 s

TTClusterBuilder< edm::Ref<edm::DetSetVector<PixelDigi>, PixelDigi, edm::refhelper::FindForDetSetVector<PixelDigi> > > loaded modules:
	TTClusterAlgorithm:	TTClusterAlgorithm_2d2013< edm::Ref<edm::DetSetVector<PixelDigi>, PixelDigi, edm::refhelper::FindForDetSetVector<PixelDigi> > >


TTStubBuilder< edm::Ref<edm::DetSetVector<PixelDigi>, PixelDigi, edm::refhelper::FindForDetSetVector<PixelDigi> > > loaded modules:
	TTStubAlgorithm:	TTStubAlgorithm_tab2013< edm::Ref<edm::DetSetVector<PixelDigi>, PixelDigi, edm::refhelper::FindForDetSetVector<PixelDigi> > >


TTClusterAssociator< edm::Ref<edm::DetSetVector<PixelDigi>, PixelDigi, edm::refhelper::FindForDetSetVector<PixelDigi> > > loaded.


TTStubAssociator< edm::Ref<edm::DetSetVector<PixelDigi>, PixelDigi, edm::refhelper::FindForDetSetVector<PixelDigi> > > loaded.


TTTrackAssociator< edm::Ref<edm::DetSetVector<PixelDigi>, PixelDigi, edm::refhelper::FindForDetSetVector<PixelDigi> > > loaded.

Begin processing the 1st record. Run 1, Event 3191, LumiSection 320 at 02-Feb-2015 20:19:58.130 GMT
02-Feb-2015 20:20:04 GMT  Closed file root://xrootd.unl.edu//store/group/dpg_trigger/comm_trigger/L1TrackTrigger/620_SLHC10/Extended2023TTI/MinBias/MinBias_TuneZ2star_GEN_SIM_1.root
02-Feb-2015 20:20:04 GMT  Initiating request to open file root://xrootd.unl.edu//store/group/dpg_trigger/comm_trigger/L1TrackTrigger/620_SLHC10/Extended2023TTI/MinBias/MinBias_TuneZ2star_GEN_SIM_601.root
02-Feb-2015 20:20:36 GMT  Successfully opened file root://xrootd.unl.edu//store/group/dpg_trigger/comm_trigger/L1TrackTrigger/620_SLHC10/Extended2023TTI/MinBias/MinBias_TuneZ2star_GEN_SIM_601.root
150202 20:25:28 18002 Xrd: XrdClientMessage::ReadRaw: Failed to read header (8 bytes).
150202 20:25:58 17988 Xrd: XrdClientMessage::ReadRaw: Failed to read header (8 bytes).
02-Feb-2015 20:31:07 GMT  Closed file root://xrootd.unl.edu//store/group/dpg_trigger/comm_trigger/L1TrackTrigger/620_SLHC10/Extended2023TTI/MinBias/MinBias_TuneZ2star_GEN_SIM_601.root
02-Feb-2015 20:31:07 GMT  Initiating request to open file root://xrootd.unl.edu//store/group/dpg_trigger/comm_trigger/L1TrackTrigger/620_SLHC10/Extended2023TTI/MinBias/MinBias_TuneZ2star_GEN_SIM_996.root
150202 20:31:37 26955 Xrd: CheckErrorStatus: Server [xrootd.ba.infn.it:1094] declared: session not found(error code: 3011)
02-Feb-2015 20:31:37 GMT  Successfully opened file root://xrootd.unl.edu//store/group/dpg_trigger/comm_trigger/L1TrackTrigger/620_SLHC10/Extended2023TTI/MinBias/MinBias_TuneZ2star_GEN_SIM_996.root
150202 20:36:28 19226 Xrd: XrdClientMessage::ReadRaw: Failed to read header (8 bytes).
150202 20:36:58 27312 Xrd: XrdClientMessage::ReadRaw: Failed to read header (8 bytes).
150202 20:39:27 17452 Xrd: XrdClientMessage::ReadRaw: Failed to read header (8 bytes).
150202 20:39:27 17987 Xrd: XrdClientMessage::ReadRaw: Failed to read header (8 bytes).
150202 20:39:28 17457 Xrd: XrdClientMessage::ReadRaw: Failed to read header (8 bytes).
02-Feb-2015 20:40:16 GMT  Closed file root://xrootd.unl.edu//store/group/dpg_trigger/comm_trigger/L1TrackTrigger/620_SLHC10/Extended2023TTI/MinBias/MinBias_TuneZ2star_GEN_SIM_996.root
02-Feb-2015 20:40:16 GMT  Initiating request to open file root://xrootd.unl.edu//store/group/dpg_trigger/comm_trigger/L1TrackTrigger/620_SLHC10/Extended2023TTI/MinBias/MinBias_TuneZ2star_GEN_SIM_533.root
150202 20:40:47 1348 Xrd: CheckErrorStatus: Server [cms-xrd-global.cern.ch:1094] declared: session not found(error code: 3011)
150202 20:40:47 1348 Xrd: CheckErrorStatus: Server [llrxrd-redir.in2p3.fr:1094] declared: session not found(error code: 3011)
150202 20:40:47 19221 Xrd: XrdClientMessage::ReadRaw: Failed to read header (8 bytes).
02-Feb-2015 20:40:48 GMT  Successfully opened file root://xrootd.unl.edu//store/group/dpg_trigger/comm_trigger/L1TrackTrigger/620_SLHC10/Extended2023TTI/MinBias/MinBias_TuneZ2star_GEN_SIM_533.root
Building the geometry service
Warning did not find digi
Warning did not find digi
Warning did not find digi
Warning did not find digi
Warning did not find digi in disks
Warning did not find digi in disks
Warning did not find digi in disks
Warning did not find digi in disks
150202 20:45:28 27313 Xrd: XrdClientMessage::ReadRaw: Failed to read header (8 bytes).
150202 20:45:58 1488 Xrd: XrdClientMessage::ReadRaw: Failed to read header (8 bytes).
02-Feb-2015 20:50:26 GMT  Closed file root://xrootd.unl.edu//store/group/dpg_trigger/comm_trigger/L1TrackTrigger/620_SLHC10/Extended2023TTI/MinBias/MinBias_TuneZ2star_GEN_SIM_533.root
02-Feb-2015 20:50:26 GMT  Initiating request to open file root://xrootd.unl.edu//store/group/dpg_trigger/comm_trigger/L1TrackTrigger/620_SLHC10/Extended2023TTI/MinBias/MinBias_TuneZ2star_GEN_SIM_644.root
150202 20:50:58 8777 Xrd: CheckErrorStatus: Server [xrootd.ba.infn.it:1094] declared: session not found(error code: 3011)
150202 20:50:59 8777 Xrd: CheckErrorStatus: Server [eoscms.cern.ch:1094] declared: session not found(error code: 3011)
02-Feb-2015 20:50:59 GMT  Successfully opened file root://xrootd.unl.edu//store/group/dpg_trigger/comm_trigger/L1TrackTrigger/620_SLHC10/Extended2023TTI/MinBias/MinBias_TuneZ2star_GEN_SIM_644.root
150202 20:55:28 1489 Xrd: XrdClientMessage::ReadRaw: Failed to read header (8 bytes).
150202 20:56:28 9135 Xrd: XrdClientMessage::ReadRaw: Failed to read header (8 bytes).
02-Feb-2015 21:00:33 GMT  Closed file root://xrootd.unl.edu//store/group/dpg_trigger/comm_trigger/L1TrackTrigger/620_SLHC10/Extended2023TTI/MinBias/MinBias_TuneZ2star_GEN_SIM_644.root
02-Feb-2015 21:00:33 GMT  Initiating request to open file root://xrootd.unl.edu//store/group/dpg_trigger/comm_trigger/L1TrackTrigger/620_SLHC10/Extended2023TTI/MinBias/MinBias_TuneZ2star_GEN_SIM_768.root
150202 21:00:58 1487 Xrd: XrdClientMessage::ReadRaw: Failed to read header (8 bytes).
150202 21:01:04 16155 Xrd: CheckErrorStatus: Server [cms-xrd-global.cern.ch:1094] declared: session not found(error code: 3011)
150202 21:01:04 16155 Xrd: CheckErrorStatus: Server [llrxrd-redir.in2p3.fr:1094] declared: session not found(error code: 3011)
02-Feb-2015 21:01:04 GMT  Successfully opened file root://xrootd.unl.edu//store/group/dpg_trigger/comm_trigger/L1TrackTrigger/620_SLHC10/Extended2023TTI/MinBias/MinBias_TuneZ2star_GEN_SIM_768.root
150202 21:05:57 9136 Xrd: XrdClientMessage::ReadRaw: Failed to read header (8 bytes).
150202 21:06:27 16536 Xrd: XrdClientMessage::ReadRaw: Failed to read header (8 bytes).
02-Feb-2015 21:08:56 GMT  Closed file root://xrootd.unl.edu//store/group/dpg_trigger/comm_trigger/L1TrackTrigger/620_SLHC10/Extended2023TTI/MinBias/MinBias_TuneZ2star_GEN_SIM_768.root
02-Feb-2015 21:08:56 GMT  Initiating request to open file root://xrootd.unl.edu//store/group/dpg_trigger/comm_trigger/L1TrackTrigger/620_SLHC10/Extended2023TTI/MinBias/MinBias_TuneZ2star_GEN_SIM_782.root
150202 21:10:39 22428 Xrd: CheckErrorStatus: Server [cms-xrd-global.cern.ch:1094] declared: session not found(error code: 3011)
150202 21:10:39 22428 Xrd: CheckErrorStatus: Server [xrootd-redic.pi.infn.it:1094] declared: session not found(error code: 3011)
02-Feb-2015 21:10:39 GMT  Successfully opened file root://xrootd.unl.edu//store/group/dpg_trigger/comm_trigger/L1TrackTrigger/620_SLHC10/Extended2023TTI/MinBias/MinBias_TuneZ2star_GEN_SIM_782.root
150202 21:11:28 27311 Xrd: XrdClientMessage::ReadRaw: Failed to read header (8 bytes).
150202 21:13:58 16537 Xrd: XrdClientMessage::ReadRaw: Failed to read header (8 bytes).
150202 21:15:57 23507 Xrd: XrdClientMessage::ReadRaw: Failed to read header (8 bytes).
02-Feb-2015 21:18:55 GMT  Closed file root://xrootd.unl.edu//store/group/dpg_trigger/comm_trigger/L1TrackTrigger/620_SLHC10/Extended2023TTI/MinBias/MinBias_TuneZ2star_GEN_SIM_782.root
02-Feb-2015 21:18:55 GMT  Initiating request to open file root://xrootd.unl.edu//store/group/dpg_trigger/comm_trigger/L1TrackTrigger/620_SLHC10/Extended2023TTI/MinBias/MinBias_TuneZ2star_GEN_SIM_674.root
150202 21:19:28 2345 Xrd: CheckErrorStatus: Server [cms-xrd-global.cern.ch:1094] declared: session not found(error code: 3011)
150202 21:19:28 2345 Xrd: CheckErrorStatus: Server [xrootd.ba.infn.it:1094] declared: session not found(error code: 3011)
150202 21:19:28 2345 Xrd: CheckErrorStatus: Server [eoscms.cern.ch:1094] declared: session not found(error code: 3011)
02-Feb-2015 21:19:28 GMT  Successfully opened file root://xrootd.unl.edu//store/group/dpg_trigger/comm_trigger/L1TrackTrigger/620_SLHC10/Extended2023TTI/MinBias/MinBias_TuneZ2star_GEN_SIM_674.root
150202 21:21:28 16535 Xrd: XrdClientMessage::ReadRaw: Failed to read header (8 bytes).
150202 21:23:58 23509 Xrd: XrdClientMessage::ReadRaw: Failed to read header (8 bytes).
150202 21:24:57 3315 Xrd: XrdClientMessage::ReadRaw: Failed to read header (8 bytes).
02-Feb-2015 21:28:09 GMT  Closed file root://xrootd.unl.edu//store/group/dpg_trigger/comm_trigger/L1TrackTrigger/620_SLHC10/Extended2023TTI/MinBias/MinBias_TuneZ2star_GEN_SIM_674.root
02-Feb-2015 21:28:09 GMT  Initiating request to open file root://xrootd.unl.edu//store/group/dpg_trigger/comm_trigger/L1TrackTrigger/620_SLHC10/Extended2023TTI/MinBias/MinBias_TuneZ2star_GEN_SIM_895.root
150202 21:28:40 9664 Xrd: CheckErrorStatus: Server [cms-xrd-global.cern.ch:1094] declared: session not found(error code: 3011)
150202 21:28:40 9664 Xrd: CheckErrorStatus: Server [llrxrd-redir.in2p3.fr:1094] declared: session not found(error code: 3011)
02-Feb-2015 21:28:41 GMT  Successfully opened file root://xrootd.unl.edu//store/group/dpg_trigger/comm_trigger/L1TrackTrigger/620_SLHC10/Extended2023TTI/MinBias/MinBias_TuneZ2star_GEN_SIM_895.root
150202 21:30:58 23504 Xrd: XrdClientMessage::ReadRaw: Failed to read header (8 bytes).
150202 21:33:28 3318 Xrd: XrdClientMessage::ReadRaw: Failed to read header (8 bytes).
150202 21:33:58 10043 Xrd: XrdClientMessage::ReadRaw: Failed to read header (8 bytes).
02-Feb-2015 21:36:39 GMT  Closed file root://xrootd.unl.edu//store/group/dpg_trigger/comm_trigger/L1TrackTrigger/620_SLHC10/Extended2023TTI/MinBias/MinBias_TuneZ2star_GEN_SIM_895.root
02-Feb-2015 21:36:39 GMT  Initiating request to open file root://xrootd.unl.edu//store/group/dpg_trigger/comm_trigger/L1TrackTrigger/620_SLHC10/Extended2023TTI/MinBias/MinBias_TuneZ2star_GEN_SIM_885.root
150202 21:37:11 15841 Xrd: CheckErrorStatus: Server [cms-xrd-global.cern.ch:1094] declared: session not found(error code: 3011)
150202 21:37:11 15841 Xrd: CheckErrorStatus: Server [xrootd-redic.pi.infn.it:1094] declared: session not found(error code: 3011)
02-Feb-2015 21:37:12 GMT  Successfully opened file root://xrootd.unl.edu//store/group/dpg_trigger/comm_trigger/L1TrackTrigger/620_SLHC10/Extended2023TTI/MinBias/MinBias_TuneZ2star_GEN_SIM_885.root
150202 21:39:58 3308 Xrd: XrdClientMessage::ReadRaw: Failed to read header (8 bytes).
150202 21:41:58 10044 Xrd: XrdClientMessage::ReadRaw: Failed to read header (8 bytes).
150202 21:42:28 16317 Xrd: XrdClientMessage::ReadRaw: Failed to read header (8 bytes).
02-Feb-2015 21:45:43 GMT  Closed file root://xrootd.unl.edu//store/group/dpg_trigger/comm_trigger/L1TrackTrigger/620_SLHC10/Extended2023TTI/MinBias/MinBias_TuneZ2star_GEN_SIM_885.root
02-Feb-2015 21:45:43 GMT  Initiating request to open file root://xrootd.unl.edu//store/group/dpg_trigger/comm_trigger/L1TrackTrigger/620_SLHC10/Extended2023TTI/MinBias/MinBias_TuneZ2star_GEN_SIM_842.root
150202 21:46:14 22460 Xrd: CheckErrorStatus: Server [cms-xrd-global.cern.ch:1094] declared: session not found(error code: 3011)
150202 21:46:14 22460 Xrd: CheckErrorStatus: Server [xrootd.ba.infn.it:1094] declared: session not found(error code: 3011)
02-Feb-2015 21:46:15 GMT  Successfully opened file root://xrootd.unl.edu//store/group/dpg_trigger/comm_trigger/L1TrackTrigger/620_SLHC10/Extended2023TTI/MinBias/MinBias_TuneZ2star_GEN_SIM_842.root
150202 21:48:58 10042 Xrd: XrdClientMessage::ReadRaw: Failed to read header (8 bytes).
150202 21:50:57 16318 Xrd: XrdClientMessage::ReadRaw: Failed to read header (8 bytes).
150202 21:51:28 22926 Xrd: XrdClientMessage::ReadRaw: Failed to read header (8 bytes).
02-Feb-2015 21:54:07 GMT  Closed file root://xrootd.unl.edu//store/group/dpg_trigger/comm_trigger/L1TrackTrigger/620_SLHC10/Extended2023TTI/MinBias/MinBias_TuneZ2star_GEN_SIM_842.root
02-Feb-2015 21:54:07 GMT  Initiating request to open file root://xrootd.unl.edu//store/group/dpg_trigger/comm_trigger/L1TrackTrigger/620_SLHC10/Extended2023TTI/MinBias/MinBias_TuneZ2star_GEN_SIM_201.root
150202 21:54:38 28543 Xrd: CheckErrorStatus: Server [xrootd-redic.pi.infn.it:1094] declared: session not found(error code: 3011)
02-Feb-2015 21:54:38 GMT  Successfully opened file root://xrootd.unl.edu//store/group/dpg_trigger/comm_trigger/L1TrackTrigger/620_SLHC10/Extended2023TTI/MinBias/MinBias_TuneZ2star_GEN_SIM_201.root
150202 21:59:28 22927 Xrd: XrdClientMessage::ReadRaw: Failed to read header (8 bytes).
150202 21:59:58 28718 Xrd: XrdClientMessage::ReadRaw: Failed to read header (8 bytes).
02-Feb-2015 22:01:19 GMT  Closed file root://xrootd.unl.edu//store/group/dpg_trigger/comm_trigger/L1TrackTrigger/620_SLHC10/Extended2023TTI/MinBias/MinBias_TuneZ2star_GEN_SIM_201.root
02-Feb-2015 22:01:19 GMT  Initiating request to open file root://xrootd.unl.edu//store/group/dpg_trigger/comm_trigger/L1TrackTrigger/620_SLHC10/Extended2023TTI/MinBias/MinBias_TuneZ2star_GEN_SIM_792.root
150202 22:06:23 11080 Xrd: CheckErrorStatus: Server [xrootd-redic.pi.infn.it:1094] declared: session not found(error code: 3011)
150202 22:06:23 11080 Xrd: CheckErrorStatus: Server [eoscms.cern.ch:1094] declared: session not found(error code: 3011)
150202 22:06:23 22925 Xrd: XrdClientMessage::ReadRaw: Failed to read header (8 bytes).
02-Feb-2015 22:06:23 GMT  Successfully opened file root://xrootd.unl.edu//store/group/dpg_trigger/comm_trigger/L1TrackTrigger/620_SLHC10/Extended2023TTI/MinBias/MinBias_TuneZ2star_GEN_SIM_792.root
150202 22:06:24 28719 Xrd: XrdClientMessage::ReadRaw: Failed to read header (8 bytes).
02-Feb-2015 22:09:42 GMT  Closed file root://xrootd.unl.edu//store/group/dpg_trigger/comm_trigger/L1TrackTrigger/620_SLHC10/Extended2023TTI/MinBias/MinBias_TuneZ2star_GEN_SIM_792.root
02-Feb-2015 22:09:42 GMT  Initiating request to open file root://xrootd.unl.edu//store/group/dpg_trigger/comm_trigger/L1TrackTrigger/620_SLHC10/Extended2023TTI/MinBias/MinBias_TuneZ2star_GEN_SIM_757.root
150202 22:09:44 15168 Xrd: CheckErrorStatus: Server [cms-xrd-global.cern.ch:1094] declared: session not found(error code: 3011)
02-Feb-2015 22:09:44 GMT  Successfully opened file root://xrootd.unl.edu//store/group/dpg_trigger/comm_trigger/L1TrackTrigger/620_SLHC10/Extended2023TTI/MinBias/MinBias_TuneZ2star_GEN_SIM_757.root
02-Feb-2015 22:12:18 GMT  Closed file root://xrootd.unl.edu//store/group/dpg_trigger/comm_trigger/L1TrackTrigger/620_SLHC10/Extended2023TTI/MinBias/MinBias_TuneZ2star_GEN_SIM_757.root
02-Feb-2015 22:12:18 GMT  Initiating request to open file root://xrootd.unl.edu//store/group/dpg_trigger/comm_trigger/L1TrackTrigger/620_SLHC10/Extended2023TTI/MinBias/MinBias_TuneZ2star_GEN_SIM_729.root
150202 22:12:49 16406 Xrd: CheckErrorStatus: Server [cms-xrd-global.cern.ch:1094] declared: session not found(error code: 3011)
150202 22:12:49 16406 Xrd: CheckErrorStatus: Server [eoscms.cern.ch:1094] declared: session not found(error code: 3011)
02-Feb-2015 22:12:49 GMT  Successfully opened file root://xrootd.unl.edu//store/group/dpg_trigger/comm_trigger/L1TrackTrigger/620_SLHC10/Extended2023TTI/MinBias/MinBias_TuneZ2star_GEN_SIM_729.root
150202 22:14:58 13687 Xrd: XrdClientMessage::ReadRaw: Failed to read header (8 bytes).
02-Feb-2015 22:17:02 GMT  Closed file root://xrootd.unl.edu//store/group/dpg_trigger/comm_trigger/L1TrackTrigger/620_SLHC10/Extended2023TTI/MinBias/MinBias_TuneZ2star_GEN_SIM_729.root
02-Feb-2015 22:17:02 GMT  Initiating request to open file root://xrootd.unl.edu//store/group/dpg_trigger/comm_trigger/L1TrackTrigger/620_SLHC10/Extended2023TTI/MinBias/MinBias_TuneZ2star_GEN_SIM_681.root
02-Feb-2015 22:17:02 GMT  Successfully opened file root://xrootd.unl.edu//store/group/dpg_trigger/comm_trigger/L1TrackTrigger/620_SLHC10/Extended2023TTI/MinBias/MinBias_TuneZ2star_GEN_SIM_681.root
150202 22:17:28 15170 Xrd: XrdClientMessage::ReadRaw: Failed to read header (8 bytes).
02-Feb-2015 22:18:53 GMT  Closed file root://xrootd.unl.edu//store/group/dpg_trigger/comm_trigger/L1TrackTrigger/620_SLHC10/Extended2023TTI/MinBias/MinBias_TuneZ2star_GEN_SIM_681.root
02-Feb-2015 22:18:53 GMT  Initiating request to open file root://xrootd.unl.edu//store/group/dpg_trigger/comm_trigger/L1TrackTrigger/620_SLHC10/Extended2023TTI/MinBias/MinBias_TuneZ2star_GEN_SIM_157.root
02-Feb-2015 22:21:40 GMT  Successfully opened file root://xrootd.unl.edu//store/group/dpg_trigger/comm_trigger/L1TrackTrigger/620_SLHC10/Extended2023TTI/MinBias/MinBias_TuneZ2star_GEN_SIM_157.root
150202 22:22:27 16540 Xrd: XrdClientMessage::ReadRaw: Failed to read header (8 bytes).
02-Feb-2015 22:23:38 GMT  Closed file root://xrootd.unl.edu//store/group/dpg_trigger/comm_trigger/L1TrackTrigger/620_SLHC10/Extended2023TTI/MinBias/MinBias_TuneZ2star_GEN_SIM_157.root
02-Feb-2015 22:23:38 GMT  Initiating request to open file root://xrootd.unl.edu//store/group/dpg_trigger/comm_trigger/L1TrackTrigger/620_SLHC10/Extended2023TTI/MinBias/MinBias_TuneZ2star_GEN_SIM_836.root
150202 22:23:58 18791 Xrd: XrdClientMessage::ReadRaw: Failed to read header (8 bytes).
02-Feb-2015 22:24:22 GMT  Successfully opened file root://xrootd.unl.edu//store/group/dpg_trigger/comm_trigger/L1TrackTrigger/620_SLHC10/Extended2023TTI/MinBias/MinBias_TuneZ2star_GEN_SIM_836.root
02-Feb-2015 22:28:40 GMT  Closed file root://xrootd.unl.edu//store/group/dpg_trigger/comm_trigger/L1TrackTrigger/620_SLHC10/Extended2023TTI/MinBias/MinBias_TuneZ2star_GEN_SIM_836.root
02-Feb-2015 22:28:40 GMT  Initiating request to open file root://xrootd.unl.edu//store/group/dpg_trigger/comm_trigger/L1TrackTrigger/620_SLHC10/Extended2023TTI/MinBias/MinBias_TuneZ2star_GEN_SIM_944.root
150202 22:28:40 21762 Xrd: XrdClientMessage::ReadRaw: Failed to read header (8 bytes).
150202 22:29:11 25370 Xrd: CheckErrorStatus: Server [eoscms.cern.ch:1094] declared: session not found(error code: 3011)
02-Feb-2015 22:29:11 GMT  Successfully opened file root://xrootd.unl.edu//store/group/dpg_trigger/comm_trigger/L1TrackTrigger/620_SLHC10/Extended2023TTI/MinBias/MinBias_TuneZ2star_GEN_SIM_944.root
150202 22:29:58 15169 Xrd: XrdClientMessage::ReadRaw: Failed to read header (8 bytes).
02-Feb-2015 22:33:35 GMT  Closed file root://xrootd.unl.edu//store/group/dpg_trigger/comm_trigger/L1TrackTrigger/620_SLHC10/Extended2023TTI/MinBias/MinBias_TuneZ2star_GEN_SIM_944.root
02-Feb-2015 22:33:35 GMT  Initiating request to open file root://xrootd.unl.edu//store/group/dpg_trigger/comm_trigger/L1TrackTrigger/620_SLHC10/Extended2023TTI/MinBias/MinBias_TuneZ2star_GEN_SIM_163.root
150202 22:33:58 23234 Xrd: XrdClientMessage::ReadRaw: Failed to read header (8 bytes).
02-Feb-2015 22:34:06 GMT  Successfully opened file root://xrootd.unl.edu//store/group/dpg_trigger/comm_trigger/L1TrackTrigger/620_SLHC10/Extended2023TTI/MinBias/MinBias_TuneZ2star_GEN_SIM_163.root
02-Feb-2015 22:37:56 GMT  Closed file root://xrootd.unl.edu//store/group/dpg_trigger/comm_trigger/L1TrackTrigger/620_SLHC10/Extended2023TTI/MinBias/MinBias_TuneZ2star_GEN_SIM_163.root
02-Feb-2015 22:37:56 GMT  Initiating request to open file root://xrootd.unl.edu//store/group/dpg_trigger/comm_trigger/L1TrackTrigger/620_SLHC10/Extended2023TTI/MinBias/MinBias_TuneZ2star_GEN_SIM_43.root
02-Feb-2015 22:37:57 GMT  Successfully opened file root://xrootd.unl.edu//store/group/dpg_trigger/comm_trigger/L1TrackTrigger/620_SLHC10/Extended2023TTI/MinBias/MinBias_TuneZ2star_GEN_SIM_43.root
150202 22:38:58 25693 Xrd: XrdClientMessage::ReadRaw: Failed to read header (8 bytes).
150202 22:42:58 28117 Xrd: XrdClientMessage::ReadRaw: Failed to read header (8 bytes).
150202 22:42:58 13686 Xrd: XrdClientMessage::ReadRaw: Failed to read header (8 bytes).
150202 22:44:28 16316 Xrd: XrdClientMessage::ReadRaw: Failed to read header (8 bytes).
02-Feb-2015 22:44:32 GMT  Closed file root://xrootd.unl.edu//store/group/dpg_trigger/comm_trigger/L1TrackTrigger/620_SLHC10/Extended2023TTI/MinBias/MinBias_TuneZ2star_GEN_SIM_43.root
02-Feb-2015 22:44:32 GMT  Initiating request to open file root://xrootd.unl.edu//store/group/dpg_trigger/comm_trigger/L1TrackTrigger/620_SLHC10/Extended2023TTI/MinBias/MinBias_TuneZ2star_GEN_SIM_352.root
150202 22:45:02 6278 Xrd: CheckErrorStatus: Server [cms-xrd-global.cern.ch:1094] declared: session not found(error code: 3011)
150202 22:45:03 6278 Xrd: CheckErrorStatus: Server [xrootd-redic.pi.infn.it:1094] declared: session not found(error code: 3011)
02-Feb-2015 22:45:03 GMT  Successfully opened file root://xrootd.unl.edu//store/group/dpg_trigger/comm_trigger/L1TrackTrigger/620_SLHC10/Extended2023TTI/MinBias/MinBias_TuneZ2star_GEN_SIM_352.root
02-Feb-2015 22:48:41 GMT  Closed file root://xrootd.unl.edu//store/group/dpg_trigger/comm_trigger/L1TrackTrigger/620_SLHC10/Extended2023TTI/MinBias/MinBias_TuneZ2star_GEN_SIM_352.root
02-Feb-2015 22:48:41 GMT  Initiating request to open file root://xrootd.unl.edu//store/group/dpg_trigger/comm_trigger/L1TrackTrigger/620_SLHC10/Extended2023TTI/MinBias/MinBias_TuneZ2star_GEN_SIM_454.root
02-Feb-2015 22:49:12 GMT  Successfully opened file root://xrootd.unl.edu//store/group/dpg_trigger/comm_trigger/L1TrackTrigger/620_SLHC10/Extended2023TTI/MinBias/MinBias_TuneZ2star_GEN_SIM_454.root
150202 22:49:58 29810 Xrd: XrdClientMessage::ReadRaw: Failed to read header (8 bytes).
02-Feb-2015 22:52:14 GMT  Closed file root://xrootd.unl.edu//store/group/dpg_trigger/comm_trigger/L1TrackTrigger/620_SLHC10/Extended2023TTI/MinBias/MinBias_TuneZ2star_GEN_SIM_454.root
02-Feb-2015 22:52:14 GMT  Initiating request to open file root://xrootd.unl.edu//store/group/dpg_trigger/comm_trigger/L1TrackTrigger/620_SLHC10/Extended2023TTI/MinBias/MinBias_TuneZ2star_GEN_SIM_41.root
02-Feb-2015 22:52:45 GMT  Successfully opened file root://xrootd.unl.edu//store/group/dpg_trigger/comm_trigger/L1TrackTrigger/620_SLHC10/Extended2023TTI/MinBias/MinBias_TuneZ2star_GEN_SIM_41.root
150202 22:53:58 6527 Xrd: XrdClientMessage::ReadRaw: Failed to read header (8 bytes).
02-Feb-2015 22:54:09 GMT  Closed file root://dcap.pp.rl.ac.uk:1094/pnfs/pp.rl.ac.uk/data/cms/store/user/dcieri/ttbar_SIM/ttbar/ttbar_SIM/150129_145223/0000/step1_320.root
02-Feb-2015 22:54:10 GMT  Closed file root://xrootd.unl.edu//store/group/dpg_trigger/comm_trigger/L1TrackTrigger/620_SLHC10/Extended2023TTI/MinBias/MinBias_TuneZ2star_GEN_SIM_41.root

=============================================

MessageLogger Summary

 type     category        sev    module        subroutine        count    total
 ---- -------------------- -- ---------------- ----------------  -----    -----
    1 fileAction           -s MixingModule:mix                      69       69
    2 fileAction           -s MixingModule:mix                       2        2
    3 fileAction           -s MixingModule:mix                       1        1
    4 fileAction           -s file_close                             1        1
    5 fileAction           -s file_open                              2        2

 type    category    Examples: run/evt        run/evt          run/evt
 ---- -------------------- ---------------- ---------------- ----------------
    1 fileAction           1/3191           1/3191           1/3200
    2 fileAction           pre-events       pre-events       
    3 fileAction           PostEndRun                        
    4 fileAction           PostEndRun                        
    5 fileAction           pre-events       pre-events       

Severity    # Occurrences   Total Occurrences
--------    -------------   -----------------
System                 75                  75
>>> END OF printout of 229 lines from stdout+stderr
>>> Parse FrameworkJobReport crab_fjr.xml
Result of parsing the FrameworkJobReport crab_fjr.xml: 
Extracted ExitStatus from FrameworkJobReport parsing output: 0
>>> Executable succeded  0
ExeExitCode=0
EXECUTABLE_EXIT_STATUS = 0
>>> current directory /scratch/condor/dir_17538/glide_qpZyYU/execute/dir_15924/CMSSW_6_2_0_SLHC12
>>>  (SOFTWARE_DIR): /scratch/condor/dir_17538/glide_qpZyYU/execute/dir_15924/CMSSW_6_2_0_SLHC12
>>> (WORKING_DIR): 
>>> current directory content:
total 240392
drwxr-xr-x 3 cms415 gplcms      4096 Feb  2 20:18 .SCRAM
-rw------- 1 cms415 gplcms    915837 Feb  2 20:18 CMSSW.py.pkl
drwxr-xr-x 3 cms415 gplcms      4096 Feb  2 20:18 bin
drwxr-xr-x 3 cms415 gplcms      4096 Feb  2 20:18 cfipython
drwxr-xr-x 4 cms415 gplcms      4096 Apr 28  2014 config
-rw------- 1 cms415 gplcms        16 Feb  2 22:54 cpu_timing.txt
drwxr-xr-x 2 cms415 gplcms      4096 Feb  2 20:18 doc
-rw------- 1 cms415 gplcms     25767 Feb  2 22:54 executable.out
drwxr-xr-x 2 cms415 gplcms      4096 Feb  2 20:18 include
drwx------ 3 cms415 gplcms      4096 Oct  7 10:12 lib
drwxr-xr-x 3 cms415 gplcms      4096 Feb  2 20:18 logs
drwxr-xr-x 3 cms415 gplcms      4096 Feb  2 20:18 objs
-rw------- 1 cms415 gplcms       104 Feb  2 20:18 pset.py
-rw------- 1 cms415 gplcms    926824 Feb  2 20:18 pset.py.pkl
-rw------- 1 cms415 gplcms       289 Feb  2 20:18 pset.pyc
drwxr-xr-x 2 cms415 gplcms      4096 Feb  2 20:18 python
-rw------- 1 cms415 gplcms       359 Feb  2 22:54 report.log
drwxr-xr-x 2 cms415 gplcms      4096 Feb  2 20:18 src
-rw------- 1 cms415 gplcms 243961622 Feb  2 22:54 step2.root
drwxr-xr-x 3 cms415 gplcms      4096 Feb  2 20:18 test
drwxr-xr-x 3 cms415 gplcms      4096 Feb  2 20:18 tmp
>>> current directory /scratch/condor/dir_17538/glide_qpZyYU/execute/dir_15924/CMSSW_6_2_0_SLHC12
>>> (SOFTWARE_DIR): /scratch/condor/dir_17538/glide_qpZyYU/execute/dir_15924/CMSSW_6_2_0_SLHC12
>>> (WORKING_DIR): 
>>> current directory content:
total 240392
drwxr-xr-x 3 cms415 gplcms      4096 Feb  2 20:18 .SCRAM
-rw------- 1 cms415 gplcms    915837 Feb  2 20:18 CMSSW.py.pkl
drwxr-xr-x 3 cms415 gplcms      4096 Feb  2 20:18 bin
drwxr-xr-x 3 cms415 gplcms      4096 Feb  2 20:18 cfipython
drwxr-xr-x 4 cms415 gplcms      4096 Apr 28  2014 config
-rw------- 1 cms415 gplcms        16 Feb  2 22:54 cpu_timing.txt
drwxr-xr-x 2 cms415 gplcms      4096 Feb  2 20:18 doc
-rw------- 1 cms415 gplcms     25767 Feb  2 22:54 executable.out
drwxr-xr-x 2 cms415 gplcms      4096 Feb  2 20:18 include
drwx------ 3 cms415 gplcms      4096 Oct  7 10:12 lib
drwxr-xr-x 3 cms415 gplcms      4096 Feb  2 20:18 logs
drwxr-xr-x 3 cms415 gplcms      4096 Feb  2 20:18 objs
-rw------- 1 cms415 gplcms       104 Feb  2 20:18 pset.py
-rw------- 1 cms415 gplcms    926824 Feb  2 20:18 pset.py.pkl
-rw------- 1 cms415 gplcms       289 Feb  2 20:18 pset.pyc
drwxr-xr-x 2 cms415 gplcms      4096 Feb  2 20:18 python
-rw------- 1 cms415 gplcms       359 Feb  2 22:54 report.log
drwxr-xr-x 2 cms415 gplcms      4096 Feb  2 20:18 src
-rw------- 1 cms415 gplcms 243961622 Feb  2 22:54 step2_252_1_Czm.root
drwxr-xr-x 3 cms415 gplcms      4096 Feb  2 20:18 test
drwxr-xr-x 3 cms415 gplcms      4096 Feb  2 20:18 tmp
>>> current directory (RUNTIME_AREA):  /scratch/condor/dir_17538/glide_qpZyYU/execute/dir_15924
PNN = T2_UK_SGrid_RALPP
SE = heplnx204.pp.rl.ac.uk
SE_PATH = /srm/managerv2?SFN=/pnfs/pp.rl.ac.uk/data/cms/store/user/dcieri/ttbar_PU140_DIGI/dcieri/ttbar/ttbar_PU140_DIGI/3c0380cf82de79bc39966c93934c61fc/
LFNBaseName = /store/user/dcieri/ttbar_PU140_DIGI/dcieri/ttbar/ttbar_PU140_DIGI/3c0380cf82de79bc39966c93934c61fc/
USER = dcieri
endpoint = srm://heplnx204.pp.rl.ac.uk:8443/srm/managerv2?SFN=/pnfs/pp.rl.ac.uk/data/cms/store/user/dcieri/ttbar_PU140_DIGI/dcieri/ttbar/ttbar_PU140_DIGI/3c0380cf82de79bc39966c93934c61fc/
>>> Copy output files from WN = heplnc173.pp.rl.ac.uk to /srm/managerv2?SFN=/pnfs/pp.rl.ac.uk/data/cms/store/user/dcieri/ttbar_PU140_DIGI/dcieri/ttbar/ttbar_PU140_DIGI/3c0380cf82de79bc39966c93934c61fc/ :
python cmscp.py  --destination srm://heplnx204.pp.rl.ac.uk:8443/srm/managerv2?SFN=/pnfs/pp.rl.ac.uk/data/cms/store/user/dcieri/ttbar_PU140_DIGI/dcieri/ttbar/ttbar_PU140_DIGI/3c0380cf82de79bc39966c93934c61fc/ --inputFileList /scratch/condor/dir_17538/glide_qpZyYU/execute/dir_15924/CMSSW_6_2_0_SLHC12/step2_252_1_Czm.root --middleware LCG --PNN T2_UK_SGrid_RALPP --se_name heplnx204.pp.rl.ac.uk --for_lfn /store/user/dcieri/ttbar_PU140_DIGI/dcieri/ttbar/ttbar_PU140_DIGI/3c0380cf82de79bc39966c93934c61fc/    
******************************************************
localSeName  =  heplnx204.pp.rl.ac.uk
remoteSeName =  heplnx204.pp.rl.ac.uk
******************************************************
{"/scratch/condor/dir_17538/glide_qpZyYU/execute/dir_15924/CMSSW_6_2_0_SLHC12/step2_252_1_Czm.root": {"endpoint": "srm://heplnx204.pp.rl.ac.uk:8443/srm/managerv2?SFN=/pnfs/pp.rl.ac.uk/data/cms/store/user/dcieri/ttbar_PU140_DIGI/dcieri/ttbar/ttbar_PU140_DIGI/3c0380cf82de79bc39966c93934c61fc/", "surl_for_grid": "", "reason": "Copy succedeed with srm-lcg utils", "erCode": "0", "PNN": "T2_UK_SGrid_RALPP", "se_name": "heplnx204.pp.rl.ac.uk", "for_lfn": "/store/user/dcieri/ttbar_PU140_DIGI/dcieri/ttbar/ttbar_PU140_DIGI/3c0380cf82de79bc39966c93934c61fc/"}}/scratch/condor/dir_17538/glide_qpZyYU/execute/dir_15924
-------- cat /scratch/condor/dir_17538/glide_qpZyYU/execute/dir_15924/cmscpReport.sh 
#!/bin/bash
echo "Report for File: /scratch/condor/dir_17538/glide_qpZyYU/execute/dir_15924/CMSSW_6_2_0_SLHC12/step2_252_1_Czm.root"
echo "LFN: /store/user/dcieri/ttbar_PU140_DIGI/dcieri/ttbar/ttbar_PU140_DIGI/3c0380cf82de79bc39966c93934c61fc/step2_252_1_Czm.root"
echo "StorageElement: heplnx204.pp.rl.ac.uk"
echo "StageOutExitStatusReason = 'Copy succedeed with srm-lcg utils'" | tee -a $RUNTIME_AREA/$repo
echo "StageOutSE = heplnx204.pp.rl.ac.uk" >> $RUNTIME_AREA/$repo

export StageOutExitStatus=0
echo "StageOutExitStatus = 0" | tee -a $RUNTIME_AREA/$repo
-------- end of /scratch/condor/dir_17538/glide_qpZyYU/execute/dir_15924/cmscpReport.sh 
Report for File: /scratch/condor/dir_17538/glide_qpZyYU/execute/dir_15924/CMSSW_6_2_0_SLHC12/step2_252_1_Czm.root
LFN: /store/user/dcieri/ttbar_PU140_DIGI/dcieri/ttbar/ttbar_PU140_DIGI/3c0380cf82de79bc39966c93934c61fc/step2_252_1_Czm.root
StorageElement: heplnx204.pp.rl.ac.uk
StageOutExitStatusReason = 'Copy succedeed with srm-lcg utils'
StageOutExitStatus = 0
>>> current dir: /scratch/condor/dir_17538/glide_qpZyYU/execute/dir_15924
>>> current dir content:
total 8828
-rw-------  1 cms415 gplcms    2734 Feb  2 22:55 .SEinteraction.log
-rwx------  1 cms415 gplcms      53 Feb  2 20:17 .chirp_config
-rwx------  1 cms415 gplcms    7837 Feb  2 20:17 .job.ad
-rwx------  1 cms415 gplcms    9769 Feb  2 20:17 .machine.ad
-rw-------  1 cms415 gplcms     105 Feb  2 12:16 CMSSW.py
-rw-------  1 cms415 gplcms  915837 Feb  2 12:16 CMSSW.py.pkl
-rwx------  1 cms415 gplcms   29498 Feb  2 20:18 CMSSW.sh
drwxr-xr-x 15 cms415 gplcms    4096 Feb  2 22:54 CMSSW_6_2_0_SLHC12
-rw-------  1 cms415 gplcms     190 Feb  2 20:18 CacheEnv.sh
-rw-------  1 cms415 gplcms    7291 Nov 19 14:52 DashboardAPI.py
-rw-------  1 cms415 gplcms    6470 Feb  2 20:18 DashboardAPI.pyc
drwx------  2 cms415 gplcms    4096 Feb  2 22:54 IMProv
-rw-------  1 cms415 gplcms    2748 Nov 19 14:52 Logger.py
-rw-------  1 cms415 gplcms    3232 Feb  2 20:18 Logger.pyc
-rw-------  1 cms415 gplcms   24524 Nov 19 14:52 ProcInfo.py
-rw-------  1 cms415 gplcms   22645 Feb  2 20:18 ProcInfo.pyc
drwx------  7 cms415 gplcms    4096 Feb  2 20:18 ProdCommon
drwx------  3 cms415 gplcms    4096 Feb  2 20:18 WMCore
-rw-------  1 cms415 gplcms   15864 Feb  2 22:54 Watchdog_252.log
-rwx------  1 cms415 gplcms       0 Feb  2 20:18 _condor_stderr
-rwx---r--  1 cms415 gplcms   40542 Feb  2 22:55 _condor_stdout
-rw-------  1 cms415 gplcms   32895 Nov 19 14:52 apmon.py
-rw-------  1 cms415 gplcms   27958 Feb  2 20:18 apmon.pyc
-rwx------  1 cms415 gplcms  134309 Feb  2 20:18 arguments.xml
-rwx------  1 cms415 gplcms   38581 Nov 19 14:52 cmscp.py
-rw-------  1 cms415 gplcms     562 Feb  2 22:55 cmscpReport.sh
-rwx------  1 cms415 gplcms   29498 Feb  2 20:18 condor_exec.exe
-rw-------  1 cms415 gplcms     544 Feb  2 12:16 crab.cfg
-rwx------  1 cms415 gplcms    8610 Nov 19 14:52 crabWatchdog.sh
-rwx---r--  1 cms415 gplcms  112110 Feb  2 22:54 crab_fjr_252.xml
-rwx------  1 cms415 gplcms 7390485 Feb  2 20:18 default.tgz
-rwx------  1 cms415 gplcms    4488 Nov 19 14:52 fillCrabFjr.py
-rw-------  1 cms415 gplcms     226 Feb  2 20:18 inputsReport.txt
-rw-------  1 cms415 gplcms     244 Feb  2 22:55 jobreport.txt
-rw-------  1 cms415 gplcms   17352 Nov 19 14:52 parseCrabFjr.py
-rw-------  1 cms415 gplcms     324 Feb  2 20:18 report.log
-rwx--x--x  1 cms415 gplcms    1497 Nov 19 14:52 report.py
-rw-------  1 cms415 gplcms     555 Feb  2 22:55 resultCopyFile
lrwxrwxrwx  1 cms415 gplcms      96 Feb  2 22:54 step2.root -> /scratch/condor/dir_17538/glide_qpZyYU/execute/dir_15924/CMSSW_6_2_0_SLHC12/step2_252_1_Czm.root
-rwx------  1 cms415 gplcms    8351 Nov 19 14:52 writeCfg.py
-rw-------  1 cms415 gplcms   10293 Feb  2 20:17 x509up_u62281
>>> Modify Job Report:
CMSSW_VERSION = CMSSW_6_2_0_SLHC12
ProcessedDataset = ttbar_PU140_DIGI
/scratch/condor/dir_17538/glide_qpZyYU/execute/dir_15924/ProdCommon/FwkJobRep/ModifyJobReport.py fjr /scratch/condor/dir_17538/glide_qpZyYU/execute/dir_15924/crab_fjr_252.xml json /scratch/condor/dir_17538/glide_qpZyYU/execute/dir_15924/resultCopyFile n_job 252_1_Czm PrimaryDataset ttbar  ApplicationFamily cmsRun ApplicationName cmsRun cmssw_version CMSSW_6_2_0_SLHC12 psethash 3c0380cf82de79bc39966c93934c61fc UserProcessedDataset dcieri-ttbar_PU140_DIGI-3c0380cf82de79bc39966c93934c61fc
inputDict =  {u'/scratch/condor/dir_17538/glide_qpZyYU/execute/dir_15924/CMSSW_6_2_0_SLHC12/step2_252_1_Czm.root': {u'endpoint': u'srm://heplnx204.pp.rl.ac.uk:8443/srm/managerv2?SFN=/pnfs/pp.rl.ac.uk/data/cms/store/user/dcieri/ttbar_PU140_DIGI/dcieri/ttbar/ttbar_PU140_DIGI/3c0380cf82de79bc39966c93934c61fc/', u'surl_for_grid': u'', u'reason': u'Copy succedeed with srm-lcg utils', u'erCode': u'0', u'PNN': u'T2_UK_SGrid_RALPP', u'se_name': u'heplnx204.pp.rl.ac.uk', u'for_lfn': u'/store/user/dcieri/ttbar_PU140_DIGI/dcieri/ttbar/ttbar_PU140_DIGI/3c0380cf82de79bc39966c93934c61fc/'}}
UserProcessedDataset =  dcieri-ttbar_PU140_DIGI-3c0380cf82de79bc39966c93934c61fc
WORKING ON EDM FILE
file_name in inputDict =  /scratch/condor/dir_17538/glide_qpZyYU/execute/dir_15924/CMSSW_6_2_0_SLHC12/step2_252_1_Czm.root
(size) os.stat(filename)[6] =  243961622
checksum =  1036752200
    file =  step2_252_1_Czm.root
    newPfn =  srm://heplnx204.pp.rl.ac.uk:8443/srm/managerv2?SFN=/pnfs/pp.rl.ac.uk/data/cms/store/user/dcieri/ttbar_PU140_DIGI/dcieri/ttbar/ttbar_PU140_DIGI/3c0380cf82de79bc39966c93934c61fc/step2_252_1_Czm.root
    newLfn =  /store/user/dcieri/ttbar_PU140_DIGI/dcieri/ttbar/ttbar_PU140_DIGI/3c0380cf82de79bc39966c93934c61fc/step2_252_1_Czm.root
>>> crab_fjr_*.xml  permission set to 0704
CrabWrapper EXIT_FUNC entered at Mon Feb  2 22:55:05 GMT 2015   -  Mon Feb  2 22:55:05 UTC 2015
Checking output files:  
will tar file crab_fjr_252.xml in  out_files_252
WARNING: output file CMSSW_252.stdout not found!
WARNING: output file CMSSW_252.stderr not found!
WARNING: output file Watchdog_252.log.gz not found!
>>> padding time: Wrapper lasting more than 600 seconds. No sleep required.
STOPPING WATCHDOG. CrabWatchdog PID is 17266
********** LAST 50 LINES OF WATCHDOG LOG
# TIME			PID	RSS(KB)	VSZ(KB)	Dsk(MB)	tCPU(s)	tWALL(s)	COMMAND
# TIME			PID	RSS(KB)	VSZ(KB)	Dsk(MB)	tCPU(s)	tWALL(s)	COMMAND
# TIME			PID	RSS(KB)	VSZ(KB)	Dsk(MB)	tCPU(s)	tWALL(s)	COMMAND
# TIME			PID	RSS(KB)	VSZ(KB)	Dsk(MB)	tCPU(s)	tWALL(s)	COMMAND
# TIME			PID	RSS(KB)	VSZ(KB)	Dsk(MB)	tCPU(s)	tWALL(s)	COMMAND
# TIME			PID	RSS(KB)	VSZ(KB)	Dsk(MB)	tCPU(s)	tWALL(s)	COMMAND
# TIME			PID	RSS(KB)	VSZ(KB)	Dsk(MB)	tCPU(s)	tWALL(s)	COMMAND
# TIME			PID	RSS(KB)	VSZ(KB)	Dsk(MB)	tCPU(s)	tWALL(s)	COMMAND
# TIME			PID	RSS(KB)	VSZ(KB)	Dsk(MB)	tCPU(s)	tWALL(s)	COMMAND
# TIME			PID	RSS(KB)	VSZ(KB)	Dsk(MB)	tCPU(s)	tWALL(s)	COMMAND
# TIME			PID	RSS(KB)	VSZ(KB)	Dsk(MB)	tCPU(s)	tWALL(s)	COMMAND
# TIME			PID	RSS(KB)	VSZ(KB)	Dsk(MB)	tCPU(s)	tWALL(s)	COMMAND
# TIME			PID	RSS(KB)	VSZ(KB)	Dsk(MB)	tCPU(s)	tWALL(s)	COMMAND
 Feb 02 21:48:02 GMT	---	1375764	1813772	140	----	----	----
 Feb 02 21:57:04 GMT	17401	1375764	1815308	140	446	5900	cmsRun -j /scratch/condor/dir_17538/glide_qpZyYU/execute/dir_15924/crab_fjr_252.xml -p pset.py      
 Feb 02 21:58:04 GMT	17401	1375764	1821452	140	450	5960	cmsRun -j /scratch/condor/dir_17538/glide_qpZyYU/execute/dir_15924/crab_fjr_252.xml -p pset.py      
 Feb 02 21:59:04 GMT	17401	1375764	1824268	140	454	6020	cmsRun -j /scratch/condor/dir_17538/glide_qpZyYU/execute/dir_15924/crab_fjr_252.xml -p pset.py      
 Feb 02 22:00:04 GMT	17401	1375764	1825548	140	465	6080	cmsRun -j /scratch/condor/dir_17538/glide_qpZyYU/execute/dir_15924/crab_fjr_252.xml -p pset.py      
 Feb 02 22:01:04 GMT	17401	1403248	1838860	140	470	6141	cmsRun -j /scratch/condor/dir_17538/glide_qpZyYU/execute/dir_15924/crab_fjr_252.xml -p pset.py      
 Feb 02 22:03:05 GMT	17401	1404036	1838860	140	471	6261	cmsRun -j /scratch/condor/dir_17538/glide_qpZyYU/execute/dir_15924/crab_fjr_252.xml -p pset.py      
 Feb 02 22:04:05 GMT	17401	1420876	1838860	140	471	6321	cmsRun -j /scratch/condor/dir_17538/glide_qpZyYU/execute/dir_15924/crab_fjr_252.xml -p pset.py      
 Feb 02 22:06:05 GMT	17401	1421120	1838860	140	471	6442	cmsRun -j /scratch/condor/dir_17538/glide_qpZyYU/execute/dir_15924/crab_fjr_252.xml -p pset.py      
 Feb 02 22:07:06 GMT	17401	1457620	1838860	140	476	6502	cmsRun -j /scratch/condor/dir_17538/glide_qpZyYU/execute/dir_15924/crab_fjr_252.xml -p pset.py      
 Feb 02 22:08:06 GMT	---	1457620	1838860	159	----	----	----
 Feb 02 22:16:08 GMT	---	1457620	1838860	182	----	----	----
 Feb 02 22:22:09 GMT	17401	1457620	1852428	182	628	7405	cmsRun -j /scratch/condor/dir_17538/glide_qpZyYU/execute/dir_15924/crab_fjr_252.xml -p pset.py      
 Feb 02 22:23:09 GMT	---	1457620	1852428	203	----	----	----
 Feb 02 22:26:10 GMT	17401	1457620	1852684	203	677	7646	cmsRun -j /scratch/condor/dir_17538/glide_qpZyYU/execute/dir_15924/crab_fjr_252.xml -p pset.py      
 Feb 02 22:27:10 GMT	17401	1457620	1856780	203	683	7706	cmsRun -j /scratch/condor/dir_17538/glide_qpZyYU/execute/dir_15924/crab_fjr_252.xml -p pset.py      
 Feb 02 22:28:10 GMT	17401	1457620	1861388	203	689	7766	cmsRun -j /scratch/condor/dir_17538/glide_qpZyYU/execute/dir_15924/crab_fjr_252.xml -p pset.py      
 Feb 02 22:30:11 GMT	17401	1457620	1870092	203	703	7887	cmsRun -j /scratch/condor/dir_17538/glide_qpZyYU/execute/dir_15924/crab_fjr_252.xml -p pset.py      
 Feb 02 22:31:11 GMT	17401	1469264	1890060	203	717	7947	cmsRun -j /scratch/condor/dir_17538/glide_qpZyYU/execute/dir_15924/crab_fjr_252.xml -p pset.py      
 Feb 02 22:32:11 GMT	17401	1475688	1890828	203	723	8007	cmsRun -j /scratch/condor/dir_17538/glide_qpZyYU/execute/dir_15924/crab_fjr_252.xml -p pset.py      
 Feb 02 22:33:11 GMT	17401	1475688	1893900	203	746	8067	cmsRun -j /scratch/condor/dir_17538/glide_qpZyYU/execute/dir_15924/crab_fjr_252.xml -p pset.py      
 Feb 02 22:33:11 GMT	---	1475688	1893900	226	----	----	----
 Feb 02 22:36:12 GMT	17401	1475688	1894156	226	758	8248	cmsRun -j /scratch/condor/dir_17538/glide_qpZyYU/execute/dir_15924/crab_fjr_252.xml -p pset.py      
 Feb 02 22:39:12 GMT	17401	1475688	1899276	226	776	8428	cmsRun -j /scratch/condor/dir_17538/glide_qpZyYU/execute/dir_15924/crab_fjr_252.xml -p pset.py      
 Feb 02 22:40:12 GMT	17401	1475688	1905676	226	781	8489	cmsRun -j /scratch/condor/dir_17538/glide_qpZyYU/execute/dir_15924/crab_fjr_252.xml -p pset.py      
 Feb 02 22:41:13 GMT	17401	1475688	1910284	226	788	8549	cmsRun -j /scratch/condor/dir_17538/glide_qpZyYU/execute/dir_15924/crab_fjr_252.xml -p pset.py      
 Feb 02 22:42:13 GMT	17401	1478340	1924364	226	800	8610	cmsRun -j /scratch/condor/dir_17538/glide_qpZyYU/execute/dir_15924/crab_fjr_252.xml -p pset.py      
 Feb 02 22:43:14 GMT	17401	1482648	1926156	226	804	8670	cmsRun -j /scratch/condor/dir_17538/glide_qpZyYU/execute/dir_15924/crab_fjr_252.xml -p pset.py      
 Feb 02 22:44:15 GMT	17401	1485600	1927180	226	808	8731	cmsRun -j /scratch/condor/dir_17538/glide_qpZyYU/execute/dir_15924/crab_fjr_252.xml -p pset.py      
 Feb 02 22:46:15 GMT	---	1485600	1927180	247	----	----	----
# TIME			PID	RSS(KB)	VSZ(KB)	Dsk(MB)	tCPU(s)	tWALL(s)	COMMAND
 Feb 02 22:47:15 GMT	17401	1485600	1927436	247	839	8911	cmsRun -j /scratch/condor/dir_17538/glide_qpZyYU/execute/dir_15924/crab_fjr_252.xml -p pset.py      
 Feb 02 22:50:16 GMT	17401	1485600	1936140	247	859	9092	cmsRun -j /scratch/condor/dir_17538/glide_qpZyYU/execute/dir_15924/crab_fjr_252.xml -p pset.py      
 Feb 02 22:51:16 GMT	17401	1485600	1943308	247	871	9152	cmsRun -j /scratch/condor/dir_17538/glide_qpZyYU/execute/dir_15924/crab_fjr_252.xml -p pset.py      
 Feb 02 22:52:16 GMT	17401	1494368	1943308	247	888	9212	cmsRun -j /scratch/condor/dir_17538/glide_qpZyYU/execute/dir_15924/crab_fjr_252.xml -p pset.py      
 Feb 02 22:53:16 GMT	17401	1546948	1961740	247	892	9272	cmsRun -j /scratch/condor/dir_17538/glide_qpZyYU/execute/dir_15924/crab_fjr_252.xml -p pset.py      
 Feb 02 22:54:17 GMT	---	1546948	1961740	271	----	----	----
********** WATCHDOG LOG ENDED
ZIPPING WATCHDOG LOG
Disk space used:
du -sh /scratch/condor/dir_17538/glide_qpZyYU/execute/dir_15924
271M	/scratch/condor/dir_17538/glide_qpZyYU/execute/dir_15924
Found unusual stdout, rename for OSB
`/scratch/condor/dir_17538/glide_qpZyYU/execute/dir_15924/_condor_stdout' -> `CMSSW_252.stdout'
Found unusual stderr, rename for OSB
`/scratch/condor/dir_17538/glide_qpZyYU/execute/dir_15924/_condor_stdout' -> `CMSSW_252.stderr'
crab_fjr_252.xml
CMSSW_252.stdout
CMSSW_252.stderr
Watchdog_252.log.gz
Total Output dimension: 24544
WARNING: output files size limit is set to: 50000000
Total Output dimension 24544 is fine.
JOB_EXIT_STATUS = 0
>>> info for dashboard:
***** Cat /scratch/condor/dir_17538/glide_qpZyYU/execute/dir_15924/jobreport.txt *****
MonitorJobID=252_https://submit-6.t2.ucsd.edu//150202//509447.251
MonitorID=dcieri_PU140_4dm08r
ExeTime=9323
ExeExitCode=0
StageOutExitStatusReason = 'Copy succedeed with srm-lcg utils'
StageOutSE = heplnx204.pp.rl.ac.uk
StageOutExitStatus = 0
CrabUserCpuTime=883.79
CrabSysCpuTime=33.57
CrabCpuPercentage=9%
CrabWrapperTime=9386
CrabStageoutTime=48
JobExitCode=0
***** End Cat jobreport *****
Parameters sent to Dashboard.
EXITING at Mon Feb  2 22:55:08 GMT 2015  -  Mon Feb  2 22:55:08 UTC 2015
