This script was generated by crab (version 2.11.1_patch1).
Running /scratch/condor/dir_28499/glide_IgKnye/execute/dir_32692/condor_exec.exe with 2 positional parameters: 184 1
Today is Mon Feb  2 20:09:24 GMT 2015 - Mon Feb  2 20:09:24 UTC 2015
Job submitted on host heplnc015.pp.rl.ac.uk
Linux heplnc015.pp.rl.ac.uk 2.6.32-504.3.3.el6.x86_64 #1 SMP Tue Dec 16 14:29:22 CST 2014 x86_64 x86_64 x86_64 GNU/Linux
Distributor ID:	Scientific
Description:	Scientific Linux release 6.6 (Carbon)
>>> current directory (RUNTIME_AREA): /scratch/condor/dir_28499/glide_IgKnye/execute/dir_32692
>>> current user: uid=157415(cms415) gid=157000(gplcms) groups=157000(gplcms)
>>> directory permission set to 0700
>>> umask set to:  u=rwx,g=,o=
>>> stdout stderr permission set to 0704
>>> voms proxy information:
subject   : /DC=ch/DC=cern/OU=Organic Units/OU=Users/CN=dcieri/CN=755391/CN=Davide Cieri/CN=769881070/CN=1157554041
issuer    : /DC=ch/DC=cern/OU=Organic Units/OU=Users/CN=dcieri/CN=755391/CN=Davide Cieri/CN=769881070
identity  : /DC=ch/DC=cern/OU=Organic Units/OU=Users/CN=dcieri/CN=755391/CN=Davide Cieri
type      : RFC3820 compliant limited proxy
strength  : 1024
path      : /scratch/condor/dir_28499/glide_IgKnye/execute/dir_32692/x509up_u62281
timeleft  : 23:58:26
key usage : Digital Signature, Key Encipherment
=== VO cms extension information ===
VO        : cms
subject   : /DC=ch/DC=cern/OU=Organic Units/OU=Users/CN=dcieri/CN=755391/CN=Davide Cieri
issuer    : /DC=ch/DC=cern/OU=computers/CN=lcg-voms2.cern.ch
attribute : /cms/Role=NULL/Capability=NULL
timeleft  : 184:07:00
uri       : lcg-voms2.cern.ch:15002

WNHostName=heplnc015.pp.rl.ac.uk
$_CONDOR_JOB_AD =/scratch/condor/dir_28499/glide_IgKnye/execute/dir_32692/.job.ad
OverflowFlag=0
>>> tar --no-same-permissions -xf /scratch/condor/dir_28499/glide_IgKnye/execute/dir_32692/default.tgz :
Successful untar
>>> Include /scratch/condor/dir_28499/glide_IgKnye/execute/dir_32692 in PYTHONPATH:
strip arguments
env var CRAB_UNIQUE_JOB_ID set to: dcieri_PU140_4dm08r_184_1_CFP
out_files_184
>>> list of expected files on output sandbox
output files: crab_fjr_184.xml CMSSW_184.stdout CMSSW_184.stderr Watchdog_184.log.gz
>>> GridFlavour discovery: 
GridFlavour=LCG
>>> SyncSite discovery: 
SyncSite=T2_UK_SGrid_RALPP
>>> SyncCE discovery: 
getting SyncCE from GLIDEIN_Gaekeeper
SyncCE=heplnv147.pp.rl.ac.uk
>>> info for dashboard:
***** Cat /scratch/condor/dir_28499/glide_IgKnye/execute/dir_32692/jobreport.txt *****
WNHostName=heplnc015.pp.rl.ac.uk
OverflowFlag=0
MonitorJobID=184_https://submit-6.t2.ucsd.edu//150202//509447.183
SyncGridJobId=https://submit-6.t2.ucsd.edu//150202//509447.183
MonitorID=dcieri_PU140_4dm08r
GridFlavour=LCG
SyncSite=T2_UK_SGrid_RALPP
SyncCE=heplnv147.pp.rl.ac.uk
***** End Cat jobreport *****
Parameters sent to Dashboard.
>>> setup environment
set SCRAM ARCH to slc6_amd64_gcc472
SCRAM_ARCH = slc6_amd64_gcc472
>>> setup CMS LCG environment:
set SCRAM ARCH and BUILD_ARCH to slc6_amd64_gcc472 ###
Sourcing environment... 
sourcing /cvmfs/cms.cern.ch/cmsset_default.sh
==> setup cms environment ok
>>> specific cmssw setup environment:
CMSSW_VERSION =  CMSSW_6_2_0_SLHC12
WARNING: In non-interactive mode release checks e.g. deprecated releases, production architectures are disabled.
>>> current directory (SOFTWARE_DIR): /scratch/condor/dir_28499/glide_IgKnye/execute/dir_32692/CMSSW_6_2_0_SLHC12
PreserveSeeds: <>
IncrementSeeds:<>
>>> info for dashboard:
***** Cat /scratch/condor/dir_28499/glide_IgKnye/execute/dir_32692/jobreport.txt *****
MonitorJobID=184_https://submit-6.t2.ucsd.edu//150202//509447.183
MonitorID=dcieri_PU140_4dm08r
***** End Cat jobreport *****
Parameters sent to Dashboard.
crabWatchdog started as process 597
>>> moving CMSSW software directories in /scratch/condor/dir_28499/glide_IgKnye/execute/dir_32692/CMSSW_6_2_0_SLHC12
mv: cannot stat `/scratch/condor/dir_28499/glide_IgKnye/execute/dir_32692/module/': No such file or directory
>>> Include /scratch/condor/dir_28499/glide_IgKnye/execute/dir_32692 in PYTHONPATH:
PYTHONPATH=/scratch/condor/dir_28499/glide_IgKnye/execute/dir_32692/:/scratch/condor/dir_28499/glide_IgKnye/execute/dir_32692/CMSSW_6_2_0_SLHC12/python:/scratch/condor/dir_28499/glide_IgKnye/execute/dir_32692/CMSSW_6_2_0_SLHC12/lib/slc6_amd64_gcc472:/cvmfs/cms.cern.ch/slc6_amd64_gcc472/cms/cmssw/CMSSW_6_2_0_SLHC12/python:/cvmfs/cms.cern.ch/slc6_amd64_gcc472/cms/cmssw/CMSSW_6_2_0_SLHC12/lib/slc6_amd64_gcc472:/cvmfs/cms.cern.ch/slc6_amd64_gcc472/cms/coral/CORAL_2_3_21-cms35/slc6_amd64_gcc472/python:/cvmfs/cms.cern.ch/slc6_amd64_gcc472/cms/coral/CORAL_2_3_21-cms35/slc6_amd64_gcc472/lib:/cvmfs/cms.cern.ch/slc6_amd64_gcc472/external/python-ldap/2.3.5-cms5/lib/python2.7/site-packages:/cvmfs/cms.cern.ch/slc6_amd64_gcc472/external/pyqt/4.8.1-cms5/lib/python2.7/site-packages:/cvmfs/cms.cern.ch/slc6_amd64_gcc472/external/py2-scipy/0.8.0-cms7/lib/python2.7/site-packages:/cvmfs/cms.cern.ch/slc6_amd64_gcc472/external/py2-matplotlib/1.0.1-cms7/lib/python2.7/site-packages:/cvmfs/cms.cern.ch/slc6_amd64_gcc472/external/sip/4.11.2-cms5/lib/python2.7/site-packages:/cvmfs/cms.cern.ch/slc6_amd64_gcc472/external/py2-pycurl/7.19.0-cms7/lib/python2.7/site-packages:/cvmfs/cms.cern.ch/slc6_amd64_gcc472/external/py2-numpy/1.6.1-cms7/lib/python2.7/site-packages:/cvmfs/cms.cern.ch/slc6_amd64_gcc472/external/py2-lint/0.25.1-cms5/lib/python2.7/site-packages:/cvmfs/cms.cern.ch/slc6_amd64_gcc472/external/py2-ipython/0.10-cms5/lib/python2.7/site-packages:/cvmfs/cms.cern.ch/slc6_amd64_gcc472/external/py2-cx-oracle/5.1-cms5/lib/python2.7/site-packages:/cvmfs/cms.cern.ch/slc6_amd64_gcc472/external/py2-cjson/1.0.5-cms5/lib/python2.7/site-packages:/cvmfs/cms.cern.ch/slc6_amd64_gcc472/cms/das-client/1.11.7/bin:/cvmfs/cms.cern.ch/slc6_amd64_gcc472/external/elementtree/1.2.6-cms5/share/lib/python2.7/site-packages:/cvmfs/cms.cern.ch/slc6_amd64_gcc472/external/rivet/1.8.2-cms9/lib/python2.7/site-packages:/cvmfs/cms.cern.ch/slc6_amd64_gcc472/external/pyminuit2/0.0.1-cms19/lib/python2.7/site-packages:/cvmfs/cms.cern.ch/slc6_amd64_gcc472/external/py2-pygithub/1.23.0-cms2/lib/python2.7/site-packages:/cvmfs/cms.cern.ch/slc6_amd64_gcc472/external/professor/1.0.0-cms19/lib/python2.7/site-packages:/cvmfs/cms.cern.ch/slc6_amd64_gcc472/lcg/root/5.34.07-cms/lib:/cvmfs/cms.cern.ch/slc6_amd64_gcc472/cms/dbs-client/DBS_2_1_9-cms5/lib:/cvmfs/cms.cern.ch/slc6_amd64_gcc472/cms/dbs-client/DBS_2_1_9-cms5/lib/DBSAPI:/cvmfs/cms.cern.ch/slc6_amd64_gcc472/external/cvs2git/5419-cms/lib:/scratch/condor/dir_28499/glide_IgKnye/execute/dir_32692/
 
# LIMITS USED BY CRAB WATCHDOG:
# RSS  (KBytes)   : 2300000
# VSZ  (KBytes)   : 100000000
# DISK (MBytes)   : 19000
# CPU TIME        : 720h:0m:0s
# WALL CLOCK TIME : 21h:50m:0s
 
3c0380cf82de79bc39966c93934c61fc
PSETHASH = 3c0380cf82de79bc39966c93934c61fc
/scratch/condor/dir_28499/glide_IgKnye/execute/dir_32692/writeCfg.py pset.py pset.py
Importing .py file
Setting parameters
RandomNumberGeneratorService found, will attempt to change seeds
inputBlocks=/ttbar/dcieri-ttbar_SIM-130075366148575c102f0d64fd3ac8f7/USER#42f4abf6-431f-4645-8b28-bf101a629022
inputFiles=/store/user/dcieri/ttbar_SIM/ttbar/ttbar_SIM/150129_145223/0000/step1_317.root
parentFiles=
lumisRange=
>>> Executable cmsRun
/cvmfs/cms.cern.ch/slc6_amd64_gcc472/cms/cmssw/CMSSW_6_2_0_SLHC12/bin/slc6_amd64_gcc472/cmsRun
ok executable found
>>> info for dashboard:
***** Cat /scratch/condor/dir_28499/glide_IgKnye/execute/dir_32692/jobreport.txt *****
MonitorJobID=184_https://submit-6.t2.ucsd.edu//150202//509447.183
MonitorID=dcieri_PU140_4dm08r
ExeStart=cmsRun
***** End Cat jobreport *****
Parameters sent to Dashboard.
>>> cmsRun started at Mon Feb  2 20:09:33 UTC 2015
>>> cmsRun ended at Mon Feb  2 23:05:48 UTC 2015
>>> crab_fjr_*.xml  permission set to 0704
>>> info for dashboard:
***** Cat /scratch/condor/dir_28499/glide_IgKnye/execute/dir_32692/jobreport.txt *****
MonitorJobID=184_https://submit-6.t2.ucsd.edu//150202//509447.183
MonitorID=dcieri_PU140_4dm08r
ExeEnd=cmsRun
***** End Cat jobreport *****
Parameters sent to Dashboard.
TIME_EXE = 10575 sec
>>> cmsRun wrote 233 lines of stdout+stderr
>>> START OF printout of 233 lines from stdout+stderr
271 DQMStore::DQMStore 
HcalTopologyIdealEP::HcalTopologyIdealEP
02-Feb-2015 20:09:43 GMT  Initiating request to open file root://dcap.pp.rl.ac.uk:1094/pnfs/pp.rl.ac.uk/data/cms/store/user/dcieri/ttbar_SIM/ttbar/ttbar_SIM/150129_145223/0000/step1_317.root
150202 20:09:45 1190 Xrd: CheckErrorStatus: Server [heplnx209.pp.rl.ac.uk:1094] declared: Request 3018 not supported(error code: 3013)
02-Feb-2015 20:09:45 GMT  Successfully opened file root://dcap.pp.rl.ac.uk:1094/pnfs/pp.rl.ac.uk/data/cms/store/user/dcieri/ttbar_SIM/ttbar/ttbar_SIM/150129_145223/0000/step1_317.root
02-Feb-2015 20:09:46 GMT  Initiating request to open file root://xrootd.unl.edu//store/group/dpg_trigger/comm_trigger/L1TrackTrigger/620_SLHC10/Extended2023TTI/MinBias/MinBias_TuneZ2star_GEN_SIM_1.root
02-Feb-2015 20:10:07 GMT  Successfully opened file root://xrootd.unl.edu//store/group/dpg_trigger/comm_trigger/L1TrackTrigger/620_SLHC10/Extended2023TTI/MinBias/MinBias_TuneZ2star_GEN_SIM_1.root
disableME1a = 0
HcalTopologyIdealEP::produce(const IdealGeometryRecord& iRecord)
mode = 2, maxDepthHB = 3, maxDepthHE = 5
RPCGeometryESModule :: produce
RPCGeometryESModule :: produce :: 1/4 Get Muon Ideal Geometry Record
RPCGeometryESModule :: produce :: 2/4 Get Muon DDD Constants
RPCGeometryESModule :: produce :: 3/4 Get Muon Numbering Record
in MuonNumberingInitialization::initializeMuonDDDConstants
about to make my new muonDDDConst_
in MuonNumberingInitialization::produce
RPCGeometryESModule :: produce :: 4/4 Build
Found:

	Barrel Stack layer 5 : 1008 stacks
	Barrel Stack layer 6 : 1320 stacks
	Barrel Stack layer 7 : 1836 stacks
	Barrel Stack layer 8 : 1152 stacks
	Barrel Stack layer 9 : 1488 stacks
	Barrel Stack layer 10 : 1824 stacks

	Endcap Stack disk 11 : 1360 stacks
	Endcap Stack disk 12 : 1360 stacks
	Endcap Stack disk 13 : 1360 stacks
	Endcap Stack disk 14 : 1360 stacks
	Endcap Stack disk 15 : 1360 stacks
Created 15428 stacks in 28 s

TTClusterBuilder< edm::Ref<edm::DetSetVector<PixelDigi>, PixelDigi, edm::refhelper::FindForDetSetVector<PixelDigi> > > loaded modules:
	TTClusterAlgorithm:	TTClusterAlgorithm_2d2013< edm::Ref<edm::DetSetVector<PixelDigi>, PixelDigi, edm::refhelper::FindForDetSetVector<PixelDigi> > >


TTStubBuilder< edm::Ref<edm::DetSetVector<PixelDigi>, PixelDigi, edm::refhelper::FindForDetSetVector<PixelDigi> > > loaded modules:
	TTStubAlgorithm:	TTStubAlgorithm_tab2013< edm::Ref<edm::DetSetVector<PixelDigi>, PixelDigi, edm::refhelper::FindForDetSetVector<PixelDigi> > >


TTClusterAssociator< edm::Ref<edm::DetSetVector<PixelDigi>, PixelDigi, edm::refhelper::FindForDetSetVector<PixelDigi> > > loaded.


TTStubAssociator< edm::Ref<edm::DetSetVector<PixelDigi>, PixelDigi, edm::refhelper::FindForDetSetVector<PixelDigi> > > loaded.


TTTrackAssociator< edm::Ref<edm::DetSetVector<PixelDigi>, PixelDigi, edm::refhelper::FindForDetSetVector<PixelDigi> > > loaded.

Begin processing the 1st record. Run 1, Event 3161, LumiSection 317 at 02-Feb-2015 20:10:57.224 GMT
02-Feb-2015 20:11:04 GMT  Closed file root://xrootd.unl.edu//store/group/dpg_trigger/comm_trigger/L1TrackTrigger/620_SLHC10/Extended2023TTI/MinBias/MinBias_TuneZ2star_GEN_SIM_1.root
02-Feb-2015 20:11:04 GMT  Initiating request to open file root://xrootd.unl.edu//store/group/dpg_trigger/comm_trigger/L1TrackTrigger/620_SLHC10/Extended2023TTI/MinBias/MinBias_TuneZ2star_GEN_SIM_690.root
02-Feb-2015 20:11:06 GMT  Successfully opened file root://xrootd.unl.edu//store/group/dpg_trigger/comm_trigger/L1TrackTrigger/620_SLHC10/Extended2023TTI/MinBias/MinBias_TuneZ2star_GEN_SIM_690.root
150202 20:16:14 1625 Xrd: XrdClientMessage::ReadRaw: Failed to read header (8 bytes).
150202 20:16:14 1627 Xrd: XrdClientMessage::ReadRaw: Failed to read header (8 bytes).
02-Feb-2015 20:21:51 GMT  Closed file root://xrootd.unl.edu//store/group/dpg_trigger/comm_trigger/L1TrackTrigger/620_SLHC10/Extended2023TTI/MinBias/MinBias_TuneZ2star_GEN_SIM_690.root
02-Feb-2015 20:21:51 GMT  Initiating request to open file root://xrootd.unl.edu//store/group/dpg_trigger/comm_trigger/L1TrackTrigger/620_SLHC10/Extended2023TTI/MinBias/MinBias_TuneZ2star_GEN_SIM_908.root
150202 20:22:22 12622 Xrd: CheckErrorStatus: Server [xrootd-redic.pi.infn.it:1094] declared: session not found(error code: 3011)
02-Feb-2015 20:22:22 GMT  Successfully opened file root://xrootd.unl.edu//store/group/dpg_trigger/comm_trigger/L1TrackTrigger/620_SLHC10/Extended2023TTI/MinBias/MinBias_TuneZ2star_GEN_SIM_908.root
150202 20:27:14 2570 Xrd: XrdClientMessage::ReadRaw: Failed to read header (8 bytes).
150202 20:27:44 12646 Xrd: XrdClientMessage::ReadRaw: Failed to read header (8 bytes).
150202 20:30:14 1624 Xrd: XrdClientMessage::ReadRaw: Failed to read header (8 bytes).
150202 20:30:14 1379 Xrd: XrdClientMessage::ReadRaw: Failed to read header (8 bytes).
150202 20:30:14 1378 Xrd: XrdClientMessage::ReadRaw: Failed to read header (8 bytes).
150202 20:31:14 2569 Xrd: XrdClientMessage::ReadRaw: Failed to read header (8 bytes).
02-Feb-2015 20:33:02 GMT  Closed file root://xrootd.unl.edu//store/group/dpg_trigger/comm_trigger/L1TrackTrigger/620_SLHC10/Extended2023TTI/MinBias/MinBias_TuneZ2star_GEN_SIM_908.root
02-Feb-2015 20:33:02 GMT  Initiating request to open file root://xrootd.unl.edu//store/group/dpg_trigger/comm_trigger/L1TrackTrigger/620_SLHC10/Extended2023TTI/MinBias/MinBias_TuneZ2star_GEN_SIM_647.root
150202 20:33:33 23645 Xrd: CheckErrorStatus: Server [xrootd-redic.pi.infn.it:1094] declared: session not found(error code: 3011)
02-Feb-2015 20:33:34 GMT  Successfully opened file root://xrootd.unl.edu//store/group/dpg_trigger/comm_trigger/L1TrackTrigger/620_SLHC10/Extended2023TTI/MinBias/MinBias_TuneZ2star_GEN_SIM_647.root
Building the geometry service
Warning did not find digi
Warning did not find digi
Warning did not find digi
Warning did not find digi
Warning did not find digi in disks
Warning did not find digi in disks
Warning did not find digi in disks
Warning did not find digi in disks
150202 20:38:14 12647 Xrd: XrdClientMessage::ReadRaw: Failed to read header (8 bytes).
150202 20:38:44 23746 Xrd: XrdClientMessage::ReadRaw: Failed to read header (8 bytes).
02-Feb-2015 20:44:20 GMT  Closed file root://xrootd.unl.edu//store/group/dpg_trigger/comm_trigger/L1TrackTrigger/620_SLHC10/Extended2023TTI/MinBias/MinBias_TuneZ2star_GEN_SIM_647.root
02-Feb-2015 20:44:20 GMT  Initiating request to open file root://xrootd.unl.edu//store/group/dpg_trigger/comm_trigger/L1TrackTrigger/620_SLHC10/Extended2023TTI/MinBias/MinBias_TuneZ2star_GEN_SIM_703.root
150202 20:44:51 1171 Xrd: CheckErrorStatus: Server [cms-xrd-global.cern.ch:1094] declared: session not found(error code: 3011)
150202 20:44:51 1171 Xrd: CheckErrorStatus: Server [xrootd.ba.infn.it:1094] declared: session not found(error code: 3011)
02-Feb-2015 20:44:51 GMT  Successfully opened file root://xrootd.unl.edu//store/group/dpg_trigger/comm_trigger/L1TrackTrigger/620_SLHC10/Extended2023TTI/MinBias/MinBias_TuneZ2star_GEN_SIM_703.root
150202 20:49:44 23777 Xrd: XrdClientMessage::ReadRaw: Failed to read header (8 bytes).
150202 20:50:14 2097 Xrd: XrdClientMessage::ReadRaw: Failed to read header (8 bytes).
150202 20:53:44 12645 Xrd: XrdClientMessage::ReadRaw: Failed to read header (8 bytes).
02-Feb-2015 20:54:22 GMT  Closed file root://xrootd.unl.edu//store/group/dpg_trigger/comm_trigger/L1TrackTrigger/620_SLHC10/Extended2023TTI/MinBias/MinBias_TuneZ2star_GEN_SIM_703.root
02-Feb-2015 20:54:22 GMT  Initiating request to open file root://xrootd.unl.edu//store/group/dpg_trigger/comm_trigger/L1TrackTrigger/620_SLHC10/Extended2023TTI/MinBias/MinBias_TuneZ2star_GEN_SIM_232.root
150202 20:54:34 10419 Xrd: CheckErrorStatus: Server [cms-xrd-global.cern.ch:1094] declared: session not found(error code: 3011)
150202 20:54:34 10419 Xrd: CheckErrorStatus: Server [llrxrd-redir.in2p3.fr:1094] declared: session not found(error code: 3011)
02-Feb-2015 20:54:34 GMT  Successfully opened file root://xrootd.unl.edu//store/group/dpg_trigger/comm_trigger/L1TrackTrigger/620_SLHC10/Extended2023TTI/MinBias/MinBias_TuneZ2star_GEN_SIM_232.root
150202 20:59:44 10422 Xrd: XrdClientMessage::ReadRaw: Failed to read header (8 bytes).
150202 20:59:44 2098 Xrd: XrdClientMessage::ReadRaw: Failed to read header (8 bytes).
02-Feb-2015 21:04:24 GMT  Closed file root://xrootd.unl.edu//store/group/dpg_trigger/comm_trigger/L1TrackTrigger/620_SLHC10/Extended2023TTI/MinBias/MinBias_TuneZ2star_GEN_SIM_232.root
02-Feb-2015 21:04:24 GMT  Initiating request to open file root://xrootd.unl.edu//store/group/dpg_trigger/comm_trigger/L1TrackTrigger/620_SLHC10/Extended2023TTI/MinBias/MinBias_TuneZ2star_GEN_SIM_585.root
150202 21:05:14 2096 Xrd: XrdClientMessage::ReadRaw: Failed to read header (8 bytes).
150202 21:07:28 19602 Xrd: CheckErrorStatus: Server [cms-xrd-global.cern.ch:1094] declared: session not found(error code: 3011)
150202 21:07:28 19602 Xrd: CheckErrorStatus: Server [xrootd.ba.infn.it:1094] declared: session not found(error code: 3011)
02-Feb-2015 21:07:28 GMT  Successfully opened file root://xrootd.unl.edu//store/group/dpg_trigger/comm_trigger/L1TrackTrigger/620_SLHC10/Extended2023TTI/MinBias/MinBias_TuneZ2star_GEN_SIM_585.root
150202 21:09:44 10426 Xrd: XrdClientMessage::ReadRaw: Failed to read header (8 bytes).
150202 21:12:44 22156 Xrd: XrdClientMessage::ReadRaw: Failed to read header (8 bytes).
150202 21:14:44 10421 Xrd: XrdClientMessage::ReadRaw: Failed to read header (8 bytes).
02-Feb-2015 21:24:26 GMT  Closed file root://xrootd.unl.edu//store/group/dpg_trigger/comm_trigger/L1TrackTrigger/620_SLHC10/Extended2023TTI/MinBias/MinBias_TuneZ2star_GEN_SIM_585.root
02-Feb-2015 21:24:26 GMT  Initiating request to open file root://xrootd.unl.edu//store/group/dpg_trigger/comm_trigger/L1TrackTrigger/620_SLHC10/Extended2023TTI/MinBias/MinBias_TuneZ2star_GEN_SIM_207.root
150202 21:25:01 4238 Xrd: CheckErrorStatus: Server [cms-xrd-global.cern.ch:1094] declared: session not found(error code: 3011)
150202 21:25:01 4238 Xrd: CheckErrorStatus: Server [xrootd-redic.pi.infn.it:1094] declared: session not found(error code: 3011)
02-Feb-2015 21:25:01 GMT  Successfully opened file root://xrootd.unl.edu//store/group/dpg_trigger/comm_trigger/L1TrackTrigger/620_SLHC10/Extended2023TTI/MinBias/MinBias_TuneZ2star_GEN_SIM_207.root
150202 21:27:44 22155 Xrd: XrdClientMessage::ReadRaw: Failed to read header (8 bytes).
150202 21:29:44 22157 Xrd: XrdClientMessage::ReadRaw: Failed to read header (8 bytes).
150202 21:30:14 5254 Xrd: XrdClientMessage::ReadRaw: Failed to read header (8 bytes).
02-Feb-2015 21:34:31 GMT  Closed file root://xrootd.unl.edu//store/group/dpg_trigger/comm_trigger/L1TrackTrigger/620_SLHC10/Extended2023TTI/MinBias/MinBias_TuneZ2star_GEN_SIM_207.root
02-Feb-2015 21:34:31 GMT  Initiating request to open file root://xrootd.unl.edu//store/group/dpg_trigger/comm_trigger/L1TrackTrigger/620_SLHC10/Extended2023TTI/MinBias/MinBias_TuneZ2star_GEN_SIM_117.root
150202 21:35:01 20044 Xrd: CheckErrorStatus: Server [cms-xrd-global.cern.ch:1094] declared: session not found(error code: 3011)
150202 21:35:01 20044 Xrd: CheckErrorStatus: Server [xrootd.ba.infn.it:1094] declared: session not found(error code: 3011)
02-Feb-2015 21:35:01 GMT  Successfully opened file root://xrootd.unl.edu//store/group/dpg_trigger/comm_trigger/L1TrackTrigger/620_SLHC10/Extended2023TTI/MinBias/MinBias_TuneZ2star_GEN_SIM_117.root
150202 21:39:44 5255 Xrd: XrdClientMessage::ReadRaw: Failed to read header (8 bytes).
150202 21:40:14 21122 Xrd: XrdClientMessage::ReadRaw: Failed to read header (8 bytes).
02-Feb-2015 21:43:36 GMT  Closed file root://xrootd.unl.edu//store/group/dpg_trigger/comm_trigger/L1TrackTrigger/620_SLHC10/Extended2023TTI/MinBias/MinBias_TuneZ2star_GEN_SIM_117.root
02-Feb-2015 21:43:36 GMT  Initiating request to open file root://xrootd.unl.edu//store/group/dpg_trigger/comm_trigger/L1TrackTrigger/620_SLHC10/Extended2023TTI/MinBias/MinBias_TuneZ2star_GEN_SIM_979.root
150202 21:44:07 1564 Xrd: CheckErrorStatus: Server [xrootd.ba.infn.it:1094] declared: session not found(error code: 3011)
02-Feb-2015 21:44:07 GMT  Successfully opened file root://xrootd.unl.edu//store/group/dpg_trigger/comm_trigger/L1TrackTrigger/620_SLHC10/Extended2023TTI/MinBias/MinBias_TuneZ2star_GEN_SIM_979.root
150202 21:45:14 5253 Xrd: XrdClientMessage::ReadRaw: Failed to read header (8 bytes).
150202 21:48:44 21123 Xrd: XrdClientMessage::ReadRaw: Failed to read header (8 bytes).
150202 21:49:14 2291 Xrd: XrdClientMessage::ReadRaw: Failed to read header (8 bytes).
02-Feb-2015 21:52:46 GMT  Closed file root://xrootd.unl.edu//store/group/dpg_trigger/comm_trigger/L1TrackTrigger/620_SLHC10/Extended2023TTI/MinBias/MinBias_TuneZ2star_GEN_SIM_979.root
02-Feb-2015 21:52:46 GMT  Initiating request to open file root://xrootd.unl.edu//store/group/dpg_trigger/comm_trigger/L1TrackTrigger/620_SLHC10/Extended2023TTI/MinBias/MinBias_TuneZ2star_GEN_SIM_520.root
150202 21:53:17 11745 Xrd: CheckErrorStatus: Server [cms-xrd-global.cern.ch:1094] declared: session not found(error code: 3011)
150202 21:53:17 11745 Xrd: CheckErrorStatus: Server [xrootd-redic.pi.infn.it:1094] declared: session not found(error code: 3011)
02-Feb-2015 21:53:17 GMT  Successfully opened file root://xrootd.unl.edu//store/group/dpg_trigger/comm_trigger/L1TrackTrigger/620_SLHC10/Extended2023TTI/MinBias/MinBias_TuneZ2star_GEN_SIM_520.root
150202 21:58:14 2292 Xrd: XrdClientMessage::ReadRaw: Failed to read header (8 bytes).
150202 21:58:44 13468 Xrd: XrdClientMessage::ReadRaw: Failed to read header (8 bytes).
02-Feb-2015 22:00:21 GMT  Closed file root://xrootd.unl.edu//store/group/dpg_trigger/comm_trigger/L1TrackTrigger/620_SLHC10/Extended2023TTI/MinBias/MinBias_TuneZ2star_GEN_SIM_520.root
02-Feb-2015 22:00:21 GMT  Initiating request to open file root://xrootd.unl.edu//store/group/dpg_trigger/comm_trigger/L1TrackTrigger/620_SLHC10/Extended2023TTI/MinBias/MinBias_TuneZ2star_GEN_SIM_376.root
150202 22:00:52 24057 Xrd: CheckErrorStatus: Server [xrootd-redic.pi.infn.it:1094] declared: session not found(error code: 3011)
02-Feb-2015 22:00:52 GMT  Successfully opened file root://xrootd.unl.edu//store/group/dpg_trigger/comm_trigger/L1TrackTrigger/620_SLHC10/Extended2023TTI/MinBias/MinBias_TuneZ2star_GEN_SIM_376.root
150202 22:04:14 21121 Xrd: XrdClientMessage::ReadRaw: Failed to read header (8 bytes).
02-Feb-2015 22:05:18 GMT  Closed file root://xrootd.unl.edu//store/group/dpg_trigger/comm_trigger/L1TrackTrigger/620_SLHC10/Extended2023TTI/MinBias/MinBias_TuneZ2star_GEN_SIM_376.root
02-Feb-2015 22:05:18 GMT  Initiating request to open file root://xrootd.unl.edu//store/group/dpg_trigger/comm_trigger/L1TrackTrigger/620_SLHC10/Extended2023TTI/MinBias/MinBias_TuneZ2star_GEN_SIM_377.root
150202 22:05:44 13504 Xrd: XrdClientMessage::ReadRaw: Failed to read header (8 bytes).
150202 22:05:51 30775 Xrd: CheckErrorStatus: Server [cms-xrd-global.cern.ch:1094] declared: session not found(error code: 3011)
02-Feb-2015 22:05:51 GMT  Successfully opened file root://xrootd.unl.edu//store/group/dpg_trigger/comm_trigger/L1TrackTrigger/620_SLHC10/Extended2023TTI/MinBias/MinBias_TuneZ2star_GEN_SIM_377.root
02-Feb-2015 22:09:31 GMT  Closed file root://xrootd.unl.edu//store/group/dpg_trigger/comm_trigger/L1TrackTrigger/620_SLHC10/Extended2023TTI/MinBias/MinBias_TuneZ2star_GEN_SIM_377.root
02-Feb-2015 22:09:31 GMT  Initiating request to open file root://xrootd.unl.edu//store/group/dpg_trigger/comm_trigger/L1TrackTrigger/620_SLHC10/Extended2023TTI/MinBias/MinBias_TuneZ2star_GEN_SIM_708.root
150202 22:10:44 27423 Xrd: XrdClientMessage::ReadRaw: Failed to read header (8 bytes).
150202 22:11:05 12524 Xrd: CheckErrorStatus: Server [cms-xrd-global.cern.ch:1094] declared: session not found(error code: 3011)
150202 22:11:06 12524 Xrd: CheckErrorStatus: Server [xrootd.ba.infn.it:1094] declared: session not found(error code: 3011)
02-Feb-2015 22:11:06 GMT  Successfully opened file root://xrootd.unl.edu//store/group/dpg_trigger/comm_trigger/L1TrackTrigger/620_SLHC10/Extended2023TTI/MinBias/MinBias_TuneZ2star_GEN_SIM_708.root
150202 22:14:44 30945 Xrd: XrdClientMessage::ReadRaw: Failed to read header (8 bytes).
150202 22:15:54 27422 Xrd: XrdClientMessage::ReadRaw: Failed to read header (8 bytes).
150202 22:16:14 13475 Xrd: XrdClientMessage::ReadRaw: Failed to read header (8 bytes).
02-Feb-2015 22:16:43 GMT  Closed file root://xrootd.unl.edu//store/group/dpg_trigger/comm_trigger/L1TrackTrigger/620_SLHC10/Extended2023TTI/MinBias/MinBias_TuneZ2star_GEN_SIM_708.root
02-Feb-2015 22:16:43 GMT  Initiating request to open file root://xrootd.unl.edu//store/group/dpg_trigger/comm_trigger/L1TrackTrigger/620_SLHC10/Extended2023TTI/MinBias/MinBias_TuneZ2star_GEN_SIM_64.root
150202 22:18:37 21871 Xrd: CheckErrorStatus: Server [llrxrd-redir.in2p3.fr:1094] declared: session not found(error code: 3011)
02-Feb-2015 22:18:37 GMT  Successfully opened file root://xrootd.unl.edu//store/group/dpg_trigger/comm_trigger/L1TrackTrigger/620_SLHC10/Extended2023TTI/MinBias/MinBias_TuneZ2star_GEN_SIM_64.root
02-Feb-2015 22:20:43 GMT  Closed file root://xrootd.unl.edu//store/group/dpg_trigger/comm_trigger/L1TrackTrigger/620_SLHC10/Extended2023TTI/MinBias/MinBias_TuneZ2star_GEN_SIM_64.root
02-Feb-2015 22:20:43 GMT  Initiating request to open file root://xrootd.unl.edu//store/group/dpg_trigger/comm_trigger/L1TrackTrigger/620_SLHC10/Extended2023TTI/MinBias/MinBias_TuneZ2star_GEN_SIM_3.root
150202 22:21:14 13467 Xrd: XrdClientMessage::ReadRaw: Failed to read header (8 bytes).
150202 22:22:14 13476 Xrd: XrdClientMessage::ReadRaw: Failed to read header (8 bytes).
150202 22:23:44 23055 Xrd: XrdClientMessage::ReadRaw: Failed to read header (8 bytes).
150202 22:24:27 29610 Xrd: CheckErrorStatus: Server [xrootd.ba.infn.it:1094] declared: session not found(error code: 3011)
02-Feb-2015 22:24:27 GMT  Successfully opened file root://xrootd.unl.edu//store/group/dpg_trigger/comm_trigger/L1TrackTrigger/620_SLHC10/Extended2023TTI/MinBias/MinBias_TuneZ2star_GEN_SIM_3.root
150202 22:26:14 23056 Xrd: XrdClientMessage::ReadRaw: Failed to read header (8 bytes).
02-Feb-2015 22:29:33 GMT  Closed file root://xrootd.unl.edu//store/group/dpg_trigger/comm_trigger/L1TrackTrigger/620_SLHC10/Extended2023TTI/MinBias/MinBias_TuneZ2star_GEN_SIM_3.root
02-Feb-2015 22:29:33 GMT  Initiating request to open file root://xrootd.unl.edu//store/group/dpg_trigger/comm_trigger/L1TrackTrigger/620_SLHC10/Extended2023TTI/MinBias/MinBias_TuneZ2star_GEN_SIM_761.root
150202 22:29:33 31399 Xrd: XrdClientMessage::ReadRaw: Failed to read header (8 bytes).
150202 22:30:04 7056 Xrd: CheckErrorStatus: Server [xrootd.ba.infn.it:1094] declared: session not found(error code: 3011)
150202 22:30:04 7056 Xrd: CheckErrorStatus: Server [eoscms.cern.ch:1094] declared: session not found(error code: 3011)
02-Feb-2015 22:30:04 GMT  Successfully opened file root://xrootd.unl.edu//store/group/dpg_trigger/comm_trigger/L1TrackTrigger/620_SLHC10/Extended2023TTI/MinBias/MinBias_TuneZ2star_GEN_SIM_761.root
150202 22:34:44 31400 Xrd: XrdClientMessage::ReadRaw: Failed to read header (8 bytes).
150202 22:35:14 7709 Xrd: XrdClientMessage::ReadRaw: Failed to read header (8 bytes).
02-Feb-2015 22:35:19 GMT  Closed file root://xrootd.unl.edu//store/group/dpg_trigger/comm_trigger/L1TrackTrigger/620_SLHC10/Extended2023TTI/MinBias/MinBias_TuneZ2star_GEN_SIM_761.root
02-Feb-2015 22:35:19 GMT  Initiating request to open file root://xrootd.unl.edu//store/group/dpg_trigger/comm_trigger/L1TrackTrigger/620_SLHC10/Extended2023TTI/MinBias/MinBias_TuneZ2star_GEN_SIM_69.root
150202 22:35:50 10979 Xrd: CheckErrorStatus: Server [llrxrd-redir.in2p3.fr:1094] declared: session not found(error code: 3011)
02-Feb-2015 22:35:50 GMT  Successfully opened file root://xrootd.unl.edu//store/group/dpg_trigger/comm_trigger/L1TrackTrigger/620_SLHC10/Extended2023TTI/MinBias/MinBias_TuneZ2star_GEN_SIM_69.root
02-Feb-2015 22:39:40 GMT  Closed file root://xrootd.unl.edu//store/group/dpg_trigger/comm_trigger/L1TrackTrigger/620_SLHC10/Extended2023TTI/MinBias/MinBias_TuneZ2star_GEN_SIM_69.root
02-Feb-2015 22:39:40 GMT  Initiating request to open file root://xrootd.unl.edu//store/group/dpg_trigger/comm_trigger/L1TrackTrigger/620_SLHC10/Extended2023TTI/MinBias/MinBias_TuneZ2star_GEN_SIM_936.root
150202 22:40:11 18431 Xrd: CheckErrorStatus: Server [cms-xrd-global.cern.ch:1094] declared: session not found(error code: 3011)
02-Feb-2015 22:40:12 GMT  Successfully opened file root://xrootd.unl.edu//store/group/dpg_trigger/comm_trigger/L1TrackTrigger/620_SLHC10/Extended2023TTI/MinBias/MinBias_TuneZ2star_GEN_SIM_936.root
150202 22:40:44 7713 Xrd: XrdClientMessage::ReadRaw: Failed to read header (8 bytes).
150202 22:44:44 11118 Xrd: XrdClientMessage::ReadRaw: Failed to read header (8 bytes).
150202 22:45:14 11117 Xrd: XrdClientMessage::ReadRaw: Failed to read header (8 bytes).
02-Feb-2015 22:47:53 GMT  Closed file root://xrootd.unl.edu//store/group/dpg_trigger/comm_trigger/L1TrackTrigger/620_SLHC10/Extended2023TTI/MinBias/MinBias_TuneZ2star_GEN_SIM_936.root
02-Feb-2015 22:47:53 GMT  Initiating request to open file root://xrootd.unl.edu//store/group/dpg_trigger/comm_trigger/L1TrackTrigger/620_SLHC10/Extended2023TTI/MinBias/MinBias_TuneZ2star_GEN_SIM_827.root
150202 22:48:24 21697 Xrd: CheckErrorStatus: Server [xrootd-redic.pi.infn.it:1094] declared: session not found(error code: 3011)
02-Feb-2015 22:48:24 GMT  Successfully opened file root://xrootd.unl.edu//store/group/dpg_trigger/comm_trigger/L1TrackTrigger/620_SLHC10/Extended2023TTI/MinBias/MinBias_TuneZ2star_GEN_SIM_827.root
150202 22:50:14 13473 Xrd: XrdClientMessage::ReadRaw: Failed to read header (8 bytes).
02-Feb-2015 22:51:32 GMT  Closed file root://xrootd.unl.edu//store/group/dpg_trigger/comm_trigger/L1TrackTrigger/620_SLHC10/Extended2023TTI/MinBias/MinBias_TuneZ2star_GEN_SIM_827.root
02-Feb-2015 22:51:32 GMT  Initiating request to open file root://xrootd.unl.edu//store/group/dpg_trigger/comm_trigger/L1TrackTrigger/620_SLHC10/Extended2023TTI/MinBias/MinBias_TuneZ2star_GEN_SIM_51.root
150202 22:52:03 23403 Xrd: CheckErrorStatus: Server [eoscms.cern.ch:1094] declared: session not found(error code: 3011)
02-Feb-2015 22:52:03 GMT  Successfully opened file root://xrootd.unl.edu//store/group/dpg_trigger/comm_trigger/L1TrackTrigger/620_SLHC10/Extended2023TTI/MinBias/MinBias_TuneZ2star_GEN_SIM_51.root
150202 22:53:14 18893 Xrd: XrdClientMessage::ReadRaw: Failed to read header (8 bytes).
02-Feb-2015 22:55:12 GMT  Closed file root://xrootd.unl.edu//store/group/dpg_trigger/comm_trigger/L1TrackTrigger/620_SLHC10/Extended2023TTI/MinBias/MinBias_TuneZ2star_GEN_SIM_51.root
02-Feb-2015 22:55:12 GMT  Initiating request to open file root://xrootd.unl.edu//store/group/dpg_trigger/comm_trigger/L1TrackTrigger/620_SLHC10/Extended2023TTI/MinBias/MinBias_TuneZ2star_GEN_SIM_171.root
02-Feb-2015 22:55:43 GMT  Successfully opened file root://xrootd.unl.edu//store/group/dpg_trigger/comm_trigger/L1TrackTrigger/620_SLHC10/Extended2023TTI/MinBias/MinBias_TuneZ2star_GEN_SIM_171.root
150202 22:56:44 21992 Xrd: XrdClientMessage::ReadRaw: Failed to read header (8 bytes).
02-Feb-2015 22:58:56 GMT  Closed file root://xrootd.unl.edu//store/group/dpg_trigger/comm_trigger/L1TrackTrigger/620_SLHC10/Extended2023TTI/MinBias/MinBias_TuneZ2star_GEN_SIM_171.root
02-Feb-2015 22:58:56 GMT  Initiating request to open file root://xrootd.unl.edu//store/group/dpg_trigger/comm_trigger/L1TrackTrigger/620_SLHC10/Extended2023TTI/MinBias/MinBias_TuneZ2star_GEN_SIM_268.root
150202 22:59:27 26249 Xrd: CheckErrorStatus: Server [cms-xrd-global.cern.ch:1094] declared: session not found(error code: 3011)
02-Feb-2015 22:59:27 GMT  Successfully opened file root://xrootd.unl.edu//store/group/dpg_trigger/comm_trigger/L1TrackTrigger/620_SLHC10/Extended2023TTI/MinBias/MinBias_TuneZ2star_GEN_SIM_268.root
150202 23:00:14 23524 Xrd: XrdClientMessage::ReadRaw: Failed to read header (8 bytes).
02-Feb-2015 23:02:33 GMT  Closed file root://xrootd.unl.edu//store/group/dpg_trigger/comm_trigger/L1TrackTrigger/620_SLHC10/Extended2023TTI/MinBias/MinBias_TuneZ2star_GEN_SIM_268.root
02-Feb-2015 23:02:33 GMT  Initiating request to open file root://xrootd.unl.edu//store/group/dpg_trigger/comm_trigger/L1TrackTrigger/620_SLHC10/Extended2023TTI/MinBias/MinBias_TuneZ2star_GEN_SIM_205.root
02-Feb-2015 23:03:04 GMT  Successfully opened file root://xrootd.unl.edu//store/group/dpg_trigger/comm_trigger/L1TrackTrigger/620_SLHC10/Extended2023TTI/MinBias/MinBias_TuneZ2star_GEN_SIM_205.root
150202 23:04:14 25056 Xrd: XrdClientMessage::ReadRaw: Failed to read header (8 bytes).
02-Feb-2015 23:05:46 GMT  Closed file root://dcap.pp.rl.ac.uk:1094/pnfs/pp.rl.ac.uk/data/cms/store/user/dcieri/ttbar_SIM/ttbar/ttbar_SIM/150129_145223/0000/step1_317.root
02-Feb-2015 23:05:46 GMT  Closed file root://xrootd.unl.edu//store/group/dpg_trigger/comm_trigger/L1TrackTrigger/620_SLHC10/Extended2023TTI/MinBias/MinBias_TuneZ2star_GEN_SIM_205.root

=============================================

MessageLogger Summary

 type     category        sev    module        subroutine        count    total
 ---- -------------------- -- ---------------- ----------------  -----    -----
    1 fileAction           -s MixingModule:mix                      69       69
    2 fileAction           -s MixingModule:mix                       2        2
    3 fileAction           -s MixingModule:mix                       1        1
    4 fileAction           -s file_close                             1        1
    5 fileAction           -s file_open                              2        2

 type    category    Examples: run/evt        run/evt          run/evt
 ---- -------------------- ---------------- ---------------- ----------------
    1 fileAction           1/3161           1/3161           1/3170
    2 fileAction           pre-events       pre-events       
    3 fileAction           PostEndRun                        
    4 fileAction           PostEndRun                        
    5 fileAction           pre-events       pre-events       

Severity    # Occurrences   Total Occurrences
--------    -------------   -----------------
System                 75                  75
>>> END OF printout of 233 lines from stdout+stderr
>>> Parse FrameworkJobReport crab_fjr.xml
Result of parsing the FrameworkJobReport crab_fjr.xml: 
Extracted ExitStatus from FrameworkJobReport parsing output: 0
>>> Executable succeded  0
ExeExitCode=0
EXECUTABLE_EXIT_STATUS = 0
>>> current directory /scratch/condor/dir_28499/glide_IgKnye/execute/dir_32692/CMSSW_6_2_0_SLHC12
>>>  (SOFTWARE_DIR): /scratch/condor/dir_28499/glide_IgKnye/execute/dir_32692/CMSSW_6_2_0_SLHC12
>>> (WORKING_DIR): 
>>> current directory content:
total 244716
drwxr-xr-x 3 cms415 gplcms      4096 Feb  2 20:09 .SCRAM
-rw------- 1 cms415 gplcms    915837 Feb  2 20:09 CMSSW.py.pkl
drwxr-xr-x 3 cms415 gplcms      4096 Feb  2 20:09 bin
drwxr-xr-x 3 cms415 gplcms      4096 Feb  2 20:09 cfipython
drwxr-xr-x 4 cms415 gplcms      4096 Apr 28  2014 config
-rw------- 1 cms415 gplcms        18 Feb  2 23:05 cpu_timing.txt
drwxr-xr-x 2 cms415 gplcms      4096 Feb  2 20:09 doc
-rw------- 1 cms415 gplcms     26152 Feb  2 23:05 executable.out
drwxr-xr-x 2 cms415 gplcms      4096 Feb  2 20:09 include
drwx------ 3 cms415 gplcms      4096 Oct  7 10:12 lib
drwxr-xr-x 3 cms415 gplcms      4096 Feb  2 20:09 logs
drwxr-xr-x 3 cms415 gplcms      4096 Feb  2 20:09 objs
-rw------- 1 cms415 gplcms       104 Feb  2 20:09 pset.py
-rw------- 1 cms415 gplcms    926825 Feb  2 20:09 pset.py.pkl
-rw------- 1 cms415 gplcms       289 Feb  2 20:09 pset.pyc
drwxr-xr-x 2 cms415 gplcms      4096 Feb  2 20:09 python
-rw------- 1 cms415 gplcms       359 Feb  2 23:05 report.log
drwxr-xr-x 2 cms415 gplcms      4096 Feb  2 20:09 src
-rw------- 1 cms415 gplcms 248382704 Feb  2 23:05 step2.root
drwxr-xr-x 3 cms415 gplcms      4096 Feb  2 20:09 test
drwxr-xr-x 3 cms415 gplcms      4096 Feb  2 20:09 tmp
>>> current directory /scratch/condor/dir_28499/glide_IgKnye/execute/dir_32692/CMSSW_6_2_0_SLHC12
>>> (SOFTWARE_DIR): /scratch/condor/dir_28499/glide_IgKnye/execute/dir_32692/CMSSW_6_2_0_SLHC12
>>> (WORKING_DIR): 
>>> current directory content:
total 244716
drwxr-xr-x 3 cms415 gplcms      4096 Feb  2 20:09 .SCRAM
-rw------- 1 cms415 gplcms    915837 Feb  2 20:09 CMSSW.py.pkl
drwxr-xr-x 3 cms415 gplcms      4096 Feb  2 20:09 bin
drwxr-xr-x 3 cms415 gplcms      4096 Feb  2 20:09 cfipython
drwxr-xr-x 4 cms415 gplcms      4096 Apr 28  2014 config
-rw------- 1 cms415 gplcms        18 Feb  2 23:05 cpu_timing.txt
drwxr-xr-x 2 cms415 gplcms      4096 Feb  2 20:09 doc
-rw------- 1 cms415 gplcms     26152 Feb  2 23:05 executable.out
drwxr-xr-x 2 cms415 gplcms      4096 Feb  2 20:09 include
drwx------ 3 cms415 gplcms      4096 Oct  7 10:12 lib
drwxr-xr-x 3 cms415 gplcms      4096 Feb  2 20:09 logs
drwxr-xr-x 3 cms415 gplcms      4096 Feb  2 20:09 objs
-rw------- 1 cms415 gplcms       104 Feb  2 20:09 pset.py
-rw------- 1 cms415 gplcms    926825 Feb  2 20:09 pset.py.pkl
-rw------- 1 cms415 gplcms       289 Feb  2 20:09 pset.pyc
drwxr-xr-x 2 cms415 gplcms      4096 Feb  2 20:09 python
-rw------- 1 cms415 gplcms       359 Feb  2 23:05 report.log
drwxr-xr-x 2 cms415 gplcms      4096 Feb  2 20:09 src
-rw------- 1 cms415 gplcms 248382704 Feb  2 23:05 step2_184_1_CFP.root
drwxr-xr-x 3 cms415 gplcms      4096 Feb  2 20:09 test
drwxr-xr-x 3 cms415 gplcms      4096 Feb  2 20:09 tmp
>>> current directory (RUNTIME_AREA):  /scratch/condor/dir_28499/glide_IgKnye/execute/dir_32692
PNN = T2_UK_SGrid_RALPP
SE = heplnx204.pp.rl.ac.uk
SE_PATH = /srm/managerv2?SFN=/pnfs/pp.rl.ac.uk/data/cms/store/user/dcieri/ttbar_PU140_DIGI/dcieri/ttbar/ttbar_PU140_DIGI/3c0380cf82de79bc39966c93934c61fc/
LFNBaseName = /store/user/dcieri/ttbar_PU140_DIGI/dcieri/ttbar/ttbar_PU140_DIGI/3c0380cf82de79bc39966c93934c61fc/
USER = dcieri
endpoint = srm://heplnx204.pp.rl.ac.uk:8443/srm/managerv2?SFN=/pnfs/pp.rl.ac.uk/data/cms/store/user/dcieri/ttbar_PU140_DIGI/dcieri/ttbar/ttbar_PU140_DIGI/3c0380cf82de79bc39966c93934c61fc/
>>> Copy output files from WN = heplnc015.pp.rl.ac.uk to /srm/managerv2?SFN=/pnfs/pp.rl.ac.uk/data/cms/store/user/dcieri/ttbar_PU140_DIGI/dcieri/ttbar/ttbar_PU140_DIGI/3c0380cf82de79bc39966c93934c61fc/ :
python cmscp.py  --destination srm://heplnx204.pp.rl.ac.uk:8443/srm/managerv2?SFN=/pnfs/pp.rl.ac.uk/data/cms/store/user/dcieri/ttbar_PU140_DIGI/dcieri/ttbar/ttbar_PU140_DIGI/3c0380cf82de79bc39966c93934c61fc/ --inputFileList /scratch/condor/dir_28499/glide_IgKnye/execute/dir_32692/CMSSW_6_2_0_SLHC12/step2_184_1_CFP.root --middleware LCG --PNN T2_UK_SGrid_RALPP --se_name heplnx204.pp.rl.ac.uk --for_lfn /store/user/dcieri/ttbar_PU140_DIGI/dcieri/ttbar/ttbar_PU140_DIGI/3c0380cf82de79bc39966c93934c61fc/    
******************************************************
localSeName  =  heplnx204.pp.rl.ac.uk
remoteSeName =  heplnx204.pp.rl.ac.uk
******************************************************
{"/scratch/condor/dir_28499/glide_IgKnye/execute/dir_32692/CMSSW_6_2_0_SLHC12/step2_184_1_CFP.root": {"endpoint": "srm://heplnx204.pp.rl.ac.uk:8443/srm/managerv2?SFN=/pnfs/pp.rl.ac.uk/data/cms/store/user/dcieri/ttbar_PU140_DIGI/dcieri/ttbar/ttbar_PU140_DIGI/3c0380cf82de79bc39966c93934c61fc/", "surl_for_grid": "", "reason": "Copy succedeed with srm-lcg utils", "erCode": "0", "PNN": "T2_UK_SGrid_RALPP", "se_name": "heplnx204.pp.rl.ac.uk", "for_lfn": "/store/user/dcieri/ttbar_PU140_DIGI/dcieri/ttbar/ttbar_PU140_DIGI/3c0380cf82de79bc39966c93934c61fc/"}}/scratch/condor/dir_28499/glide_IgKnye/execute/dir_32692
-------- cat /scratch/condor/dir_28499/glide_IgKnye/execute/dir_32692/cmscpReport.sh 
#!/bin/bash
echo "Report for File: /scratch/condor/dir_28499/glide_IgKnye/execute/dir_32692/CMSSW_6_2_0_SLHC12/step2_184_1_CFP.root"
echo "LFN: /store/user/dcieri/ttbar_PU140_DIGI/dcieri/ttbar/ttbar_PU140_DIGI/3c0380cf82de79bc39966c93934c61fc/step2_184_1_CFP.root"
echo "StorageElement: heplnx204.pp.rl.ac.uk"
echo "StageOutExitStatusReason = 'Copy succedeed with srm-lcg utils'" | tee -a $RUNTIME_AREA/$repo
echo "StageOutSE = heplnx204.pp.rl.ac.uk" >> $RUNTIME_AREA/$repo

export StageOutExitStatus=0
echo "StageOutExitStatus = 0" | tee -a $RUNTIME_AREA/$repo
-------- end of /scratch/condor/dir_28499/glide_IgKnye/execute/dir_32692/cmscpReport.sh 
Report for File: /scratch/condor/dir_28499/glide_IgKnye/execute/dir_32692/CMSSW_6_2_0_SLHC12/step2_184_1_CFP.root
LFN: /store/user/dcieri/ttbar_PU140_DIGI/dcieri/ttbar/ttbar_PU140_DIGI/3c0380cf82de79bc39966c93934c61fc/step2_184_1_CFP.root
StorageElement: heplnx204.pp.rl.ac.uk
StageOutExitStatusReason = 'Copy succedeed with srm-lcg utils'
StageOutExitStatus = 0
>>> current dir: /scratch/condor/dir_28499/glide_IgKnye/execute/dir_32692
>>> current dir content:
total 8824
-rw-------  1 cms415 gplcms    2927 Feb  2 23:06 .SEinteraction.log
-rwx------  1 cms415 gplcms      52 Feb  2 20:08 .chirp_config
-rwx------  1 cms415 gplcms    7820 Feb  2 20:08 .job.ad
-rwx------  1 cms415 gplcms    9773 Feb  2 20:08 .machine.ad
-rw-------  1 cms415 gplcms     105 Feb  2 12:16 CMSSW.py
-rw-------  1 cms415 gplcms  915837 Feb  2 12:16 CMSSW.py.pkl
-rwx------  1 cms415 gplcms   29498 Feb  2 20:09 CMSSW.sh
drwxr-xr-x 15 cms415 gplcms    4096 Feb  2 23:05 CMSSW_6_2_0_SLHC12
-rw-------  1 cms415 gplcms     190 Feb  2 20:09 CacheEnv.sh
-rw-------  1 cms415 gplcms    7291 Nov 19 14:52 DashboardAPI.py
-rw-------  1 cms415 gplcms    6470 Feb  2 20:09 DashboardAPI.pyc
drwx------  2 cms415 gplcms    4096 Feb  2 23:05 IMProv
-rw-------  1 cms415 gplcms    2748 Nov 19 14:52 Logger.py
-rw-------  1 cms415 gplcms    3232 Feb  2 20:09 Logger.pyc
-rw-------  1 cms415 gplcms   24524 Nov 19 14:52 ProcInfo.py
-rw-------  1 cms415 gplcms   22645 Feb  2 20:09 ProcInfo.pyc
drwx------  7 cms415 gplcms    4096 Feb  2 20:09 ProdCommon
drwx------  3 cms415 gplcms    4096 Feb  2 20:09 WMCore
-rw-------  1 cms415 gplcms   11487 Feb  2 23:06 Watchdog_184.log
-rwx------  1 cms415 gplcms       0 Feb  2 20:09 _condor_stderr
-rwx---r--  1 cms415 gplcms   40926 Feb  2 23:06 _condor_stdout
-rw-------  1 cms415 gplcms   32895 Nov 19 14:52 apmon.py
-rw-------  1 cms415 gplcms   27958 Feb  2 20:09 apmon.pyc
-rwx------  1 cms415 gplcms  134309 Feb  2 20:09 arguments.xml
-rwx------  1 cms415 gplcms   38581 Nov 19 14:52 cmscp.py
-rw-------  1 cms415 gplcms     562 Feb  2 23:06 cmscpReport.sh
-rwx------  1 cms415 gplcms   29498 Feb  2 20:09 condor_exec.exe
-rw-------  1 cms415 gplcms     544 Feb  2 12:16 crab.cfg
-rwx------  1 cms415 gplcms    8610 Nov 19 14:52 crabWatchdog.sh
-rwx---r--  1 cms415 gplcms  112085 Feb  2 23:05 crab_fjr_184.xml
-rwx------  1 cms415 gplcms 7390485 Feb  2 20:09 default.tgz
-rwx------  1 cms415 gplcms    4488 Nov 19 14:52 fillCrabFjr.py
-rw-------  1 cms415 gplcms     226 Feb  2 20:09 inputsReport.txt
-rw-------  1 cms415 gplcms     245 Feb  2 23:06 jobreport.txt
-rw-------  1 cms415 gplcms   17352 Nov 19 14:52 parseCrabFjr.py
-rw-------  1 cms415 gplcms     324 Feb  2 20:09 report.log
-rwx--x--x  1 cms415 gplcms    1497 Nov 19 14:52 report.py
-rw-------  1 cms415 gplcms     555 Feb  2 23:06 resultCopyFile
lrwxrwxrwx  1 cms415 gplcms      96 Feb  2 23:05 step2.root -> /scratch/condor/dir_28499/glide_IgKnye/execute/dir_32692/CMSSW_6_2_0_SLHC12/step2_184_1_CFP.root
-rwx------  1 cms415 gplcms    8351 Nov 19 14:52 writeCfg.py
-rw-------  1 cms415 gplcms   10297 Feb  2 20:08 x509up_u62281
>>> Modify Job Report:
CMSSW_VERSION = CMSSW_6_2_0_SLHC12
ProcessedDataset = ttbar_PU140_DIGI
/scratch/condor/dir_28499/glide_IgKnye/execute/dir_32692/ProdCommon/FwkJobRep/ModifyJobReport.py fjr /scratch/condor/dir_28499/glide_IgKnye/execute/dir_32692/crab_fjr_184.xml json /scratch/condor/dir_28499/glide_IgKnye/execute/dir_32692/resultCopyFile n_job 184_1_CFP PrimaryDataset ttbar  ApplicationFamily cmsRun ApplicationName cmsRun cmssw_version CMSSW_6_2_0_SLHC12 psethash 3c0380cf82de79bc39966c93934c61fc UserProcessedDataset dcieri-ttbar_PU140_DIGI-3c0380cf82de79bc39966c93934c61fc
inputDict =  {u'/scratch/condor/dir_28499/glide_IgKnye/execute/dir_32692/CMSSW_6_2_0_SLHC12/step2_184_1_CFP.root': {u'endpoint': u'srm://heplnx204.pp.rl.ac.uk:8443/srm/managerv2?SFN=/pnfs/pp.rl.ac.uk/data/cms/store/user/dcieri/ttbar_PU140_DIGI/dcieri/ttbar/ttbar_PU140_DIGI/3c0380cf82de79bc39966c93934c61fc/', u'surl_for_grid': u'', u'reason': u'Copy succedeed with srm-lcg utils', u'erCode': u'0', u'PNN': u'T2_UK_SGrid_RALPP', u'se_name': u'heplnx204.pp.rl.ac.uk', u'for_lfn': u'/store/user/dcieri/ttbar_PU140_DIGI/dcieri/ttbar/ttbar_PU140_DIGI/3c0380cf82de79bc39966c93934c61fc/'}}
UserProcessedDataset =  dcieri-ttbar_PU140_DIGI-3c0380cf82de79bc39966c93934c61fc
WORKING ON EDM FILE
file_name in inputDict =  /scratch/condor/dir_28499/glide_IgKnye/execute/dir_32692/CMSSW_6_2_0_SLHC12/step2_184_1_CFP.root
(size) os.stat(filename)[6] =  248382704
checksum =  3351187172
    file =  step2_184_1_CFP.root
    newPfn =  srm://heplnx204.pp.rl.ac.uk:8443/srm/managerv2?SFN=/pnfs/pp.rl.ac.uk/data/cms/store/user/dcieri/ttbar_PU140_DIGI/dcieri/ttbar/ttbar_PU140_DIGI/3c0380cf82de79bc39966c93934c61fc/step2_184_1_CFP.root
    newLfn =  /store/user/dcieri/ttbar_PU140_DIGI/dcieri/ttbar/ttbar_PU140_DIGI/3c0380cf82de79bc39966c93934c61fc/step2_184_1_CFP.root
>>> crab_fjr_*.xml  permission set to 0704
CrabWrapper EXIT_FUNC entered at Mon Feb  2 23:06:43 GMT 2015   -  Mon Feb  2 23:06:43 UTC 2015
Checking output files:  
will tar file crab_fjr_184.xml in  out_files_184
WARNING: output file CMSSW_184.stdout not found!
WARNING: output file CMSSW_184.stderr not found!
WARNING: output file Watchdog_184.log.gz not found!
>>> padding time: Wrapper lasting more than 600 seconds. No sleep required.
STOPPING WATCHDOG. CrabWatchdog PID is 597
********** LAST 50 LINES OF WATCHDOG LOG
 Feb 02 20:37:36 GMT	---	1154120	1711620	77	----	----	----
 Feb 02 20:38:36 GMT	1190	1154368	1711620	77	174	1747	cmsRun -j /scratch/condor/dir_28499/glide_IgKnye/execute/dir_32692/crab_fjr_184.xml -p pset.py      
 Feb 02 20:39:36 GMT	1190	1154588	1711620	77	176	1808	cmsRun -j /scratch/condor/dir_28499/glide_IgKnye/execute/dir_32692/crab_fjr_184.xml -p pset.py      
 Feb 02 20:40:37 GMT	1190	1164984	1711620	77	179	1868	cmsRun -j /scratch/condor/dir_28499/glide_IgKnye/execute/dir_32692/crab_fjr_184.xml -p pset.py      
 Feb 02 20:41:37 GMT	1190	1171164	1711620	77	181	1928	cmsRun -j /scratch/condor/dir_28499/glide_IgKnye/execute/dir_32692/crab_fjr_184.xml -p pset.py      
 Feb 02 20:42:37 GMT	1190	1173424	1711620	77	184	1988	cmsRun -j /scratch/condor/dir_28499/glide_IgKnye/execute/dir_32692/crab_fjr_184.xml -p pset.py      
 Feb 02 20:43:37 GMT	1190	1175152	1711620	77	187	2049	cmsRun -j /scratch/condor/dir_28499/glide_IgKnye/execute/dir_32692/crab_fjr_184.xml -p pset.py      
 Feb 02 20:48:39 GMT	1190	1176256	1711620	77	201	2350	cmsRun -j /scratch/condor/dir_28499/glide_IgKnye/execute/dir_32692/crab_fjr_184.xml -p pset.py      
 Feb 02 20:49:39 GMT	1190	1179064	1714184	77	204	2410	cmsRun -j /scratch/condor/dir_28499/glide_IgKnye/execute/dir_32692/crab_fjr_184.xml -p pset.py      
 Feb 02 20:50:39 GMT	1190	1179488	1714184	77	207	2470	cmsRun -j /scratch/condor/dir_28499/glide_IgKnye/execute/dir_32692/crab_fjr_184.xml -p pset.py      
 Feb 02 20:51:39 GMT	1190	1181484	1719048	77	210	2531	cmsRun -j /scratch/condor/dir_28499/glide_IgKnye/execute/dir_32692/crab_fjr_184.xml -p pset.py      
 Feb 02 20:52:40 GMT	1190	1183820	1719048	77	214	2591	cmsRun -j /scratch/condor/dir_28499/glide_IgKnye/execute/dir_32692/crab_fjr_184.xml -p pset.py      
 Feb 02 20:53:40 GMT	1190	1186392	1719816	77	218	2651	cmsRun -j /scratch/condor/dir_28499/glide_IgKnye/execute/dir_32692/crab_fjr_184.xml -p pset.py      
 Feb 02 20:55:40 GMT	1190	1223204	1737224	77	227	2772	cmsRun -j /scratch/condor/dir_28499/glide_IgKnye/execute/dir_32692/crab_fjr_184.xml -p pset.py      
 Feb 02 20:56:41 GMT	1190	1310072	1743112	77	238	2832	cmsRun -j /scratch/condor/dir_28499/glide_IgKnye/execute/dir_32692/crab_fjr_184.xml -p pset.py      
 Feb 02 20:57:41 GMT	1190	1323828	1747720	77	242	2892	cmsRun -j /scratch/condor/dir_28499/glide_IgKnye/execute/dir_32692/crab_fjr_184.xml -p pset.py      
 Feb 02 20:58:41 GMT	1190	1326436	1749512	77	245	2952	cmsRun -j /scratch/condor/dir_28499/glide_IgKnye/execute/dir_32692/crab_fjr_184.xml -p pset.py      
 Feb 02 20:59:41 GMT	1190	1330436	1751048	77	248	3012	cmsRun -j /scratch/condor/dir_28499/glide_IgKnye/execute/dir_32692/crab_fjr_184.xml -p pset.py      
 Feb 02 21:00:42 GMT	1190	1332684	1755144	77	252	3073	cmsRun -j /scratch/condor/dir_28499/glide_IgKnye/execute/dir_32692/crab_fjr_184.xml -p pset.py      
 Feb 02 21:01:42 GMT	1190	1332684	1764360	77	274	3133	cmsRun -j /scratch/condor/dir_28499/glide_IgKnye/execute/dir_32692/crab_fjr_184.xml -p pset.py      
 Feb 02 21:01:42 GMT	---	1332684	1764360	101	----	----	----
 Feb 02 21:20:48 GMT	1190	1332684	1765640	101	305	4279	cmsRun -j /scratch/condor/dir_28499/glide_IgKnye/execute/dir_32692/crab_fjr_184.xml -p pset.py      
 Feb 02 21:21:48 GMT	1190	1332684	1766664	101	307	4339	cmsRun -j /scratch/condor/dir_28499/glide_IgKnye/execute/dir_32692/crab_fjr_184.xml -p pset.py      
 Feb 02 21:22:48 GMT	1190	1332684	1768456	101	308	4399	cmsRun -j /scratch/condor/dir_28499/glide_IgKnye/execute/dir_32692/crab_fjr_184.xml -p pset.py      
 Feb 02 21:23:48 GMT	1190	1332684	1770760	101	310	4459	cmsRun -j /scratch/condor/dir_28499/glide_IgKnye/execute/dir_32692/crab_fjr_184.xml -p pset.py      
 Feb 02 21:25:49 GMT	1190	1332684	1771016	101	314	4580	cmsRun -j /scratch/condor/dir_28499/glide_IgKnye/execute/dir_32692/crab_fjr_184.xml -p pset.py      
 Feb 02 21:26:49 GMT	1190	1332684	1776136	101	317	4640	cmsRun -j /scratch/condor/dir_28499/glide_IgKnye/execute/dir_32692/crab_fjr_184.xml -p pset.py      
 Feb 02 21:27:49 GMT	1190	1332684	1779720	101	321	4700	cmsRun -j /scratch/condor/dir_28499/glide_IgKnye/execute/dir_32692/crab_fjr_184.xml -p pset.py      
 Feb 02 21:28:50 GMT	1190	1332684	1789192	101	328	4761	cmsRun -j /scratch/condor/dir_28499/glide_IgKnye/execute/dir_32692/crab_fjr_184.xml -p pset.py      
 Feb 02 21:30:50 GMT	1190	1332684	1789960	101	341	4881	cmsRun -j /scratch/condor/dir_28499/glide_IgKnye/execute/dir_32692/crab_fjr_184.xml -p pset.py      
# TIME			PID	RSS(KB)	VSZ(KB)	Dsk(MB)	tCPU(s)	tWALL(s)	COMMAND
# TIME			PID	RSS(KB)	VSZ(KB)	Dsk(MB)	tCPU(s)	tWALL(s)	COMMAND
 Feb 02 21:32:50 GMT	1190	1332684	1791752	101	347	5002	cmsRun -j /scratch/condor/dir_28499/glide_IgKnye/execute/dir_32692/crab_fjr_184.xml -p pset.py      
 Feb 02 21:33:51 GMT	1190	1459428	1883144	101	362	5062	cmsRun -j /scratch/condor/dir_28499/glide_IgKnye/execute/dir_32692/crab_fjr_184.xml -p pset.py      
 Feb 02 21:33:51 GMT	---	1459428	1883144	103	----	----	----
 Feb 02 21:34:51 GMT	---	1459428	1883144	122	----	----	----
 Feb 02 21:54:56 GMT	---	1459428	1883144	145	----	----	----
 Feb 02 22:06:59 GMT	1190	1474236	1883144	145	519	7050	cmsRun -j /scratch/condor/dir_28499/glide_IgKnye/execute/dir_32692/crab_fjr_184.xml -p pset.py      
 Feb 02 22:07:59 GMT	---	1474236	1883144	166	----	----	----
 Feb 02 22:20:02 GMT	1190	1594776	1939724	166	628	7833	cmsRun -j /scratch/condor/dir_28499/glide_IgKnye/execute/dir_32692/crab_fjr_184.xml -p pset.py      
 Feb 02 22:20:02 GMT	---	1594776	1939724	177	----	----	----
 Feb 02 22:21:03 GMT	---	1594776	1939724	187	----	----	----
 Feb 02 22:35:08 GMT	---	1594776	1939724	209	----	----	----
 Feb 02 22:47:13 GMT	1190	1594776	1980684	209	844	9464	cmsRun -j /scratch/condor/dir_28499/glide_IgKnye/execute/dir_32692/crab_fjr_184.xml -p pset.py      
 Feb 02 22:48:13 GMT	---	1594776	1980684	229	----	----	----
 Feb 02 22:57:16 GMT	---	1594776	1980684	250	----	----	----
 Feb 02 23:02:18 GMT	1190	1594776	1981708	250	1054	10369	cmsRun -j /scratch/condor/dir_28499/glide_IgKnye/execute/dir_32692/crab_fjr_184.xml -p pset.py      
 Feb 02 23:04:18 GMT	1190	1594776	1990668	250	1069	10489	cmsRun -j /scratch/condor/dir_28499/glide_IgKnye/execute/dir_32692/crab_fjr_184.xml -p pset.py      
 Feb 02 23:05:18 GMT	1190	1594776	1992716	250	1076	10550	cmsRun -j /scratch/condor/dir_28499/glide_IgKnye/execute/dir_32692/crab_fjr_184.xml -p pset.py      
 Feb 02 23:06:19 GMT	---	1594776	1992716	275	----	----	----
********** WATCHDOG LOG ENDED
ZIPPING WATCHDOG LOG
Disk space used:
du -sh /scratch/condor/dir_28499/glide_IgKnye/execute/dir_32692
275M	/scratch/condor/dir_28499/glide_IgKnye/execute/dir_32692
Found unusual stdout, rename for OSB
`/scratch/condor/dir_28499/glide_IgKnye/execute/dir_32692/_condor_stdout' -> `CMSSW_184.stdout'
Found unusual stderr, rename for OSB
`/scratch/condor/dir_28499/glide_IgKnye/execute/dir_32692/_condor_stdout' -> `CMSSW_184.stderr'
crab_fjr_184.xml
CMSSW_184.stdout
CMSSW_184.stderr
Watchdog_184.log.gz
Total Output dimension: 24560
WARNING: output files size limit is set to: 50000000
Total Output dimension 24560 is fine.
JOB_EXIT_STATUS = 0
>>> info for dashboard:
***** Cat /scratch/condor/dir_28499/glide_IgKnye/execute/dir_32692/jobreport.txt *****
MonitorJobID=184_https://submit-6.t2.ucsd.edu//150202//509447.183
MonitorID=dcieri_PU140_4dm08r
ExeTime=10575
ExeExitCode=0
StageOutExitStatusReason = 'Copy succedeed with srm-lcg utils'
StageOutSE = heplnx204.pp.rl.ac.uk
StageOutExitStatus = 0
CrabUserCpuTime=1066.73
CrabSysCpuTime=34.77
CrabCpuPercentage=10%
CrabWrapperTime=10638
CrabStageoutTime=49
JobExitCode=0
***** End Cat jobreport *****
Parameters sent to Dashboard.
EXITING at Mon Feb  2 23:06:46 GMT 2015  -  Mon Feb  2 23:06:46 UTC 2015
