This script was generated by crab (version 2.11.1_patch1).
Running /scratch/condor/dir_17259/glide_M2dHdq/execute/dir_31351/condor_exec.exe with 2 positional parameters: 246 1
Today is Mon Feb  2 20:18:25 GMT 2015 - Mon Feb  2 20:18:25 UTC 2015
Job submitted on host heplnc338.pp.rl.ac.uk
Linux heplnc338.pp.rl.ac.uk 2.6.32-504.3.3.el6.x86_64 #1 SMP Tue Dec 16 14:29:22 CST 2014 x86_64 x86_64 x86_64 GNU/Linux
Distributor ID:	Scientific
Description:	Scientific Linux release 6.6 (Carbon)
>>> current directory (RUNTIME_AREA): /scratch/condor/dir_17259/glide_M2dHdq/execute/dir_31351
>>> current user: uid=157415(cms415) gid=157000(gplcms) groups=157000(gplcms)
>>> directory permission set to 0700
>>> umask set to:  u=rwx,g=,o=
>>> stdout stderr permission set to 0704
>>> voms proxy information:
subject   : /DC=ch/DC=cern/OU=Organic Units/OU=Users/CN=dcieri/CN=755391/CN=Davide Cieri/CN=769881070/CN=1244371029
issuer    : /DC=ch/DC=cern/OU=Organic Units/OU=Users/CN=dcieri/CN=755391/CN=Davide Cieri/CN=769881070
identity  : /DC=ch/DC=cern/OU=Organic Units/OU=Users/CN=dcieri/CN=755391/CN=Davide Cieri
type      : RFC3820 compliant limited proxy
strength  : 1024
path      : /scratch/condor/dir_17259/glide_M2dHdq/execute/dir_31351/x509up_u62281
timeleft  : 23:58:38
key usage : Digital Signature, Key Encipherment
=== VO cms extension information ===
VO        : cms
subject   : /DC=ch/DC=cern/OU=Organic Units/OU=Users/CN=dcieri/CN=755391/CN=Davide Cieri
issuer    : /DC=ch/DC=cern/OU=computers/CN=lcg-voms2.cern.ch
attribute : /cms/Role=NULL/Capability=NULL
timeleft  : 183:57:59
uri       : lcg-voms2.cern.ch:15002

WNHostName=heplnc338.pp.rl.ac.uk
$_CONDOR_JOB_AD =/scratch/condor/dir_17259/glide_M2dHdq/execute/dir_31351/.job.ad
OverflowFlag=0
>>> tar --no-same-permissions -xf /scratch/condor/dir_17259/glide_M2dHdq/execute/dir_31351/default.tgz :
Successful untar
>>> Include /scratch/condor/dir_17259/glide_M2dHdq/execute/dir_31351 in PYTHONPATH:
strip arguments
env var CRAB_UNIQUE_JOB_ID set to: dcieri_PU140_4dm08r_246_1_p95
out_files_246
>>> list of expected files on output sandbox
output files: crab_fjr_246.xml CMSSW_246.stdout CMSSW_246.stderr Watchdog_246.log.gz
>>> GridFlavour discovery: 
GridFlavour=LCG
>>> SyncSite discovery: 
SyncSite=T2_UK_SGrid_RALPP
>>> SyncCE discovery: 
getting SyncCE from GLIDEIN_Gaekeeper
SyncCE=heplnv147.pp.rl.ac.uk
>>> info for dashboard:
***** Cat /scratch/condor/dir_17259/glide_M2dHdq/execute/dir_31351/jobreport.txt *****
WNHostName=heplnc338.pp.rl.ac.uk
OverflowFlag=0
MonitorJobID=246_https://submit-6.t2.ucsd.edu//150202//509447.245
SyncGridJobId=https://submit-6.t2.ucsd.edu//150202//509447.245
MonitorID=dcieri_PU140_4dm08r
GridFlavour=LCG
SyncSite=T2_UK_SGrid_RALPP
SyncCE=heplnv147.pp.rl.ac.uk
***** End Cat jobreport *****
Parameters sent to Dashboard.
>>> setup environment
set SCRAM ARCH to slc6_amd64_gcc472
SCRAM_ARCH = slc6_amd64_gcc472
>>> setup CMS LCG environment:
set SCRAM ARCH and BUILD_ARCH to slc6_amd64_gcc472 ###
Sourcing environment... 
sourcing /cvmfs/cms.cern.ch/cmsset_default.sh
==> setup cms environment ok
>>> specific cmssw setup environment:
CMSSW_VERSION =  CMSSW_6_2_0_SLHC12
WARNING: In non-interactive mode release checks e.g. deprecated releases, production architectures are disabled.
>>> current directory (SOFTWARE_DIR): /scratch/condor/dir_17259/glide_M2dHdq/execute/dir_31351/CMSSW_6_2_0_SLHC12
PreserveSeeds: <>
IncrementSeeds:<>
>>> info for dashboard:
***** Cat /scratch/condor/dir_17259/glide_M2dHdq/execute/dir_31351/jobreport.txt *****
MonitorJobID=246_https://submit-6.t2.ucsd.edu//150202//509447.245
MonitorID=dcieri_PU140_4dm08r
***** End Cat jobreport *****
Parameters sent to Dashboard.
crabWatchdog started as process 32257
>>> moving CMSSW software directories in /scratch/condor/dir_17259/glide_M2dHdq/execute/dir_31351/CMSSW_6_2_0_SLHC12
mv: cannot stat `/scratch/condor/dir_17259/glide_M2dHdq/execute/dir_31351/module/': No such file or directory
>>> Include /scratch/condor/dir_17259/glide_M2dHdq/execute/dir_31351 in PYTHONPATH:
PYTHONPATH=/scratch/condor/dir_17259/glide_M2dHdq/execute/dir_31351/:/scratch/condor/dir_17259/glide_M2dHdq/execute/dir_31351/CMSSW_6_2_0_SLHC12/python:/scratch/condor/dir_17259/glide_M2dHdq/execute/dir_31351/CMSSW_6_2_0_SLHC12/lib/slc6_amd64_gcc472:/cvmfs/cms.cern.ch/slc6_amd64_gcc472/cms/cmssw/CMSSW_6_2_0_SLHC12/python:/cvmfs/cms.cern.ch/slc6_amd64_gcc472/cms/cmssw/CMSSW_6_2_0_SLHC12/lib/slc6_amd64_gcc472:/cvmfs/cms.cern.ch/slc6_amd64_gcc472/cms/coral/CORAL_2_3_21-cms35/slc6_amd64_gcc472/python:/cvmfs/cms.cern.ch/slc6_amd64_gcc472/cms/coral/CORAL_2_3_21-cms35/slc6_amd64_gcc472/lib:/cvmfs/cms.cern.ch/slc6_amd64_gcc472/external/python-ldap/2.3.5-cms5/lib/python2.7/site-packages:/cvmfs/cms.cern.ch/slc6_amd64_gcc472/external/pyqt/4.8.1-cms5/lib/python2.7/site-packages:/cvmfs/cms.cern.ch/slc6_amd64_gcc472/external/py2-scipy/0.8.0-cms7/lib/python2.7/site-packages:/cvmfs/cms.cern.ch/slc6_amd64_gcc472/external/py2-matplotlib/1.0.1-cms7/lib/python2.7/site-packages:/cvmfs/cms.cern.ch/slc6_amd64_gcc472/external/sip/4.11.2-cms5/lib/python2.7/site-packages:/cvmfs/cms.cern.ch/slc6_amd64_gcc472/external/py2-pycurl/7.19.0-cms7/lib/python2.7/site-packages:/cvmfs/cms.cern.ch/slc6_amd64_gcc472/external/py2-numpy/1.6.1-cms7/lib/python2.7/site-packages:/cvmfs/cms.cern.ch/slc6_amd64_gcc472/external/py2-lint/0.25.1-cms5/lib/python2.7/site-packages:/cvmfs/cms.cern.ch/slc6_amd64_gcc472/external/py2-ipython/0.10-cms5/lib/python2.7/site-packages:/cvmfs/cms.cern.ch/slc6_amd64_gcc472/external/py2-cx-oracle/5.1-cms5/lib/python2.7/site-packages:/cvmfs/cms.cern.ch/slc6_amd64_gcc472/external/py2-cjson/1.0.5-cms5/lib/python2.7/site-packages:/cvmfs/cms.cern.ch/slc6_amd64_gcc472/cms/das-client/1.11.7/bin:/cvmfs/cms.cern.ch/slc6_amd64_gcc472/external/elementtree/1.2.6-cms5/share/lib/python2.7/site-packages:/cvmfs/cms.cern.ch/slc6_amd64_gcc472/external/rivet/1.8.2-cms9/lib/python2.7/site-packages:/cvmfs/cms.cern.ch/slc6_amd64_gcc472/external/pyminuit2/0.0.1-cms19/lib/python2.7/site-packages:/cvmfs/cms.cern.ch/slc6_amd64_gcc472/external/py2-pygithub/1.23.0-cms2/lib/python2.7/site-packages:/cvmfs/cms.cern.ch/slc6_amd64_gcc472/external/professor/1.0.0-cms19/lib/python2.7/site-packages:/cvmfs/cms.cern.ch/slc6_amd64_gcc472/lcg/root/5.34.07-cms/lib:/cvmfs/cms.cern.ch/slc6_amd64_gcc472/cms/dbs-client/DBS_2_1_9-cms5/lib:/cvmfs/cms.cern.ch/slc6_amd64_gcc472/cms/dbs-client/DBS_2_1_9-cms5/lib/DBSAPI:/cvmfs/cms.cern.ch/slc6_amd64_gcc472/external/cvs2git/5419-cms/lib:/scratch/condor/dir_17259/glide_M2dHdq/execute/dir_31351/
 
# LIMITS USED BY CRAB WATCHDOG:
# RSS  (KBytes)   : 2300000
# VSZ  (KBytes)   : 100000000
# DISK (MBytes)   : 19000
# CPU TIME        : 720h:0m:0s
# WALL CLOCK TIME : 21h:50m:0s
 
3c0380cf82de79bc39966c93934c61fc
PSETHASH = 3c0380cf82de79bc39966c93934c61fc
/scratch/condor/dir_17259/glide_M2dHdq/execute/dir_31351/writeCfg.py pset.py pset.py
Importing .py file
Setting parameters
RandomNumberGeneratorService found, will attempt to change seeds
inputBlocks=/ttbar/dcieri-ttbar_SIM-130075366148575c102f0d64fd3ac8f7/USER#42f4abf6-431f-4645-8b28-bf101a629022
inputFiles=/store/user/dcieri/ttbar_SIM/ttbar/ttbar_SIM/150129_145223/0000/step1_21.root
parentFiles=
lumisRange=
>>> Executable cmsRun
/cvmfs/cms.cern.ch/slc6_amd64_gcc472/cms/cmssw/CMSSW_6_2_0_SLHC12/bin/slc6_amd64_gcc472/cmsRun
ok executable found
>>> info for dashboard:
***** Cat /scratch/condor/dir_17259/glide_M2dHdq/execute/dir_31351/jobreport.txt *****
MonitorJobID=246_https://submit-6.t2.ucsd.edu//150202//509447.245
MonitorID=dcieri_PU140_4dm08r
ExeStart=cmsRun
***** End Cat jobreport *****
Parameters sent to Dashboard.
>>> cmsRun started at Mon Feb  2 20:18:33 UTC 2015
>>> cmsRun ended at Mon Feb  2 23:10:01 UTC 2015
>>> crab_fjr_*.xml  permission set to 0704
>>> info for dashboard:
***** Cat /scratch/condor/dir_17259/glide_M2dHdq/execute/dir_31351/jobreport.txt *****
MonitorJobID=246_https://submit-6.t2.ucsd.edu//150202//509447.245
MonitorID=dcieri_PU140_4dm08r
ExeEnd=cmsRun
***** End Cat jobreport *****
Parameters sent to Dashboard.
TIME_EXE = 10288 sec
>>> cmsRun wrote 232 lines of stdout+stderr
>>> START OF printout of 232 lines from stdout+stderr
271 DQMStore::DQMStore 
HcalTopologyIdealEP::HcalTopologyIdealEP
02-Feb-2015 20:18:42 GMT  Initiating request to open file root://dcap.pp.rl.ac.uk:1094/pnfs/pp.rl.ac.uk/data/cms/store/user/dcieri/ttbar_SIM/ttbar/ttbar_SIM/150129_145223/0000/step1_21.root
02-Feb-2015 20:18:44 GMT  Successfully opened file root://dcap.pp.rl.ac.uk:1094/pnfs/pp.rl.ac.uk/data/cms/store/user/dcieri/ttbar_SIM/ttbar/ttbar_SIM/150129_145223/0000/step1_21.root
02-Feb-2015 20:18:45 GMT  Initiating request to open file root://xrootd.unl.edu//store/group/dpg_trigger/comm_trigger/L1TrackTrigger/620_SLHC10/Extended2023TTI/MinBias/MinBias_TuneZ2star_GEN_SIM_1.root
02-Feb-2015 20:19:14 GMT  Successfully opened file root://xrootd.unl.edu//store/group/dpg_trigger/comm_trigger/L1TrackTrigger/620_SLHC10/Extended2023TTI/MinBias/MinBias_TuneZ2star_GEN_SIM_1.root
disableME1a = 0
HcalTopologyIdealEP::produce(const IdealGeometryRecord& iRecord)
mode = 2, maxDepthHB = 3, maxDepthHE = 5
RPCGeometryESModule :: produce
RPCGeometryESModule :: produce :: 1/4 Get Muon Ideal Geometry Record
RPCGeometryESModule :: produce :: 2/4 Get Muon DDD Constants
RPCGeometryESModule :: produce :: 3/4 Get Muon Numbering Record
in MuonNumberingInitialization::initializeMuonDDDConstants
about to make my new muonDDDConst_
in MuonNumberingInitialization::produce
RPCGeometryESModule :: produce :: 4/4 Build
Found:

	Barrel Stack layer 5 : 1008 stacks
	Barrel Stack layer 6 : 1320 stacks
	Barrel Stack layer 7 : 1836 stacks
	Barrel Stack layer 8 : 1152 stacks
	Barrel Stack layer 9 : 1488 stacks
	Barrel Stack layer 10 : 1824 stacks

	Endcap Stack disk 11 : 1360 stacks
	Endcap Stack disk 12 : 1360 stacks
	Endcap Stack disk 13 : 1360 stacks
	Endcap Stack disk 14 : 1360 stacks
	Endcap Stack disk 15 : 1360 stacks
Created 15428 stacks in 29 s

TTClusterBuilder< edm::Ref<edm::DetSetVector<PixelDigi>, PixelDigi, edm::refhelper::FindForDetSetVector<PixelDigi> > > loaded modules:
	TTClusterAlgorithm:	TTClusterAlgorithm_2d2013< edm::Ref<edm::DetSetVector<PixelDigi>, PixelDigi, edm::refhelper::FindForDetSetVector<PixelDigi> > >


TTStubBuilder< edm::Ref<edm::DetSetVector<PixelDigi>, PixelDigi, edm::refhelper::FindForDetSetVector<PixelDigi> > > loaded modules:
	TTStubAlgorithm:	TTStubAlgorithm_tab2013< edm::Ref<edm::DetSetVector<PixelDigi>, PixelDigi, edm::refhelper::FindForDetSetVector<PixelDigi> > >


TTClusterAssociator< edm::Ref<edm::DetSetVector<PixelDigi>, PixelDigi, edm::refhelper::FindForDetSetVector<PixelDigi> > > loaded.


TTStubAssociator< edm::Ref<edm::DetSetVector<PixelDigi>, PixelDigi, edm::refhelper::FindForDetSetVector<PixelDigi> > > loaded.


TTTrackAssociator< edm::Ref<edm::DetSetVector<PixelDigi>, PixelDigi, edm::refhelper::FindForDetSetVector<PixelDigi> > > loaded.

Begin processing the 1st record. Run 1, Event 201, LumiSection 21 at 02-Feb-2015 20:20:02.147 GMT
02-Feb-2015 20:20:09 GMT  Closed file root://xrootd.unl.edu//store/group/dpg_trigger/comm_trigger/L1TrackTrigger/620_SLHC10/Extended2023TTI/MinBias/MinBias_TuneZ2star_GEN_SIM_1.root
02-Feb-2015 20:20:09 GMT  Initiating request to open file root://xrootd.unl.edu//store/group/dpg_trigger/comm_trigger/L1TrackTrigger/620_SLHC10/Extended2023TTI/MinBias/MinBias_TuneZ2star_GEN_SIM_137.root
02-Feb-2015 20:20:40 GMT  Successfully opened file root://xrootd.unl.edu//store/group/dpg_trigger/comm_trigger/L1TrackTrigger/620_SLHC10/Extended2023TTI/MinBias/MinBias_TuneZ2star_GEN_SIM_137.root
150202 20:25:13 32765 Xrd: XrdClientMessage::ReadRaw: Failed to read header (8 bytes).
150202 20:25:43 32763 Xrd: XrdClientMessage::ReadRaw: Failed to read header (8 bytes).
02-Feb-2015 20:30:24 GMT  Closed file root://xrootd.unl.edu//store/group/dpg_trigger/comm_trigger/L1TrackTrigger/620_SLHC10/Extended2023TTI/MinBias/MinBias_TuneZ2star_GEN_SIM_137.root
02-Feb-2015 20:30:24 GMT  Initiating request to open file root://xrootd.unl.edu//store/group/dpg_trigger/comm_trigger/L1TrackTrigger/620_SLHC10/Extended2023TTI/MinBias/MinBias_TuneZ2star_GEN_SIM_920.root
150202 20:30:39 8089 Xrd: CheckErrorStatus: Server [llrxrd-redir.in2p3.fr:1094] declared: session not found(error code: 3011)
02-Feb-2015 20:30:40 GMT  Successfully opened file root://xrootd.unl.edu//store/group/dpg_trigger/comm_trigger/L1TrackTrigger/620_SLHC10/Extended2023TTI/MinBias/MinBias_TuneZ2star_GEN_SIM_920.root
150202 20:35:43 8344 Xrd: XrdClientMessage::ReadRaw: Failed to read header (8 bytes).
150202 20:35:43 1397 Xrd: XrdClientMessage::ReadRaw: Failed to read header (8 bytes).
150202 20:39:13 32625 Xrd: XrdClientMessage::ReadRaw: Failed to read header (8 bytes).
150202 20:39:43 32762 Xrd: XrdClientMessage::ReadRaw: Failed to read header (8 bytes).
02-Feb-2015 20:40:26 GMT  Closed file root://xrootd.unl.edu//store/group/dpg_trigger/comm_trigger/L1TrackTrigger/620_SLHC10/Extended2023TTI/MinBias/MinBias_TuneZ2star_GEN_SIM_920.root
02-Feb-2015 20:40:26 GMT  Initiating request to open file root://xrootd.unl.edu//store/group/dpg_trigger/comm_trigger/L1TrackTrigger/620_SLHC10/Extended2023TTI/MinBias/MinBias_TuneZ2star_GEN_SIM_574.root
150202 20:41:03 14306 Xrd: CheckErrorStatus: Server [cms-xrd-global.cern.ch:1094] declared: session not found(error code: 3011)
150202 20:41:03 14306 Xrd: CheckErrorStatus: Server [xrootd.ba.infn.it:1094] declared: session not found(error code: 3011)
02-Feb-2015 20:41:03 GMT  Successfully opened file root://xrootd.unl.edu//store/group/dpg_trigger/comm_trigger/L1TrackTrigger/620_SLHC10/Extended2023TTI/MinBias/MinBias_TuneZ2star_GEN_SIM_574.root
Building the geometry service
Warning did not find digi
Warning did not find digi
Warning did not find digi
Warning did not find digi
Warning did not find digi in disks
Warning did not find digi in disks
Warning did not find digi in disks
Warning did not find digi in disks
150202 20:45:43 8346 Xrd: XrdClientMessage::ReadRaw: Failed to read header (8 bytes).
150202 20:46:13 14657 Xrd: XrdClientMessage::ReadRaw: Failed to read header (8 bytes).
150202 20:50:43 1396 Xrd: XrdClientMessage::ReadRaw: Failed to read header (8 bytes).
02-Feb-2015 20:57:21 GMT  Closed file root://xrootd.unl.edu//store/group/dpg_trigger/comm_trigger/L1TrackTrigger/620_SLHC10/Extended2023TTI/MinBias/MinBias_TuneZ2star_GEN_SIM_574.root
02-Feb-2015 20:57:21 GMT  Initiating request to open file root://xrootd.unl.edu//store/group/dpg_trigger/comm_trigger/L1TrackTrigger/620_SLHC10/Extended2023TTI/MinBias/MinBias_TuneZ2star_GEN_SIM_540.root
150202 20:57:52 24913 Xrd: CheckErrorStatus: Server [xrootd-redic.pi.infn.it:1094] declared: session not found(error code: 3011)
02-Feb-2015 20:57:53 GMT  Successfully opened file root://xrootd.unl.edu//store/group/dpg_trigger/comm_trigger/L1TrackTrigger/620_SLHC10/Extended2023TTI/MinBias/MinBias_TuneZ2star_GEN_SIM_540.root
150202 21:01:13 14656 Xrd: XrdClientMessage::ReadRaw: Failed to read header (8 bytes).
150202 21:02:43 14658 Xrd: XrdClientMessage::ReadRaw: Failed to read header (8 bytes).
150202 21:03:13 25375 Xrd: XrdClientMessage::ReadRaw: Failed to read header (8 bytes).
02-Feb-2015 21:04:59 GMT  Closed file root://xrootd.unl.edu//store/group/dpg_trigger/comm_trigger/L1TrackTrigger/620_SLHC10/Extended2023TTI/MinBias/MinBias_TuneZ2star_GEN_SIM_540.root
02-Feb-2015 21:04:59 GMT  Initiating request to open file root://xrootd.unl.edu//store/group/dpg_trigger/comm_trigger/L1TrackTrigger/620_SLHC10/Extended2023TTI/MinBias/MinBias_TuneZ2star_GEN_SIM_408.root
150202 21:06:30 29507 Xrd: CheckErrorStatus: Server [cms-xrd-global.cern.ch:1094] declared: session not found(error code: 3011)
150202 21:06:30 29507 Xrd: CheckErrorStatus: Server [xrootd.ba.infn.it:1094] declared: session not found(error code: 3011)
02-Feb-2015 21:06:30 GMT  Successfully opened file root://xrootd.unl.edu//store/group/dpg_trigger/comm_trigger/L1TrackTrigger/620_SLHC10/Extended2023TTI/MinBias/MinBias_TuneZ2star_GEN_SIM_408.root
150202 21:10:13 25376 Xrd: XrdClientMessage::ReadRaw: Failed to read header (8 bytes).
150202 21:11:43 30644 Xrd: XrdClientMessage::ReadRaw: Failed to read header (8 bytes).
02-Feb-2015 21:12:35 GMT  Closed file root://xrootd.unl.edu//store/group/dpg_trigger/comm_trigger/L1TrackTrigger/620_SLHC10/Extended2023TTI/MinBias/MinBias_TuneZ2star_GEN_SIM_408.root
02-Feb-2015 21:12:35 GMT  Initiating request to open file root://xrootd.unl.edu//store/group/dpg_trigger/comm_trigger/L1TrackTrigger/620_SLHC10/Extended2023TTI/MinBias/MinBias_TuneZ2star_GEN_SIM_877.root
150202 21:13:06 1761 Xrd: CheckErrorStatus: Server [xrootd-redic.pi.infn.it:1094] declared: session not found(error code: 3011)
02-Feb-2015 21:13:06 GMT  Successfully opened file root://xrootd.unl.edu//store/group/dpg_trigger/comm_trigger/L1TrackTrigger/620_SLHC10/Extended2023TTI/MinBias/MinBias_TuneZ2star_GEN_SIM_877.root
150202 21:17:43 30645 Xrd: XrdClientMessage::ReadRaw: Failed to read header (8 bytes).
150202 21:18:13 2109 Xrd: XrdClientMessage::ReadRaw: Failed to read header (8 bytes).
02-Feb-2015 21:22:09 GMT  Closed file root://xrootd.unl.edu//store/group/dpg_trigger/comm_trigger/L1TrackTrigger/620_SLHC10/Extended2023TTI/MinBias/MinBias_TuneZ2star_GEN_SIM_877.root
02-Feb-2015 21:22:09 GMT  Initiating request to open file root://xrootd.unl.edu//store/group/dpg_trigger/comm_trigger/L1TrackTrigger/620_SLHC10/Extended2023TTI/MinBias/MinBias_TuneZ2star_GEN_SIM_854.root
150202 21:22:20 7668 Xrd: CheckErrorStatus: Server [xrootd-redic.pi.infn.it:1094] declared: session not found(error code: 3011)
02-Feb-2015 21:22:21 GMT  Successfully opened file root://xrootd.unl.edu//store/group/dpg_trigger/comm_trigger/L1TrackTrigger/620_SLHC10/Extended2023TTI/MinBias/MinBias_TuneZ2star_GEN_SIM_854.root
150202 21:26:43 30643 Xrd: XrdClientMessage::ReadRaw: Failed to read header (8 bytes).
150202 21:27:13 2110 Xrd: XrdClientMessage::ReadRaw: Failed to read header (8 bytes).
150202 21:27:43 7784 Xrd: XrdClientMessage::ReadRaw: Failed to read header (8 bytes).
02-Feb-2015 21:32:02 GMT  Closed file root://xrootd.unl.edu//store/group/dpg_trigger/comm_trigger/L1TrackTrigger/620_SLHC10/Extended2023TTI/MinBias/MinBias_TuneZ2star_GEN_SIM_854.root
02-Feb-2015 21:32:02 GMT  Initiating request to open file root://xrootd.unl.edu//store/group/dpg_trigger/comm_trigger/L1TrackTrigger/620_SLHC10/Extended2023TTI/MinBias/MinBias_TuneZ2star_GEN_SIM_728.root
150202 21:32:33 14743 Xrd: CheckErrorStatus: Server [cms-xrd-global.cern.ch:1094] declared: session not found(error code: 3011)
150202 21:32:33 14743 Xrd: CheckErrorStatus: Server [llrxrd-redir.in2p3.fr:1094] declared: session not found(error code: 3011)
02-Feb-2015 21:32:34 GMT  Successfully opened file root://xrootd.unl.edu//store/group/dpg_trigger/comm_trigger/L1TrackTrigger/620_SLHC10/Extended2023TTI/MinBias/MinBias_TuneZ2star_GEN_SIM_728.root
150202 21:37:13 7785 Xrd: XrdClientMessage::ReadRaw: Failed to read header (8 bytes).
150202 21:37:43 14861 Xrd: XrdClientMessage::ReadRaw: Failed to read header (8 bytes).
150202 21:42:43 25374 Xrd: XrdClientMessage::ReadRaw: Failed to read header (8 bytes).
02-Feb-2015 21:47:45 GMT  Closed file root://xrootd.unl.edu//store/group/dpg_trigger/comm_trigger/L1TrackTrigger/620_SLHC10/Extended2023TTI/MinBias/MinBias_TuneZ2star_GEN_SIM_728.root
02-Feb-2015 21:47:45 GMT  Initiating request to open file root://xrootd.unl.edu//store/group/dpg_trigger/comm_trigger/L1TrackTrigger/620_SLHC10/Extended2023TTI/MinBias/MinBias_TuneZ2star_GEN_SIM_680.root
150202 21:48:16 24448 Xrd: CheckErrorStatus: Server [cms-xrd-global.cern.ch:1094] declared: session not found(error code: 3011)
150202 21:48:16 24448 Xrd: CheckErrorStatus: Server [xrootd.ba.infn.it:1094] declared: session not found(error code: 3011)
02-Feb-2015 21:48:16 GMT  Successfully opened file root://xrootd.unl.edu//store/group/dpg_trigger/comm_trigger/L1TrackTrigger/620_SLHC10/Extended2023TTI/MinBias/MinBias_TuneZ2star_GEN_SIM_680.root
150202 21:52:43 14860 Xrd: XrdClientMessage::ReadRaw: Failed to read header (8 bytes).
150202 21:53:13 14862 Xrd: XrdClientMessage::ReadRaw: Failed to read header (8 bytes).
150202 21:53:43 24742 Xrd: XrdClientMessage::ReadRaw: Failed to read header (8 bytes).
02-Feb-2015 21:55:06 GMT  Closed file root://xrootd.unl.edu//store/group/dpg_trigger/comm_trigger/L1TrackTrigger/620_SLHC10/Extended2023TTI/MinBias/MinBias_TuneZ2star_GEN_SIM_680.root
02-Feb-2015 21:55:06 GMT  Initiating request to open file root://xrootd.unl.edu//store/group/dpg_trigger/comm_trigger/L1TrackTrigger/620_SLHC10/Extended2023TTI/MinBias/MinBias_TuneZ2star_GEN_SIM_84.root
150202 21:55:36 28047 Xrd: CheckErrorStatus: Server [cms-xrd-global.cern.ch:1094] declared: session not found(error code: 3011)
150202 21:55:37 28047 Xrd: CheckErrorStatus: Server [llrxrd-redir.in2p3.fr:1094] declared: session not found(error code: 3011)
02-Feb-2015 21:55:37 GMT  Successfully opened file root://xrootd.unl.edu//store/group/dpg_trigger/comm_trigger/L1TrackTrigger/620_SLHC10/Extended2023TTI/MinBias/MinBias_TuneZ2star_GEN_SIM_84.root
150202 22:00:13 24743 Xrd: XrdClientMessage::ReadRaw: Failed to read header (8 bytes).
150202 22:00:43 28395 Xrd: XrdClientMessage::ReadRaw: Failed to read header (8 bytes).
02-Feb-2015 22:01:43 GMT  Closed file root://xrootd.unl.edu//store/group/dpg_trigger/comm_trigger/L1TrackTrigger/620_SLHC10/Extended2023TTI/MinBias/MinBias_TuneZ2star_GEN_SIM_84.root
02-Feb-2015 22:01:43 GMT  Initiating request to open file root://xrootd.unl.edu//store/group/dpg_trigger/comm_trigger/L1TrackTrigger/620_SLHC10/Extended2023TTI/MinBias/MinBias_TuneZ2star_GEN_SIM_205.root
150202 22:05:51 31353 Xrd: CheckErrorStatus: Server [cms-xrd-global.cern.ch:1094] declared: session not found(error code: 3011)
150202 22:05:51 31353 Xrd: CheckErrorStatus: Server [xrootd-redic.pi.infn.it:1094] declared: session not found(error code: 3011)
02-Feb-2015 22:05:52 GMT  Successfully opened file root://xrootd.unl.edu//store/group/dpg_trigger/comm_trigger/L1TrackTrigger/620_SLHC10/Extended2023TTI/MinBias/MinBias_TuneZ2star_GEN_SIM_205.root
150202 22:07:13 28396 Xrd: XrdClientMessage::ReadRaw: Failed to read header (8 bytes).
150202 22:08:43 24741 Xrd: XrdClientMessage::ReadRaw: Failed to read header (8 bytes).
02-Feb-2015 22:10:40 GMT  Closed file root://xrootd.unl.edu//store/group/dpg_trigger/comm_trigger/L1TrackTrigger/620_SLHC10/Extended2023TTI/MinBias/MinBias_TuneZ2star_GEN_SIM_205.root
02-Feb-2015 22:10:40 GMT  Initiating request to open file root://xrootd.unl.edu//store/group/dpg_trigger/comm_trigger/L1TrackTrigger/620_SLHC10/Extended2023TTI/MinBias/MinBias_TuneZ2star_GEN_SIM_272.root
150202 22:11:11 531 Xrd: XrdClientMessage::ReadRaw: Failed to read header (8 bytes).
02-Feb-2015 22:11:12 GMT  Successfully opened file root://xrootd.unl.edu//store/group/dpg_trigger/comm_trigger/L1TrackTrigger/620_SLHC10/Extended2023TTI/MinBias/MinBias_TuneZ2star_GEN_SIM_272.root
150202 22:15:43 28394 Xrd: XrdClientMessage::ReadRaw: Failed to read header (8 bytes).
150202 22:15:43 532 Xrd: XrdClientMessage::ReadRaw: Failed to read header (8 bytes).
150202 22:16:13 8503 Xrd: XrdClientMessage::ReadRaw: Failed to read header (8 bytes).
02-Feb-2015 22:16:47 GMT  Closed file root://xrootd.unl.edu//store/group/dpg_trigger/comm_trigger/L1TrackTrigger/620_SLHC10/Extended2023TTI/MinBias/MinBias_TuneZ2star_GEN_SIM_272.root
02-Feb-2015 22:16:47 GMT  Initiating request to open file root://xrootd.unl.edu//store/group/dpg_trigger/comm_trigger/L1TrackTrigger/620_SLHC10/Extended2023TTI/MinBias/MinBias_TuneZ2star_GEN_SIM_571.root
150202 22:21:15 10686 Xrd: CheckErrorStatus: Server [xrootd-redic.pi.infn.it:1094] declared: session not found(error code: 3011)
150202 22:21:15 10686 Xrd: CheckErrorStatus: Server [eoscms.cern.ch:1094] declared: session not found(error code: 3011)
02-Feb-2015 22:21:15 GMT  Successfully opened file root://xrootd.unl.edu//store/group/dpg_trigger/comm_trigger/L1TrackTrigger/620_SLHC10/Extended2023TTI/MinBias/MinBias_TuneZ2star_GEN_SIM_571.root
150202 22:22:13 8504 Xrd: XrdClientMessage::ReadRaw: Failed to read header (8 bytes).
02-Feb-2015 22:23:20 GMT  Closed file root://xrootd.unl.edu//store/group/dpg_trigger/comm_trigger/L1TrackTrigger/620_SLHC10/Extended2023TTI/MinBias/MinBias_TuneZ2star_GEN_SIM_571.root
02-Feb-2015 22:23:20 GMT  Initiating request to open file root://xrootd.unl.edu//store/group/dpg_trigger/comm_trigger/L1TrackTrigger/620_SLHC10/Extended2023TTI/MinBias/MinBias_TuneZ2star_GEN_SIM_524.root
02-Feb-2015 22:24:22 GMT  Successfully opened file root://xrootd.unl.edu//store/group/dpg_trigger/comm_trigger/L1TrackTrigger/620_SLHC10/Extended2023TTI/MinBias/MinBias_TuneZ2star_GEN_SIM_524.root
150202 22:28:43 12339 Xrd: XrdClientMessage::ReadRaw: Failed to read header (8 bytes).
02-Feb-2015 22:29:33 GMT  Closed file root://xrootd.unl.edu//store/group/dpg_trigger/comm_trigger/L1TrackTrigger/620_SLHC10/Extended2023TTI/MinBias/MinBias_TuneZ2star_GEN_SIM_524.root
02-Feb-2015 22:29:33 GMT  Initiating request to open file root://xrootd.unl.edu//store/group/dpg_trigger/comm_trigger/L1TrackTrigger/620_SLHC10/Extended2023TTI/MinBias/MinBias_TuneZ2star_GEN_SIM_861.root
150202 22:29:34 12338 Xrd: XrdClientMessage::ReadRaw: Failed to read header (8 bytes).
150202 22:30:04 16532 Xrd: CheckErrorStatus: Server [cms-xrd-global.cern.ch:1094] declared: session not found(error code: 3011)
150202 22:30:04 16532 Xrd: CheckErrorStatus: Server [xrootd.ba.infn.it:1094] declared: session not found(error code: 3011)
02-Feb-2015 22:30:05 GMT  Successfully opened file root://xrootd.unl.edu//store/group/dpg_trigger/comm_trigger/L1TrackTrigger/620_SLHC10/Extended2023TTI/MinBias/MinBias_TuneZ2star_GEN_SIM_861.root
150202 22:34:43 14389 Xrd: XrdClientMessage::ReadRaw: Failed to read header (8 bytes).
150202 22:35:13 16659 Xrd: XrdClientMessage::ReadRaw: Failed to read header (8 bytes).
02-Feb-2015 22:38:13 GMT  Closed file root://xrootd.unl.edu//store/group/dpg_trigger/comm_trigger/L1TrackTrigger/620_SLHC10/Extended2023TTI/MinBias/MinBias_TuneZ2star_GEN_SIM_861.root
02-Feb-2015 22:38:13 GMT  Initiating request to open file root://xrootd.unl.edu//store/group/dpg_trigger/comm_trigger/L1TrackTrigger/620_SLHC10/Extended2023TTI/MinBias/MinBias_TuneZ2star_GEN_SIM_895.root
150202 22:38:44 20292 Xrd: CheckErrorStatus: Server [xrootd.ba.infn.it:1094] declared: session not found(error code: 3011)
150202 22:38:45 20292 Xrd: CheckErrorStatus: Server [eoscms.cern.ch:1094] declared: session not found(error code: 3011)
02-Feb-2015 22:38:45 GMT  Successfully opened file root://xrootd.unl.edu//store/group/dpg_trigger/comm_trigger/L1TrackTrigger/620_SLHC10/Extended2023TTI/MinBias/MinBias_TuneZ2star_GEN_SIM_895.root
02-Feb-2015 22:42:58 GMT  Closed file root://xrootd.unl.edu//store/group/dpg_trigger/comm_trigger/L1TrackTrigger/620_SLHC10/Extended2023TTI/MinBias/MinBias_TuneZ2star_GEN_SIM_895.root
02-Feb-2015 22:42:58 GMT  Initiating request to open file root://xrootd.unl.edu//store/group/dpg_trigger/comm_trigger/L1TrackTrigger/620_SLHC10/Extended2023TTI/MinBias/MinBias_TuneZ2star_GEN_SIM_504.root
150202 22:43:29 16660 Xrd: XrdClientMessage::ReadRaw: Failed to read header (8 bytes).
150202 22:43:29 26652 Xrd: CheckErrorStatus: Server [eoscms.cern.ch:1094] declared: session not found(error code: 3011)
02-Feb-2015 22:43:30 GMT  Successfully opened file root://xrootd.unl.edu//store/group/dpg_trigger/comm_trigger/L1TrackTrigger/620_SLHC10/Extended2023TTI/MinBias/MinBias_TuneZ2star_GEN_SIM_504.root
150202 22:44:44 530 Xrd: XrdClientMessage::ReadRaw: Failed to read header (8 bytes).
02-Feb-2015 22:47:13 GMT  Closed file root://xrootd.unl.edu//store/group/dpg_trigger/comm_trigger/L1TrackTrigger/620_SLHC10/Extended2023TTI/MinBias/MinBias_TuneZ2star_GEN_SIM_504.root
02-Feb-2015 22:47:13 GMT  Initiating request to open file root://xrootd.unl.edu//store/group/dpg_trigger/comm_trigger/L1TrackTrigger/620_SLHC10/Extended2023TTI/MinBias/MinBias_TuneZ2star_GEN_SIM_123.root
150202 22:47:44 28001 Xrd: CheckErrorStatus: Server [cms-xrd-global.cern.ch:1094] declared: session not found(error code: 3011)
02-Feb-2015 22:47:45 GMT  Successfully opened file root://xrootd.unl.edu//store/group/dpg_trigger/comm_trigger/L1TrackTrigger/620_SLHC10/Extended2023TTI/MinBias/MinBias_TuneZ2star_GEN_SIM_123.root
150202 22:48:13 23021 Xrd: XrdClientMessage::ReadRaw: Failed to read header (8 bytes).
02-Feb-2015 22:51:38 GMT  Closed file root://xrootd.unl.edu//store/group/dpg_trigger/comm_trigger/L1TrackTrigger/620_SLHC10/Extended2023TTI/MinBias/MinBias_TuneZ2star_GEN_SIM_123.root
02-Feb-2015 22:51:38 GMT  Initiating request to open file root://xrootd.unl.edu//store/group/dpg_trigger/comm_trigger/L1TrackTrigger/620_SLHC10/Extended2023TTI/MinBias/MinBias_TuneZ2star_GEN_SIM_709.root
02-Feb-2015 22:52:10 GMT  Successfully opened file root://xrootd.unl.edu//store/group/dpg_trigger/comm_trigger/L1TrackTrigger/620_SLHC10/Extended2023TTI/MinBias/MinBias_TuneZ2star_GEN_SIM_709.root
150202 22:52:43 26783 Xrd: XrdClientMessage::ReadRaw: Failed to read header (8 bytes).
150202 22:56:43 28121 Xrd: XrdClientMessage::ReadRaw: Failed to read header (8 bytes).
02-Feb-2015 22:56:51 GMT  Closed file root://xrootd.unl.edu//store/group/dpg_trigger/comm_trigger/L1TrackTrigger/620_SLHC10/Extended2023TTI/MinBias/MinBias_TuneZ2star_GEN_SIM_709.root
02-Feb-2015 22:56:51 GMT  Initiating request to open file root://xrootd.unl.edu//store/group/dpg_trigger/comm_trigger/L1TrackTrigger/620_SLHC10/Extended2023TTI/MinBias/MinBias_TuneZ2star_GEN_SIM_457.root
150202 22:57:13 22925 Xrd: XrdClientMessage::ReadRaw: Failed to read header (8 bytes).
150202 22:57:22 30636 Xrd: CheckErrorStatus: Server [cms-xrd-global.cern.ch:1094] declared: session not found(error code: 3011)
150202 22:57:22 30636 Xrd: CheckErrorStatus: Server [llrxrd-redir.in2p3.fr:1094] declared: session not found(error code: 3011)
02-Feb-2015 22:57:22 GMT  Successfully opened file root://xrootd.unl.edu//store/group/dpg_trigger/comm_trigger/L1TrackTrigger/620_SLHC10/Extended2023TTI/MinBias/MinBias_TuneZ2star_GEN_SIM_457.root
02-Feb-2015 22:59:41 GMT  Closed file root://xrootd.unl.edu//store/group/dpg_trigger/comm_trigger/L1TrackTrigger/620_SLHC10/Extended2023TTI/MinBias/MinBias_TuneZ2star_GEN_SIM_457.root
02-Feb-2015 22:59:41 GMT  Initiating request to open file root://xrootd.unl.edu//store/group/dpg_trigger/comm_trigger/L1TrackTrigger/620_SLHC10/Extended2023TTI/MinBias/MinBias_TuneZ2star_GEN_SIM_38.root
150202 23:00:12 31387 Xrd: CheckErrorStatus: Server [eoscms.cern.ch:1094] declared: session not found(error code: 3011)
02-Feb-2015 23:00:12 GMT  Successfully opened file root://xrootd.unl.edu//store/group/dpg_trigger/comm_trigger/L1TrackTrigger/620_SLHC10/Extended2023TTI/MinBias/MinBias_TuneZ2star_GEN_SIM_38.root
150202 23:02:13 29257 Xrd: XrdClientMessage::ReadRaw: Failed to read header (8 bytes).
150202 23:04:43 30754 Xrd: XrdClientMessage::ReadRaw: Failed to read header (8 bytes).
02-Feb-2015 23:04:45 GMT  Closed file root://xrootd.unl.edu//store/group/dpg_trigger/comm_trigger/L1TrackTrigger/620_SLHC10/Extended2023TTI/MinBias/MinBias_TuneZ2star_GEN_SIM_38.root
02-Feb-2015 23:04:45 GMT  Initiating request to open file root://xrootd.unl.edu//store/group/dpg_trigger/comm_trigger/L1TrackTrigger/620_SLHC10/Extended2023TTI/MinBias/MinBias_TuneZ2star_GEN_SIM_648.root
150202 23:05:13 30753 Xrd: XrdClientMessage::ReadRaw: Failed to read header (8 bytes).
150202 23:06:21 32635 Xrd: CheckErrorStatus: Server [xrootd-redic.pi.infn.it:1094] declared: session not found(error code: 3011)
02-Feb-2015 23:06:21 GMT  Successfully opened file root://xrootd.unl.edu//store/group/dpg_trigger/comm_trigger/L1TrackTrigger/620_SLHC10/Extended2023TTI/MinBias/MinBias_TuneZ2star_GEN_SIM_648.root
02-Feb-2015 23:08:36 GMT  Closed file root://xrootd.unl.edu//store/group/dpg_trigger/comm_trigger/L1TrackTrigger/620_SLHC10/Extended2023TTI/MinBias/MinBias_TuneZ2star_GEN_SIM_648.root
02-Feb-2015 23:08:36 GMT  Initiating request to open file root://xrootd.unl.edu//store/group/dpg_trigger/comm_trigger/L1TrackTrigger/620_SLHC10/Extended2023TTI/MinBias/MinBias_TuneZ2star_GEN_SIM_263.root
02-Feb-2015 23:09:07 GMT  Successfully opened file root://xrootd.unl.edu//store/group/dpg_trigger/comm_trigger/L1TrackTrigger/620_SLHC10/Extended2023TTI/MinBias/MinBias_TuneZ2star_GEN_SIM_263.root
DTTSPhi::addTracoT: preview not present in TRACO trigger or its code=0  trigger not added!
DTTSPhi::addTracoT: preview not present in TRACO trigger or its code=0  trigger not added!
DTTSPhi::addTracoT: preview not present in TRACO trigger or its code=0  trigger not added!
02-Feb-2015 23:09:59 GMT  Closed file root://dcap.pp.rl.ac.uk:1094/pnfs/pp.rl.ac.uk/data/cms/store/user/dcieri/ttbar_SIM/ttbar/ttbar_SIM/150129_145223/0000/step1_21.root
02-Feb-2015 23:09:59 GMT  Closed file root://xrootd.unl.edu//store/group/dpg_trigger/comm_trigger/L1TrackTrigger/620_SLHC10/Extended2023TTI/MinBias/MinBias_TuneZ2star_GEN_SIM_263.root

=============================================

MessageLogger Summary

 type     category        sev    module        subroutine        count    total
 ---- -------------------- -- ---------------- ----------------  -----    -----
    1 fileAction           -s MixingModule:mix                      69       69
    2 fileAction           -s MixingModule:mix                       2        2
    3 fileAction           -s MixingModule:mix                       1        1
    4 fileAction           -s file_close                             1        1
    5 fileAction           -s file_open                              2        2

 type    category    Examples: run/evt        run/evt          run/evt
 ---- -------------------- ---------------- ---------------- ----------------
    1 fileAction           1/201            1/201            1/210
    2 fileAction           pre-events       pre-events       
    3 fileAction           PostEndRun                        
    4 fileAction           PostEndRun                        
    5 fileAction           pre-events       pre-events       

Severity    # Occurrences   Total Occurrences
--------    -------------   -----------------
System                 75                  75
>>> END OF printout of 232 lines from stdout+stderr
>>> Parse FrameworkJobReport crab_fjr.xml
Result of parsing the FrameworkJobReport crab_fjr.xml: 
Extracted ExitStatus from FrameworkJobReport parsing output: 0
>>> Executable succeded  0
ExeExitCode=0
EXECUTABLE_EXIT_STATUS = 0
>>> current directory /scratch/condor/dir_17259/glide_M2dHdq/execute/dir_31351/CMSSW_6_2_0_SLHC12
>>>  (SOFTWARE_DIR): /scratch/condor/dir_17259/glide_M2dHdq/execute/dir_31351/CMSSW_6_2_0_SLHC12
>>> (WORKING_DIR): 
>>> current directory content:
total 235832
drwxr-xr-x 3 cms415 gplcms      4096 Feb  2 20:18 .SCRAM
-rw------- 1 cms415 gplcms    915837 Feb  2 20:18 CMSSW.py.pkl
drwxr-xr-x 3 cms415 gplcms      4096 Feb  2 20:18 bin
drwxr-xr-x 3 cms415 gplcms      4096 Feb  2 20:18 cfipython
drwxr-xr-x 4 cms415 gplcms      4096 Apr 28  2014 config
-rw------- 1 cms415 gplcms        16 Feb  2 23:10 cpu_timing.txt
drwxr-xr-x 2 cms415 gplcms      4096 Feb  2 20:18 doc
-rw------- 1 cms415 gplcms     26030 Feb  2 23:09 executable.out
drwxr-xr-x 2 cms415 gplcms      4096 Feb  2 20:18 include
drwx------ 3 cms415 gplcms      4096 Oct  7 10:12 lib
drwxr-xr-x 3 cms415 gplcms      4096 Feb  2 20:18 logs
drwxr-xr-x 3 cms415 gplcms      4096 Feb  2 20:18 objs
-rw------- 1 cms415 gplcms       104 Feb  2 20:18 pset.py
-rw------- 1 cms415 gplcms    926827 Feb  2 20:18 pset.py.pkl
-rw------- 1 cms415 gplcms       289 Feb  2 20:18 pset.pyc
drwxr-xr-x 2 cms415 gplcms      4096 Feb  2 20:18 python
-rw------- 1 cms415 gplcms       359 Feb  2 23:10 report.log
drwxr-xr-x 2 cms415 gplcms      4096 Feb  2 20:18 src
-rw------- 1 cms415 gplcms 239295830 Feb  2 23:09 step2.root
drwxr-xr-x 3 cms415 gplcms      4096 Feb  2 20:18 test
drwxr-xr-x 3 cms415 gplcms      4096 Feb  2 20:18 tmp
>>> current directory /scratch/condor/dir_17259/glide_M2dHdq/execute/dir_31351/CMSSW_6_2_0_SLHC12
>>> (SOFTWARE_DIR): /scratch/condor/dir_17259/glide_M2dHdq/execute/dir_31351/CMSSW_6_2_0_SLHC12
>>> (WORKING_DIR): 
>>> current directory content:
total 235832
drwxr-xr-x 3 cms415 gplcms      4096 Feb  2 20:18 .SCRAM
-rw------- 1 cms415 gplcms    915837 Feb  2 20:18 CMSSW.py.pkl
drwxr-xr-x 3 cms415 gplcms      4096 Feb  2 20:18 bin
drwxr-xr-x 3 cms415 gplcms      4096 Feb  2 20:18 cfipython
drwxr-xr-x 4 cms415 gplcms      4096 Apr 28  2014 config
-rw------- 1 cms415 gplcms        16 Feb  2 23:10 cpu_timing.txt
drwxr-xr-x 2 cms415 gplcms      4096 Feb  2 20:18 doc
-rw------- 1 cms415 gplcms     26030 Feb  2 23:09 executable.out
drwxr-xr-x 2 cms415 gplcms      4096 Feb  2 20:18 include
drwx------ 3 cms415 gplcms      4096 Oct  7 10:12 lib
drwxr-xr-x 3 cms415 gplcms      4096 Feb  2 20:18 logs
drwxr-xr-x 3 cms415 gplcms      4096 Feb  2 20:18 objs
-rw------- 1 cms415 gplcms       104 Feb  2 20:18 pset.py
-rw------- 1 cms415 gplcms    926827 Feb  2 20:18 pset.py.pkl
-rw------- 1 cms415 gplcms       289 Feb  2 20:18 pset.pyc
drwxr-xr-x 2 cms415 gplcms      4096 Feb  2 20:18 python
-rw------- 1 cms415 gplcms       359 Feb  2 23:10 report.log
drwxr-xr-x 2 cms415 gplcms      4096 Feb  2 20:18 src
-rw------- 1 cms415 gplcms 239295830 Feb  2 23:09 step2_246_1_p95.root
drwxr-xr-x 3 cms415 gplcms      4096 Feb  2 20:18 test
drwxr-xr-x 3 cms415 gplcms      4096 Feb  2 20:18 tmp
>>> current directory (RUNTIME_AREA):  /scratch/condor/dir_17259/glide_M2dHdq/execute/dir_31351
PNN = T2_UK_SGrid_RALPP
SE = heplnx204.pp.rl.ac.uk
SE_PATH = /srm/managerv2?SFN=/pnfs/pp.rl.ac.uk/data/cms/store/user/dcieri/ttbar_PU140_DIGI/dcieri/ttbar/ttbar_PU140_DIGI/3c0380cf82de79bc39966c93934c61fc/
LFNBaseName = /store/user/dcieri/ttbar_PU140_DIGI/dcieri/ttbar/ttbar_PU140_DIGI/3c0380cf82de79bc39966c93934c61fc/
USER = dcieri
endpoint = srm://heplnx204.pp.rl.ac.uk:8443/srm/managerv2?SFN=/pnfs/pp.rl.ac.uk/data/cms/store/user/dcieri/ttbar_PU140_DIGI/dcieri/ttbar/ttbar_PU140_DIGI/3c0380cf82de79bc39966c93934c61fc/
>>> Copy output files from WN = heplnc338.pp.rl.ac.uk to /srm/managerv2?SFN=/pnfs/pp.rl.ac.uk/data/cms/store/user/dcieri/ttbar_PU140_DIGI/dcieri/ttbar/ttbar_PU140_DIGI/3c0380cf82de79bc39966c93934c61fc/ :
python cmscp.py  --destination srm://heplnx204.pp.rl.ac.uk:8443/srm/managerv2?SFN=/pnfs/pp.rl.ac.uk/data/cms/store/user/dcieri/ttbar_PU140_DIGI/dcieri/ttbar/ttbar_PU140_DIGI/3c0380cf82de79bc39966c93934c61fc/ --inputFileList /scratch/condor/dir_17259/glide_M2dHdq/execute/dir_31351/CMSSW_6_2_0_SLHC12/step2_246_1_p95.root --middleware LCG --PNN T2_UK_SGrid_RALPP --se_name heplnx204.pp.rl.ac.uk --for_lfn /store/user/dcieri/ttbar_PU140_DIGI/dcieri/ttbar/ttbar_PU140_DIGI/3c0380cf82de79bc39966c93934c61fc/    
******************************************************
localSeName  =  heplnx204.pp.rl.ac.uk
remoteSeName =  heplnx204.pp.rl.ac.uk
******************************************************
{"/scratch/condor/dir_17259/glide_M2dHdq/execute/dir_31351/CMSSW_6_2_0_SLHC12/step2_246_1_p95.root": {"endpoint": "srm://heplnx204.pp.rl.ac.uk:8443/srm/managerv2?SFN=/pnfs/pp.rl.ac.uk/data/cms/store/user/dcieri/ttbar_PU140_DIGI/dcieri/ttbar/ttbar_PU140_DIGI/3c0380cf82de79bc39966c93934c61fc/", "surl_for_grid": "", "reason": "Copy succedeed with srm-lcg utils", "erCode": "0", "PNN": "T2_UK_SGrid_RALPP", "se_name": "heplnx204.pp.rl.ac.uk", "for_lfn": "/store/user/dcieri/ttbar_PU140_DIGI/dcieri/ttbar/ttbar_PU140_DIGI/3c0380cf82de79bc39966c93934c61fc/"}}/scratch/condor/dir_17259/glide_M2dHdq/execute/dir_31351
-------- cat /scratch/condor/dir_17259/glide_M2dHdq/execute/dir_31351/cmscpReport.sh 
#!/bin/bash
echo "Report for File: /scratch/condor/dir_17259/glide_M2dHdq/execute/dir_31351/CMSSW_6_2_0_SLHC12/step2_246_1_p95.root"
echo "LFN: /store/user/dcieri/ttbar_PU140_DIGI/dcieri/ttbar/ttbar_PU140_DIGI/3c0380cf82de79bc39966c93934c61fc/step2_246_1_p95.root"
echo "StorageElement: heplnx204.pp.rl.ac.uk"
echo "StageOutExitStatusReason = 'Copy succedeed with srm-lcg utils'" | tee -a $RUNTIME_AREA/$repo
echo "StageOutSE = heplnx204.pp.rl.ac.uk" >> $RUNTIME_AREA/$repo

export StageOutExitStatus=0
echo "StageOutExitStatus = 0" | tee -a $RUNTIME_AREA/$repo
-------- end of /scratch/condor/dir_17259/glide_M2dHdq/execute/dir_31351/cmscpReport.sh 
Report for File: /scratch/condor/dir_17259/glide_M2dHdq/execute/dir_31351/CMSSW_6_2_0_SLHC12/step2_246_1_p95.root
LFN: /store/user/dcieri/ttbar_PU140_DIGI/dcieri/ttbar/ttbar_PU140_DIGI/3c0380cf82de79bc39966c93934c61fc/step2_246_1_p95.root
StorageElement: heplnx204.pp.rl.ac.uk
StageOutExitStatusReason = 'Copy succedeed with srm-lcg utils'
StageOutExitStatus = 0
>>> current dir: /scratch/condor/dir_17259/glide_M2dHdq/execute/dir_31351
>>> current dir content:
total 8828
-rw-------  1 cms415 gplcms    2798 Feb  2 23:10 .SEinteraction.log
-rwx------  1 cms415 gplcms      52 Feb  2 20:17 .chirp_config
-rwx------  1 cms415 gplcms    7833 Feb  2 20:17 .job.ad
-rwx------  1 cms415 gplcms    9766 Feb  2 20:17 .machine.ad
-rw-------  1 cms415 gplcms     105 Feb  2 12:16 CMSSW.py
-rw-------  1 cms415 gplcms  915837 Feb  2 12:16 CMSSW.py.pkl
-rwx------  1 cms415 gplcms   29498 Feb  2 20:18 CMSSW.sh
drwxr-xr-x 15 cms415 gplcms    4096 Feb  2 23:10 CMSSW_6_2_0_SLHC12
-rw-------  1 cms415 gplcms     190 Feb  2 20:18 CacheEnv.sh
-rw-------  1 cms415 gplcms    7291 Nov 19 14:52 DashboardAPI.py
-rw-------  1 cms415 gplcms    6470 Feb  2 20:18 DashboardAPI.pyc
drwx------  2 cms415 gplcms    4096 Feb  2 23:10 IMProv
-rw-------  1 cms415 gplcms    2748 Nov 19 14:52 Logger.py
-rw-------  1 cms415 gplcms    3232 Feb  2 20:18 Logger.pyc
-rw-------  1 cms415 gplcms   24524 Nov 19 14:52 ProcInfo.py
-rw-------  1 cms415 gplcms   22645 Feb  2 20:18 ProcInfo.pyc
drwx------  7 cms415 gplcms    4096 Feb  2 20:18 ProdCommon
drwx------  3 cms415 gplcms    4096 Feb  2 20:18 WMCore
-rw-------  1 cms415 gplcms   13184 Feb  2 23:10 Watchdog_246.log
-rwx------  1 cms415 gplcms       0 Feb  2 20:18 _condor_stderr
-rwx---r--  1 cms415 gplcms   40805 Feb  2 23:10 _condor_stdout
-rw-------  1 cms415 gplcms   32895 Nov 19 14:52 apmon.py
-rw-------  1 cms415 gplcms   27958 Feb  2 20:18 apmon.pyc
-rwx------  1 cms415 gplcms  134309 Feb  2 20:18 arguments.xml
-rwx------  1 cms415 gplcms   38581 Nov 19 14:52 cmscp.py
-rw-------  1 cms415 gplcms     562 Feb  2 23:10 cmscpReport.sh
-rwx------  1 cms415 gplcms   29498 Feb  2 20:18 condor_exec.exe
-rw-------  1 cms415 gplcms     544 Feb  2 12:16 crab.cfg
-rwx------  1 cms415 gplcms    8610 Nov 19 14:52 crabWatchdog.sh
-rwx---r--  1 cms415 gplcms  112096 Feb  2 23:10 crab_fjr_246.xml
-rwx------  1 cms415 gplcms 7390485 Feb  2 20:18 default.tgz
-rwx------  1 cms415 gplcms    4488 Nov 19 14:52 fillCrabFjr.py
-rw-------  1 cms415 gplcms     225 Feb  2 20:18 inputsReport.txt
-rw-------  1 cms415 gplcms     245 Feb  2 23:10 jobreport.txt
-rw-------  1 cms415 gplcms   17352 Nov 19 14:52 parseCrabFjr.py
-rw-------  1 cms415 gplcms     324 Feb  2 20:18 report.log
-rwx--x--x  1 cms415 gplcms    1497 Nov 19 14:52 report.py
-rw-------  1 cms415 gplcms     555 Feb  2 23:10 resultCopyFile
lrwxrwxrwx  1 cms415 gplcms      96 Feb  2 23:10 step2.root -> /scratch/condor/dir_17259/glide_M2dHdq/execute/dir_31351/CMSSW_6_2_0_SLHC12/step2_246_1_p95.root
-rwx------  1 cms415 gplcms    8351 Nov 19 14:52 writeCfg.py
-rw-------  1 cms415 gplcms   10293 Feb  2 20:17 x509up_u62281
>>> Modify Job Report:
CMSSW_VERSION = CMSSW_6_2_0_SLHC12
ProcessedDataset = ttbar_PU140_DIGI
/scratch/condor/dir_17259/glide_M2dHdq/execute/dir_31351/ProdCommon/FwkJobRep/ModifyJobReport.py fjr /scratch/condor/dir_17259/glide_M2dHdq/execute/dir_31351/crab_fjr_246.xml json /scratch/condor/dir_17259/glide_M2dHdq/execute/dir_31351/resultCopyFile n_job 246_1_p95 PrimaryDataset ttbar  ApplicationFamily cmsRun ApplicationName cmsRun cmssw_version CMSSW_6_2_0_SLHC12 psethash 3c0380cf82de79bc39966c93934c61fc UserProcessedDataset dcieri-ttbar_PU140_DIGI-3c0380cf82de79bc39966c93934c61fc
inputDict =  {u'/scratch/condor/dir_17259/glide_M2dHdq/execute/dir_31351/CMSSW_6_2_0_SLHC12/step2_246_1_p95.root': {u'endpoint': u'srm://heplnx204.pp.rl.ac.uk:8443/srm/managerv2?SFN=/pnfs/pp.rl.ac.uk/data/cms/store/user/dcieri/ttbar_PU140_DIGI/dcieri/ttbar/ttbar_PU140_DIGI/3c0380cf82de79bc39966c93934c61fc/', u'surl_for_grid': u'', u'reason': u'Copy succedeed with srm-lcg utils', u'erCode': u'0', u'PNN': u'T2_UK_SGrid_RALPP', u'se_name': u'heplnx204.pp.rl.ac.uk', u'for_lfn': u'/store/user/dcieri/ttbar_PU140_DIGI/dcieri/ttbar/ttbar_PU140_DIGI/3c0380cf82de79bc39966c93934c61fc/'}}
UserProcessedDataset =  dcieri-ttbar_PU140_DIGI-3c0380cf82de79bc39966c93934c61fc
WORKING ON EDM FILE
file_name in inputDict =  /scratch/condor/dir_17259/glide_M2dHdq/execute/dir_31351/CMSSW_6_2_0_SLHC12/step2_246_1_p95.root
(size) os.stat(filename)[6] =  239295830
checksum =  793877017
    file =  step2_246_1_p95.root
    newPfn =  srm://heplnx204.pp.rl.ac.uk:8443/srm/managerv2?SFN=/pnfs/pp.rl.ac.uk/data/cms/store/user/dcieri/ttbar_PU140_DIGI/dcieri/ttbar/ttbar_PU140_DIGI/3c0380cf82de79bc39966c93934c61fc/step2_246_1_p95.root
    newLfn =  /store/user/dcieri/ttbar_PU140_DIGI/dcieri/ttbar/ttbar_PU140_DIGI/3c0380cf82de79bc39966c93934c61fc/step2_246_1_p95.root
>>> crab_fjr_*.xml  permission set to 0704
CrabWrapper EXIT_FUNC entered at Mon Feb  2 23:10:54 GMT 2015   -  Mon Feb  2 23:10:54 UTC 2015
Checking output files:  
will tar file crab_fjr_246.xml in  out_files_246
WARNING: output file CMSSW_246.stdout not found!
WARNING: output file CMSSW_246.stderr not found!
WARNING: output file Watchdog_246.log.gz not found!
>>> padding time: Wrapper lasting more than 600 seconds. No sleep required.
STOPPING WATCHDOG. CrabWatchdog PID is 32257
********** LAST 50 LINES OF WATCHDOG LOG
 Feb 02 21:17:42 GMT	32389	1244196	1686580	94	257	3553	cmsRun -j /scratch/condor/dir_17259/glide_M2dHdq/execute/dir_31351/crab_fjr_246.xml -p pset.py      
 Feb 02 21:18:42 GMT	32389	1244196	1687348	94	260	3613	cmsRun -j /scratch/condor/dir_17259/glide_M2dHdq/execute/dir_31351/crab_fjr_246.xml -p pset.py      
 Feb 02 21:19:42 GMT	32389	1244196	1691188	94	263	3674	cmsRun -j /scratch/condor/dir_17259/glide_M2dHdq/execute/dir_31351/crab_fjr_246.xml -p pset.py      
 Feb 02 21:20:43 GMT	32389	1244196	1693748	94	266	3734	cmsRun -j /scratch/condor/dir_17259/glide_M2dHdq/execute/dir_31351/crab_fjr_246.xml -p pset.py      
 Feb 02 21:21:43 GMT	32389	1244196	1697588	94	269	3794	cmsRun -j /scratch/condor/dir_17259/glide_M2dHdq/execute/dir_31351/crab_fjr_246.xml -p pset.py      
 Feb 02 21:23:43 GMT	32389	1244196	1705780	94	276	3914	cmsRun -j /scratch/condor/dir_17259/glide_M2dHdq/execute/dir_31351/crab_fjr_246.xml -p pset.py      
 Feb 02 21:24:43 GMT	32389	1244196	1713972	94	284	3974	cmsRun -j /scratch/condor/dir_17259/glide_M2dHdq/execute/dir_31351/crab_fjr_246.xml -p pset.py      
 Feb 02 21:25:44 GMT	32389	1260256	1716276	94	291	4035	cmsRun -j /scratch/condor/dir_17259/glide_M2dHdq/execute/dir_31351/crab_fjr_246.xml -p pset.py      
 Feb 02 21:26:44 GMT	32389	1261604	1717044	94	294	4095	cmsRun -j /scratch/condor/dir_17259/glide_M2dHdq/execute/dir_31351/crab_fjr_246.xml -p pset.py      
 Feb 02 21:27:44 GMT	32389	1265652	1717044	94	297	4155	cmsRun -j /scratch/condor/dir_17259/glide_M2dHdq/execute/dir_31351/crab_fjr_246.xml -p pset.py      
 Feb 02 21:28:44 GMT	32389	1267316	1717044	94	300	4215	cmsRun -j /scratch/condor/dir_17259/glide_M2dHdq/execute/dir_31351/crab_fjr_246.xml -p pset.py      
 Feb 02 21:29:44 GMT	32389	1267316	1740044	94	321	4275	cmsRun -j /scratch/condor/dir_17259/glide_M2dHdq/execute/dir_31351/crab_fjr_246.xml -p pset.py      
 Feb 02 21:29:44 GMT	---	1267316	1740044	116	----	----	----
 Feb 02 21:30:45 GMT	32389	1267316	1742604	116	324	4336	cmsRun -j /scratch/condor/dir_17259/glide_M2dHdq/execute/dir_31351/crab_fjr_246.xml -p pset.py      
 Feb 02 21:34:45 GMT	32389	1267316	1743116	116	329	4576	cmsRun -j /scratch/condor/dir_17259/glide_M2dHdq/execute/dir_31351/crab_fjr_246.xml -p pset.py      
 Feb 02 21:35:45 GMT	32389	1267316	1744396	116	331	4637	cmsRun -j /scratch/condor/dir_17259/glide_M2dHdq/execute/dir_31351/crab_fjr_246.xml -p pset.py      
 Feb 02 21:38:47 GMT	32389	1267316	1744652	116	335	4818	cmsRun -j /scratch/condor/dir_17259/glide_M2dHdq/execute/dir_31351/crab_fjr_246.xml -p pset.py      
 Feb 02 21:40:47 GMT	32389	1267316	1745164	116	338	4938	cmsRun -j /scratch/condor/dir_17259/glide_M2dHdq/execute/dir_31351/crab_fjr_246.xml -p pset.py      
 Feb 02 21:41:48 GMT	32389	1267316	1746444	116	340	4999	cmsRun -j /scratch/condor/dir_17259/glide_M2dHdq/execute/dir_31351/crab_fjr_246.xml -p pset.py      
 Feb 02 21:44:49 GMT	32389	1267316	1748236	116	345	5180	cmsRun -j /scratch/condor/dir_17259/glide_M2dHdq/execute/dir_31351/crab_fjr_246.xml -p pset.py      
 Feb 02 21:46:50 GMT	32389	1267316	1751052	116	349	5301	cmsRun -j /scratch/condor/dir_17259/glide_M2dHdq/execute/dir_31351/crab_fjr_246.xml -p pset.py      
# TIME			PID	RSS(KB)	VSZ(KB)	Dsk(MB)	tCPU(s)	tWALL(s)	COMMAND
# TIME			PID	RSS(KB)	VSZ(KB)	Dsk(MB)	tCPU(s)	tWALL(s)	COMMAND
# TIME			PID	RSS(KB)	VSZ(KB)	Dsk(MB)	tCPU(s)	tWALL(s)	COMMAND
 Feb 02 21:49:51 GMT	32389	1267316	1757964	116	356	5482	cmsRun -j /scratch/condor/dir_17259/glide_M2dHdq/execute/dir_31351/crab_fjr_246.xml -p pset.py      
 Feb 02 21:51:51 GMT	32389	1300752	1766668	116	375	5602	cmsRun -j /scratch/condor/dir_17259/glide_M2dHdq/execute/dir_31351/crab_fjr_246.xml -p pset.py      
 Feb 02 21:52:51 GMT	32389	1309864	1777164	116	379	5663	cmsRun -j /scratch/condor/dir_17259/glide_M2dHdq/execute/dir_31351/crab_fjr_246.xml -p pset.py      
 Feb 02 21:53:52 GMT	32389	1312424	1777164	116	384	5723	cmsRun -j /scratch/condor/dir_17259/glide_M2dHdq/execute/dir_31351/crab_fjr_246.xml -p pset.py      
 Feb 02 21:54:52 GMT	32389	1312424	1795596	116	406	5783	cmsRun -j /scratch/condor/dir_17259/glide_M2dHdq/execute/dir_31351/crab_fjr_246.xml -p pset.py      
 Feb 02 21:54:52 GMT	---	1312424	1795596	138	----	----	----
 Feb 02 21:59:53 GMT	32389	1312424	1796364	138	421	6084	cmsRun -j /scratch/condor/dir_17259/glide_M2dHdq/execute/dir_31351/crab_fjr_246.xml -p pset.py      
 Feb 02 22:06:54 GMT	32389	1312424	1803020	138	432	6505	cmsRun -j /scratch/condor/dir_17259/glide_M2dHdq/execute/dir_31351/crab_fjr_246.xml -p pset.py      
 Feb 02 22:07:54 GMT	32389	1312424	1805836	138	439	6566	cmsRun -j /scratch/condor/dir_17259/glide_M2dHdq/execute/dir_31351/crab_fjr_246.xml -p pset.py      
 Feb 02 22:08:55 GMT	32389	1312424	1807116	138	443	6626	cmsRun -j /scratch/condor/dir_17259/glide_M2dHdq/execute/dir_31351/crab_fjr_246.xml -p pset.py      
 Feb 02 22:09:55 GMT	32389	1312424	1826316	138	458	6686	cmsRun -j /scratch/condor/dir_17259/glide_M2dHdq/execute/dir_31351/crab_fjr_246.xml -p pset.py      
 Feb 02 22:11:55 GMT	32389	1318688	1827596	138	469	6806	cmsRun -j /scratch/condor/dir_17259/glide_M2dHdq/execute/dir_31351/crab_fjr_246.xml -p pset.py      
 Feb 02 22:12:55 GMT	---	1318688	1827596	159	----	----	----
 Feb 02 22:24:58 GMT	32389	1351548	1827596	159	546	7590	cmsRun -j /scratch/condor/dir_17259/glide_M2dHdq/execute/dir_31351/crab_fjr_246.xml -p pset.py      
 Feb 02 22:25:59 GMT	32389	1355620	1827596	159	551	7650	cmsRun -j /scratch/condor/dir_17259/glide_M2dHdq/execute/dir_31351/crab_fjr_246.xml -p pset.py      
 Feb 02 22:26:59 GMT	32389	1464616	1889036	159	566	7710	cmsRun -j /scratch/condor/dir_17259/glide_M2dHdq/execute/dir_31351/crab_fjr_246.xml -p pset.py      
 Feb 02 22:27:59 GMT	---	1464616	1889036	181	----	----	----
 Feb 02 22:42:02 GMT	---	1464616	1889036	202	----	----	----
 Feb 02 22:50:05 GMT	32389	1464616	1895948	202	717	9096	cmsRun -j /scratch/condor/dir_17259/glide_M2dHdq/execute/dir_31351/crab_fjr_246.xml -p pset.py      
 Feb 02 22:51:05 GMT	32389	1464616	1896716	202	742	9156	cmsRun -j /scratch/condor/dir_17259/glide_M2dHdq/execute/dir_31351/crab_fjr_246.xml -p pset.py      
 Feb 02 22:51:05 GMT	---	1464616	1896716	225	----	----	----
 Feb 02 22:56:06 GMT	32389	1464616	1896972	225	762	9457	cmsRun -j /scratch/condor/dir_17259/glide_M2dHdq/execute/dir_31351/crab_fjr_246.xml -p pset.py      
 Feb 02 22:58:06 GMT	32389	1464616	1911568	225	774	9577	cmsRun -j /scratch/condor/dir_17259/glide_M2dHdq/execute/dir_31351/crab_fjr_246.xml -p pset.py      
 Feb 02 22:59:06 GMT	32389	1464616	1933328	225	797	9638	cmsRun -j /scratch/condor/dir_17259/glide_M2dHdq/execute/dir_31351/crab_fjr_246.xml -p pset.py      
 Feb 02 23:01:07 GMT	---	1464616	1933328	246	----	----	----
 Feb 02 23:10:09 GMT	---	1464616	1933328	266	----	----	----
********** WATCHDOG LOG ENDED
ZIPPING WATCHDOG LOG
Disk space used:
du -sh /scratch/condor/dir_17259/glide_M2dHdq/execute/dir_31351
266M	/scratch/condor/dir_17259/glide_M2dHdq/execute/dir_31351
Found unusual stdout, rename for OSB
`/scratch/condor/dir_17259/glide_M2dHdq/execute/dir_31351/_condor_stdout' -> `CMSSW_246.stdout'
Found unusual stderr, rename for OSB
`/scratch/condor/dir_17259/glide_M2dHdq/execute/dir_31351/_condor_stdout' -> `CMSSW_246.stderr'
crab_fjr_246.xml
CMSSW_246.stdout
CMSSW_246.stderr
Watchdog_246.log.gz
Total Output dimension: 24748
WARNING: output files size limit is set to: 50000000
Total Output dimension 24748 is fine.
JOB_EXIT_STATUS = 0
>>> info for dashboard:
***** Cat /scratch/condor/dir_17259/glide_M2dHdq/execute/dir_31351/jobreport.txt *****
MonitorJobID=246_https://submit-6.t2.ucsd.edu//150202//509447.245
MonitorID=dcieri_PU140_4dm08r
ExeTime=10288
ExeExitCode=0
StageOutExitStatusReason = 'Copy succedeed with srm-lcg utils'
StageOutSE = heplnx204.pp.rl.ac.uk
StageOutExitStatus = 0
CrabUserCpuTime=879.76
CrabSysCpuTime=24.90
CrabCpuPercentage=8%
CrabWrapperTime=10349
CrabStageoutTime=49
JobExitCode=0
***** End Cat jobreport *****
Parameters sent to Dashboard.
EXITING at Mon Feb  2 23:10:57 GMT 2015  -  Mon Feb  2 23:10:57 UTC 2015
