This script was generated by crab (version 2.11.1_patch1).
Running /scratch/condor/dir_30257/glide_vtgVEn/execute/dir_9349/condor_exec.exe with 2 positional parameters: 280 1
Today is Mon Feb  2 20:25:22 GMT 2015 - Mon Feb  2 20:25:22 UTC 2015
Job submitted on host heplnc190.pp.rl.ac.uk
Linux heplnc190.pp.rl.ac.uk 2.6.32-504.3.3.el6.x86_64 #1 SMP Tue Dec 16 14:29:22 CST 2014 x86_64 x86_64 x86_64 GNU/Linux
Distributor ID:	Scientific
Description:	Scientific Linux release 6.6 (Carbon)
>>> current directory (RUNTIME_AREA): /scratch/condor/dir_30257/glide_vtgVEn/execute/dir_9349
>>> current user: uid=157415(cms415) gid=157000(gplcms) groups=157000(gplcms)
>>> directory permission set to 0700
>>> umask set to:  u=rwx,g=,o=
>>> stdout stderr permission set to 0704
>>> voms proxy information:
subject   : /DC=ch/DC=cern/OU=Organic Units/OU=Users/CN=dcieri/CN=755391/CN=Davide Cieri/CN=769881070/CN=148127938
issuer    : /DC=ch/DC=cern/OU=Organic Units/OU=Users/CN=dcieri/CN=755391/CN=Davide Cieri/CN=769881070
identity  : /DC=ch/DC=cern/OU=Organic Units/OU=Users/CN=dcieri/CN=755391/CN=Davide Cieri
type      : RFC3820 compliant limited proxy
strength  : 1024
path      : /scratch/condor/dir_30257/glide_vtgVEn/execute/dir_9349/x509up_u62281
timeleft  : 23:58:32
key usage : Digital Signature, Key Encipherment
=== VO cms extension information ===
VO        : cms
subject   : /DC=ch/DC=cern/OU=Organic Units/OU=Users/CN=dcieri/CN=755391/CN=Davide Cieri
issuer    : /DC=ch/DC=cern/OU=computers/CN=lcg-voms2.cern.ch
attribute : /cms/Role=NULL/Capability=NULL
timeleft  : 183:51:02
uri       : lcg-voms2.cern.ch:15002

WNHostName=heplnc190.pp.rl.ac.uk
$_CONDOR_JOB_AD =/scratch/condor/dir_30257/glide_vtgVEn/execute/dir_9349/.job.ad
OverflowFlag=0
>>> tar --no-same-permissions -xf /scratch/condor/dir_30257/glide_vtgVEn/execute/dir_9349/default.tgz :
Successful untar
>>> Include /scratch/condor/dir_30257/glide_vtgVEn/execute/dir_9349 in PYTHONPATH:
strip arguments
env var CRAB_UNIQUE_JOB_ID set to: dcieri_PU140_4dm08r_280_1_pxv
out_files_280
>>> list of expected files on output sandbox
output files: crab_fjr_280.xml CMSSW_280.stdout CMSSW_280.stderr Watchdog_280.log.gz
>>> GridFlavour discovery: 
GridFlavour=LCG
>>> SyncSite discovery: 
SyncSite=T2_UK_SGrid_RALPP
>>> SyncCE discovery: 
getting SyncCE from GLIDEIN_Gaekeeper
SyncCE=heplnv146.pp.rl.ac.uk
>>> info for dashboard:
***** Cat /scratch/condor/dir_30257/glide_vtgVEn/execute/dir_9349/jobreport.txt *****
WNHostName=heplnc190.pp.rl.ac.uk
OverflowFlag=0
MonitorJobID=280_https://submit-6.t2.ucsd.edu//150202//509447.279
SyncGridJobId=https://submit-6.t2.ucsd.edu//150202//509447.279
MonitorID=dcieri_PU140_4dm08r
GridFlavour=LCG
SyncSite=T2_UK_SGrid_RALPP
SyncCE=heplnv146.pp.rl.ac.uk
***** End Cat jobreport *****
Parameters sent to Dashboard.
>>> setup environment
set SCRAM ARCH to slc6_amd64_gcc472
SCRAM_ARCH = slc6_amd64_gcc472
>>> setup CMS LCG environment:
set SCRAM ARCH and BUILD_ARCH to slc6_amd64_gcc472 ###
Sourcing environment... 
sourcing /cvmfs/cms.cern.ch/cmsset_default.sh
==> setup cms environment ok
>>> specific cmssw setup environment:
CMSSW_VERSION =  CMSSW_6_2_0_SLHC12
WARNING: In non-interactive mode release checks e.g. deprecated releases, production architectures are disabled.
>>> current directory (SOFTWARE_DIR): /scratch/condor/dir_30257/glide_vtgVEn/execute/dir_9349/CMSSW_6_2_0_SLHC12
PreserveSeeds: <>
IncrementSeeds:<>
>>> info for dashboard:
***** Cat /scratch/condor/dir_30257/glide_vtgVEn/execute/dir_9349/jobreport.txt *****
MonitorJobID=280_https://submit-6.t2.ucsd.edu//150202//509447.279
MonitorID=dcieri_PU140_4dm08r
***** End Cat jobreport *****
Parameters sent to Dashboard.
crabWatchdog started as process 10616
>>> moving CMSSW software directories in /scratch/condor/dir_30257/glide_vtgVEn/execute/dir_9349/CMSSW_6_2_0_SLHC12
mv: cannot stat `/scratch/condor/dir_30257/glide_vtgVEn/execute/dir_9349/module/': No such file or directory
>>> Include /scratch/condor/dir_30257/glide_vtgVEn/execute/dir_9349 in PYTHONPATH:
PYTHONPATH=/scratch/condor/dir_30257/glide_vtgVEn/execute/dir_9349/:/scratch/condor/dir_30257/glide_vtgVEn/execute/dir_9349/CMSSW_6_2_0_SLHC12/python:/scratch/condor/dir_30257/glide_vtgVEn/execute/dir_9349/CMSSW_6_2_0_SLHC12/lib/slc6_amd64_gcc472:/cvmfs/cms.cern.ch/slc6_amd64_gcc472/cms/cmssw/CMSSW_6_2_0_SLHC12/python:/cvmfs/cms.cern.ch/slc6_amd64_gcc472/cms/cmssw/CMSSW_6_2_0_SLHC12/lib/slc6_amd64_gcc472:/cvmfs/cms.cern.ch/slc6_amd64_gcc472/cms/coral/CORAL_2_3_21-cms35/slc6_amd64_gcc472/python:/cvmfs/cms.cern.ch/slc6_amd64_gcc472/cms/coral/CORAL_2_3_21-cms35/slc6_amd64_gcc472/lib:/cvmfs/cms.cern.ch/slc6_amd64_gcc472/external/python-ldap/2.3.5-cms5/lib/python2.7/site-packages:/cvmfs/cms.cern.ch/slc6_amd64_gcc472/external/pyqt/4.8.1-cms5/lib/python2.7/site-packages:/cvmfs/cms.cern.ch/slc6_amd64_gcc472/external/py2-scipy/0.8.0-cms7/lib/python2.7/site-packages:/cvmfs/cms.cern.ch/slc6_amd64_gcc472/external/py2-matplotlib/1.0.1-cms7/lib/python2.7/site-packages:/cvmfs/cms.cern.ch/slc6_amd64_gcc472/external/sip/4.11.2-cms5/lib/python2.7/site-packages:/cvmfs/cms.cern.ch/slc6_amd64_gcc472/external/py2-pycurl/7.19.0-cms7/lib/python2.7/site-packages:/cvmfs/cms.cern.ch/slc6_amd64_gcc472/external/py2-numpy/1.6.1-cms7/lib/python2.7/site-packages:/cvmfs/cms.cern.ch/slc6_amd64_gcc472/external/py2-lint/0.25.1-cms5/lib/python2.7/site-packages:/cvmfs/cms.cern.ch/slc6_amd64_gcc472/external/py2-ipython/0.10-cms5/lib/python2.7/site-packages:/cvmfs/cms.cern.ch/slc6_amd64_gcc472/external/py2-cx-oracle/5.1-cms5/lib/python2.7/site-packages:/cvmfs/cms.cern.ch/slc6_amd64_gcc472/external/py2-cjson/1.0.5-cms5/lib/python2.7/site-packages:/cvmfs/cms.cern.ch/slc6_amd64_gcc472/cms/das-client/1.11.7/bin:/cvmfs/cms.cern.ch/slc6_amd64_gcc472/external/elementtree/1.2.6-cms5/share/lib/python2.7/site-packages:/cvmfs/cms.cern.ch/slc6_amd64_gcc472/external/rivet/1.8.2-cms9/lib/python2.7/site-packages:/cvmfs/cms.cern.ch/slc6_amd64_gcc472/external/pyminuit2/0.0.1-cms19/lib/python2.7/site-packages:/cvmfs/cms.cern.ch/slc6_amd64_gcc472/external/py2-pygithub/1.23.0-cms2/lib/python2.7/site-packages:/cvmfs/cms.cern.ch/slc6_amd64_gcc472/external/professor/1.0.0-cms19/lib/python2.7/site-packages:/cvmfs/cms.cern.ch/slc6_amd64_gcc472/lcg/root/5.34.07-cms/lib:/cvmfs/cms.cern.ch/slc6_amd64_gcc472/cms/dbs-client/DBS_2_1_9-cms5/lib:/cvmfs/cms.cern.ch/slc6_amd64_gcc472/cms/dbs-client/DBS_2_1_9-cms5/lib/DBSAPI:/cvmfs/cms.cern.ch/slc6_amd64_gcc472/external/cvs2git/5419-cms/lib:/scratch/condor/dir_30257/glide_vtgVEn/execute/dir_9349/
 
# LIMITS USED BY CRAB WATCHDOG:
# RSS  (KBytes)   : 2300000
# VSZ  (KBytes)   : 100000000
# DISK (MBytes)   : 19000
# CPU TIME        : 720h:0m:0s
# WALL CLOCK TIME : 21h:50m:0s
 
3c0380cf82de79bc39966c93934c61fc
PSETHASH = 3c0380cf82de79bc39966c93934c61fc
/scratch/condor/dir_30257/glide_vtgVEn/execute/dir_9349/writeCfg.py pset.py pset.py
Importing .py file
Setting parameters
RandomNumberGeneratorService found, will attempt to change seeds
inputBlocks=/ttbar/dcieri-ttbar_SIM-130075366148575c102f0d64fd3ac8f7/USER#7b37175b-029a-4723-ac30-87f0f216faab
inputFiles=/store/user/dcieri/ttbar_SIM/ttbar/ttbar_SIM/150129_145223/0000/step1_387.root
parentFiles=
lumisRange=
>>> Executable cmsRun
/cvmfs/cms.cern.ch/slc6_amd64_gcc472/cms/cmssw/CMSSW_6_2_0_SLHC12/bin/slc6_amd64_gcc472/cmsRun
ok executable found
>>> info for dashboard:
***** Cat /scratch/condor/dir_30257/glide_vtgVEn/execute/dir_9349/jobreport.txt *****
MonitorJobID=280_https://submit-6.t2.ucsd.edu//150202//509447.279
MonitorID=dcieri_PU140_4dm08r
ExeStart=cmsRun
***** End Cat jobreport *****
Parameters sent to Dashboard.
>>> cmsRun started at Mon Feb  2 20:25:30 UTC 2015
>>> cmsRun ended at Mon Feb  2 22:58:28 UTC 2015
>>> crab_fjr_*.xml  permission set to 0704
>>> info for dashboard:
***** Cat /scratch/condor/dir_30257/glide_vtgVEn/execute/dir_9349/jobreport.txt *****
MonitorJobID=280_https://submit-6.t2.ucsd.edu//150202//509447.279
MonitorID=dcieri_PU140_4dm08r
ExeEnd=cmsRun
***** End Cat jobreport *****
Parameters sent to Dashboard.
TIME_EXE = 9178 sec
>>> cmsRun wrote 224 lines of stdout+stderr
>>> START OF printout of 224 lines from stdout+stderr
271 DQMStore::DQMStore 
HcalTopologyIdealEP::HcalTopologyIdealEP
02-Feb-2015 20:25:40 GMT  Initiating request to open file root://dcap.pp.rl.ac.uk:1094/pnfs/pp.rl.ac.uk/data/cms/store/user/dcieri/ttbar_SIM/ttbar/ttbar_SIM/150129_145223/0000/step1_387.root
150202 20:25:41 10748 Xrd: CheckErrorStatus: Server [heplnx209.pp.rl.ac.uk:1094] declared: Request 3018 not supported(error code: 3013)
02-Feb-2015 20:25:42 GMT  Successfully opened file root://dcap.pp.rl.ac.uk:1094/pnfs/pp.rl.ac.uk/data/cms/store/user/dcieri/ttbar_SIM/ttbar/ttbar_SIM/150129_145223/0000/step1_387.root
02-Feb-2015 20:25:42 GMT  Initiating request to open file root://xrootd.unl.edu//store/group/dpg_trigger/comm_trigger/L1TrackTrigger/620_SLHC10/Extended2023TTI/MinBias/MinBias_TuneZ2star_GEN_SIM_1.root
02-Feb-2015 20:26:06 GMT  Successfully opened file root://xrootd.unl.edu//store/group/dpg_trigger/comm_trigger/L1TrackTrigger/620_SLHC10/Extended2023TTI/MinBias/MinBias_TuneZ2star_GEN_SIM_1.root
disableME1a = 0
HcalTopologyIdealEP::produce(const IdealGeometryRecord& iRecord)
mode = 2, maxDepthHB = 3, maxDepthHE = 5
RPCGeometryESModule :: produce
RPCGeometryESModule :: produce :: 1/4 Get Muon Ideal Geometry Record
RPCGeometryESModule :: produce :: 2/4 Get Muon DDD Constants
RPCGeometryESModule :: produce :: 3/4 Get Muon Numbering Record
in MuonNumberingInitialization::initializeMuonDDDConstants
about to make my new muonDDDConst_
in MuonNumberingInitialization::produce
RPCGeometryESModule :: produce :: 4/4 Build
Found:

	Barrel Stack layer 5 : 1008 stacks
	Barrel Stack layer 6 : 1320 stacks
	Barrel Stack layer 7 : 1836 stacks
	Barrel Stack layer 8 : 1152 stacks
	Barrel Stack layer 9 : 1488 stacks
	Barrel Stack layer 10 : 1824 stacks

	Endcap Stack disk 11 : 1360 stacks
	Endcap Stack disk 12 : 1360 stacks
	Endcap Stack disk 13 : 1360 stacks
	Endcap Stack disk 14 : 1360 stacks
	Endcap Stack disk 15 : 1360 stacks
Created 15428 stacks in 27 s

TTClusterBuilder< edm::Ref<edm::DetSetVector<PixelDigi>, PixelDigi, edm::refhelper::FindForDetSetVector<PixelDigi> > > loaded modules:
	TTClusterAlgorithm:	TTClusterAlgorithm_2d2013< edm::Ref<edm::DetSetVector<PixelDigi>, PixelDigi, edm::refhelper::FindForDetSetVector<PixelDigi> > >


TTStubBuilder< edm::Ref<edm::DetSetVector<PixelDigi>, PixelDigi, edm::refhelper::FindForDetSetVector<PixelDigi> > > loaded modules:
	TTStubAlgorithm:	TTStubAlgorithm_tab2013< edm::Ref<edm::DetSetVector<PixelDigi>, PixelDigi, edm::refhelper::FindForDetSetVector<PixelDigi> > >


TTClusterAssociator< edm::Ref<edm::DetSetVector<PixelDigi>, PixelDigi, edm::refhelper::FindForDetSetVector<PixelDigi> > > loaded.


TTStubAssociator< edm::Ref<edm::DetSetVector<PixelDigi>, PixelDigi, edm::refhelper::FindForDetSetVector<PixelDigi> > > loaded.


TTTrackAssociator< edm::Ref<edm::DetSetVector<PixelDigi>, PixelDigi, edm::refhelper::FindForDetSetVector<PixelDigi> > > loaded.

Begin processing the 1st record. Run 1, Event 3861, LumiSection 387 at 02-Feb-2015 20:26:51.183 GMT
02-Feb-2015 20:26:58 GMT  Closed file root://xrootd.unl.edu//store/group/dpg_trigger/comm_trigger/L1TrackTrigger/620_SLHC10/Extended2023TTI/MinBias/MinBias_TuneZ2star_GEN_SIM_1.root
02-Feb-2015 20:26:58 GMT  Initiating request to open file root://xrootd.unl.edu//store/group/dpg_trigger/comm_trigger/L1TrackTrigger/620_SLHC10/Extended2023TTI/MinBias/MinBias_TuneZ2star_GEN_SIM_232.root
02-Feb-2015 20:27:34 GMT  Successfully opened file root://xrootd.unl.edu//store/group/dpg_trigger/comm_trigger/L1TrackTrigger/620_SLHC10/Extended2023TTI/MinBias/MinBias_TuneZ2star_GEN_SIM_232.root
150202 20:32:10 11141 Xrd: XrdClientMessage::ReadRaw: Failed to read header (8 bytes).
150202 20:32:40 10904 Xrd: XrdClientMessage::ReadRaw: Failed to read header (8 bytes).
02-Feb-2015 20:37:36 GMT  Closed file root://xrootd.unl.edu//store/group/dpg_trigger/comm_trigger/L1TrackTrigger/620_SLHC10/Extended2023TTI/MinBias/MinBias_TuneZ2star_GEN_SIM_232.root
02-Feb-2015 20:37:36 GMT  Initiating request to open file root://xrootd.unl.edu//store/group/dpg_trigger/comm_trigger/L1TrackTrigger/620_SLHC10/Extended2023TTI/MinBias/MinBias_TuneZ2star_GEN_SIM_737.root
150202 20:38:07 18465 Xrd: CheckErrorStatus: Server [xrootd.ba.infn.it:1094] declared: session not found(error code: 3011)
02-Feb-2015 20:38:07 GMT  Successfully opened file root://xrootd.unl.edu//store/group/dpg_trigger/comm_trigger/L1TrackTrigger/620_SLHC10/Extended2023TTI/MinBias/MinBias_TuneZ2star_GEN_SIM_737.root
150202 20:42:40 11947 Xrd: XrdClientMessage::ReadRaw: Failed to read header (8 bytes).
150202 20:43:10 18712 Xrd: XrdClientMessage::ReadRaw: Failed to read header (8 bytes).
150202 20:46:10 10760 Xrd: XrdClientMessage::ReadRaw: Failed to read header (8 bytes).
02-Feb-2015 20:46:15 GMT  Closed file root://xrootd.unl.edu//store/group/dpg_trigger/comm_trigger/L1TrackTrigger/620_SLHC10/Extended2023TTI/MinBias/MinBias_TuneZ2star_GEN_SIM_737.root
02-Feb-2015 20:46:15 GMT  Initiating request to open file root://xrootd.unl.edu//store/group/dpg_trigger/comm_trigger/L1TrackTrigger/620_SLHC10/Extended2023TTI/MinBias/MinBias_TuneZ2star_GEN_SIM_127.root
150202 20:46:20 24978 Xrd: CheckErrorStatus: Server [xrootd.ba.infn.it:1094] declared: session not found(error code: 3011)
02-Feb-2015 20:46:20 GMT  Successfully opened file root://xrootd.unl.edu//store/group/dpg_trigger/comm_trigger/L1TrackTrigger/620_SLHC10/Extended2023TTI/MinBias/MinBias_TuneZ2star_GEN_SIM_127.root
150202 20:47:41 11946 Xrd: XrdClientMessage::ReadRaw: Failed to read header (8 bytes).
Building the geometry service
Warning did not find digi
Warning did not find digi
Warning did not find digi
Warning did not find digi
Warning did not find digi in disks
Warning did not find digi in disks
Warning did not find digi in disks
Warning did not find digi in disks
150202 20:51:40 18713 Xrd: XrdClientMessage::ReadRaw: Failed to read header (8 bytes).
150202 20:51:41 24980 Xrd: XrdClientMessage::ReadRaw: Failed to read header (8 bytes).
02-Feb-2015 20:55:43 GMT  Closed file root://xrootd.unl.edu//store/group/dpg_trigger/comm_trigger/L1TrackTrigger/620_SLHC10/Extended2023TTI/MinBias/MinBias_TuneZ2star_GEN_SIM_127.root
02-Feb-2015 20:55:43 GMT  Initiating request to open file root://xrootd.unl.edu//store/group/dpg_trigger/comm_trigger/L1TrackTrigger/620_SLHC10/Extended2023TTI/MinBias/MinBias_TuneZ2star_GEN_SIM_152.root
150202 20:56:18 30809 Xrd: CheckErrorStatus: Server [llrxrd-redir.in2p3.fr:1094] declared: session not found(error code: 3011)
02-Feb-2015 20:56:19 GMT  Successfully opened file root://xrootd.unl.edu//store/group/dpg_trigger/comm_trigger/L1TrackTrigger/620_SLHC10/Extended2023TTI/MinBias/MinBias_TuneZ2star_GEN_SIM_152.root
150202 21:01:11 24981 Xrd: XrdClientMessage::ReadRaw: Failed to read header (8 bytes).
150202 21:01:40 31158 Xrd: XrdClientMessage::ReadRaw: Failed to read header (8 bytes).
02-Feb-2015 21:05:08 GMT  Closed file root://xrootd.unl.edu//store/group/dpg_trigger/comm_trigger/L1TrackTrigger/620_SLHC10/Extended2023TTI/MinBias/MinBias_TuneZ2star_GEN_SIM_152.root
02-Feb-2015 21:05:08 GMT  Initiating request to open file root://xrootd.unl.edu//store/group/dpg_trigger/comm_trigger/L1TrackTrigger/620_SLHC10/Extended2023TTI/MinBias/MinBias_TuneZ2star_GEN_SIM_685.root
150202 21:06:01 4103 Xrd: CheckErrorStatus: Server [llrxrd-redir.in2p3.fr:1094] declared: session not found(error code: 3011)
02-Feb-2015 21:06:02 GMT  Successfully opened file root://xrootd.unl.edu//store/group/dpg_trigger/comm_trigger/L1TrackTrigger/620_SLHC10/Extended2023TTI/MinBias/MinBias_TuneZ2star_GEN_SIM_685.root
150202 21:06:40 10903 Xrd: XrdClientMessage::ReadRaw: Failed to read header (8 bytes).
150202 21:10:11 31159 Xrd: XrdClientMessage::ReadRaw: Failed to read header (8 bytes).
150202 21:11:10 4714 Xrd: XrdClientMessage::ReadRaw: Failed to read header (8 bytes).
02-Feb-2015 21:11:38 GMT  Closed file root://xrootd.unl.edu//store/group/dpg_trigger/comm_trigger/L1TrackTrigger/620_SLHC10/Extended2023TTI/MinBias/MinBias_TuneZ2star_GEN_SIM_685.root
02-Feb-2015 21:11:38 GMT  Initiating request to open file root://xrootd.unl.edu//store/group/dpg_trigger/comm_trigger/L1TrackTrigger/620_SLHC10/Extended2023TTI/MinBias/MinBias_TuneZ2star_GEN_SIM_803.root
150202 21:12:09 8105 Xrd: CheckErrorStatus: Server [llrxrd-redir.in2p3.fr:1094] declared: session not found(error code: 3011)
02-Feb-2015 21:12:09 GMT  Successfully opened file root://xrootd.unl.edu//store/group/dpg_trigger/comm_trigger/L1TrackTrigger/620_SLHC10/Extended2023TTI/MinBias/MinBias_TuneZ2star_GEN_SIM_803.root
150202 21:16:40 4715 Xrd: XrdClientMessage::ReadRaw: Failed to read header (8 bytes).
150202 21:17:11 8340 Xrd: XrdClientMessage::ReadRaw: Failed to read header (8 bytes).
02-Feb-2015 21:20:25 GMT  Closed file root://xrootd.unl.edu//store/group/dpg_trigger/comm_trigger/L1TrackTrigger/620_SLHC10/Extended2023TTI/MinBias/MinBias_TuneZ2star_GEN_SIM_803.root
02-Feb-2015 21:20:25 GMT  Initiating request to open file root://xrootd.unl.edu//store/group/dpg_trigger/comm_trigger/L1TrackTrigger/620_SLHC10/Extended2023TTI/MinBias/MinBias_TuneZ2star_GEN_SIM_513.root
150202 21:20:56 13562 Xrd: CheckErrorStatus: Server [cms-xrd-global.cern.ch:1094] declared: session not found(error code: 3011)
150202 21:20:56 13562 Xrd: CheckErrorStatus: Server [xrootd.ba.infn.it:1094] declared: session not found(error code: 3011)
02-Feb-2015 21:20:57 GMT  Successfully opened file root://xrootd.unl.edu//store/group/dpg_trigger/comm_trigger/L1TrackTrigger/620_SLHC10/Extended2023TTI/MinBias/MinBias_TuneZ2star_GEN_SIM_513.root
150202 21:25:40 8341 Xrd: XrdClientMessage::ReadRaw: Failed to read header (8 bytes).
150202 21:26:10 13839 Xrd: XrdClientMessage::ReadRaw: Failed to read header (8 bytes).
02-Feb-2015 21:29:50 GMT  Closed file root://xrootd.unl.edu//store/group/dpg_trigger/comm_trigger/L1TrackTrigger/620_SLHC10/Extended2023TTI/MinBias/MinBias_TuneZ2star_GEN_SIM_513.root
02-Feb-2015 21:29:50 GMT  Initiating request to open file root://xrootd.unl.edu//store/group/dpg_trigger/comm_trigger/L1TrackTrigger/620_SLHC10/Extended2023TTI/MinBias/MinBias_TuneZ2star_GEN_SIM_293.root
150202 21:30:21 19430 Xrd: CheckErrorStatus: Server [llrxrd-redir.in2p3.fr:1094] declared: session not found(error code: 3011)
02-Feb-2015 21:30:22 GMT  Successfully opened file root://xrootd.unl.edu//store/group/dpg_trigger/comm_trigger/L1TrackTrigger/620_SLHC10/Extended2023TTI/MinBias/MinBias_TuneZ2star_GEN_SIM_293.root
150202 21:35:10 13840 Xrd: XrdClientMessage::ReadRaw: Failed to read header (8 bytes).
150202 21:35:40 19788 Xrd: XrdClientMessage::ReadRaw: Failed to read header (8 bytes).
02-Feb-2015 21:37:41 GMT  Closed file root://xrootd.unl.edu//store/group/dpg_trigger/comm_trigger/L1TrackTrigger/620_SLHC10/Extended2023TTI/MinBias/MinBias_TuneZ2star_GEN_SIM_293.root
02-Feb-2015 21:37:41 GMT  Initiating request to open file root://xrootd.unl.edu//store/group/dpg_trigger/comm_trigger/L1TrackTrigger/620_SLHC10/Extended2023TTI/MinBias/MinBias_TuneZ2star_GEN_SIM_864.root
150202 21:38:12 24236 Xrd: CheckErrorStatus: Server [llrxrd-redir.in2p3.fr:1094] declared: session not found(error code: 3011)
02-Feb-2015 21:38:12 GMT  Successfully opened file root://xrootd.unl.edu//store/group/dpg_trigger/comm_trigger/L1TrackTrigger/620_SLHC10/Extended2023TTI/MinBias/MinBias_TuneZ2star_GEN_SIM_864.root
150202 21:41:10 13838 Xrd: XrdClientMessage::ReadRaw: Failed to read header (8 bytes).
150202 21:43:10 19789 Xrd: XrdClientMessage::ReadRaw: Failed to read header (8 bytes).
150202 21:43:40 24580 Xrd: XrdClientMessage::ReadRaw: Failed to read header (8 bytes).
02-Feb-2015 21:46:12 GMT  Closed file root://xrootd.unl.edu//store/group/dpg_trigger/comm_trigger/L1TrackTrigger/620_SLHC10/Extended2023TTI/MinBias/MinBias_TuneZ2star_GEN_SIM_864.root
02-Feb-2015 21:46:12 GMT  Initiating request to open file root://xrootd.unl.edu//store/group/dpg_trigger/comm_trigger/L1TrackTrigger/620_SLHC10/Extended2023TTI/MinBias/MinBias_TuneZ2star_GEN_SIM_236.root
150202 21:46:43 30509 Xrd: CheckErrorStatus: Server [cms-xrd-global.cern.ch:1094] declared: session not found(error code: 3011)
150202 21:46:44 30509 Xrd: CheckErrorStatus: Server [xrootd.ba.infn.it:1094] declared: session not found(error code: 3011)
02-Feb-2015 21:46:45 GMT  Successfully opened file root://xrootd.unl.edu//store/group/dpg_trigger/comm_trigger/L1TrackTrigger/620_SLHC10/Extended2023TTI/MinBias/MinBias_TuneZ2star_GEN_SIM_236.root
150202 21:51:40 24581 Xrd: XrdClientMessage::ReadRaw: Failed to read header (8 bytes).
150202 21:52:10 30856 Xrd: XrdClientMessage::ReadRaw: Failed to read header (8 bytes).
02-Feb-2015 21:52:52 GMT  Closed file root://xrootd.unl.edu//store/group/dpg_trigger/comm_trigger/L1TrackTrigger/620_SLHC10/Extended2023TTI/MinBias/MinBias_TuneZ2star_GEN_SIM_236.root
02-Feb-2015 21:52:52 GMT  Initiating request to open file root://xrootd.unl.edu//store/group/dpg_trigger/comm_trigger/L1TrackTrigger/620_SLHC10/Extended2023TTI/MinBias/MinBias_TuneZ2star_GEN_SIM_630.root
150202 21:53:22 2118 Xrd: CheckErrorStatus: Server [cms-xrd-global.cern.ch:1094] declared: session not found(error code: 3011)
150202 21:53:22 2118 Xrd: CheckErrorStatus: Server [xrootd-redic.pi.infn.it:1094] declared: session not found(error code: 3011)
02-Feb-2015 21:53:23 GMT  Successfully opened file root://xrootd.unl.edu//store/group/dpg_trigger/comm_trigger/L1TrackTrigger/620_SLHC10/Extended2023TTI/MinBias/MinBias_TuneZ2star_GEN_SIM_630.root
150202 21:58:10 30857 Xrd: XrdClientMessage::ReadRaw: Failed to read header (8 bytes).
150202 21:58:40 31157 Xrd: XrdClientMessage::ReadRaw: Failed to read header (8 bytes).
150202 21:58:41 2235 Xrd: XrdClientMessage::ReadRaw: Failed to read header (8 bytes).
02-Feb-2015 22:00:13 GMT  Closed file root://xrootd.unl.edu//store/group/dpg_trigger/comm_trigger/L1TrackTrigger/620_SLHC10/Extended2023TTI/MinBias/MinBias_TuneZ2star_GEN_SIM_630.root
02-Feb-2015 22:00:13 GMT  Initiating request to open file root://xrootd.unl.edu//store/group/dpg_trigger/comm_trigger/L1TrackTrigger/620_SLHC10/Extended2023TTI/MinBias/MinBias_TuneZ2star_GEN_SIM_893.root
150202 22:00:43 6637 Xrd: CheckErrorStatus: Server [cms-xrd-global.cern.ch:1094] declared: session not found(error code: 3011)
150202 22:00:43 6637 Xrd: CheckErrorStatus: Server [llrxrd-redir.in2p3.fr:1094] declared: session not found(error code: 3011)
02-Feb-2015 22:00:44 GMT  Successfully opened file root://xrootd.unl.edu//store/group/dpg_trigger/comm_trigger/L1TrackTrigger/620_SLHC10/Extended2023TTI/MinBias/MinBias_TuneZ2star_GEN_SIM_893.root
02-Feb-2015 22:05:08 GMT  Closed file root://xrootd.unl.edu//store/group/dpg_trigger/comm_trigger/L1TrackTrigger/620_SLHC10/Extended2023TTI/MinBias/MinBias_TuneZ2star_GEN_SIM_893.root
02-Feb-2015 22:05:08 GMT  Initiating request to open file root://xrootd.unl.edu//store/group/dpg_trigger/comm_trigger/L1TrackTrigger/620_SLHC10/Extended2023TTI/MinBias/MinBias_TuneZ2star_GEN_SIM_835.root
150202 22:05:41 2236 Xrd: XrdClientMessage::ReadRaw: Failed to read header (8 bytes).
02-Feb-2015 22:05:53 GMT  Successfully opened file root://xrootd.unl.edu//store/group/dpg_trigger/comm_trigger/L1TrackTrigger/620_SLHC10/Extended2023TTI/MinBias/MinBias_TuneZ2star_GEN_SIM_835.root
150202 22:07:11 30800 Xrd: XrdClientMessage::ReadRaw: Failed to read header (8 bytes).
150202 22:10:11 6893 Xrd: XrdClientMessage::ReadRaw: Failed to read header (8 bytes).
02-Feb-2015 22:10:42 GMT  Closed file root://xrootd.unl.edu//store/group/dpg_trigger/comm_trigger/L1TrackTrigger/620_SLHC10/Extended2023TTI/MinBias/MinBias_TuneZ2star_GEN_SIM_835.root
02-Feb-2015 22:10:42 GMT  Initiating request to open file root://xrootd.unl.edu//store/group/dpg_trigger/comm_trigger/L1TrackTrigger/620_SLHC10/Extended2023TTI/MinBias/MinBias_TuneZ2star_GEN_SIM_519.root
150202 22:10:46 6892 Xrd: XrdClientMessage::ReadRaw: Failed to read header (8 bytes).
150202 22:11:11 10382 Xrd: XrdClientMessage::ReadRaw: Failed to read header (8 bytes).
150202 22:11:13 13179 Xrd: CheckErrorStatus: Server [cms-xrd-global.cern.ch:1094] declared: session not found(error code: 3011)
150202 22:11:13 13179 Xrd: CheckErrorStatus: Server [xrootd.ba.infn.it:1094] declared: session not found(error code: 3011)
02-Feb-2015 22:11:13 GMT  Successfully opened file root://xrootd.unl.edu//store/group/dpg_trigger/comm_trigger/L1TrackTrigger/620_SLHC10/Extended2023TTI/MinBias/MinBias_TuneZ2star_GEN_SIM_519.root
150202 22:16:10 10383 Xrd: XrdClientMessage::ReadRaw: Failed to read header (8 bytes).
02-Feb-2015 22:16:22 GMT  Closed file root://xrootd.unl.edu//store/group/dpg_trigger/comm_trigger/L1TrackTrigger/620_SLHC10/Extended2023TTI/MinBias/MinBias_TuneZ2star_GEN_SIM_519.root
02-Feb-2015 22:16:22 GMT  Initiating request to open file root://xrootd.unl.edu//store/group/dpg_trigger/comm_trigger/L1TrackTrigger/620_SLHC10/Extended2023TTI/MinBias/MinBias_TuneZ2star_GEN_SIM_504.root
150202 22:16:22 13532 Xrd: XrdClientMessage::ReadRaw: Failed to read header (8 bytes).
150202 22:21:10 6891 Xrd: XrdClientMessage::ReadRaw: Failed to read header (8 bytes).
150202 22:21:41 13533 Xrd: XrdClientMessage::ReadRaw: Failed to read header (8 bytes).
150202 22:24:24 16773 Xrd: CheckErrorStatus: Server [cms-xrd-global.cern.ch:1094] declared: session not found(error code: 3011)
150202 22:24:24 16773 Xrd: CheckErrorStatus: Server [llrxrd-redir.in2p3.fr:1094] declared: session not found(error code: 3011)
02-Feb-2015 22:24:25 GMT  Successfully opened file root://xrootd.unl.edu//store/group/dpg_trigger/comm_trigger/L1TrackTrigger/620_SLHC10/Extended2023TTI/MinBias/MinBias_TuneZ2star_GEN_SIM_504.root
150202 22:26:10 2234 Xrd: XrdClientMessage::ReadRaw: Failed to read header (8 bytes).
02-Feb-2015 22:28:59 GMT  Closed file root://xrootd.unl.edu//store/group/dpg_trigger/comm_trigger/L1TrackTrigger/620_SLHC10/Extended2023TTI/MinBias/MinBias_TuneZ2star_GEN_SIM_504.root
02-Feb-2015 22:28:59 GMT  Initiating request to open file root://xrootd.unl.edu//store/group/dpg_trigger/comm_trigger/L1TrackTrigger/620_SLHC10/Extended2023TTI/MinBias/MinBias_TuneZ2star_GEN_SIM_62.root
150202 22:29:30 21741 Xrd: XrdClientMessage::ReadRaw: Failed to read header (8 bytes).
150202 22:29:30 24591 Xrd: CheckErrorStatus: Server [xrootd.ba.infn.it:1094] declared: session not found(error code: 3011)
02-Feb-2015 22:29:30 GMT  Successfully opened file root://xrootd.unl.edu//store/group/dpg_trigger/comm_trigger/L1TrackTrigger/620_SLHC10/Extended2023TTI/MinBias/MinBias_TuneZ2star_GEN_SIM_62.root
02-Feb-2015 22:33:32 GMT  Closed file root://xrootd.unl.edu//store/group/dpg_trigger/comm_trigger/L1TrackTrigger/620_SLHC10/Extended2023TTI/MinBias/MinBias_TuneZ2star_GEN_SIM_62.root
02-Feb-2015 22:33:32 GMT  Initiating request to open file root://xrootd.unl.edu//store/group/dpg_trigger/comm_trigger/L1TrackTrigger/620_SLHC10/Extended2023TTI/MinBias/MinBias_TuneZ2star_GEN_SIM_186.root
150202 22:34:03 27362 Xrd: CheckErrorStatus: Server [eoscms.cern.ch:1094] declared: session not found(error code: 3011)
02-Feb-2015 22:34:03 GMT  Successfully opened file root://xrootd.unl.edu//store/group/dpg_trigger/comm_trigger/L1TrackTrigger/620_SLHC10/Extended2023TTI/MinBias/MinBias_TuneZ2star_GEN_SIM_186.root
150202 22:34:04 21742 Xrd: XrdClientMessage::ReadRaw: Failed to read header (8 bytes).
02-Feb-2015 22:37:27 GMT  Closed file root://xrootd.unl.edu//store/group/dpg_trigger/comm_trigger/L1TrackTrigger/620_SLHC10/Extended2023TTI/MinBias/MinBias_TuneZ2star_GEN_SIM_186.root
02-Feb-2015 22:37:27 GMT  Initiating request to open file root://xrootd.unl.edu//store/group/dpg_trigger/comm_trigger/L1TrackTrigger/620_SLHC10/Extended2023TTI/MinBias/MinBias_TuneZ2star_GEN_SIM_709.root
150202 22:37:58 29781 Xrd: CheckErrorStatus: Server [eoscms.cern.ch:1094] declared: session not found(error code: 3011)
02-Feb-2015 22:37:58 GMT  Successfully opened file root://xrootd.unl.edu//store/group/dpg_trigger/comm_trigger/L1TrackTrigger/620_SLHC10/Extended2023TTI/MinBias/MinBias_TuneZ2star_GEN_SIM_709.root
150202 22:38:40 24714 Xrd: XrdClientMessage::ReadRaw: Failed to read header (8 bytes).
02-Feb-2015 22:42:01 GMT  Closed file root://xrootd.unl.edu//store/group/dpg_trigger/comm_trigger/L1TrackTrigger/620_SLHC10/Extended2023TTI/MinBias/MinBias_TuneZ2star_GEN_SIM_709.root
02-Feb-2015 22:42:01 GMT  Initiating request to open file root://xrootd.unl.edu//store/group/dpg_trigger/comm_trigger/L1TrackTrigger/620_SLHC10/Extended2023TTI/MinBias/MinBias_TuneZ2star_GEN_SIM_129.root
02-Feb-2015 22:42:31 GMT  Successfully opened file root://xrootd.unl.edu//store/group/dpg_trigger/comm_trigger/L1TrackTrigger/620_SLHC10/Extended2023TTI/MinBias/MinBias_TuneZ2star_GEN_SIM_129.root
150202 22:42:31 27601 Xrd: XrdClientMessage::ReadRaw: Failed to read header (8 bytes).
150202 22:44:40 21740 Xrd: XrdClientMessage::ReadRaw: Failed to read header (8 bytes).
02-Feb-2015 22:45:52 GMT  Closed file root://xrootd.unl.edu//store/group/dpg_trigger/comm_trigger/L1TrackTrigger/620_SLHC10/Extended2023TTI/MinBias/MinBias_TuneZ2star_GEN_SIM_129.root
02-Feb-2015 22:45:52 GMT  Initiating request to open file root://xrootd.unl.edu//store/group/dpg_trigger/comm_trigger/L1TrackTrigger/620_SLHC10/Extended2023TTI/MinBias/MinBias_TuneZ2star_GEN_SIM_930.root
150202 22:46:23 3517 Xrd: CheckErrorStatus: Server [cms-xrd-global.cern.ch:1094] declared: session not found(error code: 3011)
02-Feb-2015 22:46:23 GMT  Successfully opened file root://xrootd.unl.edu//store/group/dpg_trigger/comm_trigger/L1TrackTrigger/620_SLHC10/Extended2023TTI/MinBias/MinBias_TuneZ2star_GEN_SIM_930.root
150202 22:47:10 30244 Xrd: XrdClientMessage::ReadRaw: Failed to read header (8 bytes).
02-Feb-2015 22:49:19 GMT  Closed file root://xrootd.unl.edu//store/group/dpg_trigger/comm_trigger/L1TrackTrigger/620_SLHC10/Extended2023TTI/MinBias/MinBias_TuneZ2star_GEN_SIM_930.root
02-Feb-2015 22:49:19 GMT  Initiating request to open file root://xrootd.unl.edu//store/group/dpg_trigger/comm_trigger/L1TrackTrigger/620_SLHC10/Extended2023TTI/MinBias/MinBias_TuneZ2star_GEN_SIM_510.root
02-Feb-2015 22:49:50 GMT  Successfully opened file root://xrootd.unl.edu//store/group/dpg_trigger/comm_trigger/L1TrackTrigger/620_SLHC10/Extended2023TTI/MinBias/MinBias_TuneZ2star_GEN_SIM_510.root
150202 22:51:10 304 Xrd: XrdClientMessage::ReadRaw: Failed to read header (8 bytes).
02-Feb-2015 22:53:00 GMT  Closed file root://xrootd.unl.edu//store/group/dpg_trigger/comm_trigger/L1TrackTrigger/620_SLHC10/Extended2023TTI/MinBias/MinBias_TuneZ2star_GEN_SIM_510.root
02-Feb-2015 22:53:00 GMT  Initiating request to open file root://xrootd.unl.edu//store/group/dpg_trigger/comm_trigger/L1TrackTrigger/620_SLHC10/Extended2023TTI/MinBias/MinBias_TuneZ2star_GEN_SIM_534.root
02-Feb-2015 22:53:31 GMT  Successfully opened file root://xrootd.unl.edu//store/group/dpg_trigger/comm_trigger/L1TrackTrigger/620_SLHC10/Extended2023TTI/MinBias/MinBias_TuneZ2star_GEN_SIM_534.root
150202 22:54:40 3867 Xrd: XrdClientMessage::ReadRaw: Failed to read header (8 bytes).
02-Feb-2015 22:56:32 GMT  Closed file root://xrootd.unl.edu//store/group/dpg_trigger/comm_trigger/L1TrackTrigger/620_SLHC10/Extended2023TTI/MinBias/MinBias_TuneZ2star_GEN_SIM_534.root
02-Feb-2015 22:56:32 GMT  Initiating request to open file root://xrootd.unl.edu//store/group/dpg_trigger/comm_trigger/L1TrackTrigger/620_SLHC10/Extended2023TTI/MinBias/MinBias_TuneZ2star_GEN_SIM_619.root
02-Feb-2015 22:57:03 GMT  Successfully opened file root://xrootd.unl.edu//store/group/dpg_trigger/comm_trigger/L1TrackTrigger/620_SLHC10/Extended2023TTI/MinBias/MinBias_TuneZ2star_GEN_SIM_619.root
150202 22:58:11 5865 Xrd: XrdClientMessage::ReadRaw: Failed to read header (8 bytes).
02-Feb-2015 22:58:25 GMT  Closed file root://dcap.pp.rl.ac.uk:1094/pnfs/pp.rl.ac.uk/data/cms/store/user/dcieri/ttbar_SIM/ttbar/ttbar_SIM/150129_145223/0000/step1_387.root
02-Feb-2015 22:58:26 GMT  Closed file root://xrootd.unl.edu//store/group/dpg_trigger/comm_trigger/L1TrackTrigger/620_SLHC10/Extended2023TTI/MinBias/MinBias_TuneZ2star_GEN_SIM_619.root

=============================================

MessageLogger Summary

 type     category        sev    module        subroutine        count    total
 ---- -------------------- -- ---------------- ----------------  -----    -----
    1 fileAction           -s MixingModule:mix                      69       69
    2 fileAction           -s MixingModule:mix                       2        2
    3 fileAction           -s MixingModule:mix                       1        1
    4 fileAction           -s file_close                             1        1
    5 fileAction           -s file_open                              2        2

 type    category    Examples: run/evt        run/evt          run/evt
 ---- -------------------- ---------------- ---------------- ----------------
    1 fileAction           1/3861           1/3861           1/3870
    2 fileAction           pre-events       pre-events       
    3 fileAction           PostEndRun                        
    4 fileAction           PostEndRun                        
    5 fileAction           pre-events       pre-events       

Severity    # Occurrences   Total Occurrences
--------    -------------   -----------------
System                 75                  75
>>> END OF printout of 224 lines from stdout+stderr
>>> Parse FrameworkJobReport crab_fjr.xml
Result of parsing the FrameworkJobReport crab_fjr.xml: 
Extracted ExitStatus from FrameworkJobReport parsing output: 0
>>> Executable succeded  0
ExeExitCode=0
EXECUTABLE_EXIT_STATUS = 0
>>> current directory /scratch/condor/dir_30257/glide_vtgVEn/execute/dir_9349/CMSSW_6_2_0_SLHC12
>>>  (SOFTWARE_DIR): /scratch/condor/dir_30257/glide_vtgVEn/execute/dir_9349/CMSSW_6_2_0_SLHC12
>>> (WORKING_DIR): 
>>> current directory content:
total 243456
drwxr-xr-x 3 cms415 gplcms      4096 Feb  2 20:25 .SCRAM
-rw------- 1 cms415 gplcms    915837 Feb  2 20:25 CMSSW.py.pkl
drwxr-xr-x 3 cms415 gplcms      4096 Feb  2 20:25 bin
drwxr-xr-x 3 cms415 gplcms      4096 Feb  2 20:25 cfipython
drwxr-xr-x 4 cms415 gplcms      4096 Apr 28  2014 config
-rw------- 1 cms415 gplcms        16 Feb  2 22:58 cpu_timing.txt
drwxr-xr-x 2 cms415 gplcms      4096 Feb  2 20:25 doc
-rw------- 1 cms415 gplcms     25176 Feb  2 22:58 executable.out
drwxr-xr-x 2 cms415 gplcms      4096 Feb  2 20:25 include
drwx------ 3 cms415 gplcms      4096 Oct  7 10:12 lib
drwxr-xr-x 3 cms415 gplcms      4096 Feb  2 20:25 logs
drwxr-xr-x 3 cms415 gplcms      4096 Feb  2 20:25 objs
-rw------- 1 cms415 gplcms       104 Feb  2 20:25 pset.py
-rw------- 1 cms415 gplcms    926824 Feb  2 20:25 pset.py.pkl
-rw------- 1 cms415 gplcms       289 Feb  2 20:25 pset.pyc
drwxr-xr-x 2 cms415 gplcms      4096 Feb  2 20:25 python
-rw------- 1 cms415 gplcms       359 Feb  2 22:58 report.log
drwxr-xr-x 2 cms415 gplcms      4096 Feb  2 20:25 src
-rw------- 1 cms415 gplcms 247098497 Feb  2 22:58 step2.root
drwxr-xr-x 3 cms415 gplcms      4096 Feb  2 20:25 test
drwxr-xr-x 3 cms415 gplcms      4096 Feb  2 20:25 tmp
>>> current directory /scratch/condor/dir_30257/glide_vtgVEn/execute/dir_9349/CMSSW_6_2_0_SLHC12
>>> (SOFTWARE_DIR): /scratch/condor/dir_30257/glide_vtgVEn/execute/dir_9349/CMSSW_6_2_0_SLHC12
>>> (WORKING_DIR): 
>>> current directory content:
total 243456
drwxr-xr-x 3 cms415 gplcms      4096 Feb  2 20:25 .SCRAM
-rw------- 1 cms415 gplcms    915837 Feb  2 20:25 CMSSW.py.pkl
drwxr-xr-x 3 cms415 gplcms      4096 Feb  2 20:25 bin
drwxr-xr-x 3 cms415 gplcms      4096 Feb  2 20:25 cfipython
drwxr-xr-x 4 cms415 gplcms      4096 Apr 28  2014 config
-rw------- 1 cms415 gplcms        16 Feb  2 22:58 cpu_timing.txt
drwxr-xr-x 2 cms415 gplcms      4096 Feb  2 20:25 doc
-rw------- 1 cms415 gplcms     25176 Feb  2 22:58 executable.out
drwxr-xr-x 2 cms415 gplcms      4096 Feb  2 20:25 include
drwx------ 3 cms415 gplcms      4096 Oct  7 10:12 lib
drwxr-xr-x 3 cms415 gplcms      4096 Feb  2 20:25 logs
drwxr-xr-x 3 cms415 gplcms      4096 Feb  2 20:25 objs
-rw------- 1 cms415 gplcms       104 Feb  2 20:25 pset.py
-rw------- 1 cms415 gplcms    926824 Feb  2 20:25 pset.py.pkl
-rw------- 1 cms415 gplcms       289 Feb  2 20:25 pset.pyc
drwxr-xr-x 2 cms415 gplcms      4096 Feb  2 20:25 python
-rw------- 1 cms415 gplcms       359 Feb  2 22:58 report.log
drwxr-xr-x 2 cms415 gplcms      4096 Feb  2 20:25 src
-rw------- 1 cms415 gplcms 247098497 Feb  2 22:58 step2_280_1_pxv.root
drwxr-xr-x 3 cms415 gplcms      4096 Feb  2 20:25 test
drwxr-xr-x 3 cms415 gplcms      4096 Feb  2 20:25 tmp
>>> current directory (RUNTIME_AREA):  /scratch/condor/dir_30257/glide_vtgVEn/execute/dir_9349
PNN = T2_UK_SGrid_RALPP
SE = heplnx204.pp.rl.ac.uk
SE_PATH = /srm/managerv2?SFN=/pnfs/pp.rl.ac.uk/data/cms/store/user/dcieri/ttbar_PU140_DIGI/dcieri/ttbar/ttbar_PU140_DIGI/3c0380cf82de79bc39966c93934c61fc/
LFNBaseName = /store/user/dcieri/ttbar_PU140_DIGI/dcieri/ttbar/ttbar_PU140_DIGI/3c0380cf82de79bc39966c93934c61fc/
USER = dcieri
endpoint = srm://heplnx204.pp.rl.ac.uk:8443/srm/managerv2?SFN=/pnfs/pp.rl.ac.uk/data/cms/store/user/dcieri/ttbar_PU140_DIGI/dcieri/ttbar/ttbar_PU140_DIGI/3c0380cf82de79bc39966c93934c61fc/
>>> Copy output files from WN = heplnc190.pp.rl.ac.uk to /srm/managerv2?SFN=/pnfs/pp.rl.ac.uk/data/cms/store/user/dcieri/ttbar_PU140_DIGI/dcieri/ttbar/ttbar_PU140_DIGI/3c0380cf82de79bc39966c93934c61fc/ :
python cmscp.py  --destination srm://heplnx204.pp.rl.ac.uk:8443/srm/managerv2?SFN=/pnfs/pp.rl.ac.uk/data/cms/store/user/dcieri/ttbar_PU140_DIGI/dcieri/ttbar/ttbar_PU140_DIGI/3c0380cf82de79bc39966c93934c61fc/ --inputFileList /scratch/condor/dir_30257/glide_vtgVEn/execute/dir_9349/CMSSW_6_2_0_SLHC12/step2_280_1_pxv.root --middleware LCG --PNN T2_UK_SGrid_RALPP --se_name heplnx204.pp.rl.ac.uk --for_lfn /store/user/dcieri/ttbar_PU140_DIGI/dcieri/ttbar/ttbar_PU140_DIGI/3c0380cf82de79bc39966c93934c61fc/    
******************************************************
localSeName  =  heplnx204.pp.rl.ac.uk
remoteSeName =  heplnx204.pp.rl.ac.uk
******************************************************
{"/scratch/condor/dir_30257/glide_vtgVEn/execute/dir_9349/CMSSW_6_2_0_SLHC12/step2_280_1_pxv.root": {"endpoint": "srm://heplnx204.pp.rl.ac.uk:8443/srm/managerv2?SFN=/pnfs/pp.rl.ac.uk/data/cms/store/user/dcieri/ttbar_PU140_DIGI/dcieri/ttbar/ttbar_PU140_DIGI/3c0380cf82de79bc39966c93934c61fc/", "surl_for_grid": "", "reason": "Copy succedeed with srm-lcg utils", "erCode": "0", "PNN": "T2_UK_SGrid_RALPP", "se_name": "heplnx204.pp.rl.ac.uk", "for_lfn": "/store/user/dcieri/ttbar_PU140_DIGI/dcieri/ttbar/ttbar_PU140_DIGI/3c0380cf82de79bc39966c93934c61fc/"}}/scratch/condor/dir_30257/glide_vtgVEn/execute/dir_9349
-------- cat /scratch/condor/dir_30257/glide_vtgVEn/execute/dir_9349/cmscpReport.sh 
#!/bin/bash
echo "Report for File: /scratch/condor/dir_30257/glide_vtgVEn/execute/dir_9349/CMSSW_6_2_0_SLHC12/step2_280_1_pxv.root"
echo "LFN: /store/user/dcieri/ttbar_PU140_DIGI/dcieri/ttbar/ttbar_PU140_DIGI/3c0380cf82de79bc39966c93934c61fc/step2_280_1_pxv.root"
echo "StorageElement: heplnx204.pp.rl.ac.uk"
echo "StageOutExitStatusReason = 'Copy succedeed with srm-lcg utils'" | tee -a $RUNTIME_AREA/$repo
echo "StageOutSE = heplnx204.pp.rl.ac.uk" >> $RUNTIME_AREA/$repo

export StageOutExitStatus=0
echo "StageOutExitStatus = 0" | tee -a $RUNTIME_AREA/$repo
-------- end of /scratch/condor/dir_30257/glide_vtgVEn/execute/dir_9349/cmscpReport.sh 
Report for File: /scratch/condor/dir_30257/glide_vtgVEn/execute/dir_9349/CMSSW_6_2_0_SLHC12/step2_280_1_pxv.root
LFN: /store/user/dcieri/ttbar_PU140_DIGI/dcieri/ttbar/ttbar_PU140_DIGI/3c0380cf82de79bc39966c93934c61fc/step2_280_1_pxv.root
StorageElement: heplnx204.pp.rl.ac.uk
StageOutExitStatusReason = 'Copy succedeed with srm-lcg utils'
StageOutExitStatus = 0
>>> current dir: /scratch/condor/dir_30257/glide_vtgVEn/execute/dir_9349
>>> current dir content:
total 8824
-rw-------  1 cms415 gplcms    3370 Feb  2 22:59 .SEinteraction.log
-rwx------  1 cms415 gplcms      53 Feb  2 20:23 .chirp_config
-rwx------  1 cms415 gplcms    7837 Feb  2 20:23 .job.ad
-rwx------  1 cms415 gplcms    9772 Feb  2 20:23 .machine.ad
-rw-------  1 cms415 gplcms     105 Feb  2 12:16 CMSSW.py
-rw-------  1 cms415 gplcms  915837 Feb  2 12:16 CMSSW.py.pkl
-rwx------  1 cms415 gplcms   29498 Feb  2 20:25 CMSSW.sh
drwxr-xr-x 15 cms415 gplcms    4096 Feb  2 22:58 CMSSW_6_2_0_SLHC12
-rw-------  1 cms415 gplcms     189 Feb  2 20:25 CacheEnv.sh
-rw-------  1 cms415 gplcms    7291 Nov 19 14:52 DashboardAPI.py
-rw-------  1 cms415 gplcms    6455 Feb  2 20:25 DashboardAPI.pyc
drwx------  2 cms415 gplcms    4096 Feb  2 22:58 IMProv
-rw-------  1 cms415 gplcms    2748 Nov 19 14:52 Logger.py
-rw-------  1 cms415 gplcms    3227 Feb  2 20:25 Logger.pyc
-rw-------  1 cms415 gplcms   24524 Nov 19 14:52 ProcInfo.py
-rw-------  1 cms415 gplcms   22621 Feb  2 20:25 ProcInfo.pyc
drwx------  7 cms415 gplcms    4096 Feb  2 20:25 ProdCommon
drwx------  3 cms415 gplcms    4096 Feb  2 20:25 WMCore
-rw-------  1 cms415 gplcms    9589 Feb  2 22:58 Watchdog_280.log
-rwx------  1 cms415 gplcms       0 Feb  2 20:25 _condor_stderr
-rwx---r--  1 cms415 gplcms   39918 Feb  2 22:59 _condor_stdout
-rw-------  1 cms415 gplcms   32895 Nov 19 14:52 apmon.py
-rw-------  1 cms415 gplcms   27929 Feb  2 20:25 apmon.pyc
-rwx------  1 cms415 gplcms  134309 Feb  2 20:25 arguments.xml
-rwx------  1 cms415 gplcms   38581 Nov 19 14:52 cmscp.py
-rw-------  1 cms415 gplcms     561 Feb  2 22:59 cmscpReport.sh
-rwx------  1 cms415 gplcms   29498 Feb  2 20:25 condor_exec.exe
-rw-------  1 cms415 gplcms     544 Feb  2 12:16 crab.cfg
-rwx------  1 cms415 gplcms    8610 Nov 19 14:52 crabWatchdog.sh
-rwx---r--  1 cms415 gplcms  112115 Feb  2 22:58 crab_fjr_280.xml
-rwx------  1 cms415 gplcms 7390485 Feb  2 20:25 default.tgz
-rwx------  1 cms415 gplcms    4488 Nov 19 14:52 fillCrabFjr.py
-rw-------  1 cms415 gplcms     226 Feb  2 20:25 inputsReport.txt
-rw-------  1 cms415 gplcms     244 Feb  2 22:59 jobreport.txt
-rw-------  1 cms415 gplcms   17352 Nov 19 14:52 parseCrabFjr.py
-rw-------  1 cms415 gplcms     324 Feb  2 20:25 report.log
-rwx--x--x  1 cms415 gplcms    1497 Nov 19 14:52 report.py
-rw-------  1 cms415 gplcms     554 Feb  2 22:59 resultCopyFile
lrwxrwxrwx  1 cms415 gplcms      95 Feb  2 22:58 step2.root -> /scratch/condor/dir_30257/glide_vtgVEn/execute/dir_9349/CMSSW_6_2_0_SLHC12/step2_280_1_pxv.root
-rwx------  1 cms415 gplcms    8351 Nov 19 14:52 writeCfg.py
-rw-------  1 cms415 gplcms   10293 Feb  2 20:23 x509up_u62281
>>> Modify Job Report:
CMSSW_VERSION = CMSSW_6_2_0_SLHC12
ProcessedDataset = ttbar_PU140_DIGI
/scratch/condor/dir_30257/glide_vtgVEn/execute/dir_9349/ProdCommon/FwkJobRep/ModifyJobReport.py fjr /scratch/condor/dir_30257/glide_vtgVEn/execute/dir_9349/crab_fjr_280.xml json /scratch/condor/dir_30257/glide_vtgVEn/execute/dir_9349/resultCopyFile n_job 280_1_pxv PrimaryDataset ttbar  ApplicationFamily cmsRun ApplicationName cmsRun cmssw_version CMSSW_6_2_0_SLHC12 psethash 3c0380cf82de79bc39966c93934c61fc UserProcessedDataset dcieri-ttbar_PU140_DIGI-3c0380cf82de79bc39966c93934c61fc
inputDict =  {u'/scratch/condor/dir_30257/glide_vtgVEn/execute/dir_9349/CMSSW_6_2_0_SLHC12/step2_280_1_pxv.root': {u'endpoint': u'srm://heplnx204.pp.rl.ac.uk:8443/srm/managerv2?SFN=/pnfs/pp.rl.ac.uk/data/cms/store/user/dcieri/ttbar_PU140_DIGI/dcieri/ttbar/ttbar_PU140_DIGI/3c0380cf82de79bc39966c93934c61fc/', u'surl_for_grid': u'', u'reason': u'Copy succedeed with srm-lcg utils', u'erCode': u'0', u'PNN': u'T2_UK_SGrid_RALPP', u'se_name': u'heplnx204.pp.rl.ac.uk', u'for_lfn': u'/store/user/dcieri/ttbar_PU140_DIGI/dcieri/ttbar/ttbar_PU140_DIGI/3c0380cf82de79bc39966c93934c61fc/'}}
UserProcessedDataset =  dcieri-ttbar_PU140_DIGI-3c0380cf82de79bc39966c93934c61fc
WORKING ON EDM FILE
file_name in inputDict =  /scratch/condor/dir_30257/glide_vtgVEn/execute/dir_9349/CMSSW_6_2_0_SLHC12/step2_280_1_pxv.root
(size) os.stat(filename)[6] =  247098497
checksum =  2887842773
    file =  step2_280_1_pxv.root
    newPfn =  srm://heplnx204.pp.rl.ac.uk:8443/srm/managerv2?SFN=/pnfs/pp.rl.ac.uk/data/cms/store/user/dcieri/ttbar_PU140_DIGI/dcieri/ttbar/ttbar_PU140_DIGI/3c0380cf82de79bc39966c93934c61fc/step2_280_1_pxv.root
    newLfn =  /store/user/dcieri/ttbar_PU140_DIGI/dcieri/ttbar/ttbar_PU140_DIGI/3c0380cf82de79bc39966c93934c61fc/step2_280_1_pxv.root
>>> crab_fjr_*.xml  permission set to 0704
CrabWrapper EXIT_FUNC entered at Mon Feb  2 22:59:21 GMT 2015   -  Mon Feb  2 22:59:21 UTC 2015
Checking output files:  
will tar file crab_fjr_280.xml in  out_files_280
WARNING: output file CMSSW_280.stdout not found!
WARNING: output file CMSSW_280.stderr not found!
WARNING: output file Watchdog_280.log.gz not found!
>>> padding time: Wrapper lasting more than 600 seconds. No sleep required.
STOPPING WATCHDOG. CrabWatchdog PID is 10616
********** LAST 50 LINES OF WATCHDOG LOG
 Feb 02 20:40:29 GMT	10748	824232	1240420	52	84	904	cmsRun -j /scratch/condor/dir_30257/glide_vtgVEn/execute/dir_9349/crab_fjr_280.xml -p pset.py      
 Feb 02 20:41:30 GMT	10748	824232	1242980	52	88	964	cmsRun -j /scratch/condor/dir_30257/glide_vtgVEn/execute/dir_9349/crab_fjr_280.xml -p pset.py      
 Feb 02 20:42:30 GMT	10748	824232	1247588	52	92	1024	cmsRun -j /scratch/condor/dir_30257/glide_vtgVEn/execute/dir_9349/crab_fjr_280.xml -p pset.py      
 Feb 02 20:43:30 GMT	10748	824232	1257828	52	96	1085	cmsRun -j /scratch/condor/dir_30257/glide_vtgVEn/execute/dir_9349/crab_fjr_280.xml -p pset.py      
 Feb 02 20:44:31 GMT	10748	824232	1298020	52	103	1145	cmsRun -j /scratch/condor/dir_30257/glide_vtgVEn/execute/dir_9349/crab_fjr_280.xml -p pset.py      
 Feb 02 20:45:31 GMT	10748	915748	1406820	52	115	1205	cmsRun -j /scratch/condor/dir_30257/glide_vtgVEn/execute/dir_9349/crab_fjr_280.xml -p pset.py      
 Feb 02 20:47:31 GMT	10748	927044	1421932	52	120	1325	cmsRun -j /scratch/condor/dir_30257/glide_vtgVEn/execute/dir_9349/crab_fjr_280.xml -p pset.py      
 Feb 02 20:48:31 GMT	10748	929572	1426028	52	124	1386	cmsRun -j /scratch/condor/dir_30257/glide_vtgVEn/execute/dir_9349/crab_fjr_280.xml -p pset.py      
 Feb 02 20:49:32 GMT	10748	973432	1491308	52	129	1446	cmsRun -j /scratch/condor/dir_30257/glide_vtgVEn/execute/dir_9349/crab_fjr_280.xml -p pset.py      
 Feb 02 20:50:32 GMT	10748	1093164	1725440	52	159	1506	cmsRun -j /scratch/condor/dir_30257/glide_vtgVEn/execute/dir_9349/crab_fjr_280.xml -p pset.py      
 Feb 02 20:50:32 GMT	---	1093164	1725440	77	----	----	----
 Feb 02 20:51:32 GMT	10748	1100108	1726976	77	160	1566	cmsRun -j /scratch/condor/dir_30257/glide_vtgVEn/execute/dir_9349/crab_fjr_280.xml -p pset.py      
 Feb 02 20:52:32 GMT	10748	1143208	1726976	77	162	1626	cmsRun -j /scratch/condor/dir_30257/glide_vtgVEn/execute/dir_9349/crab_fjr_280.xml -p pset.py      
 Feb 02 20:53:32 GMT	10748	1156168	1726976	77	165	1686	cmsRun -j /scratch/condor/dir_30257/glide_vtgVEn/execute/dir_9349/crab_fjr_280.xml -p pset.py      
# TIME			PID	RSS(KB)	VSZ(KB)	Dsk(MB)	tCPU(s)	tWALL(s)	COMMAND
 Feb 02 20:54:32 GMT	10748	1167904	1726976	77	168	1747	cmsRun -j /scratch/condor/dir_30257/glide_vtgVEn/execute/dir_9349/crab_fjr_280.xml -p pset.py      
 Feb 02 20:55:33 GMT	10748	1174092	1726976	77	171	1807	cmsRun -j /scratch/condor/dir_30257/glide_vtgVEn/execute/dir_9349/crab_fjr_280.xml -p pset.py      
 Feb 02 20:56:33 GMT	10748	1180180	1726976	77	172	1867	cmsRun -j /scratch/condor/dir_30257/glide_vtgVEn/execute/dir_9349/crab_fjr_280.xml -p pset.py      
 Feb 02 20:57:33 GMT	10748	1221804	1731332	77	175	1927	cmsRun -j /scratch/condor/dir_30257/glide_vtgVEn/execute/dir_9349/crab_fjr_280.xml -p pset.py      
 Feb 02 20:58:33 GMT	10748	1222516	1731332	77	177	1987	cmsRun -j /scratch/condor/dir_30257/glide_vtgVEn/execute/dir_9349/crab_fjr_280.xml -p pset.py      
 Feb 02 20:59:33 GMT	10748	1224488	1735428	77	180	2048	cmsRun -j /scratch/condor/dir_30257/glide_vtgVEn/execute/dir_9349/crab_fjr_280.xml -p pset.py      
 Feb 02 21:00:34 GMT	10748	1226400	1736452	77	183	2108	cmsRun -j /scratch/condor/dir_30257/glide_vtgVEn/execute/dir_9349/crab_fjr_280.xml -p pset.py      
 Feb 02 21:01:34 GMT	10748	1228460	1736452	77	186	2168	cmsRun -j /scratch/condor/dir_30257/glide_vtgVEn/execute/dir_9349/crab_fjr_280.xml -p pset.py      
 Feb 02 21:02:34 GMT	10748	1231508	1738756	77	189	2228	cmsRun -j /scratch/condor/dir_30257/glide_vtgVEn/execute/dir_9349/crab_fjr_280.xml -p pset.py      
 Feb 02 21:03:34 GMT	10748	1232548	1740804	77	192	2288	cmsRun -j /scratch/condor/dir_30257/glide_vtgVEn/execute/dir_9349/crab_fjr_280.xml -p pset.py      
 Feb 02 21:04:34 GMT	10748	1237160	1741572	77	196	2349	cmsRun -j /scratch/condor/dir_30257/glide_vtgVEn/execute/dir_9349/crab_fjr_280.xml -p pset.py      
 Feb 02 21:06:35 GMT	10748	1259204	1741572	77	204	2469	cmsRun -j /scratch/condor/dir_30257/glide_vtgVEn/execute/dir_9349/crab_fjr_280.xml -p pset.py      
 Feb 02 21:07:35 GMT	10748	1321688	1763844	77	214	2529	cmsRun -j /scratch/condor/dir_30257/glide_vtgVEn/execute/dir_9349/crab_fjr_280.xml -p pset.py      
 Feb 02 21:08:35 GMT	10748	1325740	1763844	77	218	2589	cmsRun -j /scratch/condor/dir_30257/glide_vtgVEn/execute/dir_9349/crab_fjr_280.xml -p pset.py      
 Feb 02 21:09:35 GMT	10748	1363640	1799940	77	227	2649	cmsRun -j /scratch/condor/dir_30257/glide_vtgVEn/execute/dir_9349/crab_fjr_280.xml -p pset.py      
 Feb 02 21:10:35 GMT	---	1363640	1799940	99	----	----	----
 Feb 02 21:28:39 GMT	10748	1408728	1844228	99	316	3793	cmsRun -j /scratch/condor/dir_30257/glide_vtgVEn/execute/dir_9349/crab_fjr_280.xml -p pset.py      
 Feb 02 21:29:40 GMT	---	1408728	1844228	122	----	----	----
 Feb 02 21:47:43 GMT	10748	1449512	1894404	122	404	4937	cmsRun -j /scratch/condor/dir_30257/glide_vtgVEn/execute/dir_9349/crab_fjr_280.xml -p pset.py      
 Feb 02 21:48:43 GMT	---	1449512	1894404	144	----	----	----
 Feb 02 22:03:47 GMT	---	1449512	1894404	169	----	----	----
 Feb 02 22:14:49 GMT	---	1449512	1894404	189	----	----	----
 Feb 02 22:32:52 GMT	---	1449512	1894404	209	----	----	----
 Feb 02 22:41:55 GMT	10748	1449512	1907724	209	748	8189	cmsRun -j /scratch/condor/dir_30257/glide_vtgVEn/execute/dir_9349/crab_fjr_280.xml -p pset.py      
 Feb 02 22:41:55 GMT	---	1449512	1907724	230	----	----	----
 Feb 02 22:44:56 GMT	10748	1449512	1908492	230	765	8370	cmsRun -j /scratch/condor/dir_30257/glide_vtgVEn/execute/dir_9349/crab_fjr_280.xml -p pset.py      
 Feb 02 22:46:56 GMT	10748	1449512	1911820	230	775	8491	cmsRun -j /scratch/condor/dir_30257/glide_vtgVEn/execute/dir_9349/crab_fjr_280.xml -p pset.py      
 Feb 02 22:47:57 GMT	10748	1449512	1915916	230	786	8551	cmsRun -j /scratch/condor/dir_30257/glide_vtgVEn/execute/dir_9349/crab_fjr_280.xml -p pset.py      
 Feb 02 22:48:57 GMT	10748	1449512	1938444	230	804	8611	cmsRun -j /scratch/condor/dir_30257/glide_vtgVEn/execute/dir_9349/crab_fjr_280.xml -p pset.py      
 Feb 02 22:50:57 GMT	10748	1449512	1945612	230	831	8731	cmsRun -j /scratch/condor/dir_30257/glide_vtgVEn/execute/dir_9349/crab_fjr_280.xml -p pset.py      
 Feb 02 22:50:57 GMT	---	1449512	1945612	251	----	----	----
 Feb 02 22:54:58 GMT	10748	1449512	1946892	251	858	8972	cmsRun -j /scratch/condor/dir_30257/glide_vtgVEn/execute/dir_9349/crab_fjr_280.xml -p pset.py      
 Feb 02 22:55:58 GMT	10748	1449512	1959692	251	873	9032	cmsRun -j /scratch/condor/dir_30257/glide_vtgVEn/execute/dir_9349/crab_fjr_280.xml -p pset.py      
 Feb 02 22:57:59 GMT	10748	1449512	1981708	251	892	9153	cmsRun -j /scratch/condor/dir_30257/glide_vtgVEn/execute/dir_9349/crab_fjr_280.xml -p pset.py      
 Feb 02 22:58:59 GMT	---	1449512	1981708	274	----	----	----
********** WATCHDOG LOG ENDED
ZIPPING WATCHDOG LOG
Disk space used:
du -sh /scratch/condor/dir_30257/glide_vtgVEn/execute/dir_9349
274M	/scratch/condor/dir_30257/glide_vtgVEn/execute/dir_9349
Found unusual stdout, rename for OSB
`/scratch/condor/dir_30257/glide_vtgVEn/execute/dir_9349/_condor_stdout' -> `CMSSW_280.stdout'
Found unusual stderr, rename for OSB
`/scratch/condor/dir_30257/glide_vtgVEn/execute/dir_9349/_condor_stdout' -> `CMSSW_280.stderr'
crab_fjr_280.xml
CMSSW_280.stdout
CMSSW_280.stderr
Watchdog_280.log.gz
Total Output dimension: 24329
WARNING: output files size limit is set to: 50000000
Total Output dimension 24329 is fine.
JOB_EXIT_STATUS = 0
>>> info for dashboard:
***** Cat /scratch/condor/dir_30257/glide_vtgVEn/execute/dir_9349/jobreport.txt *****
MonitorJobID=280_https://submit-6.t2.ucsd.edu//150202//509447.279
MonitorID=dcieri_PU140_4dm08r
ExeTime=9178
ExeExitCode=0
StageOutExitStatusReason = 'Copy succedeed with srm-lcg utils'
StageOutSE = heplnx204.pp.rl.ac.uk
StageOutExitStatus = 0
CrabUserCpuTime=878.32
CrabSysCpuTime=34.92
CrabCpuPercentage=9%
CrabWrapperTime=9238
CrabStageoutTime=48
JobExitCode=0
***** End Cat jobreport *****
Parameters sent to Dashboard.
EXITING at Mon Feb  2 22:59:23 GMT 2015  -  Mon Feb  2 22:59:23 UTC 2015
