This script was generated by crab (version 2.11.1_patch1).
Running /scratch/condor/dir_18346/glide_LW7Bq1/execute/dir_25521/condor_exec.exe with 2 positional parameters: 361 1
Today is Mon Feb  2 20:37:20 GMT 2015 - Mon Feb  2 20:37:20 UTC 2015
Job submitted on host heplnc369.pp.rl.ac.uk
Linux heplnc369.pp.rl.ac.uk 2.6.32-504.3.3.el6.x86_64 #1 SMP Tue Dec 16 14:29:22 CST 2014 x86_64 x86_64 x86_64 GNU/Linux
Distributor ID:	Scientific
Description:	Scientific Linux release 6.6 (Carbon)
>>> current directory (RUNTIME_AREA): /scratch/condor/dir_18346/glide_LW7Bq1/execute/dir_25521
>>> current user: uid=157415(cms415) gid=157000(gplcms) groups=157000(gplcms)
>>> directory permission set to 0700
>>> umask set to:  u=rwx,g=,o=
>>> stdout stderr permission set to 0704
>>> voms proxy information:
subject   : /DC=ch/DC=cern/OU=Organic Units/OU=Users/CN=dcieri/CN=755391/CN=Davide Cieri/CN=769881070/CN=1908823587
issuer    : /DC=ch/DC=cern/OU=Organic Units/OU=Users/CN=dcieri/CN=755391/CN=Davide Cieri/CN=769881070
identity  : /DC=ch/DC=cern/OU=Organic Units/OU=Users/CN=dcieri/CN=755391/CN=Davide Cieri
type      : RFC3820 compliant limited proxy
strength  : 1024
path      : /scratch/condor/dir_18346/glide_LW7Bq1/execute/dir_25521/x509up_u62281
timeleft  : 23:58:01
key usage : Digital Signature, Key Encipherment
=== VO cms extension information ===
VO        : cms
subject   : /DC=ch/DC=cern/OU=Organic Units/OU=Users/CN=dcieri/CN=755391/CN=Davide Cieri
issuer    : /DC=ch/DC=cern/OU=computers/CN=lcg-voms2.cern.ch
attribute : /cms/Role=NULL/Capability=NULL
timeleft  : 183:39:04
uri       : lcg-voms2.cern.ch:15002

WNHostName=heplnc369.pp.rl.ac.uk
$_CONDOR_JOB_AD =/scratch/condor/dir_18346/glide_LW7Bq1/execute/dir_25521/.job.ad
OverflowFlag=0
>>> tar --no-same-permissions -xf /scratch/condor/dir_18346/glide_LW7Bq1/execute/dir_25521/default.tgz :
Successful untar
>>> Include /scratch/condor/dir_18346/glide_LW7Bq1/execute/dir_25521 in PYTHONPATH:
strip arguments
env var CRAB_UNIQUE_JOB_ID set to: dcieri_PU140_4dm08r_361_1_H24
out_files_361
>>> list of expected files on output sandbox
output files: crab_fjr_361.xml CMSSW_361.stdout CMSSW_361.stderr Watchdog_361.log.gz
>>> GridFlavour discovery: 
GridFlavour=LCG
>>> SyncSite discovery: 
SyncSite=T2_UK_SGrid_RALPP
>>> SyncCE discovery: 
getting SyncCE from GLIDEIN_Gaekeeper
SyncCE=heplnv147.pp.rl.ac.uk
>>> info for dashboard:
***** Cat /scratch/condor/dir_18346/glide_LW7Bq1/execute/dir_25521/jobreport.txt *****
WNHostName=heplnc369.pp.rl.ac.uk
OverflowFlag=0
MonitorJobID=361_https://submit-6.t2.ucsd.edu//150202//509447.360
SyncGridJobId=https://submit-6.t2.ucsd.edu//150202//509447.360
MonitorID=dcieri_PU140_4dm08r
GridFlavour=LCG
SyncSite=T2_UK_SGrid_RALPP
SyncCE=heplnv147.pp.rl.ac.uk
***** End Cat jobreport *****
Parameters sent to Dashboard.
>>> setup environment
set SCRAM ARCH to slc6_amd64_gcc472
SCRAM_ARCH = slc6_amd64_gcc472
>>> setup CMS LCG environment:
set SCRAM ARCH and BUILD_ARCH to slc6_amd64_gcc472 ###
Sourcing environment... 
sourcing /cvmfs/cms.cern.ch/cmsset_default.sh
==> setup cms environment ok
>>> specific cmssw setup environment:
CMSSW_VERSION =  CMSSW_6_2_0_SLHC12
WARNING: In non-interactive mode release checks e.g. deprecated releases, production architectures are disabled.
>>> current directory (SOFTWARE_DIR): /scratch/condor/dir_18346/glide_LW7Bq1/execute/dir_25521/CMSSW_6_2_0_SLHC12
PreserveSeeds: <>
IncrementSeeds:<>
>>> info for dashboard:
***** Cat /scratch/condor/dir_18346/glide_LW7Bq1/execute/dir_25521/jobreport.txt *****
MonitorJobID=361_https://submit-6.t2.ucsd.edu//150202//509447.360
MonitorID=dcieri_PU140_4dm08r
***** End Cat jobreport *****
Parameters sent to Dashboard.
crabWatchdog started as process 27138
>>> moving CMSSW software directories in /scratch/condor/dir_18346/glide_LW7Bq1/execute/dir_25521/CMSSW_6_2_0_SLHC12
mv: cannot stat `/scratch/condor/dir_18346/glide_LW7Bq1/execute/dir_25521/module/': No such file or directory
>>> Include /scratch/condor/dir_18346/glide_LW7Bq1/execute/dir_25521 in PYTHONPATH:
PYTHONPATH=/scratch/condor/dir_18346/glide_LW7Bq1/execute/dir_25521/:/scratch/condor/dir_18346/glide_LW7Bq1/execute/dir_25521/CMSSW_6_2_0_SLHC12/python:/scratch/condor/dir_18346/glide_LW7Bq1/execute/dir_25521/CMSSW_6_2_0_SLHC12/lib/slc6_amd64_gcc472:/cvmfs/cms.cern.ch/slc6_amd64_gcc472/cms/cmssw/CMSSW_6_2_0_SLHC12/python:/cvmfs/cms.cern.ch/slc6_amd64_gcc472/cms/cmssw/CMSSW_6_2_0_SLHC12/lib/slc6_amd64_gcc472:/cvmfs/cms.cern.ch/slc6_amd64_gcc472/cms/coral/CORAL_2_3_21-cms35/slc6_amd64_gcc472/python:/cvmfs/cms.cern.ch/slc6_amd64_gcc472/cms/coral/CORAL_2_3_21-cms35/slc6_amd64_gcc472/lib:/cvmfs/cms.cern.ch/slc6_amd64_gcc472/external/python-ldap/2.3.5-cms5/lib/python2.7/site-packages:/cvmfs/cms.cern.ch/slc6_amd64_gcc472/external/pyqt/4.8.1-cms5/lib/python2.7/site-packages:/cvmfs/cms.cern.ch/slc6_amd64_gcc472/external/py2-scipy/0.8.0-cms7/lib/python2.7/site-packages:/cvmfs/cms.cern.ch/slc6_amd64_gcc472/external/py2-matplotlib/1.0.1-cms7/lib/python2.7/site-packages:/cvmfs/cms.cern.ch/slc6_amd64_gcc472/external/sip/4.11.2-cms5/lib/python2.7/site-packages:/cvmfs/cms.cern.ch/slc6_amd64_gcc472/external/py2-pycurl/7.19.0-cms7/lib/python2.7/site-packages:/cvmfs/cms.cern.ch/slc6_amd64_gcc472/external/py2-numpy/1.6.1-cms7/lib/python2.7/site-packages:/cvmfs/cms.cern.ch/slc6_amd64_gcc472/external/py2-lint/0.25.1-cms5/lib/python2.7/site-packages:/cvmfs/cms.cern.ch/slc6_amd64_gcc472/external/py2-ipython/0.10-cms5/lib/python2.7/site-packages:/cvmfs/cms.cern.ch/slc6_amd64_gcc472/external/py2-cx-oracle/5.1-cms5/lib/python2.7/site-packages:/cvmfs/cms.cern.ch/slc6_amd64_gcc472/external/py2-cjson/1.0.5-cms5/lib/python2.7/site-packages:/cvmfs/cms.cern.ch/slc6_amd64_gcc472/cms/das-client/1.11.7/bin:/cvmfs/cms.cern.ch/slc6_amd64_gcc472/external/elementtree/1.2.6-cms5/share/lib/python2.7/site-packages:/cvmfs/cms.cern.ch/slc6_amd64_gcc472/external/rivet/1.8.2-cms9/lib/python2.7/site-packages:/cvmfs/cms.cern.ch/slc6_amd64_gcc472/external/pyminuit2/0.0.1-cms19/lib/python2.7/site-packages:/cvmfs/cms.cern.ch/slc6_amd64_gcc472/external/py2-pygithub/1.23.0-cms2/lib/python2.7/site-packages:/cvmfs/cms.cern.ch/slc6_amd64_gcc472/external/professor/1.0.0-cms19/lib/python2.7/site-packages:/cvmfs/cms.cern.ch/slc6_amd64_gcc472/lcg/root/5.34.07-cms/lib:/cvmfs/cms.cern.ch/slc6_amd64_gcc472/cms/dbs-client/DBS_2_1_9-cms5/lib:/cvmfs/cms.cern.ch/slc6_amd64_gcc472/cms/dbs-client/DBS_2_1_9-cms5/lib/DBSAPI:/cvmfs/cms.cern.ch/slc6_amd64_gcc472/external/cvs2git/5419-cms/lib:/scratch/condor/dir_18346/glide_LW7Bq1/execute/dir_25521/
 
# LIMITS USED BY CRAB WATCHDOG:
# RSS  (KBytes)   : 2300000
# VSZ  (KBytes)   : 100000000
# DISK (MBytes)   : 19000
# CPU TIME        : 720h:0m:0s
# WALL CLOCK TIME : 21h:50m:0s
 
3c0380cf82de79bc39966c93934c61fc
PSETHASH = 3c0380cf82de79bc39966c93934c61fc
/scratch/condor/dir_18346/glide_LW7Bq1/execute/dir_25521/writeCfg.py pset.py pset.py
Importing .py file
Setting parameters
RandomNumberGeneratorService found, will attempt to change seeds
inputBlocks=/ttbar/dcieri-ttbar_SIM-130075366148575c102f0d64fd3ac8f7/USER#d88f8312-b22c-48f9-b58b-21cac727e67d
inputFiles=/store/user/dcieri/ttbar_SIM/ttbar/ttbar_SIM/150129_145223/0000/step1_443.root
parentFiles=
lumisRange=
>>> Executable cmsRun
/cvmfs/cms.cern.ch/slc6_amd64_gcc472/cms/cmssw/CMSSW_6_2_0_SLHC12/bin/slc6_amd64_gcc472/cmsRun
ok executable found
>>> info for dashboard:
***** Cat /scratch/condor/dir_18346/glide_LW7Bq1/execute/dir_25521/jobreport.txt *****
MonitorJobID=361_https://submit-6.t2.ucsd.edu//150202//509447.360
MonitorID=dcieri_PU140_4dm08r
ExeStart=cmsRun
***** End Cat jobreport *****
Parameters sent to Dashboard.
>>> cmsRun started at Mon Feb  2 20:37:27 UTC 2015
>>> cmsRun ended at Mon Feb  2 23:13:58 UTC 2015
>>> crab_fjr_*.xml  permission set to 0704
>>> info for dashboard:
***** Cat /scratch/condor/dir_18346/glide_LW7Bq1/execute/dir_25521/jobreport.txt *****
MonitorJobID=361_https://submit-6.t2.ucsd.edu//150202//509447.360
MonitorID=dcieri_PU140_4dm08r
ExeEnd=cmsRun
***** End Cat jobreport *****
Parameters sent to Dashboard.
TIME_EXE = 9391 sec
>>> cmsRun wrote 215 lines of stdout+stderr
>>> START OF printout of 215 lines from stdout+stderr
271 DQMStore::DQMStore 
HcalTopologyIdealEP::HcalTopologyIdealEP
02-Feb-2015 20:37:35 GMT  Initiating request to open file root://dcap.pp.rl.ac.uk:1094/pnfs/pp.rl.ac.uk/data/cms/store/user/dcieri/ttbar_SIM/ttbar/ttbar_SIM/150129_145223/0000/step1_443.root
150202 20:37:36 27273 Xrd: CheckErrorStatus: Server [heplnx209.pp.rl.ac.uk:1094] declared: Request 3018 not supported(error code: 3013)
02-Feb-2015 20:37:36 GMT  Successfully opened file root://dcap.pp.rl.ac.uk:1094/pnfs/pp.rl.ac.uk/data/cms/store/user/dcieri/ttbar_SIM/ttbar/ttbar_SIM/150129_145223/0000/step1_443.root
02-Feb-2015 20:37:37 GMT  Initiating request to open file root://xrootd.unl.edu//store/group/dpg_trigger/comm_trigger/L1TrackTrigger/620_SLHC10/Extended2023TTI/MinBias/MinBias_TuneZ2star_GEN_SIM_1.root
02-Feb-2015 20:38:09 GMT  Successfully opened file root://xrootd.unl.edu//store/group/dpg_trigger/comm_trigger/L1TrackTrigger/620_SLHC10/Extended2023TTI/MinBias/MinBias_TuneZ2star_GEN_SIM_1.root
disableME1a = 0
HcalTopologyIdealEP::produce(const IdealGeometryRecord& iRecord)
mode = 2, maxDepthHB = 3, maxDepthHE = 5
RPCGeometryESModule :: produce
RPCGeometryESModule :: produce :: 1/4 Get Muon Ideal Geometry Record
RPCGeometryESModule :: produce :: 2/4 Get Muon DDD Constants
RPCGeometryESModule :: produce :: 3/4 Get Muon Numbering Record
in MuonNumberingInitialization::initializeMuonDDDConstants
about to make my new muonDDDConst_
in MuonNumberingInitialization::produce
RPCGeometryESModule :: produce :: 4/4 Build
Found:

	Barrel Stack layer 5 : 1008 stacks
	Barrel Stack layer 6 : 1320 stacks
	Barrel Stack layer 7 : 1836 stacks
	Barrel Stack layer 8 : 1152 stacks
	Barrel Stack layer 9 : 1488 stacks
	Barrel Stack layer 10 : 1824 stacks

	Endcap Stack disk 11 : 1360 stacks
	Endcap Stack disk 12 : 1360 stacks
	Endcap Stack disk 13 : 1360 stacks
	Endcap Stack disk 14 : 1360 stacks
	Endcap Stack disk 15 : 1360 stacks
Created 15428 stacks in 14 s

TTClusterBuilder< edm::Ref<edm::DetSetVector<PixelDigi>, PixelDigi, edm::refhelper::FindForDetSetVector<PixelDigi> > > loaded modules:
	TTClusterAlgorithm:	TTClusterAlgorithm_2d2013< edm::Ref<edm::DetSetVector<PixelDigi>, PixelDigi, edm::refhelper::FindForDetSetVector<PixelDigi> > >


TTStubBuilder< edm::Ref<edm::DetSetVector<PixelDigi>, PixelDigi, edm::refhelper::FindForDetSetVector<PixelDigi> > > loaded modules:
	TTStubAlgorithm:	TTStubAlgorithm_tab2013< edm::Ref<edm::DetSetVector<PixelDigi>, PixelDigi, edm::refhelper::FindForDetSetVector<PixelDigi> > >


TTClusterAssociator< edm::Ref<edm::DetSetVector<PixelDigi>, PixelDigi, edm::refhelper::FindForDetSetVector<PixelDigi> > > loaded.


TTStubAssociator< edm::Ref<edm::DetSetVector<PixelDigi>, PixelDigi, edm::refhelper::FindForDetSetVector<PixelDigi> > > loaded.


TTTrackAssociator< edm::Ref<edm::DetSetVector<PixelDigi>, PixelDigi, edm::refhelper::FindForDetSetVector<PixelDigi> > > loaded.

Begin processing the 1st record. Run 1, Event 4421, LumiSection 443 at 02-Feb-2015 20:38:39.723 GMT
02-Feb-2015 20:38:46 GMT  Closed file root://xrootd.unl.edu//store/group/dpg_trigger/comm_trigger/L1TrackTrigger/620_SLHC10/Extended2023TTI/MinBias/MinBias_TuneZ2star_GEN_SIM_1.root
02-Feb-2015 20:38:46 GMT  Initiating request to open file root://xrootd.unl.edu//store/group/dpg_trigger/comm_trigger/L1TrackTrigger/620_SLHC10/Extended2023TTI/MinBias/MinBias_TuneZ2star_GEN_SIM_34.root
02-Feb-2015 20:38:46 GMT  Successfully opened file root://xrootd.unl.edu//store/group/dpg_trigger/comm_trigger/L1TrackTrigger/620_SLHC10/Extended2023TTI/MinBias/MinBias_TuneZ2star_GEN_SIM_34.root
150202 20:44:05 28492 Xrd: XrdClientMessage::ReadRaw: Failed to read header (8 bytes).
150202 20:44:06 28490 Xrd: XrdClientMessage::ReadRaw: Failed to read header (8 bytes).
02-Feb-2015 20:47:27 GMT  Closed file root://xrootd.unl.edu//store/group/dpg_trigger/comm_trigger/L1TrackTrigger/620_SLHC10/Extended2023TTI/MinBias/MinBias_TuneZ2star_GEN_SIM_34.root
02-Feb-2015 20:47:27 GMT  Initiating request to open file root://xrootd.unl.edu//store/group/dpg_trigger/comm_trigger/L1TrackTrigger/620_SLHC10/Extended2023TTI/MinBias/MinBias_TuneZ2star_GEN_SIM_8.root
150202 20:47:57 14467 Xrd: CheckErrorStatus: Server [xrootd.ba.infn.it:1094] declared: session not found(error code: 3011)
02-Feb-2015 20:47:57 GMT  Successfully opened file root://xrootd.unl.edu//store/group/dpg_trigger/comm_trigger/L1TrackTrigger/620_SLHC10/Extended2023TTI/MinBias/MinBias_TuneZ2star_GEN_SIM_8.root
150202 20:52:36 29204 Xrd: XrdClientMessage::ReadRaw: Failed to read header (8 bytes).
150202 20:53:06 15427 Xrd: XrdClientMessage::ReadRaw: Failed to read header (8 bytes).
02-Feb-2015 20:57:19 GMT  Closed file root://xrootd.unl.edu//store/group/dpg_trigger/comm_trigger/L1TrackTrigger/620_SLHC10/Extended2023TTI/MinBias/MinBias_TuneZ2star_GEN_SIM_8.root
02-Feb-2015 20:57:19 GMT  Initiating request to open file root://xrootd.unl.edu//store/group/dpg_trigger/comm_trigger/L1TrackTrigger/620_SLHC10/Extended2023TTI/MinBias/MinBias_TuneZ2star_GEN_SIM_770.root
150202 20:57:50 28712 Xrd: CheckErrorStatus: Server [xrootd.ba.infn.it:1094] declared: session not found(error code: 3011)
02-Feb-2015 20:57:50 GMT  Successfully opened file root://xrootd.unl.edu//store/group/dpg_trigger/comm_trigger/L1TrackTrigger/620_SLHC10/Extended2023TTI/MinBias/MinBias_TuneZ2star_GEN_SIM_770.root
150202 20:59:05 29203 Xrd: XrdClientMessage::ReadRaw: Failed to read header (8 bytes).
150202 21:02:36 15428 Xrd: XrdClientMessage::ReadRaw: Failed to read header (8 bytes).
150202 21:02:44 27515 Xrd: XrdClientMessage::ReadRaw: Failed to read header (8 bytes).
150202 21:03:05 29423 Xrd: XrdClientMessage::ReadRaw: Failed to read header (8 bytes).
Building the geometry service
Warning did not find digi
Warning did not find digi
Warning did not find digi
Warning did not find digi
Warning did not find digi in disks
Warning did not find digi in disks
Warning did not find digi in disks
Warning did not find digi in disks
02-Feb-2015 21:13:47 GMT  Closed file root://xrootd.unl.edu//store/group/dpg_trigger/comm_trigger/L1TrackTrigger/620_SLHC10/Extended2023TTI/MinBias/MinBias_TuneZ2star_GEN_SIM_770.root
02-Feb-2015 21:13:47 GMT  Initiating request to open file root://xrootd.unl.edu//store/group/dpg_trigger/comm_trigger/L1TrackTrigger/620_SLHC10/Extended2023TTI/MinBias/MinBias_TuneZ2star_GEN_SIM_949.root
150202 21:14:18 18160 Xrd: CheckErrorStatus: Server [cms-xrd-global.cern.ch:1094] declared: session not found(error code: 3011)
150202 21:14:18 18160 Xrd: CheckErrorStatus: Server [xrootd-redic.pi.infn.it:1094] declared: session not found(error code: 3011)
02-Feb-2015 21:14:18 GMT  Successfully opened file root://xrootd.unl.edu//store/group/dpg_trigger/comm_trigger/L1TrackTrigger/620_SLHC10/Extended2023TTI/MinBias/MinBias_TuneZ2star_GEN_SIM_949.root
150202 21:18:06 28489 Xrd: XrdClientMessage::ReadRaw: Failed to read header (8 bytes).
150202 21:19:05 29424 Xrd: XrdClientMessage::ReadRaw: Failed to read header (8 bytes).
150202 21:19:36 19018 Xrd: XrdClientMessage::ReadRaw: Failed to read header (8 bytes).
02-Feb-2015 21:23:16 GMT  Closed file root://xrootd.unl.edu//store/group/dpg_trigger/comm_trigger/L1TrackTrigger/620_SLHC10/Extended2023TTI/MinBias/MinBias_TuneZ2star_GEN_SIM_949.root
02-Feb-2015 21:23:16 GMT  Initiating request to open file root://xrootd.unl.edu//store/group/dpg_trigger/comm_trigger/L1TrackTrigger/620_SLHC10/Extended2023TTI/MinBias/MinBias_TuneZ2star_GEN_SIM_349.root
150202 21:23:48 31251 Xrd: CheckErrorStatus: Server [cms-xrd-global.cern.ch:1094] declared: session not found(error code: 3011)
150202 21:23:55 31251 Xrd: CheckErrorStatus: Server [xrootd.ba.infn.it:1094] declared: session not found(error code: 3011)
02-Feb-2015 21:23:55 GMT  Successfully opened file root://xrootd.unl.edu//store/group/dpg_trigger/comm_trigger/L1TrackTrigger/620_SLHC10/Extended2023TTI/MinBias/MinBias_TuneZ2star_GEN_SIM_349.root
150202 21:28:36 19019 Xrd: XrdClientMessage::ReadRaw: Failed to read header (8 bytes).
150202 21:29:05 32136 Xrd: XrdClientMessage::ReadRaw: Failed to read header (8 bytes).
02-Feb-2015 21:34:07 GMT  Closed file root://xrootd.unl.edu//store/group/dpg_trigger/comm_trigger/L1TrackTrigger/620_SLHC10/Extended2023TTI/MinBias/MinBias_TuneZ2star_GEN_SIM_349.root
02-Feb-2015 21:34:07 GMT  Initiating request to open file root://xrootd.unl.edu//store/group/dpg_trigger/comm_trigger/L1TrackTrigger/620_SLHC10/Extended2023TTI/MinBias/MinBias_TuneZ2star_GEN_SIM_153.root
150202 21:34:36 19017 Xrd: XrdClientMessage::ReadRaw: Failed to read header (8 bytes).
150202 21:39:36 32137 Xrd: XrdClientMessage::ReadRaw: Failed to read header (8 bytes).
150202 21:39:38 13482 Xrd: ReadPartialAnswer: Failed to read msg from connmgr (server [cms-xrd-global.cern.ch:1094]). Retrying ...
150202 21:39:41 28488 Xrd: XrdClientMessage::ReadRaw: Failed to read header (8 bytes).
150202 21:40:09 13482 Xrd: CheckErrorStatus: Server [llrxrd-redir.in2p3.fr:1094] declared: session not found(error code: 3011)
02-Feb-2015 21:40:09 GMT  Successfully opened file root://xrootd.unl.edu//store/group/dpg_trigger/comm_trigger/L1TrackTrigger/620_SLHC10/Extended2023TTI/MinBias/MinBias_TuneZ2star_GEN_SIM_153.root
150202 21:44:06 31861 Xrd: XrdClientMessage::ReadRaw: Failed to read header (8 bytes).
150202 21:45:35 21580 Xrd: XrdClientMessage::ReadRaw: Failed to read header (8 bytes).
02-Feb-2015 21:48:00 GMT  Closed file root://xrootd.unl.edu//store/group/dpg_trigger/comm_trigger/L1TrackTrigger/620_SLHC10/Extended2023TTI/MinBias/MinBias_TuneZ2star_GEN_SIM_153.root
02-Feb-2015 21:48:00 GMT  Initiating request to open file root://xrootd.unl.edu//store/group/dpg_trigger/comm_trigger/L1TrackTrigger/620_SLHC10/Extended2023TTI/MinBias/MinBias_TuneZ2star_GEN_SIM_755.root
150202 21:48:30 31963 Xrd: CheckErrorStatus: Server [cms-xrd-global.cern.ch:1094] declared: session not found(error code: 3011)
150202 21:48:30 31963 Xrd: CheckErrorStatus: Server [xrootd-redic.pi.infn.it:1094] declared: session not found(error code: 3011)
02-Feb-2015 21:48:30 GMT  Successfully opened file root://xrootd.unl.edu//store/group/dpg_trigger/comm_trigger/L1TrackTrigger/620_SLHC10/Extended2023TTI/MinBias/MinBias_TuneZ2star_GEN_SIM_755.root
150202 21:53:06 21581 Xrd: XrdClientMessage::ReadRaw: Failed to read header (8 bytes).
150202 21:53:36 32566 Xrd: XrdClientMessage::ReadRaw: Failed to read header (8 bytes).
02-Feb-2015 21:56:54 GMT  Closed file root://xrootd.unl.edu//store/group/dpg_trigger/comm_trigger/L1TrackTrigger/620_SLHC10/Extended2023TTI/MinBias/MinBias_TuneZ2star_GEN_SIM_755.root
02-Feb-2015 21:56:54 GMT  Initiating request to open file root://xrootd.unl.edu//store/group/dpg_trigger/comm_trigger/L1TrackTrigger/620_SLHC10/Extended2023TTI/MinBias/MinBias_TuneZ2star_GEN_SIM_836.root
150202 21:57:24 12484 Xrd: CheckErrorStatus: Server [llrxrd-redir.in2p3.fr:1094] declared: session not found(error code: 3011)
02-Feb-2015 21:57:25 GMT  Successfully opened file root://xrootd.unl.edu//store/group/dpg_trigger/comm_trigger/L1TrackTrigger/620_SLHC10/Extended2023TTI/MinBias/MinBias_TuneZ2star_GEN_SIM_836.root
150202 22:02:05 32567 Xrd: XrdClientMessage::ReadRaw: Failed to read header (8 bytes).
150202 22:02:35 13299 Xrd: XrdClientMessage::ReadRaw: Failed to read header (8 bytes).
02-Feb-2015 22:03:15 GMT  Closed file root://xrootd.unl.edu//store/group/dpg_trigger/comm_trigger/L1TrackTrigger/620_SLHC10/Extended2023TTI/MinBias/MinBias_TuneZ2star_GEN_SIM_836.root
02-Feb-2015 22:03:15 GMT  Initiating request to open file root://xrootd.unl.edu//store/group/dpg_trigger/comm_trigger/L1TrackTrigger/620_SLHC10/Extended2023TTI/MinBias/MinBias_TuneZ2star_GEN_SIM_635.root
150202 22:08:35 13300 Xrd: XrdClientMessage::ReadRaw: Failed to read header (8 bytes).
150202 22:08:36 32565 Xrd: XrdClientMessage::ReadRaw: Failed to read header (8 bytes).
150202 22:10:45 21006 Xrd: CheckErrorStatus: Server [cms-xrd-global.cern.ch:1094] declared: session not found(error code: 3011)
150202 22:10:46 21006 Xrd: CheckErrorStatus: Server [xrootd.ba.infn.it:1094] declared: session not found(error code: 3011)
02-Feb-2015 22:10:46 GMT  Successfully opened file root://xrootd.unl.edu//store/group/dpg_trigger/comm_trigger/L1TrackTrigger/620_SLHC10/Extended2023TTI/MinBias/MinBias_TuneZ2star_GEN_SIM_635.root
150202 22:16:05 30693 Xrd: XrdClientMessage::ReadRaw: Failed to read header (8 bytes).
02-Feb-2015 22:16:32 GMT  Closed file root://xrootd.unl.edu//store/group/dpg_trigger/comm_trigger/L1TrackTrigger/620_SLHC10/Extended2023TTI/MinBias/MinBias_TuneZ2star_GEN_SIM_635.root
02-Feb-2015 22:16:32 GMT  Initiating request to open file root://xrootd.unl.edu//store/group/dpg_trigger/comm_trigger/L1TrackTrigger/620_SLHC10/Extended2023TTI/MinBias/MinBias_TuneZ2star_GEN_SIM_578.root
150202 22:17:35 21579 Xrd: XrdClientMessage::ReadRaw: Failed to read header (8 bytes).
150202 22:21:35 30696 Xrd: XrdClientMessage::ReadRaw: Failed to read header (8 bytes).
150202 22:24:33 5523 Xrd: CheckErrorStatus: Server [xrootd.ba.infn.it:1094] declared: session not found(error code: 3011)
02-Feb-2015 22:24:33 GMT  Successfully opened file root://xrootd.unl.edu//store/group/dpg_trigger/comm_trigger/L1TrackTrigger/620_SLHC10/Extended2023TTI/MinBias/MinBias_TuneZ2star_GEN_SIM_578.root
02-Feb-2015 22:29:19 GMT  Closed file root://xrootd.unl.edu//store/group/dpg_trigger/comm_trigger/L1TrackTrigger/620_SLHC10/Extended2023TTI/MinBias/MinBias_TuneZ2star_GEN_SIM_578.root
02-Feb-2015 22:29:19 GMT  Initiating request to open file root://xrootd.unl.edu//store/group/dpg_trigger/comm_trigger/L1TrackTrigger/620_SLHC10/Extended2023TTI/MinBias/MinBias_TuneZ2star_GEN_SIM_263.root
150202 22:29:36 14341 Xrd: XrdClientMessage::ReadRaw: Failed to read header (8 bytes).
150202 22:29:50 19788 Xrd: CheckErrorStatus: Server [xrootd.ba.infn.it:1094] declared: session not found(error code: 3011)
02-Feb-2015 22:29:50 GMT  Successfully opened file root://xrootd.unl.edu//store/group/dpg_trigger/comm_trigger/L1TrackTrigger/620_SLHC10/Extended2023TTI/MinBias/MinBias_TuneZ2star_GEN_SIM_263.root
02-Feb-2015 22:34:22 GMT  Closed file root://xrootd.unl.edu//store/group/dpg_trigger/comm_trigger/L1TrackTrigger/620_SLHC10/Extended2023TTI/MinBias/MinBias_TuneZ2star_GEN_SIM_263.root
02-Feb-2015 22:34:22 GMT  Initiating request to open file root://xrootd.unl.edu//store/group/dpg_trigger/comm_trigger/L1TrackTrigger/620_SLHC10/Extended2023TTI/MinBias/MinBias_TuneZ2star_GEN_SIM_522.root
150202 22:34:22 14342 Xrd: XrdClientMessage::ReadRaw: Failed to read header (8 bytes).
02-Feb-2015 22:34:42 GMT  Successfully opened file root://xrootd.unl.edu//store/group/dpg_trigger/comm_trigger/L1TrackTrigger/620_SLHC10/Extended2023TTI/MinBias/MinBias_TuneZ2star_GEN_SIM_522.root
150202 22:39:36 20154 Xrd: XrdClientMessage::ReadRaw: Failed to read header (8 bytes).
150202 22:40:05 20153 Xrd: XrdClientMessage::ReadRaw: Failed to read header (8 bytes).
02-Feb-2015 22:41:21 GMT  Closed file root://xrootd.unl.edu//store/group/dpg_trigger/comm_trigger/L1TrackTrigger/620_SLHC10/Extended2023TTI/MinBias/MinBias_TuneZ2star_GEN_SIM_522.root
02-Feb-2015 22:41:21 GMT  Initiating request to open file root://xrootd.unl.edu//store/group/dpg_trigger/comm_trigger/L1TrackTrigger/620_SLHC10/Extended2023TTI/MinBias/MinBias_TuneZ2star_GEN_SIM_132.root
150202 22:41:52 30685 Xrd: CheckErrorStatus: Server [xrootd.ba.infn.it:1094] declared: session not found(error code: 3011)
02-Feb-2015 22:41:52 GMT  Successfully opened file root://xrootd.unl.edu//store/group/dpg_trigger/comm_trigger/L1TrackTrigger/620_SLHC10/Extended2023TTI/MinBias/MinBias_TuneZ2star_GEN_SIM_132.root
02-Feb-2015 22:45:28 GMT  Closed file root://xrootd.unl.edu//store/group/dpg_trigger/comm_trigger/L1TrackTrigger/620_SLHC10/Extended2023TTI/MinBias/MinBias_TuneZ2star_GEN_SIM_132.root
02-Feb-2015 22:45:28 GMT  Initiating request to open file root://xrootd.unl.edu//store/group/dpg_trigger/comm_trigger/L1TrackTrigger/620_SLHC10/Extended2023TTI/MinBias/MinBias_TuneZ2star_GEN_SIM_343.root
02-Feb-2015 22:45:59 GMT  Successfully opened file root://xrootd.unl.edu//store/group/dpg_trigger/comm_trigger/L1TrackTrigger/620_SLHC10/Extended2023TTI/MinBias/MinBias_TuneZ2star_GEN_SIM_343.root
150202 22:46:35 24505 Xrd: XrdClientMessage::ReadRaw: Failed to read header (8 bytes).
02-Feb-2015 22:49:23 GMT  Closed file root://xrootd.unl.edu//store/group/dpg_trigger/comm_trigger/L1TrackTrigger/620_SLHC10/Extended2023TTI/MinBias/MinBias_TuneZ2star_GEN_SIM_343.root
02-Feb-2015 22:49:23 GMT  Initiating request to open file root://xrootd.unl.edu//store/group/dpg_trigger/comm_trigger/L1TrackTrigger/620_SLHC10/Extended2023TTI/MinBias/MinBias_TuneZ2star_GEN_SIM_117.root
02-Feb-2015 22:49:54 GMT  Successfully opened file root://xrootd.unl.edu//store/group/dpg_trigger/comm_trigger/L1TrackTrigger/620_SLHC10/Extended2023TTI/MinBias/MinBias_TuneZ2star_GEN_SIM_117.root
150202 22:50:35 31072 Xrd: XrdClientMessage::ReadRaw: Failed to read header (8 bytes).
02-Feb-2015 22:52:37 GMT  Closed file root://xrootd.unl.edu//store/group/dpg_trigger/comm_trigger/L1TrackTrigger/620_SLHC10/Extended2023TTI/MinBias/MinBias_TuneZ2star_GEN_SIM_117.root
02-Feb-2015 22:52:37 GMT  Initiating request to open file root://xrootd.unl.edu//store/group/dpg_trigger/comm_trigger/L1TrackTrigger/620_SLHC10/Extended2023TTI/MinBias/MinBias_TuneZ2star_GEN_SIM_590.root
150202 22:53:08 8047 Xrd: CheckErrorStatus: Server [cms-xrd-global.cern.ch:1094] declared: session not found(error code: 3011)
150202 22:53:08 8047 Xrd: CheckErrorStatus: Server [eoscms.cern.ch:1094] declared: session not found(error code: 3011)
02-Feb-2015 22:53:09 GMT  Successfully opened file root://xrootd.unl.edu//store/group/dpg_trigger/comm_trigger/L1TrackTrigger/620_SLHC10/Extended2023TTI/MinBias/MinBias_TuneZ2star_GEN_SIM_590.root
150202 22:54:36 2092 Xrd: XrdClientMessage::ReadRaw: Failed to read header (8 bytes).
02-Feb-2015 22:56:21 GMT  Closed file root://xrootd.unl.edu//store/group/dpg_trigger/comm_trigger/L1TrackTrigger/620_SLHC10/Extended2023TTI/MinBias/MinBias_TuneZ2star_GEN_SIM_590.root
02-Feb-2015 22:56:21 GMT  Initiating request to open file root://xrootd.unl.edu//store/group/dpg_trigger/comm_trigger/L1TrackTrigger/620_SLHC10/Extended2023TTI/MinBias/MinBias_TuneZ2star_GEN_SIM_942.root
150202 22:56:42 12100 Xrd: CheckErrorStatus: Server [cms-xrd-global.cern.ch:1094] declared: session not found(error code: 3011)
02-Feb-2015 22:56:42 GMT  Successfully opened file root://xrootd.unl.edu//store/group/dpg_trigger/comm_trigger/L1TrackTrigger/620_SLHC10/Extended2023TTI/MinBias/MinBias_TuneZ2star_GEN_SIM_942.root
150202 22:58:05 5702 Xrd: XrdClientMessage::ReadRaw: Failed to read header (8 bytes).
02-Feb-2015 22:58:57 GMT  Closed file root://xrootd.unl.edu//store/group/dpg_trigger/comm_trigger/L1TrackTrigger/620_SLHC10/Extended2023TTI/MinBias/MinBias_TuneZ2star_GEN_SIM_942.root
02-Feb-2015 22:58:57 GMT  Initiating request to open file root://xrootd.unl.edu//store/group/dpg_trigger/comm_trigger/L1TrackTrigger/620_SLHC10/Extended2023TTI/MinBias/MinBias_TuneZ2star_GEN_SIM_137.root
02-Feb-2015 22:59:29 GMT  Successfully opened file root://xrootd.unl.edu//store/group/dpg_trigger/comm_trigger/L1TrackTrigger/620_SLHC10/Extended2023TTI/MinBias/MinBias_TuneZ2star_GEN_SIM_137.root
150202 23:01:35 8347 Xrd: XrdClientMessage::ReadRaw: Failed to read header (8 bytes).
02-Feb-2015 23:02:03 GMT  Closed file root://xrootd.unl.edu//store/group/dpg_trigger/comm_trigger/L1TrackTrigger/620_SLHC10/Extended2023TTI/MinBias/MinBias_TuneZ2star_GEN_SIM_137.root
02-Feb-2015 23:02:03 GMT  Initiating request to open file root://xrootd.unl.edu//store/group/dpg_trigger/comm_trigger/L1TrackTrigger/620_SLHC10/Extended2023TTI/MinBias/MinBias_TuneZ2star_GEN_SIM_518.root
02-Feb-2015 23:02:34 GMT  Successfully opened file root://xrootd.unl.edu//store/group/dpg_trigger/comm_trigger/L1TrackTrigger/620_SLHC10/Extended2023TTI/MinBias/MinBias_TuneZ2star_GEN_SIM_518.root
02-Feb-2015 23:04:25 GMT  Closed file root://xrootd.unl.edu//store/group/dpg_trigger/comm_trigger/L1TrackTrigger/620_SLHC10/Extended2023TTI/MinBias/MinBias_TuneZ2star_GEN_SIM_518.root
02-Feb-2015 23:04:25 GMT  Initiating request to open file root://xrootd.unl.edu//store/group/dpg_trigger/comm_trigger/L1TrackTrigger/620_SLHC10/Extended2023TTI/MinBias/MinBias_TuneZ2star_GEN_SIM_17.root
02-Feb-2015 23:04:56 GMT  Successfully opened file root://xrootd.unl.edu//store/group/dpg_trigger/comm_trigger/L1TrackTrigger/620_SLHC10/Extended2023TTI/MinBias/MinBias_TuneZ2star_GEN_SIM_17.root
150202 23:07:05 15152 Xrd: XrdClientMessage::ReadRaw: Failed to read header (8 bytes).
02-Feb-2015 23:07:07 GMT  Closed file root://xrootd.unl.edu//store/group/dpg_trigger/comm_trigger/L1TrackTrigger/620_SLHC10/Extended2023TTI/MinBias/MinBias_TuneZ2star_GEN_SIM_17.root
02-Feb-2015 23:07:07 GMT  Initiating request to open file root://xrootd.unl.edu//store/group/dpg_trigger/comm_trigger/L1TrackTrigger/620_SLHC10/Extended2023TTI/MinBias/MinBias_TuneZ2star_GEN_SIM_255.root
02-Feb-2015 23:07:38 GMT  Successfully opened file root://xrootd.unl.edu//store/group/dpg_trigger/comm_trigger/L1TrackTrigger/620_SLHC10/Extended2023TTI/MinBias/MinBias_TuneZ2star_GEN_SIM_255.root
150202 23:09:36 12693 Xrd: XrdClientMessage::ReadRaw: Failed to read header (8 bytes).
02-Feb-2015 23:09:53 GMT  Closed file root://xrootd.unl.edu//store/group/dpg_trigger/comm_trigger/L1TrackTrigger/620_SLHC10/Extended2023TTI/MinBias/MinBias_TuneZ2star_GEN_SIM_255.root
02-Feb-2015 23:09:53 GMT  Initiating request to open file root://xrootd.unl.edu//store/group/dpg_trigger/comm_trigger/L1TrackTrigger/620_SLHC10/Extended2023TTI/MinBias/MinBias_TuneZ2star_GEN_SIM_803.root
150202 23:10:06 30689 Xrd: XrdClientMessage::ReadRaw: Failed to read header (8 bytes).
150202 23:10:38 23430 Xrd: CheckErrorStatus: Server [cms-xrd-global.cern.ch:1094] declared: session not found(error code: 3011)
02-Feb-2015 23:10:40 GMT  Successfully opened file root://xrootd.unl.edu//store/group/dpg_trigger/comm_trigger/L1TrackTrigger/620_SLHC10/Extended2023TTI/MinBias/MinBias_TuneZ2star_GEN_SIM_803.root
02-Feb-2015 23:12:35 GMT  Closed file root://xrootd.unl.edu//store/group/dpg_trigger/comm_trigger/L1TrackTrigger/620_SLHC10/Extended2023TTI/MinBias/MinBias_TuneZ2star_GEN_SIM_803.root
02-Feb-2015 23:12:35 GMT  Initiating request to open file root://xrootd.unl.edu//store/group/dpg_trigger/comm_trigger/L1TrackTrigger/620_SLHC10/Extended2023TTI/MinBias/MinBias_TuneZ2star_GEN_SIM_621.root
150202 23:12:35 19465 Xrd: XrdClientMessage::ReadRaw: Failed to read header (8 bytes).
02-Feb-2015 23:13:06 GMT  Successfully opened file root://xrootd.unl.edu//store/group/dpg_trigger/comm_trigger/L1TrackTrigger/620_SLHC10/Extended2023TTI/MinBias/MinBias_TuneZ2star_GEN_SIM_621.root
02-Feb-2015 23:13:57 GMT  Closed file root://dcap.pp.rl.ac.uk:1094/pnfs/pp.rl.ac.uk/data/cms/store/user/dcieri/ttbar_SIM/ttbar/ttbar_SIM/150129_145223/0000/step1_443.root
02-Feb-2015 23:13:57 GMT  Closed file root://xrootd.unl.edu//store/group/dpg_trigger/comm_trigger/L1TrackTrigger/620_SLHC10/Extended2023TTI/MinBias/MinBias_TuneZ2star_GEN_SIM_621.root

=============================================

MessageLogger Summary

 type     category        sev    module        subroutine        count    total
 ---- -------------------- -- ---------------- ----------------  -----    -----
    1 fileAction           -s MixingModule:mix                      69       69
    2 fileAction           -s MixingModule:mix                       2        2
    3 fileAction           -s MixingModule:mix                       1        1
    4 fileAction           -s file_close                             1        1
    5 fileAction           -s file_open                              2        2

 type    category    Examples: run/evt        run/evt          run/evt
 ---- -------------------- ---------------- ---------------- ----------------
    1 fileAction           1/4421           1/4421           1/4430
    2 fileAction           pre-events       pre-events       
    3 fileAction           PostEndRun                        
    4 fileAction           PostEndRun                        
    5 fileAction           pre-events       pre-events       

Severity    # Occurrences   Total Occurrences
--------    -------------   -----------------
System                 75                  75
>>> END OF printout of 215 lines from stdout+stderr
>>> Parse FrameworkJobReport crab_fjr.xml
Result of parsing the FrameworkJobReport crab_fjr.xml: 
Extracted ExitStatus from FrameworkJobReport parsing output: 0
>>> Executable succeded  0
ExeExitCode=0
EXECUTABLE_EXIT_STATUS = 0
>>> current directory /scratch/condor/dir_18346/glide_LW7Bq1/execute/dir_25521/CMSSW_6_2_0_SLHC12
>>>  (SOFTWARE_DIR): /scratch/condor/dir_18346/glide_LW7Bq1/execute/dir_25521/CMSSW_6_2_0_SLHC12
>>> (WORKING_DIR): 
>>> current directory content:
total 244952
drwxr-xr-x 3 cms415 gplcms      4096 Feb  2 20:37 .SCRAM
-rw------- 1 cms415 gplcms    915837 Feb  2 20:37 CMSSW.py.pkl
drwxr-xr-x 3 cms415 gplcms      4096 Feb  2 20:37 bin
drwxr-xr-x 3 cms415 gplcms      4096 Feb  2 20:37 cfipython
drwxr-xr-x 4 cms415 gplcms      4096 Apr 28  2014 config
-rw------- 1 cms415 gplcms        16 Feb  2 23:13 cpu_timing.txt
drwxr-xr-x 2 cms415 gplcms      4096 Feb  2 20:37 doc
-rw------- 1 cms415 gplcms     24288 Feb  2 23:13 executable.out
drwxr-xr-x 2 cms415 gplcms      4096 Feb  2 20:37 include
drwx------ 3 cms415 gplcms      4096 Oct  7 10:12 lib
drwxr-xr-x 3 cms415 gplcms      4096 Feb  2 20:37 logs
drwxr-xr-x 3 cms415 gplcms      4096 Feb  2 20:37 objs
-rw------- 1 cms415 gplcms       104 Feb  2 20:37 pset.py
-rw------- 1 cms415 gplcms    926824 Feb  2 20:37 pset.py.pkl
-rw------- 1 cms415 gplcms       289 Feb  2 20:37 pset.pyc
drwxr-xr-x 2 cms415 gplcms      4096 Feb  2 20:37 python
-rw------- 1 cms415 gplcms       359 Feb  2 23:13 report.log
drwxr-xr-x 2 cms415 gplcms      4096 Feb  2 20:37 src
-rw------- 1 cms415 gplcms 248631199 Feb  2 23:13 step2.root
drwxr-xr-x 3 cms415 gplcms      4096 Feb  2 20:37 test
drwxr-xr-x 3 cms415 gplcms      4096 Feb  2 20:37 tmp
>>> current directory /scratch/condor/dir_18346/glide_LW7Bq1/execute/dir_25521/CMSSW_6_2_0_SLHC12
>>> (SOFTWARE_DIR): /scratch/condor/dir_18346/glide_LW7Bq1/execute/dir_25521/CMSSW_6_2_0_SLHC12
>>> (WORKING_DIR): 
>>> current directory content:
total 244952
drwxr-xr-x 3 cms415 gplcms      4096 Feb  2 20:37 .SCRAM
-rw------- 1 cms415 gplcms    915837 Feb  2 20:37 CMSSW.py.pkl
drwxr-xr-x 3 cms415 gplcms      4096 Feb  2 20:37 bin
drwxr-xr-x 3 cms415 gplcms      4096 Feb  2 20:37 cfipython
drwxr-xr-x 4 cms415 gplcms      4096 Apr 28  2014 config
-rw------- 1 cms415 gplcms        16 Feb  2 23:13 cpu_timing.txt
drwxr-xr-x 2 cms415 gplcms      4096 Feb  2 20:37 doc
-rw------- 1 cms415 gplcms     24288 Feb  2 23:13 executable.out
drwxr-xr-x 2 cms415 gplcms      4096 Feb  2 20:37 include
drwx------ 3 cms415 gplcms      4096 Oct  7 10:12 lib
drwxr-xr-x 3 cms415 gplcms      4096 Feb  2 20:37 logs
drwxr-xr-x 3 cms415 gplcms      4096 Feb  2 20:37 objs
-rw------- 1 cms415 gplcms       104 Feb  2 20:37 pset.py
-rw------- 1 cms415 gplcms    926824 Feb  2 20:37 pset.py.pkl
-rw------- 1 cms415 gplcms       289 Feb  2 20:37 pset.pyc
drwxr-xr-x 2 cms415 gplcms      4096 Feb  2 20:37 python
-rw------- 1 cms415 gplcms       359 Feb  2 23:13 report.log
drwxr-xr-x 2 cms415 gplcms      4096 Feb  2 20:37 src
-rw------- 1 cms415 gplcms 248631199 Feb  2 23:13 step2_361_1_H24.root
drwxr-xr-x 3 cms415 gplcms      4096 Feb  2 20:37 test
drwxr-xr-x 3 cms415 gplcms      4096 Feb  2 20:37 tmp
>>> current directory (RUNTIME_AREA):  /scratch/condor/dir_18346/glide_LW7Bq1/execute/dir_25521
PNN = T2_UK_SGrid_RALPP
SE = heplnx204.pp.rl.ac.uk
SE_PATH = /srm/managerv2?SFN=/pnfs/pp.rl.ac.uk/data/cms/store/user/dcieri/ttbar_PU140_DIGI/dcieri/ttbar/ttbar_PU140_DIGI/3c0380cf82de79bc39966c93934c61fc/
LFNBaseName = /store/user/dcieri/ttbar_PU140_DIGI/dcieri/ttbar/ttbar_PU140_DIGI/3c0380cf82de79bc39966c93934c61fc/
USER = dcieri
endpoint = srm://heplnx204.pp.rl.ac.uk:8443/srm/managerv2?SFN=/pnfs/pp.rl.ac.uk/data/cms/store/user/dcieri/ttbar_PU140_DIGI/dcieri/ttbar/ttbar_PU140_DIGI/3c0380cf82de79bc39966c93934c61fc/
>>> Copy output files from WN = heplnc369.pp.rl.ac.uk to /srm/managerv2?SFN=/pnfs/pp.rl.ac.uk/data/cms/store/user/dcieri/ttbar_PU140_DIGI/dcieri/ttbar/ttbar_PU140_DIGI/3c0380cf82de79bc39966c93934c61fc/ :
python cmscp.py  --destination srm://heplnx204.pp.rl.ac.uk:8443/srm/managerv2?SFN=/pnfs/pp.rl.ac.uk/data/cms/store/user/dcieri/ttbar_PU140_DIGI/dcieri/ttbar/ttbar_PU140_DIGI/3c0380cf82de79bc39966c93934c61fc/ --inputFileList /scratch/condor/dir_18346/glide_LW7Bq1/execute/dir_25521/CMSSW_6_2_0_SLHC12/step2_361_1_H24.root --middleware LCG --PNN T2_UK_SGrid_RALPP --se_name heplnx204.pp.rl.ac.uk --for_lfn /store/user/dcieri/ttbar_PU140_DIGI/dcieri/ttbar/ttbar_PU140_DIGI/3c0380cf82de79bc39966c93934c61fc/    
******************************************************
localSeName  =  heplnx204.pp.rl.ac.uk
remoteSeName =  heplnx204.pp.rl.ac.uk
******************************************************
{"/scratch/condor/dir_18346/glide_LW7Bq1/execute/dir_25521/CMSSW_6_2_0_SLHC12/step2_361_1_H24.root": {"endpoint": "srm://heplnx204.pp.rl.ac.uk:8443/srm/managerv2?SFN=/pnfs/pp.rl.ac.uk/data/cms/store/user/dcieri/ttbar_PU140_DIGI/dcieri/ttbar/ttbar_PU140_DIGI/3c0380cf82de79bc39966c93934c61fc/", "surl_for_grid": "", "reason": "Copy succedeed with srm-lcg utils", "erCode": "0", "PNN": "T2_UK_SGrid_RALPP", "se_name": "heplnx204.pp.rl.ac.uk", "for_lfn": "/store/user/dcieri/ttbar_PU140_DIGI/dcieri/ttbar/ttbar_PU140_DIGI/3c0380cf82de79bc39966c93934c61fc/"}}/scratch/condor/dir_18346/glide_LW7Bq1/execute/dir_25521
-------- cat /scratch/condor/dir_18346/glide_LW7Bq1/execute/dir_25521/cmscpReport.sh 
#!/bin/bash
echo "Report for File: /scratch/condor/dir_18346/glide_LW7Bq1/execute/dir_25521/CMSSW_6_2_0_SLHC12/step2_361_1_H24.root"
echo "LFN: /store/user/dcieri/ttbar_PU140_DIGI/dcieri/ttbar/ttbar_PU140_DIGI/3c0380cf82de79bc39966c93934c61fc/step2_361_1_H24.root"
echo "StorageElement: heplnx204.pp.rl.ac.uk"
echo "StageOutExitStatusReason = 'Copy succedeed with srm-lcg utils'" | tee -a $RUNTIME_AREA/$repo
echo "StageOutSE = heplnx204.pp.rl.ac.uk" >> $RUNTIME_AREA/$repo

export StageOutExitStatus=0
echo "StageOutExitStatus = 0" | tee -a $RUNTIME_AREA/$repo
-------- end of /scratch/condor/dir_18346/glide_LW7Bq1/execute/dir_25521/cmscpReport.sh 
Report for File: /scratch/condor/dir_18346/glide_LW7Bq1/execute/dir_25521/CMSSW_6_2_0_SLHC12/step2_361_1_H24.root
LFN: /store/user/dcieri/ttbar_PU140_DIGI/dcieri/ttbar/ttbar_PU140_DIGI/3c0380cf82de79bc39966c93934c61fc/step2_361_1_H24.root
StorageElement: heplnx204.pp.rl.ac.uk
StageOutExitStatusReason = 'Copy succedeed with srm-lcg utils'
StageOutExitStatus = 0
>>> current dir: /scratch/condor/dir_18346/glide_LW7Bq1/execute/dir_25521
>>> current dir content:
total 8832
-rw-------  1 cms415 gplcms    6063 Feb  2 23:15 .SEinteraction.log
-rwx------  1 cms415 gplcms      52 Feb  2 20:36 .chirp_config
-rwx------  1 cms415 gplcms    7820 Feb  2 20:36 .job.ad
-rwx------  1 cms415 gplcms    9776 Feb  2 20:36 .machine.ad
-rw-------  1 cms415 gplcms     105 Feb  2 12:16 CMSSW.py
-rw-------  1 cms415 gplcms  915837 Feb  2 12:16 CMSSW.py.pkl
-rwx------  1 cms415 gplcms   29498 Feb  2 20:37 CMSSW.sh
drwxr-xr-x 15 cms415 gplcms    4096 Feb  2 23:14 CMSSW_6_2_0_SLHC12
-rw-------  1 cms415 gplcms     190 Feb  2 20:37 CacheEnv.sh
-rw-------  1 cms415 gplcms    7291 Nov 19 14:52 DashboardAPI.py
-rw-------  1 cms415 gplcms    6470 Feb  2 20:37 DashboardAPI.pyc
drwx------  2 cms415 gplcms    4096 Feb  2 23:14 IMProv
-rw-------  1 cms415 gplcms    2748 Nov 19 14:52 Logger.py
-rw-------  1 cms415 gplcms    3232 Feb  2 20:37 Logger.pyc
-rw-------  1 cms415 gplcms   24524 Nov 19 14:52 ProcInfo.py
-rw-------  1 cms415 gplcms   22645 Feb  2 20:37 ProcInfo.pyc
drwx------  7 cms415 gplcms    4096 Feb  2 20:37 ProdCommon
drwx------  3 cms415 gplcms    4096 Feb  2 20:37 WMCore
-rw-------  1 cms415 gplcms   13566 Feb  2 23:13 Watchdog_361.log
-rwx------  1 cms415 gplcms       0 Feb  2 20:37 _condor_stderr
-rwx---r--  1 cms415 gplcms   39063 Feb  2 23:15 _condor_stdout
-rw-------  1 cms415 gplcms   32895 Nov 19 14:52 apmon.py
-rw-------  1 cms415 gplcms   27958 Feb  2 20:37 apmon.pyc
-rwx------  1 cms415 gplcms  134309 Feb  2 20:37 arguments.xml
-rwx------  1 cms415 gplcms   38581 Nov 19 14:52 cmscp.py
-rw-------  1 cms415 gplcms     562 Feb  2 23:15 cmscpReport.sh
-rwx------  1 cms415 gplcms   29498 Feb  2 20:37 condor_exec.exe
-rw-------  1 cms415 gplcms     544 Feb  2 12:16 crab.cfg
-rwx------  1 cms415 gplcms    8610 Nov 19 14:52 crabWatchdog.sh
-rwx---r--  1 cms415 gplcms  112093 Feb  2 23:13 crab_fjr_361.xml
-rwx------  1 cms415 gplcms 7390485 Feb  2 20:37 default.tgz
-rwx------  1 cms415 gplcms    4488 Nov 19 14:52 fillCrabFjr.py
-rw-------  1 cms415 gplcms     226 Feb  2 20:37 inputsReport.txt
-rw-------  1 cms415 gplcms     244 Feb  2 23:15 jobreport.txt
-rw-------  1 cms415 gplcms   17352 Nov 19 14:52 parseCrabFjr.py
-rw-------  1 cms415 gplcms     324 Feb  2 20:37 report.log
-rwx--x--x  1 cms415 gplcms    1497 Nov 19 14:52 report.py
-rw-------  1 cms415 gplcms     555 Feb  2 23:15 resultCopyFile
lrwxrwxrwx  1 cms415 gplcms      96 Feb  2 23:14 step2.root -> /scratch/condor/dir_18346/glide_LW7Bq1/execute/dir_25521/CMSSW_6_2_0_SLHC12/step2_361_1_H24.root
-rwx------  1 cms415 gplcms    8351 Nov 19 14:52 writeCfg.py
-rw-------  1 cms415 gplcms   10293 Feb  2 20:36 x509up_u62281
>>> Modify Job Report:
CMSSW_VERSION = CMSSW_6_2_0_SLHC12
ProcessedDataset = ttbar_PU140_DIGI
/scratch/condor/dir_18346/glide_LW7Bq1/execute/dir_25521/ProdCommon/FwkJobRep/ModifyJobReport.py fjr /scratch/condor/dir_18346/glide_LW7Bq1/execute/dir_25521/crab_fjr_361.xml json /scratch/condor/dir_18346/glide_LW7Bq1/execute/dir_25521/resultCopyFile n_job 361_1_H24 PrimaryDataset ttbar  ApplicationFamily cmsRun ApplicationName cmsRun cmssw_version CMSSW_6_2_0_SLHC12 psethash 3c0380cf82de79bc39966c93934c61fc UserProcessedDataset dcieri-ttbar_PU140_DIGI-3c0380cf82de79bc39966c93934c61fc
inputDict =  {u'/scratch/condor/dir_18346/glide_LW7Bq1/execute/dir_25521/CMSSW_6_2_0_SLHC12/step2_361_1_H24.root': {u'endpoint': u'srm://heplnx204.pp.rl.ac.uk:8443/srm/managerv2?SFN=/pnfs/pp.rl.ac.uk/data/cms/store/user/dcieri/ttbar_PU140_DIGI/dcieri/ttbar/ttbar_PU140_DIGI/3c0380cf82de79bc39966c93934c61fc/', u'surl_for_grid': u'', u'reason': u'Copy succedeed with srm-lcg utils', u'erCode': u'0', u'PNN': u'T2_UK_SGrid_RALPP', u'se_name': u'heplnx204.pp.rl.ac.uk', u'for_lfn': u'/store/user/dcieri/ttbar_PU140_DIGI/dcieri/ttbar/ttbar_PU140_DIGI/3c0380cf82de79bc39966c93934c61fc/'}}
UserProcessedDataset =  dcieri-ttbar_PU140_DIGI-3c0380cf82de79bc39966c93934c61fc
WORKING ON EDM FILE
file_name in inputDict =  /scratch/condor/dir_18346/glide_LW7Bq1/execute/dir_25521/CMSSW_6_2_0_SLHC12/step2_361_1_H24.root
(size) os.stat(filename)[6] =  248631199
checksum =  2129994829
    file =  step2_361_1_H24.root
    newPfn =  srm://heplnx204.pp.rl.ac.uk:8443/srm/managerv2?SFN=/pnfs/pp.rl.ac.uk/data/cms/store/user/dcieri/ttbar_PU140_DIGI/dcieri/ttbar/ttbar_PU140_DIGI/3c0380cf82de79bc39966c93934c61fc/step2_361_1_H24.root
    newLfn =  /store/user/dcieri/ttbar_PU140_DIGI/dcieri/ttbar/ttbar_PU140_DIGI/3c0380cf82de79bc39966c93934c61fc/step2_361_1_H24.root
>>> crab_fjr_*.xml  permission set to 0704
CrabWrapper EXIT_FUNC entered at Mon Feb  2 23:15:27 GMT 2015   -  Mon Feb  2 23:15:27 UTC 2015
Checking output files:  
will tar file crab_fjr_361.xml in  out_files_361
WARNING: output file CMSSW_361.stdout not found!
WARNING: output file CMSSW_361.stderr not found!
WARNING: output file Watchdog_361.log.gz not found!
>>> padding time: Wrapper lasting more than 600 seconds. No sleep required.
STOPPING WATCHDOG. CrabWatchdog PID is 27138
********** LAST 50 LINES OF WATCHDOG LOG
 Feb 02 21:46:39 GMT	27273	1238268	1760008	96	213	4155	cmsRun -j /scratch/condor/dir_18346/glide_LW7Bq1/execute/dir_25521/crab_fjr_361.xml -p pset.py      
 Feb 02 21:47:39 GMT	27273	1238268	1762824	96	216	4216	cmsRun -j /scratch/condor/dir_18346/glide_LW7Bq1/execute/dir_25521/crab_fjr_361.xml -p pset.py      
 Feb 02 21:49:40 GMT	27273	1238268	1768204	96	221	4336	cmsRun -j /scratch/condor/dir_18346/glide_LW7Bq1/execute/dir_25521/crab_fjr_361.xml -p pset.py      
 Feb 02 21:50:40 GMT	27273	1253824	1783308	96	228	4396	cmsRun -j /scratch/condor/dir_18346/glide_LW7Bq1/execute/dir_25521/crab_fjr_361.xml -p pset.py      
 Feb 02 21:51:40 GMT	27273	1320512	1790732	96	234	4456	cmsRun -j /scratch/condor/dir_18346/glide_LW7Bq1/execute/dir_25521/crab_fjr_361.xml -p pset.py      
 Feb 02 21:52:40 GMT	27273	1324360	1791244	96	237	4517	cmsRun -j /scratch/condor/dir_18346/glide_LW7Bq1/execute/dir_25521/crab_fjr_361.xml -p pset.py      
 Feb 02 21:53:41 GMT	27273	1329064	1793036	96	240	4577	cmsRun -j /scratch/condor/dir_18346/glide_LW7Bq1/execute/dir_25521/crab_fjr_361.xml -p pset.py      
 Feb 02 21:54:41 GMT	27273	1332728	1793036	96	244	4637	cmsRun -j /scratch/condor/dir_18346/glide_LW7Bq1/execute/dir_25521/crab_fjr_361.xml -p pset.py      
 Feb 02 21:55:41 GMT	---	1332728	1793036	119	----	----	----
# TIME			PID	RSS(KB)	VSZ(KB)	Dsk(MB)	tCPU(s)	tWALL(s)	COMMAND
# TIME			PID	RSS(KB)	VSZ(KB)	Dsk(MB)	tCPU(s)	tWALL(s)	COMMAND
# TIME			PID	RSS(KB)	VSZ(KB)	Dsk(MB)	tCPU(s)	tWALL(s)	COMMAND
# TIME			PID	RSS(KB)	VSZ(KB)	Dsk(MB)	tCPU(s)	tWALL(s)	COMMAND
# TIME			PID	RSS(KB)	VSZ(KB)	Dsk(MB)	tCPU(s)	tWALL(s)	COMMAND
# TIME			PID	RSS(KB)	VSZ(KB)	Dsk(MB)	tCPU(s)	tWALL(s)	COMMAND
# TIME			PID	RSS(KB)	VSZ(KB)	Dsk(MB)	tCPU(s)	tWALL(s)	COMMAND
# TIME			PID	RSS(KB)	VSZ(KB)	Dsk(MB)	tCPU(s)	tWALL(s)	COMMAND
# TIME			PID	RSS(KB)	VSZ(KB)	Dsk(MB)	tCPU(s)	tWALL(s)	COMMAND
# TIME			PID	RSS(KB)	VSZ(KB)	Dsk(MB)	tCPU(s)	tWALL(s)	COMMAND
# TIME			PID	RSS(KB)	VSZ(KB)	Dsk(MB)	tCPU(s)	tWALL(s)	COMMAND
# TIME			PID	RSS(KB)	VSZ(KB)	Dsk(MB)	tCPU(s)	tWALL(s)	COMMAND
# TIME			PID	RSS(KB)	VSZ(KB)	Dsk(MB)	tCPU(s)	tWALL(s)	COMMAND
# TIME			PID	RSS(KB)	VSZ(KB)	Dsk(MB)	tCPU(s)	tWALL(s)	COMMAND
# TIME			PID	RSS(KB)	VSZ(KB)	Dsk(MB)	tCPU(s)	tWALL(s)	COMMAND
# TIME			PID	RSS(KB)	VSZ(KB)	Dsk(MB)	tCPU(s)	tWALL(s)	COMMAND
# TIME			PID	RSS(KB)	VSZ(KB)	Dsk(MB)	tCPU(s)	tWALL(s)	COMMAND
# TIME			PID	RSS(KB)	VSZ(KB)	Dsk(MB)	tCPU(s)	tWALL(s)	COMMAND
 Feb 02 22:13:45 GMT	27273	1332728	1809676	119	306	5782	cmsRun -j /scratch/condor/dir_18346/glide_LW7Bq1/execute/dir_25521/crab_fjr_361.xml -p pset.py      
 Feb 02 22:14:46 GMT	27273	1332728	1811724	119	310	5842	cmsRun -j /scratch/condor/dir_18346/glide_LW7Bq1/execute/dir_25521/crab_fjr_361.xml -p pset.py      
 Feb 02 22:15:46 GMT	27273	1332728	1814284	119	314	5902	cmsRun -j /scratch/condor/dir_18346/glide_LW7Bq1/execute/dir_25521/crab_fjr_361.xml -p pset.py      
 Feb 02 22:16:46 GMT	---	1332728	1814284	140	----	----	----
 Feb 02 22:36:50 GMT	27273	1332728	1833484	140	403	7166	cmsRun -j /scratch/condor/dir_18346/glide_LW7Bq1/execute/dir_25521/crab_fjr_361.xml -p pset.py      
 Feb 02 22:36:50 GMT	---	1332728	1833484	162	----	----	----
 Feb 02 22:42:52 GMT	27273	1332728	1835276	162	422	7528	cmsRun -j /scratch/condor/dir_18346/glide_LW7Bq1/execute/dir_25521/crab_fjr_361.xml -p pset.py      
 Feb 02 22:43:52 GMT	27273	1332728	1840652	162	429	7588	cmsRun -j /scratch/condor/dir_18346/glide_LW7Bq1/execute/dir_25521/crab_fjr_361.xml -p pset.py      
 Feb 02 22:44:52 GMT	27273	1332728	1849612	162	438	7648	cmsRun -j /scratch/condor/dir_18346/glide_LW7Bq1/execute/dir_25521/crab_fjr_361.xml -p pset.py      
 Feb 02 22:46:52 GMT	27273	1348652	1868300	162	455	7769	cmsRun -j /scratch/condor/dir_18346/glide_LW7Bq1/execute/dir_25521/crab_fjr_361.xml -p pset.py      
 Feb 02 22:47:53 GMT	---	1348652	1868300	184	----	----	----
 Feb 02 22:53:54 GMT	27273	1348652	1883404	184	513	8190	cmsRun -j /scratch/condor/dir_18346/glide_LW7Bq1/execute/dir_25521/crab_fjr_361.xml -p pset.py      
 Feb 02 22:54:54 GMT	27273	1380488	1898764	184	524	8250	cmsRun -j /scratch/condor/dir_18346/glide_LW7Bq1/execute/dir_25521/crab_fjr_361.xml -p pset.py      
 Feb 02 22:55:54 GMT	---	1380488	1898764	206	----	----	----
 Feb 02 22:58:55 GMT	27273	1380488	1902348	206	567	8491	cmsRun -j /scratch/condor/dir_18346/glide_LW7Bq1/execute/dir_25521/crab_fjr_361.xml -p pset.py      
 Feb 02 22:59:55 GMT	27273	1380488	1910796	206	572	8551	cmsRun -j /scratch/condor/dir_18346/glide_LW7Bq1/execute/dir_25521/crab_fjr_361.xml -p pset.py      
 Feb 02 23:00:55 GMT	27273	1395004	1933324	206	592	8611	cmsRun -j /scratch/condor/dir_18346/glide_LW7Bq1/execute/dir_25521/crab_fjr_361.xml -p pset.py      
 Feb 02 23:01:55 GMT	---	1395004	1933324	229	----	----	----
 Feb 02 23:05:56 GMT	27273	1395004	1952268	229	645	8912	cmsRun -j /scratch/condor/dir_18346/glide_LW7Bq1/execute/dir_25521/crab_fjr_361.xml -p pset.py      
 Feb 02 23:06:57 GMT	27273	1395004	1973004	229	662	8973	cmsRun -j /scratch/condor/dir_18346/glide_LW7Bq1/execute/dir_25521/crab_fjr_361.xml -p pset.py      
 Feb 02 23:07:57 GMT	27273	1485976	2031372	229	671	9033	cmsRun -j /scratch/condor/dir_18346/glide_LW7Bq1/execute/dir_25521/crab_fjr_361.xml -p pset.py      
 Feb 02 23:08:57 GMT	---	1485976	2031372	250	----	----	----
 Feb 02 23:13:58 GMT	---	1485976	2031372	275	----	----	----
********** WATCHDOG LOG ENDED
ZIPPING WATCHDOG LOG
Disk space used:
du -sh /scratch/condor/dir_18346/glide_LW7Bq1/execute/dir_25521
275M	/scratch/condor/dir_18346/glide_LW7Bq1/execute/dir_25521
Found unusual stdout, rename for OSB
`/scratch/condor/dir_18346/glide_LW7Bq1/execute/dir_25521/_condor_stdout' -> `CMSSW_361.stdout'
Found unusual stderr, rename for OSB
`/scratch/condor/dir_18346/glide_LW7Bq1/execute/dir_25521/_condor_stdout' -> `CMSSW_361.stderr'
crab_fjr_361.xml
CMSSW_361.stdout
CMSSW_361.stderr
Watchdog_361.log.gz
Total Output dimension: 24086
WARNING: output files size limit is set to: 50000000
Total Output dimension 24086 is fine.
JOB_EXIT_STATUS = 0
>>> info for dashboard:
***** Cat /scratch/condor/dir_18346/glide_LW7Bq1/execute/dir_25521/jobreport.txt *****
MonitorJobID=361_https://submit-6.t2.ucsd.edu//150202//509447.360
MonitorID=dcieri_PU140_4dm08r
ExeTime=9391
ExeExitCode=0
StageOutExitStatusReason = 'Copy succedeed with srm-lcg utils'
StageOutSE = heplnx204.pp.rl.ac.uk
StageOutExitStatus = 0
CrabUserCpuTime=727.04
CrabSysCpuTime=24.03
CrabCpuPercentage=7%
CrabWrapperTime=9486
CrabStageoutTime=84
JobExitCode=0
***** End Cat jobreport *****
Parameters sent to Dashboard.
EXITING at Mon Feb  2 23:15:29 GMT 2015  -  Mon Feb  2 23:15:29 UTC 2015
