This script was generated by crab (version 2.11.1_patch1).
Running /scratch/condor/dir_21648/glide_QjQjQG/execute/dir_11688/condor_exec.exe with 2 positional parameters: 440 1
Today is Mon Feb  2 21:23:32 GMT 2015 - Mon Feb  2 21:23:32 UTC 2015
Job submitted on host heplnc350.pp.rl.ac.uk
Linux heplnc350.pp.rl.ac.uk 2.6.32-504.3.3.el6.x86_64 #1 SMP Tue Dec 16 14:29:22 CST 2014 x86_64 x86_64 x86_64 GNU/Linux
Distributor ID:	Scientific
Description:	Scientific Linux release 6.6 (Carbon)
>>> current directory (RUNTIME_AREA): /scratch/condor/dir_21648/glide_QjQjQG/execute/dir_11688
>>> current user: uid=157415(cms415) gid=157000(gplcms) groups=157000(gplcms)
>>> directory permission set to 0700
>>> umask set to:  u=rwx,g=,o=
>>> stdout stderr permission set to 0704
>>> voms proxy information:
subject   : /DC=ch/DC=cern/OU=Organic Units/OU=Users/CN=dcieri/CN=755391/CN=Davide Cieri/CN=769881070/CN=584970910
issuer    : /DC=ch/DC=cern/OU=Organic Units/OU=Users/CN=dcieri/CN=755391/CN=Davide Cieri/CN=769881070
identity  : /DC=ch/DC=cern/OU=Organic Units/OU=Users/CN=dcieri/CN=755391/CN=Davide Cieri
type      : RFC3820 compliant limited proxy
strength  : 1024
path      : /scratch/condor/dir_21648/glide_QjQjQG/execute/dir_11688/x509up_u62281
timeleft  : 23:58:38
key usage : Digital Signature, Key Encipherment
=== VO cms extension information ===
VO        : cms
subject   : /DC=ch/DC=cern/OU=Organic Units/OU=Users/CN=dcieri/CN=755391/CN=Davide Cieri
issuer    : /DC=ch/DC=cern/OU=computers/CN=lcg-voms2.cern.ch
attribute : /cms/Role=NULL/Capability=NULL
timeleft  : 182:52:53
uri       : lcg-voms2.cern.ch:15002

WNHostName=heplnc350.pp.rl.ac.uk
$_CONDOR_JOB_AD =/scratch/condor/dir_21648/glide_QjQjQG/execute/dir_11688/.job.ad
OverflowFlag=0
>>> tar --no-same-permissions -xf /scratch/condor/dir_21648/glide_QjQjQG/execute/dir_11688/default.tgz :
Successful untar
>>> Include /scratch/condor/dir_21648/glide_QjQjQG/execute/dir_11688 in PYTHONPATH:
strip arguments
env var CRAB_UNIQUE_JOB_ID set to: dcieri_PU140_4dm08r_440_1_crM
out_files_440
>>> list of expected files on output sandbox
output files: crab_fjr_440.xml CMSSW_440.stdout CMSSW_440.stderr Watchdog_440.log.gz
>>> GridFlavour discovery: 
GridFlavour=LCG
>>> SyncSite discovery: 
SyncSite=T2_UK_SGrid_RALPP
>>> SyncCE discovery: 
getting SyncCE from GLIDEIN_Gaekeeper
SyncCE=heplnv146.pp.rl.ac.uk
>>> info for dashboard:
***** Cat /scratch/condor/dir_21648/glide_QjQjQG/execute/dir_11688/jobreport.txt *****
WNHostName=heplnc350.pp.rl.ac.uk
OverflowFlag=0
MonitorJobID=440_https://submit-6.t2.ucsd.edu//150202//509448.39
SyncGridJobId=https://submit-6.t2.ucsd.edu//150202//509448.39
MonitorID=dcieri_PU140_4dm08r
GridFlavour=LCG
SyncSite=T2_UK_SGrid_RALPP
SyncCE=heplnv146.pp.rl.ac.uk
***** End Cat jobreport *****
Parameters sent to Dashboard.
>>> setup environment
set SCRAM ARCH to slc6_amd64_gcc472
SCRAM_ARCH = slc6_amd64_gcc472
>>> setup CMS LCG environment:
set SCRAM ARCH and BUILD_ARCH to slc6_amd64_gcc472 ###
Sourcing environment... 
sourcing /cvmfs/cms.cern.ch/cmsset_default.sh
==> setup cms environment ok
>>> specific cmssw setup environment:
CMSSW_VERSION =  CMSSW_6_2_0_SLHC12
WARNING: In non-interactive mode release checks e.g. deprecated releases, production architectures are disabled.
>>> current directory (SOFTWARE_DIR): /scratch/condor/dir_21648/glide_QjQjQG/execute/dir_11688/CMSSW_6_2_0_SLHC12
PreserveSeeds: <>
IncrementSeeds:<>
>>> info for dashboard:
***** Cat /scratch/condor/dir_21648/glide_QjQjQG/execute/dir_11688/jobreport.txt *****
MonitorJobID=440_https://submit-6.t2.ucsd.edu//150202//509448.39
MonitorID=dcieri_PU140_4dm08r
***** End Cat jobreport *****
Parameters sent to Dashboard.
crabWatchdog started as process 13246
>>> moving CMSSW software directories in /scratch/condor/dir_21648/glide_QjQjQG/execute/dir_11688/CMSSW_6_2_0_SLHC12
mv: cannot stat `/scratch/condor/dir_21648/glide_QjQjQG/execute/dir_11688/module/': No such file or directory
>>> Include /scratch/condor/dir_21648/glide_QjQjQG/execute/dir_11688 in PYTHONPATH:
PYTHONPATH=/scratch/condor/dir_21648/glide_QjQjQG/execute/dir_11688/:/scratch/condor/dir_21648/glide_QjQjQG/execute/dir_11688/CMSSW_6_2_0_SLHC12/python:/scratch/condor/dir_21648/glide_QjQjQG/execute/dir_11688/CMSSW_6_2_0_SLHC12/lib/slc6_amd64_gcc472:/cvmfs/cms.cern.ch/slc6_amd64_gcc472/cms/cmssw/CMSSW_6_2_0_SLHC12/python:/cvmfs/cms.cern.ch/slc6_amd64_gcc472/cms/cmssw/CMSSW_6_2_0_SLHC12/lib/slc6_amd64_gcc472:/cvmfs/cms.cern.ch/slc6_amd64_gcc472/cms/coral/CORAL_2_3_21-cms35/slc6_amd64_gcc472/python:/cvmfs/cms.cern.ch/slc6_amd64_gcc472/cms/coral/CORAL_2_3_21-cms35/slc6_amd64_gcc472/lib:/cvmfs/cms.cern.ch/slc6_amd64_gcc472/external/python-ldap/2.3.5-cms5/lib/python2.7/site-packages:/cvmfs/cms.cern.ch/slc6_amd64_gcc472/external/pyqt/4.8.1-cms5/lib/python2.7/site-packages:/cvmfs/cms.cern.ch/slc6_amd64_gcc472/external/py2-scipy/0.8.0-cms7/lib/python2.7/site-packages:/cvmfs/cms.cern.ch/slc6_amd64_gcc472/external/py2-matplotlib/1.0.1-cms7/lib/python2.7/site-packages:/cvmfs/cms.cern.ch/slc6_amd64_gcc472/external/sip/4.11.2-cms5/lib/python2.7/site-packages:/cvmfs/cms.cern.ch/slc6_amd64_gcc472/external/py2-pycurl/7.19.0-cms7/lib/python2.7/site-packages:/cvmfs/cms.cern.ch/slc6_amd64_gcc472/external/py2-numpy/1.6.1-cms7/lib/python2.7/site-packages:/cvmfs/cms.cern.ch/slc6_amd64_gcc472/external/py2-lint/0.25.1-cms5/lib/python2.7/site-packages:/cvmfs/cms.cern.ch/slc6_amd64_gcc472/external/py2-ipython/0.10-cms5/lib/python2.7/site-packages:/cvmfs/cms.cern.ch/slc6_amd64_gcc472/external/py2-cx-oracle/5.1-cms5/lib/python2.7/site-packages:/cvmfs/cms.cern.ch/slc6_amd64_gcc472/external/py2-cjson/1.0.5-cms5/lib/python2.7/site-packages:/cvmfs/cms.cern.ch/slc6_amd64_gcc472/cms/das-client/1.11.7/bin:/cvmfs/cms.cern.ch/slc6_amd64_gcc472/external/elementtree/1.2.6-cms5/share/lib/python2.7/site-packages:/cvmfs/cms.cern.ch/slc6_amd64_gcc472/external/rivet/1.8.2-cms9/lib/python2.7/site-packages:/cvmfs/cms.cern.ch/slc6_amd64_gcc472/external/pyminuit2/0.0.1-cms19/lib/python2.7/site-packages:/cvmfs/cms.cern.ch/slc6_amd64_gcc472/external/py2-pygithub/1.23.0-cms2/lib/python2.7/site-packages:/cvmfs/cms.cern.ch/slc6_amd64_gcc472/external/professor/1.0.0-cms19/lib/python2.7/site-packages:/cvmfs/cms.cern.ch/slc6_amd64_gcc472/lcg/root/5.34.07-cms/lib:/cvmfs/cms.cern.ch/slc6_amd64_gcc472/cms/dbs-client/DBS_2_1_9-cms5/lib:/cvmfs/cms.cern.ch/slc6_amd64_gcc472/cms/dbs-client/DBS_2_1_9-cms5/lib/DBSAPI:/cvmfs/cms.cern.ch/slc6_amd64_gcc472/external/cvs2git/5419-cms/lib:/scratch/condor/dir_21648/glide_QjQjQG/execute/dir_11688/
 
# LIMITS USED BY CRAB WATCHDOG:
# RSS  (KBytes)   : 2300000
# VSZ  (KBytes)   : 100000000
# DISK (MBytes)   : 19000
# CPU TIME        : 720h:0m:0s
# WALL CLOCK TIME : 21h:50m:0s
 
3c0380cf82de79bc39966c93934c61fc
PSETHASH = 3c0380cf82de79bc39966c93934c61fc
/scratch/condor/dir_21648/glide_QjQjQG/execute/dir_11688/writeCfg.py pset.py pset.py
Importing .py file
Setting parameters
RandomNumberGeneratorService found, will attempt to change seeds
inputBlocks=/ttbar/dcieri-ttbar_SIM-130075366148575c102f0d64fd3ac8f7/USER#42cb1519-7f11-43e2-ab9a-a013bd5404ac
inputFiles=/store/user/dcieri/ttbar_SIM/ttbar/ttbar_SIM/150129_145223/0000/step1_329.root
parentFiles=
lumisRange=
>>> Executable cmsRun
/cvmfs/cms.cern.ch/slc6_amd64_gcc472/cms/cmssw/CMSSW_6_2_0_SLHC12/bin/slc6_amd64_gcc472/cmsRun
ok executable found
>>> info for dashboard:
***** Cat /scratch/condor/dir_21648/glide_QjQjQG/execute/dir_11688/jobreport.txt *****
MonitorJobID=440_https://submit-6.t2.ucsd.edu//150202//509448.39
MonitorID=dcieri_PU140_4dm08r
ExeStart=cmsRun
***** End Cat jobreport *****
Parameters sent to Dashboard.
>>> cmsRun started at Mon Feb  2 21:23:39 UTC 2015
>>> cmsRun ended at Mon Feb  2 23:21:55 UTC 2015
>>> crab_fjr_*.xml  permission set to 0704
>>> info for dashboard:
***** Cat /scratch/condor/dir_21648/glide_QjQjQG/execute/dir_11688/jobreport.txt *****
MonitorJobID=440_https://submit-6.t2.ucsd.edu//150202//509448.39
MonitorID=dcieri_PU140_4dm08r
ExeEnd=cmsRun
***** End Cat jobreport *****
Parameters sent to Dashboard.
TIME_EXE = 7096 sec
>>> cmsRun wrote 206 lines of stdout+stderr
>>> START OF printout of 206 lines from stdout+stderr
271 DQMStore::DQMStore 
HcalTopologyIdealEP::HcalTopologyIdealEP
02-Feb-2015 21:23:48 GMT  Initiating request to open file root://dcap.pp.rl.ac.uk:1094/pnfs/pp.rl.ac.uk/data/cms/store/user/dcieri/ttbar_SIM/ttbar/ttbar_SIM/150129_145223/0000/step1_329.root
150202 21:23:49 13379 Xrd: CheckErrorStatus: Server [heplnx209.pp.rl.ac.uk:1094] declared: Request 3018 not supported(error code: 3013)
02-Feb-2015 21:23:50 GMT  Successfully opened file root://dcap.pp.rl.ac.uk:1094/pnfs/pp.rl.ac.uk/data/cms/store/user/dcieri/ttbar_SIM/ttbar/ttbar_SIM/150129_145223/0000/step1_329.root
02-Feb-2015 21:23:50 GMT  Initiating request to open file root://xrootd.unl.edu//store/group/dpg_trigger/comm_trigger/L1TrackTrigger/620_SLHC10/Extended2023TTI/MinBias/MinBias_TuneZ2star_GEN_SIM_1.root
02-Feb-2015 21:24:21 GMT  Successfully opened file root://xrootd.unl.edu//store/group/dpg_trigger/comm_trigger/L1TrackTrigger/620_SLHC10/Extended2023TTI/MinBias/MinBias_TuneZ2star_GEN_SIM_1.root
disableME1a = 0
HcalTopologyIdealEP::produce(const IdealGeometryRecord& iRecord)
mode = 2, maxDepthHB = 3, maxDepthHE = 5
RPCGeometryESModule :: produce
RPCGeometryESModule :: produce :: 1/4 Get Muon Ideal Geometry Record
RPCGeometryESModule :: produce :: 2/4 Get Muon DDD Constants
RPCGeometryESModule :: produce :: 3/4 Get Muon Numbering Record
in MuonNumberingInitialization::initializeMuonDDDConstants
about to make my new muonDDDConst_
in MuonNumberingInitialization::produce
RPCGeometryESModule :: produce :: 4/4 Build
Found:

	Barrel Stack layer 5 : 1008 stacks
	Barrel Stack layer 6 : 1320 stacks
	Barrel Stack layer 7 : 1836 stacks
	Barrel Stack layer 8 : 1152 stacks
	Barrel Stack layer 9 : 1488 stacks
	Barrel Stack layer 10 : 1824 stacks

	Endcap Stack disk 11 : 1360 stacks
	Endcap Stack disk 12 : 1360 stacks
	Endcap Stack disk 13 : 1360 stacks
	Endcap Stack disk 14 : 1360 stacks
	Endcap Stack disk 15 : 1360 stacks
Created 15428 stacks in 15 s

TTClusterBuilder< edm::Ref<edm::DetSetVector<PixelDigi>, PixelDigi, edm::refhelper::FindForDetSetVector<PixelDigi> > > loaded modules:
	TTClusterAlgorithm:	TTClusterAlgorithm_2d2013< edm::Ref<edm::DetSetVector<PixelDigi>, PixelDigi, edm::refhelper::FindForDetSetVector<PixelDigi> > >


TTStubBuilder< edm::Ref<edm::DetSetVector<PixelDigi>, PixelDigi, edm::refhelper::FindForDetSetVector<PixelDigi> > > loaded modules:
	TTStubAlgorithm:	TTStubAlgorithm_tab2013< edm::Ref<edm::DetSetVector<PixelDigi>, PixelDigi, edm::refhelper::FindForDetSetVector<PixelDigi> > >


TTClusterAssociator< edm::Ref<edm::DetSetVector<PixelDigi>, PixelDigi, edm::refhelper::FindForDetSetVector<PixelDigi> > > loaded.


TTStubAssociator< edm::Ref<edm::DetSetVector<PixelDigi>, PixelDigi, edm::refhelper::FindForDetSetVector<PixelDigi> > > loaded.


TTTrackAssociator< edm::Ref<edm::DetSetVector<PixelDigi>, PixelDigi, edm::refhelper::FindForDetSetVector<PixelDigi> > > loaded.

Begin processing the 1st record. Run 1, Event 3281, LumiSection 329 at 02-Feb-2015 21:24:53.216 GMT
02-Feb-2015 21:24:59 GMT  Closed file root://xrootd.unl.edu//store/group/dpg_trigger/comm_trigger/L1TrackTrigger/620_SLHC10/Extended2023TTI/MinBias/MinBias_TuneZ2star_GEN_SIM_1.root
02-Feb-2015 21:24:59 GMT  Initiating request to open file root://xrootd.unl.edu//store/group/dpg_trigger/comm_trigger/L1TrackTrigger/620_SLHC10/Extended2023TTI/MinBias/MinBias_TuneZ2star_GEN_SIM_442.root
02-Feb-2015 21:25:31 GMT  Successfully opened file root://xrootd.unl.edu//store/group/dpg_trigger/comm_trigger/L1TrackTrigger/620_SLHC10/Extended2023TTI/MinBias/MinBias_TuneZ2star_GEN_SIM_442.root
150202 21:30:18 14679 Xrd: XrdClientMessage::ReadRaw: Failed to read header (8 bytes).
150202 21:30:48 14677 Xrd: XrdClientMessage::ReadRaw: Failed to read header (8 bytes).
02-Feb-2015 21:43:32 GMT  Closed file root://xrootd.unl.edu//store/group/dpg_trigger/comm_trigger/L1TrackTrigger/620_SLHC10/Extended2023TTI/MinBias/MinBias_TuneZ2star_GEN_SIM_442.root
02-Feb-2015 21:43:32 GMT  Initiating request to open file root://xrootd.unl.edu//store/group/dpg_trigger/comm_trigger/L1TrackTrigger/620_SLHC10/Extended2023TTI/MinBias/MinBias_TuneZ2star_GEN_SIM_859.root
150202 21:44:03 10231 Xrd: CheckErrorStatus: Server [xrootd-redic.pi.infn.it:1094] declared: session not found(error code: 3011)
02-Feb-2015 21:44:03 GMT  Successfully opened file root://xrootd.unl.edu//store/group/dpg_trigger/comm_trigger/L1TrackTrigger/620_SLHC10/Extended2023TTI/MinBias/MinBias_TuneZ2star_GEN_SIM_859.root
150202 21:44:03 14319 Xrd: XrdClientMessage::ReadRaw: Failed to read header (8 bytes).
150202 21:48:48 16141 Xrd: XrdClientMessage::ReadRaw: Failed to read header (8 bytes).
150202 21:48:55 14318 Xrd: XrdClientMessage::ReadRaw: Failed to read header (8 bytes).
150202 21:49:18 11567 Xrd: XrdClientMessage::ReadRaw: Failed to read header (8 bytes).
02-Feb-2015 21:52:09 GMT  Closed file root://xrootd.unl.edu//store/group/dpg_trigger/comm_trigger/L1TrackTrigger/620_SLHC10/Extended2023TTI/MinBias/MinBias_TuneZ2star_GEN_SIM_859.root
02-Feb-2015 21:52:09 GMT  Initiating request to open file root://xrootd.unl.edu//store/group/dpg_trigger/comm_trigger/L1TrackTrigger/620_SLHC10/Extended2023TTI/MinBias/MinBias_TuneZ2star_GEN_SIM_890.root
150202 21:52:40 22214 Xrd: CheckErrorStatus: Server [xrootd.ba.infn.it:1094] declared: session not found(error code: 3011)
02-Feb-2015 21:52:40 GMT  Successfully opened file root://xrootd.unl.edu//store/group/dpg_trigger/comm_trigger/L1TrackTrigger/620_SLHC10/Extended2023TTI/MinBias/MinBias_TuneZ2star_GEN_SIM_890.root
Building the geometry service
Warning did not find digi
Warning did not find digi
Warning did not find digi
Warning did not find digi
Warning did not find digi in disks
Warning did not find digi in disks
Warning did not find digi in disks
Warning did not find digi in disks
150202 21:57:18 11568 Xrd: XrdClientMessage::ReadRaw: Failed to read header (8 bytes).
150202 21:57:49 22616 Xrd: XrdClientMessage::ReadRaw: Failed to read header (8 bytes).
02-Feb-2015 22:00:00 GMT  Closed file root://xrootd.unl.edu//store/group/dpg_trigger/comm_trigger/L1TrackTrigger/620_SLHC10/Extended2023TTI/MinBias/MinBias_TuneZ2star_GEN_SIM_890.root
02-Feb-2015 22:00:00 GMT  Initiating request to open file root://xrootd.unl.edu//store/group/dpg_trigger/comm_trigger/L1TrackTrigger/620_SLHC10/Extended2023TTI/MinBias/MinBias_TuneZ2star_GEN_SIM_230.root
150202 22:00:31 20870 Xrd: CheckErrorStatus: Server [xrootd.ba.infn.it:1094] declared: session not found(error code: 3011)
02-Feb-2015 22:00:31 GMT  Successfully opened file root://xrootd.unl.edu//store/group/dpg_trigger/comm_trigger/L1TrackTrigger/620_SLHC10/Extended2023TTI/MinBias/MinBias_TuneZ2star_GEN_SIM_230.root
150202 22:04:19 14676 Xrd: XrdClientMessage::ReadRaw: Failed to read header (8 bytes).
02-Feb-2015 22:05:05 GMT  Closed file root://xrootd.unl.edu//store/group/dpg_trigger/comm_trigger/L1TrackTrigger/620_SLHC10/Extended2023TTI/MinBias/MinBias_TuneZ2star_GEN_SIM_230.root
02-Feb-2015 22:05:05 GMT  Initiating request to open file root://xrootd.unl.edu//store/group/dpg_trigger/comm_trigger/L1TrackTrigger/620_SLHC10/Extended2023TTI/MinBias/MinBias_TuneZ2star_GEN_SIM_630.root
150202 22:05:05 22617 Xrd: XrdClientMessage::ReadRaw: Failed to read header (8 bytes).
150202 22:05:49 21121 Xrd: XrdClientMessage::ReadRaw: Failed to read header (8 bytes).
150202 22:05:50 25539 Xrd: CheckErrorStatus: Server [cms-xrd-global.cern.ch:1094] declared: session not found(error code: 3011)
150202 22:05:50 25539 Xrd: CheckErrorStatus: Server [xrootd-redic.pi.infn.it:1094] declared: session not found(error code: 3011)
02-Feb-2015 22:05:50 GMT  Successfully opened file root://xrootd.unl.edu//store/group/dpg_trigger/comm_trigger/L1TrackTrigger/620_SLHC10/Extended2023TTI/MinBias/MinBias_TuneZ2star_GEN_SIM_630.root
02-Feb-2015 22:09:29 GMT  Closed file root://xrootd.unl.edu//store/group/dpg_trigger/comm_trigger/L1TrackTrigger/620_SLHC10/Extended2023TTI/MinBias/MinBias_TuneZ2star_GEN_SIM_630.root
02-Feb-2015 22:09:29 GMT  Initiating request to open file root://xrootd.unl.edu//store/group/dpg_trigger/comm_trigger/L1TrackTrigger/620_SLHC10/Extended2023TTI/MinBias/MinBias_TuneZ2star_GEN_SIM_732.root
150202 22:10:18 21122 Xrd: XrdClientMessage::ReadRaw: Failed to read header (8 bytes).
02-Feb-2015 22:11:16 GMT  Successfully opened file root://xrootd.unl.edu//store/group/dpg_trigger/comm_trigger/L1TrackTrigger/620_SLHC10/Extended2023TTI/MinBias/MinBias_TuneZ2star_GEN_SIM_732.root
150202 22:14:49 25815 Xrd: XrdClientMessage::ReadRaw: Failed to read header (8 bytes).
150202 22:15:53 25814 Xrd: XrdClientMessage::ReadRaw: Failed to read header (8 bytes).
150202 22:16:18 30387 Xrd: XrdClientMessage::ReadRaw: Failed to read header (8 bytes).
02-Feb-2015 22:16:33 GMT  Closed file root://xrootd.unl.edu//store/group/dpg_trigger/comm_trigger/L1TrackTrigger/620_SLHC10/Extended2023TTI/MinBias/MinBias_TuneZ2star_GEN_SIM_732.root
02-Feb-2015 22:16:33 GMT  Initiating request to open file root://xrootd.unl.edu//store/group/dpg_trigger/comm_trigger/L1TrackTrigger/620_SLHC10/Extended2023TTI/MinBias/MinBias_TuneZ2star_GEN_SIM_684.root
150202 22:20:48 22615 Xrd: XrdClientMessage::ReadRaw: Failed to read header (8 bytes).
150202 22:21:48 30388 Xrd: XrdClientMessage::ReadRaw: Failed to read header (8 bytes).
150202 22:24:35 1923 Xrd: CheckErrorStatus: Server [llrxrd-redir.in2p3.fr:1094] declared: session not found(error code: 3011)
02-Feb-2015 22:24:35 GMT  Successfully opened file root://xrootd.unl.edu//store/group/dpg_trigger/comm_trigger/L1TrackTrigger/620_SLHC10/Extended2023TTI/MinBias/MinBias_TuneZ2star_GEN_SIM_684.root
150202 22:26:18 25813 Xrd: XrdClientMessage::ReadRaw: Failed to read header (8 bytes).
150202 22:29:48 7705 Xrd: XrdClientMessage::ReadRaw: Failed to read header (8 bytes).
02-Feb-2015 22:29:56 GMT  Closed file root://xrootd.unl.edu//store/group/dpg_trigger/comm_trigger/L1TrackTrigger/620_SLHC10/Extended2023TTI/MinBias/MinBias_TuneZ2star_GEN_SIM_684.root
02-Feb-2015 22:29:56 GMT  Initiating request to open file root://xrootd.unl.edu//store/group/dpg_trigger/comm_trigger/L1TrackTrigger/620_SLHC10/Extended2023TTI/MinBias/MinBias_TuneZ2star_GEN_SIM_703.root
150202 22:29:56 10939 Xrd: CheckErrorStatus: Server [cms-xrd-global.cern.ch:1094] declared: session not found(error code: 3011)
150202 22:29:57 10939 Xrd: CheckErrorStatus: Server [xrootd.ba.infn.it:1094] declared: session not found(error code: 3011)
02-Feb-2015 22:29:57 GMT  Successfully opened file root://xrootd.unl.edu//store/group/dpg_trigger/comm_trigger/L1TrackTrigger/620_SLHC10/Extended2023TTI/MinBias/MinBias_TuneZ2star_GEN_SIM_703.root
02-Feb-2015 22:34:50 GMT  Closed file root://xrootd.unl.edu//store/group/dpg_trigger/comm_trigger/L1TrackTrigger/620_SLHC10/Extended2023TTI/MinBias/MinBias_TuneZ2star_GEN_SIM_703.root
02-Feb-2015 22:34:50 GMT  Initiating request to open file root://xrootd.unl.edu//store/group/dpg_trigger/comm_trigger/L1TrackTrigger/620_SLHC10/Extended2023TTI/MinBias/MinBias_TuneZ2star_GEN_SIM_433.root
150202 22:35:18 10941 Xrd: XrdClientMessage::ReadRaw: Failed to read header (8 bytes).
150202 22:35:19 7706 Xrd: XrdClientMessage::ReadRaw: Failed to read header (8 bytes).
150202 22:35:21 14125 Xrd: CheckErrorStatus: Server [xrootd.ba.infn.it:1094] declared: session not found(error code: 3011)
150202 22:35:21 14125 Xrd: CheckErrorStatus: Server [eoscms.cern.ch:1094] declared: session not found(error code: 3011)
02-Feb-2015 22:35:21 GMT  Successfully opened file root://xrootd.unl.edu//store/group/dpg_trigger/comm_trigger/L1TrackTrigger/620_SLHC10/Extended2023TTI/MinBias/MinBias_TuneZ2star_GEN_SIM_433.root
02-Feb-2015 22:39:28 GMT  Closed file root://xrootd.unl.edu//store/group/dpg_trigger/comm_trigger/L1TrackTrigger/620_SLHC10/Extended2023TTI/MinBias/MinBias_TuneZ2star_GEN_SIM_433.root
02-Feb-2015 22:39:28 GMT  Initiating request to open file root://xrootd.unl.edu//store/group/dpg_trigger/comm_trigger/L1TrackTrigger/620_SLHC10/Extended2023TTI/MinBias/MinBias_TuneZ2star_GEN_SIM_380.root
02-Feb-2015 22:39:59 GMT  Successfully opened file root://xrootd.unl.edu//store/group/dpg_trigger/comm_trigger/L1TrackTrigger/620_SLHC10/Extended2023TTI/MinBias/MinBias_TuneZ2star_GEN_SIM_380.root
150202 22:40:00 10942 Xrd: XrdClientMessage::ReadRaw: Failed to read header (8 bytes).
02-Feb-2015 22:42:49 GMT  Closed file root://xrootd.unl.edu//store/group/dpg_trigger/comm_trigger/L1TrackTrigger/620_SLHC10/Extended2023TTI/MinBias/MinBias_TuneZ2star_GEN_SIM_380.root
02-Feb-2015 22:42:49 GMT  Initiating request to open file root://xrootd.unl.edu//store/group/dpg_trigger/comm_trigger/L1TrackTrigger/620_SLHC10/Extended2023TTI/MinBias/MinBias_TuneZ2star_GEN_SIM_856.root
02-Feb-2015 22:43:20 GMT  Successfully opened file root://xrootd.unl.edu//store/group/dpg_trigger/comm_trigger/L1TrackTrigger/620_SLHC10/Extended2023TTI/MinBias/MinBias_TuneZ2star_GEN_SIM_856.root
150202 22:44:49 30386 Xrd: XrdClientMessage::ReadRaw: Failed to read header (8 bytes).
150202 22:44:49 14715 Xrd: XrdClientMessage::ReadRaw: Failed to read header (8 bytes).
02-Feb-2015 22:46:32 GMT  Closed file root://xrootd.unl.edu//store/group/dpg_trigger/comm_trigger/L1TrackTrigger/620_SLHC10/Extended2023TTI/MinBias/MinBias_TuneZ2star_GEN_SIM_856.root
02-Feb-2015 22:46:32 GMT  Initiating request to open file root://xrootd.unl.edu//store/group/dpg_trigger/comm_trigger/L1TrackTrigger/620_SLHC10/Extended2023TTI/MinBias/MinBias_TuneZ2star_GEN_SIM_428.root
02-Feb-2015 22:47:03 GMT  Successfully opened file root://xrootd.unl.edu//store/group/dpg_trigger/comm_trigger/L1TrackTrigger/620_SLHC10/Extended2023TTI/MinBias/MinBias_TuneZ2star_GEN_SIM_428.root
150202 22:48:18 17160 Xrd: XrdClientMessage::ReadRaw: Failed to read header (8 bytes).
150202 22:51:48 19199 Xrd: XrdClientMessage::ReadRaw: Failed to read header (8 bytes).
02-Feb-2015 22:51:51 GMT  Closed file root://xrootd.unl.edu//store/group/dpg_trigger/comm_trigger/L1TrackTrigger/620_SLHC10/Extended2023TTI/MinBias/MinBias_TuneZ2star_GEN_SIM_428.root
02-Feb-2015 22:51:51 GMT  Initiating request to open file root://xrootd.unl.edu//store/group/dpg_trigger/comm_trigger/L1TrackTrigger/620_SLHC10/Extended2023TTI/MinBias/MinBias_TuneZ2star_GEN_SIM_128.root
150202 22:52:19 14714 Xrd: XrdClientMessage::ReadRaw: Failed to read header (8 bytes).
150202 22:52:22 23742 Xrd: CheckErrorStatus: Server [cms-xrd-global.cern.ch:1094] declared: session not found(error code: 3011)
150202 22:52:22 23742 Xrd: CheckErrorStatus: Server [xrootd-redic.pi.infn.it:1094] declared: session not found(error code: 3011)
02-Feb-2015 22:52:22 GMT  Successfully opened file root://xrootd.unl.edu//store/group/dpg_trigger/comm_trigger/L1TrackTrigger/620_SLHC10/Extended2023TTI/MinBias/MinBias_TuneZ2star_GEN_SIM_128.root
02-Feb-2015 22:54:59 GMT  Closed file root://xrootd.unl.edu//store/group/dpg_trigger/comm_trigger/L1TrackTrigger/620_SLHC10/Extended2023TTI/MinBias/MinBias_TuneZ2star_GEN_SIM_128.root
02-Feb-2015 22:54:59 GMT  Initiating request to open file root://xrootd.unl.edu//store/group/dpg_trigger/comm_trigger/L1TrackTrigger/620_SLHC10/Extended2023TTI/MinBias/MinBias_TuneZ2star_GEN_SIM_947.root
150202 22:55:30 26234 Xrd: CheckErrorStatus: Server [cms-xrd-global.cern.ch:1094] declared: session not found(error code: 3011)
02-Feb-2015 22:55:30 GMT  Successfully opened file root://xrootd.unl.edu//store/group/dpg_trigger/comm_trigger/L1TrackTrigger/620_SLHC10/Extended2023TTI/MinBias/MinBias_TuneZ2star_GEN_SIM_947.root
02-Feb-2015 22:59:25 GMT  Closed file root://xrootd.unl.edu//store/group/dpg_trigger/comm_trigger/L1TrackTrigger/620_SLHC10/Extended2023TTI/MinBias/MinBias_TuneZ2star_GEN_SIM_947.root
02-Feb-2015 22:59:25 GMT  Initiating request to open file root://xrootd.unl.edu//store/group/dpg_trigger/comm_trigger/L1TrackTrigger/620_SLHC10/Extended2023TTI/MinBias/MinBias_TuneZ2star_GEN_SIM_940.root
150202 22:59:25 28566 Xrd: CheckErrorStatus: Server [eoscms.cern.ch:1094] declared: session not found(error code: 3011)
02-Feb-2015 22:59:26 GMT  Successfully opened file root://xrootd.unl.edu//store/group/dpg_trigger/comm_trigger/L1TrackTrigger/620_SLHC10/Extended2023TTI/MinBias/MinBias_TuneZ2star_GEN_SIM_940.root
150202 23:00:18 25044 Xrd: XrdClientMessage::ReadRaw: Failed to read header (8 bytes).
02-Feb-2015 23:01:39 GMT  Closed file root://xrootd.unl.edu//store/group/dpg_trigger/comm_trigger/L1TrackTrigger/620_SLHC10/Extended2023TTI/MinBias/MinBias_TuneZ2star_GEN_SIM_940.root
02-Feb-2015 23:01:39 GMT  Initiating request to open file root://xrootd.unl.edu//store/group/dpg_trigger/comm_trigger/L1TrackTrigger/620_SLHC10/Extended2023TTI/MinBias/MinBias_TuneZ2star_GEN_SIM_864.root
02-Feb-2015 23:02:10 GMT  Successfully opened file root://xrootd.unl.edu//store/group/dpg_trigger/comm_trigger/L1TrackTrigger/620_SLHC10/Extended2023TTI/MinBias/MinBias_TuneZ2star_GEN_SIM_864.root
02-Feb-2015 23:04:38 GMT  Closed file root://xrootd.unl.edu//store/group/dpg_trigger/comm_trigger/L1TrackTrigger/620_SLHC10/Extended2023TTI/MinBias/MinBias_TuneZ2star_GEN_SIM_864.root
02-Feb-2015 23:04:38 GMT  Initiating request to open file root://xrootd.unl.edu//store/group/dpg_trigger/comm_trigger/L1TrackTrigger/620_SLHC10/Extended2023TTI/MinBias/MinBias_TuneZ2star_GEN_SIM_183.root
02-Feb-2015 23:04:39 GMT  Successfully opened file root://xrootd.unl.edu//store/group/dpg_trigger/comm_trigger/L1TrackTrigger/620_SLHC10/Extended2023TTI/MinBias/MinBias_TuneZ2star_GEN_SIM_183.root
150202 23:04:39 21046 Xrd: XrdClientMessage::ReadRaw: Failed to read header (8 bytes).
150202 23:06:48 28567 Xrd: XrdClientMessage::ReadRaw: Failed to read header (8 bytes).
02-Feb-2015 23:06:56 GMT  Closed file root://xrootd.unl.edu//store/group/dpg_trigger/comm_trigger/L1TrackTrigger/620_SLHC10/Extended2023TTI/MinBias/MinBias_TuneZ2star_GEN_SIM_183.root
02-Feb-2015 23:06:56 GMT  Initiating request to open file root://xrootd.unl.edu//store/group/dpg_trigger/comm_trigger/L1TrackTrigger/620_SLHC10/Extended2023TTI/MinBias/MinBias_TuneZ2star_GEN_SIM_105.root
02-Feb-2015 23:07:27 GMT  Successfully opened file root://xrootd.unl.edu//store/group/dpg_trigger/comm_trigger/L1TrackTrigger/620_SLHC10/Extended2023TTI/MinBias/MinBias_TuneZ2star_GEN_SIM_105.root
02-Feb-2015 23:09:31 GMT  Closed file root://xrootd.unl.edu//store/group/dpg_trigger/comm_trigger/L1TrackTrigger/620_SLHC10/Extended2023TTI/MinBias/MinBias_TuneZ2star_GEN_SIM_105.root
02-Feb-2015 23:09:31 GMT  Initiating request to open file root://xrootd.unl.edu//store/group/dpg_trigger/comm_trigger/L1TrackTrigger/620_SLHC10/Extended2023TTI/MinBias/MinBias_TuneZ2star_GEN_SIM_176.root
150202 23:09:49 29942 Xrd: XrdClientMessage::ReadRaw: Failed to read header (8 bytes).
02-Feb-2015 23:10:02 GMT  Successfully opened file root://xrootd.unl.edu//store/group/dpg_trigger/comm_trigger/L1TrackTrigger/620_SLHC10/Extended2023TTI/MinBias/MinBias_TuneZ2star_GEN_SIM_176.root
150202 23:12:18 31288 Xrd: XrdClientMessage::ReadRaw: Failed to read header (8 bytes).
150202 23:12:48 25042 Xrd: XrdClientMessage::ReadRaw: Failed to read header (8 bytes).
02-Feb-2015 23:13:26 GMT  Closed file root://xrootd.unl.edu//store/group/dpg_trigger/comm_trigger/L1TrackTrigger/620_SLHC10/Extended2023TTI/MinBias/MinBias_TuneZ2star_GEN_SIM_176.root
02-Feb-2015 23:13:26 GMT  Initiating request to open file root://xrootd.unl.edu//store/group/dpg_trigger/comm_trigger/L1TrackTrigger/620_SLHC10/Extended2023TTI/MinBias/MinBias_TuneZ2star_GEN_SIM_940.root
02-Feb-2015 23:13:57 GMT  Successfully opened file root://xrootd.unl.edu//store/group/dpg_trigger/comm_trigger/L1TrackTrigger/620_SLHC10/Extended2023TTI/MinBias/MinBias_TuneZ2star_GEN_SIM_940.root
150202 23:14:49 426 Xrd: XrdClientMessage::ReadRaw: Failed to read header (8 bytes).
02-Feb-2015 23:16:03 GMT  Closed file root://xrootd.unl.edu//store/group/dpg_trigger/comm_trigger/L1TrackTrigger/620_SLHC10/Extended2023TTI/MinBias/MinBias_TuneZ2star_GEN_SIM_940.root
02-Feb-2015 23:16:03 GMT  Initiating request to open file root://xrootd.unl.edu//store/group/dpg_trigger/comm_trigger/L1TrackTrigger/620_SLHC10/Extended2023TTI/MinBias/MinBias_TuneZ2star_GEN_SIM_194.root
150202 23:16:34 3956 Xrd: CheckErrorStatus: Server [cms-xrd-global.cern.ch:1094] declared: session not found(error code: 3011)
02-Feb-2015 23:16:35 GMT  Successfully opened file root://xrootd.unl.edu//store/group/dpg_trigger/comm_trigger/L1TrackTrigger/620_SLHC10/Extended2023TTI/MinBias/MinBias_TuneZ2star_GEN_SIM_194.root
02-Feb-2015 23:18:01 GMT  Closed file root://xrootd.unl.edu//store/group/dpg_trigger/comm_trigger/L1TrackTrigger/620_SLHC10/Extended2023TTI/MinBias/MinBias_TuneZ2star_GEN_SIM_194.root
02-Feb-2015 23:18:01 GMT  Initiating request to open file root://xrootd.unl.edu//store/group/dpg_trigger/comm_trigger/L1TrackTrigger/620_SLHC10/Extended2023TTI/MinBias/MinBias_TuneZ2star_GEN_SIM_83.root
02-Feb-2015 23:18:32 GMT  Successfully opened file root://xrootd.unl.edu//store/group/dpg_trigger/comm_trigger/L1TrackTrigger/620_SLHC10/Extended2023TTI/MinBias/MinBias_TuneZ2star_GEN_SIM_83.root
150202 23:18:33 1780 Xrd: XrdClientMessage::ReadRaw: Failed to read header (8 bytes).
02-Feb-2015 23:20:35 GMT  Closed file root://xrootd.unl.edu//store/group/dpg_trigger/comm_trigger/L1TrackTrigger/620_SLHC10/Extended2023TTI/MinBias/MinBias_TuneZ2star_GEN_SIM_83.root
02-Feb-2015 23:20:35 GMT  Initiating request to open file root://xrootd.unl.edu//store/group/dpg_trigger/comm_trigger/L1TrackTrigger/620_SLHC10/Extended2023TTI/MinBias/MinBias_TuneZ2star_GEN_SIM_607.root
02-Feb-2015 23:21:06 GMT  Successfully opened file root://xrootd.unl.edu//store/group/dpg_trigger/comm_trigger/L1TrackTrigger/620_SLHC10/Extended2023TTI/MinBias/MinBias_TuneZ2star_GEN_SIM_607.root
150202 23:21:07 3303 Xrd: XrdClientMessage::ReadRaw: Failed to read header (8 bytes).
02-Feb-2015 23:21:54 GMT  Closed file root://dcap.pp.rl.ac.uk:1094/pnfs/pp.rl.ac.uk/data/cms/store/user/dcieri/ttbar_SIM/ttbar/ttbar_SIM/150129_145223/0000/step1_329.root
02-Feb-2015 23:21:54 GMT  Closed file root://xrootd.unl.edu//store/group/dpg_trigger/comm_trigger/L1TrackTrigger/620_SLHC10/Extended2023TTI/MinBias/MinBias_TuneZ2star_GEN_SIM_607.root

=============================================

MessageLogger Summary

 type     category        sev    module        subroutine        count    total
 ---- -------------------- -- ---------------- ----------------  -----    -----
    1 fileAction           -s MixingModule:mix                      69       69
    2 fileAction           -s MixingModule:mix                       2        2
    3 fileAction           -s MixingModule:mix                       1        1
    4 fileAction           -s file_close                             1        1
    5 fileAction           -s file_open                              2        2

 type    category    Examples: run/evt        run/evt          run/evt
 ---- -------------------- ---------------- ---------------- ----------------
    1 fileAction           1/3281           1/3281           1/3290
    2 fileAction           pre-events       pre-events       
    3 fileAction           PostEndRun                        
    4 fileAction           PostEndRun                        
    5 fileAction           pre-events       pre-events       

Severity    # Occurrences   Total Occurrences
--------    -------------   -----------------
System                 75                  75
>>> END OF printout of 206 lines from stdout+stderr
>>> Parse FrameworkJobReport crab_fjr.xml
Result of parsing the FrameworkJobReport crab_fjr.xml: 
Extracted ExitStatus from FrameworkJobReport parsing output: 0
>>> Executable succeded  0
ExeExitCode=0
EXECUTABLE_EXIT_STATUS = 0
>>> current directory /scratch/condor/dir_21648/glide_QjQjQG/execute/dir_11688/CMSSW_6_2_0_SLHC12
>>>  (SOFTWARE_DIR): /scratch/condor/dir_21648/glide_QjQjQG/execute/dir_11688/CMSSW_6_2_0_SLHC12
>>> (WORKING_DIR): 
>>> current directory content:
total 241544
drwxr-xr-x 3 cms415 gplcms      4096 Feb  2 21:23 .SCRAM
-rw------- 1 cms415 gplcms    915837 Feb  2 21:23 CMSSW.py.pkl
drwxr-xr-x 3 cms415 gplcms      4096 Feb  2 21:23 bin
drwxr-xr-x 3 cms415 gplcms      4096 Feb  2 21:23 cfipython
drwxr-xr-x 4 cms415 gplcms      4096 Apr 28  2014 config
-rw------- 1 cms415 gplcms        17 Feb  2 23:21 cpu_timing.txt
drwxr-xr-x 2 cms415 gplcms      4096 Feb  2 21:23 doc
-rw------- 1 cms415 gplcms     23313 Feb  2 23:21 executable.out
drwxr-xr-x 2 cms415 gplcms      4096 Feb  2 21:23 include
drwx------ 3 cms415 gplcms      4096 Oct  7 10:12 lib
drwxr-xr-x 3 cms415 gplcms      4096 Feb  2 21:23 logs
drwxr-xr-x 3 cms415 gplcms      4096 Feb  2 21:23 objs
-rw------- 1 cms415 gplcms       104 Feb  2 21:23 pset.py
-rw------- 1 cms415 gplcms    926827 Feb  2 21:23 pset.py.pkl
-rw------- 1 cms415 gplcms       289 Feb  2 21:23 pset.pyc
drwxr-xr-x 2 cms415 gplcms      4096 Feb  2 21:23 python
-rw------- 1 cms415 gplcms       356 Feb  2 23:21 report.log
drwxr-xr-x 2 cms415 gplcms      4096 Feb  2 21:23 src
-rw------- 1 cms415 gplcms 245143125 Feb  2 23:21 step2.root
drwxr-xr-x 3 cms415 gplcms      4096 Feb  2 21:23 test
drwxr-xr-x 3 cms415 gplcms      4096 Feb  2 21:23 tmp
>>> current directory /scratch/condor/dir_21648/glide_QjQjQG/execute/dir_11688/CMSSW_6_2_0_SLHC12
>>> (SOFTWARE_DIR): /scratch/condor/dir_21648/glide_QjQjQG/execute/dir_11688/CMSSW_6_2_0_SLHC12
>>> (WORKING_DIR): 
>>> current directory content:
total 241544
drwxr-xr-x 3 cms415 gplcms      4096 Feb  2 21:23 .SCRAM
-rw------- 1 cms415 gplcms    915837 Feb  2 21:23 CMSSW.py.pkl
drwxr-xr-x 3 cms415 gplcms      4096 Feb  2 21:23 bin
drwxr-xr-x 3 cms415 gplcms      4096 Feb  2 21:23 cfipython
drwxr-xr-x 4 cms415 gplcms      4096 Apr 28  2014 config
-rw------- 1 cms415 gplcms        17 Feb  2 23:21 cpu_timing.txt
drwxr-xr-x 2 cms415 gplcms      4096 Feb  2 21:23 doc
-rw------- 1 cms415 gplcms     23313 Feb  2 23:21 executable.out
drwxr-xr-x 2 cms415 gplcms      4096 Feb  2 21:23 include
drwx------ 3 cms415 gplcms      4096 Oct  7 10:12 lib
drwxr-xr-x 3 cms415 gplcms      4096 Feb  2 21:23 logs
drwxr-xr-x 3 cms415 gplcms      4096 Feb  2 21:23 objs
-rw------- 1 cms415 gplcms       104 Feb  2 21:23 pset.py
-rw------- 1 cms415 gplcms    926827 Feb  2 21:23 pset.py.pkl
-rw------- 1 cms415 gplcms       289 Feb  2 21:23 pset.pyc
drwxr-xr-x 2 cms415 gplcms      4096 Feb  2 21:23 python
-rw------- 1 cms415 gplcms       356 Feb  2 23:21 report.log
drwxr-xr-x 2 cms415 gplcms      4096 Feb  2 21:23 src
-rw------- 1 cms415 gplcms 245143125 Feb  2 23:21 step2_440_1_crM.root
drwxr-xr-x 3 cms415 gplcms      4096 Feb  2 21:23 test
drwxr-xr-x 3 cms415 gplcms      4096 Feb  2 21:23 tmp
>>> current directory (RUNTIME_AREA):  /scratch/condor/dir_21648/glide_QjQjQG/execute/dir_11688
PNN = T2_UK_SGrid_RALPP
SE = heplnx204.pp.rl.ac.uk
SE_PATH = /srm/managerv2?SFN=/pnfs/pp.rl.ac.uk/data/cms/store/user/dcieri/ttbar_PU140_DIGI/dcieri/ttbar/ttbar_PU140_DIGI/3c0380cf82de79bc39966c93934c61fc/
LFNBaseName = /store/user/dcieri/ttbar_PU140_DIGI/dcieri/ttbar/ttbar_PU140_DIGI/3c0380cf82de79bc39966c93934c61fc/
USER = dcieri
endpoint = srm://heplnx204.pp.rl.ac.uk:8443/srm/managerv2?SFN=/pnfs/pp.rl.ac.uk/data/cms/store/user/dcieri/ttbar_PU140_DIGI/dcieri/ttbar/ttbar_PU140_DIGI/3c0380cf82de79bc39966c93934c61fc/
>>> Copy output files from WN = heplnc350.pp.rl.ac.uk to /srm/managerv2?SFN=/pnfs/pp.rl.ac.uk/data/cms/store/user/dcieri/ttbar_PU140_DIGI/dcieri/ttbar/ttbar_PU140_DIGI/3c0380cf82de79bc39966c93934c61fc/ :
python cmscp.py  --destination srm://heplnx204.pp.rl.ac.uk:8443/srm/managerv2?SFN=/pnfs/pp.rl.ac.uk/data/cms/store/user/dcieri/ttbar_PU140_DIGI/dcieri/ttbar/ttbar_PU140_DIGI/3c0380cf82de79bc39966c93934c61fc/ --inputFileList /scratch/condor/dir_21648/glide_QjQjQG/execute/dir_11688/CMSSW_6_2_0_SLHC12/step2_440_1_crM.root --middleware LCG --PNN T2_UK_SGrid_RALPP --se_name heplnx204.pp.rl.ac.uk --for_lfn /store/user/dcieri/ttbar_PU140_DIGI/dcieri/ttbar/ttbar_PU140_DIGI/3c0380cf82de79bc39966c93934c61fc/    
******************************************************
localSeName  =  heplnx204.pp.rl.ac.uk
remoteSeName =  heplnx204.pp.rl.ac.uk
******************************************************
{"/scratch/condor/dir_21648/glide_QjQjQG/execute/dir_11688/CMSSW_6_2_0_SLHC12/step2_440_1_crM.root": {"endpoint": "srm://heplnx204.pp.rl.ac.uk:8443/srm/managerv2?SFN=/pnfs/pp.rl.ac.uk/data/cms/store/user/dcieri/ttbar_PU140_DIGI/dcieri/ttbar/ttbar_PU140_DIGI/3c0380cf82de79bc39966c93934c61fc/", "surl_for_grid": "", "reason": "Copy succedeed with srm-lcg utils", "erCode": "0", "PNN": "T2_UK_SGrid_RALPP", "se_name": "heplnx204.pp.rl.ac.uk", "for_lfn": "/store/user/dcieri/ttbar_PU140_DIGI/dcieri/ttbar/ttbar_PU140_DIGI/3c0380cf82de79bc39966c93934c61fc/"}}/scratch/condor/dir_21648/glide_QjQjQG/execute/dir_11688
-------- cat /scratch/condor/dir_21648/glide_QjQjQG/execute/dir_11688/cmscpReport.sh 
#!/bin/bash
echo "Report for File: /scratch/condor/dir_21648/glide_QjQjQG/execute/dir_11688/CMSSW_6_2_0_SLHC12/step2_440_1_crM.root"
echo "LFN: /store/user/dcieri/ttbar_PU140_DIGI/dcieri/ttbar/ttbar_PU140_DIGI/3c0380cf82de79bc39966c93934c61fc/step2_440_1_crM.root"
echo "StorageElement: heplnx204.pp.rl.ac.uk"
echo "StageOutExitStatusReason = 'Copy succedeed with srm-lcg utils'" | tee -a $RUNTIME_AREA/$repo
echo "StageOutSE = heplnx204.pp.rl.ac.uk" >> $RUNTIME_AREA/$repo

export StageOutExitStatus=0
echo "StageOutExitStatus = 0" | tee -a $RUNTIME_AREA/$repo
-------- end of /scratch/condor/dir_21648/glide_QjQjQG/execute/dir_11688/cmscpReport.sh 
Report for File: /scratch/condor/dir_21648/glide_QjQjQG/execute/dir_11688/CMSSW_6_2_0_SLHC12/step2_440_1_crM.root
LFN: /store/user/dcieri/ttbar_PU140_DIGI/dcieri/ttbar/ttbar_PU140_DIGI/3c0380cf82de79bc39966c93934c61fc/step2_440_1_crM.root
StorageElement: heplnx204.pp.rl.ac.uk
StageOutExitStatusReason = 'Copy succedeed with srm-lcg utils'
StageOutExitStatus = 0
>>> current dir: /scratch/condor/dir_21648/glide_QjQjQG/execute/dir_11688
>>> current dir content:
total 8824
-rw-------  1 cms415 gplcms    2798 Feb  2 23:22 .SEinteraction.log
-rwx------  1 cms415 gplcms      52 Feb  2 21:22 .chirp_config
-rwx------  1 cms415 gplcms    7830 Feb  2 21:22 .job.ad
-rwx------  1 cms415 gplcms    9824 Feb  2 21:22 .machine.ad
-rw-------  1 cms415 gplcms     105 Feb  2 12:16 CMSSW.py
-rw-------  1 cms415 gplcms  915837 Feb  2 12:16 CMSSW.py.pkl
-rwx------  1 cms415 gplcms   29498 Feb  2 21:23 CMSSW.sh
drwxr-xr-x 15 cms415 gplcms    4096 Feb  2 23:21 CMSSW_6_2_0_SLHC12
-rw-------  1 cms415 gplcms     190 Feb  2 21:23 CacheEnv.sh
-rw-------  1 cms415 gplcms    7291 Nov 19 14:52 DashboardAPI.py
-rw-------  1 cms415 gplcms    6470 Feb  2 21:23 DashboardAPI.pyc
drwx------  2 cms415 gplcms    4096 Feb  2 23:21 IMProv
-rw-------  1 cms415 gplcms    2748 Nov 19 14:52 Logger.py
-rw-------  1 cms415 gplcms    3232 Feb  2 21:23 Logger.pyc
-rw-------  1 cms415 gplcms   24524 Nov 19 14:52 ProcInfo.py
-rw-------  1 cms415 gplcms   22645 Feb  2 21:23 ProcInfo.pyc
drwx------  7 cms415 gplcms    4096 Feb  2 21:23 ProdCommon
drwx------  3 cms415 gplcms    4096 Feb  2 21:23 WMCore
-rw-------  1 cms415 gplcms    9638 Feb  2 23:22 Watchdog_440.log
-rwx------  1 cms415 gplcms       0 Feb  2 21:23 _condor_stderr
-rwx---r--  1 cms415 gplcms   38082 Feb  2 23:22 _condor_stdout
-rw-------  1 cms415 gplcms   32895 Nov 19 14:52 apmon.py
-rw-------  1 cms415 gplcms   27958 Feb  2 21:23 apmon.pyc
-rwx------  1 cms415 gplcms  134309 Feb  2 21:23 arguments.xml
-rwx------  1 cms415 gplcms   38581 Nov 19 14:52 cmscp.py
-rw-------  1 cms415 gplcms     562 Feb  2 23:22 cmscpReport.sh
-rwx------  1 cms415 gplcms   29498 Feb  2 21:23 condor_exec.exe
-rw-------  1 cms415 gplcms     544 Feb  2 12:16 crab.cfg
-rwx------  1 cms415 gplcms    8610 Nov 19 14:52 crabWatchdog.sh
-rwx---r--  1 cms415 gplcms  112099 Feb  2 23:21 crab_fjr_440.xml
-rwx------  1 cms415 gplcms 7390485 Feb  2 21:23 default.tgz
-rwx------  1 cms415 gplcms    4488 Nov 19 14:52 fillCrabFjr.py
-rw-------  1 cms415 gplcms     226 Feb  2 21:23 inputsReport.txt
-rw-------  1 cms415 gplcms     243 Feb  2 23:22 jobreport.txt
-rw-------  1 cms415 gplcms   17352 Nov 19 14:52 parseCrabFjr.py
-rw-------  1 cms415 gplcms     322 Feb  2 21:23 report.log
-rwx--x--x  1 cms415 gplcms    1497 Nov 19 14:52 report.py
-rw-------  1 cms415 gplcms     555 Feb  2 23:22 resultCopyFile
lrwxrwxrwx  1 cms415 gplcms      96 Feb  2 23:21 step2.root -> /scratch/condor/dir_21648/glide_QjQjQG/execute/dir_11688/CMSSW_6_2_0_SLHC12/step2_440_1_crM.root
-rwx------  1 cms415 gplcms    8351 Nov 19 14:52 writeCfg.py
-rw-------  1 cms415 gplcms   10293 Feb  2 21:22 x509up_u62281
>>> Modify Job Report:
CMSSW_VERSION = CMSSW_6_2_0_SLHC12
ProcessedDataset = ttbar_PU140_DIGI
/scratch/condor/dir_21648/glide_QjQjQG/execute/dir_11688/ProdCommon/FwkJobRep/ModifyJobReport.py fjr /scratch/condor/dir_21648/glide_QjQjQG/execute/dir_11688/crab_fjr_440.xml json /scratch/condor/dir_21648/glide_QjQjQG/execute/dir_11688/resultCopyFile n_job 440_1_crM PrimaryDataset ttbar  ApplicationFamily cmsRun ApplicationName cmsRun cmssw_version CMSSW_6_2_0_SLHC12 psethash 3c0380cf82de79bc39966c93934c61fc UserProcessedDataset dcieri-ttbar_PU140_DIGI-3c0380cf82de79bc39966c93934c61fc
inputDict =  {u'/scratch/condor/dir_21648/glide_QjQjQG/execute/dir_11688/CMSSW_6_2_0_SLHC12/step2_440_1_crM.root': {u'endpoint': u'srm://heplnx204.pp.rl.ac.uk:8443/srm/managerv2?SFN=/pnfs/pp.rl.ac.uk/data/cms/store/user/dcieri/ttbar_PU140_DIGI/dcieri/ttbar/ttbar_PU140_DIGI/3c0380cf82de79bc39966c93934c61fc/', u'surl_for_grid': u'', u'reason': u'Copy succedeed with srm-lcg utils', u'erCode': u'0', u'PNN': u'T2_UK_SGrid_RALPP', u'se_name': u'heplnx204.pp.rl.ac.uk', u'for_lfn': u'/store/user/dcieri/ttbar_PU140_DIGI/dcieri/ttbar/ttbar_PU140_DIGI/3c0380cf82de79bc39966c93934c61fc/'}}
UserProcessedDataset =  dcieri-ttbar_PU140_DIGI-3c0380cf82de79bc39966c93934c61fc
WORKING ON EDM FILE
file_name in inputDict =  /scratch/condor/dir_21648/glide_QjQjQG/execute/dir_11688/CMSSW_6_2_0_SLHC12/step2_440_1_crM.root
(size) os.stat(filename)[6] =  245143125
checksum =  2267474952
    file =  step2_440_1_crM.root
    newPfn =  srm://heplnx204.pp.rl.ac.uk:8443/srm/managerv2?SFN=/pnfs/pp.rl.ac.uk/data/cms/store/user/dcieri/ttbar_PU140_DIGI/dcieri/ttbar/ttbar_PU140_DIGI/3c0380cf82de79bc39966c93934c61fc/step2_440_1_crM.root
    newLfn =  /store/user/dcieri/ttbar_PU140_DIGI/dcieri/ttbar/ttbar_PU140_DIGI/3c0380cf82de79bc39966c93934c61fc/step2_440_1_crM.root
>>> crab_fjr_*.xml  permission set to 0704
CrabWrapper EXIT_FUNC entered at Mon Feb  2 23:22:48 GMT 2015   -  Mon Feb  2 23:22:48 UTC 2015
Checking output files:  
will tar file crab_fjr_440.xml in  out_files_440
WARNING: output file CMSSW_440.stdout not found!
WARNING: output file CMSSW_440.stderr not found!
WARNING: output file Watchdog_440.log.gz not found!
>>> padding time: Wrapper lasting more than 600 seconds. No sleep required.
STOPPING WATCHDOG. CrabWatchdog PID is 13246
********** LAST 50 LINES OF WATCHDOG LOG
 Feb 02 21:37:39 GMT	13379	834540	1228136	52	53	843	cmsRun -j /scratch/condor/dir_21648/glide_QjQjQG/execute/dir_11688/crab_fjr_440.xml -p pset.py      
 Feb 02 21:38:39 GMT	13379	834540	1229416	52	54	903	cmsRun -j /scratch/condor/dir_21648/glide_QjQjQG/execute/dir_11688/crab_fjr_440.xml -p pset.py      
 Feb 02 21:40:39 GMT	13379	834540	1230696	52	57	1024	cmsRun -j /scratch/condor/dir_21648/glide_QjQjQG/execute/dir_11688/crab_fjr_440.xml -p pset.py      
 Feb 02 21:42:40 GMT	13379	834540	1230952	52	60	1144	cmsRun -j /scratch/condor/dir_21648/glide_QjQjQG/execute/dir_11688/crab_fjr_440.xml -p pset.py      
 Feb 02 21:45:41 GMT	13379	834540	1241192	52	65	1325	cmsRun -j /scratch/condor/dir_21648/glide_QjQjQG/execute/dir_11688/crab_fjr_440.xml -p pset.py      
 Feb 02 21:46:41 GMT	13379	834540	1242984	52	67	1385	cmsRun -j /scratch/condor/dir_21648/glide_QjQjQG/execute/dir_11688/crab_fjr_440.xml -p pset.py      
 Feb 02 21:47:41 GMT	13379	834540	1253992	52	70	1446	cmsRun -j /scratch/condor/dir_21648/glide_QjQjQG/execute/dir_11688/crab_fjr_440.xml -p pset.py      
 Feb 02 21:48:42 GMT	13379	834540	1256296	52	73	1506	cmsRun -j /scratch/condor/dir_21648/glide_QjQjQG/execute/dir_11688/crab_fjr_440.xml -p pset.py      
 Feb 02 21:49:42 GMT	13379	834540	1268072	52	77	1566	cmsRun -j /scratch/condor/dir_21648/glide_QjQjQG/execute/dir_11688/crab_fjr_440.xml -p pset.py      
 Feb 02 21:50:42 GMT	13379	893244	1378408	52	86	1626	cmsRun -j /scratch/condor/dir_21648/glide_QjQjQG/execute/dir_11688/crab_fjr_440.xml -p pset.py      
 Feb 02 21:51:42 GMT	13379	911116	1395816	52	90	1686	cmsRun -j /scratch/condor/dir_21648/glide_QjQjQG/execute/dir_11688/crab_fjr_440.xml -p pset.py      
 Feb 02 21:53:43 GMT	13379	913908	1407860	52	95	1807	cmsRun -j /scratch/condor/dir_21648/glide_QjQjQG/execute/dir_11688/crab_fjr_440.xml -p pset.py      
 Feb 02 21:54:43 GMT	13379	1117400	1592688	52	111	1867	cmsRun -j /scratch/condor/dir_21648/glide_QjQjQG/execute/dir_11688/crab_fjr_440.xml -p pset.py      
 Feb 02 21:55:43 GMT	13379	1117400	1689944	52	123	1927	cmsRun -j /scratch/condor/dir_21648/glide_QjQjQG/execute/dir_11688/crab_fjr_440.xml -p pset.py      
 Feb 02 21:55:43 GMT	---	1117400	1689944	74	----	----	----
 Feb 02 22:02:45 GMT	13379	1117400	1693528	74	142	2349	cmsRun -j /scratch/condor/dir_21648/glide_QjQjQG/execute/dir_11688/crab_fjr_440.xml -p pset.py      
 Feb 02 22:03:45 GMT	13379	1117400	1699416	74	147	2409	cmsRun -j /scratch/condor/dir_21648/glide_QjQjQG/execute/dir_11688/crab_fjr_440.xml -p pset.py      
 Feb 02 22:04:45 GMT	13379	1119884	1703000	74	154	2469	cmsRun -j /scratch/condor/dir_21648/glide_QjQjQG/execute/dir_11688/crab_fjr_440.xml -p pset.py      
 Feb 02 22:05:45 GMT	13379	1151804	1703000	74	160	2529	cmsRun -j /scratch/condor/dir_21648/glide_QjQjQG/execute/dir_11688/crab_fjr_440.xml -p pset.py      
 Feb 02 22:06:45 GMT	13379	1241372	1718872	74	169	2590	cmsRun -j /scratch/condor/dir_21648/glide_QjQjQG/execute/dir_11688/crab_fjr_440.xml -p pset.py      
 Feb 02 22:07:46 GMT	13379	1268548	1763928	74	175	2650	cmsRun -j /scratch/condor/dir_21648/glide_QjQjQG/execute/dir_11688/crab_fjr_440.xml -p pset.py      
 Feb 02 22:08:46 GMT	---	1268548	1763928	96	----	----	----
 Feb 02 22:25:50 GMT	13379	1268548	1772040	96	230	3734	cmsRun -j /scratch/condor/dir_21648/glide_QjQjQG/execute/dir_11688/crab_fjr_440.xml -p pset.py      
 Feb 02 22:26:50 GMT	13379	1268548	1786120	96	237	3794	cmsRun -j /scratch/condor/dir_21648/glide_QjQjQG/execute/dir_11688/crab_fjr_440.xml -p pset.py      
 Feb 02 22:27:50 GMT	13379	1272152	1787656	96	241	3854	cmsRun -j /scratch/condor/dir_21648/glide_QjQjQG/execute/dir_11688/crab_fjr_440.xml -p pset.py      
 Feb 02 22:28:50 GMT	13379	1272152	1791240	96	259	3915	cmsRun -j /scratch/condor/dir_21648/glide_QjQjQG/execute/dir_11688/crab_fjr_440.xml -p pset.py      
 Feb 02 22:28:50 GMT	---	1272152	1791240	119	----	----	----
 Feb 02 22:32:51 GMT	13379	1272152	1792008	119	275	4155	cmsRun -j /scratch/condor/dir_21648/glide_QjQjQG/execute/dir_11688/crab_fjr_440.xml -p pset.py      
 Feb 02 22:33:52 GMT	13379	1272152	1794056	119	279	4216	cmsRun -j /scratch/condor/dir_21648/glide_QjQjQG/execute/dir_11688/crab_fjr_440.xml -p pset.py      
 Feb 02 22:35:52 GMT	13379	1272152	1804296	119	288	4336	cmsRun -j /scratch/condor/dir_21648/glide_QjQjQG/execute/dir_11688/crab_fjr_440.xml -p pset.py      
 Feb 02 22:36:52 GMT	13379	1272152	1806856	119	295	4396	cmsRun -j /scratch/condor/dir_21648/glide_QjQjQG/execute/dir_11688/crab_fjr_440.xml -p pset.py      
 Feb 02 22:37:52 GMT	13379	1294416	1825032	119	308	4456	cmsRun -j /scratch/condor/dir_21648/glide_QjQjQG/execute/dir_11688/crab_fjr_440.xml -p pset.py      
 Feb 02 22:38:52 GMT	13379	1301140	1828872	119	314	4517	cmsRun -j /scratch/condor/dir_21648/glide_QjQjQG/execute/dir_11688/crab_fjr_440.xml -p pset.py      
 Feb 02 22:39:53 GMT	---	1301140	1828872	143	----	----	----
 Feb 02 22:44:54 GMT	13379	1301140	1832460	143	358	4878	cmsRun -j /scratch/condor/dir_21648/glide_QjQjQG/execute/dir_11688/crab_fjr_440.xml -p pset.py      
 Feb 02 22:45:54 GMT	13379	1341640	1848588	143	371	4938	cmsRun -j /scratch/condor/dir_21648/glide_QjQjQG/execute/dir_11688/crab_fjr_440.xml -p pset.py      
 Feb 02 22:47:55 GMT	13379	1411388	1880588	143	381	5059	cmsRun -j /scratch/condor/dir_21648/glide_QjQjQG/execute/dir_11688/crab_fjr_440.xml -p pset.py      
 Feb 02 22:48:55 GMT	---	1411388	1880588	163	----	----	----
 Feb 02 22:57:57 GMT	---	1411388	1880588	185	----	----	----
 Feb 02 23:03:58 GMT	---	1411388	1880588	207	----	----	----
 Feb 02 23:07:59 GMT	13379	1411388	1886476	207	560	6263	cmsRun -j /scratch/condor/dir_21648/glide_QjQjQG/execute/dir_11688/crab_fjr_440.xml -p pset.py      
 Feb 02 23:08:59 GMT	13379	1411388	1905676	207	579	6323	cmsRun -j /scratch/condor/dir_21648/glide_QjQjQG/execute/dir_11688/crab_fjr_440.xml -p pset.py      
 Feb 02 23:09:59 GMT	---	1411388	1905676	227	----	----	----
 Feb 02 23:16:00 GMT	13379	1411388	1914380	227	643	6744	cmsRun -j /scratch/condor/dir_21648/glide_QjQjQG/execute/dir_11688/crab_fjr_440.xml -p pset.py      
# TIME			PID	RSS(KB)	VSZ(KB)	Dsk(MB)	tCPU(s)	tWALL(s)	COMMAND
 Feb 02 23:17:00 GMT	13379	1411388	1946636	227	662	6805	cmsRun -j /scratch/condor/dir_21648/glide_QjQjQG/execute/dir_11688/crab_fjr_440.xml -p pset.py      
 Feb 02 23:17:00 GMT	---	1411388	1946636	251	----	----	----
 Feb 02 23:19:02 GMT	13379	1411388	1954060	251	680	6926	cmsRun -j /scratch/condor/dir_21648/glide_QjQjQG/execute/dir_11688/crab_fjr_440.xml -p pset.py      
 Feb 02 23:20:02 GMT	13379	1411388	1967372	251	691	6986	cmsRun -j /scratch/condor/dir_21648/glide_QjQjQG/execute/dir_11688/crab_fjr_440.xml -p pset.py      
 Feb 02 23:22:02 GMT	---	1411388	1967372	272	----	----	----
********** WATCHDOG LOG ENDED
ZIPPING WATCHDOG LOG
Disk space used:
du -sh /scratch/condor/dir_21648/glide_QjQjQG/execute/dir_11688
272M	/scratch/condor/dir_21648/glide_QjQjQG/execute/dir_11688
Found unusual stdout, rename for OSB
`/scratch/condor/dir_21648/glide_QjQjQG/execute/dir_11688/_condor_stdout' -> `CMSSW_440.stdout'
Found unusual stderr, rename for OSB
`/scratch/condor/dir_21648/glide_QjQjQG/execute/dir_11688/_condor_stdout' -> `CMSSW_440.stderr'
crab_fjr_440.xml
CMSSW_440.stdout
CMSSW_440.stderr
Watchdog_440.log.gz
Total Output dimension: 23996
WARNING: output files size limit is set to: 50000000
Total Output dimension 23996 is fine.
JOB_EXIT_STATUS = 0
>>> info for dashboard:
***** Cat /scratch/condor/dir_21648/glide_QjQjQG/execute/dir_11688/jobreport.txt *****
MonitorJobID=440_https://submit-6.t2.ucsd.edu//150202//509448.39
MonitorID=dcieri_PU140_4dm08r
ExeTime=7096
ExeExitCode=0
StageOutExitStatusReason = 'Copy succedeed with srm-lcg utils'
StageOutSE = heplnx204.pp.rl.ac.uk
StageOutExitStatus = 0
CrabUserCpuTime=703.45
CrabSysCpuTime=20.86
CrabCpuPercentage=10%
CrabWrapperTime=7156
CrabStageoutTime=48
JobExitCode=0
***** End Cat jobreport *****
Parameters sent to Dashboard.
EXITING at Mon Feb  2 23:22:50 GMT 2015  -  Mon Feb  2 23:22:50 UTC 2015
