This script was generated by crab (version 2.11.1_patch1).
Running /scratch/condor/dir_1079/glide_KWOS0Y/execute/dir_17150/condor_exec.exe with 2 positional parameters: 55 1
Today is Mon Feb  2 19:18:46 GMT 2015 - Mon Feb  2 19:18:46 UTC 2015
Job submitted on host heplnc036.pp.rl.ac.uk
Linux heplnc036.pp.rl.ac.uk 2.6.32-504.3.3.el6.x86_64 #1 SMP Tue Dec 16 14:29:22 CST 2014 x86_64 x86_64 x86_64 GNU/Linux
Distributor ID:	Scientific
Description:	Scientific Linux release 6.6 (Carbon)
>>> current directory (RUNTIME_AREA): /scratch/condor/dir_1079/glide_KWOS0Y/execute/dir_17150
>>> current user: uid=157415(cms415) gid=157000(gplcms) groups=157000(gplcms)
>>> directory permission set to 0700
>>> umask set to:  u=rwx,g=,o=
>>> stdout stderr permission set to 0704
>>> voms proxy information:
subject   : /DC=ch/DC=cern/OU=Organic Units/OU=Users/CN=dcieri/CN=755391/CN=Davide Cieri/CN=769881070/CN=769777446
issuer    : /DC=ch/DC=cern/OU=Organic Units/OU=Users/CN=dcieri/CN=755391/CN=Davide Cieri/CN=769881070
identity  : /DC=ch/DC=cern/OU=Organic Units/OU=Users/CN=dcieri/CN=755391/CN=Davide Cieri
type      : RFC3820 compliant limited proxy
strength  : 1024
path      : /scratch/condor/dir_1079/glide_KWOS0Y/execute/dir_17150/x509up_u62281
timeleft  : 23:59:19
key usage : Digital Signature, Key Encipherment
=== VO cms extension information ===
VO        : cms
subject   : /DC=ch/DC=cern/OU=Organic Units/OU=Users/CN=dcieri/CN=755391/CN=Davide Cieri
issuer    : /DC=ch/DC=cern/OU=computers/CN=lcg-voms2.cern.ch
attribute : /cms/Role=NULL/Capability=NULL
timeleft  : 184:57:38
uri       : lcg-voms2.cern.ch:15002

WNHostName=heplnc036.pp.rl.ac.uk
$_CONDOR_JOB_AD =/scratch/condor/dir_1079/glide_KWOS0Y/execute/dir_17150/.job.ad
OverflowFlag=0
>>> tar --no-same-permissions -xf /scratch/condor/dir_1079/glide_KWOS0Y/execute/dir_17150/default.tgz :
Successful untar
>>> Include /scratch/condor/dir_1079/glide_KWOS0Y/execute/dir_17150 in PYTHONPATH:
strip arguments
env var CRAB_UNIQUE_JOB_ID set to: dcieri_PU140_4dm08r_55_1_JVu
out_files_55
>>> list of expected files on output sandbox
output files: crab_fjr_55.xml CMSSW_55.stdout CMSSW_55.stderr Watchdog_55.log.gz
>>> GridFlavour discovery: 
GridFlavour=LCG
>>> SyncSite discovery: 
SyncSite=T2_UK_SGrid_RALPP
>>> SyncCE discovery: 
getting SyncCE from GLIDEIN_Gaekeeper
SyncCE=heplnv147.pp.rl.ac.uk
>>> info for dashboard:
***** Cat /scratch/condor/dir_1079/glide_KWOS0Y/execute/dir_17150/jobreport.txt *****
WNHostName=heplnc036.pp.rl.ac.uk
OverflowFlag=0
MonitorJobID=55_https://submit-6.t2.ucsd.edu//150202//509447.54
SyncGridJobId=https://submit-6.t2.ucsd.edu//150202//509447.54
MonitorID=dcieri_PU140_4dm08r
GridFlavour=LCG
SyncSite=T2_UK_SGrid_RALPP
SyncCE=heplnv147.pp.rl.ac.uk
***** End Cat jobreport *****
Parameters sent to Dashboard.
>>> setup environment
set SCRAM ARCH to slc6_amd64_gcc472
SCRAM_ARCH = slc6_amd64_gcc472
>>> setup CMS LCG environment:
set SCRAM ARCH and BUILD_ARCH to slc6_amd64_gcc472 ###
Sourcing environment... 
sourcing /cvmfs/cms.cern.ch/cmsset_default.sh
==> setup cms environment ok
>>> specific cmssw setup environment:
CMSSW_VERSION =  CMSSW_6_2_0_SLHC12
WARNING: In non-interactive mode release checks e.g. deprecated releases, production architectures are disabled.
>>> current directory (SOFTWARE_DIR): /scratch/condor/dir_1079/glide_KWOS0Y/execute/dir_17150/CMSSW_6_2_0_SLHC12
PreserveSeeds: <>
IncrementSeeds:<>
>>> info for dashboard:
***** Cat /scratch/condor/dir_1079/glide_KWOS0Y/execute/dir_17150/jobreport.txt *****
MonitorJobID=55_https://submit-6.t2.ucsd.edu//150202//509447.54
MonitorID=dcieri_PU140_4dm08r
***** End Cat jobreport *****
Parameters sent to Dashboard.
crabWatchdog started as process 18560
>>> moving CMSSW software directories in /scratch/condor/dir_1079/glide_KWOS0Y/execute/dir_17150/CMSSW_6_2_0_SLHC12
mv: cannot stat `/scratch/condor/dir_1079/glide_KWOS0Y/execute/dir_17150/module/': No such file or directory
>>> Include /scratch/condor/dir_1079/glide_KWOS0Y/execute/dir_17150 in PYTHONPATH:
PYTHONPATH=/scratch/condor/dir_1079/glide_KWOS0Y/execute/dir_17150/:/scratch/condor/dir_1079/glide_KWOS0Y/execute/dir_17150/CMSSW_6_2_0_SLHC12/python:/scratch/condor/dir_1079/glide_KWOS0Y/execute/dir_17150/CMSSW_6_2_0_SLHC12/lib/slc6_amd64_gcc472:/cvmfs/cms.cern.ch/slc6_amd64_gcc472/cms/cmssw/CMSSW_6_2_0_SLHC12/python:/cvmfs/cms.cern.ch/slc6_amd64_gcc472/cms/cmssw/CMSSW_6_2_0_SLHC12/lib/slc6_amd64_gcc472:/cvmfs/cms.cern.ch/slc6_amd64_gcc472/cms/coral/CORAL_2_3_21-cms35/slc6_amd64_gcc472/python:/cvmfs/cms.cern.ch/slc6_amd64_gcc472/cms/coral/CORAL_2_3_21-cms35/slc6_amd64_gcc472/lib:/cvmfs/cms.cern.ch/slc6_amd64_gcc472/external/python-ldap/2.3.5-cms5/lib/python2.7/site-packages:/cvmfs/cms.cern.ch/slc6_amd64_gcc472/external/pyqt/4.8.1-cms5/lib/python2.7/site-packages:/cvmfs/cms.cern.ch/slc6_amd64_gcc472/external/py2-scipy/0.8.0-cms7/lib/python2.7/site-packages:/cvmfs/cms.cern.ch/slc6_amd64_gcc472/external/py2-matplotlib/1.0.1-cms7/lib/python2.7/site-packages:/cvmfs/cms.cern.ch/slc6_amd64_gcc472/external/sip/4.11.2-cms5/lib/python2.7/site-packages:/cvmfs/cms.cern.ch/slc6_amd64_gcc472/external/py2-pycurl/7.19.0-cms7/lib/python2.7/site-packages:/cvmfs/cms.cern.ch/slc6_amd64_gcc472/external/py2-numpy/1.6.1-cms7/lib/python2.7/site-packages:/cvmfs/cms.cern.ch/slc6_amd64_gcc472/external/py2-lint/0.25.1-cms5/lib/python2.7/site-packages:/cvmfs/cms.cern.ch/slc6_amd64_gcc472/external/py2-ipython/0.10-cms5/lib/python2.7/site-packages:/cvmfs/cms.cern.ch/slc6_amd64_gcc472/external/py2-cx-oracle/5.1-cms5/lib/python2.7/site-packages:/cvmfs/cms.cern.ch/slc6_amd64_gcc472/external/py2-cjson/1.0.5-cms5/lib/python2.7/site-packages:/cvmfs/cms.cern.ch/slc6_amd64_gcc472/cms/das-client/1.11.7/bin:/cvmfs/cms.cern.ch/slc6_amd64_gcc472/external/elementtree/1.2.6-cms5/share/lib/python2.7/site-packages:/cvmfs/cms.cern.ch/slc6_amd64_gcc472/external/rivet/1.8.2-cms9/lib/python2.7/site-packages:/cvmfs/cms.cern.ch/slc6_amd64_gcc472/external/pyminuit2/0.0.1-cms19/lib/python2.7/site-packages:/cvmfs/cms.cern.ch/slc6_amd64_gcc472/external/py2-pygithub/1.23.0-cms2/lib/python2.7/site-packages:/cvmfs/cms.cern.ch/slc6_amd64_gcc472/external/professor/1.0.0-cms19/lib/python2.7/site-packages:/cvmfs/cms.cern.ch/slc6_amd64_gcc472/lcg/root/5.34.07-cms/lib:/cvmfs/cms.cern.ch/slc6_amd64_gcc472/cms/dbs-client/DBS_2_1_9-cms5/lib:/cvmfs/cms.cern.ch/slc6_amd64_gcc472/cms/dbs-client/DBS_2_1_9-cms5/lib/DBSAPI:/cvmfs/cms.cern.ch/slc6_amd64_gcc472/external/cvs2git/5419-cms/lib:/scratch/condor/dir_1079/glide_KWOS0Y/execute/dir_17150/
 
# LIMITS USED BY CRAB WATCHDOG:
# RSS  (KBytes)   : 2300000
# VSZ  (KBytes)   : 100000000
# DISK (MBytes)   : 19000
# CPU TIME        : 720h:0m:0s
# WALL CLOCK TIME : 21h:50m:0s
 
3c0380cf82de79bc39966c93934c61fc
PSETHASH = 3c0380cf82de79bc39966c93934c61fc
/scratch/condor/dir_1079/glide_KWOS0Y/execute/dir_17150/writeCfg.py pset.py pset.py
Importing .py file
Setting parameters
RandomNumberGeneratorService found, will attempt to change seeds
inputBlocks=/ttbar/dcieri-ttbar_SIM-130075366148575c102f0d64fd3ac8f7/USER#61fb3af0-2cd9-4c22-a912-0e1a7ef51606
inputFiles=/store/user/dcieri/ttbar_SIM/ttbar/ttbar_SIM/150129_145223/0000/step1_50.root
parentFiles=
lumisRange=
>>> Executable cmsRun
/cvmfs/cms.cern.ch/slc6_amd64_gcc472/cms/cmssw/CMSSW_6_2_0_SLHC12/bin/slc6_amd64_gcc472/cmsRun
ok executable found
>>> info for dashboard:
***** Cat /scratch/condor/dir_1079/glide_KWOS0Y/execute/dir_17150/jobreport.txt *****
MonitorJobID=55_https://submit-6.t2.ucsd.edu//150202//509447.54
MonitorID=dcieri_PU140_4dm08r
ExeStart=cmsRun
***** End Cat jobreport *****
Parameters sent to Dashboard.
>>> cmsRun started at Mon Feb  2 19:18:55 UTC 2015
>>> cmsRun ended at Mon Feb  2 22:50:04 UTC 2015
>>> crab_fjr_*.xml  permission set to 0704
>>> info for dashboard:
***** Cat /scratch/condor/dir_1079/glide_KWOS0Y/execute/dir_17150/jobreport.txt *****
MonitorJobID=55_https://submit-6.t2.ucsd.edu//150202//509447.54
MonitorID=dcieri_PU140_4dm08r
ExeEnd=cmsRun
***** End Cat jobreport *****
Parameters sent to Dashboard.
TIME_EXE = 12669 sec
>>> cmsRun wrote 242 lines of stdout+stderr
>>> START OF printout of 242 lines from stdout+stderr
271 DQMStore::DQMStore 
HcalTopologyIdealEP::HcalTopologyIdealEP
02-Feb-2015 19:19:05 GMT  Initiating request to open file root://dcap.pp.rl.ac.uk:1094/pnfs/pp.rl.ac.uk/data/cms/store/user/dcieri/ttbar_SIM/ttbar/ttbar_SIM/150129_145223/0000/step1_50.root
02-Feb-2015 19:19:06 GMT  Successfully opened file root://dcap.pp.rl.ac.uk:1094/pnfs/pp.rl.ac.uk/data/cms/store/user/dcieri/ttbar_SIM/ttbar/ttbar_SIM/150129_145223/0000/step1_50.root
02-Feb-2015 19:19:07 GMT  Initiating request to open file root://xrootd.unl.edu//store/group/dpg_trigger/comm_trigger/L1TrackTrigger/620_SLHC10/Extended2023TTI/MinBias/MinBias_TuneZ2star_GEN_SIM_1.root
02-Feb-2015 19:19:44 GMT  Successfully opened file root://xrootd.unl.edu//store/group/dpg_trigger/comm_trigger/L1TrackTrigger/620_SLHC10/Extended2023TTI/MinBias/MinBias_TuneZ2star_GEN_SIM_1.root
disableME1a = 0
HcalTopologyIdealEP::produce(const IdealGeometryRecord& iRecord)
mode = 2, maxDepthHB = 3, maxDepthHE = 5
RPCGeometryESModule :: produce
RPCGeometryESModule :: produce :: 1/4 Get Muon Ideal Geometry Record
RPCGeometryESModule :: produce :: 2/4 Get Muon DDD Constants
RPCGeometryESModule :: produce :: 3/4 Get Muon Numbering Record
in MuonNumberingInitialization::initializeMuonDDDConstants
about to make my new muonDDDConst_
in MuonNumberingInitialization::produce
RPCGeometryESModule :: produce :: 4/4 Build
Found:

	Barrel Stack layer 5 : 1008 stacks
	Barrel Stack layer 6 : 1320 stacks
	Barrel Stack layer 7 : 1836 stacks
	Barrel Stack layer 8 : 1152 stacks
	Barrel Stack layer 9 : 1488 stacks
	Barrel Stack layer 10 : 1824 stacks

	Endcap Stack disk 11 : 1360 stacks
	Endcap Stack disk 12 : 1360 stacks
	Endcap Stack disk 13 : 1360 stacks
	Endcap Stack disk 14 : 1360 stacks
	Endcap Stack disk 15 : 1360 stacks
Created 15428 stacks in 18 s

TTClusterBuilder< edm::Ref<edm::DetSetVector<PixelDigi>, PixelDigi, edm::refhelper::FindForDetSetVector<PixelDigi> > > loaded modules:
	TTClusterAlgorithm:	TTClusterAlgorithm_2d2013< edm::Ref<edm::DetSetVector<PixelDigi>, PixelDigi, edm::refhelper::FindForDetSetVector<PixelDigi> > >


TTStubBuilder< edm::Ref<edm::DetSetVector<PixelDigi>, PixelDigi, edm::refhelper::FindForDetSetVector<PixelDigi> > > loaded modules:
	TTStubAlgorithm:	TTStubAlgorithm_tab2013< edm::Ref<edm::DetSetVector<PixelDigi>, PixelDigi, edm::refhelper::FindForDetSetVector<PixelDigi> > >


TTClusterAssociator< edm::Ref<edm::DetSetVector<PixelDigi>, PixelDigi, edm::refhelper::FindForDetSetVector<PixelDigi> > > loaded.


TTStubAssociator< edm::Ref<edm::DetSetVector<PixelDigi>, PixelDigi, edm::refhelper::FindForDetSetVector<PixelDigi> > > loaded.


TTTrackAssociator< edm::Ref<edm::DetSetVector<PixelDigi>, PixelDigi, edm::refhelper::FindForDetSetVector<PixelDigi> > > loaded.

Begin processing the 1st record. Run 1, Event 491, LumiSection 50 at 02-Feb-2015 19:20:20.786 GMT
02-Feb-2015 19:20:28 GMT  Closed file root://xrootd.unl.edu//store/group/dpg_trigger/comm_trigger/L1TrackTrigger/620_SLHC10/Extended2023TTI/MinBias/MinBias_TuneZ2star_GEN_SIM_1.root
02-Feb-2015 19:20:28 GMT  Initiating request to open file root://xrootd.unl.edu//store/group/dpg_trigger/comm_trigger/L1TrackTrigger/620_SLHC10/Extended2023TTI/MinBias/MinBias_TuneZ2star_GEN_SIM_855.root
02-Feb-2015 19:21:00 GMT  Successfully opened file root://xrootd.unl.edu//store/group/dpg_trigger/comm_trigger/L1TrackTrigger/620_SLHC10/Extended2023TTI/MinBias/MinBias_TuneZ2star_GEN_SIM_855.root
150202 19:25:35 20242 Xrd: XrdClientMessage::ReadRaw: Failed to read header (8 bytes).
150202 19:26:05 20240 Xrd: XrdClientMessage::ReadRaw: Failed to read header (8 bytes).
02-Feb-2015 19:32:25 GMT  Closed file root://xrootd.unl.edu//store/group/dpg_trigger/comm_trigger/L1TrackTrigger/620_SLHC10/Extended2023TTI/MinBias/MinBias_TuneZ2star_GEN_SIM_855.root
02-Feb-2015 19:32:25 GMT  Initiating request to open file root://xrootd.unl.edu//store/group/dpg_trigger/comm_trigger/L1TrackTrigger/620_SLHC10/Extended2023TTI/MinBias/MinBias_TuneZ2star_GEN_SIM_973.root
150202 19:32:56 10585 Xrd: CheckErrorStatus: Server [llrxrd-redir.in2p3.fr:1094] declared: session not found(error code: 3011)
02-Feb-2015 19:32:56 GMT  Successfully opened file root://xrootd.unl.edu//store/group/dpg_trigger/comm_trigger/L1TrackTrigger/620_SLHC10/Extended2023TTI/MinBias/MinBias_TuneZ2star_GEN_SIM_973.root
150202 19:37:35 22525 Xrd: XrdClientMessage::ReadRaw: Failed to read header (8 bytes).
150202 19:38:05 11511 Xrd: XrdClientMessage::ReadRaw: Failed to read header (8 bytes).
150202 19:39:35 19163 Xrd: XrdClientMessage::ReadRaw: Failed to read header (8 bytes).
150202 19:39:35 19164 Xrd: XrdClientMessage::ReadRaw: Failed to read header (8 bytes).
150202 19:40:05 20239 Xrd: XrdClientMessage::ReadRaw: Failed to read header (8 bytes).
02-Feb-2015 19:44:36 GMT  Closed file root://xrootd.unl.edu//store/group/dpg_trigger/comm_trigger/L1TrackTrigger/620_SLHC10/Extended2023TTI/MinBias/MinBias_TuneZ2star_GEN_SIM_973.root
02-Feb-2015 19:44:36 GMT  Initiating request to open file root://xrootd.unl.edu//store/group/dpg_trigger/comm_trigger/L1TrackTrigger/620_SLHC10/Extended2023TTI/MinBias/MinBias_TuneZ2star_GEN_SIM_963.root
150202 19:44:51 32552 Xrd: CheckErrorStatus: Server [xrootd-redic.pi.infn.it:1094] declared: session not found(error code: 3011)
02-Feb-2015 19:44:51 GMT  Successfully opened file root://xrootd.unl.edu//store/group/dpg_trigger/comm_trigger/L1TrackTrigger/620_SLHC10/Extended2023TTI/MinBias/MinBias_TuneZ2star_GEN_SIM_963.root
Building the geometry service
Warning did not find digi
Warning did not find digi
Warning did not find digi
Warning did not find digi
Warning did not find digi in disks
Warning did not find digi in disks
Warning did not find digi in disks
Warning did not find digi in disks
150202 19:50:05 11512 Xrd: XrdClientMessage::ReadRaw: Failed to read header (8 bytes).
150202 19:50:06 373 Xrd: XrdClientMessage::ReadRaw: Failed to read header (8 bytes).
150202 19:53:05 22524 Xrd: XrdClientMessage::ReadRaw: Failed to read header (8 bytes).
02-Feb-2015 19:56:21 GMT  Closed file root://xrootd.unl.edu//store/group/dpg_trigger/comm_trigger/L1TrackTrigger/620_SLHC10/Extended2023TTI/MinBias/MinBias_TuneZ2star_GEN_SIM_963.root
02-Feb-2015 19:56:21 GMT  Initiating request to open file root://xrootd.unl.edu//store/group/dpg_trigger/comm_trigger/L1TrackTrigger/620_SLHC10/Extended2023TTI/MinBias/MinBias_TuneZ2star_GEN_SIM_640.root
150202 19:56:53 21315 Xrd: CheckErrorStatus: Server [cms-xrd-global.cern.ch:1094] declared: session not found(error code: 3011)
150202 19:56:53 21315 Xrd: CheckErrorStatus: Server [llrxrd-redir.in2p3.fr:1094] declared: session not found(error code: 3011)
02-Feb-2015 19:56:53 GMT  Successfully opened file root://xrootd.unl.edu//store/group/dpg_trigger/comm_trigger/L1TrackTrigger/620_SLHC10/Extended2023TTI/MinBias/MinBias_TuneZ2star_GEN_SIM_640.root
150202 20:01:35 374 Xrd: XrdClientMessage::ReadRaw: Failed to read header (8 bytes).
150202 20:02:06 21839 Xrd: XrdClientMessage::ReadRaw: Failed to read header (8 bytes).
150202 20:05:05 372 Xrd: XrdClientMessage::ReadRaw: Failed to read header (8 bytes).
02-Feb-2015 20:05:37 GMT  Closed file root://xrootd.unl.edu//store/group/dpg_trigger/comm_trigger/L1TrackTrigger/620_SLHC10/Extended2023TTI/MinBias/MinBias_TuneZ2star_GEN_SIM_640.root
02-Feb-2015 20:05:37 GMT  Initiating request to open file root://xrootd.unl.edu//store/group/dpg_trigger/comm_trigger/L1TrackTrigger/620_SLHC10/Extended2023TTI/MinBias/MinBias_TuneZ2star_GEN_SIM_846.root
150202 20:05:47 10084 Xrd: CheckErrorStatus: Server [cms-xrd-global.cern.ch:1094] declared: session not found(error code: 3011)
150202 20:05:47 10084 Xrd: CheckErrorStatus: Server [xrootd.ba.infn.it:1094] declared: session not found(error code: 3011)
02-Feb-2015 20:05:47 GMT  Successfully opened file root://xrootd.unl.edu//store/group/dpg_trigger/comm_trigger/L1TrackTrigger/620_SLHC10/Extended2023TTI/MinBias/MinBias_TuneZ2star_GEN_SIM_846.root
150202 20:11:05 21840 Xrd: XrdClientMessage::ReadRaw: Failed to read header (8 bytes).
150202 20:11:06 10201 Xrd: XrdClientMessage::ReadRaw: Failed to read header (8 bytes).
02-Feb-2015 20:13:14 GMT  Closed file root://xrootd.unl.edu//store/group/dpg_trigger/comm_trigger/L1TrackTrigger/620_SLHC10/Extended2023TTI/MinBias/MinBias_TuneZ2star_GEN_SIM_846.root
02-Feb-2015 20:13:14 GMT  Initiating request to open file root://xrootd.unl.edu//store/group/dpg_trigger/comm_trigger/L1TrackTrigger/620_SLHC10/Extended2023TTI/MinBias/MinBias_TuneZ2star_GEN_SIM_376.root
150202 20:13:45 27293 Xrd: CheckErrorStatus: Server [llrxrd-redir.in2p3.fr:1094] declared: session not found(error code: 3011)
02-Feb-2015 20:13:45 GMT  Successfully opened file root://xrootd.unl.edu//store/group/dpg_trigger/comm_trigger/L1TrackTrigger/620_SLHC10/Extended2023TTI/MinBias/MinBias_TuneZ2star_GEN_SIM_376.root
150202 20:18:36 10202 Xrd: XrdClientMessage::ReadRaw: Failed to read header (8 bytes).
150202 20:19:05 28126 Xrd: XrdClientMessage::ReadRaw: Failed to read header (8 bytes).
02-Feb-2015 20:23:55 GMT  Closed file root://xrootd.unl.edu//store/group/dpg_trigger/comm_trigger/L1TrackTrigger/620_SLHC10/Extended2023TTI/MinBias/MinBias_TuneZ2star_GEN_SIM_376.root
02-Feb-2015 20:23:55 GMT  Initiating request to open file root://xrootd.unl.edu//store/group/dpg_trigger/comm_trigger/L1TrackTrigger/620_SLHC10/Extended2023TTI/MinBias/MinBias_TuneZ2star_GEN_SIM_653.root
150202 20:24:26 27481 Xrd: CheckErrorStatus: Server [cms-xrd-global.cern.ch:1094] declared: session not found(error code: 3011)
150202 20:24:26 27481 Xrd: CheckErrorStatus: Server [xrootd-redic.pi.infn.it:1094] declared: session not found(error code: 3011)
02-Feb-2015 20:24:27 GMT  Successfully opened file root://xrootd.unl.edu//store/group/dpg_trigger/comm_trigger/L1TrackTrigger/620_SLHC10/Extended2023TTI/MinBias/MinBias_TuneZ2star_GEN_SIM_653.root
150202 20:26:05 10200 Xrd: XrdClientMessage::ReadRaw: Failed to read header (8 bytes).
150202 20:29:05 28127 Xrd: XrdClientMessage::ReadRaw: Failed to read header (8 bytes).
150202 20:29:35 28205 Xrd: XrdClientMessage::ReadRaw: Failed to read header (8 bytes).
150202 20:34:05 21838 Xrd: XrdClientMessage::ReadRaw: Failed to read header (8 bytes).
02-Feb-2015 20:34:12 GMT  Closed file root://xrootd.unl.edu//store/group/dpg_trigger/comm_trigger/L1TrackTrigger/620_SLHC10/Extended2023TTI/MinBias/MinBias_TuneZ2star_GEN_SIM_653.root
02-Feb-2015 20:34:12 GMT  Initiating request to open file root://xrootd.unl.edu//store/group/dpg_trigger/comm_trigger/L1TrackTrigger/620_SLHC10/Extended2023TTI/MinBias/MinBias_TuneZ2star_GEN_SIM_828.root
150202 20:34:43 8734 Xrd: CheckErrorStatus: Server [cms-xrd-global.cern.ch:1094] declared: session not found(error code: 3011)
150202 20:34:43 8734 Xrd: CheckErrorStatus: Server [llrxrd-redir.in2p3.fr:1094] declared: session not found(error code: 3011)
02-Feb-2015 20:34:44 GMT  Successfully opened file root://xrootd.unl.edu//store/group/dpg_trigger/comm_trigger/L1TrackTrigger/620_SLHC10/Extended2023TTI/MinBias/MinBias_TuneZ2star_GEN_SIM_828.root
150202 20:39:35 28206 Xrd: XrdClientMessage::ReadRaw: Failed to read header (8 bytes).
150202 20:40:05 12670 Xrd: XrdClientMessage::ReadRaw: Failed to read header (8 bytes).
150202 20:44:35 28204 Xrd: XrdClientMessage::ReadRaw: Failed to read header (8 bytes).
02-Feb-2015 20:45:30 GMT  Closed file root://xrootd.unl.edu//store/group/dpg_trigger/comm_trigger/L1TrackTrigger/620_SLHC10/Extended2023TTI/MinBias/MinBias_TuneZ2star_GEN_SIM_828.root
02-Feb-2015 20:45:30 GMT  Initiating request to open file root://xrootd.unl.edu//store/group/dpg_trigger/comm_trigger/L1TrackTrigger/620_SLHC10/Extended2023TTI/MinBias/MinBias_TuneZ2star_GEN_SIM_705.root
150202 20:46:01 2145 Xrd: CheckErrorStatus: Server [llrxrd-redir.in2p3.fr:1094] declared: session not found(error code: 3011)
02-Feb-2015 20:46:02 GMT  Successfully opened file root://xrootd.unl.edu//store/group/dpg_trigger/comm_trigger/L1TrackTrigger/620_SLHC10/Extended2023TTI/MinBias/MinBias_TuneZ2star_GEN_SIM_705.root
150202 20:50:36 12671 Xrd: XrdClientMessage::ReadRaw: Failed to read header (8 bytes).
150202 20:51:05 2638 Xrd: XrdClientMessage::ReadRaw: Failed to read header (8 bytes).
02-Feb-2015 20:54:55 GMT  Closed file root://xrootd.unl.edu//store/group/dpg_trigger/comm_trigger/L1TrackTrigger/620_SLHC10/Extended2023TTI/MinBias/MinBias_TuneZ2star_GEN_SIM_705.root
02-Feb-2015 20:54:55 GMT  Initiating request to open file root://xrootd.unl.edu//store/group/dpg_trigger/comm_trigger/L1TrackTrigger/620_SLHC10/Extended2023TTI/MinBias/MinBias_TuneZ2star_GEN_SIM_208.root
150202 20:55:26 10479 Xrd: CheckErrorStatus: Server [llrxrd-redir.in2p3.fr:1094] declared: session not found(error code: 3011)
02-Feb-2015 20:55:26 GMT  Successfully opened file root://xrootd.unl.edu//store/group/dpg_trigger/comm_trigger/L1TrackTrigger/620_SLHC10/Extended2023TTI/MinBias/MinBias_TuneZ2star_GEN_SIM_208.root
150202 21:00:05 2639 Xrd: XrdClientMessage::ReadRaw: Failed to read header (8 bytes).
150202 21:00:35 10943 Xrd: XrdClientMessage::ReadRaw: Failed to read header (8 bytes).
02-Feb-2015 21:04:48 GMT  Closed file root://xrootd.unl.edu//store/group/dpg_trigger/comm_trigger/L1TrackTrigger/620_SLHC10/Extended2023TTI/MinBias/MinBias_TuneZ2star_GEN_SIM_208.root
02-Feb-2015 21:04:48 GMT  Initiating request to open file root://xrootd.unl.edu//store/group/dpg_trigger/comm_trigger/L1TrackTrigger/620_SLHC10/Extended2023TTI/MinBias/MinBias_TuneZ2star_GEN_SIM_420.root
150202 21:10:06 10944 Xrd: XrdClientMessage::ReadRaw: Failed to read header (8 bytes).
150202 21:11:10 19317 Xrd: CheckErrorStatus: Server [llrxrd-redir.in2p3.fr:1094] declared: session not found(error code: 3011)
02-Feb-2015 21:11:10 GMT  Successfully opened file root://xrootd.unl.edu//store/group/dpg_trigger/comm_trigger/L1TrackTrigger/620_SLHC10/Extended2023TTI/MinBias/MinBias_TuneZ2star_GEN_SIM_420.root
150202 21:16:35 30447 Xrd: XrdClientMessage::ReadRaw: Failed to read header (8 bytes).
02-Feb-2015 21:29:13 GMT  Closed file root://xrootd.unl.edu//store/group/dpg_trigger/comm_trigger/L1TrackTrigger/620_SLHC10/Extended2023TTI/MinBias/MinBias_TuneZ2star_GEN_SIM_420.root
02-Feb-2015 21:29:13 GMT  Initiating request to open file root://xrootd.unl.edu//store/group/dpg_trigger/comm_trigger/L1TrackTrigger/620_SLHC10/Extended2023TTI/MinBias/MinBias_TuneZ2star_GEN_SIM_649.root
150202 21:29:48 15143 Xrd: CheckErrorStatus: Server [cms-xrd-global.cern.ch:1094] declared: session not found(error code: 3011)
150202 21:29:48 15143 Xrd: CheckErrorStatus: Server [xrootd-redic.pi.infn.it:1094] declared: session not found(error code: 3011)
02-Feb-2015 21:29:49 GMT  Successfully opened file root://xrootd.unl.edu//store/group/dpg_trigger/comm_trigger/L1TrackTrigger/620_SLHC10/Extended2023TTI/MinBias/MinBias_TuneZ2star_GEN_SIM_649.root
150202 21:31:35 12669 Xrd: XrdClientMessage::ReadRaw: Failed to read header (8 bytes).
150202 21:34:35 30448 Xrd: XrdClientMessage::ReadRaw: Failed to read header (8 bytes).
150202 21:35:05 15614 Xrd: XrdClientMessage::ReadRaw: Failed to read header (8 bytes).
02-Feb-2015 21:39:18 GMT  Closed file root://xrootd.unl.edu//store/group/dpg_trigger/comm_trigger/L1TrackTrigger/620_SLHC10/Extended2023TTI/MinBias/MinBias_TuneZ2star_GEN_SIM_649.root
02-Feb-2015 21:39:18 GMT  Initiating request to open file root://xrootd.unl.edu//store/group/dpg_trigger/comm_trigger/L1TrackTrigger/620_SLHC10/Extended2023TTI/MinBias/MinBias_TuneZ2star_GEN_SIM_313.root
150202 21:39:19 23945 Xrd: CheckErrorStatus: Server [cms-xrd-global.cern.ch:1094] declared: session not found(error code: 3011)
150202 21:39:19 23945 Xrd: CheckErrorStatus: Server [llrxrd-redir.in2p3.fr:1094] declared: session not found(error code: 3011)
02-Feb-2015 21:39:19 GMT  Successfully opened file root://xrootd.unl.edu//store/group/dpg_trigger/comm_trigger/L1TrackTrigger/620_SLHC10/Extended2023TTI/MinBias/MinBias_TuneZ2star_GEN_SIM_313.root
150202 21:44:35 15615 Xrd: XrdClientMessage::ReadRaw: Failed to read header (8 bytes).
150202 21:44:35 23947 Xrd: XrdClientMessage::ReadRaw: Failed to read header (8 bytes).
02-Feb-2015 21:47:11 GMT  Closed file root://xrootd.unl.edu//store/group/dpg_trigger/comm_trigger/L1TrackTrigger/620_SLHC10/Extended2023TTI/MinBias/MinBias_TuneZ2star_GEN_SIM_313.root
02-Feb-2015 21:47:11 GMT  Initiating request to open file root://xrootd.unl.edu//store/group/dpg_trigger/comm_trigger/L1TrackTrigger/620_SLHC10/Extended2023TTI/MinBias/MinBias_TuneZ2star_GEN_SIM_211.root
150202 21:47:42 30378 Xrd: CheckErrorStatus: Server [xrootd-redic.pi.infn.it:1094] declared: session not found(error code: 3011)
02-Feb-2015 21:47:42 GMT  Successfully opened file root://xrootd.unl.edu//store/group/dpg_trigger/comm_trigger/L1TrackTrigger/620_SLHC10/Extended2023TTI/MinBias/MinBias_TuneZ2star_GEN_SIM_211.root
150202 21:52:35 23948 Xrd: XrdClientMessage::ReadRaw: Failed to read header (8 bytes).
150202 21:53:05 30638 Xrd: XrdClientMessage::ReadRaw: Failed to read header (8 bytes).
02-Feb-2015 21:55:58 GMT  Closed file root://xrootd.unl.edu//store/group/dpg_trigger/comm_trigger/L1TrackTrigger/620_SLHC10/Extended2023TTI/MinBias/MinBias_TuneZ2star_GEN_SIM_211.root
02-Feb-2015 21:55:58 GMT  Initiating request to open file root://xrootd.unl.edu//store/group/dpg_trigger/comm_trigger/L1TrackTrigger/620_SLHC10/Extended2023TTI/MinBias/MinBias_TuneZ2star_GEN_SIM_389.root
150202 21:56:29 4782 Xrd: CheckErrorStatus: Server [llrxrd-redir.in2p3.fr:1094] declared: session not found(error code: 3011)
150202 21:56:29 4782 Xrd: CheckErrorStatus: Server [eoscms.cern.ch:1094] declared: session not found(error code: 3011)
02-Feb-2015 21:56:29 GMT  Successfully opened file root://xrootd.unl.edu//store/group/dpg_trigger/comm_trigger/L1TrackTrigger/620_SLHC10/Extended2023TTI/MinBias/MinBias_TuneZ2star_GEN_SIM_389.root
150202 22:01:05 30639 Xrd: XrdClientMessage::ReadRaw: Failed to read header (8 bytes).
150202 22:01:35 5138 Xrd: XrdClientMessage::ReadRaw: Failed to read header (8 bytes).
02-Feb-2015 22:03:26 GMT  Closed file root://xrootd.unl.edu//store/group/dpg_trigger/comm_trigger/L1TrackTrigger/620_SLHC10/Extended2023TTI/MinBias/MinBias_TuneZ2star_GEN_SIM_389.root
02-Feb-2015 22:03:26 GMT  Initiating request to open file root://xrootd.unl.edu//store/group/dpg_trigger/comm_trigger/L1TrackTrigger/620_SLHC10/Extended2023TTI/MinBias/MinBias_TuneZ2star_GEN_SIM_463.root
150202 22:05:52 10568 Xrd: CheckErrorStatus: Server [cms-xrd-global.cern.ch:1094] declared: session not found(error code: 3011)
150202 22:05:52 10568 Xrd: CheckErrorStatus: Server [xrootd.ba.infn.it:1094] declared: session not found(error code: 3011)
02-Feb-2015 22:05:52 GMT  Successfully opened file root://xrootd.unl.edu//store/group/dpg_trigger/comm_trigger/L1TrackTrigger/620_SLHC10/Extended2023TTI/MinBias/MinBias_TuneZ2star_GEN_SIM_463.root
150202 22:08:06 15610 Xrd: XrdClientMessage::ReadRaw: Failed to read header (8 bytes).
150202 22:08:35 5139 Xrd: XrdClientMessage::ReadRaw: Failed to read header (8 bytes).
02-Feb-2015 22:10:15 GMT  Closed file root://xrootd.unl.edu//store/group/dpg_trigger/comm_trigger/L1TrackTrigger/620_SLHC10/Extended2023TTI/MinBias/MinBias_TuneZ2star_GEN_SIM_463.root
02-Feb-2015 22:10:15 GMT  Initiating request to open file root://xrootd.unl.edu//store/group/dpg_trigger/comm_trigger/L1TrackTrigger/620_SLHC10/Extended2023TTI/MinBias/MinBias_TuneZ2star_GEN_SIM_252.root
150202 22:11:05 12311 Xrd: XrdClientMessage::ReadRaw: Failed to read header (8 bytes).
150202 22:11:06 15239 Xrd: CheckErrorStatus: Server [cms-xrd-global.cern.ch:1094] declared: session not found(error code: 3011)
150202 22:11:06 15239 Xrd: CheckErrorStatus: Server [xrootd-redic.pi.infn.it:1094] declared: session not found(error code: 3011)
02-Feb-2015 22:11:06 GMT  Successfully opened file root://xrootd.unl.edu//store/group/dpg_trigger/comm_trigger/L1TrackTrigger/620_SLHC10/Extended2023TTI/MinBias/MinBias_TuneZ2star_GEN_SIM_252.root
150202 22:15:35 12312 Xrd: XrdClientMessage::ReadRaw: Failed to read header (8 bytes).
02-Feb-2015 22:16:18 GMT  Closed file root://xrootd.unl.edu//store/group/dpg_trigger/comm_trigger/L1TrackTrigger/620_SLHC10/Extended2023TTI/MinBias/MinBias_TuneZ2star_GEN_SIM_252.root
02-Feb-2015 22:16:18 GMT  Initiating request to open file root://xrootd.unl.edu//store/group/dpg_trigger/comm_trigger/L1TrackTrigger/620_SLHC10/Extended2023TTI/MinBias/MinBias_TuneZ2star_GEN_SIM_765.root
150202 22:16:19 15599 Xrd: XrdClientMessage::ReadRaw: Failed to read header (8 bytes).
150202 22:16:36 23946 Xrd: XrdClientMessage::ReadRaw: Failed to read header (8 bytes).
150202 22:21:35 15600 Xrd: XrdClientMessage::ReadRaw: Failed to read header (8 bytes).
150202 22:24:22 20104 Xrd: CheckErrorStatus: Server [cms-xrd-global.cern.ch:1094] declared: session not found(error code: 3011)
150202 22:24:22 20104 Xrd: CheckErrorStatus: Server [llrxrd-redir.in2p3.fr:1094] declared: session not found(error code: 3011)
150202 22:24:22 20104 Xrd: CheckErrorStatus: Server [eoscms.cern.ch:1094] declared: session not found(error code: 3011)
02-Feb-2015 22:24:22 GMT  Successfully opened file root://xrootd.unl.edu//store/group/dpg_trigger/comm_trigger/L1TrackTrigger/620_SLHC10/Extended2023TTI/MinBias/MinBias_TuneZ2star_GEN_SIM_765.root
150202 22:26:05 12310 Xrd: XrdClientMessage::ReadRaw: Failed to read header (8 bytes).
02-Feb-2015 22:29:35 GMT  Closed file root://xrootd.unl.edu//store/group/dpg_trigger/comm_trigger/L1TrackTrigger/620_SLHC10/Extended2023TTI/MinBias/MinBias_TuneZ2star_GEN_SIM_765.root
02-Feb-2015 22:29:35 GMT  Initiating request to open file root://xrootd.unl.edu//store/group/dpg_trigger/comm_trigger/L1TrackTrigger/620_SLHC10/Extended2023TTI/MinBias/MinBias_TuneZ2star_GEN_SIM_971.root
150202 22:29:35 25325 Xrd: XrdClientMessage::ReadRaw: Failed to read header (8 bytes).
150202 22:30:06 28432 Xrd: CheckErrorStatus: Server [cms-xrd-global.cern.ch:1094] declared: session not found(error code: 3011)
150202 22:30:06 28432 Xrd: CheckErrorStatus: Server [xrootd.ba.infn.it:1094] declared: session not found(error code: 3011)
150202 22:30:07 28432 Xrd: CheckErrorStatus: Server [eoscms.cern.ch:1094] declared: session not found(error code: 3011)
02-Feb-2015 22:30:07 GMT  Successfully opened file root://xrootd.unl.edu//store/group/dpg_trigger/comm_trigger/L1TrackTrigger/620_SLHC10/Extended2023TTI/MinBias/MinBias_TuneZ2star_GEN_SIM_971.root
150202 22:31:35 15598 Xrd: XrdClientMessage::ReadRaw: Failed to read header (8 bytes).
02-Feb-2015 22:34:21 GMT  Closed file root://xrootd.unl.edu//store/group/dpg_trigger/comm_trigger/L1TrackTrigger/620_SLHC10/Extended2023TTI/MinBias/MinBias_TuneZ2star_GEN_SIM_971.root
02-Feb-2015 22:34:21 GMT  Initiating request to open file root://xrootd.unl.edu//store/group/dpg_trigger/comm_trigger/L1TrackTrigger/620_SLHC10/Extended2023TTI/MinBias/MinBias_TuneZ2star_GEN_SIM_154.root
150202 22:34:52 31494 Xrd: CheckErrorStatus: Server [cms-xrd-global.cern.ch:1094] declared: session not found(error code: 3011)
02-Feb-2015 22:34:52 GMT  Successfully opened file root://xrootd.unl.edu//store/group/dpg_trigger/comm_trigger/L1TrackTrigger/620_SLHC10/Extended2023TTI/MinBias/MinBias_TuneZ2star_GEN_SIM_154.root
150202 22:34:53 25327 Xrd: XrdClientMessage::ReadRaw: Failed to read header (8 bytes).
02-Feb-2015 22:38:39 GMT  Closed file root://xrootd.unl.edu//store/group/dpg_trigger/comm_trigger/L1TrackTrigger/620_SLHC10/Extended2023TTI/MinBias/MinBias_TuneZ2star_GEN_SIM_154.root
02-Feb-2015 22:38:39 GMT  Initiating request to open file root://xrootd.unl.edu//store/group/dpg_trigger/comm_trigger/L1TrackTrigger/620_SLHC10/Extended2023TTI/MinBias/MinBias_TuneZ2star_GEN_SIM_766.root
02-Feb-2015 22:39:10 GMT  Successfully opened file root://xrootd.unl.edu//store/group/dpg_trigger/comm_trigger/L1TrackTrigger/620_SLHC10/Extended2023TTI/MinBias/MinBias_TuneZ2star_GEN_SIM_766.root
150202 22:39:36 28810 Xrd: XrdClientMessage::ReadRaw: Failed to read header (8 bytes).
02-Feb-2015 22:43:54 GMT  Closed file root://xrootd.unl.edu//store/group/dpg_trigger/comm_trigger/L1TrackTrigger/620_SLHC10/Extended2023TTI/MinBias/MinBias_TuneZ2star_GEN_SIM_766.root
02-Feb-2015 22:43:54 GMT  Initiating request to open file root://xrootd.unl.edu//store/group/dpg_trigger/comm_trigger/L1TrackTrigger/620_SLHC10/Extended2023TTI/MinBias/MinBias_TuneZ2star_GEN_SIM_914.root
150202 22:43:55 31779 Xrd: XrdClientMessage::ReadRaw: Failed to read header (8 bytes).
150202 22:44:25 28809 Xrd: XrdClientMessage::ReadRaw: Failed to read header (8 bytes).
150202 22:44:26 5271 Xrd: CheckErrorStatus: Server [eoscms.cern.ch:1094] declared: session not found(error code: 3011)
02-Feb-2015 22:44:26 GMT  Successfully opened file root://xrootd.unl.edu//store/group/dpg_trigger/comm_trigger/L1TrackTrigger/620_SLHC10/Extended2023TTI/MinBias/MinBias_TuneZ2star_GEN_SIM_914.root
150202 22:44:28 25323 Xrd: XrdClientMessage::ReadRaw: Failed to read header (8 bytes).
02-Feb-2015 22:48:09 GMT  Closed file root://xrootd.unl.edu//store/group/dpg_trigger/comm_trigger/L1TrackTrigger/620_SLHC10/Extended2023TTI/MinBias/MinBias_TuneZ2star_GEN_SIM_914.root
02-Feb-2015 22:48:09 GMT  Initiating request to open file root://xrootd.unl.edu//store/group/dpg_trigger/comm_trigger/L1TrackTrigger/620_SLHC10/Extended2023TTI/MinBias/MinBias_TuneZ2star_GEN_SIM_889.root
02-Feb-2015 22:48:09 GMT  Successfully opened file root://xrootd.unl.edu//store/group/dpg_trigger/comm_trigger/L1TrackTrigger/620_SLHC10/Extended2023TTI/MinBias/MinBias_TuneZ2star_GEN_SIM_889.root
150202 22:49:05 2197 Xrd: XrdClientMessage::ReadRaw: Failed to read header (8 bytes).
02-Feb-2015 22:50:02 GMT  Closed file root://dcap.pp.rl.ac.uk:1094/pnfs/pp.rl.ac.uk/data/cms/store/user/dcieri/ttbar_SIM/ttbar/ttbar_SIM/150129_145223/0000/step1_50.root
02-Feb-2015 22:50:03 GMT  Closed file root://xrootd.unl.edu//store/group/dpg_trigger/comm_trigger/L1TrackTrigger/620_SLHC10/Extended2023TTI/MinBias/MinBias_TuneZ2star_GEN_SIM_889.root

=============================================

MessageLogger Summary

 type     category        sev    module        subroutine        count    total
 ---- -------------------- -- ---------------- ----------------  -----    -----
    1 fileAction           -s MixingModule:mix                      69       69
    2 fileAction           -s MixingModule:mix                       2        2
    3 fileAction           -s MixingModule:mix                       1        1
    4 fileAction           -s file_close                             1        1
    5 fileAction           -s file_open                              2        2

 type    category    Examples: run/evt        run/evt          run/evt
 ---- -------------------- ---------------- ---------------- ----------------
    1 fileAction           1/491            1/491            1/500
    2 fileAction           pre-events       pre-events       
    3 fileAction           PostEndRun                        
    4 fileAction           PostEndRun                        
    5 fileAction           pre-events       pre-events       

Severity    # Occurrences   Total Occurrences
--------    -------------   -----------------
System                 75                  75
>>> END OF printout of 242 lines from stdout+stderr
>>> Parse FrameworkJobReport crab_fjr.xml
Result of parsing the FrameworkJobReport crab_fjr.xml: 
Extracted ExitStatus from FrameworkJobReport parsing output: 0
>>> Executable succeded  0
ExeExitCode=0
EXECUTABLE_EXIT_STATUS = 0
>>> current directory /scratch/condor/dir_1079/glide_KWOS0Y/execute/dir_17150/CMSSW_6_2_0_SLHC12
>>>  (SOFTWARE_DIR): /scratch/condor/dir_1079/glide_KWOS0Y/execute/dir_17150/CMSSW_6_2_0_SLHC12
>>> (WORKING_DIR): 
>>> current directory content:
total 238136
drwxr-xr-x 3 cms415 gplcms      4096 Feb  2 19:18 .SCRAM
-rw------- 1 cms415 gplcms    915837 Feb  2 19:18 CMSSW.py.pkl
drwxr-xr-x 3 cms415 gplcms      4096 Feb  2 19:18 bin
drwxr-xr-x 3 cms415 gplcms      4096 Feb  2 19:18 cfipython
drwxr-xr-x 4 cms415 gplcms      4096 Apr 28  2014 config
-rw------- 1 cms415 gplcms        17 Feb  2 22:50 cpu_timing.txt
drwxr-xr-x 2 cms415 gplcms      4096 Feb  2 19:18 doc
-rw------- 1 cms415 gplcms     27104 Feb  2 22:50 executable.out
drwxr-xr-x 2 cms415 gplcms      4096 Feb  2 19:18 include
drwx------ 3 cms415 gplcms      4096 Oct  7 10:12 lib
drwxr-xr-x 3 cms415 gplcms      4096 Feb  2 19:18 logs
drwxr-xr-x 3 cms415 gplcms      4096 Feb  2 19:18 objs
-rw------- 1 cms415 gplcms       104 Feb  2 19:18 pset.py
-rw------- 1 cms415 gplcms    926821 Feb  2 19:18 pset.py.pkl
-rw------- 1 cms415 gplcms       289 Feb  2 19:18 pset.pyc
drwxr-xr-x 2 cms415 gplcms      4096 Feb  2 19:18 python
-rw------- 1 cms415 gplcms       353 Feb  2 22:50 report.log
drwxr-xr-x 2 cms415 gplcms      4096 Feb  2 19:18 src
-rw------- 1 cms415 gplcms 241652002 Feb  2 22:50 step2.root
drwxr-xr-x 3 cms415 gplcms      4096 Feb  2 19:18 test
drwxr-xr-x 3 cms415 gplcms      4096 Feb  2 19:18 tmp
>>> current directory /scratch/condor/dir_1079/glide_KWOS0Y/execute/dir_17150/CMSSW_6_2_0_SLHC12
>>> (SOFTWARE_DIR): /scratch/condor/dir_1079/glide_KWOS0Y/execute/dir_17150/CMSSW_6_2_0_SLHC12
>>> (WORKING_DIR): 
>>> current directory content:
total 238136
drwxr-xr-x 3 cms415 gplcms      4096 Feb  2 19:18 .SCRAM
-rw------- 1 cms415 gplcms    915837 Feb  2 19:18 CMSSW.py.pkl
drwxr-xr-x 3 cms415 gplcms      4096 Feb  2 19:18 bin
drwxr-xr-x 3 cms415 gplcms      4096 Feb  2 19:18 cfipython
drwxr-xr-x 4 cms415 gplcms      4096 Apr 28  2014 config
-rw------- 1 cms415 gplcms        17 Feb  2 22:50 cpu_timing.txt
drwxr-xr-x 2 cms415 gplcms      4096 Feb  2 19:18 doc
-rw------- 1 cms415 gplcms     27104 Feb  2 22:50 executable.out
drwxr-xr-x 2 cms415 gplcms      4096 Feb  2 19:18 include
drwx------ 3 cms415 gplcms      4096 Oct  7 10:12 lib
drwxr-xr-x 3 cms415 gplcms      4096 Feb  2 19:18 logs
drwxr-xr-x 3 cms415 gplcms      4096 Feb  2 19:18 objs
-rw------- 1 cms415 gplcms       104 Feb  2 19:18 pset.py
-rw------- 1 cms415 gplcms    926821 Feb  2 19:18 pset.py.pkl
-rw------- 1 cms415 gplcms       289 Feb  2 19:18 pset.pyc
drwxr-xr-x 2 cms415 gplcms      4096 Feb  2 19:18 python
-rw------- 1 cms415 gplcms       353 Feb  2 22:50 report.log
drwxr-xr-x 2 cms415 gplcms      4096 Feb  2 19:18 src
-rw------- 1 cms415 gplcms 241652002 Feb  2 22:50 step2_55_1_JVu.root
drwxr-xr-x 3 cms415 gplcms      4096 Feb  2 19:18 test
drwxr-xr-x 3 cms415 gplcms      4096 Feb  2 19:18 tmp
>>> current directory (RUNTIME_AREA):  /scratch/condor/dir_1079/glide_KWOS0Y/execute/dir_17150
PNN = T2_UK_SGrid_RALPP
SE = heplnx204.pp.rl.ac.uk
SE_PATH = /srm/managerv2?SFN=/pnfs/pp.rl.ac.uk/data/cms/store/user/dcieri/ttbar_PU140_DIGI/dcieri/ttbar/ttbar_PU140_DIGI/3c0380cf82de79bc39966c93934c61fc/
LFNBaseName = /store/user/dcieri/ttbar_PU140_DIGI/dcieri/ttbar/ttbar_PU140_DIGI/3c0380cf82de79bc39966c93934c61fc/
USER = dcieri
endpoint = srm://heplnx204.pp.rl.ac.uk:8443/srm/managerv2?SFN=/pnfs/pp.rl.ac.uk/data/cms/store/user/dcieri/ttbar_PU140_DIGI/dcieri/ttbar/ttbar_PU140_DIGI/3c0380cf82de79bc39966c93934c61fc/
>>> Copy output files from WN = heplnc036.pp.rl.ac.uk to /srm/managerv2?SFN=/pnfs/pp.rl.ac.uk/data/cms/store/user/dcieri/ttbar_PU140_DIGI/dcieri/ttbar/ttbar_PU140_DIGI/3c0380cf82de79bc39966c93934c61fc/ :
python cmscp.py  --destination srm://heplnx204.pp.rl.ac.uk:8443/srm/managerv2?SFN=/pnfs/pp.rl.ac.uk/data/cms/store/user/dcieri/ttbar_PU140_DIGI/dcieri/ttbar/ttbar_PU140_DIGI/3c0380cf82de79bc39966c93934c61fc/ --inputFileList /scratch/condor/dir_1079/glide_KWOS0Y/execute/dir_17150/CMSSW_6_2_0_SLHC12/step2_55_1_JVu.root --middleware LCG --PNN T2_UK_SGrid_RALPP --se_name heplnx204.pp.rl.ac.uk --for_lfn /store/user/dcieri/ttbar_PU140_DIGI/dcieri/ttbar/ttbar_PU140_DIGI/3c0380cf82de79bc39966c93934c61fc/    
******************************************************
localSeName  =  heplnx204.pp.rl.ac.uk
remoteSeName =  heplnx204.pp.rl.ac.uk
******************************************************
{"/scratch/condor/dir_1079/glide_KWOS0Y/execute/dir_17150/CMSSW_6_2_0_SLHC12/step2_55_1_JVu.root": {"endpoint": "srm://heplnx204.pp.rl.ac.uk:8443/srm/managerv2?SFN=/pnfs/pp.rl.ac.uk/data/cms/store/user/dcieri/ttbar_PU140_DIGI/dcieri/ttbar/ttbar_PU140_DIGI/3c0380cf82de79bc39966c93934c61fc/", "surl_for_grid": "", "reason": "Copy succedeed with srm-lcg utils", "erCode": "0", "PNN": "T2_UK_SGrid_RALPP", "se_name": "heplnx204.pp.rl.ac.uk", "for_lfn": "/store/user/dcieri/ttbar_PU140_DIGI/dcieri/ttbar/ttbar_PU140_DIGI/3c0380cf82de79bc39966c93934c61fc/"}}/scratch/condor/dir_1079/glide_KWOS0Y/execute/dir_17150
-------- cat /scratch/condor/dir_1079/glide_KWOS0Y/execute/dir_17150/cmscpReport.sh 
#!/bin/bash
echo "Report for File: /scratch/condor/dir_1079/glide_KWOS0Y/execute/dir_17150/CMSSW_6_2_0_SLHC12/step2_55_1_JVu.root"
echo "LFN: /store/user/dcieri/ttbar_PU140_DIGI/dcieri/ttbar/ttbar_PU140_DIGI/3c0380cf82de79bc39966c93934c61fc/step2_55_1_JVu.root"
echo "StorageElement: heplnx204.pp.rl.ac.uk"
echo "StageOutExitStatusReason = 'Copy succedeed with srm-lcg utils'" | tee -a $RUNTIME_AREA/$repo
echo "StageOutSE = heplnx204.pp.rl.ac.uk" >> $RUNTIME_AREA/$repo

export StageOutExitStatus=0
echo "StageOutExitStatus = 0" | tee -a $RUNTIME_AREA/$repo
-------- end of /scratch/condor/dir_1079/glide_KWOS0Y/execute/dir_17150/cmscpReport.sh 
Report for File: /scratch/condor/dir_1079/glide_KWOS0Y/execute/dir_17150/CMSSW_6_2_0_SLHC12/step2_55_1_JVu.root
LFN: /store/user/dcieri/ttbar_PU140_DIGI/dcieri/ttbar/ttbar_PU140_DIGI/3c0380cf82de79bc39966c93934c61fc/step2_55_1_JVu.root
StorageElement: heplnx204.pp.rl.ac.uk
StageOutExitStatusReason = 'Copy succedeed with srm-lcg utils'
StageOutExitStatus = 0
>>> current dir: /scratch/condor/dir_1079/glide_KWOS0Y/execute/dir_17150
>>> current dir content:
total 8832
-rw-------  1 cms415 gplcms    2914 Feb  2 22:50 .SEinteraction.log
-rwx------  1 cms415 gplcms      52 Feb  2 19:18 .chirp_config
-rwx------  1 cms415 gplcms    7881 Feb  2 19:18 .job.ad
-rwx------  1 cms415 gplcms    9779 Feb  2 19:18 .machine.ad
-rw-------  1 cms415 gplcms     105 Feb  2 12:16 CMSSW.py
-rw-------  1 cms415 gplcms  915837 Feb  2 12:16 CMSSW.py.pkl
-rwx------  1 cms415 gplcms   29498 Feb  2 19:18 CMSSW.sh
drwxr-xr-x 15 cms415 gplcms    4096 Feb  2 22:50 CMSSW_6_2_0_SLHC12
-rw-------  1 cms415 gplcms     189 Feb  2 19:18 CacheEnv.sh
-rw-------  1 cms415 gplcms    7291 Nov 19 14:52 DashboardAPI.py
-rw-------  1 cms415 gplcms    6455 Feb  2 19:18 DashboardAPI.pyc
drwx------  2 cms415 gplcms    4096 Feb  2 22:50 IMProv
-rw-------  1 cms415 gplcms    2748 Nov 19 14:52 Logger.py
-rw-------  1 cms415 gplcms    3227 Feb  2 19:18 Logger.pyc
-rw-------  1 cms415 gplcms   24524 Nov 19 14:52 ProcInfo.py
-rw-------  1 cms415 gplcms   22621 Feb  2 19:18 ProcInfo.pyc
drwx------  7 cms415 gplcms    4096 Feb  2 19:18 ProdCommon
drwx------  3 cms415 gplcms    4096 Feb  2 19:18 WMCore
-rw-------  1 cms415 gplcms   12924 Feb  2 22:50 Watchdog_55.log
-rwx------  1 cms415 gplcms       0 Feb  2 19:18 _condor_stderr
-rwx---r--  1 cms415 gplcms   41823 Feb  2 22:50 _condor_stdout
-rw-------  1 cms415 gplcms   32895 Nov 19 14:52 apmon.py
-rw-------  1 cms415 gplcms   27929 Feb  2 19:18 apmon.pyc
-rwx------  1 cms415 gplcms  134309 Feb  2 19:18 arguments.xml
-rwx------  1 cms415 gplcms   38581 Nov 19 14:52 cmscp.py
-rw-------  1 cms415 gplcms     559 Feb  2 22:50 cmscpReport.sh
-rwx------  1 cms415 gplcms   29498 Feb  2 19:18 condor_exec.exe
-rw-------  1 cms415 gplcms     544 Feb  2 12:16 crab.cfg
-rwx------  1 cms415 gplcms    8610 Nov 19 14:52 crabWatchdog.sh
-rwx---r--  1 cms415 gplcms  112076 Feb  2 22:50 crab_fjr_55.xml
-rwx------  1 cms415 gplcms 7390485 Feb  2 19:18 default.tgz
-rwx------  1 cms415 gplcms    4488 Nov 19 14:52 fillCrabFjr.py
-rw-------  1 cms415 gplcms     225 Feb  2 19:18 inputsReport.txt
-rw-------  1 cms415 gplcms     243 Feb  2 22:50 jobreport.txt
-rw-------  1 cms415 gplcms   17352 Nov 19 14:52 parseCrabFjr.py
-rw-------  1 cms415 gplcms     321 Feb  2 19:18 report.log
-rwx--x--x  1 cms415 gplcms    1497 Nov 19 14:52 report.py
-rw-------  1 cms415 gplcms     553 Feb  2 22:50 resultCopyFile
lrwxrwxrwx  1 cms415 gplcms      94 Feb  2 22:50 step2.root -> /scratch/condor/dir_1079/glide_KWOS0Y/execute/dir_17150/CMSSW_6_2_0_SLHC12/step2_55_1_JVu.root
-rwx------  1 cms415 gplcms    8351 Nov 19 14:52 writeCfg.py
-rw-------  1 cms415 gplcms   10293 Feb  2 19:18 x509up_u62281
>>> Modify Job Report:
CMSSW_VERSION = CMSSW_6_2_0_SLHC12
ProcessedDataset = ttbar_PU140_DIGI
/scratch/condor/dir_1079/glide_KWOS0Y/execute/dir_17150/ProdCommon/FwkJobRep/ModifyJobReport.py fjr /scratch/condor/dir_1079/glide_KWOS0Y/execute/dir_17150/crab_fjr_55.xml json /scratch/condor/dir_1079/glide_KWOS0Y/execute/dir_17150/resultCopyFile n_job 55_1_JVu PrimaryDataset ttbar  ApplicationFamily cmsRun ApplicationName cmsRun cmssw_version CMSSW_6_2_0_SLHC12 psethash 3c0380cf82de79bc39966c93934c61fc UserProcessedDataset dcieri-ttbar_PU140_DIGI-3c0380cf82de79bc39966c93934c61fc
inputDict =  {u'/scratch/condor/dir_1079/glide_KWOS0Y/execute/dir_17150/CMSSW_6_2_0_SLHC12/step2_55_1_JVu.root': {u'endpoint': u'srm://heplnx204.pp.rl.ac.uk:8443/srm/managerv2?SFN=/pnfs/pp.rl.ac.uk/data/cms/store/user/dcieri/ttbar_PU140_DIGI/dcieri/ttbar/ttbar_PU140_DIGI/3c0380cf82de79bc39966c93934c61fc/', u'surl_for_grid': u'', u'reason': u'Copy succedeed with srm-lcg utils', u'erCode': u'0', u'PNN': u'T2_UK_SGrid_RALPP', u'se_name': u'heplnx204.pp.rl.ac.uk', u'for_lfn': u'/store/user/dcieri/ttbar_PU140_DIGI/dcieri/ttbar/ttbar_PU140_DIGI/3c0380cf82de79bc39966c93934c61fc/'}}
UserProcessedDataset =  dcieri-ttbar_PU140_DIGI-3c0380cf82de79bc39966c93934c61fc
WORKING ON EDM FILE
file_name in inputDict =  /scratch/condor/dir_1079/glide_KWOS0Y/execute/dir_17150/CMSSW_6_2_0_SLHC12/step2_55_1_JVu.root
(size) os.stat(filename)[6] =  241652002
checksum =  2941424901
    file =  step2_55_1_JVu.root
    newPfn =  srm://heplnx204.pp.rl.ac.uk:8443/srm/managerv2?SFN=/pnfs/pp.rl.ac.uk/data/cms/store/user/dcieri/ttbar_PU140_DIGI/dcieri/ttbar/ttbar_PU140_DIGI/3c0380cf82de79bc39966c93934c61fc/step2_55_1_JVu.root
    newLfn =  /store/user/dcieri/ttbar_PU140_DIGI/dcieri/ttbar/ttbar_PU140_DIGI/3c0380cf82de79bc39966c93934c61fc/step2_55_1_JVu.root
>>> crab_fjr_*.xml  permission set to 0704
CrabWrapper EXIT_FUNC entered at Mon Feb  2 22:50:59 GMT 2015   -  Mon Feb  2 22:50:59 UTC 2015
Checking output files:  
will tar file crab_fjr_55.xml in  out_files_55
WARNING: output file CMSSW_55.stdout not found!
WARNING: output file CMSSW_55.stderr not found!
WARNING: output file Watchdog_55.log.gz not found!
>>> padding time: Wrapper lasting more than 600 seconds. No sleep required.
STOPPING WATCHDOG. CrabWatchdog PID is 18560
********** LAST 50 LINES OF WATCHDOG LOG
 Feb 02 20:03:04 GMT	18810	1120920	1624876	72	170	2653	cmsRun -j /scratch/condor/dir_1079/glide_KWOS0Y/execute/dir_17150/crab_fjr_55.xml -p pset.py      
 Feb 02 20:04:04 GMT	18810	1124440	1626924	72	173	2714	cmsRun -j /scratch/condor/dir_1079/glide_KWOS0Y/execute/dir_17150/crab_fjr_55.xml -p pset.py      
 Feb 02 20:05:05 GMT	18810	1164972	1629996	72	181	2774	cmsRun -j /scratch/condor/dir_1079/glide_KWOS0Y/execute/dir_17150/crab_fjr_55.xml -p pset.py      
 Feb 02 20:06:05 GMT	18810	1224696	1633836	72	188	2834	cmsRun -j /scratch/condor/dir_1079/glide_KWOS0Y/execute/dir_17150/crab_fjr_55.xml -p pset.py      
 Feb 02 20:07:05 GMT	18810	1238072	1652780	72	191	2894	cmsRun -j /scratch/condor/dir_1079/glide_KWOS0Y/execute/dir_17150/crab_fjr_55.xml -p pset.py      
 Feb 02 20:08:05 GMT	18810	1240476	1652780	72	195	2955	cmsRun -j /scratch/condor/dir_1079/glide_KWOS0Y/execute/dir_17150/crab_fjr_55.xml -p pset.py      
 Feb 02 20:09:06 GMT	18810	1240476	1674244	72	213	3015	cmsRun -j /scratch/condor/dir_1079/glide_KWOS0Y/execute/dir_17150/crab_fjr_55.xml -p pset.py      
 Feb 02 20:09:06 GMT	---	1240476	1674244	91	----	----	----
 Feb 02 20:20:09 GMT	18810	1240476	1677572	91	240	3678	cmsRun -j /scratch/condor/dir_1079/glide_KWOS0Y/execute/dir_17150/crab_fjr_55.xml -p pset.py      
 Feb 02 20:22:10 GMT	18810	1240476	1682180	91	246	3799	cmsRun -j /scratch/condor/dir_1079/glide_KWOS0Y/execute/dir_17150/crab_fjr_55.xml -p pset.py      
 Feb 02 20:23:10 GMT	18810	1240476	1683460	91	250	3859	cmsRun -j /scratch/condor/dir_1079/glide_KWOS0Y/execute/dir_17150/crab_fjr_55.xml -p pset.py      
 Feb 02 20:26:11 GMT	18810	1240476	1693444	91	265	4040	cmsRun -j /scratch/condor/dir_1079/glide_KWOS0Y/execute/dir_17150/crab_fjr_55.xml -p pset.py      
 Feb 02 20:27:11 GMT	18810	1251872	1708548	91	271	4101	cmsRun -j /scratch/condor/dir_1079/glide_KWOS0Y/execute/dir_17150/crab_fjr_55.xml -p pset.py      
 Feb 02 20:28:12 GMT	18810	1253324	1709060	91	274	4161	cmsRun -j /scratch/condor/dir_1079/glide_KWOS0Y/execute/dir_17150/crab_fjr_55.xml -p pset.py      
 Feb 02 20:29:12 GMT	18810	1255892	1709060	91	277	4221	cmsRun -j /scratch/condor/dir_1079/glide_KWOS0Y/execute/dir_17150/crab_fjr_55.xml -p pset.py      
 Feb 02 20:30:12 GMT	18810	1259408	1710340	91	280	4282	cmsRun -j /scratch/condor/dir_1079/glide_KWOS0Y/execute/dir_17150/crab_fjr_55.xml -p pset.py      
 Feb 02 20:31:13 GMT	18810	1259408	1731332	91	300	4342	cmsRun -j /scratch/condor/dir_1079/glide_KWOS0Y/execute/dir_17150/crab_fjr_55.xml -p pset.py      
 Feb 02 20:31:13 GMT	---	1259408	1731332	112	----	----	----
 Feb 02 20:32:13 GMT	18810	1259408	1733380	112	302	4402	cmsRun -j /scratch/condor/dir_1079/glide_KWOS0Y/execute/dir_17150/crab_fjr_55.xml -p pset.py      
 Feb 02 20:37:15 GMT	18810	1259408	1736452	112	315	4704	cmsRun -j /scratch/condor/dir_1079/glide_KWOS0Y/execute/dir_17150/crab_fjr_55.xml -p pset.py      
# TIME			PID	RSS(KB)	VSZ(KB)	Dsk(MB)	tCPU(s)	tWALL(s)	COMMAND
# TIME			PID	RSS(KB)	VSZ(KB)	Dsk(MB)	tCPU(s)	tWALL(s)	COMMAND
 Feb 02 20:39:16 GMT	18810	1259408	1736964	112	321	4825	cmsRun -j /scratch/condor/dir_1079/glide_KWOS0Y/execute/dir_17150/crab_fjr_55.xml -p pset.py      
 Feb 02 20:42:17 GMT	18810	1259408	1737988	112	331	5007	cmsRun -j /scratch/condor/dir_1079/glide_KWOS0Y/execute/dir_17150/crab_fjr_55.xml -p pset.py      
 Feb 02 20:43:18 GMT	18810	1259408	1742852	112	335	5067	cmsRun -j /scratch/condor/dir_1079/glide_KWOS0Y/execute/dir_17150/crab_fjr_55.xml -p pset.py      
 Feb 02 20:44:18 GMT	18810	1259408	1743620	112	338	5128	cmsRun -j /scratch/condor/dir_1079/glide_KWOS0Y/execute/dir_17150/crab_fjr_55.xml -p pset.py      
 Feb 02 20:45:19 GMT	18810	1259408	1745668	112	342	5188	cmsRun -j /scratch/condor/dir_1079/glide_KWOS0Y/execute/dir_17150/crab_fjr_55.xml -p pset.py      
 Feb 02 20:47:19 GMT	18810	1259408	1751300	112	348	5309	cmsRun -j /scratch/condor/dir_1079/glide_KWOS0Y/execute/dir_17150/crab_fjr_55.xml -p pset.py      
 Feb 02 20:49:21 GMT	18810	1259408	1759492	112	366	5430	cmsRun -j /scratch/condor/dir_1079/glide_KWOS0Y/execute/dir_17150/crab_fjr_55.xml -p pset.py      
 Feb 02 20:50:21 GMT	18810	1271040	1770500	112	375	5491	cmsRun -j /scratch/condor/dir_1079/glide_KWOS0Y/execute/dir_17150/crab_fjr_55.xml -p pset.py      
 Feb 02 20:51:22 GMT	18810	1271072	1770500	112	379	5551	cmsRun -j /scratch/condor/dir_1079/glide_KWOS0Y/execute/dir_17150/crab_fjr_55.xml -p pset.py      
 Feb 02 20:52:22 GMT	18810	1275336	1770500	112	383	5612	cmsRun -j /scratch/condor/dir_1079/glide_KWOS0Y/execute/dir_17150/crab_fjr_55.xml -p pset.py      
 Feb 02 20:53:23 GMT	18810	1315388	1782788	112	391	5672	cmsRun -j /scratch/condor/dir_1079/glide_KWOS0Y/execute/dir_17150/crab_fjr_55.xml -p pset.py      
 Feb 02 20:54:23 GMT	---	1315388	1782788	133	----	----	----
 Feb 02 21:24:37 GMT	18810	1315388	1783556	133	490	7547	cmsRun -j /scratch/condor/dir_1079/glide_KWOS0Y/execute/dir_17150/crab_fjr_55.xml -p pset.py      
 Feb 02 21:27:39 GMT	18810	1315388	1783812	133	496	7728	cmsRun -j /scratch/condor/dir_1079/glide_KWOS0Y/execute/dir_17150/crab_fjr_55.xml -p pset.py      
 Feb 02 21:28:39 GMT	18810	1315388	1785348	133	498	7788	cmsRun -j /scratch/condor/dir_1079/glide_KWOS0Y/execute/dir_17150/crab_fjr_55.xml -p pset.py      
 Feb 02 21:30:40 GMT	18810	1485620	1915908	133	529	7909	cmsRun -j /scratch/condor/dir_1079/glide_KWOS0Y/execute/dir_17150/crab_fjr_55.xml -p pset.py      
 Feb 02 21:30:40 GMT	---	1485620	1915908	155	----	----	----
 Feb 02 21:31:40 GMT	---	1485620	1915908	156	----	----	----
 Feb 02 21:50:49 GMT	---	1485620	1915908	180	----	----	----
 Feb 02 22:08:56 GMT	18810	1543896	1973508	180	766	10205	cmsRun -j /scratch/condor/dir_1079/glide_KWOS0Y/execute/dir_17150/crab_fjr_55.xml -p pset.py      
 Feb 02 22:08:56 GMT	---	1543896	1973508	182	----	----	----
 Feb 02 22:09:56 GMT	---	1543896	1973508	202	----	----	----
 Feb 02 22:29:04 GMT	18810	1560052	2002180	202	892	11413	cmsRun -j /scratch/condor/dir_1079/glide_KWOS0Y/execute/dir_17150/crab_fjr_55.xml -p pset.py      
 Feb 02 22:29:04 GMT	---	1560052	2002180	216	----	----	----
 Feb 02 22:30:04 GMT	---	1560052	2002180	224	----	----	----
 Feb 02 22:41:09 GMT	---	1560052	2002180	248	----	----	----
 Feb 02 22:49:12 GMT	18810	1560052	2009868	248	1104	12622	cmsRun -j /scratch/condor/dir_1079/glide_KWOS0Y/execute/dir_17150/crab_fjr_55.xml -p pset.py      
 Feb 02 22:50:13 GMT	---	1560052	2009868	268	----	----	----
********** WATCHDOG LOG ENDED
ZIPPING WATCHDOG LOG
Disk space used:
du -sh /scratch/condor/dir_1079/glide_KWOS0Y/execute/dir_17150
268M	/scratch/condor/dir_1079/glide_KWOS0Y/execute/dir_17150
Found unusual stdout, rename for OSB
`/scratch/condor/dir_1079/glide_KWOS0Y/execute/dir_17150/_condor_stdout' -> `CMSSW_55.stdout'
Found unusual stderr, rename for OSB
`/scratch/condor/dir_1079/glide_KWOS0Y/execute/dir_17150/_condor_stdout' -> `CMSSW_55.stderr'
crab_fjr_55.xml
CMSSW_55.stdout
CMSSW_55.stderr
Watchdog_55.log.gz
Total Output dimension: 24941
WARNING: output files size limit is set to: 50000000
Total Output dimension 24941 is fine.
JOB_EXIT_STATUS = 0
>>> info for dashboard:
***** Cat /scratch/condor/dir_1079/glide_KWOS0Y/execute/dir_17150/jobreport.txt *****
MonitorJobID=55_https://submit-6.t2.ucsd.edu//150202//509447.54
MonitorID=dcieri_PU140_4dm08r
ExeTime=12669
ExeExitCode=0
StageOutExitStatusReason = 'Copy succedeed with srm-lcg utils'
StageOutSE = heplnx204.pp.rl.ac.uk
StageOutExitStatus = 0
CrabUserCpuTime=1096.69
CrabSysCpuTime=36.67
CrabCpuPercentage=8%
CrabWrapperTime=12733
CrabStageoutTime=48
JobExitCode=0
***** End Cat jobreport *****
Parameters sent to Dashboard.
EXITING at Mon Feb  2 22:51:02 GMT 2015  -  Mon Feb  2 22:51:02 UTC 2015
