This script was generated by crab (version 2.11.1_patch1).
Running /scratch/condor/dir_7387/glide_o0c7KK/execute/dir_29967/condor_exec.exe with 2 positional parameters: 325 1
Today is Mon Feb  2 20:29:27 GMT 2015 - Mon Feb  2 20:29:27 UTC 2015
Job submitted on host heplnc353.pp.rl.ac.uk
Linux heplnc353.pp.rl.ac.uk 2.6.32-504.3.3.el6.x86_64 #1 SMP Tue Dec 16 14:29:22 CST 2014 x86_64 x86_64 x86_64 GNU/Linux
Distributor ID:	Scientific
Description:	Scientific Linux release 6.6 (Carbon)
>>> current directory (RUNTIME_AREA): /scratch/condor/dir_7387/glide_o0c7KK/execute/dir_29967
>>> current user: uid=157415(cms415) gid=157000(gplcms) groups=157000(gplcms)
>>> directory permission set to 0700
>>> umask set to:  u=rwx,g=,o=
>>> stdout stderr permission set to 0704
>>> voms proxy information:
subject   : /DC=ch/DC=cern/OU=Organic Units/OU=Users/CN=dcieri/CN=755391/CN=Davide Cieri/CN=769881070/CN=156678067
issuer    : /DC=ch/DC=cern/OU=Organic Units/OU=Users/CN=dcieri/CN=755391/CN=Davide Cieri/CN=769881070
identity  : /DC=ch/DC=cern/OU=Organic Units/OU=Users/CN=dcieri/CN=755391/CN=Davide Cieri
type      : RFC3820 compliant limited proxy
strength  : 1024
path      : /scratch/condor/dir_7387/glide_o0c7KK/execute/dir_29967/x509up_u62281
timeleft  : 23:58:36
key usage : Digital Signature, Key Encipherment
=== VO cms extension information ===
VO        : cms
subject   : /DC=ch/DC=cern/OU=Organic Units/OU=Users/CN=dcieri/CN=755391/CN=Davide Cieri
issuer    : /DC=ch/DC=cern/OU=computers/CN=lcg-voms2.cern.ch
attribute : /cms/Role=NULL/Capability=NULL
timeleft  : 183:46:57
uri       : lcg-voms2.cern.ch:15002

WNHostName=heplnc353.pp.rl.ac.uk
$_CONDOR_JOB_AD =/scratch/condor/dir_7387/glide_o0c7KK/execute/dir_29967/.job.ad
OverflowFlag=0
>>> tar --no-same-permissions -xf /scratch/condor/dir_7387/glide_o0c7KK/execute/dir_29967/default.tgz :
Successful untar
>>> Include /scratch/condor/dir_7387/glide_o0c7KK/execute/dir_29967 in PYTHONPATH:
strip arguments
env var CRAB_UNIQUE_JOB_ID set to: dcieri_PU140_4dm08r_325_1_D6G
out_files_325
>>> list of expected files on output sandbox
output files: crab_fjr_325.xml CMSSW_325.stdout CMSSW_325.stderr Watchdog_325.log.gz
>>> GridFlavour discovery: 
GridFlavour=LCG
>>> SyncSite discovery: 
SyncSite=T2_UK_SGrid_RALPP
>>> SyncCE discovery: 
getting SyncCE from GLIDEIN_Gaekeeper
SyncCE=heplnv146.pp.rl.ac.uk
>>> info for dashboard:
***** Cat /scratch/condor/dir_7387/glide_o0c7KK/execute/dir_29967/jobreport.txt *****
WNHostName=heplnc353.pp.rl.ac.uk
OverflowFlag=0
MonitorJobID=325_https://submit-6.t2.ucsd.edu//150202//509447.324
SyncGridJobId=https://submit-6.t2.ucsd.edu//150202//509447.324
MonitorID=dcieri_PU140_4dm08r
GridFlavour=LCG
SyncSite=T2_UK_SGrid_RALPP
SyncCE=heplnv146.pp.rl.ac.uk
***** End Cat jobreport *****
Parameters sent to Dashboard.
>>> setup environment
set SCRAM ARCH to slc6_amd64_gcc472
SCRAM_ARCH = slc6_amd64_gcc472
>>> setup CMS LCG environment:
set SCRAM ARCH and BUILD_ARCH to slc6_amd64_gcc472 ###
Sourcing environment... 
sourcing /cvmfs/cms.cern.ch/cmsset_default.sh
==> setup cms environment ok
>>> specific cmssw setup environment:
CMSSW_VERSION =  CMSSW_6_2_0_SLHC12
WARNING: In non-interactive mode release checks e.g. deprecated releases, production architectures are disabled.
>>> current directory (SOFTWARE_DIR): /scratch/condor/dir_7387/glide_o0c7KK/execute/dir_29967/CMSSW_6_2_0_SLHC12
PreserveSeeds: <>
IncrementSeeds:<>
>>> info for dashboard:
***** Cat /scratch/condor/dir_7387/glide_o0c7KK/execute/dir_29967/jobreport.txt *****
MonitorJobID=325_https://submit-6.t2.ucsd.edu//150202//509447.324
MonitorID=dcieri_PU140_4dm08r
***** End Cat jobreport *****
Parameters sent to Dashboard.
crabWatchdog started as process 31888
>>> moving CMSSW software directories in /scratch/condor/dir_7387/glide_o0c7KK/execute/dir_29967/CMSSW_6_2_0_SLHC12
mv: cannot stat `/scratch/condor/dir_7387/glide_o0c7KK/execute/dir_29967/module/': No such file or directory
>>> Include /scratch/condor/dir_7387/glide_o0c7KK/execute/dir_29967 in PYTHONPATH:
PYTHONPATH=/scratch/condor/dir_7387/glide_o0c7KK/execute/dir_29967/:/scratch/condor/dir_7387/glide_o0c7KK/execute/dir_29967/CMSSW_6_2_0_SLHC12/python:/scratch/condor/dir_7387/glide_o0c7KK/execute/dir_29967/CMSSW_6_2_0_SLHC12/lib/slc6_amd64_gcc472:/cvmfs/cms.cern.ch/slc6_amd64_gcc472/cms/cmssw/CMSSW_6_2_0_SLHC12/python:/cvmfs/cms.cern.ch/slc6_amd64_gcc472/cms/cmssw/CMSSW_6_2_0_SLHC12/lib/slc6_amd64_gcc472:/cvmfs/cms.cern.ch/slc6_amd64_gcc472/cms/coral/CORAL_2_3_21-cms35/slc6_amd64_gcc472/python:/cvmfs/cms.cern.ch/slc6_amd64_gcc472/cms/coral/CORAL_2_3_21-cms35/slc6_amd64_gcc472/lib:/cvmfs/cms.cern.ch/slc6_amd64_gcc472/external/python-ldap/2.3.5-cms5/lib/python2.7/site-packages:/cvmfs/cms.cern.ch/slc6_amd64_gcc472/external/pyqt/4.8.1-cms5/lib/python2.7/site-packages:/cvmfs/cms.cern.ch/slc6_amd64_gcc472/external/py2-scipy/0.8.0-cms7/lib/python2.7/site-packages:/cvmfs/cms.cern.ch/slc6_amd64_gcc472/external/py2-matplotlib/1.0.1-cms7/lib/python2.7/site-packages:/cvmfs/cms.cern.ch/slc6_amd64_gcc472/external/sip/4.11.2-cms5/lib/python2.7/site-packages:/cvmfs/cms.cern.ch/slc6_amd64_gcc472/external/py2-pycurl/7.19.0-cms7/lib/python2.7/site-packages:/cvmfs/cms.cern.ch/slc6_amd64_gcc472/external/py2-numpy/1.6.1-cms7/lib/python2.7/site-packages:/cvmfs/cms.cern.ch/slc6_amd64_gcc472/external/py2-lint/0.25.1-cms5/lib/python2.7/site-packages:/cvmfs/cms.cern.ch/slc6_amd64_gcc472/external/py2-ipython/0.10-cms5/lib/python2.7/site-packages:/cvmfs/cms.cern.ch/slc6_amd64_gcc472/external/py2-cx-oracle/5.1-cms5/lib/python2.7/site-packages:/cvmfs/cms.cern.ch/slc6_amd64_gcc472/external/py2-cjson/1.0.5-cms5/lib/python2.7/site-packages:/cvmfs/cms.cern.ch/slc6_amd64_gcc472/cms/das-client/1.11.7/bin:/cvmfs/cms.cern.ch/slc6_amd64_gcc472/external/elementtree/1.2.6-cms5/share/lib/python2.7/site-packages:/cvmfs/cms.cern.ch/slc6_amd64_gcc472/external/rivet/1.8.2-cms9/lib/python2.7/site-packages:/cvmfs/cms.cern.ch/slc6_amd64_gcc472/external/pyminuit2/0.0.1-cms19/lib/python2.7/site-packages:/cvmfs/cms.cern.ch/slc6_amd64_gcc472/external/py2-pygithub/1.23.0-cms2/lib/python2.7/site-packages:/cvmfs/cms.cern.ch/slc6_amd64_gcc472/external/professor/1.0.0-cms19/lib/python2.7/site-packages:/cvmfs/cms.cern.ch/slc6_amd64_gcc472/lcg/root/5.34.07-cms/lib:/cvmfs/cms.cern.ch/slc6_amd64_gcc472/cms/dbs-client/DBS_2_1_9-cms5/lib:/cvmfs/cms.cern.ch/slc6_amd64_gcc472/cms/dbs-client/DBS_2_1_9-cms5/lib/DBSAPI:/cvmfs/cms.cern.ch/slc6_amd64_gcc472/external/cvs2git/5419-cms/lib:/scratch/condor/dir_7387/glide_o0c7KK/execute/dir_29967/
 
# LIMITS USED BY CRAB WATCHDOG:
# RSS  (KBytes)   : 2300000
# VSZ  (KBytes)   : 100000000
# DISK (MBytes)   : 19000
# CPU TIME        : 720h:0m:0s
# WALL CLOCK TIME : 21h:50m:0s
 
3c0380cf82de79bc39966c93934c61fc
PSETHASH = 3c0380cf82de79bc39966c93934c61fc
/scratch/condor/dir_7387/glide_o0c7KK/execute/dir_29967/writeCfg.py pset.py pset.py
Importing .py file
Setting parameters
RandomNumberGeneratorService found, will attempt to change seeds
inputBlocks=/ttbar/dcieri-ttbar_SIM-130075366148575c102f0d64fd3ac8f7/USER#d88f8312-b22c-48f9-b58b-21cac727e67d
inputFiles=/store/user/dcieri/ttbar_SIM/ttbar/ttbar_SIM/150129_145223/0000/step1_361.root
parentFiles=
lumisRange=
>>> Executable cmsRun
/cvmfs/cms.cern.ch/slc6_amd64_gcc472/cms/cmssw/CMSSW_6_2_0_SLHC12/bin/slc6_amd64_gcc472/cmsRun
ok executable found
>>> info for dashboard:
***** Cat /scratch/condor/dir_7387/glide_o0c7KK/execute/dir_29967/jobreport.txt *****
MonitorJobID=325_https://submit-6.t2.ucsd.edu//150202//509447.324
MonitorID=dcieri_PU140_4dm08r
ExeStart=cmsRun
***** End Cat jobreport *****
Parameters sent to Dashboard.
>>> cmsRun started at Mon Feb  2 20:29:35 UTC 2015
>>> cmsRun ended at Mon Feb  2 23:12:48 UTC 2015
>>> crab_fjr_*.xml  permission set to 0704
>>> info for dashboard:
***** Cat /scratch/condor/dir_7387/glide_o0c7KK/execute/dir_29967/jobreport.txt *****
MonitorJobID=325_https://submit-6.t2.ucsd.edu//150202//509447.324
MonitorID=dcieri_PU140_4dm08r
ExeEnd=cmsRun
***** End Cat jobreport *****
Parameters sent to Dashboard.
TIME_EXE = 9793 sec
>>> cmsRun wrote 218 lines of stdout+stderr
>>> START OF printout of 218 lines from stdout+stderr
271 DQMStore::DQMStore 
HcalTopologyIdealEP::HcalTopologyIdealEP
02-Feb-2015 20:29:45 GMT  Initiating request to open file root://dcap.pp.rl.ac.uk:1094/pnfs/pp.rl.ac.uk/data/cms/store/user/dcieri/ttbar_SIM/ttbar/ttbar_SIM/150129_145223/0000/step1_361.root
150202 20:29:48 32250 Xrd: CheckErrorStatus: Server [heplnx210.pp.rl.ac.uk:1094] declared: Request 3018 not supported(error code: 3013)
02-Feb-2015 20:29:49 GMT  Successfully opened file root://dcap.pp.rl.ac.uk:1094/pnfs/pp.rl.ac.uk/data/cms/store/user/dcieri/ttbar_SIM/ttbar/ttbar_SIM/150129_145223/0000/step1_361.root
02-Feb-2015 20:29:49 GMT  Initiating request to open file root://xrootd.unl.edu//store/group/dpg_trigger/comm_trigger/L1TrackTrigger/620_SLHC10/Extended2023TTI/MinBias/MinBias_TuneZ2star_GEN_SIM_1.root
02-Feb-2015 20:29:50 GMT  Successfully opened file root://xrootd.unl.edu//store/group/dpg_trigger/comm_trigger/L1TrackTrigger/620_SLHC10/Extended2023TTI/MinBias/MinBias_TuneZ2star_GEN_SIM_1.root
disableME1a = 0
HcalTopologyIdealEP::produce(const IdealGeometryRecord& iRecord)
mode = 2, maxDepthHB = 3, maxDepthHE = 5
RPCGeometryESModule :: produce
RPCGeometryESModule :: produce :: 1/4 Get Muon Ideal Geometry Record
RPCGeometryESModule :: produce :: 2/4 Get Muon DDD Constants
RPCGeometryESModule :: produce :: 3/4 Get Muon Numbering Record
in MuonNumberingInitialization::initializeMuonDDDConstants
about to make my new muonDDDConst_
in MuonNumberingInitialization::produce
RPCGeometryESModule :: produce :: 4/4 Build
Found:

	Barrel Stack layer 5 : 1008 stacks
	Barrel Stack layer 6 : 1320 stacks
	Barrel Stack layer 7 : 1836 stacks
	Barrel Stack layer 8 : 1152 stacks
	Barrel Stack layer 9 : 1488 stacks
	Barrel Stack layer 10 : 1824 stacks

	Endcap Stack disk 11 : 1360 stacks
	Endcap Stack disk 12 : 1360 stacks
	Endcap Stack disk 13 : 1360 stacks
	Endcap Stack disk 14 : 1360 stacks
	Endcap Stack disk 15 : 1360 stacks
Created 15428 stacks in 14 s

TTClusterBuilder< edm::Ref<edm::DetSetVector<PixelDigi>, PixelDigi, edm::refhelper::FindForDetSetVector<PixelDigi> > > loaded modules:
	TTClusterAlgorithm:	TTClusterAlgorithm_2d2013< edm::Ref<edm::DetSetVector<PixelDigi>, PixelDigi, edm::refhelper::FindForDetSetVector<PixelDigi> > >


TTStubBuilder< edm::Ref<edm::DetSetVector<PixelDigi>, PixelDigi, edm::refhelper::FindForDetSetVector<PixelDigi> > > loaded modules:
	TTStubAlgorithm:	TTStubAlgorithm_tab2013< edm::Ref<edm::DetSetVector<PixelDigi>, PixelDigi, edm::refhelper::FindForDetSetVector<PixelDigi> > >


TTClusterAssociator< edm::Ref<edm::DetSetVector<PixelDigi>, PixelDigi, edm::refhelper::FindForDetSetVector<PixelDigi> > > loaded.


TTStubAssociator< edm::Ref<edm::DetSetVector<PixelDigi>, PixelDigi, edm::refhelper::FindForDetSetVector<PixelDigi> > > loaded.


TTTrackAssociator< edm::Ref<edm::DetSetVector<PixelDigi>, PixelDigi, edm::refhelper::FindForDetSetVector<PixelDigi> > > loaded.

Begin processing the 1st record. Run 1, Event 3601, LumiSection 361 at 02-Feb-2015 20:30:24.053 GMT
02-Feb-2015 20:30:30 GMT  Closed file root://xrootd.unl.edu//store/group/dpg_trigger/comm_trigger/L1TrackTrigger/620_SLHC10/Extended2023TTI/MinBias/MinBias_TuneZ2star_GEN_SIM_1.root
02-Feb-2015 20:30:30 GMT  Initiating request to open file root://xrootd.unl.edu//store/group/dpg_trigger/comm_trigger/L1TrackTrigger/620_SLHC10/Extended2023TTI/MinBias/MinBias_TuneZ2star_GEN_SIM_233.root
02-Feb-2015 20:31:00 GMT  Successfully opened file root://xrootd.unl.edu//store/group/dpg_trigger/comm_trigger/L1TrackTrigger/620_SLHC10/Extended2023TTI/MinBias/MinBias_TuneZ2star_GEN_SIM_233.root
150202 20:35:46 32383 Xrd: XrdClientMessage::ReadRaw: Failed to read header (8 bytes).
150202 20:36:15 32381 Xrd: XrdClientMessage::ReadRaw: Failed to read header (8 bytes).
02-Feb-2015 20:41:11 GMT  Closed file root://xrootd.unl.edu//store/group/dpg_trigger/comm_trigger/L1TrackTrigger/620_SLHC10/Extended2023TTI/MinBias/MinBias_TuneZ2star_GEN_SIM_233.root
02-Feb-2015 20:41:11 GMT  Initiating request to open file root://xrootd.unl.edu//store/group/dpg_trigger/comm_trigger/L1TrackTrigger/620_SLHC10/Extended2023TTI/MinBias/MinBias_TuneZ2star_GEN_SIM_419.root
150202 20:41:42 20864 Xrd: CheckErrorStatus: Server [llrxrd-redir.in2p3.fr:1094] declared: session not found(error code: 3011)
02-Feb-2015 20:41:42 GMT  Successfully opened file root://xrootd.unl.edu//store/group/dpg_trigger/comm_trigger/L1TrackTrigger/620_SLHC10/Extended2023TTI/MinBias/MinBias_TuneZ2star_GEN_SIM_419.root
150202 20:46:15 1222 Xrd: XrdClientMessage::ReadRaw: Failed to read header (8 bytes).
150202 20:46:45 21323 Xrd: XrdClientMessage::ReadRaw: Failed to read header (8 bytes).
150202 20:50:15 32373 Xrd: XrdClientMessage::ReadRaw: Failed to read header (8 bytes).
150202 20:50:15 32374 Xrd: XrdClientMessage::ReadRaw: Failed to read header (8 bytes).
02-Feb-2015 20:50:23 GMT  Closed file root://xrootd.unl.edu//store/group/dpg_trigger/comm_trigger/L1TrackTrigger/620_SLHC10/Extended2023TTI/MinBias/MinBias_TuneZ2star_GEN_SIM_419.root
02-Feb-2015 20:50:23 GMT  Initiating request to open file root://xrootd.unl.edu//store/group/dpg_trigger/comm_trigger/L1TrackTrigger/620_SLHC10/Extended2023TTI/MinBias/MinBias_TuneZ2star_GEN_SIM_72.root
150202 20:50:54 31308 Xrd: CheckErrorStatus: Server [llrxrd-redir.in2p3.fr:1094] declared: session not found(error code: 3011)
02-Feb-2015 20:50:54 GMT  Successfully opened file root://xrootd.unl.edu//store/group/dpg_trigger/comm_trigger/L1TrackTrigger/620_SLHC10/Extended2023TTI/MinBias/MinBias_TuneZ2star_GEN_SIM_72.root
Building the geometry service
Warning did not find digi
Warning did not find digi
Warning did not find digi
Warning did not find digi
Warning did not find digi in disks
Warning did not find digi in disks
Warning did not find digi in disks
Warning did not find digi in disks
150202 20:55:45 21324 Xrd: XrdClientMessage::ReadRaw: Failed to read header (8 bytes).
150202 20:56:15 31711 Xrd: XrdClientMessage::ReadRaw: Failed to read header (8 bytes).
02-Feb-2015 21:00:45 GMT  Closed file root://xrootd.unl.edu//store/group/dpg_trigger/comm_trigger/L1TrackTrigger/620_SLHC10/Extended2023TTI/MinBias/MinBias_TuneZ2star_GEN_SIM_72.root
02-Feb-2015 21:00:45 GMT  Initiating request to open file root://xrootd.unl.edu//store/group/dpg_trigger/comm_trigger/L1TrackTrigger/620_SLHC10/Extended2023TTI/MinBias/MinBias_TuneZ2star_GEN_SIM_807.root
150202 21:01:44 10868 Xrd: CheckErrorStatus: Server [llrxrd-redir.in2p3.fr:1094] declared: session not found(error code: 3011)
02-Feb-2015 21:01:44 GMT  Successfully opened file root://xrootd.unl.edu//store/group/dpg_trigger/comm_trigger/L1TrackTrigger/620_SLHC10/Extended2023TTI/MinBias/MinBias_TuneZ2star_GEN_SIM_807.root
150202 21:06:16 31712 Xrd: XrdClientMessage::ReadRaw: Failed to read header (8 bytes).
150202 21:06:45 11951 Xrd: XrdClientMessage::ReadRaw: Failed to read header (8 bytes).
02-Feb-2015 21:15:08 GMT  Closed file root://xrootd.unl.edu//store/group/dpg_trigger/comm_trigger/L1TrackTrigger/620_SLHC10/Extended2023TTI/MinBias/MinBias_TuneZ2star_GEN_SIM_807.root
02-Feb-2015 21:15:08 GMT  Initiating request to open file root://xrootd.unl.edu//store/group/dpg_trigger/comm_trigger/L1TrackTrigger/620_SLHC10/Extended2023TTI/MinBias/MinBias_TuneZ2star_GEN_SIM_533.root
150202 21:15:38 26640 Xrd: CheckErrorStatus: Server [xrootd-redic.pi.infn.it:1094] declared: session not found(error code: 3011)
02-Feb-2015 21:15:38 GMT  Successfully opened file root://xrootd.unl.edu//store/group/dpg_trigger/comm_trigger/L1TrackTrigger/620_SLHC10/Extended2023TTI/MinBias/MinBias_TuneZ2star_GEN_SIM_533.root
150202 21:20:16 11952 Xrd: XrdClientMessage::ReadRaw: Failed to read header (8 bytes).
150202 21:20:45 27456 Xrd: XrdClientMessage::ReadRaw: Failed to read header (8 bytes).
150202 21:21:45 32380 Xrd: XrdClientMessage::ReadRaw: Failed to read header (8 bytes).
02-Feb-2015 21:25:41 GMT  Closed file root://xrootd.unl.edu//store/group/dpg_trigger/comm_trigger/L1TrackTrigger/620_SLHC10/Extended2023TTI/MinBias/MinBias_TuneZ2star_GEN_SIM_533.root
02-Feb-2015 21:25:41 GMT  Initiating request to open file root://xrootd.unl.edu//store/group/dpg_trigger/comm_trigger/L1TrackTrigger/620_SLHC10/Extended2023TTI/MinBias/MinBias_TuneZ2star_GEN_SIM_336.root
150202 21:26:12 7146 Xrd: CheckErrorStatus: Server [cms-xrd-global.cern.ch:1094] declared: session not found(error code: 3011)
150202 21:26:12 7146 Xrd: CheckErrorStatus: Server [llrxrd-redir.in2p3.fr:1094] declared: session not found(error code: 3011)
02-Feb-2015 21:26:12 GMT  Successfully opened file root://xrootd.unl.edu//store/group/dpg_trigger/comm_trigger/L1TrackTrigger/620_SLHC10/Extended2023TTI/MinBias/MinBias_TuneZ2star_GEN_SIM_336.root
150202 21:30:45 27457 Xrd: XrdClientMessage::ReadRaw: Failed to read header (8 bytes).
150202 21:31:15 7438 Xrd: XrdClientMessage::ReadRaw: Failed to read header (8 bytes).
02-Feb-2015 21:35:21 GMT  Closed file root://xrootd.unl.edu//store/group/dpg_trigger/comm_trigger/L1TrackTrigger/620_SLHC10/Extended2023TTI/MinBias/MinBias_TuneZ2star_GEN_SIM_336.root
02-Feb-2015 21:35:21 GMT  Initiating request to open file root://xrootd.unl.edu//store/group/dpg_trigger/comm_trigger/L1TrackTrigger/620_SLHC10/Extended2023TTI/MinBias/MinBias_TuneZ2star_GEN_SIM_22.root
150202 21:35:46 27455 Xrd: XrdClientMessage::ReadRaw: Failed to read header (8 bytes).
150202 21:35:52 17449 Xrd: CheckErrorStatus: Server [xrootd.ba.infn.it:1094] declared: session not found(error code: 3011)
02-Feb-2015 21:35:53 GMT  Successfully opened file root://xrootd.unl.edu//store/group/dpg_trigger/comm_trigger/L1TrackTrigger/620_SLHC10/Extended2023TTI/MinBias/MinBias_TuneZ2star_GEN_SIM_22.root
150202 21:40:46 7439 Xrd: XrdClientMessage::ReadRaw: Failed to read header (8 bytes).
150202 21:41:16 18499 Xrd: XrdClientMessage::ReadRaw: Failed to read header (8 bytes).
150202 21:46:16 7437 Xrd: XrdClientMessage::ReadRaw: Failed to read header (8 bytes).
02-Feb-2015 21:52:35 GMT  Closed file root://xrootd.unl.edu//store/group/dpg_trigger/comm_trigger/L1TrackTrigger/620_SLHC10/Extended2023TTI/MinBias/MinBias_TuneZ2star_GEN_SIM_22.root
02-Feb-2015 21:52:35 GMT  Initiating request to open file root://xrootd.unl.edu//store/group/dpg_trigger/comm_trigger/L1TrackTrigger/620_SLHC10/Extended2023TTI/MinBias/MinBias_TuneZ2star_GEN_SIM_109.root
150202 21:53:06 4676 Xrd: CheckErrorStatus: Server [cms-xrd-global.cern.ch:1094] declared: session not found(error code: 3011)
150202 21:53:06 4676 Xrd: CheckErrorStatus: Server [llrxrd-redir.in2p3.fr:1094] declared: session not found(error code: 3011)
02-Feb-2015 21:53:07 GMT  Successfully opened file root://xrootd.unl.edu//store/group/dpg_trigger/comm_trigger/L1TrackTrigger/620_SLHC10/Extended2023TTI/MinBias/MinBias_TuneZ2star_GEN_SIM_109.root
150202 21:56:15 18498 Xrd: XrdClientMessage::ReadRaw: Failed to read header (8 bytes).
150202 21:57:46 18500 Xrd: XrdClientMessage::ReadRaw: Failed to read header (8 bytes).
150202 21:58:16 5058 Xrd: XrdClientMessage::ReadRaw: Failed to read header (8 bytes).
02-Feb-2015 22:00:10 GMT  Closed file root://xrootd.unl.edu//store/group/dpg_trigger/comm_trigger/L1TrackTrigger/620_SLHC10/Extended2023TTI/MinBias/MinBias_TuneZ2star_GEN_SIM_109.root
02-Feb-2015 22:00:10 GMT  Initiating request to open file root://xrootd.unl.edu//store/group/dpg_trigger/comm_trigger/L1TrackTrigger/620_SLHC10/Extended2023TTI/MinBias/MinBias_TuneZ2star_GEN_SIM_707.root
150202 22:00:21 18511 Xrd: CheckErrorStatus: Server [cms-xrd-global.cern.ch:1094] declared: session not found(error code: 3011)
150202 22:00:21 18511 Xrd: CheckErrorStatus: Server [xrootd-redic.pi.infn.it:1094] declared: session not found(error code: 3011)
02-Feb-2015 22:00:22 GMT  Successfully opened file root://xrootd.unl.edu//store/group/dpg_trigger/comm_trigger/L1TrackTrigger/620_SLHC10/Extended2023TTI/MinBias/MinBias_TuneZ2star_GEN_SIM_707.root
150202 22:05:15 5059 Xrd: XrdClientMessage::ReadRaw: Failed to read header (8 bytes).
02-Feb-2015 22:05:42 GMT  Closed file root://xrootd.unl.edu//store/group/dpg_trigger/comm_trigger/L1TrackTrigger/620_SLHC10/Extended2023TTI/MinBias/MinBias_TuneZ2star_GEN_SIM_707.root
02-Feb-2015 22:05:42 GMT  Initiating request to open file root://xrootd.unl.edu//store/group/dpg_trigger/comm_trigger/L1TrackTrigger/620_SLHC10/Extended2023TTI/MinBias/MinBias_TuneZ2star_GEN_SIM_340.root
150202 22:05:42 18525 Xrd: XrdClientMessage::ReadRaw: Failed to read header (8 bytes).
150202 22:10:45 18526 Xrd: XrdClientMessage::ReadRaw: Failed to read header (8 bytes).
150202 22:10:46 24234 Xrd: CheckErrorStatus: Server [llrxrd-redir.in2p3.fr:1094] declared: session not found(error code: 3011)
02-Feb-2015 22:10:46 GMT  Successfully opened file root://xrootd.unl.edu//store/group/dpg_trigger/comm_trigger/L1TrackTrigger/620_SLHC10/Extended2023TTI/MinBias/MinBias_TuneZ2star_GEN_SIM_340.root
02-Feb-2015 22:15:37 GMT  Closed file root://xrootd.unl.edu//store/group/dpg_trigger/comm_trigger/L1TrackTrigger/620_SLHC10/Extended2023TTI/MinBias/MinBias_TuneZ2star_GEN_SIM_340.root
02-Feb-2015 22:15:37 GMT  Initiating request to open file root://xrootd.unl.edu//store/group/dpg_trigger/comm_trigger/L1TrackTrigger/620_SLHC10/Extended2023TTI/MinBias/MinBias_TuneZ2star_GEN_SIM_266.root
150202 22:16:15 29256 Xrd: XrdClientMessage::ReadRaw: Failed to read header (8 bytes).
150202 22:20:45 18524 Xrd: XrdClientMessage::ReadRaw: Failed to read header (8 bytes).
150202 22:20:46 29259 Xrd: XrdClientMessage::ReadRaw: Failed to read header (8 bytes).
150202 22:24:44 1903 Xrd: CheckErrorStatus: Server [cms-xrd-global.cern.ch:1094] declared: session not found(error code: 3011)
150202 22:24:45 1903 Xrd: CheckErrorStatus: Server [xrootd.ba.infn.it:1094] declared: session not found(error code: 3011)
02-Feb-2015 22:24:45 GMT  Successfully opened file root://xrootd.unl.edu//store/group/dpg_trigger/comm_trigger/L1TrackTrigger/620_SLHC10/Extended2023TTI/MinBias/MinBias_TuneZ2star_GEN_SIM_266.root
150202 22:30:15 11817 Xrd: XrdClientMessage::ReadRaw: Failed to read header (8 bytes).
150202 22:31:16 5057 Xrd: XrdClientMessage::ReadRaw: Failed to read header (8 bytes).
02-Feb-2015 22:32:48 GMT  Closed file root://xrootd.unl.edu//store/group/dpg_trigger/comm_trigger/L1TrackTrigger/620_SLHC10/Extended2023TTI/MinBias/MinBias_TuneZ2star_GEN_SIM_266.root
02-Feb-2015 22:32:48 GMT  Initiating request to open file root://xrootd.unl.edu//store/group/dpg_trigger/comm_trigger/L1TrackTrigger/620_SLHC10/Extended2023TTI/MinBias/MinBias_TuneZ2star_GEN_SIM_458.root
150202 22:33:19 18807 Xrd: CheckErrorStatus: Server [cms-xrd-global.cern.ch:1094] declared: session not found(error code: 3011)
150202 22:33:19 18807 Xrd: CheckErrorStatus: Server [xrootd-redic.pi.infn.it:1094] declared: session not found(error code: 3011)
02-Feb-2015 22:33:19 GMT  Successfully opened file root://xrootd.unl.edu//store/group/dpg_trigger/comm_trigger/L1TrackTrigger/620_SLHC10/Extended2023TTI/MinBias/MinBias_TuneZ2star_GEN_SIM_458.root
02-Feb-2015 22:37:18 GMT  Closed file root://xrootd.unl.edu//store/group/dpg_trigger/comm_trigger/L1TrackTrigger/620_SLHC10/Extended2023TTI/MinBias/MinBias_TuneZ2star_GEN_SIM_458.root
02-Feb-2015 22:37:18 GMT  Initiating request to open file root://xrootd.unl.edu//store/group/dpg_trigger/comm_trigger/L1TrackTrigger/620_SLHC10/Extended2023TTI/MinBias/MinBias_TuneZ2star_GEN_SIM_574.root
150202 22:37:49 21533 Xrd: CheckErrorStatus: Server [cms-xrd-global.cern.ch:1094] declared: session not found(error code: 3011)
02-Feb-2015 22:37:49 GMT  Successfully opened file root://xrootd.unl.edu//store/group/dpg_trigger/comm_trigger/L1TrackTrigger/620_SLHC10/Extended2023TTI/MinBias/MinBias_TuneZ2star_GEN_SIM_574.root
150202 22:37:49 11818 Xrd: XrdClientMessage::ReadRaw: Failed to read header (8 bytes).
02-Feb-2015 22:41:44 GMT  Closed file root://xrootd.unl.edu//store/group/dpg_trigger/comm_trigger/L1TrackTrigger/620_SLHC10/Extended2023TTI/MinBias/MinBias_TuneZ2star_GEN_SIM_574.root
02-Feb-2015 22:41:44 GMT  Initiating request to open file root://xrootd.unl.edu//store/group/dpg_trigger/comm_trigger/L1TrackTrigger/620_SLHC10/Extended2023TTI/MinBias/MinBias_TuneZ2star_GEN_SIM_314.root
02-Feb-2015 22:42:15 GMT  Successfully opened file root://xrootd.unl.edu//store/group/dpg_trigger/comm_trigger/L1TrackTrigger/620_SLHC10/Extended2023TTI/MinBias/MinBias_TuneZ2star_GEN_SIM_314.root
150202 22:42:46 19059 Xrd: XrdClientMessage::ReadRaw: Failed to read header (8 bytes).
150202 22:44:45 11816 Xrd: XrdClientMessage::ReadRaw: Failed to read header (8 bytes).
02-Feb-2015 22:46:12 GMT  Closed file root://xrootd.unl.edu//store/group/dpg_trigger/comm_trigger/L1TrackTrigger/620_SLHC10/Extended2023TTI/MinBias/MinBias_TuneZ2star_GEN_SIM_314.root
02-Feb-2015 22:46:12 GMT  Initiating request to open file root://xrootd.unl.edu//store/group/dpg_trigger/comm_trigger/L1TrackTrigger/620_SLHC10/Extended2023TTI/MinBias/MinBias_TuneZ2star_GEN_SIM_470.root
150202 22:46:12 28160 Xrd: CheckErrorStatus: Server [eoscms.cern.ch:1094] declared: session not found(error code: 3011)
02-Feb-2015 22:46:13 GMT  Successfully opened file root://xrootd.unl.edu//store/group/dpg_trigger/comm_trigger/L1TrackTrigger/620_SLHC10/Extended2023TTI/MinBias/MinBias_TuneZ2star_GEN_SIM_470.root
150202 22:46:45 22332 Xrd: XrdClientMessage::ReadRaw: Failed to read header (8 bytes).
02-Feb-2015 22:49:32 GMT  Closed file root://xrootd.unl.edu//store/group/dpg_trigger/comm_trigger/L1TrackTrigger/620_SLHC10/Extended2023TTI/MinBias/MinBias_TuneZ2star_GEN_SIM_470.root
02-Feb-2015 22:49:32 GMT  Initiating request to open file root://xrootd.unl.edu//store/group/dpg_trigger/comm_trigger/L1TrackTrigger/620_SLHC10/Extended2023TTI/MinBias/MinBias_TuneZ2star_GEN_SIM_100.root
150202 22:50:03 30572 Xrd: CheckErrorStatus: Server [eoscms.cern.ch:1094] declared: session not found(error code: 3011)
02-Feb-2015 22:50:03 GMT  Successfully opened file root://xrootd.unl.edu//store/group/dpg_trigger/comm_trigger/L1TrackTrigger/620_SLHC10/Extended2023TTI/MinBias/MinBias_TuneZ2star_GEN_SIM_100.root
150202 22:51:16 25169 Xrd: XrdClientMessage::ReadRaw: Failed to read header (8 bytes).
02-Feb-2015 22:53:29 GMT  Closed file root://xrootd.unl.edu//store/group/dpg_trigger/comm_trigger/L1TrackTrigger/620_SLHC10/Extended2023TTI/MinBias/MinBias_TuneZ2star_GEN_SIM_100.root
02-Feb-2015 22:53:29 GMT  Initiating request to open file root://xrootd.unl.edu//store/group/dpg_trigger/comm_trigger/L1TrackTrigger/620_SLHC10/Extended2023TTI/MinBias/MinBias_TuneZ2star_GEN_SIM_745.root
150202 22:54:00 32543 Xrd: CheckErrorStatus: Server [cms-xrd-global.cern.ch:1094] declared: session not found(error code: 3011)
02-Feb-2015 22:54:00 GMT  Successfully opened file root://xrootd.unl.edu//store/group/dpg_trigger/comm_trigger/L1TrackTrigger/620_SLHC10/Extended2023TTI/MinBias/MinBias_TuneZ2star_GEN_SIM_745.root
150202 22:54:45 28161 Xrd: XrdClientMessage::ReadRaw: Failed to read header (8 bytes).
02-Feb-2015 22:56:45 GMT  Closed file root://xrootd.unl.edu//store/group/dpg_trigger/comm_trigger/L1TrackTrigger/620_SLHC10/Extended2023TTI/MinBias/MinBias_TuneZ2star_GEN_SIM_745.root
02-Feb-2015 22:56:45 GMT  Initiating request to open file root://xrootd.unl.edu//store/group/dpg_trigger/comm_trigger/L1TrackTrigger/620_SLHC10/Extended2023TTI/MinBias/MinBias_TuneZ2star_GEN_SIM_9.root
02-Feb-2015 22:57:10 GMT  Successfully opened file root://xrootd.unl.edu//store/group/dpg_trigger/comm_trigger/L1TrackTrigger/620_SLHC10/Extended2023TTI/MinBias/MinBias_TuneZ2star_GEN_SIM_9.root
150202 22:58:45 30631 Xrd: XrdClientMessage::ReadRaw: Failed to read header (8 bytes).
02-Feb-2015 22:59:46 GMT  Closed file root://xrootd.unl.edu//store/group/dpg_trigger/comm_trigger/L1TrackTrigger/620_SLHC10/Extended2023TTI/MinBias/MinBias_TuneZ2star_GEN_SIM_9.root
02-Feb-2015 22:59:46 GMT  Initiating request to open file root://xrootd.unl.edu//store/group/dpg_trigger/comm_trigger/L1TrackTrigger/620_SLHC10/Extended2023TTI/MinBias/MinBias_TuneZ2star_GEN_SIM_108.root
150202 22:59:47 4700 Xrd: CheckErrorStatus: Server [eoscms.cern.ch:1094] declared: session not found(error code: 3011)
02-Feb-2015 22:59:47 GMT  Successfully opened file root://xrootd.unl.edu//store/group/dpg_trigger/comm_trigger/L1TrackTrigger/620_SLHC10/Extended2023TTI/MinBias/MinBias_TuneZ2star_GEN_SIM_108.root
150202 23:02:16 737 Xrd: XrdClientMessage::ReadRaw: Failed to read header (8 bytes).
02-Feb-2015 23:03:47 GMT  Closed file root://xrootd.unl.edu//store/group/dpg_trigger/comm_trigger/L1TrackTrigger/620_SLHC10/Extended2023TTI/MinBias/MinBias_TuneZ2star_GEN_SIM_108.root
02-Feb-2015 23:03:47 GMT  Initiating request to open file root://xrootd.unl.edu//store/group/dpg_trigger/comm_trigger/L1TrackTrigger/620_SLHC10/Extended2023TTI/MinBias/MinBias_TuneZ2star_GEN_SIM_744.root
02-Feb-2015 23:04:18 GMT  Successfully opened file root://xrootd.unl.edu//store/group/dpg_trigger/comm_trigger/L1TrackTrigger/620_SLHC10/Extended2023TTI/MinBias/MinBias_TuneZ2star_GEN_SIM_744.root
150202 23:05:16 2877 Xrd: XrdClientMessage::ReadRaw: Failed to read header (8 bytes).
02-Feb-2015 23:06:42 GMT  Closed file root://xrootd.unl.edu//store/group/dpg_trigger/comm_trigger/L1TrackTrigger/620_SLHC10/Extended2023TTI/MinBias/MinBias_TuneZ2star_GEN_SIM_744.root
02-Feb-2015 23:06:42 GMT  Initiating request to open file root://xrootd.unl.edu//store/group/dpg_trigger/comm_trigger/L1TrackTrigger/620_SLHC10/Extended2023TTI/MinBias/MinBias_TuneZ2star_GEN_SIM_697.root
02-Feb-2015 23:07:13 GMT  Successfully opened file root://xrootd.unl.edu//store/group/dpg_trigger/comm_trigger/L1TrackTrigger/620_SLHC10/Extended2023TTI/MinBias/MinBias_TuneZ2star_GEN_SIM_697.root
02-Feb-2015 23:09:08 GMT  Closed file root://xrootd.unl.edu//store/group/dpg_trigger/comm_trigger/L1TrackTrigger/620_SLHC10/Extended2023TTI/MinBias/MinBias_TuneZ2star_GEN_SIM_697.root
02-Feb-2015 23:09:08 GMT  Initiating request to open file root://xrootd.unl.edu//store/group/dpg_trigger/comm_trigger/L1TrackTrigger/620_SLHC10/Extended2023TTI/MinBias/MinBias_TuneZ2star_GEN_SIM_755.root
150202 23:09:09 4701 Xrd: XrdClientMessage::ReadRaw: Failed to read header (8 bytes).
150202 23:09:39 10660 Xrd: CheckErrorStatus: Server [eoscms.cern.ch:1094] declared: session not found(error code: 3011)
02-Feb-2015 23:09:39 GMT  Successfully opened file root://xrootd.unl.edu//store/group/dpg_trigger/comm_trigger/L1TrackTrigger/620_SLHC10/Extended2023TTI/MinBias/MinBias_TuneZ2star_GEN_SIM_755.root
02-Feb-2015 23:11:37 GMT  Closed file root://xrootd.unl.edu//store/group/dpg_trigger/comm_trigger/L1TrackTrigger/620_SLHC10/Extended2023TTI/MinBias/MinBias_TuneZ2star_GEN_SIM_755.root
02-Feb-2015 23:11:37 GMT  Initiating request to open file root://xrootd.unl.edu//store/group/dpg_trigger/comm_trigger/L1TrackTrigger/620_SLHC10/Extended2023TTI/MinBias/MinBias_TuneZ2star_GEN_SIM_559.root
150202 23:11:46 7489 Xrd: XrdClientMessage::ReadRaw: Failed to read header (8 bytes).
02-Feb-2015 23:12:07 GMT  Successfully opened file root://xrootd.unl.edu//store/group/dpg_trigger/comm_trigger/L1TrackTrigger/620_SLHC10/Extended2023TTI/MinBias/MinBias_TuneZ2star_GEN_SIM_559.root
02-Feb-2015 23:12:47 GMT  Closed file root://dcap.pp.rl.ac.uk:1094/pnfs/pp.rl.ac.uk/data/cms/store/user/dcieri/ttbar_SIM/ttbar/ttbar_SIM/150129_145223/0000/step1_361.root
02-Feb-2015 23:12:47 GMT  Closed file root://xrootd.unl.edu//store/group/dpg_trigger/comm_trigger/L1TrackTrigger/620_SLHC10/Extended2023TTI/MinBias/MinBias_TuneZ2star_GEN_SIM_559.root

=============================================

MessageLogger Summary

 type     category        sev    module        subroutine        count    total
 ---- -------------------- -- ---------------- ----------------  -----    -----
    1 fileAction           -s MixingModule:mix                      69       69
    2 fileAction           -s MixingModule:mix                       2        2
    3 fileAction           -s MixingModule:mix                       1        1
    4 fileAction           -s file_close                             1        1
    5 fileAction           -s file_open                              2        2

 type    category    Examples: run/evt        run/evt          run/evt
 ---- -------------------- ---------------- ---------------- ----------------
    1 fileAction           1/3601           1/3601           1/3610
    2 fileAction           pre-events       pre-events       
    3 fileAction           PostEndRun                        
    4 fileAction           PostEndRun                        
    5 fileAction           pre-events       pre-events       

Severity    # Occurrences   Total Occurrences
--------    -------------   -----------------
System                 75                  75
>>> END OF printout of 218 lines from stdout+stderr
>>> Parse FrameworkJobReport crab_fjr.xml
Result of parsing the FrameworkJobReport crab_fjr.xml: 
Extracted ExitStatus from FrameworkJobReport parsing output: 0
>>> Executable succeded  0
ExeExitCode=0
EXECUTABLE_EXIT_STATUS = 0
>>> current directory /scratch/condor/dir_7387/glide_o0c7KK/execute/dir_29967/CMSSW_6_2_0_SLHC12
>>>  (SOFTWARE_DIR): /scratch/condor/dir_7387/glide_o0c7KK/execute/dir_29967/CMSSW_6_2_0_SLHC12
>>> (WORKING_DIR): 
>>> current directory content:
total 241324
drwxr-xr-x 3 cms415 gplcms      4096 Feb  2 20:29 .SCRAM
-rw------- 1 cms415 gplcms    915837 Feb  2 20:29 CMSSW.py.pkl
drwxr-xr-x 3 cms415 gplcms      4096 Feb  2 20:29 bin
drwxr-xr-x 3 cms415 gplcms      4096 Feb  2 20:29 cfipython
drwxr-xr-x 4 cms415 gplcms      4096 Apr 28  2014 config
-rw------- 1 cms415 gplcms        16 Feb  2 23:12 cpu_timing.txt
drwxr-xr-x 2 cms415 gplcms      4096 Feb  2 20:29 doc
-rw------- 1 cms415 gplcms     24613 Feb  2 23:12 executable.out
drwxr-xr-x 2 cms415 gplcms      4096 Feb  2 20:29 include
drwx------ 3 cms415 gplcms      4096 Oct  7 10:12 lib
drwxr-xr-x 3 cms415 gplcms      4096 Feb  2 20:29 logs
drwxr-xr-x 3 cms415 gplcms      4096 Feb  2 20:29 objs
-rw------- 1 cms415 gplcms       104 Feb  2 20:29 pset.py
-rw------- 1 cms415 gplcms    926826 Feb  2 20:29 pset.py.pkl
-rw------- 1 cms415 gplcms       289 Feb  2 20:29 pset.pyc
drwxr-xr-x 2 cms415 gplcms      4096 Feb  2 20:29 python
-rw------- 1 cms415 gplcms       359 Feb  2 23:12 report.log
drwxr-xr-x 2 cms415 gplcms      4096 Feb  2 20:29 src
-rw------- 1 cms415 gplcms 244914071 Feb  2 23:12 step2.root
drwxr-xr-x 3 cms415 gplcms      4096 Feb  2 20:29 test
drwxr-xr-x 3 cms415 gplcms      4096 Feb  2 20:29 tmp
>>> current directory /scratch/condor/dir_7387/glide_o0c7KK/execute/dir_29967/CMSSW_6_2_0_SLHC12
>>> (SOFTWARE_DIR): /scratch/condor/dir_7387/glide_o0c7KK/execute/dir_29967/CMSSW_6_2_0_SLHC12
>>> (WORKING_DIR): 
>>> current directory content:
total 241324
drwxr-xr-x 3 cms415 gplcms      4096 Feb  2 20:29 .SCRAM
-rw------- 1 cms415 gplcms    915837 Feb  2 20:29 CMSSW.py.pkl
drwxr-xr-x 3 cms415 gplcms      4096 Feb  2 20:29 bin
drwxr-xr-x 3 cms415 gplcms      4096 Feb  2 20:29 cfipython
drwxr-xr-x 4 cms415 gplcms      4096 Apr 28  2014 config
-rw------- 1 cms415 gplcms        16 Feb  2 23:12 cpu_timing.txt
drwxr-xr-x 2 cms415 gplcms      4096 Feb  2 20:29 doc
-rw------- 1 cms415 gplcms     24613 Feb  2 23:12 executable.out
drwxr-xr-x 2 cms415 gplcms      4096 Feb  2 20:29 include
drwx------ 3 cms415 gplcms      4096 Oct  7 10:12 lib
drwxr-xr-x 3 cms415 gplcms      4096 Feb  2 20:29 logs
drwxr-xr-x 3 cms415 gplcms      4096 Feb  2 20:29 objs
-rw------- 1 cms415 gplcms       104 Feb  2 20:29 pset.py
-rw------- 1 cms415 gplcms    926826 Feb  2 20:29 pset.py.pkl
-rw------- 1 cms415 gplcms       289 Feb  2 20:29 pset.pyc
drwxr-xr-x 2 cms415 gplcms      4096 Feb  2 20:29 python
-rw------- 1 cms415 gplcms       359 Feb  2 23:12 report.log
drwxr-xr-x 2 cms415 gplcms      4096 Feb  2 20:29 src
-rw------- 1 cms415 gplcms 244914071 Feb  2 23:12 step2_325_1_D6G.root
drwxr-xr-x 3 cms415 gplcms      4096 Feb  2 20:29 test
drwxr-xr-x 3 cms415 gplcms      4096 Feb  2 20:29 tmp
>>> current directory (RUNTIME_AREA):  /scratch/condor/dir_7387/glide_o0c7KK/execute/dir_29967
PNN = T2_UK_SGrid_RALPP
SE = heplnx204.pp.rl.ac.uk
SE_PATH = /srm/managerv2?SFN=/pnfs/pp.rl.ac.uk/data/cms/store/user/dcieri/ttbar_PU140_DIGI/dcieri/ttbar/ttbar_PU140_DIGI/3c0380cf82de79bc39966c93934c61fc/
LFNBaseName = /store/user/dcieri/ttbar_PU140_DIGI/dcieri/ttbar/ttbar_PU140_DIGI/3c0380cf82de79bc39966c93934c61fc/
USER = dcieri
endpoint = srm://heplnx204.pp.rl.ac.uk:8443/srm/managerv2?SFN=/pnfs/pp.rl.ac.uk/data/cms/store/user/dcieri/ttbar_PU140_DIGI/dcieri/ttbar/ttbar_PU140_DIGI/3c0380cf82de79bc39966c93934c61fc/
>>> Copy output files from WN = heplnc353.pp.rl.ac.uk to /srm/managerv2?SFN=/pnfs/pp.rl.ac.uk/data/cms/store/user/dcieri/ttbar_PU140_DIGI/dcieri/ttbar/ttbar_PU140_DIGI/3c0380cf82de79bc39966c93934c61fc/ :
python cmscp.py  --destination srm://heplnx204.pp.rl.ac.uk:8443/srm/managerv2?SFN=/pnfs/pp.rl.ac.uk/data/cms/store/user/dcieri/ttbar_PU140_DIGI/dcieri/ttbar/ttbar_PU140_DIGI/3c0380cf82de79bc39966c93934c61fc/ --inputFileList /scratch/condor/dir_7387/glide_o0c7KK/execute/dir_29967/CMSSW_6_2_0_SLHC12/step2_325_1_D6G.root --middleware LCG --PNN T2_UK_SGrid_RALPP --se_name heplnx204.pp.rl.ac.uk --for_lfn /store/user/dcieri/ttbar_PU140_DIGI/dcieri/ttbar/ttbar_PU140_DIGI/3c0380cf82de79bc39966c93934c61fc/    
******************************************************
localSeName  =  heplnx204.pp.rl.ac.uk
remoteSeName =  heplnx204.pp.rl.ac.uk
******************************************************
{"/scratch/condor/dir_7387/glide_o0c7KK/execute/dir_29967/CMSSW_6_2_0_SLHC12/step2_325_1_D6G.root": {"endpoint": "srm://heplnx204.pp.rl.ac.uk:8443/srm/managerv2?SFN=/pnfs/pp.rl.ac.uk/data/cms/store/user/dcieri/ttbar_PU140_DIGI/dcieri/ttbar/ttbar_PU140_DIGI/3c0380cf82de79bc39966c93934c61fc/", "surl_for_grid": "", "reason": "Copy succedeed with srm-lcg utils", "erCode": "0", "PNN": "T2_UK_SGrid_RALPP", "se_name": "heplnx204.pp.rl.ac.uk", "for_lfn": "/store/user/dcieri/ttbar_PU140_DIGI/dcieri/ttbar/ttbar_PU140_DIGI/3c0380cf82de79bc39966c93934c61fc/"}}/scratch/condor/dir_7387/glide_o0c7KK/execute/dir_29967
-------- cat /scratch/condor/dir_7387/glide_o0c7KK/execute/dir_29967/cmscpReport.sh 
#!/bin/bash
echo "Report for File: /scratch/condor/dir_7387/glide_o0c7KK/execute/dir_29967/CMSSW_6_2_0_SLHC12/step2_325_1_D6G.root"
echo "LFN: /store/user/dcieri/ttbar_PU140_DIGI/dcieri/ttbar/ttbar_PU140_DIGI/3c0380cf82de79bc39966c93934c61fc/step2_325_1_D6G.root"
echo "StorageElement: heplnx204.pp.rl.ac.uk"
echo "StageOutExitStatusReason = 'Copy succedeed with srm-lcg utils'" | tee -a $RUNTIME_AREA/$repo
echo "StageOutSE = heplnx204.pp.rl.ac.uk" >> $RUNTIME_AREA/$repo

export StageOutExitStatus=0
echo "StageOutExitStatus = 0" | tee -a $RUNTIME_AREA/$repo
-------- end of /scratch/condor/dir_7387/glide_o0c7KK/execute/dir_29967/cmscpReport.sh 
Report for File: /scratch/condor/dir_7387/glide_o0c7KK/execute/dir_29967/CMSSW_6_2_0_SLHC12/step2_325_1_D6G.root
LFN: /store/user/dcieri/ttbar_PU140_DIGI/dcieri/ttbar/ttbar_PU140_DIGI/3c0380cf82de79bc39966c93934c61fc/step2_325_1_D6G.root
StorageElement: heplnx204.pp.rl.ac.uk
StageOutExitStatusReason = 'Copy succedeed with srm-lcg utils'
StageOutExitStatus = 0
>>> current dir: /scratch/condor/dir_7387/glide_o0c7KK/execute/dir_29967
>>> current dir content:
total 8828
-rw-------  1 cms415 gplcms    2665 Feb  2 23:13 .SEinteraction.log
-rwx------  1 cms415 gplcms      52 Feb  2 20:28 .chirp_config
-rwx------  1 cms415 gplcms    7833 Feb  2 20:28 .job.ad
-rwx------  1 cms415 gplcms    9800 Feb  2 20:28 .machine.ad
-rw-------  1 cms415 gplcms     105 Feb  2 12:16 CMSSW.py
-rw-------  1 cms415 gplcms  915837 Feb  2 12:16 CMSSW.py.pkl
-rwx------  1 cms415 gplcms   29498 Feb  2 20:29 CMSSW.sh
drwxr-xr-x 15 cms415 gplcms    4096 Feb  2 23:12 CMSSW_6_2_0_SLHC12
-rw-------  1 cms415 gplcms     189 Feb  2 20:29 CacheEnv.sh
-rw-------  1 cms415 gplcms    7291 Nov 19 14:52 DashboardAPI.py
-rw-------  1 cms415 gplcms    6455 Feb  2 20:29 DashboardAPI.pyc
drwx------  2 cms415 gplcms    4096 Feb  2 23:12 IMProv
-rw-------  1 cms415 gplcms    2748 Nov 19 14:52 Logger.py
-rw-------  1 cms415 gplcms    3227 Feb  2 20:29 Logger.pyc
-rw-------  1 cms415 gplcms   24524 Nov 19 14:52 ProcInfo.py
-rw-------  1 cms415 gplcms   22621 Feb  2 20:29 ProcInfo.pyc
drwx------  7 cms415 gplcms    4096 Feb  2 20:29 ProdCommon
drwx------  3 cms415 gplcms    4096 Feb  2 20:29 WMCore
-rw-------  1 cms415 gplcms   13032 Feb  2 23:13 Watchdog_325.log
-rwx------  1 cms415 gplcms       0 Feb  2 20:29 _condor_stderr
-rwx---r--  1 cms415 gplcms   39355 Feb  2 23:13 _condor_stdout
-rw-------  1 cms415 gplcms   32895 Nov 19 14:52 apmon.py
-rw-------  1 cms415 gplcms   27929 Feb  2 20:29 apmon.pyc
-rwx------  1 cms415 gplcms  134309 Feb  2 20:29 arguments.xml
-rwx------  1 cms415 gplcms   38581 Nov 19 14:52 cmscp.py
-rw-------  1 cms415 gplcms     561 Feb  2 23:13 cmscpReport.sh
-rwx------  1 cms415 gplcms   29498 Feb  2 20:29 condor_exec.exe
-rw-------  1 cms415 gplcms     544 Feb  2 12:16 crab.cfg
-rwx------  1 cms415 gplcms    8610 Nov 19 14:52 crabWatchdog.sh
-rwx---r--  1 cms415 gplcms  112090 Feb  2 23:12 crab_fjr_325.xml
-rwx------  1 cms415 gplcms 7390485 Feb  2 20:29 default.tgz
-rwx------  1 cms415 gplcms    4488 Nov 19 14:52 fillCrabFjr.py
-rw-------  1 cms415 gplcms     226 Feb  2 20:29 inputsReport.txt
-rw-------  1 cms415 gplcms     244 Feb  2 23:13 jobreport.txt
-rw-------  1 cms415 gplcms   17352 Nov 19 14:52 parseCrabFjr.py
-rw-------  1 cms415 gplcms     324 Feb  2 20:29 report.log
-rwx--x--x  1 cms415 gplcms    1497 Nov 19 14:52 report.py
-rw-------  1 cms415 gplcms     554 Feb  2 23:13 resultCopyFile
lrwxrwxrwx  1 cms415 gplcms      95 Feb  2 23:12 step2.root -> /scratch/condor/dir_7387/glide_o0c7KK/execute/dir_29967/CMSSW_6_2_0_SLHC12/step2_325_1_D6G.root
-rwx------  1 cms415 gplcms    8351 Nov 19 14:52 writeCfg.py
-rw-------  1 cms415 gplcms   10293 Feb  2 20:28 x509up_u62281
>>> Modify Job Report:
CMSSW_VERSION = CMSSW_6_2_0_SLHC12
ProcessedDataset = ttbar_PU140_DIGI
/scratch/condor/dir_7387/glide_o0c7KK/execute/dir_29967/ProdCommon/FwkJobRep/ModifyJobReport.py fjr /scratch/condor/dir_7387/glide_o0c7KK/execute/dir_29967/crab_fjr_325.xml json /scratch/condor/dir_7387/glide_o0c7KK/execute/dir_29967/resultCopyFile n_job 325_1_D6G PrimaryDataset ttbar  ApplicationFamily cmsRun ApplicationName cmsRun cmssw_version CMSSW_6_2_0_SLHC12 psethash 3c0380cf82de79bc39966c93934c61fc UserProcessedDataset dcieri-ttbar_PU140_DIGI-3c0380cf82de79bc39966c93934c61fc
inputDict =  {u'/scratch/condor/dir_7387/glide_o0c7KK/execute/dir_29967/CMSSW_6_2_0_SLHC12/step2_325_1_D6G.root': {u'endpoint': u'srm://heplnx204.pp.rl.ac.uk:8443/srm/managerv2?SFN=/pnfs/pp.rl.ac.uk/data/cms/store/user/dcieri/ttbar_PU140_DIGI/dcieri/ttbar/ttbar_PU140_DIGI/3c0380cf82de79bc39966c93934c61fc/', u'surl_for_grid': u'', u'reason': u'Copy succedeed with srm-lcg utils', u'erCode': u'0', u'PNN': u'T2_UK_SGrid_RALPP', u'se_name': u'heplnx204.pp.rl.ac.uk', u'for_lfn': u'/store/user/dcieri/ttbar_PU140_DIGI/dcieri/ttbar/ttbar_PU140_DIGI/3c0380cf82de79bc39966c93934c61fc/'}}
UserProcessedDataset =  dcieri-ttbar_PU140_DIGI-3c0380cf82de79bc39966c93934c61fc
WORKING ON EDM FILE
file_name in inputDict =  /scratch/condor/dir_7387/glide_o0c7KK/execute/dir_29967/CMSSW_6_2_0_SLHC12/step2_325_1_D6G.root
(size) os.stat(filename)[6] =  244914071
checksum =  1658958274
    file =  step2_325_1_D6G.root
    newPfn =  srm://heplnx204.pp.rl.ac.uk:8443/srm/managerv2?SFN=/pnfs/pp.rl.ac.uk/data/cms/store/user/dcieri/ttbar_PU140_DIGI/dcieri/ttbar/ttbar_PU140_DIGI/3c0380cf82de79bc39966c93934c61fc/step2_325_1_D6G.root
    newLfn =  /store/user/dcieri/ttbar_PU140_DIGI/dcieri/ttbar/ttbar_PU140_DIGI/3c0380cf82de79bc39966c93934c61fc/step2_325_1_D6G.root
>>> crab_fjr_*.xml  permission set to 0704
CrabWrapper EXIT_FUNC entered at Mon Feb  2 23:13:41 GMT 2015   -  Mon Feb  2 23:13:41 UTC 2015
Checking output files:  
will tar file crab_fjr_325.xml in  out_files_325
WARNING: output file CMSSW_325.stdout not found!
WARNING: output file CMSSW_325.stderr not found!
WARNING: output file Watchdog_325.log.gz not found!
>>> padding time: Wrapper lasting more than 600 seconds. No sleep required.
STOPPING WATCHDOG. CrabWatchdog PID is 31888
********** LAST 50 LINES OF WATCHDOG LOG
 Feb 02 21:08:41 GMT	32250	1207748	1698608	75	159	2350	cmsRun -j /scratch/condor/dir_7387/glide_o0c7KK/execute/dir_29967/crab_fjr_325.xml -p pset.py      
 Feb 02 21:09:41 GMT	32250	1210508	1702960	75	162	2410	cmsRun -j /scratch/condor/dir_7387/glide_o0c7KK/execute/dir_29967/crab_fjr_325.xml -p pset.py      
 Feb 02 21:10:41 GMT	32250	1212216	1702960	75	167	2470	cmsRun -j /scratch/condor/dir_7387/glide_o0c7KK/execute/dir_29967/crab_fjr_325.xml -p pset.py      
 Feb 02 21:11:41 GMT	32250	1214036	1705776	75	169	2531	cmsRun -j /scratch/condor/dir_7387/glide_o0c7KK/execute/dir_29967/crab_fjr_325.xml -p pset.py      
 Feb 02 21:12:42 GMT	32250	1236676	1707824	75	172	2591	cmsRun -j /scratch/condor/dir_7387/glide_o0c7KK/execute/dir_29967/crab_fjr_325.xml -p pset.py      
 Feb 02 21:13:42 GMT	32250	1275324	1718832	75	177	2651	cmsRun -j /scratch/condor/dir_7387/glide_o0c7KK/execute/dir_29967/crab_fjr_325.xml -p pset.py      
 Feb 02 21:14:42 GMT	32250	1300704	1722672	75	181	2711	cmsRun -j /scratch/condor/dir_7387/glide_o0c7KK/execute/dir_29967/crab_fjr_325.xml -p pset.py      
 Feb 02 21:16:43 GMT	32250	1303896	1723952	75	185	2832	cmsRun -j /scratch/condor/dir_7387/glide_o0c7KK/execute/dir_29967/crab_fjr_325.xml -p pset.py      
 Feb 02 21:17:43 GMT	32250	1307912	1727792	75	187	2892	cmsRun -j /scratch/condor/dir_7387/glide_o0c7KK/execute/dir_29967/crab_fjr_325.xml -p pset.py      
 Feb 02 21:18:43 GMT	32250	1310716	1730096	75	189	2952	cmsRun -j /scratch/condor/dir_7387/glide_o0c7KK/execute/dir_29967/crab_fjr_325.xml -p pset.py      
 Feb 02 21:19:43 GMT	32250	1315428	1733424	75	192	3012	cmsRun -j /scratch/condor/dir_7387/glide_o0c7KK/execute/dir_29967/crab_fjr_325.xml -p pset.py      
 Feb 02 21:20:43 GMT	32250	1315428	1749768	75	209	3073	cmsRun -j /scratch/condor/dir_7387/glide_o0c7KK/execute/dir_29967/crab_fjr_325.xml -p pset.py      
 Feb 02 21:20:43 GMT	---	1315428	1749768	97	----	----	----
 Feb 02 21:21:44 GMT	32250	1315428	1756168	97	211	3133	cmsRun -j /scratch/condor/dir_7387/glide_o0c7KK/execute/dir_29967/crab_fjr_325.xml -p pset.py      
 Feb 02 21:32:46 GMT	32250	1315428	1757704	97	238	3795	cmsRun -j /scratch/condor/dir_7387/glide_o0c7KK/execute/dir_29967/crab_fjr_325.xml -p pset.py      
 Feb 02 21:33:46 GMT	32250	1315428	1760776	97	240	3856	cmsRun -j /scratch/condor/dir_7387/glide_o0c7KK/execute/dir_29967/crab_fjr_325.xml -p pset.py      
 Feb 02 21:37:48 GMT	32250	1315428	1767176	97	252	4097	cmsRun -j /scratch/condor/dir_7387/glide_o0c7KK/execute/dir_29967/crab_fjr_325.xml -p pset.py      
 Feb 02 21:38:48 GMT	32250	1315428	1776648	97	256	4157	cmsRun -j /scratch/condor/dir_7387/glide_o0c7KK/execute/dir_29967/crab_fjr_325.xml -p pset.py      
 Feb 02 21:39:48 GMT	32250	1315428	1779976	97	259	4217	cmsRun -j /scratch/condor/dir_7387/glide_o0c7KK/execute/dir_29967/crab_fjr_325.xml -p pset.py      
 Feb 02 21:41:49 GMT	32250	1315428	1780744	97	262	4338	cmsRun -j /scratch/condor/dir_7387/glide_o0c7KK/execute/dir_29967/crab_fjr_325.xml -p pset.py      
 Feb 02 21:43:49 GMT	32250	1315428	1781768	97	265	4458	cmsRun -j /scratch/condor/dir_7387/glide_o0c7KK/execute/dir_29967/crab_fjr_325.xml -p pset.py      
# TIME			PID	RSS(KB)	VSZ(KB)	Dsk(MB)	tCPU(s)	tWALL(s)	COMMAND
 Feb 02 21:44:49 GMT	32250	1315428	1784584	97	266	4519	cmsRun -j /scratch/condor/dir_7387/glide_o0c7KK/execute/dir_29967/crab_fjr_325.xml -p pset.py      
 Feb 02 21:45:50 GMT	---	1315428	1784584	117	----	----	----
 Feb 02 22:05:54 GMT	---	1315428	1784584	140	----	----	----
 Feb 02 22:25:59 GMT	32250	1315428	1790220	140	394	6989	cmsRun -j /scratch/condor/dir_7387/glide_o0c7KK/execute/dir_29967/crab_fjr_325.xml -p pset.py      
 Feb 02 22:27:00 GMT	32250	1315428	1794316	140	396	7049	cmsRun -j /scratch/condor/dir_7387/glide_o0c7KK/execute/dir_29967/crab_fjr_325.xml -p pset.py      
 Feb 02 22:28:00 GMT	32250	1315428	1795852	140	400	7109	cmsRun -j /scratch/condor/dir_7387/glide_o0c7KK/execute/dir_29967/crab_fjr_325.xml -p pset.py      
 Feb 02 22:29:00 GMT	32250	1315428	1798412	140	403	7169	cmsRun -j /scratch/condor/dir_7387/glide_o0c7KK/execute/dir_29967/crab_fjr_325.xml -p pset.py      
 Feb 02 22:30:00 GMT	32250	1330256	1816332	140	415	7229	cmsRun -j /scratch/condor/dir_7387/glide_o0c7KK/execute/dir_29967/crab_fjr_325.xml -p pset.py      
 Feb 02 22:31:00 GMT	32250	1356544	1819404	140	420	7290	cmsRun -j /scratch/condor/dir_7387/glide_o0c7KK/execute/dir_29967/crab_fjr_325.xml -p pset.py      
 Feb 02 22:32:01 GMT	32250	1358524	1819404	140	423	7350	cmsRun -j /scratch/condor/dir_7387/glide_o0c7KK/execute/dir_29967/crab_fjr_325.xml -p pset.py      
 Feb 02 22:34:01 GMT	32250	1358524	1831692	140	445	7470	cmsRun -j /scratch/condor/dir_7387/glide_o0c7KK/execute/dir_29967/crab_fjr_325.xml -p pset.py      
 Feb 02 22:34:01 GMT	---	1358524	1831692	163	----	----	----
 Feb 02 22:35:25 GMT	32250	1358524	1832716	163	451	7554	cmsRun -j /scratch/condor/dir_7387/glide_o0c7KK/execute/dir_29967/crab_fjr_325.xml -p pset.py      
 Feb 02 22:36:25 GMT	32250	1358524	1834252	163	458	7615	cmsRun -j /scratch/condor/dir_7387/glide_o0c7KK/execute/dir_29967/crab_fjr_325.xml -p pset.py      
 Feb 02 22:38:27 GMT	32250	1358524	1836812	163	466	7737	cmsRun -j /scratch/condor/dir_7387/glide_o0c7KK/execute/dir_29967/crab_fjr_325.xml -p pset.py      
 Feb 02 22:39:28 GMT	32250	1358524	1847308	163	473	7797	cmsRun -j /scratch/condor/dir_7387/glide_o0c7KK/execute/dir_29967/crab_fjr_325.xml -p pset.py      
 Feb 02 22:40:28 GMT	32250	1358524	1848332	163	480	7858	cmsRun -j /scratch/condor/dir_7387/glide_o0c7KK/execute/dir_29967/crab_fjr_325.xml -p pset.py      
 Feb 02 22:41:29 GMT	32250	1358524	1864972	163	491	7918	cmsRun -j /scratch/condor/dir_7387/glide_o0c7KK/execute/dir_29967/crab_fjr_325.xml -p pset.py      
 Feb 02 22:43:29 GMT	32250	1504784	1934860	163	509	8038	cmsRun -j /scratch/condor/dir_7387/glide_o0c7KK/execute/dir_29967/crab_fjr_325.xml -p pset.py      
 Feb 02 22:43:29 GMT	---	1504784	1934860	168	----	----	----
 Feb 02 22:44:29 GMT	---	1504784	1934860	184	----	----	----
 Feb 02 22:52:31 GMT	---	1504784	1934860	206	----	----	----
 Feb 02 22:59:32 GMT	---	1504784	1934860	228	----	----	----
 Feb 02 23:06:34 GMT	32250	1532688	2023692	228	722	9423	cmsRun -j /scratch/condor/dir_7387/glide_o0c7KK/execute/dir_29967/crab_fjr_325.xml -p pset.py      
 Feb 02 23:06:34 GMT	---	1532688	2023692	232	----	----	----
 Feb 02 23:07:34 GMT	---	1532688	2023692	248	----	----	----
 Feb 02 23:12:37 GMT	32250	1532688	2036492	248	788	9786	cmsRun -j /scratch/condor/dir_7387/glide_o0c7KK/execute/dir_29967/crab_fjr_325.xml -p pset.py      
 Feb 02 23:13:37 GMT	---	1532688	2036492	271	----	----	----
********** WATCHDOG LOG ENDED
ZIPPING WATCHDOG LOG
Disk space used:
du -sh /scratch/condor/dir_7387/glide_o0c7KK/execute/dir_29967
271M	/scratch/condor/dir_7387/glide_o0c7KK/execute/dir_29967
Found unusual stdout, rename for OSB
`/scratch/condor/dir_7387/glide_o0c7KK/execute/dir_29967/_condor_stdout' -> `CMSSW_325.stdout'
Found unusual stderr, rename for OSB
`/scratch/condor/dir_7387/glide_o0c7KK/execute/dir_29967/_condor_stdout' -> `CMSSW_325.stderr'
crab_fjr_325.xml
CMSSW_325.stdout
CMSSW_325.stderr
Watchdog_325.log.gz
Total Output dimension: 24623
WARNING: output files size limit is set to: 50000000
Total Output dimension 24623 is fine.
JOB_EXIT_STATUS = 0
>>> info for dashboard:
***** Cat /scratch/condor/dir_7387/glide_o0c7KK/execute/dir_29967/jobreport.txt *****
MonitorJobID=325_https://submit-6.t2.ucsd.edu//150202//509447.324
MonitorID=dcieri_PU140_4dm08r
ExeTime=9793
ExeExitCode=0
StageOutExitStatusReason = 'Copy succedeed with srm-lcg utils'
StageOutSE = heplnx204.pp.rl.ac.uk
StageOutExitStatus = 0
CrabUserCpuTime=776.36
CrabSysCpuTime=23.80
CrabCpuPercentage=8%
CrabWrapperTime=9853
CrabStageoutTime=49
JobExitCode=0
***** End Cat jobreport *****
Parameters sent to Dashboard.
EXITING at Mon Feb  2 23:13:43 GMT 2015  -  Mon Feb  2 23:13:43 UTC 2015
