This script was generated by crab (version 2.11.1_patch1).
Running /scratch/condor/dir_17268/glide_WlQWqZ/execute/dir_13073/condor_exec.exe with 2 positional parameters: 348 1
Today is Mon Feb  2 20:33:58 GMT 2015 - Mon Feb  2 20:33:58 UTC 2015
Job submitted on host heplnc066.pp.rl.ac.uk
Linux heplnc066.pp.rl.ac.uk 2.6.32-504.3.3.el6.x86_64 #1 SMP Tue Dec 16 14:29:22 CST 2014 x86_64 x86_64 x86_64 GNU/Linux
Distributor ID:	Scientific
Description:	Scientific Linux release 6.6 (Carbon)
>>> current directory (RUNTIME_AREA): /scratch/condor/dir_17268/glide_WlQWqZ/execute/dir_13073
>>> current user: uid=157415(cms415) gid=157000(gplcms) groups=157000(gplcms)
>>> directory permission set to 0700
>>> umask set to:  u=rwx,g=,o=
>>> stdout stderr permission set to 0704
>>> voms proxy information:
subject   : /DC=ch/DC=cern/OU=Organic Units/OU=Users/CN=dcieri/CN=755391/CN=Davide Cieri/CN=769881070/CN=1179568069
issuer    : /DC=ch/DC=cern/OU=Organic Units/OU=Users/CN=dcieri/CN=755391/CN=Davide Cieri/CN=769881070
identity  : /DC=ch/DC=cern/OU=Organic Units/OU=Users/CN=dcieri/CN=755391/CN=Davide Cieri
type      : RFC3820 compliant limited proxy
strength  : 1024
path      : /scratch/condor/dir_17268/glide_WlQWqZ/execute/dir_13073/x509up_u62281
timeleft  : 23:58:34
key usage : Digital Signature, Key Encipherment
=== VO cms extension information ===
VO        : cms
subject   : /DC=ch/DC=cern/OU=Organic Units/OU=Users/CN=dcieri/CN=755391/CN=Davide Cieri
issuer    : /DC=ch/DC=cern/OU=computers/CN=lcg-voms2.cern.ch
attribute : /cms/Role=NULL/Capability=NULL
timeleft  : 183:42:26
uri       : lcg-voms2.cern.ch:15002

WNHostName=heplnc066.pp.rl.ac.uk
$_CONDOR_JOB_AD =/scratch/condor/dir_17268/glide_WlQWqZ/execute/dir_13073/.job.ad
OverflowFlag=0
>>> tar --no-same-permissions -xf /scratch/condor/dir_17268/glide_WlQWqZ/execute/dir_13073/default.tgz :
Successful untar
>>> Include /scratch/condor/dir_17268/glide_WlQWqZ/execute/dir_13073 in PYTHONPATH:
strip arguments
env var CRAB_UNIQUE_JOB_ID set to: dcieri_PU140_4dm08r_348_1_8NV
out_files_348
>>> list of expected files on output sandbox
output files: crab_fjr_348.xml CMSSW_348.stdout CMSSW_348.stderr Watchdog_348.log.gz
>>> GridFlavour discovery: 
GridFlavour=LCG
>>> SyncSite discovery: 
SyncSite=T2_UK_SGrid_RALPP
>>> SyncCE discovery: 
getting SyncCE from GLIDEIN_Gaekeeper
SyncCE=heplnv146.pp.rl.ac.uk
>>> info for dashboard:
***** Cat /scratch/condor/dir_17268/glide_WlQWqZ/execute/dir_13073/jobreport.txt *****
WNHostName=heplnc066.pp.rl.ac.uk
OverflowFlag=0
MonitorJobID=348_https://submit-6.t2.ucsd.edu//150202//509447.347
SyncGridJobId=https://submit-6.t2.ucsd.edu//150202//509447.347
MonitorID=dcieri_PU140_4dm08r
GridFlavour=LCG
SyncSite=T2_UK_SGrid_RALPP
SyncCE=heplnv146.pp.rl.ac.uk
***** End Cat jobreport *****
Parameters sent to Dashboard.
>>> setup environment
set SCRAM ARCH to slc6_amd64_gcc472
SCRAM_ARCH = slc6_amd64_gcc472
>>> setup CMS LCG environment:
set SCRAM ARCH and BUILD_ARCH to slc6_amd64_gcc472 ###
Sourcing environment... 
sourcing /cvmfs/cms.cern.ch/cmsset_default.sh
==> setup cms environment ok
>>> specific cmssw setup environment:
CMSSW_VERSION =  CMSSW_6_2_0_SLHC12
WARNING: In non-interactive mode release checks e.g. deprecated releases, production architectures are disabled.
>>> current directory (SOFTWARE_DIR): /scratch/condor/dir_17268/glide_WlQWqZ/execute/dir_13073/CMSSW_6_2_0_SLHC12
PreserveSeeds: <>
IncrementSeeds:<>
>>> info for dashboard:
***** Cat /scratch/condor/dir_17268/glide_WlQWqZ/execute/dir_13073/jobreport.txt *****
MonitorJobID=348_https://submit-6.t2.ucsd.edu//150202//509447.347
MonitorID=dcieri_PU140_4dm08r
***** End Cat jobreport *****
Parameters sent to Dashboard.
crabWatchdog started as process 19391
>>> moving CMSSW software directories in /scratch/condor/dir_17268/glide_WlQWqZ/execute/dir_13073/CMSSW_6_2_0_SLHC12
mv: cannot stat `/scratch/condor/dir_17268/glide_WlQWqZ/execute/dir_13073/module/': No such file or directory
>>> Include /scratch/condor/dir_17268/glide_WlQWqZ/execute/dir_13073 in PYTHONPATH:
PYTHONPATH=/scratch/condor/dir_17268/glide_WlQWqZ/execute/dir_13073/:/scratch/condor/dir_17268/glide_WlQWqZ/execute/dir_13073/CMSSW_6_2_0_SLHC12/python:/scratch/condor/dir_17268/glide_WlQWqZ/execute/dir_13073/CMSSW_6_2_0_SLHC12/lib/slc6_amd64_gcc472:/cvmfs/cms.cern.ch/slc6_amd64_gcc472/cms/cmssw/CMSSW_6_2_0_SLHC12/python:/cvmfs/cms.cern.ch/slc6_amd64_gcc472/cms/cmssw/CMSSW_6_2_0_SLHC12/lib/slc6_amd64_gcc472:/cvmfs/cms.cern.ch/slc6_amd64_gcc472/cms/coral/CORAL_2_3_21-cms35/slc6_amd64_gcc472/python:/cvmfs/cms.cern.ch/slc6_amd64_gcc472/cms/coral/CORAL_2_3_21-cms35/slc6_amd64_gcc472/lib:/cvmfs/cms.cern.ch/slc6_amd64_gcc472/external/python-ldap/2.3.5-cms5/lib/python2.7/site-packages:/cvmfs/cms.cern.ch/slc6_amd64_gcc472/external/pyqt/4.8.1-cms5/lib/python2.7/site-packages:/cvmfs/cms.cern.ch/slc6_amd64_gcc472/external/py2-scipy/0.8.0-cms7/lib/python2.7/site-packages:/cvmfs/cms.cern.ch/slc6_amd64_gcc472/external/py2-matplotlib/1.0.1-cms7/lib/python2.7/site-packages:/cvmfs/cms.cern.ch/slc6_amd64_gcc472/external/sip/4.11.2-cms5/lib/python2.7/site-packages:/cvmfs/cms.cern.ch/slc6_amd64_gcc472/external/py2-pycurl/7.19.0-cms7/lib/python2.7/site-packages:/cvmfs/cms.cern.ch/slc6_amd64_gcc472/external/py2-numpy/1.6.1-cms7/lib/python2.7/site-packages:/cvmfs/cms.cern.ch/slc6_amd64_gcc472/external/py2-lint/0.25.1-cms5/lib/python2.7/site-packages:/cvmfs/cms.cern.ch/slc6_amd64_gcc472/external/py2-ipython/0.10-cms5/lib/python2.7/site-packages:/cvmfs/cms.cern.ch/slc6_amd64_gcc472/external/py2-cx-oracle/5.1-cms5/lib/python2.7/site-packages:/cvmfs/cms.cern.ch/slc6_amd64_gcc472/external/py2-cjson/1.0.5-cms5/lib/python2.7/site-packages:/cvmfs/cms.cern.ch/slc6_amd64_gcc472/cms/das-client/1.11.7/bin:/cvmfs/cms.cern.ch/slc6_amd64_gcc472/external/elementtree/1.2.6-cms5/share/lib/python2.7/site-packages:/cvmfs/cms.cern.ch/slc6_amd64_gcc472/external/rivet/1.8.2-cms9/lib/python2.7/site-packages:/cvmfs/cms.cern.ch/slc6_amd64_gcc472/external/pyminuit2/0.0.1-cms19/lib/python2.7/site-packages:/cvmfs/cms.cern.ch/slc6_amd64_gcc472/external/py2-pygithub/1.23.0-cms2/lib/python2.7/site-packages:/cvmfs/cms.cern.ch/slc6_amd64_gcc472/external/professor/1.0.0-cms19/lib/python2.7/site-packages:/cvmfs/cms.cern.ch/slc6_amd64_gcc472/lcg/root/5.34.07-cms/lib:/cvmfs/cms.cern.ch/slc6_amd64_gcc472/cms/dbs-client/DBS_2_1_9-cms5/lib:/cvmfs/cms.cern.ch/slc6_amd64_gcc472/cms/dbs-client/DBS_2_1_9-cms5/lib/DBSAPI:/cvmfs/cms.cern.ch/slc6_amd64_gcc472/external/cvs2git/5419-cms/lib:/scratch/condor/dir_17268/glide_WlQWqZ/execute/dir_13073/
 
# LIMITS USED BY CRAB WATCHDOG:
# RSS  (KBytes)   : 2300000
# VSZ  (KBytes)   : 100000000
# DISK (MBytes)   : 19000
# CPU TIME        : 720h:0m:0s
# WALL CLOCK TIME : 21h:50m:0s
 
3c0380cf82de79bc39966c93934c61fc
PSETHASH = 3c0380cf82de79bc39966c93934c61fc
/scratch/condor/dir_17268/glide_WlQWqZ/execute/dir_13073/writeCfg.py pset.py pset.py
Importing .py file
Setting parameters
RandomNumberGeneratorService found, will attempt to change seeds
inputBlocks=/ttbar/dcieri-ttbar_SIM-130075366148575c102f0d64fd3ac8f7/USER#d88f8312-b22c-48f9-b58b-21cac727e67d
inputFiles=/store/user/dcieri/ttbar_SIM/ttbar/ttbar_SIM/150129_145223/0000/step1_181.root
parentFiles=
lumisRange=
>>> Executable cmsRun
/cvmfs/cms.cern.ch/slc6_amd64_gcc472/cms/cmssw/CMSSW_6_2_0_SLHC12/bin/slc6_amd64_gcc472/cmsRun
ok executable found
>>> info for dashboard:
***** Cat /scratch/condor/dir_17268/glide_WlQWqZ/execute/dir_13073/jobreport.txt *****
MonitorJobID=348_https://submit-6.t2.ucsd.edu//150202//509447.347
MonitorID=dcieri_PU140_4dm08r
ExeStart=cmsRun
***** End Cat jobreport *****
Parameters sent to Dashboard.
>>> cmsRun started at Mon Feb  2 20:34:05 UTC 2015
>>> cmsRun ended at Mon Feb  2 23:05:48 UTC 2015
>>> crab_fjr_*.xml  permission set to 0704
>>> info for dashboard:
***** Cat /scratch/condor/dir_17268/glide_WlQWqZ/execute/dir_13073/jobreport.txt *****
MonitorJobID=348_https://submit-6.t2.ucsd.edu//150202//509447.347
MonitorID=dcieri_PU140_4dm08r
ExeEnd=cmsRun
***** End Cat jobreport *****
Parameters sent to Dashboard.
TIME_EXE = 9103 sec
>>> cmsRun wrote 225 lines of stdout+stderr
>>> START OF printout of 225 lines from stdout+stderr
271 DQMStore::DQMStore 
HcalTopologyIdealEP::HcalTopologyIdealEP
02-Feb-2015 20:34:26 GMT  Initiating request to open file root://dcap.pp.rl.ac.uk:1094/pnfs/pp.rl.ac.uk/data/cms/store/user/dcieri/ttbar_SIM/ttbar/ttbar_SIM/150129_145223/0000/step1_181.root
150202 20:34:27 19883 Xrd: CheckErrorStatus: Server [heplnx209.pp.rl.ac.uk:1094] declared: Request 3018 not supported(error code: 3013)
02-Feb-2015 20:34:29 GMT  Successfully opened file root://dcap.pp.rl.ac.uk:1094/pnfs/pp.rl.ac.uk/data/cms/store/user/dcieri/ttbar_SIM/ttbar/ttbar_SIM/150129_145223/0000/step1_181.root
02-Feb-2015 20:34:30 GMT  Initiating request to open file root://xrootd.unl.edu//store/group/dpg_trigger/comm_trigger/L1TrackTrigger/620_SLHC10/Extended2023TTI/MinBias/MinBias_TuneZ2star_GEN_SIM_1.root
02-Feb-2015 20:34:33 GMT  Successfully opened file root://xrootd.unl.edu//store/group/dpg_trigger/comm_trigger/L1TrackTrigger/620_SLHC10/Extended2023TTI/MinBias/MinBias_TuneZ2star_GEN_SIM_1.root
disableME1a = 0
HcalTopologyIdealEP::produce(const IdealGeometryRecord& iRecord)
mode = 2, maxDepthHB = 3, maxDepthHE = 5
RPCGeometryESModule :: produce
RPCGeometryESModule :: produce :: 1/4 Get Muon Ideal Geometry Record
RPCGeometryESModule :: produce :: 2/4 Get Muon DDD Constants
RPCGeometryESModule :: produce :: 3/4 Get Muon Numbering Record
in MuonNumberingInitialization::initializeMuonDDDConstants
about to make my new muonDDDConst_
in MuonNumberingInitialization::produce
RPCGeometryESModule :: produce :: 4/4 Build
Found:

	Barrel Stack layer 5 : 1008 stacks
	Barrel Stack layer 6 : 1320 stacks
	Barrel Stack layer 7 : 1836 stacks
	Barrel Stack layer 8 : 1152 stacks
	Barrel Stack layer 9 : 1488 stacks
	Barrel Stack layer 10 : 1824 stacks

	Endcap Stack disk 11 : 1360 stacks
	Endcap Stack disk 12 : 1360 stacks
	Endcap Stack disk 13 : 1360 stacks
	Endcap Stack disk 14 : 1360 stacks
	Endcap Stack disk 15 : 1360 stacks
Created 15428 stacks in 12 s

TTClusterBuilder< edm::Ref<edm::DetSetVector<PixelDigi>, PixelDigi, edm::refhelper::FindForDetSetVector<PixelDigi> > > loaded modules:
	TTClusterAlgorithm:	TTClusterAlgorithm_2d2013< edm::Ref<edm::DetSetVector<PixelDigi>, PixelDigi, edm::refhelper::FindForDetSetVector<PixelDigi> > >


TTStubBuilder< edm::Ref<edm::DetSetVector<PixelDigi>, PixelDigi, edm::refhelper::FindForDetSetVector<PixelDigi> > > loaded modules:
	TTStubAlgorithm:	TTStubAlgorithm_tab2013< edm::Ref<edm::DetSetVector<PixelDigi>, PixelDigi, edm::refhelper::FindForDetSetVector<PixelDigi> > >


TTClusterAssociator< edm::Ref<edm::DetSetVector<PixelDigi>, PixelDigi, edm::refhelper::FindForDetSetVector<PixelDigi> > > loaded.


TTStubAssociator< edm::Ref<edm::DetSetVector<PixelDigi>, PixelDigi, edm::refhelper::FindForDetSetVector<PixelDigi> > > loaded.


TTTrackAssociator< edm::Ref<edm::DetSetVector<PixelDigi>, PixelDigi, edm::refhelper::FindForDetSetVector<PixelDigi> > > loaded.

Begin processing the 1st record. Run 1, Event 1801, LumiSection 181 at 02-Feb-2015 20:35:00.475 GMT
02-Feb-2015 20:35:06 GMT  Closed file root://xrootd.unl.edu//store/group/dpg_trigger/comm_trigger/L1TrackTrigger/620_SLHC10/Extended2023TTI/MinBias/MinBias_TuneZ2star_GEN_SIM_1.root
02-Feb-2015 20:35:06 GMT  Initiating request to open file root://xrootd.unl.edu//store/group/dpg_trigger/comm_trigger/L1TrackTrigger/620_SLHC10/Extended2023TTI/MinBias/MinBias_TuneZ2star_GEN_SIM_742.root
02-Feb-2015 20:35:37 GMT  Successfully opened file root://xrootd.unl.edu//store/group/dpg_trigger/comm_trigger/L1TrackTrigger/620_SLHC10/Extended2023TTI/MinBias/MinBias_TuneZ2star_GEN_SIM_742.root
150202 20:40:27 23145 Xrd: XrdClientMessage::ReadRaw: Failed to read header (8 bytes).
150202 20:40:56 23111 Xrd: XrdClientMessage::ReadRaw: Failed to read header (8 bytes).
02-Feb-2015 20:45:15 GMT  Closed file root://xrootd.unl.edu//store/group/dpg_trigger/comm_trigger/L1TrackTrigger/620_SLHC10/Extended2023TTI/MinBias/MinBias_TuneZ2star_GEN_SIM_742.root
02-Feb-2015 20:45:15 GMT  Initiating request to open file root://xrootd.unl.edu//store/group/dpg_trigger/comm_trigger/L1TrackTrigger/620_SLHC10/Extended2023TTI/MinBias/MinBias_TuneZ2star_GEN_SIM_791.root
150202 20:45:46 14059 Xrd: CheckErrorStatus: Server [xrootd-redic.pi.infn.it:1094] declared: session not found(error code: 3011)
02-Feb-2015 20:45:47 GMT  Successfully opened file root://xrootd.unl.edu//store/group/dpg_trigger/comm_trigger/L1TrackTrigger/620_SLHC10/Extended2023TTI/MinBias/MinBias_TuneZ2star_GEN_SIM_791.root
150202 20:50:26 25625 Xrd: XrdClientMessage::ReadRaw: Failed to read header (8 bytes).
150202 20:50:56 15232 Xrd: XrdClientMessage::ReadRaw: Failed to read header (8 bytes).
02-Feb-2015 20:54:44 GMT  Closed file root://xrootd.unl.edu//store/group/dpg_trigger/comm_trigger/L1TrackTrigger/620_SLHC10/Extended2023TTI/MinBias/MinBias_TuneZ2star_GEN_SIM_791.root
02-Feb-2015 20:54:44 GMT  Initiating request to open file root://xrootd.unl.edu//store/group/dpg_trigger/comm_trigger/L1TrackTrigger/620_SLHC10/Extended2023TTI/MinBias/MinBias_TuneZ2star_GEN_SIM_360.root
150202 20:54:44 22660 Xrd: XrdClientMessage::ReadRaw: Failed to read header (8 bytes).
150202 20:54:45 22641 Xrd: XrdClientMessage::ReadRaw: Failed to read header (8 bytes).
150202 20:55:15 2344 Xrd: CheckErrorStatus: Server [xrootd.ba.infn.it:1094] declared: session not found(error code: 3011)
02-Feb-2015 20:55:15 GMT  Successfully opened file root://xrootd.unl.edu//store/group/dpg_trigger/comm_trigger/L1TrackTrigger/620_SLHC10/Extended2023TTI/MinBias/MinBias_TuneZ2star_GEN_SIM_360.root
Building the geometry service
Warning did not find digi
Warning did not find digi
Warning did not find digi
Warning did not find digi
Warning did not find digi in disks
Warning did not find digi in disks
Warning did not find digi in disks
Warning did not find digi in disks
150202 20:59:56 15233 Xrd: XrdClientMessage::ReadRaw: Failed to read header (8 bytes).
150202 21:00:26 3340 Xrd: XrdClientMessage::ReadRaw: Failed to read header (8 bytes).
02-Feb-2015 21:04:12 GMT  Closed file root://xrootd.unl.edu//store/group/dpg_trigger/comm_trigger/L1TrackTrigger/620_SLHC10/Extended2023TTI/MinBias/MinBias_TuneZ2star_GEN_SIM_360.root
02-Feb-2015 21:04:12 GMT  Initiating request to open file root://xrootd.unl.edu//store/group/dpg_trigger/comm_trigger/L1TrackTrigger/620_SLHC10/Extended2023TTI/MinBias/MinBias_TuneZ2star_GEN_SIM_109.root
150202 21:05:56 15231 Xrd: XrdClientMessage::ReadRaw: Failed to read header (8 bytes).
150202 21:05:57 22897 Xrd: CheckErrorStatus: Server [llrxrd-redir.in2p3.fr:1094] declared: session not found(error code: 3011)
02-Feb-2015 21:05:58 GMT  Successfully opened file root://xrootd.unl.edu//store/group/dpg_trigger/comm_trigger/L1TrackTrigger/620_SLHC10/Extended2023TTI/MinBias/MinBias_TuneZ2star_GEN_SIM_109.root
150202 21:09:26 3341 Xrd: XrdClientMessage::ReadRaw: Failed to read header (8 bytes).
150202 21:11:26 30894 Xrd: XrdClientMessage::ReadRaw: Failed to read header (8 bytes).
02-Feb-2015 21:13:37 GMT  Closed file root://xrootd.unl.edu//store/group/dpg_trigger/comm_trigger/L1TrackTrigger/620_SLHC10/Extended2023TTI/MinBias/MinBias_TuneZ2star_GEN_SIM_109.root
02-Feb-2015 21:13:37 GMT  Initiating request to open file root://xrootd.unl.edu//store/group/dpg_trigger/comm_trigger/L1TrackTrigger/620_SLHC10/Extended2023TTI/MinBias/MinBias_TuneZ2star_GEN_SIM_988.root
150202 21:14:08 17321 Xrd: CheckErrorStatus: Server [xrootd.ba.infn.it:1094] declared: session not found(error code: 3011)
02-Feb-2015 21:14:09 GMT  Successfully opened file root://xrootd.unl.edu//store/group/dpg_trigger/comm_trigger/L1TrackTrigger/620_SLHC10/Extended2023TTI/MinBias/MinBias_TuneZ2star_GEN_SIM_988.root
150202 21:18:56 30898 Xrd: XrdClientMessage::ReadRaw: Failed to read header (8 bytes).
150202 21:19:26 18264 Xrd: XrdClientMessage::ReadRaw: Failed to read header (8 bytes).
02-Feb-2015 21:23:37 GMT  Closed file root://xrootd.unl.edu//store/group/dpg_trigger/comm_trigger/L1TrackTrigger/620_SLHC10/Extended2023TTI/MinBias/MinBias_TuneZ2star_GEN_SIM_988.root
02-Feb-2015 21:23:37 GMT  Initiating request to open file root://xrootd.unl.edu//store/group/dpg_trigger/comm_trigger/L1TrackTrigger/620_SLHC10/Extended2023TTI/MinBias/MinBias_TuneZ2star_GEN_SIM_793.root
150202 21:24:08 6743 Xrd: CheckErrorStatus: Server [cms-xrd-global.cern.ch:1094] declared: session not found(error code: 3011)
150202 21:24:09 6743 Xrd: CheckErrorStatus: Server [xrootd-redic.pi.infn.it:1094] declared: session not found(error code: 3011)
02-Feb-2015 21:24:09 GMT  Successfully opened file root://xrootd.unl.edu//store/group/dpg_trigger/comm_trigger/L1TrackTrigger/620_SLHC10/Extended2023TTI/MinBias/MinBias_TuneZ2star_GEN_SIM_793.root
150202 21:26:26 30823 Xrd: XrdClientMessage::ReadRaw: Failed to read header (8 bytes).
150202 21:28:56 18265 Xrd: XrdClientMessage::ReadRaw: Failed to read header (8 bytes).
150202 21:29:26 7729 Xrd: XrdClientMessage::ReadRaw: Failed to read header (8 bytes).
02-Feb-2015 21:32:49 GMT  Closed file root://xrootd.unl.edu//store/group/dpg_trigger/comm_trigger/L1TrackTrigger/620_SLHC10/Extended2023TTI/MinBias/MinBias_TuneZ2star_GEN_SIM_793.root
02-Feb-2015 21:32:49 GMT  Initiating request to open file root://xrootd.unl.edu//store/group/dpg_trigger/comm_trigger/L1TrackTrigger/620_SLHC10/Extended2023TTI/MinBias/MinBias_TuneZ2star_GEN_SIM_43.root
150202 21:33:20 27778 Xrd: CheckErrorStatus: Server [cms-xrd-global.cern.ch:1094] declared: session not found(error code: 3011)
150202 21:33:20 27778 Xrd: CheckErrorStatus: Server [llrxrd-redir.in2p3.fr:1094] declared: session not found(error code: 3011)
02-Feb-2015 21:33:20 GMT  Successfully opened file root://xrootd.unl.edu//store/group/dpg_trigger/comm_trigger/L1TrackTrigger/620_SLHC10/Extended2023TTI/MinBias/MinBias_TuneZ2star_GEN_SIM_43.root
150202 21:34:26 23083 Xrd: XrdClientMessage::ReadRaw: Failed to read header (8 bytes).
150202 21:37:56 7730 Xrd: XrdClientMessage::ReadRaw: Failed to read header (8 bytes).
150202 21:38:26 28256 Xrd: XrdClientMessage::ReadRaw: Failed to read header (8 bytes).
02-Feb-2015 21:42:04 GMT  Closed file root://xrootd.unl.edu//store/group/dpg_trigger/comm_trigger/L1TrackTrigger/620_SLHC10/Extended2023TTI/MinBias/MinBias_TuneZ2star_GEN_SIM_43.root
02-Feb-2015 21:42:04 GMT  Initiating request to open file root://xrootd.unl.edu//store/group/dpg_trigger/comm_trigger/L1TrackTrigger/620_SLHC10/Extended2023TTI/MinBias/MinBias_TuneZ2star_GEN_SIM_584.root
150202 21:42:34 21230 Xrd: CheckErrorStatus: Server [llrxrd-redir.in2p3.fr:1094] declared: session not found(error code: 3011)
150202 21:42:35 21230 Xrd: CheckErrorStatus: Server [eoscms.cern.ch:1094] declared: session not found(error code: 3011)
02-Feb-2015 21:42:35 GMT  Successfully opened file root://xrootd.unl.edu//store/group/dpg_trigger/comm_trigger/L1TrackTrigger/620_SLHC10/Extended2023TTI/MinBias/MinBias_TuneZ2star_GEN_SIM_584.root
150202 21:44:26 7727 Xrd: XrdClientMessage::ReadRaw: Failed to read header (8 bytes).
150202 21:47:26 28257 Xrd: XrdClientMessage::ReadRaw: Failed to read header (8 bytes).
150202 21:47:56 22048 Xrd: XrdClientMessage::ReadRaw: Failed to read header (8 bytes).
02-Feb-2015 21:51:23 GMT  Closed file root://xrootd.unl.edu//store/group/dpg_trigger/comm_trigger/L1TrackTrigger/620_SLHC10/Extended2023TTI/MinBias/MinBias_TuneZ2star_GEN_SIM_584.root
02-Feb-2015 21:51:23 GMT  Initiating request to open file root://xrootd.unl.edu//store/group/dpg_trigger/comm_trigger/L1TrackTrigger/620_SLHC10/Extended2023TTI/MinBias/MinBias_TuneZ2star_GEN_SIM_288.root
150202 21:51:59 7313 Xrd: CheckErrorStatus: Server [cms-xrd-global.cern.ch:1094] declared: session not found(error code: 3011)
150202 21:51:59 7313 Xrd: CheckErrorStatus: Server [xrootd-redic.pi.infn.it:1094] declared: session not found(error code: 3011)
02-Feb-2015 21:52:00 GMT  Successfully opened file root://xrootd.unl.edu//store/group/dpg_trigger/comm_trigger/L1TrackTrigger/620_SLHC10/Extended2023TTI/MinBias/MinBias_TuneZ2star_GEN_SIM_288.root
150202 21:56:27 22049 Xrd: XrdClientMessage::ReadRaw: Failed to read header (8 bytes).
150202 21:57:26 9505 Xrd: XrdClientMessage::ReadRaw: Failed to read header (8 bytes).
DTTSPhi::addTracoT: preview not present in TRACO trigger or its code=0  trigger not added!
02-Feb-2015 21:59:56 GMT  Closed file root://xrootd.unl.edu//store/group/dpg_trigger/comm_trigger/L1TrackTrigger/620_SLHC10/Extended2023TTI/MinBias/MinBias_TuneZ2star_GEN_SIM_288.root
02-Feb-2015 21:59:56 GMT  Initiating request to open file root://xrootd.unl.edu//store/group/dpg_trigger/comm_trigger/L1TrackTrigger/620_SLHC10/Extended2023TTI/MinBias/MinBias_TuneZ2star_GEN_SIM_730.root
150202 22:00:27 32082 Xrd: CheckErrorStatus: Server [cms-xrd-global.cern.ch:1094] declared: session not found(error code: 3011)
150202 22:00:28 32082 Xrd: CheckErrorStatus: Server [xrootd.ba.infn.it:1094] declared: session not found(error code: 3011)
02-Feb-2015 22:00:28 GMT  Successfully opened file root://xrootd.unl.edu//store/group/dpg_trigger/comm_trigger/L1TrackTrigger/620_SLHC10/Extended2023TTI/MinBias/MinBias_TuneZ2star_GEN_SIM_730.root
150202 22:02:56 28255 Xrd: XrdClientMessage::ReadRaw: Failed to read header (8 bytes).
02-Feb-2015 22:05:06 GMT  Closed file root://xrootd.unl.edu//store/group/dpg_trigger/comm_trigger/L1TrackTrigger/620_SLHC10/Extended2023TTI/MinBias/MinBias_TuneZ2star_GEN_SIM_730.root
02-Feb-2015 22:05:06 GMT  Initiating request to open file root://xrootd.unl.edu//store/group/dpg_trigger/comm_trigger/L1TrackTrigger/620_SLHC10/Extended2023TTI/MinBias/MinBias_TuneZ2star_GEN_SIM_290.root
150202 22:05:07 9506 Xrd: XrdClientMessage::ReadRaw: Failed to read header (8 bytes).
150202 22:05:51 2042 Xrd: XrdClientMessage::ReadRaw: Failed to read header (8 bytes).
02-Feb-2015 22:05:52 GMT  Successfully opened file root://xrootd.unl.edu//store/group/dpg_trigger/comm_trigger/L1TrackTrigger/620_SLHC10/Extended2023TTI/MinBias/MinBias_TuneZ2star_GEN_SIM_290.root
02-Feb-2015 22:09:44 GMT  Closed file root://xrootd.unl.edu//store/group/dpg_trigger/comm_trigger/L1TrackTrigger/620_SLHC10/Extended2023TTI/MinBias/MinBias_TuneZ2star_GEN_SIM_290.root
02-Feb-2015 22:09:44 GMT  Initiating request to open file root://xrootd.unl.edu//store/group/dpg_trigger/comm_trigger/L1TrackTrigger/620_SLHC10/Extended2023TTI/MinBias/MinBias_TuneZ2star_GEN_SIM_885.root
150202 22:10:27 2131 Xrd: XrdClientMessage::ReadRaw: Failed to read header (8 bytes).
150202 22:10:45 28930 Xrd: CheckErrorStatus: Server [eoscms.cern.ch:1094] declared: session not found(error code: 3011)
02-Feb-2015 22:10:46 GMT  Successfully opened file root://xrootd.unl.edu//store/group/dpg_trigger/comm_trigger/L1TrackTrigger/620_SLHC10/Extended2023TTI/MinBias/MinBias_TuneZ2star_GEN_SIM_885.root
DTTSPhi::addTracoT: preview not present in TRACO trigger or its code=0  trigger not added!
150202 22:14:56 15847 Xrd: XrdClientMessage::ReadRaw: Failed to read header (8 bytes).
150202 22:15:56 15846 Xrd: XrdClientMessage::ReadRaw: Failed to read header (8 bytes).
02-Feb-2015 22:16:04 GMT  Closed file root://xrootd.unl.edu//store/group/dpg_trigger/comm_trigger/L1TrackTrigger/620_SLHC10/Extended2023TTI/MinBias/MinBias_TuneZ2star_GEN_SIM_885.root
02-Feb-2015 22:16:04 GMT  Initiating request to open file root://xrootd.unl.edu//store/group/dpg_trigger/comm_trigger/L1TrackTrigger/620_SLHC10/Extended2023TTI/MinBias/MinBias_TuneZ2star_GEN_SIM_345.root
150202 22:17:01 9271 Xrd: CheckErrorStatus: Server [xrootd.ba.infn.it:1094] declared: session not found(error code: 3011)
02-Feb-2015 22:17:01 GMT  Successfully opened file root://xrootd.unl.edu//store/group/dpg_trigger/comm_trigger/L1TrackTrigger/620_SLHC10/Extended2023TTI/MinBias/MinBias_TuneZ2star_GEN_SIM_345.root
02-Feb-2015 22:18:58 GMT  Closed file root://xrootd.unl.edu//store/group/dpg_trigger/comm_trigger/L1TrackTrigger/620_SLHC10/Extended2023TTI/MinBias/MinBias_TuneZ2star_GEN_SIM_345.root
02-Feb-2015 22:18:58 GMT  Initiating request to open file root://xrootd.unl.edu//store/group/dpg_trigger/comm_trigger/L1TrackTrigger/620_SLHC10/Extended2023TTI/MinBias/MinBias_TuneZ2star_GEN_SIM_664.root
150202 22:21:26 30809 Xrd: XrdClientMessage::ReadRaw: Failed to read header (8 bytes).
150202 22:22:26 10829 Xrd: XrdClientMessage::ReadRaw: Failed to read header (8 bytes).
150202 22:24:26 10830 Xrd: XrdClientMessage::ReadRaw: Failed to read header (8 bytes).
150202 22:24:51 19994 Xrd: CheckErrorStatus: Server [xrootd.ba.infn.it:1094] declared: session not found(error code: 3011)
02-Feb-2015 22:24:51 GMT  Successfully opened file root://xrootd.unl.edu//store/group/dpg_trigger/comm_trigger/L1TrackTrigger/620_SLHC10/Extended2023TTI/MinBias/MinBias_TuneZ2star_GEN_SIM_664.root
150202 22:25:56 9504 Xrd: XrdClientMessage::ReadRaw: Failed to read header (8 bytes).
02-Feb-2015 22:29:37 GMT  Closed file root://xrootd.unl.edu//store/group/dpg_trigger/comm_trigger/L1TrackTrigger/620_SLHC10/Extended2023TTI/MinBias/MinBias_TuneZ2star_GEN_SIM_664.root
02-Feb-2015 22:29:37 GMT  Initiating request to open file root://xrootd.unl.edu//store/group/dpg_trigger/comm_trigger/L1TrackTrigger/620_SLHC10/Extended2023TTI/MinBias/MinBias_TuneZ2star_GEN_SIM_217.root
150202 22:29:56 30757 Xrd: XrdClientMessage::ReadRaw: Failed to read header (8 bytes).
150202 22:30:08 19480 Xrd: CheckErrorStatus: Server [cms-xrd-global.cern.ch:1094] declared: session not found(error code: 3011)
150202 22:30:08 19480 Xrd: CheckErrorStatus: Server [xrootd-redic.pi.infn.it:1094] declared: session not found(error code: 3011)
02-Feb-2015 22:30:08 GMT  Successfully opened file root://xrootd.unl.edu//store/group/dpg_trigger/comm_trigger/L1TrackTrigger/620_SLHC10/Extended2023TTI/MinBias/MinBias_TuneZ2star_GEN_SIM_217.root
150202 22:34:56 30813 Xrd: XrdClientMessage::ReadRaw: Failed to read header (8 bytes).
02-Feb-2015 22:35:02 GMT  Closed file root://xrootd.unl.edu//store/group/dpg_trigger/comm_trigger/L1TrackTrigger/620_SLHC10/Extended2023TTI/MinBias/MinBias_TuneZ2star_GEN_SIM_217.root
02-Feb-2015 22:35:02 GMT  Initiating request to open file root://xrootd.unl.edu//store/group/dpg_trigger/comm_trigger/L1TrackTrigger/620_SLHC10/Extended2023TTI/MinBias/MinBias_TuneZ2star_GEN_SIM_435.root
02-Feb-2015 22:35:03 GMT  Successfully opened file root://xrootd.unl.edu//store/group/dpg_trigger/comm_trigger/L1TrackTrigger/620_SLHC10/Extended2023TTI/MinBias/MinBias_TuneZ2star_GEN_SIM_435.root
02-Feb-2015 22:39:46 GMT  Closed file root://xrootd.unl.edu//store/group/dpg_trigger/comm_trigger/L1TrackTrigger/620_SLHC10/Extended2023TTI/MinBias/MinBias_TuneZ2star_GEN_SIM_435.root
02-Feb-2015 22:39:46 GMT  Initiating request to open file root://xrootd.unl.edu//store/group/dpg_trigger/comm_trigger/L1TrackTrigger/620_SLHC10/Extended2023TTI/MinBias/MinBias_TuneZ2star_GEN_SIM_281.root
02-Feb-2015 22:40:16 GMT  Successfully opened file root://xrootd.unl.edu//store/group/dpg_trigger/comm_trigger/L1TrackTrigger/620_SLHC10/Extended2023TTI/MinBias/MinBias_TuneZ2star_GEN_SIM_281.root
02-Feb-2015 22:43:42 GMT  Closed file root://xrootd.unl.edu//store/group/dpg_trigger/comm_trigger/L1TrackTrigger/620_SLHC10/Extended2023TTI/MinBias/MinBias_TuneZ2star_GEN_SIM_281.root
02-Feb-2015 22:43:42 GMT  Initiating request to open file root://xrootd.unl.edu//store/group/dpg_trigger/comm_trigger/L1TrackTrigger/620_SLHC10/Extended2023TTI/MinBias/MinBias_TuneZ2star_GEN_SIM_228.root
02-Feb-2015 22:44:13 GMT  Successfully opened file root://xrootd.unl.edu//store/group/dpg_trigger/comm_trigger/L1TrackTrigger/620_SLHC10/Extended2023TTI/MinBias/MinBias_TuneZ2star_GEN_SIM_228.root
150202 22:44:56 21062 Xrd: XrdClientMessage::ReadRaw: Failed to read header (8 bytes).
150202 22:45:06 21061 Xrd: XrdClientMessage::ReadRaw: Failed to read header (8 bytes).
02-Feb-2015 22:48:07 GMT  Closed file root://xrootd.unl.edu//store/group/dpg_trigger/comm_trigger/L1TrackTrigger/620_SLHC10/Extended2023TTI/MinBias/MinBias_TuneZ2star_GEN_SIM_228.root
02-Feb-2015 22:48:07 GMT  Initiating request to open file root://xrootd.unl.edu//store/group/dpg_trigger/comm_trigger/L1TrackTrigger/620_SLHC10/Extended2023TTI/MinBias/MinBias_TuneZ2star_GEN_SIM_182.root
150202 22:48:38 653 Xrd: CheckErrorStatus: Server [cms-xrd-global.cern.ch:1094] declared: session not found(error code: 3011)
02-Feb-2015 22:48:38 GMT  Successfully opened file root://xrootd.unl.edu//store/group/dpg_trigger/comm_trigger/L1TrackTrigger/620_SLHC10/Extended2023TTI/MinBias/MinBias_TuneZ2star_GEN_SIM_182.root
150202 22:48:56 13834 Xrd: XrdClientMessage::ReadRaw: Failed to read header (8 bytes).
02-Feb-2015 22:51:34 GMT  Closed file root://xrootd.unl.edu//store/group/dpg_trigger/comm_trigger/L1TrackTrigger/620_SLHC10/Extended2023TTI/MinBias/MinBias_TuneZ2star_GEN_SIM_182.root
02-Feb-2015 22:51:34 GMT  Initiating request to open file root://xrootd.unl.edu//store/group/dpg_trigger/comm_trigger/L1TrackTrigger/620_SLHC10/Extended2023TTI/MinBias/MinBias_TuneZ2star_GEN_SIM_928.root
02-Feb-2015 22:52:05 GMT  Successfully opened file root://xrootd.unl.edu//store/group/dpg_trigger/comm_trigger/L1TrackTrigger/620_SLHC10/Extended2023TTI/MinBias/MinBias_TuneZ2star_GEN_SIM_928.root
150202 22:53:26 26315 Xrd: XrdClientMessage::ReadRaw: Failed to read header (8 bytes).
150202 22:55:26 1989 Xrd: XrdClientMessage::ReadRaw: Failed to read header (8 bytes).
150202 22:56:56 1573 Xrd: XrdClientMessage::ReadRaw: Failed to read header (8 bytes).
02-Feb-2015 22:56:56 GMT  Closed file root://xrootd.unl.edu//store/group/dpg_trigger/comm_trigger/L1TrackTrigger/620_SLHC10/Extended2023TTI/MinBias/MinBias_TuneZ2star_GEN_SIM_928.root
02-Feb-2015 22:56:56 GMT  Initiating request to open file root://xrootd.unl.edu//store/group/dpg_trigger/comm_trigger/L1TrackTrigger/620_SLHC10/Extended2023TTI/MinBias/MinBias_TuneZ2star_GEN_SIM_257.root
150202 22:57:26 13833 Xrd: XrdClientMessage::ReadRaw: Failed to read header (8 bytes).
150202 22:57:27 2070 Xrd: CheckErrorStatus: Server [cms-xrd-global.cern.ch:1094] declared: session not found(error code: 3011)
150202 22:57:28 2070 Xrd: CheckErrorStatus: Server [xrootd.ba.infn.it:1094] declared: session not found(error code: 3011)
02-Feb-2015 22:57:28 GMT  Successfully opened file root://xrootd.unl.edu//store/group/dpg_trigger/comm_trigger/L1TrackTrigger/620_SLHC10/Extended2023TTI/MinBias/MinBias_TuneZ2star_GEN_SIM_257.root
02-Feb-2015 23:00:25 GMT  Closed file root://xrootd.unl.edu//store/group/dpg_trigger/comm_trigger/L1TrackTrigger/620_SLHC10/Extended2023TTI/MinBias/MinBias_TuneZ2star_GEN_SIM_257.root
02-Feb-2015 23:00:25 GMT  Initiating request to open file root://xrootd.unl.edu//store/group/dpg_trigger/comm_trigger/L1TrackTrigger/620_SLHC10/Extended2023TTI/MinBias/MinBias_TuneZ2star_GEN_SIM_220.root
02-Feb-2015 23:00:56 GMT  Successfully opened file root://xrootd.unl.edu//store/group/dpg_trigger/comm_trigger/L1TrackTrigger/620_SLHC10/Extended2023TTI/MinBias/MinBias_TuneZ2star_GEN_SIM_220.root
150202 23:02:26 17506 Xrd: XrdClientMessage::ReadRaw: Failed to read header (8 bytes).
02-Feb-2015 23:04:23 GMT  Closed file root://xrootd.unl.edu//store/group/dpg_trigger/comm_trigger/L1TrackTrigger/620_SLHC10/Extended2023TTI/MinBias/MinBias_TuneZ2star_GEN_SIM_220.root
02-Feb-2015 23:04:23 GMT  Initiating request to open file root://xrootd.unl.edu//store/group/dpg_trigger/comm_trigger/L1TrackTrigger/620_SLHC10/Extended2023TTI/MinBias/MinBias_TuneZ2star_GEN_SIM_922.root
150202 23:04:54 9607 Xrd: CheckErrorStatus: Server [eoscms.cern.ch:1094] declared: session not found(error code: 3011)
02-Feb-2015 23:04:54 GMT  Successfully opened file root://xrootd.unl.edu//store/group/dpg_trigger/comm_trigger/L1TrackTrigger/620_SLHC10/Extended2023TTI/MinBias/MinBias_TuneZ2star_GEN_SIM_922.root
150202 23:05:26 2573 Xrd: XrdClientMessage::ReadRaw: Failed to read header (8 bytes).
02-Feb-2015 23:05:46 GMT  Closed file root://dcap.pp.rl.ac.uk:1094/pnfs/pp.rl.ac.uk/data/cms/store/user/dcieri/ttbar_SIM/ttbar/ttbar_SIM/150129_145223/0000/step1_181.root
02-Feb-2015 23:05:47 GMT  Closed file root://xrootd.unl.edu//store/group/dpg_trigger/comm_trigger/L1TrackTrigger/620_SLHC10/Extended2023TTI/MinBias/MinBias_TuneZ2star_GEN_SIM_922.root

=============================================

MessageLogger Summary

 type     category        sev    module        subroutine        count    total
 ---- -------------------- -- ---------------- ----------------  -----    -----
    1 fileAction           -s MixingModule:mix                      69       69
    2 fileAction           -s MixingModule:mix                       2        2
    3 fileAction           -s MixingModule:mix                       1        1
    4 fileAction           -s file_close                             1        1
    5 fileAction           -s file_open                              2        2

 type    category    Examples: run/evt        run/evt          run/evt
 ---- -------------------- ---------------- ---------------- ----------------
    1 fileAction           1/1801           1/1801           1/1810
    2 fileAction           pre-events       pre-events       
    3 fileAction           PostEndRun                        
    4 fileAction           PostEndRun                        
    5 fileAction           pre-events       pre-events       

Severity    # Occurrences   Total Occurrences
--------    -------------   -----------------
System                 75                  75
>>> END OF printout of 225 lines from stdout+stderr
>>> Parse FrameworkJobReport crab_fjr.xml
Result of parsing the FrameworkJobReport crab_fjr.xml: 
Extracted ExitStatus from FrameworkJobReport parsing output: 0
>>> Executable succeded  0
ExeExitCode=0
EXECUTABLE_EXIT_STATUS = 0
>>> current directory /scratch/condor/dir_17268/glide_WlQWqZ/execute/dir_13073/CMSSW_6_2_0_SLHC12
>>>  (SOFTWARE_DIR): /scratch/condor/dir_17268/glide_WlQWqZ/execute/dir_13073/CMSSW_6_2_0_SLHC12
>>> (WORKING_DIR): 
>>> current directory content:
total 242868
drwxr-xr-x 3 cms415 gplcms      4096 Feb  2 20:34 .SCRAM
-rw------- 1 cms415 gplcms    915837 Feb  2 20:34 CMSSW.py.pkl
drwxr-xr-x 3 cms415 gplcms      4096 Feb  2 20:34 bin
drwxr-xr-x 3 cms415 gplcms      4096 Feb  2 20:34 cfipython
drwxr-xr-x 4 cms415 gplcms      4096 Apr 28  2014 config
-rw------- 1 cms415 gplcms        16 Feb  2 23:05 cpu_timing.txt
drwxr-xr-x 2 cms415 gplcms      4096 Feb  2 20:34 doc
-rw------- 1 cms415 gplcms     25267 Feb  2 23:05 executable.out
drwxr-xr-x 2 cms415 gplcms      4096 Feb  2 20:34 include
drwx------ 3 cms415 gplcms      4096 Oct  7 10:12 lib
drwxr-xr-x 3 cms415 gplcms      4096 Feb  2 20:34 logs
drwxr-xr-x 3 cms415 gplcms      4096 Feb  2 20:34 objs
-rw------- 1 cms415 gplcms       104 Feb  2 20:34 pset.py
-rw------- 1 cms415 gplcms    926829 Feb  2 20:34 pset.py.pkl
-rw------- 1 cms415 gplcms       289 Feb  2 20:34 pset.pyc
drwxr-xr-x 2 cms415 gplcms      4096 Feb  2 20:34 python
-rw------- 1 cms415 gplcms       359 Feb  2 23:05 report.log
drwxr-xr-x 2 cms415 gplcms      4096 Feb  2 20:34 src
-rw------- 1 cms415 gplcms 246494416 Feb  2 23:05 step2.root
drwxr-xr-x 3 cms415 gplcms      4096 Feb  2 20:34 test
drwxr-xr-x 3 cms415 gplcms      4096 Feb  2 20:34 tmp
>>> current directory /scratch/condor/dir_17268/glide_WlQWqZ/execute/dir_13073/CMSSW_6_2_0_SLHC12
>>> (SOFTWARE_DIR): /scratch/condor/dir_17268/glide_WlQWqZ/execute/dir_13073/CMSSW_6_2_0_SLHC12
>>> (WORKING_DIR): 
>>> current directory content:
total 242868
drwxr-xr-x 3 cms415 gplcms      4096 Feb  2 20:34 .SCRAM
-rw------- 1 cms415 gplcms    915837 Feb  2 20:34 CMSSW.py.pkl
drwxr-xr-x 3 cms415 gplcms      4096 Feb  2 20:34 bin
drwxr-xr-x 3 cms415 gplcms      4096 Feb  2 20:34 cfipython
drwxr-xr-x 4 cms415 gplcms      4096 Apr 28  2014 config
-rw------- 1 cms415 gplcms        16 Feb  2 23:05 cpu_timing.txt
drwxr-xr-x 2 cms415 gplcms      4096 Feb  2 20:34 doc
-rw------- 1 cms415 gplcms     25267 Feb  2 23:05 executable.out
drwxr-xr-x 2 cms415 gplcms      4096 Feb  2 20:34 include
drwx------ 3 cms415 gplcms      4096 Oct  7 10:12 lib
drwxr-xr-x 3 cms415 gplcms      4096 Feb  2 20:34 logs
drwxr-xr-x 3 cms415 gplcms      4096 Feb  2 20:34 objs
-rw------- 1 cms415 gplcms       104 Feb  2 20:34 pset.py
-rw------- 1 cms415 gplcms    926829 Feb  2 20:34 pset.py.pkl
-rw------- 1 cms415 gplcms       289 Feb  2 20:34 pset.pyc
drwxr-xr-x 2 cms415 gplcms      4096 Feb  2 20:34 python
-rw------- 1 cms415 gplcms       359 Feb  2 23:05 report.log
drwxr-xr-x 2 cms415 gplcms      4096 Feb  2 20:34 src
-rw------- 1 cms415 gplcms 246494416 Feb  2 23:05 step2_348_1_8NV.root
drwxr-xr-x 3 cms415 gplcms      4096 Feb  2 20:34 test
drwxr-xr-x 3 cms415 gplcms      4096 Feb  2 20:34 tmp
>>> current directory (RUNTIME_AREA):  /scratch/condor/dir_17268/glide_WlQWqZ/execute/dir_13073
PNN = T2_UK_SGrid_RALPP
SE = heplnx204.pp.rl.ac.uk
SE_PATH = /srm/managerv2?SFN=/pnfs/pp.rl.ac.uk/data/cms/store/user/dcieri/ttbar_PU140_DIGI/dcieri/ttbar/ttbar_PU140_DIGI/3c0380cf82de79bc39966c93934c61fc/
LFNBaseName = /store/user/dcieri/ttbar_PU140_DIGI/dcieri/ttbar/ttbar_PU140_DIGI/3c0380cf82de79bc39966c93934c61fc/
USER = dcieri
endpoint = srm://heplnx204.pp.rl.ac.uk:8443/srm/managerv2?SFN=/pnfs/pp.rl.ac.uk/data/cms/store/user/dcieri/ttbar_PU140_DIGI/dcieri/ttbar/ttbar_PU140_DIGI/3c0380cf82de79bc39966c93934c61fc/
>>> Copy output files from WN = heplnc066.pp.rl.ac.uk to /srm/managerv2?SFN=/pnfs/pp.rl.ac.uk/data/cms/store/user/dcieri/ttbar_PU140_DIGI/dcieri/ttbar/ttbar_PU140_DIGI/3c0380cf82de79bc39966c93934c61fc/ :
python cmscp.py  --destination srm://heplnx204.pp.rl.ac.uk:8443/srm/managerv2?SFN=/pnfs/pp.rl.ac.uk/data/cms/store/user/dcieri/ttbar_PU140_DIGI/dcieri/ttbar/ttbar_PU140_DIGI/3c0380cf82de79bc39966c93934c61fc/ --inputFileList /scratch/condor/dir_17268/glide_WlQWqZ/execute/dir_13073/CMSSW_6_2_0_SLHC12/step2_348_1_8NV.root --middleware LCG --PNN T2_UK_SGrid_RALPP --se_name heplnx204.pp.rl.ac.uk --for_lfn /store/user/dcieri/ttbar_PU140_DIGI/dcieri/ttbar/ttbar_PU140_DIGI/3c0380cf82de79bc39966c93934c61fc/    
******************************************************
localSeName  =  heplnx204.pp.rl.ac.uk
remoteSeName =  heplnx204.pp.rl.ac.uk
******************************************************
{"/scratch/condor/dir_17268/glide_WlQWqZ/execute/dir_13073/CMSSW_6_2_0_SLHC12/step2_348_1_8NV.root": {"endpoint": "srm://heplnx204.pp.rl.ac.uk:8443/srm/managerv2?SFN=/pnfs/pp.rl.ac.uk/data/cms/store/user/dcieri/ttbar_PU140_DIGI/dcieri/ttbar/ttbar_PU140_DIGI/3c0380cf82de79bc39966c93934c61fc/", "surl_for_grid": "", "reason": "Copy succedeed with srm-lcg utils", "erCode": "0", "PNN": "T2_UK_SGrid_RALPP", "se_name": "heplnx204.pp.rl.ac.uk", "for_lfn": "/store/user/dcieri/ttbar_PU140_DIGI/dcieri/ttbar/ttbar_PU140_DIGI/3c0380cf82de79bc39966c93934c61fc/"}}/scratch/condor/dir_17268/glide_WlQWqZ/execute/dir_13073
-------- cat /scratch/condor/dir_17268/glide_WlQWqZ/execute/dir_13073/cmscpReport.sh 
#!/bin/bash
echo "Report for File: /scratch/condor/dir_17268/glide_WlQWqZ/execute/dir_13073/CMSSW_6_2_0_SLHC12/step2_348_1_8NV.root"
echo "LFN: /store/user/dcieri/ttbar_PU140_DIGI/dcieri/ttbar/ttbar_PU140_DIGI/3c0380cf82de79bc39966c93934c61fc/step2_348_1_8NV.root"
echo "StorageElement: heplnx204.pp.rl.ac.uk"
echo "StageOutExitStatusReason = 'Copy succedeed with srm-lcg utils'" | tee -a $RUNTIME_AREA/$repo
echo "StageOutSE = heplnx204.pp.rl.ac.uk" >> $RUNTIME_AREA/$repo

export StageOutExitStatus=0
echo "StageOutExitStatus = 0" | tee -a $RUNTIME_AREA/$repo
-------- end of /scratch/condor/dir_17268/glide_WlQWqZ/execute/dir_13073/cmscpReport.sh 
Report for File: /scratch/condor/dir_17268/glide_WlQWqZ/execute/dir_13073/CMSSW_6_2_0_SLHC12/step2_348_1_8NV.root
LFN: /store/user/dcieri/ttbar_PU140_DIGI/dcieri/ttbar/ttbar_PU140_DIGI/3c0380cf82de79bc39966c93934c61fc/step2_348_1_8NV.root
StorageElement: heplnx204.pp.rl.ac.uk
StageOutExitStatusReason = 'Copy succedeed with srm-lcg utils'
StageOutExitStatus = 0
>>> current dir: /scratch/condor/dir_17268/glide_WlQWqZ/execute/dir_13073
>>> current dir content:
total 8824
-rw-------  1 cms415 gplcms    2927 Feb  2 23:06 .SEinteraction.log
-rwx------  1 cms415 gplcms      52 Feb  2 20:32 .chirp_config
-rwx------  1 cms415 gplcms    7822 Feb  2 20:32 .job.ad
-rwx------  1 cms415 gplcms    9789 Feb  2 20:32 .machine.ad
-rw-------  1 cms415 gplcms     105 Feb  2 12:16 CMSSW.py
-rw-------  1 cms415 gplcms  915837 Feb  2 12:16 CMSSW.py.pkl
-rwx------  1 cms415 gplcms   29498 Feb  2 20:33 CMSSW.sh
drwxr-xr-x 15 cms415 gplcms    4096 Feb  2 23:05 CMSSW_6_2_0_SLHC12
-rw-------  1 cms415 gplcms     190 Feb  2 20:34 CacheEnv.sh
-rw-------  1 cms415 gplcms    7291 Nov 19 14:52 DashboardAPI.py
-rw-------  1 cms415 gplcms    6470 Feb  2 20:34 DashboardAPI.pyc
drwx------  2 cms415 gplcms    4096 Feb  2 23:05 IMProv
-rw-------  1 cms415 gplcms    2748 Nov 19 14:52 Logger.py
-rw-------  1 cms415 gplcms    3232 Feb  2 20:34 Logger.pyc
-rw-------  1 cms415 gplcms   24524 Nov 19 14:52 ProcInfo.py
-rw-------  1 cms415 gplcms   22645 Feb  2 20:34 ProcInfo.pyc
drwx------  7 cms415 gplcms    4096 Feb  2 20:34 ProdCommon
drwx------  3 cms415 gplcms    4096 Feb  2 20:33 WMCore
-rw-------  1 cms415 gplcms    9274 Feb  2 23:05 Watchdog_348.log
-rwx------  1 cms415 gplcms       0 Feb  2 20:33 _condor_stderr
-rwx---r--  1 cms415 gplcms   40042 Feb  2 23:06 _condor_stdout
-rw-------  1 cms415 gplcms   32895 Nov 19 14:52 apmon.py
-rw-------  1 cms415 gplcms   27958 Feb  2 20:34 apmon.pyc
-rwx------  1 cms415 gplcms  134309 Feb  2 20:33 arguments.xml
-rwx------  1 cms415 gplcms   38581 Nov 19 14:52 cmscp.py
-rw-------  1 cms415 gplcms     562 Feb  2 23:06 cmscpReport.sh
-rwx------  1 cms415 gplcms   29498 Feb  2 20:33 condor_exec.exe
-rw-------  1 cms415 gplcms     544 Feb  2 12:16 crab.cfg
-rwx------  1 cms415 gplcms    8610 Nov 19 14:52 crabWatchdog.sh
-rwx---r--  1 cms415 gplcms  112105 Feb  2 23:05 crab_fjr_348.xml
-rwx------  1 cms415 gplcms 7390485 Feb  2 20:33 default.tgz
-rwx------  1 cms415 gplcms    4488 Nov 19 14:52 fillCrabFjr.py
-rw-------  1 cms415 gplcms     226 Feb  2 20:34 inputsReport.txt
-rw-------  1 cms415 gplcms     244 Feb  2 23:06 jobreport.txt
-rw-------  1 cms415 gplcms   17352 Nov 19 14:52 parseCrabFjr.py
-rw-------  1 cms415 gplcms     324 Feb  2 20:33 report.log
-rwx--x--x  1 cms415 gplcms    1497 Nov 19 14:52 report.py
-rw-------  1 cms415 gplcms     555 Feb  2 23:06 resultCopyFile
lrwxrwxrwx  1 cms415 gplcms      96 Feb  2 23:05 step2.root -> /scratch/condor/dir_17268/glide_WlQWqZ/execute/dir_13073/CMSSW_6_2_0_SLHC12/step2_348_1_8NV.root
-rwx------  1 cms415 gplcms    8351 Nov 19 14:52 writeCfg.py
-rw-------  1 cms415 gplcms   10293 Feb  2 20:32 x509up_u62281
>>> Modify Job Report:
CMSSW_VERSION = CMSSW_6_2_0_SLHC12
ProcessedDataset = ttbar_PU140_DIGI
/scratch/condor/dir_17268/glide_WlQWqZ/execute/dir_13073/ProdCommon/FwkJobRep/ModifyJobReport.py fjr /scratch/condor/dir_17268/glide_WlQWqZ/execute/dir_13073/crab_fjr_348.xml json /scratch/condor/dir_17268/glide_WlQWqZ/execute/dir_13073/resultCopyFile n_job 348_1_8NV PrimaryDataset ttbar  ApplicationFamily cmsRun ApplicationName cmsRun cmssw_version CMSSW_6_2_0_SLHC12 psethash 3c0380cf82de79bc39966c93934c61fc UserProcessedDataset dcieri-ttbar_PU140_DIGI-3c0380cf82de79bc39966c93934c61fc
inputDict =  {u'/scratch/condor/dir_17268/glide_WlQWqZ/execute/dir_13073/CMSSW_6_2_0_SLHC12/step2_348_1_8NV.root': {u'endpoint': u'srm://heplnx204.pp.rl.ac.uk:8443/srm/managerv2?SFN=/pnfs/pp.rl.ac.uk/data/cms/store/user/dcieri/ttbar_PU140_DIGI/dcieri/ttbar/ttbar_PU140_DIGI/3c0380cf82de79bc39966c93934c61fc/', u'surl_for_grid': u'', u'reason': u'Copy succedeed with srm-lcg utils', u'erCode': u'0', u'PNN': u'T2_UK_SGrid_RALPP', u'se_name': u'heplnx204.pp.rl.ac.uk', u'for_lfn': u'/store/user/dcieri/ttbar_PU140_DIGI/dcieri/ttbar/ttbar_PU140_DIGI/3c0380cf82de79bc39966c93934c61fc/'}}
UserProcessedDataset =  dcieri-ttbar_PU140_DIGI-3c0380cf82de79bc39966c93934c61fc
WORKING ON EDM FILE
file_name in inputDict =  /scratch/condor/dir_17268/glide_WlQWqZ/execute/dir_13073/CMSSW_6_2_0_SLHC12/step2_348_1_8NV.root
(size) os.stat(filename)[6] =  246494416
checksum =  3310284193
    file =  step2_348_1_8NV.root
    newPfn =  srm://heplnx204.pp.rl.ac.uk:8443/srm/managerv2?SFN=/pnfs/pp.rl.ac.uk/data/cms/store/user/dcieri/ttbar_PU140_DIGI/dcieri/ttbar/ttbar_PU140_DIGI/3c0380cf82de79bc39966c93934c61fc/step2_348_1_8NV.root
    newLfn =  /store/user/dcieri/ttbar_PU140_DIGI/dcieri/ttbar/ttbar_PU140_DIGI/3c0380cf82de79bc39966c93934c61fc/step2_348_1_8NV.root
>>> crab_fjr_*.xml  permission set to 0704
CrabWrapper EXIT_FUNC entered at Mon Feb  2 23:06:41 GMT 2015   -  Mon Feb  2 23:06:41 UTC 2015
Checking output files:  
will tar file crab_fjr_348.xml in  out_files_348
WARNING: output file CMSSW_348.stdout not found!
WARNING: output file CMSSW_348.stderr not found!
WARNING: output file Watchdog_348.log.gz not found!
>>> padding time: Wrapper lasting more than 600 seconds. No sleep required.
STOPPING WATCHDOG. CrabWatchdog PID is 19391
********** LAST 50 LINES OF WATCHDOG LOG
 Feb 02 20:48:07 GMT	19883	745832	1240688	51	57	845	cmsRun -j /scratch/condor/dir_17268/glide_WlQWqZ/execute/dir_13073/crab_fjr_348.xml -p pset.py      
 Feb 02 20:49:07 GMT	19883	752188	1247344	51	60	905	cmsRun -j /scratch/condor/dir_17268/glide_WlQWqZ/execute/dir_13073/crab_fjr_348.xml -p pset.py      
 Feb 02 20:50:07 GMT	19883	763064	1256304	51	62	965	cmsRun -j /scratch/condor/dir_17268/glide_WlQWqZ/execute/dir_13073/crab_fjr_348.xml -p pset.py      
 Feb 02 20:51:07 GMT	19883	794380	1273712	51	66	1026	cmsRun -j /scratch/condor/dir_17268/glide_WlQWqZ/execute/dir_13073/crab_fjr_348.xml -p pset.py      
 Feb 02 20:52:08 GMT	19883	891260	1379440	51	73	1086	cmsRun -j /scratch/condor/dir_17268/glide_WlQWqZ/execute/dir_13073/crab_fjr_348.xml -p pset.py      
 Feb 02 20:53:08 GMT	19883	918096	1402736	51	76	1146	cmsRun -j /scratch/condor/dir_17268/glide_WlQWqZ/execute/dir_13073/crab_fjr_348.xml -p pset.py      
 Feb 02 20:54:08 GMT	19883	918780	1405040	51	79	1207	cmsRun -j /scratch/condor/dir_17268/glide_WlQWqZ/execute/dir_13073/crab_fjr_348.xml -p pset.py      
 Feb 02 20:56:09 GMT	19883	921932	1410420	51	82	1327	cmsRun -j /scratch/condor/dir_17268/glide_WlQWqZ/execute/dir_13073/crab_fjr_348.xml -p pset.py      
 Feb 02 20:57:09 GMT	19883	1327144	1807664	51	101	1387	cmsRun -j /scratch/condor/dir_17268/glide_WlQWqZ/execute/dir_13073/crab_fjr_348.xml -p pset.py      
 Feb 02 20:57:09 GMT	---	1327144	1807664	63	----	----	----
 Feb 02 20:58:09 GMT	---	1327144	1807664	74	----	----	----
 Feb 02 21:18:18 GMT	---	1327144	1807664	97	----	----	----
 Feb 02 21:39:24 GMT	19883	1334828	1827084	97	228	3923	cmsRun -j /scratch/condor/dir_17268/glide_WlQWqZ/execute/dir_13073/crab_fjr_348.xml -p pset.py      
 Feb 02 21:39:24 GMT	---	1334828	1827084	109	----	----	----
# TIME			PID	RSS(KB)	VSZ(KB)	Dsk(MB)	tCPU(s)	tWALL(s)	COMMAND
 Feb 02 21:40:25 GMT	---	1334828	1827084	117	----	----	----
 Feb 02 21:58:30 GMT	19883	1336784	1827084	117	276	5069	cmsRun -j /scratch/condor/dir_17268/glide_WlQWqZ/execute/dir_13073/crab_fjr_348.xml -p pset.py      
 Feb 02 21:59:31 GMT	---	1336784	1827084	139	----	----	----
 Feb 02 22:09:33 GMT	19883	1341504	1827084	139	336	5731	cmsRun -j /scratch/condor/dir_17268/glide_WlQWqZ/execute/dir_13073/crab_fjr_348.xml -p pset.py      
 Feb 02 22:11:34 GMT	19883	1345912	1827084	139	340	5852	cmsRun -j /scratch/condor/dir_17268/glide_WlQWqZ/execute/dir_13073/crab_fjr_348.xml -p pset.py      
 Feb 02 22:12:34 GMT	---	1345912	1827084	161	----	----	----
 Feb 02 22:25:38 GMT	19883	1363204	1837580	161	399	6696	cmsRun -j /scratch/condor/dir_17268/glide_WlQWqZ/execute/dir_13073/crab_fjr_348.xml -p pset.py      
 Feb 02 22:26:38 GMT	19883	1369608	1840140	161	402	6756	cmsRun -j /scratch/condor/dir_17268/glide_WlQWqZ/execute/dir_13073/crab_fjr_348.xml -p pset.py      
 Feb 02 22:27:38 GMT	19883	1369608	1843468	161	419	6817	cmsRun -j /scratch/condor/dir_17268/glide_WlQWqZ/execute/dir_13073/crab_fjr_348.xml -p pset.py      
 Feb 02 22:27:38 GMT	---	1369608	1843468	183	----	----	----
 Feb 02 22:28:39 GMT	19883	1369608	1844492	183	423	6877	cmsRun -j /scratch/condor/dir_17268/glide_WlQWqZ/execute/dir_13073/crab_fjr_348.xml -p pset.py      
 Feb 02 22:30:39 GMT	19883	1369608	1850380	183	430	6997	cmsRun -j /scratch/condor/dir_17268/glide_WlQWqZ/execute/dir_13073/crab_fjr_348.xml -p pset.py      
 Feb 02 22:31:39 GMT	19883	1369608	1854476	183	435	7058	cmsRun -j /scratch/condor/dir_17268/glide_WlQWqZ/execute/dir_13073/crab_fjr_348.xml -p pset.py      
 Feb 02 22:32:40 GMT	19883	1369608	1857548	183	439	7118	cmsRun -j /scratch/condor/dir_17268/glide_WlQWqZ/execute/dir_13073/crab_fjr_348.xml -p pset.py      
 Feb 02 22:33:40 GMT	19883	1369608	1860108	183	443	7179	cmsRun -j /scratch/condor/dir_17268/glide_WlQWqZ/execute/dir_13073/crab_fjr_348.xml -p pset.py      
 Feb 02 22:34:41 GMT	19883	1369608	1865484	183	449	7239	cmsRun -j /scratch/condor/dir_17268/glide_WlQWqZ/execute/dir_13073/crab_fjr_348.xml -p pset.py      
 Feb 02 22:35:41 GMT	19883	1369608	1868044	183	459	7299	cmsRun -j /scratch/condor/dir_17268/glide_WlQWqZ/execute/dir_13073/crab_fjr_348.xml -p pset.py      
 Feb 02 22:36:41 GMT	19883	1377048	1883404	183	467	7360	cmsRun -j /scratch/condor/dir_17268/glide_WlQWqZ/execute/dir_13073/crab_fjr_348.xml -p pset.py      
 Feb 02 22:37:42 GMT	19883	1382600	1886476	183	472	7420	cmsRun -j /scratch/condor/dir_17268/glide_WlQWqZ/execute/dir_13073/crab_fjr_348.xml -p pset.py      
 Feb 02 22:38:42 GMT	19883	1382600	1886732	183	491	7480	cmsRun -j /scratch/condor/dir_17268/glide_WlQWqZ/execute/dir_13073/crab_fjr_348.xml -p pset.py      
 Feb 02 22:38:42 GMT	---	1382600	1886732	206	----	----	----
 Feb 02 22:39:42 GMT	19883	1382600	1888524	206	495	7540	cmsRun -j /scratch/condor/dir_17268/glide_WlQWqZ/execute/dir_13073/crab_fjr_348.xml -p pset.py      
 Feb 02 22:40:42 GMT	19883	1382600	1890316	206	498	7601	cmsRun -j /scratch/condor/dir_17268/glide_WlQWqZ/execute/dir_13073/crab_fjr_348.xml -p pset.py      
 Feb 02 22:41:43 GMT	19883	1382600	1891340	206	505	7661	cmsRun -j /scratch/condor/dir_17268/glide_WlQWqZ/execute/dir_13073/crab_fjr_348.xml -p pset.py      
 Feb 02 22:42:43 GMT	19883	1382600	1899020	206	511	7721	cmsRun -j /scratch/condor/dir_17268/glide_WlQWqZ/execute/dir_13073/crab_fjr_348.xml -p pset.py      
 Feb 02 22:44:44 GMT	19883	1382600	1906444	206	522	7842	cmsRun -j /scratch/condor/dir_17268/glide_WlQWqZ/execute/dir_13073/crab_fjr_348.xml -p pset.py      
 Feb 02 22:45:44 GMT	19883	1382600	1909772	206	532	7902	cmsRun -j /scratch/condor/dir_17268/glide_WlQWqZ/execute/dir_13073/crab_fjr_348.xml -p pset.py      
 Feb 02 22:46:44 GMT	19883	1391708	1927180	206	543	7963	cmsRun -j /scratch/condor/dir_17268/glide_WlQWqZ/execute/dir_13073/crab_fjr_348.xml -p pset.py      
 Feb 02 22:47:45 GMT	19883	1547524	1986828	206	559	8023	cmsRun -j /scratch/condor/dir_17268/glide_WlQWqZ/execute/dir_13073/crab_fjr_348.xml -p pset.py      
 Feb 02 22:47:45 GMT	---	1547524	1986828	217	----	----	----
# TIME			PID	RSS(KB)	VSZ(KB)	Dsk(MB)	tCPU(s)	tWALL(s)	COMMAND
 Feb 02 22:48:45 GMT	---	1547524	1986828	227	----	----	----
 Feb 02 22:57:48 GMT	19883	1547524	2000140	227	627	8626	cmsRun -j /scratch/condor/dir_17268/glide_WlQWqZ/execute/dir_13073/crab_fjr_348.xml -p pset.py      
 Feb 02 22:58:48 GMT	---	1547524	2000140	250	----	----	----
 Feb 02 23:05:51 GMT	---	1547524	2000140	273	----	----	----
********** WATCHDOG LOG ENDED
ZIPPING WATCHDOG LOG
Disk space used:
du -sh /scratch/condor/dir_17268/glide_WlQWqZ/execute/dir_13073
273M	/scratch/condor/dir_17268/glide_WlQWqZ/execute/dir_13073
Found unusual stdout, rename for OSB
`/scratch/condor/dir_17268/glide_WlQWqZ/execute/dir_13073/_condor_stdout' -> `CMSSW_348.stdout'
Found unusual stderr, rename for OSB
`/scratch/condor/dir_17268/glide_WlQWqZ/execute/dir_13073/_condor_stdout' -> `CMSSW_348.stderr'
crab_fjr_348.xml
CMSSW_348.stdout
CMSSW_348.stderr
Watchdog_348.log.gz
Total Output dimension: 24415
WARNING: output files size limit is set to: 50000000
Total Output dimension 24415 is fine.
JOB_EXIT_STATUS = 0
>>> info for dashboard:
***** Cat /scratch/condor/dir_17268/glide_WlQWqZ/execute/dir_13073/jobreport.txt *****
MonitorJobID=348_https://submit-6.t2.ucsd.edu//150202//509447.347
MonitorID=dcieri_PU140_4dm08r
ExeTime=9103
ExeExitCode=0
StageOutExitStatusReason = 'Copy succedeed with srm-lcg utils'
StageOutSE = heplnx204.pp.rl.ac.uk
StageOutExitStatus = 0
CrabUserCpuTime=693.65
CrabSysCpuTime=25.30
CrabCpuPercentage=7%
CrabWrapperTime=9163
CrabStageoutTime=48
JobExitCode=0
***** End Cat jobreport *****
Parameters sent to Dashboard.
EXITING at Mon Feb  2 23:06:44 GMT 2015  -  Mon Feb  2 23:06:44 UTC 2015
