This script was generated by crab (version 2.11.1_patch1).
Running /scratch/condor/dir_8047/glide_jFMPuC/execute/dir_10931/condor_exec.exe with 2 positional parameters: 296 1
Today is Mon Feb  2 20:26:39 GMT 2015 - Mon Feb  2 20:26:39 UTC 2015
Job submitted on host heplnc179.pp.rl.ac.uk
Linux heplnc179.pp.rl.ac.uk 2.6.32-504.3.3.el6.x86_64 #1 SMP Tue Dec 16 14:29:22 CST 2014 x86_64 x86_64 x86_64 GNU/Linux
Distributor ID:	Scientific
Description:	Scientific Linux release 6.6 (Carbon)
>>> current directory (RUNTIME_AREA): /scratch/condor/dir_8047/glide_jFMPuC/execute/dir_10931
>>> current user: uid=157415(cms415) gid=157000(gplcms) groups=157000(gplcms)
>>> directory permission set to 0700
>>> umask set to:  u=rwx,g=,o=
>>> stdout stderr permission set to 0704
>>> voms proxy information:
subject   : /DC=ch/DC=cern/OU=Organic Units/OU=Users/CN=dcieri/CN=755391/CN=Davide Cieri/CN=769881070/CN=922061099
issuer    : /DC=ch/DC=cern/OU=Organic Units/OU=Users/CN=dcieri/CN=755391/CN=Davide Cieri/CN=769881070
identity  : /DC=ch/DC=cern/OU=Organic Units/OU=Users/CN=dcieri/CN=755391/CN=Davide Cieri
type      : RFC3820 compliant limited proxy
strength  : 1024
path      : /scratch/condor/dir_8047/glide_jFMPuC/execute/dir_10931/x509up_u62281
timeleft  : 23:57:35
key usage : Digital Signature, Key Encipherment
=== VO cms extension information ===
VO        : cms
subject   : /DC=ch/DC=cern/OU=Organic Units/OU=Users/CN=dcieri/CN=755391/CN=Davide Cieri
issuer    : /DC=ch/DC=cern/OU=computers/CN=lcg-voms2.cern.ch
attribute : /cms/Role=NULL/Capability=NULL
timeleft  : 183:49:45
uri       : lcg-voms2.cern.ch:15002

WNHostName=heplnc179.pp.rl.ac.uk
$_CONDOR_JOB_AD =/scratch/condor/dir_8047/glide_jFMPuC/execute/dir_10931/.job.ad
OverflowFlag=0
>>> tar --no-same-permissions -xf /scratch/condor/dir_8047/glide_jFMPuC/execute/dir_10931/default.tgz :
Successful untar
>>> Include /scratch/condor/dir_8047/glide_jFMPuC/execute/dir_10931 in PYTHONPATH:
strip arguments
env var CRAB_UNIQUE_JOB_ID set to: dcieri_PU140_4dm08r_296_1_Dlz
out_files_296
>>> list of expected files on output sandbox
output files: crab_fjr_296.xml CMSSW_296.stdout CMSSW_296.stderr Watchdog_296.log.gz
>>> GridFlavour discovery: 
GridFlavour=LCG
>>> SyncSite discovery: 
SyncSite=T2_UK_SGrid_RALPP
>>> SyncCE discovery: 
getting SyncCE from GLIDEIN_Gaekeeper
SyncCE=heplnv147.pp.rl.ac.uk
>>> info for dashboard:
***** Cat /scratch/condor/dir_8047/glide_jFMPuC/execute/dir_10931/jobreport.txt *****
WNHostName=heplnc179.pp.rl.ac.uk
OverflowFlag=0
MonitorJobID=296_https://submit-6.t2.ucsd.edu//150202//509447.295
SyncGridJobId=https://submit-6.t2.ucsd.edu//150202//509447.295
MonitorID=dcieri_PU140_4dm08r
GridFlavour=LCG
SyncSite=T2_UK_SGrid_RALPP
SyncCE=heplnv147.pp.rl.ac.uk
***** End Cat jobreport *****
Parameters sent to Dashboard.
>>> setup environment
set SCRAM ARCH to slc6_amd64_gcc472
SCRAM_ARCH = slc6_amd64_gcc472
>>> setup CMS LCG environment:
set SCRAM ARCH and BUILD_ARCH to slc6_amd64_gcc472 ###
Sourcing environment... 
sourcing /cvmfs/cms.cern.ch/cmsset_default.sh
==> setup cms environment ok
>>> specific cmssw setup environment:
CMSSW_VERSION =  CMSSW_6_2_0_SLHC12
WARNING: In non-interactive mode release checks e.g. deprecated releases, production architectures are disabled.
>>> current directory (SOFTWARE_DIR): /scratch/condor/dir_8047/glide_jFMPuC/execute/dir_10931/CMSSW_6_2_0_SLHC12
PreserveSeeds: <>
IncrementSeeds:<>
>>> info for dashboard:
***** Cat /scratch/condor/dir_8047/glide_jFMPuC/execute/dir_10931/jobreport.txt *****
MonitorJobID=296_https://submit-6.t2.ucsd.edu//150202//509447.295
MonitorID=dcieri_PU140_4dm08r
***** End Cat jobreport *****
Parameters sent to Dashboard.
crabWatchdog started as process 12535
>>> moving CMSSW software directories in /scratch/condor/dir_8047/glide_jFMPuC/execute/dir_10931/CMSSW_6_2_0_SLHC12
mv: cannot stat `/scratch/condor/dir_8047/glide_jFMPuC/execute/dir_10931/module/': No such file or directory
>>> Include /scratch/condor/dir_8047/glide_jFMPuC/execute/dir_10931 in PYTHONPATH:
PYTHONPATH=/scratch/condor/dir_8047/glide_jFMPuC/execute/dir_10931/:/scratch/condor/dir_8047/glide_jFMPuC/execute/dir_10931/CMSSW_6_2_0_SLHC12/python:/scratch/condor/dir_8047/glide_jFMPuC/execute/dir_10931/CMSSW_6_2_0_SLHC12/lib/slc6_amd64_gcc472:/cvmfs/cms.cern.ch/slc6_amd64_gcc472/cms/cmssw/CMSSW_6_2_0_SLHC12/python:/cvmfs/cms.cern.ch/slc6_amd64_gcc472/cms/cmssw/CMSSW_6_2_0_SLHC12/lib/slc6_amd64_gcc472:/cvmfs/cms.cern.ch/slc6_amd64_gcc472/cms/coral/CORAL_2_3_21-cms35/slc6_amd64_gcc472/python:/cvmfs/cms.cern.ch/slc6_amd64_gcc472/cms/coral/CORAL_2_3_21-cms35/slc6_amd64_gcc472/lib:/cvmfs/cms.cern.ch/slc6_amd64_gcc472/external/python-ldap/2.3.5-cms5/lib/python2.7/site-packages:/cvmfs/cms.cern.ch/slc6_amd64_gcc472/external/pyqt/4.8.1-cms5/lib/python2.7/site-packages:/cvmfs/cms.cern.ch/slc6_amd64_gcc472/external/py2-scipy/0.8.0-cms7/lib/python2.7/site-packages:/cvmfs/cms.cern.ch/slc6_amd64_gcc472/external/py2-matplotlib/1.0.1-cms7/lib/python2.7/site-packages:/cvmfs/cms.cern.ch/slc6_amd64_gcc472/external/sip/4.11.2-cms5/lib/python2.7/site-packages:/cvmfs/cms.cern.ch/slc6_amd64_gcc472/external/py2-pycurl/7.19.0-cms7/lib/python2.7/site-packages:/cvmfs/cms.cern.ch/slc6_amd64_gcc472/external/py2-numpy/1.6.1-cms7/lib/python2.7/site-packages:/cvmfs/cms.cern.ch/slc6_amd64_gcc472/external/py2-lint/0.25.1-cms5/lib/python2.7/site-packages:/cvmfs/cms.cern.ch/slc6_amd64_gcc472/external/py2-ipython/0.10-cms5/lib/python2.7/site-packages:/cvmfs/cms.cern.ch/slc6_amd64_gcc472/external/py2-cx-oracle/5.1-cms5/lib/python2.7/site-packages:/cvmfs/cms.cern.ch/slc6_amd64_gcc472/external/py2-cjson/1.0.5-cms5/lib/python2.7/site-packages:/cvmfs/cms.cern.ch/slc6_amd64_gcc472/cms/das-client/1.11.7/bin:/cvmfs/cms.cern.ch/slc6_amd64_gcc472/external/elementtree/1.2.6-cms5/share/lib/python2.7/site-packages:/cvmfs/cms.cern.ch/slc6_amd64_gcc472/external/rivet/1.8.2-cms9/lib/python2.7/site-packages:/cvmfs/cms.cern.ch/slc6_amd64_gcc472/external/pyminuit2/0.0.1-cms19/lib/python2.7/site-packages:/cvmfs/cms.cern.ch/slc6_amd64_gcc472/external/py2-pygithub/1.23.0-cms2/lib/python2.7/site-packages:/cvmfs/cms.cern.ch/slc6_amd64_gcc472/external/professor/1.0.0-cms19/lib/python2.7/site-packages:/cvmfs/cms.cern.ch/slc6_amd64_gcc472/lcg/root/5.34.07-cms/lib:/cvmfs/cms.cern.ch/slc6_amd64_gcc472/cms/dbs-client/DBS_2_1_9-cms5/lib:/cvmfs/cms.cern.ch/slc6_amd64_gcc472/cms/dbs-client/DBS_2_1_9-cms5/lib/DBSAPI:/cvmfs/cms.cern.ch/slc6_amd64_gcc472/external/cvs2git/5419-cms/lib:/scratch/condor/dir_8047/glide_jFMPuC/execute/dir_10931/
 
# LIMITS USED BY CRAB WATCHDOG:
# RSS  (KBytes)   : 2300000
# VSZ  (KBytes)   : 100000000
# DISK (MBytes)   : 19000
# CPU TIME        : 720h:0m:0s
# WALL CLOCK TIME : 21h:50m:0s
 
3c0380cf82de79bc39966c93934c61fc
PSETHASH = 3c0380cf82de79bc39966c93934c61fc
/scratch/condor/dir_8047/glide_jFMPuC/execute/dir_10931/writeCfg.py pset.py pset.py
Importing .py file
Setting parameters
RandomNumberGeneratorService found, will attempt to change seeds
inputBlocks=/ttbar/dcieri-ttbar_SIM-130075366148575c102f0d64fd3ac8f7/USER#7b37175b-029a-4723-ac30-87f0f216faab
inputFiles=/store/user/dcieri/ttbar_SIM/ttbar/ttbar_SIM/150129_145223/0000/step1_214.root
parentFiles=
lumisRange=
>>> Executable cmsRun
/cvmfs/cms.cern.ch/slc6_amd64_gcc472/cms/cmssw/CMSSW_6_2_0_SLHC12/bin/slc6_amd64_gcc472/cmsRun
ok executable found
>>> info for dashboard:
***** Cat /scratch/condor/dir_8047/glide_jFMPuC/execute/dir_10931/jobreport.txt *****
MonitorJobID=296_https://submit-6.t2.ucsd.edu//150202//509447.295
MonitorID=dcieri_PU140_4dm08r
ExeStart=cmsRun
***** End Cat jobreport *****
Parameters sent to Dashboard.
>>> cmsRun started at Mon Feb  2 20:26:47 UTC 2015
>>> cmsRun ended at Mon Feb  2 23:02:19 UTC 2015
>>> crab_fjr_*.xml  permission set to 0704
>>> info for dashboard:
***** Cat /scratch/condor/dir_8047/glide_jFMPuC/execute/dir_10931/jobreport.txt *****
MonitorJobID=296_https://submit-6.t2.ucsd.edu//150202//509447.295
MonitorID=dcieri_PU140_4dm08r
ExeEnd=cmsRun
***** End Cat jobreport *****
Parameters sent to Dashboard.
TIME_EXE = 9332 sec
>>> cmsRun wrote 217 lines of stdout+stderr
>>> START OF printout of 217 lines from stdout+stderr
271 DQMStore::DQMStore 
HcalTopologyIdealEP::HcalTopologyIdealEP
02-Feb-2015 20:26:57 GMT  Initiating request to open file root://dcap.pp.rl.ac.uk:1094/pnfs/pp.rl.ac.uk/data/cms/store/user/dcieri/ttbar_SIM/ttbar/ttbar_SIM/150129_145223/0000/step1_214.root
02-Feb-2015 20:26:58 GMT  Successfully opened file root://dcap.pp.rl.ac.uk:1094/pnfs/pp.rl.ac.uk/data/cms/store/user/dcieri/ttbar_SIM/ttbar/ttbar_SIM/150129_145223/0000/step1_214.root
02-Feb-2015 20:26:59 GMT  Initiating request to open file root://xrootd.unl.edu//store/group/dpg_trigger/comm_trigger/L1TrackTrigger/620_SLHC10/Extended2023TTI/MinBias/MinBias_TuneZ2star_GEN_SIM_1.root
02-Feb-2015 20:27:13 GMT  Successfully opened file root://xrootd.unl.edu//store/group/dpg_trigger/comm_trigger/L1TrackTrigger/620_SLHC10/Extended2023TTI/MinBias/MinBias_TuneZ2star_GEN_SIM_1.root
disableME1a = 0
HcalTopologyIdealEP::produce(const IdealGeometryRecord& iRecord)
mode = 2, maxDepthHB = 3, maxDepthHE = 5
RPCGeometryESModule :: produce
RPCGeometryESModule :: produce :: 1/4 Get Muon Ideal Geometry Record
RPCGeometryESModule :: produce :: 2/4 Get Muon DDD Constants
RPCGeometryESModule :: produce :: 3/4 Get Muon Numbering Record
in MuonNumberingInitialization::initializeMuonDDDConstants
about to make my new muonDDDConst_
in MuonNumberingInitialization::produce
RPCGeometryESModule :: produce :: 4/4 Build
Found:

	Barrel Stack layer 5 : 1008 stacks
	Barrel Stack layer 6 : 1320 stacks
	Barrel Stack layer 7 : 1836 stacks
	Barrel Stack layer 8 : 1152 stacks
	Barrel Stack layer 9 : 1488 stacks
	Barrel Stack layer 10 : 1824 stacks

	Endcap Stack disk 11 : 1360 stacks
	Endcap Stack disk 12 : 1360 stacks
	Endcap Stack disk 13 : 1360 stacks
	Endcap Stack disk 14 : 1360 stacks
	Endcap Stack disk 15 : 1360 stacks
Created 15428 stacks in 26 s

TTClusterBuilder< edm::Ref<edm::DetSetVector<PixelDigi>, PixelDigi, edm::refhelper::FindForDetSetVector<PixelDigi> > > loaded modules:
	TTClusterAlgorithm:	TTClusterAlgorithm_2d2013< edm::Ref<edm::DetSetVector<PixelDigi>, PixelDigi, edm::refhelper::FindForDetSetVector<PixelDigi> > >


TTStubBuilder< edm::Ref<edm::DetSetVector<PixelDigi>, PixelDigi, edm::refhelper::FindForDetSetVector<PixelDigi> > > loaded modules:
	TTStubAlgorithm:	TTStubAlgorithm_tab2013< edm::Ref<edm::DetSetVector<PixelDigi>, PixelDigi, edm::refhelper::FindForDetSetVector<PixelDigi> > >


TTClusterAssociator< edm::Ref<edm::DetSetVector<PixelDigi>, PixelDigi, edm::refhelper::FindForDetSetVector<PixelDigi> > > loaded.


TTStubAssociator< edm::Ref<edm::DetSetVector<PixelDigi>, PixelDigi, edm::refhelper::FindForDetSetVector<PixelDigi> > > loaded.


TTTrackAssociator< edm::Ref<edm::DetSetVector<PixelDigi>, PixelDigi, edm::refhelper::FindForDetSetVector<PixelDigi> > > loaded.

Begin processing the 1st record. Run 1, Event 2131, LumiSection 214 at 02-Feb-2015 20:27:58.405 GMT
02-Feb-2015 20:28:05 GMT  Closed file root://xrootd.unl.edu//store/group/dpg_trigger/comm_trigger/L1TrackTrigger/620_SLHC10/Extended2023TTI/MinBias/MinBias_TuneZ2star_GEN_SIM_1.root
02-Feb-2015 20:28:05 GMT  Initiating request to open file root://xrootd.unl.edu//store/group/dpg_trigger/comm_trigger/L1TrackTrigger/620_SLHC10/Extended2023TTI/MinBias/MinBias_TuneZ2star_GEN_SIM_403.root
02-Feb-2015 20:28:05 GMT  Successfully opened file root://xrootd.unl.edu//store/group/dpg_trigger/comm_trigger/L1TrackTrigger/620_SLHC10/Extended2023TTI/MinBias/MinBias_TuneZ2star_GEN_SIM_403.root
150202 20:33:27 13027 Xrd: XrdClientMessage::ReadRaw: Failed to read header (8 bytes).
150202 20:33:27 13025 Xrd: XrdClientMessage::ReadRaw: Failed to read header (8 bytes).
02-Feb-2015 20:36:34 GMT  Closed file root://xrootd.unl.edu//store/group/dpg_trigger/comm_trigger/L1TrackTrigger/620_SLHC10/Extended2023TTI/MinBias/MinBias_TuneZ2star_GEN_SIM_403.root
02-Feb-2015 20:36:34 GMT  Initiating request to open file root://xrootd.unl.edu//store/group/dpg_trigger/comm_trigger/L1TrackTrigger/620_SLHC10/Extended2023TTI/MinBias/MinBias_TuneZ2star_GEN_SIM_108.root
150202 20:37:06 22527 Xrd: CheckErrorStatus: Server [xrootd.ba.infn.it:1094] declared: session not found(error code: 3011)
02-Feb-2015 20:37:06 GMT  Successfully opened file root://xrootd.unl.edu//store/group/dpg_trigger/comm_trigger/L1TrackTrigger/620_SLHC10/Extended2023TTI/MinBias/MinBias_TuneZ2star_GEN_SIM_108.root
150202 20:41:58 13888 Xrd: XrdClientMessage::ReadRaw: Failed to read header (8 bytes).
150202 20:42:27 22987 Xrd: XrdClientMessage::ReadRaw: Failed to read header (8 bytes).
150202 20:47:27 12903 Xrd: XrdClientMessage::ReadRaw: Failed to read header (8 bytes).
150202 20:47:28 13024 Xrd: XrdClientMessage::ReadRaw: Failed to read header (8 bytes).
150202 20:48:27 13887 Xrd: XrdClientMessage::ReadRaw: Failed to read header (8 bytes).
02-Feb-2015 20:55:47 GMT  Closed file root://xrootd.unl.edu//store/group/dpg_trigger/comm_trigger/L1TrackTrigger/620_SLHC10/Extended2023TTI/MinBias/MinBias_TuneZ2star_GEN_SIM_108.root
02-Feb-2015 20:55:47 GMT  Initiating request to open file root://xrootd.unl.edu//store/group/dpg_trigger/comm_trigger/L1TrackTrigger/620_SLHC10/Extended2023TTI/MinBias/MinBias_TuneZ2star_GEN_SIM_242.root
150202 20:56:18 10449 Xrd: CheckErrorStatus: Server [cms-xrd-global.cern.ch:1094] declared: session not found(error code: 3011)
150202 20:56:18 10449 Xrd: CheckErrorStatus: Server [xrootd-redic.pi.infn.it:1094] declared: session not found(error code: 3011)
02-Feb-2015 20:56:19 GMT  Successfully opened file root://xrootd.unl.edu//store/group/dpg_trigger/comm_trigger/L1TrackTrigger/620_SLHC10/Extended2023TTI/MinBias/MinBias_TuneZ2star_GEN_SIM_242.root
150202 20:57:28 22986 Xrd: XrdClientMessage::ReadRaw: Failed to read header (8 bytes).
Building the geometry service
Warning did not find digi
Warning did not find digi
Warning did not find digi
Warning did not find digi
Warning did not find digi in disks
Warning did not find digi in disks
Warning did not find digi in disks
Warning did not find digi in disks
150202 21:00:58 22988 Xrd: XrdClientMessage::ReadRaw: Failed to read header (8 bytes).
150202 21:01:27 10925 Xrd: XrdClientMessage::ReadRaw: Failed to read header (8 bytes).
02-Feb-2015 21:10:15 GMT  Closed file root://xrootd.unl.edu//store/group/dpg_trigger/comm_trigger/L1TrackTrigger/620_SLHC10/Extended2023TTI/MinBias/MinBias_TuneZ2star_GEN_SIM_242.root
02-Feb-2015 21:10:15 GMT  Initiating request to open file root://xrootd.unl.edu//store/group/dpg_trigger/comm_trigger/L1TrackTrigger/620_SLHC10/Extended2023TTI/MinBias/MinBias_TuneZ2star_GEN_SIM_143.root
150202 21:11:04 24150 Xrd: CheckErrorStatus: Server [xrootd-redic.pi.infn.it:1094] declared: session not found(error code: 3011)
02-Feb-2015 21:11:05 GMT  Successfully opened file root://xrootd.unl.edu//store/group/dpg_trigger/comm_trigger/L1TrackTrigger/620_SLHC10/Extended2023TTI/MinBias/MinBias_TuneZ2star_GEN_SIM_143.root
150202 21:15:27 10926 Xrd: XrdClientMessage::ReadRaw: Failed to read header (8 bytes).
150202 21:16:27 24976 Xrd: XrdClientMessage::ReadRaw: Failed to read header (8 bytes).
02-Feb-2015 21:20:04 GMT  Closed file root://xrootd.unl.edu//store/group/dpg_trigger/comm_trigger/L1TrackTrigger/620_SLHC10/Extended2023TTI/MinBias/MinBias_TuneZ2star_GEN_SIM_143.root
02-Feb-2015 21:20:04 GMT  Initiating request to open file root://xrootd.unl.edu//store/group/dpg_trigger/comm_trigger/L1TrackTrigger/620_SLHC10/Extended2023TTI/MinBias/MinBias_TuneZ2star_GEN_SIM_307.root
150202 21:20:05 5721 Xrd: CheckErrorStatus: Server [cms-xrd-global.cern.ch:1094] declared: session not found(error code: 3011)
150202 21:20:05 5721 Xrd: CheckErrorStatus: Server [llrxrd-redir.in2p3.fr:1094] declared: session not found(error code: 3011)
02-Feb-2015 21:20:05 GMT  Successfully opened file root://xrootd.unl.edu//store/group/dpg_trigger/comm_trigger/L1TrackTrigger/620_SLHC10/Extended2023TTI/MinBias/MinBias_TuneZ2star_GEN_SIM_307.root
150202 21:25:27 24977 Xrd: XrdClientMessage::ReadRaw: Failed to read header (8 bytes).
150202 21:25:27 5723 Xrd: XrdClientMessage::ReadRaw: Failed to read header (8 bytes).
02-Feb-2015 21:28:21 GMT  Closed file root://xrootd.unl.edu//store/group/dpg_trigger/comm_trigger/L1TrackTrigger/620_SLHC10/Extended2023TTI/MinBias/MinBias_TuneZ2star_GEN_SIM_307.root
02-Feb-2015 21:28:21 GMT  Initiating request to open file root://xrootd.unl.edu//store/group/dpg_trigger/comm_trigger/L1TrackTrigger/620_SLHC10/Extended2023TTI/MinBias/MinBias_TuneZ2star_GEN_SIM_266.root
150202 21:28:52 13521 Xrd: CheckErrorStatus: Server [xrootd-redic.pi.infn.it:1094] declared: session not found(error code: 3011)
02-Feb-2015 21:28:52 GMT  Successfully opened file root://xrootd.unl.edu//store/group/dpg_trigger/comm_trigger/L1TrackTrigger/620_SLHC10/Extended2023TTI/MinBias/MinBias_TuneZ2star_GEN_SIM_266.root
150202 21:33:28 5724 Xrd: XrdClientMessage::ReadRaw: Failed to read header (8 bytes).
150202 21:33:58 13899 Xrd: XrdClientMessage::ReadRaw: Failed to read header (8 bytes).
02-Feb-2015 21:36:42 GMT  Closed file root://xrootd.unl.edu//store/group/dpg_trigger/comm_trigger/L1TrackTrigger/620_SLHC10/Extended2023TTI/MinBias/MinBias_TuneZ2star_GEN_SIM_266.root
02-Feb-2015 21:36:42 GMT  Initiating request to open file root://xrootd.unl.edu//store/group/dpg_trigger/comm_trigger/L1TrackTrigger/620_SLHC10/Extended2023TTI/MinBias/MinBias_TuneZ2star_GEN_SIM_881.root
150202 21:37:13 21468 Xrd: CheckErrorStatus: Server [cms-xrd-global.cern.ch:1094] declared: session not found(error code: 3011)
150202 21:37:13 21468 Xrd: CheckErrorStatus: Server [xrootd.ba.infn.it:1094] declared: session not found(error code: 3011)
02-Feb-2015 21:37:13 GMT  Successfully opened file root://xrootd.unl.edu//store/group/dpg_trigger/comm_trigger/L1TrackTrigger/620_SLHC10/Extended2023TTI/MinBias/MinBias_TuneZ2star_GEN_SIM_881.root
150202 21:40:28 5722 Xrd: XrdClientMessage::ReadRaw: Failed to read header (8 bytes).
150202 21:41:57 13900 Xrd: XrdClientMessage::ReadRaw: Failed to read header (8 bytes).
150202 21:42:28 22049 Xrd: XrdClientMessage::ReadRaw: Failed to read header (8 bytes).
02-Feb-2015 21:44:41 GMT  Closed file root://xrootd.unl.edu//store/group/dpg_trigger/comm_trigger/L1TrackTrigger/620_SLHC10/Extended2023TTI/MinBias/MinBias_TuneZ2star_GEN_SIM_881.root
02-Feb-2015 21:44:41 GMT  Initiating request to open file root://xrootd.unl.edu//store/group/dpg_trigger/comm_trigger/L1TrackTrigger/620_SLHC10/Extended2023TTI/MinBias/MinBias_TuneZ2star_GEN_SIM_534.root
150202 21:45:12 28458 Xrd: CheckErrorStatus: Server [xrootd-redic.pi.infn.it:1094] declared: session not found(error code: 3011)
02-Feb-2015 21:45:13 GMT  Successfully opened file root://xrootd.unl.edu//store/group/dpg_trigger/comm_trigger/L1TrackTrigger/620_SLHC10/Extended2023TTI/MinBias/MinBias_TuneZ2star_GEN_SIM_534.root
150202 21:49:57 22050 Xrd: XrdClientMessage::ReadRaw: Failed to read header (8 bytes).
150202 21:50:27 29246 Xrd: XrdClientMessage::ReadRaw: Failed to read header (8 bytes).
02-Feb-2015 21:51:47 GMT  Closed file root://xrootd.unl.edu//store/group/dpg_trigger/comm_trigger/L1TrackTrigger/620_SLHC10/Extended2023TTI/MinBias/MinBias_TuneZ2star_GEN_SIM_534.root
02-Feb-2015 21:51:47 GMT  Initiating request to open file root://xrootd.unl.edu//store/group/dpg_trigger/comm_trigger/L1TrackTrigger/620_SLHC10/Extended2023TTI/MinBias/MinBias_TuneZ2star_GEN_SIM_980.root
150202 21:52:18 2515 Xrd: CheckErrorStatus: Server [cms-xrd-global.cern.ch:1094] declared: session not found(error code: 3011)
150202 21:52:18 2515 Xrd: CheckErrorStatus: Server [llrxrd-redir.in2p3.fr:1094] declared: session not found(error code: 3011)
02-Feb-2015 21:52:18 GMT  Successfully opened file root://xrootd.unl.edu//store/group/dpg_trigger/comm_trigger/L1TrackTrigger/620_SLHC10/Extended2023TTI/MinBias/MinBias_TuneZ2star_GEN_SIM_980.root
150202 21:56:58 29248 Xrd: XrdClientMessage::ReadRaw: Failed to read header (8 bytes).
150202 21:57:27 22048 Xrd: XrdClientMessage::ReadRaw: Failed to read header (8 bytes).
150202 21:57:28 2990 Xrd: XrdClientMessage::ReadRaw: Failed to read header (8 bytes).
02-Feb-2015 21:59:55 GMT  Closed file root://xrootd.unl.edu//store/group/dpg_trigger/comm_trigger/L1TrackTrigger/620_SLHC10/Extended2023TTI/MinBias/MinBias_TuneZ2star_GEN_SIM_980.root
02-Feb-2015 21:59:55 GMT  Initiating request to open file root://xrootd.unl.edu//store/group/dpg_trigger/comm_trigger/L1TrackTrigger/620_SLHC10/Extended2023TTI/MinBias/MinBias_TuneZ2star_GEN_SIM_265.root
150202 22:00:26 8768 Xrd: CheckErrorStatus: Server [xrootd-redic.pi.infn.it:1094] declared: session not found(error code: 3011)
150202 22:00:26 8768 Xrd: CheckErrorStatus: Server [eoscms.cern.ch:1094] declared: session not found(error code: 3011)
02-Feb-2015 22:00:26 GMT  Successfully opened file root://xrootd.unl.edu//store/group/dpg_trigger/comm_trigger/L1TrackTrigger/620_SLHC10/Extended2023TTI/MinBias/MinBias_TuneZ2star_GEN_SIM_265.root
02-Feb-2015 22:04:55 GMT  Closed file root://xrootd.unl.edu//store/group/dpg_trigger/comm_trigger/L1TrackTrigger/620_SLHC10/Extended2023TTI/MinBias/MinBias_TuneZ2star_GEN_SIM_265.root
02-Feb-2015 22:04:55 GMT  Initiating request to open file root://xrootd.unl.edu//store/group/dpg_trigger/comm_trigger/L1TrackTrigger/620_SLHC10/Extended2023TTI/MinBias/MinBias_TuneZ2star_GEN_SIM_656.root
150202 22:04:57 2991 Xrd: XrdClientMessage::ReadRaw: Failed to read header (8 bytes).
150202 22:05:27 9243 Xrd: XrdClientMessage::ReadRaw: Failed to read header (8 bytes).
150202 22:05:52 12575 Xrd: CheckErrorStatus: Server [xrootd-redic.pi.infn.it:1094] declared: session not found(error code: 3011)
02-Feb-2015 22:05:52 GMT  Successfully opened file root://xrootd.unl.edu//store/group/dpg_trigger/comm_trigger/L1TrackTrigger/620_SLHC10/Extended2023TTI/MinBias/MinBias_TuneZ2star_GEN_SIM_656.root
02-Feb-2015 22:09:28 GMT  Closed file root://xrootd.unl.edu//store/group/dpg_trigger/comm_trigger/L1TrackTrigger/620_SLHC10/Extended2023TTI/MinBias/MinBias_TuneZ2star_GEN_SIM_656.root
02-Feb-2015 22:09:28 GMT  Initiating request to open file root://xrootd.unl.edu//store/group/dpg_trigger/comm_trigger/L1TrackTrigger/620_SLHC10/Extended2023TTI/MinBias/MinBias_TuneZ2star_GEN_SIM_828.root
150202 22:09:57 9305 Xrd: XrdClientMessage::ReadRaw: Failed to read header (8 bytes).
150202 22:10:46 15945 Xrd: CheckErrorStatus: Server [cms-xrd-global.cern.ch:1094] declared: session not found(error code: 3011)
02-Feb-2015 22:10:46 GMT  Successfully opened file root://xrootd.unl.edu//store/group/dpg_trigger/comm_trigger/L1TrackTrigger/620_SLHC10/Extended2023TTI/MinBias/MinBias_TuneZ2star_GEN_SIM_828.root
150202 22:12:27 2989 Xrd: XrdClientMessage::ReadRaw: Failed to read header (8 bytes).
150202 22:14:57 13289 Xrd: XrdClientMessage::ReadRaw: Failed to read header (8 bytes).
150202 22:15:57 13288 Xrd: XrdClientMessage::ReadRaw: Failed to read header (8 bytes).
02-Feb-2015 22:17:03 GMT  Closed file root://xrootd.unl.edu//store/group/dpg_trigger/comm_trigger/L1TrackTrigger/620_SLHC10/Extended2023TTI/MinBias/MinBias_TuneZ2star_GEN_SIM_828.root
02-Feb-2015 22:17:03 GMT  Initiating request to open file root://xrootd.unl.edu//store/group/dpg_trigger/comm_trigger/L1TrackTrigger/620_SLHC10/Extended2023TTI/MinBias/MinBias_TuneZ2star_GEN_SIM_50.root
150202 22:19:54 21306 Xrd: CheckErrorStatus: Server [xrootd.ba.infn.it:1094] declared: session not found(error code: 3011)
02-Feb-2015 22:19:54 GMT  Successfully opened file root://xrootd.unl.edu//store/group/dpg_trigger/comm_trigger/L1TrackTrigger/620_SLHC10/Extended2023TTI/MinBias/MinBias_TuneZ2star_GEN_SIM_50.root
02-Feb-2015 22:22:00 GMT  Closed file root://xrootd.unl.edu//store/group/dpg_trigger/comm_trigger/L1TrackTrigger/620_SLHC10/Extended2023TTI/MinBias/MinBias_TuneZ2star_GEN_SIM_50.root
02-Feb-2015 22:22:00 GMT  Initiating request to open file root://xrootd.unl.edu//store/group/dpg_trigger/comm_trigger/L1TrackTrigger/620_SLHC10/Extended2023TTI/MinBias/MinBias_TuneZ2star_GEN_SIM_530.root
150202 22:22:27 16745 Xrd: XrdClientMessage::ReadRaw: Failed to read header (8 bytes).
150202 22:24:40 24868 Xrd: CheckErrorStatus: Server [cms-xrd-global.cern.ch:1094] declared: session not found(error code: 3011)
02-Feb-2015 22:24:40 GMT  Successfully opened file root://xrootd.unl.edu//store/group/dpg_trigger/comm_trigger/L1TrackTrigger/620_SLHC10/Extended2023TTI/MinBias/MinBias_TuneZ2star_GEN_SIM_530.root
150202 22:25:57 10924 Xrd: XrdClientMessage::ReadRaw: Failed to read header (8 bytes).
02-Feb-2015 22:29:33 GMT  Closed file root://xrootd.unl.edu//store/group/dpg_trigger/comm_trigger/L1TrackTrigger/620_SLHC10/Extended2023TTI/MinBias/MinBias_TuneZ2star_GEN_SIM_530.root
02-Feb-2015 22:29:33 GMT  Initiating request to open file root://xrootd.unl.edu//store/group/dpg_trigger/comm_trigger/L1TrackTrigger/620_SLHC10/Extended2023TTI/MinBias/MinBias_TuneZ2star_GEN_SIM_172.root
150202 22:29:57 23442 Xrd: XrdClientMessage::ReadRaw: Failed to read header (8 bytes).
150202 22:30:04 30639 Xrd: CheckErrorStatus: Server [llrxrd-redir.in2p3.fr:1094] declared: session not found(error code: 3011)
02-Feb-2015 22:30:04 GMT  Successfully opened file root://xrootd.unl.edu//store/group/dpg_trigger/comm_trigger/L1TrackTrigger/620_SLHC10/Extended2023TTI/MinBias/MinBias_TuneZ2star_GEN_SIM_172.root
02-Feb-2015 22:33:48 GMT  Closed file root://xrootd.unl.edu//store/group/dpg_trigger/comm_trigger/L1TrackTrigger/620_SLHC10/Extended2023TTI/MinBias/MinBias_TuneZ2star_GEN_SIM_172.root
02-Feb-2015 22:33:48 GMT  Initiating request to open file root://xrootd.unl.edu//store/group/dpg_trigger/comm_trigger/L1TrackTrigger/620_SLHC10/Extended2023TTI/MinBias/MinBias_TuneZ2star_GEN_SIM_83.root
150202 22:34:19 1023 Xrd: CheckErrorStatus: Server [cms-xrd-global.cern.ch:1094] declared: session not found(error code: 3011)
02-Feb-2015 22:34:19 GMT  Successfully opened file root://xrootd.unl.edu//store/group/dpg_trigger/comm_trigger/L1TrackTrigger/620_SLHC10/Extended2023TTI/MinBias/MinBias_TuneZ2star_GEN_SIM_83.root
150202 22:34:58 23443 Xrd: XrdClientMessage::ReadRaw: Failed to read header (8 bytes).
02-Feb-2015 22:38:41 GMT  Closed file root://xrootd.unl.edu//store/group/dpg_trigger/comm_trigger/L1TrackTrigger/620_SLHC10/Extended2023TTI/MinBias/MinBias_TuneZ2star_GEN_SIM_83.root
02-Feb-2015 22:38:41 GMT  Initiating request to open file root://xrootd.unl.edu//store/group/dpg_trigger/comm_trigger/L1TrackTrigger/620_SLHC10/Extended2023TTI/MinBias/MinBias_TuneZ2star_GEN_SIM_981.root
150202 22:38:57 30769 Xrd: XrdClientMessage::ReadRaw: Failed to read header (8 bytes).
150202 22:39:12 4860 Xrd: CheckErrorStatus: Server [eoscms.cern.ch:1094] declared: session not found(error code: 3011)
02-Feb-2015 22:39:12 GMT  Successfully opened file root://xrootd.unl.edu//store/group/dpg_trigger/comm_trigger/L1TrackTrigger/620_SLHC10/Extended2023TTI/MinBias/MinBias_TuneZ2star_GEN_SIM_981.root
02-Feb-2015 22:42:52 GMT  Closed file root://xrootd.unl.edu//store/group/dpg_trigger/comm_trigger/L1TrackTrigger/620_SLHC10/Extended2023TTI/MinBias/MinBias_TuneZ2star_GEN_SIM_981.root
02-Feb-2015 22:42:52 GMT  Initiating request to open file root://xrootd.unl.edu//store/group/dpg_trigger/comm_trigger/L1TrackTrigger/620_SLHC10/Extended2023TTI/MinBias/MinBias_TuneZ2star_GEN_SIM_365.root
02-Feb-2015 22:43:23 GMT  Successfully opened file root://xrootd.unl.edu//store/group/dpg_trigger/comm_trigger/L1TrackTrigger/620_SLHC10/Extended2023TTI/MinBias/MinBias_TuneZ2star_GEN_SIM_365.root
150202 22:43:57 1508 Xrd: XrdClientMessage::ReadRaw: Failed to read header (8 bytes).
02-Feb-2015 22:47:20 GMT  Closed file root://xrootd.unl.edu//store/group/dpg_trigger/comm_trigger/L1TrackTrigger/620_SLHC10/Extended2023TTI/MinBias/MinBias_TuneZ2star_GEN_SIM_365.root
02-Feb-2015 22:47:20 GMT  Initiating request to open file root://xrootd.unl.edu//store/group/dpg_trigger/comm_trigger/L1TrackTrigger/620_SLHC10/Extended2023TTI/MinBias/MinBias_TuneZ2star_GEN_SIM_123.root
02-Feb-2015 22:47:44 GMT  Successfully opened file root://xrootd.unl.edu//store/group/dpg_trigger/comm_trigger/L1TrackTrigger/620_SLHC10/Extended2023TTI/MinBias/MinBias_TuneZ2star_GEN_SIM_123.root
150202 22:47:57 5098 Xrd: XrdClientMessage::ReadRaw: Failed to read header (8 bytes).
02-Feb-2015 22:50:44 GMT  Closed file root://xrootd.unl.edu//store/group/dpg_trigger/comm_trigger/L1TrackTrigger/620_SLHC10/Extended2023TTI/MinBias/MinBias_TuneZ2star_GEN_SIM_123.root
02-Feb-2015 22:50:44 GMT  Initiating request to open file root://xrootd.unl.edu//store/group/dpg_trigger/comm_trigger/L1TrackTrigger/620_SLHC10/Extended2023TTI/MinBias/MinBias_TuneZ2star_GEN_SIM_182.root
02-Feb-2015 22:51:15 GMT  Successfully opened file root://xrootd.unl.edu//store/group/dpg_trigger/comm_trigger/L1TrackTrigger/620_SLHC10/Extended2023TTI/MinBias/MinBias_TuneZ2star_GEN_SIM_182.root
150202 22:52:27 8343 Xrd: XrdClientMessage::ReadRaw: Failed to read header (8 bytes).
02-Feb-2015 22:54:10 GMT  Closed file root://xrootd.unl.edu//store/group/dpg_trigger/comm_trigger/L1TrackTrigger/620_SLHC10/Extended2023TTI/MinBias/MinBias_TuneZ2star_GEN_SIM_182.root
02-Feb-2015 22:54:10 GMT  Initiating request to open file root://xrootd.unl.edu//store/group/dpg_trigger/comm_trigger/L1TrackTrigger/620_SLHC10/Extended2023TTI/MinBias/MinBias_TuneZ2star_GEN_SIM_193.root
150202 22:54:28 1507 Xrd: XrdClientMessage::ReadRaw: Failed to read header (8 bytes).
02-Feb-2015 22:54:42 GMT  Successfully opened file root://xrootd.unl.edu//store/group/dpg_trigger/comm_trigger/L1TrackTrigger/620_SLHC10/Extended2023TTI/MinBias/MinBias_TuneZ2star_GEN_SIM_193.root
150202 22:55:57 11635 Xrd: XrdClientMessage::ReadRaw: Failed to read header (8 bytes).
02-Feb-2015 22:57:30 GMT  Closed file root://xrootd.unl.edu//store/group/dpg_trigger/comm_trigger/L1TrackTrigger/620_SLHC10/Extended2023TTI/MinBias/MinBias_TuneZ2star_GEN_SIM_193.root
02-Feb-2015 22:57:30 GMT  Initiating request to open file root://xrootd.unl.edu//store/group/dpg_trigger/comm_trigger/L1TrackTrigger/620_SLHC10/Extended2023TTI/MinBias/MinBias_TuneZ2star_GEN_SIM_796.root
150202 22:58:02 24463 Xrd: CheckErrorStatus: Server [cms-xrd-global.cern.ch:1094] declared: session not found(error code: 3011)
02-Feb-2015 22:58:02 GMT  Successfully opened file root://xrootd.unl.edu//store/group/dpg_trigger/comm_trigger/L1TrackTrigger/620_SLHC10/Extended2023TTI/MinBias/MinBias_TuneZ2star_GEN_SIM_796.root
150202 22:59:27 14598 Xrd: XrdClientMessage::ReadRaw: Failed to read header (8 bytes).
02-Feb-2015 23:00:39 GMT  Closed file root://xrootd.unl.edu//store/group/dpg_trigger/comm_trigger/L1TrackTrigger/620_SLHC10/Extended2023TTI/MinBias/MinBias_TuneZ2star_GEN_SIM_796.root
02-Feb-2015 23:00:39 GMT  Initiating request to open file root://xrootd.unl.edu//store/group/dpg_trigger/comm_trigger/L1TrackTrigger/620_SLHC10/Extended2023TTI/MinBias/MinBias_TuneZ2star_GEN_SIM_645.root
02-Feb-2015 23:01:10 GMT  Successfully opened file root://xrootd.unl.edu//store/group/dpg_trigger/comm_trigger/L1TrackTrigger/620_SLHC10/Extended2023TTI/MinBias/MinBias_TuneZ2star_GEN_SIM_645.root
02-Feb-2015 23:02:16 GMT  Closed file root://dcap.pp.rl.ac.uk:1094/pnfs/pp.rl.ac.uk/data/cms/store/user/dcieri/ttbar_SIM/ttbar/ttbar_SIM/150129_145223/0000/step1_214.root
02-Feb-2015 23:02:17 GMT  Closed file root://xrootd.unl.edu//store/group/dpg_trigger/comm_trigger/L1TrackTrigger/620_SLHC10/Extended2023TTI/MinBias/MinBias_TuneZ2star_GEN_SIM_645.root

=============================================

MessageLogger Summary

 type     category        sev    module        subroutine        count    total
 ---- -------------------- -- ---------------- ----------------  -----    -----
    1 fileAction           -s MixingModule:mix                      69       69
    2 fileAction           -s MixingModule:mix                       2        2
    3 fileAction           -s MixingModule:mix                       1        1
    4 fileAction           -s file_close                             1        1
    5 fileAction           -s file_open                              2        2

 type    category    Examples: run/evt        run/evt          run/evt
 ---- -------------------- ---------------- ---------------- ----------------
    1 fileAction           1/2131           1/2131           1/2140
    2 fileAction           pre-events       pre-events       
    3 fileAction           PostEndRun                        
    4 fileAction           PostEndRun                        
    5 fileAction           pre-events       pre-events       

Severity    # Occurrences   Total Occurrences
--------    -------------   -----------------
System                 75                  75
>>> END OF printout of 217 lines from stdout+stderr
>>> Parse FrameworkJobReport crab_fjr.xml
Result of parsing the FrameworkJobReport crab_fjr.xml: 
Extracted ExitStatus from FrameworkJobReport parsing output: 0
>>> Executable succeded  0
ExeExitCode=0
EXECUTABLE_EXIT_STATUS = 0
>>> current directory /scratch/condor/dir_8047/glide_jFMPuC/execute/dir_10931/CMSSW_6_2_0_SLHC12
>>>  (SOFTWARE_DIR): /scratch/condor/dir_8047/glide_jFMPuC/execute/dir_10931/CMSSW_6_2_0_SLHC12
>>> (WORKING_DIR): 
>>> current directory content:
total 243088
drwxr-xr-x 3 cms415 gplcms      4096 Feb  2 20:26 .SCRAM
-rw------- 1 cms415 gplcms    915837 Feb  2 20:26 CMSSW.py.pkl
drwxr-xr-x 3 cms415 gplcms      4096 Feb  2 20:26 bin
drwxr-xr-x 3 cms415 gplcms      4096 Feb  2 20:26 cfipython
drwxr-xr-x 4 cms415 gplcms      4096 Apr 28  2014 config
-rw------- 1 cms415 gplcms        17 Feb  2 23:02 cpu_timing.txt
drwxr-xr-x 2 cms415 gplcms      4096 Feb  2 20:26 doc
-rw------- 1 cms415 gplcms     24499 Feb  2 23:02 executable.out
drwxr-xr-x 2 cms415 gplcms      4096 Feb  2 20:26 include
drwx------ 3 cms415 gplcms      4096 Oct  7 10:12 lib
drwxr-xr-x 3 cms415 gplcms      4096 Feb  2 20:26 logs
drwxr-xr-x 3 cms415 gplcms      4096 Feb  2 20:26 objs
-rw------- 1 cms415 gplcms       104 Feb  2 20:26 pset.py
-rw------- 1 cms415 gplcms    926827 Feb  2 20:26 pset.py.pkl
-rw------- 1 cms415 gplcms       289 Feb  2 20:26 pset.pyc
drwxr-xr-x 2 cms415 gplcms      4096 Feb  2 20:26 python
-rw------- 1 cms415 gplcms       359 Feb  2 23:02 report.log
drwxr-xr-x 2 cms415 gplcms      4096 Feb  2 20:26 src
-rw------- 1 cms415 gplcms 246724372 Feb  2 23:02 step2.root
drwxr-xr-x 3 cms415 gplcms      4096 Feb  2 20:26 test
drwxr-xr-x 3 cms415 gplcms      4096 Feb  2 20:26 tmp
>>> current directory /scratch/condor/dir_8047/glide_jFMPuC/execute/dir_10931/CMSSW_6_2_0_SLHC12
>>> (SOFTWARE_DIR): /scratch/condor/dir_8047/glide_jFMPuC/execute/dir_10931/CMSSW_6_2_0_SLHC12
>>> (WORKING_DIR): 
>>> current directory content:
total 243088
drwxr-xr-x 3 cms415 gplcms      4096 Feb  2 20:26 .SCRAM
-rw------- 1 cms415 gplcms    915837 Feb  2 20:26 CMSSW.py.pkl
drwxr-xr-x 3 cms415 gplcms      4096 Feb  2 20:26 bin
drwxr-xr-x 3 cms415 gplcms      4096 Feb  2 20:26 cfipython
drwxr-xr-x 4 cms415 gplcms      4096 Apr 28  2014 config
-rw------- 1 cms415 gplcms        17 Feb  2 23:02 cpu_timing.txt
drwxr-xr-x 2 cms415 gplcms      4096 Feb  2 20:26 doc
-rw------- 1 cms415 gplcms     24499 Feb  2 23:02 executable.out
drwxr-xr-x 2 cms415 gplcms      4096 Feb  2 20:26 include
drwx------ 3 cms415 gplcms      4096 Oct  7 10:12 lib
drwxr-xr-x 3 cms415 gplcms      4096 Feb  2 20:26 logs
drwxr-xr-x 3 cms415 gplcms      4096 Feb  2 20:26 objs
-rw------- 1 cms415 gplcms       104 Feb  2 20:26 pset.py
-rw------- 1 cms415 gplcms    926827 Feb  2 20:26 pset.py.pkl
-rw------- 1 cms415 gplcms       289 Feb  2 20:26 pset.pyc
drwxr-xr-x 2 cms415 gplcms      4096 Feb  2 20:26 python
-rw------- 1 cms415 gplcms       359 Feb  2 23:02 report.log
drwxr-xr-x 2 cms415 gplcms      4096 Feb  2 20:26 src
-rw------- 1 cms415 gplcms 246724372 Feb  2 23:02 step2_296_1_Dlz.root
drwxr-xr-x 3 cms415 gplcms      4096 Feb  2 20:26 test
drwxr-xr-x 3 cms415 gplcms      4096 Feb  2 20:26 tmp
>>> current directory (RUNTIME_AREA):  /scratch/condor/dir_8047/glide_jFMPuC/execute/dir_10931
PNN = T2_UK_SGrid_RALPP
SE = heplnx204.pp.rl.ac.uk
SE_PATH = /srm/managerv2?SFN=/pnfs/pp.rl.ac.uk/data/cms/store/user/dcieri/ttbar_PU140_DIGI/dcieri/ttbar/ttbar_PU140_DIGI/3c0380cf82de79bc39966c93934c61fc/
LFNBaseName = /store/user/dcieri/ttbar_PU140_DIGI/dcieri/ttbar/ttbar_PU140_DIGI/3c0380cf82de79bc39966c93934c61fc/
USER = dcieri
endpoint = srm://heplnx204.pp.rl.ac.uk:8443/srm/managerv2?SFN=/pnfs/pp.rl.ac.uk/data/cms/store/user/dcieri/ttbar_PU140_DIGI/dcieri/ttbar/ttbar_PU140_DIGI/3c0380cf82de79bc39966c93934c61fc/
>>> Copy output files from WN = heplnc179.pp.rl.ac.uk to /srm/managerv2?SFN=/pnfs/pp.rl.ac.uk/data/cms/store/user/dcieri/ttbar_PU140_DIGI/dcieri/ttbar/ttbar_PU140_DIGI/3c0380cf82de79bc39966c93934c61fc/ :
python cmscp.py  --destination srm://heplnx204.pp.rl.ac.uk:8443/srm/managerv2?SFN=/pnfs/pp.rl.ac.uk/data/cms/store/user/dcieri/ttbar_PU140_DIGI/dcieri/ttbar/ttbar_PU140_DIGI/3c0380cf82de79bc39966c93934c61fc/ --inputFileList /scratch/condor/dir_8047/glide_jFMPuC/execute/dir_10931/CMSSW_6_2_0_SLHC12/step2_296_1_Dlz.root --middleware LCG --PNN T2_UK_SGrid_RALPP --se_name heplnx204.pp.rl.ac.uk --for_lfn /store/user/dcieri/ttbar_PU140_DIGI/dcieri/ttbar/ttbar_PU140_DIGI/3c0380cf82de79bc39966c93934c61fc/    
******************************************************
localSeName  =  heplnx204.pp.rl.ac.uk
remoteSeName =  heplnx204.pp.rl.ac.uk
******************************************************
{"/scratch/condor/dir_8047/glide_jFMPuC/execute/dir_10931/CMSSW_6_2_0_SLHC12/step2_296_1_Dlz.root": {"endpoint": "srm://heplnx204.pp.rl.ac.uk:8443/srm/managerv2?SFN=/pnfs/pp.rl.ac.uk/data/cms/store/user/dcieri/ttbar_PU140_DIGI/dcieri/ttbar/ttbar_PU140_DIGI/3c0380cf82de79bc39966c93934c61fc/", "surl_for_grid": "", "reason": "Copy succedeed with srm-lcg utils", "erCode": "0", "PNN": "T2_UK_SGrid_RALPP", "se_name": "heplnx204.pp.rl.ac.uk", "for_lfn": "/store/user/dcieri/ttbar_PU140_DIGI/dcieri/ttbar/ttbar_PU140_DIGI/3c0380cf82de79bc39966c93934c61fc/"}}/scratch/condor/dir_8047/glide_jFMPuC/execute/dir_10931
-------- cat /scratch/condor/dir_8047/glide_jFMPuC/execute/dir_10931/cmscpReport.sh 
#!/bin/bash
echo "Report for File: /scratch/condor/dir_8047/glide_jFMPuC/execute/dir_10931/CMSSW_6_2_0_SLHC12/step2_296_1_Dlz.root"
echo "LFN: /store/user/dcieri/ttbar_PU140_DIGI/dcieri/ttbar/ttbar_PU140_DIGI/3c0380cf82de79bc39966c93934c61fc/step2_296_1_Dlz.root"
echo "StorageElement: heplnx204.pp.rl.ac.uk"
echo "StageOutExitStatusReason = 'Copy succedeed with srm-lcg utils'" | tee -a $RUNTIME_AREA/$repo
echo "StageOutSE = heplnx204.pp.rl.ac.uk" >> $RUNTIME_AREA/$repo

export StageOutExitStatus=0
echo "StageOutExitStatus = 0" | tee -a $RUNTIME_AREA/$repo
-------- end of /scratch/condor/dir_8047/glide_jFMPuC/execute/dir_10931/cmscpReport.sh 
Report for File: /scratch/condor/dir_8047/glide_jFMPuC/execute/dir_10931/CMSSW_6_2_0_SLHC12/step2_296_1_Dlz.root
LFN: /store/user/dcieri/ttbar_PU140_DIGI/dcieri/ttbar/ttbar_PU140_DIGI/3c0380cf82de79bc39966c93934c61fc/step2_296_1_Dlz.root
StorageElement: heplnx204.pp.rl.ac.uk
StageOutExitStatusReason = 'Copy succedeed with srm-lcg utils'
StageOutExitStatus = 0
>>> current dir: /scratch/condor/dir_8047/glide_jFMPuC/execute/dir_10931
>>> current dir content:
total 8828
-rw-------  1 cms415 gplcms    2729 Feb  2 23:03 .SEinteraction.log
-rwx------  1 cms415 gplcms      53 Feb  2 20:25 .chirp_config
-rwx------  1 cms415 gplcms    9668 Feb  2 20:25 .job.ad
-rwx------  1 cms415 gplcms    9768 Feb  2 20:25 .machine.ad
-rw-------  1 cms415 gplcms     105 Feb  2 12:16 CMSSW.py
-rw-------  1 cms415 gplcms  915837 Feb  2 12:16 CMSSW.py.pkl
-rwx------  1 cms415 gplcms   29498 Feb  2 20:26 CMSSW.sh
drwxr-xr-x 15 cms415 gplcms    4096 Feb  2 23:02 CMSSW_6_2_0_SLHC12
-rw-------  1 cms415 gplcms     189 Feb  2 20:26 CacheEnv.sh
-rw-------  1 cms415 gplcms    7291 Nov 19 14:52 DashboardAPI.py
-rw-------  1 cms415 gplcms    6455 Feb  2 20:26 DashboardAPI.pyc
drwx------  2 cms415 gplcms    4096 Feb  2 23:02 IMProv
-rw-------  1 cms415 gplcms    2748 Nov 19 14:52 Logger.py
-rw-------  1 cms415 gplcms    3227 Feb  2 20:26 Logger.pyc
-rw-------  1 cms415 gplcms   24524 Nov 19 14:52 ProcInfo.py
-rw-------  1 cms415 gplcms   22621 Feb  2 20:26 ProcInfo.pyc
drwx------  7 cms415 gplcms    4096 Feb  2 20:26 ProdCommon
drwx------  3 cms415 gplcms    4096 Feb  2 20:26 WMCore
-rw-------  1 cms415 gplcms    9092 Feb  2 23:02 Watchdog_296.log
-rwx------  1 cms415 gplcms       0 Feb  2 20:26 _condor_stderr
-rwx---r--  1 cms415 gplcms   39241 Feb  2 23:03 _condor_stdout
-rw-------  1 cms415 gplcms   32895 Nov 19 14:52 apmon.py
-rw-------  1 cms415 gplcms   27929 Feb  2 20:26 apmon.pyc
-rwx------  1 cms415 gplcms  134309 Feb  2 20:26 arguments.xml
-rwx------  1 cms415 gplcms   38581 Nov 19 14:52 cmscp.py
-rw-------  1 cms415 gplcms     561 Feb  2 23:03 cmscpReport.sh
-rwx------  1 cms415 gplcms   29498 Feb  2 20:26 condor_exec.exe
-rw-------  1 cms415 gplcms     544 Feb  2 12:16 crab.cfg
-rwx------  1 cms415 gplcms    8610 Nov 19 14:52 crabWatchdog.sh
-rwx---r--  1 cms415 gplcms  112106 Feb  2 23:02 crab_fjr_296.xml
-rwx------  1 cms415 gplcms 7390485 Feb  2 20:26 default.tgz
-rwx------  1 cms415 gplcms    4488 Nov 19 14:52 fillCrabFjr.py
-rw-------  1 cms415 gplcms     226 Feb  2 20:26 inputsReport.txt
-rw-------  1 cms415 gplcms     244 Feb  2 23:03 jobreport.txt
-rw-------  1 cms415 gplcms   17352 Nov 19 14:52 parseCrabFjr.py
-rw-------  1 cms415 gplcms     324 Feb  2 20:26 report.log
-rwx--x--x  1 cms415 gplcms    1497 Nov 19 14:52 report.py
-rw-------  1 cms415 gplcms     554 Feb  2 23:03 resultCopyFile
lrwxrwxrwx  1 cms415 gplcms      95 Feb  2 23:02 step2.root -> /scratch/condor/dir_8047/glide_jFMPuC/execute/dir_10931/CMSSW_6_2_0_SLHC12/step2_296_1_Dlz.root
-rwx------  1 cms415 gplcms    8351 Nov 19 14:52 writeCfg.py
-rw-------  1 cms415 gplcms   10293 Feb  2 20:25 x509up_u62281
>>> Modify Job Report:
CMSSW_VERSION = CMSSW_6_2_0_SLHC12
ProcessedDataset = ttbar_PU140_DIGI
/scratch/condor/dir_8047/glide_jFMPuC/execute/dir_10931/ProdCommon/FwkJobRep/ModifyJobReport.py fjr /scratch/condor/dir_8047/glide_jFMPuC/execute/dir_10931/crab_fjr_296.xml json /scratch/condor/dir_8047/glide_jFMPuC/execute/dir_10931/resultCopyFile n_job 296_1_Dlz PrimaryDataset ttbar  ApplicationFamily cmsRun ApplicationName cmsRun cmssw_version CMSSW_6_2_0_SLHC12 psethash 3c0380cf82de79bc39966c93934c61fc UserProcessedDataset dcieri-ttbar_PU140_DIGI-3c0380cf82de79bc39966c93934c61fc
inputDict =  {u'/scratch/condor/dir_8047/glide_jFMPuC/execute/dir_10931/CMSSW_6_2_0_SLHC12/step2_296_1_Dlz.root': {u'endpoint': u'srm://heplnx204.pp.rl.ac.uk:8443/srm/managerv2?SFN=/pnfs/pp.rl.ac.uk/data/cms/store/user/dcieri/ttbar_PU140_DIGI/dcieri/ttbar/ttbar_PU140_DIGI/3c0380cf82de79bc39966c93934c61fc/', u'surl_for_grid': u'', u'reason': u'Copy succedeed with srm-lcg utils', u'erCode': u'0', u'PNN': u'T2_UK_SGrid_RALPP', u'se_name': u'heplnx204.pp.rl.ac.uk', u'for_lfn': u'/store/user/dcieri/ttbar_PU140_DIGI/dcieri/ttbar/ttbar_PU140_DIGI/3c0380cf82de79bc39966c93934c61fc/'}}
UserProcessedDataset =  dcieri-ttbar_PU140_DIGI-3c0380cf82de79bc39966c93934c61fc
WORKING ON EDM FILE
file_name in inputDict =  /scratch/condor/dir_8047/glide_jFMPuC/execute/dir_10931/CMSSW_6_2_0_SLHC12/step2_296_1_Dlz.root
(size) os.stat(filename)[6] =  246724372
checksum =  2333172012
    file =  step2_296_1_Dlz.root
    newPfn =  srm://heplnx204.pp.rl.ac.uk:8443/srm/managerv2?SFN=/pnfs/pp.rl.ac.uk/data/cms/store/user/dcieri/ttbar_PU140_DIGI/dcieri/ttbar/ttbar_PU140_DIGI/3c0380cf82de79bc39966c93934c61fc/step2_296_1_Dlz.root
    newLfn =  /store/user/dcieri/ttbar_PU140_DIGI/dcieri/ttbar/ttbar_PU140_DIGI/3c0380cf82de79bc39966c93934c61fc/step2_296_1_Dlz.root
>>> crab_fjr_*.xml  permission set to 0704
CrabWrapper EXIT_FUNC entered at Mon Feb  2 23:03:12 GMT 2015   -  Mon Feb  2 23:03:12 UTC 2015
Checking output files:  
will tar file crab_fjr_296.xml in  out_files_296
WARNING: output file CMSSW_296.stdout not found!
WARNING: output file CMSSW_296.stderr not found!
WARNING: output file Watchdog_296.log.gz not found!
>>> padding time: Wrapper lasting more than 600 seconds. No sleep required.
STOPPING WATCHDOG. CrabWatchdog PID is 12535
********** LAST 50 LINES OF WATCHDOG LOG
 Feb 02 20:39:47 GMT	12781	846344	1246072	52	80	784	cmsRun -j /scratch/condor/dir_8047/glide_jFMPuC/execute/dir_10931/crab_fjr_296.xml -p pset.py      
 Feb 02 20:40:47 GMT	12781	846444	1247608	52	81	844	cmsRun -j /scratch/condor/dir_8047/glide_jFMPuC/execute/dir_10931/crab_fjr_296.xml -p pset.py      
 Feb 02 20:41:47 GMT	12781	848480	1248632	52	82	904	cmsRun -j /scratch/condor/dir_8047/glide_jFMPuC/execute/dir_10931/crab_fjr_296.xml -p pset.py      
 Feb 02 20:42:47 GMT	12781	849496	1248632	52	84	964	cmsRun -j /scratch/condor/dir_8047/glide_jFMPuC/execute/dir_10931/crab_fjr_296.xml -p pset.py      
 Feb 02 20:43:47 GMT	12781	857112	1255544	52	86	1024	cmsRun -j /scratch/condor/dir_8047/glide_jFMPuC/execute/dir_10931/crab_fjr_296.xml -p pset.py      
 Feb 02 20:44:48 GMT	12781	857736	1255544	52	87	1085	cmsRun -j /scratch/condor/dir_8047/glide_jFMPuC/execute/dir_10931/crab_fjr_296.xml -p pset.py      
 Feb 02 20:45:48 GMT	12781	858040	1256312	52	89	1145	cmsRun -j /scratch/condor/dir_8047/glide_jFMPuC/execute/dir_10931/crab_fjr_296.xml -p pset.py      
 Feb 02 20:46:48 GMT	12781	861764	1257592	52	90	1205	cmsRun -j /scratch/condor/dir_8047/glide_jFMPuC/execute/dir_10931/crab_fjr_296.xml -p pset.py      
 Feb 02 20:47:48 GMT	12781	869216	1265528	52	92	1265	cmsRun -j /scratch/condor/dir_8047/glide_jFMPuC/execute/dir_10931/crab_fjr_296.xml -p pset.py      
 Feb 02 20:48:48 GMT	12781	877772	1272696	52	94	1325	cmsRun -j /scratch/condor/dir_8047/glide_jFMPuC/execute/dir_10931/crab_fjr_296.xml -p pset.py      
 Feb 02 20:49:48 GMT	12781	899944	1284728	52	97	1386	cmsRun -j /scratch/condor/dir_8047/glide_jFMPuC/execute/dir_10931/crab_fjr_296.xml -p pset.py      
 Feb 02 20:50:49 GMT	12781	956632	1341048	52	103	1446	cmsRun -j /scratch/condor/dir_8047/glide_jFMPuC/execute/dir_10931/crab_fjr_296.xml -p pset.py      
 Feb 02 20:51:49 GMT	12781	1000512	1391480	52	109	1506	cmsRun -j /scratch/condor/dir_8047/glide_jFMPuC/execute/dir_10931/crab_fjr_296.xml -p pset.py      
 Feb 02 20:52:49 GMT	12781	1002416	1391480	52	110	1566	cmsRun -j /scratch/condor/dir_8047/glide_jFMPuC/execute/dir_10931/crab_fjr_296.xml -p pset.py      
 Feb 02 20:53:49 GMT	12781	1007664	1396344	52	112	1626	cmsRun -j /scratch/condor/dir_8047/glide_jFMPuC/execute/dir_10931/crab_fjr_296.xml -p pset.py      
 Feb 02 20:57:50 GMT	12781	1008408	1396856	52	117	1867	cmsRun -j /scratch/condor/dir_8047/glide_jFMPuC/execute/dir_10931/crab_fjr_296.xml -p pset.py      
# TIME			PID	RSS(KB)	VSZ(KB)	Dsk(MB)	tCPU(s)	tWALL(s)	COMMAND
 Feb 02 20:58:50 GMT	12781	1010460	1398904	52	118	1927	cmsRun -j /scratch/condor/dir_8047/glide_jFMPuC/execute/dir_10931/crab_fjr_296.xml -p pset.py      
 Feb 02 20:59:51 GMT	12781	1012576	1403000	52	120	1988	cmsRun -j /scratch/condor/dir_8047/glide_jFMPuC/execute/dir_10931/crab_fjr_296.xml -p pset.py      
 Feb 02 21:00:51 GMT	12781	1407704	1814028	52	148	2048	cmsRun -j /scratch/condor/dir_8047/glide_jFMPuC/execute/dir_10931/crab_fjr_296.xml -p pset.py      
 Feb 02 21:00:51 GMT	---	1407704	1814028	73	----	----	----
 Feb 02 21:01:51 GMT	---	1407704	1814028	74	----	----	----
 Feb 02 21:23:56 GMT	---	1407704	1814028	95	----	----	----
 Feb 02 21:43:00 GMT	---	1407704	1814028	119	----	----	----
 Feb 02 21:56:03 GMT	12781	1407704	1829644	119	375	5360	cmsRun -j /scratch/condor/dir_8047/glide_jFMPuC/execute/dir_10931/crab_fjr_296.xml -p pset.py      
 Feb 02 21:57:03 GMT	12781	1407704	1829900	119	381	5420	cmsRun -j /scratch/condor/dir_8047/glide_jFMPuC/execute/dir_10931/crab_fjr_296.xml -p pset.py      
 Feb 02 21:58:03 GMT	12781	1407704	1832716	119	385	5480	cmsRun -j /scratch/condor/dir_8047/glide_jFMPuC/execute/dir_10931/crab_fjr_296.xml -p pset.py      
 Feb 02 21:59:03 GMT	12781	1407704	1832972	119	388	5541	cmsRun -j /scratch/condor/dir_8047/glide_jFMPuC/execute/dir_10931/crab_fjr_296.xml -p pset.py      
 Feb 02 22:00:04 GMT	---	1407704	1832972	143	----	----	----
 Feb 02 22:09:07 GMT	12781	1407704	1846284	143	474	6144	cmsRun -j /scratch/condor/dir_8047/glide_jFMPuC/execute/dir_10931/crab_fjr_296.xml -p pset.py      
 Feb 02 22:12:08 GMT	12781	1407704	1858828	143	487	6325	cmsRun -j /scratch/condor/dir_8047/glide_jFMPuC/execute/dir_10931/crab_fjr_296.xml -p pset.py      
 Feb 02 22:13:08 GMT	---	1407704	1858828	164	----	----	----
 Feb 02 22:27:11 GMT	---	1407704	1858828	188	----	----	----
 Feb 02 22:33:13 GMT	12781	1407704	1869836	188	632	7590	cmsRun -j /scratch/condor/dir_8047/glide_jFMPuC/execute/dir_10931/crab_fjr_296.xml -p pset.py      
 Feb 02 22:35:13 GMT	12781	1407704	1872652	188	647	7711	cmsRun -j /scratch/condor/dir_8047/glide_jFMPuC/execute/dir_10931/crab_fjr_296.xml -p pset.py      
 Feb 02 22:36:14 GMT	12781	1422432	1885708	188	659	7771	cmsRun -j /scratch/condor/dir_8047/glide_jFMPuC/execute/dir_10931/crab_fjr_296.xml -p pset.py      
 Feb 02 22:37:14 GMT	12781	1427388	1887500	188	665	7831	cmsRun -j /scratch/condor/dir_8047/glide_jFMPuC/execute/dir_10931/crab_fjr_296.xml -p pset.py      
 Feb 02 22:38:14 GMT	---	1427388	1887500	209	----	----	----
 Feb 02 22:47:18 GMT	12781	1427388	1899020	209	777	8435	cmsRun -j /scratch/condor/dir_8047/glide_jFMPuC/execute/dir_10931/crab_fjr_296.xml -p pset.py      
 Feb 02 22:47:18 GMT	---	1427388	1899020	231	----	----	----
 Feb 02 22:49:18 GMT	12781	1427388	1903116	231	790	8555	cmsRun -j /scratch/condor/dir_8047/glide_jFMPuC/execute/dir_10931/crab_fjr_296.xml -p pset.py      
 Feb 02 22:52:19 GMT	12781	1427388	1910796	231	813	8736	cmsRun -j /scratch/condor/dir_8047/glide_jFMPuC/execute/dir_10931/crab_fjr_296.xml -p pset.py      
 Feb 02 22:53:19 GMT	12781	1502408	1920268	231	833	8796	cmsRun -j /scratch/condor/dir_8047/glide_jFMPuC/execute/dir_10931/crab_fjr_296.xml -p pset.py      
 Feb 02 22:55:19 GMT	---	1502408	1920268	251	----	----	----
 Feb 02 22:57:20 GMT	12781	1502408	1920524	251	881	9037	cmsRun -j /scratch/condor/dir_8047/glide_jFMPuC/execute/dir_10931/crab_fjr_296.xml -p pset.py      
 Feb 02 22:59:20 GMT	12781	1502408	1935116	251	897	9157	cmsRun -j /scratch/condor/dir_8047/glide_jFMPuC/execute/dir_10931/crab_fjr_296.xml -p pset.py      
 Feb 02 23:00:20 GMT	12781	1502408	1944332	251	917	9218	cmsRun -j /scratch/condor/dir_8047/glide_jFMPuC/execute/dir_10931/crab_fjr_296.xml -p pset.py      
# TIME			PID	RSS(KB)	VSZ(KB)	Dsk(MB)	tCPU(s)	tWALL(s)	COMMAND
 Feb 02 23:01:21 GMT	12781	1508416	1944332	251	925	9278	cmsRun -j /scratch/condor/dir_8047/glide_jFMPuC/execute/dir_10931/crab_fjr_296.xml -p pset.py      
 Feb 02 23:02:21 GMT	---	1508416	1944332	273	----	----	----
********** WATCHDOG LOG ENDED
ZIPPING WATCHDOG LOG
Disk space used:
du -sh /scratch/condor/dir_8047/glide_jFMPuC/execute/dir_10931
273M	/scratch/condor/dir_8047/glide_jFMPuC/execute/dir_10931
Found unusual stdout, rename for OSB
`/scratch/condor/dir_8047/glide_jFMPuC/execute/dir_10931/_condor_stdout' -> `CMSSW_296.stdout'
Found unusual stderr, rename for OSB
`/scratch/condor/dir_8047/glide_jFMPuC/execute/dir_10931/_condor_stdout' -> `CMSSW_296.stderr'
crab_fjr_296.xml
CMSSW_296.stdout
CMSSW_296.stderr
Watchdog_296.log.gz
Total Output dimension: 24175
WARNING: output files size limit is set to: 50000000
Total Output dimension 24175 is fine.
JOB_EXIT_STATUS = 0
>>> info for dashboard:
***** Cat /scratch/condor/dir_8047/glide_jFMPuC/execute/dir_10931/jobreport.txt *****
MonitorJobID=296_https://submit-6.t2.ucsd.edu//150202//509447.295
MonitorID=dcieri_PU140_4dm08r
ExeTime=9332
ExeExitCode=0
StageOutExitStatusReason = 'Copy succedeed with srm-lcg utils'
StageOutSE = heplnx204.pp.rl.ac.uk
StageOutExitStatus = 0
CrabUserCpuTime=911.16
CrabSysCpuTime=40.70
CrabCpuPercentage=10%
CrabWrapperTime=9393
CrabStageoutTime=49
JobExitCode=0
***** End Cat jobreport *****
Parameters sent to Dashboard.
EXITING at Mon Feb  2 23:03:15 GMT 2015  -  Mon Feb  2 23:03:15 UTC 2015
