This script was generated by crab (version 2.11.1_patch1).
Running /scratch/condor/dir_23013/glide_w3wTFx/execute/dir_25288/condor_exec.exe with 2 positional parameters: 255 1
Today is Mon Feb  2 20:19:01 GMT 2015 - Mon Feb  2 20:19:01 UTC 2015
Job submitted on host heplnc373.pp.rl.ac.uk
Linux heplnc373.pp.rl.ac.uk 2.6.32-504.3.3.el6.x86_64 #1 SMP Tue Dec 16 14:29:22 CST 2014 x86_64 x86_64 x86_64 GNU/Linux
Distributor ID:	Scientific
Description:	Scientific Linux release 6.6 (Carbon)
>>> current directory (RUNTIME_AREA): /scratch/condor/dir_23013/glide_w3wTFx/execute/dir_25288
>>> current user: uid=157415(cms415) gid=157000(gplcms) groups=157000(gplcms)
>>> directory permission set to 0700
>>> umask set to:  u=rwx,g=,o=
>>> stdout stderr permission set to 0704
>>> voms proxy information:
subject   : /DC=ch/DC=cern/OU=Organic Units/OU=Users/CN=dcieri/CN=755391/CN=Davide Cieri/CN=769881070/CN=1655259350
issuer    : /DC=ch/DC=cern/OU=Organic Units/OU=Users/CN=dcieri/CN=755391/CN=Davide Cieri/CN=769881070
identity  : /DC=ch/DC=cern/OU=Organic Units/OU=Users/CN=dcieri/CN=755391/CN=Davide Cieri
type      : RFC3820 compliant limited proxy
strength  : 1024
path      : /scratch/condor/dir_23013/glide_w3wTFx/execute/dir_25288/x509up_u62281
timeleft  : 23:58:45
key usage : Digital Signature, Key Encipherment
=== VO cms extension information ===
VO        : cms
subject   : /DC=ch/DC=cern/OU=Organic Units/OU=Users/CN=dcieri/CN=755391/CN=Davide Cieri
issuer    : /DC=ch/DC=cern/OU=computers/CN=lcg-voms2.cern.ch
attribute : /cms/Role=NULL/Capability=NULL
timeleft  : 183:57:23
uri       : lcg-voms2.cern.ch:15002

WNHostName=heplnc373.pp.rl.ac.uk
$_CONDOR_JOB_AD =/scratch/condor/dir_23013/glide_w3wTFx/execute/dir_25288/.job.ad
OverflowFlag=0
>>> tar --no-same-permissions -xf /scratch/condor/dir_23013/glide_w3wTFx/execute/dir_25288/default.tgz :
Successful untar
>>> Include /scratch/condor/dir_23013/glide_w3wTFx/execute/dir_25288 in PYTHONPATH:
strip arguments
env var CRAB_UNIQUE_JOB_ID set to: dcieri_PU140_4dm08r_255_1_PBh
out_files_255
>>> list of expected files on output sandbox
output files: crab_fjr_255.xml CMSSW_255.stdout CMSSW_255.stderr Watchdog_255.log.gz
>>> GridFlavour discovery: 
GridFlavour=LCG
>>> SyncSite discovery: 
SyncSite=T2_UK_SGrid_RALPP
>>> SyncCE discovery: 
getting SyncCE from GLIDEIN_Gaekeeper
SyncCE=heplnv147.pp.rl.ac.uk
>>> info for dashboard:
***** Cat /scratch/condor/dir_23013/glide_w3wTFx/execute/dir_25288/jobreport.txt *****
WNHostName=heplnc373.pp.rl.ac.uk
OverflowFlag=0
MonitorJobID=255_https://submit-6.t2.ucsd.edu//150202//509447.254
SyncGridJobId=https://submit-6.t2.ucsd.edu//150202//509447.254
MonitorID=dcieri_PU140_4dm08r
GridFlavour=LCG
SyncSite=T2_UK_SGrid_RALPP
SyncCE=heplnv147.pp.rl.ac.uk
***** End Cat jobreport *****
Parameters sent to Dashboard.
>>> setup environment
set SCRAM ARCH to slc6_amd64_gcc472
SCRAM_ARCH = slc6_amd64_gcc472
>>> setup CMS LCG environment:
set SCRAM ARCH and BUILD_ARCH to slc6_amd64_gcc472 ###
Sourcing environment... 
sourcing /cvmfs/cms.cern.ch/cmsset_default.sh
==> setup cms environment ok
>>> specific cmssw setup environment:
CMSSW_VERSION =  CMSSW_6_2_0_SLHC12
WARNING: In non-interactive mode release checks e.g. deprecated releases, production architectures are disabled.
>>> current directory (SOFTWARE_DIR): /scratch/condor/dir_23013/glide_w3wTFx/execute/dir_25288/CMSSW_6_2_0_SLHC12
PreserveSeeds: <>
IncrementSeeds:<>
>>> info for dashboard:
***** Cat /scratch/condor/dir_23013/glide_w3wTFx/execute/dir_25288/jobreport.txt *****
MonitorJobID=255_https://submit-6.t2.ucsd.edu//150202//509447.254
MonitorID=dcieri_PU140_4dm08r
***** End Cat jobreport *****
Parameters sent to Dashboard.
crabWatchdog started as process 27273
>>> moving CMSSW software directories in /scratch/condor/dir_23013/glide_w3wTFx/execute/dir_25288/CMSSW_6_2_0_SLHC12
mv: cannot stat `/scratch/condor/dir_23013/glide_w3wTFx/execute/dir_25288/module/': No such file or directory
>>> Include /scratch/condor/dir_23013/glide_w3wTFx/execute/dir_25288 in PYTHONPATH:
PYTHONPATH=/scratch/condor/dir_23013/glide_w3wTFx/execute/dir_25288/:/scratch/condor/dir_23013/glide_w3wTFx/execute/dir_25288/CMSSW_6_2_0_SLHC12/python:/scratch/condor/dir_23013/glide_w3wTFx/execute/dir_25288/CMSSW_6_2_0_SLHC12/lib/slc6_amd64_gcc472:/cvmfs/cms.cern.ch/slc6_amd64_gcc472/cms/cmssw/CMSSW_6_2_0_SLHC12/python:/cvmfs/cms.cern.ch/slc6_amd64_gcc472/cms/cmssw/CMSSW_6_2_0_SLHC12/lib/slc6_amd64_gcc472:/cvmfs/cms.cern.ch/slc6_amd64_gcc472/cms/coral/CORAL_2_3_21-cms35/slc6_amd64_gcc472/python:/cvmfs/cms.cern.ch/slc6_amd64_gcc472/cms/coral/CORAL_2_3_21-cms35/slc6_amd64_gcc472/lib:/cvmfs/cms.cern.ch/slc6_amd64_gcc472/external/python-ldap/2.3.5-cms5/lib/python2.7/site-packages:/cvmfs/cms.cern.ch/slc6_amd64_gcc472/external/pyqt/4.8.1-cms5/lib/python2.7/site-packages:/cvmfs/cms.cern.ch/slc6_amd64_gcc472/external/py2-scipy/0.8.0-cms7/lib/python2.7/site-packages:/cvmfs/cms.cern.ch/slc6_amd64_gcc472/external/py2-matplotlib/1.0.1-cms7/lib/python2.7/site-packages:/cvmfs/cms.cern.ch/slc6_amd64_gcc472/external/sip/4.11.2-cms5/lib/python2.7/site-packages:/cvmfs/cms.cern.ch/slc6_amd64_gcc472/external/py2-pycurl/7.19.0-cms7/lib/python2.7/site-packages:/cvmfs/cms.cern.ch/slc6_amd64_gcc472/external/py2-numpy/1.6.1-cms7/lib/python2.7/site-packages:/cvmfs/cms.cern.ch/slc6_amd64_gcc472/external/py2-lint/0.25.1-cms5/lib/python2.7/site-packages:/cvmfs/cms.cern.ch/slc6_amd64_gcc472/external/py2-ipython/0.10-cms5/lib/python2.7/site-packages:/cvmfs/cms.cern.ch/slc6_amd64_gcc472/external/py2-cx-oracle/5.1-cms5/lib/python2.7/site-packages:/cvmfs/cms.cern.ch/slc6_amd64_gcc472/external/py2-cjson/1.0.5-cms5/lib/python2.7/site-packages:/cvmfs/cms.cern.ch/slc6_amd64_gcc472/cms/das-client/1.11.7/bin:/cvmfs/cms.cern.ch/slc6_amd64_gcc472/external/elementtree/1.2.6-cms5/share/lib/python2.7/site-packages:/cvmfs/cms.cern.ch/slc6_amd64_gcc472/external/rivet/1.8.2-cms9/lib/python2.7/site-packages:/cvmfs/cms.cern.ch/slc6_amd64_gcc472/external/pyminuit2/0.0.1-cms19/lib/python2.7/site-packages:/cvmfs/cms.cern.ch/slc6_amd64_gcc472/external/py2-pygithub/1.23.0-cms2/lib/python2.7/site-packages:/cvmfs/cms.cern.ch/slc6_amd64_gcc472/external/professor/1.0.0-cms19/lib/python2.7/site-packages:/cvmfs/cms.cern.ch/slc6_amd64_gcc472/lcg/root/5.34.07-cms/lib:/cvmfs/cms.cern.ch/slc6_amd64_gcc472/cms/dbs-client/DBS_2_1_9-cms5/lib:/cvmfs/cms.cern.ch/slc6_amd64_gcc472/cms/dbs-client/DBS_2_1_9-cms5/lib/DBSAPI:/cvmfs/cms.cern.ch/slc6_amd64_gcc472/external/cvs2git/5419-cms/lib:/scratch/condor/dir_23013/glide_w3wTFx/execute/dir_25288/
 
# LIMITS USED BY CRAB WATCHDOG:
# RSS  (KBytes)   : 2300000
# VSZ  (KBytes)   : 100000000
# DISK (MBytes)   : 19000
# CPU TIME        : 720h:0m:0s
# WALL CLOCK TIME : 21h:50m:0s
 
3c0380cf82de79bc39966c93934c61fc
PSETHASH = 3c0380cf82de79bc39966c93934c61fc
/scratch/condor/dir_23013/glide_w3wTFx/execute/dir_25288/writeCfg.py pset.py pset.py
Importing .py file
Setting parameters
RandomNumberGeneratorService found, will attempt to change seeds
inputBlocks=/ttbar/dcieri-ttbar_SIM-130075366148575c102f0d64fd3ac8f7/USER#42f4abf6-431f-4645-8b28-bf101a629022
inputFiles=/store/user/dcieri/ttbar_SIM/ttbar/ttbar_SIM/150129_145223/0000/step1_191.root
parentFiles=
lumisRange=
>>> Executable cmsRun
/cvmfs/cms.cern.ch/slc6_amd64_gcc472/cms/cmssw/CMSSW_6_2_0_SLHC12/bin/slc6_amd64_gcc472/cmsRun
ok executable found
>>> info for dashboard:
***** Cat /scratch/condor/dir_23013/glide_w3wTFx/execute/dir_25288/jobreport.txt *****
MonitorJobID=255_https://submit-6.t2.ucsd.edu//150202//509447.254
MonitorID=dcieri_PU140_4dm08r
ExeStart=cmsRun
***** End Cat jobreport *****
Parameters sent to Dashboard.
>>> cmsRun started at Mon Feb  2 20:19:08 UTC 2015
>>> cmsRun ended at Mon Feb  2 22:59:47 UTC 2015
>>> crab_fjr_*.xml  permission set to 0704
>>> info for dashboard:
***** Cat /scratch/condor/dir_23013/glide_w3wTFx/execute/dir_25288/jobreport.txt *****
MonitorJobID=255_https://submit-6.t2.ucsd.edu//150202//509447.254
MonitorID=dcieri_PU140_4dm08r
ExeEnd=cmsRun
***** End Cat jobreport *****
Parameters sent to Dashboard.
TIME_EXE = 9639 sec
>>> cmsRun wrote 225 lines of stdout+stderr
>>> START OF printout of 225 lines from stdout+stderr
271 DQMStore::DQMStore 
HcalTopologyIdealEP::HcalTopologyIdealEP
02-Feb-2015 20:19:16 GMT  Initiating request to open file root://dcap.pp.rl.ac.uk:1094/pnfs/pp.rl.ac.uk/data/cms/store/user/dcieri/ttbar_SIM/ttbar/ttbar_SIM/150129_145223/0000/step1_191.root
150202 20:19:17 27414 Xrd: CheckErrorStatus: Server [heplnx210.pp.rl.ac.uk:1094] declared: Request 3018 not supported(error code: 3013)
02-Feb-2015 20:19:18 GMT  Successfully opened file root://dcap.pp.rl.ac.uk:1094/pnfs/pp.rl.ac.uk/data/cms/store/user/dcieri/ttbar_SIM/ttbar/ttbar_SIM/150129_145223/0000/step1_191.root
02-Feb-2015 20:19:19 GMT  Initiating request to open file root://xrootd.unl.edu//store/group/dpg_trigger/comm_trigger/L1TrackTrigger/620_SLHC10/Extended2023TTI/MinBias/MinBias_TuneZ2star_GEN_SIM_1.root
02-Feb-2015 20:19:20 GMT  Successfully opened file root://xrootd.unl.edu//store/group/dpg_trigger/comm_trigger/L1TrackTrigger/620_SLHC10/Extended2023TTI/MinBias/MinBias_TuneZ2star_GEN_SIM_1.root
disableME1a = 0
HcalTopologyIdealEP::produce(const IdealGeometryRecord& iRecord)
mode = 2, maxDepthHB = 3, maxDepthHE = 5
RPCGeometryESModule :: produce
RPCGeometryESModule :: produce :: 1/4 Get Muon Ideal Geometry Record
RPCGeometryESModule :: produce :: 2/4 Get Muon DDD Constants
RPCGeometryESModule :: produce :: 3/4 Get Muon Numbering Record
in MuonNumberingInitialization::initializeMuonDDDConstants
about to make my new muonDDDConst_
in MuonNumberingInitialization::produce
RPCGeometryESModule :: produce :: 4/4 Build
Found:

	Barrel Stack layer 5 : 1008 stacks
	Barrel Stack layer 6 : 1320 stacks
	Barrel Stack layer 7 : 1836 stacks
	Barrel Stack layer 8 : 1152 stacks
	Barrel Stack layer 9 : 1488 stacks
	Barrel Stack layer 10 : 1824 stacks

	Endcap Stack disk 11 : 1360 stacks
	Endcap Stack disk 12 : 1360 stacks
	Endcap Stack disk 13 : 1360 stacks
	Endcap Stack disk 14 : 1360 stacks
	Endcap Stack disk 15 : 1360 stacks
Created 15428 stacks in 15 s

TTClusterBuilder< edm::Ref<edm::DetSetVector<PixelDigi>, PixelDigi, edm::refhelper::FindForDetSetVector<PixelDigi> > > loaded modules:
	TTClusterAlgorithm:	TTClusterAlgorithm_2d2013< edm::Ref<edm::DetSetVector<PixelDigi>, PixelDigi, edm::refhelper::FindForDetSetVector<PixelDigi> > >


TTStubBuilder< edm::Ref<edm::DetSetVector<PixelDigi>, PixelDigi, edm::refhelper::FindForDetSetVector<PixelDigi> > > loaded modules:
	TTStubAlgorithm:	TTStubAlgorithm_tab2013< edm::Ref<edm::DetSetVector<PixelDigi>, PixelDigi, edm::refhelper::FindForDetSetVector<PixelDigi> > >


TTClusterAssociator< edm::Ref<edm::DetSetVector<PixelDigi>, PixelDigi, edm::refhelper::FindForDetSetVector<PixelDigi> > > loaded.


TTStubAssociator< edm::Ref<edm::DetSetVector<PixelDigi>, PixelDigi, edm::refhelper::FindForDetSetVector<PixelDigi> > > loaded.


TTTrackAssociator< edm::Ref<edm::DetSetVector<PixelDigi>, PixelDigi, edm::refhelper::FindForDetSetVector<PixelDigi> > > loaded.

Begin processing the 1st record. Run 1, Event 1901, LumiSection 191 at 02-Feb-2015 20:19:51.838 GMT
02-Feb-2015 20:19:57 GMT  Closed file root://xrootd.unl.edu//store/group/dpg_trigger/comm_trigger/L1TrackTrigger/620_SLHC10/Extended2023TTI/MinBias/MinBias_TuneZ2star_GEN_SIM_1.root
02-Feb-2015 20:19:57 GMT  Initiating request to open file root://xrootd.unl.edu//store/group/dpg_trigger/comm_trigger/L1TrackTrigger/620_SLHC10/Extended2023TTI/MinBias/MinBias_TuneZ2star_GEN_SIM_551.root
02-Feb-2015 20:20:28 GMT  Successfully opened file root://xrootd.unl.edu//store/group/dpg_trigger/comm_trigger/L1TrackTrigger/620_SLHC10/Extended2023TTI/MinBias/MinBias_TuneZ2star_GEN_SIM_551.root
150202 20:25:17 27470 Xrd: XrdClientMessage::ReadRaw: Failed to read header (8 bytes).
150202 20:25:47 27468 Xrd: XrdClientMessage::ReadRaw: Failed to read header (8 bytes).
02-Feb-2015 20:30:27 GMT  Closed file root://xrootd.unl.edu//store/group/dpg_trigger/comm_trigger/L1TrackTrigger/620_SLHC10/Extended2023TTI/MinBias/MinBias_TuneZ2star_GEN_SIM_551.root
02-Feb-2015 20:30:27 GMT  Initiating request to open file root://xrootd.unl.edu//store/group/dpg_trigger/comm_trigger/L1TrackTrigger/620_SLHC10/Extended2023TTI/MinBias/MinBias_TuneZ2star_GEN_SIM_305.root
150202 20:30:58 11467 Xrd: CheckErrorStatus: Server [llrxrd-redir.in2p3.fr:1094] declared: session not found(error code: 3011)
02-Feb-2015 20:30:58 GMT  Successfully opened file root://xrootd.unl.edu//store/group/dpg_trigger/comm_trigger/L1TrackTrigger/620_SLHC10/Extended2023TTI/MinBias/MinBias_TuneZ2star_GEN_SIM_305.root
150202 20:35:47 29262 Xrd: XrdClientMessage::ReadRaw: Failed to read header (8 bytes).
150202 20:36:17 12308 Xrd: XrdClientMessage::ReadRaw: Failed to read header (8 bytes).
150202 20:39:46 27434 Xrd: XrdClientMessage::ReadRaw: Failed to read header (8 bytes).
150202 20:39:46 27467 Xrd: XrdClientMessage::ReadRaw: Failed to read header (8 bytes).
150202 20:39:47 27435 Xrd: XrdClientMessage::ReadRaw: Failed to read header (8 bytes).
02-Feb-2015 20:39:51 GMT  Closed file root://xrootd.unl.edu//store/group/dpg_trigger/comm_trigger/L1TrackTrigger/620_SLHC10/Extended2023TTI/MinBias/MinBias_TuneZ2star_GEN_SIM_305.root
02-Feb-2015 20:39:51 GMT  Initiating request to open file root://xrootd.unl.edu//store/group/dpg_trigger/comm_trigger/L1TrackTrigger/620_SLHC10/Extended2023TTI/MinBias/MinBias_TuneZ2star_GEN_SIM_769.root
150202 20:40:03 25218 Xrd: CheckErrorStatus: Server [llrxrd-redir.in2p3.fr:1094] declared: session not found(error code: 3011)
02-Feb-2015 20:40:03 GMT  Successfully opened file root://xrootd.unl.edu//store/group/dpg_trigger/comm_trigger/L1TrackTrigger/620_SLHC10/Extended2023TTI/MinBias/MinBias_TuneZ2star_GEN_SIM_769.root
Building the geometry service
Warning did not find digi
Warning did not find digi
Warning did not find digi
Warning did not find digi
Warning did not find digi in disks
Warning did not find digi in disks
Warning did not find digi in disks
Warning did not find digi in disks
150202 20:45:16 25574 Xrd: XrdClientMessage::ReadRaw: Failed to read header (8 bytes).
150202 20:45:17 12309 Xrd: XrdClientMessage::ReadRaw: Failed to read header (8 bytes).
02-Feb-2015 20:50:43 GMT  Closed file root://xrootd.unl.edu//store/group/dpg_trigger/comm_trigger/L1TrackTrigger/620_SLHC10/Extended2023TTI/MinBias/MinBias_TuneZ2star_GEN_SIM_769.root
02-Feb-2015 20:50:43 GMT  Initiating request to open file root://xrootd.unl.edu//store/group/dpg_trigger/comm_trigger/L1TrackTrigger/620_SLHC10/Extended2023TTI/MinBias/MinBias_TuneZ2star_GEN_SIM_635.root
150202 20:51:05 9265 Xrd: CheckErrorStatus: Server [xrootd-redic.pi.infn.it:1094] declared: session not found(error code: 3011)
02-Feb-2015 20:51:05 GMT  Successfully opened file root://xrootd.unl.edu//store/group/dpg_trigger/comm_trigger/L1TrackTrigger/620_SLHC10/Extended2023TTI/MinBias/MinBias_TuneZ2star_GEN_SIM_635.root
150202 20:55:47 25575 Xrd: XrdClientMessage::ReadRaw: Failed to read header (8 bytes).
150202 20:56:16 10096 Xrd: XrdClientMessage::ReadRaw: Failed to read header (8 bytes).
150202 21:00:17 29261 Xrd: XrdClientMessage::ReadRaw: Failed to read header (8 bytes).
02-Feb-2015 21:00:42 GMT  Closed file root://xrootd.unl.edu//store/group/dpg_trigger/comm_trigger/L1TrackTrigger/620_SLHC10/Extended2023TTI/MinBias/MinBias_TuneZ2star_GEN_SIM_635.root
02-Feb-2015 21:00:42 GMT  Initiating request to open file root://xrootd.unl.edu//store/group/dpg_trigger/comm_trigger/L1TrackTrigger/620_SLHC10/Extended2023TTI/MinBias/MinBias_TuneZ2star_GEN_SIM_352.root
150202 21:01:43 24761 Xrd: CheckErrorStatus: Server [cms-xrd-global.cern.ch:1094] declared: session not found(error code: 3011)
150202 21:01:43 24761 Xrd: CheckErrorStatus: Server [llrxrd-redir.in2p3.fr:1094] declared: session not found(error code: 3011)
02-Feb-2015 21:01:43 GMT  Successfully opened file root://xrootd.unl.edu//store/group/dpg_trigger/comm_trigger/L1TrackTrigger/620_SLHC10/Extended2023TTI/MinBias/MinBias_TuneZ2star_GEN_SIM_352.root
150202 21:05:46 10097 Xrd: XrdClientMessage::ReadRaw: Failed to read header (8 bytes).
150202 21:06:47 26222 Xrd: XrdClientMessage::ReadRaw: Failed to read header (8 bytes).
02-Feb-2015 21:08:48 GMT  Closed file root://xrootd.unl.edu//store/group/dpg_trigger/comm_trigger/L1TrackTrigger/620_SLHC10/Extended2023TTI/MinBias/MinBias_TuneZ2star_GEN_SIM_352.root
02-Feb-2015 21:08:48 GMT  Initiating request to open file root://xrootd.unl.edu//store/group/dpg_trigger/comm_trigger/L1TrackTrigger/620_SLHC10/Extended2023TTI/MinBias/MinBias_TuneZ2star_GEN_SIM_919.root
150202 21:11:04 3896 Xrd: CheckErrorStatus: Server [cms-xrd-global.cern.ch:1094] declared: session not found(error code: 3011)
150202 21:11:04 3896 Xrd: CheckErrorStatus: Server [xrootd.ba.infn.it:1094] declared: session not found(error code: 3011)
02-Feb-2015 21:11:05 GMT  Successfully opened file root://xrootd.unl.edu//store/group/dpg_trigger/comm_trigger/L1TrackTrigger/620_SLHC10/Extended2023TTI/MinBias/MinBias_TuneZ2star_GEN_SIM_919.root
150202 21:11:17 10095 Xrd: XrdClientMessage::ReadRaw: Failed to read header (8 bytes).
150202 21:14:17 26223 Xrd: XrdClientMessage::ReadRaw: Failed to read header (8 bytes).
150202 21:16:17 7761 Xrd: XrdClientMessage::ReadRaw: Failed to read header (8 bytes).
02-Feb-2015 21:19:55 GMT  Closed file root://xrootd.unl.edu//store/group/dpg_trigger/comm_trigger/L1TrackTrigger/620_SLHC10/Extended2023TTI/MinBias/MinBias_TuneZ2star_GEN_SIM_919.root
02-Feb-2015 21:19:55 GMT  Initiating request to open file root://xrootd.unl.edu//store/group/dpg_trigger/comm_trigger/L1TrackTrigger/620_SLHC10/Extended2023TTI/MinBias/MinBias_TuneZ2star_GEN_SIM_873.root
150202 21:20:26 20636 Xrd: CheckErrorStatus: Server [xrootd.ba.infn.it:1094] declared: session not found(error code: 3011)
02-Feb-2015 21:20:26 GMT  Successfully opened file root://xrootd.unl.edu//store/group/dpg_trigger/comm_trigger/L1TrackTrigger/620_SLHC10/Extended2023TTI/MinBias/MinBias_TuneZ2star_GEN_SIM_873.root
150202 21:21:47 26221 Xrd: XrdClientMessage::ReadRaw: Failed to read header (8 bytes).
150202 21:25:16 7762 Xrd: XrdClientMessage::ReadRaw: Failed to read header (8 bytes).
150202 21:25:46 21517 Xrd: XrdClientMessage::ReadRaw: Failed to read header (8 bytes).
02-Feb-2015 21:30:18 GMT  Closed file root://xrootd.unl.edu//store/group/dpg_trigger/comm_trigger/L1TrackTrigger/620_SLHC10/Extended2023TTI/MinBias/MinBias_TuneZ2star_GEN_SIM_873.root
02-Feb-2015 21:30:18 GMT  Initiating request to open file root://xrootd.unl.edu//store/group/dpg_trigger/comm_trigger/L1TrackTrigger/620_SLHC10/Extended2023TTI/MinBias/MinBias_TuneZ2star_GEN_SIM_13.root
150202 21:30:18 3364 Xrd: CheckErrorStatus: Server [xrootd.ba.infn.it:1094] declared: session not found(error code: 3011)
02-Feb-2015 21:30:18 GMT  Successfully opened file root://xrootd.unl.edu//store/group/dpg_trigger/comm_trigger/L1TrackTrigger/620_SLHC10/Extended2023TTI/MinBias/MinBias_TuneZ2star_GEN_SIM_13.root
150202 21:35:46 21518 Xrd: XrdClientMessage::ReadRaw: Failed to read header (8 bytes).
150202 21:35:47 3365 Xrd: XrdClientMessage::ReadRaw: Failed to read header (8 bytes).
02-Feb-2015 21:38:25 GMT  Closed file root://xrootd.unl.edu//store/group/dpg_trigger/comm_trigger/L1TrackTrigger/620_SLHC10/Extended2023TTI/MinBias/MinBias_TuneZ2star_GEN_SIM_13.root
02-Feb-2015 21:38:25 GMT  Initiating request to open file root://xrootd.unl.edu//store/group/dpg_trigger/comm_trigger/L1TrackTrigger/620_SLHC10/Extended2023TTI/MinBias/MinBias_TuneZ2star_GEN_SIM_481.root
150202 21:38:56 15039 Xrd: CheckErrorStatus: Server [cms-xrd-global.cern.ch:1094] declared: session not found(error code: 3011)
150202 21:38:56 15039 Xrd: CheckErrorStatus: Server [llrxrd-redir.in2p3.fr:1094] declared: session not found(error code: 3011)
02-Feb-2015 21:38:56 GMT  Successfully opened file root://xrootd.unl.edu//store/group/dpg_trigger/comm_trigger/L1TrackTrigger/620_SLHC10/Extended2023TTI/MinBias/MinBias_TuneZ2star_GEN_SIM_481.root
150202 21:43:46 3366 Xrd: XrdClientMessage::ReadRaw: Failed to read header (8 bytes).
150202 21:44:16 15434 Xrd: XrdClientMessage::ReadRaw: Failed to read header (8 bytes).
02-Feb-2015 21:47:46 GMT  Closed file root://xrootd.unl.edu//store/group/dpg_trigger/comm_trigger/L1TrackTrigger/620_SLHC10/Extended2023TTI/MinBias/MinBias_TuneZ2star_GEN_SIM_481.root
02-Feb-2015 21:47:46 GMT  Initiating request to open file root://xrootd.unl.edu//store/group/dpg_trigger/comm_trigger/L1TrackTrigger/620_SLHC10/Extended2023TTI/MinBias/MinBias_TuneZ2star_GEN_SIM_240.root
150202 21:48:17 28279 Xrd: CheckErrorStatus: Server [xrootd.ba.infn.it:1094] declared: session not found(error code: 3011)
150202 21:48:17 28279 Xrd: CheckErrorStatus: Server [eoscms.cern.ch:1094] declared: session not found(error code: 3011)
02-Feb-2015 21:48:17 GMT  Successfully opened file root://xrootd.unl.edu//store/group/dpg_trigger/comm_trigger/L1TrackTrigger/620_SLHC10/Extended2023TTI/MinBias/MinBias_TuneZ2star_GEN_SIM_240.root
150202 21:53:16 15435 Xrd: XrdClientMessage::ReadRaw: Failed to read header (8 bytes).
150202 21:53:46 28861 Xrd: XrdClientMessage::ReadRaw: Failed to read header (8 bytes).
02-Feb-2015 21:55:06 GMT  Closed file root://xrootd.unl.edu//store/group/dpg_trigger/comm_trigger/L1TrackTrigger/620_SLHC10/Extended2023TTI/MinBias/MinBias_TuneZ2star_GEN_SIM_240.root
02-Feb-2015 21:55:06 GMT  Initiating request to open file root://xrootd.unl.edu//store/group/dpg_trigger/comm_trigger/L1TrackTrigger/620_SLHC10/Extended2023TTI/MinBias/MinBias_TuneZ2star_GEN_SIM_307.root
150202 21:55:37 12619 Xrd: CheckErrorStatus: Server [xrootd.ba.infn.it:1094] declared: session not found(error code: 3011)
02-Feb-2015 21:55:37 GMT  Successfully opened file root://xrootd.unl.edu//store/group/dpg_trigger/comm_trigger/L1TrackTrigger/620_SLHC10/Extended2023TTI/MinBias/MinBias_TuneZ2star_GEN_SIM_307.root
150202 21:59:17 15433 Xrd: XrdClientMessage::ReadRaw: Failed to read header (8 bytes).
150202 22:00:16 28862 Xrd: XrdClientMessage::ReadRaw: Failed to read header (8 bytes).
150202 22:00:46 14390 Xrd: XrdClientMessage::ReadRaw: Failed to read header (8 bytes).
02-Feb-2015 22:02:02 GMT  Closed file root://xrootd.unl.edu//store/group/dpg_trigger/comm_trigger/L1TrackTrigger/620_SLHC10/Extended2023TTI/MinBias/MinBias_TuneZ2star_GEN_SIM_307.root
02-Feb-2015 22:02:02 GMT  Initiating request to open file root://xrootd.unl.edu//store/group/dpg_trigger/comm_trigger/L1TrackTrigger/620_SLHC10/Extended2023TTI/MinBias/MinBias_TuneZ2star_GEN_SIM_637.root
150202 22:02:11 25340 Xrd: CheckErrorStatus: Server [xrootd.ba.infn.it:1094] declared: session not found(error code: 3011)
02-Feb-2015 22:02:11 GMT  Successfully opened file root://xrootd.unl.edu//store/group/dpg_trigger/comm_trigger/L1TrackTrigger/620_SLHC10/Extended2023TTI/MinBias/MinBias_TuneZ2star_GEN_SIM_637.root
02-Feb-2015 22:05:46 GMT  Closed file root://xrootd.unl.edu//store/group/dpg_trigger/comm_trigger/L1TrackTrigger/620_SLHC10/Extended2023TTI/MinBias/MinBias_TuneZ2star_GEN_SIM_637.root
02-Feb-2015 22:05:46 GMT  Initiating request to open file root://xrootd.unl.edu//store/group/dpg_trigger/comm_trigger/L1TrackTrigger/620_SLHC10/Extended2023TTI/MinBias/MinBias_TuneZ2star_GEN_SIM_160.root
150202 22:07:16 25802 Xrd: XrdClientMessage::ReadRaw: Failed to read header (8 bytes).
150202 22:07:17 14472 Xrd: XrdClientMessage::ReadRaw: Failed to read header (8 bytes).
150202 22:10:46 30108 Xrd: CheckErrorStatus: Server [xrootd.ba.infn.it:1094] declared: session not found(error code: 3011)
02-Feb-2015 22:10:46 GMT  Successfully opened file root://xrootd.unl.edu//store/group/dpg_trigger/comm_trigger/L1TrackTrigger/620_SLHC10/Extended2023TTI/MinBias/MinBias_TuneZ2star_GEN_SIM_160.root
150202 22:11:17 25803 Xrd: XrdClientMessage::ReadRaw: Failed to read header (8 bytes).
150202 22:16:17 3784 Xrd: XrdClientMessage::ReadRaw: Failed to read header (8 bytes).
02-Feb-2015 22:16:20 GMT  Closed file root://xrootd.unl.edu//store/group/dpg_trigger/comm_trigger/L1TrackTrigger/620_SLHC10/Extended2023TTI/MinBias/MinBias_TuneZ2star_GEN_SIM_160.root
02-Feb-2015 22:16:20 GMT  Initiating request to open file root://xrootd.unl.edu//store/group/dpg_trigger/comm_trigger/L1TrackTrigger/620_SLHC10/Extended2023TTI/MinBias/MinBias_TuneZ2star_GEN_SIM_223.root
150202 22:16:58 9988 Xrd: CheckErrorStatus: Server [xrootd.ba.infn.it:1094] declared: session not found(error code: 3011)
02-Feb-2015 22:16:58 GMT  Successfully opened file root://xrootd.unl.edu//store/group/dpg_trigger/comm_trigger/L1TrackTrigger/620_SLHC10/Extended2023TTI/MinBias/MinBias_TuneZ2star_GEN_SIM_223.root
02-Feb-2015 22:19:04 GMT  Closed file root://xrootd.unl.edu//store/group/dpg_trigger/comm_trigger/L1TrackTrigger/620_SLHC10/Extended2023TTI/MinBias/MinBias_TuneZ2star_GEN_SIM_223.root
02-Feb-2015 22:19:04 GMT  Initiating request to open file root://xrootd.unl.edu//store/group/dpg_trigger/comm_trigger/L1TrackTrigger/620_SLHC10/Extended2023TTI/MinBias/MinBias_TuneZ2star_GEN_SIM_132.root
150202 22:21:46 3786 Xrd: XrdClientMessage::ReadRaw: Failed to read header (8 bytes).
150202 22:22:17 10801 Xrd: XrdClientMessage::ReadRaw: Failed to read header (8 bytes).
150202 22:24:16 10803 Xrd: XrdClientMessage::ReadRaw: Failed to read header (8 bytes).
150202 22:24:22 13077 Xrd: CheckErrorStatus: Server [xrootd.ba.infn.it:1094] declared: session not found(error code: 3011)
150202 22:24:22 13077 Xrd: CheckErrorStatus: Server [eoscms.cern.ch:1094] declared: session not found(error code: 3011)
02-Feb-2015 22:24:22 GMT  Successfully opened file root://xrootd.unl.edu//store/group/dpg_trigger/comm_trigger/L1TrackTrigger/620_SLHC10/Extended2023TTI/MinBias/MinBias_TuneZ2star_GEN_SIM_132.root
02-Feb-2015 22:29:21 GMT  Closed file root://xrootd.unl.edu//store/group/dpg_trigger/comm_trigger/L1TrackTrigger/620_SLHC10/Extended2023TTI/MinBias/MinBias_TuneZ2star_GEN_SIM_132.root
02-Feb-2015 22:29:21 GMT  Initiating request to open file root://xrootd.unl.edu//store/group/dpg_trigger/comm_trigger/L1TrackTrigger/620_SLHC10/Extended2023TTI/MinBias/MinBias_TuneZ2star_GEN_SIM_98.root
150202 22:29:46 18575 Xrd: XrdClientMessage::ReadRaw: Failed to read header (8 bytes).
150202 22:29:52 22995 Xrd: CheckErrorStatus: Server [cms-xrd-global.cern.ch:1094] declared: session not found(error code: 3011)
150202 22:29:52 22995 Xrd: CheckErrorStatus: Server [llrxrd-redir.in2p3.fr:1094] declared: session not found(error code: 3011)
02-Feb-2015 22:29:53 GMT  Successfully opened file root://xrootd.unl.edu//store/group/dpg_trigger/comm_trigger/L1TrackTrigger/620_SLHC10/Extended2023TTI/MinBias/MinBias_TuneZ2star_GEN_SIM_98.root
02-Feb-2015 22:34:09 GMT  Closed file root://xrootd.unl.edu//store/group/dpg_trigger/comm_trigger/L1TrackTrigger/620_SLHC10/Extended2023TTI/MinBias/MinBias_TuneZ2star_GEN_SIM_98.root
02-Feb-2015 22:34:09 GMT  Initiating request to open file root://xrootd.unl.edu//store/group/dpg_trigger/comm_trigger/L1TrackTrigger/620_SLHC10/Extended2023TTI/MinBias/MinBias_TuneZ2star_GEN_SIM_169.root
150202 22:34:40 18577 Xrd: XrdClientMessage::ReadRaw: Failed to read header (8 bytes).
150202 22:34:40 27410 Xrd: CheckErrorStatus: Server [eoscms.cern.ch:1094] declared: session not found(error code: 3011)
02-Feb-2015 22:34:40 GMT  Successfully opened file root://xrootd.unl.edu//store/group/dpg_trigger/comm_trigger/L1TrackTrigger/620_SLHC10/Extended2023TTI/MinBias/MinBias_TuneZ2star_GEN_SIM_169.root
02-Feb-2015 22:38:34 GMT  Closed file root://xrootd.unl.edu//store/group/dpg_trigger/comm_trigger/L1TrackTrigger/620_SLHC10/Extended2023TTI/MinBias/MinBias_TuneZ2star_GEN_SIM_169.root
02-Feb-2015 22:38:34 GMT  Initiating request to open file root://xrootd.unl.edu//store/group/dpg_trigger/comm_trigger/L1TrackTrigger/620_SLHC10/Extended2023TTI/MinBias/MinBias_TuneZ2star_GEN_SIM_151.root
02-Feb-2015 22:39:05 GMT  Successfully opened file root://xrootd.unl.edu//store/group/dpg_trigger/comm_trigger/L1TrackTrigger/620_SLHC10/Extended2023TTI/MinBias/MinBias_TuneZ2star_GEN_SIM_151.root
150202 22:39:17 23715 Xrd: XrdClientMessage::ReadRaw: Failed to read header (8 bytes).
02-Feb-2015 22:43:02 GMT  Closed file root://xrootd.unl.edu//store/group/dpg_trigger/comm_trigger/L1TrackTrigger/620_SLHC10/Extended2023TTI/MinBias/MinBias_TuneZ2star_GEN_SIM_151.root
02-Feb-2015 22:43:02 GMT  Initiating request to open file root://xrootd.unl.edu//store/group/dpg_trigger/comm_trigger/L1TrackTrigger/620_SLHC10/Extended2023TTI/MinBias/MinBias_TuneZ2star_GEN_SIM_87.root
150202 22:43:33 2906 Xrd: CheckErrorStatus: Server [cms-xrd-global.cern.ch:1094] declared: session not found(error code: 3011)
02-Feb-2015 22:43:34 GMT  Successfully opened file root://xrootd.unl.edu//store/group/dpg_trigger/comm_trigger/L1TrackTrigger/620_SLHC10/Extended2023TTI/MinBias/MinBias_TuneZ2star_GEN_SIM_87.root
150202 22:43:47 28115 Xrd: XrdClientMessage::ReadRaw: Failed to read header (8 bytes).
150202 22:44:47 7759 Xrd: XrdClientMessage::ReadRaw: Failed to read header (8 bytes).
02-Feb-2015 22:47:21 GMT  Closed file root://xrootd.unl.edu//store/group/dpg_trigger/comm_trigger/L1TrackTrigger/620_SLHC10/Extended2023TTI/MinBias/MinBias_TuneZ2star_GEN_SIM_87.root
02-Feb-2015 22:47:21 GMT  Initiating request to open file root://xrootd.unl.edu//store/group/dpg_trigger/comm_trigger/L1TrackTrigger/620_SLHC10/Extended2023TTI/MinBias/MinBias_TuneZ2star_GEN_SIM_859.root
02-Feb-2015 22:47:53 GMT  Successfully opened file root://xrootd.unl.edu//store/group/dpg_trigger/comm_trigger/L1TrackTrigger/620_SLHC10/Extended2023TTI/MinBias/MinBias_TuneZ2star_GEN_SIM_859.root
150202 22:48:17 31664 Xrd: XrdClientMessage::ReadRaw: Failed to read header (8 bytes).
02-Feb-2015 22:51:04 GMT  Closed file root://xrootd.unl.edu//store/group/dpg_trigger/comm_trigger/L1TrackTrigger/620_SLHC10/Extended2023TTI/MinBias/MinBias_TuneZ2star_GEN_SIM_859.root
02-Feb-2015 22:51:04 GMT  Initiating request to open file root://xrootd.unl.edu//store/group/dpg_trigger/comm_trigger/L1TrackTrigger/620_SLHC10/Extended2023TTI/MinBias/MinBias_TuneZ2star_GEN_SIM_586.root
150202 22:51:35 9435 Xrd: CheckErrorStatus: Server [cms-xrd-global.cern.ch:1094] declared: session not found(error code: 3011)
02-Feb-2015 22:51:35 GMT  Successfully opened file root://xrootd.unl.edu//store/group/dpg_trigger/comm_trigger/L1TrackTrigger/620_SLHC10/Extended2023TTI/MinBias/MinBias_TuneZ2star_GEN_SIM_586.root
150202 22:52:46 3313 Xrd: XrdClientMessage::ReadRaw: Failed to read header (8 bytes).
02-Feb-2015 22:54:24 GMT  Closed file root://xrootd.unl.edu//store/group/dpg_trigger/comm_trigger/L1TrackTrigger/620_SLHC10/Extended2023TTI/MinBias/MinBias_TuneZ2star_GEN_SIM_586.root
02-Feb-2015 22:54:24 GMT  Initiating request to open file root://xrootd.unl.edu//store/group/dpg_trigger/comm_trigger/L1TrackTrigger/620_SLHC10/Extended2023TTI/MinBias/MinBias_TuneZ2star_GEN_SIM_656.root
02-Feb-2015 22:54:56 GMT  Successfully opened file root://xrootd.unl.edu//store/group/dpg_trigger/comm_trigger/L1TrackTrigger/620_SLHC10/Extended2023TTI/MinBias/MinBias_TuneZ2star_GEN_SIM_656.root
150202 22:56:16 6820 Xrd: XrdClientMessage::ReadRaw: Failed to read header (8 bytes).
02-Feb-2015 22:57:22 GMT  Closed file root://xrootd.unl.edu//store/group/dpg_trigger/comm_trigger/L1TrackTrigger/620_SLHC10/Extended2023TTI/MinBias/MinBias_TuneZ2star_GEN_SIM_656.root
02-Feb-2015 22:57:22 GMT  Initiating request to open file root://xrootd.unl.edu//store/group/dpg_trigger/comm_trigger/L1TrackTrigger/620_SLHC10/Extended2023TTI/MinBias/MinBias_TuneZ2star_GEN_SIM_955.root
02-Feb-2015 22:57:53 GMT  Successfully opened file root://xrootd.unl.edu//store/group/dpg_trigger/comm_trigger/L1TrackTrigger/620_SLHC10/Extended2023TTI/MinBias/MinBias_TuneZ2star_GEN_SIM_955.root
DTTSPhi::addTracoT: preview not present in TRACO trigger or its code=0  trigger not added!
02-Feb-2015 22:59:46 GMT  Closed file root://dcap.pp.rl.ac.uk:1094/pnfs/pp.rl.ac.uk/data/cms/store/user/dcieri/ttbar_SIM/ttbar/ttbar_SIM/150129_145223/0000/step1_191.root
02-Feb-2015 22:59:46 GMT  Closed file root://xrootd.unl.edu//store/group/dpg_trigger/comm_trigger/L1TrackTrigger/620_SLHC10/Extended2023TTI/MinBias/MinBias_TuneZ2star_GEN_SIM_955.root

=============================================

MessageLogger Summary

 type     category        sev    module        subroutine        count    total
 ---- -------------------- -- ---------------- ----------------  -----    -----
    1 fileAction           -s MixingModule:mix                      69       69
    2 fileAction           -s MixingModule:mix                       2        2
    3 fileAction           -s MixingModule:mix                       1        1
    4 fileAction           -s file_close                             1        1
    5 fileAction           -s file_open                              2        2

 type    category    Examples: run/evt        run/evt          run/evt
 ---- -------------------- ---------------- ---------------- ----------------
    1 fileAction           1/1901           1/1901           1/1910
    2 fileAction           pre-events       pre-events       
    3 fileAction           PostEndRun                        
    4 fileAction           PostEndRun                        
    5 fileAction           pre-events       pre-events       

Severity    # Occurrences   Total Occurrences
--------    -------------   -----------------
System                 75                  75
150202 22:59:46 9679 Xrd: XrdClientMessage::ReadRaw: Failed to read header (8 bytes).
>>> END OF printout of 225 lines from stdout+stderr
>>> Parse FrameworkJobReport crab_fjr.xml
Result of parsing the FrameworkJobReport crab_fjr.xml: 
Extracted ExitStatus from FrameworkJobReport parsing output: 0
>>> Executable succeded  0
ExeExitCode=0
EXECUTABLE_EXIT_STATUS = 0
>>> current directory /scratch/condor/dir_23013/glide_w3wTFx/execute/dir_25288/CMSSW_6_2_0_SLHC12
>>>  (SOFTWARE_DIR): /scratch/condor/dir_23013/glide_w3wTFx/execute/dir_25288/CMSSW_6_2_0_SLHC12
>>> (WORKING_DIR): 
>>> current directory content:
total 240288
drwxr-xr-x 3 cms415 gplcms      4096 Feb  2 20:19 .SCRAM
-rw------- 1 cms415 gplcms    915837 Feb  2 20:19 CMSSW.py.pkl
drwxr-xr-x 3 cms415 gplcms      4096 Feb  2 20:19 bin
drwxr-xr-x 3 cms415 gplcms      4096 Feb  2 20:19 cfipython
drwxr-xr-x 4 cms415 gplcms      4096 Apr 28  2014 config
-rw------- 1 cms415 gplcms        16 Feb  2 22:59 cpu_timing.txt
drwxr-xr-x 2 cms415 gplcms      4096 Feb  2 20:19 doc
-rw------- 1 cms415 gplcms     25285 Feb  2 22:59 executable.out
drwxr-xr-x 2 cms415 gplcms      4096 Feb  2 20:19 include
drwx------ 3 cms415 gplcms      4096 Oct  7 10:12 lib
drwxr-xr-x 3 cms415 gplcms      4096 Feb  2 20:19 logs
drwxr-xr-x 3 cms415 gplcms      4096 Feb  2 20:19 objs
-rw------- 1 cms415 gplcms       104 Feb  2 20:19 pset.py
-rw------- 1 cms415 gplcms    926828 Feb  2 20:19 pset.py.pkl
-rw------- 1 cms415 gplcms       289 Feb  2 20:19 pset.pyc
drwxr-xr-x 2 cms415 gplcms      4096 Feb  2 20:19 python
-rw------- 1 cms415 gplcms       359 Feb  2 22:59 report.log
drwxr-xr-x 2 cms415 gplcms      4096 Feb  2 20:19 src
-rw------- 1 cms415 gplcms 243854247 Feb  2 22:59 step2.root
drwxr-xr-x 3 cms415 gplcms      4096 Feb  2 20:19 test
drwxr-xr-x 3 cms415 gplcms      4096 Feb  2 20:19 tmp
>>> current directory /scratch/condor/dir_23013/glide_w3wTFx/execute/dir_25288/CMSSW_6_2_0_SLHC12
>>> (SOFTWARE_DIR): /scratch/condor/dir_23013/glide_w3wTFx/execute/dir_25288/CMSSW_6_2_0_SLHC12
>>> (WORKING_DIR): 
>>> current directory content:
total 240288
drwxr-xr-x 3 cms415 gplcms      4096 Feb  2 20:19 .SCRAM
-rw------- 1 cms415 gplcms    915837 Feb  2 20:19 CMSSW.py.pkl
drwxr-xr-x 3 cms415 gplcms      4096 Feb  2 20:19 bin
drwxr-xr-x 3 cms415 gplcms      4096 Feb  2 20:19 cfipython
drwxr-xr-x 4 cms415 gplcms      4096 Apr 28  2014 config
-rw------- 1 cms415 gplcms        16 Feb  2 22:59 cpu_timing.txt
drwxr-xr-x 2 cms415 gplcms      4096 Feb  2 20:19 doc
-rw------- 1 cms415 gplcms     25285 Feb  2 22:59 executable.out
drwxr-xr-x 2 cms415 gplcms      4096 Feb  2 20:19 include
drwx------ 3 cms415 gplcms      4096 Oct  7 10:12 lib
drwxr-xr-x 3 cms415 gplcms      4096 Feb  2 20:19 logs
drwxr-xr-x 3 cms415 gplcms      4096 Feb  2 20:19 objs
-rw------- 1 cms415 gplcms       104 Feb  2 20:19 pset.py
-rw------- 1 cms415 gplcms    926828 Feb  2 20:19 pset.py.pkl
-rw------- 1 cms415 gplcms       289 Feb  2 20:19 pset.pyc
drwxr-xr-x 2 cms415 gplcms      4096 Feb  2 20:19 python
-rw------- 1 cms415 gplcms       359 Feb  2 22:59 report.log
drwxr-xr-x 2 cms415 gplcms      4096 Feb  2 20:19 src
-rw------- 1 cms415 gplcms 243854247 Feb  2 22:59 step2_255_1_PBh.root
drwxr-xr-x 3 cms415 gplcms      4096 Feb  2 20:19 test
drwxr-xr-x 3 cms415 gplcms      4096 Feb  2 20:19 tmp
>>> current directory (RUNTIME_AREA):  /scratch/condor/dir_23013/glide_w3wTFx/execute/dir_25288
PNN = T2_UK_SGrid_RALPP
SE = heplnx204.pp.rl.ac.uk
SE_PATH = /srm/managerv2?SFN=/pnfs/pp.rl.ac.uk/data/cms/store/user/dcieri/ttbar_PU140_DIGI/dcieri/ttbar/ttbar_PU140_DIGI/3c0380cf82de79bc39966c93934c61fc/
LFNBaseName = /store/user/dcieri/ttbar_PU140_DIGI/dcieri/ttbar/ttbar_PU140_DIGI/3c0380cf82de79bc39966c93934c61fc/
USER = dcieri
endpoint = srm://heplnx204.pp.rl.ac.uk:8443/srm/managerv2?SFN=/pnfs/pp.rl.ac.uk/data/cms/store/user/dcieri/ttbar_PU140_DIGI/dcieri/ttbar/ttbar_PU140_DIGI/3c0380cf82de79bc39966c93934c61fc/
>>> Copy output files from WN = heplnc373.pp.rl.ac.uk to /srm/managerv2?SFN=/pnfs/pp.rl.ac.uk/data/cms/store/user/dcieri/ttbar_PU140_DIGI/dcieri/ttbar/ttbar_PU140_DIGI/3c0380cf82de79bc39966c93934c61fc/ :
python cmscp.py  --destination srm://heplnx204.pp.rl.ac.uk:8443/srm/managerv2?SFN=/pnfs/pp.rl.ac.uk/data/cms/store/user/dcieri/ttbar_PU140_DIGI/dcieri/ttbar/ttbar_PU140_DIGI/3c0380cf82de79bc39966c93934c61fc/ --inputFileList /scratch/condor/dir_23013/glide_w3wTFx/execute/dir_25288/CMSSW_6_2_0_SLHC12/step2_255_1_PBh.root --middleware LCG --PNN T2_UK_SGrid_RALPP --se_name heplnx204.pp.rl.ac.uk --for_lfn /store/user/dcieri/ttbar_PU140_DIGI/dcieri/ttbar/ttbar_PU140_DIGI/3c0380cf82de79bc39966c93934c61fc/    
******************************************************
localSeName  =  heplnx204.pp.rl.ac.uk
remoteSeName =  heplnx204.pp.rl.ac.uk
******************************************************
{"/scratch/condor/dir_23013/glide_w3wTFx/execute/dir_25288/CMSSW_6_2_0_SLHC12/step2_255_1_PBh.root": {"endpoint": "srm://heplnx204.pp.rl.ac.uk:8443/srm/managerv2?SFN=/pnfs/pp.rl.ac.uk/data/cms/store/user/dcieri/ttbar_PU140_DIGI/dcieri/ttbar/ttbar_PU140_DIGI/3c0380cf82de79bc39966c93934c61fc/", "surl_for_grid": "", "reason": "Copy succedeed with srm-lcg utils", "erCode": "0", "PNN": "T2_UK_SGrid_RALPP", "se_name": "heplnx204.pp.rl.ac.uk", "for_lfn": "/store/user/dcieri/ttbar_PU140_DIGI/dcieri/ttbar/ttbar_PU140_DIGI/3c0380cf82de79bc39966c93934c61fc/"}}/scratch/condor/dir_23013/glide_w3wTFx/execute/dir_25288
-------- cat /scratch/condor/dir_23013/glide_w3wTFx/execute/dir_25288/cmscpReport.sh 
#!/bin/bash
echo "Report for File: /scratch/condor/dir_23013/glide_w3wTFx/execute/dir_25288/CMSSW_6_2_0_SLHC12/step2_255_1_PBh.root"
echo "LFN: /store/user/dcieri/ttbar_PU140_DIGI/dcieri/ttbar/ttbar_PU140_DIGI/3c0380cf82de79bc39966c93934c61fc/step2_255_1_PBh.root"
echo "StorageElement: heplnx204.pp.rl.ac.uk"
echo "StageOutExitStatusReason = 'Copy succedeed with srm-lcg utils'" | tee -a $RUNTIME_AREA/$repo
echo "StageOutSE = heplnx204.pp.rl.ac.uk" >> $RUNTIME_AREA/$repo

export StageOutExitStatus=0
echo "StageOutExitStatus = 0" | tee -a $RUNTIME_AREA/$repo
-------- end of /scratch/condor/dir_23013/glide_w3wTFx/execute/dir_25288/cmscpReport.sh 
Report for File: /scratch/condor/dir_23013/glide_w3wTFx/execute/dir_25288/CMSSW_6_2_0_SLHC12/step2_255_1_PBh.root
LFN: /store/user/dcieri/ttbar_PU140_DIGI/dcieri/ttbar/ttbar_PU140_DIGI/3c0380cf82de79bc39966c93934c61fc/step2_255_1_PBh.root
StorageElement: heplnx204.pp.rl.ac.uk
StageOutExitStatusReason = 'Copy succedeed with srm-lcg utils'
StageOutExitStatus = 0
>>> current dir: /scratch/condor/dir_23013/glide_w3wTFx/execute/dir_25288
>>> current dir content:
total 8824
-rw-------  1 cms415 gplcms    2670 Feb  2 23:00 .SEinteraction.log
-rwx------  1 cms415 gplcms      52 Feb  2 20:17 .chirp_config
-rwx------  1 cms415 gplcms    7820 Feb  2 20:17 .job.ad
-rwx------  1 cms415 gplcms    9776 Feb  2 20:17 .machine.ad
-rw-------  1 cms415 gplcms     105 Feb  2 12:16 CMSSW.py
-rw-------  1 cms415 gplcms  915837 Feb  2 12:16 CMSSW.py.pkl
-rwx------  1 cms415 gplcms   29498 Feb  2 20:19 CMSSW.sh
drwxr-xr-x 15 cms415 gplcms    4096 Feb  2 22:59 CMSSW_6_2_0_SLHC12
-rw-------  1 cms415 gplcms     190 Feb  2 20:19 CacheEnv.sh
-rw-------  1 cms415 gplcms    7291 Nov 19 14:52 DashboardAPI.py
-rw-------  1 cms415 gplcms    6470 Feb  2 20:19 DashboardAPI.pyc
drwx------  2 cms415 gplcms    4096 Feb  2 22:59 IMProv
-rw-------  1 cms415 gplcms    2748 Nov 19 14:52 Logger.py
-rw-------  1 cms415 gplcms    3232 Feb  2 20:19 Logger.pyc
-rw-------  1 cms415 gplcms   24524 Nov 19 14:52 ProcInfo.py
-rw-------  1 cms415 gplcms   22645 Feb  2 20:19 ProcInfo.pyc
drwx------  7 cms415 gplcms    4096 Feb  2 20:19 ProdCommon
drwx------  3 cms415 gplcms    4096 Feb  2 20:19 WMCore
-rw-------  1 cms415 gplcms   12144 Feb  2 22:59 Watchdog_255.log
-rwx------  1 cms415 gplcms       0 Feb  2 20:19 _condor_stderr
-rwx---r--  1 cms415 gplcms   40060 Feb  2 23:00 _condor_stdout
-rw-------  1 cms415 gplcms   32895 Nov 19 14:52 apmon.py
-rw-------  1 cms415 gplcms   27958 Feb  2 20:19 apmon.pyc
-rwx------  1 cms415 gplcms  134309 Feb  2 20:18 arguments.xml
-rwx------  1 cms415 gplcms   38581 Nov 19 14:52 cmscp.py
-rw-------  1 cms415 gplcms     562 Feb  2 23:00 cmscpReport.sh
-rwx------  1 cms415 gplcms   29498 Feb  2 20:19 condor_exec.exe
-rw-------  1 cms415 gplcms     544 Feb  2 12:16 crab.cfg
-rwx------  1 cms415 gplcms    8610 Nov 19 14:52 crabWatchdog.sh
-rwx---r--  1 cms415 gplcms  112102 Feb  2 22:59 crab_fjr_255.xml
-rwx------  1 cms415 gplcms 7390485 Feb  2 20:18 default.tgz
-rwx------  1 cms415 gplcms    4488 Nov 19 14:52 fillCrabFjr.py
-rw-------  1 cms415 gplcms     226 Feb  2 20:19 inputsReport.txt
-rw-------  1 cms415 gplcms     244 Feb  2 23:00 jobreport.txt
-rw-------  1 cms415 gplcms   17352 Nov 19 14:52 parseCrabFjr.py
-rw-------  1 cms415 gplcms     324 Feb  2 20:19 report.log
-rwx--x--x  1 cms415 gplcms    1497 Nov 19 14:52 report.py
-rw-------  1 cms415 gplcms     555 Feb  2 23:00 resultCopyFile
lrwxrwxrwx  1 cms415 gplcms      96 Feb  2 22:59 step2.root -> /scratch/condor/dir_23013/glide_w3wTFx/execute/dir_25288/CMSSW_6_2_0_SLHC12/step2_255_1_PBh.root
-rwx------  1 cms415 gplcms    8351 Nov 19 14:52 writeCfg.py
-rw-------  1 cms415 gplcms   10293 Feb  2 20:17 x509up_u62281
>>> Modify Job Report:
CMSSW_VERSION = CMSSW_6_2_0_SLHC12
ProcessedDataset = ttbar_PU140_DIGI
/scratch/condor/dir_23013/glide_w3wTFx/execute/dir_25288/ProdCommon/FwkJobRep/ModifyJobReport.py fjr /scratch/condor/dir_23013/glide_w3wTFx/execute/dir_25288/crab_fjr_255.xml json /scratch/condor/dir_23013/glide_w3wTFx/execute/dir_25288/resultCopyFile n_job 255_1_PBh PrimaryDataset ttbar  ApplicationFamily cmsRun ApplicationName cmsRun cmssw_version CMSSW_6_2_0_SLHC12 psethash 3c0380cf82de79bc39966c93934c61fc UserProcessedDataset dcieri-ttbar_PU140_DIGI-3c0380cf82de79bc39966c93934c61fc
inputDict =  {u'/scratch/condor/dir_23013/glide_w3wTFx/execute/dir_25288/CMSSW_6_2_0_SLHC12/step2_255_1_PBh.root': {u'endpoint': u'srm://heplnx204.pp.rl.ac.uk:8443/srm/managerv2?SFN=/pnfs/pp.rl.ac.uk/data/cms/store/user/dcieri/ttbar_PU140_DIGI/dcieri/ttbar/ttbar_PU140_DIGI/3c0380cf82de79bc39966c93934c61fc/', u'surl_for_grid': u'', u'reason': u'Copy succedeed with srm-lcg utils', u'erCode': u'0', u'PNN': u'T2_UK_SGrid_RALPP', u'se_name': u'heplnx204.pp.rl.ac.uk', u'for_lfn': u'/store/user/dcieri/ttbar_PU140_DIGI/dcieri/ttbar/ttbar_PU140_DIGI/3c0380cf82de79bc39966c93934c61fc/'}}
UserProcessedDataset =  dcieri-ttbar_PU140_DIGI-3c0380cf82de79bc39966c93934c61fc
WORKING ON EDM FILE
file_name in inputDict =  /scratch/condor/dir_23013/glide_w3wTFx/execute/dir_25288/CMSSW_6_2_0_SLHC12/step2_255_1_PBh.root
(size) os.stat(filename)[6] =  243854247
checksum =  3581430632
    file =  step2_255_1_PBh.root
    newPfn =  srm://heplnx204.pp.rl.ac.uk:8443/srm/managerv2?SFN=/pnfs/pp.rl.ac.uk/data/cms/store/user/dcieri/ttbar_PU140_DIGI/dcieri/ttbar/ttbar_PU140_DIGI/3c0380cf82de79bc39966c93934c61fc/step2_255_1_PBh.root
    newLfn =  /store/user/dcieri/ttbar_PU140_DIGI/dcieri/ttbar/ttbar_PU140_DIGI/3c0380cf82de79bc39966c93934c61fc/step2_255_1_PBh.root
>>> crab_fjr_*.xml  permission set to 0704
CrabWrapper EXIT_FUNC entered at Mon Feb  2 23:00:39 GMT 2015   -  Mon Feb  2 23:00:39 UTC 2015
Checking output files:  
will tar file crab_fjr_255.xml in  out_files_255
WARNING: output file CMSSW_255.stdout not found!
WARNING: output file CMSSW_255.stderr not found!
WARNING: output file Watchdog_255.log.gz not found!
>>> padding time: Wrapper lasting more than 600 seconds. No sleep required.
STOPPING WATCHDOG. CrabWatchdog PID is 27273
********** LAST 50 LINES OF WATCHDOG LOG
 Feb 02 20:58:13 GMT	27414	1121656	1652528	75	147	2349	cmsRun -j /scratch/condor/dir_23013/glide_w3wTFx/execute/dir_25288/crab_fjr_255.xml -p pset.py      
 Feb 02 20:59:14 GMT	27414	1121656	1655600	75	149	2409	cmsRun -j /scratch/condor/dir_23013/glide_w3wTFx/execute/dir_25288/crab_fjr_255.xml -p pset.py      
 Feb 02 21:00:14 GMT	27414	1121656	1657136	75	152	2469	cmsRun -j /scratch/condor/dir_23013/glide_w3wTFx/execute/dir_25288/crab_fjr_255.xml -p pset.py      
 Feb 02 21:03:15 GMT	27414	1161028	1678128	75	165	2650	cmsRun -j /scratch/condor/dir_23013/glide_w3wTFx/execute/dir_25288/crab_fjr_255.xml -p pset.py      
 Feb 02 21:04:15 GMT	27414	1187768	1698096	75	169	2710	cmsRun -j /scratch/condor/dir_23013/glide_w3wTFx/execute/dir_25288/crab_fjr_255.xml -p pset.py      
 Feb 02 21:05:15 GMT	27414	1191544	1703216	75	173	2770	cmsRun -j /scratch/condor/dir_23013/glide_w3wTFx/execute/dir_25288/crab_fjr_255.xml -p pset.py      
 Feb 02 21:06:15 GMT	27414	1193908	1703216	75	176	2830	cmsRun -j /scratch/condor/dir_23013/glide_w3wTFx/execute/dir_25288/crab_fjr_255.xml -p pset.py      
 Feb 02 21:07:15 GMT	27414	1193908	1753392	75	194	2891	cmsRun -j /scratch/condor/dir_23013/glide_w3wTFx/execute/dir_25288/crab_fjr_255.xml -p pset.py      
 Feb 02 21:07:15 GMT	---	1193908	1753392	99	----	----	----
 Feb 02 21:13:17 GMT	27414	1193908	1755440	99	203	3252	cmsRun -j /scratch/condor/dir_23013/glide_w3wTFx/execute/dir_25288/crab_fjr_255.xml -p pset.py      
 Feb 02 21:17:18 GMT	27414	1193908	1755696	99	213	3493	cmsRun -j /scratch/condor/dir_23013/glide_w3wTFx/execute/dir_25288/crab_fjr_255.xml -p pset.py      
 Feb 02 21:18:18 GMT	27414	1193908	1758768	99	215	3553	cmsRun -j /scratch/condor/dir_23013/glide_w3wTFx/execute/dir_25288/crab_fjr_255.xml -p pset.py      
 Feb 02 21:19:18 GMT	27414	1193908	1760304	99	217	3614	cmsRun -j /scratch/condor/dir_23013/glide_w3wTFx/execute/dir_25288/crab_fjr_255.xml -p pset.py      
 Feb 02 21:21:19 GMT	27414	1193908	1766448	99	221	3734	cmsRun -j /scratch/condor/dir_23013/glide_w3wTFx/execute/dir_25288/crab_fjr_255.xml -p pset.py      
 Feb 02 21:22:19 GMT	27414	1193908	1770032	99	224	3794	cmsRun -j /scratch/condor/dir_23013/glide_w3wTFx/execute/dir_25288/crab_fjr_255.xml -p pset.py      
 Feb 02 21:24:19 GMT	27414	1195112	1776176	99	234	3915	cmsRun -j /scratch/condor/dir_23013/glide_w3wTFx/execute/dir_25288/crab_fjr_255.xml -p pset.py      
 Feb 02 21:25:20 GMT	27414	1240848	1785904	99	239	3975	cmsRun -j /scratch/condor/dir_23013/glide_w3wTFx/execute/dir_25288/crab_fjr_255.xml -p pset.py      
 Feb 02 21:26:20 GMT	27414	1243716	1786160	99	242	4035	cmsRun -j /scratch/condor/dir_23013/glide_w3wTFx/execute/dir_25288/crab_fjr_255.xml -p pset.py      
 Feb 02 21:27:20 GMT	27414	1245020	1786416	99	244	4095	cmsRun -j /scratch/condor/dir_23013/glide_w3wTFx/execute/dir_25288/crab_fjr_255.xml -p pset.py      
 Feb 02 21:28:20 GMT	27414	1247228	1786416	99	247	4156	cmsRun -j /scratch/condor/dir_23013/glide_w3wTFx/execute/dir_25288/crab_fjr_255.xml -p pset.py      
 Feb 02 21:29:21 GMT	---	1247228	1786416	121	----	----	----
 Feb 02 21:44:24 GMT	27414	1255272	1788168	121	300	5119	cmsRun -j /scratch/condor/dir_23013/glide_w3wTFx/execute/dir_25288/crab_fjr_255.xml -p pset.py      
 Feb 02 21:45:24 GMT	27414	1343012	1800712	121	308	5180	cmsRun -j /scratch/condor/dir_23013/glide_w3wTFx/execute/dir_25288/crab_fjr_255.xml -p pset.py      
 Feb 02 21:46:25 GMT	27414	1376388	1804296	121	313	5240	cmsRun -j /scratch/condor/dir_23013/glide_w3wTFx/execute/dir_25288/crab_fjr_255.xml -p pset.py      
 Feb 02 21:47:25 GMT	27414	1379812	1805832	121	315	5300	cmsRun -j /scratch/condor/dir_23013/glide_w3wTFx/execute/dir_25288/crab_fjr_255.xml -p pset.py      
 Feb 02 21:49:25 GMT	---	1379812	1805832	142	----	----	----
 Feb 02 22:04:28 GMT	---	1379812	1805832	163	----	----	----
 Feb 02 22:17:32 GMT	27414	1379812	1814024	163	441	7107	cmsRun -j /scratch/condor/dir_23013/glide_w3wTFx/execute/dir_25288/crab_fjr_255.xml -p pset.py      
 Feb 02 22:18:32 GMT	27414	1379812	1860616	163	467	7167	cmsRun -j /scratch/condor/dir_23013/glide_w3wTFx/execute/dir_25288/crab_fjr_255.xml -p pset.py      
 Feb 02 22:18:32 GMT	---	1379812	1860616	184	----	----	----
 Feb 02 22:26:33 GMT	27414	1379812	1861896	184	481	7649	cmsRun -j /scratch/condor/dir_23013/glide_w3wTFx/execute/dir_25288/crab_fjr_255.xml -p pset.py      
 Feb 02 22:27:34 GMT	27414	1379812	1862152	184	484	7709	cmsRun -j /scratch/condor/dir_23013/glide_w3wTFx/execute/dir_25288/crab_fjr_255.xml -p pset.py      
 Feb 02 22:28:34 GMT	27414	1379812	1865480	184	489	7769	cmsRun -j /scratch/condor/dir_23013/glide_w3wTFx/execute/dir_25288/crab_fjr_255.xml -p pset.py      
 Feb 02 22:30:34 GMT	27414	1379812	1877512	184	497	7889	cmsRun -j /scratch/condor/dir_23013/glide_w3wTFx/execute/dir_25288/crab_fjr_255.xml -p pset.py      
 Feb 02 22:31:34 GMT	27414	1379812	1890568	184	505	7950	cmsRun -j /scratch/condor/dir_23013/glide_w3wTFx/execute/dir_25288/crab_fjr_255.xml -p pset.py      
 Feb 02 22:32:35 GMT	27414	1382092	1900552	184	516	8010	cmsRun -j /scratch/condor/dir_23013/glide_w3wTFx/execute/dir_25288/crab_fjr_255.xml -p pset.py      
 Feb 02 22:33:35 GMT	27414	1387696	1900552	184	521	8070	cmsRun -j /scratch/condor/dir_23013/glide_w3wTFx/execute/dir_25288/crab_fjr_255.xml -p pset.py      
 Feb 02 22:34:35 GMT	---	1387696	1900552	207	----	----	----
 Feb 02 22:40:36 GMT	27414	1387696	1907464	207	562	8492	cmsRun -j /scratch/condor/dir_23013/glide_w3wTFx/execute/dir_25288/crab_fjr_255.xml -p pset.py      
 Feb 02 22:41:37 GMT	27414	1387696	1915144	207	571	8552	cmsRun -j /scratch/condor/dir_23013/glide_w3wTFx/execute/dir_25288/crab_fjr_255.xml -p pset.py      
 Feb 02 22:42:37 GMT	27414	1387696	1933320	207	582	8612	cmsRun -j /scratch/condor/dir_23013/glide_w3wTFx/execute/dir_25288/crab_fjr_255.xml -p pset.py      
 Feb 02 22:44:37 GMT	---	1387696	1933320	227	----	----	----
 Feb 02 22:52:39 GMT	27414	1387696	1939976	227	650	9214	cmsRun -j /scratch/condor/dir_23013/glide_w3wTFx/execute/dir_25288/crab_fjr_255.xml -p pset.py      
 Feb 02 22:53:39 GMT	27414	1387696	1964808	227	669	9274	cmsRun -j /scratch/condor/dir_23013/glide_w3wTFx/execute/dir_25288/crab_fjr_255.xml -p pset.py      
 Feb 02 22:53:39 GMT	---	1387696	1964808	248	----	----	----
 Feb 02 22:55:39 GMT	27414	1387696	1968136	248	680	9395	cmsRun -j /scratch/condor/dir_23013/glide_w3wTFx/execute/dir_25288/crab_fjr_255.xml -p pset.py      
 Feb 02 22:56:40 GMT	27414	1387696	1969928	248	689	9455	cmsRun -j /scratch/condor/dir_23013/glide_w3wTFx/execute/dir_25288/crab_fjr_255.xml -p pset.py      
 Feb 02 22:58:40 GMT	27414	1410408	1996808	248	710	9575	cmsRun -j /scratch/condor/dir_23013/glide_w3wTFx/execute/dir_25288/crab_fjr_255.xml -p pset.py      
 Feb 02 22:59:40 GMT	27414	1571284	2055432	248	727	9635	cmsRun -j /scratch/condor/dir_23013/glide_w3wTFx/execute/dir_25288/crab_fjr_255.xml -p pset.py      
 Feb 02 22:59:40 GMT	---	1571284	2055432	249	----	----	----
********** WATCHDOG LOG ENDED
ZIPPING WATCHDOG LOG
Disk space used:
du -sh /scratch/condor/dir_23013/glide_w3wTFx/execute/dir_25288
270M	/scratch/condor/dir_23013/glide_w3wTFx/execute/dir_25288
Found unusual stdout, rename for OSB
`/scratch/condor/dir_23013/glide_w3wTFx/execute/dir_25288/_condor_stdout' -> `CMSSW_255.stdout'
Found unusual stderr, rename for OSB
`/scratch/condor/dir_23013/glide_w3wTFx/execute/dir_25288/_condor_stdout' -> `CMSSW_255.stderr'
crab_fjr_255.xml
CMSSW_255.stdout
CMSSW_255.stderr
Watchdog_255.log.gz
Total Output dimension: 24710
WARNING: output files size limit is set to: 50000000
Total Output dimension 24710 is fine.
JOB_EXIT_STATUS = 0
>>> info for dashboard:
***** Cat /scratch/condor/dir_23013/glide_w3wTFx/execute/dir_25288/jobreport.txt *****
MonitorJobID=255_https://submit-6.t2.ucsd.edu//150202//509447.254
MonitorID=dcieri_PU140_4dm08r
ExeTime=9639
ExeExitCode=0
StageOutExitStatusReason = 'Copy succedeed with srm-lcg utils'
StageOutSE = heplnx204.pp.rl.ac.uk
StageOutExitStatus = 0
CrabUserCpuTime=708.32
CrabSysCpuTime=25.30
CrabCpuPercentage=7%
CrabWrapperTime=9698
CrabStageoutTime=48
JobExitCode=0
***** End Cat jobreport *****
Parameters sent to Dashboard.
EXITING at Mon Feb  2 23:00:41 GMT 2015  -  Mon Feb  2 23:00:41 UTC 2015
