This script was generated by crab (version 2.11.1_patch1).
Running /scratch/condor/dir_13353/glide_PoOfkU/execute/dir_10256/condor_exec.exe with 2 positional parameters: 156 1
Today is Mon Feb  2 20:04:13 GMT 2015 - Mon Feb  2 20:04:13 UTC 2015
Job submitted on host heplnc066.pp.rl.ac.uk
Linux heplnc066.pp.rl.ac.uk 2.6.32-504.3.3.el6.x86_64 #1 SMP Tue Dec 16 14:29:22 CST 2014 x86_64 x86_64 x86_64 GNU/Linux
Distributor ID:	Scientific
Description:	Scientific Linux release 6.6 (Carbon)
>>> current directory (RUNTIME_AREA): /scratch/condor/dir_13353/glide_PoOfkU/execute/dir_10256
>>> current user: uid=157415(cms415) gid=157000(gplcms) groups=157000(gplcms)
>>> directory permission set to 0700
>>> umask set to:  u=rwx,g=,o=
>>> stdout stderr permission set to 0704
>>> voms proxy information:
subject   : /DC=ch/DC=cern/OU=Organic Units/OU=Users/CN=dcieri/CN=755391/CN=Davide Cieri/CN=769881070/CN=437990902
issuer    : /DC=ch/DC=cern/OU=Organic Units/OU=Users/CN=dcieri/CN=755391/CN=Davide Cieri/CN=769881070
identity  : /DC=ch/DC=cern/OU=Organic Units/OU=Users/CN=dcieri/CN=755391/CN=Davide Cieri
type      : RFC3820 compliant limited proxy
strength  : 1024
path      : /scratch/condor/dir_13353/glide_PoOfkU/execute/dir_10256/x509up_u62281
timeleft  : 23:59:17
key usage : Digital Signature, Key Encipherment
=== VO cms extension information ===
VO        : cms
subject   : /DC=ch/DC=cern/OU=Organic Units/OU=Users/CN=dcieri/CN=755391/CN=Davide Cieri
issuer    : /DC=ch/DC=cern/OU=computers/CN=lcg-voms2.cern.ch
attribute : /cms/Role=NULL/Capability=NULL
timeleft  : 184:12:11
uri       : lcg-voms2.cern.ch:15002

WNHostName=heplnc066.pp.rl.ac.uk
$_CONDOR_JOB_AD =/scratch/condor/dir_13353/glide_PoOfkU/execute/dir_10256/.job.ad
OverflowFlag=0
>>> tar --no-same-permissions -xf /scratch/condor/dir_13353/glide_PoOfkU/execute/dir_10256/default.tgz :
Successful untar
>>> Include /scratch/condor/dir_13353/glide_PoOfkU/execute/dir_10256 in PYTHONPATH:
strip arguments
env var CRAB_UNIQUE_JOB_ID set to: dcieri_PU140_4dm08r_156_1_htJ
out_files_156
>>> list of expected files on output sandbox
output files: crab_fjr_156.xml CMSSW_156.stdout CMSSW_156.stderr Watchdog_156.log.gz
>>> GridFlavour discovery: 
GridFlavour=LCG
>>> SyncSite discovery: 
SyncSite=T2_UK_SGrid_RALPP
>>> SyncCE discovery: 
getting SyncCE from GLIDEIN_Gaekeeper
SyncCE=heplnv146.pp.rl.ac.uk
>>> info for dashboard:
***** Cat /scratch/condor/dir_13353/glide_PoOfkU/execute/dir_10256/jobreport.txt *****
WNHostName=heplnc066.pp.rl.ac.uk
OverflowFlag=0
MonitorJobID=156_https://submit-6.t2.ucsd.edu//150202//509447.155
SyncGridJobId=https://submit-6.t2.ucsd.edu//150202//509447.155
MonitorID=dcieri_PU140_4dm08r
GridFlavour=LCG
SyncSite=T2_UK_SGrid_RALPP
SyncCE=heplnv146.pp.rl.ac.uk
***** End Cat jobreport *****
Parameters sent to Dashboard.
>>> setup environment
set SCRAM ARCH to slc6_amd64_gcc472
SCRAM_ARCH = slc6_amd64_gcc472
>>> setup CMS LCG environment:
set SCRAM ARCH and BUILD_ARCH to slc6_amd64_gcc472 ###
Sourcing environment... 
sourcing /cvmfs/cms.cern.ch/cmsset_default.sh
==> setup cms environment ok
>>> specific cmssw setup environment:
CMSSW_VERSION =  CMSSW_6_2_0_SLHC12
WARNING: In non-interactive mode release checks e.g. deprecated releases, production architectures are disabled.
>>> current directory (SOFTWARE_DIR): /scratch/condor/dir_13353/glide_PoOfkU/execute/dir_10256/CMSSW_6_2_0_SLHC12
PreserveSeeds: <>
IncrementSeeds:<>
>>> info for dashboard:
***** Cat /scratch/condor/dir_13353/glide_PoOfkU/execute/dir_10256/jobreport.txt *****
MonitorJobID=156_https://submit-6.t2.ucsd.edu//150202//509447.155
MonitorID=dcieri_PU140_4dm08r
***** End Cat jobreport *****
Parameters sent to Dashboard.
crabWatchdog started as process 11924
>>> moving CMSSW software directories in /scratch/condor/dir_13353/glide_PoOfkU/execute/dir_10256/CMSSW_6_2_0_SLHC12
mv: cannot stat `/scratch/condor/dir_13353/glide_PoOfkU/execute/dir_10256/module/': No such file or directory
>>> Include /scratch/condor/dir_13353/glide_PoOfkU/execute/dir_10256 in PYTHONPATH:
PYTHONPATH=/scratch/condor/dir_13353/glide_PoOfkU/execute/dir_10256/:/scratch/condor/dir_13353/glide_PoOfkU/execute/dir_10256/CMSSW_6_2_0_SLHC12/python:/scratch/condor/dir_13353/glide_PoOfkU/execute/dir_10256/CMSSW_6_2_0_SLHC12/lib/slc6_amd64_gcc472:/cvmfs/cms.cern.ch/slc6_amd64_gcc472/cms/cmssw/CMSSW_6_2_0_SLHC12/python:/cvmfs/cms.cern.ch/slc6_amd64_gcc472/cms/cmssw/CMSSW_6_2_0_SLHC12/lib/slc6_amd64_gcc472:/cvmfs/cms.cern.ch/slc6_amd64_gcc472/cms/coral/CORAL_2_3_21-cms35/slc6_amd64_gcc472/python:/cvmfs/cms.cern.ch/slc6_amd64_gcc472/cms/coral/CORAL_2_3_21-cms35/slc6_amd64_gcc472/lib:/cvmfs/cms.cern.ch/slc6_amd64_gcc472/external/python-ldap/2.3.5-cms5/lib/python2.7/site-packages:/cvmfs/cms.cern.ch/slc6_amd64_gcc472/external/pyqt/4.8.1-cms5/lib/python2.7/site-packages:/cvmfs/cms.cern.ch/slc6_amd64_gcc472/external/py2-scipy/0.8.0-cms7/lib/python2.7/site-packages:/cvmfs/cms.cern.ch/slc6_amd64_gcc472/external/py2-matplotlib/1.0.1-cms7/lib/python2.7/site-packages:/cvmfs/cms.cern.ch/slc6_amd64_gcc472/external/sip/4.11.2-cms5/lib/python2.7/site-packages:/cvmfs/cms.cern.ch/slc6_amd64_gcc472/external/py2-pycurl/7.19.0-cms7/lib/python2.7/site-packages:/cvmfs/cms.cern.ch/slc6_amd64_gcc472/external/py2-numpy/1.6.1-cms7/lib/python2.7/site-packages:/cvmfs/cms.cern.ch/slc6_amd64_gcc472/external/py2-lint/0.25.1-cms5/lib/python2.7/site-packages:/cvmfs/cms.cern.ch/slc6_amd64_gcc472/external/py2-ipython/0.10-cms5/lib/python2.7/site-packages:/cvmfs/cms.cern.ch/slc6_amd64_gcc472/external/py2-cx-oracle/5.1-cms5/lib/python2.7/site-packages:/cvmfs/cms.cern.ch/slc6_amd64_gcc472/external/py2-cjson/1.0.5-cms5/lib/python2.7/site-packages:/cvmfs/cms.cern.ch/slc6_amd64_gcc472/cms/das-client/1.11.7/bin:/cvmfs/cms.cern.ch/slc6_amd64_gcc472/external/elementtree/1.2.6-cms5/share/lib/python2.7/site-packages:/cvmfs/cms.cern.ch/slc6_amd64_gcc472/external/rivet/1.8.2-cms9/lib/python2.7/site-packages:/cvmfs/cms.cern.ch/slc6_amd64_gcc472/external/pyminuit2/0.0.1-cms19/lib/python2.7/site-packages:/cvmfs/cms.cern.ch/slc6_amd64_gcc472/external/py2-pygithub/1.23.0-cms2/lib/python2.7/site-packages:/cvmfs/cms.cern.ch/slc6_amd64_gcc472/external/professor/1.0.0-cms19/lib/python2.7/site-packages:/cvmfs/cms.cern.ch/slc6_amd64_gcc472/lcg/root/5.34.07-cms/lib:/cvmfs/cms.cern.ch/slc6_amd64_gcc472/cms/dbs-client/DBS_2_1_9-cms5/lib:/cvmfs/cms.cern.ch/slc6_amd64_gcc472/cms/dbs-client/DBS_2_1_9-cms5/lib/DBSAPI:/cvmfs/cms.cern.ch/slc6_amd64_gcc472/external/cvs2git/5419-cms/lib:/scratch/condor/dir_13353/glide_PoOfkU/execute/dir_10256/
 
# LIMITS USED BY CRAB WATCHDOG:
# RSS  (KBytes)   : 2300000
# VSZ  (KBytes)   : 100000000
# DISK (MBytes)   : 19000
# CPU TIME        : 720h:0m:0s
# WALL CLOCK TIME : 21h:50m:0s
 
3c0380cf82de79bc39966c93934c61fc
PSETHASH = 3c0380cf82de79bc39966c93934c61fc
/scratch/condor/dir_13353/glide_PoOfkU/execute/dir_10256/writeCfg.py pset.py pset.py
Importing .py file
Setting parameters
RandomNumberGeneratorService found, will attempt to change seeds
inputBlocks=/ttbar/dcieri-ttbar_SIM-130075366148575c102f0d64fd3ac8f7/USER#417d7dc2-08fd-4092-82c4-7ac02f79c2d9
inputFiles=/store/user/dcieri/ttbar_SIM/ttbar/ttbar_SIM/150129_145223/0000/step1_197.root
parentFiles=
lumisRange=
>>> Executable cmsRun
/cvmfs/cms.cern.ch/slc6_amd64_gcc472/cms/cmssw/CMSSW_6_2_0_SLHC12/bin/slc6_amd64_gcc472/cmsRun
ok executable found
>>> info for dashboard:
***** Cat /scratch/condor/dir_13353/glide_PoOfkU/execute/dir_10256/jobreport.txt *****
MonitorJobID=156_https://submit-6.t2.ucsd.edu//150202//509447.155
MonitorID=dcieri_PU140_4dm08r
ExeStart=cmsRun
***** End Cat jobreport *****
Parameters sent to Dashboard.
>>> cmsRun started at Mon Feb  2 20:04:20 UTC 2015
>>> cmsRun ended at Mon Feb  2 23:04:44 UTC 2015
>>> crab_fjr_*.xml  permission set to 0704
>>> info for dashboard:
***** Cat /scratch/condor/dir_13353/glide_PoOfkU/execute/dir_10256/jobreport.txt *****
MonitorJobID=156_https://submit-6.t2.ucsd.edu//150202//509447.155
MonitorID=dcieri_PU140_4dm08r
ExeEnd=cmsRun
***** End Cat jobreport *****
Parameters sent to Dashboard.
TIME_EXE = 10824 sec
>>> cmsRun wrote 227 lines of stdout+stderr
>>> START OF printout of 227 lines from stdout+stderr
271 DQMStore::DQMStore 
HcalTopologyIdealEP::HcalTopologyIdealEP
02-Feb-2015 20:04:28 GMT  Initiating request to open file root://dcap.pp.rl.ac.uk:1094/pnfs/pp.rl.ac.uk/data/cms/store/user/dcieri/ttbar_SIM/ttbar/ttbar_SIM/150129_145223/0000/step1_197.root
02-Feb-2015 20:04:29 GMT  Successfully opened file root://dcap.pp.rl.ac.uk:1094/pnfs/pp.rl.ac.uk/data/cms/store/user/dcieri/ttbar_SIM/ttbar/ttbar_SIM/150129_145223/0000/step1_197.root
02-Feb-2015 20:04:30 GMT  Initiating request to open file root://xrootd.unl.edu//store/group/dpg_trigger/comm_trigger/L1TrackTrigger/620_SLHC10/Extended2023TTI/MinBias/MinBias_TuneZ2star_GEN_SIM_1.root
02-Feb-2015 20:05:06 GMT  Successfully opened file root://xrootd.unl.edu//store/group/dpg_trigger/comm_trigger/L1TrackTrigger/620_SLHC10/Extended2023TTI/MinBias/MinBias_TuneZ2star_GEN_SIM_1.root
disableME1a = 0
HcalTopologyIdealEP::produce(const IdealGeometryRecord& iRecord)
mode = 2, maxDepthHB = 3, maxDepthHE = 5
RPCGeometryESModule :: produce
RPCGeometryESModule :: produce :: 1/4 Get Muon Ideal Geometry Record
RPCGeometryESModule :: produce :: 2/4 Get Muon DDD Constants
RPCGeometryESModule :: produce :: 3/4 Get Muon Numbering Record
in MuonNumberingInitialization::initializeMuonDDDConstants
about to make my new muonDDDConst_
in MuonNumberingInitialization::produce
RPCGeometryESModule :: produce :: 4/4 Build
Found:

	Barrel Stack layer 5 : 1008 stacks
	Barrel Stack layer 6 : 1320 stacks
	Barrel Stack layer 7 : 1836 stacks
	Barrel Stack layer 8 : 1152 stacks
	Barrel Stack layer 9 : 1488 stacks
	Barrel Stack layer 10 : 1824 stacks

	Endcap Stack disk 11 : 1360 stacks
	Endcap Stack disk 12 : 1360 stacks
	Endcap Stack disk 13 : 1360 stacks
	Endcap Stack disk 14 : 1360 stacks
	Endcap Stack disk 15 : 1360 stacks
Created 15428 stacks in 11 s

TTClusterBuilder< edm::Ref<edm::DetSetVector<PixelDigi>, PixelDigi, edm::refhelper::FindForDetSetVector<PixelDigi> > > loaded modules:
	TTClusterAlgorithm:	TTClusterAlgorithm_2d2013< edm::Ref<edm::DetSetVector<PixelDigi>, PixelDigi, edm::refhelper::FindForDetSetVector<PixelDigi> > >


TTStubBuilder< edm::Ref<edm::DetSetVector<PixelDigi>, PixelDigi, edm::refhelper::FindForDetSetVector<PixelDigi> > > loaded modules:
	TTStubAlgorithm:	TTStubAlgorithm_tab2013< edm::Ref<edm::DetSetVector<PixelDigi>, PixelDigi, edm::refhelper::FindForDetSetVector<PixelDigi> > >


TTClusterAssociator< edm::Ref<edm::DetSetVector<PixelDigi>, PixelDigi, edm::refhelper::FindForDetSetVector<PixelDigi> > > loaded.


TTStubAssociator< edm::Ref<edm::DetSetVector<PixelDigi>, PixelDigi, edm::refhelper::FindForDetSetVector<PixelDigi> > > loaded.


TTTrackAssociator< edm::Ref<edm::DetSetVector<PixelDigi>, PixelDigi, edm::refhelper::FindForDetSetVector<PixelDigi> > > loaded.

Begin processing the 1st record. Run 1, Event 1961, LumiSection 197 at 02-Feb-2015 20:05:31.941 GMT
02-Feb-2015 20:05:37 GMT  Closed file root://xrootd.unl.edu//store/group/dpg_trigger/comm_trigger/L1TrackTrigger/620_SLHC10/Extended2023TTI/MinBias/MinBias_TuneZ2star_GEN_SIM_1.root
02-Feb-2015 20:05:37 GMT  Initiating request to open file root://xrootd.unl.edu//store/group/dpg_trigger/comm_trigger/L1TrackTrigger/620_SLHC10/Extended2023TTI/MinBias/MinBias_TuneZ2star_GEN_SIM_357.root
150202 20:10:28 15011 Xrd: XrdClientMessage::ReadRaw: Failed to read header (8 bytes).
150202 20:10:39 15013 Xrd: XrdClientMessage::ReadRaw: Failed to read header (8 bytes).
150202 20:10:39 16240 Xrd: CheckErrorStatus: Server [llrxrd-redir.in2p3.fr:1094] declared: session not found(error code: 3011)
02-Feb-2015 20:10:39 GMT  Successfully opened file root://xrootd.unl.edu//store/group/dpg_trigger/comm_trigger/L1TrackTrigger/620_SLHC10/Extended2023TTI/MinBias/MinBias_TuneZ2star_GEN_SIM_357.root
150202 20:15:58 27243 Xrd: XrdClientMessage::ReadRaw: Failed to read header (8 bytes).
02-Feb-2015 20:20:11 GMT  Closed file root://xrootd.unl.edu//store/group/dpg_trigger/comm_trigger/L1TrackTrigger/620_SLHC10/Extended2023TTI/MinBias/MinBias_TuneZ2star_GEN_SIM_357.root
02-Feb-2015 20:20:11 GMT  Initiating request to open file root://xrootd.unl.edu//store/group/dpg_trigger/comm_trigger/L1TrackTrigger/620_SLHC10/Extended2023TTI/MinBias/MinBias_TuneZ2star_GEN_SIM_229.root
150202 20:20:48 16327 Xrd: CheckErrorStatus: Server [llrxrd-redir.in2p3.fr:1094] declared: session not found(error code: 3011)
02-Feb-2015 20:20:48 GMT  Successfully opened file root://xrootd.unl.edu//store/group/dpg_trigger/comm_trigger/L1TrackTrigger/620_SLHC10/Extended2023TTI/MinBias/MinBias_TuneZ2star_GEN_SIM_229.root
150202 20:24:58 12694 Xrd: XrdClientMessage::ReadRaw: Failed to read header (8 bytes).
150202 20:24:58 12641 Xrd: XrdClientMessage::ReadRaw: Failed to read header (8 bytes).
150202 20:25:28 27246 Xrd: XrdClientMessage::ReadRaw: Failed to read header (8 bytes).
150202 20:25:28 15010 Xrd: XrdClientMessage::ReadRaw: Failed to read header (8 bytes).
150202 20:25:58 18254 Xrd: XrdClientMessage::ReadRaw: Failed to read header (8 bytes).
02-Feb-2015 20:32:00 GMT  Closed file root://xrootd.unl.edu//store/group/dpg_trigger/comm_trigger/L1TrackTrigger/620_SLHC10/Extended2023TTI/MinBias/MinBias_TuneZ2star_GEN_SIM_229.root
02-Feb-2015 20:32:00 GMT  Initiating request to open file root://xrootd.unl.edu//store/group/dpg_trigger/comm_trigger/L1TrackTrigger/620_SLHC10/Extended2023TTI/MinBias/MinBias_TuneZ2star_GEN_SIM_18.root
150202 20:32:31 11567 Xrd: CheckErrorStatus: Server [xrootd.ba.infn.it:1094] declared: session not found(error code: 3011)
02-Feb-2015 20:32:32 GMT  Successfully opened file root://xrootd.unl.edu//store/group/dpg_trigger/comm_trigger/L1TrackTrigger/620_SLHC10/Extended2023TTI/MinBias/MinBias_TuneZ2star_GEN_SIM_18.root
Building the geometry service
Warning did not find digi
Warning did not find digi
Warning did not find digi
Warning did not find digi
Warning did not find digi in disks
Warning did not find digi in disks
Warning did not find digi in disks
Warning did not find digi in disks
150202 20:37:28 18255 Xrd: XrdClientMessage::ReadRaw: Failed to read header (8 bytes).
150202 20:37:58 13072 Xrd: XrdClientMessage::ReadRaw: Failed to read header (8 bytes).
150202 20:40:58 27235 Xrd: XrdClientMessage::ReadRaw: Failed to read header (8 bytes).
02-Feb-2015 20:42:13 GMT  Closed file root://xrootd.unl.edu//store/group/dpg_trigger/comm_trigger/L1TrackTrigger/620_SLHC10/Extended2023TTI/MinBias/MinBias_TuneZ2star_GEN_SIM_18.root
02-Feb-2015 20:42:13 GMT  Initiating request to open file root://xrootd.unl.edu//store/group/dpg_trigger/comm_trigger/L1TrackTrigger/620_SLHC10/Extended2023TTI/MinBias/MinBias_TuneZ2star_GEN_SIM_841.root
150202 20:42:44 7474 Xrd: CheckErrorStatus: Server [cms-xrd-global.cern.ch:1094] declared: session not found(error code: 3011)
150202 20:42:44 7474 Xrd: CheckErrorStatus: Server [xrootd-redic.pi.infn.it:1094] declared: session not found(error code: 3011)
02-Feb-2015 20:42:44 GMT  Successfully opened file root://xrootd.unl.edu//store/group/dpg_trigger/comm_trigger/L1TrackTrigger/620_SLHC10/Extended2023TTI/MinBias/MinBias_TuneZ2star_GEN_SIM_841.root
150202 20:47:28 13074 Xrd: XrdClientMessage::ReadRaw: Failed to read header (8 bytes).
150202 20:47:58 8466 Xrd: XrdClientMessage::ReadRaw: Failed to read header (8 bytes).
02-Feb-2015 20:52:17 GMT  Closed file root://xrootd.unl.edu//store/group/dpg_trigger/comm_trigger/L1TrackTrigger/620_SLHC10/Extended2023TTI/MinBias/MinBias_TuneZ2star_GEN_SIM_841.root
02-Feb-2015 20:52:17 GMT  Initiating request to open file root://xrootd.unl.edu//store/group/dpg_trigger/comm_trigger/L1TrackTrigger/620_SLHC10/Extended2023TTI/MinBias/MinBias_TuneZ2star_GEN_SIM_204.root
150202 20:52:48 29454 Xrd: CheckErrorStatus: Server [xrootd-redic.pi.infn.it:1094] declared: session not found(error code: 3011)
02-Feb-2015 20:52:48 GMT  Successfully opened file root://xrootd.unl.edu//store/group/dpg_trigger/comm_trigger/L1TrackTrigger/620_SLHC10/Extended2023TTI/MinBias/MinBias_TuneZ2star_GEN_SIM_204.root
150202 20:57:28 8467 Xrd: XrdClientMessage::ReadRaw: Failed to read header (8 bytes).
150202 20:57:39 13071 Xrd: XrdClientMessage::ReadRaw: Failed to read header (8 bytes).
150202 20:57:58 30610 Xrd: XrdClientMessage::ReadRaw: Failed to read header (8 bytes).
02-Feb-2015 21:09:24 GMT  Closed file root://xrootd.unl.edu//store/group/dpg_trigger/comm_trigger/L1TrackTrigger/620_SLHC10/Extended2023TTI/MinBias/MinBias_TuneZ2star_GEN_SIM_204.root
02-Feb-2015 21:09:24 GMT  Initiating request to open file root://xrootd.unl.edu//store/group/dpg_trigger/comm_trigger/L1TrackTrigger/620_SLHC10/Extended2023TTI/MinBias/MinBias_TuneZ2star_GEN_SIM_529.root
150202 21:11:05 8083 Xrd: CheckErrorStatus: Server [cms-xrd-global.cern.ch:1094] declared: session not found(error code: 3011)
150202 21:11:05 8083 Xrd: CheckErrorStatus: Server [llrxrd-redir.in2p3.fr:1094] declared: session not found(error code: 3011)
02-Feb-2015 21:11:05 GMT  Successfully opened file root://xrootd.unl.edu//store/group/dpg_trigger/comm_trigger/L1TrackTrigger/620_SLHC10/Extended2023TTI/MinBias/MinBias_TuneZ2star_GEN_SIM_529.root
150202 21:12:58 8465 Xrd: XrdClientMessage::ReadRaw: Failed to read header (8 bytes).
150202 21:14:28 30611 Xrd: XrdClientMessage::ReadRaw: Failed to read header (8 bytes).
150202 21:16:28 11696 Xrd: XrdClientMessage::ReadRaw: Failed to read header (8 bytes).
02-Feb-2015 21:20:47 GMT  Closed file root://xrootd.unl.edu//store/group/dpg_trigger/comm_trigger/L1TrackTrigger/620_SLHC10/Extended2023TTI/MinBias/MinBias_TuneZ2star_GEN_SIM_529.root
02-Feb-2015 21:20:47 GMT  Initiating request to open file root://xrootd.unl.edu//store/group/dpg_trigger/comm_trigger/L1TrackTrigger/620_SLHC10/Extended2023TTI/MinBias/MinBias_TuneZ2star_GEN_SIM_375.root
150202 21:21:18 782 Xrd: CheckErrorStatus: Server [llrxrd-redir.in2p3.fr:1094] declared: session not found(error code: 3011)
02-Feb-2015 21:21:18 GMT  Successfully opened file root://xrootd.unl.edu//store/group/dpg_trigger/comm_trigger/L1TrackTrigger/620_SLHC10/Extended2023TTI/MinBias/MinBias_TuneZ2star_GEN_SIM_375.root
150202 21:25:58 11698 Xrd: XrdClientMessage::ReadRaw: Failed to read header (8 bytes).
150202 21:26:28 1148 Xrd: XrdClientMessage::ReadRaw: Failed to read header (8 bytes).
02-Feb-2015 21:31:21 GMT  Closed file root://xrootd.unl.edu//store/group/dpg_trigger/comm_trigger/L1TrackTrigger/620_SLHC10/Extended2023TTI/MinBias/MinBias_TuneZ2star_GEN_SIM_375.root
02-Feb-2015 21:31:21 GMT  Initiating request to open file root://xrootd.unl.edu//store/group/dpg_trigger/comm_trigger/L1TrackTrigger/620_SLHC10/Extended2023TTI/MinBias/MinBias_TuneZ2star_GEN_SIM_962.root
150202 21:31:52 23785 Xrd: CheckErrorStatus: Server [cms-xrd-global.cern.ch:1094] declared: session not found(error code: 3011)
150202 21:31:52 23785 Xrd: CheckErrorStatus: Server [xrootd.ba.infn.it:1094] declared: session not found(error code: 3011)
02-Feb-2015 21:31:53 GMT  Successfully opened file root://xrootd.unl.edu//store/group/dpg_trigger/comm_trigger/L1TrackTrigger/620_SLHC10/Extended2023TTI/MinBias/MinBias_TuneZ2star_GEN_SIM_962.root
150202 21:36:28 1149 Xrd: XrdClientMessage::ReadRaw: Failed to read header (8 bytes).
150202 21:36:58 25912 Xrd: XrdClientMessage::ReadRaw: Failed to read header (8 bytes).
02-Feb-2015 21:39:49 GMT  Closed file root://xrootd.unl.edu//store/group/dpg_trigger/comm_trigger/L1TrackTrigger/620_SLHC10/Extended2023TTI/MinBias/MinBias_TuneZ2star_GEN_SIM_962.root
02-Feb-2015 21:39:49 GMT  Initiating request to open file root://xrootd.unl.edu//store/group/dpg_trigger/comm_trigger/L1TrackTrigger/620_SLHC10/Extended2023TTI/MinBias/MinBias_TuneZ2star_GEN_SIM_666.root
150202 21:39:59 16174 Xrd: CheckErrorStatus: Server [cms-xrd-global.cern.ch:1094] declared: session not found(error code: 3011)
150202 21:39:59 16174 Xrd: CheckErrorStatus: Server [xrootd-redic.pi.infn.it:1094] declared: session not found(error code: 3011)
02-Feb-2015 21:40:00 GMT  Successfully opened file root://xrootd.unl.edu//store/group/dpg_trigger/comm_trigger/L1TrackTrigger/620_SLHC10/Extended2023TTI/MinBias/MinBias_TuneZ2star_GEN_SIM_666.root
150202 21:41:28 11694 Xrd: XrdClientMessage::ReadRaw: Failed to read header (8 bytes).
150202 21:44:58 25913 Xrd: XrdClientMessage::ReadRaw: Failed to read header (8 bytes).
150202 21:45:28 16533 Xrd: XrdClientMessage::ReadRaw: Failed to read header (8 bytes).
02-Feb-2015 21:49:08 GMT  Closed file root://xrootd.unl.edu//store/group/dpg_trigger/comm_trigger/L1TrackTrigger/620_SLHC10/Extended2023TTI/MinBias/MinBias_TuneZ2star_GEN_SIM_666.root
02-Feb-2015 21:49:08 GMT  Initiating request to open file root://xrootd.unl.edu//store/group/dpg_trigger/comm_trigger/L1TrackTrigger/620_SLHC10/Extended2023TTI/MinBias/MinBias_TuneZ2star_GEN_SIM_607.root
150202 21:49:39 3212 Xrd: CheckErrorStatus: Server [xrootd.ba.infn.it:1094] declared: session not found(error code: 3011)
02-Feb-2015 21:49:40 GMT  Successfully opened file root://xrootd.unl.edu//store/group/dpg_trigger/comm_trigger/L1TrackTrigger/620_SLHC10/Extended2023TTI/MinBias/MinBias_TuneZ2star_GEN_SIM_607.root
150202 21:54:28 16534 Xrd: XrdClientMessage::ReadRaw: Failed to read header (8 bytes).
150202 21:54:58 4175 Xrd: XrdClientMessage::ReadRaw: Failed to read header (8 bytes).
02-Feb-2015 21:56:58 GMT  Closed file root://xrootd.unl.edu//store/group/dpg_trigger/comm_trigger/L1TrackTrigger/620_SLHC10/Extended2023TTI/MinBias/MinBias_TuneZ2star_GEN_SIM_607.root
02-Feb-2015 21:56:58 GMT  Initiating request to open file root://xrootd.unl.edu//store/group/dpg_trigger/comm_trigger/L1TrackTrigger/620_SLHC10/Extended2023TTI/MinBias/MinBias_TuneZ2star_GEN_SIM_77.root
150202 21:57:29 25218 Xrd: CheckErrorStatus: Server [xrootd.ba.infn.it:1094] declared: session not found(error code: 3011)
02-Feb-2015 21:57:30 GMT  Successfully opened file root://xrootd.unl.edu//store/group/dpg_trigger/comm_trigger/L1TrackTrigger/620_SLHC10/Extended2023TTI/MinBias/MinBias_TuneZ2star_GEN_SIM_77.root
150202 22:00:28 16532 Xrd: XrdClientMessage::ReadRaw: Failed to read header (8 bytes).
150202 22:02:28 4176 Xrd: XrdClientMessage::ReadRaw: Failed to read header (8 bytes).
150202 22:02:58 25456 Xrd: XrdClientMessage::ReadRaw: Failed to read header (8 bytes).
02-Feb-2015 22:03:55 GMT  Closed file root://xrootd.unl.edu//store/group/dpg_trigger/comm_trigger/L1TrackTrigger/620_SLHC10/Extended2023TTI/MinBias/MinBias_TuneZ2star_GEN_SIM_77.root
02-Feb-2015 22:03:55 GMT  Initiating request to open file root://xrootd.unl.edu//store/group/dpg_trigger/comm_trigger/L1TrackTrigger/620_SLHC10/Extended2023TTI/MinBias/MinBias_TuneZ2star_GEN_SIM_85.root
150202 22:05:51 11847 Xrd: CheckErrorStatus: Server [cms-xrd-global.cern.ch:1094] declared: session not found(error code: 3011)
150202 22:05:52 11847 Xrd: CheckErrorStatus: Server [xrootd-redic.pi.infn.it:1094] declared: session not found(error code: 3011)
02-Feb-2015 22:05:52 GMT  Successfully opened file root://xrootd.unl.edu//store/group/dpg_trigger/comm_trigger/L1TrackTrigger/620_SLHC10/Extended2023TTI/MinBias/MinBias_TuneZ2star_GEN_SIM_85.root
150202 22:08:59 25457 Xrd: XrdClientMessage::ReadRaw: Failed to read header (8 bytes).
02-Feb-2015 22:09:30 GMT  Closed file root://xrootd.unl.edu//store/group/dpg_trigger/comm_trigger/L1TrackTrigger/620_SLHC10/Extended2023TTI/MinBias/MinBias_TuneZ2star_GEN_SIM_85.root
02-Feb-2015 22:09:30 GMT  Initiating request to open file root://xrootd.unl.edu//store/group/dpg_trigger/comm_trigger/L1TrackTrigger/620_SLHC10/Extended2023TTI/MinBias/MinBias_TuneZ2star_GEN_SIM_130.root
150202 22:10:58 15848 Xrd: XrdClientMessage::ReadRaw: Failed to read header (8 bytes).
150202 22:11:05 28091 Xrd: CheckErrorStatus: Server [cms-xrd-global.cern.ch:1094] declared: session not found(error code: 3011)
150202 22:11:05 28091 Xrd: CheckErrorStatus: Server [llrxrd-redir.in2p3.fr:1094] declared: session not found(error code: 3011)
150202 22:11:06 28091 Xrd: CheckErrorStatus: Server [eoscms.cern.ch:1094] declared: session not found(error code: 3011)
02-Feb-2015 22:11:06 GMT  Successfully opened file root://xrootd.unl.edu//store/group/dpg_trigger/comm_trigger/L1TrackTrigger/620_SLHC10/Extended2023TTI/MinBias/MinBias_TuneZ2star_GEN_SIM_130.root
150202 22:14:59 15851 Xrd: XrdClientMessage::ReadRaw: Failed to read header (8 bytes).
150202 22:16:28 31745 Xrd: XrdClientMessage::ReadRaw: Failed to read header (8 bytes).
02-Feb-2015 22:16:38 GMT  Closed file root://xrootd.unl.edu//store/group/dpg_trigger/comm_trigger/L1TrackTrigger/620_SLHC10/Extended2023TTI/MinBias/MinBias_TuneZ2star_GEN_SIM_130.root
02-Feb-2015 22:16:38 GMT  Initiating request to open file root://xrootd.unl.edu//store/group/dpg_trigger/comm_trigger/L1TrackTrigger/620_SLHC10/Extended2023TTI/MinBias/MinBias_TuneZ2star_GEN_SIM_515.root
150202 22:17:58 25911 Xrd: XrdClientMessage::ReadRaw: Failed to read header (8 bytes).
150202 22:21:58 31746 Xrd: XrdClientMessage::ReadRaw: Failed to read header (8 bytes).
150202 22:24:40 9706 Xrd: CheckErrorStatus: Server [xrootd-redic.pi.infn.it:1094] declared: session not found(error code: 3011)
02-Feb-2015 22:24:40 GMT  Successfully opened file root://xrootd.unl.edu//store/group/dpg_trigger/comm_trigger/L1TrackTrigger/620_SLHC10/Extended2023TTI/MinBias/MinBias_TuneZ2star_GEN_SIM_515.root
02-Feb-2015 22:29:11 GMT  Closed file root://xrootd.unl.edu//store/group/dpg_trigger/comm_trigger/L1TrackTrigger/620_SLHC10/Extended2023TTI/MinBias/MinBias_TuneZ2star_GEN_SIM_515.root
02-Feb-2015 22:29:11 GMT  Initiating request to open file root://xrootd.unl.edu//store/group/dpg_trigger/comm_trigger/L1TrackTrigger/620_SLHC10/Extended2023TTI/MinBias/MinBias_TuneZ2star_GEN_SIM_951.root
150202 22:29:12 19233 Xrd: CheckErrorStatus: Server [cms-xrd-global.cern.ch:1094] declared: session not found(error code: 3011)
02-Feb-2015 22:29:12 GMT  Successfully opened file root://xrootd.unl.edu//store/group/dpg_trigger/comm_trigger/L1TrackTrigger/620_SLHC10/Extended2023TTI/MinBias/MinBias_TuneZ2star_GEN_SIM_951.root
150202 22:31:28 31744 Xrd: XrdClientMessage::ReadRaw: Failed to read header (8 bytes).
02-Feb-2015 22:33:23 GMT  Closed file root://xrootd.unl.edu//store/group/dpg_trigger/comm_trigger/L1TrackTrigger/620_SLHC10/Extended2023TTI/MinBias/MinBias_TuneZ2star_GEN_SIM_951.root
02-Feb-2015 22:33:23 GMT  Initiating request to open file root://xrootd.unl.edu//store/group/dpg_trigger/comm_trigger/L1TrackTrigger/620_SLHC10/Extended2023TTI/MinBias/MinBias_TuneZ2star_GEN_SIM_717.root
02-Feb-2015 22:33:39 GMT  Successfully opened file root://xrootd.unl.edu//store/group/dpg_trigger/comm_trigger/L1TrackTrigger/620_SLHC10/Extended2023TTI/MinBias/MinBias_TuneZ2star_GEN_SIM_717.root
150202 22:34:28 30237 Xrd: XrdClientMessage::ReadRaw: Failed to read header (8 bytes).
02-Feb-2015 22:37:39 GMT  Closed file root://xrootd.unl.edu//store/group/dpg_trigger/comm_trigger/L1TrackTrigger/620_SLHC10/Extended2023TTI/MinBias/MinBias_TuneZ2star_GEN_SIM_717.root
02-Feb-2015 22:37:39 GMT  Initiating request to open file root://xrootd.unl.edu//store/group/dpg_trigger/comm_trigger/L1TrackTrigger/620_SLHC10/Extended2023TTI/MinBias/MinBias_TuneZ2star_GEN_SIM_694.root
02-Feb-2015 22:38:09 GMT  Successfully opened file root://xrootd.unl.edu//store/group/dpg_trigger/comm_trigger/L1TrackTrigger/620_SLHC10/Extended2023TTI/MinBias/MinBias_TuneZ2star_GEN_SIM_694.root
150202 22:38:28 19235 Xrd: XrdClientMessage::ReadRaw: Failed to read header (8 bytes).
02-Feb-2015 22:42:25 GMT  Closed file root://xrootd.unl.edu//store/group/dpg_trigger/comm_trigger/L1TrackTrigger/620_SLHC10/Extended2023TTI/MinBias/MinBias_TuneZ2star_GEN_SIM_694.root
02-Feb-2015 22:42:25 GMT  Initiating request to open file root://xrootd.unl.edu//store/group/dpg_trigger/comm_trigger/L1TrackTrigger/620_SLHC10/Extended2023TTI/MinBias/MinBias_TuneZ2star_GEN_SIM_704.root
150202 22:42:56 17695 Xrd: CheckErrorStatus: Server [eoscms.cern.ch:1094] declared: session not found(error code: 3011)
02-Feb-2015 22:42:56 GMT  Successfully opened file root://xrootd.unl.edu//store/group/dpg_trigger/comm_trigger/L1TrackTrigger/620_SLHC10/Extended2023TTI/MinBias/MinBias_TuneZ2star_GEN_SIM_704.root
150202 22:42:56 26860 Xrd: XrdClientMessage::ReadRaw: Failed to read header (8 bytes).
150202 22:44:58 15845 Xrd: XrdClientMessage::ReadRaw: Failed to read header (8 bytes).
02-Feb-2015 22:46:32 GMT  Closed file root://xrootd.unl.edu//store/group/dpg_trigger/comm_trigger/L1TrackTrigger/620_SLHC10/Extended2023TTI/MinBias/MinBias_TuneZ2star_GEN_SIM_704.root
02-Feb-2015 22:46:32 GMT  Initiating request to open file root://xrootd.unl.edu//store/group/dpg_trigger/comm_trigger/L1TrackTrigger/620_SLHC10/Extended2023TTI/MinBias/MinBias_TuneZ2star_GEN_SIM_976.root
150202 22:47:03 29326 Xrd: CheckErrorStatus: Server [cms-xrd-global.cern.ch:1094] declared: session not found(error code: 3011)
02-Feb-2015 22:47:03 GMT  Successfully opened file root://xrootd.unl.edu//store/group/dpg_trigger/comm_trigger/L1TrackTrigger/620_SLHC10/Extended2023TTI/MinBias/MinBias_TuneZ2star_GEN_SIM_976.root
150202 22:47:28 10205 Xrd: XrdClientMessage::ReadRaw: Failed to read header (8 bytes).
150202 22:51:58 18164 Xrd: XrdClientMessage::ReadRaw: Failed to read header (8 bytes).
150202 22:52:28 30236 Xrd: XrdClientMessage::ReadRaw: Failed to read header (8 bytes).
02-Feb-2015 22:53:01 GMT  Closed file root://xrootd.unl.edu//store/group/dpg_trigger/comm_trigger/L1TrackTrigger/620_SLHC10/Extended2023TTI/MinBias/MinBias_TuneZ2star_GEN_SIM_976.root
02-Feb-2015 22:53:01 GMT  Initiating request to open file root://xrootd.unl.edu//store/group/dpg_trigger/comm_trigger/L1TrackTrigger/620_SLHC10/Extended2023TTI/MinBias/MinBias_TuneZ2star_GEN_SIM_645.root
150202 22:53:31 18787 Xrd: CheckErrorStatus: Server [llrxrd-redir.in2p3.fr:1094] declared: session not found(error code: 3011)
02-Feb-2015 22:53:32 GMT  Successfully opened file root://xrootd.unl.edu//store/group/dpg_trigger/comm_trigger/L1TrackTrigger/620_SLHC10/Extended2023TTI/MinBias/MinBias_TuneZ2star_GEN_SIM_645.root
02-Feb-2015 22:56:30 GMT  Closed file root://xrootd.unl.edu//store/group/dpg_trigger/comm_trigger/L1TrackTrigger/620_SLHC10/Extended2023TTI/MinBias/MinBias_TuneZ2star_GEN_SIM_645.root
02-Feb-2015 22:56:30 GMT  Initiating request to open file root://xrootd.unl.edu//store/group/dpg_trigger/comm_trigger/L1TrackTrigger/620_SLHC10/Extended2023TTI/MinBias/MinBias_TuneZ2star_GEN_SIM_664.root
02-Feb-2015 22:57:01 GMT  Successfully opened file root://xrootd.unl.edu//store/group/dpg_trigger/comm_trigger/L1TrackTrigger/620_SLHC10/Extended2023TTI/MinBias/MinBias_TuneZ2star_GEN_SIM_664.root
150202 22:58:28 31457 Xrd: XrdClientMessage::ReadRaw: Failed to read header (8 bytes).
02-Feb-2015 23:00:05 GMT  Closed file root://xrootd.unl.edu//store/group/dpg_trigger/comm_trigger/L1TrackTrigger/620_SLHC10/Extended2023TTI/MinBias/MinBias_TuneZ2star_GEN_SIM_664.root
02-Feb-2015 23:00:05 GMT  Initiating request to open file root://xrootd.unl.edu//store/group/dpg_trigger/comm_trigger/L1TrackTrigger/620_SLHC10/Extended2023TTI/MinBias/MinBias_TuneZ2star_GEN_SIM_989.root
150202 23:00:06 4741 Xrd: CheckErrorStatus: Server [cms-xrd-global.cern.ch:1094] declared: session not found(error code: 3011)
02-Feb-2015 23:00:06 GMT  Successfully opened file root://xrootd.unl.edu//store/group/dpg_trigger/comm_trigger/L1TrackTrigger/620_SLHC10/Extended2023TTI/MinBias/MinBias_TuneZ2star_GEN_SIM_989.root
150202 23:01:59 19392 Xrd: XrdClientMessage::ReadRaw: Failed to read header (8 bytes).
02-Feb-2015 23:02:41 GMT  Closed file root://xrootd.unl.edu//store/group/dpg_trigger/comm_trigger/L1TrackTrigger/620_SLHC10/Extended2023TTI/MinBias/MinBias_TuneZ2star_GEN_SIM_989.root
02-Feb-2015 23:02:41 GMT  Initiating request to open file root://xrootd.unl.edu//store/group/dpg_trigger/comm_trigger/L1TrackTrigger/620_SLHC10/Extended2023TTI/MinBias/MinBias_TuneZ2star_GEN_SIM_167.root
02-Feb-2015 23:03:12 GMT  Successfully opened file root://xrootd.unl.edu//store/group/dpg_trigger/comm_trigger/L1TrackTrigger/620_SLHC10/Extended2023TTI/MinBias/MinBias_TuneZ2star_GEN_SIM_167.root
02-Feb-2015 23:04:42 GMT  Closed file root://dcap.pp.rl.ac.uk:1094/pnfs/pp.rl.ac.uk/data/cms/store/user/dcieri/ttbar_SIM/ttbar/ttbar_SIM/150129_145223/0000/step1_197.root
02-Feb-2015 23:04:43 GMT  Closed file root://xrootd.unl.edu//store/group/dpg_trigger/comm_trigger/L1TrackTrigger/620_SLHC10/Extended2023TTI/MinBias/MinBias_TuneZ2star_GEN_SIM_167.root

=============================================

MessageLogger Summary

 type     category        sev    module        subroutine        count    total
 ---- -------------------- -- ---------------- ----------------  -----    -----
    1 fileAction           -s MixingModule:mix                      69       69
    2 fileAction           -s MixingModule:mix                       2        2
    3 fileAction           -s MixingModule:mix                       1        1
    4 fileAction           -s file_close                             1        1
    5 fileAction           -s file_open                              2        2

 type    category    Examples: run/evt        run/evt          run/evt
 ---- -------------------- ---------------- ---------------- ----------------
    1 fileAction           1/1961           1/1961           1/1970
    2 fileAction           pre-events       pre-events       
    3 fileAction           PostEndRun                        
    4 fileAction           PostEndRun                        
    5 fileAction           pre-events       pre-events       

Severity    # Occurrences   Total Occurrences
--------    -------------   -----------------
System                 75                  75
>>> END OF printout of 227 lines from stdout+stderr
>>> Parse FrameworkJobReport crab_fjr.xml
Result of parsing the FrameworkJobReport crab_fjr.xml: 
Extracted ExitStatus from FrameworkJobReport parsing output: 0
>>> Executable succeded  0
ExeExitCode=0
EXECUTABLE_EXIT_STATUS = 0
>>> current directory /scratch/condor/dir_13353/glide_PoOfkU/execute/dir_10256/CMSSW_6_2_0_SLHC12
>>>  (SOFTWARE_DIR): /scratch/condor/dir_13353/glide_PoOfkU/execute/dir_10256/CMSSW_6_2_0_SLHC12
>>> (WORKING_DIR): 
>>> current directory content:
total 242368
drwxr-xr-x 3 cms415 gplcms      4096 Feb  2 20:04 .SCRAM
-rw------- 1 cms415 gplcms    915837 Feb  2 20:04 CMSSW.py.pkl
drwxr-xr-x 3 cms415 gplcms      4096 Feb  2 20:04 bin
drwxr-xr-x 3 cms415 gplcms      4096 Feb  2 20:04 cfipython
drwxr-xr-x 4 cms415 gplcms      4096 Apr 28  2014 config
-rw------- 1 cms415 gplcms        16 Feb  2 23:04 cpu_timing.txt
drwxr-xr-x 2 cms415 gplcms      4096 Feb  2 20:04 doc
-rw------- 1 cms415 gplcms     25525 Feb  2 23:04 executable.out
drwxr-xr-x 2 cms415 gplcms      4096 Feb  2 20:04 include
drwx------ 3 cms415 gplcms      4096 Oct  7 10:12 lib
drwxr-xr-x 3 cms415 gplcms      4096 Feb  2 20:04 logs
drwxr-xr-x 3 cms415 gplcms      4096 Feb  2 20:04 objs
-rw------- 1 cms415 gplcms       104 Feb  2 20:04 pset.py
-rw------- 1 cms415 gplcms    926826 Feb  2 20:04 pset.py.pkl
-rw------- 1 cms415 gplcms       289 Feb  2 20:04 pset.pyc
drwxr-xr-x 2 cms415 gplcms      4096 Feb  2 20:04 python
-rw------- 1 cms415 gplcms       359 Feb  2 23:04 report.log
drwxr-xr-x 2 cms415 gplcms      4096 Feb  2 20:04 src
-rw------- 1 cms415 gplcms 245984301 Feb  2 23:04 step2.root
drwxr-xr-x 3 cms415 gplcms      4096 Feb  2 20:04 test
drwxr-xr-x 3 cms415 gplcms      4096 Feb  2 20:04 tmp
>>> current directory /scratch/condor/dir_13353/glide_PoOfkU/execute/dir_10256/CMSSW_6_2_0_SLHC12
>>> (SOFTWARE_DIR): /scratch/condor/dir_13353/glide_PoOfkU/execute/dir_10256/CMSSW_6_2_0_SLHC12
>>> (WORKING_DIR): 
>>> current directory content:
total 242368
drwxr-xr-x 3 cms415 gplcms      4096 Feb  2 20:04 .SCRAM
-rw------- 1 cms415 gplcms    915837 Feb  2 20:04 CMSSW.py.pkl
drwxr-xr-x 3 cms415 gplcms      4096 Feb  2 20:04 bin
drwxr-xr-x 3 cms415 gplcms      4096 Feb  2 20:04 cfipython
drwxr-xr-x 4 cms415 gplcms      4096 Apr 28  2014 config
-rw------- 1 cms415 gplcms        16 Feb  2 23:04 cpu_timing.txt
drwxr-xr-x 2 cms415 gplcms      4096 Feb  2 20:04 doc
-rw------- 1 cms415 gplcms     25525 Feb  2 23:04 executable.out
drwxr-xr-x 2 cms415 gplcms      4096 Feb  2 20:04 include
drwx------ 3 cms415 gplcms      4096 Oct  7 10:12 lib
drwxr-xr-x 3 cms415 gplcms      4096 Feb  2 20:04 logs
drwxr-xr-x 3 cms415 gplcms      4096 Feb  2 20:04 objs
-rw------- 1 cms415 gplcms       104 Feb  2 20:04 pset.py
-rw------- 1 cms415 gplcms    926826 Feb  2 20:04 pset.py.pkl
-rw------- 1 cms415 gplcms       289 Feb  2 20:04 pset.pyc
drwxr-xr-x 2 cms415 gplcms      4096 Feb  2 20:04 python
-rw------- 1 cms415 gplcms       359 Feb  2 23:04 report.log
drwxr-xr-x 2 cms415 gplcms      4096 Feb  2 20:04 src
-rw------- 1 cms415 gplcms 245984301 Feb  2 23:04 step2_156_1_htJ.root
drwxr-xr-x 3 cms415 gplcms      4096 Feb  2 20:04 test
drwxr-xr-x 3 cms415 gplcms      4096 Feb  2 20:04 tmp
>>> current directory (RUNTIME_AREA):  /scratch/condor/dir_13353/glide_PoOfkU/execute/dir_10256
PNN = T2_UK_SGrid_RALPP
SE = heplnx204.pp.rl.ac.uk
SE_PATH = /srm/managerv2?SFN=/pnfs/pp.rl.ac.uk/data/cms/store/user/dcieri/ttbar_PU140_DIGI/dcieri/ttbar/ttbar_PU140_DIGI/3c0380cf82de79bc39966c93934c61fc/
LFNBaseName = /store/user/dcieri/ttbar_PU140_DIGI/dcieri/ttbar/ttbar_PU140_DIGI/3c0380cf82de79bc39966c93934c61fc/
USER = dcieri
endpoint = srm://heplnx204.pp.rl.ac.uk:8443/srm/managerv2?SFN=/pnfs/pp.rl.ac.uk/data/cms/store/user/dcieri/ttbar_PU140_DIGI/dcieri/ttbar/ttbar_PU140_DIGI/3c0380cf82de79bc39966c93934c61fc/
>>> Copy output files from WN = heplnc066.pp.rl.ac.uk to /srm/managerv2?SFN=/pnfs/pp.rl.ac.uk/data/cms/store/user/dcieri/ttbar_PU140_DIGI/dcieri/ttbar/ttbar_PU140_DIGI/3c0380cf82de79bc39966c93934c61fc/ :
python cmscp.py  --destination srm://heplnx204.pp.rl.ac.uk:8443/srm/managerv2?SFN=/pnfs/pp.rl.ac.uk/data/cms/store/user/dcieri/ttbar_PU140_DIGI/dcieri/ttbar/ttbar_PU140_DIGI/3c0380cf82de79bc39966c93934c61fc/ --inputFileList /scratch/condor/dir_13353/glide_PoOfkU/execute/dir_10256/CMSSW_6_2_0_SLHC12/step2_156_1_htJ.root --middleware LCG --PNN T2_UK_SGrid_RALPP --se_name heplnx204.pp.rl.ac.uk --for_lfn /store/user/dcieri/ttbar_PU140_DIGI/dcieri/ttbar/ttbar_PU140_DIGI/3c0380cf82de79bc39966c93934c61fc/    
******************************************************
localSeName  =  heplnx204.pp.rl.ac.uk
remoteSeName =  heplnx204.pp.rl.ac.uk
******************************************************
{"/scratch/condor/dir_13353/glide_PoOfkU/execute/dir_10256/CMSSW_6_2_0_SLHC12/step2_156_1_htJ.root": {"endpoint": "srm://heplnx204.pp.rl.ac.uk:8443/srm/managerv2?SFN=/pnfs/pp.rl.ac.uk/data/cms/store/user/dcieri/ttbar_PU140_DIGI/dcieri/ttbar/ttbar_PU140_DIGI/3c0380cf82de79bc39966c93934c61fc/", "surl_for_grid": "", "reason": "Copy succedeed with srm-lcg utils", "erCode": "0", "PNN": "T2_UK_SGrid_RALPP", "se_name": "heplnx204.pp.rl.ac.uk", "for_lfn": "/store/user/dcieri/ttbar_PU140_DIGI/dcieri/ttbar/ttbar_PU140_DIGI/3c0380cf82de79bc39966c93934c61fc/"}}/scratch/condor/dir_13353/glide_PoOfkU/execute/dir_10256
-------- cat /scratch/condor/dir_13353/glide_PoOfkU/execute/dir_10256/cmscpReport.sh 
#!/bin/bash
echo "Report for File: /scratch/condor/dir_13353/glide_PoOfkU/execute/dir_10256/CMSSW_6_2_0_SLHC12/step2_156_1_htJ.root"
echo "LFN: /store/user/dcieri/ttbar_PU140_DIGI/dcieri/ttbar/ttbar_PU140_DIGI/3c0380cf82de79bc39966c93934c61fc/step2_156_1_htJ.root"
echo "StorageElement: heplnx204.pp.rl.ac.uk"
echo "StageOutExitStatusReason = 'Copy succedeed with srm-lcg utils'" | tee -a $RUNTIME_AREA/$repo
echo "StageOutSE = heplnx204.pp.rl.ac.uk" >> $RUNTIME_AREA/$repo

export StageOutExitStatus=0
echo "StageOutExitStatus = 0" | tee -a $RUNTIME_AREA/$repo
-------- end of /scratch/condor/dir_13353/glide_PoOfkU/execute/dir_10256/cmscpReport.sh 
Report for File: /scratch/condor/dir_13353/glide_PoOfkU/execute/dir_10256/CMSSW_6_2_0_SLHC12/step2_156_1_htJ.root
LFN: /store/user/dcieri/ttbar_PU140_DIGI/dcieri/ttbar/ttbar_PU140_DIGI/3c0380cf82de79bc39966c93934c61fc/step2_156_1_htJ.root
StorageElement: heplnx204.pp.rl.ac.uk
StageOutExitStatusReason = 'Copy succedeed with srm-lcg utils'
StageOutExitStatus = 0
>>> current dir: /scratch/condor/dir_13353/glide_PoOfkU/execute/dir_10256
>>> current dir content:
total 8828
-rw-------  1 cms415 gplcms    3055 Feb  2 23:05 .SEinteraction.log
-rwx------  1 cms415 gplcms      52 Feb  2 20:03 .chirp_config
-rwx------  1 cms415 gplcms    7835 Feb  2 20:03 .job.ad
-rwx------  1 cms415 gplcms    9806 Feb  2 20:03 .machine.ad
-rw-------  1 cms415 gplcms     105 Feb  2 12:16 CMSSW.py
-rw-------  1 cms415 gplcms  915837 Feb  2 12:16 CMSSW.py.pkl
-rwx------  1 cms415 gplcms   29498 Feb  2 20:04 CMSSW.sh
drwxr-xr-x 15 cms415 gplcms    4096 Feb  2 23:04 CMSSW_6_2_0_SLHC12
-rw-------  1 cms415 gplcms     190 Feb  2 20:04 CacheEnv.sh
-rw-------  1 cms415 gplcms    7291 Nov 19 14:52 DashboardAPI.py
-rw-------  1 cms415 gplcms    6470 Feb  2 20:04 DashboardAPI.pyc
drwx------  2 cms415 gplcms    4096 Feb  2 23:04 IMProv
-rw-------  1 cms415 gplcms    2748 Nov 19 14:52 Logger.py
-rw-------  1 cms415 gplcms    3232 Feb  2 20:04 Logger.pyc
-rw-------  1 cms415 gplcms   24524 Nov 19 14:52 ProcInfo.py
-rw-------  1 cms415 gplcms   22645 Feb  2 20:04 ProcInfo.pyc
drwx------  7 cms415 gplcms    4096 Feb  2 20:04 ProdCommon
drwx------  3 cms415 gplcms    4096 Feb  2 20:04 WMCore
-rw-------  1 cms415 gplcms   14219 Feb  2 23:05 Watchdog_156.log
-rwx------  1 cms415 gplcms       0 Feb  2 20:04 _condor_stderr
-rwx---r--  1 cms415 gplcms   40300 Feb  2 23:05 _condor_stdout
-rw-------  1 cms415 gplcms   32895 Nov 19 14:52 apmon.py
-rw-------  1 cms415 gplcms   27958 Feb  2 20:04 apmon.pyc
-rwx------  1 cms415 gplcms  134309 Feb  2 20:04 arguments.xml
-rwx------  1 cms415 gplcms   38581 Nov 19 14:52 cmscp.py
-rw-------  1 cms415 gplcms     562 Feb  2 23:05 cmscpReport.sh
-rwx------  1 cms415 gplcms   29498 Feb  2 20:04 condor_exec.exe
-rw-------  1 cms415 gplcms     544 Feb  2 12:16 crab.cfg
-rwx------  1 cms415 gplcms    8610 Nov 19 14:52 crabWatchdog.sh
-rwx---r--  1 cms415 gplcms  112097 Feb  2 23:04 crab_fjr_156.xml
-rwx------  1 cms415 gplcms 7390485 Feb  2 20:04 default.tgz
-rwx------  1 cms415 gplcms    4488 Nov 19 14:52 fillCrabFjr.py
-rw-------  1 cms415 gplcms     226 Feb  2 20:04 inputsReport.txt
-rw-------  1 cms415 gplcms     245 Feb  2 23:05 jobreport.txt
-rw-------  1 cms415 gplcms   17352 Nov 19 14:52 parseCrabFjr.py
-rw-------  1 cms415 gplcms     324 Feb  2 20:04 report.log
-rwx--x--x  1 cms415 gplcms    1497 Nov 19 14:52 report.py
-rw-------  1 cms415 gplcms     555 Feb  2 23:05 resultCopyFile
lrwxrwxrwx  1 cms415 gplcms      96 Feb  2 23:04 step2.root -> /scratch/condor/dir_13353/glide_PoOfkU/execute/dir_10256/CMSSW_6_2_0_SLHC12/step2_156_1_htJ.root
-rwx------  1 cms415 gplcms    8351 Nov 19 14:52 writeCfg.py
-rw-------  1 cms415 gplcms   10293 Feb  2 20:03 x509up_u62281
>>> Modify Job Report:
CMSSW_VERSION = CMSSW_6_2_0_SLHC12
ProcessedDataset = ttbar_PU140_DIGI
/scratch/condor/dir_13353/glide_PoOfkU/execute/dir_10256/ProdCommon/FwkJobRep/ModifyJobReport.py fjr /scratch/condor/dir_13353/glide_PoOfkU/execute/dir_10256/crab_fjr_156.xml json /scratch/condor/dir_13353/glide_PoOfkU/execute/dir_10256/resultCopyFile n_job 156_1_htJ PrimaryDataset ttbar  ApplicationFamily cmsRun ApplicationName cmsRun cmssw_version CMSSW_6_2_0_SLHC12 psethash 3c0380cf82de79bc39966c93934c61fc UserProcessedDataset dcieri-ttbar_PU140_DIGI-3c0380cf82de79bc39966c93934c61fc
inputDict =  {u'/scratch/condor/dir_13353/glide_PoOfkU/execute/dir_10256/CMSSW_6_2_0_SLHC12/step2_156_1_htJ.root': {u'endpoint': u'srm://heplnx204.pp.rl.ac.uk:8443/srm/managerv2?SFN=/pnfs/pp.rl.ac.uk/data/cms/store/user/dcieri/ttbar_PU140_DIGI/dcieri/ttbar/ttbar_PU140_DIGI/3c0380cf82de79bc39966c93934c61fc/', u'surl_for_grid': u'', u'reason': u'Copy succedeed with srm-lcg utils', u'erCode': u'0', u'PNN': u'T2_UK_SGrid_RALPP', u'se_name': u'heplnx204.pp.rl.ac.uk', u'for_lfn': u'/store/user/dcieri/ttbar_PU140_DIGI/dcieri/ttbar/ttbar_PU140_DIGI/3c0380cf82de79bc39966c93934c61fc/'}}
UserProcessedDataset =  dcieri-ttbar_PU140_DIGI-3c0380cf82de79bc39966c93934c61fc
WORKING ON EDM FILE
file_name in inputDict =  /scratch/condor/dir_13353/glide_PoOfkU/execute/dir_10256/CMSSW_6_2_0_SLHC12/step2_156_1_htJ.root
(size) os.stat(filename)[6] =  245984301
checksum =  3084561573
    file =  step2_156_1_htJ.root
    newPfn =  srm://heplnx204.pp.rl.ac.uk:8443/srm/managerv2?SFN=/pnfs/pp.rl.ac.uk/data/cms/store/user/dcieri/ttbar_PU140_DIGI/dcieri/ttbar/ttbar_PU140_DIGI/3c0380cf82de79bc39966c93934c61fc/step2_156_1_htJ.root
    newLfn =  /store/user/dcieri/ttbar_PU140_DIGI/dcieri/ttbar/ttbar_PU140_DIGI/3c0380cf82de79bc39966c93934c61fc/step2_156_1_htJ.root
>>> crab_fjr_*.xml  permission set to 0704
CrabWrapper EXIT_FUNC entered at Mon Feb  2 23:05:37 GMT 2015   -  Mon Feb  2 23:05:37 UTC 2015
Checking output files:  
will tar file crab_fjr_156.xml in  out_files_156
WARNING: output file CMSSW_156.stdout not found!
WARNING: output file CMSSW_156.stderr not found!
WARNING: output file Watchdog_156.log.gz not found!
>>> padding time: Wrapper lasting more than 600 seconds. No sleep required.
STOPPING WATCHDOG. CrabWatchdog PID is 11924
********** LAST 50 LINES OF WATCHDOG LOG
 Feb 02 20:56:35 GMT	12373	1220428	1743372	75	147	3138	cmsRun -j /scratch/condor/dir_13353/glide_PoOfkU/execute/dir_10256/crab_fjr_156.xml -p pset.py      
 Feb 02 20:57:35 GMT	12373	1222668	1743372	75	148	3198	cmsRun -j /scratch/condor/dir_13353/glide_PoOfkU/execute/dir_10256/crab_fjr_156.xml -p pset.py      
 Feb 02 20:58:35 GMT	12373	1223380	1743372	75	149	3259	cmsRun -j /scratch/condor/dir_13353/glide_PoOfkU/execute/dir_10256/crab_fjr_156.xml -p pset.py      
 Feb 02 20:59:36 GMT	---	1223380	1743372	97	----	----	----
 Feb 02 21:22:43 GMT	12373	1269040	1743372	97	202	4706	cmsRun -j /scratch/condor/dir_13353/glide_PoOfkU/execute/dir_10256/crab_fjr_156.xml -p pset.py      
 Feb 02 21:23:43 GMT	12373	1271752	1743372	97	204	4767	cmsRun -j /scratch/condor/dir_13353/glide_PoOfkU/execute/dir_10256/crab_fjr_156.xml -p pset.py      
 Feb 02 21:24:44 GMT	12373	1275756	1743372	97	206	4827	cmsRun -j /scratch/condor/dir_13353/glide_PoOfkU/execute/dir_10256/crab_fjr_156.xml -p pset.py      
 Feb 02 21:25:44 GMT	12373	1277116	1743372	97	208	4887	cmsRun -j /scratch/condor/dir_13353/glide_PoOfkU/execute/dir_10256/crab_fjr_156.xml -p pset.py      
 Feb 02 21:26:44 GMT	12373	1280080	1743372	97	210	4948	cmsRun -j /scratch/condor/dir_13353/glide_PoOfkU/execute/dir_10256/crab_fjr_156.xml -p pset.py      
 Feb 02 21:27:45 GMT	---	1280080	1743372	117	----	----	----
 Feb 02 21:43:49 GMT	12373	1280080	1750028	117	259	5972	cmsRun -j /scratch/condor/dir_13353/glide_PoOfkU/execute/dir_10256/crab_fjr_156.xml -p pset.py      
 Feb 02 21:44:50 GMT	12373	1294472	1754124	117	266	6033	cmsRun -j /scratch/condor/dir_13353/glide_PoOfkU/execute/dir_10256/crab_fjr_156.xml -p pset.py      
 Feb 02 21:45:50 GMT	12373	1297752	1754124	117	268	6093	cmsRun -j /scratch/condor/dir_13353/glide_PoOfkU/execute/dir_10256/crab_fjr_156.xml -p pset.py      
 Feb 02 21:46:50 GMT	12373	1301852	1754124	117	271	6153	cmsRun -j /scratch/condor/dir_13353/glide_PoOfkU/execute/dir_10256/crab_fjr_156.xml -p pset.py      
 Feb 02 21:47:50 GMT	12373	1303852	1754124	117	273	6214	cmsRun -j /scratch/condor/dir_13353/glide_PoOfkU/execute/dir_10256/crab_fjr_156.xml -p pset.py      
# TIME			PID	RSS(KB)	VSZ(KB)	Dsk(MB)	tCPU(s)	tWALL(s)	COMMAND
 Feb 02 21:48:51 GMT	12373	1303852	1804556	117	289	6274	cmsRun -j /scratch/condor/dir_13353/glide_PoOfkU/execute/dir_10256/crab_fjr_156.xml -p pset.py      
 Feb 02 21:48:51 GMT	---	1303852	1804556	141	----	----	----
 Feb 02 21:53:52 GMT	12373	1303852	1806604	141	298	6575	cmsRun -j /scratch/condor/dir_13353/glide_PoOfkU/execute/dir_10256/crab_fjr_156.xml -p pset.py      
 Feb 02 21:58:53 GMT	12373	1303852	1812236	141	310	6876	cmsRun -j /scratch/condor/dir_13353/glide_PoOfkU/execute/dir_10256/crab_fjr_156.xml -p pset.py      
 Feb 02 21:59:54 GMT	12373	1303852	1819404	141	313	6937	cmsRun -j /scratch/condor/dir_13353/glide_PoOfkU/execute/dir_10256/crab_fjr_156.xml -p pset.py      
 Feb 02 22:01:54 GMT	12373	1303852	1826316	141	321	7057	cmsRun -j /scratch/condor/dir_13353/glide_PoOfkU/execute/dir_10256/crab_fjr_156.xml -p pset.py      
 Feb 02 22:02:54 GMT	12373	1312692	1837580	141	327	7118	cmsRun -j /scratch/condor/dir_13353/glide_PoOfkU/execute/dir_10256/crab_fjr_156.xml -p pset.py      
 Feb 02 22:03:55 GMT	12373	1315648	1838860	141	331	7178	cmsRun -j /scratch/condor/dir_13353/glide_PoOfkU/execute/dir_10256/crab_fjr_156.xml -p pset.py      
 Feb 02 22:06:55 GMT	---	1315648	1838860	160	----	----	----
 Feb 02 22:26:01 GMT	12373	1324696	1838860	160	393	8504	cmsRun -j /scratch/condor/dir_13353/glide_PoOfkU/execute/dir_10256/crab_fjr_156.xml -p pset.py      
 Feb 02 22:27:01 GMT	12373	1324696	1856012	160	411	8565	cmsRun -j /scratch/condor/dir_13353/glide_PoOfkU/execute/dir_10256/crab_fjr_156.xml -p pset.py      
 Feb 02 22:27:01 GMT	---	1324696	1856012	183	----	----	----
 Feb 02 22:28:02 GMT	12373	1324696	1857036	183	413	8625	cmsRun -j /scratch/condor/dir_13353/glide_PoOfkU/execute/dir_10256/crab_fjr_156.xml -p pset.py      
 Feb 02 22:30:02 GMT	12373	1324696	1860108	183	425	8745	cmsRun -j /scratch/condor/dir_13353/glide_PoOfkU/execute/dir_10256/crab_fjr_156.xml -p pset.py      
 Feb 02 22:31:02 GMT	12373	1324696	1861132	183	429	8806	cmsRun -j /scratch/condor/dir_13353/glide_PoOfkU/execute/dir_10256/crab_fjr_156.xml -p pset.py      
 Feb 02 22:32:03 GMT	12373	1324696	1865996	183	434	8867	cmsRun -j /scratch/condor/dir_13353/glide_PoOfkU/execute/dir_10256/crab_fjr_156.xml -p pset.py      
 Feb 02 22:33:04 GMT	12373	1324696	1874444	183	439	8927	cmsRun -j /scratch/condor/dir_13353/glide_PoOfkU/execute/dir_10256/crab_fjr_156.xml -p pset.py      
 Feb 02 22:35:04 GMT	12373	1354576	1896716	183	457	9048	cmsRun -j /scratch/condor/dir_13353/glide_PoOfkU/execute/dir_10256/crab_fjr_156.xml -p pset.py      
 Feb 02 22:36:05 GMT	12373	1360276	1900300	183	463	9108	cmsRun -j /scratch/condor/dir_13353/glide_PoOfkU/execute/dir_10256/crab_fjr_156.xml -p pset.py      
 Feb 02 22:37:05 GMT	---	1360276	1900300	205	----	----	----
 Feb 02 22:44:07 GMT	12373	1360276	1901068	205	514	9591	cmsRun -j /scratch/condor/dir_13353/glide_PoOfkU/execute/dir_10256/crab_fjr_156.xml -p pset.py      
 Feb 02 22:45:08 GMT	12373	1379700	1920780	205	529	9651	cmsRun -j /scratch/condor/dir_13353/glide_PoOfkU/execute/dir_10256/crab_fjr_156.xml -p pset.py      
 Feb 02 22:46:08 GMT	12373	1394268	1926924	205	535	9711	cmsRun -j /scratch/condor/dir_13353/glide_PoOfkU/execute/dir_10256/crab_fjr_156.xml -p pset.py      
 Feb 02 22:48:09 GMT	---	1394268	1926924	229	----	----	----
 Feb 02 22:54:11 GMT	12373	1394268	1931532	229	575	10194	cmsRun -j /scratch/condor/dir_13353/glide_PoOfkU/execute/dir_10256/crab_fjr_156.xml -p pset.py      
 Feb 02 22:55:11 GMT	12373	1394268	1938444	229	585	10254	cmsRun -j /scratch/condor/dir_13353/glide_PoOfkU/execute/dir_10256/crab_fjr_156.xml -p pset.py      
 Feb 02 22:56:11 GMT	12373	1394268	1959180	229	603	10315	cmsRun -j /scratch/condor/dir_13353/glide_PoOfkU/execute/dir_10256/crab_fjr_156.xml -p pset.py      
 Feb 02 22:58:12 GMT	12373	1394268	1959436	229	632	10435	cmsRun -j /scratch/condor/dir_13353/glide_PoOfkU/execute/dir_10256/crab_fjr_156.xml -p pset.py      
 Feb 02 22:58:12 GMT	---	1394268	1959436	251	----	----	----
 Feb 02 23:01:13 GMT	12373	1394268	1966092	251	658	10616	cmsRun -j /scratch/condor/dir_13353/glide_PoOfkU/execute/dir_10256/crab_fjr_156.xml -p pset.py      
# TIME			PID	RSS(KB)	VSZ(KB)	Dsk(MB)	tCPU(s)	tWALL(s)	COMMAND
 Feb 02 23:02:13 GMT	12373	1394268	1972492	251	669	10677	cmsRun -j /scratch/condor/dir_13353/glide_PoOfkU/execute/dir_10256/crab_fjr_156.xml -p pset.py      
 Feb 02 23:04:15 GMT	12373	1403952	2003468	251	694	10798	cmsRun -j /scratch/condor/dir_13353/glide_PoOfkU/execute/dir_10256/crab_fjr_156.xml -p pset.py      
 Feb 02 23:05:15 GMT	---	1403952	2003468	272	----	----	----
********** WATCHDOG LOG ENDED
ZIPPING WATCHDOG LOG
Disk space used:
du -sh /scratch/condor/dir_13353/glide_PoOfkU/execute/dir_10256
272M	/scratch/condor/dir_13353/glide_PoOfkU/execute/dir_10256
Found unusual stdout, rename for OSB
`/scratch/condor/dir_13353/glide_PoOfkU/execute/dir_10256/_condor_stdout' -> `CMSSW_156.stdout'
Found unusual stderr, rename for OSB
`/scratch/condor/dir_13353/glide_PoOfkU/execute/dir_10256/_condor_stdout' -> `CMSSW_156.stderr'
crab_fjr_156.xml
CMSSW_156.stdout
CMSSW_156.stderr
Watchdog_156.log.gz
Total Output dimension: 24904
WARNING: output files size limit is set to: 50000000
Total Output dimension 24904 is fine.
JOB_EXIT_STATUS = 0
>>> info for dashboard:
***** Cat /scratch/condor/dir_13353/glide_PoOfkU/execute/dir_10256/jobreport.txt *****
MonitorJobID=156_https://submit-6.t2.ucsd.edu//150202//509447.155
MonitorID=dcieri_PU140_4dm08r
ExeTime=10824
ExeExitCode=0
StageOutExitStatusReason = 'Copy succedeed with srm-lcg utils'
StageOutSE = heplnx204.pp.rl.ac.uk
StageOutExitStatus = 0
CrabUserCpuTime=691.03
CrabSysCpuTime=24.69
CrabCpuPercentage=6%
CrabWrapperTime=10883
CrabStageoutTime=48
JobExitCode=0
***** End Cat jobreport *****
Parameters sent to Dashboard.
EXITING at Mon Feb  2 23:05:39 GMT 2015  -  Mon Feb  2 23:05:39 UTC 2015
