This script was generated by crab (version 2.11.1_patch1).
Running /scratch/condor/dir_22755/glide_z7DtgG/execute/dir_12805/condor_exec.exe with 2 positional parameters: 12 1
Today is Mon Feb  2 18:49:56 GMT 2015 - Mon Feb  2 18:49:56 UTC 2015
Job submitted on host heplnc038.pp.rl.ac.uk
Linux heplnc038.pp.rl.ac.uk 2.6.32-504.3.3.el6.x86_64 #1 SMP Tue Dec 16 14:29:22 CST 2014 x86_64 x86_64 x86_64 GNU/Linux
Distributor ID:	Scientific
Description:	Scientific Linux release 6.6 (Carbon)
>>> current directory (RUNTIME_AREA): /scratch/condor/dir_22755/glide_z7DtgG/execute/dir_12805
>>> current user: uid=157415(cms415) gid=157000(gplcms) groups=157000(gplcms)
>>> directory permission set to 0700
>>> umask set to:  u=rwx,g=,o=
>>> stdout stderr permission set to 0704
>>> voms proxy information:
subject   : /DC=ch/DC=cern/OU=Organic Units/OU=Users/CN=dcieri/CN=755391/CN=Davide Cieri/CN=769881070/CN=617680611
issuer    : /DC=ch/DC=cern/OU=Organic Units/OU=Users/CN=dcieri/CN=755391/CN=Davide Cieri/CN=769881070
identity  : /DC=ch/DC=cern/OU=Organic Units/OU=Users/CN=dcieri/CN=755391/CN=Davide Cieri
type      : RFC3820 compliant limited proxy
strength  : 1024
path      : /scratch/condor/dir_22755/glide_z7DtgG/execute/dir_12805/x509up_u62281
timeleft  : 23:58:27
key usage : Digital Signature, Key Encipherment
=== VO cms extension information ===
VO        : cms
subject   : /DC=ch/DC=cern/OU=Organic Units/OU=Users/CN=dcieri/CN=755391/CN=Davide Cieri
issuer    : /DC=ch/DC=cern/OU=computers/CN=lcg-voms2.cern.ch
attribute : /cms/Role=NULL/Capability=NULL
timeleft  : 185:26:28
uri       : lcg-voms2.cern.ch:15002

WNHostName=heplnc038.pp.rl.ac.uk
$_CONDOR_JOB_AD =/scratch/condor/dir_22755/glide_z7DtgG/execute/dir_12805/.job.ad
OverflowFlag=0
>>> tar --no-same-permissions -xf /scratch/condor/dir_22755/glide_z7DtgG/execute/dir_12805/default.tgz :
Successful untar
>>> Include /scratch/condor/dir_22755/glide_z7DtgG/execute/dir_12805 in PYTHONPATH:
strip arguments
env var CRAB_UNIQUE_JOB_ID set to: dcieri_PU140_4dm08r_12_1_wJM
out_files_12
>>> list of expected files on output sandbox
output files: crab_fjr_12.xml CMSSW_12.stdout CMSSW_12.stderr Watchdog_12.log.gz
>>> GridFlavour discovery: 
GridFlavour=LCG
>>> SyncSite discovery: 
SyncSite=T2_UK_SGrid_RALPP
>>> SyncCE discovery: 
getting SyncCE from GLIDEIN_Gaekeeper
SyncCE=heplnv146.pp.rl.ac.uk
>>> info for dashboard:
***** Cat /scratch/condor/dir_22755/glide_z7DtgG/execute/dir_12805/jobreport.txt *****
WNHostName=heplnc038.pp.rl.ac.uk
OverflowFlag=0
MonitorJobID=12_https://submit-6.t2.ucsd.edu//150202//509447.11
SyncGridJobId=https://submit-6.t2.ucsd.edu//150202//509447.11
MonitorID=dcieri_PU140_4dm08r
GridFlavour=LCG
SyncSite=T2_UK_SGrid_RALPP
SyncCE=heplnv146.pp.rl.ac.uk
***** End Cat jobreport *****
Parameters sent to Dashboard.
>>> setup environment
set SCRAM ARCH to slc6_amd64_gcc472
SCRAM_ARCH = slc6_amd64_gcc472
>>> setup CMS LCG environment:
set SCRAM ARCH and BUILD_ARCH to slc6_amd64_gcc472 ###
Sourcing environment... 
sourcing /cvmfs/cms.cern.ch/cmsset_default.sh
==> setup cms environment ok
>>> specific cmssw setup environment:
CMSSW_VERSION =  CMSSW_6_2_0_SLHC12
WARNING: In non-interactive mode release checks e.g. deprecated releases, production architectures are disabled.
>>> current directory (SOFTWARE_DIR): /scratch/condor/dir_22755/glide_z7DtgG/execute/dir_12805/CMSSW_6_2_0_SLHC12
PreserveSeeds: <>
IncrementSeeds:<>
>>> info for dashboard:
***** Cat /scratch/condor/dir_22755/glide_z7DtgG/execute/dir_12805/jobreport.txt *****
MonitorJobID=12_https://submit-6.t2.ucsd.edu//150202//509447.11
MonitorID=dcieri_PU140_4dm08r
***** End Cat jobreport *****
Parameters sent to Dashboard.
crabWatchdog started as process 15054
>>> moving CMSSW software directories in /scratch/condor/dir_22755/glide_z7DtgG/execute/dir_12805/CMSSW_6_2_0_SLHC12
mv: cannot stat `/scratch/condor/dir_22755/glide_z7DtgG/execute/dir_12805/module/': No such file or directory
>>> Include /scratch/condor/dir_22755/glide_z7DtgG/execute/dir_12805 in PYTHONPATH:
PYTHONPATH=/scratch/condor/dir_22755/glide_z7DtgG/execute/dir_12805/:/scratch/condor/dir_22755/glide_z7DtgG/execute/dir_12805/CMSSW_6_2_0_SLHC12/python:/scratch/condor/dir_22755/glide_z7DtgG/execute/dir_12805/CMSSW_6_2_0_SLHC12/lib/slc6_amd64_gcc472:/cvmfs/cms.cern.ch/slc6_amd64_gcc472/cms/cmssw/CMSSW_6_2_0_SLHC12/python:/cvmfs/cms.cern.ch/slc6_amd64_gcc472/cms/cmssw/CMSSW_6_2_0_SLHC12/lib/slc6_amd64_gcc472:/cvmfs/cms.cern.ch/slc6_amd64_gcc472/cms/coral/CORAL_2_3_21-cms35/slc6_amd64_gcc472/python:/cvmfs/cms.cern.ch/slc6_amd64_gcc472/cms/coral/CORAL_2_3_21-cms35/slc6_amd64_gcc472/lib:/cvmfs/cms.cern.ch/slc6_amd64_gcc472/external/python-ldap/2.3.5-cms5/lib/python2.7/site-packages:/cvmfs/cms.cern.ch/slc6_amd64_gcc472/external/pyqt/4.8.1-cms5/lib/python2.7/site-packages:/cvmfs/cms.cern.ch/slc6_amd64_gcc472/external/py2-scipy/0.8.0-cms7/lib/python2.7/site-packages:/cvmfs/cms.cern.ch/slc6_amd64_gcc472/external/py2-matplotlib/1.0.1-cms7/lib/python2.7/site-packages:/cvmfs/cms.cern.ch/slc6_amd64_gcc472/external/sip/4.11.2-cms5/lib/python2.7/site-packages:/cvmfs/cms.cern.ch/slc6_amd64_gcc472/external/py2-pycurl/7.19.0-cms7/lib/python2.7/site-packages:/cvmfs/cms.cern.ch/slc6_amd64_gcc472/external/py2-numpy/1.6.1-cms7/lib/python2.7/site-packages:/cvmfs/cms.cern.ch/slc6_amd64_gcc472/external/py2-lint/0.25.1-cms5/lib/python2.7/site-packages:/cvmfs/cms.cern.ch/slc6_amd64_gcc472/external/py2-ipython/0.10-cms5/lib/python2.7/site-packages:/cvmfs/cms.cern.ch/slc6_amd64_gcc472/external/py2-cx-oracle/5.1-cms5/lib/python2.7/site-packages:/cvmfs/cms.cern.ch/slc6_amd64_gcc472/external/py2-cjson/1.0.5-cms5/lib/python2.7/site-packages:/cvmfs/cms.cern.ch/slc6_amd64_gcc472/cms/das-client/1.11.7/bin:/cvmfs/cms.cern.ch/slc6_amd64_gcc472/external/elementtree/1.2.6-cms5/share/lib/python2.7/site-packages:/cvmfs/cms.cern.ch/slc6_amd64_gcc472/external/rivet/1.8.2-cms9/lib/python2.7/site-packages:/cvmfs/cms.cern.ch/slc6_amd64_gcc472/external/pyminuit2/0.0.1-cms19/lib/python2.7/site-packages:/cvmfs/cms.cern.ch/slc6_amd64_gcc472/external/py2-pygithub/1.23.0-cms2/lib/python2.7/site-packages:/cvmfs/cms.cern.ch/slc6_amd64_gcc472/external/professor/1.0.0-cms19/lib/python2.7/site-packages:/cvmfs/cms.cern.ch/slc6_amd64_gcc472/lcg/root/5.34.07-cms/lib:/cvmfs/cms.cern.ch/slc6_amd64_gcc472/cms/dbs-client/DBS_2_1_9-cms5/lib:/cvmfs/cms.cern.ch/slc6_amd64_gcc472/cms/dbs-client/DBS_2_1_9-cms5/lib/DBSAPI:/cvmfs/cms.cern.ch/slc6_amd64_gcc472/external/cvs2git/5419-cms/lib:/scratch/condor/dir_22755/glide_z7DtgG/execute/dir_12805/
 
# LIMITS USED BY CRAB WATCHDOG:
# RSS  (KBytes)   : 2300000
# VSZ  (KBytes)   : 100000000
# DISK (MBytes)   : 19000
# CPU TIME        : 720h:0m:0s
# WALL CLOCK TIME : 21h:50m:0s
 
3c0380cf82de79bc39966c93934c61fc
PSETHASH = 3c0380cf82de79bc39966c93934c61fc
/scratch/condor/dir_22755/glide_z7DtgG/execute/dir_12805/writeCfg.py pset.py pset.py
Importing .py file
Setting parameters
RandomNumberGeneratorService found, will attempt to change seeds
inputBlocks=/ttbar/dcieri-ttbar_SIM-130075366148575c102f0d64fd3ac8f7/USER#61fb3af0-2cd9-4c22-a912-0e1a7ef51606
inputFiles=/store/user/dcieri/ttbar_SIM/ttbar/ttbar_SIM/150129_145223/0000/step1_59.root
parentFiles=
lumisRange=
>>> Executable cmsRun
/cvmfs/cms.cern.ch/slc6_amd64_gcc472/cms/cmssw/CMSSW_6_2_0_SLHC12/bin/slc6_amd64_gcc472/cmsRun
ok executable found
>>> info for dashboard:
***** Cat /scratch/condor/dir_22755/glide_z7DtgG/execute/dir_12805/jobreport.txt *****
MonitorJobID=12_https://submit-6.t2.ucsd.edu//150202//509447.11
MonitorID=dcieri_PU140_4dm08r
ExeStart=cmsRun
***** End Cat jobreport *****
Parameters sent to Dashboard.
>>> cmsRun started at Mon Feb  2 18:50:04 UTC 2015
>>> cmsRun ended at Mon Feb  2 22:39:23 UTC 2015
>>> crab_fjr_*.xml  permission set to 0704
>>> info for dashboard:
***** Cat /scratch/condor/dir_22755/glide_z7DtgG/execute/dir_12805/jobreport.txt *****
MonitorJobID=12_https://submit-6.t2.ucsd.edu//150202//509447.11
MonitorID=dcieri_PU140_4dm08r
ExeEnd=cmsRun
***** End Cat jobreport *****
Parameters sent to Dashboard.
TIME_EXE = 13759 sec
>>> cmsRun wrote 247 lines of stdout+stderr
>>> START OF printout of 247 lines from stdout+stderr
271 DQMStore::DQMStore 
HcalTopologyIdealEP::HcalTopologyIdealEP
02-Feb-2015 18:50:16 GMT  Initiating request to open file root://dcap.pp.rl.ac.uk:1094/pnfs/pp.rl.ac.uk/data/cms/store/user/dcieri/ttbar_SIM/ttbar/ttbar_SIM/150129_145223/0000/step1_59.root
02-Feb-2015 18:50:18 GMT  Successfully opened file root://dcap.pp.rl.ac.uk:1094/pnfs/pp.rl.ac.uk/data/cms/store/user/dcieri/ttbar_SIM/ttbar/ttbar_SIM/150129_145223/0000/step1_59.root
02-Feb-2015 18:50:19 GMT  Initiating request to open file root://xrootd.unl.edu//store/group/dpg_trigger/comm_trigger/L1TrackTrigger/620_SLHC10/Extended2023TTI/MinBias/MinBias_TuneZ2star_GEN_SIM_1.root
02-Feb-2015 18:50:29 GMT  Successfully opened file root://xrootd.unl.edu//store/group/dpg_trigger/comm_trigger/L1TrackTrigger/620_SLHC10/Extended2023TTI/MinBias/MinBias_TuneZ2star_GEN_SIM_1.root
disableME1a = 0
HcalTopologyIdealEP::produce(const IdealGeometryRecord& iRecord)
mode = 2, maxDepthHB = 3, maxDepthHE = 5
RPCGeometryESModule :: produce
RPCGeometryESModule :: produce :: 1/4 Get Muon Ideal Geometry Record
RPCGeometryESModule :: produce :: 2/4 Get Muon DDD Constants
RPCGeometryESModule :: produce :: 3/4 Get Muon Numbering Record
in MuonNumberingInitialization::initializeMuonDDDConstants
about to make my new muonDDDConst_
in MuonNumberingInitialization::produce
RPCGeometryESModule :: produce :: 4/4 Build
Found:

	Barrel Stack layer 5 : 1008 stacks
	Barrel Stack layer 6 : 1320 stacks
	Barrel Stack layer 7 : 1836 stacks
	Barrel Stack layer 8 : 1152 stacks
	Barrel Stack layer 9 : 1488 stacks
	Barrel Stack layer 10 : 1824 stacks

	Endcap Stack disk 11 : 1360 stacks
	Endcap Stack disk 12 : 1360 stacks
	Endcap Stack disk 13 : 1360 stacks
	Endcap Stack disk 14 : 1360 stacks
	Endcap Stack disk 15 : 1360 stacks
Created 15428 stacks in 18 s

TTClusterBuilder< edm::Ref<edm::DetSetVector<PixelDigi>, PixelDigi, edm::refhelper::FindForDetSetVector<PixelDigi> > > loaded modules:
	TTClusterAlgorithm:	TTClusterAlgorithm_2d2013< edm::Ref<edm::DetSetVector<PixelDigi>, PixelDigi, edm::refhelper::FindForDetSetVector<PixelDigi> > >


TTStubBuilder< edm::Ref<edm::DetSetVector<PixelDigi>, PixelDigi, edm::refhelper::FindForDetSetVector<PixelDigi> > > loaded modules:
	TTStubAlgorithm:	TTStubAlgorithm_tab2013< edm::Ref<edm::DetSetVector<PixelDigi>, PixelDigi, edm::refhelper::FindForDetSetVector<PixelDigi> > >


TTClusterAssociator< edm::Ref<edm::DetSetVector<PixelDigi>, PixelDigi, edm::refhelper::FindForDetSetVector<PixelDigi> > > loaded.


TTStubAssociator< edm::Ref<edm::DetSetVector<PixelDigi>, PixelDigi, edm::refhelper::FindForDetSetVector<PixelDigi> > > loaded.


TTTrackAssociator< edm::Ref<edm::DetSetVector<PixelDigi>, PixelDigi, edm::refhelper::FindForDetSetVector<PixelDigi> > > loaded.

Begin processing the 1st record. Run 1, Event 581, LumiSection 59 at 02-Feb-2015 18:51:07.645 GMT
02-Feb-2015 18:51:14 GMT  Closed file root://xrootd.unl.edu//store/group/dpg_trigger/comm_trigger/L1TrackTrigger/620_SLHC10/Extended2023TTI/MinBias/MinBias_TuneZ2star_GEN_SIM_1.root
02-Feb-2015 18:51:14 GMT  Initiating request to open file root://xrootd.unl.edu//store/group/dpg_trigger/comm_trigger/L1TrackTrigger/620_SLHC10/Extended2023TTI/MinBias/MinBias_TuneZ2star_GEN_SIM_411.root
02-Feb-2015 18:51:45 GMT  Successfully opened file root://xrootd.unl.edu//store/group/dpg_trigger/comm_trigger/L1TrackTrigger/620_SLHC10/Extended2023TTI/MinBias/MinBias_TuneZ2star_GEN_SIM_411.root
150202 18:56:16 15349 Xrd: XrdClientMessage::ReadRaw: Failed to read header (8 bytes).
150202 18:56:46 15347 Xrd: XrdClientMessage::ReadRaw: Failed to read header (8 bytes).
02-Feb-2015 19:02:08 GMT  Closed file root://xrootd.unl.edu//store/group/dpg_trigger/comm_trigger/L1TrackTrigger/620_SLHC10/Extended2023TTI/MinBias/MinBias_TuneZ2star_GEN_SIM_411.root
02-Feb-2015 19:02:08 GMT  Initiating request to open file root://xrootd.unl.edu//store/group/dpg_trigger/comm_trigger/L1TrackTrigger/620_SLHC10/Extended2023TTI/MinBias/MinBias_TuneZ2star_GEN_SIM_678.root
150202 19:02:38 30051 Xrd: CheckErrorStatus: Server [llrxrd-redir.in2p3.fr:1094] declared: session not found(error code: 3011)
02-Feb-2015 19:02:38 GMT  Successfully opened file root://xrootd.unl.edu//store/group/dpg_trigger/comm_trigger/L1TrackTrigger/620_SLHC10/Extended2023TTI/MinBias/MinBias_TuneZ2star_GEN_SIM_678.root
150202 19:07:17 17482 Xrd: XrdClientMessage::ReadRaw: Failed to read header (8 bytes).
150202 19:07:47 30229 Xrd: XrdClientMessage::ReadRaw: Failed to read header (8 bytes).
150202 19:10:46 15323 Xrd: XrdClientMessage::ReadRaw: Failed to read header (8 bytes).
150202 19:10:46 15324 Xrd: XrdClientMessage::ReadRaw: Failed to read header (8 bytes).
150202 19:11:47 15346 Xrd: XrdClientMessage::ReadRaw: Failed to read header (8 bytes).
02-Feb-2015 19:12:59 GMT  Closed file root://xrootd.unl.edu//store/group/dpg_trigger/comm_trigger/L1TrackTrigger/620_SLHC10/Extended2023TTI/MinBias/MinBias_TuneZ2star_GEN_SIM_678.root
02-Feb-2015 19:12:59 GMT  Initiating request to open file root://xrootd.unl.edu//store/group/dpg_trigger/comm_trigger/L1TrackTrigger/620_SLHC10/Extended2023TTI/MinBias/MinBias_TuneZ2star_GEN_SIM_377.root
150202 19:15:43 11085 Xrd: CheckErrorStatus: Server [llrxrd-redir.in2p3.fr:1094] declared: session not found(error code: 3011)
02-Feb-2015 19:15:44 GMT  Successfully opened file root://xrootd.unl.edu//store/group/dpg_trigger/comm_trigger/L1TrackTrigger/620_SLHC10/Extended2023TTI/MinBias/MinBias_TuneZ2star_GEN_SIM_377.root
Building the geometry service
150202 19:18:17 30256 Xrd: XrdClientMessage::ReadRaw: Failed to read header (8 bytes).
Warning did not find digi
Warning did not find digi
Warning did not find digi
Warning did not find digi
Warning did not find digi in disks
Warning did not find digi in disks
Warning did not find digi in disks
Warning did not find digi in disks
150202 19:20:47 13760 Xrd: XrdClientMessage::ReadRaw: Failed to read header (8 bytes).
02-Feb-2015 19:25:47 GMT  Closed file root://xrootd.unl.edu//store/group/dpg_trigger/comm_trigger/L1TrackTrigger/620_SLHC10/Extended2023TTI/MinBias/MinBias_TuneZ2star_GEN_SIM_377.root
02-Feb-2015 19:25:47 GMT  Initiating request to open file root://xrootd.unl.edu//store/group/dpg_trigger/comm_trigger/L1TrackTrigger/620_SLHC10/Extended2023TTI/MinBias/MinBias_TuneZ2star_GEN_SIM_59.root
150202 19:26:18 26375 Xrd: CheckErrorStatus: Server [cms-xrd-global.cern.ch:1094] declared: session not found(error code: 3011)
150202 19:26:18 26375 Xrd: CheckErrorStatus: Server [xrootd.ba.infn.it:1094] declared: session not found(error code: 3011)
02-Feb-2015 19:26:18 GMT  Successfully opened file root://xrootd.unl.edu//store/group/dpg_trigger/comm_trigger/L1TrackTrigger/620_SLHC10/Extended2023TTI/MinBias/MinBias_TuneZ2star_GEN_SIM_59.root
150202 19:31:17 13794 Xrd: XrdClientMessage::ReadRaw: Failed to read header (8 bytes).
150202 19:31:47 27221 Xrd: XrdClientMessage::ReadRaw: Failed to read header (8 bytes).
150202 19:35:47 30210 Xrd: XrdClientMessage::ReadRaw: Failed to read header (8 bytes).
02-Feb-2015 19:36:51 GMT  Closed file root://xrootd.unl.edu//store/group/dpg_trigger/comm_trigger/L1TrackTrigger/620_SLHC10/Extended2023TTI/MinBias/MinBias_TuneZ2star_GEN_SIM_59.root
02-Feb-2015 19:36:51 GMT  Initiating request to open file root://xrootd.unl.edu//store/group/dpg_trigger/comm_trigger/L1TrackTrigger/620_SLHC10/Extended2023TTI/MinBias/MinBias_TuneZ2star_GEN_SIM_645.root
150202 19:37:22 7808 Xrd: CheckErrorStatus: Server [cms-xrd-global.cern.ch:1094] declared: session not found(error code: 3011)
150202 19:37:22 7808 Xrd: CheckErrorStatus: Server [llrxrd-redir.in2p3.fr:1094] declared: session not found(error code: 3011)
02-Feb-2015 19:37:23 GMT  Successfully opened file root://xrootd.unl.edu//store/group/dpg_trigger/comm_trigger/L1TrackTrigger/620_SLHC10/Extended2023TTI/MinBias/MinBias_TuneZ2star_GEN_SIM_645.root
150202 19:42:17 27222 Xrd: XrdClientMessage::ReadRaw: Failed to read header (8 bytes).
150202 19:42:47 8682 Xrd: XrdClientMessage::ReadRaw: Failed to read header (8 bytes).
DTTSPhi::addTracoT: preview not present in TRACO trigger or its code=0  trigger not added!
DTTSPhi::addTracoT: preview not present in TRACO trigger or its code=0  trigger not added!
150202 19:46:46 27220 Xrd: XrdClientMessage::ReadRaw: Failed to read header (8 bytes).
02-Feb-2015 19:48:42 GMT  Closed file root://xrootd.unl.edu//store/group/dpg_trigger/comm_trigger/L1TrackTrigger/620_SLHC10/Extended2023TTI/MinBias/MinBias_TuneZ2star_GEN_SIM_645.root
02-Feb-2015 19:48:42 GMT  Initiating request to open file root://xrootd.unl.edu//store/group/dpg_trigger/comm_trigger/L1TrackTrigger/620_SLHC10/Extended2023TTI/MinBias/MinBias_TuneZ2star_GEN_SIM_547.root
150202 19:49:13 23394 Xrd: CheckErrorStatus: Server [cms-xrd-global.cern.ch:1094] declared: session not found(error code: 3011)
150202 19:49:13 23394 Xrd: CheckErrorStatus: Server [xrootd.ba.infn.it:1094] declared: session not found(error code: 3011)
02-Feb-2015 19:49:14 GMT  Successfully opened file root://xrootd.unl.edu//store/group/dpg_trigger/comm_trigger/L1TrackTrigger/620_SLHC10/Extended2023TTI/MinBias/MinBias_TuneZ2star_GEN_SIM_547.root
150202 19:53:46 8683 Xrd: XrdClientMessage::ReadRaw: Failed to read header (8 bytes).
150202 19:54:17 24298 Xrd: XrdClientMessage::ReadRaw: Failed to read header (8 bytes).
150202 19:57:46 8681 Xrd: XrdClientMessage::ReadRaw: Failed to read header (8 bytes).
02-Feb-2015 19:59:32 GMT  Closed file root://xrootd.unl.edu//store/group/dpg_trigger/comm_trigger/L1TrackTrigger/620_SLHC10/Extended2023TTI/MinBias/MinBias_TuneZ2star_GEN_SIM_547.root
02-Feb-2015 19:59:32 GMT  Initiating request to open file root://xrootd.unl.edu//store/group/dpg_trigger/comm_trigger/L1TrackTrigger/620_SLHC10/Extended2023TTI/MinBias/MinBias_TuneZ2star_GEN_SIM_369.root
150202 20:00:03 4587 Xrd: CheckErrorStatus: Server [xrootd-redic.pi.infn.it:1094] declared: session not found(error code: 3011)
02-Feb-2015 20:00:04 GMT  Successfully opened file root://xrootd.unl.edu//store/group/dpg_trigger/comm_trigger/L1TrackTrigger/620_SLHC10/Extended2023TTI/MinBias/MinBias_TuneZ2star_GEN_SIM_369.root
150202 20:04:47 24299 Xrd: XrdClientMessage::ReadRaw: Failed to read header (8 bytes).
150202 20:05:17 5540 Xrd: XrdClientMessage::ReadRaw: Failed to read header (8 bytes).
02-Feb-2015 20:08:48 GMT  Closed file root://xrootd.unl.edu//store/group/dpg_trigger/comm_trigger/L1TrackTrigger/620_SLHC10/Extended2023TTI/MinBias/MinBias_TuneZ2star_GEN_SIM_369.root
02-Feb-2015 20:08:48 GMT  Initiating request to open file root://xrootd.unl.edu//store/group/dpg_trigger/comm_trigger/L1TrackTrigger/620_SLHC10/Extended2023TTI/MinBias/MinBias_TuneZ2star_GEN_SIM_527.root
150202 20:09:11 15806 Xrd: CheckErrorStatus: Server [xrootd.ba.infn.it:1094] declared: session not found(error code: 3011)
02-Feb-2015 20:09:11 GMT  Successfully opened file root://xrootd.unl.edu//store/group/dpg_trigger/comm_trigger/L1TrackTrigger/620_SLHC10/Extended2023TTI/MinBias/MinBias_TuneZ2star_GEN_SIM_527.root
150202 20:14:16 16631 Xrd: XrdClientMessage::ReadRaw: Failed to read header (8 bytes).
150202 20:14:17 5541 Xrd: XrdClientMessage::ReadRaw: Failed to read header (8 bytes).
02-Feb-2015 20:17:07 GMT  Closed file root://xrootd.unl.edu//store/group/dpg_trigger/comm_trigger/L1TrackTrigger/620_SLHC10/Extended2023TTI/MinBias/MinBias_TuneZ2star_GEN_SIM_527.root
02-Feb-2015 20:17:07 GMT  Initiating request to open file root://xrootd.unl.edu//store/group/dpg_trigger/comm_trigger/L1TrackTrigger/620_SLHC10/Extended2023TTI/MinBias/MinBias_TuneZ2star_GEN_SIM_987.root
150202 20:17:38 26460 Xrd: CheckErrorStatus: Server [xrootd.ba.infn.it:1094] declared: session not found(error code: 3011)
02-Feb-2015 20:17:39 GMT  Successfully opened file root://xrootd.unl.edu//store/group/dpg_trigger/comm_trigger/L1TrackTrigger/620_SLHC10/Extended2023TTI/MinBias/MinBias_TuneZ2star_GEN_SIM_987.root
150202 20:20:16 5539 Xrd: XrdClientMessage::ReadRaw: Failed to read header (8 bytes).
150202 20:22:17 16632 Xrd: XrdClientMessage::ReadRaw: Failed to read header (8 bytes).
150202 20:22:47 26746 Xrd: XrdClientMessage::ReadRaw: Failed to read header (8 bytes).
02-Feb-2015 20:27:27 GMT  Closed file root://xrootd.unl.edu//store/group/dpg_trigger/comm_trigger/L1TrackTrigger/620_SLHC10/Extended2023TTI/MinBias/MinBias_TuneZ2star_GEN_SIM_987.root
02-Feb-2015 20:27:27 GMT  Initiating request to open file root://xrootd.unl.edu//store/group/dpg_trigger/comm_trigger/L1TrackTrigger/620_SLHC10/Extended2023TTI/MinBias/MinBias_TuneZ2star_GEN_SIM_446.root
150202 20:27:57 7116 Xrd: CheckErrorStatus: Server [cms-xrd-global.cern.ch:1094] declared: session not found(error code: 3011)
150202 20:27:57 7116 Xrd: CheckErrorStatus: Server [xrootd-redic.pi.infn.it:1094] declared: session not found(error code: 3011)
02-Feb-2015 20:27:57 GMT  Successfully opened file root://xrootd.unl.edu//store/group/dpg_trigger/comm_trigger/L1TrackTrigger/620_SLHC10/Extended2023TTI/MinBias/MinBias_TuneZ2star_GEN_SIM_446.root
150202 20:32:47 26747 Xrd: XrdClientMessage::ReadRaw: Failed to read header (8 bytes).
150202 20:33:17 7665 Xrd: XrdClientMessage::ReadRaw: Failed to read header (8 bytes).
02-Feb-2015 20:37:20 GMT  Closed file root://xrootd.unl.edu//store/group/dpg_trigger/comm_trigger/L1TrackTrigger/620_SLHC10/Extended2023TTI/MinBias/MinBias_TuneZ2star_GEN_SIM_446.root
02-Feb-2015 20:37:20 GMT  Initiating request to open file root://xrootd.unl.edu//store/group/dpg_trigger/comm_trigger/L1TrackTrigger/620_SLHC10/Extended2023TTI/MinBias/MinBias_TuneZ2star_GEN_SIM_202.root
150202 20:37:46 24297 Xrd: XrdClientMessage::ReadRaw: Failed to read header (8 bytes).
150202 20:37:51 19715 Xrd: CheckErrorStatus: Server [cms-xrd-global.cern.ch:1094] declared: session not found(error code: 3011)
150202 20:37:51 19715 Xrd: CheckErrorStatus: Server [llrxrd-redir.in2p3.fr:1094] declared: session not found(error code: 3011)
02-Feb-2015 20:37:52 GMT  Successfully opened file root://xrootd.unl.edu//store/group/dpg_trigger/comm_trigger/L1TrackTrigger/620_SLHC10/Extended2023TTI/MinBias/MinBias_TuneZ2star_GEN_SIM_202.root
150202 20:42:47 7666 Xrd: XrdClientMessage::ReadRaw: Failed to read header (8 bytes).
150202 20:43:17 20196 Xrd: XrdClientMessage::ReadRaw: Failed to read header (8 bytes).
02-Feb-2015 20:46:53 GMT  Closed file root://xrootd.unl.edu//store/group/dpg_trigger/comm_trigger/L1TrackTrigger/620_SLHC10/Extended2023TTI/MinBias/MinBias_TuneZ2star_GEN_SIM_202.root
02-Feb-2015 20:46:53 GMT  Initiating request to open file root://xrootd.unl.edu//store/group/dpg_trigger/comm_trigger/L1TrackTrigger/620_SLHC10/Extended2023TTI/MinBias/MinBias_TuneZ2star_GEN_SIM_291.root
150202 20:47:29 1321 Xrd: CheckErrorStatus: Server [llrxrd-redir.in2p3.fr:1094] declared: session not found(error code: 3011)
02-Feb-2015 20:47:30 GMT  Successfully opened file root://xrootd.unl.edu//store/group/dpg_trigger/comm_trigger/L1TrackTrigger/620_SLHC10/Extended2023TTI/MinBias/MinBias_TuneZ2star_GEN_SIM_291.root
150202 20:48:17 7664 Xrd: XrdClientMessage::ReadRaw: Failed to read header (8 bytes).
150202 20:52:17 20197 Xrd: XrdClientMessage::ReadRaw: Failed to read header (8 bytes).
150202 20:52:47 2234 Xrd: XrdClientMessage::ReadRaw: Failed to read header (8 bytes).
02-Feb-2015 20:56:12 GMT  Closed file root://xrootd.unl.edu//store/group/dpg_trigger/comm_trigger/L1TrackTrigger/620_SLHC10/Extended2023TTI/MinBias/MinBias_TuneZ2star_GEN_SIM_291.root
02-Feb-2015 20:56:12 GMT  Initiating request to open file root://xrootd.unl.edu//store/group/dpg_trigger/comm_trigger/L1TrackTrigger/620_SLHC10/Extended2023TTI/MinBias/MinBias_TuneZ2star_GEN_SIM_151.root
150202 20:56:43 18629 Xrd: CheckErrorStatus: Server [llrxrd-redir.in2p3.fr:1094] declared: session not found(error code: 3011)
02-Feb-2015 20:56:43 GMT  Successfully opened file root://xrootd.unl.edu//store/group/dpg_trigger/comm_trigger/L1TrackTrigger/620_SLHC10/Extended2023TTI/MinBias/MinBias_TuneZ2star_GEN_SIM_151.root
150202 21:01:17 2235 Xrd: XrdClientMessage::ReadRaw: Failed to read header (8 bytes).
150202 21:01:46 19342 Xrd: XrdClientMessage::ReadRaw: Failed to read header (8 bytes).
02-Feb-2015 21:05:08 GMT  Closed file root://xrootd.unl.edu//store/group/dpg_trigger/comm_trigger/L1TrackTrigger/620_SLHC10/Extended2023TTI/MinBias/MinBias_TuneZ2star_GEN_SIM_151.root
02-Feb-2015 21:05:08 GMT  Initiating request to open file root://xrootd.unl.edu//store/group/dpg_trigger/comm_trigger/L1TrackTrigger/620_SLHC10/Extended2023TTI/MinBias/MinBias_TuneZ2star_GEN_SIM_995.root
150202 21:05:57 29700 Xrd: CheckErrorStatus: Server [llrxrd-redir.in2p3.fr:1094] declared: session not found(error code: 3011)
02-Feb-2015 21:05:57 GMT  Successfully opened file root://xrootd.unl.edu//store/group/dpg_trigger/comm_trigger/L1TrackTrigger/620_SLHC10/Extended2023TTI/MinBias/MinBias_TuneZ2star_GEN_SIM_995.root
150202 21:10:17 19343 Xrd: XrdClientMessage::ReadRaw: Failed to read header (8 bytes).
150202 21:11:17 30671 Xrd: XrdClientMessage::ReadRaw: Failed to read header (8 bytes).
02-Feb-2015 21:12:39 GMT  Closed file root://xrootd.unl.edu//store/group/dpg_trigger/comm_trigger/L1TrackTrigger/620_SLHC10/Extended2023TTI/MinBias/MinBias_TuneZ2star_GEN_SIM_995.root
02-Feb-2015 21:12:39 GMT  Initiating request to open file root://xrootd.unl.edu//store/group/dpg_trigger/comm_trigger/L1TrackTrigger/620_SLHC10/Extended2023TTI/MinBias/MinBias_TuneZ2star_GEN_SIM_752.root
150202 21:13:10 6445 Xrd: CheckErrorStatus: Server [llrxrd-redir.in2p3.fr:1094] declared: session not found(error code: 3011)
02-Feb-2015 21:13:11 GMT  Successfully opened file root://xrootd.unl.edu//store/group/dpg_trigger/comm_trigger/L1TrackTrigger/620_SLHC10/Extended2023TTI/MinBias/MinBias_TuneZ2star_GEN_SIM_752.root
150202 21:17:47 30672 Xrd: XrdClientMessage::ReadRaw: Failed to read header (8 bytes).
150202 21:18:17 7041 Xrd: XrdClientMessage::ReadRaw: Failed to read header (8 bytes).
02-Feb-2015 21:22:17 GMT  Closed file root://xrootd.unl.edu//store/group/dpg_trigger/comm_trigger/L1TrackTrigger/620_SLHC10/Extended2023TTI/MinBias/MinBias_TuneZ2star_GEN_SIM_752.root
02-Feb-2015 21:22:17 GMT  Initiating request to open file root://xrootd.unl.edu//store/group/dpg_trigger/comm_trigger/L1TrackTrigger/620_SLHC10/Extended2023TTI/MinBias/MinBias_TuneZ2star_GEN_SIM_638.root
150202 21:22:47 18416 Xrd: CheckErrorStatus: Server [llrxrd-redir.in2p3.fr:1094] declared: session not found(error code: 3011)
150202 21:22:47 18416 Xrd: CheckErrorStatus: Server [eoscms.cern.ch:1094] declared: session not found(error code: 3011)
02-Feb-2015 21:22:47 GMT  Successfully opened file root://xrootd.unl.edu//store/group/dpg_trigger/comm_trigger/L1TrackTrigger/620_SLHC10/Extended2023TTI/MinBias/MinBias_TuneZ2star_GEN_SIM_638.root
150202 21:27:46 7042 Xrd: XrdClientMessage::ReadRaw: Failed to read header (8 bytes).
150202 21:28:16 19111 Xrd: XrdClientMessage::ReadRaw: Failed to read header (8 bytes).
02-Feb-2015 21:32:00 GMT  Closed file root://xrootd.unl.edu//store/group/dpg_trigger/comm_trigger/L1TrackTrigger/620_SLHC10/Extended2023TTI/MinBias/MinBias_TuneZ2star_GEN_SIM_638.root
02-Feb-2015 21:32:00 GMT  Initiating request to open file root://xrootd.unl.edu//store/group/dpg_trigger/comm_trigger/L1TrackTrigger/620_SLHC10/Extended2023TTI/MinBias/MinBias_TuneZ2star_GEN_SIM_750.root
150202 21:32:31 31323 Xrd: CheckErrorStatus: Server [cms-xrd-global.cern.ch:1094] declared: session not found(error code: 3011)
150202 21:32:31 31323 Xrd: CheckErrorStatus: Server [xrootd-redic.pi.infn.it:1094] declared: session not found(error code: 3011)
02-Feb-2015 21:32:32 GMT  Successfully opened file root://xrootd.unl.edu//store/group/dpg_trigger/comm_trigger/L1TrackTrigger/620_SLHC10/Extended2023TTI/MinBias/MinBias_TuneZ2star_GEN_SIM_750.root
150202 21:37:16 19112 Xrd: XrdClientMessage::ReadRaw: Failed to read header (8 bytes).
150202 21:37:47 31691 Xrd: XrdClientMessage::ReadRaw: Failed to read header (8 bytes).
02-Feb-2015 21:41:32 GMT  Closed file root://xrootd.unl.edu//store/group/dpg_trigger/comm_trigger/L1TrackTrigger/620_SLHC10/Extended2023TTI/MinBias/MinBias_TuneZ2star_GEN_SIM_750.root
02-Feb-2015 21:41:32 GMT  Initiating request to open file root://xrootd.unl.edu//store/group/dpg_trigger/comm_trigger/L1TrackTrigger/620_SLHC10/Extended2023TTI/MinBias/MinBias_TuneZ2star_GEN_SIM_60.root
150202 21:42:03 12666 Xrd: CheckErrorStatus: Server [llrxrd-redir.in2p3.fr:1094] declared: session not found(error code: 3011)
02-Feb-2015 21:42:04 GMT  Successfully opened file root://xrootd.unl.edu//store/group/dpg_trigger/comm_trigger/L1TrackTrigger/620_SLHC10/Extended2023TTI/MinBias/MinBias_TuneZ2star_GEN_SIM_60.root
150202 21:46:47 31692 Xrd: XrdClientMessage::ReadRaw: Failed to read header (8 bytes).
150202 21:47:17 14096 Xrd: XrdClientMessage::ReadRaw: Failed to read header (8 bytes).
150202 21:52:46 31690 Xrd: XrdClientMessage::ReadRaw: Failed to read header (8 bytes).
02-Feb-2015 21:57:05 GMT  Closed file root://xrootd.unl.edu//store/group/dpg_trigger/comm_trigger/L1TrackTrigger/620_SLHC10/Extended2023TTI/MinBias/MinBias_TuneZ2star_GEN_SIM_60.root
02-Feb-2015 21:57:05 GMT  Initiating request to open file root://xrootd.unl.edu//store/group/dpg_trigger/comm_trigger/L1TrackTrigger/620_SLHC10/Extended2023TTI/MinBias/MinBias_TuneZ2star_GEN_SIM_760.root
150202 21:57:36 3095 Xrd: CheckErrorStatus: Server [cms-xrd-global.cern.ch:1094] declared: session not found(error code: 3011)
150202 21:57:36 3095 Xrd: CheckErrorStatus: Server [xrootd-redic.pi.infn.it:1094] declared: session not found(error code: 3011)
02-Feb-2015 21:57:36 GMT  Successfully opened file root://xrootd.unl.edu//store/group/dpg_trigger/comm_trigger/L1TrackTrigger/620_SLHC10/Extended2023TTI/MinBias/MinBias_TuneZ2star_GEN_SIM_760.root
150202 22:02:16 14097 Xrd: XrdClientMessage::ReadRaw: Failed to read header (8 bytes).
150202 22:02:17 20195 Xrd: XrdClientMessage::ReadRaw: Failed to read header (8 bytes).
150202 22:02:47 3927 Xrd: XrdClientMessage::ReadRaw: Failed to read header (8 bytes).
02-Feb-2015 22:03:39 GMT  Closed file root://xrootd.unl.edu//store/group/dpg_trigger/comm_trigger/L1TrackTrigger/620_SLHC10/Extended2023TTI/MinBias/MinBias_TuneZ2star_GEN_SIM_760.root
02-Feb-2015 22:03:39 GMT  Initiating request to open file root://xrootd.unl.edu//store/group/dpg_trigger/comm_trigger/L1TrackTrigger/620_SLHC10/Extended2023TTI/MinBias/MinBias_TuneZ2star_GEN_SIM_965.root
150202 22:08:47 3928 Xrd: XrdClientMessage::ReadRaw: Failed to read header (8 bytes).
150202 22:10:45 16983 Xrd: CheckErrorStatus: Server [cms-xrd-global.cern.ch:1094] declared: session not found(error code: 3011)
150202 22:10:45 16983 Xrd: CheckErrorStatus: Server [xrootd.ba.infn.it:1094] declared: session not found(error code: 3011)
02-Feb-2015 22:10:46 GMT  Successfully opened file root://xrootd.unl.edu//store/group/dpg_trigger/comm_trigger/L1TrackTrigger/620_SLHC10/Extended2023TTI/MinBias/MinBias_TuneZ2star_GEN_SIM_965.root
150202 22:15:47 25241 Xrd: XrdClientMessage::ReadRaw: Failed to read header (8 bytes).
02-Feb-2015 22:16:10 GMT  Closed file root://xrootd.unl.edu//store/group/dpg_trigger/comm_trigger/L1TrackTrigger/620_SLHC10/Extended2023TTI/MinBias/MinBias_TuneZ2star_GEN_SIM_965.root
02-Feb-2015 22:16:10 GMT  Initiating request to open file root://xrootd.unl.edu//store/group/dpg_trigger/comm_trigger/L1TrackTrigger/620_SLHC10/Extended2023TTI/MinBias/MinBias_TuneZ2star_GEN_SIM_393.root
150202 22:17:47 3926 Xrd: XrdClientMessage::ReadRaw: Failed to read header (8 bytes).
150202 22:21:16 25242 Xrd: XrdClientMessage::ReadRaw: Failed to read header (8 bytes).
150202 22:24:22 5232 Xrd: CheckErrorStatus: Server [xrootd.ba.infn.it:1094] declared: session not found(error code: 3011)
02-Feb-2015 22:24:22 GMT  Successfully opened file root://xrootd.unl.edu//store/group/dpg_trigger/comm_trigger/L1TrackTrigger/620_SLHC10/Extended2023TTI/MinBias/MinBias_TuneZ2star_GEN_SIM_393.root
02-Feb-2015 22:29:09 GMT  Closed file root://xrootd.unl.edu//store/group/dpg_trigger/comm_trigger/L1TrackTrigger/620_SLHC10/Extended2023TTI/MinBias/MinBias_TuneZ2star_GEN_SIM_393.root
02-Feb-2015 22:29:09 GMT  Initiating request to open file root://xrootd.unl.edu//store/group/dpg_trigger/comm_trigger/L1TrackTrigger/620_SLHC10/Extended2023TTI/MinBias/MinBias_TuneZ2star_GEN_SIM_570.root
150202 22:29:40 20030 Xrd: CheckErrorStatus: Server [cms-xrd-global.cern.ch:1094] declared: session not found(error code: 3011)
150202 22:29:41 20030 Xrd: CheckErrorStatus: Server [eoscms.cern.ch:1094] declared: session not found(error code: 3011)
02-Feb-2015 22:29:41 GMT  Successfully opened file root://xrootd.unl.edu//store/group/dpg_trigger/comm_trigger/L1TrackTrigger/620_SLHC10/Extended2023TTI/MinBias/MinBias_TuneZ2star_GEN_SIM_570.root
02-Feb-2015 22:33:51 GMT  Closed file root://xrootd.unl.edu//store/group/dpg_trigger/comm_trigger/L1TrackTrigger/620_SLHC10/Extended2023TTI/MinBias/MinBias_TuneZ2star_GEN_SIM_570.root
02-Feb-2015 22:33:51 GMT  Initiating request to open file root://xrootd.unl.edu//store/group/dpg_trigger/comm_trigger/L1TrackTrigger/620_SLHC10/Extended2023TTI/MinBias/MinBias_TuneZ2star_GEN_SIM_753.root
150202 22:33:52 23847 Xrd: CheckErrorStatus: Server [cms-xrd-global.cern.ch:1094] declared: session not found(error code: 3011)
02-Feb-2015 22:33:52 GMT  Successfully opened file root://xrootd.unl.edu//store/group/dpg_trigger/comm_trigger/L1TrackTrigger/620_SLHC10/Extended2023TTI/MinBias/MinBias_TuneZ2star_GEN_SIM_753.root
150202 22:34:17 14659 Xrd: XrdClientMessage::ReadRaw: Failed to read header (8 bytes).
150202 22:34:25 14658 Xrd: XrdClientMessage::ReadRaw: Failed to read header (8 bytes).
DTTSPhi::addTracoT: preview not present in TRACO trigger or its code=0  trigger not added!
DTTSPhi::addTracoT: preview not present in TRACO trigger or its code=0  trigger not added!
150202 22:39:16 20530 Xrd: XrdClientMessage::ReadRaw: Failed to read header (8 bytes).
150202 22:39:17 20531 Xrd: XrdClientMessage::ReadRaw: Failed to read header (8 bytes).
02-Feb-2015 22:39:21 GMT  Closed file root://dcap.pp.rl.ac.uk:1094/pnfs/pp.rl.ac.uk/data/cms/store/user/dcieri/ttbar_SIM/ttbar/ttbar_SIM/150129_145223/0000/step1_59.root
02-Feb-2015 22:39:22 GMT  Closed file root://xrootd.unl.edu//store/group/dpg_trigger/comm_trigger/L1TrackTrigger/620_SLHC10/Extended2023TTI/MinBias/MinBias_TuneZ2star_GEN_SIM_753.root

=============================================

MessageLogger Summary

 type     category        sev    module        subroutine        count    total
 ---- -------------------- -- ---------------- ----------------  -----    -----
    1 fileAction           -s MixingModule:mix                      69       69
    2 fileAction           -s MixingModule:mix                       2        2
    3 fileAction           -s MixingModule:mix                       1        1
    4 fileAction           -s file_close                             1        1
    5 fileAction           -s file_open                              2        2

 type    category    Examples: run/evt        run/evt          run/evt
 ---- -------------------- ---------------- ---------------- ----------------
    1 fileAction           1/581            1/581            1/590
    2 fileAction           pre-events       pre-events       
    3 fileAction           PostEndRun                        
    4 fileAction           PostEndRun                        
    5 fileAction           pre-events       pre-events       

Severity    # Occurrences   Total Occurrences
--------    -------------   -----------------
System                 75                  75
>>> END OF printout of 247 lines from stdout+stderr
>>> Parse FrameworkJobReport crab_fjr.xml
Result of parsing the FrameworkJobReport crab_fjr.xml: 
Extracted ExitStatus from FrameworkJobReport parsing output: 0
>>> Executable succeded  0
ExeExitCode=0
EXECUTABLE_EXIT_STATUS = 0
>>> current directory /scratch/condor/dir_22755/glide_z7DtgG/execute/dir_12805/CMSSW_6_2_0_SLHC12
>>>  (SOFTWARE_DIR): /scratch/condor/dir_22755/glide_z7DtgG/execute/dir_12805/CMSSW_6_2_0_SLHC12
>>> (WORKING_DIR): 
>>> current directory content:
total 245744
drwxr-xr-x 3 cms415 gplcms      4096 Feb  2 18:49 .SCRAM
-rw------- 1 cms415 gplcms    915837 Feb  2 18:49 CMSSW.py.pkl
drwxr-xr-x 3 cms415 gplcms      4096 Feb  2 18:49 bin
drwxr-xr-x 3 cms415 gplcms      4096 Feb  2 18:49 cfipython
drwxr-xr-x 4 cms415 gplcms      4096 Apr 28  2014 config
-rw------- 1 cms415 gplcms        16 Feb  2 22:39 cpu_timing.txt
drwxr-xr-x 2 cms415 gplcms      4096 Feb  2 18:49 doc
-rw------- 1 cms415 gplcms     27499 Feb  2 22:39 executable.out
drwxr-xr-x 2 cms415 gplcms      4096 Feb  2 18:49 include
drwx------ 3 cms415 gplcms      4096 Oct  7 10:12 lib
drwxr-xr-x 3 cms415 gplcms      4096 Feb  2 18:49 logs
drwxr-xr-x 3 cms415 gplcms      4096 Feb  2 18:49 objs
-rw------- 1 cms415 gplcms       104 Feb  2 18:50 pset.py
-rw------- 1 cms415 gplcms    926824 Feb  2 18:50 pset.py.pkl
-rw------- 1 cms415 gplcms       289 Feb  2 18:50 pset.pyc
drwxr-xr-x 2 cms415 gplcms      4096 Feb  2 18:49 python
-rw------- 1 cms415 gplcms       353 Feb  2 22:39 report.log
drwxr-xr-x 2 cms415 gplcms      4096 Feb  2 18:49 src
-rw------- 1 cms415 gplcms 249434969 Feb  2 22:39 step2.root
drwxr-xr-x 3 cms415 gplcms      4096 Feb  2 18:49 test
drwxr-xr-x 3 cms415 gplcms      4096 Feb  2 18:49 tmp
>>> current directory /scratch/condor/dir_22755/glide_z7DtgG/execute/dir_12805/CMSSW_6_2_0_SLHC12
>>> (SOFTWARE_DIR): /scratch/condor/dir_22755/glide_z7DtgG/execute/dir_12805/CMSSW_6_2_0_SLHC12
>>> (WORKING_DIR): 
>>> current directory content:
total 245744
drwxr-xr-x 3 cms415 gplcms      4096 Feb  2 18:49 .SCRAM
-rw------- 1 cms415 gplcms    915837 Feb  2 18:49 CMSSW.py.pkl
drwxr-xr-x 3 cms415 gplcms      4096 Feb  2 18:49 bin
drwxr-xr-x 3 cms415 gplcms      4096 Feb  2 18:49 cfipython
drwxr-xr-x 4 cms415 gplcms      4096 Apr 28  2014 config
-rw------- 1 cms415 gplcms        16 Feb  2 22:39 cpu_timing.txt
drwxr-xr-x 2 cms415 gplcms      4096 Feb  2 18:49 doc
-rw------- 1 cms415 gplcms     27499 Feb  2 22:39 executable.out
drwxr-xr-x 2 cms415 gplcms      4096 Feb  2 18:49 include
drwx------ 3 cms415 gplcms      4096 Oct  7 10:12 lib
drwxr-xr-x 3 cms415 gplcms      4096 Feb  2 18:49 logs
drwxr-xr-x 3 cms415 gplcms      4096 Feb  2 18:49 objs
-rw------- 1 cms415 gplcms       104 Feb  2 18:50 pset.py
-rw------- 1 cms415 gplcms    926824 Feb  2 18:50 pset.py.pkl
-rw------- 1 cms415 gplcms       289 Feb  2 18:50 pset.pyc
drwxr-xr-x 2 cms415 gplcms      4096 Feb  2 18:49 python
-rw------- 1 cms415 gplcms       353 Feb  2 22:39 report.log
drwxr-xr-x 2 cms415 gplcms      4096 Feb  2 18:49 src
-rw------- 1 cms415 gplcms 249434969 Feb  2 22:39 step2_12_1_wJM.root
drwxr-xr-x 3 cms415 gplcms      4096 Feb  2 18:49 test
drwxr-xr-x 3 cms415 gplcms      4096 Feb  2 18:49 tmp
>>> current directory (RUNTIME_AREA):  /scratch/condor/dir_22755/glide_z7DtgG/execute/dir_12805
PNN = T2_UK_SGrid_RALPP
SE = heplnx204.pp.rl.ac.uk
SE_PATH = /srm/managerv2?SFN=/pnfs/pp.rl.ac.uk/data/cms/store/user/dcieri/ttbar_PU140_DIGI/dcieri/ttbar/ttbar_PU140_DIGI/3c0380cf82de79bc39966c93934c61fc/
LFNBaseName = /store/user/dcieri/ttbar_PU140_DIGI/dcieri/ttbar/ttbar_PU140_DIGI/3c0380cf82de79bc39966c93934c61fc/
USER = dcieri
endpoint = srm://heplnx204.pp.rl.ac.uk:8443/srm/managerv2?SFN=/pnfs/pp.rl.ac.uk/data/cms/store/user/dcieri/ttbar_PU140_DIGI/dcieri/ttbar/ttbar_PU140_DIGI/3c0380cf82de79bc39966c93934c61fc/
>>> Copy output files from WN = heplnc038.pp.rl.ac.uk to /srm/managerv2?SFN=/pnfs/pp.rl.ac.uk/data/cms/store/user/dcieri/ttbar_PU140_DIGI/dcieri/ttbar/ttbar_PU140_DIGI/3c0380cf82de79bc39966c93934c61fc/ :
python cmscp.py  --destination srm://heplnx204.pp.rl.ac.uk:8443/srm/managerv2?SFN=/pnfs/pp.rl.ac.uk/data/cms/store/user/dcieri/ttbar_PU140_DIGI/dcieri/ttbar/ttbar_PU140_DIGI/3c0380cf82de79bc39966c93934c61fc/ --inputFileList /scratch/condor/dir_22755/glide_z7DtgG/execute/dir_12805/CMSSW_6_2_0_SLHC12/step2_12_1_wJM.root --middleware LCG --PNN T2_UK_SGrid_RALPP --se_name heplnx204.pp.rl.ac.uk --for_lfn /store/user/dcieri/ttbar_PU140_DIGI/dcieri/ttbar/ttbar_PU140_DIGI/3c0380cf82de79bc39966c93934c61fc/    
******************************************************
localSeName  =  heplnx204.pp.rl.ac.uk
remoteSeName =  heplnx204.pp.rl.ac.uk
******************************************************
{"/scratch/condor/dir_22755/glide_z7DtgG/execute/dir_12805/CMSSW_6_2_0_SLHC12/step2_12_1_wJM.root": {"endpoint": "srm://heplnx204.pp.rl.ac.uk:8443/srm/managerv2?SFN=/pnfs/pp.rl.ac.uk/data/cms/store/user/dcieri/ttbar_PU140_DIGI/dcieri/ttbar/ttbar_PU140_DIGI/3c0380cf82de79bc39966c93934c61fc/", "surl_for_grid": "", "reason": "Copy succedeed with srm-lcg utils", "erCode": "0", "PNN": "T2_UK_SGrid_RALPP", "se_name": "heplnx204.pp.rl.ac.uk", "for_lfn": "/store/user/dcieri/ttbar_PU140_DIGI/dcieri/ttbar/ttbar_PU140_DIGI/3c0380cf82de79bc39966c93934c61fc/"}}/scratch/condor/dir_22755/glide_z7DtgG/execute/dir_12805
-------- cat /scratch/condor/dir_22755/glide_z7DtgG/execute/dir_12805/cmscpReport.sh 
#!/bin/bash
echo "Report for File: /scratch/condor/dir_22755/glide_z7DtgG/execute/dir_12805/CMSSW_6_2_0_SLHC12/step2_12_1_wJM.root"
echo "LFN: /store/user/dcieri/ttbar_PU140_DIGI/dcieri/ttbar/ttbar_PU140_DIGI/3c0380cf82de79bc39966c93934c61fc/step2_12_1_wJM.root"
echo "StorageElement: heplnx204.pp.rl.ac.uk"
echo "StageOutExitStatusReason = 'Copy succedeed with srm-lcg utils'" | tee -a $RUNTIME_AREA/$repo
echo "StageOutSE = heplnx204.pp.rl.ac.uk" >> $RUNTIME_AREA/$repo

export StageOutExitStatus=0
echo "StageOutExitStatus = 0" | tee -a $RUNTIME_AREA/$repo
-------- end of /scratch/condor/dir_22755/glide_z7DtgG/execute/dir_12805/cmscpReport.sh 
Report for File: /scratch/condor/dir_22755/glide_z7DtgG/execute/dir_12805/CMSSW_6_2_0_SLHC12/step2_12_1_wJM.root
LFN: /store/user/dcieri/ttbar_PU140_DIGI/dcieri/ttbar/ttbar_PU140_DIGI/3c0380cf82de79bc39966c93934c61fc/step2_12_1_wJM.root
StorageElement: heplnx204.pp.rl.ac.uk
StageOutExitStatusReason = 'Copy succedeed with srm-lcg utils'
StageOutExitStatus = 0
>>> current dir: /scratch/condor/dir_22755/glide_z7DtgG/execute/dir_12805
>>> current dir content:
total 8832
-rw-------  1 cms415 gplcms    2662 Feb  2 22:40 .SEinteraction.log
-rwx------  1 cms415 gplcms      52 Feb  2 18:48 .chirp_config
-rwx------  1 cms415 gplcms    7826 Feb  2 18:48 .job.ad
-rwx------  1 cms415 gplcms    9795 Feb  2 18:48 .machine.ad
-rw-------  1 cms415 gplcms     105 Feb  2 12:16 CMSSW.py
-rw-------  1 cms415 gplcms  915837 Feb  2 12:16 CMSSW.py.pkl
-rwx------  1 cms415 gplcms   29498 Feb  2 18:49 CMSSW.sh
drwxr-xr-x 15 cms415 gplcms    4096 Feb  2 22:39 CMSSW_6_2_0_SLHC12
-rw-------  1 cms415 gplcms     190 Feb  2 18:49 CacheEnv.sh
-rw-------  1 cms415 gplcms    7291 Nov 19 14:52 DashboardAPI.py
-rw-------  1 cms415 gplcms    6470 Feb  2 18:49 DashboardAPI.pyc
drwx------  2 cms415 gplcms    4096 Feb  2 22:39 IMProv
-rw-------  1 cms415 gplcms    2748 Nov 19 14:52 Logger.py
-rw-------  1 cms415 gplcms    3232 Feb  2 18:49 Logger.pyc
-rw-------  1 cms415 gplcms   24524 Nov 19 14:52 ProcInfo.py
-rw-------  1 cms415 gplcms   22645 Feb  2 18:49 ProcInfo.pyc
drwx------  7 cms415 gplcms    4096 Feb  2 18:50 ProdCommon
drwx------  3 cms415 gplcms    4096 Feb  2 18:49 WMCore
-rw-------  1 cms415 gplcms   13463 Feb  2 22:39 Watchdog_12.log
-rwx------  1 cms415 gplcms       0 Feb  2 18:49 _condor_stderr
-rwx---r--  1 cms415 gplcms   42250 Feb  2 22:40 _condor_stdout
-rw-------  1 cms415 gplcms   32895 Nov 19 14:52 apmon.py
-rw-------  1 cms415 gplcms   27958 Feb  2 18:49 apmon.pyc
-rwx------  1 cms415 gplcms  134309 Feb  2 18:49 arguments.xml
-rwx------  1 cms415 gplcms   38581 Nov 19 14:52 cmscp.py
-rw-------  1 cms415 gplcms     560 Feb  2 22:40 cmscpReport.sh
-rwx------  1 cms415 gplcms   29498 Feb  2 18:49 condor_exec.exe
-rw-------  1 cms415 gplcms     544 Feb  2 12:16 crab.cfg
-rwx------  1 cms415 gplcms    8610 Nov 19 14:52 crabWatchdog.sh
-rwx---r--  1 cms415 gplcms  112063 Feb  2 22:39 crab_fjr_12.xml
-rwx------  1 cms415 gplcms 7390485 Feb  2 18:49 default.tgz
-rwx------  1 cms415 gplcms    4488 Nov 19 14:52 fillCrabFjr.py
-rw-------  1 cms415 gplcms     225 Feb  2 18:50 inputsReport.txt
-rw-------  1 cms415 gplcms     243 Feb  2 22:40 jobreport.txt
-rw-------  1 cms415 gplcms   17352 Nov 19 14:52 parseCrabFjr.py
-rw-------  1 cms415 gplcms     321 Feb  2 18:49 report.log
-rwx--x--x  1 cms415 gplcms    1497 Nov 19 14:52 report.py
-rw-------  1 cms415 gplcms     554 Feb  2 22:40 resultCopyFile
lrwxrwxrwx  1 cms415 gplcms      95 Feb  2 22:39 step2.root -> /scratch/condor/dir_22755/glide_z7DtgG/execute/dir_12805/CMSSW_6_2_0_SLHC12/step2_12_1_wJM.root
-rwx------  1 cms415 gplcms    8351 Nov 19 14:52 writeCfg.py
-rw-------  1 cms415 gplcms   10293 Feb  2 18:48 x509up_u62281
>>> Modify Job Report:
CMSSW_VERSION = CMSSW_6_2_0_SLHC12
ProcessedDataset = ttbar_PU140_DIGI
/scratch/condor/dir_22755/glide_z7DtgG/execute/dir_12805/ProdCommon/FwkJobRep/ModifyJobReport.py fjr /scratch/condor/dir_22755/glide_z7DtgG/execute/dir_12805/crab_fjr_12.xml json /scratch/condor/dir_22755/glide_z7DtgG/execute/dir_12805/resultCopyFile n_job 12_1_wJM PrimaryDataset ttbar  ApplicationFamily cmsRun ApplicationName cmsRun cmssw_version CMSSW_6_2_0_SLHC12 psethash 3c0380cf82de79bc39966c93934c61fc UserProcessedDataset dcieri-ttbar_PU140_DIGI-3c0380cf82de79bc39966c93934c61fc
inputDict =  {u'/scratch/condor/dir_22755/glide_z7DtgG/execute/dir_12805/CMSSW_6_2_0_SLHC12/step2_12_1_wJM.root': {u'endpoint': u'srm://heplnx204.pp.rl.ac.uk:8443/srm/managerv2?SFN=/pnfs/pp.rl.ac.uk/data/cms/store/user/dcieri/ttbar_PU140_DIGI/dcieri/ttbar/ttbar_PU140_DIGI/3c0380cf82de79bc39966c93934c61fc/', u'surl_for_grid': u'', u'reason': u'Copy succedeed with srm-lcg utils', u'erCode': u'0', u'PNN': u'T2_UK_SGrid_RALPP', u'se_name': u'heplnx204.pp.rl.ac.uk', u'for_lfn': u'/store/user/dcieri/ttbar_PU140_DIGI/dcieri/ttbar/ttbar_PU140_DIGI/3c0380cf82de79bc39966c93934c61fc/'}}
UserProcessedDataset =  dcieri-ttbar_PU140_DIGI-3c0380cf82de79bc39966c93934c61fc
WORKING ON EDM FILE
file_name in inputDict =  /scratch/condor/dir_22755/glide_z7DtgG/execute/dir_12805/CMSSW_6_2_0_SLHC12/step2_12_1_wJM.root
(size) os.stat(filename)[6] =  249434969
checksum =  3796857334
    file =  step2_12_1_wJM.root
    newPfn =  srm://heplnx204.pp.rl.ac.uk:8443/srm/managerv2?SFN=/pnfs/pp.rl.ac.uk/data/cms/store/user/dcieri/ttbar_PU140_DIGI/dcieri/ttbar/ttbar_PU140_DIGI/3c0380cf82de79bc39966c93934c61fc/step2_12_1_wJM.root
    newLfn =  /store/user/dcieri/ttbar_PU140_DIGI/dcieri/ttbar/ttbar_PU140_DIGI/3c0380cf82de79bc39966c93934c61fc/step2_12_1_wJM.root
>>> crab_fjr_*.xml  permission set to 0704
CrabWrapper EXIT_FUNC entered at Mon Feb  2 22:40:17 GMT 2015   -  Mon Feb  2 22:40:17 UTC 2015
Checking output files:  
will tar file crab_fjr_12.xml in  out_files_12
WARNING: output file CMSSW_12.stdout not found!
WARNING: output file CMSSW_12.stderr not found!
WARNING: output file Watchdog_12.log.gz not found!
>>> padding time: Wrapper lasting more than 600 seconds. No sleep required.
STOPPING WATCHDOG. CrabWatchdog PID is 15054
********** LAST 50 LINES OF WATCHDOG LOG
 Feb 02 19:36:14 GMT	15201	1132308	1622824	71	190	2773	cmsRun -j /scratch/condor/dir_22755/glide_z7DtgG/execute/dir_12805/crab_fjr_12.xml -p pset.py      
 Feb 02 19:38:15 GMT	15201	1151364	1624360	71	197	2894	cmsRun -j /scratch/condor/dir_22755/glide_z7DtgG/execute/dir_12805/crab_fjr_12.xml -p pset.py      
 Feb 02 19:39:15 GMT	15201	1151364	1638184	71	206	2955	cmsRun -j /scratch/condor/dir_22755/glide_z7DtgG/execute/dir_12805/crab_fjr_12.xml -p pset.py      
 Feb 02 19:40:16 GMT	15201	1159728	1673000	71	212	3015	cmsRun -j /scratch/condor/dir_22755/glide_z7DtgG/execute/dir_12805/crab_fjr_12.xml -p pset.py      
 Feb 02 19:41:16 GMT	15201	1163812	1675048	71	215	3075	cmsRun -j /scratch/condor/dir_22755/glide_z7DtgG/execute/dir_12805/crab_fjr_12.xml -p pset.py      
 Feb 02 19:42:16 GMT	15201	1164504	1677352	71	217	3136	cmsRun -j /scratch/condor/dir_22755/glide_z7DtgG/execute/dir_12805/crab_fjr_12.xml -p pset.py      
 Feb 02 19:43:17 GMT	15201	1168300	1677352	71	220	3196	cmsRun -j /scratch/condor/dir_22755/glide_z7DtgG/execute/dir_12805/crab_fjr_12.xml -p pset.py      
 Feb 02 19:44:17 GMT	15201	1290756	1787392	71	230	3256	cmsRun -j /scratch/condor/dir_22755/glide_z7DtgG/execute/dir_12805/crab_fjr_12.xml -p pset.py      
 Feb 02 19:45:17 GMT	---	1290756	1787392	94	----	----	----
 Feb 02 20:05:22 GMT	15201	1318252	1787392	94	304	4522	cmsRun -j /scratch/condor/dir_22755/glide_z7DtgG/execute/dir_12805/crab_fjr_12.xml -p pset.py      
 Feb 02 20:06:23 GMT	15201	1320840	1787392	94	307	4583	cmsRun -j /scratch/condor/dir_22755/glide_z7DtgG/execute/dir_12805/crab_fjr_12.xml -p pset.py      
 Feb 02 20:07:24 GMT	15201	1324492	1787392	94	311	4643	cmsRun -j /scratch/condor/dir_22755/glide_z7DtgG/execute/dir_12805/crab_fjr_12.xml -p pset.py      
 Feb 02 20:08:24 GMT	---	1324492	1787392	117	----	----	----
 Feb 02 20:18:27 GMT	15201	1324492	1788160	117	360	5306	cmsRun -j /scratch/condor/dir_22755/glide_z7DtgG/execute/dir_12805/crab_fjr_12.xml -p pset.py      
 Feb 02 20:19:27 GMT	15201	1324492	1794816	117	362	5366	cmsRun -j /scratch/condor/dir_22755/glide_z7DtgG/execute/dir_12805/crab_fjr_12.xml -p pset.py      
 Feb 02 20:20:27 GMT	15201	1324492	1796096	117	365	5426	cmsRun -j /scratch/condor/dir_22755/glide_z7DtgG/execute/dir_12805/crab_fjr_12.xml -p pset.py      
 Feb 02 20:21:27 GMT	15201	1324492	1804288	117	368	5487	cmsRun -j /scratch/condor/dir_22755/glide_z7DtgG/execute/dir_12805/crab_fjr_12.xml -p pset.py      
 Feb 02 20:24:28 GMT	15201	1324492	1808640	117	381	5668	cmsRun -j /scratch/condor/dir_22755/glide_z7DtgG/execute/dir_12805/crab_fjr_12.xml -p pset.py      
 Feb 02 20:25:29 GMT	15201	1324492	1816576	117	391	5728	cmsRun -j /scratch/condor/dir_22755/glide_z7DtgG/execute/dir_12805/crab_fjr_12.xml -p pset.py      
# TIME			PID	RSS(KB)	VSZ(KB)	Dsk(MB)	tCPU(s)	tWALL(s)	COMMAND
 Feb 02 20:26:29 GMT	15201	1324492	1821696	117	395	5788	cmsRun -j /scratch/condor/dir_22755/glide_z7DtgG/execute/dir_12805/crab_fjr_12.xml -p pset.py      
 Feb 02 20:29:30 GMT	15201	1324492	1825792	117	401	5969	cmsRun -j /scratch/condor/dir_22755/glide_z7DtgG/execute/dir_12805/crab_fjr_12.xml -p pset.py      
 Feb 02 20:30:30 GMT	15201	1368712	1838336	117	410	6029	cmsRun -j /scratch/condor/dir_22755/glide_z7DtgG/execute/dir_12805/crab_fjr_12.xml -p pset.py      
 Feb 02 20:31:30 GMT	---	1368712	1838336	139	----	----	----
 Feb 02 20:50:37 GMT	15201	1368712	1839104	139	488	7236	cmsRun -j /scratch/condor/dir_22755/glide_z7DtgG/execute/dir_12805/crab_fjr_12.xml -p pset.py      
 Feb 02 20:52:37 GMT	15201	1487068	1914112	139	507	7356	cmsRun -j /scratch/condor/dir_22755/glide_z7DtgG/execute/dir_12805/crab_fjr_12.xml -p pset.py      
 Feb 02 20:52:37 GMT	---	1487068	1914112	144	----	----	----
 Feb 02 20:53:37 GMT	---	1487068	1914112	161	----	----	----
 Feb 02 21:11:44 GMT	---	1487068	1914112	183	----	----	----
 Feb 02 21:33:51 GMT	---	1487068	1914112	206	----	----	----
 Feb 02 21:52:58 GMT	15201	1487068	1915136	206	741	10977	cmsRun -j /scratch/condor/dir_22755/glide_z7DtgG/execute/dir_12805/crab_fjr_12.xml -p pset.py      
 Feb 02 21:53:58 GMT	15201	1487068	1916928	206	748	11037	cmsRun -j /scratch/condor/dir_22755/glide_z7DtgG/execute/dir_12805/crab_fjr_12.xml -p pset.py      
 Feb 02 21:54:58 GMT	15201	1487068	1928192	206	754	11098	cmsRun -j /scratch/condor/dir_22755/glide_z7DtgG/execute/dir_12805/crab_fjr_12.xml -p pset.py      
 Feb 02 21:55:59 GMT	15201	1487068	1929984	206	756	11158	cmsRun -j /scratch/condor/dir_22755/glide_z7DtgG/execute/dir_12805/crab_fjr_12.xml -p pset.py      
 Feb 02 21:59:00 GMT	15201	1487068	1934080	206	764	11339	cmsRun -j /scratch/condor/dir_22755/glide_z7DtgG/execute/dir_12805/crab_fjr_12.xml -p pset.py      
 Feb 02 22:00:00 GMT	---	1487068	1934080	226	----	----	----
 Feb 02 22:16:06 GMT	15201	1487068	1944576	226	845	12365	cmsRun -j /scratch/condor/dir_22755/glide_z7DtgG/execute/dir_12805/crab_fjr_12.xml -p pset.py      
 Feb 02 22:25:09 GMT	15201	1487068	1949184	226	852	12909	cmsRun -j /scratch/condor/dir_22755/glide_z7DtgG/execute/dir_12805/crab_fjr_12.xml -p pset.py      
 Feb 02 22:26:10 GMT	15201	1487068	1954560	226	859	12969	cmsRun -j /scratch/condor/dir_22755/glide_z7DtgG/execute/dir_12805/crab_fjr_12.xml -p pset.py      
 Feb 02 22:27:10 GMT	15201	1487068	1961728	226	884	13029	cmsRun -j /scratch/condor/dir_22755/glide_z7DtgG/execute/dir_12805/crab_fjr_12.xml -p pset.py      
 Feb 02 22:27:10 GMT	---	1487068	1961728	250	----	----	----
 Feb 02 22:28:10 GMT	15201	1487068	1961984	250	889	13090	cmsRun -j /scratch/condor/dir_22755/glide_z7DtgG/execute/dir_12805/crab_fjr_12.xml -p pset.py      
 Feb 02 22:30:11 GMT	15201	1487068	1964800	250	901	13210	cmsRun -j /scratch/condor/dir_22755/glide_z7DtgG/execute/dir_12805/crab_fjr_12.xml -p pset.py      
 Feb 02 22:31:11 GMT	15201	1487068	1966592	250	908	13271	cmsRun -j /scratch/condor/dir_22755/glide_z7DtgG/execute/dir_12805/crab_fjr_12.xml -p pset.py      
 Feb 02 22:32:12 GMT	15201	1487068	1974272	250	914	13331	cmsRun -j /scratch/condor/dir_22755/glide_z7DtgG/execute/dir_12805/crab_fjr_12.xml -p pset.py      
 Feb 02 22:35:25 GMT	15201	1487068	1990660	250	938	13524	cmsRun -j /scratch/condor/dir_22755/glide_z7DtgG/execute/dir_12805/crab_fjr_12.xml -p pset.py      
 Feb 02 22:36:26 GMT	15201	1487068	2005764	250	953	13585	cmsRun -j /scratch/condor/dir_22755/glide_z7DtgG/execute/dir_12805/crab_fjr_12.xml -p pset.py      
 Feb 02 22:37:26 GMT	15201	1487068	2010372	250	958	13645	cmsRun -j /scratch/condor/dir_22755/glide_z7DtgG/execute/dir_12805/crab_fjr_12.xml -p pset.py      
 Feb 02 22:38:26 GMT	15201	1487068	2010628	250	965	13706	cmsRun -j /scratch/condor/dir_22755/glide_z7DtgG/execute/dir_12805/crab_fjr_12.xml -p pset.py      
 Feb 02 22:39:27 GMT	---	1487068	2010628	276	----	----	----
********** WATCHDOG LOG ENDED
ZIPPING WATCHDOG LOG
Disk space used:
du -sh /scratch/condor/dir_22755/glide_z7DtgG/execute/dir_12805
276M	/scratch/condor/dir_22755/glide_z7DtgG/execute/dir_12805
Found unusual stdout, rename for OSB
`/scratch/condor/dir_22755/glide_z7DtgG/execute/dir_12805/_condor_stdout' -> `CMSSW_12.stdout'
Found unusual stderr, rename for OSB
`/scratch/condor/dir_22755/glide_z7DtgG/execute/dir_12805/_condor_stdout' -> `CMSSW_12.stderr'
crab_fjr_12.xml
CMSSW_12.stdout
CMSSW_12.stderr
Watchdog_12.log.gz
Total Output dimension: 25180
WARNING: output files size limit is set to: 50000000
Total Output dimension 25180 is fine.
JOB_EXIT_STATUS = 0
>>> info for dashboard:
***** Cat /scratch/condor/dir_22755/glide_z7DtgG/execute/dir_12805/jobreport.txt *****
MonitorJobID=12_https://submit-6.t2.ucsd.edu//150202//509447.11
MonitorID=dcieri_PU140_4dm08r
ExeTime=13759
ExeExitCode=0
StageOutExitStatusReason = 'Copy succedeed with srm-lcg utils'
StageOutSE = heplnx204.pp.rl.ac.uk
StageOutExitStatus = 0
CrabUserCpuTime=954.83
CrabSysCpuTime=37.15
CrabCpuPercentage=7%
CrabWrapperTime=13820
CrabStageoutTime=48
JobExitCode=0
***** End Cat jobreport *****
Parameters sent to Dashboard.
EXITING at Mon Feb  2 22:40:20 GMT 2015  -  Mon Feb  2 22:40:20 UTC 2015
