This script was generated by crab (version 2.11.1_patch1).
Running /scratch/condor/dir_11220/glide_TreDhe/execute/dir_26207/condor_exec.exe with 2 positional parameters: 434 1
Today is Mon Feb  2 21:16:03 GMT 2015 - Mon Feb  2 21:16:03 UTC 2015
Job submitted on host heplnc070.pp.rl.ac.uk
Linux heplnc070.pp.rl.ac.uk 2.6.32-504.3.3.el6.x86_64 #1 SMP Tue Dec 16 14:29:22 CST 2014 x86_64 x86_64 x86_64 GNU/Linux
Distributor ID:	Scientific
Description:	Scientific Linux release 6.6 (Carbon)
>>> current directory (RUNTIME_AREA): /scratch/condor/dir_11220/glide_TreDhe/execute/dir_26207
>>> current user: uid=157415(cms415) gid=157000(gplcms) groups=157000(gplcms)
>>> directory permission set to 0700
>>> umask set to:  u=rwx,g=,o=
>>> stdout stderr permission set to 0704
>>> voms proxy information:
subject   : /DC=ch/DC=cern/OU=Organic Units/OU=Users/CN=dcieri/CN=755391/CN=Davide Cieri/CN=769881070/CN=1934515107
issuer    : /DC=ch/DC=cern/OU=Organic Units/OU=Users/CN=dcieri/CN=755391/CN=Davide Cieri/CN=769881070
identity  : /DC=ch/DC=cern/OU=Organic Units/OU=Users/CN=dcieri/CN=755391/CN=Davide Cieri
type      : RFC3820 compliant limited proxy
strength  : 1024
path      : /scratch/condor/dir_11220/glide_TreDhe/execute/dir_26207/x509up_u62281
timeleft  : 23:58:39
key usage : Digital Signature, Key Encipherment
=== VO cms extension information ===
VO        : cms
subject   : /DC=ch/DC=cern/OU=Organic Units/OU=Users/CN=dcieri/CN=755391/CN=Davide Cieri
issuer    : /DC=ch/DC=cern/OU=computers/CN=lcg-voms2.cern.ch
attribute : /cms/Role=NULL/Capability=NULL
timeleft  : 183:00:21
uri       : lcg-voms2.cern.ch:15002

WNHostName=heplnc070.pp.rl.ac.uk
$_CONDOR_JOB_AD =/scratch/condor/dir_11220/glide_TreDhe/execute/dir_26207/.job.ad
OverflowFlag=0
>>> tar --no-same-permissions -xf /scratch/condor/dir_11220/glide_TreDhe/execute/dir_26207/default.tgz :
Successful untar
>>> Include /scratch/condor/dir_11220/glide_TreDhe/execute/dir_26207 in PYTHONPATH:
strip arguments
env var CRAB_UNIQUE_JOB_ID set to: dcieri_PU140_4dm08r_434_1_rm9
out_files_434
>>> list of expected files on output sandbox
output files: crab_fjr_434.xml CMSSW_434.stdout CMSSW_434.stderr Watchdog_434.log.gz
>>> GridFlavour discovery: 
GridFlavour=LCG
>>> SyncSite discovery: 
SyncSite=T2_UK_SGrid_RALPP
>>> SyncCE discovery: 
getting SyncCE from GLIDEIN_Gaekeeper
SyncCE=heplnv147.pp.rl.ac.uk
>>> info for dashboard:
***** Cat /scratch/condor/dir_11220/glide_TreDhe/execute/dir_26207/jobreport.txt *****
WNHostName=heplnc070.pp.rl.ac.uk
OverflowFlag=0
MonitorJobID=434_https://submit-6.t2.ucsd.edu//150202//509448.33
SyncGridJobId=https://submit-6.t2.ucsd.edu//150202//509448.33
MonitorID=dcieri_PU140_4dm08r
GridFlavour=LCG
SyncSite=T2_UK_SGrid_RALPP
SyncCE=heplnv147.pp.rl.ac.uk
***** End Cat jobreport *****
Parameters sent to Dashboard.
>>> setup environment
set SCRAM ARCH to slc6_amd64_gcc472
SCRAM_ARCH = slc6_amd64_gcc472
>>> setup CMS LCG environment:
set SCRAM ARCH and BUILD_ARCH to slc6_amd64_gcc472 ###
Sourcing environment... 
sourcing /cvmfs/cms.cern.ch/cmsset_default.sh
==> setup cms environment ok
>>> specific cmssw setup environment:
CMSSW_VERSION =  CMSSW_6_2_0_SLHC12
WARNING: In non-interactive mode release checks e.g. deprecated releases, production architectures are disabled.
>>> current directory (SOFTWARE_DIR): /scratch/condor/dir_11220/glide_TreDhe/execute/dir_26207/CMSSW_6_2_0_SLHC12
PreserveSeeds: <>
IncrementSeeds:<>
>>> info for dashboard:
***** Cat /scratch/condor/dir_11220/glide_TreDhe/execute/dir_26207/jobreport.txt *****
MonitorJobID=434_https://submit-6.t2.ucsd.edu//150202//509448.33
MonitorID=dcieri_PU140_4dm08r
***** End Cat jobreport *****
Parameters sent to Dashboard.
crabWatchdog started as process 27780
>>> moving CMSSW software directories in /scratch/condor/dir_11220/glide_TreDhe/execute/dir_26207/CMSSW_6_2_0_SLHC12
mv: cannot stat `/scratch/condor/dir_11220/glide_TreDhe/execute/dir_26207/module/': No such file or directory
>>> Include /scratch/condor/dir_11220/glide_TreDhe/execute/dir_26207 in PYTHONPATH:
PYTHONPATH=/scratch/condor/dir_11220/glide_TreDhe/execute/dir_26207/:/scratch/condor/dir_11220/glide_TreDhe/execute/dir_26207/CMSSW_6_2_0_SLHC12/python:/scratch/condor/dir_11220/glide_TreDhe/execute/dir_26207/CMSSW_6_2_0_SLHC12/lib/slc6_amd64_gcc472:/cvmfs/cms.cern.ch/slc6_amd64_gcc472/cms/cmssw/CMSSW_6_2_0_SLHC12/python:/cvmfs/cms.cern.ch/slc6_amd64_gcc472/cms/cmssw/CMSSW_6_2_0_SLHC12/lib/slc6_amd64_gcc472:/cvmfs/cms.cern.ch/slc6_amd64_gcc472/cms/coral/CORAL_2_3_21-cms35/slc6_amd64_gcc472/python:/cvmfs/cms.cern.ch/slc6_amd64_gcc472/cms/coral/CORAL_2_3_21-cms35/slc6_amd64_gcc472/lib:/cvmfs/cms.cern.ch/slc6_amd64_gcc472/external/python-ldap/2.3.5-cms5/lib/python2.7/site-packages:/cvmfs/cms.cern.ch/slc6_amd64_gcc472/external/pyqt/4.8.1-cms5/lib/python2.7/site-packages:/cvmfs/cms.cern.ch/slc6_amd64_gcc472/external/py2-scipy/0.8.0-cms7/lib/python2.7/site-packages:/cvmfs/cms.cern.ch/slc6_amd64_gcc472/external/py2-matplotlib/1.0.1-cms7/lib/python2.7/site-packages:/cvmfs/cms.cern.ch/slc6_amd64_gcc472/external/sip/4.11.2-cms5/lib/python2.7/site-packages:/cvmfs/cms.cern.ch/slc6_amd64_gcc472/external/py2-pycurl/7.19.0-cms7/lib/python2.7/site-packages:/cvmfs/cms.cern.ch/slc6_amd64_gcc472/external/py2-numpy/1.6.1-cms7/lib/python2.7/site-packages:/cvmfs/cms.cern.ch/slc6_amd64_gcc472/external/py2-lint/0.25.1-cms5/lib/python2.7/site-packages:/cvmfs/cms.cern.ch/slc6_amd64_gcc472/external/py2-ipython/0.10-cms5/lib/python2.7/site-packages:/cvmfs/cms.cern.ch/slc6_amd64_gcc472/external/py2-cx-oracle/5.1-cms5/lib/python2.7/site-packages:/cvmfs/cms.cern.ch/slc6_amd64_gcc472/external/py2-cjson/1.0.5-cms5/lib/python2.7/site-packages:/cvmfs/cms.cern.ch/slc6_amd64_gcc472/cms/das-client/1.11.7/bin:/cvmfs/cms.cern.ch/slc6_amd64_gcc472/external/elementtree/1.2.6-cms5/share/lib/python2.7/site-packages:/cvmfs/cms.cern.ch/slc6_amd64_gcc472/external/rivet/1.8.2-cms9/lib/python2.7/site-packages:/cvmfs/cms.cern.ch/slc6_amd64_gcc472/external/pyminuit2/0.0.1-cms19/lib/python2.7/site-packages:/cvmfs/cms.cern.ch/slc6_amd64_gcc472/external/py2-pygithub/1.23.0-cms2/lib/python2.7/site-packages:/cvmfs/cms.cern.ch/slc6_amd64_gcc472/external/professor/1.0.0-cms19/lib/python2.7/site-packages:/cvmfs/cms.cern.ch/slc6_amd64_gcc472/lcg/root/5.34.07-cms/lib:/cvmfs/cms.cern.ch/slc6_amd64_gcc472/cms/dbs-client/DBS_2_1_9-cms5/lib:/cvmfs/cms.cern.ch/slc6_amd64_gcc472/cms/dbs-client/DBS_2_1_9-cms5/lib/DBSAPI:/cvmfs/cms.cern.ch/slc6_amd64_gcc472/external/cvs2git/5419-cms/lib:/scratch/condor/dir_11220/glide_TreDhe/execute/dir_26207/
 
# LIMITS USED BY CRAB WATCHDOG:
# RSS  (KBytes)   : 2300000
# VSZ  (KBytes)   : 100000000
# DISK (MBytes)   : 19000
# CPU TIME        : 720h:0m:0s
# WALL CLOCK TIME : 21h:50m:0s
 
3c0380cf82de79bc39966c93934c61fc
PSETHASH = 3c0380cf82de79bc39966c93934c61fc
/scratch/condor/dir_11220/glide_TreDhe/execute/dir_26207/writeCfg.py pset.py pset.py
Importing .py file
Setting parameters
RandomNumberGeneratorService found, will attempt to change seeds
inputBlocks=/ttbar/dcieri-ttbar_SIM-130075366148575c102f0d64fd3ac8f7/USER#42cb1519-7f11-43e2-ab9a-a013bd5404ac
inputFiles=/store/user/dcieri/ttbar_SIM/ttbar/ttbar_SIM/150129_145223/0000/step1_183.root
parentFiles=
lumisRange=
>>> Executable cmsRun
/cvmfs/cms.cern.ch/slc6_amd64_gcc472/cms/cmssw/CMSSW_6_2_0_SLHC12/bin/slc6_amd64_gcc472/cmsRun
ok executable found
>>> info for dashboard:
***** Cat /scratch/condor/dir_11220/glide_TreDhe/execute/dir_26207/jobreport.txt *****
MonitorJobID=434_https://submit-6.t2.ucsd.edu//150202//509448.33
MonitorID=dcieri_PU140_4dm08r
ExeStart=cmsRun
***** End Cat jobreport *****
Parameters sent to Dashboard.
>>> cmsRun started at Mon Feb  2 21:16:12 UTC 2015
>>> cmsRun ended at Mon Feb  2 23:27:49 UTC 2015
>>> crab_fjr_*.xml  permission set to 0704
>>> info for dashboard:
***** Cat /scratch/condor/dir_11220/glide_TreDhe/execute/dir_26207/jobreport.txt *****
MonitorJobID=434_https://submit-6.t2.ucsd.edu//150202//509448.33
MonitorID=dcieri_PU140_4dm08r
ExeEnd=cmsRun
***** End Cat jobreport *****
Parameters sent to Dashboard.
TIME_EXE = 7897 sec
>>> cmsRun wrote 209 lines of stdout+stderr
>>> START OF printout of 209 lines from stdout+stderr
271 DQMStore::DQMStore 
HcalTopologyIdealEP::HcalTopologyIdealEP
02-Feb-2015 21:16:21 GMT  Initiating request to open file root://dcap.pp.rl.ac.uk:1094/pnfs/pp.rl.ac.uk/data/cms/store/user/dcieri/ttbar_SIM/ttbar/ttbar_SIM/150129_145223/0000/step1_183.root
150202 21:16:24 27950 Xrd: CheckErrorStatus: Server [heplnx210.pp.rl.ac.uk:1094] declared: Request 3018 not supported(error code: 3013)
02-Feb-2015 21:16:24 GMT  Successfully opened file root://dcap.pp.rl.ac.uk:1094/pnfs/pp.rl.ac.uk/data/cms/store/user/dcieri/ttbar_SIM/ttbar/ttbar_SIM/150129_145223/0000/step1_183.root
02-Feb-2015 21:16:25 GMT  Initiating request to open file root://xrootd.unl.edu//store/group/dpg_trigger/comm_trigger/L1TrackTrigger/620_SLHC10/Extended2023TTI/MinBias/MinBias_TuneZ2star_GEN_SIM_1.root
02-Feb-2015 21:16:57 GMT  Successfully opened file root://xrootd.unl.edu//store/group/dpg_trigger/comm_trigger/L1TrackTrigger/620_SLHC10/Extended2023TTI/MinBias/MinBias_TuneZ2star_GEN_SIM_1.root
disableME1a = 0
HcalTopologyIdealEP::produce(const IdealGeometryRecord& iRecord)
mode = 2, maxDepthHB = 3, maxDepthHE = 5
RPCGeometryESModule :: produce
RPCGeometryESModule :: produce :: 1/4 Get Muon Ideal Geometry Record
RPCGeometryESModule :: produce :: 2/4 Get Muon DDD Constants
RPCGeometryESModule :: produce :: 3/4 Get Muon Numbering Record
in MuonNumberingInitialization::initializeMuonDDDConstants
about to make my new muonDDDConst_
in MuonNumberingInitialization::produce
RPCGeometryESModule :: produce :: 4/4 Build
Found:

	Barrel Stack layer 5 : 1008 stacks
	Barrel Stack layer 6 : 1320 stacks
	Barrel Stack layer 7 : 1836 stacks
	Barrel Stack layer 8 : 1152 stacks
	Barrel Stack layer 9 : 1488 stacks
	Barrel Stack layer 10 : 1824 stacks

	Endcap Stack disk 11 : 1360 stacks
	Endcap Stack disk 12 : 1360 stacks
	Endcap Stack disk 13 : 1360 stacks
	Endcap Stack disk 14 : 1360 stacks
	Endcap Stack disk 15 : 1360 stacks
Created 15428 stacks in 13 s

TTClusterBuilder< edm::Ref<edm::DetSetVector<PixelDigi>, PixelDigi, edm::refhelper::FindForDetSetVector<PixelDigi> > > loaded modules:
	TTClusterAlgorithm:	TTClusterAlgorithm_2d2013< edm::Ref<edm::DetSetVector<PixelDigi>, PixelDigi, edm::refhelper::FindForDetSetVector<PixelDigi> > >


TTStubBuilder< edm::Ref<edm::DetSetVector<PixelDigi>, PixelDigi, edm::refhelper::FindForDetSetVector<PixelDigi> > > loaded modules:
	TTStubAlgorithm:	TTStubAlgorithm_tab2013< edm::Ref<edm::DetSetVector<PixelDigi>, PixelDigi, edm::refhelper::FindForDetSetVector<PixelDigi> > >


TTClusterAssociator< edm::Ref<edm::DetSetVector<PixelDigi>, PixelDigi, edm::refhelper::FindForDetSetVector<PixelDigi> > > loaded.


TTStubAssociator< edm::Ref<edm::DetSetVector<PixelDigi>, PixelDigi, edm::refhelper::FindForDetSetVector<PixelDigi> > > loaded.


TTTrackAssociator< edm::Ref<edm::DetSetVector<PixelDigi>, PixelDigi, edm::refhelper::FindForDetSetVector<PixelDigi> > > loaded.

Begin processing the 1st record. Run 1, Event 1821, LumiSection 183 at 02-Feb-2015 21:17:32.782 GMT
02-Feb-2015 21:17:40 GMT  Closed file root://xrootd.unl.edu//store/group/dpg_trigger/comm_trigger/L1TrackTrigger/620_SLHC10/Extended2023TTI/MinBias/MinBias_TuneZ2star_GEN_SIM_1.root
02-Feb-2015 21:17:40 GMT  Initiating request to open file root://xrootd.unl.edu//store/group/dpg_trigger/comm_trigger/L1TrackTrigger/620_SLHC10/Extended2023TTI/MinBias/MinBias_TuneZ2star_GEN_SIM_839.root
02-Feb-2015 21:18:12 GMT  Successfully opened file root://xrootd.unl.edu//store/group/dpg_trigger/comm_trigger/L1TrackTrigger/620_SLHC10/Extended2023TTI/MinBias/MinBias_TuneZ2star_GEN_SIM_839.root
150202 21:22:51 28650 Xrd: XrdClientMessage::ReadRaw: Failed to read header (8 bytes).
150202 21:23:22 28648 Xrd: XrdClientMessage::ReadRaw: Failed to read header (8 bytes).
02-Feb-2015 21:28:55 GMT  Closed file root://xrootd.unl.edu//store/group/dpg_trigger/comm_trigger/L1TrackTrigger/620_SLHC10/Extended2023TTI/MinBias/MinBias_TuneZ2star_GEN_SIM_839.root
02-Feb-2015 21:28:55 GMT  Initiating request to open file root://xrootd.unl.edu//store/group/dpg_trigger/comm_trigger/L1TrackTrigger/620_SLHC10/Extended2023TTI/MinBias/MinBias_TuneZ2star_GEN_SIM_432.root
150202 21:29:26 12412 Xrd: CheckErrorStatus: Server [xrootd-redic.pi.infn.it:1094] declared: session not found(error code: 3011)
02-Feb-2015 21:29:26 GMT  Successfully opened file root://xrootd.unl.edu//store/group/dpg_trigger/comm_trigger/L1TrackTrigger/620_SLHC10/Extended2023TTI/MinBias/MinBias_TuneZ2star_GEN_SIM_432.root
150202 21:34:22 30415 Xrd: XrdClientMessage::ReadRaw: Failed to read header (8 bytes).
150202 21:34:52 17653 Xrd: XrdClientMessage::ReadRaw: Failed to read header (8 bytes).
150202 21:36:52 28323 Xrd: XrdClientMessage::ReadRaw: Failed to read header (8 bytes).
150202 21:36:52 28321 Xrd: XrdClientMessage::ReadRaw: Failed to read header (8 bytes).
150202 21:38:22 30414 Xrd: XrdClientMessage::ReadRaw: Failed to read header (8 bytes).
02-Feb-2015 21:39:38 GMT  Closed file root://xrootd.unl.edu//store/group/dpg_trigger/comm_trigger/L1TrackTrigger/620_SLHC10/Extended2023TTI/MinBias/MinBias_TuneZ2star_GEN_SIM_432.root
02-Feb-2015 21:39:38 GMT  Initiating request to open file root://xrootd.unl.edu//store/group/dpg_trigger/comm_trigger/L1TrackTrigger/620_SLHC10/Extended2023TTI/MinBias/MinBias_TuneZ2star_GEN_SIM_550.root
150202 21:40:09 29833 Xrd: CheckErrorStatus: Server [cms-xrd-global.cern.ch:1094] declared: session not found(error code: 3011)
150202 21:40:09 29833 Xrd: CheckErrorStatus: Server [xrootd.ba.infn.it:1094] declared: session not found(error code: 3011)
02-Feb-2015 21:40:10 GMT  Successfully opened file root://xrootd.unl.edu//store/group/dpg_trigger/comm_trigger/L1TrackTrigger/620_SLHC10/Extended2023TTI/MinBias/MinBias_TuneZ2star_GEN_SIM_550.root
Building the geometry service
Warning did not find digi
Warning did not find digi
Warning did not find digi
Warning did not find digi
Warning did not find digi in disks
Warning did not find digi in disks
Warning did not find digi in disks
Warning did not find digi in disks
150202 21:44:52 17654 Xrd: XrdClientMessage::ReadRaw: Failed to read header (8 bytes).
150202 21:45:22 30414 Xrd: XrdClientMessage::ReadRaw: Failed to read header (8 bytes).
02-Feb-2015 21:49:11 GMT  Closed file root://xrootd.unl.edu//store/group/dpg_trigger/comm_trigger/L1TrackTrigger/620_SLHC10/Extended2023TTI/MinBias/MinBias_TuneZ2star_GEN_SIM_550.root
02-Feb-2015 21:49:11 GMT  Initiating request to open file root://xrootd.unl.edu//store/group/dpg_trigger/comm_trigger/L1TrackTrigger/620_SLHC10/Extended2023TTI/MinBias/MinBias_TuneZ2star_GEN_SIM_755.root
150202 21:49:42 28647 Xrd: XrdClientMessage::ReadRaw: Failed to read header (8 bytes).
150202 21:49:42 8727 Xrd: CheckErrorStatus: Server [xrootd-redic.pi.infn.it:1094] declared: session not found(error code: 3011)
02-Feb-2015 21:49:42 GMT  Successfully opened file root://xrootd.unl.edu//store/group/dpg_trigger/comm_trigger/L1TrackTrigger/620_SLHC10/Extended2023TTI/MinBias/MinBias_TuneZ2star_GEN_SIM_755.root
150202 21:54:22 30415 Xrd: XrdClientMessage::ReadRaw: Failed to read header (8 bytes).
150202 21:54:52 9451 Xrd: XrdClientMessage::ReadRaw: Failed to read header (8 bytes).
02-Feb-2015 21:57:28 GMT  Closed file root://xrootd.unl.edu//store/group/dpg_trigger/comm_trigger/L1TrackTrigger/620_SLHC10/Extended2023TTI/MinBias/MinBias_TuneZ2star_GEN_SIM_755.root
02-Feb-2015 21:57:28 GMT  Initiating request to open file root://xrootd.unl.edu//store/group/dpg_trigger/comm_trigger/L1TrackTrigger/620_SLHC10/Extended2023TTI/MinBias/MinBias_TuneZ2star_GEN_SIM_345.root
150202 21:58:00 23283 Xrd: CheckErrorStatus: Server [xrootd-redic.pi.infn.it:1094] declared: session not found(error code: 3011)
02-Feb-2015 21:58:00 GMT  Successfully opened file root://xrootd.unl.edu//store/group/dpg_trigger/comm_trigger/L1TrackTrigger/620_SLHC10/Extended2023TTI/MinBias/MinBias_TuneZ2star_GEN_SIM_345.root
150202 22:00:22 30413 Xrd: XrdClientMessage::ReadRaw: Failed to read header (8 bytes).
150202 22:02:52 9452 Xrd: XrdClientMessage::ReadRaw: Failed to read header (8 bytes).
150202 22:03:21 25271 Xrd: XrdClientMessage::ReadRaw: Failed to read header (8 bytes).
02-Feb-2015 22:04:32 GMT  Closed file root://xrootd.unl.edu//store/group/dpg_trigger/comm_trigger/L1TrackTrigger/620_SLHC10/Extended2023TTI/MinBias/MinBias_TuneZ2star_GEN_SIM_345.root
02-Feb-2015 22:04:32 GMT  Initiating request to open file root://xrootd.unl.edu//store/group/dpg_trigger/comm_trigger/L1TrackTrigger/620_SLHC10/Extended2023TTI/MinBias/MinBias_TuneZ2star_GEN_SIM_644.root
150202 22:09:52 25272 Xrd: XrdClientMessage::ReadRaw: Failed to read header (8 bytes).
150202 22:10:45 1422 Xrd: CheckErrorStatus: Server [xrootd-redic.pi.infn.it:1094] declared: session not found(error code: 3011)
150202 22:10:46 1422 Xrd: CheckErrorStatus: Server [eoscms.cern.ch:1094] declared: session not found(error code: 3011)
02-Feb-2015 22:10:46 GMT  Successfully opened file root://xrootd.unl.edu//store/group/dpg_trigger/comm_trigger/L1TrackTrigger/620_SLHC10/Extended2023TTI/MinBias/MinBias_TuneZ2star_GEN_SIM_644.root
150202 22:15:52 14997 Xrd: XrdClientMessage::ReadRaw: Failed to read header (8 bytes).
02-Feb-2015 22:16:50 GMT  Closed file root://xrootd.unl.edu//store/group/dpg_trigger/comm_trigger/L1TrackTrigger/620_SLHC10/Extended2023TTI/MinBias/MinBias_TuneZ2star_GEN_SIM_644.root
02-Feb-2015 22:16:50 GMT  Initiating request to open file root://xrootd.unl.edu//store/group/dpg_trigger/comm_trigger/L1TrackTrigger/620_SLHC10/Extended2023TTI/MinBias/MinBias_TuneZ2star_GEN_SIM_82.root
150202 22:21:52 14998 Xrd: XrdClientMessage::ReadRaw: Failed to read header (8 bytes).
150202 22:22:11 28183 Xrd: CheckErrorStatus: Server [xrootd-redic.pi.infn.it:1094] declared: session not found(error code: 3011)
02-Feb-2015 22:22:11 GMT  Successfully opened file root://xrootd.unl.edu//store/group/dpg_trigger/comm_trigger/L1TrackTrigger/620_SLHC10/Extended2023TTI/MinBias/MinBias_TuneZ2star_GEN_SIM_82.root
02-Feb-2015 22:24:51 GMT  Closed file root://xrootd.unl.edu//store/group/dpg_trigger/comm_trigger/L1TrackTrigger/620_SLHC10/Extended2023TTI/MinBias/MinBias_TuneZ2star_GEN_SIM_82.root
02-Feb-2015 22:24:51 GMT  Initiating request to open file root://xrootd.unl.edu//store/group/dpg_trigger/comm_trigger/L1TrackTrigger/620_SLHC10/Extended2023TTI/MinBias/MinBias_TuneZ2star_GEN_SIM_69.root
150202 22:25:22 13307 Xrd: CheckErrorStatus: Server [cms-xrd-global.cern.ch:1094] declared: session not found(error code: 3011)
02-Feb-2015 22:25:22 GMT  Successfully opened file root://xrootd.unl.edu//store/group/dpg_trigger/comm_trigger/L1TrackTrigger/620_SLHC10/Extended2023TTI/MinBias/MinBias_TuneZ2star_GEN_SIM_69.root
150202 22:30:22 1334 Xrd: XrdClientMessage::ReadRaw: Failed to read header (8 bytes).
02-Feb-2015 22:30:29 GMT  Closed file root://xrootd.unl.edu//store/group/dpg_trigger/comm_trigger/L1TrackTrigger/620_SLHC10/Extended2023TTI/MinBias/MinBias_TuneZ2star_GEN_SIM_69.root
02-Feb-2015 22:30:29 GMT  Initiating request to open file root://xrootd.unl.edu//store/group/dpg_trigger/comm_trigger/L1TrackTrigger/620_SLHC10/Extended2023TTI/MinBias/MinBias_TuneZ2star_GEN_SIM_841.root
150202 22:30:29 1333 Xrd: XrdClientMessage::ReadRaw: Failed to read header (8 bytes).
150202 22:31:00 7358 Xrd: CheckErrorStatus: Server [llrxrd-redir.in2p3.fr:1094] declared: session not found(error code: 3011)
150202 22:31:00 7358 Xrd: CheckErrorStatus: Server [eoscms.cern.ch:1094] declared: session not found(error code: 3011)
02-Feb-2015 22:31:00 GMT  Successfully opened file root://xrootd.unl.edu//store/group/dpg_trigger/comm_trigger/L1TrackTrigger/620_SLHC10/Extended2023TTI/MinBias/MinBias_TuneZ2star_GEN_SIM_841.root
02-Feb-2015 22:35:45 GMT  Closed file root://xrootd.unl.edu//store/group/dpg_trigger/comm_trigger/L1TrackTrigger/620_SLHC10/Extended2023TTI/MinBias/MinBias_TuneZ2star_GEN_SIM_841.root
02-Feb-2015 22:35:45 GMT  Initiating request to open file root://xrootd.unl.edu//store/group/dpg_trigger/comm_trigger/L1TrackTrigger/620_SLHC10/Extended2023TTI/MinBias/MinBias_TuneZ2star_GEN_SIM_129.root
150202 22:35:46 18496 Xrd: XrdClientMessage::ReadRaw: Failed to read header (8 bytes).
02-Feb-2015 22:36:16 GMT  Successfully opened file root://xrootd.unl.edu//store/group/dpg_trigger/comm_trigger/L1TrackTrigger/620_SLHC10/Extended2023TTI/MinBias/MinBias_TuneZ2star_GEN_SIM_129.root
150202 22:40:52 7731 Xrd: XrdClientMessage::ReadRaw: Failed to read header (8 bytes).
150202 22:41:03 7730 Xrd: XrdClientMessage::ReadRaw: Failed to read header (8 bytes).
02-Feb-2015 22:41:20 GMT  Closed file root://xrootd.unl.edu//store/group/dpg_trigger/comm_trigger/L1TrackTrigger/620_SLHC10/Extended2023TTI/MinBias/MinBias_TuneZ2star_GEN_SIM_129.root
02-Feb-2015 22:41:20 GMT  Initiating request to open file root://xrootd.unl.edu//store/group/dpg_trigger/comm_trigger/L1TrackTrigger/620_SLHC10/Extended2023TTI/MinBias/MinBias_TuneZ2star_GEN_SIM_880.root
150202 22:41:21 11199 Xrd: XrdClientMessage::ReadRaw: Failed to read header (8 bytes).
150202 22:41:50 15036 Xrd: CheckErrorStatus: Server [xrootd.ba.infn.it:1094] declared: session not found(error code: 3011)
02-Feb-2015 22:41:50 GMT  Successfully opened file root://xrootd.unl.edu//store/group/dpg_trigger/comm_trigger/L1TrackTrigger/620_SLHC10/Extended2023TTI/MinBias/MinBias_TuneZ2star_GEN_SIM_880.root
02-Feb-2015 22:46:03 GMT  Closed file root://xrootd.unl.edu//store/group/dpg_trigger/comm_trigger/L1TrackTrigger/620_SLHC10/Extended2023TTI/MinBias/MinBias_TuneZ2star_GEN_SIM_880.root
02-Feb-2015 22:46:03 GMT  Initiating request to open file root://xrootd.unl.edu//store/group/dpg_trigger/comm_trigger/L1TrackTrigger/620_SLHC10/Extended2023TTI/MinBias/MinBias_TuneZ2star_GEN_SIM_725.root
150202 22:46:22 11209 Xrd: XrdClientMessage::ReadRaw: Failed to read header (8 bytes).
02-Feb-2015 22:46:33 GMT  Successfully opened file root://xrootd.unl.edu//store/group/dpg_trigger/comm_trigger/L1TrackTrigger/620_SLHC10/Extended2023TTI/MinBias/MinBias_TuneZ2star_GEN_SIM_725.root
02-Feb-2015 22:49:34 GMT  Closed file root://xrootd.unl.edu//store/group/dpg_trigger/comm_trigger/L1TrackTrigger/620_SLHC10/Extended2023TTI/MinBias/MinBias_TuneZ2star_GEN_SIM_725.root
02-Feb-2015 22:49:34 GMT  Initiating request to open file root://xrootd.unl.edu//store/group/dpg_trigger/comm_trigger/L1TrackTrigger/620_SLHC10/Extended2023TTI/MinBias/MinBias_TuneZ2star_GEN_SIM_607.root
02-Feb-2015 22:50:05 GMT  Successfully opened file root://xrootd.unl.edu//store/group/dpg_trigger/comm_trigger/L1TrackTrigger/620_SLHC10/Extended2023TTI/MinBias/MinBias_TuneZ2star_GEN_SIM_607.root
150202 22:51:22 15540 Xrd: XrdClientMessage::ReadRaw: Failed to read header (8 bytes).
150202 22:54:51 18594 Xrd: XrdClientMessage::ReadRaw: Failed to read header (8 bytes).
02-Feb-2015 22:55:00 GMT  Closed file root://xrootd.unl.edu//store/group/dpg_trigger/comm_trigger/L1TrackTrigger/620_SLHC10/Extended2023TTI/MinBias/MinBias_TuneZ2star_GEN_SIM_607.root
02-Feb-2015 22:55:00 GMT  Initiating request to open file root://xrootd.unl.edu//store/group/dpg_trigger/comm_trigger/L1TrackTrigger/620_SLHC10/Extended2023TTI/MinBias/MinBias_TuneZ2star_GEN_SIM_89.root
150202 22:55:22 15539 Xrd: XrdClientMessage::ReadRaw: Failed to read header (8 bytes).
150202 22:55:31 29537 Xrd: CheckErrorStatus: Server [xrootd-redic.pi.infn.it:1094] declared: session not found(error code: 3011)
02-Feb-2015 22:55:31 GMT  Successfully opened file root://xrootd.unl.edu//store/group/dpg_trigger/comm_trigger/L1TrackTrigger/620_SLHC10/Extended2023TTI/MinBias/MinBias_TuneZ2star_GEN_SIM_89.root
02-Feb-2015 22:58:50 GMT  Closed file root://xrootd.unl.edu//store/group/dpg_trigger/comm_trigger/L1TrackTrigger/620_SLHC10/Extended2023TTI/MinBias/MinBias_TuneZ2star_GEN_SIM_89.root
02-Feb-2015 22:58:50 GMT  Initiating request to open file root://xrootd.unl.edu//store/group/dpg_trigger/comm_trigger/L1TrackTrigger/620_SLHC10/Extended2023TTI/MinBias/MinBias_TuneZ2star_GEN_SIM_33.root
02-Feb-2015 22:59:21 GMT  Successfully opened file root://xrootd.unl.edu//store/group/dpg_trigger/comm_trigger/L1TrackTrigger/620_SLHC10/Extended2023TTI/MinBias/MinBias_TuneZ2star_GEN_SIM_33.root
150202 23:00:22 20930 Xrd: XrdClientMessage::ReadRaw: Failed to read header (8 bytes).
02-Feb-2015 23:01:34 GMT  Closed file root://xrootd.unl.edu//store/group/dpg_trigger/comm_trigger/L1TrackTrigger/620_SLHC10/Extended2023TTI/MinBias/MinBias_TuneZ2star_GEN_SIM_33.root
02-Feb-2015 23:01:34 GMT  Initiating request to open file root://xrootd.unl.edu//store/group/dpg_trigger/comm_trigger/L1TrackTrigger/620_SLHC10/Extended2023TTI/MinBias/MinBias_TuneZ2star_GEN_SIM_898.root
150202 23:01:52 18495 Xrd: XrdClientMessage::ReadRaw: Failed to read header (8 bytes).
02-Feb-2015 23:02:05 GMT  Successfully opened file root://xrootd.unl.edu//store/group/dpg_trigger/comm_trigger/L1TrackTrigger/620_SLHC10/Extended2023TTI/MinBias/MinBias_TuneZ2star_GEN_SIM_898.root
150202 23:03:52 29698 Xrd: XrdClientMessage::ReadRaw: Failed to read header (8 bytes).
02-Feb-2015 23:05:21 GMT  Closed file root://xrootd.unl.edu//store/group/dpg_trigger/comm_trigger/L1TrackTrigger/620_SLHC10/Extended2023TTI/MinBias/MinBias_TuneZ2star_GEN_SIM_898.root
02-Feb-2015 23:05:21 GMT  Initiating request to open file root://xrootd.unl.edu//store/group/dpg_trigger/comm_trigger/L1TrackTrigger/620_SLHC10/Extended2023TTI/MinBias/MinBias_TuneZ2star_GEN_SIM_612.root
150202 23:06:08 4156 Xrd: CheckErrorStatus: Server [cms-xrd-global.cern.ch:1094] declared: session not found(error code: 3011)
02-Feb-2015 23:06:08 GMT  Successfully opened file root://xrootd.unl.edu//store/group/dpg_trigger/comm_trigger/L1TrackTrigger/620_SLHC10/Extended2023TTI/MinBias/MinBias_TuneZ2star_GEN_SIM_612.root
150202 23:06:51 726 Xrd: XrdClientMessage::ReadRaw: Failed to read header (8 bytes).
02-Feb-2015 23:09:20 GMT  Closed file root://xrootd.unl.edu//store/group/dpg_trigger/comm_trigger/L1TrackTrigger/620_SLHC10/Extended2023TTI/MinBias/MinBias_TuneZ2star_GEN_SIM_612.root
02-Feb-2015 23:09:20 GMT  Initiating request to open file root://xrootd.unl.edu//store/group/dpg_trigger/comm_trigger/L1TrackTrigger/620_SLHC10/Extended2023TTI/MinBias/MinBias_TuneZ2star_GEN_SIM_649.root
02-Feb-2015 23:09:51 GMT  Successfully opened file root://xrootd.unl.edu//store/group/dpg_trigger/comm_trigger/L1TrackTrigger/620_SLHC10/Extended2023TTI/MinBias/MinBias_TuneZ2star_GEN_SIM_649.root
150202 23:10:52 2354 Xrd: XrdClientMessage::ReadRaw: Failed to read header (8 bytes).
02-Feb-2015 23:11:57 GMT  Closed file root://xrootd.unl.edu//store/group/dpg_trigger/comm_trigger/L1TrackTrigger/620_SLHC10/Extended2023TTI/MinBias/MinBias_TuneZ2star_GEN_SIM_649.root
02-Feb-2015 23:11:57 GMT  Initiating request to open file root://xrootd.unl.edu//store/group/dpg_trigger/comm_trigger/L1TrackTrigger/620_SLHC10/Extended2023TTI/MinBias/MinBias_TuneZ2star_GEN_SIM_862.root
02-Feb-2015 23:12:29 GMT  Successfully opened file root://xrootd.unl.edu//store/group/dpg_trigger/comm_trigger/L1TrackTrigger/620_SLHC10/Extended2023TTI/MinBias/MinBias_TuneZ2star_GEN_SIM_862.root
150202 23:14:22 4705 Xrd: XrdClientMessage::ReadRaw: Failed to read header (8 bytes).
02-Feb-2015 23:15:51 GMT  Closed file root://xrootd.unl.edu//store/group/dpg_trigger/comm_trigger/L1TrackTrigger/620_SLHC10/Extended2023TTI/MinBias/MinBias_TuneZ2star_GEN_SIM_862.root
02-Feb-2015 23:15:51 GMT  Initiating request to open file root://xrootd.unl.edu//store/group/dpg_trigger/comm_trigger/L1TrackTrigger/620_SLHC10/Extended2023TTI/MinBias/MinBias_TuneZ2star_GEN_SIM_261.root
02-Feb-2015 23:16:23 GMT  Successfully opened file root://xrootd.unl.edu//store/group/dpg_trigger/comm_trigger/L1TrackTrigger/620_SLHC10/Extended2023TTI/MinBias/MinBias_TuneZ2star_GEN_SIM_261.root
150202 23:17:22 7019 Xrd: XrdClientMessage::ReadRaw: Failed to read header (8 bytes).
02-Feb-2015 23:18:44 GMT  Closed file root://xrootd.unl.edu//store/group/dpg_trigger/comm_trigger/L1TrackTrigger/620_SLHC10/Extended2023TTI/MinBias/MinBias_TuneZ2star_GEN_SIM_261.root
02-Feb-2015 23:18:44 GMT  Initiating request to open file root://xrootd.unl.edu//store/group/dpg_trigger/comm_trigger/L1TrackTrigger/620_SLHC10/Extended2023TTI/MinBias/MinBias_TuneZ2star_GEN_SIM_557.root
02-Feb-2015 23:19:16 GMT  Successfully opened file root://xrootd.unl.edu//store/group/dpg_trigger/comm_trigger/L1TrackTrigger/620_SLHC10/Extended2023TTI/MinBias/MinBias_TuneZ2star_GEN_SIM_557.root
150202 23:21:22 8398 Xrd: XrdClientMessage::ReadRaw: Failed to read header (8 bytes).
150202 23:22:22 7729 Xrd: XrdClientMessage::ReadRaw: Failed to read header (8 bytes).
02-Feb-2015 23:23:43 GMT  Closed file root://xrootd.unl.edu//store/group/dpg_trigger/comm_trigger/L1TrackTrigger/620_SLHC10/Extended2023TTI/MinBias/MinBias_TuneZ2star_GEN_SIM_557.root
02-Feb-2015 23:23:43 GMT  Initiating request to open file root://xrootd.unl.edu//store/group/dpg_trigger/comm_trigger/L1TrackTrigger/620_SLHC10/Extended2023TTI/MinBias/MinBias_TuneZ2star_GEN_SIM_401.root
150202 23:23:52 10750 Xrd: XrdClientMessage::ReadRaw: Failed to read header (8 bytes).
150202 23:24:13 14990 Xrd: CheckErrorStatus: Server [cms-xrd-global.cern.ch:1094] declared: session not found(error code: 3011)
02-Feb-2015 23:24:13 GMT  Successfully opened file root://xrootd.unl.edu//store/group/dpg_trigger/comm_trigger/L1TrackTrigger/620_SLHC10/Extended2023TTI/MinBias/MinBias_TuneZ2star_GEN_SIM_401.root
02-Feb-2015 23:26:01 GMT  Closed file root://xrootd.unl.edu//store/group/dpg_trigger/comm_trigger/L1TrackTrigger/620_SLHC10/Extended2023TTI/MinBias/MinBias_TuneZ2star_GEN_SIM_401.root
02-Feb-2015 23:26:01 GMT  Initiating request to open file root://xrootd.unl.edu//store/group/dpg_trigger/comm_trigger/L1TrackTrigger/620_SLHC10/Extended2023TTI/MinBias/MinBias_TuneZ2star_GEN_SIM_830.root
150202 23:26:31 16564 Xrd: CheckErrorStatus: Server [eoscms.cern.ch:1094] declared: session not found(error code: 3011)
02-Feb-2015 23:26:31 GMT  Successfully opened file root://xrootd.unl.edu//store/group/dpg_trigger/comm_trigger/L1TrackTrigger/620_SLHC10/Extended2023TTI/MinBias/MinBias_TuneZ2star_GEN_SIM_830.root
02-Feb-2015 23:27:47 GMT  Closed file root://dcap.pp.rl.ac.uk:1094/pnfs/pp.rl.ac.uk/data/cms/store/user/dcieri/ttbar_SIM/ttbar/ttbar_SIM/150129_145223/0000/step1_183.root
02-Feb-2015 23:27:47 GMT  Closed file root://xrootd.unl.edu//store/group/dpg_trigger/comm_trigger/L1TrackTrigger/620_SLHC10/Extended2023TTI/MinBias/MinBias_TuneZ2star_GEN_SIM_830.root

=============================================

MessageLogger Summary

 type     category        sev    module        subroutine        count    total
 ---- -------------------- -- ---------------- ----------------  -----    -----
    1 fileAction           -s MixingModule:mix                      69       69
    2 fileAction           -s MixingModule:mix                       2        2
    3 fileAction           -s MixingModule:mix                       1        1
    4 fileAction           -s file_close                             1        1
    5 fileAction           -s file_open                              2        2

 type    category    Examples: run/evt        run/evt          run/evt
 ---- -------------------- ---------------- ---------------- ----------------
    1 fileAction           1/1821           1/1821           1/1830
    2 fileAction           pre-events       pre-events       
    3 fileAction           PostEndRun                        
    4 fileAction           PostEndRun                        
    5 fileAction           pre-events       pre-events       

Severity    # Occurrences   Total Occurrences
--------    -------------   -----------------
System                 75                  75
>>> END OF printout of 209 lines from stdout+stderr
>>> Parse FrameworkJobReport crab_fjr.xml
Result of parsing the FrameworkJobReport crab_fjr.xml: 
Extracted ExitStatus from FrameworkJobReport parsing output: 0
>>> Executable succeded  0
ExeExitCode=0
EXECUTABLE_EXIT_STATUS = 0
>>> current directory /scratch/condor/dir_11220/glide_TreDhe/execute/dir_26207/CMSSW_6_2_0_SLHC12
>>>  (SOFTWARE_DIR): /scratch/condor/dir_11220/glide_TreDhe/execute/dir_26207/CMSSW_6_2_0_SLHC12
>>> (WORKING_DIR): 
>>> current directory content:
total 248064
drwxr-xr-x 3 cms415 gplcms      4096 Feb  2 21:16 .SCRAM
-rw------- 1 cms415 gplcms    915837 Feb  2 21:16 CMSSW.py.pkl
drwxr-xr-x 3 cms415 gplcms      4096 Feb  2 21:16 bin
drwxr-xr-x 3 cms415 gplcms      4096 Feb  2 21:16 cfipython
drwxr-xr-x 4 cms415 gplcms      4096 Apr 28  2014 config
-rw------- 1 cms415 gplcms        17 Feb  2 23:27 cpu_timing.txt
drwxr-xr-x 2 cms415 gplcms      4096 Feb  2 21:16 doc
-rw------- 1 cms415 gplcms     23600 Feb  2 23:27 executable.out
drwxr-xr-x 2 cms415 gplcms      4096 Feb  2 21:16 include
drwx------ 3 cms415 gplcms      4096 Oct  7 10:12 lib
drwxr-xr-x 3 cms415 gplcms      4096 Feb  2 21:16 logs
drwxr-xr-x 3 cms415 gplcms      4096 Feb  2 21:16 objs
-rw------- 1 cms415 gplcms       104 Feb  2 21:16 pset.py
-rw------- 1 cms415 gplcms    926826 Feb  2 21:16 pset.py.pkl
-rw------- 1 cms415 gplcms       289 Feb  2 21:16 pset.pyc
drwxr-xr-x 2 cms415 gplcms      4096 Feb  2 21:16 python
-rw------- 1 cms415 gplcms       356 Feb  2 23:27 report.log
drwxr-xr-x 2 cms415 gplcms      4096 Feb  2 21:16 src
-rw------- 1 cms415 gplcms 251811952 Feb  2 23:27 step2.root
drwxr-xr-x 3 cms415 gplcms      4096 Feb  2 21:16 test
drwxr-xr-x 3 cms415 gplcms      4096 Feb  2 21:16 tmp
>>> current directory /scratch/condor/dir_11220/glide_TreDhe/execute/dir_26207/CMSSW_6_2_0_SLHC12
>>> (SOFTWARE_DIR): /scratch/condor/dir_11220/glide_TreDhe/execute/dir_26207/CMSSW_6_2_0_SLHC12
>>> (WORKING_DIR): 
>>> current directory content:
total 248064
drwxr-xr-x 3 cms415 gplcms      4096 Feb  2 21:16 .SCRAM
-rw------- 1 cms415 gplcms    915837 Feb  2 21:16 CMSSW.py.pkl
drwxr-xr-x 3 cms415 gplcms      4096 Feb  2 21:16 bin
drwxr-xr-x 3 cms415 gplcms      4096 Feb  2 21:16 cfipython
drwxr-xr-x 4 cms415 gplcms      4096 Apr 28  2014 config
-rw------- 1 cms415 gplcms        17 Feb  2 23:27 cpu_timing.txt
drwxr-xr-x 2 cms415 gplcms      4096 Feb  2 21:16 doc
-rw------- 1 cms415 gplcms     23600 Feb  2 23:27 executable.out
drwxr-xr-x 2 cms415 gplcms      4096 Feb  2 21:16 include
drwx------ 3 cms415 gplcms      4096 Oct  7 10:12 lib
drwxr-xr-x 3 cms415 gplcms      4096 Feb  2 21:16 logs
drwxr-xr-x 3 cms415 gplcms      4096 Feb  2 21:16 objs
-rw------- 1 cms415 gplcms       104 Feb  2 21:16 pset.py
-rw------- 1 cms415 gplcms    926826 Feb  2 21:16 pset.py.pkl
-rw------- 1 cms415 gplcms       289 Feb  2 21:16 pset.pyc
drwxr-xr-x 2 cms415 gplcms      4096 Feb  2 21:16 python
-rw------- 1 cms415 gplcms       356 Feb  2 23:27 report.log
drwxr-xr-x 2 cms415 gplcms      4096 Feb  2 21:16 src
-rw------- 1 cms415 gplcms 251811952 Feb  2 23:27 step2_434_1_rm9.root
drwxr-xr-x 3 cms415 gplcms      4096 Feb  2 21:16 test
drwxr-xr-x 3 cms415 gplcms      4096 Feb  2 21:16 tmp
>>> current directory (RUNTIME_AREA):  /scratch/condor/dir_11220/glide_TreDhe/execute/dir_26207
PNN = T2_UK_SGrid_RALPP
SE = heplnx204.pp.rl.ac.uk
SE_PATH = /srm/managerv2?SFN=/pnfs/pp.rl.ac.uk/data/cms/store/user/dcieri/ttbar_PU140_DIGI/dcieri/ttbar/ttbar_PU140_DIGI/3c0380cf82de79bc39966c93934c61fc/
LFNBaseName = /store/user/dcieri/ttbar_PU140_DIGI/dcieri/ttbar/ttbar_PU140_DIGI/3c0380cf82de79bc39966c93934c61fc/
USER = dcieri
endpoint = srm://heplnx204.pp.rl.ac.uk:8443/srm/managerv2?SFN=/pnfs/pp.rl.ac.uk/data/cms/store/user/dcieri/ttbar_PU140_DIGI/dcieri/ttbar/ttbar_PU140_DIGI/3c0380cf82de79bc39966c93934c61fc/
>>> Copy output files from WN = heplnc070.pp.rl.ac.uk to /srm/managerv2?SFN=/pnfs/pp.rl.ac.uk/data/cms/store/user/dcieri/ttbar_PU140_DIGI/dcieri/ttbar/ttbar_PU140_DIGI/3c0380cf82de79bc39966c93934c61fc/ :
python cmscp.py  --destination srm://heplnx204.pp.rl.ac.uk:8443/srm/managerv2?SFN=/pnfs/pp.rl.ac.uk/data/cms/store/user/dcieri/ttbar_PU140_DIGI/dcieri/ttbar/ttbar_PU140_DIGI/3c0380cf82de79bc39966c93934c61fc/ --inputFileList /scratch/condor/dir_11220/glide_TreDhe/execute/dir_26207/CMSSW_6_2_0_SLHC12/step2_434_1_rm9.root --middleware LCG --PNN T2_UK_SGrid_RALPP --se_name heplnx204.pp.rl.ac.uk --for_lfn /store/user/dcieri/ttbar_PU140_DIGI/dcieri/ttbar/ttbar_PU140_DIGI/3c0380cf82de79bc39966c93934c61fc/    
******************************************************
localSeName  =  heplnx204.pp.rl.ac.uk
remoteSeName =  heplnx204.pp.rl.ac.uk
******************************************************
{"/scratch/condor/dir_11220/glide_TreDhe/execute/dir_26207/CMSSW_6_2_0_SLHC12/step2_434_1_rm9.root": {"endpoint": "srm://heplnx204.pp.rl.ac.uk:8443/srm/managerv2?SFN=/pnfs/pp.rl.ac.uk/data/cms/store/user/dcieri/ttbar_PU140_DIGI/dcieri/ttbar/ttbar_PU140_DIGI/3c0380cf82de79bc39966c93934c61fc/", "surl_for_grid": "", "reason": "Copy succedeed with srm-lcg utils", "erCode": "0", "PNN": "T2_UK_SGrid_RALPP", "se_name": "heplnx204.pp.rl.ac.uk", "for_lfn": "/store/user/dcieri/ttbar_PU140_DIGI/dcieri/ttbar/ttbar_PU140_DIGI/3c0380cf82de79bc39966c93934c61fc/"}}/scratch/condor/dir_11220/glide_TreDhe/execute/dir_26207
-------- cat /scratch/condor/dir_11220/glide_TreDhe/execute/dir_26207/cmscpReport.sh 
#!/bin/bash
echo "Report for File: /scratch/condor/dir_11220/glide_TreDhe/execute/dir_26207/CMSSW_6_2_0_SLHC12/step2_434_1_rm9.root"
echo "LFN: /store/user/dcieri/ttbar_PU140_DIGI/dcieri/ttbar/ttbar_PU140_DIGI/3c0380cf82de79bc39966c93934c61fc/step2_434_1_rm9.root"
echo "StorageElement: heplnx204.pp.rl.ac.uk"
echo "StageOutExitStatusReason = 'Copy succedeed with srm-lcg utils'" | tee -a $RUNTIME_AREA/$repo
echo "StageOutSE = heplnx204.pp.rl.ac.uk" >> $RUNTIME_AREA/$repo

export StageOutExitStatus=0
echo "StageOutExitStatus = 0" | tee -a $RUNTIME_AREA/$repo
-------- end of /scratch/condor/dir_11220/glide_TreDhe/execute/dir_26207/cmscpReport.sh 
Report for File: /scratch/condor/dir_11220/glide_TreDhe/execute/dir_26207/CMSSW_6_2_0_SLHC12/step2_434_1_rm9.root
LFN: /store/user/dcieri/ttbar_PU140_DIGI/dcieri/ttbar/ttbar_PU140_DIGI/3c0380cf82de79bc39966c93934c61fc/step2_434_1_rm9.root
StorageElement: heplnx204.pp.rl.ac.uk
StageOutExitStatusReason = 'Copy succedeed with srm-lcg utils'
StageOutExitStatus = 0
>>> current dir: /scratch/condor/dir_11220/glide_TreDhe/execute/dir_26207
>>> current dir content:
total 8824
-rw-------  1 cms415 gplcms    2734 Feb  2 23:28 .SEinteraction.log
-rwx------  1 cms415 gplcms      52 Feb  2 21:14 .chirp_config
-rwx------  1 cms415 gplcms    7884 Feb  2 21:14 .job.ad
-rwx------  1 cms415 gplcms    9784 Feb  2 21:14 .machine.ad
-rw-------  1 cms415 gplcms     105 Feb  2 12:16 CMSSW.py
-rw-------  1 cms415 gplcms  915837 Feb  2 12:16 CMSSW.py.pkl
-rwx------  1 cms415 gplcms   29498 Feb  2 21:16 CMSSW.sh
drwxr-xr-x 15 cms415 gplcms    4096 Feb  2 23:27 CMSSW_6_2_0_SLHC12
-rw-------  1 cms415 gplcms     190 Feb  2 21:16 CacheEnv.sh
-rw-------  1 cms415 gplcms    7291 Nov 19 14:52 DashboardAPI.py
-rw-------  1 cms415 gplcms    6470 Feb  2 21:16 DashboardAPI.pyc
drwx------  2 cms415 gplcms    4096 Feb  2 23:27 IMProv
-rw-------  1 cms415 gplcms    2748 Nov 19 14:52 Logger.py
-rw-------  1 cms415 gplcms    3232 Feb  2 21:16 Logger.pyc
-rw-------  1 cms415 gplcms   24524 Nov 19 14:52 ProcInfo.py
-rw-------  1 cms415 gplcms   22645 Feb  2 21:16 ProcInfo.pyc
drwx------  7 cms415 gplcms    4096 Feb  2 21:16 ProdCommon
drwx------  3 cms415 gplcms    4096 Feb  2 21:16 WMCore
-rw-------  1 cms415 gplcms    9262 Feb  2 23:27 Watchdog_434.log
-rwx------  1 cms415 gplcms       0 Feb  2 21:16 _condor_stderr
-rwx---r--  1 cms415 gplcms   38370 Feb  2 23:28 _condor_stdout
-rw-------  1 cms415 gplcms   32895 Nov 19 14:52 apmon.py
-rw-------  1 cms415 gplcms   27958 Feb  2 21:16 apmon.pyc
-rwx------  1 cms415 gplcms  134309 Feb  2 21:16 arguments.xml
-rwx------  1 cms415 gplcms   38581 Nov 19 14:52 cmscp.py
-rw-------  1 cms415 gplcms     562 Feb  2 23:28 cmscpReport.sh
-rwx------  1 cms415 gplcms   29498 Feb  2 21:16 condor_exec.exe
-rw-------  1 cms415 gplcms     544 Feb  2 12:16 crab.cfg
-rwx------  1 cms415 gplcms    8610 Nov 19 14:52 crabWatchdog.sh
-rwx---r--  1 cms415 gplcms  112106 Feb  2 23:27 crab_fjr_434.xml
-rwx------  1 cms415 gplcms 7390485 Feb  2 21:16 default.tgz
-rwx------  1 cms415 gplcms    4488 Nov 19 14:52 fillCrabFjr.py
-rw-------  1 cms415 gplcms     226 Feb  2 21:16 inputsReport.txt
-rw-------  1 cms415 gplcms     243 Feb  2 23:28 jobreport.txt
-rw-------  1 cms415 gplcms   17352 Nov 19 14:52 parseCrabFjr.py
-rw-------  1 cms415 gplcms     322 Feb  2 21:16 report.log
-rwx--x--x  1 cms415 gplcms    1497 Nov 19 14:52 report.py
-rw-------  1 cms415 gplcms     555 Feb  2 23:28 resultCopyFile
lrwxrwxrwx  1 cms415 gplcms      96 Feb  2 23:27 step2.root -> /scratch/condor/dir_11220/glide_TreDhe/execute/dir_26207/CMSSW_6_2_0_SLHC12/step2_434_1_rm9.root
-rwx------  1 cms415 gplcms    8351 Nov 19 14:52 writeCfg.py
-rw-------  1 cms415 gplcms   10297 Feb  2 21:14 x509up_u62281
>>> Modify Job Report:
CMSSW_VERSION = CMSSW_6_2_0_SLHC12
ProcessedDataset = ttbar_PU140_DIGI
/scratch/condor/dir_11220/glide_TreDhe/execute/dir_26207/ProdCommon/FwkJobRep/ModifyJobReport.py fjr /scratch/condor/dir_11220/glide_TreDhe/execute/dir_26207/crab_fjr_434.xml json /scratch/condor/dir_11220/glide_TreDhe/execute/dir_26207/resultCopyFile n_job 434_1_rm9 PrimaryDataset ttbar  ApplicationFamily cmsRun ApplicationName cmsRun cmssw_version CMSSW_6_2_0_SLHC12 psethash 3c0380cf82de79bc39966c93934c61fc UserProcessedDataset dcieri-ttbar_PU140_DIGI-3c0380cf82de79bc39966c93934c61fc
inputDict =  {u'/scratch/condor/dir_11220/glide_TreDhe/execute/dir_26207/CMSSW_6_2_0_SLHC12/step2_434_1_rm9.root': {u'endpoint': u'srm://heplnx204.pp.rl.ac.uk:8443/srm/managerv2?SFN=/pnfs/pp.rl.ac.uk/data/cms/store/user/dcieri/ttbar_PU140_DIGI/dcieri/ttbar/ttbar_PU140_DIGI/3c0380cf82de79bc39966c93934c61fc/', u'surl_for_grid': u'', u'reason': u'Copy succedeed with srm-lcg utils', u'erCode': u'0', u'PNN': u'T2_UK_SGrid_RALPP', u'se_name': u'heplnx204.pp.rl.ac.uk', u'for_lfn': u'/store/user/dcieri/ttbar_PU140_DIGI/dcieri/ttbar/ttbar_PU140_DIGI/3c0380cf82de79bc39966c93934c61fc/'}}
UserProcessedDataset =  dcieri-ttbar_PU140_DIGI-3c0380cf82de79bc39966c93934c61fc
WORKING ON EDM FILE
file_name in inputDict =  /scratch/condor/dir_11220/glide_TreDhe/execute/dir_26207/CMSSW_6_2_0_SLHC12/step2_434_1_rm9.root
(size) os.stat(filename)[6] =  251811952
checksum =  3531186220
    file =  step2_434_1_rm9.root
    newPfn =  srm://heplnx204.pp.rl.ac.uk:8443/srm/managerv2?SFN=/pnfs/pp.rl.ac.uk/data/cms/store/user/dcieri/ttbar_PU140_DIGI/dcieri/ttbar/ttbar_PU140_DIGI/3c0380cf82de79bc39966c93934c61fc/step2_434_1_rm9.root
    newLfn =  /store/user/dcieri/ttbar_PU140_DIGI/dcieri/ttbar/ttbar_PU140_DIGI/3c0380cf82de79bc39966c93934c61fc/step2_434_1_rm9.root
>>> crab_fjr_*.xml  permission set to 0704
CrabWrapper EXIT_FUNC entered at Mon Feb  2 23:28:42 GMT 2015   -  Mon Feb  2 23:28:42 UTC 2015
Checking output files:  
will tar file crab_fjr_434.xml in  out_files_434
WARNING: output file CMSSW_434.stdout not found!
WARNING: output file CMSSW_434.stderr not found!
WARNING: output file Watchdog_434.log.gz not found!
>>> padding time: Wrapper lasting more than 600 seconds. No sleep required.
STOPPING WATCHDOG. CrabWatchdog PID is 27780
********** LAST 50 LINES OF WATCHDOG LOG
 Feb 02 21:41:19 GMT	27950	1011392	1408364	50	109	1511	cmsRun -j /scratch/condor/dir_11220/glide_TreDhe/execute/dir_26207/crab_fjr_434.xml -p pset.py      
 Feb 02 21:42:19 GMT	27950	1016468	1411692	50	112	1572	cmsRun -j /scratch/condor/dir_11220/glide_TreDhe/execute/dir_26207/crab_fjr_434.xml -p pset.py      
 Feb 02 21:43:20 GMT	27950	1363604	1764608	50	136	1632	cmsRun -j /scratch/condor/dir_11220/glide_TreDhe/execute/dir_26207/crab_fjr_434.xml -p pset.py      
 Feb 02 21:43:20 GMT	---	1363604	1764608	56	----	----	----
 Feb 02 21:44:20 GMT	---	1363604	1764608	73	----	----	----
# TIME			PID	RSS(KB)	VSZ(KB)	Dsk(MB)	tCPU(s)	tWALL(s)	COMMAND
# TIME			PID	RSS(KB)	VSZ(KB)	Dsk(MB)	tCPU(s)	tWALL(s)	COMMAND
# TIME			PID	RSS(KB)	VSZ(KB)	Dsk(MB)	tCPU(s)	tWALL(s)	COMMAND
# TIME			PID	RSS(KB)	VSZ(KB)	Dsk(MB)	tCPU(s)	tWALL(s)	COMMAND
# TIME			PID	RSS(KB)	VSZ(KB)	Dsk(MB)	tCPU(s)	tWALL(s)	COMMAND
# TIME			PID	RSS(KB)	VSZ(KB)	Dsk(MB)	tCPU(s)	tWALL(s)	COMMAND
# TIME			PID	RSS(KB)	VSZ(KB)	Dsk(MB)	tCPU(s)	tWALL(s)	COMMAND
# TIME			PID	RSS(KB)	VSZ(KB)	Dsk(MB)	tCPU(s)	tWALL(s)	COMMAND
# TIME			PID	RSS(KB)	VSZ(KB)	Dsk(MB)	tCPU(s)	tWALL(s)	COMMAND
# TIME			PID	RSS(KB)	VSZ(KB)	Dsk(MB)	tCPU(s)	tWALL(s)	COMMAND
# TIME			PID	RSS(KB)	VSZ(KB)	Dsk(MB)	tCPU(s)	tWALL(s)	COMMAND
# TIME			PID	RSS(KB)	VSZ(KB)	Dsk(MB)	tCPU(s)	tWALL(s)	COMMAND
# TIME			PID	RSS(KB)	VSZ(KB)	Dsk(MB)	tCPU(s)	tWALL(s)	COMMAND
# TIME			PID	RSS(KB)	VSZ(KB)	Dsk(MB)	tCPU(s)	tWALL(s)	COMMAND
# TIME			PID	RSS(KB)	VSZ(KB)	Dsk(MB)	tCPU(s)	tWALL(s)	COMMAND
# TIME			PID	RSS(KB)	VSZ(KB)	Dsk(MB)	tCPU(s)	tWALL(s)	COMMAND
# TIME			PID	RSS(KB)	VSZ(KB)	Dsk(MB)	tCPU(s)	tWALL(s)	COMMAND
# TIME			PID	RSS(KB)	VSZ(KB)	Dsk(MB)	tCPU(s)	tWALL(s)	COMMAND
 Feb 02 22:02:27 GMT	---	1363604	1764608	94	----	----	----
 Feb 02 22:24:35 GMT	27950	1363604	1765900	94	309	4107	cmsRun -j /scratch/condor/dir_11220/glide_TreDhe/execute/dir_26207/crab_fjr_434.xml -p pset.py      
 Feb 02 22:24:35 GMT	---	1363604	1765900	115	----	----	----
 Feb 02 22:26:36 GMT	27950	1363604	1766156	115	314	4228	cmsRun -j /scratch/condor/dir_11220/glide_TreDhe/execute/dir_26207/crab_fjr_434.xml -p pset.py      
 Feb 02 22:28:36 GMT	27950	1363604	1768460	115	323	4349	cmsRun -j /scratch/condor/dir_11220/glide_TreDhe/execute/dir_26207/crab_fjr_434.xml -p pset.py      
 Feb 02 22:29:37 GMT	27950	1363604	1770252	115	330	4409	cmsRun -j /scratch/condor/dir_11220/glide_TreDhe/execute/dir_26207/crab_fjr_434.xml -p pset.py      
 Feb 02 22:31:38 GMT	27950	1363604	1778188	115	338	4530	cmsRun -j /scratch/condor/dir_11220/glide_TreDhe/execute/dir_26207/crab_fjr_434.xml -p pset.py      
 Feb 02 22:32:38 GMT	27950	1363604	1781772	115	344	4590	cmsRun -j /scratch/condor/dir_11220/glide_TreDhe/execute/dir_26207/crab_fjr_434.xml -p pset.py      
 Feb 02 22:33:38 GMT	27950	1386924	1797900	115	354	4651	cmsRun -j /scratch/condor/dir_11220/glide_TreDhe/execute/dir_26207/crab_fjr_434.xml -p pset.py      
 Feb 02 22:34:39 GMT	27950	1449908	1804556	115	368	4711	cmsRun -j /scratch/condor/dir_11220/glide_TreDhe/execute/dir_26207/crab_fjr_434.xml -p pset.py      
 Feb 02 22:35:39 GMT	27950	1454444	1807372	115	375	4771	cmsRun -j /scratch/condor/dir_11220/glide_TreDhe/execute/dir_26207/crab_fjr_434.xml -p pset.py      
 Feb 02 22:36:39 GMT	27950	1581820	1933068	115	392	4832	cmsRun -j /scratch/condor/dir_11220/glide_TreDhe/execute/dir_26207/crab_fjr_434.xml -p pset.py      
 Feb 02 22:36:39 GMT	---	1581820	1933068	129	----	----	----
 Feb 02 22:37:40 GMT	---	1581820	1933068	140	----	----	----
 Feb 02 22:47:44 GMT	---	1581820	1933068	161	----	----	----
 Feb 02 22:57:47 GMT	---	1581820	1933068	184	----	----	----
 Feb 02 23:04:50 GMT	---	1581820	1933068	207	----	----	----
 Feb 02 23:10:52 GMT	27950	1581820	1934348	207	704	6885	cmsRun -j /scratch/condor/dir_11220/glide_TreDhe/execute/dir_26207/crab_fjr_434.xml -p pset.py      
 Feb 02 23:11:53 GMT	---	1581820	1934348	230	----	----	----
 Feb 02 23:16:55 GMT	27950	1581820	1936396	230	767	7247	cmsRun -j /scratch/condor/dir_11220/glide_TreDhe/execute/dir_26207/crab_fjr_434.xml -p pset.py      
 Feb 02 23:17:55 GMT	27950	1581820	1955084	230	785	7307	cmsRun -j /scratch/condor/dir_11220/glide_TreDhe/execute/dir_26207/crab_fjr_434.xml -p pset.py      
 Feb 02 23:19:56 GMT	27950	1581820	1968396	230	805	7428	cmsRun -j /scratch/condor/dir_11220/glide_TreDhe/execute/dir_26207/crab_fjr_434.xml -p pset.py      
 Feb 02 23:20:56 GMT	---	1581820	1968396	254	----	----	----
 Feb 02 23:24:58 GMT	27950	1581820	1971212	254	854	7730	cmsRun -j /scratch/condor/dir_11220/glide_TreDhe/execute/dir_26207/crab_fjr_434.xml -p pset.py      
 Feb 02 23:25:58 GMT	27950	1581820	1992460	254	881	7790	cmsRun -j /scratch/condor/dir_11220/glide_TreDhe/execute/dir_26207/crab_fjr_434.xml -p pset.py      
 Feb 02 23:26:58 GMT	27950	1581820	2002700	254	889	7851	cmsRun -j /scratch/condor/dir_11220/glide_TreDhe/execute/dir_26207/crab_fjr_434.xml -p pset.py      
 Feb 02 23:27:59 GMT	---	1581820	2002700	278	----	----	----
********** WATCHDOG LOG ENDED
ZIPPING WATCHDOG LOG
Disk space used:
du -sh /scratch/condor/dir_11220/glide_TreDhe/execute/dir_26207
278M	/scratch/condor/dir_11220/glide_TreDhe/execute/dir_26207
Found unusual stdout, rename for OSB
`/scratch/condor/dir_11220/glide_TreDhe/execute/dir_26207/_condor_stdout' -> `CMSSW_434.stdout'
Found unusual stderr, rename for OSB
`/scratch/condor/dir_11220/glide_TreDhe/execute/dir_26207/_condor_stdout' -> `CMSSW_434.stderr'
crab_fjr_434.xml
CMSSW_434.stdout
CMSSW_434.stderr
Watchdog_434.log.gz
Total Output dimension: 23350
WARNING: output files size limit is set to: 50000000
Total Output dimension 23350 is fine.
JOB_EXIT_STATUS = 0
>>> info for dashboard:
***** Cat /scratch/condor/dir_11220/glide_TreDhe/execute/dir_26207/jobreport.txt *****
MonitorJobID=434_https://submit-6.t2.ucsd.edu//150202//509448.33
MonitorID=dcieri_PU140_4dm08r
ExeTime=7897
ExeExitCode=0
StageOutExitStatusReason = 'Copy succedeed with srm-lcg utils'
StageOutSE = heplnx204.pp.rl.ac.uk
StageOutExitStatus = 0
CrabUserCpuTime=894.00
CrabSysCpuTime=20.99
CrabCpuPercentage=11%
CrabWrapperTime=7958
CrabStageoutTime=49
JobExitCode=0
***** End Cat jobreport *****
Parameters sent to Dashboard.
EXITING at Mon Feb  2 23:28:45 GMT 2015  -  Mon Feb  2 23:28:45 UTC 2015
