This script was generated by crab (version 2.11.1_patch1).
Running /scratch/condor/dir_30412/glide_qTQBIt/execute/dir_31435/condor_exec.exe with 2 positional parameters: 256 1
Today is Mon Feb  2 20:19:36 GMT 2015 - Mon Feb  2 20:19:36 UTC 2015
Job submitted on host heplnc369.pp.rl.ac.uk
Linux heplnc369.pp.rl.ac.uk 2.6.32-504.3.3.el6.x86_64 #1 SMP Tue Dec 16 14:29:22 CST 2014 x86_64 x86_64 x86_64 GNU/Linux
Distributor ID:	Scientific
Description:	Scientific Linux release 6.6 (Carbon)
>>> current directory (RUNTIME_AREA): /scratch/condor/dir_30412/glide_qTQBIt/execute/dir_31435
>>> current user: uid=157415(cms415) gid=157000(gplcms) groups=157000(gplcms)
>>> directory permission set to 0700
>>> umask set to:  u=rwx,g=,o=
>>> stdout stderr permission set to 0704
>>> voms proxy information:
subject   : /DC=ch/DC=cern/OU=Organic Units/OU=Users/CN=dcieri/CN=755391/CN=Davide Cieri/CN=769881070/CN=1463900773
issuer    : /DC=ch/DC=cern/OU=Organic Units/OU=Users/CN=dcieri/CN=755391/CN=Davide Cieri/CN=769881070
identity  : /DC=ch/DC=cern/OU=Organic Units/OU=Users/CN=dcieri/CN=755391/CN=Davide Cieri
type      : RFC3820 compliant limited proxy
strength  : 1024
path      : /scratch/condor/dir_30412/glide_qTQBIt/execute/dir_31435/x509up_u62281
timeleft  : 23:58:25
key usage : Digital Signature, Key Encipherment
=== VO cms extension information ===
VO        : cms
subject   : /DC=ch/DC=cern/OU=Organic Units/OU=Users/CN=dcieri/CN=755391/CN=Davide Cieri
issuer    : /DC=ch/DC=cern/OU=computers/CN=lcg-voms2.cern.ch
attribute : /cms/Role=NULL/Capability=NULL
timeleft  : 183:56:48
uri       : lcg-voms2.cern.ch:15002

WNHostName=heplnc369.pp.rl.ac.uk
$_CONDOR_JOB_AD =/scratch/condor/dir_30412/glide_qTQBIt/execute/dir_31435/.job.ad
OverflowFlag=0
>>> tar --no-same-permissions -xf /scratch/condor/dir_30412/glide_qTQBIt/execute/dir_31435/default.tgz :
Successful untar
>>> Include /scratch/condor/dir_30412/glide_qTQBIt/execute/dir_31435 in PYTHONPATH:
strip arguments
env var CRAB_UNIQUE_JOB_ID set to: dcieri_PU140_4dm08r_256_1_nOA
out_files_256
>>> list of expected files on output sandbox
output files: crab_fjr_256.xml CMSSW_256.stdout CMSSW_256.stderr Watchdog_256.log.gz
>>> GridFlavour discovery: 
GridFlavour=LCG
>>> SyncSite discovery: 
SyncSite=T2_UK_SGrid_RALPP
>>> SyncCE discovery: 
getting SyncCE from GLIDEIN_Gaekeeper
SyncCE=heplnv146.pp.rl.ac.uk
>>> info for dashboard:
***** Cat /scratch/condor/dir_30412/glide_qTQBIt/execute/dir_31435/jobreport.txt *****
WNHostName=heplnc369.pp.rl.ac.uk
OverflowFlag=0
MonitorJobID=256_https://submit-6.t2.ucsd.edu//150202//509447.255
SyncGridJobId=https://submit-6.t2.ucsd.edu//150202//509447.255
MonitorID=dcieri_PU140_4dm08r
GridFlavour=LCG
SyncSite=T2_UK_SGrid_RALPP
SyncCE=heplnv146.pp.rl.ac.uk
***** End Cat jobreport *****
Parameters sent to Dashboard.
>>> setup environment
set SCRAM ARCH to slc6_amd64_gcc472
SCRAM_ARCH = slc6_amd64_gcc472
>>> setup CMS LCG environment:
set SCRAM ARCH and BUILD_ARCH to slc6_amd64_gcc472 ###
Sourcing environment... 
sourcing /cvmfs/cms.cern.ch/cmsset_default.sh
==> setup cms environment ok
>>> specific cmssw setup environment:
CMSSW_VERSION =  CMSSW_6_2_0_SLHC12
WARNING: In non-interactive mode release checks e.g. deprecated releases, production architectures are disabled.
>>> current directory (SOFTWARE_DIR): /scratch/condor/dir_30412/glide_qTQBIt/execute/dir_31435/CMSSW_6_2_0_SLHC12
PreserveSeeds: <>
IncrementSeeds:<>
>>> info for dashboard:
***** Cat /scratch/condor/dir_30412/glide_qTQBIt/execute/dir_31435/jobreport.txt *****
MonitorJobID=256_https://submit-6.t2.ucsd.edu//150202//509447.255
MonitorID=dcieri_PU140_4dm08r
***** End Cat jobreport *****
Parameters sent to Dashboard.
crabWatchdog started as process 1479
>>> moving CMSSW software directories in /scratch/condor/dir_30412/glide_qTQBIt/execute/dir_31435/CMSSW_6_2_0_SLHC12
mv: cannot stat `/scratch/condor/dir_30412/glide_qTQBIt/execute/dir_31435/module/': No such file or directory
>>> Include /scratch/condor/dir_30412/glide_qTQBIt/execute/dir_31435 in PYTHONPATH:
PYTHONPATH=/scratch/condor/dir_30412/glide_qTQBIt/execute/dir_31435/:/scratch/condor/dir_30412/glide_qTQBIt/execute/dir_31435/CMSSW_6_2_0_SLHC12/python:/scratch/condor/dir_30412/glide_qTQBIt/execute/dir_31435/CMSSW_6_2_0_SLHC12/lib/slc6_amd64_gcc472:/cvmfs/cms.cern.ch/slc6_amd64_gcc472/cms/cmssw/CMSSW_6_2_0_SLHC12/python:/cvmfs/cms.cern.ch/slc6_amd64_gcc472/cms/cmssw/CMSSW_6_2_0_SLHC12/lib/slc6_amd64_gcc472:/cvmfs/cms.cern.ch/slc6_amd64_gcc472/cms/coral/CORAL_2_3_21-cms35/slc6_amd64_gcc472/python:/cvmfs/cms.cern.ch/slc6_amd64_gcc472/cms/coral/CORAL_2_3_21-cms35/slc6_amd64_gcc472/lib:/cvmfs/cms.cern.ch/slc6_amd64_gcc472/external/python-ldap/2.3.5-cms5/lib/python2.7/site-packages:/cvmfs/cms.cern.ch/slc6_amd64_gcc472/external/pyqt/4.8.1-cms5/lib/python2.7/site-packages:/cvmfs/cms.cern.ch/slc6_amd64_gcc472/external/py2-scipy/0.8.0-cms7/lib/python2.7/site-packages:/cvmfs/cms.cern.ch/slc6_amd64_gcc472/external/py2-matplotlib/1.0.1-cms7/lib/python2.7/site-packages:/cvmfs/cms.cern.ch/slc6_amd64_gcc472/external/sip/4.11.2-cms5/lib/python2.7/site-packages:/cvmfs/cms.cern.ch/slc6_amd64_gcc472/external/py2-pycurl/7.19.0-cms7/lib/python2.7/site-packages:/cvmfs/cms.cern.ch/slc6_amd64_gcc472/external/py2-numpy/1.6.1-cms7/lib/python2.7/site-packages:/cvmfs/cms.cern.ch/slc6_amd64_gcc472/external/py2-lint/0.25.1-cms5/lib/python2.7/site-packages:/cvmfs/cms.cern.ch/slc6_amd64_gcc472/external/py2-ipython/0.10-cms5/lib/python2.7/site-packages:/cvmfs/cms.cern.ch/slc6_amd64_gcc472/external/py2-cx-oracle/5.1-cms5/lib/python2.7/site-packages:/cvmfs/cms.cern.ch/slc6_amd64_gcc472/external/py2-cjson/1.0.5-cms5/lib/python2.7/site-packages:/cvmfs/cms.cern.ch/slc6_amd64_gcc472/cms/das-client/1.11.7/bin:/cvmfs/cms.cern.ch/slc6_amd64_gcc472/external/elementtree/1.2.6-cms5/share/lib/python2.7/site-packages:/cvmfs/cms.cern.ch/slc6_amd64_gcc472/external/rivet/1.8.2-cms9/lib/python2.7/site-packages:/cvmfs/cms.cern.ch/slc6_amd64_gcc472/external/pyminuit2/0.0.1-cms19/lib/python2.7/site-packages:/cvmfs/cms.cern.ch/slc6_amd64_gcc472/external/py2-pygithub/1.23.0-cms2/lib/python2.7/site-packages:/cvmfs/cms.cern.ch/slc6_amd64_gcc472/external/professor/1.0.0-cms19/lib/python2.7/site-packages:/cvmfs/cms.cern.ch/slc6_amd64_gcc472/lcg/root/5.34.07-cms/lib:/cvmfs/cms.cern.ch/slc6_amd64_gcc472/cms/dbs-client/DBS_2_1_9-cms5/lib:/cvmfs/cms.cern.ch/slc6_amd64_gcc472/cms/dbs-client/DBS_2_1_9-cms5/lib/DBSAPI:/cvmfs/cms.cern.ch/slc6_amd64_gcc472/external/cvs2git/5419-cms/lib:/scratch/condor/dir_30412/glide_qTQBIt/execute/dir_31435/
 
# LIMITS USED BY CRAB WATCHDOG:
# RSS  (KBytes)   : 2300000
# VSZ  (KBytes)   : 100000000
# DISK (MBytes)   : 19000
# CPU TIME        : 720h:0m:0s
# WALL CLOCK TIME : 21h:50m:0s
 
3c0380cf82de79bc39966c93934c61fc
PSETHASH = 3c0380cf82de79bc39966c93934c61fc
/scratch/condor/dir_30412/glide_qTQBIt/execute/dir_31435/writeCfg.py pset.py pset.py
Importing .py file
Setting parameters
RandomNumberGeneratorService found, will attempt to change seeds
inputBlocks=/ttbar/dcieri-ttbar_SIM-130075366148575c102f0d64fd3ac8f7/USER#42f4abf6-431f-4645-8b28-bf101a629022
inputFiles=/store/user/dcieri/ttbar_SIM/ttbar/ttbar_SIM/150129_145223/0000/step1_477.root
parentFiles=
lumisRange=
>>> Executable cmsRun
/cvmfs/cms.cern.ch/slc6_amd64_gcc472/cms/cmssw/CMSSW_6_2_0_SLHC12/bin/slc6_amd64_gcc472/cmsRun
ok executable found
>>> info for dashboard:
***** Cat /scratch/condor/dir_30412/glide_qTQBIt/execute/dir_31435/jobreport.txt *****
MonitorJobID=256_https://submit-6.t2.ucsd.edu//150202//509447.255
MonitorID=dcieri_PU140_4dm08r
ExeStart=cmsRun
***** End Cat jobreport *****
Parameters sent to Dashboard.
>>> cmsRun started at Mon Feb  2 20:19:43 UTC 2015
>>> cmsRun ended at Mon Feb  2 23:00:48 UTC 2015
>>> crab_fjr_*.xml  permission set to 0704
>>> info for dashboard:
***** Cat /scratch/condor/dir_30412/glide_qTQBIt/execute/dir_31435/jobreport.txt *****
MonitorJobID=256_https://submit-6.t2.ucsd.edu//150202//509447.255
MonitorID=dcieri_PU140_4dm08r
ExeEnd=cmsRun
***** End Cat jobreport *****
Parameters sent to Dashboard.
TIME_EXE = 9665 sec
>>> cmsRun wrote 216 lines of stdout+stderr
>>> START OF printout of 216 lines from stdout+stderr
271 DQMStore::DQMStore 
HcalTopologyIdealEP::HcalTopologyIdealEP
02-Feb-2015 20:19:51 GMT  Initiating request to open file root://dcap.pp.rl.ac.uk:1094/pnfs/pp.rl.ac.uk/data/cms/store/user/dcieri/ttbar_SIM/ttbar/ttbar_SIM/150129_145223/0000/step1_477.root
02-Feb-2015 20:19:53 GMT  Successfully opened file root://dcap.pp.rl.ac.uk:1094/pnfs/pp.rl.ac.uk/data/cms/store/user/dcieri/ttbar_SIM/ttbar/ttbar_SIM/150129_145223/0000/step1_477.root
02-Feb-2015 20:19:54 GMT  Initiating request to open file root://xrootd.unl.edu//store/group/dpg_trigger/comm_trigger/L1TrackTrigger/620_SLHC10/Extended2023TTI/MinBias/MinBias_TuneZ2star_GEN_SIM_1.root
02-Feb-2015 20:20:18 GMT  Successfully opened file root://xrootd.unl.edu//store/group/dpg_trigger/comm_trigger/L1TrackTrigger/620_SLHC10/Extended2023TTI/MinBias/MinBias_TuneZ2star_GEN_SIM_1.root
disableME1a = 0
HcalTopologyIdealEP::produce(const IdealGeometryRecord& iRecord)
mode = 2, maxDepthHB = 3, maxDepthHE = 5
RPCGeometryESModule :: produce
RPCGeometryESModule :: produce :: 1/4 Get Muon Ideal Geometry Record
RPCGeometryESModule :: produce :: 2/4 Get Muon DDD Constants
RPCGeometryESModule :: produce :: 3/4 Get Muon Numbering Record
in MuonNumberingInitialization::initializeMuonDDDConstants
about to make my new muonDDDConst_
in MuonNumberingInitialization::produce
RPCGeometryESModule :: produce :: 4/4 Build
Found:

	Barrel Stack layer 5 : 1008 stacks
	Barrel Stack layer 6 : 1320 stacks
	Barrel Stack layer 7 : 1836 stacks
	Barrel Stack layer 8 : 1152 stacks
	Barrel Stack layer 9 : 1488 stacks
	Barrel Stack layer 10 : 1824 stacks

	Endcap Stack disk 11 : 1360 stacks
	Endcap Stack disk 12 : 1360 stacks
	Endcap Stack disk 13 : 1360 stacks
	Endcap Stack disk 14 : 1360 stacks
	Endcap Stack disk 15 : 1360 stacks
Created 15428 stacks in 15 s

TTClusterBuilder< edm::Ref<edm::DetSetVector<PixelDigi>, PixelDigi, edm::refhelper::FindForDetSetVector<PixelDigi> > > loaded modules:
	TTClusterAlgorithm:	TTClusterAlgorithm_2d2013< edm::Ref<edm::DetSetVector<PixelDigi>, PixelDigi, edm::refhelper::FindForDetSetVector<PixelDigi> > >


TTStubBuilder< edm::Ref<edm::DetSetVector<PixelDigi>, PixelDigi, edm::refhelper::FindForDetSetVector<PixelDigi> > > loaded modules:
	TTStubAlgorithm:	TTStubAlgorithm_tab2013< edm::Ref<edm::DetSetVector<PixelDigi>, PixelDigi, edm::refhelper::FindForDetSetVector<PixelDigi> > >


TTClusterAssociator< edm::Ref<edm::DetSetVector<PixelDigi>, PixelDigi, edm::refhelper::FindForDetSetVector<PixelDigi> > > loaded.


TTStubAssociator< edm::Ref<edm::DetSetVector<PixelDigi>, PixelDigi, edm::refhelper::FindForDetSetVector<PixelDigi> > > loaded.


TTTrackAssociator< edm::Ref<edm::DetSetVector<PixelDigi>, PixelDigi, edm::refhelper::FindForDetSetVector<PixelDigi> > > loaded.

Begin processing the 1st record. Run 1, Event 4761, LumiSection 477 at 02-Feb-2015 20:20:49.862 GMT
02-Feb-2015 20:20:55 GMT  Closed file root://xrootd.unl.edu//store/group/dpg_trigger/comm_trigger/L1TrackTrigger/620_SLHC10/Extended2023TTI/MinBias/MinBias_TuneZ2star_GEN_SIM_1.root
02-Feb-2015 20:20:55 GMT  Initiating request to open file root://xrootd.unl.edu//store/group/dpg_trigger/comm_trigger/L1TrackTrigger/620_SLHC10/Extended2023TTI/MinBias/MinBias_TuneZ2star_GEN_SIM_772.root
02-Feb-2015 20:21:25 GMT  Successfully opened file root://xrootd.unl.edu//store/group/dpg_trigger/comm_trigger/L1TrackTrigger/620_SLHC10/Extended2023TTI/MinBias/MinBias_TuneZ2star_GEN_SIM_772.root
150202 20:26:22 2385 Xrd: XrdClientMessage::ReadRaw: Failed to read header (8 bytes).
150202 20:26:52 2383 Xrd: XrdClientMessage::ReadRaw: Failed to read header (8 bytes).
02-Feb-2015 20:31:45 GMT  Closed file root://xrootd.unl.edu//store/group/dpg_trigger/comm_trigger/L1TrackTrigger/620_SLHC10/Extended2023TTI/MinBias/MinBias_TuneZ2star_GEN_SIM_772.root
02-Feb-2015 20:31:45 GMT  Initiating request to open file root://xrootd.unl.edu//store/group/dpg_trigger/comm_trigger/L1TrackTrigger/620_SLHC10/Extended2023TTI/MinBias/MinBias_TuneZ2star_GEN_SIM_287.root
150202 20:32:15 19115 Xrd: CheckErrorStatus: Server [xrootd.ba.infn.it:1094] declared: session not found(error code: 3011)
02-Feb-2015 20:32:16 GMT  Successfully opened file root://xrootd.unl.edu//store/group/dpg_trigger/comm_trigger/L1TrackTrigger/620_SLHC10/Extended2023TTI/MinBias/MinBias_TuneZ2star_GEN_SIM_287.root
150202 20:36:52 3902 Xrd: XrdClientMessage::ReadRaw: Failed to read header (8 bytes).
150202 20:37:22 19811 Xrd: XrdClientMessage::ReadRaw: Failed to read header (8 bytes).
150202 20:40:21 2097 Xrd: XrdClientMessage::ReadRaw: Failed to read header (8 bytes).
150202 20:40:21 2096 Xrd: XrdClientMessage::ReadRaw: Failed to read header (8 bytes).
02-Feb-2015 20:41:31 GMT  Closed file root://xrootd.unl.edu//store/group/dpg_trigger/comm_trigger/L1TrackTrigger/620_SLHC10/Extended2023TTI/MinBias/MinBias_TuneZ2star_GEN_SIM_287.root
02-Feb-2015 20:41:31 GMT  Initiating request to open file root://xrootd.unl.edu//store/group/dpg_trigger/comm_trigger/L1TrackTrigger/620_SLHC10/Extended2023TTI/MinBias/MinBias_TuneZ2star_GEN_SIM_227.root
150202 20:41:32 3901 Xrd: XrdClientMessage::ReadRaw: Failed to read header (8 bytes).
150202 20:42:02 6311 Xrd: CheckErrorStatus: Server [xrootd.ba.infn.it:1094] declared: session not found(error code: 3011)
02-Feb-2015 20:42:03 GMT  Successfully opened file root://xrootd.unl.edu//store/group/dpg_trigger/comm_trigger/L1TrackTrigger/620_SLHC10/Extended2023TTI/MinBias/MinBias_TuneZ2star_GEN_SIM_227.root
Building the geometry service
Warning did not find digi
Warning did not find digi
Warning did not find digi
Warning did not find digi
Warning did not find digi in disks
Warning did not find digi in disks
Warning did not find digi in disks
Warning did not find digi in disks
150202 20:46:51 19812 Xrd: XrdClientMessage::ReadRaw: Failed to read header (8 bytes).
150202 20:47:22 7131 Xrd: XrdClientMessage::ReadRaw: Failed to read header (8 bytes).
02-Feb-2015 20:51:39 GMT  Closed file root://xrootd.unl.edu//store/group/dpg_trigger/comm_trigger/L1TrackTrigger/620_SLHC10/Extended2023TTI/MinBias/MinBias_TuneZ2star_GEN_SIM_227.root
02-Feb-2015 20:51:39 GMT  Initiating request to open file root://xrootd.unl.edu//store/group/dpg_trigger/comm_trigger/L1TrackTrigger/620_SLHC10/Extended2023TTI/MinBias/MinBias_TuneZ2star_GEN_SIM_173.root
150202 20:52:02 20136 Xrd: CheckErrorStatus: Server [xrootd.ba.infn.it:1094] declared: session not found(error code: 3011)
150202 20:52:02 20136 Xrd: CheckErrorStatus: Server [eoscms.cern.ch:1094] declared: session not found(error code: 3011)
02-Feb-2015 20:52:02 GMT  Successfully opened file root://xrootd.unl.edu//store/group/dpg_trigger/comm_trigger/L1TrackTrigger/620_SLHC10/Extended2023TTI/MinBias/MinBias_TuneZ2star_GEN_SIM_173.root
150202 20:56:52 7132 Xrd: XrdClientMessage::ReadRaw: Failed to read header (8 bytes).
150202 20:57:22 20710 Xrd: XrdClientMessage::ReadRaw: Failed to read header (8 bytes).
02-Feb-2015 21:03:03 GMT  Closed file root://xrootd.unl.edu//store/group/dpg_trigger/comm_trigger/L1TrackTrigger/620_SLHC10/Extended2023TTI/MinBias/MinBias_TuneZ2star_GEN_SIM_173.root
02-Feb-2015 21:03:03 GMT  Initiating request to open file root://xrootd.unl.edu//store/group/dpg_trigger/comm_trigger/L1TrackTrigger/620_SLHC10/Extended2023TTI/MinBias/MinBias_TuneZ2star_GEN_SIM_506.root
150202 21:03:56 4021 Xrd: CheckErrorStatus: Server [xrootd.ba.infn.it:1094] declared: session not found(error code: 3011)
02-Feb-2015 21:03:57 GMT  Successfully opened file root://xrootd.unl.edu//store/group/dpg_trigger/comm_trigger/L1TrackTrigger/620_SLHC10/Extended2023TTI/MinBias/MinBias_TuneZ2star_GEN_SIM_506.root
150202 21:08:21 20711 Xrd: XrdClientMessage::ReadRaw: Failed to read header (8 bytes).
150202 21:09:21 5109 Xrd: XrdClientMessage::ReadRaw: Failed to read header (8 bytes).
02-Feb-2015 21:19:06 GMT  Closed file root://xrootd.unl.edu//store/group/dpg_trigger/comm_trigger/L1TrackTrigger/620_SLHC10/Extended2023TTI/MinBias/MinBias_TuneZ2star_GEN_SIM_506.root
02-Feb-2015 21:19:06 GMT  Initiating request to open file root://xrootd.unl.edu//store/group/dpg_trigger/comm_trigger/L1TrackTrigger/620_SLHC10/Extended2023TTI/MinBias/MinBias_TuneZ2star_GEN_SIM_455.root
150202 21:19:42 25507 Xrd: CheckErrorStatus: Server [xrootd.ba.infn.it:1094] declared: session not found(error code: 3011)
02-Feb-2015 21:19:42 GMT  Successfully opened file root://xrootd.unl.edu//store/group/dpg_trigger/comm_trigger/L1TrackTrigger/620_SLHC10/Extended2023TTI/MinBias/MinBias_TuneZ2star_GEN_SIM_455.root
150202 21:24:22 5110 Xrd: XrdClientMessage::ReadRaw: Failed to read header (8 bytes).
150202 21:24:52 25982 Xrd: XrdClientMessage::ReadRaw: Failed to read header (8 bytes).
02-Feb-2015 21:28:52 GMT  Closed file root://xrootd.unl.edu//store/group/dpg_trigger/comm_trigger/L1TrackTrigger/620_SLHC10/Extended2023TTI/MinBias/MinBias_TuneZ2star_GEN_SIM_455.root
02-Feb-2015 21:28:52 GMT  Initiating request to open file root://xrootd.unl.edu//store/group/dpg_trigger/comm_trigger/L1TrackTrigger/620_SLHC10/Extended2023TTI/MinBias/MinBias_TuneZ2star_GEN_SIM_399.root
150202 21:29:23 6360 Xrd: CheckErrorStatus: Server [xrootd-redic.pi.infn.it:1094] declared: session not found(error code: 3011)
02-Feb-2015 21:29:23 GMT  Successfully opened file root://xrootd.unl.edu//store/group/dpg_trigger/comm_trigger/L1TrackTrigger/620_SLHC10/Extended2023TTI/MinBias/MinBias_TuneZ2star_GEN_SIM_399.root
150202 21:34:21 25983 Xrd: XrdClientMessage::ReadRaw: Failed to read header (8 bytes).
150202 21:34:52 7081 Xrd: XrdClientMessage::ReadRaw: Failed to read header (8 bytes).
02-Feb-2015 21:37:23 GMT  Closed file root://xrootd.unl.edu//store/group/dpg_trigger/comm_trigger/L1TrackTrigger/620_SLHC10/Extended2023TTI/MinBias/MinBias_TuneZ2star_GEN_SIM_399.root
02-Feb-2015 21:37:23 GMT  Initiating request to open file root://xrootd.unl.edu//store/group/dpg_trigger/comm_trigger/L1TrackTrigger/620_SLHC10/Extended2023TTI/MinBias/MinBias_TuneZ2star_GEN_SIM_384.root
150202 21:37:54 17895 Xrd: CheckErrorStatus: Server [xrootd-redic.pi.infn.it:1094] declared: session not found(error code: 3011)
02-Feb-2015 21:37:54 GMT  Successfully opened file root://xrootd.unl.edu//store/group/dpg_trigger/comm_trigger/L1TrackTrigger/620_SLHC10/Extended2023TTI/MinBias/MinBias_TuneZ2star_GEN_SIM_384.root
150202 21:39:51 2382 Xrd: XrdClientMessage::ReadRaw: Failed to read header (8 bytes).
150202 21:42:51 7082 Xrd: XrdClientMessage::ReadRaw: Failed to read header (8 bytes).
150202 21:43:21 18483 Xrd: XrdClientMessage::ReadRaw: Failed to read header (8 bytes).
02-Feb-2015 21:53:23 GMT  Closed file root://xrootd.unl.edu//store/group/dpg_trigger/comm_trigger/L1TrackTrigger/620_SLHC10/Extended2023TTI/MinBias/MinBias_TuneZ2star_GEN_SIM_384.root
02-Feb-2015 21:53:23 GMT  Initiating request to open file root://xrootd.unl.edu//store/group/dpg_trigger/comm_trigger/L1TrackTrigger/620_SLHC10/Extended2023TTI/MinBias/MinBias_TuneZ2star_GEN_SIM_401.root
150202 21:53:53 6727 Xrd: CheckErrorStatus: Server [cms-xrd-global.cern.ch:1094] declared: session not found(error code: 3011)
150202 21:53:53 6727 Xrd: CheckErrorStatus: Server [llrxrd-redir.in2p3.fr:1094] declared: session not found(error code: 3011)
02-Feb-2015 21:53:53 GMT  Successfully opened file root://xrootd.unl.edu//store/group/dpg_trigger/comm_trigger/L1TrackTrigger/620_SLHC10/Extended2023TTI/MinBias/MinBias_TuneZ2star_GEN_SIM_401.root
150202 21:58:22 7080 Xrd: XrdClientMessage::ReadRaw: Failed to read header (8 bytes).
150202 21:58:52 18484 Xrd: XrdClientMessage::ReadRaw: Failed to read header (8 bytes).
150202 21:59:22 7226 Xrd: XrdClientMessage::ReadRaw: Failed to read header (8 bytes).
02-Feb-2015 21:59:56 GMT  Closed file root://xrootd.unl.edu//store/group/dpg_trigger/comm_trigger/L1TrackTrigger/620_SLHC10/Extended2023TTI/MinBias/MinBias_TuneZ2star_GEN_SIM_401.root
02-Feb-2015 21:59:56 GMT  Initiating request to open file root://xrootd.unl.edu//store/group/dpg_trigger/comm_trigger/L1TrackTrigger/620_SLHC10/Extended2023TTI/MinBias/MinBias_TuneZ2star_GEN_SIM_183.root
150202 22:00:27 16534 Xrd: CheckErrorStatus: Server [cms-xrd-global.cern.ch:1094] declared: session not found(error code: 3011)
150202 22:00:27 16534 Xrd: CheckErrorStatus: Server [xrootd.ba.infn.it:1094] declared: session not found(error code: 3011)
02-Feb-2015 22:00:28 GMT  Successfully opened file root://xrootd.unl.edu//store/group/dpg_trigger/comm_trigger/L1TrackTrigger/620_SLHC10/Extended2023TTI/MinBias/MinBias_TuneZ2star_GEN_SIM_183.root
02-Feb-2015 22:05:02 GMT  Closed file root://xrootd.unl.edu//store/group/dpg_trigger/comm_trigger/L1TrackTrigger/620_SLHC10/Extended2023TTI/MinBias/MinBias_TuneZ2star_GEN_SIM_183.root
02-Feb-2015 22:05:02 GMT  Initiating request to open file root://xrootd.unl.edu//store/group/dpg_trigger/comm_trigger/L1TrackTrigger/620_SLHC10/Extended2023TTI/MinBias/MinBias_TuneZ2star_GEN_SIM_221.root
150202 22:05:03 7234 Xrd: XrdClientMessage::ReadRaw: Failed to read header (8 bytes).
150202 22:05:51 23261 Xrd: CheckErrorStatus: Server [cms-xrd-global.cern.ch:1094] declared: session not found(error code: 3011)
02-Feb-2015 22:05:51 GMT  Successfully opened file root://xrootd.unl.edu//store/group/dpg_trigger/comm_trigger/L1TrackTrigger/620_SLHC10/Extended2023TTI/MinBias/MinBias_TuneZ2star_GEN_SIM_221.root
02-Feb-2015 22:09:35 GMT  Closed file root://xrootd.unl.edu//store/group/dpg_trigger/comm_trigger/L1TrackTrigger/620_SLHC10/Extended2023TTI/MinBias/MinBias_TuneZ2star_GEN_SIM_221.root
02-Feb-2015 22:09:35 GMT  Initiating request to open file root://xrootd.unl.edu//store/group/dpg_trigger/comm_trigger/L1TrackTrigger/620_SLHC10/Extended2023TTI/MinBias/MinBias_TuneZ2star_GEN_SIM_43.root
150202 22:10:22 17255 Xrd: XrdClientMessage::ReadRaw: Failed to read header (8 bytes).
150202 22:10:30 17254 Xrd: XrdClientMessage::ReadRaw: Failed to read header (8 bytes).
150202 22:10:45 29085 Xrd: CheckErrorStatus: Server [eoscms.cern.ch:1094] declared: session not found(error code: 3011)
02-Feb-2015 22:10:46 GMT  Successfully opened file root://xrootd.unl.edu//store/group/dpg_trigger/comm_trigger/L1TrackTrigger/620_SLHC10/Extended2023TTI/MinBias/MinBias_TuneZ2star_GEN_SIM_43.root
150202 22:14:21 7225 Xrd: XrdClientMessage::ReadRaw: Failed to read header (8 bytes).
150202 22:14:51 24257 Xrd: XrdClientMessage::ReadRaw: Failed to read header (8 bytes).
150202 22:15:52 24254 Xrd: XrdClientMessage::ReadRaw: Failed to read header (8 bytes).
02-Feb-2015 22:16:42 GMT  Closed file root://xrootd.unl.edu//store/group/dpg_trigger/comm_trigger/L1TrackTrigger/620_SLHC10/Extended2023TTI/MinBias/MinBias_TuneZ2star_GEN_SIM_43.root
02-Feb-2015 22:16:42 GMT  Initiating request to open file root://xrootd.unl.edu//store/group/dpg_trigger/comm_trigger/L1TrackTrigger/620_SLHC10/Extended2023TTI/MinBias/MinBias_TuneZ2star_GEN_SIM_305.root
150202 22:16:44 5654 Xrd: CheckErrorStatus: Server [xrootd-redic.pi.infn.it:1094] declared: session not found(error code: 3011)
02-Feb-2015 22:16:44 GMT  Successfully opened file root://xrootd.unl.edu//store/group/dpg_trigger/comm_trigger/L1TrackTrigger/620_SLHC10/Extended2023TTI/MinBias/MinBias_TuneZ2star_GEN_SIM_305.root
02-Feb-2015 22:18:35 GMT  Closed file root://xrootd.unl.edu//store/group/dpg_trigger/comm_trigger/L1TrackTrigger/620_SLHC10/Extended2023TTI/MinBias/MinBias_TuneZ2star_GEN_SIM_305.root
02-Feb-2015 22:18:35 GMT  Initiating request to open file root://xrootd.unl.edu//store/group/dpg_trigger/comm_trigger/L1TrackTrigger/620_SLHC10/Extended2023TTI/MinBias/MinBias_TuneZ2star_GEN_SIM_36.root
150202 22:21:51 5655 Xrd: XrdClientMessage::ReadRaw: Failed to read header (8 bytes).
150202 22:21:51 30690 Xrd: XrdClientMessage::ReadRaw: Failed to read header (8 bytes).
150202 22:23:52 5656 Xrd: XrdClientMessage::ReadRaw: Failed to read header (8 bytes).
150202 22:24:36 7836 Xrd: CheckErrorStatus: Server [cms-xrd-global.cern.ch:1094] declared: session not found(error code: 3011)
150202 22:24:36 7836 Xrd: CheckErrorStatus: Server [llrxrd-redir.in2p3.fr:1094] declared: session not found(error code: 3011)
02-Feb-2015 22:24:37 GMT  Successfully opened file root://xrootd.unl.edu//store/group/dpg_trigger/comm_trigger/L1TrackTrigger/620_SLHC10/Extended2023TTI/MinBias/MinBias_TuneZ2star_GEN_SIM_36.root
02-Feb-2015 22:29:19 GMT  Closed file root://xrootd.unl.edu//store/group/dpg_trigger/comm_trigger/L1TrackTrigger/620_SLHC10/Extended2023TTI/MinBias/MinBias_TuneZ2star_GEN_SIM_36.root
02-Feb-2015 22:29:19 GMT  Initiating request to open file root://xrootd.unl.edu//store/group/dpg_trigger/comm_trigger/L1TrackTrigger/620_SLHC10/Extended2023TTI/MinBias/MinBias_TuneZ2star_GEN_SIM_279.root
02-Feb-2015 22:29:50 GMT  Successfully opened file root://xrootd.unl.edu//store/group/dpg_trigger/comm_trigger/L1TrackTrigger/620_SLHC10/Extended2023TTI/MinBias/MinBias_TuneZ2star_GEN_SIM_279.root
150202 22:34:22 14346 Xrd: XrdClientMessage::ReadRaw: Failed to read header (8 bytes).
02-Feb-2015 22:34:23 GMT  Closed file root://xrootd.unl.edu//store/group/dpg_trigger/comm_trigger/L1TrackTrigger/620_SLHC10/Extended2023TTI/MinBias/MinBias_TuneZ2star_GEN_SIM_279.root
02-Feb-2015 22:34:23 GMT  Initiating request to open file root://xrootd.unl.edu//store/group/dpg_trigger/comm_trigger/L1TrackTrigger/620_SLHC10/Extended2023TTI/MinBias/MinBias_TuneZ2star_GEN_SIM_343.root
150202 22:34:39 14345 Xrd: XrdClientMessage::ReadRaw: Failed to read header (8 bytes).
150202 22:34:52 20155 Xrd: XrdClientMessage::ReadRaw: Failed to read header (8 bytes).
150202 22:34:54 24389 Xrd: CheckErrorStatus: Server [xrootd.ba.infn.it:1094] declared: session not found(error code: 3011)
02-Feb-2015 22:34:55 GMT  Successfully opened file root://xrootd.unl.edu//store/group/dpg_trigger/comm_trigger/L1TrackTrigger/620_SLHC10/Extended2023TTI/MinBias/MinBias_TuneZ2star_GEN_SIM_343.root
150202 22:36:52 24250 Xrd: XrdClientMessage::ReadRaw: Failed to read header (8 bytes).
02-Feb-2015 22:38:44 GMT  Closed file root://xrootd.unl.edu//store/group/dpg_trigger/comm_trigger/L1TrackTrigger/620_SLHC10/Extended2023TTI/MinBias/MinBias_TuneZ2star_GEN_SIM_343.root
02-Feb-2015 22:38:44 GMT  Initiating request to open file root://xrootd.unl.edu//store/group/dpg_trigger/comm_trigger/L1TrackTrigger/620_SLHC10/Extended2023TTI/MinBias/MinBias_TuneZ2star_GEN_SIM_301.root
150202 22:39:15 28270 Xrd: CheckErrorStatus: Server [cms-xrd-global.cern.ch:1094] declared: session not found(error code: 3011)
02-Feb-2015 22:39:15 GMT  Successfully opened file root://xrootd.unl.edu//store/group/dpg_trigger/comm_trigger/L1TrackTrigger/620_SLHC10/Extended2023TTI/MinBias/MinBias_TuneZ2star_GEN_SIM_301.root
150202 22:39:51 20156 Xrd: XrdClientMessage::ReadRaw: Failed to read header (8 bytes).
150202 22:43:51 24741 Xrd: XrdClientMessage::ReadRaw: Failed to read header (8 bytes).
02-Feb-2015 22:43:55 GMT  Closed file root://xrootd.unl.edu//store/group/dpg_trigger/comm_trigger/L1TrackTrigger/620_SLHC10/Extended2023TTI/MinBias/MinBias_TuneZ2star_GEN_SIM_301.root
02-Feb-2015 22:43:55 GMT  Initiating request to open file root://xrootd.unl.edu//store/group/dpg_trigger/comm_trigger/L1TrackTrigger/620_SLHC10/Extended2023TTI/MinBias/MinBias_TuneZ2star_GEN_SIM_785.root
150202 22:44:22 24740 Xrd: XrdClientMessage::ReadRaw: Failed to read header (8 bytes).
150202 22:44:26 401 Xrd: CheckErrorStatus: Server [xrootd-redic.pi.infn.it:1094] declared: session not found(error code: 3011)
02-Feb-2015 22:44:26 GMT  Successfully opened file root://xrootd.unl.edu//store/group/dpg_trigger/comm_trigger/L1TrackTrigger/620_SLHC10/Extended2023TTI/MinBias/MinBias_TuneZ2star_GEN_SIM_785.root
150202 22:44:51 14343 Xrd: XrdClientMessage::ReadRaw: Failed to read header (8 bytes).
02-Feb-2015 22:47:30 GMT  Closed file root://xrootd.unl.edu//store/group/dpg_trigger/comm_trigger/L1TrackTrigger/620_SLHC10/Extended2023TTI/MinBias/MinBias_TuneZ2star_GEN_SIM_785.root
02-Feb-2015 22:47:30 GMT  Initiating request to open file root://xrootd.unl.edu//store/group/dpg_trigger/comm_trigger/L1TrackTrigger/620_SLHC10/Extended2023TTI/MinBias/MinBias_TuneZ2star_GEN_SIM_575.root
02-Feb-2015 22:48:01 GMT  Successfully opened file root://xrootd.unl.edu//store/group/dpg_trigger/comm_trigger/L1TrackTrigger/620_SLHC10/Extended2023TTI/MinBias/MinBias_TuneZ2star_GEN_SIM_575.root
150202 22:49:22 28764 Xrd: XrdClientMessage::ReadRaw: Failed to read header (8 bytes).
02-Feb-2015 22:50:35 GMT  Closed file root://xrootd.unl.edu//store/group/dpg_trigger/comm_trigger/L1TrackTrigger/620_SLHC10/Extended2023TTI/MinBias/MinBias_TuneZ2star_GEN_SIM_575.root
02-Feb-2015 22:50:35 GMT  Initiating request to open file root://xrootd.unl.edu//store/group/dpg_trigger/comm_trigger/L1TrackTrigger/620_SLHC10/Extended2023TTI/MinBias/MinBias_TuneZ2star_GEN_SIM_585.root
02-Feb-2015 22:51:07 GMT  Successfully opened file root://xrootd.unl.edu//store/group/dpg_trigger/comm_trigger/L1TrackTrigger/620_SLHC10/Extended2023TTI/MinBias/MinBias_TuneZ2star_GEN_SIM_585.root
150202 22:52:52 888 Xrd: XrdClientMessage::ReadRaw: Failed to read header (8 bytes).
150202 22:55:52 4053 Xrd: XrdClientMessage::ReadRaw: Failed to read header (8 bytes).
02-Feb-2015 22:56:03 GMT  Closed file root://xrootd.unl.edu//store/group/dpg_trigger/comm_trigger/L1TrackTrigger/620_SLHC10/Extended2023TTI/MinBias/MinBias_TuneZ2star_GEN_SIM_585.root
02-Feb-2015 22:56:03 GMT  Initiating request to open file root://xrootd.unl.edu//store/group/dpg_trigger/comm_trigger/L1TrackTrigger/620_SLHC10/Extended2023TTI/MinBias/MinBias_TuneZ2star_GEN_SIM_687.root
150202 22:56:22 887 Xrd: XrdClientMessage::ReadRaw: Failed to read header (8 bytes).
150202 22:56:34 11839 Xrd: CheckErrorStatus: Server [xrootd.ba.infn.it:1094] declared: session not found(error code: 3011)
02-Feb-2015 22:56:35 GMT  Successfully opened file root://xrootd.unl.edu//store/group/dpg_trigger/comm_trigger/L1TrackTrigger/620_SLHC10/Extended2023TTI/MinBias/MinBias_TuneZ2star_GEN_SIM_687.root
02-Feb-2015 22:59:10 GMT  Closed file root://xrootd.unl.edu//store/group/dpg_trigger/comm_trigger/L1TrackTrigger/620_SLHC10/Extended2023TTI/MinBias/MinBias_TuneZ2star_GEN_SIM_687.root
02-Feb-2015 22:59:10 GMT  Initiating request to open file root://xrootd.unl.edu//store/group/dpg_trigger/comm_trigger/L1TrackTrigger/620_SLHC10/Extended2023TTI/MinBias/MinBias_TuneZ2star_GEN_SIM_946.root
02-Feb-2015 22:59:10 GMT  Successfully opened file root://xrootd.unl.edu//store/group/dpg_trigger/comm_trigger/L1TrackTrigger/620_SLHC10/Extended2023TTI/MinBias/MinBias_TuneZ2star_GEN_SIM_946.root
02-Feb-2015 23:00:47 GMT  Closed file root://dcap.pp.rl.ac.uk:1094/pnfs/pp.rl.ac.uk/data/cms/store/user/dcieri/ttbar_SIM/ttbar/ttbar_SIM/150129_145223/0000/step1_477.root
02-Feb-2015 23:00:47 GMT  Closed file root://xrootd.unl.edu//store/group/dpg_trigger/comm_trigger/L1TrackTrigger/620_SLHC10/Extended2023TTI/MinBias/MinBias_TuneZ2star_GEN_SIM_946.root

=============================================

MessageLogger Summary

 type     category        sev    module        subroutine        count    total
 ---- -------------------- -- ---------------- ----------------  -----    -----
    1 fileAction           -s MixingModule:mix                      66       66
    2 fileAction           -s MixingModule:mix                       2        2
    3 fileAction           -s MixingModule:mix                       1        1
    4 fileAction           -s file_close                             1        1
    5 fileAction           -s file_open                              2        2

 type    category    Examples: run/evt        run/evt          run/evt
 ---- -------------------- ---------------- ---------------- ----------------
    1 fileAction           1/4761           1/4761           1/4770
    2 fileAction           pre-events       pre-events       
    3 fileAction           PostEndRun                        
    4 fileAction           PostEndRun                        
    5 fileAction           pre-events       pre-events       

Severity    # Occurrences   Total Occurrences
--------    -------------   -----------------
System                 72                  72
>>> END OF printout of 216 lines from stdout+stderr
>>> Parse FrameworkJobReport crab_fjr.xml
Result of parsing the FrameworkJobReport crab_fjr.xml: 
Extracted ExitStatus from FrameworkJobReport parsing output: 0
>>> Executable succeded  0
ExeExitCode=0
EXECUTABLE_EXIT_STATUS = 0
>>> current directory /scratch/condor/dir_30412/glide_qTQBIt/execute/dir_31435/CMSSW_6_2_0_SLHC12
>>>  (SOFTWARE_DIR): /scratch/condor/dir_30412/glide_qTQBIt/execute/dir_31435/CMSSW_6_2_0_SLHC12
>>> (WORKING_DIR): 
>>> current directory content:
total 251796
drwxr-xr-x 3 cms415 gplcms      4096 Feb  2 20:19 .SCRAM
-rw------- 1 cms415 gplcms    915837 Feb  2 20:19 CMSSW.py.pkl
drwxr-xr-x 3 cms415 gplcms      4096 Feb  2 20:19 bin
drwxr-xr-x 3 cms415 gplcms      4096 Feb  2 20:19 cfipython
drwxr-xr-x 4 cms415 gplcms      4096 Apr 28  2014 config
-rw------- 1 cms415 gplcms        16 Feb  2 23:00 cpu_timing.txt
drwxr-xr-x 2 cms415 gplcms      4096 Feb  2 20:19 doc
-rw------- 1 cms415 gplcms     24007 Feb  2 23:00 executable.out
drwxr-xr-x 2 cms415 gplcms      4096 Feb  2 20:19 include
drwx------ 3 cms415 gplcms      4096 Oct  7 10:12 lib
drwxr-xr-x 3 cms415 gplcms      4096 Feb  2 20:19 logs
drwxr-xr-x 3 cms415 gplcms      4096 Feb  2 20:19 objs
-rw------- 1 cms415 gplcms       104 Feb  2 20:19 pset.py
-rw------- 1 cms415 gplcms    926824 Feb  2 20:19 pset.py.pkl
-rw------- 1 cms415 gplcms       289 Feb  2 20:19 pset.pyc
drwxr-xr-x 2 cms415 gplcms      4096 Feb  2 20:19 python
-rw------- 1 cms415 gplcms       359 Feb  2 23:00 report.log
drwxr-xr-x 2 cms415 gplcms      4096 Feb  2 20:19 src
-rw------- 1 cms415 gplcms 255633796 Feb  2 23:00 step2.root
drwxr-xr-x 3 cms415 gplcms      4096 Feb  2 20:19 test
drwxr-xr-x 3 cms415 gplcms      4096 Feb  2 20:19 tmp
>>> current directory /scratch/condor/dir_30412/glide_qTQBIt/execute/dir_31435/CMSSW_6_2_0_SLHC12
>>> (SOFTWARE_DIR): /scratch/condor/dir_30412/glide_qTQBIt/execute/dir_31435/CMSSW_6_2_0_SLHC12
>>> (WORKING_DIR): 
>>> current directory content:
total 251796
drwxr-xr-x 3 cms415 gplcms      4096 Feb  2 20:19 .SCRAM
-rw------- 1 cms415 gplcms    915837 Feb  2 20:19 CMSSW.py.pkl
drwxr-xr-x 3 cms415 gplcms      4096 Feb  2 20:19 bin
drwxr-xr-x 3 cms415 gplcms      4096 Feb  2 20:19 cfipython
drwxr-xr-x 4 cms415 gplcms      4096 Apr 28  2014 config
-rw------- 1 cms415 gplcms        16 Feb  2 23:00 cpu_timing.txt
drwxr-xr-x 2 cms415 gplcms      4096 Feb  2 20:19 doc
-rw------- 1 cms415 gplcms     24007 Feb  2 23:00 executable.out
drwxr-xr-x 2 cms415 gplcms      4096 Feb  2 20:19 include
drwx------ 3 cms415 gplcms      4096 Oct  7 10:12 lib
drwxr-xr-x 3 cms415 gplcms      4096 Feb  2 20:19 logs
drwxr-xr-x 3 cms415 gplcms      4096 Feb  2 20:19 objs
-rw------- 1 cms415 gplcms       104 Feb  2 20:19 pset.py
-rw------- 1 cms415 gplcms    926824 Feb  2 20:19 pset.py.pkl
-rw------- 1 cms415 gplcms       289 Feb  2 20:19 pset.pyc
drwxr-xr-x 2 cms415 gplcms      4096 Feb  2 20:19 python
-rw------- 1 cms415 gplcms       359 Feb  2 23:00 report.log
drwxr-xr-x 2 cms415 gplcms      4096 Feb  2 20:19 src
-rw------- 1 cms415 gplcms 255633796 Feb  2 23:00 step2_256_1_nOA.root
drwxr-xr-x 3 cms415 gplcms      4096 Feb  2 20:19 test
drwxr-xr-x 3 cms415 gplcms      4096 Feb  2 20:19 tmp
>>> current directory (RUNTIME_AREA):  /scratch/condor/dir_30412/glide_qTQBIt/execute/dir_31435
PNN = T2_UK_SGrid_RALPP
SE = heplnx204.pp.rl.ac.uk
SE_PATH = /srm/managerv2?SFN=/pnfs/pp.rl.ac.uk/data/cms/store/user/dcieri/ttbar_PU140_DIGI/dcieri/ttbar/ttbar_PU140_DIGI/3c0380cf82de79bc39966c93934c61fc/
LFNBaseName = /store/user/dcieri/ttbar_PU140_DIGI/dcieri/ttbar/ttbar_PU140_DIGI/3c0380cf82de79bc39966c93934c61fc/
USER = dcieri
endpoint = srm://heplnx204.pp.rl.ac.uk:8443/srm/managerv2?SFN=/pnfs/pp.rl.ac.uk/data/cms/store/user/dcieri/ttbar_PU140_DIGI/dcieri/ttbar/ttbar_PU140_DIGI/3c0380cf82de79bc39966c93934c61fc/
>>> Copy output files from WN = heplnc369.pp.rl.ac.uk to /srm/managerv2?SFN=/pnfs/pp.rl.ac.uk/data/cms/store/user/dcieri/ttbar_PU140_DIGI/dcieri/ttbar/ttbar_PU140_DIGI/3c0380cf82de79bc39966c93934c61fc/ :
python cmscp.py  --destination srm://heplnx204.pp.rl.ac.uk:8443/srm/managerv2?SFN=/pnfs/pp.rl.ac.uk/data/cms/store/user/dcieri/ttbar_PU140_DIGI/dcieri/ttbar/ttbar_PU140_DIGI/3c0380cf82de79bc39966c93934c61fc/ --inputFileList /scratch/condor/dir_30412/glide_qTQBIt/execute/dir_31435/CMSSW_6_2_0_SLHC12/step2_256_1_nOA.root --middleware LCG --PNN T2_UK_SGrid_RALPP --se_name heplnx204.pp.rl.ac.uk --for_lfn /store/user/dcieri/ttbar_PU140_DIGI/dcieri/ttbar/ttbar_PU140_DIGI/3c0380cf82de79bc39966c93934c61fc/    
******************************************************
localSeName  =  heplnx204.pp.rl.ac.uk
remoteSeName =  heplnx204.pp.rl.ac.uk
******************************************************
{"/scratch/condor/dir_30412/glide_qTQBIt/execute/dir_31435/CMSSW_6_2_0_SLHC12/step2_256_1_nOA.root": {"endpoint": "srm://heplnx204.pp.rl.ac.uk:8443/srm/managerv2?SFN=/pnfs/pp.rl.ac.uk/data/cms/store/user/dcieri/ttbar_PU140_DIGI/dcieri/ttbar/ttbar_PU140_DIGI/3c0380cf82de79bc39966c93934c61fc/", "surl_for_grid": "", "reason": "Copy succedeed with srm-lcg utils", "erCode": "0", "PNN": "T2_UK_SGrid_RALPP", "se_name": "heplnx204.pp.rl.ac.uk", "for_lfn": "/store/user/dcieri/ttbar_PU140_DIGI/dcieri/ttbar/ttbar_PU140_DIGI/3c0380cf82de79bc39966c93934c61fc/"}}/scratch/condor/dir_30412/glide_qTQBIt/execute/dir_31435
-------- cat /scratch/condor/dir_30412/glide_qTQBIt/execute/dir_31435/cmscpReport.sh 
#!/bin/bash
echo "Report for File: /scratch/condor/dir_30412/glide_qTQBIt/execute/dir_31435/CMSSW_6_2_0_SLHC12/step2_256_1_nOA.root"
echo "LFN: /store/user/dcieri/ttbar_PU140_DIGI/dcieri/ttbar/ttbar_PU140_DIGI/3c0380cf82de79bc39966c93934c61fc/step2_256_1_nOA.root"
echo "StorageElement: heplnx204.pp.rl.ac.uk"
echo "StageOutExitStatusReason = 'Copy succedeed with srm-lcg utils'" | tee -a $RUNTIME_AREA/$repo
echo "StageOutSE = heplnx204.pp.rl.ac.uk" >> $RUNTIME_AREA/$repo

export StageOutExitStatus=0
echo "StageOutExitStatus = 0" | tee -a $RUNTIME_AREA/$repo
-------- end of /scratch/condor/dir_30412/glide_qTQBIt/execute/dir_31435/cmscpReport.sh 
Report for File: /scratch/condor/dir_30412/glide_qTQBIt/execute/dir_31435/CMSSW_6_2_0_SLHC12/step2_256_1_nOA.root
LFN: /store/user/dcieri/ttbar_PU140_DIGI/dcieri/ttbar/ttbar_PU140_DIGI/3c0380cf82de79bc39966c93934c61fc/step2_256_1_nOA.root
StorageElement: heplnx204.pp.rl.ac.uk
StageOutExitStatusReason = 'Copy succedeed with srm-lcg utils'
StageOutExitStatus = 0
>>> current dir: /scratch/condor/dir_30412/glide_qTQBIt/execute/dir_31435
>>> current dir content:
total 8820
-rw-------  1 cms415 gplcms    2862 Feb  2 23:01 .SEinteraction.log
-rwx------  1 cms415 gplcms      52 Feb  2 20:18 .chirp_config
-rwx------  1 cms415 gplcms    7835 Feb  2 20:18 .job.ad
-rwx------  1 cms415 gplcms    9802 Feb  2 20:18 .machine.ad
-rw-------  1 cms415 gplcms     105 Feb  2 12:16 CMSSW.py
-rw-------  1 cms415 gplcms  915837 Feb  2 12:16 CMSSW.py.pkl
-rwx------  1 cms415 gplcms   29498 Feb  2 20:19 CMSSW.sh
drwxr-xr-x 15 cms415 gplcms    4096 Feb  2 23:00 CMSSW_6_2_0_SLHC12
-rw-------  1 cms415 gplcms     190 Feb  2 20:19 CacheEnv.sh
-rw-------  1 cms415 gplcms    7291 Nov 19 14:52 DashboardAPI.py
-rw-------  1 cms415 gplcms    6470 Feb  2 20:19 DashboardAPI.pyc
drwx------  2 cms415 gplcms    4096 Feb  2 23:00 IMProv
-rw-------  1 cms415 gplcms    2748 Nov 19 14:52 Logger.py
-rw-------  1 cms415 gplcms    3232 Feb  2 20:19 Logger.pyc
-rw-------  1 cms415 gplcms   24524 Nov 19 14:52 ProcInfo.py
-rw-------  1 cms415 gplcms   22645 Feb  2 20:19 ProcInfo.pyc
drwx------  7 cms415 gplcms    4096 Feb  2 20:19 ProdCommon
drwx------  3 cms415 gplcms    4096 Feb  2 20:19 WMCore
-rw-------  1 cms415 gplcms   11638 Feb  2 23:01 Watchdog_256.log
-rwx------  1 cms415 gplcms       0 Feb  2 20:19 _condor_stderr
-rwx---r--  1 cms415 gplcms   38781 Feb  2 23:01 _condor_stdout
-rw-------  1 cms415 gplcms   32895 Nov 19 14:52 apmon.py
-rw-------  1 cms415 gplcms   27958 Feb  2 20:19 apmon.pyc
-rwx------  1 cms415 gplcms  134309 Feb  2 20:19 arguments.xml
-rwx------  1 cms415 gplcms   38581 Nov 19 14:52 cmscp.py
-rw-------  1 cms415 gplcms     562 Feb  2 23:01 cmscpReport.sh
-rwx------  1 cms415 gplcms   29498 Feb  2 20:19 condor_exec.exe
-rw-------  1 cms415 gplcms     544 Feb  2 12:16 crab.cfg
-rwx------  1 cms415 gplcms    8610 Nov 19 14:52 crabWatchdog.sh
-rwx---r--  1 cms415 gplcms  109307 Feb  2 23:00 crab_fjr_256.xml
-rwx------  1 cms415 gplcms 7390485 Feb  2 20:19 default.tgz
-rwx------  1 cms415 gplcms    4488 Nov 19 14:52 fillCrabFjr.py
-rw-------  1 cms415 gplcms     226 Feb  2 20:19 inputsReport.txt
-rw-------  1 cms415 gplcms     244 Feb  2 23:01 jobreport.txt
-rw-------  1 cms415 gplcms   17352 Nov 19 14:52 parseCrabFjr.py
-rw-------  1 cms415 gplcms     324 Feb  2 20:19 report.log
-rwx--x--x  1 cms415 gplcms    1497 Nov 19 14:52 report.py
-rw-------  1 cms415 gplcms     555 Feb  2 23:01 resultCopyFile
lrwxrwxrwx  1 cms415 gplcms      96 Feb  2 23:00 step2.root -> /scratch/condor/dir_30412/glide_qTQBIt/execute/dir_31435/CMSSW_6_2_0_SLHC12/step2_256_1_nOA.root
-rwx------  1 cms415 gplcms    8351 Nov 19 14:52 writeCfg.py
-rw-------  1 cms415 gplcms   10293 Feb  2 20:18 x509up_u62281
>>> Modify Job Report:
CMSSW_VERSION = CMSSW_6_2_0_SLHC12
ProcessedDataset = ttbar_PU140_DIGI
/scratch/condor/dir_30412/glide_qTQBIt/execute/dir_31435/ProdCommon/FwkJobRep/ModifyJobReport.py fjr /scratch/condor/dir_30412/glide_qTQBIt/execute/dir_31435/crab_fjr_256.xml json /scratch/condor/dir_30412/glide_qTQBIt/execute/dir_31435/resultCopyFile n_job 256_1_nOA PrimaryDataset ttbar  ApplicationFamily cmsRun ApplicationName cmsRun cmssw_version CMSSW_6_2_0_SLHC12 psethash 3c0380cf82de79bc39966c93934c61fc UserProcessedDataset dcieri-ttbar_PU140_DIGI-3c0380cf82de79bc39966c93934c61fc
inputDict =  {u'/scratch/condor/dir_30412/glide_qTQBIt/execute/dir_31435/CMSSW_6_2_0_SLHC12/step2_256_1_nOA.root': {u'endpoint': u'srm://heplnx204.pp.rl.ac.uk:8443/srm/managerv2?SFN=/pnfs/pp.rl.ac.uk/data/cms/store/user/dcieri/ttbar_PU140_DIGI/dcieri/ttbar/ttbar_PU140_DIGI/3c0380cf82de79bc39966c93934c61fc/', u'surl_for_grid': u'', u'reason': u'Copy succedeed with srm-lcg utils', u'erCode': u'0', u'PNN': u'T2_UK_SGrid_RALPP', u'se_name': u'heplnx204.pp.rl.ac.uk', u'for_lfn': u'/store/user/dcieri/ttbar_PU140_DIGI/dcieri/ttbar/ttbar_PU140_DIGI/3c0380cf82de79bc39966c93934c61fc/'}}
UserProcessedDataset =  dcieri-ttbar_PU140_DIGI-3c0380cf82de79bc39966c93934c61fc
WORKING ON EDM FILE
file_name in inputDict =  /scratch/condor/dir_30412/glide_qTQBIt/execute/dir_31435/CMSSW_6_2_0_SLHC12/step2_256_1_nOA.root
(size) os.stat(filename)[6] =  255633796
checksum =  1983645027
    file =  step2_256_1_nOA.root
    newPfn =  srm://heplnx204.pp.rl.ac.uk:8443/srm/managerv2?SFN=/pnfs/pp.rl.ac.uk/data/cms/store/user/dcieri/ttbar_PU140_DIGI/dcieri/ttbar/ttbar_PU140_DIGI/3c0380cf82de79bc39966c93934c61fc/step2_256_1_nOA.root
    newLfn =  /store/user/dcieri/ttbar_PU140_DIGI/dcieri/ttbar/ttbar_PU140_DIGI/3c0380cf82de79bc39966c93934c61fc/step2_256_1_nOA.root
>>> crab_fjr_*.xml  permission set to 0704
CrabWrapper EXIT_FUNC entered at Mon Feb  2 23:01:42 GMT 2015   -  Mon Feb  2 23:01:42 UTC 2015
Checking output files:  
will tar file crab_fjr_256.xml in  out_files_256
WARNING: output file CMSSW_256.stdout not found!
WARNING: output file CMSSW_256.stderr not found!
WARNING: output file Watchdog_256.log.gz not found!
>>> padding time: Wrapper lasting more than 600 seconds. No sleep required.
STOPPING WATCHDOG. CrabWatchdog PID is 1479
********** LAST 50 LINES OF WATCHDOG LOG
 Feb 02 20:49:47 GMT	1611	1092320	1711916	75	131	1807	cmsRun -j /scratch/condor/dir_30412/glide_qTQBIt/execute/dir_31435/crab_fjr_256.xml -p pset.py      
 Feb 02 20:50:47 GMT	1611	1094760	1711916	75	134	1867	cmsRun -j /scratch/condor/dir_30412/glide_qTQBIt/execute/dir_31435/crab_fjr_256.xml -p pset.py      
 Feb 02 20:55:48 GMT	1611	1096508	1711916	75	144	2168	cmsRun -j /scratch/condor/dir_30412/glide_qTQBIt/execute/dir_31435/crab_fjr_256.xml -p pset.py      
 Feb 02 20:56:48 GMT	1611	1097884	1711916	75	146	2228	cmsRun -j /scratch/condor/dir_30412/glide_qTQBIt/execute/dir_31435/crab_fjr_256.xml -p pset.py      
 Feb 02 20:57:48 GMT	1611	1099948	1711916	75	149	2289	cmsRun -j /scratch/condor/dir_30412/glide_qTQBIt/execute/dir_31435/crab_fjr_256.xml -p pset.py      
 Feb 02 20:58:49 GMT	1611	1103112	1712428	75	151	2349	cmsRun -j /scratch/condor/dir_30412/glide_qTQBIt/execute/dir_31435/crab_fjr_256.xml -p pset.py      
 Feb 02 20:59:49 GMT	1611	1104828	1716524	75	153	2409	cmsRun -j /scratch/condor/dir_30412/glide_qTQBIt/execute/dir_31435/crab_fjr_256.xml -p pset.py      
 Feb 02 21:00:49 GMT	1611	1107124	1716524	75	156	2469	cmsRun -j /scratch/condor/dir_30412/glide_qTQBIt/execute/dir_31435/crab_fjr_256.xml -p pset.py      
 Feb 02 21:01:49 GMT	1611	1109316	1719852	75	159	2529	cmsRun -j /scratch/condor/dir_30412/glide_qTQBIt/execute/dir_31435/crab_fjr_256.xml -p pset.py      
 Feb 02 21:02:49 GMT	1611	1160616	1719852	75	164	2590	cmsRun -j /scratch/condor/dir_30412/glide_qTQBIt/execute/dir_31435/crab_fjr_256.xml -p pset.py      
 Feb 02 21:03:50 GMT	1611	1177392	1719852	75	166	2650	cmsRun -j /scratch/condor/dir_30412/glide_qTQBIt/execute/dir_31435/crab_fjr_256.xml -p pset.py      
 Feb 02 21:04:50 GMT	1611	1301296	1733420	75	173	2711	cmsRun -j /scratch/condor/dir_30412/glide_qTQBIt/execute/dir_31435/crab_fjr_256.xml -p pset.py      
 Feb 02 21:05:51 GMT	1611	1324648	1745196	75	177	2771	cmsRun -j /scratch/condor/dir_30412/glide_qTQBIt/execute/dir_31435/crab_fjr_256.xml -p pset.py      
 Feb 02 21:06:51 GMT	1611	1333736	1745964	75	180	2831	cmsRun -j /scratch/condor/dir_30412/glide_qTQBIt/execute/dir_31435/crab_fjr_256.xml -p pset.py      
 Feb 02 21:07:51 GMT	1611	1339008	1751596	75	183	2891	cmsRun -j /scratch/condor/dir_30412/glide_qTQBIt/execute/dir_31435/crab_fjr_256.xml -p pset.py      
 Feb 02 21:08:51 GMT	1611	1339008	1767468	75	202	2951	cmsRun -j /scratch/condor/dir_30412/glide_qTQBIt/execute/dir_31435/crab_fjr_256.xml -p pset.py      
 Feb 02 21:08:51 GMT	---	1339008	1767468	100	----	----	----
 Feb 02 21:16:53 GMT	1611	1339008	1769004	100	225	3433	cmsRun -j /scratch/condor/dir_30412/glide_qTQBIt/execute/dir_31435/crab_fjr_256.xml -p pset.py      
 Feb 02 21:17:53 GMT	1611	1339008	1775148	100	228	3493	cmsRun -j /scratch/condor/dir_30412/glide_qTQBIt/execute/dir_31435/crab_fjr_256.xml -p pset.py      
 Feb 02 21:21:54 GMT	1611	1339008	1780780	100	240	3734	cmsRun -j /scratch/condor/dir_30412/glide_qTQBIt/execute/dir_31435/crab_fjr_256.xml -p pset.py      
 Feb 02 21:22:54 GMT	1611	1339008	1794348	100	248	3794	cmsRun -j /scratch/condor/dir_30412/glide_qTQBIt/execute/dir_31435/crab_fjr_256.xml -p pset.py      
 Feb 02 21:23:54 GMT	1611	1339008	1794860	100	251	3855	cmsRun -j /scratch/condor/dir_30412/glide_qTQBIt/execute/dir_31435/crab_fjr_256.xml -p pset.py      
 Feb 02 21:24:55 GMT	1611	1339008	1795372	100	253	3915	cmsRun -j /scratch/condor/dir_30412/glide_qTQBIt/execute/dir_31435/crab_fjr_256.xml -p pset.py      
 Feb 02 21:26:55 GMT	---	1339008	1795372	122	----	----	----
 Feb 02 21:40:59 GMT	1611	1339008	1798700	122	300	4879	cmsRun -j /scratch/condor/dir_30412/glide_qTQBIt/execute/dir_31435/crab_fjr_256.xml -p pset.py      
 Feb 02 21:41:59 GMT	1611	1339008	1801260	122	302	4939	cmsRun -j /scratch/condor/dir_30412/glide_qTQBIt/execute/dir_31435/crab_fjr_256.xml -p pset.py      
 Feb 02 21:45:00 GMT	1611	1339008	1803308	122	311	5120	cmsRun -j /scratch/condor/dir_30412/glide_qTQBIt/execute/dir_31435/crab_fjr_256.xml -p pset.py      
 Feb 02 21:46:00 GMT	1611	1339008	1805100	122	315	5180	cmsRun -j /scratch/condor/dir_30412/glide_qTQBIt/execute/dir_31435/crab_fjr_256.xml -p pset.py      
 Feb 02 21:47:00 GMT	1611	1339008	1815340	122	318	5240	cmsRun -j /scratch/condor/dir_30412/glide_qTQBIt/execute/dir_31435/crab_fjr_256.xml -p pset.py      
 Feb 02 21:48:00 GMT	1611	1339008	1816620	122	320	5301	cmsRun -j /scratch/condor/dir_30412/glide_qTQBIt/execute/dir_31435/crab_fjr_256.xml -p pset.py      
# TIME			PID	RSS(KB)	VSZ(KB)	Dsk(MB)	tCPU(s)	tWALL(s)	COMMAND
# TIME			PID	RSS(KB)	VSZ(KB)	Dsk(MB)	tCPU(s)	tWALL(s)	COMMAND
 Feb 02 21:50:01 GMT	1611	1339008	1817388	122	323	5421	cmsRun -j /scratch/condor/dir_30412/glide_qTQBIt/execute/dir_31435/crab_fjr_256.xml -p pset.py      
 Feb 02 21:51:01 GMT	1611	1339008	1818668	122	324	5481	cmsRun -j /scratch/condor/dir_30412/glide_qTQBIt/execute/dir_31435/crab_fjr_256.xml -p pset.py      
 Feb 02 21:53:01 GMT	---	1339008	1818668	144	----	----	----
 Feb 02 22:06:04 GMT	1611	1339008	1827888	144	392	6385	cmsRun -j /scratch/condor/dir_30412/glide_qTQBIt/execute/dir_31435/crab_fjr_256.xml -p pset.py      
 Feb 02 22:07:05 GMT	---	1339008	1827888	165	----	----	----
 Feb 02 22:18:08 GMT	---	1339008	1827888	186	----	----	----
 Feb 02 22:31:11 GMT	1611	1339008	1848624	186	527	7891	cmsRun -j /scratch/condor/dir_30412/glide_qTQBIt/execute/dir_31435/crab_fjr_256.xml -p pset.py      
 Feb 02 22:32:11 GMT	1611	1353376	1854512	186	533	7951	cmsRun -j /scratch/condor/dir_30412/glide_qTQBIt/execute/dir_31435/crab_fjr_256.xml -p pset.py      
 Feb 02 22:33:11 GMT	1611	1532116	1969456	186	548	8011	cmsRun -j /scratch/condor/dir_30412/glide_qTQBIt/execute/dir_31435/crab_fjr_256.xml -p pset.py      
 Feb 02 22:33:11 GMT	---	1532116	1969456	188	----	----	----
 Feb 02 22:34:11 GMT	---	1532116	1969456	210	----	----	----
 Feb 02 22:44:14 GMT	---	1532116	1969456	236	----	----	----
 Feb 02 22:49:15 GMT	1611	1532116	1975608	236	660	8975	cmsRun -j /scratch/condor/dir_30412/glide_qTQBIt/execute/dir_31435/crab_fjr_256.xml -p pset.py      
 Feb 02 22:50:16 GMT	1611	1532116	1990712	236	677	9036	cmsRun -j /scratch/condor/dir_30412/glide_qTQBIt/execute/dir_31435/crab_fjr_256.xml -p pset.py      
 Feb 02 22:52:16 GMT	1611	1532116	1995064	236	686	9156	cmsRun -j /scratch/condor/dir_30412/glide_qTQBIt/execute/dir_31435/crab_fjr_256.xml -p pset.py      
 Feb 02 22:53:16 GMT	---	1532116	1995064	257	----	----	----
 Feb 02 23:00:18 GMT	1611	1532116	2015544	257	757	9638	cmsRun -j /scratch/condor/dir_30412/glide_qTQBIt/execute/dir_31435/crab_fjr_256.xml -p pset.py      
 Feb 02 23:01:18 GMT	---	1532116	2015544	282	----	----	----
********** WATCHDOG LOG ENDED
ZIPPING WATCHDOG LOG
Disk space used:
du -sh /scratch/condor/dir_30412/glide_qTQBIt/execute/dir_31435
282M	/scratch/condor/dir_30412/glide_qTQBIt/execute/dir_31435
Found unusual stdout, rename for OSB
`/scratch/condor/dir_30412/glide_qTQBIt/execute/dir_31435/_condor_stdout' -> `CMSSW_256.stdout'
Found unusual stderr, rename for OSB
`/scratch/condor/dir_30412/glide_qTQBIt/execute/dir_31435/_condor_stdout' -> `CMSSW_256.stderr'
crab_fjr_256.xml
CMSSW_256.stdout
CMSSW_256.stderr
Watchdog_256.log.gz
Total Output dimension: 24320
WARNING: output files size limit is set to: 50000000
Total Output dimension 24320 is fine.
JOB_EXIT_STATUS = 0
>>> info for dashboard:
***** Cat /scratch/condor/dir_30412/glide_qTQBIt/execute/dir_31435/jobreport.txt *****
MonitorJobID=256_https://submit-6.t2.ucsd.edu//150202//509447.255
MonitorID=dcieri_PU140_4dm08r
ExeTime=9665
ExeExitCode=0
StageOutExitStatusReason = 'Copy succedeed with srm-lcg utils'
StageOutSE = heplnx204.pp.rl.ac.uk
StageOutExitStatus = 0
CrabUserCpuTime=752.95
CrabSysCpuTime=24.81
CrabCpuPercentage=8%
CrabWrapperTime=9725
CrabStageoutTime=48
JobExitCode=0
***** End Cat jobreport *****
Parameters sent to Dashboard.
EXITING at Mon Feb  2 23:01:44 GMT 2015  -  Mon Feb  2 23:01:44 UTC 2015
