This script was generated by crab (version 2.11.1_patch1).
Running /scratch/condor/dir_18448/glide_UCKrwN/execute/dir_30486/condor_exec.exe with 2 positional parameters: 20 1
Today is Mon Feb  2 18:58:13 GMT 2015 - Mon Feb  2 18:58:13 UTC 2015
Job submitted on host heplnc221.pp.rl.ac.uk
Linux heplnc221.pp.rl.ac.uk 2.6.32-504.3.3.el6.x86_64 #1 SMP Tue Dec 16 14:29:22 CST 2014 x86_64 x86_64 x86_64 GNU/Linux
Distributor ID:	Scientific
Description:	Scientific Linux release 6.6 (Carbon)
>>> current directory (RUNTIME_AREA): /scratch/condor/dir_18448/glide_UCKrwN/execute/dir_30486
>>> current user: uid=157415(cms415) gid=157000(gplcms) groups=157000(gplcms)
>>> directory permission set to 0700
>>> umask set to:  u=rwx,g=,o=
>>> stdout stderr permission set to 0704
>>> voms proxy information:
subject   : /DC=ch/DC=cern/OU=Organic Units/OU=Users/CN=dcieri/CN=755391/CN=Davide Cieri/CN=769881070/CN=1274546225
issuer    : /DC=ch/DC=cern/OU=Organic Units/OU=Users/CN=dcieri/CN=755391/CN=Davide Cieri/CN=769881070
identity  : /DC=ch/DC=cern/OU=Organic Units/OU=Users/CN=dcieri/CN=755391/CN=Davide Cieri
type      : RFC3820 compliant limited proxy
strength  : 1024
path      : /scratch/condor/dir_18448/glide_UCKrwN/execute/dir_30486/x509up_u62281
timeleft  : 23:57:12
key usage : Digital Signature, Key Encipherment
=== VO cms extension information ===
VO        : cms
subject   : /DC=ch/DC=cern/OU=Organic Units/OU=Users/CN=dcieri/CN=755391/CN=Davide Cieri
issuer    : /DC=ch/DC=cern/OU=computers/CN=lcg-voms2.cern.ch
attribute : /cms/Role=NULL/Capability=NULL
timeleft  : 185:18:11
uri       : lcg-voms2.cern.ch:15002

WNHostName=heplnc221.pp.rl.ac.uk
$_CONDOR_JOB_AD =/scratch/condor/dir_18448/glide_UCKrwN/execute/dir_30486/.job.ad
OverflowFlag=0
>>> tar --no-same-permissions -xf /scratch/condor/dir_18448/glide_UCKrwN/execute/dir_30486/default.tgz :
Successful untar
>>> Include /scratch/condor/dir_18448/glide_UCKrwN/execute/dir_30486 in PYTHONPATH:
strip arguments
env var CRAB_UNIQUE_JOB_ID set to: dcieri_PU140_4dm08r_20_1_6bh
out_files_20
>>> list of expected files on output sandbox
output files: crab_fjr_20.xml CMSSW_20.stdout CMSSW_20.stderr Watchdog_20.log.gz
>>> GridFlavour discovery: 
GridFlavour=LCG
>>> SyncSite discovery: 
SyncSite=T2_UK_SGrid_RALPP
>>> SyncCE discovery: 
getting SyncCE from GLIDEIN_Gaekeeper
SyncCE=heplnv146.pp.rl.ac.uk
>>> info for dashboard:
***** Cat /scratch/condor/dir_18448/glide_UCKrwN/execute/dir_30486/jobreport.txt *****
WNHostName=heplnc221.pp.rl.ac.uk
OverflowFlag=0
MonitorJobID=20_https://submit-6.t2.ucsd.edu//150202//509447.19
SyncGridJobId=https://submit-6.t2.ucsd.edu//150202//509447.19
MonitorID=dcieri_PU140_4dm08r
GridFlavour=LCG
SyncSite=T2_UK_SGrid_RALPP
SyncCE=heplnv146.pp.rl.ac.uk
***** End Cat jobreport *****
Parameters sent to Dashboard.
>>> setup environment
set SCRAM ARCH to slc6_amd64_gcc472
SCRAM_ARCH = slc6_amd64_gcc472
>>> setup CMS LCG environment:
set SCRAM ARCH and BUILD_ARCH to slc6_amd64_gcc472 ###
Sourcing environment... 
sourcing /cvmfs/cms.cern.ch/cmsset_default.sh
==> setup cms environment ok
>>> specific cmssw setup environment:
CMSSW_VERSION =  CMSSW_6_2_0_SLHC12
WARNING: In non-interactive mode release checks e.g. deprecated releases, production architectures are disabled.
>>> current directory (SOFTWARE_DIR): /scratch/condor/dir_18448/glide_UCKrwN/execute/dir_30486/CMSSW_6_2_0_SLHC12
PreserveSeeds: <>
IncrementSeeds:<>
>>> info for dashboard:
***** Cat /scratch/condor/dir_18448/glide_UCKrwN/execute/dir_30486/jobreport.txt *****
MonitorJobID=20_https://submit-6.t2.ucsd.edu//150202//509447.19
MonitorID=dcieri_PU140_4dm08r
***** End Cat jobreport *****
Parameters sent to Dashboard.
crabWatchdog started as process 31743
>>> moving CMSSW software directories in /scratch/condor/dir_18448/glide_UCKrwN/execute/dir_30486/CMSSW_6_2_0_SLHC12
mv: cannot stat `/scratch/condor/dir_18448/glide_UCKrwN/execute/dir_30486/module/': No such file or directory
>>> Include /scratch/condor/dir_18448/glide_UCKrwN/execute/dir_30486 in PYTHONPATH:
PYTHONPATH=/scratch/condor/dir_18448/glide_UCKrwN/execute/dir_30486/:/scratch/condor/dir_18448/glide_UCKrwN/execute/dir_30486/CMSSW_6_2_0_SLHC12/python:/scratch/condor/dir_18448/glide_UCKrwN/execute/dir_30486/CMSSW_6_2_0_SLHC12/lib/slc6_amd64_gcc472:/cvmfs/cms.cern.ch/slc6_amd64_gcc472/cms/cmssw/CMSSW_6_2_0_SLHC12/python:/cvmfs/cms.cern.ch/slc6_amd64_gcc472/cms/cmssw/CMSSW_6_2_0_SLHC12/lib/slc6_amd64_gcc472:/cvmfs/cms.cern.ch/slc6_amd64_gcc472/cms/coral/CORAL_2_3_21-cms35/slc6_amd64_gcc472/python:/cvmfs/cms.cern.ch/slc6_amd64_gcc472/cms/coral/CORAL_2_3_21-cms35/slc6_amd64_gcc472/lib:/cvmfs/cms.cern.ch/slc6_amd64_gcc472/external/python-ldap/2.3.5-cms5/lib/python2.7/site-packages:/cvmfs/cms.cern.ch/slc6_amd64_gcc472/external/pyqt/4.8.1-cms5/lib/python2.7/site-packages:/cvmfs/cms.cern.ch/slc6_amd64_gcc472/external/py2-scipy/0.8.0-cms7/lib/python2.7/site-packages:/cvmfs/cms.cern.ch/slc6_amd64_gcc472/external/py2-matplotlib/1.0.1-cms7/lib/python2.7/site-packages:/cvmfs/cms.cern.ch/slc6_amd64_gcc472/external/sip/4.11.2-cms5/lib/python2.7/site-packages:/cvmfs/cms.cern.ch/slc6_amd64_gcc472/external/py2-pycurl/7.19.0-cms7/lib/python2.7/site-packages:/cvmfs/cms.cern.ch/slc6_amd64_gcc472/external/py2-numpy/1.6.1-cms7/lib/python2.7/site-packages:/cvmfs/cms.cern.ch/slc6_amd64_gcc472/external/py2-lint/0.25.1-cms5/lib/python2.7/site-packages:/cvmfs/cms.cern.ch/slc6_amd64_gcc472/external/py2-ipython/0.10-cms5/lib/python2.7/site-packages:/cvmfs/cms.cern.ch/slc6_amd64_gcc472/external/py2-cx-oracle/5.1-cms5/lib/python2.7/site-packages:/cvmfs/cms.cern.ch/slc6_amd64_gcc472/external/py2-cjson/1.0.5-cms5/lib/python2.7/site-packages:/cvmfs/cms.cern.ch/slc6_amd64_gcc472/cms/das-client/1.11.7/bin:/cvmfs/cms.cern.ch/slc6_amd64_gcc472/external/elementtree/1.2.6-cms5/share/lib/python2.7/site-packages:/cvmfs/cms.cern.ch/slc6_amd64_gcc472/external/rivet/1.8.2-cms9/lib/python2.7/site-packages:/cvmfs/cms.cern.ch/slc6_amd64_gcc472/external/pyminuit2/0.0.1-cms19/lib/python2.7/site-packages:/cvmfs/cms.cern.ch/slc6_amd64_gcc472/external/py2-pygithub/1.23.0-cms2/lib/python2.7/site-packages:/cvmfs/cms.cern.ch/slc6_amd64_gcc472/external/professor/1.0.0-cms19/lib/python2.7/site-packages:/cvmfs/cms.cern.ch/slc6_amd64_gcc472/lcg/root/5.34.07-cms/lib:/cvmfs/cms.cern.ch/slc6_amd64_gcc472/cms/dbs-client/DBS_2_1_9-cms5/lib:/cvmfs/cms.cern.ch/slc6_amd64_gcc472/cms/dbs-client/DBS_2_1_9-cms5/lib/DBSAPI:/cvmfs/cms.cern.ch/slc6_amd64_gcc472/external/cvs2git/5419-cms/lib:/scratch/condor/dir_18448/glide_UCKrwN/execute/dir_30486/
 
# LIMITS USED BY CRAB WATCHDOG:
# RSS  (KBytes)   : 2300000
# VSZ  (KBytes)   : 100000000
# DISK (MBytes)   : 19000
# CPU TIME        : 720h:0m:0s
# WALL CLOCK TIME : 21h:50m:0s
 
3c0380cf82de79bc39966c93934c61fc
PSETHASH = 3c0380cf82de79bc39966c93934c61fc
/scratch/condor/dir_18448/glide_UCKrwN/execute/dir_30486/writeCfg.py pset.py pset.py
Importing .py file
Setting parameters
RandomNumberGeneratorService found, will attempt to change seeds
inputBlocks=/ttbar/dcieri-ttbar_SIM-130075366148575c102f0d64fd3ac8f7/USER#61fb3af0-2cd9-4c22-a912-0e1a7ef51606
inputFiles=/store/user/dcieri/ttbar_SIM/ttbar/ttbar_SIM/150129_145223/0000/step1_61.root
parentFiles=
lumisRange=
>>> Executable cmsRun
/cvmfs/cms.cern.ch/slc6_amd64_gcc472/cms/cmssw/CMSSW_6_2_0_SLHC12/bin/slc6_amd64_gcc472/cmsRun
ok executable found
>>> info for dashboard:
***** Cat /scratch/condor/dir_18448/glide_UCKrwN/execute/dir_30486/jobreport.txt *****
MonitorJobID=20_https://submit-6.t2.ucsd.edu//150202//509447.19
MonitorID=dcieri_PU140_4dm08r
ExeStart=cmsRun
***** End Cat jobreport *****
Parameters sent to Dashboard.
>>> cmsRun started at Mon Feb  2 18:58:21 UTC 2015
>>> cmsRun ended at Mon Feb  2 22:32:25 UTC 2015
>>> crab_fjr_*.xml  permission set to 0704
>>> info for dashboard:
***** Cat /scratch/condor/dir_18448/glide_UCKrwN/execute/dir_30486/jobreport.txt *****
MonitorJobID=20_https://submit-6.t2.ucsd.edu//150202//509447.19
MonitorID=dcieri_PU140_4dm08r
ExeEnd=cmsRun
***** End Cat jobreport *****
Parameters sent to Dashboard.
TIME_EXE = 12844 sec
>>> cmsRun wrote 245 lines of stdout+stderr
>>> START OF printout of 245 lines from stdout+stderr
271 DQMStore::DQMStore 
HcalTopologyIdealEP::HcalTopologyIdealEP
02-Feb-2015 18:58:30 GMT  Initiating request to open file root://dcap.pp.rl.ac.uk:1094/pnfs/pp.rl.ac.uk/data/cms/store/user/dcieri/ttbar_SIM/ttbar/ttbar_SIM/150129_145223/0000/step1_61.root
150202 18:58:31 31880 Xrd: CheckErrorStatus: Server [heplnx210.pp.rl.ac.uk:1094] declared: Request 3018 not supported(error code: 3013)
02-Feb-2015 18:58:32 GMT  Successfully opened file root://dcap.pp.rl.ac.uk:1094/pnfs/pp.rl.ac.uk/data/cms/store/user/dcieri/ttbar_SIM/ttbar/ttbar_SIM/150129_145223/0000/step1_61.root
02-Feb-2015 18:58:33 GMT  Initiating request to open file root://xrootd.unl.edu//store/group/dpg_trigger/comm_trigger/L1TrackTrigger/620_SLHC10/Extended2023TTI/MinBias/MinBias_TuneZ2star_GEN_SIM_1.root
02-Feb-2015 18:58:34 GMT  Successfully opened file root://xrootd.unl.edu//store/group/dpg_trigger/comm_trigger/L1TrackTrigger/620_SLHC10/Extended2023TTI/MinBias/MinBias_TuneZ2star_GEN_SIM_1.root
disableME1a = 0
HcalTopologyIdealEP::produce(const IdealGeometryRecord& iRecord)
mode = 2, maxDepthHB = 3, maxDepthHE = 5
RPCGeometryESModule :: produce
RPCGeometryESModule :: produce :: 1/4 Get Muon Ideal Geometry Record
RPCGeometryESModule :: produce :: 2/4 Get Muon DDD Constants
RPCGeometryESModule :: produce :: 3/4 Get Muon Numbering Record
in MuonNumberingInitialization::initializeMuonDDDConstants
about to make my new muonDDDConst_
in MuonNumberingInitialization::produce
RPCGeometryESModule :: produce :: 4/4 Build
Found:

	Barrel Stack layer 5 : 1008 stacks
	Barrel Stack layer 6 : 1320 stacks
	Barrel Stack layer 7 : 1836 stacks
	Barrel Stack layer 8 : 1152 stacks
	Barrel Stack layer 9 : 1488 stacks
	Barrel Stack layer 10 : 1824 stacks

	Endcap Stack disk 11 : 1360 stacks
	Endcap Stack disk 12 : 1360 stacks
	Endcap Stack disk 13 : 1360 stacks
	Endcap Stack disk 14 : 1360 stacks
	Endcap Stack disk 15 : 1360 stacks
Created 15428 stacks in 26 s

TTClusterBuilder< edm::Ref<edm::DetSetVector<PixelDigi>, PixelDigi, edm::refhelper::FindForDetSetVector<PixelDigi> > > loaded modules:
	TTClusterAlgorithm:	TTClusterAlgorithm_2d2013< edm::Ref<edm::DetSetVector<PixelDigi>, PixelDigi, edm::refhelper::FindForDetSetVector<PixelDigi> > >


TTStubBuilder< edm::Ref<edm::DetSetVector<PixelDigi>, PixelDigi, edm::refhelper::FindForDetSetVector<PixelDigi> > > loaded modules:
	TTStubAlgorithm:	TTStubAlgorithm_tab2013< edm::Ref<edm::DetSetVector<PixelDigi>, PixelDigi, edm::refhelper::FindForDetSetVector<PixelDigi> > >


TTClusterAssociator< edm::Ref<edm::DetSetVector<PixelDigi>, PixelDigi, edm::refhelper::FindForDetSetVector<PixelDigi> > > loaded.


TTStubAssociator< edm::Ref<edm::DetSetVector<PixelDigi>, PixelDigi, edm::refhelper::FindForDetSetVector<PixelDigi> > > loaded.


TTTrackAssociator< edm::Ref<edm::DetSetVector<PixelDigi>, PixelDigi, edm::refhelper::FindForDetSetVector<PixelDigi> > > loaded.

Begin processing the 1st record. Run 1, Event 601, LumiSection 61 at 02-Feb-2015 18:59:19.255 GMT
02-Feb-2015 18:59:26 GMT  Closed file root://xrootd.unl.edu//store/group/dpg_trigger/comm_trigger/L1TrackTrigger/620_SLHC10/Extended2023TTI/MinBias/MinBias_TuneZ2star_GEN_SIM_1.root
02-Feb-2015 18:59:26 GMT  Initiating request to open file root://xrootd.unl.edu//store/group/dpg_trigger/comm_trigger/L1TrackTrigger/620_SLHC10/Extended2023TTI/MinBias/MinBias_TuneZ2star_GEN_SIM_279.root
02-Feb-2015 18:59:57 GMT  Successfully opened file root://xrootd.unl.edu//store/group/dpg_trigger/comm_trigger/L1TrackTrigger/620_SLHC10/Extended2023TTI/MinBias/MinBias_TuneZ2star_GEN_SIM_279.root
150202 19:04:30 32244 Xrd: XrdClientMessage::ReadRaw: Failed to read header (8 bytes).
150202 19:05:01 32241 Xrd: XrdClientMessage::ReadRaw: Failed to read header (8 bytes).
02-Feb-2015 19:09:17 GMT  Closed file root://xrootd.unl.edu//store/group/dpg_trigger/comm_trigger/L1TrackTrigger/620_SLHC10/Extended2023TTI/MinBias/MinBias_TuneZ2star_GEN_SIM_279.root
02-Feb-2015 19:09:17 GMT  Initiating request to open file root://xrootd.unl.edu//store/group/dpg_trigger/comm_trigger/L1TrackTrigger/620_SLHC10/Extended2023TTI/MinBias/MinBias_TuneZ2star_GEN_SIM_757.root
150202 19:09:48 7387 Xrd: CheckErrorStatus: Server [llrxrd-redir.in2p3.fr:1094] declared: session not found(error code: 3011)
02-Feb-2015 19:09:48 GMT  Successfully opened file root://xrootd.unl.edu//store/group/dpg_trigger/comm_trigger/L1TrackTrigger/620_SLHC10/Extended2023TTI/MinBias/MinBias_TuneZ2star_GEN_SIM_757.root
150202 19:14:30 731 Xrd: XrdClientMessage::ReadRaw: Failed to read header (8 bytes).
150202 19:15:01 7977 Xrd: XrdClientMessage::ReadRaw: Failed to read header (8 bytes).
02-Feb-2015 19:18:31 GMT  Closed file root://xrootd.unl.edu//store/group/dpg_trigger/comm_trigger/L1TrackTrigger/620_SLHC10/Extended2023TTI/MinBias/MinBias_TuneZ2star_GEN_SIM_757.root
02-Feb-2015 19:18:31 GMT  Initiating request to open file root://xrootd.unl.edu//store/group/dpg_trigger/comm_trigger/L1TrackTrigger/620_SLHC10/Extended2023TTI/MinBias/MinBias_TuneZ2star_GEN_SIM_127.root
150202 19:18:32 32115 Xrd: XrdClientMessage::ReadRaw: Failed to read header (8 bytes).
150202 19:19:01 32116 Xrd: XrdClientMessage::ReadRaw: Failed to read header (8 bytes).
150202 19:20:07 14292 Xrd: CheckErrorStatus: Server [xrootd-redic.pi.infn.it:1094] declared: session not found(error code: 3011)
02-Feb-2015 19:20:08 GMT  Successfully opened file root://xrootd.unl.edu//store/group/dpg_trigger/comm_trigger/L1TrackTrigger/620_SLHC10/Extended2023TTI/MinBias/MinBias_TuneZ2star_GEN_SIM_127.root
150202 19:24:01 7978 Xrd: XrdClientMessage::ReadRaw: Failed to read header (8 bytes).
Building the geometry service
Warning did not find digi
Warning did not find digi
Warning did not find digi
Warning did not find digi
Warning did not find digi in disks
Warning did not find digi in disks
Warning did not find digi in disks
Warning did not find digi in disks
150202 19:25:31 15476 Xrd: XrdClientMessage::ReadRaw: Failed to read header (8 bytes).
150202 19:30:01 32240 Xrd: XrdClientMessage::ReadRaw: Failed to read header (8 bytes).
02-Feb-2015 19:31:30 GMT  Closed file root://xrootd.unl.edu//store/group/dpg_trigger/comm_trigger/L1TrackTrigger/620_SLHC10/Extended2023TTI/MinBias/MinBias_TuneZ2star_GEN_SIM_127.root
02-Feb-2015 19:31:30 GMT  Initiating request to open file root://xrootd.unl.edu//store/group/dpg_trigger/comm_trigger/L1TrackTrigger/620_SLHC10/Extended2023TTI/MinBias/MinBias_TuneZ2star_GEN_SIM_764.root
150202 19:32:01 24060 Xrd: CheckErrorStatus: Server [cms-xrd-global.cern.ch:1094] declared: session not found(error code: 3011)
150202 19:32:01 24060 Xrd: CheckErrorStatus: Server [llrxrd-redir.in2p3.fr:1094] declared: session not found(error code: 3011)
02-Feb-2015 19:32:01 GMT  Successfully opened file root://xrootd.unl.edu//store/group/dpg_trigger/comm_trigger/L1TrackTrigger/620_SLHC10/Extended2023TTI/MinBias/MinBias_TuneZ2star_GEN_SIM_764.root
150202 19:37:00 15477 Xrd: XrdClientMessage::ReadRaw: Failed to read header (8 bytes).
150202 19:37:30 24543 Xrd: XrdClientMessage::ReadRaw: Failed to read header (8 bytes).
150202 19:40:31 15475 Xrd: XrdClientMessage::ReadRaw: Failed to read header (8 bytes).
02-Feb-2015 19:42:52 GMT  Closed file root://xrootd.unl.edu//store/group/dpg_trigger/comm_trigger/L1TrackTrigger/620_SLHC10/Extended2023TTI/MinBias/MinBias_TuneZ2star_GEN_SIM_764.root
02-Feb-2015 19:42:52 GMT  Initiating request to open file root://xrootd.unl.edu//store/group/dpg_trigger/comm_trigger/L1TrackTrigger/620_SLHC10/Extended2023TTI/MinBias/MinBias_TuneZ2star_GEN_SIM_692.root
150202 19:43:23 32291 Xrd: CheckErrorStatus: Server [xrootd.ba.infn.it:1094] declared: session not found(error code: 3011)
02-Feb-2015 19:43:24 GMT  Successfully opened file root://xrootd.unl.edu//store/group/dpg_trigger/comm_trigger/L1TrackTrigger/620_SLHC10/Extended2023TTI/MinBias/MinBias_TuneZ2star_GEN_SIM_692.root
150202 19:48:00 24544 Xrd: XrdClientMessage::ReadRaw: Failed to read header (8 bytes).
150202 19:48:31 32530 Xrd: XrdClientMessage::ReadRaw: Failed to read header (8 bytes).
150202 19:52:31 24542 Xrd: XrdClientMessage::ReadRaw: Failed to read header (8 bytes).
150202 20:03:31 32227 Xrd: XrdClientMessage::ReadRaw: Failed to read header (8 bytes).
150202 20:03:31 32123 Xrd: XrdClientMessage::ReadRaw: Failed to read header (8 bytes).
150202 20:03:31 32529 Xrd: XrdClientMessage::ReadRaw: Failed to read header (8 bytes).
150202 20:03:31 32242 Xrd: XrdClientMessage::ReadRaw: Failed to read header (8 bytes).
02-Feb-2015 20:04:03 GMT  Closed file root://xrootd.unl.edu//store/group/dpg_trigger/comm_trigger/L1TrackTrigger/620_SLHC10/Extended2023TTI/MinBias/MinBias_TuneZ2star_GEN_SIM_692.root
02-Feb-2015 20:04:03 GMT  Initiating request to open file root://xrootd.unl.edu//store/group/dpg_trigger/comm_trigger/L1TrackTrigger/620_SLHC10/Extended2023TTI/MinBias/MinBias_TuneZ2star_GEN_SIM_619.root
150202 20:04:04 31880 Xrd: CheckErrorStatus: Server [xrootd.unl.edu] declared: session not found(error code: 3011)
150202 20:05:48 16522 Xrd: CheckErrorStatus: Server [cms-xrd-global.cern.ch:1094] declared: session not found(error code: 3011)
150202 20:05:48 16522 Xrd: CheckErrorStatus: Server [llrxrd-redir.in2p3.fr:1094] declared: session not found(error code: 3011)
150202 20:05:49 16522 Xrd: CheckErrorStatus: Server [lxbrf39c03.cern.ch:1098] declared: session not found(error code: 3011)
02-Feb-2015 20:05:49 GMT  Successfully opened file root://xrootd.unl.edu//store/group/dpg_trigger/comm_trigger/L1TrackTrigger/620_SLHC10/Extended2023TTI/MinBias/MinBias_TuneZ2star_GEN_SIM_619.root
150202 20:09:31 32531 Xrd: XrdClientMessage::ReadRaw: Failed to read header (8 bytes).
150202 20:11:00 17944 Xrd: XrdClientMessage::ReadRaw: Failed to read header (8 bytes).
02-Feb-2015 20:13:24 GMT  Closed file root://xrootd.unl.edu//store/group/dpg_trigger/comm_trigger/L1TrackTrigger/620_SLHC10/Extended2023TTI/MinBias/MinBias_TuneZ2star_GEN_SIM_619.root
02-Feb-2015 20:13:24 GMT  Initiating request to open file root://xrootd.unl.edu//store/group/dpg_trigger/comm_trigger/L1TrackTrigger/620_SLHC10/Extended2023TTI/MinBias/MinBias_TuneZ2star_GEN_SIM_895.root
150202 20:13:54 23258 Xrd: CheckErrorStatus: Server [llrxrd-redir.in2p3.fr:1094] declared: session not found(error code: 3011)
02-Feb-2015 20:13:55 GMT  Successfully opened file root://xrootd.unl.edu//store/group/dpg_trigger/comm_trigger/L1TrackTrigger/620_SLHC10/Extended2023TTI/MinBias/MinBias_TuneZ2star_GEN_SIM_895.root
150202 20:18:31 17946 Xrd: XrdClientMessage::ReadRaw: Failed to read header (8 bytes).
150202 20:19:01 23860 Xrd: XrdClientMessage::ReadRaw: Failed to read header (8 bytes).
02-Feb-2015 20:24:11 GMT  Closed file root://xrootd.unl.edu//store/group/dpg_trigger/comm_trigger/L1TrackTrigger/620_SLHC10/Extended2023TTI/MinBias/MinBias_TuneZ2star_GEN_SIM_895.root
02-Feb-2015 20:24:11 GMT  Initiating request to open file root://xrootd.unl.edu//store/group/dpg_trigger/comm_trigger/L1TrackTrigger/620_SLHC10/Extended2023TTI/MinBias/MinBias_TuneZ2star_GEN_SIM_980.root
150202 20:24:41 31279 Xrd: CheckErrorStatus: Server [llrxrd-redir.in2p3.fr:1094] declared: session not found(error code: 3011)
02-Feb-2015 20:24:42 GMT  Successfully opened file root://xrootd.unl.edu//store/group/dpg_trigger/comm_trigger/L1TrackTrigger/620_SLHC10/Extended2023TTI/MinBias/MinBias_TuneZ2star_GEN_SIM_980.root
150202 20:29:31 23861 Xrd: XrdClientMessage::ReadRaw: Failed to read header (8 bytes).
150202 20:30:01 31625 Xrd: XrdClientMessage::ReadRaw: Failed to read header (8 bytes).
02-Feb-2015 20:33:33 GMT  Closed file root://xrootd.unl.edu//store/group/dpg_trigger/comm_trigger/L1TrackTrigger/620_SLHC10/Extended2023TTI/MinBias/MinBias_TuneZ2star_GEN_SIM_980.root
02-Feb-2015 20:33:33 GMT  Initiating request to open file root://xrootd.unl.edu//store/group/dpg_trigger/comm_trigger/L1TrackTrigger/620_SLHC10/Extended2023TTI/MinBias/MinBias_TuneZ2star_GEN_SIM_243.root
150202 20:34:04 5484 Xrd: CheckErrorStatus: Server [cms-xrd-global.cern.ch:1094] declared: session not found(error code: 3011)
150202 20:34:05 5484 Xrd: CheckErrorStatus: Server [xrootd.ba.infn.it:1094] declared: session not found(error code: 3011)
02-Feb-2015 20:34:05 GMT  Successfully opened file root://xrootd.unl.edu//store/group/dpg_trigger/comm_trigger/L1TrackTrigger/620_SLHC10/Extended2023TTI/MinBias/MinBias_TuneZ2star_GEN_SIM_243.root
150202 20:39:01 31626 Xrd: XrdClientMessage::ReadRaw: Failed to read header (8 bytes).
150202 20:39:31 6085 Xrd: XrdClientMessage::ReadRaw: Failed to read header (8 bytes).
02-Feb-2015 20:42:32 GMT  Closed file root://xrootd.unl.edu//store/group/dpg_trigger/comm_trigger/L1TrackTrigger/620_SLHC10/Extended2023TTI/MinBias/MinBias_TuneZ2star_GEN_SIM_243.root
02-Feb-2015 20:42:32 GMT  Initiating request to open file root://xrootd.unl.edu//store/group/dpg_trigger/comm_trigger/L1TrackTrigger/620_SLHC10/Extended2023TTI/MinBias/MinBias_TuneZ2star_GEN_SIM_148.root
150202 20:43:03 12148 Xrd: CheckErrorStatus: Server [llrxrd-redir.in2p3.fr:1094] declared: session not found(error code: 3011)
02-Feb-2015 20:43:03 GMT  Successfully opened file root://xrootd.unl.edu//store/group/dpg_trigger/comm_trigger/L1TrackTrigger/620_SLHC10/Extended2023TTI/MinBias/MinBias_TuneZ2star_GEN_SIM_148.root
150202 20:48:00 6086 Xrd: XrdClientMessage::ReadRaw: Failed to read header (8 bytes).
150202 20:48:30 12739 Xrd: XrdClientMessage::ReadRaw: Failed to read header (8 bytes).
150202 20:54:31 6084 Xrd: XrdClientMessage::ReadRaw: Failed to read header (8 bytes).
02-Feb-2015 20:59:06 GMT  Closed file root://xrootd.unl.edu//store/group/dpg_trigger/comm_trigger/L1TrackTrigger/620_SLHC10/Extended2023TTI/MinBias/MinBias_TuneZ2star_GEN_SIM_148.root
02-Feb-2015 20:59:06 GMT  Initiating request to open file root://xrootd.unl.edu//store/group/dpg_trigger/comm_trigger/L1TrackTrigger/620_SLHC10/Extended2023TTI/MinBias/MinBias_TuneZ2star_GEN_SIM_966.root
150202 20:59:37 25343 Xrd: CheckErrorStatus: Server [llrxrd-redir.in2p3.fr:1094] declared: session not found(error code: 3011)
02-Feb-2015 20:59:37 GMT  Successfully opened file root://xrootd.unl.edu//store/group/dpg_trigger/comm_trigger/L1TrackTrigger/620_SLHC10/Extended2023TTI/MinBias/MinBias_TuneZ2star_GEN_SIM_966.root
150202 21:04:30 12740 Xrd: XrdClientMessage::ReadRaw: Failed to read header (8 bytes).
150202 21:05:00 25459 Xrd: XrdClientMessage::ReadRaw: Failed to read header (8 bytes).
02-Feb-2015 21:07:25 GMT  Closed file root://xrootd.unl.edu//store/group/dpg_trigger/comm_trigger/L1TrackTrigger/620_SLHC10/Extended2023TTI/MinBias/MinBias_TuneZ2star_GEN_SIM_966.root
02-Feb-2015 21:07:25 GMT  Initiating request to open file root://xrootd.unl.edu//store/group/dpg_trigger/comm_trigger/L1TrackTrigger/620_SLHC10/Extended2023TTI/MinBias/MinBias_TuneZ2star_GEN_SIM_634.root
150202 21:11:09 31319 Xrd: CheckErrorStatus: Server [cms-xrd-global.cern.ch:1094] declared: session not found(error code: 3011)
150202 21:11:10 31319 Xrd: CheckErrorStatus: Server [xrootd-redic.pi.infn.it:1094] declared: session not found(error code: 3011)
02-Feb-2015 21:11:10 GMT  Successfully opened file root://xrootd.unl.edu//store/group/dpg_trigger/comm_trigger/L1TrackTrigger/620_SLHC10/Extended2023TTI/MinBias/MinBias_TuneZ2star_GEN_SIM_634.root
150202 21:12:31 25460 Xrd: XrdClientMessage::ReadRaw: Failed to read header (8 bytes).
150202 21:16:30 1850 Xrd: XrdClientMessage::ReadRaw: Failed to read header (8 bytes).
150202 21:20:01 17943 Xrd: XrdClientMessage::ReadRaw: Failed to read header (8 bytes).
02-Feb-2015 21:21:24 GMT  Closed file root://xrootd.unl.edu//store/group/dpg_trigger/comm_trigger/L1TrackTrigger/620_SLHC10/Extended2023TTI/MinBias/MinBias_TuneZ2star_GEN_SIM_634.root
02-Feb-2015 21:21:24 GMT  Initiating request to open file root://xrootd.unl.edu//store/group/dpg_trigger/comm_trigger/L1TrackTrigger/620_SLHC10/Extended2023TTI/MinBias/MinBias_TuneZ2star_GEN_SIM_162.root
150202 21:21:24 9141 Xrd: CheckErrorStatus: Server [cms-xrd-global.cern.ch:1094] declared: session not found(error code: 3011)
150202 21:21:24 9141 Xrd: CheckErrorStatus: Server [llrxrd-redir.in2p3.fr:1094] declared: session not found(error code: 3011)
02-Feb-2015 21:21:24 GMT  Successfully opened file root://xrootd.unl.edu//store/group/dpg_trigger/comm_trigger/L1TrackTrigger/620_SLHC10/Extended2023TTI/MinBias/MinBias_TuneZ2star_GEN_SIM_162.root
150202 21:26:30 9145 Xrd: XrdClientMessage::ReadRaw: Failed to read header (8 bytes).
150202 21:26:31 1852 Xrd: XrdClientMessage::ReadRaw: Failed to read header (8 bytes).
02-Feb-2015 21:29:35 GMT  Closed file root://xrootd.unl.edu//store/group/dpg_trigger/comm_trigger/L1TrackTrigger/620_SLHC10/Extended2023TTI/MinBias/MinBias_TuneZ2star_GEN_SIM_162.root
02-Feb-2015 21:29:35 GMT  Initiating request to open file root://xrootd.unl.edu//store/group/dpg_trigger/comm_trigger/L1TrackTrigger/620_SLHC10/Extended2023TTI/MinBias/MinBias_TuneZ2star_GEN_SIM_751.root
150202 21:30:06 15615 Xrd: CheckErrorStatus: Server [llrxrd-redir.in2p3.fr:1094] declared: session not found(error code: 3011)
02-Feb-2015 21:30:06 GMT  Successfully opened file root://xrootd.unl.edu//store/group/dpg_trigger/comm_trigger/L1TrackTrigger/620_SLHC10/Extended2023TTI/MinBias/MinBias_TuneZ2star_GEN_SIM_751.root
150202 21:31:31 1849 Xrd: XrdClientMessage::ReadRaw: Failed to read header (8 bytes).
150202 21:35:01 9146 Xrd: XrdClientMessage::ReadRaw: Failed to read header (8 bytes).
150202 21:35:31 16227 Xrd: XrdClientMessage::ReadRaw: Failed to read header (8 bytes).
02-Feb-2015 21:39:04 GMT  Closed file root://xrootd.unl.edu//store/group/dpg_trigger/comm_trigger/L1TrackTrigger/620_SLHC10/Extended2023TTI/MinBias/MinBias_TuneZ2star_GEN_SIM_751.root
02-Feb-2015 21:39:04 GMT  Initiating request to open file root://xrootd.unl.edu//store/group/dpg_trigger/comm_trigger/L1TrackTrigger/620_SLHC10/Extended2023TTI/MinBias/MinBias_TuneZ2star_GEN_SIM_662.root
150202 21:39:35 27794 Xrd: CheckErrorStatus: Server [cms-xrd-global.cern.ch:1094] declared: session not found(error code: 3011)
150202 21:39:35 27794 Xrd: CheckErrorStatus: Server [xrootd.ba.infn.it:1094] declared: session not found(error code: 3011)
02-Feb-2015 21:39:35 GMT  Successfully opened file root://xrootd.unl.edu//store/group/dpg_trigger/comm_trigger/L1TrackTrigger/620_SLHC10/Extended2023TTI/MinBias/MinBias_TuneZ2star_GEN_SIM_662.root
150202 21:44:30 16228 Xrd: XrdClientMessage::ReadRaw: Failed to read header (8 bytes).
150202 21:45:00 27924 Xrd: XrdClientMessage::ReadRaw: Failed to read header (8 bytes).
02-Feb-2015 21:47:42 GMT  Closed file root://xrootd.unl.edu//store/group/dpg_trigger/comm_trigger/L1TrackTrigger/620_SLHC10/Extended2023TTI/MinBias/MinBias_TuneZ2star_GEN_SIM_662.root
02-Feb-2015 21:47:42 GMT  Initiating request to open file root://xrootd.unl.edu//store/group/dpg_trigger/comm_trigger/L1TrackTrigger/620_SLHC10/Extended2023TTI/MinBias/MinBias_TuneZ2star_GEN_SIM_854.root
150202 21:48:13 427 Xrd: CheckErrorStatus: Server [xrootd.ba.infn.it:1094] declared: session not found(error code: 3011)
02-Feb-2015 21:48:14 GMT  Successfully opened file root://xrootd.unl.edu//store/group/dpg_trigger/comm_trigger/L1TrackTrigger/620_SLHC10/Extended2023TTI/MinBias/MinBias_TuneZ2star_GEN_SIM_854.root
150202 21:50:31 9144 Xrd: XrdClientMessage::ReadRaw: Failed to read header (8 bytes).
150202 21:53:00 27925 Xrd: XrdClientMessage::ReadRaw: Failed to read header (8 bytes).
150202 21:53:31 897 Xrd: XrdClientMessage::ReadRaw: Failed to read header (8 bytes).
02-Feb-2015 21:56:33 GMT  Closed file root://xrootd.unl.edu//store/group/dpg_trigger/comm_trigger/L1TrackTrigger/620_SLHC10/Extended2023TTI/MinBias/MinBias_TuneZ2star_GEN_SIM_854.root
02-Feb-2015 21:56:33 GMT  Initiating request to open file root://xrootd.unl.edu//store/group/dpg_trigger/comm_trigger/L1TrackTrigger/620_SLHC10/Extended2023TTI/MinBias/MinBias_TuneZ2star_GEN_SIM_503.root
150202 21:57:04 6995 Xrd: CheckErrorStatus: Server [cms-xrd-global.cern.ch:1094] declared: session not found(error code: 3011)
150202 21:57:04 6995 Xrd: CheckErrorStatus: Server [xrootd-redic.pi.infn.it:1094] declared: session not found(error code: 3011)
02-Feb-2015 21:57:04 GMT  Successfully opened file root://xrootd.unl.edu//store/group/dpg_trigger/comm_trigger/L1TrackTrigger/620_SLHC10/Extended2023TTI/MinBias/MinBias_TuneZ2star_GEN_SIM_503.root
150202 22:02:01 898 Xrd: XrdClientMessage::ReadRaw: Failed to read header (8 bytes).
150202 22:02:31 7463 Xrd: XrdClientMessage::ReadRaw: Failed to read header (8 bytes).
02-Feb-2015 22:03:13 GMT  Closed file root://xrootd.unl.edu//store/group/dpg_trigger/comm_trigger/L1TrackTrigger/620_SLHC10/Extended2023TTI/MinBias/MinBias_TuneZ2star_GEN_SIM_503.root
02-Feb-2015 22:03:13 GMT  Initiating request to open file root://xrootd.unl.edu//store/group/dpg_trigger/comm_trigger/L1TrackTrigger/620_SLHC10/Extended2023TTI/MinBias/MinBias_TuneZ2star_GEN_SIM_84.root
150202 22:04:12 16910 Xrd: CheckErrorStatus: Server [xrootd.ba.infn.it:1094] declared: session not found(error code: 3011)
02-Feb-2015 22:04:12 GMT  Successfully opened file root://xrootd.unl.edu//store/group/dpg_trigger/comm_trigger/L1TrackTrigger/620_SLHC10/Extended2023TTI/MinBias/MinBias_TuneZ2star_GEN_SIM_84.root
02-Feb-2015 22:08:00 GMT  Closed file root://xrootd.unl.edu//store/group/dpg_trigger/comm_trigger/L1TrackTrigger/620_SLHC10/Extended2023TTI/MinBias/MinBias_TuneZ2star_GEN_SIM_84.root
02-Feb-2015 22:08:00 GMT  Initiating request to open file root://xrootd.unl.edu//store/group/dpg_trigger/comm_trigger/L1TrackTrigger/620_SLHC10/Extended2023TTI/MinBias/MinBias_TuneZ2star_GEN_SIM_214.root
150202 22:08:31 7464 Xrd: XrdClientMessage::ReadRaw: Failed to read header (8 bytes).
150202 22:09:31 17511 Xrd: XrdClientMessage::ReadRaw: Failed to read header (8 bytes).
150202 22:10:46 19533 Xrd: CheckErrorStatus: Server [cms-xrd-global.cern.ch:1094] declared: session not found(error code: 3011)
150202 22:10:46 19533 Xrd: CheckErrorStatus: Server [llrxrd-redir.in2p3.fr:1094] declared: session not found(error code: 3011)
02-Feb-2015 22:10:47 GMT  Successfully opened file root://xrootd.unl.edu//store/group/dpg_trigger/comm_trigger/L1TrackTrigger/620_SLHC10/Extended2023TTI/MinBias/MinBias_TuneZ2star_GEN_SIM_214.root
150202 22:13:31 17512 Xrd: XrdClientMessage::ReadRaw: Failed to read header (8 bytes).
02-Feb-2015 22:15:46 GMT  Closed file root://xrootd.unl.edu//store/group/dpg_trigger/comm_trigger/L1TrackTrigger/620_SLHC10/Extended2023TTI/MinBias/MinBias_TuneZ2star_GEN_SIM_214.root
02-Feb-2015 22:15:46 GMT  Initiating request to open file root://xrootd.unl.edu//store/group/dpg_trigger/comm_trigger/L1TrackTrigger/620_SLHC10/Extended2023TTI/MinBias/MinBias_TuneZ2star_GEN_SIM_979.root
150202 22:16:01 21430 Xrd: XrdClientMessage::ReadRaw: Failed to read header (8 bytes).
150202 22:16:57 24443 Xrd: CheckErrorStatus: Server [xrootd.ba.infn.it:1094] declared: session not found(error code: 3011)
150202 22:16:57 24443 Xrd: CheckErrorStatus: Server [eoscms.cern.ch:1094] declared: session not found(error code: 3011)
02-Feb-2015 22:16:57 GMT  Successfully opened file root://xrootd.unl.edu//store/group/dpg_trigger/comm_trigger/L1TrackTrigger/620_SLHC10/Extended2023TTI/MinBias/MinBias_TuneZ2star_GEN_SIM_979.root
150202 22:17:31 7462 Xrd: XrdClientMessage::ReadRaw: Failed to read header (8 bytes).
02-Feb-2015 22:18:50 GMT  Closed file root://xrootd.unl.edu//store/group/dpg_trigger/comm_trigger/L1TrackTrigger/620_SLHC10/Extended2023TTI/MinBias/MinBias_TuneZ2star_GEN_SIM_979.root
02-Feb-2015 22:18:50 GMT  Initiating request to open file root://xrootd.unl.edu//store/group/dpg_trigger/comm_trigger/L1TrackTrigger/620_SLHC10/Extended2023TTI/MinBias/MinBias_TuneZ2star_GEN_SIM_76.root
150202 22:19:21 26504 Xrd: CheckErrorStatus: Server [cms-xrd-global.cern.ch:1094] declared: session not found(error code: 3011)
02-Feb-2015 22:19:21 GMT  Successfully opened file root://xrootd.unl.edu//store/group/dpg_trigger/comm_trigger/L1TrackTrigger/620_SLHC10/Extended2023TTI/MinBias/MinBias_TuneZ2star_GEN_SIM_76.root
02-Feb-2015 22:20:59 GMT  Closed file root://xrootd.unl.edu//store/group/dpg_trigger/comm_trigger/L1TrackTrigger/620_SLHC10/Extended2023TTI/MinBias/MinBias_TuneZ2star_GEN_SIM_76.root
02-Feb-2015 22:20:59 GMT  Initiating request to open file root://xrootd.unl.edu//store/group/dpg_trigger/comm_trigger/L1TrackTrigger/620_SLHC10/Extended2023TTI/MinBias/MinBias_TuneZ2star_GEN_SIM_26.root
150202 22:21:00 21432 Xrd: XrdClientMessage::ReadRaw: Failed to read header (8 bytes).
150202 22:24:00 25122 Xrd: XrdClientMessage::ReadRaw: Failed to read header (8 bytes).
150202 22:24:30 25121 Xrd: XrdClientMessage::ReadRaw: Failed to read header (8 bytes).
150202 22:24:44 599 Xrd: CheckErrorStatus: Server [xrootd-redic.pi.infn.it:1094] declared: session not found(error code: 3011)
02-Feb-2015 22:24:44 GMT  Successfully opened file root://xrootd.unl.edu//store/group/dpg_trigger/comm_trigger/L1TrackTrigger/620_SLHC10/Extended2023TTI/MinBias/MinBias_TuneZ2star_GEN_SIM_26.root
150202 22:26:01 31411 Xrd: XrdClientMessage::ReadRaw: Failed to read header (8 bytes).
02-Feb-2015 22:29:32 GMT  Closed file root://xrootd.unl.edu//store/group/dpg_trigger/comm_trigger/L1TrackTrigger/620_SLHC10/Extended2023TTI/MinBias/MinBias_TuneZ2star_GEN_SIM_26.root
02-Feb-2015 22:29:32 GMT  Initiating request to open file root://xrootd.unl.edu//store/group/dpg_trigger/comm_trigger/L1TrackTrigger/620_SLHC10/Extended2023TTI/MinBias/MinBias_TuneZ2star_GEN_SIM_404.root
150202 22:29:33 10723 Xrd: CheckErrorStatus: Server [eoscms.cern.ch:1094] declared: session not found(error code: 3011)
02-Feb-2015 22:29:33 GMT  Successfully opened file root://xrootd.unl.edu//store/group/dpg_trigger/comm_trigger/L1TrackTrigger/620_SLHC10/Extended2023TTI/MinBias/MinBias_TuneZ2star_GEN_SIM_404.root
150202 22:31:00 21429 Xrd: XrdClientMessage::ReadRaw: Failed to read header (8 bytes).
02-Feb-2015 22:32:23 GMT  Closed file root://dcap.pp.rl.ac.uk:1094/pnfs/pp.rl.ac.uk/data/cms/store/user/dcieri/ttbar_SIM/ttbar/ttbar_SIM/150129_145223/0000/step1_61.root
02-Feb-2015 22:32:24 GMT  Closed file root://xrootd.unl.edu//store/group/dpg_trigger/comm_trigger/L1TrackTrigger/620_SLHC10/Extended2023TTI/MinBias/MinBias_TuneZ2star_GEN_SIM_404.root

=============================================

MessageLogger Summary

 type     category        sev    module        subroutine        count    total
 ---- -------------------- -- ---------------- ----------------  -----    -----
    1 fileAction           -s MixingModule:mix                      69       69
    2 fileAction           -s MixingModule:mix                       2        2
    3 fileAction           -s MixingModule:mix                       1        1
    4 fileAction           -s file_close                             1        1
    5 fileAction           -s file_open                              2        2

 type    category    Examples: run/evt        run/evt          run/evt
 ---- -------------------- ---------------- ---------------- ----------------
    1 fileAction           1/601            1/601            1/610
    2 fileAction           pre-events       pre-events       
    3 fileAction           PostEndRun                        
    4 fileAction           PostEndRun                        
    5 fileAction           pre-events       pre-events       

Severity    # Occurrences   Total Occurrences
--------    -------------   -----------------
System                 75                  75
>>> END OF printout of 245 lines from stdout+stderr
>>> Parse FrameworkJobReport crab_fjr.xml
Result of parsing the FrameworkJobReport crab_fjr.xml: 
Extracted ExitStatus from FrameworkJobReport parsing output: 0
>>> Executable succeded  0
ExeExitCode=0
EXECUTABLE_EXIT_STATUS = 0
>>> current directory /scratch/condor/dir_18448/glide_UCKrwN/execute/dir_30486/CMSSW_6_2_0_SLHC12
>>>  (SOFTWARE_DIR): /scratch/condor/dir_18448/glide_UCKrwN/execute/dir_30486/CMSSW_6_2_0_SLHC12
>>> (WORKING_DIR): 
>>> current directory content:
total 251152
drwxr-xr-x 3 cms415 gplcms      4096 Feb  2 18:58 .SCRAM
-rw------- 1 cms415 gplcms    915837 Feb  2 18:58 CMSSW.py.pkl
drwxr-xr-x 3 cms415 gplcms      4096 Feb  2 18:58 bin
drwxr-xr-x 3 cms415 gplcms      4096 Feb  2 18:58 cfipython
drwxr-xr-x 4 cms415 gplcms      4096 Apr 28  2014 config
-rw------- 1 cms415 gplcms        16 Feb  2 22:32 cpu_timing.txt
drwxr-xr-x 2 cms415 gplcms      4096 Feb  2 18:58 doc
-rw------- 1 cms415 gplcms     27374 Feb  2 22:32 executable.out
drwxr-xr-x 2 cms415 gplcms      4096 Feb  2 18:58 include
drwx------ 3 cms415 gplcms      4096 Oct  7 10:12 lib
drwxr-xr-x 3 cms415 gplcms      4096 Feb  2 18:58 logs
drwxr-xr-x 3 cms415 gplcms      4096 Feb  2 18:58 objs
-rw------- 1 cms415 gplcms       104 Feb  2 18:58 pset.py
-rw------- 1 cms415 gplcms    926822 Feb  2 18:58 pset.py.pkl
-rw------- 1 cms415 gplcms       289 Feb  2 18:58 pset.pyc
drwxr-xr-x 2 cms415 gplcms      4096 Feb  2 18:58 python
-rw------- 1 cms415 gplcms       353 Feb  2 22:32 report.log
drwxr-xr-x 2 cms415 gplcms      4096 Feb  2 18:58 src
-rw------- 1 cms415 gplcms 254970514 Feb  2 22:32 step2.root
drwxr-xr-x 3 cms415 gplcms      4096 Feb  2 18:58 test
drwxr-xr-x 3 cms415 gplcms      4096 Feb  2 18:58 tmp
>>> current directory /scratch/condor/dir_18448/glide_UCKrwN/execute/dir_30486/CMSSW_6_2_0_SLHC12
>>> (SOFTWARE_DIR): /scratch/condor/dir_18448/glide_UCKrwN/execute/dir_30486/CMSSW_6_2_0_SLHC12
>>> (WORKING_DIR): 
>>> current directory content:
total 251152
drwxr-xr-x 3 cms415 gplcms      4096 Feb  2 18:58 .SCRAM
-rw------- 1 cms415 gplcms    915837 Feb  2 18:58 CMSSW.py.pkl
drwxr-xr-x 3 cms415 gplcms      4096 Feb  2 18:58 bin
drwxr-xr-x 3 cms415 gplcms      4096 Feb  2 18:58 cfipython
drwxr-xr-x 4 cms415 gplcms      4096 Apr 28  2014 config
-rw------- 1 cms415 gplcms        16 Feb  2 22:32 cpu_timing.txt
drwxr-xr-x 2 cms415 gplcms      4096 Feb  2 18:58 doc
-rw------- 1 cms415 gplcms     27374 Feb  2 22:32 executable.out
drwxr-xr-x 2 cms415 gplcms      4096 Feb  2 18:58 include
drwx------ 3 cms415 gplcms      4096 Oct  7 10:12 lib
drwxr-xr-x 3 cms415 gplcms      4096 Feb  2 18:58 logs
drwxr-xr-x 3 cms415 gplcms      4096 Feb  2 18:58 objs
-rw------- 1 cms415 gplcms       104 Feb  2 18:58 pset.py
-rw------- 1 cms415 gplcms    926822 Feb  2 18:58 pset.py.pkl
-rw------- 1 cms415 gplcms       289 Feb  2 18:58 pset.pyc
drwxr-xr-x 2 cms415 gplcms      4096 Feb  2 18:58 python
-rw------- 1 cms415 gplcms       353 Feb  2 22:32 report.log
drwxr-xr-x 2 cms415 gplcms      4096 Feb  2 18:58 src
-rw------- 1 cms415 gplcms 254970514 Feb  2 22:32 step2_20_1_6bh.root
drwxr-xr-x 3 cms415 gplcms      4096 Feb  2 18:58 test
drwxr-xr-x 3 cms415 gplcms      4096 Feb  2 18:58 tmp
>>> current directory (RUNTIME_AREA):  /scratch/condor/dir_18448/glide_UCKrwN/execute/dir_30486
PNN = T2_UK_SGrid_RALPP
SE = heplnx204.pp.rl.ac.uk
SE_PATH = /srm/managerv2?SFN=/pnfs/pp.rl.ac.uk/data/cms/store/user/dcieri/ttbar_PU140_DIGI/dcieri/ttbar/ttbar_PU140_DIGI/3c0380cf82de79bc39966c93934c61fc/
LFNBaseName = /store/user/dcieri/ttbar_PU140_DIGI/dcieri/ttbar/ttbar_PU140_DIGI/3c0380cf82de79bc39966c93934c61fc/
USER = dcieri
endpoint = srm://heplnx204.pp.rl.ac.uk:8443/srm/managerv2?SFN=/pnfs/pp.rl.ac.uk/data/cms/store/user/dcieri/ttbar_PU140_DIGI/dcieri/ttbar/ttbar_PU140_DIGI/3c0380cf82de79bc39966c93934c61fc/
>>> Copy output files from WN = heplnc221.pp.rl.ac.uk to /srm/managerv2?SFN=/pnfs/pp.rl.ac.uk/data/cms/store/user/dcieri/ttbar_PU140_DIGI/dcieri/ttbar/ttbar_PU140_DIGI/3c0380cf82de79bc39966c93934c61fc/ :
python cmscp.py  --destination srm://heplnx204.pp.rl.ac.uk:8443/srm/managerv2?SFN=/pnfs/pp.rl.ac.uk/data/cms/store/user/dcieri/ttbar_PU140_DIGI/dcieri/ttbar/ttbar_PU140_DIGI/3c0380cf82de79bc39966c93934c61fc/ --inputFileList /scratch/condor/dir_18448/glide_UCKrwN/execute/dir_30486/CMSSW_6_2_0_SLHC12/step2_20_1_6bh.root --middleware LCG --PNN T2_UK_SGrid_RALPP --se_name heplnx204.pp.rl.ac.uk --for_lfn /store/user/dcieri/ttbar_PU140_DIGI/dcieri/ttbar/ttbar_PU140_DIGI/3c0380cf82de79bc39966c93934c61fc/    
******************************************************
localSeName  =  heplnx204.pp.rl.ac.uk
remoteSeName =  heplnx204.pp.rl.ac.uk
******************************************************
{"/scratch/condor/dir_18448/glide_UCKrwN/execute/dir_30486/CMSSW_6_2_0_SLHC12/step2_20_1_6bh.root": {"endpoint": "srm://heplnx204.pp.rl.ac.uk:8443/srm/managerv2?SFN=/pnfs/pp.rl.ac.uk/data/cms/store/user/dcieri/ttbar_PU140_DIGI/dcieri/ttbar/ttbar_PU140_DIGI/3c0380cf82de79bc39966c93934c61fc/", "surl_for_grid": "", "reason": "Copy succedeed with srm-lcg utils", "erCode": "0", "PNN": "T2_UK_SGrid_RALPP", "se_name": "heplnx204.pp.rl.ac.uk", "for_lfn": "/store/user/dcieri/ttbar_PU140_DIGI/dcieri/ttbar/ttbar_PU140_DIGI/3c0380cf82de79bc39966c93934c61fc/"}}/scratch/condor/dir_18448/glide_UCKrwN/execute/dir_30486
-------- cat /scratch/condor/dir_18448/glide_UCKrwN/execute/dir_30486/cmscpReport.sh 
#!/bin/bash
echo "Report for File: /scratch/condor/dir_18448/glide_UCKrwN/execute/dir_30486/CMSSW_6_2_0_SLHC12/step2_20_1_6bh.root"
echo "LFN: /store/user/dcieri/ttbar_PU140_DIGI/dcieri/ttbar/ttbar_PU140_DIGI/3c0380cf82de79bc39966c93934c61fc/step2_20_1_6bh.root"
echo "StorageElement: heplnx204.pp.rl.ac.uk"
echo "StageOutExitStatusReason = 'Copy succedeed with srm-lcg utils'" | tee -a $RUNTIME_AREA/$repo
echo "StageOutSE = heplnx204.pp.rl.ac.uk" >> $RUNTIME_AREA/$repo

export StageOutExitStatus=0
echo "StageOutExitStatus = 0" | tee -a $RUNTIME_AREA/$repo
-------- end of /scratch/condor/dir_18448/glide_UCKrwN/execute/dir_30486/cmscpReport.sh 
Report for File: /scratch/condor/dir_18448/glide_UCKrwN/execute/dir_30486/CMSSW_6_2_0_SLHC12/step2_20_1_6bh.root
LFN: /store/user/dcieri/ttbar_PU140_DIGI/dcieri/ttbar/ttbar_PU140_DIGI/3c0380cf82de79bc39966c93934c61fc/step2_20_1_6bh.root
StorageElement: heplnx204.pp.rl.ac.uk
StageOutExitStatusReason = 'Copy succedeed with srm-lcg utils'
StageOutExitStatus = 0
>>> current dir: /scratch/condor/dir_18448/glide_UCKrwN/execute/dir_30486
>>> current dir content:
total 8824
-rw-------  1 cms415 gplcms    2983 Feb  2 22:33 .SEinteraction.log
-rwx------  1 cms415 gplcms      53 Feb  2 18:56 .chirp_config
-rwx------  1 cms415 gplcms    7828 Feb  2 18:56 .job.ad
-rwx------  1 cms415 gplcms    9765 Feb  2 18:56 .machine.ad
-rw-------  1 cms415 gplcms     105 Feb  2 12:16 CMSSW.py
-rw-------  1 cms415 gplcms  915837 Feb  2 12:16 CMSSW.py.pkl
-rwx------  1 cms415 gplcms   29498 Feb  2 18:58 CMSSW.sh
drwxr-xr-x 15 cms415 gplcms    4096 Feb  2 22:32 CMSSW_6_2_0_SLHC12
-rw-------  1 cms415 gplcms     190 Feb  2 18:58 CacheEnv.sh
-rw-------  1 cms415 gplcms    7291 Nov 19 14:52 DashboardAPI.py
-rw-------  1 cms415 gplcms    6470 Feb  2 18:58 DashboardAPI.pyc
drwx------  2 cms415 gplcms    4096 Feb  2 22:32 IMProv
-rw-------  1 cms415 gplcms    2748 Nov 19 14:52 Logger.py
-rw-------  1 cms415 gplcms    3232 Feb  2 18:58 Logger.pyc
-rw-------  1 cms415 gplcms   24524 Nov 19 14:52 ProcInfo.py
-rw-------  1 cms415 gplcms   22645 Feb  2 18:58 ProcInfo.pyc
drwx------  7 cms415 gplcms    4096 Feb  2 18:58 ProdCommon
drwx------  3 cms415 gplcms    4096 Feb  2 18:58 WMCore
-rw-------  1 cms415 gplcms    6969 Feb  2 22:32 Watchdog_20.log
-rwx------  1 cms415 gplcms       0 Feb  2 18:58 _condor_stderr
-rwx---r--  1 cms415 gplcms   42126 Feb  2 22:33 _condor_stdout
-rw-------  1 cms415 gplcms   32895 Nov 19 14:52 apmon.py
-rw-------  1 cms415 gplcms   27958 Feb  2 18:58 apmon.pyc
-rwx------  1 cms415 gplcms  134309 Feb  2 18:58 arguments.xml
-rwx------  1 cms415 gplcms   38581 Nov 19 14:52 cmscp.py
-rw-------  1 cms415 gplcms     560 Feb  2 22:33 cmscpReport.sh
-rwx------  1 cms415 gplcms   29498 Feb  2 18:58 condor_exec.exe
-rw-------  1 cms415 gplcms     544 Feb  2 12:16 crab.cfg
-rwx------  1 cms415 gplcms    8610 Nov 19 14:52 crabWatchdog.sh
-rwx---r--  1 cms415 gplcms  112094 Feb  2 22:32 crab_fjr_20.xml
-rwx------  1 cms415 gplcms 7390485 Feb  2 18:58 default.tgz
-rwx------  1 cms415 gplcms    4488 Nov 19 14:52 fillCrabFjr.py
-rw-------  1 cms415 gplcms     225 Feb  2 18:58 inputsReport.txt
-rw-------  1 cms415 gplcms     243 Feb  2 22:33 jobreport.txt
-rw-------  1 cms415 gplcms   17352 Nov 19 14:52 parseCrabFjr.py
-rw-------  1 cms415 gplcms     321 Feb  2 18:58 report.log
-rwx--x--x  1 cms415 gplcms    1497 Nov 19 14:52 report.py
-rw-------  1 cms415 gplcms     554 Feb  2 22:33 resultCopyFile
lrwxrwxrwx  1 cms415 gplcms      95 Feb  2 22:32 step2.root -> /scratch/condor/dir_18448/glide_UCKrwN/execute/dir_30486/CMSSW_6_2_0_SLHC12/step2_20_1_6bh.root
-rwx------  1 cms415 gplcms    8351 Nov 19 14:52 writeCfg.py
-rw-------  1 cms415 gplcms   10293 Feb  2 18:56 x509up_u62281
>>> Modify Job Report:
CMSSW_VERSION = CMSSW_6_2_0_SLHC12
ProcessedDataset = ttbar_PU140_DIGI
/scratch/condor/dir_18448/glide_UCKrwN/execute/dir_30486/ProdCommon/FwkJobRep/ModifyJobReport.py fjr /scratch/condor/dir_18448/glide_UCKrwN/execute/dir_30486/crab_fjr_20.xml json /scratch/condor/dir_18448/glide_UCKrwN/execute/dir_30486/resultCopyFile n_job 20_1_6bh PrimaryDataset ttbar  ApplicationFamily cmsRun ApplicationName cmsRun cmssw_version CMSSW_6_2_0_SLHC12 psethash 3c0380cf82de79bc39966c93934c61fc UserProcessedDataset dcieri-ttbar_PU140_DIGI-3c0380cf82de79bc39966c93934c61fc
inputDict =  {u'/scratch/condor/dir_18448/glide_UCKrwN/execute/dir_30486/CMSSW_6_2_0_SLHC12/step2_20_1_6bh.root': {u'endpoint': u'srm://heplnx204.pp.rl.ac.uk:8443/srm/managerv2?SFN=/pnfs/pp.rl.ac.uk/data/cms/store/user/dcieri/ttbar_PU140_DIGI/dcieri/ttbar/ttbar_PU140_DIGI/3c0380cf82de79bc39966c93934c61fc/', u'surl_for_grid': u'', u'reason': u'Copy succedeed with srm-lcg utils', u'erCode': u'0', u'PNN': u'T2_UK_SGrid_RALPP', u'se_name': u'heplnx204.pp.rl.ac.uk', u'for_lfn': u'/store/user/dcieri/ttbar_PU140_DIGI/dcieri/ttbar/ttbar_PU140_DIGI/3c0380cf82de79bc39966c93934c61fc/'}}
UserProcessedDataset =  dcieri-ttbar_PU140_DIGI-3c0380cf82de79bc39966c93934c61fc
WORKING ON EDM FILE
file_name in inputDict =  /scratch/condor/dir_18448/glide_UCKrwN/execute/dir_30486/CMSSW_6_2_0_SLHC12/step2_20_1_6bh.root
(size) os.stat(filename)[6] =  254970514
checksum =  512719141
    file =  step2_20_1_6bh.root
    newPfn =  srm://heplnx204.pp.rl.ac.uk:8443/srm/managerv2?SFN=/pnfs/pp.rl.ac.uk/data/cms/store/user/dcieri/ttbar_PU140_DIGI/dcieri/ttbar/ttbar_PU140_DIGI/3c0380cf82de79bc39966c93934c61fc/step2_20_1_6bh.root
    newLfn =  /store/user/dcieri/ttbar_PU140_DIGI/dcieri/ttbar/ttbar_PU140_DIGI/3c0380cf82de79bc39966c93934c61fc/step2_20_1_6bh.root
>>> crab_fjr_*.xml  permission set to 0704
CrabWrapper EXIT_FUNC entered at Mon Feb  2 22:33:18 GMT 2015   -  Mon Feb  2 22:33:18 UTC 2015
Checking output files:  
will tar file crab_fjr_20.xml in  out_files_20
WARNING: output file CMSSW_20.stdout not found!
WARNING: output file CMSSW_20.stderr not found!
WARNING: output file Watchdog_20.log.gz not found!
>>> padding time: Wrapper lasting more than 600 seconds. No sleep required.
STOPPING WATCHDOG. CrabWatchdog PID is 31743
********** LAST 50 LINES OF WATCHDOG LOG
# TIME			PID	RSS(KB)	VSZ(KB)	Dsk(MB)	tCPU(s)	tWALL(s)	COMMAND
 Feb 02 18:58:17 GMT	31559	1788	22496	0	0	0	/bin/sh /scratch/condor/dir_18448/glide_UCKrwN/execute/dir_30486/condor_exec.exe 20 1       
 Feb 02 18:58:17 GMT	31753	33548	102936	0	0	0	edmConfigHash pset.py         
 Feb 02 18:58:17 GMT	---	33548	102936	36	----	----	----
 Feb 02 18:59:17 GMT	31880	574860	901132	36	49	60	cmsRun -j /scratch/condor/dir_18448/glide_UCKrwN/execute/dir_30486/crab_fjr_20.xml -p pset.py      
 Feb 02 18:59:17 GMT	---	574860	901132	50	----	----	----
 Feb 02 19:00:18 GMT	31880	790592	1163624	50	56	121	cmsRun -j /scratch/condor/dir_18448/glide_UCKrwN/execute/dir_30486/crab_fjr_20.xml -p pset.py      
 Feb 02 19:01:18 GMT	31880	806456	1182824	50	57	181	cmsRun -j /scratch/condor/dir_18448/glide_UCKrwN/execute/dir_30486/crab_fjr_20.xml -p pset.py      
 Feb 02 19:02:18 GMT	31880	806456	1183336	50	59	241	cmsRun -j /scratch/condor/dir_18448/glide_UCKrwN/execute/dir_30486/crab_fjr_20.xml -p pset.py      
 Feb 02 19:03:18 GMT	31880	816364	1200744	50	61	301	cmsRun -j /scratch/condor/dir_18448/glide_UCKrwN/execute/dir_30486/crab_fjr_20.xml -p pset.py      
 Feb 02 19:04:18 GMT	31880	824012	1209960	50	64	361	cmsRun -j /scratch/condor/dir_18448/glide_UCKrwN/execute/dir_30486/crab_fjr_20.xml -p pset.py      
 Feb 02 19:05:18 GMT	31880	827124	1214824	50	66	422	cmsRun -j /scratch/condor/dir_18448/glide_UCKrwN/execute/dir_30486/crab_fjr_20.xml -p pset.py      
 Feb 02 19:06:19 GMT	31880	829816	1219176	50	69	482	cmsRun -j /scratch/condor/dir_18448/glide_UCKrwN/execute/dir_30486/crab_fjr_20.xml -p pset.py      
 Feb 02 19:07:19 GMT	31880	830680	1220456	50	71	542	cmsRun -j /scratch/condor/dir_18448/glide_UCKrwN/execute/dir_30486/crab_fjr_20.xml -p pset.py      
 Feb 02 19:08:19 GMT	31880	831472	1221480	50	74	602	cmsRun -j /scratch/condor/dir_18448/glide_UCKrwN/execute/dir_30486/crab_fjr_20.xml -p pset.py      
 Feb 02 19:11:19 GMT	31880	835744	1230444	50	80	783	cmsRun -j /scratch/condor/dir_18448/glide_UCKrwN/execute/dir_30486/crab_fjr_20.xml -p pset.py      
 Feb 02 19:12:20 GMT	31880	839076	1235820	50	83	843	cmsRun -j /scratch/condor/dir_18448/glide_UCKrwN/execute/dir_30486/crab_fjr_20.xml -p pset.py      
 Feb 02 19:13:20 GMT	31880	842096	1236332	50	86	903	cmsRun -j /scratch/condor/dir_18448/glide_UCKrwN/execute/dir_30486/crab_fjr_20.xml -p pset.py      
 Feb 02 19:14:20 GMT	31880	850000	1244012	50	89	963	cmsRun -j /scratch/condor/dir_18448/glide_UCKrwN/execute/dir_30486/crab_fjr_20.xml -p pset.py      
 Feb 02 19:15:20 GMT	31880	854516	1245292	50	93	1023	cmsRun -j /scratch/condor/dir_18448/glide_UCKrwN/execute/dir_30486/crab_fjr_20.xml -p pset.py      
 Feb 02 19:16:20 GMT	31880	876124	1268332	50	98	1084	cmsRun -j /scratch/condor/dir_18448/glide_UCKrwN/execute/dir_30486/crab_fjr_20.xml -p pset.py      
 Feb 02 19:17:22 GMT	31880	986488	1375852	50	111	1145	cmsRun -j /scratch/condor/dir_18448/glide_UCKrwN/execute/dir_30486/crab_fjr_20.xml -p pset.py      
 Feb 02 19:18:22 GMT	31880	1024092	1411692	50	118	1205	cmsRun -j /scratch/condor/dir_18448/glide_UCKrwN/execute/dir_30486/crab_fjr_20.xml -p pset.py      
 Feb 02 19:21:22 GMT	31880	1026016	1414508	50	121	1385	cmsRun -j /scratch/condor/dir_18448/glide_UCKrwN/execute/dir_30486/crab_fjr_20.xml -p pset.py      
 Feb 02 19:22:23 GMT	31880	1028928	1417068	50	123	1446	cmsRun -j /scratch/condor/dir_18448/glide_UCKrwN/execute/dir_30486/crab_fjr_20.xml -p pset.py      
 Feb 02 19:23:23 GMT	31880	1033516	1420652	50	125	1506	cmsRun -j /scratch/condor/dir_18448/glide_UCKrwN/execute/dir_30486/crab_fjr_20.xml -p pset.py      
 Feb 02 19:24:23 GMT	31880	1430856	1835008	50	154	1566	cmsRun -j /scratch/condor/dir_18448/glide_UCKrwN/execute/dir_30486/crab_fjr_20.xml -p pset.py      
 Feb 02 19:24:23 GMT	---	1430856	1835008	63	----	----	----
 Feb 02 19:25:23 GMT	---	1430856	1835008	74	----	----	----
 Feb 02 19:56:31 GMT	---	1430856	1835008	97	----	----	----
 Feb 02 20:22:37 GMT	31880	1430856	1912588	97	328	5060	cmsRun -j /scratch/condor/dir_18448/glide_UCKrwN/execute/dir_30486/crab_fjr_20.xml -p pset.py      
 Feb 02 20:22:37 GMT	---	1430856	1912588	110	----	----	----
 Feb 02 20:23:37 GMT	---	1430856	1912588	120	----	----	----
 Feb 02 20:42:42 GMT	---	1430856	1912588	144	----	----	----
 Feb 02 21:13:50 GMT	---	1430856	1912588	168	----	----	----
 Feb 02 21:34:54 GMT	---	1430856	1912588	189	----	----	----
 Feb 02 21:55:01 GMT	---	1430856	1912588	212	----	----	----
 Feb 02 22:06:04 GMT	31880	1430856	1923596	212	733	11267	cmsRun -j /scratch/condor/dir_18448/glide_UCKrwN/execute/dir_30486/crab_fjr_20.xml -p pset.py      
 Feb 02 22:07:04 GMT	31880	1443440	1928972	212	742	11327	cmsRun -j /scratch/condor/dir_18448/glide_UCKrwN/execute/dir_30486/crab_fjr_20.xml -p pset.py      
 Feb 02 22:08:04 GMT	---	1443440	1928972	237	----	----	----
 Feb 02 22:11:06 GMT	31880	1443440	1941260	237	771	11570	cmsRun -j /scratch/condor/dir_18448/glide_UCKrwN/execute/dir_30486/crab_fjr_20.xml -p pset.py      
 Feb 02 22:13:07 GMT	31880	1443440	1944076	237	777	11690	cmsRun -j /scratch/condor/dir_18448/glide_UCKrwN/execute/dir_30486/crab_fjr_20.xml -p pset.py      
 Feb 02 22:17:08 GMT	31880	1443440	1945612	237	794	11931	cmsRun -j /scratch/condor/dir_18448/glide_UCKrwN/execute/dir_30486/crab_fjr_20.xml -p pset.py      
 Feb 02 22:18:08 GMT	31880	1443440	1960460	237	811	11991	cmsRun -j /scratch/condor/dir_18448/glide_UCKrwN/execute/dir_30486/crab_fjr_20.xml -p pset.py      
 Feb 02 22:20:08 GMT	---	1443440	1960460	257	----	----	----
 Feb 02 22:28:10 GMT	31880	1443440	1961228	257	881	12593	cmsRun -j /scratch/condor/dir_18448/glide_UCKrwN/execute/dir_30486/crab_fjr_20.xml -p pset.py      
 Feb 02 22:29:10 GMT	31880	1443440	1967116	257	888	12653	cmsRun -j /scratch/condor/dir_18448/glide_UCKrwN/execute/dir_30486/crab_fjr_20.xml -p pset.py      
 Feb 02 22:30:11 GMT	31880	1443440	1983756	257	905	12714	cmsRun -j /scratch/condor/dir_18448/glide_UCKrwN/execute/dir_30486/crab_fjr_20.xml -p pset.py      
 Feb 02 22:31:11 GMT	31880	1443440	1989132	257	911	12774	cmsRun -j /scratch/condor/dir_18448/glide_UCKrwN/execute/dir_30486/crab_fjr_20.xml -p pset.py      
 Feb 02 22:32:11 GMT	31880	1536028	2075148	257	924	12834	cmsRun -j /scratch/condor/dir_18448/glide_UCKrwN/execute/dir_30486/crab_fjr_20.xml -p pset.py      
********** WATCHDOG LOG ENDED
ZIPPING WATCHDOG LOG
Disk space used:
du -sh /scratch/condor/dir_18448/glide_UCKrwN/execute/dir_30486
281M	/scratch/condor/dir_18448/glide_UCKrwN/execute/dir_30486
Found unusual stdout, rename for OSB
`/scratch/condor/dir_18448/glide_UCKrwN/execute/dir_30486/_condor_stdout' -> `CMSSW_20.stdout'
Found unusual stderr, rename for OSB
`/scratch/condor/dir_18448/glide_UCKrwN/execute/dir_30486/_condor_stdout' -> `CMSSW_20.stderr'
crab_fjr_20.xml
CMSSW_20.stdout
CMSSW_20.stderr
Watchdog_20.log.gz
Total Output dimension: 24467
WARNING: output files size limit is set to: 50000000
Total Output dimension 24467 is fine.
JOB_EXIT_STATUS = 0
>>> info for dashboard:
***** Cat /scratch/condor/dir_18448/glide_UCKrwN/execute/dir_30486/jobreport.txt *****
MonitorJobID=20_https://submit-6.t2.ucsd.edu//150202//509447.19
MonitorID=dcieri_PU140_4dm08r
ExeTime=12844
ExeExitCode=0
StageOutExitStatusReason = 'Copy succedeed with srm-lcg utils'
StageOutSE = heplnx204.pp.rl.ac.uk
StageOutExitStatus = 0
CrabUserCpuTime=899.24
CrabSysCpuTime=38.77
CrabCpuPercentage=7%
CrabWrapperTime=12905
CrabStageoutTime=49
JobExitCode=0
***** End Cat jobreport *****
Parameters sent to Dashboard.
EXITING at Mon Feb  2 22:34:26 GMT 2015  -  Mon Feb  2 22:34:26 UTC 2015
