This script was generated by crab (version 2.11.1_patch1).
Running /scratch/condor/dir_12071/glide_luqKl8/execute/dir_27418/condor_exec.exe with 2 positional parameters: 409 1
Today is Mon Feb  2 20:49:41 GMT 2015 - Mon Feb  2 20:49:41 UTC 2015
Job submitted on host heplnc308.pp.rl.ac.uk
Linux heplnc308.pp.rl.ac.uk 2.6.32-504.3.3.el6.x86_64 #1 SMP Tue Dec 16 14:29:22 CST 2014 x86_64 x86_64 x86_64 GNU/Linux
Distributor ID:	Scientific
Description:	Scientific Linux release 6.6 (Carbon)
>>> current directory (RUNTIME_AREA): /scratch/condor/dir_12071/glide_luqKl8/execute/dir_27418
>>> current user: uid=157415(cms415) gid=157000(gplcms) groups=157000(gplcms)
>>> directory permission set to 0700
>>> umask set to:  u=rwx,g=,o=
>>> stdout stderr permission set to 0704
>>> voms proxy information:
subject   : /DC=ch/DC=cern/OU=Organic Units/OU=Users/CN=dcieri/CN=755391/CN=Davide Cieri/CN=769881070/CN=1543056094
issuer    : /DC=ch/DC=cern/OU=Organic Units/OU=Users/CN=dcieri/CN=755391/CN=Davide Cieri/CN=769881070
identity  : /DC=ch/DC=cern/OU=Organic Units/OU=Users/CN=dcieri/CN=755391/CN=Davide Cieri
type      : RFC3820 compliant limited proxy
strength  : 1024
path      : /scratch/condor/dir_12071/glide_luqKl8/execute/dir_27418/x509up_u62281
timeleft  : 23:58:29
key usage : Digital Signature, Key Encipherment
=== VO cms extension information ===
VO        : cms
subject   : /DC=ch/DC=cern/OU=Organic Units/OU=Users/CN=dcieri/CN=755391/CN=Davide Cieri
issuer    : /DC=ch/DC=cern/OU=computers/CN=lcg-voms2.cern.ch
attribute : /cms/Role=NULL/Capability=NULL
timeleft  : 183:26:43
uri       : lcg-voms2.cern.ch:15002

WNHostName=heplnc308.pp.rl.ac.uk
$_CONDOR_JOB_AD =/scratch/condor/dir_12071/glide_luqKl8/execute/dir_27418/.job.ad
OverflowFlag=0
>>> tar --no-same-permissions -xf /scratch/condor/dir_12071/glide_luqKl8/execute/dir_27418/default.tgz :
Successful untar
>>> Include /scratch/condor/dir_12071/glide_luqKl8/execute/dir_27418 in PYTHONPATH:
strip arguments
env var CRAB_UNIQUE_JOB_ID set to: dcieri_PU140_4dm08r_409_1_nSh
out_files_409
>>> list of expected files on output sandbox
output files: crab_fjr_409.xml CMSSW_409.stdout CMSSW_409.stderr Watchdog_409.log.gz
>>> GridFlavour discovery: 
GridFlavour=LCG
>>> SyncSite discovery: 
SyncSite=T2_UK_SGrid_RALPP
>>> SyncCE discovery: 
getting SyncCE from GLIDEIN_Gaekeeper
SyncCE=heplnv147.pp.rl.ac.uk
>>> info for dashboard:
***** Cat /scratch/condor/dir_12071/glide_luqKl8/execute/dir_27418/jobreport.txt *****
WNHostName=heplnc308.pp.rl.ac.uk
OverflowFlag=0
MonitorJobID=409_https://submit-6.t2.ucsd.edu//150202//509448.8
SyncGridJobId=https://submit-6.t2.ucsd.edu//150202//509448.8
MonitorID=dcieri_PU140_4dm08r
GridFlavour=LCG
SyncSite=T2_UK_SGrid_RALPP
SyncCE=heplnv147.pp.rl.ac.uk
***** End Cat jobreport *****
Parameters sent to Dashboard.
>>> setup environment
set SCRAM ARCH to slc6_amd64_gcc472
SCRAM_ARCH = slc6_amd64_gcc472
>>> setup CMS LCG environment:
set SCRAM ARCH and BUILD_ARCH to slc6_amd64_gcc472 ###
Sourcing environment... 
sourcing /cvmfs/cms.cern.ch/cmsset_default.sh
==> setup cms environment ok
>>> specific cmssw setup environment:
CMSSW_VERSION =  CMSSW_6_2_0_SLHC12
WARNING: In non-interactive mode release checks e.g. deprecated releases, production architectures are disabled.
>>> current directory (SOFTWARE_DIR): /scratch/condor/dir_12071/glide_luqKl8/execute/dir_27418/CMSSW_6_2_0_SLHC12
PreserveSeeds: <>
IncrementSeeds:<>
>>> info for dashboard:
***** Cat /scratch/condor/dir_12071/glide_luqKl8/execute/dir_27418/jobreport.txt *****
MonitorJobID=409_https://submit-6.t2.ucsd.edu//150202//509448.8
MonitorID=dcieri_PU140_4dm08r
***** End Cat jobreport *****
Parameters sent to Dashboard.
crabWatchdog started as process 28475
>>> moving CMSSW software directories in /scratch/condor/dir_12071/glide_luqKl8/execute/dir_27418/CMSSW_6_2_0_SLHC12
mv: cannot stat `/scratch/condor/dir_12071/glide_luqKl8/execute/dir_27418/module/': No such file or directory
>>> Include /scratch/condor/dir_12071/glide_luqKl8/execute/dir_27418 in PYTHONPATH:
PYTHONPATH=/scratch/condor/dir_12071/glide_luqKl8/execute/dir_27418/:/scratch/condor/dir_12071/glide_luqKl8/execute/dir_27418/CMSSW_6_2_0_SLHC12/python:/scratch/condor/dir_12071/glide_luqKl8/execute/dir_27418/CMSSW_6_2_0_SLHC12/lib/slc6_amd64_gcc472:/cvmfs/cms.cern.ch/slc6_amd64_gcc472/cms/cmssw/CMSSW_6_2_0_SLHC12/python:/cvmfs/cms.cern.ch/slc6_amd64_gcc472/cms/cmssw/CMSSW_6_2_0_SLHC12/lib/slc6_amd64_gcc472:/cvmfs/cms.cern.ch/slc6_amd64_gcc472/cms/coral/CORAL_2_3_21-cms35/slc6_amd64_gcc472/python:/cvmfs/cms.cern.ch/slc6_amd64_gcc472/cms/coral/CORAL_2_3_21-cms35/slc6_amd64_gcc472/lib:/cvmfs/cms.cern.ch/slc6_amd64_gcc472/external/python-ldap/2.3.5-cms5/lib/python2.7/site-packages:/cvmfs/cms.cern.ch/slc6_amd64_gcc472/external/pyqt/4.8.1-cms5/lib/python2.7/site-packages:/cvmfs/cms.cern.ch/slc6_amd64_gcc472/external/py2-scipy/0.8.0-cms7/lib/python2.7/site-packages:/cvmfs/cms.cern.ch/slc6_amd64_gcc472/external/py2-matplotlib/1.0.1-cms7/lib/python2.7/site-packages:/cvmfs/cms.cern.ch/slc6_amd64_gcc472/external/sip/4.11.2-cms5/lib/python2.7/site-packages:/cvmfs/cms.cern.ch/slc6_amd64_gcc472/external/py2-pycurl/7.19.0-cms7/lib/python2.7/site-packages:/cvmfs/cms.cern.ch/slc6_amd64_gcc472/external/py2-numpy/1.6.1-cms7/lib/python2.7/site-packages:/cvmfs/cms.cern.ch/slc6_amd64_gcc472/external/py2-lint/0.25.1-cms5/lib/python2.7/site-packages:/cvmfs/cms.cern.ch/slc6_amd64_gcc472/external/py2-ipython/0.10-cms5/lib/python2.7/site-packages:/cvmfs/cms.cern.ch/slc6_amd64_gcc472/external/py2-cx-oracle/5.1-cms5/lib/python2.7/site-packages:/cvmfs/cms.cern.ch/slc6_amd64_gcc472/external/py2-cjson/1.0.5-cms5/lib/python2.7/site-packages:/cvmfs/cms.cern.ch/slc6_amd64_gcc472/cms/das-client/1.11.7/bin:/cvmfs/cms.cern.ch/slc6_amd64_gcc472/external/elementtree/1.2.6-cms5/share/lib/python2.7/site-packages:/cvmfs/cms.cern.ch/slc6_amd64_gcc472/external/rivet/1.8.2-cms9/lib/python2.7/site-packages:/cvmfs/cms.cern.ch/slc6_amd64_gcc472/external/pyminuit2/0.0.1-cms19/lib/python2.7/site-packages:/cvmfs/cms.cern.ch/slc6_amd64_gcc472/external/py2-pygithub/1.23.0-cms2/lib/python2.7/site-packages:/cvmfs/cms.cern.ch/slc6_amd64_gcc472/external/professor/1.0.0-cms19/lib/python2.7/site-packages:/cvmfs/cms.cern.ch/slc6_amd64_gcc472/lcg/root/5.34.07-cms/lib:/cvmfs/cms.cern.ch/slc6_amd64_gcc472/cms/dbs-client/DBS_2_1_9-cms5/lib:/cvmfs/cms.cern.ch/slc6_amd64_gcc472/cms/dbs-client/DBS_2_1_9-cms5/lib/DBSAPI:/cvmfs/cms.cern.ch/slc6_amd64_gcc472/external/cvs2git/5419-cms/lib:/scratch/condor/dir_12071/glide_luqKl8/execute/dir_27418/
 
# LIMITS USED BY CRAB WATCHDOG:
# RSS  (KBytes)   : 2300000
# VSZ  (KBytes)   : 100000000
# DISK (MBytes)   : 19000
# CPU TIME        : 720h:0m:0s
# WALL CLOCK TIME : 21h:50m:0s
 
3c0380cf82de79bc39966c93934c61fc
PSETHASH = 3c0380cf82de79bc39966c93934c61fc
/scratch/condor/dir_12071/glide_luqKl8/execute/dir_27418/writeCfg.py pset.py pset.py
Importing .py file
Setting parameters
RandomNumberGeneratorService found, will attempt to change seeds
inputBlocks=/ttbar/dcieri-ttbar_SIM-130075366148575c102f0d64fd3ac8f7/USER#42cb1519-7f11-43e2-ab9a-a013bd5404ac
inputFiles=/store/user/dcieri/ttbar_SIM/ttbar/ttbar_SIM/150129_145223/0000/step1_232.root
parentFiles=
lumisRange=
>>> Executable cmsRun
/cvmfs/cms.cern.ch/slc6_amd64_gcc472/cms/cmssw/CMSSW_6_2_0_SLHC12/bin/slc6_amd64_gcc472/cmsRun
ok executable found
>>> info for dashboard:
***** Cat /scratch/condor/dir_12071/glide_luqKl8/execute/dir_27418/jobreport.txt *****
MonitorJobID=409_https://submit-6.t2.ucsd.edu//150202//509448.8
MonitorID=dcieri_PU140_4dm08r
ExeStart=cmsRun
***** End Cat jobreport *****
Parameters sent to Dashboard.
>>> cmsRun started at Mon Feb  2 20:49:49 UTC 2015
>>> cmsRun ended at Mon Feb  2 23:08:16 UTC 2015
>>> crab_fjr_*.xml  permission set to 0704
>>> info for dashboard:
***** Cat /scratch/condor/dir_12071/glide_luqKl8/execute/dir_27418/jobreport.txt *****
MonitorJobID=409_https://submit-6.t2.ucsd.edu//150202//509448.8
MonitorID=dcieri_PU140_4dm08r
ExeEnd=cmsRun
***** End Cat jobreport *****
Parameters sent to Dashboard.
TIME_EXE = 8307 sec
>>> cmsRun wrote 213 lines of stdout+stderr
>>> START OF printout of 213 lines from stdout+stderr
271 DQMStore::DQMStore 
HcalTopologyIdealEP::HcalTopologyIdealEP
02-Feb-2015 20:49:59 GMT  Initiating request to open file root://dcap.pp.rl.ac.uk:1094/pnfs/pp.rl.ac.uk/data/cms/store/user/dcieri/ttbar_SIM/ttbar/ttbar_SIM/150129_145223/0000/step1_232.root
02-Feb-2015 20:50:01 GMT  Successfully opened file root://dcap.pp.rl.ac.uk:1094/pnfs/pp.rl.ac.uk/data/cms/store/user/dcieri/ttbar_SIM/ttbar/ttbar_SIM/150129_145223/0000/step1_232.root
02-Feb-2015 20:50:02 GMT  Initiating request to open file root://xrootd.unl.edu//store/group/dpg_trigger/comm_trigger/L1TrackTrigger/620_SLHC10/Extended2023TTI/MinBias/MinBias_TuneZ2star_GEN_SIM_1.root
02-Feb-2015 20:50:03 GMT  Successfully opened file root://xrootd.unl.edu//store/group/dpg_trigger/comm_trigger/L1TrackTrigger/620_SLHC10/Extended2023TTI/MinBias/MinBias_TuneZ2star_GEN_SIM_1.root
disableME1a = 0
HcalTopologyIdealEP::produce(const IdealGeometryRecord& iRecord)
mode = 2, maxDepthHB = 3, maxDepthHE = 5
RPCGeometryESModule :: produce
RPCGeometryESModule :: produce :: 1/4 Get Muon Ideal Geometry Record
RPCGeometryESModule :: produce :: 2/4 Get Muon DDD Constants
RPCGeometryESModule :: produce :: 3/4 Get Muon Numbering Record
in MuonNumberingInitialization::initializeMuonDDDConstants
about to make my new muonDDDConst_
in MuonNumberingInitialization::produce
RPCGeometryESModule :: produce :: 4/4 Build
Found:

	Barrel Stack layer 5 : 1008 stacks
	Barrel Stack layer 6 : 1320 stacks
	Barrel Stack layer 7 : 1836 stacks
	Barrel Stack layer 8 : 1152 stacks
	Barrel Stack layer 9 : 1488 stacks
	Barrel Stack layer 10 : 1824 stacks

	Endcap Stack disk 11 : 1360 stacks
	Endcap Stack disk 12 : 1360 stacks
	Endcap Stack disk 13 : 1360 stacks
	Endcap Stack disk 14 : 1360 stacks
	Endcap Stack disk 15 : 1360 stacks
Created 15428 stacks in 29 s

TTClusterBuilder< edm::Ref<edm::DetSetVector<PixelDigi>, PixelDigi, edm::refhelper::FindForDetSetVector<PixelDigi> > > loaded modules:
	TTClusterAlgorithm:	TTClusterAlgorithm_2d2013< edm::Ref<edm::DetSetVector<PixelDigi>, PixelDigi, edm::refhelper::FindForDetSetVector<PixelDigi> > >


TTStubBuilder< edm::Ref<edm::DetSetVector<PixelDigi>, PixelDigi, edm::refhelper::FindForDetSetVector<PixelDigi> > > loaded modules:
	TTStubAlgorithm:	TTStubAlgorithm_tab2013< edm::Ref<edm::DetSetVector<PixelDigi>, PixelDigi, edm::refhelper::FindForDetSetVector<PixelDigi> > >


TTClusterAssociator< edm::Ref<edm::DetSetVector<PixelDigi>, PixelDigi, edm::refhelper::FindForDetSetVector<PixelDigi> > > loaded.


TTStubAssociator< edm::Ref<edm::DetSetVector<PixelDigi>, PixelDigi, edm::refhelper::FindForDetSetVector<PixelDigi> > > loaded.


TTTrackAssociator< edm::Ref<edm::DetSetVector<PixelDigi>, PixelDigi, edm::refhelper::FindForDetSetVector<PixelDigi> > > loaded.

Begin processing the 1st record. Run 1, Event 2311, LumiSection 232 at 02-Feb-2015 20:50:52.622 GMT
02-Feb-2015 20:50:59 GMT  Closed file root://xrootd.unl.edu//store/group/dpg_trigger/comm_trigger/L1TrackTrigger/620_SLHC10/Extended2023TTI/MinBias/MinBias_TuneZ2star_GEN_SIM_1.root
02-Feb-2015 20:50:59 GMT  Initiating request to open file root://xrootd.unl.edu//store/group/dpg_trigger/comm_trigger/L1TrackTrigger/620_SLHC10/Extended2023TTI/MinBias/MinBias_TuneZ2star_GEN_SIM_4.root
02-Feb-2015 20:51:29 GMT  Successfully opened file root://xrootd.unl.edu//store/group/dpg_trigger/comm_trigger/L1TrackTrigger/620_SLHC10/Extended2023TTI/MinBias/MinBias_TuneZ2star_GEN_SIM_4.root
150202 20:56:30 28632 Xrd: XrdClientMessage::ReadRaw: Failed to read header (8 bytes).
150202 20:57:00 28630 Xrd: XrdClientMessage::ReadRaw: Failed to read header (8 bytes).
02-Feb-2015 21:01:09 GMT  Closed file root://xrootd.unl.edu//store/group/dpg_trigger/comm_trigger/L1TrackTrigger/620_SLHC10/Extended2023TTI/MinBias/MinBias_TuneZ2star_GEN_SIM_4.root
02-Feb-2015 21:01:09 GMT  Initiating request to open file root://xrootd.unl.edu//store/group/dpg_trigger/comm_trigger/L1TrackTrigger/620_SLHC10/Extended2023TTI/MinBias/MinBias_TuneZ2star_GEN_SIM_179.root
150202 21:01:43 3466 Xrd: CheckErrorStatus: Server [xrootd.ba.infn.it:1094] declared: session not found(error code: 3011)
02-Feb-2015 21:01:43 GMT  Successfully opened file root://xrootd.unl.edu//store/group/dpg_trigger/comm_trigger/L1TrackTrigger/620_SLHC10/Extended2023TTI/MinBias/MinBias_TuneZ2star_GEN_SIM_179.root
150202 21:06:29 29412 Xrd: XrdClientMessage::ReadRaw: Failed to read header (8 bytes).
150202 21:07:00 3786 Xrd: XrdClientMessage::ReadRaw: Failed to read header (8 bytes).
02-Feb-2015 21:08:45 GMT  Closed file root://xrootd.unl.edu//store/group/dpg_trigger/comm_trigger/L1TrackTrigger/620_SLHC10/Extended2023TTI/MinBias/MinBias_TuneZ2star_GEN_SIM_179.root
02-Feb-2015 21:08:45 GMT  Initiating request to open file root://xrootd.unl.edu//store/group/dpg_trigger/comm_trigger/L1TrackTrigger/620_SLHC10/Extended2023TTI/MinBias/MinBias_TuneZ2star_GEN_SIM_985.root
150202 21:10:29 28618 Xrd: XrdClientMessage::ReadRaw: Failed to read header (8 bytes).
150202 21:10:30 28619 Xrd: XrdClientMessage::ReadRaw: Failed to read header (8 bytes).
150202 21:10:39 8708 Xrd: CheckErrorStatus: Server [xrootd.ba.infn.it:1094] declared: session not found(error code: 3011)
02-Feb-2015 21:10:39 GMT  Successfully opened file root://xrootd.unl.edu//store/group/dpg_trigger/comm_trigger/L1TrackTrigger/620_SLHC10/Extended2023TTI/MinBias/MinBias_TuneZ2star_GEN_SIM_985.root
150202 21:11:59 29411 Xrd: XrdClientMessage::ReadRaw: Failed to read header (8 bytes).
150202 21:13:59 3787 Xrd: XrdClientMessage::ReadRaw: Failed to read header (8 bytes).
Building the geometry service
Warning did not find digi
Warning did not find digi
Warning did not find digi
Warning did not find digi
Warning did not find digi in disks
Warning did not find digi in disks
Warning did not find digi in disks
Warning did not find digi in disks
150202 21:16:00 9897 Xrd: XrdClientMessage::ReadRaw: Failed to read header (8 bytes).
02-Feb-2015 21:26:43 GMT  Closed file root://xrootd.unl.edu//store/group/dpg_trigger/comm_trigger/L1TrackTrigger/620_SLHC10/Extended2023TTI/MinBias/MinBias_TuneZ2star_GEN_SIM_985.root
02-Feb-2015 21:26:43 GMT  Initiating request to open file root://xrootd.unl.edu//store/group/dpg_trigger/comm_trigger/L1TrackTrigger/620_SLHC10/Extended2023TTI/MinBias/MinBias_TuneZ2star_GEN_SIM_536.root
150202 21:27:14 20302 Xrd: CheckErrorStatus: Server [xrootd-redic.pi.infn.it:1094] declared: session not found(error code: 3011)
02-Feb-2015 21:27:14 GMT  Successfully opened file root://xrootd.unl.edu//store/group/dpg_trigger/comm_trigger/L1TrackTrigger/620_SLHC10/Extended2023TTI/MinBias/MinBias_TuneZ2star_GEN_SIM_536.root
150202 21:31:00 28629 Xrd: XrdClientMessage::ReadRaw: Failed to read header (8 bytes).
150202 21:31:59 9901 Xrd: XrdClientMessage::ReadRaw: Failed to read header (8 bytes).
150202 21:32:29 20654 Xrd: XrdClientMessage::ReadRaw: Failed to read header (8 bytes).
02-Feb-2015 21:35:41 GMT  Closed file root://xrootd.unl.edu//store/group/dpg_trigger/comm_trigger/L1TrackTrigger/620_SLHC10/Extended2023TTI/MinBias/MinBias_TuneZ2star_GEN_SIM_536.root
02-Feb-2015 21:35:41 GMT  Initiating request to open file root://xrootd.unl.edu//store/group/dpg_trigger/comm_trigger/L1TrackTrigger/620_SLHC10/Extended2023TTI/MinBias/MinBias_TuneZ2star_GEN_SIM_404.root
150202 21:36:12 31227 Xrd: CheckErrorStatus: Server [xrootd-redic.pi.infn.it:1094] declared: session not found(error code: 3011)
02-Feb-2015 21:36:13 GMT  Successfully opened file root://xrootd.unl.edu//store/group/dpg_trigger/comm_trigger/L1TrackTrigger/620_SLHC10/Extended2023TTI/MinBias/MinBias_TuneZ2star_GEN_SIM_404.root
150202 21:41:00 20655 Xrd: XrdClientMessage::ReadRaw: Failed to read header (8 bytes).
150202 21:41:30 31598 Xrd: XrdClientMessage::ReadRaw: Failed to read header (8 bytes).
02-Feb-2015 21:44:05 GMT  Closed file root://xrootd.unl.edu//store/group/dpg_trigger/comm_trigger/L1TrackTrigger/620_SLHC10/Extended2023TTI/MinBias/MinBias_TuneZ2star_GEN_SIM_404.root
02-Feb-2015 21:44:05 GMT  Initiating request to open file root://xrootd.unl.edu//store/group/dpg_trigger/comm_trigger/L1TrackTrigger/620_SLHC10/Extended2023TTI/MinBias/MinBias_TuneZ2star_GEN_SIM_444.root
150202 21:44:36 4157 Xrd: CheckErrorStatus: Server [cms-xrd-global.cern.ch:1094] declared: session not found(error code: 3011)
150202 21:44:36 4157 Xrd: CheckErrorStatus: Server [llrxrd-redir.in2p3.fr:1094] declared: session not found(error code: 3011)
02-Feb-2015 21:44:37 GMT  Successfully opened file root://xrootd.unl.edu//store/group/dpg_trigger/comm_trigger/L1TrackTrigger/620_SLHC10/Extended2023TTI/MinBias/MinBias_TuneZ2star_GEN_SIM_444.root
150202 21:49:30 31599 Xrd: XrdClientMessage::ReadRaw: Failed to read header (8 bytes).
150202 21:50:00 4281 Xrd: XrdClientMessage::ReadRaw: Failed to read header (8 bytes).
02-Feb-2015 21:51:58 GMT  Closed file root://xrootd.unl.edu//store/group/dpg_trigger/comm_trigger/L1TrackTrigger/620_SLHC10/Extended2023TTI/MinBias/MinBias_TuneZ2star_GEN_SIM_444.root
02-Feb-2015 21:51:58 GMT  Initiating request to open file root://xrootd.unl.edu//store/group/dpg_trigger/comm_trigger/L1TrackTrigger/620_SLHC10/Extended2023TTI/MinBias/MinBias_TuneZ2star_GEN_SIM_62.root
150202 21:52:30 8744 Xrd: CheckErrorStatus: Server [xrootd-redic.pi.infn.it:1094] declared: session not found(error code: 3011)
02-Feb-2015 21:52:30 GMT  Successfully opened file root://xrootd.unl.edu//store/group/dpg_trigger/comm_trigger/L1TrackTrigger/620_SLHC10/Extended2023TTI/MinBias/MinBias_TuneZ2star_GEN_SIM_62.root
150202 21:57:00 4282 Xrd: XrdClientMessage::ReadRaw: Failed to read header (8 bytes).
150202 21:57:59 9377 Xrd: XrdClientMessage::ReadRaw: Failed to read header (8 bytes).
02-Feb-2015 21:59:30 GMT  Closed file root://xrootd.unl.edu//store/group/dpg_trigger/comm_trigger/L1TrackTrigger/620_SLHC10/Extended2023TTI/MinBias/MinBias_TuneZ2star_GEN_SIM_62.root
02-Feb-2015 21:59:30 GMT  Initiating request to open file root://xrootd.unl.edu//store/group/dpg_trigger/comm_trigger/L1TrackTrigger/620_SLHC10/Extended2023TTI/MinBias/MinBias_TuneZ2star_GEN_SIM_580.root
150202 22:00:00 19077 Xrd: CheckErrorStatus: Server [llrxrd-redir.in2p3.fr:1094] declared: session not found(error code: 3011)
02-Feb-2015 22:00:00 GMT  Successfully opened file root://xrootd.unl.edu//store/group/dpg_trigger/comm_trigger/L1TrackTrigger/620_SLHC10/Extended2023TTI/MinBias/MinBias_TuneZ2star_GEN_SIM_580.root
02-Feb-2015 22:04:24 GMT  Closed file root://xrootd.unl.edu//store/group/dpg_trigger/comm_trigger/L1TrackTrigger/620_SLHC10/Extended2023TTI/MinBias/MinBias_TuneZ2star_GEN_SIM_580.root
02-Feb-2015 22:04:24 GMT  Initiating request to open file root://xrootd.unl.edu//store/group/dpg_trigger/comm_trigger/L1TrackTrigger/620_SLHC10/Extended2023TTI/MinBias/MinBias_TuneZ2star_GEN_SIM_842.root
150202 22:05:00 9378 Xrd: XrdClientMessage::ReadRaw: Failed to read header (8 bytes).
150202 22:05:30 19309 Xrd: XrdClientMessage::ReadRaw: Failed to read header (8 bytes).
150202 22:05:51 23085 Xrd: CheckErrorStatus: Server [cms-xrd-global.cern.ch:1094] declared: session not found(error code: 3011)
150202 22:05:52 23085 Xrd: CheckErrorStatus: Server [xrootd.ba.infn.it:1094] declared: session not found(error code: 3011)
02-Feb-2015 22:05:52 GMT  Successfully opened file root://xrootd.unl.edu//store/group/dpg_trigger/comm_trigger/L1TrackTrigger/620_SLHC10/Extended2023TTI/MinBias/MinBias_TuneZ2star_GEN_SIM_842.root
150202 22:09:30 19310 Xrd: XrdClientMessage::ReadRaw: Failed to read header (8 bytes).
02-Feb-2015 22:09:47 GMT  Closed file root://xrootd.unl.edu//store/group/dpg_trigger/comm_trigger/L1TrackTrigger/620_SLHC10/Extended2023TTI/MinBias/MinBias_TuneZ2star_GEN_SIM_842.root
02-Feb-2015 22:09:47 GMT  Initiating request to open file root://xrootd.unl.edu//store/group/dpg_trigger/comm_trigger/L1TrackTrigger/620_SLHC10/Extended2023TTI/MinBias/MinBias_TuneZ2star_GEN_SIM_665.root
150202 22:11:00 23929 Xrd: XrdClientMessage::ReadRaw: Failed to read header (8 bytes).
150202 22:11:05 26178 Xrd: CheckErrorStatus: Server [xrootd-redic.pi.infn.it:1094] declared: session not found(error code: 3011)
02-Feb-2015 22:11:06 GMT  Successfully opened file root://xrootd.unl.edu//store/group/dpg_trigger/comm_trigger/L1TrackTrigger/620_SLHC10/Extended2023TTI/MinBias/MinBias_TuneZ2star_GEN_SIM_665.root
150202 22:15:00 23930 Xrd: XrdClientMessage::ReadRaw: Failed to read header (8 bytes).
150202 22:16:30 27247 Xrd: XrdClientMessage::ReadRaw: Failed to read header (8 bytes).
02-Feb-2015 22:16:36 GMT  Closed file root://xrootd.unl.edu//store/group/dpg_trigger/comm_trigger/L1TrackTrigger/620_SLHC10/Extended2023TTI/MinBias/MinBias_TuneZ2star_GEN_SIM_665.root
02-Feb-2015 22:16:36 GMT  Initiating request to open file root://xrootd.unl.edu//store/group/dpg_trigger/comm_trigger/L1TrackTrigger/620_SLHC10/Extended2023TTI/MinBias/MinBias_TuneZ2star_GEN_SIM_704.root
150202 22:16:54 30596 Xrd: CheckErrorStatus: Server [xrootd.ba.infn.it:1094] declared: session not found(error code: 3011)
02-Feb-2015 22:16:54 GMT  Successfully opened file root://xrootd.unl.edu//store/group/dpg_trigger/comm_trigger/L1TrackTrigger/620_SLHC10/Extended2023TTI/MinBias/MinBias_TuneZ2star_GEN_SIM_704.root
02-Feb-2015 22:18:47 GMT  Closed file root://xrootd.unl.edu//store/group/dpg_trigger/comm_trigger/L1TrackTrigger/620_SLHC10/Extended2023TTI/MinBias/MinBias_TuneZ2star_GEN_SIM_704.root
02-Feb-2015 22:18:47 GMT  Initiating request to open file root://xrootd.unl.edu//store/group/dpg_trigger/comm_trigger/L1TrackTrigger/620_SLHC10/Extended2023TTI/MinBias/MinBias_TuneZ2star_GEN_SIM_193.root
150202 22:20:30 4280 Xrd: XrdClientMessage::ReadRaw: Failed to read header (8 bytes).
150202 22:21:59 27248 Xrd: XrdClientMessage::ReadRaw: Failed to read header (8 bytes).
150202 22:22:00 30712 Xrd: XrdClientMessage::ReadRaw: Failed to read header (8 bytes).
150202 22:24:00 30713 Xrd: XrdClientMessage::ReadRaw: Failed to read header (8 bytes).
150202 22:24:22 31797 Xrd: CheckErrorStatus: Server [xrootd.ba.infn.it:1094] declared: session not found(error code: 3011)
02-Feb-2015 22:24:22 GMT  Successfully opened file root://xrootd.unl.edu//store/group/dpg_trigger/comm_trigger/L1TrackTrigger/620_SLHC10/Extended2023TTI/MinBias/MinBias_TuneZ2star_GEN_SIM_193.root
150202 22:29:30 3238 Xrd: XrdClientMessage::ReadRaw: Failed to read header (8 bytes).
02-Feb-2015 22:30:19 GMT  Closed file root://xrootd.unl.edu//store/group/dpg_trigger/comm_trigger/L1TrackTrigger/620_SLHC10/Extended2023TTI/MinBias/MinBias_TuneZ2star_GEN_SIM_193.root
02-Feb-2015 22:30:19 GMT  Initiating request to open file root://xrootd.unl.edu//store/group/dpg_trigger/comm_trigger/L1TrackTrigger/620_SLHC10/Extended2023TTI/MinBias/MinBias_TuneZ2star_GEN_SIM_924.root
150202 22:30:50 6828 Xrd: CheckErrorStatus: Server [xrootd-redic.pi.infn.it:1094] declared: session not found(error code: 3011)
150202 22:30:50 6828 Xrd: CheckErrorStatus: Server [eoscms.cern.ch:1094] declared: session not found(error code: 3011)
02-Feb-2015 22:30:50 GMT  Successfully opened file root://xrootd.unl.edu//store/group/dpg_trigger/comm_trigger/L1TrackTrigger/620_SLHC10/Extended2023TTI/MinBias/MinBias_TuneZ2star_GEN_SIM_924.root
02-Feb-2015 22:34:32 GMT  Closed file root://xrootd.unl.edu//store/group/dpg_trigger/comm_trigger/L1TrackTrigger/620_SLHC10/Extended2023TTI/MinBias/MinBias_TuneZ2star_GEN_SIM_924.root
02-Feb-2015 22:34:32 GMT  Initiating request to open file root://xrootd.unl.edu//store/group/dpg_trigger/comm_trigger/L1TrackTrigger/620_SLHC10/Extended2023TTI/MinBias/MinBias_TuneZ2star_GEN_SIM_520.root
02-Feb-2015 22:35:03 GMT  Successfully opened file root://xrootd.unl.edu//store/group/dpg_trigger/comm_trigger/L1TrackTrigger/620_SLHC10/Extended2023TTI/MinBias/MinBias_TuneZ2star_GEN_SIM_520.root
150202 22:35:29 3240 Xrd: XrdClientMessage::ReadRaw: Failed to read header (8 bytes).
02-Feb-2015 22:38:31 GMT  Closed file root://xrootd.unl.edu//store/group/dpg_trigger/comm_trigger/L1TrackTrigger/620_SLHC10/Extended2023TTI/MinBias/MinBias_TuneZ2star_GEN_SIM_520.root
02-Feb-2015 22:38:31 GMT  Initiating request to open file root://xrootd.unl.edu//store/group/dpg_trigger/comm_trigger/L1TrackTrigger/620_SLHC10/Extended2023TTI/MinBias/MinBias_TuneZ2star_GEN_SIM_552.root
150202 22:38:32 17535 Xrd: CheckErrorStatus: Server [cms-xrd-global.cern.ch:1094] declared: session not found(error code: 3011)
02-Feb-2015 22:38:32 GMT  Successfully opened file root://xrootd.unl.edu//store/group/dpg_trigger/comm_trigger/L1TrackTrigger/620_SLHC10/Extended2023TTI/MinBias/MinBias_TuneZ2star_GEN_SIM_552.root
150202 22:39:59 6968 Xrd: XrdClientMessage::ReadRaw: Failed to read header (8 bytes).
02-Feb-2015 22:41:50 GMT  Closed file root://xrootd.unl.edu//store/group/dpg_trigger/comm_trigger/L1TrackTrigger/620_SLHC10/Extended2023TTI/MinBias/MinBias_TuneZ2star_GEN_SIM_552.root
02-Feb-2015 22:41:50 GMT  Initiating request to open file root://xrootd.unl.edu//store/group/dpg_trigger/comm_trigger/L1TrackTrigger/620_SLHC10/Extended2023TTI/MinBias/MinBias_TuneZ2star_GEN_SIM_12.root
02-Feb-2015 22:42:14 GMT  Successfully opened file root://xrootd.unl.edu//store/group/dpg_trigger/comm_trigger/L1TrackTrigger/620_SLHC10/Extended2023TTI/MinBias/MinBias_TuneZ2star_GEN_SIM_12.root
150202 22:44:00 15384 Xrd: XrdClientMessage::ReadRaw: Failed to read header (8 bytes).
150202 22:44:30 23927 Xrd: XrdClientMessage::ReadRaw: Failed to read header (8 bytes).
02-Feb-2015 22:45:46 GMT  Closed file root://xrootd.unl.edu//store/group/dpg_trigger/comm_trigger/L1TrackTrigger/620_SLHC10/Extended2023TTI/MinBias/MinBias_TuneZ2star_GEN_SIM_12.root
02-Feb-2015 22:45:46 GMT  Initiating request to open file root://xrootd.unl.edu//store/group/dpg_trigger/comm_trigger/L1TrackTrigger/620_SLHC10/Extended2023TTI/MinBias/MinBias_TuneZ2star_GEN_SIM_722.root
150202 22:45:46 22091 Xrd: CheckErrorStatus: Server [cms-xrd-global.cern.ch:1094] declared: session not found(error code: 3011)
02-Feb-2015 22:45:46 GMT  Successfully opened file root://xrootd.unl.edu//store/group/dpg_trigger/comm_trigger/L1TrackTrigger/620_SLHC10/Extended2023TTI/MinBias/MinBias_TuneZ2star_GEN_SIM_722.root
150202 22:46:59 17537 Xrd: XrdClientMessage::ReadRaw: Failed to read header (8 bytes).
02-Feb-2015 22:49:00 GMT  Closed file root://xrootd.unl.edu//store/group/dpg_trigger/comm_trigger/L1TrackTrigger/620_SLHC10/Extended2023TTI/MinBias/MinBias_TuneZ2star_GEN_SIM_722.root
02-Feb-2015 22:49:00 GMT  Initiating request to open file root://xrootd.unl.edu//store/group/dpg_trigger/comm_trigger/L1TrackTrigger/620_SLHC10/Extended2023TTI/MinBias/MinBias_TuneZ2star_GEN_SIM_807.root
02-Feb-2015 22:49:31 GMT  Successfully opened file root://xrootd.unl.edu//store/group/dpg_trigger/comm_trigger/L1TrackTrigger/620_SLHC10/Extended2023TTI/MinBias/MinBias_TuneZ2star_GEN_SIM_807.root
150202 22:50:59 20158 Xrd: XrdClientMessage::ReadRaw: Failed to read header (8 bytes).
02-Feb-2015 22:54:24 GMT  Closed file root://xrootd.unl.edu//store/group/dpg_trigger/comm_trigger/L1TrackTrigger/620_SLHC10/Extended2023TTI/MinBias/MinBias_TuneZ2star_GEN_SIM_807.root
02-Feb-2015 22:54:24 GMT  Initiating request to open file root://xrootd.unl.edu//store/group/dpg_trigger/comm_trigger/L1TrackTrigger/620_SLHC10/Extended2023TTI/MinBias/MinBias_TuneZ2star_GEN_SIM_401.root
150202 22:54:24 22093 Xrd: XrdClientMessage::ReadRaw: Failed to read header (8 bytes).
02-Feb-2015 22:54:52 GMT  Successfully opened file root://xrootd.unl.edu//store/group/dpg_trigger/comm_trigger/L1TrackTrigger/620_SLHC10/Extended2023TTI/MinBias/MinBias_TuneZ2star_GEN_SIM_401.root
02-Feb-2015 22:57:05 GMT  Closed file root://xrootd.unl.edu//store/group/dpg_trigger/comm_trigger/L1TrackTrigger/620_SLHC10/Extended2023TTI/MinBias/MinBias_TuneZ2star_GEN_SIM_401.root
02-Feb-2015 22:57:05 GMT  Initiating request to open file root://xrootd.unl.edu//store/group/dpg_trigger/comm_trigger/L1TrackTrigger/620_SLHC10/Extended2023TTI/MinBias/MinBias_TuneZ2star_GEN_SIM_333.root
150202 22:57:35 6967 Xrd: XrdClientMessage::ReadRaw: Failed to read header (8 bytes).
02-Feb-2015 22:57:36 GMT  Successfully opened file root://xrootd.unl.edu//store/group/dpg_trigger/comm_trigger/L1TrackTrigger/620_SLHC10/Extended2023TTI/MinBias/MinBias_TuneZ2star_GEN_SIM_333.root
150202 22:59:30 24416 Xrd: XrdClientMessage::ReadRaw: Failed to read header (8 bytes).
02-Feb-2015 23:02:01 GMT  Closed file root://xrootd.unl.edu//store/group/dpg_trigger/comm_trigger/L1TrackTrigger/620_SLHC10/Extended2023TTI/MinBias/MinBias_TuneZ2star_GEN_SIM_333.root
02-Feb-2015 23:02:01 GMT  Initiating request to open file root://xrootd.unl.edu//store/group/dpg_trigger/comm_trigger/L1TrackTrigger/620_SLHC10/Extended2023TTI/MinBias/MinBias_TuneZ2star_GEN_SIM_630.root
150202 23:02:30 17536 Xrd: XrdClientMessage::ReadRaw: Failed to read header (8 bytes).
150202 23:02:30 27309 Xrd: XrdClientMessage::ReadRaw: Failed to read header (8 bytes).
02-Feb-2015 23:02:32 GMT  Successfully opened file root://xrootd.unl.edu//store/group/dpg_trigger/comm_trigger/L1TrackTrigger/620_SLHC10/Extended2023TTI/MinBias/MinBias_TuneZ2star_GEN_SIM_630.root
02-Feb-2015 23:04:26 GMT  Closed file root://xrootd.unl.edu//store/group/dpg_trigger/comm_trigger/L1TrackTrigger/620_SLHC10/Extended2023TTI/MinBias/MinBias_TuneZ2star_GEN_SIM_630.root
02-Feb-2015 23:04:26 GMT  Initiating request to open file root://xrootd.unl.edu//store/group/dpg_trigger/comm_trigger/L1TrackTrigger/620_SLHC10/Extended2023TTI/MinBias/MinBias_TuneZ2star_GEN_SIM_937.root
150202 23:04:57 5722 Xrd: CheckErrorStatus: Server [cms-xrd-global.cern.ch:1094] declared: session not found(error code: 3011)
02-Feb-2015 23:04:57 GMT  Successfully opened file root://xrootd.unl.edu//store/group/dpg_trigger/comm_trigger/L1TrackTrigger/620_SLHC10/Extended2023TTI/MinBias/MinBias_TuneZ2star_GEN_SIM_937.root
02-Feb-2015 23:06:47 GMT  Closed file root://xrootd.unl.edu//store/group/dpg_trigger/comm_trigger/L1TrackTrigger/620_SLHC10/Extended2023TTI/MinBias/MinBias_TuneZ2star_GEN_SIM_937.root
02-Feb-2015 23:06:47 GMT  Initiating request to open file root://xrootd.unl.edu//store/group/dpg_trigger/comm_trigger/L1TrackTrigger/620_SLHC10/Extended2023TTI/MinBias/MinBias_TuneZ2star_GEN_SIM_615.root
02-Feb-2015 23:07:18 GMT  Successfully opened file root://xrootd.unl.edu//store/group/dpg_trigger/comm_trigger/L1TrackTrigger/620_SLHC10/Extended2023TTI/MinBias/MinBias_TuneZ2star_GEN_SIM_615.root
150202 23:07:19 28927 Xrd: XrdClientMessage::ReadRaw: Failed to read header (8 bytes).
02-Feb-2015 23:08:14 GMT  Closed file root://dcap.pp.rl.ac.uk:1094/pnfs/pp.rl.ac.uk/data/cms/store/user/dcieri/ttbar_SIM/ttbar/ttbar_SIM/150129_145223/0000/step1_232.root
02-Feb-2015 23:08:14 GMT  Closed file root://xrootd.unl.edu//store/group/dpg_trigger/comm_trigger/L1TrackTrigger/620_SLHC10/Extended2023TTI/MinBias/MinBias_TuneZ2star_GEN_SIM_615.root

=============================================

MessageLogger Summary

 type     category        sev    module        subroutine        count    total
 ---- -------------------- -- ---------------- ----------------  -----    -----
    1 fileAction           -s MixingModule:mix                      69       69
    2 fileAction           -s MixingModule:mix                       2        2
    3 fileAction           -s MixingModule:mix                       1        1
    4 fileAction           -s file_close                             1        1
    5 fileAction           -s file_open                              2        2

 type    category    Examples: run/evt        run/evt          run/evt
 ---- -------------------- ---------------- ---------------- ----------------
    1 fileAction           1/2311           1/2311           1/2320
    2 fileAction           pre-events       pre-events       
    3 fileAction           PostEndRun                        
    4 fileAction           PostEndRun                        
    5 fileAction           pre-events       pre-events       

Severity    # Occurrences   Total Occurrences
--------    -------------   -----------------
System                 75                  75
>>> END OF printout of 213 lines from stdout+stderr
>>> Parse FrameworkJobReport crab_fjr.xml
Result of parsing the FrameworkJobReport crab_fjr.xml: 
Extracted ExitStatus from FrameworkJobReport parsing output: 0
>>> Executable succeded  0
ExeExitCode=0
EXECUTABLE_EXIT_STATUS = 0
>>> current directory /scratch/condor/dir_12071/glide_luqKl8/execute/dir_27418/CMSSW_6_2_0_SLHC12
>>>  (SOFTWARE_DIR): /scratch/condor/dir_12071/glide_luqKl8/execute/dir_27418/CMSSW_6_2_0_SLHC12
>>> (WORKING_DIR): 
>>> current directory content:
total 235108
drwxr-xr-x 3 cms415 gplcms      4096 Feb  2 20:49 .SCRAM
-rw------- 1 cms415 gplcms    915837 Feb  2 20:49 CMSSW.py.pkl
drwxr-xr-x 3 cms415 gplcms      4096 Feb  2 20:49 bin
drwxr-xr-x 3 cms415 gplcms      4096 Feb  2 20:49 cfipython
drwxr-xr-x 4 cms415 gplcms      4096 Apr 28  2014 config
-rw------- 1 cms415 gplcms        17 Feb  2 23:08 cpu_timing.txt
drwxr-xr-x 2 cms415 gplcms      4096 Feb  2 20:49 doc
-rw------- 1 cms415 gplcms     23978 Feb  2 23:08 executable.out
drwxr-xr-x 2 cms415 gplcms      4096 Feb  2 20:49 include
drwx------ 3 cms415 gplcms      4096 Oct  7 10:12 lib
drwxr-xr-x 3 cms415 gplcms      4096 Feb  2 20:49 logs
drwxr-xr-x 3 cms415 gplcms      4096 Feb  2 20:49 objs
-rw------- 1 cms415 gplcms       104 Feb  2 20:49 pset.py
-rw------- 1 cms415 gplcms    926827 Feb  2 20:49 pset.py.pkl
-rw------- 1 cms415 gplcms       289 Feb  2 20:49 pset.pyc
drwxr-xr-x 2 cms415 gplcms      4096 Feb  2 20:49 python
-rw------- 1 cms415 gplcms       353 Feb  2 23:08 report.log
drwxr-xr-x 2 cms415 gplcms      4096 Feb  2 20:49 src
-rw------- 1 cms415 gplcms 238561766 Feb  2 23:08 step2.root
drwxr-xr-x 3 cms415 gplcms      4096 Feb  2 20:49 test
drwxr-xr-x 3 cms415 gplcms      4096 Feb  2 20:49 tmp
>>> current directory /scratch/condor/dir_12071/glide_luqKl8/execute/dir_27418/CMSSW_6_2_0_SLHC12
>>> (SOFTWARE_DIR): /scratch/condor/dir_12071/glide_luqKl8/execute/dir_27418/CMSSW_6_2_0_SLHC12
>>> (WORKING_DIR): 
>>> current directory content:
total 235108
drwxr-xr-x 3 cms415 gplcms      4096 Feb  2 20:49 .SCRAM
-rw------- 1 cms415 gplcms    915837 Feb  2 20:49 CMSSW.py.pkl
drwxr-xr-x 3 cms415 gplcms      4096 Feb  2 20:49 bin
drwxr-xr-x 3 cms415 gplcms      4096 Feb  2 20:49 cfipython
drwxr-xr-x 4 cms415 gplcms      4096 Apr 28  2014 config
-rw------- 1 cms415 gplcms        17 Feb  2 23:08 cpu_timing.txt
drwxr-xr-x 2 cms415 gplcms      4096 Feb  2 20:49 doc
-rw------- 1 cms415 gplcms     23978 Feb  2 23:08 executable.out
drwxr-xr-x 2 cms415 gplcms      4096 Feb  2 20:49 include
drwx------ 3 cms415 gplcms      4096 Oct  7 10:12 lib
drwxr-xr-x 3 cms415 gplcms      4096 Feb  2 20:49 logs
drwxr-xr-x 3 cms415 gplcms      4096 Feb  2 20:49 objs
-rw------- 1 cms415 gplcms       104 Feb  2 20:49 pset.py
-rw------- 1 cms415 gplcms    926827 Feb  2 20:49 pset.py.pkl
-rw------- 1 cms415 gplcms       289 Feb  2 20:49 pset.pyc
drwxr-xr-x 2 cms415 gplcms      4096 Feb  2 20:49 python
-rw------- 1 cms415 gplcms       353 Feb  2 23:08 report.log
drwxr-xr-x 2 cms415 gplcms      4096 Feb  2 20:49 src
-rw------- 1 cms415 gplcms 238561766 Feb  2 23:08 step2_409_1_nSh.root
drwxr-xr-x 3 cms415 gplcms      4096 Feb  2 20:49 test
drwxr-xr-x 3 cms415 gplcms      4096 Feb  2 20:49 tmp
>>> current directory (RUNTIME_AREA):  /scratch/condor/dir_12071/glide_luqKl8/execute/dir_27418
PNN = T2_UK_SGrid_RALPP
SE = heplnx204.pp.rl.ac.uk
SE_PATH = /srm/managerv2?SFN=/pnfs/pp.rl.ac.uk/data/cms/store/user/dcieri/ttbar_PU140_DIGI/dcieri/ttbar/ttbar_PU140_DIGI/3c0380cf82de79bc39966c93934c61fc/
LFNBaseName = /store/user/dcieri/ttbar_PU140_DIGI/dcieri/ttbar/ttbar_PU140_DIGI/3c0380cf82de79bc39966c93934c61fc/
USER = dcieri
endpoint = srm://heplnx204.pp.rl.ac.uk:8443/srm/managerv2?SFN=/pnfs/pp.rl.ac.uk/data/cms/store/user/dcieri/ttbar_PU140_DIGI/dcieri/ttbar/ttbar_PU140_DIGI/3c0380cf82de79bc39966c93934c61fc/
>>> Copy output files from WN = heplnc308.pp.rl.ac.uk to /srm/managerv2?SFN=/pnfs/pp.rl.ac.uk/data/cms/store/user/dcieri/ttbar_PU140_DIGI/dcieri/ttbar/ttbar_PU140_DIGI/3c0380cf82de79bc39966c93934c61fc/ :
python cmscp.py  --destination srm://heplnx204.pp.rl.ac.uk:8443/srm/managerv2?SFN=/pnfs/pp.rl.ac.uk/data/cms/store/user/dcieri/ttbar_PU140_DIGI/dcieri/ttbar/ttbar_PU140_DIGI/3c0380cf82de79bc39966c93934c61fc/ --inputFileList /scratch/condor/dir_12071/glide_luqKl8/execute/dir_27418/CMSSW_6_2_0_SLHC12/step2_409_1_nSh.root --middleware LCG --PNN T2_UK_SGrid_RALPP --se_name heplnx204.pp.rl.ac.uk --for_lfn /store/user/dcieri/ttbar_PU140_DIGI/dcieri/ttbar/ttbar_PU140_DIGI/3c0380cf82de79bc39966c93934c61fc/    
******************************************************
localSeName  =  heplnx204.pp.rl.ac.uk
remoteSeName =  heplnx204.pp.rl.ac.uk
******************************************************
{"/scratch/condor/dir_12071/glide_luqKl8/execute/dir_27418/CMSSW_6_2_0_SLHC12/step2_409_1_nSh.root": {"endpoint": "srm://heplnx204.pp.rl.ac.uk:8443/srm/managerv2?SFN=/pnfs/pp.rl.ac.uk/data/cms/store/user/dcieri/ttbar_PU140_DIGI/dcieri/ttbar/ttbar_PU140_DIGI/3c0380cf82de79bc39966c93934c61fc/", "surl_for_grid": "", "reason": "Copy succedeed with srm-lcg utils", "erCode": "0", "PNN": "T2_UK_SGrid_RALPP", "se_name": "heplnx204.pp.rl.ac.uk", "for_lfn": "/store/user/dcieri/ttbar_PU140_DIGI/dcieri/ttbar/ttbar_PU140_DIGI/3c0380cf82de79bc39966c93934c61fc/"}}/scratch/condor/dir_12071/glide_luqKl8/execute/dir_27418
-------- cat /scratch/condor/dir_12071/glide_luqKl8/execute/dir_27418/cmscpReport.sh 
#!/bin/bash
echo "Report for File: /scratch/condor/dir_12071/glide_luqKl8/execute/dir_27418/CMSSW_6_2_0_SLHC12/step2_409_1_nSh.root"
echo "LFN: /store/user/dcieri/ttbar_PU140_DIGI/dcieri/ttbar/ttbar_PU140_DIGI/3c0380cf82de79bc39966c93934c61fc/step2_409_1_nSh.root"
echo "StorageElement: heplnx204.pp.rl.ac.uk"
echo "StageOutExitStatusReason = 'Copy succedeed with srm-lcg utils'" | tee -a $RUNTIME_AREA/$repo
echo "StageOutSE = heplnx204.pp.rl.ac.uk" >> $RUNTIME_AREA/$repo

export StageOutExitStatus=0
echo "StageOutExitStatus = 0" | tee -a $RUNTIME_AREA/$repo
-------- end of /scratch/condor/dir_12071/glide_luqKl8/execute/dir_27418/cmscpReport.sh 
Report for File: /scratch/condor/dir_12071/glide_luqKl8/execute/dir_27418/CMSSW_6_2_0_SLHC12/step2_409_1_nSh.root
LFN: /store/user/dcieri/ttbar_PU140_DIGI/dcieri/ttbar/ttbar_PU140_DIGI/3c0380cf82de79bc39966c93934c61fc/step2_409_1_nSh.root
StorageElement: heplnx204.pp.rl.ac.uk
StageOutExitStatusReason = 'Copy succedeed with srm-lcg utils'
StageOutExitStatus = 0
>>> current dir: /scratch/condor/dir_12071/glide_luqKl8/execute/dir_27418
>>> current dir content:
total 8824
-rw-------  1 cms415 gplcms    3567 Feb  2 23:09 .SEinteraction.log
-rwx------  1 cms415 gplcms      51 Feb  2 20:48 .chirp_config
-rwx------  1 cms415 gplcms    7821 Feb  2 20:48 .job.ad
-rwx------  1 cms415 gplcms    9762 Feb  2 20:48 .machine.ad
-rw-------  1 cms415 gplcms     105 Feb  2 12:16 CMSSW.py
-rw-------  1 cms415 gplcms  915837 Feb  2 12:16 CMSSW.py.pkl
-rwx------  1 cms415 gplcms   29498 Feb  2 20:49 CMSSW.sh
drwxr-xr-x 15 cms415 gplcms    4096 Feb  2 23:08 CMSSW_6_2_0_SLHC12
-rw-------  1 cms415 gplcms     190 Feb  2 20:49 CacheEnv.sh
-rw-------  1 cms415 gplcms    7291 Nov 19 14:52 DashboardAPI.py
-rw-------  1 cms415 gplcms    6470 Feb  2 20:49 DashboardAPI.pyc
drwx------  2 cms415 gplcms    4096 Feb  2 23:08 IMProv
-rw-------  1 cms415 gplcms    2748 Nov 19 14:52 Logger.py
-rw-------  1 cms415 gplcms    3232 Feb  2 20:49 Logger.pyc
-rw-------  1 cms415 gplcms   24524 Nov 19 14:52 ProcInfo.py
-rw-------  1 cms415 gplcms   22645 Feb  2 20:49 ProcInfo.pyc
drwx------  7 cms415 gplcms    4096 Feb  2 20:49 ProdCommon
drwx------  3 cms415 gplcms    4096 Feb  2 20:49 WMCore
-rw-------  1 cms415 gplcms   10029 Feb  2 23:08 Watchdog_409.log
-rwx------  1 cms415 gplcms       0 Feb  2 20:49 _condor_stderr
-rwx---r--  1 cms415 gplcms   38743 Feb  2 23:09 _condor_stdout
-rw-------  1 cms415 gplcms   32895 Nov 19 14:52 apmon.py
-rw-------  1 cms415 gplcms   27958 Feb  2 20:49 apmon.pyc
-rwx------  1 cms415 gplcms  134309 Feb  2 20:49 arguments.xml
-rwx------  1 cms415 gplcms   38581 Nov 19 14:52 cmscp.py
-rw-------  1 cms415 gplcms     562 Feb  2 23:09 cmscpReport.sh
-rwx------  1 cms415 gplcms   29498 Feb  2 20:49 condor_exec.exe
-rw-------  1 cms415 gplcms     544 Feb  2 12:16 crab.cfg
-rwx------  1 cms415 gplcms    8610 Nov 19 14:52 crabWatchdog.sh
-rwx---r--  1 cms415 gplcms  112102 Feb  2 23:08 crab_fjr_409.xml
-rwx------  1 cms415 gplcms 7390485 Feb  2 20:49 default.tgz
-rwx------  1 cms415 gplcms    4488 Nov 19 14:52 fillCrabFjr.py
-rw-------  1 cms415 gplcms     226 Feb  2 20:49 inputsReport.txt
-rw-------  1 cms415 gplcms     242 Feb  2 23:09 jobreport.txt
-rw-------  1 cms415 gplcms   17352 Nov 19 14:52 parseCrabFjr.py
-rw-------  1 cms415 gplcms     320 Feb  2 20:49 report.log
-rwx--x--x  1 cms415 gplcms    1497 Nov 19 14:52 report.py
-rw-------  1 cms415 gplcms     555 Feb  2 23:09 resultCopyFile
lrwxrwxrwx  1 cms415 gplcms      96 Feb  2 23:08 step2.root -> /scratch/condor/dir_12071/glide_luqKl8/execute/dir_27418/CMSSW_6_2_0_SLHC12/step2_409_1_nSh.root
-rwx------  1 cms415 gplcms    8351 Nov 19 14:52 writeCfg.py
-rw-------  1 cms415 gplcms   10293 Feb  2 20:48 x509up_u62281
>>> Modify Job Report:
CMSSW_VERSION = CMSSW_6_2_0_SLHC12
ProcessedDataset = ttbar_PU140_DIGI
/scratch/condor/dir_12071/glide_luqKl8/execute/dir_27418/ProdCommon/FwkJobRep/ModifyJobReport.py fjr /scratch/condor/dir_12071/glide_luqKl8/execute/dir_27418/crab_fjr_409.xml json /scratch/condor/dir_12071/glide_luqKl8/execute/dir_27418/resultCopyFile n_job 409_1_nSh PrimaryDataset ttbar  ApplicationFamily cmsRun ApplicationName cmsRun cmssw_version CMSSW_6_2_0_SLHC12 psethash 3c0380cf82de79bc39966c93934c61fc UserProcessedDataset dcieri-ttbar_PU140_DIGI-3c0380cf82de79bc39966c93934c61fc
inputDict =  {u'/scratch/condor/dir_12071/glide_luqKl8/execute/dir_27418/CMSSW_6_2_0_SLHC12/step2_409_1_nSh.root': {u'endpoint': u'srm://heplnx204.pp.rl.ac.uk:8443/srm/managerv2?SFN=/pnfs/pp.rl.ac.uk/data/cms/store/user/dcieri/ttbar_PU140_DIGI/dcieri/ttbar/ttbar_PU140_DIGI/3c0380cf82de79bc39966c93934c61fc/', u'surl_for_grid': u'', u'reason': u'Copy succedeed with srm-lcg utils', u'erCode': u'0', u'PNN': u'T2_UK_SGrid_RALPP', u'se_name': u'heplnx204.pp.rl.ac.uk', u'for_lfn': u'/store/user/dcieri/ttbar_PU140_DIGI/dcieri/ttbar/ttbar_PU140_DIGI/3c0380cf82de79bc39966c93934c61fc/'}}
UserProcessedDataset =  dcieri-ttbar_PU140_DIGI-3c0380cf82de79bc39966c93934c61fc
WORKING ON EDM FILE
file_name in inputDict =  /scratch/condor/dir_12071/glide_luqKl8/execute/dir_27418/CMSSW_6_2_0_SLHC12/step2_409_1_nSh.root
(size) os.stat(filename)[6] =  238561766
checksum =  3311562722
    file =  step2_409_1_nSh.root
    newPfn =  srm://heplnx204.pp.rl.ac.uk:8443/srm/managerv2?SFN=/pnfs/pp.rl.ac.uk/data/cms/store/user/dcieri/ttbar_PU140_DIGI/dcieri/ttbar/ttbar_PU140_DIGI/3c0380cf82de79bc39966c93934c61fc/step2_409_1_nSh.root
    newLfn =  /store/user/dcieri/ttbar_PU140_DIGI/dcieri/ttbar/ttbar_PU140_DIGI/3c0380cf82de79bc39966c93934c61fc/step2_409_1_nSh.root
>>> crab_fjr_*.xml  permission set to 0704
CrabWrapper EXIT_FUNC entered at Mon Feb  2 23:09:09 GMT 2015   -  Mon Feb  2 23:09:09 UTC 2015
Checking output files:  
will tar file crab_fjr_409.xml in  out_files_409
WARNING: output file CMSSW_409.stdout not found!
WARNING: output file CMSSW_409.stderr not found!
WARNING: output file Watchdog_409.log.gz not found!
>>> padding time: Wrapper lasting more than 600 seconds. No sleep required.
STOPPING WATCHDOG. CrabWatchdog PID is 28475
********** LAST 50 LINES OF WATCHDOG LOG
 Feb 02 21:07:49 GMT	28609	987164	1363564	52	112	1084	cmsRun -j /scratch/condor/dir_12071/glide_luqKl8/execute/dir_27418/crab_fjr_409.xml -p pset.py      
 Feb 02 21:08:49 GMT	28609	1011604	1363564	52	119	1144	cmsRun -j /scratch/condor/dir_12071/glide_luqKl8/execute/dir_27418/crab_fjr_409.xml -p pset.py      
 Feb 02 21:09:49 GMT	28609	1015732	1363564	52	119	1205	cmsRun -j /scratch/condor/dir_12071/glide_luqKl8/execute/dir_27418/crab_fjr_409.xml -p pset.py      
 Feb 02 21:10:50 GMT	28609	1039212	1364080	52	119	1265	cmsRun -j /scratch/condor/dir_12071/glide_luqKl8/execute/dir_27418/crab_fjr_409.xml -p pset.py      
 Feb 02 21:11:50 GMT	28609	1062656	1384048	52	121	1325	cmsRun -j /scratch/condor/dir_12071/glide_luqKl8/execute/dir_27418/crab_fjr_409.xml -p pset.py      
 Feb 02 21:12:50 GMT	28609	1075388	1390448	52	122	1386	cmsRun -j /scratch/condor/dir_12071/glide_luqKl8/execute/dir_27418/crab_fjr_409.xml -p pset.py      
 Feb 02 21:13:51 GMT	28609	1082372	1392752	52	123	1446	cmsRun -j /scratch/condor/dir_12071/glide_luqKl8/execute/dir_27418/crab_fjr_409.xml -p pset.py      
 Feb 02 21:14:51 GMT	28609	1206900	1643268	52	157	1506	cmsRun -j /scratch/condor/dir_12071/glide_luqKl8/execute/dir_27418/crab_fjr_409.xml -p pset.py      
 Feb 02 21:14:51 GMT	---	1206900	1643268	73	----	----	----
 Feb 02 21:15:51 GMT	28609	1206900	1646340	73	158	1566	cmsRun -j /scratch/condor/dir_12071/glide_luqKl8/execute/dir_27418/crab_fjr_409.xml -p pset.py      
 Feb 02 21:19:52 GMT	28609	1211252	1646340	73	161	1807	cmsRun -j /scratch/condor/dir_12071/glide_luqKl8/execute/dir_27418/crab_fjr_409.xml -p pset.py      
# TIME			PID	RSS(KB)	VSZ(KB)	Dsk(MB)	tCPU(s)	tWALL(s)	COMMAND
 Feb 02 21:20:52 GMT	28609	1216320	1647108	73	163	1867	cmsRun -j /scratch/condor/dir_12071/glide_luqKl8/execute/dir_27418/crab_fjr_409.xml -p pset.py      
 Feb 02 21:21:52 GMT	28609	1219696	1647108	73	165	1927	cmsRun -j /scratch/condor/dir_12071/glide_luqKl8/execute/dir_27418/crab_fjr_409.xml -p pset.py      
 Feb 02 21:25:53 GMT	28609	1219696	1647620	73	172	2168	cmsRun -j /scratch/condor/dir_12071/glide_luqKl8/execute/dir_27418/crab_fjr_409.xml -p pset.py      
 Feb 02 21:29:53 GMT	28609	1219696	1651716	73	181	2409	cmsRun -j /scratch/condor/dir_12071/glide_luqKl8/execute/dir_27418/crab_fjr_409.xml -p pset.py      
 Feb 02 21:30:54 GMT	28609	1219696	1654276	73	184	2469	cmsRun -j /scratch/condor/dir_12071/glide_luqKl8/execute/dir_27418/crab_fjr_409.xml -p pset.py      
 Feb 02 21:31:54 GMT	28609	1219696	1657860	73	187	2529	cmsRun -j /scratch/condor/dir_12071/glide_luqKl8/execute/dir_27418/crab_fjr_409.xml -p pset.py      
 Feb 02 21:32:54 GMT	28609	1219696	1659908	73	190	2589	cmsRun -j /scratch/condor/dir_12071/glide_luqKl8/execute/dir_27418/crab_fjr_409.xml -p pset.py      
 Feb 02 21:34:54 GMT	28609	1219696	1662212	73	199	2710	cmsRun -j /scratch/condor/dir_12071/glide_luqKl8/execute/dir_27418/crab_fjr_409.xml -p pset.py      
 Feb 02 21:36:55 GMT	28609	1238588	1679108	73	211	2830	cmsRun -j /scratch/condor/dir_12071/glide_luqKl8/execute/dir_27418/crab_fjr_409.xml -p pset.py      
 Feb 02 21:37:55 GMT	28609	1248108	1688324	73	214	2890	cmsRun -j /scratch/condor/dir_12071/glide_luqKl8/execute/dir_27418/crab_fjr_409.xml -p pset.py      
 Feb 02 21:38:55 GMT	28609	1251408	1691908	73	218	2950	cmsRun -j /scratch/condor/dir_12071/glide_luqKl8/execute/dir_27418/crab_fjr_409.xml -p pset.py      
 Feb 02 21:39:55 GMT	28609	1303276	1768196	73	224	3010	cmsRun -j /scratch/condor/dir_12071/glide_luqKl8/execute/dir_27418/crab_fjr_409.xml -p pset.py      
 Feb 02 21:40:55 GMT	---	1303276	1768196	94	----	----	----
 Feb 02 21:58:00 GMT	---	1303276	1768196	115	----	----	----
 Feb 02 22:08:02 GMT	28609	1331672	1776388	115	379	4697	cmsRun -j /scratch/condor/dir_12071/glide_luqKl8/execute/dir_27418/crab_fjr_409.xml -p pset.py      
 Feb 02 22:09:02 GMT	28609	1341100	1777668	115	387	4757	cmsRun -j /scratch/condor/dir_12071/glide_luqKl8/execute/dir_27418/crab_fjr_409.xml -p pset.py      
 Feb 02 22:10:02 GMT	---	1341100	1777668	138	----	----	----
 Feb 02 22:12:03 GMT	28609	1341100	1788420	138	412	4938	cmsRun -j /scratch/condor/dir_12071/glide_luqKl8/execute/dir_27418/crab_fjr_409.xml -p pset.py      
 Feb 02 22:13:03 GMT	28609	1341100	1790724	138	417	4999	cmsRun -j /scratch/condor/dir_12071/glide_luqKl8/execute/dir_27418/crab_fjr_409.xml -p pset.py      
 Feb 02 22:14:04 GMT	28609	1341100	1790980	138	421	5059	cmsRun -j /scratch/condor/dir_12071/glide_luqKl8/execute/dir_27418/crab_fjr_409.xml -p pset.py      
 Feb 02 22:17:05 GMT	28609	1341100	1792004	138	436	5240	cmsRun -j /scratch/condor/dir_12071/glide_luqKl8/execute/dir_27418/crab_fjr_409.xml -p pset.py      
 Feb 02 22:18:05 GMT	28609	1341100	1815044	138	456	5300	cmsRun -j /scratch/condor/dir_12071/glide_luqKl8/execute/dir_27418/crab_fjr_409.xml -p pset.py      
 Feb 02 22:25:06 GMT	28609	1351444	1821956	138	474	5721	cmsRun -j /scratch/condor/dir_12071/glide_luqKl8/execute/dir_27418/crab_fjr_409.xml -p pset.py      
 Feb 02 22:26:06 GMT	---	1351444	1821956	159	----	----	----
 Feb 02 22:37:09 GMT	---	1351444	1821956	179	----	----	----
 Feb 02 22:45:11 GMT	28609	1351444	1862148	179	667	6926	cmsRun -j /scratch/condor/dir_12071/glide_luqKl8/execute/dir_27418/crab_fjr_409.xml -p pset.py      
 Feb 02 22:45:11 GMT	---	1351444	1862148	202	----	----	----
 Feb 02 22:46:11 GMT	28609	1351444	1866500	202	674	6986	cmsRun -j /scratch/condor/dir_12071/glide_luqKl8/execute/dir_27418/crab_fjr_409.xml -p pset.py      
 Feb 02 22:48:12 GMT	28609	1351444	1867268	202	689	7107	cmsRun -j /scratch/condor/dir_12071/glide_luqKl8/execute/dir_27418/crab_fjr_409.xml -p pset.py      
 Feb 02 22:50:12 GMT	28609	1351444	1878020	202	701	7227	cmsRun -j /scratch/condor/dir_12071/glide_luqKl8/execute/dir_27418/crab_fjr_409.xml -p pset.py      
# TIME			PID	RSS(KB)	VSZ(KB)	Dsk(MB)	tCPU(s)	tWALL(s)	COMMAND
 Feb 02 22:51:12 GMT	28609	1351444	1883908	202	707	7287	cmsRun -j /scratch/condor/dir_12071/glide_luqKl8/execute/dir_27418/crab_fjr_409.xml -p pset.py      
 Feb 02 22:52:12 GMT	28609	1369576	1896964	202	722	7347	cmsRun -j /scratch/condor/dir_12071/glide_luqKl8/execute/dir_27418/crab_fjr_409.xml -p pset.py      
 Feb 02 22:53:12 GMT	28609	1378992	1899268	202	728	7408	cmsRun -j /scratch/condor/dir_12071/glide_luqKl8/execute/dir_27418/crab_fjr_409.xml -p pset.py      
 Feb 02 22:54:13 GMT	---	1378992	1899268	223	----	----	----
 Feb 02 23:01:14 GMT	28609	1378992	1901320	223	806	7889	cmsRun -j /scratch/condor/dir_12071/glide_luqKl8/execute/dir_27418/crab_fjr_409.xml -p pset.py      
 Feb 02 23:03:14 GMT	---	1378992	1901320	243	----	----	----
 Feb 02 23:08:15 GMT	---	1378992	1901320	265	----	----	----
********** WATCHDOG LOG ENDED
ZIPPING WATCHDOG LOG
Disk space used:
du -sh /scratch/condor/dir_12071/glide_luqKl8/execute/dir_27418
265M	/scratch/condor/dir_12071/glide_luqKl8/execute/dir_27418
Found unusual stdout, rename for OSB
`/scratch/condor/dir_12071/glide_luqKl8/execute/dir_27418/_condor_stdout' -> `CMSSW_409.stdout'
Found unusual stderr, rename for OSB
`/scratch/condor/dir_12071/glide_luqKl8/execute/dir_27418/_condor_stdout' -> `CMSSW_409.stderr'
crab_fjr_409.xml
CMSSW_409.stdout
CMSSW_409.stderr
Watchdog_409.log.gz
Total Output dimension: 24165
WARNING: output files size limit is set to: 50000000
Total Output dimension 24165 is fine.
JOB_EXIT_STATUS = 0
>>> info for dashboard:
***** Cat /scratch/condor/dir_12071/glide_luqKl8/execute/dir_27418/jobreport.txt *****
MonitorJobID=409_https://submit-6.t2.ucsd.edu//150202//509448.8
MonitorID=dcieri_PU140_4dm08r
ExeTime=8307
ExeExitCode=0
StageOutExitStatusReason = 'Copy succedeed with srm-lcg utils'
StageOutSE = heplnx204.pp.rl.ac.uk
StageOutExitStatus = 0
CrabUserCpuTime=872.56
CrabSysCpuTime=44.80
CrabCpuPercentage=11%
CrabWrapperTime=8367
CrabStageoutTime=49
JobExitCode=0
***** End Cat jobreport *****
Parameters sent to Dashboard.
EXITING at Mon Feb  2 23:09:11 GMT 2015  -  Mon Feb  2 23:09:11 UTC 2015
