This script was generated by crab (version 2.11.1_patch1).
Running /scratch/condor/dir_19772/glide_JKZ6zg/execute/dir_26887/condor_exec.exe with 2 positional parameters: 426 1
Today is Mon Feb  2 20:59:18 GMT 2015 - Mon Feb  2 20:59:18 UTC 2015
Job submitted on host heplnc357.pp.rl.ac.uk
Linux heplnc357.pp.rl.ac.uk 2.6.32-504.3.3.el6.x86_64 #1 SMP Tue Dec 16 14:29:22 CST 2014 x86_64 x86_64 x86_64 GNU/Linux
Distributor ID:	Scientific
Description:	Scientific Linux release 6.6 (Carbon)
>>> current directory (RUNTIME_AREA): /scratch/condor/dir_19772/glide_JKZ6zg/execute/dir_26887
>>> current user: uid=157415(cms415) gid=157000(gplcms) groups=157000(gplcms)
>>> directory permission set to 0700
>>> umask set to:  u=rwx,g=,o=
>>> stdout stderr permission set to 0704
>>> voms proxy information:
subject   : /DC=ch/DC=cern/OU=Organic Units/OU=Users/CN=dcieri/CN=755391/CN=Davide Cieri/CN=769881070/CN=725631389
issuer    : /DC=ch/DC=cern/OU=Organic Units/OU=Users/CN=dcieri/CN=755391/CN=Davide Cieri/CN=769881070
identity  : /DC=ch/DC=cern/OU=Organic Units/OU=Users/CN=dcieri/CN=755391/CN=Davide Cieri
type      : RFC3820 compliant limited proxy
strength  : 1024
path      : /scratch/condor/dir_19772/glide_JKZ6zg/execute/dir_26887/x509up_u62281
timeleft  : 23:58:43
key usage : Digital Signature, Key Encipherment
=== VO cms extension information ===
VO        : cms
subject   : /DC=ch/DC=cern/OU=Organic Units/OU=Users/CN=dcieri/CN=755391/CN=Davide Cieri
issuer    : /DC=ch/DC=cern/OU=computers/CN=lcg-voms2.cern.ch
attribute : /cms/Role=NULL/Capability=NULL
timeleft  : 183:17:06
uri       : lcg-voms2.cern.ch:15002

WNHostName=heplnc357.pp.rl.ac.uk
$_CONDOR_JOB_AD =/scratch/condor/dir_19772/glide_JKZ6zg/execute/dir_26887/.job.ad
OverflowFlag=0
>>> tar --no-same-permissions -xf /scratch/condor/dir_19772/glide_JKZ6zg/execute/dir_26887/default.tgz :
Successful untar
>>> Include /scratch/condor/dir_19772/glide_JKZ6zg/execute/dir_26887 in PYTHONPATH:
strip arguments
env var CRAB_UNIQUE_JOB_ID set to: dcieri_PU140_4dm08r_426_1_lUB
out_files_426
>>> list of expected files on output sandbox
output files: crab_fjr_426.xml CMSSW_426.stdout CMSSW_426.stderr Watchdog_426.log.gz
>>> GridFlavour discovery: 
GridFlavour=LCG
>>> SyncSite discovery: 
SyncSite=T2_UK_SGrid_RALPP
>>> SyncCE discovery: 
getting SyncCE from GLIDEIN_Gaekeeper
SyncCE=heplnv147.pp.rl.ac.uk
>>> info for dashboard:
***** Cat /scratch/condor/dir_19772/glide_JKZ6zg/execute/dir_26887/jobreport.txt *****
WNHostName=heplnc357.pp.rl.ac.uk
OverflowFlag=0
MonitorJobID=426_https://submit-6.t2.ucsd.edu//150202//509448.25
SyncGridJobId=https://submit-6.t2.ucsd.edu//150202//509448.25
MonitorID=dcieri_PU140_4dm08r
GridFlavour=LCG
SyncSite=T2_UK_SGrid_RALPP
SyncCE=heplnv147.pp.rl.ac.uk
***** End Cat jobreport *****
Parameters sent to Dashboard.
>>> setup environment
set SCRAM ARCH to slc6_amd64_gcc472
SCRAM_ARCH = slc6_amd64_gcc472
>>> setup CMS LCG environment:
set SCRAM ARCH and BUILD_ARCH to slc6_amd64_gcc472 ###
Sourcing environment... 
sourcing /cvmfs/cms.cern.ch/cmsset_default.sh
==> setup cms environment ok
>>> specific cmssw setup environment:
CMSSW_VERSION =  CMSSW_6_2_0_SLHC12
WARNING: In non-interactive mode release checks e.g. deprecated releases, production architectures are disabled.
>>> current directory (SOFTWARE_DIR): /scratch/condor/dir_19772/glide_JKZ6zg/execute/dir_26887/CMSSW_6_2_0_SLHC12
PreserveSeeds: <>
IncrementSeeds:<>
>>> info for dashboard:
***** Cat /scratch/condor/dir_19772/glide_JKZ6zg/execute/dir_26887/jobreport.txt *****
MonitorJobID=426_https://submit-6.t2.ucsd.edu//150202//509448.25
MonitorID=dcieri_PU140_4dm08r
***** End Cat jobreport *****
Parameters sent to Dashboard.
crabWatchdog started as process 28822
>>> moving CMSSW software directories in /scratch/condor/dir_19772/glide_JKZ6zg/execute/dir_26887/CMSSW_6_2_0_SLHC12
mv: cannot stat `/scratch/condor/dir_19772/glide_JKZ6zg/execute/dir_26887/module/': No such file or directory
>>> Include /scratch/condor/dir_19772/glide_JKZ6zg/execute/dir_26887 in PYTHONPATH:
PYTHONPATH=/scratch/condor/dir_19772/glide_JKZ6zg/execute/dir_26887/:/scratch/condor/dir_19772/glide_JKZ6zg/execute/dir_26887/CMSSW_6_2_0_SLHC12/python:/scratch/condor/dir_19772/glide_JKZ6zg/execute/dir_26887/CMSSW_6_2_0_SLHC12/lib/slc6_amd64_gcc472:/cvmfs/cms.cern.ch/slc6_amd64_gcc472/cms/cmssw/CMSSW_6_2_0_SLHC12/python:/cvmfs/cms.cern.ch/slc6_amd64_gcc472/cms/cmssw/CMSSW_6_2_0_SLHC12/lib/slc6_amd64_gcc472:/cvmfs/cms.cern.ch/slc6_amd64_gcc472/cms/coral/CORAL_2_3_21-cms35/slc6_amd64_gcc472/python:/cvmfs/cms.cern.ch/slc6_amd64_gcc472/cms/coral/CORAL_2_3_21-cms35/slc6_amd64_gcc472/lib:/cvmfs/cms.cern.ch/slc6_amd64_gcc472/external/python-ldap/2.3.5-cms5/lib/python2.7/site-packages:/cvmfs/cms.cern.ch/slc6_amd64_gcc472/external/pyqt/4.8.1-cms5/lib/python2.7/site-packages:/cvmfs/cms.cern.ch/slc6_amd64_gcc472/external/py2-scipy/0.8.0-cms7/lib/python2.7/site-packages:/cvmfs/cms.cern.ch/slc6_amd64_gcc472/external/py2-matplotlib/1.0.1-cms7/lib/python2.7/site-packages:/cvmfs/cms.cern.ch/slc6_amd64_gcc472/external/sip/4.11.2-cms5/lib/python2.7/site-packages:/cvmfs/cms.cern.ch/slc6_amd64_gcc472/external/py2-pycurl/7.19.0-cms7/lib/python2.7/site-packages:/cvmfs/cms.cern.ch/slc6_amd64_gcc472/external/py2-numpy/1.6.1-cms7/lib/python2.7/site-packages:/cvmfs/cms.cern.ch/slc6_amd64_gcc472/external/py2-lint/0.25.1-cms5/lib/python2.7/site-packages:/cvmfs/cms.cern.ch/slc6_amd64_gcc472/external/py2-ipython/0.10-cms5/lib/python2.7/site-packages:/cvmfs/cms.cern.ch/slc6_amd64_gcc472/external/py2-cx-oracle/5.1-cms5/lib/python2.7/site-packages:/cvmfs/cms.cern.ch/slc6_amd64_gcc472/external/py2-cjson/1.0.5-cms5/lib/python2.7/site-packages:/cvmfs/cms.cern.ch/slc6_amd64_gcc472/cms/das-client/1.11.7/bin:/cvmfs/cms.cern.ch/slc6_amd64_gcc472/external/elementtree/1.2.6-cms5/share/lib/python2.7/site-packages:/cvmfs/cms.cern.ch/slc6_amd64_gcc472/external/rivet/1.8.2-cms9/lib/python2.7/site-packages:/cvmfs/cms.cern.ch/slc6_amd64_gcc472/external/pyminuit2/0.0.1-cms19/lib/python2.7/site-packages:/cvmfs/cms.cern.ch/slc6_amd64_gcc472/external/py2-pygithub/1.23.0-cms2/lib/python2.7/site-packages:/cvmfs/cms.cern.ch/slc6_amd64_gcc472/external/professor/1.0.0-cms19/lib/python2.7/site-packages:/cvmfs/cms.cern.ch/slc6_amd64_gcc472/lcg/root/5.34.07-cms/lib:/cvmfs/cms.cern.ch/slc6_amd64_gcc472/cms/dbs-client/DBS_2_1_9-cms5/lib:/cvmfs/cms.cern.ch/slc6_amd64_gcc472/cms/dbs-client/DBS_2_1_9-cms5/lib/DBSAPI:/cvmfs/cms.cern.ch/slc6_amd64_gcc472/external/cvs2git/5419-cms/lib:/scratch/condor/dir_19772/glide_JKZ6zg/execute/dir_26887/
 
# LIMITS USED BY CRAB WATCHDOG:
# RSS  (KBytes)   : 2300000
# VSZ  (KBytes)   : 100000000
# DISK (MBytes)   : 19000
# CPU TIME        : 720h:0m:0s
# WALL CLOCK TIME : 21h:50m:0s
 
3c0380cf82de79bc39966c93934c61fc
PSETHASH = 3c0380cf82de79bc39966c93934c61fc
/scratch/condor/dir_19772/glide_JKZ6zg/execute/dir_26887/writeCfg.py pset.py pset.py
Importing .py file
Setting parameters
RandomNumberGeneratorService found, will attempt to change seeds
inputBlocks=/ttbar/dcieri-ttbar_SIM-130075366148575c102f0d64fd3ac8f7/USER#42cb1519-7f11-43e2-ab9a-a013bd5404ac
inputFiles=/store/user/dcieri/ttbar_SIM/ttbar/ttbar_SIM/150129_145223/0000/step1_326.root
parentFiles=
lumisRange=
>>> Executable cmsRun
/cvmfs/cms.cern.ch/slc6_amd64_gcc472/cms/cmssw/CMSSW_6_2_0_SLHC12/bin/slc6_amd64_gcc472/cmsRun
ok executable found
>>> info for dashboard:
***** Cat /scratch/condor/dir_19772/glide_JKZ6zg/execute/dir_26887/jobreport.txt *****
MonitorJobID=426_https://submit-6.t2.ucsd.edu//150202//509448.25
MonitorID=dcieri_PU140_4dm08r
ExeStart=cmsRun
***** End Cat jobreport *****
Parameters sent to Dashboard.
>>> cmsRun started at Mon Feb  2 20:59:25 UTC 2015
>>> cmsRun ended at Mon Feb  2 23:20:31 UTC 2015
>>> crab_fjr_*.xml  permission set to 0704
>>> info for dashboard:
***** Cat /scratch/condor/dir_19772/glide_JKZ6zg/execute/dir_26887/jobreport.txt *****
MonitorJobID=426_https://submit-6.t2.ucsd.edu//150202//509448.25
MonitorID=dcieri_PU140_4dm08r
ExeEnd=cmsRun
***** End Cat jobreport *****
Parameters sent to Dashboard.
TIME_EXE = 8466 sec
>>> cmsRun wrote 208 lines of stdout+stderr
>>> START OF printout of 208 lines from stdout+stderr
271 DQMStore::DQMStore 
HcalTopologyIdealEP::HcalTopologyIdealEP
02-Feb-2015 20:59:33 GMT  Initiating request to open file root://dcap.pp.rl.ac.uk:1094/pnfs/pp.rl.ac.uk/data/cms/store/user/dcieri/ttbar_SIM/ttbar/ttbar_SIM/150129_145223/0000/step1_326.root
02-Feb-2015 20:59:35 GMT  Successfully opened file root://dcap.pp.rl.ac.uk:1094/pnfs/pp.rl.ac.uk/data/cms/store/user/dcieri/ttbar_SIM/ttbar/ttbar_SIM/150129_145223/0000/step1_326.root
02-Feb-2015 20:59:36 GMT  Initiating request to open file root://xrootd.unl.edu//store/group/dpg_trigger/comm_trigger/L1TrackTrigger/620_SLHC10/Extended2023TTI/MinBias/MinBias_TuneZ2star_GEN_SIM_1.root
02-Feb-2015 21:00:08 GMT  Successfully opened file root://xrootd.unl.edu//store/group/dpg_trigger/comm_trigger/L1TrackTrigger/620_SLHC10/Extended2023TTI/MinBias/MinBias_TuneZ2star_GEN_SIM_1.root
disableME1a = 0
HcalTopologyIdealEP::produce(const IdealGeometryRecord& iRecord)
mode = 2, maxDepthHB = 3, maxDepthHE = 5
RPCGeometryESModule :: produce
RPCGeometryESModule :: produce :: 1/4 Get Muon Ideal Geometry Record
RPCGeometryESModule :: produce :: 2/4 Get Muon DDD Constants
RPCGeometryESModule :: produce :: 3/4 Get Muon Numbering Record
in MuonNumberingInitialization::initializeMuonDDDConstants
about to make my new muonDDDConst_
in MuonNumberingInitialization::produce
RPCGeometryESModule :: produce :: 4/4 Build
Found:

	Barrel Stack layer 5 : 1008 stacks
	Barrel Stack layer 6 : 1320 stacks
	Barrel Stack layer 7 : 1836 stacks
	Barrel Stack layer 8 : 1152 stacks
	Barrel Stack layer 9 : 1488 stacks
	Barrel Stack layer 10 : 1824 stacks

	Endcap Stack disk 11 : 1360 stacks
	Endcap Stack disk 12 : 1360 stacks
	Endcap Stack disk 13 : 1360 stacks
	Endcap Stack disk 14 : 1360 stacks
	Endcap Stack disk 15 : 1360 stacks
Created 15428 stacks in 15 s

TTClusterBuilder< edm::Ref<edm::DetSetVector<PixelDigi>, PixelDigi, edm::refhelper::FindForDetSetVector<PixelDigi> > > loaded modules:
	TTClusterAlgorithm:	TTClusterAlgorithm_2d2013< edm::Ref<edm::DetSetVector<PixelDigi>, PixelDigi, edm::refhelper::FindForDetSetVector<PixelDigi> > >


TTStubBuilder< edm::Ref<edm::DetSetVector<PixelDigi>, PixelDigi, edm::refhelper::FindForDetSetVector<PixelDigi> > > loaded modules:
	TTStubAlgorithm:	TTStubAlgorithm_tab2013< edm::Ref<edm::DetSetVector<PixelDigi>, PixelDigi, edm::refhelper::FindForDetSetVector<PixelDigi> > >


TTClusterAssociator< edm::Ref<edm::DetSetVector<PixelDigi>, PixelDigi, edm::refhelper::FindForDetSetVector<PixelDigi> > > loaded.


TTStubAssociator< edm::Ref<edm::DetSetVector<PixelDigi>, PixelDigi, edm::refhelper::FindForDetSetVector<PixelDigi> > > loaded.


TTTrackAssociator< edm::Ref<edm::DetSetVector<PixelDigi>, PixelDigi, edm::refhelper::FindForDetSetVector<PixelDigi> > > loaded.

Begin processing the 1st record. Run 1, Event 3251, LumiSection 326 at 02-Feb-2015 21:00:39.065 GMT
02-Feb-2015 21:00:45 GMT  Closed file root://xrootd.unl.edu//store/group/dpg_trigger/comm_trigger/L1TrackTrigger/620_SLHC10/Extended2023TTI/MinBias/MinBias_TuneZ2star_GEN_SIM_1.root
02-Feb-2015 21:00:45 GMT  Initiating request to open file root://xrootd.unl.edu//store/group/dpg_trigger/comm_trigger/L1TrackTrigger/620_SLHC10/Extended2023TTI/MinBias/MinBias_TuneZ2star_GEN_SIM_78.root
02-Feb-2015 21:01:44 GMT  Successfully opened file root://xrootd.unl.edu//store/group/dpg_trigger/comm_trigger/L1TrackTrigger/620_SLHC10/Extended2023TTI/MinBias/MinBias_TuneZ2star_GEN_SIM_78.root
150202 21:06:04 29713 Xrd: XrdClientMessage::ReadRaw: Failed to read header (8 bytes).
150202 21:07:03 29711 Xrd: XrdClientMessage::ReadRaw: Failed to read header (8 bytes).
02-Feb-2015 21:08:49 GMT  Closed file root://xrootd.unl.edu//store/group/dpg_trigger/comm_trigger/L1TrackTrigger/620_SLHC10/Extended2023TTI/MinBias/MinBias_TuneZ2star_GEN_SIM_78.root
02-Feb-2015 21:08:49 GMT  Initiating request to open file root://xrootd.unl.edu//store/group/dpg_trigger/comm_trigger/L1TrackTrigger/620_SLHC10/Extended2023TTI/MinBias/MinBias_TuneZ2star_GEN_SIM_631.root
150202 21:10:44 9288 Xrd: CheckErrorStatus: Server [xrootd-redic.pi.infn.it:1094] declared: session not found(error code: 3011)
02-Feb-2015 21:10:44 GMT  Successfully opened file root://xrootd.unl.edu//store/group/dpg_trigger/comm_trigger/L1TrackTrigger/620_SLHC10/Extended2023TTI/MinBias/MinBias_TuneZ2star_GEN_SIM_631.root
150202 21:14:04 32450 Xrd: XrdClientMessage::ReadRaw: Failed to read header (8 bytes).
150202 21:16:04 11965 Xrd: XrdClientMessage::ReadRaw: Failed to read header (8 bytes).
150202 21:20:03 29543 Xrd: XrdClientMessage::ReadRaw: Failed to read header (8 bytes).
150202 21:20:04 29544 Xrd: XrdClientMessage::ReadRaw: Failed to read header (8 bytes).
150202 21:20:34 29710 Xrd: XrdClientMessage::ReadRaw: Failed to read header (8 bytes).
02-Feb-2015 21:20:37 GMT  Closed file root://xrootd.unl.edu//store/group/dpg_trigger/comm_trigger/L1TrackTrigger/620_SLHC10/Extended2023TTI/MinBias/MinBias_TuneZ2star_GEN_SIM_631.root
02-Feb-2015 21:20:37 GMT  Initiating request to open file root://xrootd.unl.edu//store/group/dpg_trigger/comm_trigger/L1TrackTrigger/620_SLHC10/Extended2023TTI/MinBias/MinBias_TuneZ2star_GEN_SIM_562.root
150202 21:21:08 26144 Xrd: CheckErrorStatus: Server [xrootd-redic.pi.infn.it:1094] declared: session not found(error code: 3011)
02-Feb-2015 21:21:08 GMT  Successfully opened file root://xrootd.unl.edu//store/group/dpg_trigger/comm_trigger/L1TrackTrigger/620_SLHC10/Extended2023TTI/MinBias/MinBias_TuneZ2star_GEN_SIM_562.root
150202 21:22:04 32449 Xrd: XrdClientMessage::ReadRaw: Failed to read header (8 bytes).
Building the geometry service
Warning did not find digi
Warning did not find digi
Warning did not find digi
Warning did not find digi
Warning did not find digi in disks
Warning did not find digi in disks
Warning did not find digi in disks
Warning did not find digi in disks
150202 21:26:04 11966 Xrd: XrdClientMessage::ReadRaw: Failed to read header (8 bytes).
150202 21:26:33 26634 Xrd: XrdClientMessage::ReadRaw: Failed to read header (8 bytes).
02-Feb-2015 21:30:38 GMT  Closed file root://xrootd.unl.edu//store/group/dpg_trigger/comm_trigger/L1TrackTrigger/620_SLHC10/Extended2023TTI/MinBias/MinBias_TuneZ2star_GEN_SIM_562.root
02-Feb-2015 21:30:38 GMT  Initiating request to open file root://xrootd.unl.edu//store/group/dpg_trigger/comm_trigger/L1TrackTrigger/620_SLHC10/Extended2023TTI/MinBias/MinBias_TuneZ2star_GEN_SIM_610.root
150202 21:31:09 6982 Xrd: CheckErrorStatus: Server [xrootd-redic.pi.infn.it:1094] declared: session not found(error code: 3011)
02-Feb-2015 21:31:09 GMT  Successfully opened file root://xrootd.unl.edu//store/group/dpg_trigger/comm_trigger/L1TrackTrigger/620_SLHC10/Extended2023TTI/MinBias/MinBias_TuneZ2star_GEN_SIM_610.root
150202 21:36:04 26635 Xrd: XrdClientMessage::ReadRaw: Failed to read header (8 bytes).
150202 21:36:34 7712 Xrd: XrdClientMessage::ReadRaw: Failed to read header (8 bytes).
02-Feb-2015 21:40:33 GMT  Closed file root://xrootd.unl.edu//store/group/dpg_trigger/comm_trigger/L1TrackTrigger/620_SLHC10/Extended2023TTI/MinBias/MinBias_TuneZ2star_GEN_SIM_610.root
02-Feb-2015 21:40:33 GMT  Initiating request to open file root://xrootd.unl.edu//store/group/dpg_trigger/comm_trigger/L1TrackTrigger/620_SLHC10/Extended2023TTI/MinBias/MinBias_TuneZ2star_GEN_SIM_178.root
150202 21:41:04 20280 Xrd: CheckErrorStatus: Server [cms-xrd-global.cern.ch:1094] declared: session not found(error code: 3011)
150202 21:41:04 20280 Xrd: CheckErrorStatus: Server [llrxrd-redir.in2p3.fr:1094] declared: session not found(error code: 3011)
02-Feb-2015 21:41:04 GMT  Successfully opened file root://xrootd.unl.edu//store/group/dpg_trigger/comm_trigger/L1TrackTrigger/620_SLHC10/Extended2023TTI/MinBias/MinBias_TuneZ2star_GEN_SIM_178.root
150202 21:46:03 7713 Xrd: XrdClientMessage::ReadRaw: Failed to read header (8 bytes).
150202 21:46:34 21093 Xrd: XrdClientMessage::ReadRaw: Failed to read header (8 bytes).
02-Feb-2015 21:49:08 GMT  Closed file root://xrootd.unl.edu//store/group/dpg_trigger/comm_trigger/L1TrackTrigger/620_SLHC10/Extended2023TTI/MinBias/MinBias_TuneZ2star_GEN_SIM_178.root
02-Feb-2015 21:49:08 GMT  Initiating request to open file root://xrootd.unl.edu//store/group/dpg_trigger/comm_trigger/L1TrackTrigger/620_SLHC10/Extended2023TTI/MinBias/MinBias_TuneZ2star_GEN_SIM_694.root
150202 21:49:38 31634 Xrd: CheckErrorStatus: Server [xrootd-redic.pi.infn.it:1094] declared: session not found(error code: 3011)
02-Feb-2015 21:49:38 GMT  Successfully opened file root://xrootd.unl.edu//store/group/dpg_trigger/comm_trigger/L1TrackTrigger/620_SLHC10/Extended2023TTI/MinBias/MinBias_TuneZ2star_GEN_SIM_694.root
150202 21:54:34 21123 Xrd: XrdClientMessage::ReadRaw: Failed to read header (8 bytes).
150202 21:55:03 32482 Xrd: XrdClientMessage::ReadRaw: Failed to read header (8 bytes).
02-Feb-2015 21:57:53 GMT  Closed file root://xrootd.unl.edu//store/group/dpg_trigger/comm_trigger/L1TrackTrigger/620_SLHC10/Extended2023TTI/MinBias/MinBias_TuneZ2star_GEN_SIM_694.root
02-Feb-2015 21:57:53 GMT  Initiating request to open file root://xrootd.unl.edu//store/group/dpg_trigger/comm_trigger/L1TrackTrigger/620_SLHC10/Extended2023TTI/MinBias/MinBias_TuneZ2star_GEN_SIM_154.root
150202 21:58:24 11373 Xrd: CheckErrorStatus: Server [llrxrd-redir.in2p3.fr:1094] declared: session not found(error code: 3011)
02-Feb-2015 21:58:25 GMT  Successfully opened file root://xrootd.unl.edu//store/group/dpg_trigger/comm_trigger/L1TrackTrigger/620_SLHC10/Extended2023TTI/MinBias/MinBias_TuneZ2star_GEN_SIM_154.root
150202 22:03:04 32483 Xrd: XrdClientMessage::ReadRaw: Failed to read header (8 bytes).
150202 22:03:34 11496 Xrd: XrdClientMessage::ReadRaw: Failed to read header (8 bytes).
02-Feb-2015 22:04:31 GMT  Closed file root://xrootd.unl.edu//store/group/dpg_trigger/comm_trigger/L1TrackTrigger/620_SLHC10/Extended2023TTI/MinBias/MinBias_TuneZ2star_GEN_SIM_154.root
02-Feb-2015 22:04:31 GMT  Initiating request to open file root://xrootd.unl.edu//store/group/dpg_trigger/comm_trigger/L1TrackTrigger/620_SLHC10/Extended2023TTI/MinBias/MinBias_TuneZ2star_GEN_SIM_891.root
150202 22:09:34 11530 Xrd: XrdClientMessage::ReadRaw: Failed to read header (8 bytes).
150202 22:10:04 11964 Xrd: XrdClientMessage::ReadRaw: Failed to read header (8 bytes).
150202 22:10:46 19771 Xrd: CheckErrorStatus: Server [cms-xrd-global.cern.ch:1094] declared: session not found(error code: 3011)
150202 22:10:46 19771 Xrd: CheckErrorStatus: Server [xrootd-redic.pi.infn.it:1094] declared: session not found(error code: 3011)
02-Feb-2015 22:10:47 GMT  Successfully opened file root://xrootd.unl.edu//store/group/dpg_trigger/comm_trigger/L1TrackTrigger/620_SLHC10/Extended2023TTI/MinBias/MinBias_TuneZ2star_GEN_SIM_891.root
150202 22:16:04 28368 Xrd: XrdClientMessage::ReadRaw: Failed to read header (8 bytes).
02-Feb-2015 22:17:59 GMT  Closed file root://xrootd.unl.edu//store/group/dpg_trigger/comm_trigger/L1TrackTrigger/620_SLHC10/Extended2023TTI/MinBias/MinBias_TuneZ2star_GEN_SIM_891.root
02-Feb-2015 22:17:59 GMT  Initiating request to open file root://xrootd.unl.edu//store/group/dpg_trigger/comm_trigger/L1TrackTrigger/620_SLHC10/Extended2023TTI/MinBias/MinBias_TuneZ2star_GEN_SIM_415.root
150202 22:18:34 21039 Xrd: XrdClientMessage::ReadRaw: Failed to read header (8 bytes).
150202 22:23:03 28369 Xrd: XrdClientMessage::ReadRaw: Failed to read header (8 bytes).
150202 22:24:21 5095 Xrd: CheckErrorStatus: Server [cms-xrd-global.cern.ch:1094] declared: session not found(error code: 3011)
150202 22:24:21 5095 Xrd: CheckErrorStatus: Server [llrxrd-redir.in2p3.fr:1094] declared: session not found(error code: 3011)
02-Feb-2015 22:24:22 GMT  Successfully opened file root://xrootd.unl.edu//store/group/dpg_trigger/comm_trigger/L1TrackTrigger/620_SLHC10/Extended2023TTI/MinBias/MinBias_TuneZ2star_GEN_SIM_415.root
150202 22:29:34 12701 Xrd: XrdClientMessage::ReadRaw: Failed to read header (8 bytes).
150202 22:31:03 28367 Xrd: XrdClientMessage::ReadRaw: Failed to read header (8 bytes).
02-Feb-2015 22:32:37 GMT  Closed file root://xrootd.unl.edu//store/group/dpg_trigger/comm_trigger/L1TrackTrigger/620_SLHC10/Extended2023TTI/MinBias/MinBias_TuneZ2star_GEN_SIM_415.root
02-Feb-2015 22:32:37 GMT  Initiating request to open file root://xrootd.unl.edu//store/group/dpg_trigger/comm_trigger/L1TrackTrigger/620_SLHC10/Extended2023TTI/MinBias/MinBias_TuneZ2star_GEN_SIM_900.root
150202 22:33:08 20806 Xrd: CheckErrorStatus: Server [cms-xrd-global.cern.ch:1094] declared: session not found(error code: 3011)
150202 22:33:08 20806 Xrd: CheckErrorStatus: Server [xrootd-redic.pi.infn.it:1094] declared: session not found(error code: 3011)
02-Feb-2015 22:33:08 GMT  Successfully opened file root://xrootd.unl.edu//store/group/dpg_trigger/comm_trigger/L1TrackTrigger/620_SLHC10/Extended2023TTI/MinBias/MinBias_TuneZ2star_GEN_SIM_900.root
02-Feb-2015 22:37:20 GMT  Closed file root://xrootd.unl.edu//store/group/dpg_trigger/comm_trigger/L1TrackTrigger/620_SLHC10/Extended2023TTI/MinBias/MinBias_TuneZ2star_GEN_SIM_900.root
02-Feb-2015 22:37:20 GMT  Initiating request to open file root://xrootd.unl.edu//store/group/dpg_trigger/comm_trigger/L1TrackTrigger/620_SLHC10/Extended2023TTI/MinBias/MinBias_TuneZ2star_GEN_SIM_43.root
150202 22:37:51 12703 Xrd: XrdClientMessage::ReadRaw: Failed to read header (8 bytes).
02-Feb-2015 22:37:51 GMT  Successfully opened file root://xrootd.unl.edu//store/group/dpg_trigger/comm_trigger/L1TrackTrigger/620_SLHC10/Extended2023TTI/MinBias/MinBias_TuneZ2star_GEN_SIM_43.root
02-Feb-2015 22:41:47 GMT  Closed file root://xrootd.unl.edu//store/group/dpg_trigger/comm_trigger/L1TrackTrigger/620_SLHC10/Extended2023TTI/MinBias/MinBias_TuneZ2star_GEN_SIM_43.root
02-Feb-2015 22:41:47 GMT  Initiating request to open file root://xrootd.unl.edu//store/group/dpg_trigger/comm_trigger/L1TrackTrigger/620_SLHC10/Extended2023TTI/MinBias/MinBias_TuneZ2star_GEN_SIM_619.root
150202 22:42:19 27823 Xrd: CheckErrorStatus: Server [cms-xrd-global.cern.ch:1094] declared: session not found(error code: 3011)
02-Feb-2015 22:42:20 GMT  Successfully opened file root://xrootd.unl.edu//store/group/dpg_trigger/comm_trigger/L1TrackTrigger/620_SLHC10/Extended2023TTI/MinBias/MinBias_TuneZ2star_GEN_SIM_619.root
150202 22:42:34 21412 Xrd: XrdClientMessage::ReadRaw: Failed to read header (8 bytes).
02-Feb-2015 22:45:46 GMT  Closed file root://xrootd.unl.edu//store/group/dpg_trigger/comm_trigger/L1TrackTrigger/620_SLHC10/Extended2023TTI/MinBias/MinBias_TuneZ2star_GEN_SIM_619.root
02-Feb-2015 22:45:46 GMT  Initiating request to open file root://xrootd.unl.edu//store/group/dpg_trigger/comm_trigger/L1TrackTrigger/620_SLHC10/Extended2023TTI/MinBias/MinBias_TuneZ2star_GEN_SIM_726.root
150202 22:46:17 30312 Xrd: CheckErrorStatus: Server [eoscms.cern.ch:1094] declared: session not found(error code: 3011)
02-Feb-2015 22:46:17 GMT  Successfully opened file root://xrootd.unl.edu//store/group/dpg_trigger/comm_trigger/L1TrackTrigger/620_SLHC10/Extended2023TTI/MinBias/MinBias_TuneZ2star_GEN_SIM_726.root
150202 22:47:04 25002 Xrd: XrdClientMessage::ReadRaw: Failed to read header (8 bytes).
02-Feb-2015 22:49:39 GMT  Closed file root://xrootd.unl.edu//store/group/dpg_trigger/comm_trigger/L1TrackTrigger/620_SLHC10/Extended2023TTI/MinBias/MinBias_TuneZ2star_GEN_SIM_726.root
02-Feb-2015 22:49:39 GMT  Initiating request to open file root://xrootd.unl.edu//store/group/dpg_trigger/comm_trigger/L1TrackTrigger/620_SLHC10/Extended2023TTI/MinBias/MinBias_TuneZ2star_GEN_SIM_398.root
150202 22:50:10 32664 Xrd: CheckErrorStatus: Server [eoscms.cern.ch:1094] declared: session not found(error code: 3011)
02-Feb-2015 22:50:10 GMT  Successfully opened file root://xrootd.unl.edu//store/group/dpg_trigger/comm_trigger/L1TrackTrigger/620_SLHC10/Extended2023TTI/MinBias/MinBias_TuneZ2star_GEN_SIM_398.root
150202 22:51:04 28085 Xrd: XrdClientMessage::ReadRaw: Failed to read header (8 bytes).
02-Feb-2015 22:53:14 GMT  Closed file root://xrootd.unl.edu//store/group/dpg_trigger/comm_trigger/L1TrackTrigger/620_SLHC10/Extended2023TTI/MinBias/MinBias_TuneZ2star_GEN_SIM_398.root
02-Feb-2015 22:53:14 GMT  Initiating request to open file root://xrootd.unl.edu//store/group/dpg_trigger/comm_trigger/L1TrackTrigger/620_SLHC10/Extended2023TTI/MinBias/MinBias_TuneZ2star_GEN_SIM_910.root
02-Feb-2015 22:53:45 GMT  Successfully opened file root://xrootd.unl.edu//store/group/dpg_trigger/comm_trigger/L1TrackTrigger/620_SLHC10/Extended2023TTI/MinBias/MinBias_TuneZ2star_GEN_SIM_910.root
150202 22:55:04 30562 Xrd: XrdClientMessage::ReadRaw: Failed to read header (8 bytes).
02-Feb-2015 22:56:16 GMT  Closed file root://xrootd.unl.edu//store/group/dpg_trigger/comm_trigger/L1TrackTrigger/620_SLHC10/Extended2023TTI/MinBias/MinBias_TuneZ2star_GEN_SIM_910.root
02-Feb-2015 22:56:16 GMT  Initiating request to open file root://xrootd.unl.edu//store/group/dpg_trigger/comm_trigger/L1TrackTrigger/620_SLHC10/Extended2023TTI/MinBias/MinBias_TuneZ2star_GEN_SIM_956.root
02-Feb-2015 22:56:47 GMT  Successfully opened file root://xrootd.unl.edu//store/group/dpg_trigger/comm_trigger/L1TrackTrigger/620_SLHC10/Extended2023TTI/MinBias/MinBias_TuneZ2star_GEN_SIM_956.root
150202 22:58:34 599 Xrd: XrdClientMessage::ReadRaw: Failed to read header (8 bytes).
02-Feb-2015 22:59:36 GMT  Closed file root://xrootd.unl.edu//store/group/dpg_trigger/comm_trigger/L1TrackTrigger/620_SLHC10/Extended2023TTI/MinBias/MinBias_TuneZ2star_GEN_SIM_956.root
02-Feb-2015 22:59:36 GMT  Initiating request to open file root://xrootd.unl.edu//store/group/dpg_trigger/comm_trigger/L1TrackTrigger/620_SLHC10/Extended2023TTI/MinBias/MinBias_TuneZ2star_GEN_SIM_241.root
02-Feb-2015 23:00:07 GMT  Successfully opened file root://xrootd.unl.edu//store/group/dpg_trigger/comm_trigger/L1TrackTrigger/620_SLHC10/Extended2023TTI/MinBias/MinBias_TuneZ2star_GEN_SIM_241.root
150202 23:01:33 3000 Xrd: XrdClientMessage::ReadRaw: Failed to read header (8 bytes).
02-Feb-2015 23:02:34 GMT  Closed file root://xrootd.unl.edu//store/group/dpg_trigger/comm_trigger/L1TrackTrigger/620_SLHC10/Extended2023TTI/MinBias/MinBias_TuneZ2star_GEN_SIM_241.root
02-Feb-2015 23:02:34 GMT  Initiating request to open file root://xrootd.unl.edu//store/group/dpg_trigger/comm_trigger/L1TrackTrigger/620_SLHC10/Extended2023TTI/MinBias/MinBias_TuneZ2star_GEN_SIM_915.root
02-Feb-2015 23:02:35 GMT  Successfully opened file root://xrootd.unl.edu//store/group/dpg_trigger/comm_trigger/L1TrackTrigger/620_SLHC10/Extended2023TTI/MinBias/MinBias_TuneZ2star_GEN_SIM_915.root
02-Feb-2015 23:04:53 GMT  Closed file root://xrootd.unl.edu//store/group/dpg_trigger/comm_trigger/L1TrackTrigger/620_SLHC10/Extended2023TTI/MinBias/MinBias_TuneZ2star_GEN_SIM_915.root
02-Feb-2015 23:04:53 GMT  Initiating request to open file root://xrootd.unl.edu//store/group/dpg_trigger/comm_trigger/L1TrackTrigger/620_SLHC10/Extended2023TTI/MinBias/MinBias_TuneZ2star_GEN_SIM_265.root
150202 23:04:54 4889 Xrd: XrdClientMessage::ReadRaw: Failed to read header (8 bytes).
02-Feb-2015 23:06:29 GMT  Successfully opened file root://xrootd.unl.edu//store/group/dpg_trigger/comm_trigger/L1TrackTrigger/620_SLHC10/Extended2023TTI/MinBias/MinBias_TuneZ2star_GEN_SIM_265.root
150202 23:08:04 6996 Xrd: XrdClientMessage::ReadRaw: Failed to read header (8 bytes).
02-Feb-2015 23:08:26 GMT  Closed file root://xrootd.unl.edu//store/group/dpg_trigger/comm_trigger/L1TrackTrigger/620_SLHC10/Extended2023TTI/MinBias/MinBias_TuneZ2star_GEN_SIM_265.root
02-Feb-2015 23:08:26 GMT  Initiating request to open file root://xrootd.unl.edu//store/group/dpg_trigger/comm_trigger/L1TrackTrigger/620_SLHC10/Extended2023TTI/MinBias/MinBias_TuneZ2star_GEN_SIM_464.root
02-Feb-2015 23:08:57 GMT  Successfully opened file root://xrootd.unl.edu//store/group/dpg_trigger/comm_trigger/L1TrackTrigger/620_SLHC10/Extended2023TTI/MinBias/MinBias_TuneZ2star_GEN_SIM_464.root
150202 23:10:04 8923 Xrd: XrdClientMessage::ReadRaw: Failed to read header (8 bytes).
02-Feb-2015 23:12:03 GMT  Closed file root://xrootd.unl.edu//store/group/dpg_trigger/comm_trigger/L1TrackTrigger/620_SLHC10/Extended2023TTI/MinBias/MinBias_TuneZ2star_GEN_SIM_464.root
02-Feb-2015 23:12:03 GMT  Initiating request to open file root://xrootd.unl.edu//store/group/dpg_trigger/comm_trigger/L1TrackTrigger/620_SLHC10/Extended2023TTI/MinBias/MinBias_TuneZ2star_GEN_SIM_971.root
02-Feb-2015 23:12:34 GMT  Successfully opened file root://xrootd.unl.edu//store/group/dpg_trigger/comm_trigger/L1TrackTrigger/620_SLHC10/Extended2023TTI/MinBias/MinBias_TuneZ2star_GEN_SIM_971.root
150202 23:13:33 11101 Xrd: XrdClientMessage::ReadRaw: Failed to read header (8 bytes).
02-Feb-2015 23:15:30 GMT  Closed file root://xrootd.unl.edu//store/group/dpg_trigger/comm_trigger/L1TrackTrigger/620_SLHC10/Extended2023TTI/MinBias/MinBias_TuneZ2star_GEN_SIM_971.root
02-Feb-2015 23:15:30 GMT  Initiating request to open file root://xrootd.unl.edu//store/group/dpg_trigger/comm_trigger/L1TrackTrigger/620_SLHC10/Extended2023TTI/MinBias/MinBias_TuneZ2star_GEN_SIM_849.root
02-Feb-2015 23:16:01 GMT  Successfully opened file root://xrootd.unl.edu//store/group/dpg_trigger/comm_trigger/L1TrackTrigger/620_SLHC10/Extended2023TTI/MinBias/MinBias_TuneZ2star_GEN_SIM_849.root
150202 23:17:34 12152 Xrd: XrdClientMessage::ReadRaw: Failed to read header (8 bytes).
02-Feb-2015 23:19:13 GMT  Closed file root://xrootd.unl.edu//store/group/dpg_trigger/comm_trigger/L1TrackTrigger/620_SLHC10/Extended2023TTI/MinBias/MinBias_TuneZ2star_GEN_SIM_849.root
02-Feb-2015 23:19:13 GMT  Initiating request to open file root://xrootd.unl.edu//store/group/dpg_trigger/comm_trigger/L1TrackTrigger/620_SLHC10/Extended2023TTI/MinBias/MinBias_TuneZ2star_GEN_SIM_995.root
150202 23:19:44 16562 Xrd: CheckErrorStatus: Server [eoscms.cern.ch:1094] declared: session not found(error code: 3011)
02-Feb-2015 23:19:44 GMT  Successfully opened file root://xrootd.unl.edu//store/group/dpg_trigger/comm_trigger/L1TrackTrigger/620_SLHC10/Extended2023TTI/MinBias/MinBias_TuneZ2star_GEN_SIM_995.root
02-Feb-2015 23:20:30 GMT  Closed file root://dcap.pp.rl.ac.uk:1094/pnfs/pp.rl.ac.uk/data/cms/store/user/dcieri/ttbar_SIM/ttbar/ttbar_SIM/150129_145223/0000/step1_326.root
02-Feb-2015 23:20:30 GMT  Closed file root://xrootd.unl.edu//store/group/dpg_trigger/comm_trigger/L1TrackTrigger/620_SLHC10/Extended2023TTI/MinBias/MinBias_TuneZ2star_GEN_SIM_995.root

=============================================

MessageLogger Summary

 type     category        sev    module        subroutine        count    total
 ---- -------------------- -- ---------------- ----------------  -----    -----
    1 fileAction           -s MixingModule:mix                      69       69
    2 fileAction           -s MixingModule:mix                       2        2
    3 fileAction           -s MixingModule:mix                       1        1
    4 fileAction           -s file_close                             1        1
    5 fileAction           -s file_open                              2        2

 type    category    Examples: run/evt        run/evt          run/evt
 ---- -------------------- ---------------- ---------------- ----------------
    1 fileAction           1/3251           1/3251           1/3260
    2 fileAction           pre-events       pre-events       
    3 fileAction           PostEndRun                        
    4 fileAction           PostEndRun                        
    5 fileAction           pre-events       pre-events       

Severity    # Occurrences   Total Occurrences
--------    -------------   -----------------
System                 75                  75
>>> END OF printout of 208 lines from stdout+stderr
>>> Parse FrameworkJobReport crab_fjr.xml
Result of parsing the FrameworkJobReport crab_fjr.xml: 
Extracted ExitStatus from FrameworkJobReport parsing output: 0
>>> Executable succeded  0
ExeExitCode=0
EXECUTABLE_EXIT_STATUS = 0
>>> current directory /scratch/condor/dir_19772/glide_JKZ6zg/execute/dir_26887/CMSSW_6_2_0_SLHC12
>>>  (SOFTWARE_DIR): /scratch/condor/dir_19772/glide_JKZ6zg/execute/dir_26887/CMSSW_6_2_0_SLHC12
>>> (WORKING_DIR): 
>>> current directory content:
total 236696
drwxr-xr-x 3 cms415 gplcms      4096 Feb  2 20:59 .SCRAM
-rw------- 1 cms415 gplcms    915837 Feb  2 20:59 CMSSW.py.pkl
drwxr-xr-x 3 cms415 gplcms      4096 Feb  2 20:59 bin
drwxr-xr-x 3 cms415 gplcms      4096 Feb  2 20:59 cfipython
drwxr-xr-x 4 cms415 gplcms      4096 Apr 28  2014 config
-rw------- 1 cms415 gplcms        16 Feb  2 23:20 cpu_timing.txt
drwxr-xr-x 2 cms415 gplcms      4096 Feb  2 20:59 doc
-rw------- 1 cms415 gplcms     23526 Feb  2 23:20 executable.out
drwxr-xr-x 2 cms415 gplcms      4096 Feb  2 20:59 include
drwx------ 3 cms415 gplcms      4096 Oct  7 10:12 lib
drwxr-xr-x 3 cms415 gplcms      4096 Feb  2 20:59 logs
drwxr-xr-x 3 cms415 gplcms      4096 Feb  2 20:59 objs
-rw------- 1 cms415 gplcms       104 Feb  2 20:59 pset.py
-rw------- 1 cms415 gplcms    926825 Feb  2 20:59 pset.py.pkl
-rw------- 1 cms415 gplcms       289 Feb  2 20:59 pset.pyc
drwxr-xr-x 2 cms415 gplcms      4096 Feb  2 20:59 python
-rw------- 1 cms415 gplcms       356 Feb  2 23:20 report.log
drwxr-xr-x 2 cms415 gplcms      4096 Feb  2 20:59 src
-rw------- 1 cms415 gplcms 240185298 Feb  2 23:20 step2.root
drwxr-xr-x 3 cms415 gplcms      4096 Feb  2 20:59 test
drwxr-xr-x 3 cms415 gplcms      4096 Feb  2 20:59 tmp
>>> current directory /scratch/condor/dir_19772/glide_JKZ6zg/execute/dir_26887/CMSSW_6_2_0_SLHC12
>>> (SOFTWARE_DIR): /scratch/condor/dir_19772/glide_JKZ6zg/execute/dir_26887/CMSSW_6_2_0_SLHC12
>>> (WORKING_DIR): 
>>> current directory content:
total 236696
drwxr-xr-x 3 cms415 gplcms      4096 Feb  2 20:59 .SCRAM
-rw------- 1 cms415 gplcms    915837 Feb  2 20:59 CMSSW.py.pkl
drwxr-xr-x 3 cms415 gplcms      4096 Feb  2 20:59 bin
drwxr-xr-x 3 cms415 gplcms      4096 Feb  2 20:59 cfipython
drwxr-xr-x 4 cms415 gplcms      4096 Apr 28  2014 config
-rw------- 1 cms415 gplcms        16 Feb  2 23:20 cpu_timing.txt
drwxr-xr-x 2 cms415 gplcms      4096 Feb  2 20:59 doc
-rw------- 1 cms415 gplcms     23526 Feb  2 23:20 executable.out
drwxr-xr-x 2 cms415 gplcms      4096 Feb  2 20:59 include
drwx------ 3 cms415 gplcms      4096 Oct  7 10:12 lib
drwxr-xr-x 3 cms415 gplcms      4096 Feb  2 20:59 logs
drwxr-xr-x 3 cms415 gplcms      4096 Feb  2 20:59 objs
-rw------- 1 cms415 gplcms       104 Feb  2 20:59 pset.py
-rw------- 1 cms415 gplcms    926825 Feb  2 20:59 pset.py.pkl
-rw------- 1 cms415 gplcms       289 Feb  2 20:59 pset.pyc
drwxr-xr-x 2 cms415 gplcms      4096 Feb  2 20:59 python
-rw------- 1 cms415 gplcms       356 Feb  2 23:20 report.log
drwxr-xr-x 2 cms415 gplcms      4096 Feb  2 20:59 src
-rw------- 1 cms415 gplcms 240185298 Feb  2 23:20 step2_426_1_lUB.root
drwxr-xr-x 3 cms415 gplcms      4096 Feb  2 20:59 test
drwxr-xr-x 3 cms415 gplcms      4096 Feb  2 20:59 tmp
>>> current directory (RUNTIME_AREA):  /scratch/condor/dir_19772/glide_JKZ6zg/execute/dir_26887
PNN = T2_UK_SGrid_RALPP
SE = heplnx204.pp.rl.ac.uk
SE_PATH = /srm/managerv2?SFN=/pnfs/pp.rl.ac.uk/data/cms/store/user/dcieri/ttbar_PU140_DIGI/dcieri/ttbar/ttbar_PU140_DIGI/3c0380cf82de79bc39966c93934c61fc/
LFNBaseName = /store/user/dcieri/ttbar_PU140_DIGI/dcieri/ttbar/ttbar_PU140_DIGI/3c0380cf82de79bc39966c93934c61fc/
USER = dcieri
endpoint = srm://heplnx204.pp.rl.ac.uk:8443/srm/managerv2?SFN=/pnfs/pp.rl.ac.uk/data/cms/store/user/dcieri/ttbar_PU140_DIGI/dcieri/ttbar/ttbar_PU140_DIGI/3c0380cf82de79bc39966c93934c61fc/
>>> Copy output files from WN = heplnc357.pp.rl.ac.uk to /srm/managerv2?SFN=/pnfs/pp.rl.ac.uk/data/cms/store/user/dcieri/ttbar_PU140_DIGI/dcieri/ttbar/ttbar_PU140_DIGI/3c0380cf82de79bc39966c93934c61fc/ :
python cmscp.py  --destination srm://heplnx204.pp.rl.ac.uk:8443/srm/managerv2?SFN=/pnfs/pp.rl.ac.uk/data/cms/store/user/dcieri/ttbar_PU140_DIGI/dcieri/ttbar/ttbar_PU140_DIGI/3c0380cf82de79bc39966c93934c61fc/ --inputFileList /scratch/condor/dir_19772/glide_JKZ6zg/execute/dir_26887/CMSSW_6_2_0_SLHC12/step2_426_1_lUB.root --middleware LCG --PNN T2_UK_SGrid_RALPP --se_name heplnx204.pp.rl.ac.uk --for_lfn /store/user/dcieri/ttbar_PU140_DIGI/dcieri/ttbar/ttbar_PU140_DIGI/3c0380cf82de79bc39966c93934c61fc/    
******************************************************
localSeName  =  heplnx204.pp.rl.ac.uk
remoteSeName =  heplnx204.pp.rl.ac.uk
******************************************************
{"/scratch/condor/dir_19772/glide_JKZ6zg/execute/dir_26887/CMSSW_6_2_0_SLHC12/step2_426_1_lUB.root": {"endpoint": "srm://heplnx204.pp.rl.ac.uk:8443/srm/managerv2?SFN=/pnfs/pp.rl.ac.uk/data/cms/store/user/dcieri/ttbar_PU140_DIGI/dcieri/ttbar/ttbar_PU140_DIGI/3c0380cf82de79bc39966c93934c61fc/", "surl_for_grid": "", "reason": "Copy succedeed with srm-lcg utils", "erCode": "0", "PNN": "T2_UK_SGrid_RALPP", "se_name": "heplnx204.pp.rl.ac.uk", "for_lfn": "/store/user/dcieri/ttbar_PU140_DIGI/dcieri/ttbar/ttbar_PU140_DIGI/3c0380cf82de79bc39966c93934c61fc/"}}/scratch/condor/dir_19772/glide_JKZ6zg/execute/dir_26887
-------- cat /scratch/condor/dir_19772/glide_JKZ6zg/execute/dir_26887/cmscpReport.sh 
#!/bin/bash
echo "Report for File: /scratch/condor/dir_19772/glide_JKZ6zg/execute/dir_26887/CMSSW_6_2_0_SLHC12/step2_426_1_lUB.root"
echo "LFN: /store/user/dcieri/ttbar_PU140_DIGI/dcieri/ttbar/ttbar_PU140_DIGI/3c0380cf82de79bc39966c93934c61fc/step2_426_1_lUB.root"
echo "StorageElement: heplnx204.pp.rl.ac.uk"
echo "StageOutExitStatusReason = 'Copy succedeed with srm-lcg utils'" | tee -a $RUNTIME_AREA/$repo
echo "StageOutSE = heplnx204.pp.rl.ac.uk" >> $RUNTIME_AREA/$repo

export StageOutExitStatus=0
echo "StageOutExitStatus = 0" | tee -a $RUNTIME_AREA/$repo
-------- end of /scratch/condor/dir_19772/glide_JKZ6zg/execute/dir_26887/cmscpReport.sh 
Report for File: /scratch/condor/dir_19772/glide_JKZ6zg/execute/dir_26887/CMSSW_6_2_0_SLHC12/step2_426_1_lUB.root
LFN: /store/user/dcieri/ttbar_PU140_DIGI/dcieri/ttbar/ttbar_PU140_DIGI/3c0380cf82de79bc39966c93934c61fc/step2_426_1_lUB.root
StorageElement: heplnx204.pp.rl.ac.uk
StageOutExitStatusReason = 'Copy succedeed with srm-lcg utils'
StageOutExitStatus = 0
>>> current dir: /scratch/condor/dir_19772/glide_JKZ6zg/execute/dir_26887
>>> current dir content:
total 8824
-rw-------  1 cms415 gplcms    2734 Feb  2 23:21 .SEinteraction.log
-rwx------  1 cms415 gplcms      52 Feb  2 20:58 .chirp_config
-rwx------  1 cms415 gplcms    7818 Feb  2 20:58 .job.ad
-rwx------  1 cms415 gplcms    9817 Feb  2 20:58 .machine.ad
-rw-------  1 cms415 gplcms     105 Feb  2 12:16 CMSSW.py
-rw-------  1 cms415 gplcms  915837 Feb  2 12:16 CMSSW.py.pkl
-rwx------  1 cms415 gplcms   29498 Feb  2 20:59 CMSSW.sh
drwxr-xr-x 15 cms415 gplcms    4096 Feb  2 23:20 CMSSW_6_2_0_SLHC12
-rw-------  1 cms415 gplcms     190 Feb  2 20:59 CacheEnv.sh
-rw-------  1 cms415 gplcms    7291 Nov 19 14:52 DashboardAPI.py
-rw-------  1 cms415 gplcms    6470 Feb  2 20:59 DashboardAPI.pyc
drwx------  2 cms415 gplcms    4096 Feb  2 23:20 IMProv
-rw-------  1 cms415 gplcms    2748 Nov 19 14:52 Logger.py
-rw-------  1 cms415 gplcms    3232 Feb  2 20:59 Logger.pyc
-rw-------  1 cms415 gplcms   24524 Nov 19 14:52 ProcInfo.py
-rw-------  1 cms415 gplcms   22645 Feb  2 20:59 ProcInfo.pyc
drwx------  7 cms415 gplcms    4096 Feb  2 20:59 ProdCommon
drwx------  3 cms415 gplcms    4096 Feb  2 20:59 WMCore
-rw-------  1 cms415 gplcms   12214 Feb  2 23:20 Watchdog_426.log
-rwx------  1 cms415 gplcms       0 Feb  2 20:59 _condor_stderr
-rwx---r--  1 cms415 gplcms   38295 Feb  2 23:21 _condor_stdout
-rw-------  1 cms415 gplcms   32895 Nov 19 14:52 apmon.py
-rw-------  1 cms415 gplcms   27958 Feb  2 20:59 apmon.pyc
-rwx------  1 cms415 gplcms  134309 Feb  2 20:59 arguments.xml
-rwx------  1 cms415 gplcms   38581 Nov 19 14:52 cmscp.py
-rw-------  1 cms415 gplcms     562 Feb  2 23:21 cmscpReport.sh
-rwx------  1 cms415 gplcms   29498 Feb  2 20:59 condor_exec.exe
-rw-------  1 cms415 gplcms     544 Feb  2 12:16 crab.cfg
-rwx------  1 cms415 gplcms    8610 Nov 19 14:52 crabWatchdog.sh
-rwx---r--  1 cms415 gplcms  112079 Feb  2 23:20 crab_fjr_426.xml
-rwx------  1 cms415 gplcms 7390485 Feb  2 20:59 default.tgz
-rwx------  1 cms415 gplcms    4488 Nov 19 14:52 fillCrabFjr.py
-rw-------  1 cms415 gplcms     226 Feb  2 20:59 inputsReport.txt
-rw-------  1 cms415 gplcms     243 Feb  2 23:21 jobreport.txt
-rw-------  1 cms415 gplcms   17352 Nov 19 14:52 parseCrabFjr.py
-rw-------  1 cms415 gplcms     322 Feb  2 20:59 report.log
-rwx--x--x  1 cms415 gplcms    1497 Nov 19 14:52 report.py
-rw-------  1 cms415 gplcms     555 Feb  2 23:21 resultCopyFile
lrwxrwxrwx  1 cms415 gplcms      96 Feb  2 23:20 step2.root -> /scratch/condor/dir_19772/glide_JKZ6zg/execute/dir_26887/CMSSW_6_2_0_SLHC12/step2_426_1_lUB.root
-rwx------  1 cms415 gplcms    8351 Nov 19 14:52 writeCfg.py
-rw-------  1 cms415 gplcms   10293 Feb  2 20:58 x509up_u62281
>>> Modify Job Report:
CMSSW_VERSION = CMSSW_6_2_0_SLHC12
ProcessedDataset = ttbar_PU140_DIGI
/scratch/condor/dir_19772/glide_JKZ6zg/execute/dir_26887/ProdCommon/FwkJobRep/ModifyJobReport.py fjr /scratch/condor/dir_19772/glide_JKZ6zg/execute/dir_26887/crab_fjr_426.xml json /scratch/condor/dir_19772/glide_JKZ6zg/execute/dir_26887/resultCopyFile n_job 426_1_lUB PrimaryDataset ttbar  ApplicationFamily cmsRun ApplicationName cmsRun cmssw_version CMSSW_6_2_0_SLHC12 psethash 3c0380cf82de79bc39966c93934c61fc UserProcessedDataset dcieri-ttbar_PU140_DIGI-3c0380cf82de79bc39966c93934c61fc
inputDict =  {u'/scratch/condor/dir_19772/glide_JKZ6zg/execute/dir_26887/CMSSW_6_2_0_SLHC12/step2_426_1_lUB.root': {u'endpoint': u'srm://heplnx204.pp.rl.ac.uk:8443/srm/managerv2?SFN=/pnfs/pp.rl.ac.uk/data/cms/store/user/dcieri/ttbar_PU140_DIGI/dcieri/ttbar/ttbar_PU140_DIGI/3c0380cf82de79bc39966c93934c61fc/', u'surl_for_grid': u'', u'reason': u'Copy succedeed with srm-lcg utils', u'erCode': u'0', u'PNN': u'T2_UK_SGrid_RALPP', u'se_name': u'heplnx204.pp.rl.ac.uk', u'for_lfn': u'/store/user/dcieri/ttbar_PU140_DIGI/dcieri/ttbar/ttbar_PU140_DIGI/3c0380cf82de79bc39966c93934c61fc/'}}
UserProcessedDataset =  dcieri-ttbar_PU140_DIGI-3c0380cf82de79bc39966c93934c61fc
WORKING ON EDM FILE
file_name in inputDict =  /scratch/condor/dir_19772/glide_JKZ6zg/execute/dir_26887/CMSSW_6_2_0_SLHC12/step2_426_1_lUB.root
(size) os.stat(filename)[6] =  240185298
checksum =  2446001594
    file =  step2_426_1_lUB.root
    newPfn =  srm://heplnx204.pp.rl.ac.uk:8443/srm/managerv2?SFN=/pnfs/pp.rl.ac.uk/data/cms/store/user/dcieri/ttbar_PU140_DIGI/dcieri/ttbar/ttbar_PU140_DIGI/3c0380cf82de79bc39966c93934c61fc/step2_426_1_lUB.root
    newLfn =  /store/user/dcieri/ttbar_PU140_DIGI/dcieri/ttbar/ttbar_PU140_DIGI/3c0380cf82de79bc39966c93934c61fc/step2_426_1_lUB.root
>>> crab_fjr_*.xml  permission set to 0704
CrabWrapper EXIT_FUNC entered at Mon Feb  2 23:21:23 GMT 2015   -  Mon Feb  2 23:21:23 UTC 2015
Checking output files:  
will tar file crab_fjr_426.xml in  out_files_426
WARNING: output file CMSSW_426.stdout not found!
WARNING: output file CMSSW_426.stderr not found!
WARNING: output file Watchdog_426.log.gz not found!
>>> padding time: Wrapper lasting more than 600 seconds. No sleep required.
STOPPING WATCHDOG. CrabWatchdog PID is 28822
********** LAST 50 LINES OF WATCHDOG LOG
 Feb 02 21:30:29 GMT	29184	1128752	1652016	71	131	1868	cmsRun -j /scratch/condor/dir_19772/glide_JKZ6zg/execute/dir_26887/crab_fjr_426.xml -p pset.py      
 Feb 02 21:34:30 GMT	29184	1131244	1652016	71	140	2109	cmsRun -j /scratch/condor/dir_19772/glide_JKZ6zg/execute/dir_26887/crab_fjr_426.xml -p pset.py      
 Feb 02 21:35:31 GMT	29184	1132828	1652016	71	142	2169	cmsRun -j /scratch/condor/dir_19772/glide_JKZ6zg/execute/dir_26887/crab_fjr_426.xml -p pset.py      
 Feb 02 21:36:31 GMT	29184	1135692	1652016	71	144	2229	cmsRun -j /scratch/condor/dir_19772/glide_JKZ6zg/execute/dir_26887/crab_fjr_426.xml -p pset.py      
 Feb 02 21:37:31 GMT	29184	1137808	1652016	71	147	2289	cmsRun -j /scratch/condor/dir_19772/glide_JKZ6zg/execute/dir_26887/crab_fjr_426.xml -p pset.py      
 Feb 02 21:38:31 GMT	29184	1140076	1652016	71	150	2349	cmsRun -j /scratch/condor/dir_19772/glide_JKZ6zg/execute/dir_26887/crab_fjr_426.xml -p pset.py      
 Feb 02 21:39:31 GMT	29184	1164016	1652528	71	155	2410	cmsRun -j /scratch/condor/dir_19772/glide_JKZ6zg/execute/dir_26887/crab_fjr_426.xml -p pset.py      
 Feb 02 21:40:32 GMT	29184	1259880	1665584	71	164	2470	cmsRun -j /scratch/condor/dir_19772/glide_JKZ6zg/execute/dir_26887/crab_fjr_426.xml -p pset.py      
 Feb 02 21:42:32 GMT	29184	1264276	1671728	71	167	2590	cmsRun -j /scratch/condor/dir_19772/glide_JKZ6zg/execute/dir_26887/crab_fjr_426.xml -p pset.py      
 Feb 02 21:43:32 GMT	29184	1268808	1673008	71	170	2651	cmsRun -j /scratch/condor/dir_19772/glide_JKZ6zg/execute/dir_26887/crab_fjr_426.xml -p pset.py      
 Feb 02 21:44:33 GMT	29184	1271444	1676080	71	173	2711	cmsRun -j /scratch/condor/dir_19772/glide_JKZ6zg/execute/dir_26887/crab_fjr_426.xml -p pset.py      
 Feb 02 21:45:33 GMT	29184	1271444	1704712	71	189	2771	cmsRun -j /scratch/condor/dir_19772/glide_JKZ6zg/execute/dir_26887/crab_fjr_426.xml -p pset.py      
 Feb 02 21:45:33 GMT	---	1271444	1704712	92	----	----	----
 Feb 02 21:55:36 GMT	29184	1271444	1712392	92	213	3374	cmsRun -j /scratch/condor/dir_19772/glide_JKZ6zg/execute/dir_26887/crab_fjr_426.xml -p pset.py      
 Feb 02 21:59:36 GMT	29184	1271444	1725960	92	229	3615	cmsRun -j /scratch/condor/dir_19772/glide_JKZ6zg/execute/dir_26887/crab_fjr_426.xml -p pset.py      
 Feb 02 22:00:37 GMT	29184	1280200	1727496	92	235	3675	cmsRun -j /scratch/condor/dir_19772/glide_JKZ6zg/execute/dir_26887/crab_fjr_426.xml -p pset.py      
 Feb 02 22:01:37 GMT	29184	1284596	1727752	92	238	3735	cmsRun -j /scratch/condor/dir_19772/glide_JKZ6zg/execute/dir_26887/crab_fjr_426.xml -p pset.py      
 Feb 02 22:02:37 GMT	29184	1287880	1734152	92	242	3795	cmsRun -j /scratch/condor/dir_19772/glide_JKZ6zg/execute/dir_26887/crab_fjr_426.xml -p pset.py      
 Feb 02 22:03:37 GMT	---	1287880	1734152	114	----	----	----
 Feb 02 22:25:43 GMT	29184	1287880	1741832	114	288	5181	cmsRun -j /scratch/condor/dir_19772/glide_JKZ6zg/execute/dir_26887/crab_fjr_426.xml -p pset.py      
 Feb 02 22:26:43 GMT	29184	1287880	1743112	114	291	5241	cmsRun -j /scratch/condor/dir_19772/glide_JKZ6zg/execute/dir_26887/crab_fjr_426.xml -p pset.py      
 Feb 02 22:27:43 GMT	29184	1287880	1760008	114	296	5302	cmsRun -j /scratch/condor/dir_19772/glide_JKZ6zg/execute/dir_26887/crab_fjr_426.xml -p pset.py      
 Feb 02 22:28:44 GMT	29184	1294568	1761288	114	303	5362	cmsRun -j /scratch/condor/dir_19772/glide_JKZ6zg/execute/dir_26887/crab_fjr_426.xml -p pset.py      
 Feb 02 22:29:44 GMT	29184	1309324	1763848	114	308	5422	cmsRun -j /scratch/condor/dir_19772/glide_JKZ6zg/execute/dir_26887/crab_fjr_426.xml -p pset.py      
 Feb 02 22:30:44 GMT	29184	1313120	1766408	114	310	5482	cmsRun -j /scratch/condor/dir_19772/glide_JKZ6zg/execute/dir_26887/crab_fjr_426.xml -p pset.py      
 Feb 02 22:31:44 GMT	---	1313120	1766408	135	----	----	----
 Feb 02 22:40:47 GMT	29184	1313120	1781000	135	372	6085	cmsRun -j /scratch/condor/dir_19772/glide_JKZ6zg/execute/dir_26887/crab_fjr_426.xml -p pset.py      
 Feb 02 22:41:47 GMT	29184	1313948	1782536	135	378	6145	cmsRun -j /scratch/condor/dir_19772/glide_JKZ6zg/execute/dir_26887/crab_fjr_426.xml -p pset.py      
# TIME			PID	RSS(KB)	VSZ(KB)	Dsk(MB)	tCPU(s)	tWALL(s)	COMMAND
 Feb 02 22:42:47 GMT	29184	1314628	1782536	135	380	6205	cmsRun -j /scratch/condor/dir_19772/glide_JKZ6zg/execute/dir_26887/crab_fjr_426.xml -p pset.py      
 Feb 02 22:43:47 GMT	---	1314628	1782536	156	----	----	----
 Feb 02 22:48:48 GMT	29184	1314628	1785864	156	428	6567	cmsRun -j /scratch/condor/dir_19772/glide_JKZ6zg/execute/dir_26887/crab_fjr_426.xml -p pset.py      
 Feb 02 22:49:49 GMT	29184	1320464	1785864	156	442	6627	cmsRun -j /scratch/condor/dir_19772/glide_JKZ6zg/execute/dir_26887/crab_fjr_426.xml -p pset.py      
 Feb 02 22:50:49 GMT	29184	1359964	1807368	156	446	6687	cmsRun -j /scratch/condor/dir_19772/glide_JKZ6zg/execute/dir_26887/crab_fjr_426.xml -p pset.py      
 Feb 02 22:51:49 GMT	29184	1359964	1848840	156	467	6747	cmsRun -j /scratch/condor/dir_19772/glide_JKZ6zg/execute/dir_26887/crab_fjr_426.xml -p pset.py      
 Feb 02 22:51:49 GMT	---	1359964	1848840	180	----	----	----
 Feb 02 22:52:49 GMT	29184	1359964	1849352	180	473	6807	cmsRun -j /scratch/condor/dir_19772/glide_JKZ6zg/execute/dir_26887/crab_fjr_426.xml -p pset.py      
 Feb 02 22:54:50 GMT	29184	1359964	1856520	180	486	6928	cmsRun -j /scratch/condor/dir_19772/glide_JKZ6zg/execute/dir_26887/crab_fjr_426.xml -p pset.py      
 Feb 02 22:55:50 GMT	29184	1359964	1864712	180	496	6988	cmsRun -j /scratch/condor/dir_19772/glide_JKZ6zg/execute/dir_26887/crab_fjr_426.xml -p pset.py      
 Feb 02 22:57:50 GMT	29184	1395548	1891592	180	515	7108	cmsRun -j /scratch/condor/dir_19772/glide_JKZ6zg/execute/dir_26887/crab_fjr_426.xml -p pset.py      
 Feb 02 22:58:50 GMT	---	1395548	1891592	202	----	----	----
 Feb 02 23:02:51 GMT	29184	1395548	1902600	202	564	7410	cmsRun -j /scratch/condor/dir_19772/glide_JKZ6zg/execute/dir_26887/crab_fjr_426.xml -p pset.py      
 Feb 02 23:03:52 GMT	29184	1421416	1925128	202	583	7470	cmsRun -j /scratch/condor/dir_19772/glide_JKZ6zg/execute/dir_26887/crab_fjr_426.xml -p pset.py      
 Feb 02 23:04:52 GMT	29184	1421416	1926408	202	606	7530	cmsRun -j /scratch/condor/dir_19772/glide_JKZ6zg/execute/dir_26887/crab_fjr_426.xml -p pset.py      
 Feb 02 23:04:52 GMT	---	1421416	1926408	226	----	----	----
 Feb 02 23:09:53 GMT	29184	1421416	1938696	226	632	7831	cmsRun -j /scratch/condor/dir_19772/glide_JKZ6zg/execute/dir_26887/crab_fjr_426.xml -p pset.py      
 Feb 02 23:10:53 GMT	29184	1421416	1957128	226	644	7891	cmsRun -j /scratch/condor/dir_19772/glide_JKZ6zg/execute/dir_26887/crab_fjr_426.xml -p pset.py      
 Feb 02 23:11:53 GMT	29184	1421416	1963272	226	652	7951	cmsRun -j /scratch/condor/dir_19772/glide_JKZ6zg/execute/dir_26887/crab_fjr_426.xml -p pset.py      
 Feb 02 23:12:54 GMT	---	1421416	1963272	247	----	----	----
 Feb 02 23:20:55 GMT	---	1421416	1963272	267	----	----	----
********** WATCHDOG LOG ENDED
ZIPPING WATCHDOG LOG
Disk space used:
du -sh /scratch/condor/dir_19772/glide_JKZ6zg/execute/dir_26887
267M	/scratch/condor/dir_19772/glide_JKZ6zg/execute/dir_26887
Found unusual stdout, rename for OSB
`/scratch/condor/dir_19772/glide_JKZ6zg/execute/dir_26887/_condor_stdout' -> `CMSSW_426.stdout'
Found unusual stderr, rename for OSB
`/scratch/condor/dir_19772/glide_JKZ6zg/execute/dir_26887/_condor_stdout' -> `CMSSW_426.stderr'
crab_fjr_426.xml
CMSSW_426.stdout
CMSSW_426.stderr
Watchdog_426.log.gz
Total Output dimension: 24450
WARNING: output files size limit is set to: 50000000
Total Output dimension 24450 is fine.
JOB_EXIT_STATUS = 0
>>> info for dashboard:
***** Cat /scratch/condor/dir_19772/glide_JKZ6zg/execute/dir_26887/jobreport.txt *****
MonitorJobID=426_https://submit-6.t2.ucsd.edu//150202//509448.25
MonitorID=dcieri_PU140_4dm08r
ExeTime=8466
ExeExitCode=0
StageOutExitStatusReason = 'Copy succedeed with srm-lcg utils'
StageOutSE = heplnx204.pp.rl.ac.uk
StageOutExitStatus = 0
CrabUserCpuTime=710.37
CrabSysCpuTime=22.06
CrabCpuPercentage=8%
CrabWrapperTime=8525
CrabStageoutTime=48
JobExitCode=0
***** End Cat jobreport *****
Parameters sent to Dashboard.
EXITING at Mon Feb  2 23:21:25 GMT 2015  -  Mon Feb  2 23:21:25 UTC 2015
