This script was generated by crab (version 2.11.1_patch1).
Running /scratch/condor/dir_32174/glide_EPpVLh/execute/dir_9434/condor_exec.exe with 2 positional parameters: 417 1
Today is Mon Feb  2 20:51:19 GMT 2015 - Mon Feb  2 20:51:19 UTC 2015
Job submitted on host heplnc120.pp.rl.ac.uk
Linux heplnc120.pp.rl.ac.uk 2.6.32-504.3.3.el6.x86_64 #1 SMP Tue Dec 16 14:29:22 CST 2014 x86_64 x86_64 x86_64 GNU/Linux
Distributor ID:	Scientific
Description:	Scientific Linux release 6.6 (Carbon)
>>> current directory (RUNTIME_AREA): /scratch/condor/dir_32174/glide_EPpVLh/execute/dir_9434
>>> current user: uid=157415(cms415) gid=157000(gplcms) groups=157000(gplcms)
>>> directory permission set to 0700
>>> umask set to:  u=rwx,g=,o=
>>> stdout stderr permission set to 0704
>>> voms proxy information:
subject   : /DC=ch/DC=cern/OU=Organic Units/OU=Users/CN=dcieri/CN=755391/CN=Davide Cieri/CN=769881070/CN=1681782436
issuer    : /DC=ch/DC=cern/OU=Organic Units/OU=Users/CN=dcieri/CN=755391/CN=Davide Cieri/CN=769881070
identity  : /DC=ch/DC=cern/OU=Organic Units/OU=Users/CN=dcieri/CN=755391/CN=Davide Cieri
type      : RFC3820 compliant limited proxy
strength  : 1024
path      : /scratch/condor/dir_32174/glide_EPpVLh/execute/dir_9434/x509up_u62281
timeleft  : 23:59:00
key usage : Digital Signature, Key Encipherment
=== VO cms extension information ===
VO        : cms
subject   : /DC=ch/DC=cern/OU=Organic Units/OU=Users/CN=dcieri/CN=755391/CN=Davide Cieri
issuer    : /DC=ch/DC=cern/OU=computers/CN=lcg-voms2.cern.ch
attribute : /cms/Role=NULL/Capability=NULL
timeleft  : 183:25:05
uri       : lcg-voms2.cern.ch:15002

WNHostName=heplnc120.pp.rl.ac.uk
$_CONDOR_JOB_AD =/scratch/condor/dir_32174/glide_EPpVLh/execute/dir_9434/.job.ad
OverflowFlag=0
>>> tar --no-same-permissions -xf /scratch/condor/dir_32174/glide_EPpVLh/execute/dir_9434/default.tgz :
Successful untar
>>> Include /scratch/condor/dir_32174/glide_EPpVLh/execute/dir_9434 in PYTHONPATH:
strip arguments
env var CRAB_UNIQUE_JOB_ID set to: dcieri_PU140_4dm08r_417_1_Zxt
out_files_417
>>> list of expected files on output sandbox
output files: crab_fjr_417.xml CMSSW_417.stdout CMSSW_417.stderr Watchdog_417.log.gz
>>> GridFlavour discovery: 
GridFlavour=LCG
>>> SyncSite discovery: 
SyncSite=T2_UK_SGrid_RALPP
>>> SyncCE discovery: 
getting SyncCE from GLIDEIN_Gaekeeper
SyncCE=heplnv146.pp.rl.ac.uk
>>> info for dashboard:
***** Cat /scratch/condor/dir_32174/glide_EPpVLh/execute/dir_9434/jobreport.txt *****
WNHostName=heplnc120.pp.rl.ac.uk
OverflowFlag=0
MonitorJobID=417_https://submit-6.t2.ucsd.edu//150202//509448.16
SyncGridJobId=https://submit-6.t2.ucsd.edu//150202//509448.16
MonitorID=dcieri_PU140_4dm08r
GridFlavour=LCG
SyncSite=T2_UK_SGrid_RALPP
SyncCE=heplnv146.pp.rl.ac.uk
***** End Cat jobreport *****
Parameters sent to Dashboard.
>>> setup environment
set SCRAM ARCH to slc6_amd64_gcc472
SCRAM_ARCH = slc6_amd64_gcc472
>>> setup CMS LCG environment:
set SCRAM ARCH and BUILD_ARCH to slc6_amd64_gcc472 ###
Sourcing environment... 
sourcing /cvmfs/cms.cern.ch/cmsset_default.sh
==> setup cms environment ok
>>> specific cmssw setup environment:
CMSSW_VERSION =  CMSSW_6_2_0_SLHC12
WARNING: In non-interactive mode release checks e.g. deprecated releases, production architectures are disabled.
>>> current directory (SOFTWARE_DIR): /scratch/condor/dir_32174/glide_EPpVLh/execute/dir_9434/CMSSW_6_2_0_SLHC12
PreserveSeeds: <>
IncrementSeeds:<>
>>> info for dashboard:
***** Cat /scratch/condor/dir_32174/glide_EPpVLh/execute/dir_9434/jobreport.txt *****
MonitorJobID=417_https://submit-6.t2.ucsd.edu//150202//509448.16
MonitorID=dcieri_PU140_4dm08r
***** End Cat jobreport *****
Parameters sent to Dashboard.
crabWatchdog started as process 9833
>>> moving CMSSW software directories in /scratch/condor/dir_32174/glide_EPpVLh/execute/dir_9434/CMSSW_6_2_0_SLHC12
mv: cannot stat `/scratch/condor/dir_32174/glide_EPpVLh/execute/dir_9434/module/': No such file or directory
>>> Include /scratch/condor/dir_32174/glide_EPpVLh/execute/dir_9434 in PYTHONPATH:
PYTHONPATH=/scratch/condor/dir_32174/glide_EPpVLh/execute/dir_9434/:/scratch/condor/dir_32174/glide_EPpVLh/execute/dir_9434/CMSSW_6_2_0_SLHC12/python:/scratch/condor/dir_32174/glide_EPpVLh/execute/dir_9434/CMSSW_6_2_0_SLHC12/lib/slc6_amd64_gcc472:/cvmfs/cms.cern.ch/slc6_amd64_gcc472/cms/cmssw/CMSSW_6_2_0_SLHC12/python:/cvmfs/cms.cern.ch/slc6_amd64_gcc472/cms/cmssw/CMSSW_6_2_0_SLHC12/lib/slc6_amd64_gcc472:/cvmfs/cms.cern.ch/slc6_amd64_gcc472/cms/coral/CORAL_2_3_21-cms35/slc6_amd64_gcc472/python:/cvmfs/cms.cern.ch/slc6_amd64_gcc472/cms/coral/CORAL_2_3_21-cms35/slc6_amd64_gcc472/lib:/cvmfs/cms.cern.ch/slc6_amd64_gcc472/external/python-ldap/2.3.5-cms5/lib/python2.7/site-packages:/cvmfs/cms.cern.ch/slc6_amd64_gcc472/external/pyqt/4.8.1-cms5/lib/python2.7/site-packages:/cvmfs/cms.cern.ch/slc6_amd64_gcc472/external/py2-scipy/0.8.0-cms7/lib/python2.7/site-packages:/cvmfs/cms.cern.ch/slc6_amd64_gcc472/external/py2-matplotlib/1.0.1-cms7/lib/python2.7/site-packages:/cvmfs/cms.cern.ch/slc6_amd64_gcc472/external/sip/4.11.2-cms5/lib/python2.7/site-packages:/cvmfs/cms.cern.ch/slc6_amd64_gcc472/external/py2-pycurl/7.19.0-cms7/lib/python2.7/site-packages:/cvmfs/cms.cern.ch/slc6_amd64_gcc472/external/py2-numpy/1.6.1-cms7/lib/python2.7/site-packages:/cvmfs/cms.cern.ch/slc6_amd64_gcc472/external/py2-lint/0.25.1-cms5/lib/python2.7/site-packages:/cvmfs/cms.cern.ch/slc6_amd64_gcc472/external/py2-ipython/0.10-cms5/lib/python2.7/site-packages:/cvmfs/cms.cern.ch/slc6_amd64_gcc472/external/py2-cx-oracle/5.1-cms5/lib/python2.7/site-packages:/cvmfs/cms.cern.ch/slc6_amd64_gcc472/external/py2-cjson/1.0.5-cms5/lib/python2.7/site-packages:/cvmfs/cms.cern.ch/slc6_amd64_gcc472/cms/das-client/1.11.7/bin:/cvmfs/cms.cern.ch/slc6_amd64_gcc472/external/elementtree/1.2.6-cms5/share/lib/python2.7/site-packages:/cvmfs/cms.cern.ch/slc6_amd64_gcc472/external/rivet/1.8.2-cms9/lib/python2.7/site-packages:/cvmfs/cms.cern.ch/slc6_amd64_gcc472/external/pyminuit2/0.0.1-cms19/lib/python2.7/site-packages:/cvmfs/cms.cern.ch/slc6_amd64_gcc472/external/py2-pygithub/1.23.0-cms2/lib/python2.7/site-packages:/cvmfs/cms.cern.ch/slc6_amd64_gcc472/external/professor/1.0.0-cms19/lib/python2.7/site-packages:/cvmfs/cms.cern.ch/slc6_amd64_gcc472/lcg/root/5.34.07-cms/lib:/cvmfs/cms.cern.ch/slc6_amd64_gcc472/cms/dbs-client/DBS_2_1_9-cms5/lib:/cvmfs/cms.cern.ch/slc6_amd64_gcc472/cms/dbs-client/DBS_2_1_9-cms5/lib/DBSAPI:/cvmfs/cms.cern.ch/slc6_amd64_gcc472/external/cvs2git/5419-cms/lib:/scratch/condor/dir_32174/glide_EPpVLh/execute/dir_9434/
 
# LIMITS USED BY CRAB WATCHDOG:
# RSS  (KBytes)   : 2300000
# VSZ  (KBytes)   : 100000000
# DISK (MBytes)   : 19000
# CPU TIME        : 720h:0m:0s
# WALL CLOCK TIME : 21h:50m:0s
 
3c0380cf82de79bc39966c93934c61fc
PSETHASH = 3c0380cf82de79bc39966c93934c61fc
/scratch/condor/dir_32174/glide_EPpVLh/execute/dir_9434/writeCfg.py pset.py pset.py
Importing .py file
Setting parameters
RandomNumberGeneratorService found, will attempt to change seeds
inputBlocks=/ttbar/dcieri-ttbar_SIM-130075366148575c102f0d64fd3ac8f7/USER#42cb1519-7f11-43e2-ab9a-a013bd5404ac
inputFiles=/store/user/dcieri/ttbar_SIM/ttbar/ttbar_SIM/150129_145223/0000/step1_92.root
parentFiles=
lumisRange=
>>> Executable cmsRun
/cvmfs/cms.cern.ch/slc6_amd64_gcc472/cms/cmssw/CMSSW_6_2_0_SLHC12/bin/slc6_amd64_gcc472/cmsRun
ok executable found
>>> info for dashboard:
***** Cat /scratch/condor/dir_32174/glide_EPpVLh/execute/dir_9434/jobreport.txt *****
MonitorJobID=417_https://submit-6.t2.ucsd.edu//150202//509448.16
MonitorID=dcieri_PU140_4dm08r
ExeStart=cmsRun
***** End Cat jobreport *****
Parameters sent to Dashboard.
>>> cmsRun started at Mon Feb  2 20:51:29 UTC 2015
>>> cmsRun ended at Mon Feb  2 23:22:53 UTC 2015
>>> crab_fjr_*.xml  permission set to 0704
>>> info for dashboard:
***** Cat /scratch/condor/dir_32174/glide_EPpVLh/execute/dir_9434/jobreport.txt *****
MonitorJobID=417_https://submit-6.t2.ucsd.edu//150202//509448.16
MonitorID=dcieri_PU140_4dm08r
ExeEnd=cmsRun
***** End Cat jobreport *****
Parameters sent to Dashboard.
TIME_EXE = 9084 sec
>>> cmsRun wrote 217 lines of stdout+stderr
>>> START OF printout of 217 lines from stdout+stderr
271 DQMStore::DQMStore 
HcalTopologyIdealEP::HcalTopologyIdealEP
02-Feb-2015 20:51:46 GMT  Initiating request to open file root://dcap.pp.rl.ac.uk:1094/pnfs/pp.rl.ac.uk/data/cms/store/user/dcieri/ttbar_SIM/ttbar/ttbar_SIM/150129_145223/0000/step1_92.root
150202 20:51:48 9998 Xrd: CheckErrorStatus: Server [heplnx209.pp.rl.ac.uk:1094] declared: Request 3018 not supported(error code: 3013)
02-Feb-2015 20:51:48 GMT  Successfully opened file root://dcap.pp.rl.ac.uk:1094/pnfs/pp.rl.ac.uk/data/cms/store/user/dcieri/ttbar_SIM/ttbar/ttbar_SIM/150129_145223/0000/step1_92.root
02-Feb-2015 20:51:49 GMT  Initiating request to open file root://xrootd.unl.edu//store/group/dpg_trigger/comm_trigger/L1TrackTrigger/620_SLHC10/Extended2023TTI/MinBias/MinBias_TuneZ2star_GEN_SIM_1.root
02-Feb-2015 20:51:53 GMT  Successfully opened file root://xrootd.unl.edu//store/group/dpg_trigger/comm_trigger/L1TrackTrigger/620_SLHC10/Extended2023TTI/MinBias/MinBias_TuneZ2star_GEN_SIM_1.root
disableME1a = 0
HcalTopologyIdealEP::produce(const IdealGeometryRecord& iRecord)
mode = 2, maxDepthHB = 3, maxDepthHE = 5
RPCGeometryESModule :: produce
RPCGeometryESModule :: produce :: 1/4 Get Muon Ideal Geometry Record
RPCGeometryESModule :: produce :: 2/4 Get Muon DDD Constants
RPCGeometryESModule :: produce :: 3/4 Get Muon Numbering Record
in MuonNumberingInitialization::initializeMuonDDDConstants
about to make my new muonDDDConst_
in MuonNumberingInitialization::produce
RPCGeometryESModule :: produce :: 4/4 Build
Found:

	Barrel Stack layer 5 : 1008 stacks
	Barrel Stack layer 6 : 1320 stacks
	Barrel Stack layer 7 : 1836 stacks
	Barrel Stack layer 8 : 1152 stacks
	Barrel Stack layer 9 : 1488 stacks
	Barrel Stack layer 10 : 1824 stacks

	Endcap Stack disk 11 : 1360 stacks
	Endcap Stack disk 12 : 1360 stacks
	Endcap Stack disk 13 : 1360 stacks
	Endcap Stack disk 14 : 1360 stacks
	Endcap Stack disk 15 : 1360 stacks
Created 15428 stacks in 30 s

TTClusterBuilder< edm::Ref<edm::DetSetVector<PixelDigi>, PixelDigi, edm::refhelper::FindForDetSetVector<PixelDigi> > > loaded modules:
	TTClusterAlgorithm:	TTClusterAlgorithm_2d2013< edm::Ref<edm::DetSetVector<PixelDigi>, PixelDigi, edm::refhelper::FindForDetSetVector<PixelDigi> > >


TTStubBuilder< edm::Ref<edm::DetSetVector<PixelDigi>, PixelDigi, edm::refhelper::FindForDetSetVector<PixelDigi> > > loaded modules:
	TTStubAlgorithm:	TTStubAlgorithm_tab2013< edm::Ref<edm::DetSetVector<PixelDigi>, PixelDigi, edm::refhelper::FindForDetSetVector<PixelDigi> > >


TTClusterAssociator< edm::Ref<edm::DetSetVector<PixelDigi>, PixelDigi, edm::refhelper::FindForDetSetVector<PixelDigi> > > loaded.


TTStubAssociator< edm::Ref<edm::DetSetVector<PixelDigi>, PixelDigi, edm::refhelper::FindForDetSetVector<PixelDigi> > > loaded.


TTTrackAssociator< edm::Ref<edm::DetSetVector<PixelDigi>, PixelDigi, edm::refhelper::FindForDetSetVector<PixelDigi> > > loaded.

Begin processing the 1st record. Run 1, Event 911, LumiSection 92 at 02-Feb-2015 20:52:49.119 GMT
02-Feb-2015 20:52:57 GMT  Closed file root://xrootd.unl.edu//store/group/dpg_trigger/comm_trigger/L1TrackTrigger/620_SLHC10/Extended2023TTI/MinBias/MinBias_TuneZ2star_GEN_SIM_1.root
02-Feb-2015 20:52:57 GMT  Initiating request to open file root://xrootd.unl.edu//store/group/dpg_trigger/comm_trigger/L1TrackTrigger/620_SLHC10/Extended2023TTI/MinBias/MinBias_TuneZ2star_GEN_SIM_225.root
02-Feb-2015 20:53:34 GMT  Successfully opened file root://xrootd.unl.edu//store/group/dpg_trigger/comm_trigger/L1TrackTrigger/620_SLHC10/Extended2023TTI/MinBias/MinBias_TuneZ2star_GEN_SIM_225.root
150202 20:58:17 10172 Xrd: XrdClientMessage::ReadRaw: Failed to read header (8 bytes).
150202 20:58:47 10170 Xrd: XrdClientMessage::ReadRaw: Failed to read header (8 bytes).
02-Feb-2015 21:09:40 GMT  Closed file root://xrootd.unl.edu//store/group/dpg_trigger/comm_trigger/L1TrackTrigger/620_SLHC10/Extended2023TTI/MinBias/MinBias_TuneZ2star_GEN_SIM_225.root
02-Feb-2015 21:09:40 GMT  Initiating request to open file root://xrootd.unl.edu//store/group/dpg_trigger/comm_trigger/L1TrackTrigger/620_SLHC10/Extended2023TTI/MinBias/MinBias_TuneZ2star_GEN_SIM_159.root
150202 21:10:43 15076 Xrd: CheckErrorStatus: Server [xrootd.ba.infn.it:1094] declared: session not found(error code: 3011)
02-Feb-2015 21:10:44 GMT  Successfully opened file root://xrootd.unl.edu//store/group/dpg_trigger/comm_trigger/L1TrackTrigger/620_SLHC10/Extended2023TTI/MinBias/MinBias_TuneZ2star_GEN_SIM_159.root
150202 21:12:17 10169 Xrd: XrdClientMessage::ReadRaw: Failed to read header (8 bytes).
150202 21:12:17 10163 Xrd: XrdClientMessage::ReadRaw: Failed to read header (8 bytes).
150202 21:13:46 10591 Xrd: XrdClientMessage::ReadRaw: Failed to read header (8 bytes).
150202 21:14:46 10592 Xrd: XrdClientMessage::ReadRaw: Failed to read header (8 bytes).
150202 21:15:47 15330 Xrd: XrdClientMessage::ReadRaw: Failed to read header (8 bytes).
02-Feb-2015 21:22:08 GMT  Closed file root://xrootd.unl.edu//store/group/dpg_trigger/comm_trigger/L1TrackTrigger/620_SLHC10/Extended2023TTI/MinBias/MinBias_TuneZ2star_GEN_SIM_159.root
02-Feb-2015 21:22:08 GMT  Initiating request to open file root://xrootd.unl.edu//store/group/dpg_trigger/comm_trigger/L1TrackTrigger/620_SLHC10/Extended2023TTI/MinBias/MinBias_TuneZ2star_GEN_SIM_321.root
150202 21:22:40 18507 Xrd: CheckErrorStatus: Server [cms-xrd-global.cern.ch:1094] declared: session not found(error code: 3011)
150202 21:22:40 18507 Xrd: CheckErrorStatus: Server [llrxrd-redir.in2p3.fr:1094] declared: session not found(error code: 3011)
02-Feb-2015 21:22:40 GMT  Successfully opened file root://xrootd.unl.edu//store/group/dpg_trigger/comm_trigger/L1TrackTrigger/620_SLHC10/Extended2023TTI/MinBias/MinBias_TuneZ2star_GEN_SIM_321.root
Building the geometry service
Warning did not find digi
Warning did not find digi
Warning did not find digi
Warning did not find digi
Warning did not find digi in disks
Warning did not find digi in disks
Warning did not find digi in disks
Warning did not find digi in disks
150202 21:27:47 18623 Xrd: XrdClientMessage::ReadRaw: Failed to read header (8 bytes).
150202 21:30:46 15329 Xrd: XrdClientMessage::ReadRaw: Failed to read header (8 bytes).
02-Feb-2015 21:32:58 GMT  Closed file root://xrootd.unl.edu//store/group/dpg_trigger/comm_trigger/L1TrackTrigger/620_SLHC10/Extended2023TTI/MinBias/MinBias_TuneZ2star_GEN_SIM_321.root
02-Feb-2015 21:32:58 GMT  Initiating request to open file root://xrootd.unl.edu//store/group/dpg_trigger/comm_trigger/L1TrackTrigger/620_SLHC10/Extended2023TTI/MinBias/MinBias_TuneZ2star_GEN_SIM_526.root
150202 21:33:29 22263 Xrd: CheckErrorStatus: Server [cms-xrd-global.cern.ch:1094] declared: session not found(error code: 3011)
150202 21:33:29 22263 Xrd: CheckErrorStatus: Server [xrootd.ba.infn.it:1094] declared: session not found(error code: 3011)
02-Feb-2015 21:33:29 GMT  Successfully opened file root://xrootd.unl.edu//store/group/dpg_trigger/comm_trigger/L1TrackTrigger/620_SLHC10/Extended2023TTI/MinBias/MinBias_TuneZ2star_GEN_SIM_526.root
150202 21:38:16 15331 Xrd: XrdClientMessage::ReadRaw: Failed to read header (8 bytes).
150202 21:38:47 22413 Xrd: XrdClientMessage::ReadRaw: Failed to read header (8 bytes).
150202 21:42:47 18622 Xrd: XrdClientMessage::ReadRaw: Failed to read header (8 bytes).
02-Feb-2015 21:42:54 GMT  Closed file root://xrootd.unl.edu//store/group/dpg_trigger/comm_trigger/L1TrackTrigger/620_SLHC10/Extended2023TTI/MinBias/MinBias_TuneZ2star_GEN_SIM_526.root
02-Feb-2015 21:42:54 GMT  Initiating request to open file root://xrootd.unl.edu//store/group/dpg_trigger/comm_trigger/L1TrackTrigger/620_SLHC10/Extended2023TTI/MinBias/MinBias_TuneZ2star_GEN_SIM_978.root
150202 21:43:25 25000 Xrd: CheckErrorStatus: Server [cms-xrd-global.cern.ch:1094] declared: session not found(error code: 3011)
150202 21:43:25 25000 Xrd: CheckErrorStatus: Server [llrxrd-redir.in2p3.fr:1094] declared: session not found(error code: 3011)
02-Feb-2015 21:43:25 GMT  Successfully opened file root://xrootd.unl.edu//store/group/dpg_trigger/comm_trigger/L1TrackTrigger/620_SLHC10/Extended2023TTI/MinBias/MinBias_TuneZ2star_GEN_SIM_978.root
150202 21:48:16 22414 Xrd: XrdClientMessage::ReadRaw: Failed to read header (8 bytes).
150202 21:48:47 25150 Xrd: XrdClientMessage::ReadRaw: Failed to read header (8 bytes).
02-Feb-2015 21:51:22 GMT  Closed file root://xrootd.unl.edu//store/group/dpg_trigger/comm_trigger/L1TrackTrigger/620_SLHC10/Extended2023TTI/MinBias/MinBias_TuneZ2star_GEN_SIM_978.root
02-Feb-2015 21:51:22 GMT  Initiating request to open file root://xrootd.unl.edu//store/group/dpg_trigger/comm_trigger/L1TrackTrigger/620_SLHC10/Extended2023TTI/MinBias/MinBias_TuneZ2star_GEN_SIM_295.root
150202 21:51:53 27407 Xrd: CheckErrorStatus: Server [cms-xrd-global.cern.ch:1094] declared: session not found(error code: 3011)
150202 21:51:53 27407 Xrd: CheckErrorStatus: Server [xrootd-redic.pi.infn.it:1094] declared: session not found(error code: 3011)
02-Feb-2015 21:51:54 GMT  Successfully opened file root://xrootd.unl.edu//store/group/dpg_trigger/comm_trigger/L1TrackTrigger/620_SLHC10/Extended2023TTI/MinBias/MinBias_TuneZ2star_GEN_SIM_295.root
150202 21:53:47 22412 Xrd: XrdClientMessage::ReadRaw: Failed to read header (8 bytes).
150202 21:56:47 25151 Xrd: XrdClientMessage::ReadRaw: Failed to read header (8 bytes).
150202 21:57:17 27417 Xrd: XrdClientMessage::ReadRaw: Failed to read header (8 bytes).
02-Feb-2015 21:59:16 GMT  Closed file root://xrootd.unl.edu//store/group/dpg_trigger/comm_trigger/L1TrackTrigger/620_SLHC10/Extended2023TTI/MinBias/MinBias_TuneZ2star_GEN_SIM_295.root
02-Feb-2015 21:59:16 GMT  Initiating request to open file root://xrootd.unl.edu//store/group/dpg_trigger/comm_trigger/L1TrackTrigger/620_SLHC10/Extended2023TTI/MinBias/MinBias_TuneZ2star_GEN_SIM_41.root
150202 21:59:47 29678 Xrd: CheckErrorStatus: Server [cms-xrd-global.cern.ch:1094] declared: session not found(error code: 3011)
150202 21:59:47 29678 Xrd: CheckErrorStatus: Server [xrootd.ba.infn.it:1094] declared: session not found(error code: 3011)
02-Feb-2015 21:59:48 GMT  Successfully opened file root://xrootd.unl.edu//store/group/dpg_trigger/comm_trigger/L1TrackTrigger/620_SLHC10/Extended2023TTI/MinBias/MinBias_TuneZ2star_GEN_SIM_41.root
150202 22:03:47 25149 Xrd: XrdClientMessage::ReadRaw: Failed to read header (8 bytes).
150202 22:04:47 27418 Xrd: XrdClientMessage::ReadRaw: Failed to read header (8 bytes).
150202 22:05:17 29687 Xrd: XrdClientMessage::ReadRaw: Failed to read header (8 bytes).
02-Feb-2015 22:06:02 GMT  Closed file root://xrootd.unl.edu//store/group/dpg_trigger/comm_trigger/L1TrackTrigger/620_SLHC10/Extended2023TTI/MinBias/MinBias_TuneZ2star_GEN_SIM_41.root
02-Feb-2015 22:06:02 GMT  Initiating request to open file root://xrootd.unl.edu//store/group/dpg_trigger/comm_trigger/L1TrackTrigger/620_SLHC10/Extended2023TTI/MinBias/MinBias_TuneZ2star_GEN_SIM_506.root
150202 22:07:27 31191 Xrd: CheckErrorStatus: Server [xrootd-redic.pi.infn.it:1094] declared: session not found(error code: 3011)
02-Feb-2015 22:07:27 GMT  Successfully opened file root://xrootd.unl.edu//store/group/dpg_trigger/comm_trigger/L1TrackTrigger/620_SLHC10/Extended2023TTI/MinBias/MinBias_TuneZ2star_GEN_SIM_506.root
150202 22:11:17 29688 Xrd: XrdClientMessage::ReadRaw: Failed to read header (8 bytes).
02-Feb-2015 22:11:33 GMT  Closed file root://xrootd.unl.edu//store/group/dpg_trigger/comm_trigger/L1TrackTrigger/620_SLHC10/Extended2023TTI/MinBias/MinBias_TuneZ2star_GEN_SIM_506.root
02-Feb-2015 22:11:33 GMT  Initiating request to open file root://xrootd.unl.edu//store/group/dpg_trigger/comm_trigger/L1TrackTrigger/620_SLHC10/Extended2023TTI/MinBias/MinBias_TuneZ2star_GEN_SIM_245.root
02-Feb-2015 22:11:34 GMT  Successfully opened file root://xrootd.unl.edu//store/group/dpg_trigger/comm_trigger/L1TrackTrigger/620_SLHC10/Extended2023TTI/MinBias/MinBias_TuneZ2star_GEN_SIM_245.root
150202 22:16:47 31663 Xrd: XrdClientMessage::ReadRaw: Failed to read header (8 bytes).
150202 22:16:47 31662 Xrd: XrdClientMessage::ReadRaw: Failed to read header (8 bytes).
150202 22:20:17 29685 Xrd: XrdClientMessage::ReadRaw: Failed to read header (8 bytes).
02-Feb-2015 22:21:09 GMT  Closed file root://xrootd.unl.edu//store/group/dpg_trigger/comm_trigger/L1TrackTrigger/620_SLHC10/Extended2023TTI/MinBias/MinBias_TuneZ2star_GEN_SIM_245.root
02-Feb-2015 22:21:09 GMT  Initiating request to open file root://xrootd.unl.edu//store/group/dpg_trigger/comm_trigger/L1TrackTrigger/620_SLHC10/Extended2023TTI/MinBias/MinBias_TuneZ2star_GEN_SIM_964.root
150202 22:22:50 3022 Xrd: CheckErrorStatus: Server [cms-xrd-global.cern.ch:1094] declared: session not found(error code: 3011)
150202 22:22:50 3022 Xrd: CheckErrorStatus: Server [llrxrd-redir.in2p3.fr:1094] declared: session not found(error code: 3011)
02-Feb-2015 22:22:51 GMT  Successfully opened file root://xrootd.unl.edu//store/group/dpg_trigger/comm_trigger/L1TrackTrigger/620_SLHC10/Extended2023TTI/MinBias/MinBias_TuneZ2star_GEN_SIM_964.root
02-Feb-2015 22:24:50 GMT  Closed file root://xrootd.unl.edu//store/group/dpg_trigger/comm_trigger/L1TrackTrigger/620_SLHC10/Extended2023TTI/MinBias/MinBias_TuneZ2star_GEN_SIM_964.root
02-Feb-2015 22:24:50 GMT  Initiating request to open file root://xrootd.unl.edu//store/group/dpg_trigger/comm_trigger/L1TrackTrigger/620_SLHC10/Extended2023TTI/MinBias/MinBias_TuneZ2star_GEN_SIM_243.root
02-Feb-2015 22:24:51 GMT  Successfully opened file root://xrootd.unl.edu//store/group/dpg_trigger/comm_trigger/L1TrackTrigger/620_SLHC10/Extended2023TTI/MinBias/MinBias_TuneZ2star_GEN_SIM_243.root
150202 22:26:17 469 Xrd: XrdClientMessage::ReadRaw: Failed to read header (8 bytes).
150202 22:30:17 3500 Xrd: XrdClientMessage::ReadRaw: Failed to read header (8 bytes).
150202 22:30:17 3499 Xrd: XrdClientMessage::ReadRaw: Failed to read header (8 bytes).
02-Feb-2015 22:30:17 GMT  Closed file root://xrootd.unl.edu//store/group/dpg_trigger/comm_trigger/L1TrackTrigger/620_SLHC10/Extended2023TTI/MinBias/MinBias_TuneZ2star_GEN_SIM_243.root
02-Feb-2015 22:30:17 GMT  Initiating request to open file root://xrootd.unl.edu//store/group/dpg_trigger/comm_trigger/L1TrackTrigger/620_SLHC10/Extended2023TTI/MinBias/MinBias_TuneZ2star_GEN_SIM_573.root
150202 22:30:48 6438 Xrd: CheckErrorStatus: Server [xrootd-redic.pi.infn.it:1094] declared: session not found(error code: 3011)
02-Feb-2015 22:30:48 GMT  Successfully opened file root://xrootd.unl.edu//store/group/dpg_trigger/comm_trigger/L1TrackTrigger/620_SLHC10/Extended2023TTI/MinBias/MinBias_TuneZ2star_GEN_SIM_573.root
150202 22:35:47 4016 Xrd: XrdClientMessage::ReadRaw: Failed to read header (8 bytes).
02-Feb-2015 22:36:16 GMT  Closed file root://xrootd.unl.edu//store/group/dpg_trigger/comm_trigger/L1TrackTrigger/620_SLHC10/Extended2023TTI/MinBias/MinBias_TuneZ2star_GEN_SIM_573.root
02-Feb-2015 22:36:16 GMT  Initiating request to open file root://xrootd.unl.edu//store/group/dpg_trigger/comm_trigger/L1TrackTrigger/620_SLHC10/Extended2023TTI/MinBias/MinBias_TuneZ2star_GEN_SIM_935.root
150202 22:36:17 6690 Xrd: XrdClientMessage::ReadRaw: Failed to read header (8 bytes).
150202 22:36:47 7984 Xrd: CheckErrorStatus: Server [xrootd-redic.pi.infn.it:1094] declared: session not found(error code: 3011)
02-Feb-2015 22:36:48 GMT  Successfully opened file root://xrootd.unl.edu//store/group/dpg_trigger/comm_trigger/L1TrackTrigger/620_SLHC10/Extended2023TTI/MinBias/MinBias_TuneZ2star_GEN_SIM_935.root
02-Feb-2015 22:41:13 GMT  Closed file root://xrootd.unl.edu//store/group/dpg_trigger/comm_trigger/L1TrackTrigger/620_SLHC10/Extended2023TTI/MinBias/MinBias_TuneZ2star_GEN_SIM_935.root
02-Feb-2015 22:41:13 GMT  Initiating request to open file root://xrootd.unl.edu//store/group/dpg_trigger/comm_trigger/L1TrackTrigger/620_SLHC10/Extended2023TTI/MinBias/MinBias_TuneZ2star_GEN_SIM_98.root
150202 22:41:44 6691 Xrd: XrdClientMessage::ReadRaw: Failed to read header (8 bytes).
150202 22:41:44 9503 Xrd: CheckErrorStatus: Server [cms-xrd-global.cern.ch:1094] declared: session not found(error code: 3011)
02-Feb-2015 22:41:45 GMT  Successfully opened file root://xrootd.unl.edu//store/group/dpg_trigger/comm_trigger/L1TrackTrigger/620_SLHC10/Extended2023TTI/MinBias/MinBias_TuneZ2star_GEN_SIM_98.root
150202 22:43:17 3498 Xrd: XrdClientMessage::ReadRaw: Failed to read header (8 bytes).
02-Feb-2015 22:45:47 GMT  Closed file root://xrootd.unl.edu//store/group/dpg_trigger/comm_trigger/L1TrackTrigger/620_SLHC10/Extended2023TTI/MinBias/MinBias_TuneZ2star_GEN_SIM_98.root
02-Feb-2015 22:45:47 GMT  Initiating request to open file root://xrootd.unl.edu//store/group/dpg_trigger/comm_trigger/L1TrackTrigger/620_SLHC10/Extended2023TTI/MinBias/MinBias_TuneZ2star_GEN_SIM_1000.root
150202 22:46:17 8233 Xrd: XrdClientMessage::ReadRaw: Failed to read header (8 bytes).
02-Feb-2015 22:46:19 GMT  Successfully opened file root://xrootd.unl.edu//store/group/dpg_trigger/comm_trigger/L1TrackTrigger/620_SLHC10/Extended2023TTI/MinBias/MinBias_TuneZ2star_GEN_SIM_1000.root
02-Feb-2015 22:50:23 GMT  Closed file root://xrootd.unl.edu//store/group/dpg_trigger/comm_trigger/L1TrackTrigger/620_SLHC10/Extended2023TTI/MinBias/MinBias_TuneZ2star_GEN_SIM_1000.root
02-Feb-2015 22:50:23 GMT  Initiating request to open file root://xrootd.unl.edu//store/group/dpg_trigger/comm_trigger/L1TrackTrigger/620_SLHC10/Extended2023TTI/MinBias/MinBias_TuneZ2star_GEN_SIM_926.root
02-Feb-2015 22:50:54 GMT  Successfully opened file root://xrootd.unl.edu//store/group/dpg_trigger/comm_trigger/L1TrackTrigger/620_SLHC10/Extended2023TTI/MinBias/MinBias_TuneZ2star_GEN_SIM_926.root
150202 22:50:54 9788 Xrd: XrdClientMessage::ReadRaw: Failed to read header (8 bytes).
02-Feb-2015 22:54:11 GMT  Closed file root://xrootd.unl.edu//store/group/dpg_trigger/comm_trigger/L1TrackTrigger/620_SLHC10/Extended2023TTI/MinBias/MinBias_TuneZ2star_GEN_SIM_926.root
02-Feb-2015 22:54:11 GMT  Initiating request to open file root://xrootd.unl.edu//store/group/dpg_trigger/comm_trigger/L1TrackTrigger/620_SLHC10/Extended2023TTI/MinBias/MinBias_TuneZ2star_GEN_SIM_35.root
02-Feb-2015 22:54:43 GMT  Successfully opened file root://xrootd.unl.edu//store/group/dpg_trigger/comm_trigger/L1TrackTrigger/620_SLHC10/Extended2023TTI/MinBias/MinBias_TuneZ2star_GEN_SIM_35.root
150202 22:55:47 10916 Xrd: XrdClientMessage::ReadRaw: Failed to read header (8 bytes).
150202 22:59:17 12437 Xrd: XrdClientMessage::ReadRaw: Failed to read header (8 bytes).
150202 22:59:47 8232 Xrd: XrdClientMessage::ReadRaw: Failed to read header (8 bytes).
02-Feb-2015 23:01:47 GMT  Closed file root://xrootd.unl.edu//store/group/dpg_trigger/comm_trigger/L1TrackTrigger/620_SLHC10/Extended2023TTI/MinBias/MinBias_TuneZ2star_GEN_SIM_35.root
02-Feb-2015 23:01:47 GMT  Initiating request to open file root://xrootd.unl.edu//store/group/dpg_trigger/comm_trigger/L1TrackTrigger/620_SLHC10/Extended2023TTI/MinBias/MinBias_TuneZ2star_GEN_SIM_341.root
150202 23:02:18 15423 Xrd: CheckErrorStatus: Server [xrootd-redic.pi.infn.it:1094] declared: session not found(error code: 3011)
02-Feb-2015 23:02:19 GMT  Successfully opened file root://xrootd.unl.edu//store/group/dpg_trigger/comm_trigger/L1TrackTrigger/620_SLHC10/Extended2023TTI/MinBias/MinBias_TuneZ2star_GEN_SIM_341.root
02-Feb-2015 23:06:09 GMT  Closed file root://xrootd.unl.edu//store/group/dpg_trigger/comm_trigger/L1TrackTrigger/620_SLHC10/Extended2023TTI/MinBias/MinBias_TuneZ2star_GEN_SIM_341.root
02-Feb-2015 23:06:09 GMT  Initiating request to open file root://xrootd.unl.edu//store/group/dpg_trigger/comm_trigger/L1TrackTrigger/620_SLHC10/Extended2023TTI/MinBias/MinBias_TuneZ2star_GEN_SIM_103.root
150202 23:06:10 16457 Xrd: CheckErrorStatus: Server [eoscms.cern.ch:1094] declared: session not found(error code: 3011)
02-Feb-2015 23:06:10 GMT  Successfully opened file root://xrootd.unl.edu//store/group/dpg_trigger/comm_trigger/L1TrackTrigger/620_SLHC10/Extended2023TTI/MinBias/MinBias_TuneZ2star_GEN_SIM_103.root
150202 23:07:17 13310 Xrd: XrdClientMessage::ReadRaw: Failed to read header (8 bytes).
02-Feb-2015 23:09:01 GMT  Closed file root://xrootd.unl.edu//store/group/dpg_trigger/comm_trigger/L1TrackTrigger/620_SLHC10/Extended2023TTI/MinBias/MinBias_TuneZ2star_GEN_SIM_103.root
02-Feb-2015 23:09:01 GMT  Initiating request to open file root://xrootd.unl.edu//store/group/dpg_trigger/comm_trigger/L1TrackTrigger/620_SLHC10/Extended2023TTI/MinBias/MinBias_TuneZ2star_GEN_SIM_313.root
02-Feb-2015 23:09:02 GMT  Successfully opened file root://xrootd.unl.edu//store/group/dpg_trigger/comm_trigger/L1TrackTrigger/620_SLHC10/Extended2023TTI/MinBias/MinBias_TuneZ2star_GEN_SIM_313.root
150202 23:11:17 15427 Xrd: XrdClientMessage::ReadRaw: Failed to read header (8 bytes).
02-Feb-2015 23:11:18 GMT  Closed file root://xrootd.unl.edu//store/group/dpg_trigger/comm_trigger/L1TrackTrigger/620_SLHC10/Extended2023TTI/MinBias/MinBias_TuneZ2star_GEN_SIM_313.root
02-Feb-2015 23:11:18 GMT  Initiating request to open file root://xrootd.unl.edu//store/group/dpg_trigger/comm_trigger/L1TrackTrigger/620_SLHC10/Extended2023TTI/MinBias/MinBias_TuneZ2star_GEN_SIM_612.root
02-Feb-2015 23:11:49 GMT  Successfully opened file root://xrootd.unl.edu//store/group/dpg_trigger/comm_trigger/L1TrackTrigger/620_SLHC10/Extended2023TTI/MinBias/MinBias_TuneZ2star_GEN_SIM_612.root
150202 23:14:17 16458 Xrd: XrdClientMessage::ReadRaw: Failed to read header (8 bytes).
150202 23:16:47 17442 Xrd: XrdClientMessage::ReadRaw: Failed to read header (8 bytes).
02-Feb-2015 23:17:11 GMT  Closed file root://xrootd.unl.edu//store/group/dpg_trigger/comm_trigger/L1TrackTrigger/620_SLHC10/Extended2023TTI/MinBias/MinBias_TuneZ2star_GEN_SIM_612.root
02-Feb-2015 23:17:11 GMT  Initiating request to open file root://xrootd.unl.edu//store/group/dpg_trigger/comm_trigger/L1TrackTrigger/620_SLHC10/Extended2023TTI/MinBias/MinBias_TuneZ2star_GEN_SIM_27.root
150202 23:17:11 15426 Xrd: XrdClientMessage::ReadRaw: Failed to read header (8 bytes).
150202 23:17:42 19468 Xrd: CheckErrorStatus: Server [xrootd-redic.pi.infn.it:1094] declared: session not found(error code: 3011)
02-Feb-2015 23:17:42 GMT  Successfully opened file root://xrootd.unl.edu//store/group/dpg_trigger/comm_trigger/L1TrackTrigger/620_SLHC10/Extended2023TTI/MinBias/MinBias_TuneZ2star_GEN_SIM_27.root
02-Feb-2015 23:20:55 GMT  Closed file root://xrootd.unl.edu//store/group/dpg_trigger/comm_trigger/L1TrackTrigger/620_SLHC10/Extended2023TTI/MinBias/MinBias_TuneZ2star_GEN_SIM_27.root
02-Feb-2015 23:20:55 GMT  Initiating request to open file root://xrootd.unl.edu//store/group/dpg_trigger/comm_trigger/L1TrackTrigger/620_SLHC10/Extended2023TTI/MinBias/MinBias_TuneZ2star_GEN_SIM_588.root
02-Feb-2015 23:21:25 GMT  Successfully opened file root://xrootd.unl.edu//store/group/dpg_trigger/comm_trigger/L1TrackTrigger/620_SLHC10/Extended2023TTI/MinBias/MinBias_TuneZ2star_GEN_SIM_588.root
150202 23:22:18 18096 Xrd: XrdClientMessage::ReadRaw: Failed to read header (8 bytes).
02-Feb-2015 23:22:51 GMT  Closed file root://dcap.pp.rl.ac.uk:1094/pnfs/pp.rl.ac.uk/data/cms/store/user/dcieri/ttbar_SIM/ttbar/ttbar_SIM/150129_145223/0000/step1_92.root
02-Feb-2015 23:22:52 GMT  Closed file root://xrootd.unl.edu//store/group/dpg_trigger/comm_trigger/L1TrackTrigger/620_SLHC10/Extended2023TTI/MinBias/MinBias_TuneZ2star_GEN_SIM_588.root

=============================================

MessageLogger Summary

 type     category        sev    module        subroutine        count    total
 ---- -------------------- -- ---------------- ----------------  -----    -----
    1 fileAction           -s MixingModule:mix                      69       69
    2 fileAction           -s MixingModule:mix                       2        2
    3 fileAction           -s MixingModule:mix                       1        1
    4 fileAction           -s file_close                             1        1
    5 fileAction           -s file_open                              2        2

 type    category    Examples: run/evt        run/evt          run/evt
 ---- -------------------- ---------------- ---------------- ----------------
    1 fileAction           1/911            1/911            1/920
    2 fileAction           pre-events       pre-events       
    3 fileAction           PostEndRun                        
    4 fileAction           PostEndRun                        
    5 fileAction           pre-events       pre-events       

Severity    # Occurrences   Total Occurrences
--------    -------------   -----------------
System                 75                  75
>>> END OF printout of 217 lines from stdout+stderr
>>> Parse FrameworkJobReport crab_fjr.xml
Result of parsing the FrameworkJobReport crab_fjr.xml: 
Extracted ExitStatus from FrameworkJobReport parsing output: 0
>>> Executable succeded  0
ExeExitCode=0
EXECUTABLE_EXIT_STATUS = 0
>>> current directory /scratch/condor/dir_32174/glide_EPpVLh/execute/dir_9434/CMSSW_6_2_0_SLHC12
>>>  (SOFTWARE_DIR): /scratch/condor/dir_32174/glide_EPpVLh/execute/dir_9434/CMSSW_6_2_0_SLHC12
>>> (WORKING_DIR): 
>>> current directory content:
total 246904
drwxr-xr-x 3 cms415 gplcms      4096 Feb  2 20:51 .SCRAM
-rw------- 1 cms415 gplcms    915837 Feb  2 20:51 CMSSW.py.pkl
drwxr-xr-x 3 cms415 gplcms      4096 Feb  2 20:51 bin
drwxr-xr-x 3 cms415 gplcms      4096 Feb  2 20:51 cfipython
drwxr-xr-x 4 cms415 gplcms      4096 Apr 28  2014 config
-rw------- 1 cms415 gplcms        17 Feb  2 23:22 cpu_timing.txt
drwxr-xr-x 2 cms415 gplcms      4096 Feb  2 20:51 doc
-rw------- 1 cms415 gplcms     24468 Feb  2 23:22 executable.out
drwxr-xr-x 2 cms415 gplcms      4096 Feb  2 20:51 include
drwx------ 3 cms415 gplcms      4096 Oct  7 10:12 lib
drwxr-xr-x 3 cms415 gplcms      4096 Feb  2 20:51 logs
drwxr-xr-x 3 cms415 gplcms      4096 Feb  2 20:51 objs
-rw------- 1 cms415 gplcms       104 Feb  2 20:51 pset.py
-rw------- 1 cms415 gplcms    926823 Feb  2 20:51 pset.py.pkl
-rw------- 1 cms415 gplcms       289 Feb  2 20:51 pset.pyc
drwxr-xr-x 2 cms415 gplcms      4096 Feb  2 20:51 python
-rw------- 1 cms415 gplcms       356 Feb  2 23:22 report.log
drwxr-xr-x 2 cms415 gplcms      4096 Feb  2 20:51 src
-rw------- 1 cms415 gplcms 250630134 Feb  2 23:22 step2.root
drwxr-xr-x 3 cms415 gplcms      4096 Feb  2 20:51 test
drwxr-xr-x 3 cms415 gplcms      4096 Feb  2 20:51 tmp
>>> current directory /scratch/condor/dir_32174/glide_EPpVLh/execute/dir_9434/CMSSW_6_2_0_SLHC12
>>> (SOFTWARE_DIR): /scratch/condor/dir_32174/glide_EPpVLh/execute/dir_9434/CMSSW_6_2_0_SLHC12
>>> (WORKING_DIR): 
>>> current directory content:
total 246904
drwxr-xr-x 3 cms415 gplcms      4096 Feb  2 20:51 .SCRAM
-rw------- 1 cms415 gplcms    915837 Feb  2 20:51 CMSSW.py.pkl
drwxr-xr-x 3 cms415 gplcms      4096 Feb  2 20:51 bin
drwxr-xr-x 3 cms415 gplcms      4096 Feb  2 20:51 cfipython
drwxr-xr-x 4 cms415 gplcms      4096 Apr 28  2014 config
-rw------- 1 cms415 gplcms        17 Feb  2 23:22 cpu_timing.txt
drwxr-xr-x 2 cms415 gplcms      4096 Feb  2 20:51 doc
-rw------- 1 cms415 gplcms     24468 Feb  2 23:22 executable.out
drwxr-xr-x 2 cms415 gplcms      4096 Feb  2 20:51 include
drwx------ 3 cms415 gplcms      4096 Oct  7 10:12 lib
drwxr-xr-x 3 cms415 gplcms      4096 Feb  2 20:51 logs
drwxr-xr-x 3 cms415 gplcms      4096 Feb  2 20:51 objs
-rw------- 1 cms415 gplcms       104 Feb  2 20:51 pset.py
-rw------- 1 cms415 gplcms    926823 Feb  2 20:51 pset.py.pkl
-rw------- 1 cms415 gplcms       289 Feb  2 20:51 pset.pyc
drwxr-xr-x 2 cms415 gplcms      4096 Feb  2 20:51 python
-rw------- 1 cms415 gplcms       356 Feb  2 23:22 report.log
drwxr-xr-x 2 cms415 gplcms      4096 Feb  2 20:51 src
-rw------- 1 cms415 gplcms 250630134 Feb  2 23:22 step2_417_1_Zxt.root
drwxr-xr-x 3 cms415 gplcms      4096 Feb  2 20:51 test
drwxr-xr-x 3 cms415 gplcms      4096 Feb  2 20:51 tmp
>>> current directory (RUNTIME_AREA):  /scratch/condor/dir_32174/glide_EPpVLh/execute/dir_9434
PNN = T2_UK_SGrid_RALPP
SE = heplnx204.pp.rl.ac.uk
SE_PATH = /srm/managerv2?SFN=/pnfs/pp.rl.ac.uk/data/cms/store/user/dcieri/ttbar_PU140_DIGI/dcieri/ttbar/ttbar_PU140_DIGI/3c0380cf82de79bc39966c93934c61fc/
LFNBaseName = /store/user/dcieri/ttbar_PU140_DIGI/dcieri/ttbar/ttbar_PU140_DIGI/3c0380cf82de79bc39966c93934c61fc/
USER = dcieri
endpoint = srm://heplnx204.pp.rl.ac.uk:8443/srm/managerv2?SFN=/pnfs/pp.rl.ac.uk/data/cms/store/user/dcieri/ttbar_PU140_DIGI/dcieri/ttbar/ttbar_PU140_DIGI/3c0380cf82de79bc39966c93934c61fc/
>>> Copy output files from WN = heplnc120.pp.rl.ac.uk to /srm/managerv2?SFN=/pnfs/pp.rl.ac.uk/data/cms/store/user/dcieri/ttbar_PU140_DIGI/dcieri/ttbar/ttbar_PU140_DIGI/3c0380cf82de79bc39966c93934c61fc/ :
python cmscp.py  --destination srm://heplnx204.pp.rl.ac.uk:8443/srm/managerv2?SFN=/pnfs/pp.rl.ac.uk/data/cms/store/user/dcieri/ttbar_PU140_DIGI/dcieri/ttbar/ttbar_PU140_DIGI/3c0380cf82de79bc39966c93934c61fc/ --inputFileList /scratch/condor/dir_32174/glide_EPpVLh/execute/dir_9434/CMSSW_6_2_0_SLHC12/step2_417_1_Zxt.root --middleware LCG --PNN T2_UK_SGrid_RALPP --se_name heplnx204.pp.rl.ac.uk --for_lfn /store/user/dcieri/ttbar_PU140_DIGI/dcieri/ttbar/ttbar_PU140_DIGI/3c0380cf82de79bc39966c93934c61fc/    
******************************************************
localSeName  =  heplnx204.pp.rl.ac.uk
remoteSeName =  heplnx204.pp.rl.ac.uk
******************************************************
{"/scratch/condor/dir_32174/glide_EPpVLh/execute/dir_9434/CMSSW_6_2_0_SLHC12/step2_417_1_Zxt.root": {"endpoint": "srm://heplnx204.pp.rl.ac.uk:8443/srm/managerv2?SFN=/pnfs/pp.rl.ac.uk/data/cms/store/user/dcieri/ttbar_PU140_DIGI/dcieri/ttbar/ttbar_PU140_DIGI/3c0380cf82de79bc39966c93934c61fc/", "surl_for_grid": "", "reason": "Copy succedeed with srm-lcg utils", "erCode": "0", "PNN": "T2_UK_SGrid_RALPP", "se_name": "heplnx204.pp.rl.ac.uk", "for_lfn": "/store/user/dcieri/ttbar_PU140_DIGI/dcieri/ttbar/ttbar_PU140_DIGI/3c0380cf82de79bc39966c93934c61fc/"}}/scratch/condor/dir_32174/glide_EPpVLh/execute/dir_9434
-------- cat /scratch/condor/dir_32174/glide_EPpVLh/execute/dir_9434/cmscpReport.sh 
#!/bin/bash
echo "Report for File: /scratch/condor/dir_32174/glide_EPpVLh/execute/dir_9434/CMSSW_6_2_0_SLHC12/step2_417_1_Zxt.root"
echo "LFN: /store/user/dcieri/ttbar_PU140_DIGI/dcieri/ttbar/ttbar_PU140_DIGI/3c0380cf82de79bc39966c93934c61fc/step2_417_1_Zxt.root"
echo "StorageElement: heplnx204.pp.rl.ac.uk"
echo "StageOutExitStatusReason = 'Copy succedeed with srm-lcg utils'" | tee -a $RUNTIME_AREA/$repo
echo "StageOutSE = heplnx204.pp.rl.ac.uk" >> $RUNTIME_AREA/$repo

export StageOutExitStatus=0
echo "StageOutExitStatus = 0" | tee -a $RUNTIME_AREA/$repo
-------- end of /scratch/condor/dir_32174/glide_EPpVLh/execute/dir_9434/cmscpReport.sh 
Report for File: /scratch/condor/dir_32174/glide_EPpVLh/execute/dir_9434/CMSSW_6_2_0_SLHC12/step2_417_1_Zxt.root
LFN: /store/user/dcieri/ttbar_PU140_DIGI/dcieri/ttbar/ttbar_PU140_DIGI/3c0380cf82de79bc39966c93934c61fc/step2_417_1_Zxt.root
StorageElement: heplnx204.pp.rl.ac.uk
StageOutExitStatusReason = 'Copy succedeed with srm-lcg utils'
StageOutExitStatus = 0
>>> current dir: /scratch/condor/dir_32174/glide_EPpVLh/execute/dir_9434
>>> current dir content:
total 8824
-rw-------  1 cms415 gplcms    2793 Feb  2 23:23 .SEinteraction.log
-rwx------  1 cms415 gplcms      53 Feb  2 20:50 .chirp_config
-rwx------  1 cms415 gplcms    7817 Feb  2 20:50 .job.ad
-rwx------  1 cms415 gplcms    9749 Feb  2 20:50 .machine.ad
-rw-------  1 cms415 gplcms     105 Feb  2 12:16 CMSSW.py
-rw-------  1 cms415 gplcms  915837 Feb  2 12:16 CMSSW.py.pkl
-rwx------  1 cms415 gplcms   29498 Feb  2 20:51 CMSSW.sh
drwxr-xr-x 15 cms415 gplcms    4096 Feb  2 23:22 CMSSW_6_2_0_SLHC12
-rw-------  1 cms415 gplcms     189 Feb  2 20:51 CacheEnv.sh
-rw-------  1 cms415 gplcms    7291 Nov 19 14:52 DashboardAPI.py
-rw-------  1 cms415 gplcms    6455 Feb  2 20:51 DashboardAPI.pyc
drwx------  2 cms415 gplcms    4096 Feb  2 23:22 IMProv
-rw-------  1 cms415 gplcms    2748 Nov 19 14:52 Logger.py
-rw-------  1 cms415 gplcms    3227 Feb  2 20:51 Logger.pyc
-rw-------  1 cms415 gplcms   24524 Nov 19 14:52 ProcInfo.py
-rw-------  1 cms415 gplcms   22621 Feb  2 20:51 ProcInfo.pyc
drwx------  7 cms415 gplcms    4096 Feb  2 20:51 ProdCommon
drwx------  3 cms415 gplcms    4096 Feb  2 20:51 WMCore
-rw-------  1 cms415 gplcms   11098 Feb  2 23:22 Watchdog_417.log
-rwx------  1 cms415 gplcms       0 Feb  2 20:51 _condor_stderr
-rwx---r--  1 cms415 gplcms   39204 Feb  2 23:23 _condor_stdout
-rw-------  1 cms415 gplcms   32895 Nov 19 14:52 apmon.py
-rw-------  1 cms415 gplcms   27929 Feb  2 20:51 apmon.pyc
-rwx------  1 cms415 gplcms  134309 Feb  2 20:51 arguments.xml
-rwx------  1 cms415 gplcms   38581 Nov 19 14:52 cmscp.py
-rw-------  1 cms415 gplcms     561 Feb  2 23:23 cmscpReport.sh
-rwx------  1 cms415 gplcms   29498 Feb  2 20:51 condor_exec.exe
-rw-------  1 cms415 gplcms     544 Feb  2 12:16 crab.cfg
-rwx------  1 cms415 gplcms    8610 Nov 19 14:52 crabWatchdog.sh
-rwx---r--  1 cms415 gplcms  112086 Feb  2 23:22 crab_fjr_417.xml
-rwx------  1 cms415 gplcms 7390485 Feb  2 20:51 default.tgz
-rwx------  1 cms415 gplcms    4488 Nov 19 14:52 fillCrabFjr.py
-rw-------  1 cms415 gplcms     225 Feb  2 20:51 inputsReport.txt
-rw-------  1 cms415 gplcms     243 Feb  2 23:23 jobreport.txt
-rw-------  1 cms415 gplcms   17352 Nov 19 14:52 parseCrabFjr.py
-rw-------  1 cms415 gplcms     322 Feb  2 20:51 report.log
-rwx--x--x  1 cms415 gplcms    1497 Nov 19 14:52 report.py
-rw-------  1 cms415 gplcms     554 Feb  2 23:23 resultCopyFile
lrwxrwxrwx  1 cms415 gplcms      95 Feb  2 23:22 step2.root -> /scratch/condor/dir_32174/glide_EPpVLh/execute/dir_9434/CMSSW_6_2_0_SLHC12/step2_417_1_Zxt.root
-rwx------  1 cms415 gplcms    8351 Nov 19 14:52 writeCfg.py
-rw-------  1 cms415 gplcms   10293 Feb  2 20:50 x509up_u62281
>>> Modify Job Report:
CMSSW_VERSION = CMSSW_6_2_0_SLHC12
ProcessedDataset = ttbar_PU140_DIGI
/scratch/condor/dir_32174/glide_EPpVLh/execute/dir_9434/ProdCommon/FwkJobRep/ModifyJobReport.py fjr /scratch/condor/dir_32174/glide_EPpVLh/execute/dir_9434/crab_fjr_417.xml json /scratch/condor/dir_32174/glide_EPpVLh/execute/dir_9434/resultCopyFile n_job 417_1_Zxt PrimaryDataset ttbar  ApplicationFamily cmsRun ApplicationName cmsRun cmssw_version CMSSW_6_2_0_SLHC12 psethash 3c0380cf82de79bc39966c93934c61fc UserProcessedDataset dcieri-ttbar_PU140_DIGI-3c0380cf82de79bc39966c93934c61fc
inputDict =  {u'/scratch/condor/dir_32174/glide_EPpVLh/execute/dir_9434/CMSSW_6_2_0_SLHC12/step2_417_1_Zxt.root': {u'endpoint': u'srm://heplnx204.pp.rl.ac.uk:8443/srm/managerv2?SFN=/pnfs/pp.rl.ac.uk/data/cms/store/user/dcieri/ttbar_PU140_DIGI/dcieri/ttbar/ttbar_PU140_DIGI/3c0380cf82de79bc39966c93934c61fc/', u'surl_for_grid': u'', u'reason': u'Copy succedeed with srm-lcg utils', u'erCode': u'0', u'PNN': u'T2_UK_SGrid_RALPP', u'se_name': u'heplnx204.pp.rl.ac.uk', u'for_lfn': u'/store/user/dcieri/ttbar_PU140_DIGI/dcieri/ttbar/ttbar_PU140_DIGI/3c0380cf82de79bc39966c93934c61fc/'}}
UserProcessedDataset =  dcieri-ttbar_PU140_DIGI-3c0380cf82de79bc39966c93934c61fc
WORKING ON EDM FILE
file_name in inputDict =  /scratch/condor/dir_32174/glide_EPpVLh/execute/dir_9434/CMSSW_6_2_0_SLHC12/step2_417_1_Zxt.root
(size) os.stat(filename)[6] =  250630134
checksum =  1126206521
    file =  step2_417_1_Zxt.root
    newPfn =  srm://heplnx204.pp.rl.ac.uk:8443/srm/managerv2?SFN=/pnfs/pp.rl.ac.uk/data/cms/store/user/dcieri/ttbar_PU140_DIGI/dcieri/ttbar/ttbar_PU140_DIGI/3c0380cf82de79bc39966c93934c61fc/step2_417_1_Zxt.root
    newLfn =  /store/user/dcieri/ttbar_PU140_DIGI/dcieri/ttbar/ttbar_PU140_DIGI/3c0380cf82de79bc39966c93934c61fc/step2_417_1_Zxt.root
>>> crab_fjr_*.xml  permission set to 0704
CrabWrapper EXIT_FUNC entered at Mon Feb  2 23:23:48 GMT 2015   -  Mon Feb  2 23:23:48 UTC 2015
Checking output files:  
will tar file crab_fjr_417.xml in  out_files_417
WARNING: output file CMSSW_417.stdout not found!
WARNING: output file CMSSW_417.stderr not found!
WARNING: output file Watchdog_417.log.gz not found!
>>> padding time: Wrapper lasting more than 600 seconds. No sleep required.
STOPPING WATCHDOG. CrabWatchdog PID is 9833
********** LAST 50 LINES OF WATCHDOG LOG
 Feb 02 21:20:36 GMT	9998	1064864	1405800	53	124	1752	cmsRun -j /scratch/condor/dir_32174/glide_EPpVLh/execute/dir_9434/crab_fjr_417.xml -p pset.py      
 Feb 02 21:21:37 GMT	9998	1070172	1407336	53	127	1812	cmsRun -j /scratch/condor/dir_32174/glide_EPpVLh/execute/dir_9434/crab_fjr_417.xml -p pset.py      
 Feb 02 21:23:37 GMT	9998	1086768	1407336	53	131	1933	cmsRun -j /scratch/condor/dir_32174/glide_EPpVLh/execute/dir_9434/crab_fjr_417.xml -p pset.py      
 Feb 02 21:24:38 GMT	9998	1091260	1409384	53	133	1993	cmsRun -j /scratch/condor/dir_32174/glide_EPpVLh/execute/dir_9434/crab_fjr_417.xml -p pset.py      
 Feb 02 21:25:38 GMT	9998	1218560	1693732	53	168	2053	cmsRun -j /scratch/condor/dir_32174/glide_EPpVLh/execute/dir_9434/crab_fjr_417.xml -p pset.py      
 Feb 02 21:25:38 GMT	---	1218560	1693732	76	----	----	----
 Feb 02 21:26:38 GMT	9998	1228540	1693732	76	169	2114	cmsRun -j /scratch/condor/dir_32174/glide_EPpVLh/execute/dir_9434/crab_fjr_417.xml -p pset.py      
 Feb 02 21:27:39 GMT	9998	1229808	1694244	76	171	2174	cmsRun -j /scratch/condor/dir_32174/glide_EPpVLh/execute/dir_9434/crab_fjr_417.xml -p pset.py      
 Feb 02 21:28:39 GMT	9998	1232504	1694244	76	172	2234	cmsRun -j /scratch/condor/dir_32174/glide_EPpVLh/execute/dir_9434/crab_fjr_417.xml -p pset.py      
 Feb 02 21:29:39 GMT	9998	1247896	1694244	76	175	2295	cmsRun -j /scratch/condor/dir_32174/glide_EPpVLh/execute/dir_9434/crab_fjr_417.xml -p pset.py      
 Feb 02 21:30:40 GMT	9998	1269536	1694244	76	178	2355	cmsRun -j /scratch/condor/dir_32174/glide_EPpVLh/execute/dir_9434/crab_fjr_417.xml -p pset.py      
 Feb 02 21:31:40 GMT	9998	1272372	1694244	76	181	2416	cmsRun -j /scratch/condor/dir_32174/glide_EPpVLh/execute/dir_9434/crab_fjr_417.xml -p pset.py      
 Feb 02 21:32:41 GMT	9998	1272980	1694756	76	184	2476	cmsRun -j /scratch/condor/dir_32174/glide_EPpVLh/execute/dir_9434/crab_fjr_417.xml -p pset.py      
 Feb 02 21:35:42 GMT	9998	1273140	1697316	76	191	2657	cmsRun -j /scratch/condor/dir_32174/glide_EPpVLh/execute/dir_9434/crab_fjr_417.xml -p pset.py      
 Feb 02 21:36:42 GMT	9998	1273676	1698852	76	194	2717	cmsRun -j /scratch/condor/dir_32174/glide_EPpVLh/execute/dir_9434/crab_fjr_417.xml -p pset.py      
 Feb 02 21:37:42 GMT	9998	1275888	1700132	76	197	2777	cmsRun -j /scratch/condor/dir_32174/glide_EPpVLh/execute/dir_9434/crab_fjr_417.xml -p pset.py      
 Feb 02 21:38:42 GMT	9998	1278608	1701156	76	201	2838	cmsRun -j /scratch/condor/dir_32174/glide_EPpVLh/execute/dir_9434/crab_fjr_417.xml -p pset.py      
 Feb 02 21:39:43 GMT	9998	1280444	1708324	76	204	2898	cmsRun -j /scratch/condor/dir_32174/glide_EPpVLh/execute/dir_9434/crab_fjr_417.xml -p pset.py      
 Feb 02 21:40:43 GMT	9998	1283296	1708324	76	208	2958	cmsRun -j /scratch/condor/dir_32174/glide_EPpVLh/execute/dir_9434/crab_fjr_417.xml -p pset.py      
 Feb 02 21:41:43 GMT	9998	1284548	1708324	76	212	3019	cmsRun -j /scratch/condor/dir_32174/glide_EPpVLh/execute/dir_9434/crab_fjr_417.xml -p pset.py      
 Feb 02 21:42:52 GMT	9998	1315768	1719588	76	220	3087	cmsRun -j /scratch/condor/dir_32174/glide_EPpVLh/execute/dir_9434/crab_fjr_417.xml -p pset.py      
 Feb 02 21:43:52 GMT	9998	1331852	1719588	76	224	3147	cmsRun -j /scratch/condor/dir_32174/glide_EPpVLh/execute/dir_9434/crab_fjr_417.xml -p pset.py      
 Feb 02 21:44:53 GMT	9998	1393192	1730600	76	233	3210	cmsRun -j /scratch/condor/dir_32174/glide_EPpVLh/execute/dir_9434/crab_fjr_417.xml -p pset.py      
 Feb 02 21:45:56 GMT	9998	1396896	1730600	76	236	3271	cmsRun -j /scratch/condor/dir_32174/glide_EPpVLh/execute/dir_9434/crab_fjr_417.xml -p pset.py      
 Feb 02 21:46:56 GMT	9998	1401152	1732648	76	240	3331	cmsRun -j /scratch/condor/dir_32174/glide_EPpVLh/execute/dir_9434/crab_fjr_417.xml -p pset.py      
 Feb 02 21:47:56 GMT	9998	1492216	1830912	76	250	3392	cmsRun -j /scratch/condor/dir_32174/glide_EPpVLh/execute/dir_9434/crab_fjr_417.xml -p pset.py      
 Feb 02 21:48:57 GMT	---	1492216	1830912	99	----	----	----
 Feb 02 22:06:04 GMT	---	1492216	1830912	121	----	----	----
 Feb 02 22:21:13 GMT	---	1492216	1830912	143	----	----	----
 Feb 02 22:32:19 GMT	---	1492216	1830912	165	----	----	----
# TIME			PID	RSS(KB)	VSZ(KB)	Dsk(MB)	tCPU(s)	tWALL(s)	COMMAND
# TIME			PID	RSS(KB)	VSZ(KB)	Dsk(MB)	tCPU(s)	tWALL(s)	COMMAND
# TIME			PID	RSS(KB)	VSZ(KB)	Dsk(MB)	tCPU(s)	tWALL(s)	COMMAND
# TIME			PID	RSS(KB)	VSZ(KB)	Dsk(MB)	tCPU(s)	tWALL(s)	COMMAND
# TIME			PID	RSS(KB)	VSZ(KB)	Dsk(MB)	tCPU(s)	tWALL(s)	COMMAND
# TIME			PID	RSS(KB)	VSZ(KB)	Dsk(MB)	tCPU(s)	tWALL(s)	COMMAND
# TIME			PID	RSS(KB)	VSZ(KB)	Dsk(MB)	tCPU(s)	tWALL(s)	COMMAND
# TIME			PID	RSS(KB)	VSZ(KB)	Dsk(MB)	tCPU(s)	tWALL(s)	COMMAND
 Feb 02 22:40:25 GMT	9998	1492216	1832712	165	586	6540	cmsRun -j /scratch/condor/dir_32174/glide_EPpVLh/execute/dir_9434/crab_fjr_417.xml -p pset.py      
 Feb 02 22:42:25 GMT	9998	1492216	1846024	165	603	6661	cmsRun -j /scratch/condor/dir_32174/glide_EPpVLh/execute/dir_9434/crab_fjr_417.xml -p pset.py      
 Feb 02 22:43:26 GMT	---	1492216	1846024	186	----	----	----
 Feb 02 22:53:30 GMT	---	1492216	1846024	207	----	----	----
 Feb 02 23:03:34 GMT	9998	1492216	1848072	207	766	7934	cmsRun -j /scratch/condor/dir_32174/glide_EPpVLh/execute/dir_9434/crab_fjr_417.xml -p pset.py      
 Feb 02 23:04:40 GMT	9998	1492216	1862408	207	781	7995	cmsRun -j /scratch/condor/dir_32174/glide_EPpVLh/execute/dir_9434/crab_fjr_417.xml -p pset.py      
 Feb 02 23:05:40 GMT	9998	1633300	1966088	207	800	8056	cmsRun -j /scratch/condor/dir_32174/glide_EPpVLh/execute/dir_9434/crab_fjr_417.xml -p pset.py      
 Feb 02 23:06:41 GMT	---	1633300	1966088	231	----	----	----
 Feb 02 23:12:44 GMT	9998	1633300	2020104	231	891	8480	cmsRun -j /scratch/condor/dir_32174/glide_EPpVLh/execute/dir_9434/crab_fjr_417.xml -p pset.py      
 Feb 02 23:13:45 GMT	---	1633300	2020104	255	----	----	----
 Feb 02 23:22:48 GMT	9998	1638408	2020104	255	992	9085	cmsRun -j /scratch/condor/dir_32174/glide_EPpVLh/execute/dir_9434/crab_fjr_417.xml -p pset.py      
 Feb 02 23:22:48 GMT	---	1638408	2020104	268	----	----	----
********** WATCHDOG LOG ENDED
ZIPPING WATCHDOG LOG
Disk space used:
du -sh /scratch/condor/dir_32174/glide_EPpVLh/execute/dir_9434
277M	/scratch/condor/dir_32174/glide_EPpVLh/execute/dir_9434
Found unusual stdout, rename for OSB
`/scratch/condor/dir_32174/glide_EPpVLh/execute/dir_9434/_condor_stdout' -> `CMSSW_417.stdout'
Found unusual stderr, rename for OSB
`/scratch/condor/dir_32174/glide_EPpVLh/execute/dir_9434/_condor_stdout' -> `CMSSW_417.stderr'
crab_fjr_417.xml
CMSSW_417.stdout
CMSSW_417.stderr
Watchdog_417.log.gz
Total Output dimension: 24235
WARNING: output files size limit is set to: 50000000
Total Output dimension 24235 is fine.
JOB_EXIT_STATUS = 0
>>> info for dashboard:
***** Cat /scratch/condor/dir_32174/glide_EPpVLh/execute/dir_9434/jobreport.txt *****
MonitorJobID=417_https://submit-6.t2.ucsd.edu//150202//509448.16
MonitorID=dcieri_PU140_4dm08r
ExeTime=9084
ExeExitCode=0
StageOutExitStatusReason = 'Copy succedeed with srm-lcg utils'
StageOutSE = heplnx204.pp.rl.ac.uk
StageOutExitStatus = 0
CrabUserCpuTime=967.47
CrabSysCpuTime=28.47
CrabCpuPercentage=10%
CrabWrapperTime=9148
CrabStageoutTime=48
JobExitCode=0
***** End Cat jobreport *****
Parameters sent to Dashboard.
EXITING at Mon Feb  2 23:23:50 GMT 2015  -  Mon Feb  2 23:23:50 UTC 2015
