This script was generated by crab (version 2.11.1_patch1).
Running /scratch/condor/dir_7364/glide_AISHL2/execute/dir_19211/condor_exec.exe with 2 positional parameters: 177 1
Today is Mon Feb  2 20:09:10 GMT 2015 - Mon Feb  2 20:09:10 UTC 2015
Job submitted on host heplnc171.pp.rl.ac.uk
Linux heplnc171.pp.rl.ac.uk 2.6.32-504.3.3.el6.x86_64 #1 SMP Tue Dec 16 14:29:22 CST 2014 x86_64 x86_64 x86_64 GNU/Linux
Distributor ID:	Scientific
Description:	Scientific Linux release 6.6 (Carbon)
>>> current directory (RUNTIME_AREA): /scratch/condor/dir_7364/glide_AISHL2/execute/dir_19211
>>> current user: uid=157415(cms415) gid=157000(gplcms) groups=157000(gplcms)
>>> directory permission set to 0700
>>> umask set to:  u=rwx,g=,o=
>>> stdout stderr permission set to 0704
>>> voms proxy information:
subject   : /DC=ch/DC=cern/OU=Organic Units/OU=Users/CN=dcieri/CN=755391/CN=Davide Cieri/CN=769881070/CN=1226048180
issuer    : /DC=ch/DC=cern/OU=Organic Units/OU=Users/CN=dcieri/CN=755391/CN=Davide Cieri/CN=769881070
identity  : /DC=ch/DC=cern/OU=Organic Units/OU=Users/CN=dcieri/CN=755391/CN=Davide Cieri
type      : RFC3820 compliant limited proxy
strength  : 1024
path      : /scratch/condor/dir_7364/glide_AISHL2/execute/dir_19211/x509up_u62281
timeleft  : 23:59:22
key usage : Digital Signature, Key Encipherment
=== VO cms extension information ===
VO        : cms
subject   : /DC=ch/DC=cern/OU=Organic Units/OU=Users/CN=dcieri/CN=755391/CN=Davide Cieri
issuer    : /DC=ch/DC=cern/OU=computers/CN=lcg-voms2.cern.ch
attribute : /cms/Role=NULL/Capability=NULL
timeleft  : 184:07:14
uri       : lcg-voms2.cern.ch:15002

WNHostName=heplnc171.pp.rl.ac.uk
$_CONDOR_JOB_AD =/scratch/condor/dir_7364/glide_AISHL2/execute/dir_19211/.job.ad
OverflowFlag=0
>>> tar --no-same-permissions -xf /scratch/condor/dir_7364/glide_AISHL2/execute/dir_19211/default.tgz :
Successful untar
>>> Include /scratch/condor/dir_7364/glide_AISHL2/execute/dir_19211 in PYTHONPATH:
strip arguments
env var CRAB_UNIQUE_JOB_ID set to: dcieri_PU140_4dm08r_177_1_PnL
out_files_177
>>> list of expected files on output sandbox
output files: crab_fjr_177.xml CMSSW_177.stdout CMSSW_177.stderr Watchdog_177.log.gz
>>> GridFlavour discovery: 
GridFlavour=LCG
>>> SyncSite discovery: 
SyncSite=T2_UK_SGrid_RALPP
>>> SyncCE discovery: 
getting SyncCE from GLIDEIN_Gaekeeper
SyncCE=heplnv146.pp.rl.ac.uk
>>> info for dashboard:
***** Cat /scratch/condor/dir_7364/glide_AISHL2/execute/dir_19211/jobreport.txt *****
WNHostName=heplnc171.pp.rl.ac.uk
OverflowFlag=0
MonitorJobID=177_https://submit-6.t2.ucsd.edu//150202//509447.176
SyncGridJobId=https://submit-6.t2.ucsd.edu//150202//509447.176
MonitorID=dcieri_PU140_4dm08r
GridFlavour=LCG
SyncSite=T2_UK_SGrid_RALPP
SyncCE=heplnv146.pp.rl.ac.uk
***** End Cat jobreport *****
Parameters sent to Dashboard.
>>> setup environment
set SCRAM ARCH to slc6_amd64_gcc472
SCRAM_ARCH = slc6_amd64_gcc472
>>> setup CMS LCG environment:
set SCRAM ARCH and BUILD_ARCH to slc6_amd64_gcc472 ###
Sourcing environment... 
sourcing /cvmfs/cms.cern.ch/cmsset_default.sh
==> setup cms environment ok
>>> specific cmssw setup environment:
CMSSW_VERSION =  CMSSW_6_2_0_SLHC12
WARNING: In non-interactive mode release checks e.g. deprecated releases, production architectures are disabled.
>>> current directory (SOFTWARE_DIR): /scratch/condor/dir_7364/glide_AISHL2/execute/dir_19211/CMSSW_6_2_0_SLHC12
PreserveSeeds: <>
IncrementSeeds:<>
>>> info for dashboard:
***** Cat /scratch/condor/dir_7364/glide_AISHL2/execute/dir_19211/jobreport.txt *****
MonitorJobID=177_https://submit-6.t2.ucsd.edu//150202//509447.176
MonitorID=dcieri_PU140_4dm08r
***** End Cat jobreport *****
Parameters sent to Dashboard.
crabWatchdog started as process 19557
>>> moving CMSSW software directories in /scratch/condor/dir_7364/glide_AISHL2/execute/dir_19211/CMSSW_6_2_0_SLHC12
mv: cannot stat `/scratch/condor/dir_7364/glide_AISHL2/execute/dir_19211/module/': No such file or directory
>>> Include /scratch/condor/dir_7364/glide_AISHL2/execute/dir_19211 in PYTHONPATH:
PYTHONPATH=/scratch/condor/dir_7364/glide_AISHL2/execute/dir_19211/:/scratch/condor/dir_7364/glide_AISHL2/execute/dir_19211/CMSSW_6_2_0_SLHC12/python:/scratch/condor/dir_7364/glide_AISHL2/execute/dir_19211/CMSSW_6_2_0_SLHC12/lib/slc6_amd64_gcc472:/cvmfs/cms.cern.ch/slc6_amd64_gcc472/cms/cmssw/CMSSW_6_2_0_SLHC12/python:/cvmfs/cms.cern.ch/slc6_amd64_gcc472/cms/cmssw/CMSSW_6_2_0_SLHC12/lib/slc6_amd64_gcc472:/cvmfs/cms.cern.ch/slc6_amd64_gcc472/cms/coral/CORAL_2_3_21-cms35/slc6_amd64_gcc472/python:/cvmfs/cms.cern.ch/slc6_amd64_gcc472/cms/coral/CORAL_2_3_21-cms35/slc6_amd64_gcc472/lib:/cvmfs/cms.cern.ch/slc6_amd64_gcc472/external/python-ldap/2.3.5-cms5/lib/python2.7/site-packages:/cvmfs/cms.cern.ch/slc6_amd64_gcc472/external/pyqt/4.8.1-cms5/lib/python2.7/site-packages:/cvmfs/cms.cern.ch/slc6_amd64_gcc472/external/py2-scipy/0.8.0-cms7/lib/python2.7/site-packages:/cvmfs/cms.cern.ch/slc6_amd64_gcc472/external/py2-matplotlib/1.0.1-cms7/lib/python2.7/site-packages:/cvmfs/cms.cern.ch/slc6_amd64_gcc472/external/sip/4.11.2-cms5/lib/python2.7/site-packages:/cvmfs/cms.cern.ch/slc6_amd64_gcc472/external/py2-pycurl/7.19.0-cms7/lib/python2.7/site-packages:/cvmfs/cms.cern.ch/slc6_amd64_gcc472/external/py2-numpy/1.6.1-cms7/lib/python2.7/site-packages:/cvmfs/cms.cern.ch/slc6_amd64_gcc472/external/py2-lint/0.25.1-cms5/lib/python2.7/site-packages:/cvmfs/cms.cern.ch/slc6_amd64_gcc472/external/py2-ipython/0.10-cms5/lib/python2.7/site-packages:/cvmfs/cms.cern.ch/slc6_amd64_gcc472/external/py2-cx-oracle/5.1-cms5/lib/python2.7/site-packages:/cvmfs/cms.cern.ch/slc6_amd64_gcc472/external/py2-cjson/1.0.5-cms5/lib/python2.7/site-packages:/cvmfs/cms.cern.ch/slc6_amd64_gcc472/cms/das-client/1.11.7/bin:/cvmfs/cms.cern.ch/slc6_amd64_gcc472/external/elementtree/1.2.6-cms5/share/lib/python2.7/site-packages:/cvmfs/cms.cern.ch/slc6_amd64_gcc472/external/rivet/1.8.2-cms9/lib/python2.7/site-packages:/cvmfs/cms.cern.ch/slc6_amd64_gcc472/external/pyminuit2/0.0.1-cms19/lib/python2.7/site-packages:/cvmfs/cms.cern.ch/slc6_amd64_gcc472/external/py2-pygithub/1.23.0-cms2/lib/python2.7/site-packages:/cvmfs/cms.cern.ch/slc6_amd64_gcc472/external/professor/1.0.0-cms19/lib/python2.7/site-packages:/cvmfs/cms.cern.ch/slc6_amd64_gcc472/lcg/root/5.34.07-cms/lib:/cvmfs/cms.cern.ch/slc6_amd64_gcc472/cms/dbs-client/DBS_2_1_9-cms5/lib:/cvmfs/cms.cern.ch/slc6_amd64_gcc472/cms/dbs-client/DBS_2_1_9-cms5/lib/DBSAPI:/cvmfs/cms.cern.ch/slc6_amd64_gcc472/external/cvs2git/5419-cms/lib:/scratch/condor/dir_7364/glide_AISHL2/execute/dir_19211/
 
# LIMITS USED BY CRAB WATCHDOG:
# RSS  (KBytes)   : 2300000
# VSZ  (KBytes)   : 100000000
# DISK (MBytes)   : 19000
# CPU TIME        : 720h:0m:0s
# WALL CLOCK TIME : 21h:50m:0s
 
3c0380cf82de79bc39966c93934c61fc
PSETHASH = 3c0380cf82de79bc39966c93934c61fc
/scratch/condor/dir_7364/glide_AISHL2/execute/dir_19211/writeCfg.py pset.py pset.py
Importing .py file
Setting parameters
RandomNumberGeneratorService found, will attempt to change seeds
inputBlocks=/ttbar/dcieri-ttbar_SIM-130075366148575c102f0d64fd3ac8f7/USER#42f4abf6-431f-4645-8b28-bf101a629022
inputFiles=/store/user/dcieri/ttbar_SIM/ttbar/ttbar_SIM/150129_145223/0000/step1_384.root
parentFiles=
lumisRange=
>>> Executable cmsRun
/cvmfs/cms.cern.ch/slc6_amd64_gcc472/cms/cmssw/CMSSW_6_2_0_SLHC12/bin/slc6_amd64_gcc472/cmsRun
ok executable found
>>> info for dashboard:
***** Cat /scratch/condor/dir_7364/glide_AISHL2/execute/dir_19211/jobreport.txt *****
MonitorJobID=177_https://submit-6.t2.ucsd.edu//150202//509447.176
MonitorID=dcieri_PU140_4dm08r
ExeStart=cmsRun
***** End Cat jobreport *****
Parameters sent to Dashboard.
>>> cmsRun started at Mon Feb  2 20:09:19 UTC 2015
>>> cmsRun ended at Mon Feb  2 23:08:20 UTC 2015
>>> crab_fjr_*.xml  permission set to 0704
>>> info for dashboard:
***** Cat /scratch/condor/dir_7364/glide_AISHL2/execute/dir_19211/jobreport.txt *****
MonitorJobID=177_https://submit-6.t2.ucsd.edu//150202//509447.176
MonitorID=dcieri_PU140_4dm08r
ExeEnd=cmsRun
***** End Cat jobreport *****
Parameters sent to Dashboard.
TIME_EXE = 10741 sec
>>> cmsRun wrote 215 lines of stdout+stderr
>>> START OF printout of 215 lines from stdout+stderr
271 DQMStore::DQMStore 
HcalTopologyIdealEP::HcalTopologyIdealEP
02-Feb-2015 20:09:29 GMT  Initiating request to open file root://dcap.pp.rl.ac.uk:1094/pnfs/pp.rl.ac.uk/data/cms/store/user/dcieri/ttbar_SIM/ttbar/ttbar_SIM/150129_145223/0000/step1_384.root
150202 20:09:31 19689 Xrd: CheckErrorStatus: Server [heplnx210.pp.rl.ac.uk:1094] declared: Request 3018 not supported(error code: 3013)
02-Feb-2015 20:09:31 GMT  Successfully opened file root://dcap.pp.rl.ac.uk:1094/pnfs/pp.rl.ac.uk/data/cms/store/user/dcieri/ttbar_SIM/ttbar/ttbar_SIM/150129_145223/0000/step1_384.root
02-Feb-2015 20:09:32 GMT  Initiating request to open file root://xrootd.unl.edu//store/group/dpg_trigger/comm_trigger/L1TrackTrigger/620_SLHC10/Extended2023TTI/MinBias/MinBias_TuneZ2star_GEN_SIM_1.root
02-Feb-2015 20:10:03 GMT  Successfully opened file root://xrootd.unl.edu//store/group/dpg_trigger/comm_trigger/L1TrackTrigger/620_SLHC10/Extended2023TTI/MinBias/MinBias_TuneZ2star_GEN_SIM_1.root
disableME1a = 0
HcalTopologyIdealEP::produce(const IdealGeometryRecord& iRecord)
mode = 2, maxDepthHB = 3, maxDepthHE = 5
RPCGeometryESModule :: produce
RPCGeometryESModule :: produce :: 1/4 Get Muon Ideal Geometry Record
RPCGeometryESModule :: produce :: 2/4 Get Muon DDD Constants
RPCGeometryESModule :: produce :: 3/4 Get Muon Numbering Record
in MuonNumberingInitialization::initializeMuonDDDConstants
about to make my new muonDDDConst_
in MuonNumberingInitialization::produce
RPCGeometryESModule :: produce :: 4/4 Build
Found:

	Barrel Stack layer 5 : 1008 stacks
	Barrel Stack layer 6 : 1320 stacks
	Barrel Stack layer 7 : 1836 stacks
	Barrel Stack layer 8 : 1152 stacks
	Barrel Stack layer 9 : 1488 stacks
	Barrel Stack layer 10 : 1824 stacks

	Endcap Stack disk 11 : 1360 stacks
	Endcap Stack disk 12 : 1360 stacks
	Endcap Stack disk 13 : 1360 stacks
	Endcap Stack disk 14 : 1360 stacks
	Endcap Stack disk 15 : 1360 stacks
Created 15428 stacks in 27 s

TTClusterBuilder< edm::Ref<edm::DetSetVector<PixelDigi>, PixelDigi, edm::refhelper::FindForDetSetVector<PixelDigi> > > loaded modules:
	TTClusterAlgorithm:	TTClusterAlgorithm_2d2013< edm::Ref<edm::DetSetVector<PixelDigi>, PixelDigi, edm::refhelper::FindForDetSetVector<PixelDigi> > >


TTStubBuilder< edm::Ref<edm::DetSetVector<PixelDigi>, PixelDigi, edm::refhelper::FindForDetSetVector<PixelDigi> > > loaded modules:
	TTStubAlgorithm:	TTStubAlgorithm_tab2013< edm::Ref<edm::DetSetVector<PixelDigi>, PixelDigi, edm::refhelper::FindForDetSetVector<PixelDigi> > >


TTClusterAssociator< edm::Ref<edm::DetSetVector<PixelDigi>, PixelDigi, edm::refhelper::FindForDetSetVector<PixelDigi> > > loaded.


TTStubAssociator< edm::Ref<edm::DetSetVector<PixelDigi>, PixelDigi, edm::refhelper::FindForDetSetVector<PixelDigi> > > loaded.


TTTrackAssociator< edm::Ref<edm::DetSetVector<PixelDigi>, PixelDigi, edm::refhelper::FindForDetSetVector<PixelDigi> > > loaded.

Begin processing the 1st record. Run 1, Event 3831, LumiSection 384 at 02-Feb-2015 20:10:49.489 GMT
02-Feb-2015 20:10:56 GMT  Closed file root://xrootd.unl.edu//store/group/dpg_trigger/comm_trigger/L1TrackTrigger/620_SLHC10/Extended2023TTI/MinBias/MinBias_TuneZ2star_GEN_SIM_1.root
02-Feb-2015 20:10:56 GMT  Initiating request to open file root://xrootd.unl.edu//store/group/dpg_trigger/comm_trigger/L1TrackTrigger/620_SLHC10/Extended2023TTI/MinBias/MinBias_TuneZ2star_GEN_SIM_108.root
02-Feb-2015 20:11:28 GMT  Successfully opened file root://xrootd.unl.edu//store/group/dpg_trigger/comm_trigger/L1TrackTrigger/620_SLHC10/Extended2023TTI/MinBias/MinBias_TuneZ2star_GEN_SIM_108.root
150202 20:16:00 20055 Xrd: XrdClientMessage::ReadRaw: Failed to read header (8 bytes).
150202 20:16:29 20053 Xrd: XrdClientMessage::ReadRaw: Failed to read header (8 bytes).
02-Feb-2015 20:29:55 GMT  Closed file root://xrootd.unl.edu//store/group/dpg_trigger/comm_trigger/L1TrackTrigger/620_SLHC10/Extended2023TTI/MinBias/MinBias_TuneZ2star_GEN_SIM_108.root
02-Feb-2015 20:29:55 GMT  Initiating request to open file root://xrootd.unl.edu//store/group/dpg_trigger/comm_trigger/L1TrackTrigger/620_SLHC10/Extended2023TTI/MinBias/MinBias_TuneZ2star_GEN_SIM_457.root
150202 20:29:56 19813 Xrd: XrdClientMessage::ReadRaw: Failed to read header (8 bytes).
150202 20:30:25 2056 Xrd: CheckErrorStatus: Server [llrxrd-redir.in2p3.fr:1094] declared: session not found(error code: 3011)
02-Feb-2015 20:30:25 GMT  Successfully opened file root://xrootd.unl.edu//store/group/dpg_trigger/comm_trigger/L1TrackTrigger/620_SLHC10/Extended2023TTI/MinBias/MinBias_TuneZ2star_GEN_SIM_457.root
150202 20:34:59 20767 Xrd: XrdClientMessage::ReadRaw: Failed to read header (8 bytes).
150202 20:35:30 2291 Xrd: XrdClientMessage::ReadRaw: Failed to read header (8 bytes).
02-Feb-2015 20:41:03 GMT  Closed file root://xrootd.unl.edu//store/group/dpg_trigger/comm_trigger/L1TrackTrigger/620_SLHC10/Extended2023TTI/MinBias/MinBias_TuneZ2star_GEN_SIM_457.root
02-Feb-2015 20:41:03 GMT  Initiating request to open file root://xrootd.unl.edu//store/group/dpg_trigger/comm_trigger/L1TrackTrigger/620_SLHC10/Extended2023TTI/MinBias/MinBias_TuneZ2star_GEN_SIM_9.root
150202 20:41:38 6561 Xrd: CheckErrorStatus: Server [xrootd.ba.infn.it:1094] declared: session not found(error code: 3011)
02-Feb-2015 20:41:40 GMT  Successfully opened file root://xrootd.unl.edu//store/group/dpg_trigger/comm_trigger/L1TrackTrigger/620_SLHC10/Extended2023TTI/MinBias/MinBias_TuneZ2star_GEN_SIM_9.root
Building the geometry service
Warning did not find digi
Warning did not find digi
Warning did not find digi
Warning did not find digi
Warning did not find digi in disks
Warning did not find digi in disks
Warning did not find digi in disks
Warning did not find digi in disks
150202 20:46:29 2292 Xrd: XrdClientMessage::ReadRaw: Failed to read header (8 bytes).
150202 20:46:59 7064 Xrd: XrdClientMessage::ReadRaw: Failed to read header (8 bytes).
150202 20:50:29 20052 Xrd: XrdClientMessage::ReadRaw: Failed to read header (8 bytes).
02-Feb-2015 20:52:06 GMT  Closed file root://xrootd.unl.edu//store/group/dpg_trigger/comm_trigger/L1TrackTrigger/620_SLHC10/Extended2023TTI/MinBias/MinBias_TuneZ2star_GEN_SIM_9.root
02-Feb-2015 20:52:06 GMT  Initiating request to open file root://xrootd.unl.edu//store/group/dpg_trigger/comm_trigger/L1TrackTrigger/620_SLHC10/Extended2023TTI/MinBias/MinBias_TuneZ2star_GEN_SIM_755.root
150202 20:52:37 11553 Xrd: CheckErrorStatus: Server [xrootd.ba.infn.it:1094] declared: session not found(error code: 3011)
02-Feb-2015 20:52:37 GMT  Successfully opened file root://xrootd.unl.edu//store/group/dpg_trigger/comm_trigger/L1TrackTrigger/620_SLHC10/Extended2023TTI/MinBias/MinBias_TuneZ2star_GEN_SIM_755.root
150202 20:57:29 7114 Xrd: XrdClientMessage::ReadRaw: Failed to read header (8 bytes).
150202 20:57:59 11897 Xrd: XrdClientMessage::ReadRaw: Failed to read header (8 bytes).
02-Feb-2015 21:01:45 GMT  Closed file root://xrootd.unl.edu//store/group/dpg_trigger/comm_trigger/L1TrackTrigger/620_SLHC10/Extended2023TTI/MinBias/MinBias_TuneZ2star_GEN_SIM_755.root
02-Feb-2015 21:01:45 GMT  Initiating request to open file root://xrootd.unl.edu//store/group/dpg_trigger/comm_trigger/L1TrackTrigger/620_SLHC10/Extended2023TTI/MinBias/MinBias_TuneZ2star_GEN_SIM_459.root
150202 21:03:51 15435 Xrd: CheckErrorStatus: Server [xrootd.ba.infn.it:1094] declared: session not found(error code: 3011)
02-Feb-2015 21:03:52 GMT  Successfully opened file root://xrootd.unl.edu//store/group/dpg_trigger/comm_trigger/L1TrackTrigger/620_SLHC10/Extended2023TTI/MinBias/MinBias_TuneZ2star_GEN_SIM_459.root
150202 21:07:00 11898 Xrd: XrdClientMessage::ReadRaw: Failed to read header (8 bytes).
150202 21:09:00 16382 Xrd: XrdClientMessage::ReadRaw: Failed to read header (8 bytes).
02-Feb-2015 21:20:19 GMT  Closed file root://xrootd.unl.edu//store/group/dpg_trigger/comm_trigger/L1TrackTrigger/620_SLHC10/Extended2023TTI/MinBias/MinBias_TuneZ2star_GEN_SIM_459.root
02-Feb-2015 21:20:19 GMT  Initiating request to open file root://xrootd.unl.edu//store/group/dpg_trigger/comm_trigger/L1TrackTrigger/620_SLHC10/Extended2023TTI/MinBias/MinBias_TuneZ2star_GEN_SIM_753.root
150202 21:20:19 22479 Xrd: CheckErrorStatus: Server [xrootd.ba.infn.it:1094] declared: session not found(error code: 3011)
150202 21:20:20 22479 Xrd: CheckErrorStatus: Server [eoscms.cern.ch:1094] declared: session not found(error code: 3011)
02-Feb-2015 21:20:20 GMT  Successfully opened file root://xrootd.unl.edu//store/group/dpg_trigger/comm_trigger/L1TrackTrigger/620_SLHC10/Extended2023TTI/MinBias/MinBias_TuneZ2star_GEN_SIM_753.root
150202 21:25:29 22480 Xrd: XrdClientMessage::ReadRaw: Failed to read header (8 bytes).
150202 21:25:30 16383 Xrd: XrdClientMessage::ReadRaw: Failed to read header (8 bytes).
02-Feb-2015 21:39:22 GMT  Closed file root://xrootd.unl.edu//store/group/dpg_trigger/comm_trigger/L1TrackTrigger/620_SLHC10/Extended2023TTI/MinBias/MinBias_TuneZ2star_GEN_SIM_753.root
02-Feb-2015 21:39:22 GMT  Initiating request to open file root://xrootd.unl.edu//store/group/dpg_trigger/comm_trigger/L1TrackTrigger/620_SLHC10/Extended2023TTI/MinBias/MinBias_TuneZ2star_GEN_SIM_743.root
150202 21:39:53 29947 Xrd: CheckErrorStatus: Server [xrootd-redic.pi.infn.it:1094] declared: session not found(error code: 3011)
02-Feb-2015 21:39:54 GMT  Successfully opened file root://xrootd.unl.edu//store/group/dpg_trigger/comm_trigger/L1TrackTrigger/620_SLHC10/Extended2023TTI/MinBias/MinBias_TuneZ2star_GEN_SIM_743.root
150202 21:40:30 7059 Xrd: XrdClientMessage::ReadRaw: Failed to read header (8 bytes).
150202 21:44:29 22481 Xrd: XrdClientMessage::ReadRaw: Failed to read header (8 bytes).
150202 21:44:59 30307 Xrd: XrdClientMessage::ReadRaw: Failed to read header (8 bytes).
02-Feb-2015 21:48:56 GMT  Closed file root://xrootd.unl.edu//store/group/dpg_trigger/comm_trigger/L1TrackTrigger/620_SLHC10/Extended2023TTI/MinBias/MinBias_TuneZ2star_GEN_SIM_743.root
02-Feb-2015 21:48:56 GMT  Initiating request to open file root://xrootd.unl.edu//store/group/dpg_trigger/comm_trigger/L1TrackTrigger/620_SLHC10/Extended2023TTI/MinBias/MinBias_TuneZ2star_GEN_SIM_180.root
150202 21:49:27 2374 Xrd: CheckErrorStatus: Server [xrootd-redic.pi.infn.it:1094] declared: session not found(error code: 3011)
02-Feb-2015 21:49:27 GMT  Successfully opened file root://xrootd.unl.edu//store/group/dpg_trigger/comm_trigger/L1TrackTrigger/620_SLHC10/Extended2023TTI/MinBias/MinBias_TuneZ2star_GEN_SIM_180.root
150202 21:53:59 30308 Xrd: XrdClientMessage::ReadRaw: Failed to read header (8 bytes).
150202 21:54:29 2455 Xrd: XrdClientMessage::ReadRaw: Failed to read header (8 bytes).
02-Feb-2015 21:56:37 GMT  Closed file root://xrootd.unl.edu//store/group/dpg_trigger/comm_trigger/L1TrackTrigger/620_SLHC10/Extended2023TTI/MinBias/MinBias_TuneZ2star_GEN_SIM_180.root
02-Feb-2015 21:56:37 GMT  Initiating request to open file root://xrootd.unl.edu//store/group/dpg_trigger/comm_trigger/L1TrackTrigger/620_SLHC10/Extended2023TTI/MinBias/MinBias_TuneZ2star_GEN_SIM_548.root
150202 21:56:38 10233 Xrd: CheckErrorStatus: Server [xrootd-redic.pi.infn.it:1094] declared: session not found(error code: 3011)
02-Feb-2015 21:56:38 GMT  Successfully opened file root://xrootd.unl.edu//store/group/dpg_trigger/comm_trigger/L1TrackTrigger/620_SLHC10/Extended2023TTI/MinBias/MinBias_TuneZ2star_GEN_SIM_548.root
150202 22:01:59 2456 Xrd: XrdClientMessage::ReadRaw: Failed to read header (8 bytes).
150202 22:02:00 10234 Xrd: XrdClientMessage::ReadRaw: Failed to read header (8 bytes).
02-Feb-2015 22:03:48 GMT  Closed file root://xrootd.unl.edu//store/group/dpg_trigger/comm_trigger/L1TrackTrigger/620_SLHC10/Extended2023TTI/MinBias/MinBias_TuneZ2star_GEN_SIM_548.root
02-Feb-2015 22:03:48 GMT  Initiating request to open file root://xrootd.unl.edu//store/group/dpg_trigger/comm_trigger/L1TrackTrigger/620_SLHC10/Extended2023TTI/MinBias/MinBias_TuneZ2star_GEN_SIM_883.root
150202 22:05:52 12321 Xrd: CheckErrorStatus: Server [xrootd-redic.pi.infn.it:1094] declared: session not found(error code: 3011)
02-Feb-2015 22:05:52 GMT  Successfully opened file root://xrootd.unl.edu//store/group/dpg_trigger/comm_trigger/L1TrackTrigger/620_SLHC10/Extended2023TTI/MinBias/MinBias_TuneZ2star_GEN_SIM_883.root
DTTSPhi::addTracoT: preview not present in TRACO trigger or its code=0  trigger not added!
150202 22:09:00 10235 Xrd: XrdClientMessage::ReadRaw: Failed to read header (8 bytes).
02-Feb-2015 22:09:23 GMT  Closed file root://xrootd.unl.edu//store/group/dpg_trigger/comm_trigger/L1TrackTrigger/620_SLHC10/Extended2023TTI/MinBias/MinBias_TuneZ2star_GEN_SIM_883.root
02-Feb-2015 22:09:23 GMT  Initiating request to open file root://xrootd.unl.edu//store/group/dpg_trigger/comm_trigger/L1TrackTrigger/620_SLHC10/Extended2023TTI/MinBias/MinBias_TuneZ2star_GEN_SIM_881.root
150202 22:11:00 12824 Xrd: XrdClientMessage::ReadRaw: Failed to read header (8 bytes).
150202 22:11:16 13567 Xrd: CheckErrorStatus: Server [cms-xrd-global.cern.ch:1094] declared: session not found(error code: 3011)
150202 22:11:16 13567 Xrd: CheckErrorStatus: Server [llrxrd-redir.in2p3.fr:1094] declared: session not found(error code: 3011)
02-Feb-2015 22:11:16 GMT  Successfully opened file root://xrootd.unl.edu//store/group/dpg_trigger/comm_trigger/L1TrackTrigger/620_SLHC10/Extended2023TTI/MinBias/MinBias_TuneZ2star_GEN_SIM_881.root
150202 22:14:30 12825 Xrd: XrdClientMessage::ReadRaw: Failed to read header (8 bytes).
150202 22:16:30 14073 Xrd: XrdClientMessage::ReadRaw: Failed to read header (8 bytes).
02-Feb-2015 22:16:54 GMT  Closed file root://xrootd.unl.edu//store/group/dpg_trigger/comm_trigger/L1TrackTrigger/620_SLHC10/Extended2023TTI/MinBias/MinBias_TuneZ2star_GEN_SIM_881.root
02-Feb-2015 22:16:54 GMT  Initiating request to open file root://xrootd.unl.edu//store/group/dpg_trigger/comm_trigger/L1TrackTrigger/620_SLHC10/Extended2023TTI/MinBias/MinBias_TuneZ2star_GEN_SIM_570.root
150202 22:21:59 14074 Xrd: XrdClientMessage::ReadRaw: Failed to read header (8 bytes).
150202 22:24:22 15788 Xrd: CheckErrorStatus: Server [llrxrd-redir.in2p3.fr:1094] declared: session not found(error code: 3011)
02-Feb-2015 22:24:22 GMT  Successfully opened file root://xrootd.unl.edu//store/group/dpg_trigger/comm_trigger/L1TrackTrigger/620_SLHC10/Extended2023TTI/MinBias/MinBias_TuneZ2star_GEN_SIM_570.root
DTTSPhi::addTracoT: preview not present in TRACO trigger or its code=0  trigger not added!
DTTSPhi::addTracoT: preview not present in TRACO trigger or its code=0  trigger not added!
150202 22:25:59 30306 Xrd: XrdClientMessage::ReadRaw: Failed to read header (8 bytes).
02-Feb-2015 22:29:12 GMT  Closed file root://xrootd.unl.edu//store/group/dpg_trigger/comm_trigger/L1TrackTrigger/620_SLHC10/Extended2023TTI/MinBias/MinBias_TuneZ2star_GEN_SIM_570.root
02-Feb-2015 22:29:12 GMT  Initiating request to open file root://xrootd.unl.edu//store/group/dpg_trigger/comm_trigger/L1TrackTrigger/620_SLHC10/Extended2023TTI/MinBias/MinBias_TuneZ2star_GEN_SIM_9.root
150202 22:29:30 17959 Xrd: XrdClientMessage::ReadRaw: Failed to read header (8 bytes).
150202 22:29:43 19209 Xrd: CheckErrorStatus: Server [cms-xrd-global.cern.ch:1094] declared: session not found(error code: 3011)
150202 22:29:43 19209 Xrd: CheckErrorStatus: Server [xrootd-redic.pi.infn.it:1094] declared: session not found(error code: 3011)
150202 22:29:43 19209 Xrd: CheckErrorStatus: Server [eoscms.cern.ch:1094] declared: session not found(error code: 3011)
02-Feb-2015 22:29:43 GMT  Successfully opened file root://xrootd.unl.edu//store/group/dpg_trigger/comm_trigger/L1TrackTrigger/620_SLHC10/Extended2023TTI/MinBias/MinBias_TuneZ2star_GEN_SIM_9.root
02-Feb-2015 22:33:44 GMT  Closed file root://xrootd.unl.edu//store/group/dpg_trigger/comm_trigger/L1TrackTrigger/620_SLHC10/Extended2023TTI/MinBias/MinBias_TuneZ2star_GEN_SIM_9.root
02-Feb-2015 22:33:44 GMT  Initiating request to open file root://xrootd.unl.edu//store/group/dpg_trigger/comm_trigger/L1TrackTrigger/620_SLHC10/Extended2023TTI/MinBias/MinBias_TuneZ2star_GEN_SIM_787.root
150202 22:34:14 17960 Xrd: XrdClientMessage::ReadRaw: Failed to read header (8 bytes).
02-Feb-2015 22:34:14 GMT  Successfully opened file root://xrootd.unl.edu//store/group/dpg_trigger/comm_trigger/L1TrackTrigger/620_SLHC10/Extended2023TTI/MinBias/MinBias_TuneZ2star_GEN_SIM_787.root
02-Feb-2015 22:38:26 GMT  Closed file root://xrootd.unl.edu//store/group/dpg_trigger/comm_trigger/L1TrackTrigger/620_SLHC10/Extended2023TTI/MinBias/MinBias_TuneZ2star_GEN_SIM_787.root
02-Feb-2015 22:38:26 GMT  Initiating request to open file root://xrootd.unl.edu//store/group/dpg_trigger/comm_trigger/L1TrackTrigger/620_SLHC10/Extended2023TTI/MinBias/MinBias_TuneZ2star_GEN_SIM_718.root
150202 22:38:57 19330 Xrd: XrdClientMessage::ReadRaw: Failed to read header (8 bytes).
02-Feb-2015 22:38:57 GMT  Successfully opened file root://xrootd.unl.edu//store/group/dpg_trigger/comm_trigger/L1TrackTrigger/620_SLHC10/Extended2023TTI/MinBias/MinBias_TuneZ2star_GEN_SIM_718.root
02-Feb-2015 22:41:39 GMT  Closed file root://xrootd.unl.edu//store/group/dpg_trigger/comm_trigger/L1TrackTrigger/620_SLHC10/Extended2023TTI/MinBias/MinBias_TuneZ2star_GEN_SIM_718.root
02-Feb-2015 22:41:39 GMT  Initiating request to open file root://xrootd.unl.edu//store/group/dpg_trigger/comm_trigger/L1TrackTrigger/620_SLHC10/Extended2023TTI/MinBias/MinBias_TuneZ2star_GEN_SIM_287.root
150202 22:42:10 28652 Xrd: CheckErrorStatus: Server [eoscms.cern.ch:1094] declared: session not found(error code: 3011)
02-Feb-2015 22:42:11 GMT  Successfully opened file root://xrootd.unl.edu//store/group/dpg_trigger/comm_trigger/L1TrackTrigger/620_SLHC10/Extended2023TTI/MinBias/MinBias_TuneZ2star_GEN_SIM_287.root
150202 22:43:29 26390 Xrd: XrdClientMessage::ReadRaw: Failed to read header (8 bytes).
150202 22:44:30 14072 Xrd: XrdClientMessage::ReadRaw: Failed to read header (8 bytes).
02-Feb-2015 22:46:06 GMT  Closed file root://xrootd.unl.edu//store/group/dpg_trigger/comm_trigger/L1TrackTrigger/620_SLHC10/Extended2023TTI/MinBias/MinBias_TuneZ2star_GEN_SIM_287.root
02-Feb-2015 22:46:06 GMT  Initiating request to open file root://xrootd.unl.edu//store/group/dpg_trigger/comm_trigger/L1TrackTrigger/620_SLHC10/Extended2023TTI/MinBias/MinBias_TuneZ2star_GEN_SIM_745.root
150202 22:46:37 30585 Xrd: CheckErrorStatus: Server [cms-xrd-global.cern.ch:1094] declared: session not found(error code: 3011)
02-Feb-2015 22:46:37 GMT  Successfully opened file root://xrootd.unl.edu//store/group/dpg_trigger/comm_trigger/L1TrackTrigger/620_SLHC10/Extended2023TTI/MinBias/MinBias_TuneZ2star_GEN_SIM_745.root
150202 22:46:59 27538 Xrd: XrdClientMessage::ReadRaw: Failed to read header (8 bytes).
02-Feb-2015 22:49:53 GMT  Closed file root://xrootd.unl.edu//store/group/dpg_trigger/comm_trigger/L1TrackTrigger/620_SLHC10/Extended2023TTI/MinBias/MinBias_TuneZ2star_GEN_SIM_745.root
02-Feb-2015 22:49:53 GMT  Initiating request to open file root://xrootd.unl.edu//store/group/dpg_trigger/comm_trigger/L1TrackTrigger/620_SLHC10/Extended2023TTI/MinBias/MinBias_TuneZ2star_GEN_SIM_216.root
02-Feb-2015 22:50:24 GMT  Successfully opened file root://xrootd.unl.edu//store/group/dpg_trigger/comm_trigger/L1TrackTrigger/620_SLHC10/Extended2023TTI/MinBias/MinBias_TuneZ2star_GEN_SIM_216.root
150202 22:51:30 29339 Xrd: XrdClientMessage::ReadRaw: Failed to read header (8 bytes).
02-Feb-2015 22:54:35 GMT  Closed file root://xrootd.unl.edu//store/group/dpg_trigger/comm_trigger/L1TrackTrigger/620_SLHC10/Extended2023TTI/MinBias/MinBias_TuneZ2star_GEN_SIM_216.root
02-Feb-2015 22:54:35 GMT  Initiating request to open file root://xrootd.unl.edu//store/group/dpg_trigger/comm_trigger/L1TrackTrigger/620_SLHC10/Extended2023TTI/MinBias/MinBias_TuneZ2star_GEN_SIM_111.root
02-Feb-2015 22:54:50 GMT  Successfully opened file root://xrootd.unl.edu//store/group/dpg_trigger/comm_trigger/L1TrackTrigger/620_SLHC10/Extended2023TTI/MinBias/MinBias_TuneZ2star_GEN_SIM_111.root
150202 22:54:59 30588 Xrd: XrdClientMessage::ReadRaw: Failed to read header (8 bytes).
02-Feb-2015 22:57:02 GMT  Closed file root://xrootd.unl.edu//store/group/dpg_trigger/comm_trigger/L1TrackTrigger/620_SLHC10/Extended2023TTI/MinBias/MinBias_TuneZ2star_GEN_SIM_111.root
02-Feb-2015 22:57:02 GMT  Initiating request to open file root://xrootd.unl.edu//store/group/dpg_trigger/comm_trigger/L1TrackTrigger/620_SLHC10/Extended2023TTI/MinBias/MinBias_TuneZ2star_GEN_SIM_263.root
02-Feb-2015 22:57:33 GMT  Successfully opened file root://xrootd.unl.edu//store/group/dpg_trigger/comm_trigger/L1TrackTrigger/620_SLHC10/Extended2023TTI/MinBias/MinBias_TuneZ2star_GEN_SIM_263.root
150202 23:00:00 31622 Xrd: XrdClientMessage::ReadRaw: Failed to read header (8 bytes).
02-Feb-2015 23:00:23 GMT  Closed file root://xrootd.unl.edu//store/group/dpg_trigger/comm_trigger/L1TrackTrigger/620_SLHC10/Extended2023TTI/MinBias/MinBias_TuneZ2star_GEN_SIM_263.root
02-Feb-2015 23:00:23 GMT  Initiating request to open file root://xrootd.unl.edu//store/group/dpg_trigger/comm_trigger/L1TrackTrigger/620_SLHC10/Extended2023TTI/MinBias/MinBias_TuneZ2star_GEN_SIM_745.root
150202 23:00:54 1976 Xrd: CheckErrorStatus: Server [eoscms.cern.ch:1094] declared: session not found(error code: 3011)
02-Feb-2015 23:00:54 GMT  Successfully opened file root://xrootd.unl.edu//store/group/dpg_trigger/comm_trigger/L1TrackTrigger/620_SLHC10/Extended2023TTI/MinBias/MinBias_TuneZ2star_GEN_SIM_745.root
150202 23:02:29 556 Xrd: XrdClientMessage::ReadRaw: Failed to read header (8 bytes).
02-Feb-2015 23:03:41 GMT  Closed file root://xrootd.unl.edu//store/group/dpg_trigger/comm_trigger/L1TrackTrigger/620_SLHC10/Extended2023TTI/MinBias/MinBias_TuneZ2star_GEN_SIM_745.root
02-Feb-2015 23:03:41 GMT  Initiating request to open file root://xrootd.unl.edu//store/group/dpg_trigger/comm_trigger/L1TrackTrigger/620_SLHC10/Extended2023TTI/MinBias/MinBias_TuneZ2star_GEN_SIM_192.root
02-Feb-2015 23:04:12 GMT  Successfully opened file root://xrootd.unl.edu//store/group/dpg_trigger/comm_trigger/L1TrackTrigger/620_SLHC10/Extended2023TTI/MinBias/MinBias_TuneZ2star_GEN_SIM_192.root
150202 23:05:30 1214 Xrd: XrdClientMessage::ReadRaw: Failed to read header (8 bytes).
02-Feb-2015 23:06:39 GMT  Closed file root://xrootd.unl.edu//store/group/dpg_trigger/comm_trigger/L1TrackTrigger/620_SLHC10/Extended2023TTI/MinBias/MinBias_TuneZ2star_GEN_SIM_192.root
02-Feb-2015 23:06:39 GMT  Initiating request to open file root://xrootd.unl.edu//store/group/dpg_trigger/comm_trigger/L1TrackTrigger/620_SLHC10/Extended2023TTI/MinBias/MinBias_TuneZ2star_GEN_SIM_887.root
02-Feb-2015 23:07:10 GMT  Successfully opened file root://xrootd.unl.edu//store/group/dpg_trigger/comm_trigger/L1TrackTrigger/620_SLHC10/Extended2023TTI/MinBias/MinBias_TuneZ2star_GEN_SIM_887.root
02-Feb-2015 23:08:18 GMT  Closed file root://dcap.pp.rl.ac.uk:1094/pnfs/pp.rl.ac.uk/data/cms/store/user/dcieri/ttbar_SIM/ttbar/ttbar_SIM/150129_145223/0000/step1_384.root
02-Feb-2015 23:08:18 GMT  Closed file root://xrootd.unl.edu//store/group/dpg_trigger/comm_trigger/L1TrackTrigger/620_SLHC10/Extended2023TTI/MinBias/MinBias_TuneZ2star_GEN_SIM_887.root

=============================================

MessageLogger Summary

 type     category        sev    module        subroutine        count    total
 ---- -------------------- -- ---------------- ----------------  -----    -----
    1 fileAction           -s MixingModule:mix                      69       69
    2 fileAction           -s MixingModule:mix                       2        2
    3 fileAction           -s MixingModule:mix                       1        1
    4 fileAction           -s file_close                             1        1
    5 fileAction           -s file_open                              2        2

 type    category    Examples: run/evt        run/evt          run/evt
 ---- -------------------- ---------------- ---------------- ----------------
    1 fileAction           1/3831           1/3831           1/3840
    2 fileAction           pre-events       pre-events       
    3 fileAction           PostEndRun                        
    4 fileAction           PostEndRun                        
    5 fileAction           pre-events       pre-events       

Severity    # Occurrences   Total Occurrences
--------    -------------   -----------------
System                 75                  75
>>> END OF printout of 215 lines from stdout+stderr
>>> Parse FrameworkJobReport crab_fjr.xml
Result of parsing the FrameworkJobReport crab_fjr.xml: 
Extracted ExitStatus from FrameworkJobReport parsing output: 0
>>> Executable succeded  0
ExeExitCode=0
EXECUTABLE_EXIT_STATUS = 0
>>> current directory /scratch/condor/dir_7364/glide_AISHL2/execute/dir_19211/CMSSW_6_2_0_SLHC12
>>>  (SOFTWARE_DIR): /scratch/condor/dir_7364/glide_AISHL2/execute/dir_19211/CMSSW_6_2_0_SLHC12
>>> (WORKING_DIR): 
>>> current directory content:
total 246576
drwxr-xr-x 3 cms415 gplcms      4096 Feb  2 20:09 .SCRAM
-rw------- 1 cms415 gplcms    915837 Feb  2 20:09 CMSSW.py.pkl
drwxr-xr-x 3 cms415 gplcms      4096 Feb  2 20:09 bin
drwxr-xr-x 3 cms415 gplcms      4096 Feb  2 20:09 cfipython
drwxr-xr-x 4 cms415 gplcms      4096 Apr 28  2014 config
-rw------- 1 cms415 gplcms        16 Feb  2 23:08 cpu_timing.txt
drwxr-xr-x 2 cms415 gplcms      4096 Feb  2 20:09 doc
-rw------- 1 cms415 gplcms     24241 Feb  2 23:08 executable.out
drwxr-xr-x 2 cms415 gplcms      4096 Feb  2 20:09 include
drwx------ 3 cms415 gplcms      4096 Oct  7 10:12 lib
drwxr-xr-x 3 cms415 gplcms      4096 Feb  2 20:09 logs
drwxr-xr-x 3 cms415 gplcms      4096 Feb  2 20:09 objs
-rw------- 1 cms415 gplcms       104 Feb  2 20:09 pset.py
-rw------- 1 cms415 gplcms    926826 Feb  2 20:09 pset.py.pkl
-rw------- 1 cms415 gplcms       289 Feb  2 20:09 pset.pyc
drwxr-xr-x 2 cms415 gplcms      4096 Feb  2 20:09 python
-rw------- 1 cms415 gplcms       359 Feb  2 23:08 report.log
drwxr-xr-x 2 cms415 gplcms      4096 Feb  2 20:09 src
-rw------- 1 cms415 gplcms 250292534 Feb  2 23:08 step2.root
drwxr-xr-x 3 cms415 gplcms      4096 Feb  2 20:09 test
drwxr-xr-x 3 cms415 gplcms      4096 Feb  2 20:09 tmp
>>> current directory /scratch/condor/dir_7364/glide_AISHL2/execute/dir_19211/CMSSW_6_2_0_SLHC12
>>> (SOFTWARE_DIR): /scratch/condor/dir_7364/glide_AISHL2/execute/dir_19211/CMSSW_6_2_0_SLHC12
>>> (WORKING_DIR): 
>>> current directory content:
total 246576
drwxr-xr-x 3 cms415 gplcms      4096 Feb  2 20:09 .SCRAM
-rw------- 1 cms415 gplcms    915837 Feb  2 20:09 CMSSW.py.pkl
drwxr-xr-x 3 cms415 gplcms      4096 Feb  2 20:09 bin
drwxr-xr-x 3 cms415 gplcms      4096 Feb  2 20:09 cfipython
drwxr-xr-x 4 cms415 gplcms      4096 Apr 28  2014 config
-rw------- 1 cms415 gplcms        16 Feb  2 23:08 cpu_timing.txt
drwxr-xr-x 2 cms415 gplcms      4096 Feb  2 20:09 doc
-rw------- 1 cms415 gplcms     24241 Feb  2 23:08 executable.out
drwxr-xr-x 2 cms415 gplcms      4096 Feb  2 20:09 include
drwx------ 3 cms415 gplcms      4096 Oct  7 10:12 lib
drwxr-xr-x 3 cms415 gplcms      4096 Feb  2 20:09 logs
drwxr-xr-x 3 cms415 gplcms      4096 Feb  2 20:09 objs
-rw------- 1 cms415 gplcms       104 Feb  2 20:09 pset.py
-rw------- 1 cms415 gplcms    926826 Feb  2 20:09 pset.py.pkl
-rw------- 1 cms415 gplcms       289 Feb  2 20:09 pset.pyc
drwxr-xr-x 2 cms415 gplcms      4096 Feb  2 20:09 python
-rw------- 1 cms415 gplcms       359 Feb  2 23:08 report.log
drwxr-xr-x 2 cms415 gplcms      4096 Feb  2 20:09 src
-rw------- 1 cms415 gplcms 250292534 Feb  2 23:08 step2_177_1_PnL.root
drwxr-xr-x 3 cms415 gplcms      4096 Feb  2 20:09 test
drwxr-xr-x 3 cms415 gplcms      4096 Feb  2 20:09 tmp
>>> current directory (RUNTIME_AREA):  /scratch/condor/dir_7364/glide_AISHL2/execute/dir_19211
PNN = T2_UK_SGrid_RALPP
SE = heplnx204.pp.rl.ac.uk
SE_PATH = /srm/managerv2?SFN=/pnfs/pp.rl.ac.uk/data/cms/store/user/dcieri/ttbar_PU140_DIGI/dcieri/ttbar/ttbar_PU140_DIGI/3c0380cf82de79bc39966c93934c61fc/
LFNBaseName = /store/user/dcieri/ttbar_PU140_DIGI/dcieri/ttbar/ttbar_PU140_DIGI/3c0380cf82de79bc39966c93934c61fc/
USER = dcieri
endpoint = srm://heplnx204.pp.rl.ac.uk:8443/srm/managerv2?SFN=/pnfs/pp.rl.ac.uk/data/cms/store/user/dcieri/ttbar_PU140_DIGI/dcieri/ttbar/ttbar_PU140_DIGI/3c0380cf82de79bc39966c93934c61fc/
>>> Copy output files from WN = heplnc171.pp.rl.ac.uk to /srm/managerv2?SFN=/pnfs/pp.rl.ac.uk/data/cms/store/user/dcieri/ttbar_PU140_DIGI/dcieri/ttbar/ttbar_PU140_DIGI/3c0380cf82de79bc39966c93934c61fc/ :
python cmscp.py  --destination srm://heplnx204.pp.rl.ac.uk:8443/srm/managerv2?SFN=/pnfs/pp.rl.ac.uk/data/cms/store/user/dcieri/ttbar_PU140_DIGI/dcieri/ttbar/ttbar_PU140_DIGI/3c0380cf82de79bc39966c93934c61fc/ --inputFileList /scratch/condor/dir_7364/glide_AISHL2/execute/dir_19211/CMSSW_6_2_0_SLHC12/step2_177_1_PnL.root --middleware LCG --PNN T2_UK_SGrid_RALPP --se_name heplnx204.pp.rl.ac.uk --for_lfn /store/user/dcieri/ttbar_PU140_DIGI/dcieri/ttbar/ttbar_PU140_DIGI/3c0380cf82de79bc39966c93934c61fc/    
******************************************************
localSeName  =  heplnx204.pp.rl.ac.uk
remoteSeName =  heplnx204.pp.rl.ac.uk
******************************************************
{"/scratch/condor/dir_7364/glide_AISHL2/execute/dir_19211/CMSSW_6_2_0_SLHC12/step2_177_1_PnL.root": {"endpoint": "srm://heplnx204.pp.rl.ac.uk:8443/srm/managerv2?SFN=/pnfs/pp.rl.ac.uk/data/cms/store/user/dcieri/ttbar_PU140_DIGI/dcieri/ttbar/ttbar_PU140_DIGI/3c0380cf82de79bc39966c93934c61fc/", "surl_for_grid": "", "reason": "Copy succedeed with srm-lcg utils", "erCode": "0", "PNN": "T2_UK_SGrid_RALPP", "se_name": "heplnx204.pp.rl.ac.uk", "for_lfn": "/store/user/dcieri/ttbar_PU140_DIGI/dcieri/ttbar/ttbar_PU140_DIGI/3c0380cf82de79bc39966c93934c61fc/"}}/scratch/condor/dir_7364/glide_AISHL2/execute/dir_19211
-------- cat /scratch/condor/dir_7364/glide_AISHL2/execute/dir_19211/cmscpReport.sh 
#!/bin/bash
echo "Report for File: /scratch/condor/dir_7364/glide_AISHL2/execute/dir_19211/CMSSW_6_2_0_SLHC12/step2_177_1_PnL.root"
echo "LFN: /store/user/dcieri/ttbar_PU140_DIGI/dcieri/ttbar/ttbar_PU140_DIGI/3c0380cf82de79bc39966c93934c61fc/step2_177_1_PnL.root"
echo "StorageElement: heplnx204.pp.rl.ac.uk"
echo "StageOutExitStatusReason = 'Copy succedeed with srm-lcg utils'" | tee -a $RUNTIME_AREA/$repo
echo "StageOutSE = heplnx204.pp.rl.ac.uk" >> $RUNTIME_AREA/$repo

export StageOutExitStatus=0
echo "StageOutExitStatus = 0" | tee -a $RUNTIME_AREA/$repo
-------- end of /scratch/condor/dir_7364/glide_AISHL2/execute/dir_19211/cmscpReport.sh 
Report for File: /scratch/condor/dir_7364/glide_AISHL2/execute/dir_19211/CMSSW_6_2_0_SLHC12/step2_177_1_PnL.root
LFN: /store/user/dcieri/ttbar_PU140_DIGI/dcieri/ttbar/ttbar_PU140_DIGI/3c0380cf82de79bc39966c93934c61fc/step2_177_1_PnL.root
StorageElement: heplnx204.pp.rl.ac.uk
StageOutExitStatusReason = 'Copy succedeed with srm-lcg utils'
StageOutExitStatus = 0
>>> current dir: /scratch/condor/dir_7364/glide_AISHL2/execute/dir_19211
>>> current dir content:
total 8828
-rw-------  1 cms415 gplcms    3882 Feb  2 23:09 .SEinteraction.log
-rwx------  1 cms415 gplcms      53 Feb  2 20:08 .chirp_config
-rwx------  1 cms415 gplcms    7484 Feb  2 20:08 .job.ad
-rwx------  1 cms415 gplcms    9762 Feb  2 20:08 .machine.ad
-rw-------  1 cms415 gplcms     105 Feb  2 12:16 CMSSW.py
-rw-------  1 cms415 gplcms  915837 Feb  2 12:16 CMSSW.py.pkl
-rwx------  1 cms415 gplcms   29498 Feb  2 20:09 CMSSW.sh
drwxr-xr-x 15 cms415 gplcms    4096 Feb  2 23:08 CMSSW_6_2_0_SLHC12
-rw-------  1 cms415 gplcms     189 Feb  2 20:09 CacheEnv.sh
-rw-------  1 cms415 gplcms    7291 Nov 19 14:52 DashboardAPI.py
-rw-------  1 cms415 gplcms    6455 Feb  2 20:09 DashboardAPI.pyc
drwx------  2 cms415 gplcms    4096 Feb  2 23:08 IMProv
-rw-------  1 cms415 gplcms    2748 Nov 19 14:52 Logger.py
-rw-------  1 cms415 gplcms    3227 Feb  2 20:09 Logger.pyc
-rw-------  1 cms415 gplcms   24524 Nov 19 14:52 ProcInfo.py
-rw-------  1 cms415 gplcms   22621 Feb  2 20:09 ProcInfo.pyc
drwx------  7 cms415 gplcms    4096 Feb  2 20:09 ProdCommon
drwx------  3 cms415 gplcms    4096 Feb  2 20:09 WMCore
-rw-------  1 cms415 gplcms   12651 Feb  2 23:09 Watchdog_177.log
-rwx------  1 cms415 gplcms       0 Feb  2 20:09 _condor_stderr
-rwx---r--  1 cms415 gplcms   38985 Feb  2 23:09 _condor_stdout
-rw-------  1 cms415 gplcms   32895 Nov 19 14:52 apmon.py
-rw-------  1 cms415 gplcms   27929 Feb  2 20:09 apmon.pyc
-rwx------  1 cms415 gplcms  134309 Feb  2 20:09 arguments.xml
-rwx------  1 cms415 gplcms   38581 Nov 19 14:52 cmscp.py
-rw-------  1 cms415 gplcms     561 Feb  2 23:09 cmscpReport.sh
-rwx------  1 cms415 gplcms   29498 Feb  2 20:09 condor_exec.exe
-rw-------  1 cms415 gplcms     544 Feb  2 12:16 crab.cfg
-rwx------  1 cms415 gplcms    8610 Nov 19 14:52 crabWatchdog.sh
-rwx---r--  1 cms415 gplcms  112078 Feb  2 23:08 crab_fjr_177.xml
-rwx------  1 cms415 gplcms 7390485 Feb  2 20:09 default.tgz
-rwx------  1 cms415 gplcms    4488 Nov 19 14:52 fillCrabFjr.py
-rw-------  1 cms415 gplcms     226 Feb  2 20:09 inputsReport.txt
-rw-------  1 cms415 gplcms     245 Feb  2 23:09 jobreport.txt
-rw-------  1 cms415 gplcms   17352 Nov 19 14:52 parseCrabFjr.py
-rw-------  1 cms415 gplcms     324 Feb  2 20:09 report.log
-rwx--x--x  1 cms415 gplcms    1497 Nov 19 14:52 report.py
-rw-------  1 cms415 gplcms     554 Feb  2 23:09 resultCopyFile
lrwxrwxrwx  1 cms415 gplcms      95 Feb  2 23:08 step2.root -> /scratch/condor/dir_7364/glide_AISHL2/execute/dir_19211/CMSSW_6_2_0_SLHC12/step2_177_1_PnL.root
-rwx------  1 cms415 gplcms    8351 Nov 19 14:52 writeCfg.py
-rw-------  1 cms415 gplcms   10297 Feb  2 20:08 x509up_u62281
>>> Modify Job Report:
CMSSW_VERSION = CMSSW_6_2_0_SLHC12
ProcessedDataset = ttbar_PU140_DIGI
/scratch/condor/dir_7364/glide_AISHL2/execute/dir_19211/ProdCommon/FwkJobRep/ModifyJobReport.py fjr /scratch/condor/dir_7364/glide_AISHL2/execute/dir_19211/crab_fjr_177.xml json /scratch/condor/dir_7364/glide_AISHL2/execute/dir_19211/resultCopyFile n_job 177_1_PnL PrimaryDataset ttbar  ApplicationFamily cmsRun ApplicationName cmsRun cmssw_version CMSSW_6_2_0_SLHC12 psethash 3c0380cf82de79bc39966c93934c61fc UserProcessedDataset dcieri-ttbar_PU140_DIGI-3c0380cf82de79bc39966c93934c61fc
inputDict =  {u'/scratch/condor/dir_7364/glide_AISHL2/execute/dir_19211/CMSSW_6_2_0_SLHC12/step2_177_1_PnL.root': {u'endpoint': u'srm://heplnx204.pp.rl.ac.uk:8443/srm/managerv2?SFN=/pnfs/pp.rl.ac.uk/data/cms/store/user/dcieri/ttbar_PU140_DIGI/dcieri/ttbar/ttbar_PU140_DIGI/3c0380cf82de79bc39966c93934c61fc/', u'surl_for_grid': u'', u'reason': u'Copy succedeed with srm-lcg utils', u'erCode': u'0', u'PNN': u'T2_UK_SGrid_RALPP', u'se_name': u'heplnx204.pp.rl.ac.uk', u'for_lfn': u'/store/user/dcieri/ttbar_PU140_DIGI/dcieri/ttbar/ttbar_PU140_DIGI/3c0380cf82de79bc39966c93934c61fc/'}}
UserProcessedDataset =  dcieri-ttbar_PU140_DIGI-3c0380cf82de79bc39966c93934c61fc
WORKING ON EDM FILE
file_name in inputDict =  /scratch/condor/dir_7364/glide_AISHL2/execute/dir_19211/CMSSW_6_2_0_SLHC12/step2_177_1_PnL.root
(size) os.stat(filename)[6] =  250292534
checksum =  779870141
    file =  step2_177_1_PnL.root
    newPfn =  srm://heplnx204.pp.rl.ac.uk:8443/srm/managerv2?SFN=/pnfs/pp.rl.ac.uk/data/cms/store/user/dcieri/ttbar_PU140_DIGI/dcieri/ttbar/ttbar_PU140_DIGI/3c0380cf82de79bc39966c93934c61fc/step2_177_1_PnL.root
    newLfn =  /store/user/dcieri/ttbar_PU140_DIGI/dcieri/ttbar/ttbar_PU140_DIGI/3c0380cf82de79bc39966c93934c61fc/step2_177_1_PnL.root
>>> crab_fjr_*.xml  permission set to 0704
CrabWrapper EXIT_FUNC entered at Mon Feb  2 23:09:23 GMT 2015   -  Mon Feb  2 23:09:23 UTC 2015
Checking output files:  
will tar file crab_fjr_177.xml in  out_files_177
WARNING: output file CMSSW_177.stdout not found!
WARNING: output file CMSSW_177.stderr not found!
WARNING: output file Watchdog_177.log.gz not found!
>>> padding time: Wrapper lasting more than 600 seconds. No sleep required.
STOPPING WATCHDOG. CrabWatchdog PID is 19557
********** LAST 50 LINES OF WATCHDOG LOG
 Feb 02 21:01:27 GMT	19689	1233924	1728288	77	201	3132	cmsRun -j /scratch/condor/dir_7364/glide_AISHL2/execute/dir_19211/crab_fjr_177.xml -p pset.py      
 Feb 02 21:04:28 GMT	19689	1265092	1728288	77	207	3314	cmsRun -j /scratch/condor/dir_7364/glide_AISHL2/execute/dir_19211/crab_fjr_177.xml -p pset.py      
 Feb 02 21:05:29 GMT	19689	1305172	1730080	77	210	3374	cmsRun -j /scratch/condor/dir_7364/glide_AISHL2/execute/dir_19211/crab_fjr_177.xml -p pset.py      
 Feb 02 21:06:29 GMT	19689	1305460	1730592	77	212	3435	cmsRun -j /scratch/condor/dir_7364/glide_AISHL2/execute/dir_19211/crab_fjr_177.xml -p pset.py      
 Feb 02 21:07:30 GMT	19689	1308860	1732640	77	214	3495	cmsRun -j /scratch/condor/dir_7364/glide_AISHL2/execute/dir_19211/crab_fjr_177.xml -p pset.py      
 Feb 02 21:08:30 GMT	19689	1309680	1733920	77	216	3555	cmsRun -j /scratch/condor/dir_7364/glide_AISHL2/execute/dir_19211/crab_fjr_177.xml -p pset.py      
 Feb 02 21:09:30 GMT	19689	1314876	1738528	77	218	3615	cmsRun -j /scratch/condor/dir_7364/glide_AISHL2/execute/dir_19211/crab_fjr_177.xml -p pset.py      
 Feb 02 21:10:30 GMT	19689	1454760	1875232	77	231	3675	cmsRun -j /scratch/condor/dir_7364/glide_AISHL2/execute/dir_19211/crab_fjr_177.xml -p pset.py      
 Feb 02 21:10:30 GMT	---	1454760	1875232	78	----	----	----
 Feb 02 21:11:30 GMT	---	1454760	1875232	100	----	----	----
 Feb 02 21:47:40 GMT	---	1454760	1875232	124	----	----	----
 Feb 02 22:06:45 GMT	---	1454760	1875232	147	----	----	----
# TIME			PID	RSS(KB)	VSZ(KB)	Dsk(MB)	tCPU(s)	tWALL(s)	COMMAND
# TIME			PID	RSS(KB)	VSZ(KB)	Dsk(MB)	tCPU(s)	tWALL(s)	COMMAND
# TIME			PID	RSS(KB)	VSZ(KB)	Dsk(MB)	tCPU(s)	tWALL(s)	COMMAND
# TIME			PID	RSS(KB)	VSZ(KB)	Dsk(MB)	tCPU(s)	tWALL(s)	COMMAND
# TIME			PID	RSS(KB)	VSZ(KB)	Dsk(MB)	tCPU(s)	tWALL(s)	COMMAND
# TIME			PID	RSS(KB)	VSZ(KB)	Dsk(MB)	tCPU(s)	tWALL(s)	COMMAND
# TIME			PID	RSS(KB)	VSZ(KB)	Dsk(MB)	tCPU(s)	tWALL(s)	COMMAND
# TIME			PID	RSS(KB)	VSZ(KB)	Dsk(MB)	tCPU(s)	tWALL(s)	COMMAND
# TIME			PID	RSS(KB)	VSZ(KB)	Dsk(MB)	tCPU(s)	tWALL(s)	COMMAND
# TIME			PID	RSS(KB)	VSZ(KB)	Dsk(MB)	tCPU(s)	tWALL(s)	COMMAND
# TIME			PID	RSS(KB)	VSZ(KB)	Dsk(MB)	tCPU(s)	tWALL(s)	COMMAND
# TIME			PID	RSS(KB)	VSZ(KB)	Dsk(MB)	tCPU(s)	tWALL(s)	COMMAND
# TIME			PID	RSS(KB)	VSZ(KB)	Dsk(MB)	tCPU(s)	tWALL(s)	COMMAND
# TIME			PID	RSS(KB)	VSZ(KB)	Dsk(MB)	tCPU(s)	tWALL(s)	COMMAND
# TIME			PID	RSS(KB)	VSZ(KB)	Dsk(MB)	tCPU(s)	tWALL(s)	COMMAND
# TIME			PID	RSS(KB)	VSZ(KB)	Dsk(MB)	tCPU(s)	tWALL(s)	COMMAND
# TIME			PID	RSS(KB)	VSZ(KB)	Dsk(MB)	tCPU(s)	tWALL(s)	COMMAND
# TIME			PID	RSS(KB)	VSZ(KB)	Dsk(MB)	tCPU(s)	tWALL(s)	COMMAND
# TIME			PID	RSS(KB)	VSZ(KB)	Dsk(MB)	tCPU(s)	tWALL(s)	COMMAND
# TIME			PID	RSS(KB)	VSZ(KB)	Dsk(MB)	tCPU(s)	tWALL(s)	COMMAND
 Feb 02 22:26:50 GMT	---	1454760	1875232	168	----	----	----
 Feb 02 22:36:52 GMT	19689	1454760	1890816	168	566	8862	cmsRun -j /scratch/condor/dir_7364/glide_AISHL2/execute/dir_19211/crab_fjr_177.xml -p pset.py      
 Feb 02 22:37:58 GMT	---	1454760	1890816	190	----	----	----
 Feb 02 22:45:00 GMT	19689	1454760	1900032	190	636	9345	cmsRun -j /scratch/condor/dir_7364/glide_AISHL2/execute/dir_19211/crab_fjr_177.xml -p pset.py      
 Feb 02 22:46:00 GMT	---	1454760	1900032	208	----	----	----
 Feb 02 22:55:02 GMT	19689	1454760	1902592	208	736	9947	cmsRun -j /scratch/condor/dir_7364/glide_AISHL2/execute/dir_19211/crab_fjr_177.xml -p pset.py      
 Feb 02 22:55:02 GMT	---	1454760	1902592	230	----	----	----
 Feb 02 22:56:02 GMT	19689	1454760	1903616	230	745	10007	cmsRun -j /scratch/condor/dir_7364/glide_AISHL2/execute/dir_19211/crab_fjr_177.xml -p pset.py      
 Feb 02 22:58:03 GMT	19689	1454760	1905152	230	760	10128	cmsRun -j /scratch/condor/dir_7364/glide_AISHL2/execute/dir_19211/crab_fjr_177.xml -p pset.py      
 Feb 02 22:59:03 GMT	19689	1454760	1913344	230	771	10188	cmsRun -j /scratch/condor/dir_7364/glide_AISHL2/execute/dir_19211/crab_fjr_177.xml -p pset.py      
 Feb 02 23:00:03 GMT	19689	1454760	1934080	230	791	10248	cmsRun -j /scratch/condor/dir_7364/glide_AISHL2/execute/dir_19211/crab_fjr_177.xml -p pset.py      
 Feb 02 23:02:03 GMT	19689	1454760	1949440	230	825	10369	cmsRun -j /scratch/condor/dir_7364/glide_AISHL2/execute/dir_19211/crab_fjr_177.xml -p pset.py      
 Feb 02 23:02:03 GMT	---	1454760	1949440	254	----	----	----
 Feb 02 23:05:04 GMT	19689	1454760	1957124	254	848	10549	cmsRun -j /scratch/condor/dir_7364/glide_AISHL2/execute/dir_19211/crab_fjr_177.xml -p pset.py      
 Feb 02 23:06:04 GMT	19689	1454760	1965060	254	859	10609	cmsRun -j /scratch/condor/dir_7364/glide_AISHL2/execute/dir_19211/crab_fjr_177.xml -p pset.py      
 Feb 02 23:08:05 GMT	19689	1588676	2055940	254	897	10735	cmsRun -j /scratch/condor/dir_7364/glide_AISHL2/execute/dir_19211/crab_fjr_177.xml -p pset.py      
 Feb 02 23:08:05 GMT	---	1588676	2055940	257	----	----	----
 Feb 02 23:09:13 GMT	---	1588676	2055940	277	----	----	----
********** WATCHDOG LOG ENDED
ZIPPING WATCHDOG LOG
Disk space used:
du -sh /scratch/condor/dir_7364/glide_AISHL2/execute/dir_19211
277M	/scratch/condor/dir_7364/glide_AISHL2/execute/dir_19211
Found unusual stdout, rename for OSB
`/scratch/condor/dir_7364/glide_AISHL2/execute/dir_19211/_condor_stdout' -> `CMSSW_177.stdout'
Found unusual stderr, rename for OSB
`/scratch/condor/dir_7364/glide_AISHL2/execute/dir_19211/_condor_stdout' -> `CMSSW_177.stderr'
crab_fjr_177.xml
CMSSW_177.stdout
CMSSW_177.stderr
Watchdog_177.log.gz
Total Output dimension: 23784
WARNING: output files size limit is set to: 50000000
Total Output dimension 23784 is fine.
JOB_EXIT_STATUS = 0
>>> info for dashboard:
***** Cat /scratch/condor/dir_7364/glide_AISHL2/execute/dir_19211/jobreport.txt *****
MonitorJobID=177_https://submit-6.t2.ucsd.edu//150202//509447.176
MonitorID=dcieri_PU140_4dm08r
ExeTime=10741
ExeExitCode=0
StageOutExitStatusReason = 'Copy succedeed with srm-lcg utils'
StageOutSE = heplnx204.pp.rl.ac.uk
StageOutExitStatus = 0
CrabUserCpuTime=885.57
CrabSysCpuTime=21.64
CrabCpuPercentage=8%
CrabWrapperTime=10812
CrabStageoutTime=51
JobExitCode=0
***** End Cat jobreport *****
Parameters sent to Dashboard.
EXITING at Mon Feb  2 23:09:25 GMT 2015  -  Mon Feb  2 23:09:25 UTC 2015
