This script was generated by crab (version 2.11.1_patch1).
Running /scratch/condor/dir_8841/glide_oAExGq/execute/dir_13064/condor_exec.exe with 2 positional parameters: 74 1
Today is Mon Feb  2 19:36:34 GMT 2015 - Mon Feb  2 19:36:34 UTC 2015
Job submitted on host heplnc336.pp.rl.ac.uk
Linux heplnc336.pp.rl.ac.uk 2.6.32-504.3.3.el6.x86_64 #1 SMP Tue Dec 16 14:29:22 CST 2014 x86_64 x86_64 x86_64 GNU/Linux
Distributor ID:	Scientific
Description:	Scientific Linux release 6.6 (Carbon)
>>> current directory (RUNTIME_AREA): /scratch/condor/dir_8841/glide_oAExGq/execute/dir_13064
>>> current user: uid=157415(cms415) gid=157000(gplcms) groups=157000(gplcms)
>>> directory permission set to 0700
>>> umask set to:  u=rwx,g=,o=
>>> stdout stderr permission set to 0704
>>> voms proxy information:
subject   : /DC=ch/DC=cern/OU=Organic Units/OU=Users/CN=dcieri/CN=755391/CN=Davide Cieri/CN=769881070/CN=1189393110
issuer    : /DC=ch/DC=cern/OU=Organic Units/OU=Users/CN=dcieri/CN=755391/CN=Davide Cieri/CN=769881070
identity  : /DC=ch/DC=cern/OU=Organic Units/OU=Users/CN=dcieri/CN=755391/CN=Davide Cieri
type      : RFC3820 compliant limited proxy
strength  : 1024
path      : /scratch/condor/dir_8841/glide_oAExGq/execute/dir_13064/x509up_u62281
timeleft  : 23:58:40
key usage : Digital Signature, Key Encipherment
=== VO cms extension information ===
VO        : cms
subject   : /DC=ch/DC=cern/OU=Organic Units/OU=Users/CN=dcieri/CN=755391/CN=Davide Cieri
issuer    : /DC=ch/DC=cern/OU=computers/CN=lcg-voms2.cern.ch
attribute : /cms/Role=NULL/Capability=NULL
timeleft  : 184:39:50
uri       : lcg-voms2.cern.ch:15002

WNHostName=heplnc336.pp.rl.ac.uk
$_CONDOR_JOB_AD =/scratch/condor/dir_8841/glide_oAExGq/execute/dir_13064/.job.ad
OverflowFlag=0
>>> tar --no-same-permissions -xf /scratch/condor/dir_8841/glide_oAExGq/execute/dir_13064/default.tgz :
Successful untar
>>> Include /scratch/condor/dir_8841/glide_oAExGq/execute/dir_13064 in PYTHONPATH:
strip arguments
env var CRAB_UNIQUE_JOB_ID set to: dcieri_PU140_4dm08r_74_1_dlr
out_files_74
>>> list of expected files on output sandbox
output files: crab_fjr_74.xml CMSSW_74.stdout CMSSW_74.stderr Watchdog_74.log.gz
>>> GridFlavour discovery: 
GridFlavour=LCG
>>> SyncSite discovery: 
SyncSite=T2_UK_SGrid_RALPP
>>> SyncCE discovery: 
getting SyncCE from GLIDEIN_Gaekeeper
SyncCE=heplnv146.pp.rl.ac.uk
>>> info for dashboard:
***** Cat /scratch/condor/dir_8841/glide_oAExGq/execute/dir_13064/jobreport.txt *****
WNHostName=heplnc336.pp.rl.ac.uk
OverflowFlag=0
MonitorJobID=74_https://submit-6.t2.ucsd.edu//150202//509447.73
SyncGridJobId=https://submit-6.t2.ucsd.edu//150202//509447.73
MonitorID=dcieri_PU140_4dm08r
GridFlavour=LCG
SyncSite=T2_UK_SGrid_RALPP
SyncCE=heplnv146.pp.rl.ac.uk
***** End Cat jobreport *****
Parameters sent to Dashboard.
>>> setup environment
set SCRAM ARCH to slc6_amd64_gcc472
SCRAM_ARCH = slc6_amd64_gcc472
>>> setup CMS LCG environment:
set SCRAM ARCH and BUILD_ARCH to slc6_amd64_gcc472 ###
Sourcing environment... 
sourcing /cvmfs/cms.cern.ch/cmsset_default.sh
==> setup cms environment ok
>>> specific cmssw setup environment:
CMSSW_VERSION =  CMSSW_6_2_0_SLHC12
WARNING: In non-interactive mode release checks e.g. deprecated releases, production architectures are disabled.
>>> current directory (SOFTWARE_DIR): /scratch/condor/dir_8841/glide_oAExGq/execute/dir_13064/CMSSW_6_2_0_SLHC12
PreserveSeeds: <>
IncrementSeeds:<>
>>> info for dashboard:
***** Cat /scratch/condor/dir_8841/glide_oAExGq/execute/dir_13064/jobreport.txt *****
MonitorJobID=74_https://submit-6.t2.ucsd.edu//150202//509447.73
MonitorID=dcieri_PU140_4dm08r
***** End Cat jobreport *****
Parameters sent to Dashboard.
crabWatchdog started as process 14030
>>> moving CMSSW software directories in /scratch/condor/dir_8841/glide_oAExGq/execute/dir_13064/CMSSW_6_2_0_SLHC12
mv: cannot stat `/scratch/condor/dir_8841/glide_oAExGq/execute/dir_13064/module/': No such file or directory
>>> Include /scratch/condor/dir_8841/glide_oAExGq/execute/dir_13064 in PYTHONPATH:
PYTHONPATH=/scratch/condor/dir_8841/glide_oAExGq/execute/dir_13064/:/scratch/condor/dir_8841/glide_oAExGq/execute/dir_13064/CMSSW_6_2_0_SLHC12/python:/scratch/condor/dir_8841/glide_oAExGq/execute/dir_13064/CMSSW_6_2_0_SLHC12/lib/slc6_amd64_gcc472:/cvmfs/cms.cern.ch/slc6_amd64_gcc472/cms/cmssw/CMSSW_6_2_0_SLHC12/python:/cvmfs/cms.cern.ch/slc6_amd64_gcc472/cms/cmssw/CMSSW_6_2_0_SLHC12/lib/slc6_amd64_gcc472:/cvmfs/cms.cern.ch/slc6_amd64_gcc472/cms/coral/CORAL_2_3_21-cms35/slc6_amd64_gcc472/python:/cvmfs/cms.cern.ch/slc6_amd64_gcc472/cms/coral/CORAL_2_3_21-cms35/slc6_amd64_gcc472/lib:/cvmfs/cms.cern.ch/slc6_amd64_gcc472/external/python-ldap/2.3.5-cms5/lib/python2.7/site-packages:/cvmfs/cms.cern.ch/slc6_amd64_gcc472/external/pyqt/4.8.1-cms5/lib/python2.7/site-packages:/cvmfs/cms.cern.ch/slc6_amd64_gcc472/external/py2-scipy/0.8.0-cms7/lib/python2.7/site-packages:/cvmfs/cms.cern.ch/slc6_amd64_gcc472/external/py2-matplotlib/1.0.1-cms7/lib/python2.7/site-packages:/cvmfs/cms.cern.ch/slc6_amd64_gcc472/external/sip/4.11.2-cms5/lib/python2.7/site-packages:/cvmfs/cms.cern.ch/slc6_amd64_gcc472/external/py2-pycurl/7.19.0-cms7/lib/python2.7/site-packages:/cvmfs/cms.cern.ch/slc6_amd64_gcc472/external/py2-numpy/1.6.1-cms7/lib/python2.7/site-packages:/cvmfs/cms.cern.ch/slc6_amd64_gcc472/external/py2-lint/0.25.1-cms5/lib/python2.7/site-packages:/cvmfs/cms.cern.ch/slc6_amd64_gcc472/external/py2-ipython/0.10-cms5/lib/python2.7/site-packages:/cvmfs/cms.cern.ch/slc6_amd64_gcc472/external/py2-cx-oracle/5.1-cms5/lib/python2.7/site-packages:/cvmfs/cms.cern.ch/slc6_amd64_gcc472/external/py2-cjson/1.0.5-cms5/lib/python2.7/site-packages:/cvmfs/cms.cern.ch/slc6_amd64_gcc472/cms/das-client/1.11.7/bin:/cvmfs/cms.cern.ch/slc6_amd64_gcc472/external/elementtree/1.2.6-cms5/share/lib/python2.7/site-packages:/cvmfs/cms.cern.ch/slc6_amd64_gcc472/external/rivet/1.8.2-cms9/lib/python2.7/site-packages:/cvmfs/cms.cern.ch/slc6_amd64_gcc472/external/pyminuit2/0.0.1-cms19/lib/python2.7/site-packages:/cvmfs/cms.cern.ch/slc6_amd64_gcc472/external/py2-pygithub/1.23.0-cms2/lib/python2.7/site-packages:/cvmfs/cms.cern.ch/slc6_amd64_gcc472/external/professor/1.0.0-cms19/lib/python2.7/site-packages:/cvmfs/cms.cern.ch/slc6_amd64_gcc472/lcg/root/5.34.07-cms/lib:/cvmfs/cms.cern.ch/slc6_amd64_gcc472/cms/dbs-client/DBS_2_1_9-cms5/lib:/cvmfs/cms.cern.ch/slc6_amd64_gcc472/cms/dbs-client/DBS_2_1_9-cms5/lib/DBSAPI:/cvmfs/cms.cern.ch/slc6_amd64_gcc472/external/cvs2git/5419-cms/lib:/scratch/condor/dir_8841/glide_oAExGq/execute/dir_13064/
 
# LIMITS USED BY CRAB WATCHDOG:
# RSS  (KBytes)   : 2300000
# VSZ  (KBytes)   : 100000000
# DISK (MBytes)   : 19000
# CPU TIME        : 720h:0m:0s
# WALL CLOCK TIME : 21h:50m:0s
 
3c0380cf82de79bc39966c93934c61fc
PSETHASH = 3c0380cf82de79bc39966c93934c61fc
/scratch/condor/dir_8841/glide_oAExGq/execute/dir_13064/writeCfg.py pset.py pset.py
Importing .py file
Setting parameters
RandomNumberGeneratorService found, will attempt to change seeds
inputBlocks=/ttbar/dcieri-ttbar_SIM-130075366148575c102f0d64fd3ac8f7/USER#417d7dc2-08fd-4092-82c4-7ac02f79c2d9
inputFiles=/store/user/dcieri/ttbar_SIM/ttbar/ttbar_SIM/150129_145223/0000/step1_439.root
parentFiles=
lumisRange=
>>> Executable cmsRun
/cvmfs/cms.cern.ch/slc6_amd64_gcc472/cms/cmssw/CMSSW_6_2_0_SLHC12/bin/slc6_amd64_gcc472/cmsRun
ok executable found
>>> info for dashboard:
***** Cat /scratch/condor/dir_8841/glide_oAExGq/execute/dir_13064/jobreport.txt *****
MonitorJobID=74_https://submit-6.t2.ucsd.edu//150202//509447.73
MonitorID=dcieri_PU140_4dm08r
ExeStart=cmsRun
***** End Cat jobreport *****
Parameters sent to Dashboard.
>>> cmsRun started at Mon Feb  2 19:36:42 UTC 2015
>>> cmsRun ended at Mon Feb  2 22:52:59 UTC 2015
>>> crab_fjr_*.xml  permission set to 0704
>>> info for dashboard:
***** Cat /scratch/condor/dir_8841/glide_oAExGq/execute/dir_13064/jobreport.txt *****
MonitorJobID=74_https://submit-6.t2.ucsd.edu//150202//509447.73
MonitorID=dcieri_PU140_4dm08r
ExeEnd=cmsRun
***** End Cat jobreport *****
Parameters sent to Dashboard.
TIME_EXE = 11777 sec
>>> cmsRun wrote 241 lines of stdout+stderr
>>> START OF printout of 241 lines from stdout+stderr
271 DQMStore::DQMStore 
HcalTopologyIdealEP::HcalTopologyIdealEP
02-Feb-2015 19:36:52 GMT  Initiating request to open file root://dcap.pp.rl.ac.uk:1094/pnfs/pp.rl.ac.uk/data/cms/store/user/dcieri/ttbar_SIM/ttbar/ttbar_SIM/150129_145223/0000/step1_439.root
02-Feb-2015 19:36:53 GMT  Successfully opened file root://dcap.pp.rl.ac.uk:1094/pnfs/pp.rl.ac.uk/data/cms/store/user/dcieri/ttbar_SIM/ttbar/ttbar_SIM/150129_145223/0000/step1_439.root
02-Feb-2015 19:36:54 GMT  Initiating request to open file root://xrootd.unl.edu//store/group/dpg_trigger/comm_trigger/L1TrackTrigger/620_SLHC10/Extended2023TTI/MinBias/MinBias_TuneZ2star_GEN_SIM_1.root
02-Feb-2015 19:37:26 GMT  Successfully opened file root://xrootd.unl.edu//store/group/dpg_trigger/comm_trigger/L1TrackTrigger/620_SLHC10/Extended2023TTI/MinBias/MinBias_TuneZ2star_GEN_SIM_1.root
disableME1a = 0
HcalTopologyIdealEP::produce(const IdealGeometryRecord& iRecord)
mode = 2, maxDepthHB = 3, maxDepthHE = 5
RPCGeometryESModule :: produce
RPCGeometryESModule :: produce :: 1/4 Get Muon Ideal Geometry Record
RPCGeometryESModule :: produce :: 2/4 Get Muon DDD Constants
RPCGeometryESModule :: produce :: 3/4 Get Muon Numbering Record
in MuonNumberingInitialization::initializeMuonDDDConstants
about to make my new muonDDDConst_
in MuonNumberingInitialization::produce
RPCGeometryESModule :: produce :: 4/4 Build
Found:

	Barrel Stack layer 5 : 1008 stacks
	Barrel Stack layer 6 : 1320 stacks
	Barrel Stack layer 7 : 1836 stacks
	Barrel Stack layer 8 : 1152 stacks
	Barrel Stack layer 9 : 1488 stacks
	Barrel Stack layer 10 : 1824 stacks

	Endcap Stack disk 11 : 1360 stacks
	Endcap Stack disk 12 : 1360 stacks
	Endcap Stack disk 13 : 1360 stacks
	Endcap Stack disk 14 : 1360 stacks
	Endcap Stack disk 15 : 1360 stacks
Created 15428 stacks in 28 s

TTClusterBuilder< edm::Ref<edm::DetSetVector<PixelDigi>, PixelDigi, edm::refhelper::FindForDetSetVector<PixelDigi> > > loaded modules:
	TTClusterAlgorithm:	TTClusterAlgorithm_2d2013< edm::Ref<edm::DetSetVector<PixelDigi>, PixelDigi, edm::refhelper::FindForDetSetVector<PixelDigi> > >


TTStubBuilder< edm::Ref<edm::DetSetVector<PixelDigi>, PixelDigi, edm::refhelper::FindForDetSetVector<PixelDigi> > > loaded modules:
	TTStubAlgorithm:	TTStubAlgorithm_tab2013< edm::Ref<edm::DetSetVector<PixelDigi>, PixelDigi, edm::refhelper::FindForDetSetVector<PixelDigi> > >


TTClusterAssociator< edm::Ref<edm::DetSetVector<PixelDigi>, PixelDigi, edm::refhelper::FindForDetSetVector<PixelDigi> > > loaded.


TTStubAssociator< edm::Ref<edm::DetSetVector<PixelDigi>, PixelDigi, edm::refhelper::FindForDetSetVector<PixelDigi> > > loaded.


TTTrackAssociator< edm::Ref<edm::DetSetVector<PixelDigi>, PixelDigi, edm::refhelper::FindForDetSetVector<PixelDigi> > > loaded.

Begin processing the 1st record. Run 1, Event 4381, LumiSection 439 at 02-Feb-2015 19:38:13.999 GMT
02-Feb-2015 19:38:21 GMT  Closed file root://xrootd.unl.edu//store/group/dpg_trigger/comm_trigger/L1TrackTrigger/620_SLHC10/Extended2023TTI/MinBias/MinBias_TuneZ2star_GEN_SIM_1.root
02-Feb-2015 19:38:21 GMT  Initiating request to open file root://xrootd.unl.edu//store/group/dpg_trigger/comm_trigger/L1TrackTrigger/620_SLHC10/Extended2023TTI/MinBias/MinBias_TuneZ2star_GEN_SIM_889.root
02-Feb-2015 19:38:52 GMT  Successfully opened file root://xrootd.unl.edu//store/group/dpg_trigger/comm_trigger/L1TrackTrigger/620_SLHC10/Extended2023TTI/MinBias/MinBias_TuneZ2star_GEN_SIM_889.root
150202 19:43:22 14668 Xrd: XrdClientMessage::ReadRaw: Failed to read header (8 bytes).
150202 19:44:22 14666 Xrd: XrdClientMessage::ReadRaw: Failed to read header (8 bytes).
02-Feb-2015 19:50:06 GMT  Closed file root://xrootd.unl.edu//store/group/dpg_trigger/comm_trigger/L1TrackTrigger/620_SLHC10/Extended2023TTI/MinBias/MinBias_TuneZ2star_GEN_SIM_889.root
02-Feb-2015 19:50:06 GMT  Initiating request to open file root://xrootd.unl.edu//store/group/dpg_trigger/comm_trigger/L1TrackTrigger/620_SLHC10/Extended2023TTI/MinBias/MinBias_TuneZ2star_GEN_SIM_811.root
150202 19:50:24 22552 Xrd: CheckErrorStatus: Server [xrootd-redic.pi.infn.it:1094] declared: session not found(error code: 3011)
02-Feb-2015 19:50:24 GMT  Successfully opened file root://xrootd.unl.edu//store/group/dpg_trigger/comm_trigger/L1TrackTrigger/620_SLHC10/Extended2023TTI/MinBias/MinBias_TuneZ2star_GEN_SIM_811.root
150202 19:55:22 15720 Xrd: XrdClientMessage::ReadRaw: Failed to read header (8 bytes).
150202 19:55:53 22782 Xrd: XrdClientMessage::ReadRaw: Failed to read header (8 bytes).
150202 19:57:22 14297 Xrd: XrdClientMessage::ReadRaw: Failed to read header (8 bytes).
150202 19:57:53 14665 Xrd: XrdClientMessage::ReadRaw: Failed to read header (8 bytes).
150202 19:59:23 15719 Xrd: XrdClientMessage::ReadRaw: Failed to read header (8 bytes).
02-Feb-2015 20:00:31 GMT  Closed file root://xrootd.unl.edu//store/group/dpg_trigger/comm_trigger/L1TrackTrigger/620_SLHC10/Extended2023TTI/MinBias/MinBias_TuneZ2star_GEN_SIM_811.root
02-Feb-2015 20:00:31 GMT  Initiating request to open file root://xrootd.unl.edu//store/group/dpg_trigger/comm_trigger/L1TrackTrigger/620_SLHC10/Extended2023TTI/MinBias/MinBias_TuneZ2star_GEN_SIM_169.root
150202 20:01:02 29998 Xrd: CheckErrorStatus: Server [cms-xrd-global.cern.ch:1094] declared: session not found(error code: 3011)
150202 20:01:02 29998 Xrd: CheckErrorStatus: Server [xrootd.ba.infn.it:1094] declared: session not found(error code: 3011)
02-Feb-2015 20:01:03 GMT  Successfully opened file root://xrootd.unl.edu//store/group/dpg_trigger/comm_trigger/L1TrackTrigger/620_SLHC10/Extended2023TTI/MinBias/MinBias_TuneZ2star_GEN_SIM_169.root
Building the geometry service
Warning did not find digi
Warning did not find digi
Warning did not find digi
Warning did not find digi
Warning did not find digi in disks
Warning did not find digi in disks
Warning did not find digi in disks
Warning did not find digi in disks
150202 20:05:52 22783 Xrd: XrdClientMessage::ReadRaw: Failed to read header (8 bytes).
150202 20:06:22 30267 Xrd: XrdClientMessage::ReadRaw: Failed to read header (8 bytes).
02-Feb-2015 20:08:28 GMT  Closed file root://xrootd.unl.edu//store/group/dpg_trigger/comm_trigger/L1TrackTrigger/620_SLHC10/Extended2023TTI/MinBias/MinBias_TuneZ2star_GEN_SIM_169.root
02-Feb-2015 20:08:28 GMT  Initiating request to open file root://xrootd.unl.edu//store/group/dpg_trigger/comm_trigger/L1TrackTrigger/620_SLHC10/Extended2023TTI/MinBias/MinBias_TuneZ2star_GEN_SIM_807.root
150202 20:10:38 22781 Xrd: XrdClientMessage::ReadRaw: Failed to read header (8 bytes).
150202 20:10:39 2514 Xrd: CheckErrorStatus: Server [xrootd.ba.infn.it:1094] declared: session not found(error code: 3011)
02-Feb-2015 20:10:40 GMT  Successfully opened file root://xrootd.unl.edu//store/group/dpg_trigger/comm_trigger/L1TrackTrigger/620_SLHC10/Extended2023TTI/MinBias/MinBias_TuneZ2star_GEN_SIM_807.root
150202 20:13:52 30268 Xrd: XrdClientMessage::ReadRaw: Failed to read header (8 bytes).
150202 20:15:52 3816 Xrd: XrdClientMessage::ReadRaw: Failed to read header (8 bytes).
150202 20:30:52 14664 Xrd: XrdClientMessage::ReadRaw: Failed to read header (8 bytes).
150202 20:30:52 30265 Xrd: XrdClientMessage::ReadRaw: Failed to read header (8 bytes).
150202 20:30:52 14667 Xrd: XrdClientMessage::ReadRaw: Failed to read header (8 bytes).
150202 20:30:52 14300 Xrd: XrdClientMessage::ReadRaw: Failed to read header (8 bytes).
02-Feb-2015 20:31:00 GMT  Closed file root://xrootd.unl.edu//store/group/dpg_trigger/comm_trigger/L1TrackTrigger/620_SLHC10/Extended2023TTI/MinBias/MinBias_TuneZ2star_GEN_SIM_807.root
02-Feb-2015 20:31:00 GMT  Initiating request to open file root://xrootd.unl.edu//store/group/dpg_trigger/comm_trigger/L1TrackTrigger/620_SLHC10/Extended2023TTI/MinBias/MinBias_TuneZ2star_GEN_SIM_568.root
150202 20:31:01 14166 Xrd: CheckErrorStatus: Server [xrootd.unl.edu] declared: session not found(error code: 3011)
150202 20:31:32 16710 Xrd: CheckErrorStatus: Server [xrootd.unl.edu:1094] declared: session not found(error code: 3011)
150202 20:31:32 16710 Xrd: CheckErrorStatus: Server [cms-xrd-global.cern.ch:1094] declared: session not found(error code: 3011)
150202 20:31:32 16710 Xrd: CheckErrorStatus: Server [xrootd.ba.infn.it:1094] declared: session not found(error code: 3011)
150202 20:31:32 16710 Xrd: CheckErrorStatus: Server [lxbrf39c03.cern.ch:1098] declared: session not found(error code: 3011)
02-Feb-2015 20:31:33 GMT  Successfully opened file root://xrootd.unl.edu//store/group/dpg_trigger/comm_trigger/L1TrackTrigger/620_SLHC10/Extended2023TTI/MinBias/MinBias_TuneZ2star_GEN_SIM_568.root
150202 20:36:23 3820 Xrd: XrdClientMessage::ReadRaw: Failed to read header (8 bytes).
150202 20:36:52 17102 Xrd: XrdClientMessage::ReadRaw: Failed to read header (8 bytes).
02-Feb-2015 20:40:47 GMT  Closed file root://xrootd.unl.edu//store/group/dpg_trigger/comm_trigger/L1TrackTrigger/620_SLHC10/Extended2023TTI/MinBias/MinBias_TuneZ2star_GEN_SIM_568.root
02-Feb-2015 20:40:47 GMT  Initiating request to open file root://xrootd.unl.edu//store/group/dpg_trigger/comm_trigger/L1TrackTrigger/620_SLHC10/Extended2023TTI/MinBias/MinBias_TuneZ2star_GEN_SIM_199.root
150202 20:41:18 22859 Xrd: CheckErrorStatus: Server [xrootd.ba.infn.it:1094] declared: session not found(error code: 3011)
02-Feb-2015 20:41:19 GMT  Successfully opened file root://xrootd.unl.edu//store/group/dpg_trigger/comm_trigger/L1TrackTrigger/620_SLHC10/Extended2023TTI/MinBias/MinBias_TuneZ2star_GEN_SIM_199.root
150202 20:45:52 17104 Xrd: XrdClientMessage::ReadRaw: Failed to read header (8 bytes).
150202 20:46:22 22996 Xrd: XrdClientMessage::ReadRaw: Failed to read header (8 bytes).
02-Feb-2015 20:49:39 GMT  Closed file root://xrootd.unl.edu//store/group/dpg_trigger/comm_trigger/L1TrackTrigger/620_SLHC10/Extended2023TTI/MinBias/MinBias_TuneZ2star_GEN_SIM_199.root
02-Feb-2015 20:49:39 GMT  Initiating request to open file root://xrootd.unl.edu//store/group/dpg_trigger/comm_trigger/L1TrackTrigger/620_SLHC10/Extended2023TTI/MinBias/MinBias_TuneZ2star_GEN_SIM_888.root
150202 20:49:39 28460 Xrd: CheckErrorStatus: Server [cms-xrd-global.cern.ch:1094] declared: session not found(error code: 3011)
150202 20:49:40 28460 Xrd: CheckErrorStatus: Server [llrxrd-redir.in2p3.fr:1094] declared: session not found(error code: 3011)
02-Feb-2015 20:49:40 GMT  Successfully opened file root://xrootd.unl.edu//store/group/dpg_trigger/comm_trigger/L1TrackTrigger/620_SLHC10/Extended2023TTI/MinBias/MinBias_TuneZ2star_GEN_SIM_888.root
150202 20:54:52 28462 Xrd: XrdClientMessage::ReadRaw: Failed to read header (8 bytes).
150202 20:54:53 22997 Xrd: XrdClientMessage::ReadRaw: Failed to read header (8 bytes).
02-Feb-2015 20:58:55 GMT  Closed file root://xrootd.unl.edu//store/group/dpg_trigger/comm_trigger/L1TrackTrigger/620_SLHC10/Extended2023TTI/MinBias/MinBias_TuneZ2star_GEN_SIM_888.root
02-Feb-2015 20:58:55 GMT  Initiating request to open file root://xrootd.unl.edu//store/group/dpg_trigger/comm_trigger/L1TrackTrigger/620_SLHC10/Extended2023TTI/MinBias/MinBias_TuneZ2star_GEN_SIM_145.root
150202 20:59:26 2601 Xrd: CheckErrorStatus: Server [xrootd.ba.infn.it:1094] declared: session not found(error code: 3011)
02-Feb-2015 20:59:26 GMT  Successfully opened file root://xrootd.unl.edu//store/group/dpg_trigger/comm_trigger/L1TrackTrigger/620_SLHC10/Extended2023TTI/MinBias/MinBias_TuneZ2star_GEN_SIM_145.root
150202 21:04:22 28463 Xrd: XrdClientMessage::ReadRaw: Failed to read header (8 bytes).
150202 21:04:52 2830 Xrd: XrdClientMessage::ReadRaw: Failed to read header (8 bytes).
02-Feb-2015 21:06:37 GMT  Closed file root://xrootd.unl.edu//store/group/dpg_trigger/comm_trigger/L1TrackTrigger/620_SLHC10/Extended2023TTI/MinBias/MinBias_TuneZ2star_GEN_SIM_145.root
02-Feb-2015 21:06:37 GMT  Initiating request to open file root://xrootd.unl.edu//store/group/dpg_trigger/comm_trigger/L1TrackTrigger/620_SLHC10/Extended2023TTI/MinBias/MinBias_TuneZ2star_GEN_SIM_300.root
150202 21:08:32 7324 Xrd: CheckErrorStatus: Server [cms-xrd-global.cern.ch:1094] declared: session not found(error code: 3011)
150202 21:08:32 7324 Xrd: CheckErrorStatus: Server [xrootd-redic.pi.infn.it:1094] declared: session not found(error code: 3011)
02-Feb-2015 21:08:32 GMT  Successfully opened file root://xrootd.unl.edu//store/group/dpg_trigger/comm_trigger/L1TrackTrigger/620_SLHC10/Extended2023TTI/MinBias/MinBias_TuneZ2star_GEN_SIM_300.root
150202 21:09:52 28461 Xrd: XrdClientMessage::ReadRaw: Failed to read header (8 bytes).
150202 21:11:52 2836 Xrd: XrdClientMessage::ReadRaw: Failed to read header (8 bytes).
150202 21:13:52 8661 Xrd: XrdClientMessage::ReadRaw: Failed to read header (8 bytes).
02-Feb-2015 21:14:09 GMT  Closed file root://xrootd.unl.edu//store/group/dpg_trigger/comm_trigger/L1TrackTrigger/620_SLHC10/Extended2023TTI/MinBias/MinBias_TuneZ2star_GEN_SIM_300.root
02-Feb-2015 21:14:09 GMT  Initiating request to open file root://xrootd.unl.edu//store/group/dpg_trigger/comm_trigger/L1TrackTrigger/620_SLHC10/Extended2023TTI/MinBias/MinBias_TuneZ2star_GEN_SIM_366.root
150202 21:14:40 12041 Xrd: CheckErrorStatus: Server [cms-xrd-global.cern.ch:1094] declared: session not found(error code: 3011)
150202 21:14:40 12041 Xrd: CheckErrorStatus: Server [llrxrd-redir.in2p3.fr:1094] declared: session not found(error code: 3011)
02-Feb-2015 21:14:40 GMT  Successfully opened file root://xrootd.unl.edu//store/group/dpg_trigger/comm_trigger/L1TrackTrigger/620_SLHC10/Extended2023TTI/MinBias/MinBias_TuneZ2star_GEN_SIM_366.root
150202 21:19:23 8662 Xrd: XrdClientMessage::ReadRaw: Failed to read header (8 bytes).
150202 21:19:52 17101 Xrd: XrdClientMessage::ReadRaw: Failed to read header (8 bytes).
150202 21:19:52 12385 Xrd: XrdClientMessage::ReadRaw: Failed to read header (8 bytes).
02-Feb-2015 21:24:13 GMT  Closed file root://xrootd.unl.edu//store/group/dpg_trigger/comm_trigger/L1TrackTrigger/620_SLHC10/Extended2023TTI/MinBias/MinBias_TuneZ2star_GEN_SIM_366.root
02-Feb-2015 21:24:13 GMT  Initiating request to open file root://xrootd.unl.edu//store/group/dpg_trigger/comm_trigger/L1TrackTrigger/620_SLHC10/Extended2023TTI/MinBias/MinBias_TuneZ2star_GEN_SIM_131.root
150202 21:24:44 18293 Xrd: CheckErrorStatus: Server [llrxrd-redir.in2p3.fr:1094] declared: session not found(error code: 3011)
02-Feb-2015 21:24:44 GMT  Successfully opened file root://xrootd.unl.edu//store/group/dpg_trigger/comm_trigger/L1TrackTrigger/620_SLHC10/Extended2023TTI/MinBias/MinBias_TuneZ2star_GEN_SIM_131.root
150202 21:28:53 8660 Xrd: XrdClientMessage::ReadRaw: Failed to read header (8 bytes).
150202 21:29:22 12386 Xrd: XrdClientMessage::ReadRaw: Failed to read header (8 bytes).
150202 21:29:52 18637 Xrd: XrdClientMessage::ReadRaw: Failed to read header (8 bytes).
02-Feb-2015 21:33:02 GMT  Closed file root://xrootd.unl.edu//store/group/dpg_trigger/comm_trigger/L1TrackTrigger/620_SLHC10/Extended2023TTI/MinBias/MinBias_TuneZ2star_GEN_SIM_131.root
02-Feb-2015 21:33:02 GMT  Initiating request to open file root://xrootd.unl.edu//store/group/dpg_trigger/comm_trigger/L1TrackTrigger/620_SLHC10/Extended2023TTI/MinBias/MinBias_TuneZ2star_GEN_SIM_939.root
150202 21:33:33 23518 Xrd: CheckErrorStatus: Server [cms-xrd-global.cern.ch:1094] declared: session not found(error code: 3011)
150202 21:33:34 23518 Xrd: CheckErrorStatus: Server [xrootd-redic.pi.infn.it:1094] declared: session not found(error code: 3011)
02-Feb-2015 21:33:34 GMT  Successfully opened file root://xrootd.unl.edu//store/group/dpg_trigger/comm_trigger/L1TrackTrigger/620_SLHC10/Extended2023TTI/MinBias/MinBias_TuneZ2star_GEN_SIM_939.root
150202 21:38:22 18638 Xrd: XrdClientMessage::ReadRaw: Failed to read header (8 bytes).
150202 21:38:52 23555 Xrd: XrdClientMessage::ReadRaw: Failed to read header (8 bytes).
150202 21:44:52 12384 Xrd: XrdClientMessage::ReadRaw: Failed to read header (8 bytes).
02-Feb-2015 21:49:37 GMT  Closed file root://xrootd.unl.edu//store/group/dpg_trigger/comm_trigger/L1TrackTrigger/620_SLHC10/Extended2023TTI/MinBias/MinBias_TuneZ2star_GEN_SIM_939.root
02-Feb-2015 21:49:37 GMT  Initiating request to open file root://xrootd.unl.edu//store/group/dpg_trigger/comm_trigger/L1TrackTrigger/620_SLHC10/Extended2023TTI/MinBias/MinBias_TuneZ2star_GEN_SIM_301.root
150202 21:50:08 983 Xrd: CheckErrorStatus: Server [cms-xrd-global.cern.ch:1094] declared: session not found(error code: 3011)
150202 21:50:08 983 Xrd: CheckErrorStatus: Server [llrxrd-redir.in2p3.fr:1094] declared: session not found(error code: 3011)
02-Feb-2015 21:50:09 GMT  Successfully opened file root://xrootd.unl.edu//store/group/dpg_trigger/comm_trigger/L1TrackTrigger/620_SLHC10/Extended2023TTI/MinBias/MinBias_TuneZ2star_GEN_SIM_301.root
150202 21:53:53 23554 Xrd: XrdClientMessage::ReadRaw: Failed to read header (8 bytes).
150202 21:54:52 23556 Xrd: XrdClientMessage::ReadRaw: Failed to read header (8 bytes).
150202 21:55:22 1594 Xrd: XrdClientMessage::ReadRaw: Failed to read header (8 bytes).
02-Feb-2015 21:57:16 GMT  Closed file root://xrootd.unl.edu//store/group/dpg_trigger/comm_trigger/L1TrackTrigger/620_SLHC10/Extended2023TTI/MinBias/MinBias_TuneZ2star_GEN_SIM_301.root
02-Feb-2015 21:57:16 GMT  Initiating request to open file root://xrootd.unl.edu//store/group/dpg_trigger/comm_trigger/L1TrackTrigger/620_SLHC10/Extended2023TTI/MinBias/MinBias_TuneZ2star_GEN_SIM_941.root
150202 21:57:16 6700 Xrd: CheckErrorStatus: Server [cms-xrd-global.cern.ch:1094] declared: session not found(error code: 3011)
150202 21:57:16 6700 Xrd: CheckErrorStatus: Server [xrootd-redic.pi.infn.it:1094] declared: session not found(error code: 3011)
02-Feb-2015 21:57:17 GMT  Successfully opened file root://xrootd.unl.edu//store/group/dpg_trigger/comm_trigger/L1TrackTrigger/620_SLHC10/Extended2023TTI/MinBias/MinBias_TuneZ2star_GEN_SIM_941.root
150202 22:02:22 6702 Xrd: XrdClientMessage::ReadRaw: Failed to read header (8 bytes).
150202 22:02:22 1595 Xrd: XrdClientMessage::ReadRaw: Failed to read header (8 bytes).
02-Feb-2015 22:03:41 GMT  Closed file root://xrootd.unl.edu//store/group/dpg_trigger/comm_trigger/L1TrackTrigger/620_SLHC10/Extended2023TTI/MinBias/MinBias_TuneZ2star_GEN_SIM_941.root
02-Feb-2015 22:03:41 GMT  Initiating request to open file root://xrootd.unl.edu//store/group/dpg_trigger/comm_trigger/L1TrackTrigger/620_SLHC10/Extended2023TTI/MinBias/MinBias_TuneZ2star_GEN_SIM_688.root
150202 22:03:51 10615 Xrd: CheckErrorStatus: Server [llrxrd-redir.in2p3.fr:1094] declared: session not found(error code: 3011)
02-Feb-2015 22:03:51 GMT  Successfully opened file root://xrootd.unl.edu//store/group/dpg_trigger/comm_trigger/L1TrackTrigger/620_SLHC10/Extended2023TTI/MinBias/MinBias_TuneZ2star_GEN_SIM_688.root
02-Feb-2015 22:06:49 GMT  Closed file root://xrootd.unl.edu//store/group/dpg_trigger/comm_trigger/L1TrackTrigger/620_SLHC10/Extended2023TTI/MinBias/MinBias_TuneZ2star_GEN_SIM_688.root
02-Feb-2015 22:06:49 GMT  Initiating request to open file root://xrootd.unl.edu//store/group/dpg_trigger/comm_trigger/L1TrackTrigger/620_SLHC10/Extended2023TTI/MinBias/MinBias_TuneZ2star_GEN_SIM_564.root
150202 22:08:52 10635 Xrd: XrdClientMessage::ReadRaw: Failed to read header (8 bytes).
150202 22:10:46 12432 Xrd: CheckErrorStatus: Server [llrxrd-redir.in2p3.fr:1094] declared: session not found(error code: 3011)
02-Feb-2015 22:10:47 GMT  Successfully opened file root://xrootd.unl.edu//store/group/dpg_trigger/comm_trigger/L1TrackTrigger/620_SLHC10/Extended2023TTI/MinBias/MinBias_TuneZ2star_GEN_SIM_564.root
150202 22:11:52 6703 Xrd: XrdClientMessage::ReadRaw: Failed to read header (8 bytes).
150202 22:15:52 15073 Xrd: XrdClientMessage::ReadRaw: Failed to read header (8 bytes).
02-Feb-2015 22:16:15 GMT  Closed file root://xrootd.unl.edu//store/group/dpg_trigger/comm_trigger/L1TrackTrigger/620_SLHC10/Extended2023TTI/MinBias/MinBias_TuneZ2star_GEN_SIM_564.root
02-Feb-2015 22:16:15 GMT  Initiating request to open file root://xrootd.unl.edu//store/group/dpg_trigger/comm_trigger/L1TrackTrigger/620_SLHC10/Extended2023TTI/MinBias/MinBias_TuneZ2star_GEN_SIM_606.root
150202 22:17:22 6701 Xrd: XrdClientMessage::ReadRaw: Failed to read header (8 bytes).
150202 22:21:22 15074 Xrd: XrdClientMessage::ReadRaw: Failed to read header (8 bytes).
150202 22:24:44 18657 Xrd: CheckErrorStatus: Server [cms-xrd-global.cern.ch:1094] declared: session not found(error code: 3011)
150202 22:24:44 18657 Xrd: CheckErrorStatus: Server [xrootd.ba.infn.it:1094] declared: session not found(error code: 3011)
02-Feb-2015 22:24:44 GMT  Successfully opened file root://xrootd.unl.edu//store/group/dpg_trigger/comm_trigger/L1TrackTrigger/620_SLHC10/Extended2023TTI/MinBias/MinBias_TuneZ2star_GEN_SIM_606.root
02-Feb-2015 22:29:32 GMT  Closed file root://xrootd.unl.edu//store/group/dpg_trigger/comm_trigger/L1TrackTrigger/620_SLHC10/Extended2023TTI/MinBias/MinBias_TuneZ2star_GEN_SIM_606.root
02-Feb-2015 22:29:32 GMT  Initiating request to open file root://xrootd.unl.edu//store/group/dpg_trigger/comm_trigger/L1TrackTrigger/620_SLHC10/Extended2023TTI/MinBias/MinBias_TuneZ2star_GEN_SIM_817.root
150202 22:29:52 23719 Xrd: XrdClientMessage::ReadRaw: Failed to read header (8 bytes).
150202 22:30:03 26919 Xrd: CheckErrorStatus: Server [cms-xrd-global.cern.ch:1094] declared: session not found(error code: 3011)
150202 22:30:03 26919 Xrd: CheckErrorStatus: Server [xrootd-redic.pi.infn.it:1094] declared: session not found(error code: 3011)
02-Feb-2015 22:30:03 GMT  Successfully opened file root://xrootd.unl.edu//store/group/dpg_trigger/comm_trigger/L1TrackTrigger/620_SLHC10/Extended2023TTI/MinBias/MinBias_TuneZ2star_GEN_SIM_817.root
150202 22:30:52 1593 Xrd: XrdClientMessage::ReadRaw: Failed to read header (8 bytes).
02-Feb-2015 22:34:31 GMT  Closed file root://xrootd.unl.edu//store/group/dpg_trigger/comm_trigger/L1TrackTrigger/620_SLHC10/Extended2023TTI/MinBias/MinBias_TuneZ2star_GEN_SIM_817.root
02-Feb-2015 22:34:31 GMT  Initiating request to open file root://xrootd.unl.edu//store/group/dpg_trigger/comm_trigger/L1TrackTrigger/620_SLHC10/Extended2023TTI/MinBias/MinBias_TuneZ2star_GEN_SIM_529.root
150202 22:34:53 23720 Xrd: XrdClientMessage::ReadRaw: Failed to read header (8 bytes).
150202 22:35:02 29971 Xrd: CheckErrorStatus: Server [cms-xrd-global.cern.ch:1094] declared: session not found(error code: 3011)
02-Feb-2015 22:35:03 GMT  Successfully opened file root://xrootd.unl.edu//store/group/dpg_trigger/comm_trigger/L1TrackTrigger/620_SLHC10/Extended2023TTI/MinBias/MinBias_TuneZ2star_GEN_SIM_529.root
02-Feb-2015 22:38:18 GMT  Closed file root://xrootd.unl.edu//store/group/dpg_trigger/comm_trigger/L1TrackTrigger/620_SLHC10/Extended2023TTI/MinBias/MinBias_TuneZ2star_GEN_SIM_529.root
02-Feb-2015 22:38:18 GMT  Initiating request to open file root://xrootd.unl.edu//store/group/dpg_trigger/comm_trigger/L1TrackTrigger/620_SLHC10/Extended2023TTI/MinBias/MinBias_TuneZ2star_GEN_SIM_105.root
02-Feb-2015 22:38:49 GMT  Successfully opened file root://xrootd.unl.edu//store/group/dpg_trigger/comm_trigger/L1TrackTrigger/620_SLHC10/Extended2023TTI/MinBias/MinBias_TuneZ2star_GEN_SIM_105.root
150202 22:39:52 26946 Xrd: XrdClientMessage::ReadRaw: Failed to read header (8 bytes).
02-Feb-2015 22:42:27 GMT  Closed file root://xrootd.unl.edu//store/group/dpg_trigger/comm_trigger/L1TrackTrigger/620_SLHC10/Extended2023TTI/MinBias/MinBias_TuneZ2star_GEN_SIM_105.root
02-Feb-2015 22:42:27 GMT  Initiating request to open file root://xrootd.unl.edu//store/group/dpg_trigger/comm_trigger/L1TrackTrigger/620_SLHC10/Extended2023TTI/MinBias/MinBias_TuneZ2star_GEN_SIM_213.root
150202 22:42:58 2459 Xrd: CheckErrorStatus: Server [eoscms.cern.ch:1094] declared: session not found(error code: 3011)
02-Feb-2015 22:42:58 GMT  Successfully opened file root://xrootd.unl.edu//store/group/dpg_trigger/comm_trigger/L1TrackTrigger/620_SLHC10/Extended2023TTI/MinBias/MinBias_TuneZ2star_GEN_SIM_213.root
150202 22:43:23 29996 Xrd: XrdClientMessage::ReadRaw: Failed to read header (8 bytes).
02-Feb-2015 22:46:34 GMT  Closed file root://xrootd.unl.edu//store/group/dpg_trigger/comm_trigger/L1TrackTrigger/620_SLHC10/Extended2023TTI/MinBias/MinBias_TuneZ2star_GEN_SIM_213.root
02-Feb-2015 22:46:34 GMT  Initiating request to open file root://xrootd.unl.edu//store/group/dpg_trigger/comm_trigger/L1TrackTrigger/620_SLHC10/Extended2023TTI/MinBias/MinBias_TuneZ2star_GEN_SIM_648.root
02-Feb-2015 22:47:10 GMT  Successfully opened file root://xrootd.unl.edu//store/group/dpg_trigger/comm_trigger/L1TrackTrigger/620_SLHC10/Extended2023TTI/MinBias/MinBias_TuneZ2star_GEN_SIM_648.root
150202 22:47:52 32597 Xrd: XrdClientMessage::ReadRaw: Failed to read header (8 bytes).
150202 22:50:22 26944 Xrd: XrdClientMessage::ReadRaw: Failed to read header (8 bytes).
02-Feb-2015 22:50:52 GMT  Closed file root://xrootd.unl.edu//store/group/dpg_trigger/comm_trigger/L1TrackTrigger/620_SLHC10/Extended2023TTI/MinBias/MinBias_TuneZ2star_GEN_SIM_648.root
02-Feb-2015 22:50:52 GMT  Initiating request to open file root://xrootd.unl.edu//store/group/dpg_trigger/comm_trigger/L1TrackTrigger/620_SLHC10/Extended2023TTI/MinBias/MinBias_TuneZ2star_GEN_SIM_246.root
150202 22:51:23 12294 Xrd: CheckErrorStatus: Server [cms-xrd-global.cern.ch:1094] declared: session not found(error code: 3011)
02-Feb-2015 22:51:23 GMT  Successfully opened file root://xrootd.unl.edu//store/group/dpg_trigger/comm_trigger/L1TrackTrigger/620_SLHC10/Extended2023TTI/MinBias/MinBias_TuneZ2star_GEN_SIM_246.root
150202 22:51:53 2482 Xrd: XrdClientMessage::ReadRaw: Failed to read header (8 bytes).
02-Feb-2015 22:52:57 GMT  Closed file root://dcap.pp.rl.ac.uk:1094/pnfs/pp.rl.ac.uk/data/cms/store/user/dcieri/ttbar_SIM/ttbar/ttbar_SIM/150129_145223/0000/step1_439.root
02-Feb-2015 22:52:57 GMT  Closed file root://xrootd.unl.edu//store/group/dpg_trigger/comm_trigger/L1TrackTrigger/620_SLHC10/Extended2023TTI/MinBias/MinBias_TuneZ2star_GEN_SIM_246.root

=============================================

MessageLogger Summary

 type     category        sev    module        subroutine        count    total
 ---- -------------------- -- ---------------- ----------------  -----    -----
    1 fileAction           -s MixingModule:mix                      69       69
    2 fileAction           -s MixingModule:mix                       2        2
    3 fileAction           -s MixingModule:mix                       1        1
    4 fileAction           -s file_close                             1        1
    5 fileAction           -s file_open                              2        2

 type    category    Examples: run/evt        run/evt          run/evt
 ---- -------------------- ---------------- ---------------- ----------------
    1 fileAction           1/4381           1/4381           1/4390
    2 fileAction           pre-events       pre-events       
    3 fileAction           PostEndRun                        
    4 fileAction           PostEndRun                        
    5 fileAction           pre-events       pre-events       

Severity    # Occurrences   Total Occurrences
--------    -------------   -----------------
System                 75                  75
>>> END OF printout of 241 lines from stdout+stderr
>>> Parse FrameworkJobReport crab_fjr.xml
Result of parsing the FrameworkJobReport crab_fjr.xml: 
Extracted ExitStatus from FrameworkJobReport parsing output: 0
>>> Executable succeded  0
ExeExitCode=0
EXECUTABLE_EXIT_STATUS = 0
>>> current directory /scratch/condor/dir_8841/glide_oAExGq/execute/dir_13064/CMSSW_6_2_0_SLHC12
>>>  (SOFTWARE_DIR): /scratch/condor/dir_8841/glide_oAExGq/execute/dir_13064/CMSSW_6_2_0_SLHC12
>>> (WORKING_DIR): 
>>> current directory content:
total 247996
drwxr-xr-x 3 cms415 gplcms      4096 Feb  2 19:36 .SCRAM
-rw------- 1 cms415 gplcms    915837 Feb  2 19:36 CMSSW.py.pkl
drwxr-xr-x 3 cms415 gplcms      4096 Feb  2 19:36 bin
drwxr-xr-x 3 cms415 gplcms      4096 Feb  2 19:36 cfipython
drwxr-xr-x 4 cms415 gplcms      4096 Apr 28  2014 config
-rw------- 1 cms415 gplcms        16 Feb  2 22:52 cpu_timing.txt
drwxr-xr-x 2 cms415 gplcms      4096 Feb  2 19:36 doc
-rw------- 1 cms415 gplcms     27003 Feb  2 22:52 executable.out
drwxr-xr-x 2 cms415 gplcms      4096 Feb  2 19:36 include
drwx------ 3 cms415 gplcms      4096 Oct  7 10:12 lib
drwxr-xr-x 3 cms415 gplcms      4096 Feb  2 19:36 logs
drwxr-xr-x 3 cms415 gplcms      4096 Feb  2 19:36 objs
-rw------- 1 cms415 gplcms       104 Feb  2 19:36 pset.py
-rw------- 1 cms415 gplcms    926825 Feb  2 19:36 pset.py.pkl
-rw------- 1 cms415 gplcms       289 Feb  2 19:36 pset.pyc
drwxr-xr-x 2 cms415 gplcms      4096 Feb  2 19:36 python
-rw------- 1 cms415 gplcms       353 Feb  2 22:52 report.log
drwxr-xr-x 2 cms415 gplcms      4096 Feb  2 19:36 src
-rw------- 1 cms415 gplcms 251738024 Feb  2 22:52 step2.root
drwxr-xr-x 3 cms415 gplcms      4096 Feb  2 19:36 test
drwxr-xr-x 3 cms415 gplcms      4096 Feb  2 19:36 tmp
>>> current directory /scratch/condor/dir_8841/glide_oAExGq/execute/dir_13064/CMSSW_6_2_0_SLHC12
>>> (SOFTWARE_DIR): /scratch/condor/dir_8841/glide_oAExGq/execute/dir_13064/CMSSW_6_2_0_SLHC12
>>> (WORKING_DIR): 
>>> current directory content:
total 247996
drwxr-xr-x 3 cms415 gplcms      4096 Feb  2 19:36 .SCRAM
-rw------- 1 cms415 gplcms    915837 Feb  2 19:36 CMSSW.py.pkl
drwxr-xr-x 3 cms415 gplcms      4096 Feb  2 19:36 bin
drwxr-xr-x 3 cms415 gplcms      4096 Feb  2 19:36 cfipython
drwxr-xr-x 4 cms415 gplcms      4096 Apr 28  2014 config
-rw------- 1 cms415 gplcms        16 Feb  2 22:52 cpu_timing.txt
drwxr-xr-x 2 cms415 gplcms      4096 Feb  2 19:36 doc
-rw------- 1 cms415 gplcms     27003 Feb  2 22:52 executable.out
drwxr-xr-x 2 cms415 gplcms      4096 Feb  2 19:36 include
drwx------ 3 cms415 gplcms      4096 Oct  7 10:12 lib
drwxr-xr-x 3 cms415 gplcms      4096 Feb  2 19:36 logs
drwxr-xr-x 3 cms415 gplcms      4096 Feb  2 19:36 objs
-rw------- 1 cms415 gplcms       104 Feb  2 19:36 pset.py
-rw------- 1 cms415 gplcms    926825 Feb  2 19:36 pset.py.pkl
-rw------- 1 cms415 gplcms       289 Feb  2 19:36 pset.pyc
drwxr-xr-x 2 cms415 gplcms      4096 Feb  2 19:36 python
-rw------- 1 cms415 gplcms       353 Feb  2 22:52 report.log
drwxr-xr-x 2 cms415 gplcms      4096 Feb  2 19:36 src
-rw------- 1 cms415 gplcms 251738024 Feb  2 22:52 step2_74_1_dlr.root
drwxr-xr-x 3 cms415 gplcms      4096 Feb  2 19:36 test
drwxr-xr-x 3 cms415 gplcms      4096 Feb  2 19:36 tmp
>>> current directory (RUNTIME_AREA):  /scratch/condor/dir_8841/glide_oAExGq/execute/dir_13064
PNN = T2_UK_SGrid_RALPP
SE = heplnx204.pp.rl.ac.uk
SE_PATH = /srm/managerv2?SFN=/pnfs/pp.rl.ac.uk/data/cms/store/user/dcieri/ttbar_PU140_DIGI/dcieri/ttbar/ttbar_PU140_DIGI/3c0380cf82de79bc39966c93934c61fc/
LFNBaseName = /store/user/dcieri/ttbar_PU140_DIGI/dcieri/ttbar/ttbar_PU140_DIGI/3c0380cf82de79bc39966c93934c61fc/
USER = dcieri
endpoint = srm://heplnx204.pp.rl.ac.uk:8443/srm/managerv2?SFN=/pnfs/pp.rl.ac.uk/data/cms/store/user/dcieri/ttbar_PU140_DIGI/dcieri/ttbar/ttbar_PU140_DIGI/3c0380cf82de79bc39966c93934c61fc/
>>> Copy output files from WN = heplnc336.pp.rl.ac.uk to /srm/managerv2?SFN=/pnfs/pp.rl.ac.uk/data/cms/store/user/dcieri/ttbar_PU140_DIGI/dcieri/ttbar/ttbar_PU140_DIGI/3c0380cf82de79bc39966c93934c61fc/ :
python cmscp.py  --destination srm://heplnx204.pp.rl.ac.uk:8443/srm/managerv2?SFN=/pnfs/pp.rl.ac.uk/data/cms/store/user/dcieri/ttbar_PU140_DIGI/dcieri/ttbar/ttbar_PU140_DIGI/3c0380cf82de79bc39966c93934c61fc/ --inputFileList /scratch/condor/dir_8841/glide_oAExGq/execute/dir_13064/CMSSW_6_2_0_SLHC12/step2_74_1_dlr.root --middleware LCG --PNN T2_UK_SGrid_RALPP --se_name heplnx204.pp.rl.ac.uk --for_lfn /store/user/dcieri/ttbar_PU140_DIGI/dcieri/ttbar/ttbar_PU140_DIGI/3c0380cf82de79bc39966c93934c61fc/    
******************************************************
localSeName  =  heplnx204.pp.rl.ac.uk
remoteSeName =  heplnx204.pp.rl.ac.uk
******************************************************
{"/scratch/condor/dir_8841/glide_oAExGq/execute/dir_13064/CMSSW_6_2_0_SLHC12/step2_74_1_dlr.root": {"endpoint": "srm://heplnx204.pp.rl.ac.uk:8443/srm/managerv2?SFN=/pnfs/pp.rl.ac.uk/data/cms/store/user/dcieri/ttbar_PU140_DIGI/dcieri/ttbar/ttbar_PU140_DIGI/3c0380cf82de79bc39966c93934c61fc/", "surl_for_grid": "", "reason": "Copy succedeed with srm-lcg utils", "erCode": "0", "PNN": "T2_UK_SGrid_RALPP", "se_name": "heplnx204.pp.rl.ac.uk", "for_lfn": "/store/user/dcieri/ttbar_PU140_DIGI/dcieri/ttbar/ttbar_PU140_DIGI/3c0380cf82de79bc39966c93934c61fc/"}}/scratch/condor/dir_8841/glide_oAExGq/execute/dir_13064
-------- cat /scratch/condor/dir_8841/glide_oAExGq/execute/dir_13064/cmscpReport.sh 
#!/bin/bash
echo "Report for File: /scratch/condor/dir_8841/glide_oAExGq/execute/dir_13064/CMSSW_6_2_0_SLHC12/step2_74_1_dlr.root"
echo "LFN: /store/user/dcieri/ttbar_PU140_DIGI/dcieri/ttbar/ttbar_PU140_DIGI/3c0380cf82de79bc39966c93934c61fc/step2_74_1_dlr.root"
echo "StorageElement: heplnx204.pp.rl.ac.uk"
echo "StageOutExitStatusReason = 'Copy succedeed with srm-lcg utils'" | tee -a $RUNTIME_AREA/$repo
echo "StageOutSE = heplnx204.pp.rl.ac.uk" >> $RUNTIME_AREA/$repo

export StageOutExitStatus=0
echo "StageOutExitStatus = 0" | tee -a $RUNTIME_AREA/$repo
-------- end of /scratch/condor/dir_8841/glide_oAExGq/execute/dir_13064/cmscpReport.sh 
Report for File: /scratch/condor/dir_8841/glide_oAExGq/execute/dir_13064/CMSSW_6_2_0_SLHC12/step2_74_1_dlr.root
LFN: /store/user/dcieri/ttbar_PU140_DIGI/dcieri/ttbar/ttbar_PU140_DIGI/3c0380cf82de79bc39966c93934c61fc/step2_74_1_dlr.root
StorageElement: heplnx204.pp.rl.ac.uk
StageOutExitStatusReason = 'Copy succedeed with srm-lcg utils'
StageOutExitStatus = 0
>>> current dir: /scratch/condor/dir_8841/glide_oAExGq/execute/dir_13064
>>> current dir content:
total 8828
-rw-------  1 cms415 gplcms    2785 Feb  2 22:53 .SEinteraction.log
-rwx------  1 cms415 gplcms      52 Feb  2 19:35 .chirp_config
-rwx------  1 cms415 gplcms    7822 Feb  2 19:35 .job.ad
-rwx------  1 cms415 gplcms    9761 Feb  2 19:35 .machine.ad
-rw-------  1 cms415 gplcms     105 Feb  2 12:16 CMSSW.py
-rw-------  1 cms415 gplcms  915837 Feb  2 12:16 CMSSW.py.pkl
-rwx------  1 cms415 gplcms   29498 Feb  2 19:36 CMSSW.sh
drwxr-xr-x 15 cms415 gplcms    4096 Feb  2 22:53 CMSSW_6_2_0_SLHC12
-rw-------  1 cms415 gplcms     189 Feb  2 19:36 CacheEnv.sh
-rw-------  1 cms415 gplcms    7291 Nov 19 14:52 DashboardAPI.py
-rw-------  1 cms415 gplcms    6455 Feb  2 19:36 DashboardAPI.pyc
drwx------  2 cms415 gplcms    4096 Feb  2 22:53 IMProv
-rw-------  1 cms415 gplcms    2748 Nov 19 14:52 Logger.py
-rw-------  1 cms415 gplcms    3227 Feb  2 19:36 Logger.pyc
-rw-------  1 cms415 gplcms   24524 Nov 19 14:52 ProcInfo.py
-rw-------  1 cms415 gplcms   22621 Feb  2 19:36 ProcInfo.pyc
drwx------  7 cms415 gplcms    4096 Feb  2 19:36 ProdCommon
drwx------  3 cms415 gplcms    4096 Feb  2 19:36 WMCore
-rw-------  1 cms415 gplcms   11004 Feb  2 22:53 Watchdog_74.log
-rwx------  1 cms415 gplcms       0 Feb  2 19:36 _condor_stderr
-rwx---r--  1 cms415 gplcms   41724 Feb  2 22:53 _condor_stdout
-rw-------  1 cms415 gplcms   32895 Nov 19 14:52 apmon.py
-rw-------  1 cms415 gplcms   27929 Feb  2 19:36 apmon.pyc
-rwx------  1 cms415 gplcms  134309 Feb  2 19:36 arguments.xml
-rwx------  1 cms415 gplcms   38581 Nov 19 14:52 cmscp.py
-rw-------  1 cms415 gplcms     559 Feb  2 22:53 cmscpReport.sh
-rwx------  1 cms415 gplcms   29498 Feb  2 19:36 condor_exec.exe
-rw-------  1 cms415 gplcms     544 Feb  2 12:16 crab.cfg
-rwx------  1 cms415 gplcms    8610 Nov 19 14:52 crabWatchdog.sh
-rwx---r--  1 cms415 gplcms  112116 Feb  2 22:52 crab_fjr_74.xml
-rwx------  1 cms415 gplcms 7390485 Feb  2 19:36 default.tgz
-rwx------  1 cms415 gplcms    4488 Nov 19 14:52 fillCrabFjr.py
-rw-------  1 cms415 gplcms     226 Feb  2 19:36 inputsReport.txt
-rw-------  1 cms415 gplcms     243 Feb  2 22:53 jobreport.txt
-rw-------  1 cms415 gplcms   17352 Nov 19 14:52 parseCrabFjr.py
-rw-------  1 cms415 gplcms     321 Feb  2 19:36 report.log
-rwx--x--x  1 cms415 gplcms    1497 Nov 19 14:52 report.py
-rw-------  1 cms415 gplcms     553 Feb  2 22:53 resultCopyFile
lrwxrwxrwx  1 cms415 gplcms      94 Feb  2 22:53 step2.root -> /scratch/condor/dir_8841/glide_oAExGq/execute/dir_13064/CMSSW_6_2_0_SLHC12/step2_74_1_dlr.root
-rwx------  1 cms415 gplcms    8351 Nov 19 14:52 writeCfg.py
-rw-------  1 cms415 gplcms   10293 Feb  2 19:35 x509up_u62281
>>> Modify Job Report:
CMSSW_VERSION = CMSSW_6_2_0_SLHC12
ProcessedDataset = ttbar_PU140_DIGI
/scratch/condor/dir_8841/glide_oAExGq/execute/dir_13064/ProdCommon/FwkJobRep/ModifyJobReport.py fjr /scratch/condor/dir_8841/glide_oAExGq/execute/dir_13064/crab_fjr_74.xml json /scratch/condor/dir_8841/glide_oAExGq/execute/dir_13064/resultCopyFile n_job 74_1_dlr PrimaryDataset ttbar  ApplicationFamily cmsRun ApplicationName cmsRun cmssw_version CMSSW_6_2_0_SLHC12 psethash 3c0380cf82de79bc39966c93934c61fc UserProcessedDataset dcieri-ttbar_PU140_DIGI-3c0380cf82de79bc39966c93934c61fc
inputDict =  {u'/scratch/condor/dir_8841/glide_oAExGq/execute/dir_13064/CMSSW_6_2_0_SLHC12/step2_74_1_dlr.root': {u'endpoint': u'srm://heplnx204.pp.rl.ac.uk:8443/srm/managerv2?SFN=/pnfs/pp.rl.ac.uk/data/cms/store/user/dcieri/ttbar_PU140_DIGI/dcieri/ttbar/ttbar_PU140_DIGI/3c0380cf82de79bc39966c93934c61fc/', u'surl_for_grid': u'', u'reason': u'Copy succedeed with srm-lcg utils', u'erCode': u'0', u'PNN': u'T2_UK_SGrid_RALPP', u'se_name': u'heplnx204.pp.rl.ac.uk', u'for_lfn': u'/store/user/dcieri/ttbar_PU140_DIGI/dcieri/ttbar/ttbar_PU140_DIGI/3c0380cf82de79bc39966c93934c61fc/'}}
UserProcessedDataset =  dcieri-ttbar_PU140_DIGI-3c0380cf82de79bc39966c93934c61fc
WORKING ON EDM FILE
file_name in inputDict =  /scratch/condor/dir_8841/glide_oAExGq/execute/dir_13064/CMSSW_6_2_0_SLHC12/step2_74_1_dlr.root
(size) os.stat(filename)[6] =  251738024
checksum =  2847371514
    file =  step2_74_1_dlr.root
    newPfn =  srm://heplnx204.pp.rl.ac.uk:8443/srm/managerv2?SFN=/pnfs/pp.rl.ac.uk/data/cms/store/user/dcieri/ttbar_PU140_DIGI/dcieri/ttbar/ttbar_PU140_DIGI/3c0380cf82de79bc39966c93934c61fc/step2_74_1_dlr.root
    newLfn =  /store/user/dcieri/ttbar_PU140_DIGI/dcieri/ttbar/ttbar_PU140_DIGI/3c0380cf82de79bc39966c93934c61fc/step2_74_1_dlr.root
>>> crab_fjr_*.xml  permission set to 0704
CrabWrapper EXIT_FUNC entered at Mon Feb  2 22:53:52 GMT 2015   -  Mon Feb  2 22:53:52 UTC 2015
Checking output files:  
will tar file crab_fjr_74.xml in  out_files_74
WARNING: output file CMSSW_74.stdout not found!
WARNING: output file CMSSW_74.stderr not found!
WARNING: output file Watchdog_74.log.gz not found!
>>> padding time: Wrapper lasting more than 600 seconds. No sleep required.
STOPPING WATCHDOG. CrabWatchdog PID is 14030
********** LAST 50 LINES OF WATCHDOG LOG
 Feb 02 20:03:44 GMT	14166	1123852	1639172	53	151	1627	cmsRun -j /scratch/condor/dir_8841/glide_oAExGq/execute/dir_13064/crab_fjr_74.xml -p pset.py      
 Feb 02 20:03:44 GMT	---	1123852	1639172	73	----	----	----
# TIME			PID	RSS(KB)	VSZ(KB)	Dsk(MB)	tCPU(s)	tWALL(s)	COMMAND
 Feb 02 20:04:45 GMT	14166	1125284	1641476	73	153	1687	cmsRun -j /scratch/condor/dir_8841/glide_oAExGq/execute/dir_13064/crab_fjr_74.xml -p pset.py      
 Feb 02 20:05:45 GMT	14166	1134752	1641476	73	156	1747	cmsRun -j /scratch/condor/dir_8841/glide_oAExGq/execute/dir_13064/crab_fjr_74.xml -p pset.py      
 Feb 02 20:06:45 GMT	14166	1140752	1641476	73	160	1807	cmsRun -j /scratch/condor/dir_8841/glide_oAExGq/execute/dir_13064/crab_fjr_74.xml -p pset.py      
 Feb 02 20:07:45 GMT	14166	1144664	1641476	73	164	1867	cmsRun -j /scratch/condor/dir_8841/glide_oAExGq/execute/dir_13064/crab_fjr_74.xml -p pset.py      
 Feb 02 20:12:46 GMT	14166	1145560	1645068	73	170	2168	cmsRun -j /scratch/condor/dir_8841/glide_oAExGq/execute/dir_13064/crab_fjr_74.xml -p pset.py      
 Feb 02 20:13:46 GMT	14166	1145728	1645068	73	171	2228	cmsRun -j /scratch/condor/dir_8841/glide_oAExGq/execute/dir_13064/crab_fjr_74.xml -p pset.py      
 Feb 02 20:15:47 GMT	14166	1147300	1645580	73	174	2349	cmsRun -j /scratch/condor/dir_8841/glide_oAExGq/execute/dir_13064/crab_fjr_74.xml -p pset.py      
 Feb 02 20:16:47 GMT	14166	1147524	1645836	73	175	2410	cmsRun -j /scratch/condor/dir_8841/glide_oAExGq/execute/dir_13064/crab_fjr_74.xml -p pset.py      
 Feb 02 20:17:48 GMT	14166	1149332	1648908	73	176	2470	cmsRun -j /scratch/condor/dir_8841/glide_oAExGq/execute/dir_13064/crab_fjr_74.xml -p pset.py      
 Feb 02 20:18:48 GMT	14166	1151332	1650444	73	177	2530	cmsRun -j /scratch/condor/dir_8841/glide_oAExGq/execute/dir_13064/crab_fjr_74.xml -p pset.py      
 Feb 02 20:19:48 GMT	14166	1152472	1651980	73	179	2590	cmsRun -j /scratch/condor/dir_8841/glide_oAExGq/execute/dir_13064/crab_fjr_74.xml -p pset.py      
 Feb 02 20:21:48 GMT	14166	1153688	1651980	73	182	2710	cmsRun -j /scratch/condor/dir_8841/glide_oAExGq/execute/dir_13064/crab_fjr_74.xml -p pset.py      
 Feb 02 20:22:48 GMT	14166	1156256	1657868	73	183	2771	cmsRun -j /scratch/condor/dir_8841/glide_oAExGq/execute/dir_13064/crab_fjr_74.xml -p pset.py      
 Feb 02 20:23:49 GMT	14166	1156900	1657868	73	184	2831	cmsRun -j /scratch/condor/dir_8841/glide_oAExGq/execute/dir_13064/crab_fjr_74.xml -p pset.py      
 Feb 02 20:24:49 GMT	14166	1157800	1657868	73	186	2891	cmsRun -j /scratch/condor/dir_8841/glide_oAExGq/execute/dir_13064/crab_fjr_74.xml -p pset.py      
 Feb 02 20:25:49 GMT	14166	1158744	1657868	73	187	2951	cmsRun -j /scratch/condor/dir_8841/glide_oAExGq/execute/dir_13064/crab_fjr_74.xml -p pset.py      
 Feb 02 20:26:49 GMT	14166	1160428	1660940	73	189	3011	cmsRun -j /scratch/condor/dir_8841/glide_oAExGq/execute/dir_13064/crab_fjr_74.xml -p pset.py      
 Feb 02 20:27:49 GMT	14166	1160428	1662988	73	191	3072	cmsRun -j /scratch/condor/dir_8841/glide_oAExGq/execute/dir_13064/crab_fjr_74.xml -p pset.py      
 Feb 02 20:30:50 GMT	14166	1204688	1673740	73	203	3252	cmsRun -j /scratch/condor/dir_8841/glide_oAExGq/execute/dir_13064/crab_fjr_74.xml -p pset.py      
 Feb 02 20:31:50 GMT	14166	1227272	1673740	73	207	3312	cmsRun -j /scratch/condor/dir_8841/glide_oAExGq/execute/dir_13064/crab_fjr_74.xml -p pset.py      
 Feb 02 20:32:50 GMT	14166	1280340	1725452	73	212	3372	cmsRun -j /scratch/condor/dir_8841/glide_oAExGq/execute/dir_13064/crab_fjr_74.xml -p pset.py      
 Feb 02 20:33:50 GMT	14166	1281508	1726220	73	215	3433	cmsRun -j /scratch/condor/dir_8841/glide_oAExGq/execute/dir_13064/crab_fjr_74.xml -p pset.py      
 Feb 02 20:34:51 GMT	14166	1286188	1730316	73	218	3493	cmsRun -j /scratch/condor/dir_8841/glide_oAExGq/execute/dir_13064/crab_fjr_74.xml -p pset.py      
 Feb 02 20:35:51 GMT	14166	1407892	1843724	73	229	3553	cmsRun -j /scratch/condor/dir_8841/glide_oAExGq/execute/dir_13064/crab_fjr_74.xml -p pset.py      
 Feb 02 20:36:51 GMT	---	1407892	1843724	98	----	----	----
 Feb 02 20:56:55 GMT	---	1407892	1843724	119	----	----	----
 Feb 02 20:58:55 GMT	---	1407892	1843724	120	----	----	----
 Feb 02 21:15:59 GMT	---	1407892	1843724	140	----	----	----
 Feb 02 21:38:48 GMT	---	1407892	1843724	163	----	----	----
 Feb 02 21:56:55 GMT	14166	1407892	1848336	163	547	8418	cmsRun -j /scratch/condor/dir_8841/glide_oAExGq/execute/dir_13064/crab_fjr_74.xml -p pset.py      
# TIME			PID	RSS(KB)	VSZ(KB)	Dsk(MB)	tCPU(s)	tWALL(s)	COMMAND
 Feb 02 21:57:56 GMT	14166	1407892	1851920	163	560	8478	cmsRun -j /scratch/condor/dir_8841/glide_oAExGq/execute/dir_13064/crab_fjr_74.xml -p pset.py      
 Feb 02 21:58:56 GMT	14166	1407892	1857040	163	564	8538	cmsRun -j /scratch/condor/dir_8841/glide_oAExGq/execute/dir_13064/crab_fjr_74.xml -p pset.py      
 Feb 02 21:59:56 GMT	14166	1410040	1857296	163	568	8598	cmsRun -j /scratch/condor/dir_8841/glide_oAExGq/execute/dir_13064/crab_fjr_74.xml -p pset.py      
 Feb 02 22:00:56 GMT	14166	1412396	1865232	163	572	8658	cmsRun -j /scratch/condor/dir_8841/glide_oAExGq/execute/dir_13064/crab_fjr_74.xml -p pset.py      
 Feb 02 22:01:57 GMT	---	1412396	1865232	187	----	----	----
 Feb 02 22:12:01 GMT	14166	1412396	1871376	187	642	9323	cmsRun -j /scratch/condor/dir_8841/glide_oAExGq/execute/dir_13064/crab_fjr_74.xml -p pset.py      
 Feb 02 22:13:01 GMT	14166	1412396	1892112	187	654	9384	cmsRun -j /scratch/condor/dir_8841/glide_oAExGq/execute/dir_13064/crab_fjr_74.xml -p pset.py      
 Feb 02 22:14:02 GMT	14166	1412396	1893392	187	657	9444	cmsRun -j /scratch/condor/dir_8841/glide_oAExGq/execute/dir_13064/crab_fjr_74.xml -p pset.py      
 Feb 02 22:15:02 GMT	14166	1545620	1967120	187	678	9504	cmsRun -j /scratch/condor/dir_8841/glide_oAExGq/execute/dir_13064/crab_fjr_74.xml -p pset.py      
 Feb 02 22:15:02 GMT	---	1545620	1967120	202	----	----	----
 Feb 02 22:16:02 GMT	---	1545620	1967120	210	----	----	----
 Feb 02 22:34:07 GMT	14166	1600780	2022928	210	764	10649	cmsRun -j /scratch/condor/dir_8841/glide_oAExGq/execute/dir_13064/crab_fjr_74.xml -p pset.py      
 Feb 02 22:34:07 GMT	---	1600780	2022928	211	----	----	----
 Feb 02 22:35:07 GMT	---	1600780	2022928	234	----	----	----
 Feb 02 22:44:11 GMT	---	1600780	2022928	254	----	----	----
 Feb 02 22:53:13 GMT	---	1600780	2022928	278	----	----	----
********** WATCHDOG LOG ENDED
ZIPPING WATCHDOG LOG
Disk space used:
du -sh /scratch/condor/dir_8841/glide_oAExGq/execute/dir_13064
278M	/scratch/condor/dir_8841/glide_oAExGq/execute/dir_13064
Found unusual stdout, rename for OSB
`/scratch/condor/dir_8841/glide_oAExGq/execute/dir_13064/_condor_stdout' -> `CMSSW_74.stdout'
Found unusual stderr, rename for OSB
`/scratch/condor/dir_8841/glide_oAExGq/execute/dir_13064/_condor_stdout' -> `CMSSW_74.stderr'
crab_fjr_74.xml
CMSSW_74.stdout
CMSSW_74.stderr
Watchdog_74.log.gz
Total Output dimension: 24720
WARNING: output files size limit is set to: 50000000
Total Output dimension 24720 is fine.
JOB_EXIT_STATUS = 0
>>> info for dashboard:
***** Cat /scratch/condor/dir_8841/glide_oAExGq/execute/dir_13064/jobreport.txt *****
MonitorJobID=74_https://submit-6.t2.ucsd.edu//150202//509447.73
MonitorID=dcieri_PU140_4dm08r
ExeTime=11777
ExeExitCode=0
StageOutExitStatusReason = 'Copy succedeed with srm-lcg utils'
StageOutSE = heplnx204.pp.rl.ac.uk
StageOutExitStatus = 0
CrabUserCpuTime=904.05
CrabSysCpuTime=39.23
CrabCpuPercentage=8%
CrabWrapperTime=11838
CrabStageoutTime=49
JobExitCode=0
***** End Cat jobreport *****
Parameters sent to Dashboard.
EXITING at Mon Feb  2 22:53:55 GMT 2015  -  Mon Feb  2 22:53:55 UTC 2015
