This script was generated by crab (version 2.11.1_patch1).
Running /scratch/condor/dir_28635/glide_LlXxe8/execute/dir_24008/condor_exec.exe with 2 positional parameters: 91 1
Today is Mon Feb  2 19:46:10 GMT 2015 - Mon Feb  2 19:46:10 UTC 2015
Job submitted on host heplnc052.pp.rl.ac.uk
Linux heplnc052.pp.rl.ac.uk 2.6.32-504.3.3.el6.x86_64 #1 SMP Tue Dec 16 14:29:22 CST 2014 x86_64 x86_64 x86_64 GNU/Linux
Distributor ID:	Scientific
Description:	Scientific Linux release 6.6 (Carbon)
>>> current directory (RUNTIME_AREA): /scratch/condor/dir_28635/glide_LlXxe8/execute/dir_24008
>>> current user: uid=157415(cms415) gid=157000(gplcms) groups=157000(gplcms)
>>> directory permission set to 0700
>>> umask set to:  u=rwx,g=,o=
>>> stdout stderr permission set to 0704
>>> voms proxy information:
subject   : /DC=ch/DC=cern/OU=Organic Units/OU=Users/CN=dcieri/CN=755391/CN=Davide Cieri/CN=769881070/CN=597621142
issuer    : /DC=ch/DC=cern/OU=Organic Units/OU=Users/CN=dcieri/CN=755391/CN=Davide Cieri/CN=769881070
identity  : /DC=ch/DC=cern/OU=Organic Units/OU=Users/CN=dcieri/CN=755391/CN=Davide Cieri
type      : RFC3820 compliant limited proxy
strength  : 1024
path      : /scratch/condor/dir_28635/glide_LlXxe8/execute/dir_24008/x509up_u62281
timeleft  : 23:58:32
key usage : Digital Signature, Key Encipherment
=== VO cms extension information ===
VO        : cms
subject   : /DC=ch/DC=cern/OU=Organic Units/OU=Users/CN=dcieri/CN=755391/CN=Davide Cieri
issuer    : /DC=ch/DC=cern/OU=computers/CN=lcg-voms2.cern.ch
attribute : /cms/Role=NULL/Capability=NULL
timeleft  : 184:30:15
uri       : lcg-voms2.cern.ch:15002

WNHostName=heplnc052.pp.rl.ac.uk
$_CONDOR_JOB_AD =/scratch/condor/dir_28635/glide_LlXxe8/execute/dir_24008/.job.ad
OverflowFlag=0
>>> tar --no-same-permissions -xf /scratch/condor/dir_28635/glide_LlXxe8/execute/dir_24008/default.tgz :
Successful untar
>>> Include /scratch/condor/dir_28635/glide_LlXxe8/execute/dir_24008 in PYTHONPATH:
strip arguments
env var CRAB_UNIQUE_JOB_ID set to: dcieri_PU140_4dm08r_91_1_hlq
out_files_91
>>> list of expected files on output sandbox
output files: crab_fjr_91.xml CMSSW_91.stdout CMSSW_91.stderr Watchdog_91.log.gz
>>> GridFlavour discovery: 
GridFlavour=LCG
>>> SyncSite discovery: 
SyncSite=T2_UK_SGrid_RALPP
>>> SyncCE discovery: 
getting SyncCE from GLIDEIN_Gaekeeper
SyncCE=heplnv147.pp.rl.ac.uk
>>> info for dashboard:
***** Cat /scratch/condor/dir_28635/glide_LlXxe8/execute/dir_24008/jobreport.txt *****
WNHostName=heplnc052.pp.rl.ac.uk
OverflowFlag=0
MonitorJobID=91_https://submit-6.t2.ucsd.edu//150202//509447.90
SyncGridJobId=https://submit-6.t2.ucsd.edu//150202//509447.90
MonitorID=dcieri_PU140_4dm08r
GridFlavour=LCG
SyncSite=T2_UK_SGrid_RALPP
SyncCE=heplnv147.pp.rl.ac.uk
***** End Cat jobreport *****
Parameters sent to Dashboard.
>>> setup environment
set SCRAM ARCH to slc6_amd64_gcc472
SCRAM_ARCH = slc6_amd64_gcc472
>>> setup CMS LCG environment:
set SCRAM ARCH and BUILD_ARCH to slc6_amd64_gcc472 ###
Sourcing environment... 
sourcing /cvmfs/cms.cern.ch/cmsset_default.sh
==> setup cms environment ok
>>> specific cmssw setup environment:
CMSSW_VERSION =  CMSSW_6_2_0_SLHC12
WARNING: In non-interactive mode release checks e.g. deprecated releases, production architectures are disabled.
>>> current directory (SOFTWARE_DIR): /scratch/condor/dir_28635/glide_LlXxe8/execute/dir_24008/CMSSW_6_2_0_SLHC12
PreserveSeeds: <>
IncrementSeeds:<>
>>> info for dashboard:
***** Cat /scratch/condor/dir_28635/glide_LlXxe8/execute/dir_24008/jobreport.txt *****
MonitorJobID=91_https://submit-6.t2.ucsd.edu//150202//509447.90
MonitorID=dcieri_PU140_4dm08r
***** End Cat jobreport *****
Parameters sent to Dashboard.
crabWatchdog started as process 26282
>>> moving CMSSW software directories in /scratch/condor/dir_28635/glide_LlXxe8/execute/dir_24008/CMSSW_6_2_0_SLHC12
mv: cannot stat `/scratch/condor/dir_28635/glide_LlXxe8/execute/dir_24008/module/': No such file or directory
>>> Include /scratch/condor/dir_28635/glide_LlXxe8/execute/dir_24008 in PYTHONPATH:
PYTHONPATH=/scratch/condor/dir_28635/glide_LlXxe8/execute/dir_24008/:/scratch/condor/dir_28635/glide_LlXxe8/execute/dir_24008/CMSSW_6_2_0_SLHC12/python:/scratch/condor/dir_28635/glide_LlXxe8/execute/dir_24008/CMSSW_6_2_0_SLHC12/lib/slc6_amd64_gcc472:/cvmfs/cms.cern.ch/slc6_amd64_gcc472/cms/cmssw/CMSSW_6_2_0_SLHC12/python:/cvmfs/cms.cern.ch/slc6_amd64_gcc472/cms/cmssw/CMSSW_6_2_0_SLHC12/lib/slc6_amd64_gcc472:/cvmfs/cms.cern.ch/slc6_amd64_gcc472/cms/coral/CORAL_2_3_21-cms35/slc6_amd64_gcc472/python:/cvmfs/cms.cern.ch/slc6_amd64_gcc472/cms/coral/CORAL_2_3_21-cms35/slc6_amd64_gcc472/lib:/cvmfs/cms.cern.ch/slc6_amd64_gcc472/external/python-ldap/2.3.5-cms5/lib/python2.7/site-packages:/cvmfs/cms.cern.ch/slc6_amd64_gcc472/external/pyqt/4.8.1-cms5/lib/python2.7/site-packages:/cvmfs/cms.cern.ch/slc6_amd64_gcc472/external/py2-scipy/0.8.0-cms7/lib/python2.7/site-packages:/cvmfs/cms.cern.ch/slc6_amd64_gcc472/external/py2-matplotlib/1.0.1-cms7/lib/python2.7/site-packages:/cvmfs/cms.cern.ch/slc6_amd64_gcc472/external/sip/4.11.2-cms5/lib/python2.7/site-packages:/cvmfs/cms.cern.ch/slc6_amd64_gcc472/external/py2-pycurl/7.19.0-cms7/lib/python2.7/site-packages:/cvmfs/cms.cern.ch/slc6_amd64_gcc472/external/py2-numpy/1.6.1-cms7/lib/python2.7/site-packages:/cvmfs/cms.cern.ch/slc6_amd64_gcc472/external/py2-lint/0.25.1-cms5/lib/python2.7/site-packages:/cvmfs/cms.cern.ch/slc6_amd64_gcc472/external/py2-ipython/0.10-cms5/lib/python2.7/site-packages:/cvmfs/cms.cern.ch/slc6_amd64_gcc472/external/py2-cx-oracle/5.1-cms5/lib/python2.7/site-packages:/cvmfs/cms.cern.ch/slc6_amd64_gcc472/external/py2-cjson/1.0.5-cms5/lib/python2.7/site-packages:/cvmfs/cms.cern.ch/slc6_amd64_gcc472/cms/das-client/1.11.7/bin:/cvmfs/cms.cern.ch/slc6_amd64_gcc472/external/elementtree/1.2.6-cms5/share/lib/python2.7/site-packages:/cvmfs/cms.cern.ch/slc6_amd64_gcc472/external/rivet/1.8.2-cms9/lib/python2.7/site-packages:/cvmfs/cms.cern.ch/slc6_amd64_gcc472/external/pyminuit2/0.0.1-cms19/lib/python2.7/site-packages:/cvmfs/cms.cern.ch/slc6_amd64_gcc472/external/py2-pygithub/1.23.0-cms2/lib/python2.7/site-packages:/cvmfs/cms.cern.ch/slc6_amd64_gcc472/external/professor/1.0.0-cms19/lib/python2.7/site-packages:/cvmfs/cms.cern.ch/slc6_amd64_gcc472/lcg/root/5.34.07-cms/lib:/cvmfs/cms.cern.ch/slc6_amd64_gcc472/cms/dbs-client/DBS_2_1_9-cms5/lib:/cvmfs/cms.cern.ch/slc6_amd64_gcc472/cms/dbs-client/DBS_2_1_9-cms5/lib/DBSAPI:/cvmfs/cms.cern.ch/slc6_amd64_gcc472/external/cvs2git/5419-cms/lib:/scratch/condor/dir_28635/glide_LlXxe8/execute/dir_24008/
 
# LIMITS USED BY CRAB WATCHDOG:
# RSS  (KBytes)   : 2300000
# VSZ  (KBytes)   : 100000000
# DISK (MBytes)   : 19000
# CPU TIME        : 720h:0m:0s
# WALL CLOCK TIME : 21h:50m:0s
 
3c0380cf82de79bc39966c93934c61fc
PSETHASH = 3c0380cf82de79bc39966c93934c61fc
/scratch/condor/dir_28635/glide_LlXxe8/execute/dir_24008/writeCfg.py pset.py pset.py
Importing .py file
Setting parameters
RandomNumberGeneratorService found, will attempt to change seeds
inputBlocks=/ttbar/dcieri-ttbar_SIM-130075366148575c102f0d64fd3ac8f7/USER#417d7dc2-08fd-4092-82c4-7ac02f79c2d9
inputFiles=/store/user/dcieri/ttbar_SIM/ttbar/ttbar_SIM/150129_145223/0000/step1_402.root
parentFiles=
lumisRange=
>>> Executable cmsRun
/cvmfs/cms.cern.ch/slc6_amd64_gcc472/cms/cmssw/CMSSW_6_2_0_SLHC12/bin/slc6_amd64_gcc472/cmsRun
ok executable found
>>> info for dashboard:
***** Cat /scratch/condor/dir_28635/glide_LlXxe8/execute/dir_24008/jobreport.txt *****
MonitorJobID=91_https://submit-6.t2.ucsd.edu//150202//509447.90
MonitorID=dcieri_PU140_4dm08r
ExeStart=cmsRun
***** End Cat jobreport *****
Parameters sent to Dashboard.
>>> cmsRun started at Mon Feb  2 19:46:17 UTC 2015
>>> cmsRun ended at Mon Feb  2 23:00:46 UTC 2015
>>> crab_fjr_*.xml  permission set to 0704
>>> info for dashboard:
***** Cat /scratch/condor/dir_28635/glide_LlXxe8/execute/dir_24008/jobreport.txt *****
MonitorJobID=91_https://submit-6.t2.ucsd.edu//150202//509447.90
MonitorID=dcieri_PU140_4dm08r
ExeEnd=cmsRun
***** End Cat jobreport *****
Parameters sent to Dashboard.
TIME_EXE = 11669 sec
>>> cmsRun wrote 231 lines of stdout+stderr
>>> START OF printout of 231 lines from stdout+stderr
271 DQMStore::DQMStore 
HcalTopologyIdealEP::HcalTopologyIdealEP
02-Feb-2015 19:46:27 GMT  Initiating request to open file root://dcap.pp.rl.ac.uk:1094/pnfs/pp.rl.ac.uk/data/cms/store/user/dcieri/ttbar_SIM/ttbar/ttbar_SIM/150129_145223/0000/step1_402.root
02-Feb-2015 19:46:29 GMT  Successfully opened file root://dcap.pp.rl.ac.uk:1094/pnfs/pp.rl.ac.uk/data/cms/store/user/dcieri/ttbar_SIM/ttbar/ttbar_SIM/150129_145223/0000/step1_402.root
02-Feb-2015 19:46:30 GMT  Initiating request to open file root://xrootd.unl.edu//store/group/dpg_trigger/comm_trigger/L1TrackTrigger/620_SLHC10/Extended2023TTI/MinBias/MinBias_TuneZ2star_GEN_SIM_1.root
02-Feb-2015 19:47:02 GMT  Successfully opened file root://xrootd.unl.edu//store/group/dpg_trigger/comm_trigger/L1TrackTrigger/620_SLHC10/Extended2023TTI/MinBias/MinBias_TuneZ2star_GEN_SIM_1.root
disableME1a = 0
HcalTopologyIdealEP::produce(const IdealGeometryRecord& iRecord)
mode = 2, maxDepthHB = 3, maxDepthHE = 5
RPCGeometryESModule :: produce
RPCGeometryESModule :: produce :: 1/4 Get Muon Ideal Geometry Record
RPCGeometryESModule :: produce :: 2/4 Get Muon DDD Constants
RPCGeometryESModule :: produce :: 3/4 Get Muon Numbering Record
in MuonNumberingInitialization::initializeMuonDDDConstants
about to make my new muonDDDConst_
in MuonNumberingInitialization::produce
RPCGeometryESModule :: produce :: 4/4 Build
Found:

	Barrel Stack layer 5 : 1008 stacks
	Barrel Stack layer 6 : 1320 stacks
	Barrel Stack layer 7 : 1836 stacks
	Barrel Stack layer 8 : 1152 stacks
	Barrel Stack layer 9 : 1488 stacks
	Barrel Stack layer 10 : 1824 stacks

	Endcap Stack disk 11 : 1360 stacks
	Endcap Stack disk 12 : 1360 stacks
	Endcap Stack disk 13 : 1360 stacks
	Endcap Stack disk 14 : 1360 stacks
	Endcap Stack disk 15 : 1360 stacks
Created 15428 stacks in 17 s

TTClusterBuilder< edm::Ref<edm::DetSetVector<PixelDigi>, PixelDigi, edm::refhelper::FindForDetSetVector<PixelDigi> > > loaded modules:
	TTClusterAlgorithm:	TTClusterAlgorithm_2d2013< edm::Ref<edm::DetSetVector<PixelDigi>, PixelDigi, edm::refhelper::FindForDetSetVector<PixelDigi> > >


TTStubBuilder< edm::Ref<edm::DetSetVector<PixelDigi>, PixelDigi, edm::refhelper::FindForDetSetVector<PixelDigi> > > loaded modules:
	TTStubAlgorithm:	TTStubAlgorithm_tab2013< edm::Ref<edm::DetSetVector<PixelDigi>, PixelDigi, edm::refhelper::FindForDetSetVector<PixelDigi> > >


TTClusterAssociator< edm::Ref<edm::DetSetVector<PixelDigi>, PixelDigi, edm::refhelper::FindForDetSetVector<PixelDigi> > > loaded.


TTStubAssociator< edm::Ref<edm::DetSetVector<PixelDigi>, PixelDigi, edm::refhelper::FindForDetSetVector<PixelDigi> > > loaded.


TTTrackAssociator< edm::Ref<edm::DetSetVector<PixelDigi>, PixelDigi, edm::refhelper::FindForDetSetVector<PixelDigi> > > loaded.

Begin processing the 1st record. Run 1, Event 4011, LumiSection 402 at 02-Feb-2015 19:47:37.619 GMT
02-Feb-2015 19:47:45 GMT  Closed file root://xrootd.unl.edu//store/group/dpg_trigger/comm_trigger/L1TrackTrigger/620_SLHC10/Extended2023TTI/MinBias/MinBias_TuneZ2star_GEN_SIM_1.root
02-Feb-2015 19:47:45 GMT  Initiating request to open file root://xrootd.unl.edu//store/group/dpg_trigger/comm_trigger/L1TrackTrigger/620_SLHC10/Extended2023TTI/MinBias/MinBias_TuneZ2star_GEN_SIM_702.root
02-Feb-2015 19:48:16 GMT  Successfully opened file root://xrootd.unl.edu//store/group/dpg_trigger/comm_trigger/L1TrackTrigger/620_SLHC10/Extended2023TTI/MinBias/MinBias_TuneZ2star_GEN_SIM_702.root
150202 19:52:58 27496 Xrd: XrdClientMessage::ReadRaw: Failed to read header (8 bytes).
150202 19:53:28 27494 Xrd: XrdClientMessage::ReadRaw: Failed to read header (8 bytes).
02-Feb-2015 19:59:28 GMT  Closed file root://xrootd.unl.edu//store/group/dpg_trigger/comm_trigger/L1TrackTrigger/620_SLHC10/Extended2023TTI/MinBias/MinBias_TuneZ2star_GEN_SIM_702.root
02-Feb-2015 19:59:28 GMT  Initiating request to open file root://xrootd.unl.edu//store/group/dpg_trigger/comm_trigger/L1TrackTrigger/620_SLHC10/Extended2023TTI/MinBias/MinBias_TuneZ2star_GEN_SIM_412.root
150202 19:59:58 14523 Xrd: CheckErrorStatus: Server [llrxrd-redir.in2p3.fr:1094] declared: session not found(error code: 3011)
02-Feb-2015 20:00:00 GMT  Successfully opened file root://xrootd.unl.edu//store/group/dpg_trigger/comm_trigger/L1TrackTrigger/620_SLHC10/Extended2023TTI/MinBias/MinBias_TuneZ2star_GEN_SIM_412.root
150202 20:04:58 29508 Xrd: XrdClientMessage::ReadRaw: Failed to read header (8 bytes).
150202 20:05:28 15454 Xrd: XrdClientMessage::ReadRaw: Failed to read header (8 bytes).
150202 20:06:58 26778 Xrd: XrdClientMessage::ReadRaw: Failed to read header (8 bytes).
02-Feb-2015 20:08:26 GMT  Closed file root://xrootd.unl.edu//store/group/dpg_trigger/comm_trigger/L1TrackTrigger/620_SLHC10/Extended2023TTI/MinBias/MinBias_TuneZ2star_GEN_SIM_412.root
02-Feb-2015 20:08:26 GMT  Initiating request to open file root://xrootd.unl.edu//store/group/dpg_trigger/comm_trigger/L1TrackTrigger/620_SLHC10/Extended2023TTI/MinBias/MinBias_TuneZ2star_GEN_SIM_779.root
150202 20:08:26 29507 Xrd: XrdClientMessage::ReadRaw: Failed to read header (8 bytes).
150202 20:11:06 29314 Xrd: CheckErrorStatus: Server [cms-xrd-global.cern.ch:1094] declared: session not found(error code: 3011)
150202 20:11:06 29314 Xrd: CheckErrorStatus: Server [xrootd.ba.infn.it:1094] declared: session not found(error code: 3011)
02-Feb-2015 20:11:07 GMT  Successfully opened file root://xrootd.unl.edu//store/group/dpg_trigger/comm_trigger/L1TrackTrigger/620_SLHC10/Extended2023TTI/MinBias/MinBias_TuneZ2star_GEN_SIM_779.root
150202 20:13:28 15570 Xrd: XrdClientMessage::ReadRaw: Failed to read header (8 bytes).
Building the geometry service
Warning did not find digi
Warning did not find digi
Warning did not find digi
Warning did not find digi
Warning did not find digi in disks
Warning did not find digi in disks
Warning did not find digi in disks
Warning did not find digi in disks
150202 20:16:28 1646 Xrd: XrdClientMessage::ReadRaw: Failed to read header (8 bytes).
150202 20:20:27 27493 Xrd: XrdClientMessage::ReadRaw: Failed to read header (8 bytes).
02-Feb-2015 20:20:40 GMT  Closed file root://xrootd.unl.edu//store/group/dpg_trigger/comm_trigger/L1TrackTrigger/620_SLHC10/Extended2023TTI/MinBias/MinBias_TuneZ2star_GEN_SIM_779.root
02-Feb-2015 20:20:40 GMT  Initiating request to open file root://xrootd.unl.edu//store/group/dpg_trigger/comm_trigger/L1TrackTrigger/620_SLHC10/Extended2023TTI/MinBias/MinBias_TuneZ2star_GEN_SIM_748.root
150202 20:20:41 16664 Xrd: CheckErrorStatus: Server [xrootd-redic.pi.infn.it:1094] declared: session not found(error code: 3011)
02-Feb-2015 20:20:41 GMT  Successfully opened file root://xrootd.unl.edu//store/group/dpg_trigger/comm_trigger/L1TrackTrigger/620_SLHC10/Extended2023TTI/MinBias/MinBias_TuneZ2star_GEN_SIM_748.root
150202 20:25:58 16666 Xrd: XrdClientMessage::ReadRaw: Failed to read header (8 bytes).
150202 20:25:58 1647 Xrd: XrdClientMessage::ReadRaw: Failed to read header (8 bytes).
02-Feb-2015 20:31:17 GMT  Closed file root://xrootd.unl.edu//store/group/dpg_trigger/comm_trigger/L1TrackTrigger/620_SLHC10/Extended2023TTI/MinBias/MinBias_TuneZ2star_GEN_SIM_748.root
02-Feb-2015 20:31:17 GMT  Initiating request to open file root://xrootd.unl.edu//store/group/dpg_trigger/comm_trigger/L1TrackTrigger/620_SLHC10/Extended2023TTI/MinBias/MinBias_TuneZ2star_GEN_SIM_480.root
150202 20:31:18 1645 Xrd: XrdClientMessage::ReadRaw: Failed to read header (8 bytes).
150202 20:31:51 903 Xrd: CheckErrorStatus: Server [xrootd-redic.pi.infn.it:1094] declared: session not found(error code: 3011)
02-Feb-2015 20:31:52 GMT  Successfully opened file root://xrootd.unl.edu//store/group/dpg_trigger/comm_trigger/L1TrackTrigger/620_SLHC10/Extended2023TTI/MinBias/MinBias_TuneZ2star_GEN_SIM_480.root
150202 20:36:28 16700 Xrd: XrdClientMessage::ReadRaw: Failed to read header (8 bytes).
150202 20:36:58 2087 Xrd: XrdClientMessage::ReadRaw: Failed to read header (8 bytes).
02-Feb-2015 20:51:27 GMT  Closed file root://xrootd.unl.edu//store/group/dpg_trigger/comm_trigger/L1TrackTrigger/620_SLHC10/Extended2023TTI/MinBias/MinBias_TuneZ2star_GEN_SIM_480.root
02-Feb-2015 20:51:27 GMT  Initiating request to open file root://xrootd.unl.edu//store/group/dpg_trigger/comm_trigger/L1TrackTrigger/620_SLHC10/Extended2023TTI/MinBias/MinBias_TuneZ2star_GEN_SIM_43.root
150202 20:51:58 27495 Xrd: XrdClientMessage::ReadRaw: Failed to read header (8 bytes).
150202 20:51:58 16665 Xrd: XrdClientMessage::ReadRaw: Failed to read header (8 bytes).
150202 20:51:58 5774 Xrd: CheckErrorStatus: Server [xrootd-redic.pi.infn.it:1094] declared: session not found(error code: 3011)
150202 20:51:58 5774 Xrd: CheckErrorStatus: Server [lxbrf39c03.cern.ch:1098] declared: session not found(error code: 3011)
02-Feb-2015 20:51:58 GMT  Successfully opened file root://xrootd.unl.edu//store/group/dpg_trigger/comm_trigger/L1TrackTrigger/620_SLHC10/Extended2023TTI/MinBias/MinBias_TuneZ2star_GEN_SIM_43.root
150202 20:56:56 27492 Xrd: XrdClientMessage::ReadRaw: Failed to read header (8 bytes).
150202 20:56:57 2088 Xrd: XrdClientMessage::ReadRaw: Failed to read header (8 bytes).
150202 20:57:28 6865 Xrd: XrdClientMessage::ReadRaw: Failed to read header (8 bytes).
02-Feb-2015 21:01:29 GMT  Closed file root://xrootd.unl.edu//store/group/dpg_trigger/comm_trigger/L1TrackTrigger/620_SLHC10/Extended2023TTI/MinBias/MinBias_TuneZ2star_GEN_SIM_43.root
02-Feb-2015 21:01:29 GMT  Initiating request to open file root://xrootd.unl.edu//store/group/dpg_trigger/comm_trigger/L1TrackTrigger/620_SLHC10/Extended2023TTI/MinBias/MinBias_TuneZ2star_GEN_SIM_398.root
150202 21:06:57 6867 Xrd: XrdClientMessage::ReadRaw: Failed to read header (8 bytes).
150202 21:10:39 21394 Xrd: CheckErrorStatus: Server [xrootd-redic.pi.infn.it:1094] declared: session not found(error code: 3011)
02-Feb-2015 21:10:39 GMT  Successfully opened file root://xrootd.unl.edu//store/group/dpg_trigger/comm_trigger/L1TrackTrigger/620_SLHC10/Extended2023TTI/MinBias/MinBias_TuneZ2star_GEN_SIM_398.root
150202 21:15:58 4217 Xrd: XrdClientMessage::ReadRaw: Failed to read header (8 bytes).
02-Feb-2015 21:19:42 GMT  Closed file root://xrootd.unl.edu//store/group/dpg_trigger/comm_trigger/L1TrackTrigger/620_SLHC10/Extended2023TTI/MinBias/MinBias_TuneZ2star_GEN_SIM_398.root
02-Feb-2015 21:19:42 GMT  Initiating request to open file root://xrootd.unl.edu//store/group/dpg_trigger/comm_trigger/L1TrackTrigger/620_SLHC10/Extended2023TTI/MinBias/MinBias_TuneZ2star_GEN_SIM_760.root
150202 21:20:12 18279 Xrd: CheckErrorStatus: Server [cms-xrd-global.cern.ch:1094] declared: session not found(error code: 3011)
150202 21:20:12 18279 Xrd: CheckErrorStatus: Server [xrootd.ba.infn.it:1094] declared: session not found(error code: 3011)
02-Feb-2015 21:20:13 GMT  Successfully opened file root://xrootd.unl.edu//store/group/dpg_trigger/comm_trigger/L1TrackTrigger/620_SLHC10/Extended2023TTI/MinBias/MinBias_TuneZ2star_GEN_SIM_760.root
150202 21:24:58 4221 Xrd: XrdClientMessage::ReadRaw: Failed to read header (8 bytes).
150202 21:25:28 19361 Xrd: XrdClientMessage::ReadRaw: Failed to read header (8 bytes).
02-Feb-2015 21:27:53 GMT  Closed file root://xrootd.unl.edu//store/group/dpg_trigger/comm_trigger/L1TrackTrigger/620_SLHC10/Extended2023TTI/MinBias/MinBias_TuneZ2star_GEN_SIM_760.root
02-Feb-2015 21:27:53 GMT  Initiating request to open file root://xrootd.unl.edu//store/group/dpg_trigger/comm_trigger/L1TrackTrigger/620_SLHC10/Extended2023TTI/MinBias/MinBias_TuneZ2star_GEN_SIM_47.root
150202 21:28:24 30762 Xrd: CheckErrorStatus: Server [xrootd-redic.pi.infn.it:1094] declared: session not found(error code: 3011)
02-Feb-2015 21:28:24 GMT  Successfully opened file root://xrootd.unl.edu//store/group/dpg_trigger/comm_trigger/L1TrackTrigger/620_SLHC10/Extended2023TTI/MinBias/MinBias_TuneZ2star_GEN_SIM_47.root
150202 21:33:28 31817 Xrd: XrdClientMessage::ReadRaw: Failed to read header (8 bytes).
02-Feb-2015 21:36:13 GMT  Closed file root://xrootd.unl.edu//store/group/dpg_trigger/comm_trigger/L1TrackTrigger/620_SLHC10/Extended2023TTI/MinBias/MinBias_TuneZ2star_GEN_SIM_47.root
02-Feb-2015 21:36:13 GMT  Initiating request to open file root://xrootd.unl.edu//store/group/dpg_trigger/comm_trigger/L1TrackTrigger/620_SLHC10/Extended2023TTI/MinBias/MinBias_TuneZ2star_GEN_SIM_725.root
150202 21:36:43 11806 Xrd: CheckErrorStatus: Server [xrootd.ba.infn.it:1094] declared: session not found(error code: 3011)
150202 21:36:43 11806 Xrd: CheckErrorStatus: Server [eoscms.cern.ch:1094] declared: session not found(error code: 3011)
02-Feb-2015 21:36:43 GMT  Successfully opened file root://xrootd.unl.edu//store/group/dpg_trigger/comm_trigger/L1TrackTrigger/620_SLHC10/Extended2023TTI/MinBias/MinBias_TuneZ2star_GEN_SIM_725.root
150202 21:41:28 19362 Xrd: XrdClientMessage::ReadRaw: Failed to read header (8 bytes).
150202 21:41:58 12287 Xrd: XrdClientMessage::ReadRaw: Failed to read header (8 bytes).
02-Feb-2015 21:44:13 GMT  Closed file root://xrootd.unl.edu//store/group/dpg_trigger/comm_trigger/L1TrackTrigger/620_SLHC10/Extended2023TTI/MinBias/MinBias_TuneZ2star_GEN_SIM_725.root
02-Feb-2015 21:44:13 GMT  Initiating request to open file root://xrootd.unl.edu//store/group/dpg_trigger/comm_trigger/L1TrackTrigger/620_SLHC10/Extended2023TTI/MinBias/MinBias_TuneZ2star_GEN_SIM_778.root
150202 21:44:44 24368 Xrd: CheckErrorStatus: Server [xrootd-redic.pi.infn.it:1094] declared: session not found(error code: 3011)
02-Feb-2015 21:44:45 GMT  Successfully opened file root://xrootd.unl.edu//store/group/dpg_trigger/comm_trigger/L1TrackTrigger/620_SLHC10/Extended2023TTI/MinBias/MinBias_TuneZ2star_GEN_SIM_778.root
150202 21:49:28 12288 Xrd: XrdClientMessage::ReadRaw: Failed to read header (8 bytes).
150202 21:49:58 24874 Xrd: XrdClientMessage::ReadRaw: Failed to read header (8 bytes).
02-Feb-2015 21:52:57 GMT  Closed file root://xrootd.unl.edu//store/group/dpg_trigger/comm_trigger/L1TrackTrigger/620_SLHC10/Extended2023TTI/MinBias/MinBias_TuneZ2star_GEN_SIM_778.root
02-Feb-2015 21:52:57 GMT  Initiating request to open file root://xrootd.unl.edu//store/group/dpg_trigger/comm_trigger/L1TrackTrigger/620_SLHC10/Extended2023TTI/MinBias/MinBias_TuneZ2star_GEN_SIM_890.root
150202 21:52:57 8921 Xrd: CheckErrorStatus: Server [xrootd-redic.pi.infn.it:1094] declared: session not found(error code: 3011)
02-Feb-2015 21:52:58 GMT  Successfully opened file root://xrootd.unl.edu//store/group/dpg_trigger/comm_trigger/L1TrackTrigger/620_SLHC10/Extended2023TTI/MinBias/MinBias_TuneZ2star_GEN_SIM_890.root
150202 21:56:58 19360 Xrd: XrdClientMessage::ReadRaw: Failed to read header (8 bytes).
150202 21:58:28 9008 Xrd: XrdClientMessage::ReadRaw: Failed to read header (8 bytes).
150202 21:58:28 24875 Xrd: XrdClientMessage::ReadRaw: Failed to read header (8 bytes).
02-Feb-2015 21:59:30 GMT  Closed file root://xrootd.unl.edu//store/group/dpg_trigger/comm_trigger/L1TrackTrigger/620_SLHC10/Extended2023TTI/MinBias/MinBias_TuneZ2star_GEN_SIM_890.root
02-Feb-2015 21:59:30 GMT  Initiating request to open file root://xrootd.unl.edu//store/group/dpg_trigger/comm_trigger/L1TrackTrigger/620_SLHC10/Extended2023TTI/MinBias/MinBias_TuneZ2star_GEN_SIM_687.root
150202 22:00:01 19695 Xrd: CheckErrorStatus: Server [xrootd-redic.pi.infn.it:1094] declared: session not found(error code: 3011)
02-Feb-2015 22:00:02 GMT  Successfully opened file root://xrootd.unl.edu//store/group/dpg_trigger/comm_trigger/L1TrackTrigger/620_SLHC10/Extended2023TTI/MinBias/MinBias_TuneZ2star_GEN_SIM_687.root
02-Feb-2015 22:04:52 GMT  Closed file root://xrootd.unl.edu//store/group/dpg_trigger/comm_trigger/L1TrackTrigger/620_SLHC10/Extended2023TTI/MinBias/MinBias_TuneZ2star_GEN_SIM_687.root
02-Feb-2015 22:04:52 GMT  Initiating request to open file root://xrootd.unl.edu//store/group/dpg_trigger/comm_trigger/L1TrackTrigger/620_SLHC10/Extended2023TTI/MinBias/MinBias_TuneZ2star_GEN_SIM_240.root
150202 22:04:52 9053 Xrd: XrdClientMessage::ReadRaw: Failed to read header (8 bytes).
150202 22:05:28 20295 Xrd: XrdClientMessage::ReadRaw: Failed to read header (8 bytes).
150202 22:05:52 26755 Xrd: CheckErrorStatus: Server [cms-xrd-global.cern.ch:1094] declared: session not found(error code: 3011)
150202 22:05:52 26755 Xrd: CheckErrorStatus: Server [llrxrd-redir.in2p3.fr:1094] declared: session not found(error code: 3011)
02-Feb-2015 22:05:52 GMT  Successfully opened file root://xrootd.unl.edu//store/group/dpg_trigger/comm_trigger/L1TrackTrigger/620_SLHC10/Extended2023TTI/MinBias/MinBias_TuneZ2star_GEN_SIM_240.root
02-Feb-2015 22:09:19 GMT  Closed file root://xrootd.unl.edu//store/group/dpg_trigger/comm_trigger/L1TrackTrigger/620_SLHC10/Extended2023TTI/MinBias/MinBias_TuneZ2star_GEN_SIM_240.root
02-Feb-2015 22:09:19 GMT  Initiating request to open file root://xrootd.unl.edu//store/group/dpg_trigger/comm_trigger/L1TrackTrigger/620_SLHC10/Extended2023TTI/MinBias/MinBias_TuneZ2star_GEN_SIM_562.root
150202 22:09:58 20296 Xrd: XrdClientMessage::ReadRaw: Failed to read header (8 bytes).
150202 22:10:58 28066 Xrd: XrdClientMessage::ReadRaw: Failed to read header (8 bytes).
150202 22:11:06 31661 Xrd: CheckErrorStatus: Server [cms-xrd-global.cern.ch:1094] declared: session not found(error code: 3011)
150202 22:11:06 31661 Xrd: CheckErrorStatus: Server [xrootd.ba.infn.it:1094] declared: session not found(error code: 3011)
02-Feb-2015 22:11:07 GMT  Successfully opened file root://xrootd.unl.edu//store/group/dpg_trigger/comm_trigger/L1TrackTrigger/620_SLHC10/Extended2023TTI/MinBias/MinBias_TuneZ2star_GEN_SIM_562.root
150202 22:14:28 28070 Xrd: XrdClientMessage::ReadRaw: Failed to read header (8 bytes).
02-Feb-2015 22:16:12 GMT  Closed file root://xrootd.unl.edu//store/group/dpg_trigger/comm_trigger/L1TrackTrigger/620_SLHC10/Extended2023TTI/MinBias/MinBias_TuneZ2star_GEN_SIM_562.root
02-Feb-2015 22:16:12 GMT  Initiating request to open file root://xrootd.unl.edu//store/group/dpg_trigger/comm_trigger/L1TrackTrigger/620_SLHC10/Extended2023TTI/MinBias/MinBias_TuneZ2star_GEN_SIM_717.root
150202 22:16:13 493 Xrd: XrdClientMessage::ReadRaw: Failed to read header (8 bytes).
150202 22:20:28 6864 Xrd: XrdClientMessage::ReadRaw: Failed to read header (8 bytes).
150202 22:21:28 494 Xrd: XrdClientMessage::ReadRaw: Failed to read header (8 bytes).
150202 22:24:22 3907 Xrd: CheckErrorStatus: Server [cms-xrd-global.cern.ch:1094] declared: session not found(error code: 3011)
150202 22:24:22 3907 Xrd: CheckErrorStatus: Server [xrootd-redic.pi.infn.it:1094] declared: session not found(error code: 3011)
02-Feb-2015 22:24:22 GMT  Successfully opened file root://xrootd.unl.edu//store/group/dpg_trigger/comm_trigger/L1TrackTrigger/620_SLHC10/Extended2023TTI/MinBias/MinBias_TuneZ2star_GEN_SIM_717.root
150202 22:25:58 28062 Xrd: XrdClientMessage::ReadRaw: Failed to read header (8 bytes).
150202 22:29:28 8628 Xrd: XrdClientMessage::ReadRaw: Failed to read header (8 bytes).
02-Feb-2015 22:29:45 GMT  Closed file root://xrootd.unl.edu//store/group/dpg_trigger/comm_trigger/L1TrackTrigger/620_SLHC10/Extended2023TTI/MinBias/MinBias_TuneZ2star_GEN_SIM_717.root
02-Feb-2015 22:29:45 GMT  Initiating request to open file root://xrootd.unl.edu//store/group/dpg_trigger/comm_trigger/L1TrackTrigger/620_SLHC10/Extended2023TTI/MinBias/MinBias_TuneZ2star_GEN_SIM_352.root
150202 22:30:16 11566 Xrd: CheckErrorStatus: Server [xrootd-redic.pi.infn.it:1094] declared: session not found(error code: 3011)
02-Feb-2015 22:30:16 GMT  Successfully opened file root://xrootd.unl.edu//store/group/dpg_trigger/comm_trigger/L1TrackTrigger/620_SLHC10/Extended2023TTI/MinBias/MinBias_TuneZ2star_GEN_SIM_352.root
150202 22:31:28 492 Xrd: XrdClientMessage::ReadRaw: Failed to read header (8 bytes).
150202 22:34:58 8629 Xrd: XrdClientMessage::ReadRaw: Failed to read header (8 bytes).
150202 22:35:28 11835 Xrd: XrdClientMessage::ReadRaw: Failed to read header (8 bytes).
02-Feb-2015 22:37:33 GMT  Closed file root://xrootd.unl.edu//store/group/dpg_trigger/comm_trigger/L1TrackTrigger/620_SLHC10/Extended2023TTI/MinBias/MinBias_TuneZ2star_GEN_SIM_352.root
02-Feb-2015 22:37:33 GMT  Initiating request to open file root://xrootd.unl.edu//store/group/dpg_trigger/comm_trigger/L1TrackTrigger/620_SLHC10/Extended2023TTI/MinBias/MinBias_TuneZ2star_GEN_SIM_356.root
150202 22:38:04 14742 Xrd: CheckErrorStatus: Server [cms-xrd-global.cern.ch:1094] declared: session not found(error code: 3011)
150202 22:38:05 14742 Xrd: CheckErrorStatus: Server [xrootd.ba.infn.it:1094] declared: session not found(error code: 3011)
02-Feb-2015 22:38:05 GMT  Successfully opened file root://xrootd.unl.edu//store/group/dpg_trigger/comm_trigger/L1TrackTrigger/620_SLHC10/Extended2023TTI/MinBias/MinBias_TuneZ2star_GEN_SIM_356.root
02-Feb-2015 22:42:43 GMT  Closed file root://xrootd.unl.edu//store/group/dpg_trigger/comm_trigger/L1TrackTrigger/620_SLHC10/Extended2023TTI/MinBias/MinBias_TuneZ2star_GEN_SIM_356.root
02-Feb-2015 22:42:43 GMT  Initiating request to open file root://xrootd.unl.edu//store/group/dpg_trigger/comm_trigger/L1TrackTrigger/620_SLHC10/Extended2023TTI/MinBias/MinBias_TuneZ2star_GEN_SIM_126.root
150202 22:42:43 11836 Xrd: XrdClientMessage::ReadRaw: Failed to read header (8 bytes).
02-Feb-2015 22:43:14 GMT  Successfully opened file root://xrootd.unl.edu//store/group/dpg_trigger/comm_trigger/L1TrackTrigger/620_SLHC10/Extended2023TTI/MinBias/MinBias_TuneZ2star_GEN_SIM_126.root
02-Feb-2015 22:46:22 GMT  Closed file root://xrootd.unl.edu//store/group/dpg_trigger/comm_trigger/L1TrackTrigger/620_SLHC10/Extended2023TTI/MinBias/MinBias_TuneZ2star_GEN_SIM_126.root
02-Feb-2015 22:46:22 GMT  Initiating request to open file root://xrootd.unl.edu//store/group/dpg_trigger/comm_trigger/L1TrackTrigger/620_SLHC10/Extended2023TTI/MinBias/MinBias_TuneZ2star_GEN_SIM_400.root
150202 22:46:53 14979 Xrd: XrdClientMessage::ReadRaw: Failed to read header (8 bytes).
02-Feb-2015 22:46:53 GMT  Successfully opened file root://xrootd.unl.edu//store/group/dpg_trigger/comm_trigger/L1TrackTrigger/620_SLHC10/Extended2023TTI/MinBias/MinBias_TuneZ2star_GEN_SIM_400.root
150202 22:47:58 14980 Xrd: XrdClientMessage::ReadRaw: Failed to read header (8 bytes).
02-Feb-2015 22:50:19 GMT  Closed file root://xrootd.unl.edu//store/group/dpg_trigger/comm_trigger/L1TrackTrigger/620_SLHC10/Extended2023TTI/MinBias/MinBias_TuneZ2star_GEN_SIM_400.root
02-Feb-2015 22:50:19 GMT  Initiating request to open file root://xrootd.unl.edu//store/group/dpg_trigger/comm_trigger/L1TrackTrigger/620_SLHC10/Extended2023TTI/MinBias/MinBias_TuneZ2star_GEN_SIM_99.root
02-Feb-2015 22:50:50 GMT  Successfully opened file root://xrootd.unl.edu//store/group/dpg_trigger/comm_trigger/L1TrackTrigger/620_SLHC10/Extended2023TTI/MinBias/MinBias_TuneZ2star_GEN_SIM_99.root
150202 22:51:28 17101 Xrd: XrdClientMessage::ReadRaw: Failed to read header (8 bytes).
02-Feb-2015 22:54:43 GMT  Closed file root://xrootd.unl.edu//store/group/dpg_trigger/comm_trigger/L1TrackTrigger/620_SLHC10/Extended2023TTI/MinBias/MinBias_TuneZ2star_GEN_SIM_99.root
02-Feb-2015 22:54:43 GMT  Initiating request to open file root://xrootd.unl.edu//store/group/dpg_trigger/comm_trigger/L1TrackTrigger/620_SLHC10/Extended2023TTI/MinBias/MinBias_TuneZ2star_GEN_SIM_840.root
150202 22:55:13 21572 Xrd: CheckErrorStatus: Server [cms-xrd-global.cern.ch:1094] declared: session not found(error code: 3011)
150202 22:55:13 21572 Xrd: CheckErrorStatus: Server [eoscms.cern.ch:1094] declared: session not found(error code: 3011)
02-Feb-2015 22:55:13 GMT  Successfully opened file root://xrootd.unl.edu//store/group/dpg_trigger/comm_trigger/L1TrackTrigger/620_SLHC10/Extended2023TTI/MinBias/MinBias_TuneZ2star_GEN_SIM_840.root
150202 22:55:28 18331 Xrd: XrdClientMessage::ReadRaw: Failed to read header (8 bytes).
02-Feb-2015 22:58:50 GMT  Closed file root://xrootd.unl.edu//store/group/dpg_trigger/comm_trigger/L1TrackTrigger/620_SLHC10/Extended2023TTI/MinBias/MinBias_TuneZ2star_GEN_SIM_840.root
02-Feb-2015 22:58:50 GMT  Initiating request to open file root://xrootd.unl.edu//store/group/dpg_trigger/comm_trigger/L1TrackTrigger/620_SLHC10/Extended2023TTI/MinBias/MinBias_TuneZ2star_GEN_SIM_256.root
02-Feb-2015 22:59:21 GMT  Successfully opened file root://xrootd.unl.edu//store/group/dpg_trigger/comm_trigger/L1TrackTrigger/620_SLHC10/Extended2023TTI/MinBias/MinBias_TuneZ2star_GEN_SIM_256.root
150202 22:59:58 20053 Xrd: XrdClientMessage::ReadRaw: Failed to read header (8 bytes).
02-Feb-2015 23:00:44 GMT  Closed file root://dcap.pp.rl.ac.uk:1094/pnfs/pp.rl.ac.uk/data/cms/store/user/dcieri/ttbar_SIM/ttbar/ttbar_SIM/150129_145223/0000/step1_402.root
02-Feb-2015 23:00:45 GMT  Closed file root://xrootd.unl.edu//store/group/dpg_trigger/comm_trigger/L1TrackTrigger/620_SLHC10/Extended2023TTI/MinBias/MinBias_TuneZ2star_GEN_SIM_256.root

=============================================

MessageLogger Summary

 type     category        sev    module        subroutine        count    total
 ---- -------------------- -- ---------------- ----------------  -----    -----
    1 fileAction           -s MixingModule:mix                      69       69
    2 fileAction           -s MixingModule:mix                       2        2
    3 fileAction           -s MixingModule:mix                       1        1
    4 fileAction           -s file_close                             1        1
    5 fileAction           -s file_open                              2        2

 type    category    Examples: run/evt        run/evt          run/evt
 ---- -------------------- ---------------- ---------------- ----------------
    1 fileAction           1/4011           1/4011           1/4020
    2 fileAction           pre-events       pre-events       
    3 fileAction           PostEndRun                        
    4 fileAction           PostEndRun                        
    5 fileAction           pre-events       pre-events       

Severity    # Occurrences   Total Occurrences
--------    -------------   -----------------
System                 75                  75
>>> END OF printout of 231 lines from stdout+stderr
>>> Parse FrameworkJobReport crab_fjr.xml
Result of parsing the FrameworkJobReport crab_fjr.xml: 
Extracted ExitStatus from FrameworkJobReport parsing output: 0
>>> Executable succeded  0
ExeExitCode=0
EXECUTABLE_EXIT_STATUS = 0
>>> current directory /scratch/condor/dir_28635/glide_LlXxe8/execute/dir_24008/CMSSW_6_2_0_SLHC12
>>>  (SOFTWARE_DIR): /scratch/condor/dir_28635/glide_LlXxe8/execute/dir_24008/CMSSW_6_2_0_SLHC12
>>> (WORKING_DIR): 
>>> current directory content:
total 244408
drwxr-xr-x 3 cms415 gplcms      4096 Feb  2 19:46 .SCRAM
-rw------- 1 cms415 gplcms    915837 Feb  2 19:46 CMSSW.py.pkl
drwxr-xr-x 3 cms415 gplcms      4096 Feb  2 19:46 bin
drwxr-xr-x 3 cms415 gplcms      4096 Feb  2 19:46 cfipython
drwxr-xr-x 4 cms415 gplcms      4096 Apr 28  2014 config
-rw------- 1 cms415 gplcms        16 Feb  2 23:00 cpu_timing.txt
drwxr-xr-x 2 cms415 gplcms      4096 Feb  2 19:46 doc
-rw------- 1 cms415 gplcms     25903 Feb  2 23:00 executable.out
drwxr-xr-x 2 cms415 gplcms      4096 Feb  2 19:46 include
drwx------ 3 cms415 gplcms      4096 Oct  7 10:12 lib
drwxr-xr-x 3 cms415 gplcms      4096 Feb  2 19:46 logs
drwxr-xr-x 3 cms415 gplcms      4096 Feb  2 19:46 objs
-rw------- 1 cms415 gplcms       104 Feb  2 19:46 pset.py
-rw------- 1 cms415 gplcms    926825 Feb  2 19:46 pset.py.pkl
-rw------- 1 cms415 gplcms       289 Feb  2 19:46 pset.pyc
drwxr-xr-x 2 cms415 gplcms      4096 Feb  2 19:46 python
-rw------- 1 cms415 gplcms       353 Feb  2 23:00 report.log
drwxr-xr-x 2 cms415 gplcms      4096 Feb  2 19:46 src
-rw------- 1 cms415 gplcms 248066507 Feb  2 23:00 step2.root
drwxr-xr-x 3 cms415 gplcms      4096 Feb  2 19:46 test
drwxr-xr-x 3 cms415 gplcms      4096 Feb  2 19:46 tmp
>>> current directory /scratch/condor/dir_28635/glide_LlXxe8/execute/dir_24008/CMSSW_6_2_0_SLHC12
>>> (SOFTWARE_DIR): /scratch/condor/dir_28635/glide_LlXxe8/execute/dir_24008/CMSSW_6_2_0_SLHC12
>>> (WORKING_DIR): 
>>> current directory content:
total 244408
drwxr-xr-x 3 cms415 gplcms      4096 Feb  2 19:46 .SCRAM
-rw------- 1 cms415 gplcms    915837 Feb  2 19:46 CMSSW.py.pkl
drwxr-xr-x 3 cms415 gplcms      4096 Feb  2 19:46 bin
drwxr-xr-x 3 cms415 gplcms      4096 Feb  2 19:46 cfipython
drwxr-xr-x 4 cms415 gplcms      4096 Apr 28  2014 config
-rw------- 1 cms415 gplcms        16 Feb  2 23:00 cpu_timing.txt
drwxr-xr-x 2 cms415 gplcms      4096 Feb  2 19:46 doc
-rw------- 1 cms415 gplcms     25903 Feb  2 23:00 executable.out
drwxr-xr-x 2 cms415 gplcms      4096 Feb  2 19:46 include
drwx------ 3 cms415 gplcms      4096 Oct  7 10:12 lib
drwxr-xr-x 3 cms415 gplcms      4096 Feb  2 19:46 logs
drwxr-xr-x 3 cms415 gplcms      4096 Feb  2 19:46 objs
-rw------- 1 cms415 gplcms       104 Feb  2 19:46 pset.py
-rw------- 1 cms415 gplcms    926825 Feb  2 19:46 pset.py.pkl
-rw------- 1 cms415 gplcms       289 Feb  2 19:46 pset.pyc
drwxr-xr-x 2 cms415 gplcms      4096 Feb  2 19:46 python
-rw------- 1 cms415 gplcms       353 Feb  2 23:00 report.log
drwxr-xr-x 2 cms415 gplcms      4096 Feb  2 19:46 src
-rw------- 1 cms415 gplcms 248066507 Feb  2 23:00 step2_91_1_hlq.root
drwxr-xr-x 3 cms415 gplcms      4096 Feb  2 19:46 test
drwxr-xr-x 3 cms415 gplcms      4096 Feb  2 19:46 tmp
>>> current directory (RUNTIME_AREA):  /scratch/condor/dir_28635/glide_LlXxe8/execute/dir_24008
PNN = T2_UK_SGrid_RALPP
SE = heplnx204.pp.rl.ac.uk
SE_PATH = /srm/managerv2?SFN=/pnfs/pp.rl.ac.uk/data/cms/store/user/dcieri/ttbar_PU140_DIGI/dcieri/ttbar/ttbar_PU140_DIGI/3c0380cf82de79bc39966c93934c61fc/
LFNBaseName = /store/user/dcieri/ttbar_PU140_DIGI/dcieri/ttbar/ttbar_PU140_DIGI/3c0380cf82de79bc39966c93934c61fc/
USER = dcieri
endpoint = srm://heplnx204.pp.rl.ac.uk:8443/srm/managerv2?SFN=/pnfs/pp.rl.ac.uk/data/cms/store/user/dcieri/ttbar_PU140_DIGI/dcieri/ttbar/ttbar_PU140_DIGI/3c0380cf82de79bc39966c93934c61fc/
>>> Copy output files from WN = heplnc052.pp.rl.ac.uk to /srm/managerv2?SFN=/pnfs/pp.rl.ac.uk/data/cms/store/user/dcieri/ttbar_PU140_DIGI/dcieri/ttbar/ttbar_PU140_DIGI/3c0380cf82de79bc39966c93934c61fc/ :
python cmscp.py  --destination srm://heplnx204.pp.rl.ac.uk:8443/srm/managerv2?SFN=/pnfs/pp.rl.ac.uk/data/cms/store/user/dcieri/ttbar_PU140_DIGI/dcieri/ttbar/ttbar_PU140_DIGI/3c0380cf82de79bc39966c93934c61fc/ --inputFileList /scratch/condor/dir_28635/glide_LlXxe8/execute/dir_24008/CMSSW_6_2_0_SLHC12/step2_91_1_hlq.root --middleware LCG --PNN T2_UK_SGrid_RALPP --se_name heplnx204.pp.rl.ac.uk --for_lfn /store/user/dcieri/ttbar_PU140_DIGI/dcieri/ttbar/ttbar_PU140_DIGI/3c0380cf82de79bc39966c93934c61fc/    
******************************************************
localSeName  =  heplnx204.pp.rl.ac.uk
remoteSeName =  heplnx204.pp.rl.ac.uk
******************************************************
{"/scratch/condor/dir_28635/glide_LlXxe8/execute/dir_24008/CMSSW_6_2_0_SLHC12/step2_91_1_hlq.root": {"endpoint": "srm://heplnx204.pp.rl.ac.uk:8443/srm/managerv2?SFN=/pnfs/pp.rl.ac.uk/data/cms/store/user/dcieri/ttbar_PU140_DIGI/dcieri/ttbar/ttbar_PU140_DIGI/3c0380cf82de79bc39966c93934c61fc/", "surl_for_grid": "", "reason": "Copy succedeed with srm-lcg utils", "erCode": "0", "PNN": "T2_UK_SGrid_RALPP", "se_name": "heplnx204.pp.rl.ac.uk", "for_lfn": "/store/user/dcieri/ttbar_PU140_DIGI/dcieri/ttbar/ttbar_PU140_DIGI/3c0380cf82de79bc39966c93934c61fc/"}}/scratch/condor/dir_28635/glide_LlXxe8/execute/dir_24008
-------- cat /scratch/condor/dir_28635/glide_LlXxe8/execute/dir_24008/cmscpReport.sh 
#!/bin/bash
echo "Report for File: /scratch/condor/dir_28635/glide_LlXxe8/execute/dir_24008/CMSSW_6_2_0_SLHC12/step2_91_1_hlq.root"
echo "LFN: /store/user/dcieri/ttbar_PU140_DIGI/dcieri/ttbar/ttbar_PU140_DIGI/3c0380cf82de79bc39966c93934c61fc/step2_91_1_hlq.root"
echo "StorageElement: heplnx204.pp.rl.ac.uk"
echo "StageOutExitStatusReason = 'Copy succedeed with srm-lcg utils'" | tee -a $RUNTIME_AREA/$repo
echo "StageOutSE = heplnx204.pp.rl.ac.uk" >> $RUNTIME_AREA/$repo

export StageOutExitStatus=0
echo "StageOutExitStatus = 0" | tee -a $RUNTIME_AREA/$repo
-------- end of /scratch/condor/dir_28635/glide_LlXxe8/execute/dir_24008/cmscpReport.sh 
Report for File: /scratch/condor/dir_28635/glide_LlXxe8/execute/dir_24008/CMSSW_6_2_0_SLHC12/step2_91_1_hlq.root
LFN: /store/user/dcieri/ttbar_PU140_DIGI/dcieri/ttbar/ttbar_PU140_DIGI/3c0380cf82de79bc39966c93934c61fc/step2_91_1_hlq.root
StorageElement: heplnx204.pp.rl.ac.uk
StageOutExitStatusReason = 'Copy succedeed with srm-lcg utils'
StageOutExitStatus = 0
>>> current dir: /scratch/condor/dir_28635/glide_LlXxe8/execute/dir_24008
>>> current dir content:
total 8828
-rw-------  1 cms415 gplcms    2726 Feb  2 23:01 .SEinteraction.log
-rwx------  1 cms415 gplcms      52 Feb  2 19:44 .chirp_config
-rwx------  1 cms415 gplcms    7881 Feb  2 19:44 .job.ad
-rwx------  1 cms415 gplcms    9774 Feb  2 19:44 .machine.ad
-rw-------  1 cms415 gplcms     105 Feb  2 12:16 CMSSW.py
-rw-------  1 cms415 gplcms  915837 Feb  2 12:16 CMSSW.py.pkl
-rwx------  1 cms415 gplcms   29498 Feb  2 19:46 CMSSW.sh
drwxr-xr-x 15 cms415 gplcms    4096 Feb  2 23:00 CMSSW_6_2_0_SLHC12
-rw-------  1 cms415 gplcms     190 Feb  2 19:46 CacheEnv.sh
-rw-------  1 cms415 gplcms    7291 Nov 19 14:52 DashboardAPI.py
-rw-------  1 cms415 gplcms    6470 Feb  2 19:46 DashboardAPI.pyc
drwx------  2 cms415 gplcms    4096 Feb  2 23:00 IMProv
-rw-------  1 cms415 gplcms    2748 Nov 19 14:52 Logger.py
-rw-------  1 cms415 gplcms    3232 Feb  2 19:46 Logger.pyc
-rw-------  1 cms415 gplcms   24524 Nov 19 14:52 ProcInfo.py
-rw-------  1 cms415 gplcms   22645 Feb  2 19:46 ProcInfo.pyc
drwx------  7 cms415 gplcms    4096 Feb  2 19:46 ProdCommon
drwx------  3 cms415 gplcms    4096 Feb  2 19:46 WMCore
-rw-------  1 cms415 gplcms   15545 Feb  2 23:01 Watchdog_91.log
-rwx------  1 cms415 gplcms       0 Feb  2 19:46 _condor_stderr
-rwx---r--  1 cms415 gplcms   40655 Feb  2 23:01 _condor_stdout
-rw-------  1 cms415 gplcms   32895 Nov 19 14:52 apmon.py
-rw-------  1 cms415 gplcms   27958 Feb  2 19:46 apmon.pyc
-rwx------  1 cms415 gplcms  134309 Feb  2 19:46 arguments.xml
-rwx------  1 cms415 gplcms   38581 Nov 19 14:52 cmscp.py
-rw-------  1 cms415 gplcms     560 Feb  2 23:01 cmscpReport.sh
-rwx------  1 cms415 gplcms   29498 Feb  2 19:46 condor_exec.exe
-rw-------  1 cms415 gplcms     544 Feb  2 12:16 crab.cfg
-rwx------  1 cms415 gplcms    8610 Nov 19 14:52 crabWatchdog.sh
-rwx---r--  1 cms415 gplcms  112077 Feb  2 23:00 crab_fjr_91.xml
-rwx------  1 cms415 gplcms 7390485 Feb  2 19:46 default.tgz
-rwx------  1 cms415 gplcms    4488 Nov 19 14:52 fillCrabFjr.py
-rw-------  1 cms415 gplcms     226 Feb  2 19:46 inputsReport.txt
-rw-------  1 cms415 gplcms     243 Feb  2 23:01 jobreport.txt
-rw-------  1 cms415 gplcms   17352 Nov 19 14:52 parseCrabFjr.py
-rw-------  1 cms415 gplcms     321 Feb  2 19:46 report.log
-rwx--x--x  1 cms415 gplcms    1497 Nov 19 14:52 report.py
-rw-------  1 cms415 gplcms     554 Feb  2 23:01 resultCopyFile
lrwxrwxrwx  1 cms415 gplcms      95 Feb  2 23:00 step2.root -> /scratch/condor/dir_28635/glide_LlXxe8/execute/dir_24008/CMSSW_6_2_0_SLHC12/step2_91_1_hlq.root
-rwx------  1 cms415 gplcms    8351 Nov 19 14:52 writeCfg.py
-rw-------  1 cms415 gplcms   10293 Feb  2 19:44 x509up_u62281
>>> Modify Job Report:
CMSSW_VERSION = CMSSW_6_2_0_SLHC12
ProcessedDataset = ttbar_PU140_DIGI
/scratch/condor/dir_28635/glide_LlXxe8/execute/dir_24008/ProdCommon/FwkJobRep/ModifyJobReport.py fjr /scratch/condor/dir_28635/glide_LlXxe8/execute/dir_24008/crab_fjr_91.xml json /scratch/condor/dir_28635/glide_LlXxe8/execute/dir_24008/resultCopyFile n_job 91_1_hlq PrimaryDataset ttbar  ApplicationFamily cmsRun ApplicationName cmsRun cmssw_version CMSSW_6_2_0_SLHC12 psethash 3c0380cf82de79bc39966c93934c61fc UserProcessedDataset dcieri-ttbar_PU140_DIGI-3c0380cf82de79bc39966c93934c61fc
inputDict =  {u'/scratch/condor/dir_28635/glide_LlXxe8/execute/dir_24008/CMSSW_6_2_0_SLHC12/step2_91_1_hlq.root': {u'endpoint': u'srm://heplnx204.pp.rl.ac.uk:8443/srm/managerv2?SFN=/pnfs/pp.rl.ac.uk/data/cms/store/user/dcieri/ttbar_PU140_DIGI/dcieri/ttbar/ttbar_PU140_DIGI/3c0380cf82de79bc39966c93934c61fc/', u'surl_for_grid': u'', u'reason': u'Copy succedeed with srm-lcg utils', u'erCode': u'0', u'PNN': u'T2_UK_SGrid_RALPP', u'se_name': u'heplnx204.pp.rl.ac.uk', u'for_lfn': u'/store/user/dcieri/ttbar_PU140_DIGI/dcieri/ttbar/ttbar_PU140_DIGI/3c0380cf82de79bc39966c93934c61fc/'}}
UserProcessedDataset =  dcieri-ttbar_PU140_DIGI-3c0380cf82de79bc39966c93934c61fc
WORKING ON EDM FILE
file_name in inputDict =  /scratch/condor/dir_28635/glide_LlXxe8/execute/dir_24008/CMSSW_6_2_0_SLHC12/step2_91_1_hlq.root
(size) os.stat(filename)[6] =  248066507
checksum =  1988564524
    file =  step2_91_1_hlq.root
    newPfn =  srm://heplnx204.pp.rl.ac.uk:8443/srm/managerv2?SFN=/pnfs/pp.rl.ac.uk/data/cms/store/user/dcieri/ttbar_PU140_DIGI/dcieri/ttbar/ttbar_PU140_DIGI/3c0380cf82de79bc39966c93934c61fc/step2_91_1_hlq.root
    newLfn =  /store/user/dcieri/ttbar_PU140_DIGI/dcieri/ttbar/ttbar_PU140_DIGI/3c0380cf82de79bc39966c93934c61fc/step2_91_1_hlq.root
>>> crab_fjr_*.xml  permission set to 0704
CrabWrapper EXIT_FUNC entered at Mon Feb  2 23:01:40 GMT 2015   -  Mon Feb  2 23:01:40 UTC 2015
Checking output files:  
will tar file crab_fjr_91.xml in  out_files_91
WARNING: output file CMSSW_91.stdout not found!
WARNING: output file CMSSW_91.stderr not found!
WARNING: output file Watchdog_91.log.gz not found!
>>> padding time: Wrapper lasting more than 600 seconds. No sleep required.
STOPPING WATCHDOG. CrabWatchdog PID is 26282
********** LAST 50 LINES OF WATCHDOG LOG
 Feb 02 20:43:30 GMT	26416	1221356	1763848	99	223	3436	cmsRun -j /scratch/condor/dir_28635/glide_LlXxe8/execute/dir_24008/crab_fjr_91.xml -p pset.py      
 Feb 02 20:47:31 GMT	26416	1221356	1764360	99	227	3677	cmsRun -j /scratch/condor/dir_28635/glide_LlXxe8/execute/dir_24008/crab_fjr_91.xml -p pset.py      
 Feb 02 20:58:34 GMT	26416	1221356	1765384	99	248	4340	cmsRun -j /scratch/condor/dir_28635/glide_LlXxe8/execute/dir_24008/crab_fjr_91.xml -p pset.py      
 Feb 02 21:00:34 GMT	26416	1221356	1772808	99	253	4460	cmsRun -j /scratch/condor/dir_28635/glide_LlXxe8/execute/dir_24008/crab_fjr_91.xml -p pset.py      
 Feb 02 21:12:37 GMT	26416	1221356	1789704	99	267	5184	cmsRun -j /scratch/condor/dir_28635/glide_LlXxe8/execute/dir_24008/crab_fjr_91.xml -p pset.py      
# TIME			PID	RSS(KB)	VSZ(KB)	Dsk(MB)	tCPU(s)	tWALL(s)	COMMAND
 Feb 02 21:13:38 GMT	26416	1241484	1798152	99	274	5244	cmsRun -j /scratch/condor/dir_28635/glide_LlXxe8/execute/dir_24008/crab_fjr_91.xml -p pset.py      
 Feb 02 21:14:38 GMT	26416	1242260	1798152	99	277	5304	cmsRun -j /scratch/condor/dir_28635/glide_LlXxe8/execute/dir_24008/crab_fjr_91.xml -p pset.py      
 Feb 02 21:15:38 GMT	26416	1247364	1798152	99	280	5365	cmsRun -j /scratch/condor/dir_28635/glide_LlXxe8/execute/dir_24008/crab_fjr_91.xml -p pset.py      
 Feb 02 21:16:39 GMT	26416	1249240	1798920	99	283	5425	cmsRun -j /scratch/condor/dir_28635/glide_LlXxe8/execute/dir_24008/crab_fjr_91.xml -p pset.py      
 Feb 02 21:17:39 GMT	---	1249240	1798920	122	----	----	----
 Feb 02 21:19:39 GMT	26416	1249240	1800456	122	306	5606	cmsRun -j /scratch/condor/dir_28635/glide_LlXxe8/execute/dir_24008/crab_fjr_91.xml -p pset.py      
 Feb 02 21:21:40 GMT	26416	1249240	1801736	122	310	5726	cmsRun -j /scratch/condor/dir_28635/glide_LlXxe8/execute/dir_24008/crab_fjr_91.xml -p pset.py      
 Feb 02 21:22:40 GMT	26416	1249240	1802248	122	313	5786	cmsRun -j /scratch/condor/dir_28635/glide_LlXxe8/execute/dir_24008/crab_fjr_91.xml -p pset.py      
 Feb 02 21:23:40 GMT	26416	1249240	1803272	122	316	5847	cmsRun -j /scratch/condor/dir_28635/glide_LlXxe8/execute/dir_24008/crab_fjr_91.xml -p pset.py      
 Feb 02 21:26:41 GMT	26416	1249240	1805320	122	326	6027	cmsRun -j /scratch/condor/dir_28635/glide_LlXxe8/execute/dir_24008/crab_fjr_91.xml -p pset.py      
 Feb 02 21:27:41 GMT	26416	1249240	1807112	122	329	6088	cmsRun -j /scratch/condor/dir_28635/glide_LlXxe8/execute/dir_24008/crab_fjr_91.xml -p pset.py      
 Feb 02 21:29:42 GMT	26416	1249240	1813768	122	334	6208	cmsRun -j /scratch/condor/dir_28635/glide_LlXxe8/execute/dir_24008/crab_fjr_91.xml -p pset.py      
 Feb 02 21:31:42 GMT	26416	1249240	1816584	122	344	6329	cmsRun -j /scratch/condor/dir_28635/glide_LlXxe8/execute/dir_24008/crab_fjr_91.xml -p pset.py      
 Feb 02 21:32:43 GMT	26416	1256432	1829896	122	353	6389	cmsRun -j /scratch/condor/dir_28635/glide_LlXxe8/execute/dir_24008/crab_fjr_91.xml -p pset.py      
 Feb 02 21:33:43 GMT	26416	1258712	1831176	122	356	6449	cmsRun -j /scratch/condor/dir_28635/glide_LlXxe8/execute/dir_24008/crab_fjr_91.xml -p pset.py      
 Feb 02 21:34:43 GMT	26416	1262804	1831176	122	359	6509	cmsRun -j /scratch/condor/dir_28635/glide_LlXxe8/execute/dir_24008/crab_fjr_91.xml -p pset.py      
 Feb 02 21:35:43 GMT	26416	1307592	1862664	122	364	6570	cmsRun -j /scratch/condor/dir_28635/glide_LlXxe8/execute/dir_24008/crab_fjr_91.xml -p pset.py      
 Feb 02 21:36:44 GMT	---	1307592	1862664	143	----	----	----
 Feb 02 21:54:49 GMT	---	1307592	1862664	165	----	----	----
 Feb 02 22:06:52 GMT	26416	1362928	1862664	165	510	8438	cmsRun -j /scratch/condor/dir_28635/glide_LlXxe8/execute/dir_24008/crab_fjr_91.xml -p pset.py      
 Feb 02 22:07:52 GMT	---	1362928	1862664	187	----	----	----
 Feb 02 22:24:56 GMT	26416	1362928	1863688	187	564	9522	cmsRun -j /scratch/condor/dir_28635/glide_LlXxe8/execute/dir_24008/crab_fjr_91.xml -p pset.py      
 Feb 02 22:25:56 GMT	26416	1399088	1886984	187	578	9583	cmsRun -j /scratch/condor/dir_28635/glide_LlXxe8/execute/dir_24008/crab_fjr_91.xml -p pset.py      
 Feb 02 22:26:57 GMT	26416	1406044	1887240	187	583	9643	cmsRun -j /scratch/condor/dir_28635/glide_LlXxe8/execute/dir_24008/crab_fjr_91.xml -p pset.py      
 Feb 02 22:27:57 GMT	26416	1410008	1889032	187	587	9703	cmsRun -j /scratch/condor/dir_28635/glide_LlXxe8/execute/dir_24008/crab_fjr_91.xml -p pset.py      
 Feb 02 22:28:57 GMT	---	1410008	1889032	210	----	----	----
 Feb 02 22:31:58 GMT	26416	1410008	1889800	210	612	9944	cmsRun -j /scratch/condor/dir_28635/glide_LlXxe8/execute/dir_24008/crab_fjr_91.xml -p pset.py      
 Feb 02 22:32:58 GMT	26416	1410008	1890568	210	615	10004	cmsRun -j /scratch/condor/dir_28635/glide_LlXxe8/execute/dir_24008/crab_fjr_91.xml -p pset.py      
 Feb 02 22:33:58 GMT	26416	1410008	1891080	210	618	10064	cmsRun -j /scratch/condor/dir_28635/glide_LlXxe8/execute/dir_24008/crab_fjr_91.xml -p pset.py      
 Feb 02 22:34:58 GMT	26416	1410008	1892360	210	622	10124	cmsRun -j /scratch/condor/dir_28635/glide_LlXxe8/execute/dir_24008/crab_fjr_91.xml -p pset.py      
# TIME			PID	RSS(KB)	VSZ(KB)	Dsk(MB)	tCPU(s)	tWALL(s)	COMMAND
# TIME			PID	RSS(KB)	VSZ(KB)	Dsk(MB)	tCPU(s)	tWALL(s)	COMMAND
 Feb 02 22:36:59 GMT	26416	1410008	1899016	210	628	10245	cmsRun -j /scratch/condor/dir_28635/glide_LlXxe8/execute/dir_24008/crab_fjr_91.xml -p pset.py      
 Feb 02 22:38:59 GMT	26416	1410008	1910028	210	635	10365	cmsRun -j /scratch/condor/dir_28635/glide_LlXxe8/execute/dir_24008/crab_fjr_91.xml -p pset.py      
 Feb 02 22:39:59 GMT	26416	1410008	1916940	210	643	10426	cmsRun -j /scratch/condor/dir_28635/glide_LlXxe8/execute/dir_24008/crab_fjr_91.xml -p pset.py      
 Feb 02 22:41:00 GMT	26416	1410008	1936140	210	656	10486	cmsRun -j /scratch/condor/dir_28635/glide_LlXxe8/execute/dir_24008/crab_fjr_91.xml -p pset.py      
 Feb 02 22:42:01 GMT	26416	1410008	1938444	210	661	10547	cmsRun -j /scratch/condor/dir_28635/glide_LlXxe8/execute/dir_24008/crab_fjr_91.xml -p pset.py      
 Feb 02 22:43:01 GMT	---	1410008	1938444	232	----	----	----
 Feb 02 22:45:02 GMT	26416	1410008	1940748	232	690	10728	cmsRun -j /scratch/condor/dir_28635/glide_LlXxe8/execute/dir_24008/crab_fjr_91.xml -p pset.py      
 Feb 02 22:48:02 GMT	26416	1410008	1950476	232	708	10908	cmsRun -j /scratch/condor/dir_28635/glide_LlXxe8/execute/dir_24008/crab_fjr_91.xml -p pset.py      
 Feb 02 22:49:02 GMT	26416	1410008	1955084	232	716	10969	cmsRun -j /scratch/condor/dir_28635/glide_LlXxe8/execute/dir_24008/crab_fjr_91.xml -p pset.py      
 Feb 02 22:50:03 GMT	26416	1410008	1974028	232	729	11029	cmsRun -j /scratch/condor/dir_28635/glide_LlXxe8/execute/dir_24008/crab_fjr_91.xml -p pset.py      
 Feb 02 22:52:03 GMT	---	1410008	1974028	253	----	----	----
 Feb 02 23:01:05 GMT	---	1410008	1974028	274	----	----	----
********** WATCHDOG LOG ENDED
ZIPPING WATCHDOG LOG
Disk space used:
du -sh /scratch/condor/dir_28635/glide_LlXxe8/execute/dir_24008
274M	/scratch/condor/dir_28635/glide_LlXxe8/execute/dir_24008
Found unusual stdout, rename for OSB
`/scratch/condor/dir_28635/glide_LlXxe8/execute/dir_24008/_condor_stdout' -> `CMSSW_91.stdout'
Found unusual stderr, rename for OSB
`/scratch/condor/dir_28635/glide_LlXxe8/execute/dir_24008/_condor_stdout' -> `CMSSW_91.stderr'
crab_fjr_91.xml
CMSSW_91.stdout
CMSSW_91.stderr
Watchdog_91.log.gz
Total Output dimension: 25039
WARNING: output files size limit is set to: 50000000
Total Output dimension 25039 is fine.
JOB_EXIT_STATUS = 0
>>> info for dashboard:
***** Cat /scratch/condor/dir_28635/glide_LlXxe8/execute/dir_24008/jobreport.txt *****
MonitorJobID=91_https://submit-6.t2.ucsd.edu//150202//509447.90
MonitorID=dcieri_PU140_4dm08r
ExeTime=11669
ExeExitCode=0
StageOutExitStatusReason = 'Copy succedeed with srm-lcg utils'
StageOutSE = heplnx204.pp.rl.ac.uk
StageOutExitStatus = 0
CrabUserCpuTime=787.27
CrabSysCpuTime=35.42
CrabCpuPercentage=7%
CrabWrapperTime=11729
CrabStageoutTime=48
JobExitCode=0
***** End Cat jobreport *****
Parameters sent to Dashboard.
EXITING at Mon Feb  2 23:01:42 GMT 2015  -  Mon Feb  2 23:01:42 UTC 2015
