This script was generated by crab (version 2.11.1_patch1).
Running /scratch/condor/dir_18122/glide_TLR6cg/execute/dir_9032/condor_exec.exe with 2 positional parameters: 135 1
Today is Mon Feb  2 20:00:18 GMT 2015 - Mon Feb  2 20:00:18 UTC 2015
Job submitted on host heplnc196.pp.rl.ac.uk
Linux heplnc196.pp.rl.ac.uk 2.6.32-504.3.3.el6.x86_64 #1 SMP Tue Dec 16 14:29:22 CST 2014 x86_64 x86_64 x86_64 GNU/Linux
Distributor ID:	Scientific
Description:	Scientific Linux release 6.6 (Carbon)
>>> current directory (RUNTIME_AREA): /scratch/condor/dir_18122/glide_TLR6cg/execute/dir_9032
>>> current user: uid=157415(cms415) gid=157000(gplcms) groups=157000(gplcms)
>>> directory permission set to 0700
>>> umask set to:  u=rwx,g=,o=
>>> stdout stderr permission set to 0704
>>> voms proxy information:
subject   : /DC=ch/DC=cern/OU=Organic Units/OU=Users/CN=dcieri/CN=755391/CN=Davide Cieri/CN=769881070/CN=187040993
issuer    : /DC=ch/DC=cern/OU=Organic Units/OU=Users/CN=dcieri/CN=755391/CN=Davide Cieri/CN=769881070
identity  : /DC=ch/DC=cern/OU=Organic Units/OU=Users/CN=dcieri/CN=755391/CN=Davide Cieri
type      : RFC3820 compliant limited proxy
strength  : 1024
path      : /scratch/condor/dir_18122/glide_TLR6cg/execute/dir_9032/x509up_u62281
timeleft  : 23:58:13
key usage : Digital Signature, Key Encipherment
=== VO cms extension information ===
VO        : cms
subject   : /DC=ch/DC=cern/OU=Organic Units/OU=Users/CN=dcieri/CN=755391/CN=Davide Cieri
issuer    : /DC=ch/DC=cern/OU=computers/CN=lcg-voms2.cern.ch
attribute : /cms/Role=NULL/Capability=NULL
timeleft  : 184:16:06
uri       : lcg-voms2.cern.ch:15002

WNHostName=heplnc196.pp.rl.ac.uk
$_CONDOR_JOB_AD =/scratch/condor/dir_18122/glide_TLR6cg/execute/dir_9032/.job.ad
OverflowFlag=0
>>> tar --no-same-permissions -xf /scratch/condor/dir_18122/glide_TLR6cg/execute/dir_9032/default.tgz :
Successful untar
>>> Include /scratch/condor/dir_18122/glide_TLR6cg/execute/dir_9032 in PYTHONPATH:
strip arguments
env var CRAB_UNIQUE_JOB_ID set to: dcieri_PU140_4dm08r_135_1_LNx
out_files_135
>>> list of expected files on output sandbox
output files: crab_fjr_135.xml CMSSW_135.stdout CMSSW_135.stderr Watchdog_135.log.gz
>>> GridFlavour discovery: 
GridFlavour=LCG
>>> SyncSite discovery: 
SyncSite=T2_UK_SGrid_RALPP
>>> SyncCE discovery: 
getting SyncCE from GLIDEIN_Gaekeeper
SyncCE=heplnv147.pp.rl.ac.uk
>>> info for dashboard:
***** Cat /scratch/condor/dir_18122/glide_TLR6cg/execute/dir_9032/jobreport.txt *****
WNHostName=heplnc196.pp.rl.ac.uk
OverflowFlag=0
MonitorJobID=135_https://submit-6.t2.ucsd.edu//150202//509447.134
SyncGridJobId=https://submit-6.t2.ucsd.edu//150202//509447.134
MonitorID=dcieri_PU140_4dm08r
GridFlavour=LCG
SyncSite=T2_UK_SGrid_RALPP
SyncCE=heplnv147.pp.rl.ac.uk
***** End Cat jobreport *****
Parameters sent to Dashboard.
>>> setup environment
set SCRAM ARCH to slc6_amd64_gcc472
SCRAM_ARCH = slc6_amd64_gcc472
>>> setup CMS LCG environment:
set SCRAM ARCH and BUILD_ARCH to slc6_amd64_gcc472 ###
Sourcing environment... 
sourcing /cvmfs/cms.cern.ch/cmsset_default.sh
==> setup cms environment ok
>>> specific cmssw setup environment:
CMSSW_VERSION =  CMSSW_6_2_0_SLHC12
WARNING: In non-interactive mode release checks e.g. deprecated releases, production architectures are disabled.
>>> current directory (SOFTWARE_DIR): /scratch/condor/dir_18122/glide_TLR6cg/execute/dir_9032/CMSSW_6_2_0_SLHC12
PreserveSeeds: <>
IncrementSeeds:<>
>>> info for dashboard:
***** Cat /scratch/condor/dir_18122/glide_TLR6cg/execute/dir_9032/jobreport.txt *****
MonitorJobID=135_https://submit-6.t2.ucsd.edu//150202//509447.134
MonitorID=dcieri_PU140_4dm08r
***** End Cat jobreport *****
Parameters sent to Dashboard.
crabWatchdog started as process 9751
>>> moving CMSSW software directories in /scratch/condor/dir_18122/glide_TLR6cg/execute/dir_9032/CMSSW_6_2_0_SLHC12
mv: cannot stat `/scratch/condor/dir_18122/glide_TLR6cg/execute/dir_9032/module/': No such file or directory
>>> Include /scratch/condor/dir_18122/glide_TLR6cg/execute/dir_9032 in PYTHONPATH:
PYTHONPATH=/scratch/condor/dir_18122/glide_TLR6cg/execute/dir_9032/:/scratch/condor/dir_18122/glide_TLR6cg/execute/dir_9032/CMSSW_6_2_0_SLHC12/python:/scratch/condor/dir_18122/glide_TLR6cg/execute/dir_9032/CMSSW_6_2_0_SLHC12/lib/slc6_amd64_gcc472:/cvmfs/cms.cern.ch/slc6_amd64_gcc472/cms/cmssw/CMSSW_6_2_0_SLHC12/python:/cvmfs/cms.cern.ch/slc6_amd64_gcc472/cms/cmssw/CMSSW_6_2_0_SLHC12/lib/slc6_amd64_gcc472:/cvmfs/cms.cern.ch/slc6_amd64_gcc472/cms/coral/CORAL_2_3_21-cms35/slc6_amd64_gcc472/python:/cvmfs/cms.cern.ch/slc6_amd64_gcc472/cms/coral/CORAL_2_3_21-cms35/slc6_amd64_gcc472/lib:/cvmfs/cms.cern.ch/slc6_amd64_gcc472/external/python-ldap/2.3.5-cms5/lib/python2.7/site-packages:/cvmfs/cms.cern.ch/slc6_amd64_gcc472/external/pyqt/4.8.1-cms5/lib/python2.7/site-packages:/cvmfs/cms.cern.ch/slc6_amd64_gcc472/external/py2-scipy/0.8.0-cms7/lib/python2.7/site-packages:/cvmfs/cms.cern.ch/slc6_amd64_gcc472/external/py2-matplotlib/1.0.1-cms7/lib/python2.7/site-packages:/cvmfs/cms.cern.ch/slc6_amd64_gcc472/external/sip/4.11.2-cms5/lib/python2.7/site-packages:/cvmfs/cms.cern.ch/slc6_amd64_gcc472/external/py2-pycurl/7.19.0-cms7/lib/python2.7/site-packages:/cvmfs/cms.cern.ch/slc6_amd64_gcc472/external/py2-numpy/1.6.1-cms7/lib/python2.7/site-packages:/cvmfs/cms.cern.ch/slc6_amd64_gcc472/external/py2-lint/0.25.1-cms5/lib/python2.7/site-packages:/cvmfs/cms.cern.ch/slc6_amd64_gcc472/external/py2-ipython/0.10-cms5/lib/python2.7/site-packages:/cvmfs/cms.cern.ch/slc6_amd64_gcc472/external/py2-cx-oracle/5.1-cms5/lib/python2.7/site-packages:/cvmfs/cms.cern.ch/slc6_amd64_gcc472/external/py2-cjson/1.0.5-cms5/lib/python2.7/site-packages:/cvmfs/cms.cern.ch/slc6_amd64_gcc472/cms/das-client/1.11.7/bin:/cvmfs/cms.cern.ch/slc6_amd64_gcc472/external/elementtree/1.2.6-cms5/share/lib/python2.7/site-packages:/cvmfs/cms.cern.ch/slc6_amd64_gcc472/external/rivet/1.8.2-cms9/lib/python2.7/site-packages:/cvmfs/cms.cern.ch/slc6_amd64_gcc472/external/pyminuit2/0.0.1-cms19/lib/python2.7/site-packages:/cvmfs/cms.cern.ch/slc6_amd64_gcc472/external/py2-pygithub/1.23.0-cms2/lib/python2.7/site-packages:/cvmfs/cms.cern.ch/slc6_amd64_gcc472/external/professor/1.0.0-cms19/lib/python2.7/site-packages:/cvmfs/cms.cern.ch/slc6_amd64_gcc472/lcg/root/5.34.07-cms/lib:/cvmfs/cms.cern.ch/slc6_amd64_gcc472/cms/dbs-client/DBS_2_1_9-cms5/lib:/cvmfs/cms.cern.ch/slc6_amd64_gcc472/cms/dbs-client/DBS_2_1_9-cms5/lib/DBSAPI:/cvmfs/cms.cern.ch/slc6_amd64_gcc472/external/cvs2git/5419-cms/lib:/scratch/condor/dir_18122/glide_TLR6cg/execute/dir_9032/
 
# LIMITS USED BY CRAB WATCHDOG:
# RSS  (KBytes)   : 2300000
# VSZ  (KBytes)   : 100000000
# DISK (MBytes)   : 19000
# CPU TIME        : 720h:0m:0s
# WALL CLOCK TIME : 21h:50m:0s
 
3c0380cf82de79bc39966c93934c61fc
PSETHASH = 3c0380cf82de79bc39966c93934c61fc
/scratch/condor/dir_18122/glide_TLR6cg/execute/dir_9032/writeCfg.py pset.py pset.py
Importing .py file
Setting parameters
RandomNumberGeneratorService found, will attempt to change seeds
inputBlocks=/ttbar/dcieri-ttbar_SIM-130075366148575c102f0d64fd3ac8f7/USER#417d7dc2-08fd-4092-82c4-7ac02f79c2d9
inputFiles=/store/user/dcieri/ttbar_SIM/ttbar/ttbar_SIM/150129_145223/0000/step1_379.root
parentFiles=
lumisRange=
>>> Executable cmsRun
/cvmfs/cms.cern.ch/slc6_amd64_gcc472/cms/cmssw/CMSSW_6_2_0_SLHC12/bin/slc6_amd64_gcc472/cmsRun
ok executable found
>>> info for dashboard:
***** Cat /scratch/condor/dir_18122/glide_TLR6cg/execute/dir_9032/jobreport.txt *****
MonitorJobID=135_https://submit-6.t2.ucsd.edu//150202//509447.134
MonitorID=dcieri_PU140_4dm08r
ExeStart=cmsRun
***** End Cat jobreport *****
Parameters sent to Dashboard.
>>> cmsRun started at Mon Feb  2 20:00:27 UTC 2015
>>> cmsRun ended at Mon Feb  2 23:04:05 UTC 2015
>>> crab_fjr_*.xml  permission set to 0704
>>> info for dashboard:
***** Cat /scratch/condor/dir_18122/glide_TLR6cg/execute/dir_9032/jobreport.txt *****
MonitorJobID=135_https://submit-6.t2.ucsd.edu//150202//509447.134
MonitorID=dcieri_PU140_4dm08r
ExeEnd=cmsRun
***** End Cat jobreport *****
Parameters sent to Dashboard.
TIME_EXE = 11018 sec
>>> cmsRun wrote 238 lines of stdout+stderr
>>> START OF printout of 238 lines from stdout+stderr
271 DQMStore::DQMStore 
HcalTopologyIdealEP::HcalTopologyIdealEP
02-Feb-2015 20:00:37 GMT  Initiating request to open file root://dcap.pp.rl.ac.uk:1094/pnfs/pp.rl.ac.uk/data/cms/store/user/dcieri/ttbar_SIM/ttbar/ttbar_SIM/150129_145223/0000/step1_379.root
150202 20:00:39 9884 Xrd: CheckErrorStatus: Server [heplnx210.pp.rl.ac.uk:1094] declared: Request 3018 not supported(error code: 3013)
02-Feb-2015 20:00:39 GMT  Successfully opened file root://dcap.pp.rl.ac.uk:1094/pnfs/pp.rl.ac.uk/data/cms/store/user/dcieri/ttbar_SIM/ttbar/ttbar_SIM/150129_145223/0000/step1_379.root
02-Feb-2015 20:00:40 GMT  Initiating request to open file root://xrootd.unl.edu//store/group/dpg_trigger/comm_trigger/L1TrackTrigger/620_SLHC10/Extended2023TTI/MinBias/MinBias_TuneZ2star_GEN_SIM_1.root
02-Feb-2015 20:00:42 GMT  Successfully opened file root://xrootd.unl.edu//store/group/dpg_trigger/comm_trigger/L1TrackTrigger/620_SLHC10/Extended2023TTI/MinBias/MinBias_TuneZ2star_GEN_SIM_1.root
disableME1a = 0
HcalTopologyIdealEP::produce(const IdealGeometryRecord& iRecord)
mode = 2, maxDepthHB = 3, maxDepthHE = 5
RPCGeometryESModule :: produce
RPCGeometryESModule :: produce :: 1/4 Get Muon Ideal Geometry Record
RPCGeometryESModule :: produce :: 2/4 Get Muon DDD Constants
RPCGeometryESModule :: produce :: 3/4 Get Muon Numbering Record
in MuonNumberingInitialization::initializeMuonDDDConstants
about to make my new muonDDDConst_
in MuonNumberingInitialization::produce
RPCGeometryESModule :: produce :: 4/4 Build
Found:

	Barrel Stack layer 5 : 1008 stacks
	Barrel Stack layer 6 : 1320 stacks
	Barrel Stack layer 7 : 1836 stacks
	Barrel Stack layer 8 : 1152 stacks
	Barrel Stack layer 9 : 1488 stacks
	Barrel Stack layer 10 : 1824 stacks

	Endcap Stack disk 11 : 1360 stacks
	Endcap Stack disk 12 : 1360 stacks
	Endcap Stack disk 13 : 1360 stacks
	Endcap Stack disk 14 : 1360 stacks
	Endcap Stack disk 15 : 1360 stacks
Created 15428 stacks in 27 s

TTClusterBuilder< edm::Ref<edm::DetSetVector<PixelDigi>, PixelDigi, edm::refhelper::FindForDetSetVector<PixelDigi> > > loaded modules:
	TTClusterAlgorithm:	TTClusterAlgorithm_2d2013< edm::Ref<edm::DetSetVector<PixelDigi>, PixelDigi, edm::refhelper::FindForDetSetVector<PixelDigi> > >


TTStubBuilder< edm::Ref<edm::DetSetVector<PixelDigi>, PixelDigi, edm::refhelper::FindForDetSetVector<PixelDigi> > > loaded modules:
	TTStubAlgorithm:	TTStubAlgorithm_tab2013< edm::Ref<edm::DetSetVector<PixelDigi>, PixelDigi, edm::refhelper::FindForDetSetVector<PixelDigi> > >


TTClusterAssociator< edm::Ref<edm::DetSetVector<PixelDigi>, PixelDigi, edm::refhelper::FindForDetSetVector<PixelDigi> > > loaded.


TTStubAssociator< edm::Ref<edm::DetSetVector<PixelDigi>, PixelDigi, edm::refhelper::FindForDetSetVector<PixelDigi> > > loaded.


TTTrackAssociator< edm::Ref<edm::DetSetVector<PixelDigi>, PixelDigi, edm::refhelper::FindForDetSetVector<PixelDigi> > > loaded.

Begin processing the 1st record. Run 1, Event 3781, LumiSection 379 at 02-Feb-2015 20:01:29.589 GMT
02-Feb-2015 20:01:36 GMT  Closed file root://xrootd.unl.edu//store/group/dpg_trigger/comm_trigger/L1TrackTrigger/620_SLHC10/Extended2023TTI/MinBias/MinBias_TuneZ2star_GEN_SIM_1.root
02-Feb-2015 20:01:36 GMT  Initiating request to open file root://xrootd.unl.edu//store/group/dpg_trigger/comm_trigger/L1TrackTrigger/620_SLHC10/Extended2023TTI/MinBias/MinBias_TuneZ2star_GEN_SIM_79.root
02-Feb-2015 20:05:47 GMT  Successfully opened file root://xrootd.unl.edu//store/group/dpg_trigger/comm_trigger/L1TrackTrigger/620_SLHC10/Extended2023TTI/MinBias/MinBias_TuneZ2star_GEN_SIM_79.root
150202 20:06:38 10040 Xrd: XrdClientMessage::ReadRaw: Failed to read header (8 bytes).
150202 20:10:44 10033 Xrd: XrdClientMessage::ReadRaw: Failed to read header (8 bytes).
150202 20:11:07 12130 Xrd: XrdClientMessage::ReadRaw: Failed to read header (8 bytes).
02-Feb-2015 20:14:13 GMT  Closed file root://xrootd.unl.edu//store/group/dpg_trigger/comm_trigger/L1TrackTrigger/620_SLHC10/Extended2023TTI/MinBias/MinBias_TuneZ2star_GEN_SIM_79.root
02-Feb-2015 20:14:13 GMT  Initiating request to open file root://xrootd.unl.edu//store/group/dpg_trigger/comm_trigger/L1TrackTrigger/620_SLHC10/Extended2023TTI/MinBias/MinBias_TuneZ2star_GEN_SIM_706.root
150202 20:14:49 15273 Xrd: CheckErrorStatus: Server [llrxrd-redir.in2p3.fr:1094] declared: session not found(error code: 3011)
02-Feb-2015 20:14:50 GMT  Successfully opened file root://xrootd.unl.edu//store/group/dpg_trigger/comm_trigger/L1TrackTrigger/620_SLHC10/Extended2023TTI/MinBias/MinBias_TuneZ2star_GEN_SIM_706.root
150202 20:19:38 12140 Xrd: XrdClientMessage::ReadRaw: Failed to read header (8 bytes).
150202 20:20:08 15759 Xrd: XrdClientMessage::ReadRaw: Failed to read header (8 bytes).
150202 20:21:08 10006 Xrd: XrdClientMessage::ReadRaw: Failed to read header (8 bytes).
150202 20:21:08 10032 Xrd: XrdClientMessage::ReadRaw: Failed to read header (8 bytes).
02-Feb-2015 20:26:13 GMT  Closed file root://xrootd.unl.edu//store/group/dpg_trigger/comm_trigger/L1TrackTrigger/620_SLHC10/Extended2023TTI/MinBias/MinBias_TuneZ2star_GEN_SIM_706.root
02-Feb-2015 20:26:13 GMT  Initiating request to open file root://xrootd.unl.edu//store/group/dpg_trigger/comm_trigger/L1TrackTrigger/620_SLHC10/Extended2023TTI/MinBias/MinBias_TuneZ2star_GEN_SIM_435.root
150202 20:26:13 20569 Xrd: CheckErrorStatus: Server [cms-xrd-global.cern.ch:1094] declared: session not found(error code: 3011)
150202 20:26:13 20569 Xrd: CheckErrorStatus: Server [xrootd.ba.infn.it:1094] declared: session not found(error code: 3011)
02-Feb-2015 20:26:13 GMT  Successfully opened file root://xrootd.unl.edu//store/group/dpg_trigger/comm_trigger/L1TrackTrigger/620_SLHC10/Extended2023TTI/MinBias/MinBias_TuneZ2star_GEN_SIM_435.root
Building the geometry service
Warning did not find digi
Warning did not find digi
Warning did not find digi
Warning did not find digi
Warning did not find digi in disks
Warning did not find digi in disks
Warning did not find digi in disks
Warning did not find digi in disks
150202 20:31:38 20571 Xrd: XrdClientMessage::ReadRaw: Failed to read header (8 bytes).
150202 20:31:38 15760 Xrd: XrdClientMessage::ReadRaw: Failed to read header (8 bytes).
150202 20:35:08 12129 Xrd: XrdClientMessage::ReadRaw: Failed to read header (8 bytes).
02-Feb-2015 20:36:46 GMT  Closed file root://xrootd.unl.edu//store/group/dpg_trigger/comm_trigger/L1TrackTrigger/620_SLHC10/Extended2023TTI/MinBias/MinBias_TuneZ2star_GEN_SIM_435.root
02-Feb-2015 20:36:46 GMT  Initiating request to open file root://xrootd.unl.edu//store/group/dpg_trigger/comm_trigger/L1TrackTrigger/620_SLHC10/Extended2023TTI/MinBias/MinBias_TuneZ2star_GEN_SIM_343.root
150202 20:37:23 25409 Xrd: CheckErrorStatus: Server [xrootd-redic.pi.infn.it:1094] declared: session not found(error code: 3011)
02-Feb-2015 20:37:23 GMT  Successfully opened file root://xrootd.unl.edu//store/group/dpg_trigger/comm_trigger/L1TrackTrigger/620_SLHC10/Extended2023TTI/MinBias/MinBias_TuneZ2star_GEN_SIM_343.root
150202 20:42:07 20572 Xrd: XrdClientMessage::ReadRaw: Failed to read header (8 bytes).
150202 20:42:37 25757 Xrd: XrdClientMessage::ReadRaw: Failed to read header (8 bytes).
02-Feb-2015 20:46:35 GMT  Closed file root://xrootd.unl.edu//store/group/dpg_trigger/comm_trigger/L1TrackTrigger/620_SLHC10/Extended2023TTI/MinBias/MinBias_TuneZ2star_GEN_SIM_343.root
02-Feb-2015 20:46:35 GMT  Initiating request to open file root://xrootd.unl.edu//store/group/dpg_trigger/comm_trigger/L1TrackTrigger/620_SLHC10/Extended2023TTI/MinBias/MinBias_TuneZ2star_GEN_SIM_666.root
150202 20:46:35 20570 Xrd: XrdClientMessage::ReadRaw: Failed to read header (8 bytes).
150202 20:47:11 29305 Xrd: CheckErrorStatus: Server [cms-xrd-global.cern.ch:1094] declared: session not found(error code: 3011)
150202 20:47:11 29305 Xrd: CheckErrorStatus: Server [xrootd.ba.infn.it:1094] declared: session not found(error code: 3011)
02-Feb-2015 20:47:11 GMT  Successfully opened file root://xrootd.unl.edu//store/group/dpg_trigger/comm_trigger/L1TrackTrigger/620_SLHC10/Extended2023TTI/MinBias/MinBias_TuneZ2star_GEN_SIM_666.root
150202 20:51:38 25758 Xrd: XrdClientMessage::ReadRaw: Failed to read header (8 bytes).
150202 20:52:38 29664 Xrd: XrdClientMessage::ReadRaw: Failed to read header (8 bytes).
150202 20:57:38 25756 Xrd: XrdClientMessage::ReadRaw: Failed to read header (8 bytes).
02-Feb-2015 20:57:47 GMT  Closed file root://xrootd.unl.edu//store/group/dpg_trigger/comm_trigger/L1TrackTrigger/620_SLHC10/Extended2023TTI/MinBias/MinBias_TuneZ2star_GEN_SIM_666.root
02-Feb-2015 20:57:47 GMT  Initiating request to open file root://xrootd.unl.edu//store/group/dpg_trigger/comm_trigger/L1TrackTrigger/620_SLHC10/Extended2023TTI/MinBias/MinBias_TuneZ2star_GEN_SIM_512.root
150202 20:58:17 1173 Xrd: CheckErrorStatus: Server [cms-xrd-global.cern.ch:1094] declared: session not found(error code: 3011)
150202 20:58:17 1173 Xrd: CheckErrorStatus: Server [llrxrd-redir.in2p3.fr:1094] declared: session not found(error code: 3011)
02-Feb-2015 20:58:18 GMT  Successfully opened file root://xrootd.unl.edu//store/group/dpg_trigger/comm_trigger/L1TrackTrigger/620_SLHC10/Extended2023TTI/MinBias/MinBias_TuneZ2star_GEN_SIM_512.root
150202 21:03:08 29665 Xrd: XrdClientMessage::ReadRaw: Failed to read header (8 bytes).
150202 21:03:38 1529 Xrd: XrdClientMessage::ReadRaw: Failed to read header (8 bytes).
02-Feb-2015 21:07:06 GMT  Closed file root://xrootd.unl.edu//store/group/dpg_trigger/comm_trigger/L1TrackTrigger/620_SLHC10/Extended2023TTI/MinBias/MinBias_TuneZ2star_GEN_SIM_512.root
02-Feb-2015 21:07:06 GMT  Initiating request to open file root://xrootd.unl.edu//store/group/dpg_trigger/comm_trigger/L1TrackTrigger/620_SLHC10/Extended2023TTI/MinBias/MinBias_TuneZ2star_GEN_SIM_824.root
150202 21:07:37 29663 Xrd: XrdClientMessage::ReadRaw: Failed to read header (8 bytes).
150202 21:11:05 4751 Xrd: CheckErrorStatus: Server [llrxrd-redir.in2p3.fr:1094] declared: session not found(error code: 3011)
02-Feb-2015 21:11:05 GMT  Successfully opened file root://xrootd.unl.edu//store/group/dpg_trigger/comm_trigger/L1TrackTrigger/620_SLHC10/Extended2023TTI/MinBias/MinBias_TuneZ2star_GEN_SIM_824.root
150202 21:12:07 1530 Xrd: XrdClientMessage::ReadRaw: Failed to read header (8 bytes).
150202 21:16:07 6219 Xrd: XrdClientMessage::ReadRaw: Failed to read header (8 bytes).
02-Feb-2015 21:22:14 GMT  Closed file root://xrootd.unl.edu//store/group/dpg_trigger/comm_trigger/L1TrackTrigger/620_SLHC10/Extended2023TTI/MinBias/MinBias_TuneZ2star_GEN_SIM_824.root
02-Feb-2015 21:22:14 GMT  Initiating request to open file root://xrootd.unl.edu//store/group/dpg_trigger/comm_trigger/L1TrackTrigger/620_SLHC10/Extended2023TTI/MinBias/MinBias_TuneZ2star_GEN_SIM_246.root
150202 21:22:45 10596 Xrd: CheckErrorStatus: Server [cms-xrd-global.cern.ch:1094] declared: session not found(error code: 3011)
150202 21:22:45 10596 Xrd: CheckErrorStatus: Server [xrootd-redic.pi.infn.it:1094] declared: session not found(error code: 3011)
02-Feb-2015 21:22:46 GMT  Successfully opened file root://xrootd.unl.edu//store/group/dpg_trigger/comm_trigger/L1TrackTrigger/620_SLHC10/Extended2023TTI/MinBias/MinBias_TuneZ2star_GEN_SIM_246.root
150202 21:27:37 6221 Xrd: XrdClientMessage::ReadRaw: Failed to read header (8 bytes).
150202 21:28:08 10960 Xrd: XrdClientMessage::ReadRaw: Failed to read header (8 bytes).
150202 21:31:08 1528 Xrd: XrdClientMessage::ReadRaw: Failed to read header (8 bytes).
02-Feb-2015 21:32:56 GMT  Closed file root://xrootd.unl.edu//store/group/dpg_trigger/comm_trigger/L1TrackTrigger/620_SLHC10/Extended2023TTI/MinBias/MinBias_TuneZ2star_GEN_SIM_246.root
02-Feb-2015 21:32:56 GMT  Initiating request to open file root://xrootd.unl.edu//store/group/dpg_trigger/comm_trigger/L1TrackTrigger/620_SLHC10/Extended2023TTI/MinBias/MinBias_TuneZ2star_GEN_SIM_576.root
150202 21:33:27 15864 Xrd: CheckErrorStatus: Server [cms-xrd-global.cern.ch:1094] declared: session not found(error code: 3011)
150202 21:33:27 15864 Xrd: CheckErrorStatus: Server [llrxrd-redir.in2p3.fr:1094] declared: session not found(error code: 3011)
02-Feb-2015 21:33:28 GMT  Successfully opened file root://xrootd.unl.edu//store/group/dpg_trigger/comm_trigger/L1TrackTrigger/620_SLHC10/Extended2023TTI/MinBias/MinBias_TuneZ2star_GEN_SIM_576.root
150202 21:38:08 10961 Xrd: XrdClientMessage::ReadRaw: Failed to read header (8 bytes).
150202 21:38:38 16220 Xrd: XrdClientMessage::ReadRaw: Failed to read header (8 bytes).
02-Feb-2015 21:42:55 GMT  Closed file root://xrootd.unl.edu//store/group/dpg_trigger/comm_trigger/L1TrackTrigger/620_SLHC10/Extended2023TTI/MinBias/MinBias_TuneZ2star_GEN_SIM_576.root
02-Feb-2015 21:42:55 GMT  Initiating request to open file root://xrootd.unl.edu//store/group/dpg_trigger/comm_trigger/L1TrackTrigger/620_SLHC10/Extended2023TTI/MinBias/MinBias_TuneZ2star_GEN_SIM_528.root
150202 21:42:56 10959 Xrd: XrdClientMessage::ReadRaw: Failed to read header (8 bytes).
150202 21:43:27 19785 Xrd: CheckErrorStatus: Server [cms-xrd-global.cern.ch:1094] declared: session not found(error code: 3011)
150202 21:43:27 19785 Xrd: CheckErrorStatus: Server [xrootd.ba.infn.it:1094] declared: session not found(error code: 3011)
02-Feb-2015 21:43:27 GMT  Successfully opened file root://xrootd.unl.edu//store/group/dpg_trigger/comm_trigger/L1TrackTrigger/620_SLHC10/Extended2023TTI/MinBias/MinBias_TuneZ2star_GEN_SIM_528.root
150202 21:48:08 16225 Xrd: XrdClientMessage::ReadRaw: Failed to read header (8 bytes).
150202 21:48:38 19792 Xrd: XrdClientMessage::ReadRaw: Failed to read header (8 bytes).
02-Feb-2015 21:51:07 GMT  Closed file root://xrootd.unl.edu//store/group/dpg_trigger/comm_trigger/L1TrackTrigger/620_SLHC10/Extended2023TTI/MinBias/MinBias_TuneZ2star_GEN_SIM_528.root
02-Feb-2015 21:51:07 GMT  Initiating request to open file root://xrootd.unl.edu//store/group/dpg_trigger/comm_trigger/L1TrackTrigger/620_SLHC10/Extended2023TTI/MinBias/MinBias_TuneZ2star_GEN_SIM_734.root
150202 21:51:38 22964 Xrd: CheckErrorStatus: Server [cms-xrd-global.cern.ch:1094] declared: session not found(error code: 3011)
150202 21:51:38 22964 Xrd: CheckErrorStatus: Server [xrootd-redic.pi.infn.it:1094] declared: session not found(error code: 3011)
02-Feb-2015 21:51:39 GMT  Successfully opened file root://xrootd.unl.edu//store/group/dpg_trigger/comm_trigger/L1TrackTrigger/620_SLHC10/Extended2023TTI/MinBias/MinBias_TuneZ2star_GEN_SIM_734.root
150202 21:53:38 16215 Xrd: XrdClientMessage::ReadRaw: Failed to read header (8 bytes).
150202 21:56:38 19797 Xrd: XrdClientMessage::ReadRaw: Failed to read header (8 bytes).
150202 21:57:07 23322 Xrd: XrdClientMessage::ReadRaw: Failed to read header (8 bytes).
02-Feb-2015 21:59:10 GMT  Closed file root://xrootd.unl.edu//store/group/dpg_trigger/comm_trigger/L1TrackTrigger/620_SLHC10/Extended2023TTI/MinBias/MinBias_TuneZ2star_GEN_SIM_734.root
02-Feb-2015 21:59:10 GMT  Initiating request to open file root://xrootd.unl.edu//store/group/dpg_trigger/comm_trigger/L1TrackTrigger/620_SLHC10/Extended2023TTI/MinBias/MinBias_TuneZ2star_GEN_SIM_279.root
150202 21:59:41 26168 Xrd: CheckErrorStatus: Server [xrootd-redic.pi.infn.it:1094] declared: session not found(error code: 3011)
02-Feb-2015 21:59:42 GMT  Successfully opened file root://xrootd.unl.edu//store/group/dpg_trigger/comm_trigger/L1TrackTrigger/620_SLHC10/Extended2023TTI/MinBias/MinBias_TuneZ2star_GEN_SIM_279.root
150202 22:03:38 19791 Xrd: XrdClientMessage::ReadRaw: Failed to read header (8 bytes).
150202 22:04:38 23323 Xrd: XrdClientMessage::ReadRaw: Failed to read header (8 bytes).
02-Feb-2015 22:04:45 GMT  Closed file root://xrootd.unl.edu//store/group/dpg_trigger/comm_trigger/L1TrackTrigger/620_SLHC10/Extended2023TTI/MinBias/MinBias_TuneZ2star_GEN_SIM_279.root
02-Feb-2015 22:04:45 GMT  Initiating request to open file root://xrootd.unl.edu//store/group/dpg_trigger/comm_trigger/L1TrackTrigger/620_SLHC10/Extended2023TTI/MinBias/MinBias_TuneZ2star_GEN_SIM_482.root
150202 22:04:46 26513 Xrd: XrdClientMessage::ReadRaw: Failed to read header (8 bytes).
150202 22:10:08 26514 Xrd: XrdClientMessage::ReadRaw: Failed to read header (8 bytes).
150202 22:10:46 28598 Xrd: CheckErrorStatus: Server [cms-xrd-global.cern.ch:1094] declared: session not found(error code: 3011)
150202 22:10:46 28598 Xrd: CheckErrorStatus: Server [xrootd.ba.infn.it:1094] declared: session not found(error code: 3011)
150202 22:10:46 28598 Xrd: CheckErrorStatus: Server [eoscms.cern.ch:1094] declared: session not found(error code: 3011)
02-Feb-2015 22:10:46 GMT  Successfully opened file root://xrootd.unl.edu//store/group/dpg_trigger/comm_trigger/L1TrackTrigger/620_SLHC10/Extended2023TTI/MinBias/MinBias_TuneZ2star_GEN_SIM_482.root
150202 22:16:08 30823 Xrd: XrdClientMessage::ReadRaw: Failed to read header (8 bytes).
02-Feb-2015 22:16:31 GMT  Closed file root://xrootd.unl.edu//store/group/dpg_trigger/comm_trigger/L1TrackTrigger/620_SLHC10/Extended2023TTI/MinBias/MinBias_TuneZ2star_GEN_SIM_482.root
02-Feb-2015 22:16:31 GMT  Initiating request to open file root://xrootd.unl.edu//store/group/dpg_trigger/comm_trigger/L1TrackTrigger/620_SLHC10/Extended2023TTI/MinBias/MinBias_TuneZ2star_GEN_SIM_121.root
150202 22:20:08 23321 Xrd: XrdClientMessage::ReadRaw: Failed to read header (8 bytes).
150202 22:21:38 30824 Xrd: XrdClientMessage::ReadRaw: Failed to read header (8 bytes).
150202 22:24:33 440 Xrd: CheckErrorStatus: Server [cms-xrd-global.cern.ch:1094] declared: session not found(error code: 3011)
150202 22:24:33 440 Xrd: CheckErrorStatus: Server [llrxrd-redir.in2p3.fr:1094] declared: session not found(error code: 3011)
02-Feb-2015 22:24:33 GMT  Successfully opened file root://xrootd.unl.edu//store/group/dpg_trigger/comm_trigger/L1TrackTrigger/620_SLHC10/Extended2023TTI/MinBias/MinBias_TuneZ2star_GEN_SIM_121.root
DTTSPhi::addTracoT: preview not present in TRACO trigger or its code=0  trigger not added!
DTTSPhi::addTracoT: preview not present in TRACO trigger or its code=0  trigger not added!
150202 22:29:38 3691 Xrd: XrdClientMessage::ReadRaw: Failed to read header (8 bytes).
02-Feb-2015 22:29:38 GMT  Closed file root://xrootd.unl.edu//store/group/dpg_trigger/comm_trigger/L1TrackTrigger/620_SLHC10/Extended2023TTI/MinBias/MinBias_TuneZ2star_GEN_SIM_121.root
02-Feb-2015 22:29:38 GMT  Initiating request to open file root://xrootd.unl.edu//store/group/dpg_trigger/comm_trigger/L1TrackTrigger/620_SLHC10/Extended2023TTI/MinBias/MinBias_TuneZ2star_GEN_SIM_977.root
150202 22:29:39 6414 Xrd: CheckErrorStatus: Server [llrxrd-redir.in2p3.fr:1094] declared: session not found(error code: 3011)
02-Feb-2015 22:29:40 GMT  Successfully opened file root://xrootd.unl.edu//store/group/dpg_trigger/comm_trigger/L1TrackTrigger/620_SLHC10/Extended2023TTI/MinBias/MinBias_TuneZ2star_GEN_SIM_977.root
150202 22:31:08 30822 Xrd: XrdClientMessage::ReadRaw: Failed to read header (8 bytes).
02-Feb-2015 22:34:03 GMT  Closed file root://xrootd.unl.edu//store/group/dpg_trigger/comm_trigger/L1TrackTrigger/620_SLHC10/Extended2023TTI/MinBias/MinBias_TuneZ2star_GEN_SIM_977.root
02-Feb-2015 22:34:03 GMT  Initiating request to open file root://xrootd.unl.edu//store/group/dpg_trigger/comm_trigger/L1TrackTrigger/620_SLHC10/Extended2023TTI/MinBias/MinBias_TuneZ2star_GEN_SIM_125.root
150202 22:34:33 8295 Xrd: CheckErrorStatus: Server [cms-xrd-global.cern.ch:1094] declared: session not found(error code: 3011)
02-Feb-2015 22:34:33 GMT  Successfully opened file root://xrootd.unl.edu//store/group/dpg_trigger/comm_trigger/L1TrackTrigger/620_SLHC10/Extended2023TTI/MinBias/MinBias_TuneZ2star_GEN_SIM_125.root
150202 22:35:08 3692 Xrd: XrdClientMessage::ReadRaw: Failed to read header (8 bytes).
02-Feb-2015 22:38:57 GMT  Closed file root://xrootd.unl.edu//store/group/dpg_trigger/comm_trigger/L1TrackTrigger/620_SLHC10/Extended2023TTI/MinBias/MinBias_TuneZ2star_GEN_SIM_125.root
02-Feb-2015 22:38:57 GMT  Initiating request to open file root://xrootd.unl.edu//store/group/dpg_trigger/comm_trigger/L1TrackTrigger/620_SLHC10/Extended2023TTI/MinBias/MinBias_TuneZ2star_GEN_SIM_93.root
150202 22:39:08 6416 Xrd: XrdClientMessage::ReadRaw: Failed to read header (8 bytes).
02-Feb-2015 22:39:28 GMT  Successfully opened file root://xrootd.unl.edu//store/group/dpg_trigger/comm_trigger/L1TrackTrigger/620_SLHC10/Extended2023TTI/MinBias/MinBias_TuneZ2star_GEN_SIM_93.root
02-Feb-2015 22:42:44 GMT  Closed file root://xrootd.unl.edu//store/group/dpg_trigger/comm_trigger/L1TrackTrigger/620_SLHC10/Extended2023TTI/MinBias/MinBias_TuneZ2star_GEN_SIM_93.root
02-Feb-2015 22:42:44 GMT  Initiating request to open file root://xrootd.unl.edu//store/group/dpg_trigger/comm_trigger/L1TrackTrigger/620_SLHC10/Extended2023TTI/MinBias/MinBias_TuneZ2star_GEN_SIM_99.root
150202 22:43:15 11475 Xrd: CheckErrorStatus: Server [cms-xrd-global.cern.ch:1094] declared: session not found(error code: 3011)
02-Feb-2015 22:43:15 GMT  Successfully opened file root://xrootd.unl.edu//store/group/dpg_trigger/comm_trigger/L1TrackTrigger/620_SLHC10/Extended2023TTI/MinBias/MinBias_TuneZ2star_GEN_SIM_99.root
150202 22:44:08 8552 Xrd: XrdClientMessage::ReadRaw: Failed to read header (8 bytes).
02-Feb-2015 22:47:31 GMT  Closed file root://xrootd.unl.edu//store/group/dpg_trigger/comm_trigger/L1TrackTrigger/620_SLHC10/Extended2023TTI/MinBias/MinBias_TuneZ2star_GEN_SIM_99.root
02-Feb-2015 22:47:31 GMT  Initiating request to open file root://xrootd.unl.edu//store/group/dpg_trigger/comm_trigger/L1TrackTrigger/620_SLHC10/Extended2023TTI/MinBias/MinBias_TuneZ2star_GEN_SIM_537.root
02-Feb-2015 22:48:02 GMT  Successfully opened file root://xrootd.unl.edu//store/group/dpg_trigger/comm_trigger/L1TrackTrigger/620_SLHC10/Extended2023TTI/MinBias/MinBias_TuneZ2star_GEN_SIM_537.root
150202 22:48:03 10384 Xrd: XrdClientMessage::ReadRaw: Failed to read header (8 bytes).
150202 22:50:08 3690 Xrd: XrdClientMessage::ReadRaw: Failed to read header (8 bytes).
02-Feb-2015 22:51:02 GMT  Closed file root://xrootd.unl.edu//store/group/dpg_trigger/comm_trigger/L1TrackTrigger/620_SLHC10/Extended2023TTI/MinBias/MinBias_TuneZ2star_GEN_SIM_537.root
02-Feb-2015 22:51:02 GMT  Initiating request to open file root://xrootd.unl.edu//store/group/dpg_trigger/comm_trigger/L1TrackTrigger/620_SLHC10/Extended2023TTI/MinBias/MinBias_TuneZ2star_GEN_SIM_793.root
02-Feb-2015 22:51:33 GMT  Successfully opened file root://xrootd.unl.edu//store/group/dpg_trigger/comm_trigger/L1TrackTrigger/620_SLHC10/Extended2023TTI/MinBias/MinBias_TuneZ2star_GEN_SIM_793.root
150202 22:52:38 11849 Xrd: XrdClientMessage::ReadRaw: Failed to read header (8 bytes).
02-Feb-2015 22:54:07 GMT  Closed file root://xrootd.unl.edu//store/group/dpg_trigger/comm_trigger/L1TrackTrigger/620_SLHC10/Extended2023TTI/MinBias/MinBias_TuneZ2star_GEN_SIM_793.root
02-Feb-2015 22:54:07 GMT  Initiating request to open file root://xrootd.unl.edu//store/group/dpg_trigger/comm_trigger/L1TrackTrigger/620_SLHC10/Extended2023TTI/MinBias/MinBias_TuneZ2star_GEN_SIM_227.root
150202 22:54:38 16285 Xrd: CheckErrorStatus: Server [cms-xrd-global.cern.ch:1094] declared: session not found(error code: 3011)
02-Feb-2015 22:54:39 GMT  Successfully opened file root://xrootd.unl.edu//store/group/dpg_trigger/comm_trigger/L1TrackTrigger/620_SLHC10/Extended2023TTI/MinBias/MinBias_TuneZ2star_GEN_SIM_227.root
150202 22:56:08 14006 Xrd: XrdClientMessage::ReadRaw: Failed to read header (8 bytes).
02-Feb-2015 22:57:20 GMT  Closed file root://xrootd.unl.edu//store/group/dpg_trigger/comm_trigger/L1TrackTrigger/620_SLHC10/Extended2023TTI/MinBias/MinBias_TuneZ2star_GEN_SIM_227.root
02-Feb-2015 22:57:20 GMT  Initiating request to open file root://xrootd.unl.edu//store/group/dpg_trigger/comm_trigger/L1TrackTrigger/620_SLHC10/Extended2023TTI/MinBias/MinBias_TuneZ2star_GEN_SIM_835.root
02-Feb-2015 22:57:51 GMT  Successfully opened file root://xrootd.unl.edu//store/group/dpg_trigger/comm_trigger/L1TrackTrigger/620_SLHC10/Extended2023TTI/MinBias/MinBias_TuneZ2star_GEN_SIM_835.root
150202 22:59:38 15132 Xrd: XrdClientMessage::ReadRaw: Failed to read header (8 bytes).
150202 23:02:38 16525 Xrd: XrdClientMessage::ReadRaw: Failed to read header (8 bytes).
02-Feb-2015 23:02:59 GMT  Closed file root://xrootd.unl.edu//store/group/dpg_trigger/comm_trigger/L1TrackTrigger/620_SLHC10/Extended2023TTI/MinBias/MinBias_TuneZ2star_GEN_SIM_835.root
02-Feb-2015 23:02:59 GMT  Initiating request to open file root://xrootd.unl.edu//store/group/dpg_trigger/comm_trigger/L1TrackTrigger/620_SLHC10/Extended2023TTI/MinBias/MinBias_TuneZ2star_GEN_SIM_117.root
150202 23:03:00 6415 Xrd: XrdClientMessage::ReadRaw: Failed to read header (8 bytes).
150202 23:03:14 19814 Xrd: CheckErrorStatus: Server [xrootd-redic.pi.infn.it:1094] declared: session not found(error code: 3011)
150202 23:03:14 19814 Xrd: CheckErrorStatus: Server [eoscms.cern.ch:1094] declared: session not found(error code: 3011)
02-Feb-2015 23:03:14 GMT  Successfully opened file root://xrootd.unl.edu//store/group/dpg_trigger/comm_trigger/L1TrackTrigger/620_SLHC10/Extended2023TTI/MinBias/MinBias_TuneZ2star_GEN_SIM_117.root
150202 23:03:38 11848 Xrd: XrdClientMessage::ReadRaw: Failed to read header (8 bytes).
02-Feb-2015 23:04:04 GMT  Closed file root://dcap.pp.rl.ac.uk:1094/pnfs/pp.rl.ac.uk/data/cms/store/user/dcieri/ttbar_SIM/ttbar/ttbar_SIM/150129_145223/0000/step1_379.root
02-Feb-2015 23:04:04 GMT  Closed file root://xrootd.unl.edu//store/group/dpg_trigger/comm_trigger/L1TrackTrigger/620_SLHC10/Extended2023TTI/MinBias/MinBias_TuneZ2star_GEN_SIM_117.root

=============================================

MessageLogger Summary

 type     category        sev    module        subroutine        count    total
 ---- -------------------- -- ---------------- ----------------  -----    -----
    1 fileAction           -s MixingModule:mix                      69       69
    2 fileAction           -s MixingModule:mix                       2        2
    3 fileAction           -s MixingModule:mix                       1        1
    4 fileAction           -s file_close                             1        1
    5 fileAction           -s file_open                              2        2

 type    category    Examples: run/evt        run/evt          run/evt
 ---- -------------------- ---------------- ---------------- ----------------
    1 fileAction           1/3781           1/3781           1/3790
    2 fileAction           pre-events       pre-events       
    3 fileAction           PostEndRun                        
    4 fileAction           PostEndRun                        
    5 fileAction           pre-events       pre-events       

Severity    # Occurrences   Total Occurrences
--------    -------------   -----------------
System                 75                  75
>>> END OF printout of 238 lines from stdout+stderr
>>> Parse FrameworkJobReport crab_fjr.xml
Result of parsing the FrameworkJobReport crab_fjr.xml: 
Extracted ExitStatus from FrameworkJobReport parsing output: 0
>>> Executable succeded  0
ExeExitCode=0
EXECUTABLE_EXIT_STATUS = 0
>>> current directory /scratch/condor/dir_18122/glide_TLR6cg/execute/dir_9032/CMSSW_6_2_0_SLHC12
>>>  (SOFTWARE_DIR): /scratch/condor/dir_18122/glide_TLR6cg/execute/dir_9032/CMSSW_6_2_0_SLHC12
>>> (WORKING_DIR): 
>>> current directory content:
total 247388
drwxr-xr-x 3 cms415 gplcms      4096 Feb  2 20:00 .SCRAM
-rw------- 1 cms415 gplcms    915837 Feb  2 20:00 CMSSW.py.pkl
drwxr-xr-x 3 cms415 gplcms      4096 Feb  2 20:00 bin
drwxr-xr-x 3 cms415 gplcms      4096 Feb  2 20:00 cfipython
drwxr-xr-x 4 cms415 gplcms      4096 Apr 28  2014 config
-rw------- 1 cms415 gplcms        16 Feb  2 23:04 cpu_timing.txt
drwxr-xr-x 2 cms415 gplcms      4096 Feb  2 20:00 doc
-rw------- 1 cms415 gplcms     26657 Feb  2 23:04 executable.out
drwxr-xr-x 2 cms415 gplcms      4096 Feb  2 20:00 include
drwx------ 3 cms415 gplcms      4096 Oct  7 10:12 lib
drwxr-xr-x 3 cms415 gplcms      4096 Feb  2 20:00 logs
drwxr-xr-x 3 cms415 gplcms      4096 Feb  2 20:00 objs
-rw------- 1 cms415 gplcms       104 Feb  2 20:00 pset.py
-rw------- 1 cms415 gplcms    926824 Feb  2 20:00 pset.py.pkl
-rw------- 1 cms415 gplcms       289 Feb  2 20:00 pset.pyc
drwxr-xr-x 2 cms415 gplcms      4096 Feb  2 20:00 python
-rw------- 1 cms415 gplcms       359 Feb  2 23:04 report.log
drwxr-xr-x 2 cms415 gplcms      4096 Feb  2 20:00 src
-rw------- 1 cms415 gplcms 251121382 Feb  2 23:04 step2.root
drwxr-xr-x 3 cms415 gplcms      4096 Feb  2 20:00 test
drwxr-xr-x 3 cms415 gplcms      4096 Feb  2 20:00 tmp
>>> current directory /scratch/condor/dir_18122/glide_TLR6cg/execute/dir_9032/CMSSW_6_2_0_SLHC12
>>> (SOFTWARE_DIR): /scratch/condor/dir_18122/glide_TLR6cg/execute/dir_9032/CMSSW_6_2_0_SLHC12
>>> (WORKING_DIR): 
>>> current directory content:
total 247388
drwxr-xr-x 3 cms415 gplcms      4096 Feb  2 20:00 .SCRAM
-rw------- 1 cms415 gplcms    915837 Feb  2 20:00 CMSSW.py.pkl
drwxr-xr-x 3 cms415 gplcms      4096 Feb  2 20:00 bin
drwxr-xr-x 3 cms415 gplcms      4096 Feb  2 20:00 cfipython
drwxr-xr-x 4 cms415 gplcms      4096 Apr 28  2014 config
-rw------- 1 cms415 gplcms        16 Feb  2 23:04 cpu_timing.txt
drwxr-xr-x 2 cms415 gplcms      4096 Feb  2 20:00 doc
-rw------- 1 cms415 gplcms     26657 Feb  2 23:04 executable.out
drwxr-xr-x 2 cms415 gplcms      4096 Feb  2 20:00 include
drwx------ 3 cms415 gplcms      4096 Oct  7 10:12 lib
drwxr-xr-x 3 cms415 gplcms      4096 Feb  2 20:00 logs
drwxr-xr-x 3 cms415 gplcms      4096 Feb  2 20:00 objs
-rw------- 1 cms415 gplcms       104 Feb  2 20:00 pset.py
-rw------- 1 cms415 gplcms    926824 Feb  2 20:00 pset.py.pkl
-rw------- 1 cms415 gplcms       289 Feb  2 20:00 pset.pyc
drwxr-xr-x 2 cms415 gplcms      4096 Feb  2 20:00 python
-rw------- 1 cms415 gplcms       359 Feb  2 23:04 report.log
drwxr-xr-x 2 cms415 gplcms      4096 Feb  2 20:00 src
-rw------- 1 cms415 gplcms 251121382 Feb  2 23:04 step2_135_1_LNx.root
drwxr-xr-x 3 cms415 gplcms      4096 Feb  2 20:00 test
drwxr-xr-x 3 cms415 gplcms      4096 Feb  2 20:00 tmp
>>> current directory (RUNTIME_AREA):  /scratch/condor/dir_18122/glide_TLR6cg/execute/dir_9032
PNN = T2_UK_SGrid_RALPP
SE = heplnx204.pp.rl.ac.uk
SE_PATH = /srm/managerv2?SFN=/pnfs/pp.rl.ac.uk/data/cms/store/user/dcieri/ttbar_PU140_DIGI/dcieri/ttbar/ttbar_PU140_DIGI/3c0380cf82de79bc39966c93934c61fc/
LFNBaseName = /store/user/dcieri/ttbar_PU140_DIGI/dcieri/ttbar/ttbar_PU140_DIGI/3c0380cf82de79bc39966c93934c61fc/
USER = dcieri
endpoint = srm://heplnx204.pp.rl.ac.uk:8443/srm/managerv2?SFN=/pnfs/pp.rl.ac.uk/data/cms/store/user/dcieri/ttbar_PU140_DIGI/dcieri/ttbar/ttbar_PU140_DIGI/3c0380cf82de79bc39966c93934c61fc/
>>> Copy output files from WN = heplnc196.pp.rl.ac.uk to /srm/managerv2?SFN=/pnfs/pp.rl.ac.uk/data/cms/store/user/dcieri/ttbar_PU140_DIGI/dcieri/ttbar/ttbar_PU140_DIGI/3c0380cf82de79bc39966c93934c61fc/ :
python cmscp.py  --destination srm://heplnx204.pp.rl.ac.uk:8443/srm/managerv2?SFN=/pnfs/pp.rl.ac.uk/data/cms/store/user/dcieri/ttbar_PU140_DIGI/dcieri/ttbar/ttbar_PU140_DIGI/3c0380cf82de79bc39966c93934c61fc/ --inputFileList /scratch/condor/dir_18122/glide_TLR6cg/execute/dir_9032/CMSSW_6_2_0_SLHC12/step2_135_1_LNx.root --middleware LCG --PNN T2_UK_SGrid_RALPP --se_name heplnx204.pp.rl.ac.uk --for_lfn /store/user/dcieri/ttbar_PU140_DIGI/dcieri/ttbar/ttbar_PU140_DIGI/3c0380cf82de79bc39966c93934c61fc/    
******************************************************
localSeName  =  heplnx204.pp.rl.ac.uk
remoteSeName =  heplnx204.pp.rl.ac.uk
******************************************************
{"/scratch/condor/dir_18122/glide_TLR6cg/execute/dir_9032/CMSSW_6_2_0_SLHC12/step2_135_1_LNx.root": {"endpoint": "srm://heplnx204.pp.rl.ac.uk:8443/srm/managerv2?SFN=/pnfs/pp.rl.ac.uk/data/cms/store/user/dcieri/ttbar_PU140_DIGI/dcieri/ttbar/ttbar_PU140_DIGI/3c0380cf82de79bc39966c93934c61fc/", "surl_for_grid": "", "reason": "Copy succedeed with srm-lcg utils", "erCode": "0", "PNN": "T2_UK_SGrid_RALPP", "se_name": "heplnx204.pp.rl.ac.uk", "for_lfn": "/store/user/dcieri/ttbar_PU140_DIGI/dcieri/ttbar/ttbar_PU140_DIGI/3c0380cf82de79bc39966c93934c61fc/"}}/scratch/condor/dir_18122/glide_TLR6cg/execute/dir_9032
-------- cat /scratch/condor/dir_18122/glide_TLR6cg/execute/dir_9032/cmscpReport.sh 
#!/bin/bash
echo "Report for File: /scratch/condor/dir_18122/glide_TLR6cg/execute/dir_9032/CMSSW_6_2_0_SLHC12/step2_135_1_LNx.root"
echo "LFN: /store/user/dcieri/ttbar_PU140_DIGI/dcieri/ttbar/ttbar_PU140_DIGI/3c0380cf82de79bc39966c93934c61fc/step2_135_1_LNx.root"
echo "StorageElement: heplnx204.pp.rl.ac.uk"
echo "StageOutExitStatusReason = 'Copy succedeed with srm-lcg utils'" | tee -a $RUNTIME_AREA/$repo
echo "StageOutSE = heplnx204.pp.rl.ac.uk" >> $RUNTIME_AREA/$repo

export StageOutExitStatus=0
echo "StageOutExitStatus = 0" | tee -a $RUNTIME_AREA/$repo
-------- end of /scratch/condor/dir_18122/glide_TLR6cg/execute/dir_9032/cmscpReport.sh 
Report for File: /scratch/condor/dir_18122/glide_TLR6cg/execute/dir_9032/CMSSW_6_2_0_SLHC12/step2_135_1_LNx.root
LFN: /store/user/dcieri/ttbar_PU140_DIGI/dcieri/ttbar/ttbar_PU140_DIGI/3c0380cf82de79bc39966c93934c61fc/step2_135_1_LNx.root
StorageElement: heplnx204.pp.rl.ac.uk
StageOutExitStatusReason = 'Copy succedeed with srm-lcg utils'
StageOutExitStatus = 0
>>> current dir: /scratch/condor/dir_18122/glide_TLR6cg/execute/dir_9032
>>> current dir content:
total 8828
-rw-------  1 cms415 gplcms    2922 Feb  2 23:04 .SEinteraction.log
-rwx------  1 cms415 gplcms      53 Feb  2 19:58 .chirp_config
-rwx------  1 cms415 gplcms    7824 Feb  2 19:58 .job.ad
-rwx------  1 cms415 gplcms    9758 Feb  2 19:58 .machine.ad
-rw-------  1 cms415 gplcms     105 Feb  2 12:16 CMSSW.py
-rw-------  1 cms415 gplcms  915837 Feb  2 12:16 CMSSW.py.pkl
-rwx------  1 cms415 gplcms   29498 Feb  2 20:00 CMSSW.sh
drwxr-xr-x 15 cms415 gplcms    4096 Feb  2 23:04 CMSSW_6_2_0_SLHC12
-rw-------  1 cms415 gplcms     189 Feb  2 20:00 CacheEnv.sh
-rw-------  1 cms415 gplcms    7291 Nov 19 14:52 DashboardAPI.py
-rw-------  1 cms415 gplcms    6455 Feb  2 20:00 DashboardAPI.pyc
drwx------  2 cms415 gplcms    4096 Feb  2 23:04 IMProv
-rw-------  1 cms415 gplcms    2748 Nov 19 14:52 Logger.py
-rw-------  1 cms415 gplcms    3227 Feb  2 20:00 Logger.pyc
-rw-------  1 cms415 gplcms   24524 Nov 19 14:52 ProcInfo.py
-rw-------  1 cms415 gplcms   22621 Feb  2 20:00 ProcInfo.pyc
drwx------  7 cms415 gplcms    4096 Feb  2 20:00 ProdCommon
drwx------  3 cms415 gplcms    4096 Feb  2 20:00 WMCore
-rw-------  1 cms415 gplcms    9180 Feb  2 23:04 Watchdog_135.log
-rwx------  1 cms415 gplcms       0 Feb  2 20:00 _condor_stderr
-rwx---r--  1 cms415 gplcms   41399 Feb  2 23:04 _condor_stdout
-rw-------  1 cms415 gplcms   32895 Nov 19 14:52 apmon.py
-rw-------  1 cms415 gplcms   27929 Feb  2 20:00 apmon.pyc
-rwx------  1 cms415 gplcms  134309 Feb  2 20:00 arguments.xml
-rwx------  1 cms415 gplcms   38581 Nov 19 14:52 cmscp.py
-rw-------  1 cms415 gplcms     561 Feb  2 23:04 cmscpReport.sh
-rwx------  1 cms415 gplcms   29498 Feb  2 20:00 condor_exec.exe
-rw-------  1 cms415 gplcms     544 Feb  2 12:16 crab.cfg
-rwx------  1 cms415 gplcms    8610 Nov 19 14:52 crabWatchdog.sh
-rwx---r--  1 cms415 gplcms  112101 Feb  2 23:04 crab_fjr_135.xml
-rwx------  1 cms415 gplcms 7390485 Feb  2 20:00 default.tgz
-rwx------  1 cms415 gplcms    4488 Nov 19 14:52 fillCrabFjr.py
-rw-------  1 cms415 gplcms     226 Feb  2 20:00 inputsReport.txt
-rw-------  1 cms415 gplcms     245 Feb  2 23:04 jobreport.txt
-rw-------  1 cms415 gplcms   17352 Nov 19 14:52 parseCrabFjr.py
-rw-------  1 cms415 gplcms     324 Feb  2 20:00 report.log
-rwx--x--x  1 cms415 gplcms    1497 Nov 19 14:52 report.py
-rw-------  1 cms415 gplcms     554 Feb  2 23:04 resultCopyFile
lrwxrwxrwx  1 cms415 gplcms      95 Feb  2 23:04 step2.root -> /scratch/condor/dir_18122/glide_TLR6cg/execute/dir_9032/CMSSW_6_2_0_SLHC12/step2_135_1_LNx.root
-rwx------  1 cms415 gplcms    8351 Nov 19 14:52 writeCfg.py
-rw-------  1 cms415 gplcms   10297 Feb  2 19:58 x509up_u62281
>>> Modify Job Report:
CMSSW_VERSION = CMSSW_6_2_0_SLHC12
ProcessedDataset = ttbar_PU140_DIGI
/scratch/condor/dir_18122/glide_TLR6cg/execute/dir_9032/ProdCommon/FwkJobRep/ModifyJobReport.py fjr /scratch/condor/dir_18122/glide_TLR6cg/execute/dir_9032/crab_fjr_135.xml json /scratch/condor/dir_18122/glide_TLR6cg/execute/dir_9032/resultCopyFile n_job 135_1_LNx PrimaryDataset ttbar  ApplicationFamily cmsRun ApplicationName cmsRun cmssw_version CMSSW_6_2_0_SLHC12 psethash 3c0380cf82de79bc39966c93934c61fc UserProcessedDataset dcieri-ttbar_PU140_DIGI-3c0380cf82de79bc39966c93934c61fc
inputDict =  {u'/scratch/condor/dir_18122/glide_TLR6cg/execute/dir_9032/CMSSW_6_2_0_SLHC12/step2_135_1_LNx.root': {u'endpoint': u'srm://heplnx204.pp.rl.ac.uk:8443/srm/managerv2?SFN=/pnfs/pp.rl.ac.uk/data/cms/store/user/dcieri/ttbar_PU140_DIGI/dcieri/ttbar/ttbar_PU140_DIGI/3c0380cf82de79bc39966c93934c61fc/', u'surl_for_grid': u'', u'reason': u'Copy succedeed with srm-lcg utils', u'erCode': u'0', u'PNN': u'T2_UK_SGrid_RALPP', u'se_name': u'heplnx204.pp.rl.ac.uk', u'for_lfn': u'/store/user/dcieri/ttbar_PU140_DIGI/dcieri/ttbar/ttbar_PU140_DIGI/3c0380cf82de79bc39966c93934c61fc/'}}
UserProcessedDataset =  dcieri-ttbar_PU140_DIGI-3c0380cf82de79bc39966c93934c61fc
WORKING ON EDM FILE
file_name in inputDict =  /scratch/condor/dir_18122/glide_TLR6cg/execute/dir_9032/CMSSW_6_2_0_SLHC12/step2_135_1_LNx.root
(size) os.stat(filename)[6] =  251121382
checksum =  1302120916
    file =  step2_135_1_LNx.root
    newPfn =  srm://heplnx204.pp.rl.ac.uk:8443/srm/managerv2?SFN=/pnfs/pp.rl.ac.uk/data/cms/store/user/dcieri/ttbar_PU140_DIGI/dcieri/ttbar/ttbar_PU140_DIGI/3c0380cf82de79bc39966c93934c61fc/step2_135_1_LNx.root
    newLfn =  /store/user/dcieri/ttbar_PU140_DIGI/dcieri/ttbar/ttbar_PU140_DIGI/3c0380cf82de79bc39966c93934c61fc/step2_135_1_LNx.root
>>> crab_fjr_*.xml  permission set to 0704
CrabWrapper EXIT_FUNC entered at Mon Feb  2 23:04:59 GMT 2015   -  Mon Feb  2 23:04:59 UTC 2015
Checking output files:  
will tar file crab_fjr_135.xml in  out_files_135
WARNING: output file CMSSW_135.stdout not found!
WARNING: output file CMSSW_135.stderr not found!
WARNING: output file Watchdog_135.log.gz not found!
>>> padding time: Wrapper lasting more than 600 seconds. No sleep required.
STOPPING WATCHDOG. CrabWatchdog PID is 9751
********** LAST 50 LINES OF WATCHDOG LOG
 Feb 02 20:13:26 GMT	9884	833484	1231468	52	75	783	cmsRun -j /scratch/condor/dir_18122/glide_TLR6cg/execute/dir_9032/crab_fjr_135.xml -p pset.py      
 Feb 02 20:15:26 GMT	9884	870336	1231468	52	78	903	cmsRun -j /scratch/condor/dir_18122/glide_TLR6cg/execute/dir_9032/crab_fjr_135.xml -p pset.py      
 Feb 02 20:16:27 GMT	9884	870336	1240688	52	81	964	cmsRun -j /scratch/condor/dir_18122/glide_TLR6cg/execute/dir_9032/crab_fjr_135.xml -p pset.py      
 Feb 02 20:17:28 GMT	9884	870336	1243504	52	83	1025	cmsRun -j /scratch/condor/dir_18122/glide_TLR6cg/execute/dir_9032/crab_fjr_135.xml -p pset.py      
 Feb 02 20:18:28 GMT	9884	870336	1246576	52	85	1085	cmsRun -j /scratch/condor/dir_18122/glide_TLR6cg/execute/dir_9032/crab_fjr_135.xml -p pset.py      
 Feb 02 20:19:28 GMT	9884	870336	1254256	52	88	1146	cmsRun -j /scratch/condor/dir_18122/glide_TLR6cg/execute/dir_9032/crab_fjr_135.xml -p pset.py      
 Feb 02 20:21:29 GMT	9884	870336	1263216	52	94	1266	cmsRun -j /scratch/condor/dir_18122/glide_TLR6cg/execute/dir_9032/crab_fjr_135.xml -p pset.py      
 Feb 02 20:22:29 GMT	9884	870336	1277808	52	98	1326	cmsRun -j /scratch/condor/dir_18122/glide_TLR6cg/execute/dir_9032/crab_fjr_135.xml -p pset.py      
 Feb 02 20:23:29 GMT	9884	914728	1352048	52	106	1386	cmsRun -j /scratch/condor/dir_18122/glide_TLR6cg/execute/dir_9032/crab_fjr_135.xml -p pset.py      
 Feb 02 20:24:29 GMT	9884	977460	1412976	52	114	1447	cmsRun -j /scratch/condor/dir_18122/glide_TLR6cg/execute/dir_9032/crab_fjr_135.xml -p pset.py      
 Feb 02 20:25:30 GMT	9884	978440	1414768	52	116	1507	cmsRun -j /scratch/condor/dir_18122/glide_TLR6cg/execute/dir_9032/crab_fjr_135.xml -p pset.py      
 Feb 02 20:27:30 GMT	9884	985016	1420912	52	120	1627	cmsRun -j /scratch/condor/dir_18122/glide_TLR6cg/execute/dir_9032/crab_fjr_135.xml -p pset.py      
 Feb 02 20:28:30 GMT	9884	988044	1422960	52	122	1688	cmsRun -j /scratch/condor/dir_18122/glide_TLR6cg/execute/dir_9032/crab_fjr_135.xml -p pset.py      
 Feb 02 20:29:31 GMT	9884	988760	1422960	52	125	1748	cmsRun -j /scratch/condor/dir_18122/glide_TLR6cg/execute/dir_9032/crab_fjr_135.xml -p pset.py      
 Feb 02 20:30:31 GMT	9884	1130620	1710124	52	157	1808	cmsRun -j /scratch/condor/dir_18122/glide_TLR6cg/execute/dir_9032/crab_fjr_135.xml -p pset.py      
 Feb 02 20:30:31 GMT	---	1130620	1710124	76	----	----	----
 Feb 02 20:32:32 GMT	9884	1137660	1710124	76	161	1963	cmsRun -j /scratch/condor/dir_18122/glide_TLR6cg/execute/dir_9032/crab_fjr_135.xml -p pset.py      
 Feb 02 20:34:06 GMT	9884	1145812	1710124	76	164	2023	cmsRun -j /scratch/condor/dir_18122/glide_TLR6cg/execute/dir_9032/crab_fjr_135.xml -p pset.py      
 Feb 02 20:35:06 GMT	9884	1149532	1710124	76	167	2083	cmsRun -j /scratch/condor/dir_18122/glide_TLR6cg/execute/dir_9032/crab_fjr_135.xml -p pset.py      
 Feb 02 20:36:06 GMT	9884	1150476	1710124	76	170	2144	cmsRun -j /scratch/condor/dir_18122/glide_TLR6cg/execute/dir_9032/crab_fjr_135.xml -p pset.py      
 Feb 02 20:40:07 GMT	9884	1152708	1710124	76	179	2384	cmsRun -j /scratch/condor/dir_18122/glide_TLR6cg/execute/dir_9032/crab_fjr_135.xml -p pset.py      
 Feb 02 20:41:07 GMT	9884	1155400	1710124	76	181	2445	cmsRun -j /scratch/condor/dir_18122/glide_TLR6cg/execute/dir_9032/crab_fjr_135.xml -p pset.py      
 Feb 02 20:42:08 GMT	9884	1159132	1710124	76	185	2505	cmsRun -j /scratch/condor/dir_18122/glide_TLR6cg/execute/dir_9032/crab_fjr_135.xml -p pset.py      
 Feb 02 20:43:08 GMT	9884	1160172	1710124	76	188	2565	cmsRun -j /scratch/condor/dir_18122/glide_TLR6cg/execute/dir_9032/crab_fjr_135.xml -p pset.py      
 Feb 02 20:44:08 GMT	9884	1162320	1714220	76	191	2625	cmsRun -j /scratch/condor/dir_18122/glide_TLR6cg/execute/dir_9032/crab_fjr_135.xml -p pset.py      
 Feb 02 20:45:08 GMT	9884	1164404	1714220	76	194	2686	cmsRun -j /scratch/condor/dir_18122/glide_TLR6cg/execute/dir_9032/crab_fjr_135.xml -p pset.py      
 Feb 02 20:46:09 GMT	9884	1202212	1720108	76	201	2746	cmsRun -j /scratch/condor/dir_18122/glide_TLR6cg/execute/dir_9032/crab_fjr_135.xml -p pset.py      
 Feb 02 20:48:09 GMT	9884	1287728	1727020	76	212	2866	cmsRun -j /scratch/condor/dir_18122/glide_TLR6cg/execute/dir_9032/crab_fjr_135.xml -p pset.py      
 Feb 02 20:49:09 GMT	9884	1292500	1728556	76	214	2927	cmsRun -j /scratch/condor/dir_18122/glide_TLR6cg/execute/dir_9032/crab_fjr_135.xml -p pset.py      
 Feb 02 20:50:10 GMT	9884	1296212	1733676	76	217	2987	cmsRun -j /scratch/condor/dir_18122/glide_TLR6cg/execute/dir_9032/crab_fjr_135.xml -p pset.py      
 Feb 02 20:51:10 GMT	9884	1298180	1733676	76	220	3047	cmsRun -j /scratch/condor/dir_18122/glide_TLR6cg/execute/dir_9032/crab_fjr_135.xml -p pset.py      
 Feb 02 20:52:10 GMT	9884	1424004	1847812	76	237	3108	cmsRun -j /scratch/condor/dir_18122/glide_TLR6cg/execute/dir_9032/crab_fjr_135.xml -p pset.py      
 Feb 02 20:52:10 GMT	---	1424004	1847812	88	----	----	----
 Feb 02 20:53:11 GMT	---	1424004	1847812	98	----	----	----
 Feb 02 21:19:19 GMT	9884	1463564	1884932	98	320	4736	cmsRun -j /scratch/condor/dir_18122/glide_TLR6cg/execute/dir_9032/crab_fjr_135.xml -p pset.py      
 Feb 02 21:20:19 GMT	---	1463564	1884932	125	----	----	----
 Feb 02 21:42:27 GMT	---	1463564	1884932	146	----	----	----
 Feb 02 22:01:32 GMT	---	1463564	1884932	169	----	----	----
 Feb 02 22:26:40 GMT	---	1463564	1884932	180	----	----	----
 Feb 02 22:27:40 GMT	---	1463564	1884932	189	----	----	----
 Feb 02 22:37:43 GMT	---	1463564	1884932	210	----	----	----
 Feb 02 22:43:46 GMT	9884	1463564	1890056	210	708	9803	cmsRun -j /scratch/condor/dir_18122/glide_TLR6cg/execute/dir_9032/crab_fjr_135.xml -p pset.py      
 Feb 02 22:44:47 GMT	9884	1463564	1896712	210	723	9864	cmsRun -j /scratch/condor/dir_18122/glide_TLR6cg/execute/dir_9032/crab_fjr_135.xml -p pset.py      
 Feb 02 22:45:47 GMT	9884	1463564	1913096	210	735	9924	cmsRun -j /scratch/condor/dir_18122/glide_TLR6cg/execute/dir_9032/crab_fjr_135.xml -p pset.py      
 Feb 02 22:46:47 GMT	9884	1604588	2016520	210	756	9984	cmsRun -j /scratch/condor/dir_18122/glide_TLR6cg/execute/dir_9032/crab_fjr_135.xml -p pset.py      
 Feb 02 22:46:47 GMT	---	1604588	2016520	216	----	----	----
 Feb 02 22:47:47 GMT	---	1604588	2016520	235	----	----	----
 Feb 02 22:55:49 GMT	---	1604588	2016520	256	----	----	----
 Feb 02 23:03:52 GMT	9884	1604588	2037004	256	914	11009	cmsRun -j /scratch/condor/dir_18122/glide_TLR6cg/execute/dir_9032/crab_fjr_135.xml -p pset.py      
 Feb 02 23:04:52 GMT	---	1604588	2037004	277	----	----	----
********** WATCHDOG LOG ENDED
ZIPPING WATCHDOG LOG
Disk space used:
du -sh /scratch/condor/dir_18122/glide_TLR6cg/execute/dir_9032
277M	/scratch/condor/dir_18122/glide_TLR6cg/execute/dir_9032
Found unusual stdout, rename for OSB
`/scratch/condor/dir_18122/glide_TLR6cg/execute/dir_9032/_condor_stdout' -> `CMSSW_135.stdout'
Found unusual stderr, rename for OSB
`/scratch/condor/dir_18122/glide_TLR6cg/execute/dir_9032/_condor_stdout' -> `CMSSW_135.stderr'
crab_fjr_135.xml
CMSSW_135.stdout
CMSSW_135.stderr
Watchdog_135.log.gz
Total Output dimension: 24417
WARNING: output files size limit is set to: 50000000
Total Output dimension 24417 is fine.
JOB_EXIT_STATUS = 0
>>> info for dashboard:
***** Cat /scratch/condor/dir_18122/glide_TLR6cg/execute/dir_9032/jobreport.txt *****
MonitorJobID=135_https://submit-6.t2.ucsd.edu//150202//509447.134
MonitorID=dcieri_PU140_4dm08r
ExeTime=11018
ExeExitCode=0
StageOutExitStatusReason = 'Copy succedeed with srm-lcg utils'
StageOutSE = heplnx204.pp.rl.ac.uk
StageOutExitStatus = 0
CrabUserCpuTime=895.42
CrabSysCpuTime=32.29
CrabCpuPercentage=8%
CrabWrapperTime=11081
CrabStageoutTime=49
JobExitCode=0
***** End Cat jobreport *****
Parameters sent to Dashboard.
EXITING at Mon Feb  2 23:05:01 GMT 2015  -  Mon Feb  2 23:05:01 UTC 2015
