This script was generated by crab (version 2.11.1_patch1).
Running /scratch/condor/dir_30886/glide_OUmCbB/execute/dir_3669/condor_exec.exe with 2 positional parameters: 201 1
Today is Mon Feb  2 20:14:11 GMT 2015 - Mon Feb  2 20:14:11 UTC 2015
Job submitted on host heplnc054.pp.rl.ac.uk
Linux heplnc054.pp.rl.ac.uk 2.6.32-504.3.3.el6.x86_64 #1 SMP Tue Dec 16 14:29:22 CST 2014 x86_64 x86_64 x86_64 GNU/Linux
Distributor ID:	Scientific
Description:	Scientific Linux release 6.6 (Carbon)
>>> current directory (RUNTIME_AREA): /scratch/condor/dir_30886/glide_OUmCbB/execute/dir_3669
>>> current user: uid=157415(cms415) gid=157000(gplcms) groups=157000(gplcms)
>>> directory permission set to 0700
>>> umask set to:  u=rwx,g=,o=
>>> stdout stderr permission set to 0704
>>> voms proxy information:
subject   : /DC=ch/DC=cern/OU=Organic Units/OU=Users/CN=dcieri/CN=755391/CN=Davide Cieri/CN=769881070/CN=1810467547
issuer    : /DC=ch/DC=cern/OU=Organic Units/OU=Users/CN=dcieri/CN=755391/CN=Davide Cieri/CN=769881070
identity  : /DC=ch/DC=cern/OU=Organic Units/OU=Users/CN=dcieri/CN=755391/CN=Davide Cieri
type      : RFC3820 compliant limited proxy
strength  : 1024
path      : /scratch/condor/dir_30886/glide_OUmCbB/execute/dir_3669/x509up_u62281
timeleft  : 23:58:35
key usage : Digital Signature, Key Encipherment
=== VO cms extension information ===
VO        : cms
subject   : /DC=ch/DC=cern/OU=Organic Units/OU=Users/CN=dcieri/CN=755391/CN=Davide Cieri
issuer    : /DC=ch/DC=cern/OU=computers/CN=lcg-voms2.cern.ch
attribute : /cms/Role=NULL/Capability=NULL
timeleft  : 184:02:13
uri       : lcg-voms2.cern.ch:15002

WNHostName=heplnc054.pp.rl.ac.uk
$_CONDOR_JOB_AD =/scratch/condor/dir_30886/glide_OUmCbB/execute/dir_3669/.job.ad
OverflowFlag=0
>>> tar --no-same-permissions -xf /scratch/condor/dir_30886/glide_OUmCbB/execute/dir_3669/default.tgz :
Successful untar
>>> Include /scratch/condor/dir_30886/glide_OUmCbB/execute/dir_3669 in PYTHONPATH:
strip arguments
env var CRAB_UNIQUE_JOB_ID set to: dcieri_PU140_4dm08r_201_1_NKD
out_files_201
>>> list of expected files on output sandbox
output files: crab_fjr_201.xml CMSSW_201.stdout CMSSW_201.stderr Watchdog_201.log.gz
>>> GridFlavour discovery: 
GridFlavour=LCG
>>> SyncSite discovery: 
SyncSite=T2_UK_SGrid_RALPP
>>> SyncCE discovery: 
getting SyncCE from GLIDEIN_Gaekeeper
SyncCE=heplnv147.pp.rl.ac.uk
>>> info for dashboard:
***** Cat /scratch/condor/dir_30886/glide_OUmCbB/execute/dir_3669/jobreport.txt *****
WNHostName=heplnc054.pp.rl.ac.uk
OverflowFlag=0
MonitorJobID=201_https://submit-6.t2.ucsd.edu//150202//509447.200
SyncGridJobId=https://submit-6.t2.ucsd.edu//150202//509447.200
MonitorID=dcieri_PU140_4dm08r
GridFlavour=LCG
SyncSite=T2_UK_SGrid_RALPP
SyncCE=heplnv147.pp.rl.ac.uk
***** End Cat jobreport *****
Parameters sent to Dashboard.
>>> setup environment
set SCRAM ARCH to slc6_amd64_gcc472
SCRAM_ARCH = slc6_amd64_gcc472
>>> setup CMS LCG environment:
set SCRAM ARCH and BUILD_ARCH to slc6_amd64_gcc472 ###
Sourcing environment... 
sourcing /cvmfs/cms.cern.ch/cmsset_default.sh
==> setup cms environment ok
>>> specific cmssw setup environment:
CMSSW_VERSION =  CMSSW_6_2_0_SLHC12
WARNING: In non-interactive mode release checks e.g. deprecated releases, production architectures are disabled.
>>> current directory (SOFTWARE_DIR): /scratch/condor/dir_30886/glide_OUmCbB/execute/dir_3669/CMSSW_6_2_0_SLHC12
PreserveSeeds: <>
IncrementSeeds:<>
>>> info for dashboard:
***** Cat /scratch/condor/dir_30886/glide_OUmCbB/execute/dir_3669/jobreport.txt *****
MonitorJobID=201_https://submit-6.t2.ucsd.edu//150202//509447.200
MonitorID=dcieri_PU140_4dm08r
***** End Cat jobreport *****
Parameters sent to Dashboard.
crabWatchdog started as process 7230
>>> moving CMSSW software directories in /scratch/condor/dir_30886/glide_OUmCbB/execute/dir_3669/CMSSW_6_2_0_SLHC12
mv: cannot stat `/scratch/condor/dir_30886/glide_OUmCbB/execute/dir_3669/module/': No such file or directory
>>> Include /scratch/condor/dir_30886/glide_OUmCbB/execute/dir_3669 in PYTHONPATH:
PYTHONPATH=/scratch/condor/dir_30886/glide_OUmCbB/execute/dir_3669/:/scratch/condor/dir_30886/glide_OUmCbB/execute/dir_3669/CMSSW_6_2_0_SLHC12/python:/scratch/condor/dir_30886/glide_OUmCbB/execute/dir_3669/CMSSW_6_2_0_SLHC12/lib/slc6_amd64_gcc472:/cvmfs/cms.cern.ch/slc6_amd64_gcc472/cms/cmssw/CMSSW_6_2_0_SLHC12/python:/cvmfs/cms.cern.ch/slc6_amd64_gcc472/cms/cmssw/CMSSW_6_2_0_SLHC12/lib/slc6_amd64_gcc472:/cvmfs/cms.cern.ch/slc6_amd64_gcc472/cms/coral/CORAL_2_3_21-cms35/slc6_amd64_gcc472/python:/cvmfs/cms.cern.ch/slc6_amd64_gcc472/cms/coral/CORAL_2_3_21-cms35/slc6_amd64_gcc472/lib:/cvmfs/cms.cern.ch/slc6_amd64_gcc472/external/python-ldap/2.3.5-cms5/lib/python2.7/site-packages:/cvmfs/cms.cern.ch/slc6_amd64_gcc472/external/pyqt/4.8.1-cms5/lib/python2.7/site-packages:/cvmfs/cms.cern.ch/slc6_amd64_gcc472/external/py2-scipy/0.8.0-cms7/lib/python2.7/site-packages:/cvmfs/cms.cern.ch/slc6_amd64_gcc472/external/py2-matplotlib/1.0.1-cms7/lib/python2.7/site-packages:/cvmfs/cms.cern.ch/slc6_amd64_gcc472/external/sip/4.11.2-cms5/lib/python2.7/site-packages:/cvmfs/cms.cern.ch/slc6_amd64_gcc472/external/py2-pycurl/7.19.0-cms7/lib/python2.7/site-packages:/cvmfs/cms.cern.ch/slc6_amd64_gcc472/external/py2-numpy/1.6.1-cms7/lib/python2.7/site-packages:/cvmfs/cms.cern.ch/slc6_amd64_gcc472/external/py2-lint/0.25.1-cms5/lib/python2.7/site-packages:/cvmfs/cms.cern.ch/slc6_amd64_gcc472/external/py2-ipython/0.10-cms5/lib/python2.7/site-packages:/cvmfs/cms.cern.ch/slc6_amd64_gcc472/external/py2-cx-oracle/5.1-cms5/lib/python2.7/site-packages:/cvmfs/cms.cern.ch/slc6_amd64_gcc472/external/py2-cjson/1.0.5-cms5/lib/python2.7/site-packages:/cvmfs/cms.cern.ch/slc6_amd64_gcc472/cms/das-client/1.11.7/bin:/cvmfs/cms.cern.ch/slc6_amd64_gcc472/external/elementtree/1.2.6-cms5/share/lib/python2.7/site-packages:/cvmfs/cms.cern.ch/slc6_amd64_gcc472/external/rivet/1.8.2-cms9/lib/python2.7/site-packages:/cvmfs/cms.cern.ch/slc6_amd64_gcc472/external/pyminuit2/0.0.1-cms19/lib/python2.7/site-packages:/cvmfs/cms.cern.ch/slc6_amd64_gcc472/external/py2-pygithub/1.23.0-cms2/lib/python2.7/site-packages:/cvmfs/cms.cern.ch/slc6_amd64_gcc472/external/professor/1.0.0-cms19/lib/python2.7/site-packages:/cvmfs/cms.cern.ch/slc6_amd64_gcc472/lcg/root/5.34.07-cms/lib:/cvmfs/cms.cern.ch/slc6_amd64_gcc472/cms/dbs-client/DBS_2_1_9-cms5/lib:/cvmfs/cms.cern.ch/slc6_amd64_gcc472/cms/dbs-client/DBS_2_1_9-cms5/lib/DBSAPI:/cvmfs/cms.cern.ch/slc6_amd64_gcc472/external/cvs2git/5419-cms/lib:/scratch/condor/dir_30886/glide_OUmCbB/execute/dir_3669/
 
# LIMITS USED BY CRAB WATCHDOG:
# RSS  (KBytes)   : 2300000
# VSZ  (KBytes)   : 100000000
# DISK (MBytes)   : 19000
# CPU TIME        : 720h:0m:0s
# WALL CLOCK TIME : 21h:50m:0s
 
3c0380cf82de79bc39966c93934c61fc
PSETHASH = 3c0380cf82de79bc39966c93934c61fc
/scratch/condor/dir_30886/glide_OUmCbB/execute/dir_3669/writeCfg.py pset.py pset.py
Importing .py file
Setting parameters
RandomNumberGeneratorService found, will attempt to change seeds
inputBlocks=/ttbar/dcieri-ttbar_SIM-130075366148575c102f0d64fd3ac8f7/USER#42f4abf6-431f-4645-8b28-bf101a629022
inputFiles=/store/user/dcieri/ttbar_SIM/ttbar/ttbar_SIM/150129_145223/0000/step1_347.root
parentFiles=
lumisRange=
>>> Executable cmsRun
/cvmfs/cms.cern.ch/slc6_amd64_gcc472/cms/cmssw/CMSSW_6_2_0_SLHC12/bin/slc6_amd64_gcc472/cmsRun
ok executable found
>>> info for dashboard:
***** Cat /scratch/condor/dir_30886/glide_OUmCbB/execute/dir_3669/jobreport.txt *****
MonitorJobID=201_https://submit-6.t2.ucsd.edu//150202//509447.200
MonitorID=dcieri_PU140_4dm08r
ExeStart=cmsRun
***** End Cat jobreport *****
Parameters sent to Dashboard.
>>> cmsRun started at Mon Feb  2 20:14:18 UTC 2015
>>> cmsRun ended at Mon Feb  2 23:10:14 UTC 2015
>>> crab_fjr_*.xml  permission set to 0704
>>> info for dashboard:
***** Cat /scratch/condor/dir_30886/glide_OUmCbB/execute/dir_3669/jobreport.txt *****
MonitorJobID=201_https://submit-6.t2.ucsd.edu//150202//509447.200
MonitorID=dcieri_PU140_4dm08r
ExeEnd=cmsRun
***** End Cat jobreport *****
Parameters sent to Dashboard.
TIME_EXE = 10556 sec
>>> cmsRun wrote 222 lines of stdout+stderr
>>> START OF printout of 222 lines from stdout+stderr
271 DQMStore::DQMStore 
HcalTopologyIdealEP::HcalTopologyIdealEP
02-Feb-2015 20:14:26 GMT  Initiating request to open file root://dcap.pp.rl.ac.uk:1094/pnfs/pp.rl.ac.uk/data/cms/store/user/dcieri/ttbar_SIM/ttbar/ttbar_SIM/150129_145223/0000/step1_347.root
02-Feb-2015 20:14:29 GMT  Successfully opened file root://dcap.pp.rl.ac.uk:1094/pnfs/pp.rl.ac.uk/data/cms/store/user/dcieri/ttbar_SIM/ttbar/ttbar_SIM/150129_145223/0000/step1_347.root
02-Feb-2015 20:14:30 GMT  Initiating request to open file root://xrootd.unl.edu//store/group/dpg_trigger/comm_trigger/L1TrackTrigger/620_SLHC10/Extended2023TTI/MinBias/MinBias_TuneZ2star_GEN_SIM_1.root
02-Feb-2015 20:14:31 GMT  Successfully opened file root://xrootd.unl.edu//store/group/dpg_trigger/comm_trigger/L1TrackTrigger/620_SLHC10/Extended2023TTI/MinBias/MinBias_TuneZ2star_GEN_SIM_1.root
disableME1a = 0
HcalTopologyIdealEP::produce(const IdealGeometryRecord& iRecord)
mode = 2, maxDepthHB = 3, maxDepthHE = 5
RPCGeometryESModule :: produce
RPCGeometryESModule :: produce :: 1/4 Get Muon Ideal Geometry Record
RPCGeometryESModule :: produce :: 2/4 Get Muon DDD Constants
RPCGeometryESModule :: produce :: 3/4 Get Muon Numbering Record
in MuonNumberingInitialization::initializeMuonDDDConstants
about to make my new muonDDDConst_
in MuonNumberingInitialization::produce
RPCGeometryESModule :: produce :: 4/4 Build
Found:

	Barrel Stack layer 5 : 1008 stacks
	Barrel Stack layer 6 : 1320 stacks
	Barrel Stack layer 7 : 1836 stacks
	Barrel Stack layer 8 : 1152 stacks
	Barrel Stack layer 9 : 1488 stacks
	Barrel Stack layer 10 : 1824 stacks

	Endcap Stack disk 11 : 1360 stacks
	Endcap Stack disk 12 : 1360 stacks
	Endcap Stack disk 13 : 1360 stacks
	Endcap Stack disk 14 : 1360 stacks
	Endcap Stack disk 15 : 1360 stacks
Created 15428 stacks in 11 s

TTClusterBuilder< edm::Ref<edm::DetSetVector<PixelDigi>, PixelDigi, edm::refhelper::FindForDetSetVector<PixelDigi> > > loaded modules:
	TTClusterAlgorithm:	TTClusterAlgorithm_2d2013< edm::Ref<edm::DetSetVector<PixelDigi>, PixelDigi, edm::refhelper::FindForDetSetVector<PixelDigi> > >


TTStubBuilder< edm::Ref<edm::DetSetVector<PixelDigi>, PixelDigi, edm::refhelper::FindForDetSetVector<PixelDigi> > > loaded modules:
	TTStubAlgorithm:	TTStubAlgorithm_tab2013< edm::Ref<edm::DetSetVector<PixelDigi>, PixelDigi, edm::refhelper::FindForDetSetVector<PixelDigi> > >


TTClusterAssociator< edm::Ref<edm::DetSetVector<PixelDigi>, PixelDigi, edm::refhelper::FindForDetSetVector<PixelDigi> > > loaded.


TTStubAssociator< edm::Ref<edm::DetSetVector<PixelDigi>, PixelDigi, edm::refhelper::FindForDetSetVector<PixelDigi> > > loaded.


TTTrackAssociator< edm::Ref<edm::DetSetVector<PixelDigi>, PixelDigi, edm::refhelper::FindForDetSetVector<PixelDigi> > > loaded.

Begin processing the 1st record. Run 1, Event 3461, LumiSection 347 at 02-Feb-2015 20:14:56.650 GMT
02-Feb-2015 20:15:01 GMT  Closed file root://xrootd.unl.edu//store/group/dpg_trigger/comm_trigger/L1TrackTrigger/620_SLHC10/Extended2023TTI/MinBias/MinBias_TuneZ2star_GEN_SIM_1.root
02-Feb-2015 20:15:01 GMT  Initiating request to open file root://xrootd.unl.edu//store/group/dpg_trigger/comm_trigger/L1TrackTrigger/620_SLHC10/Extended2023TTI/MinBias/MinBias_TuneZ2star_GEN_SIM_7.root
02-Feb-2015 20:15:32 GMT  Successfully opened file root://xrootd.unl.edu//store/group/dpg_trigger/comm_trigger/L1TrackTrigger/620_SLHC10/Extended2023TTI/MinBias/MinBias_TuneZ2star_GEN_SIM_7.root
150202 20:20:26 7695 Xrd: XrdClientMessage::ReadRaw: Failed to read header (8 bytes).
150202 20:20:56 7693 Xrd: XrdClientMessage::ReadRaw: Failed to read header (8 bytes).
02-Feb-2015 20:26:05 GMT  Closed file root://xrootd.unl.edu//store/group/dpg_trigger/comm_trigger/L1TrackTrigger/620_SLHC10/Extended2023TTI/MinBias/MinBias_TuneZ2star_GEN_SIM_7.root
02-Feb-2015 20:26:05 GMT  Initiating request to open file root://xrootd.unl.edu//store/group/dpg_trigger/comm_trigger/L1TrackTrigger/620_SLHC10/Extended2023TTI/MinBias/MinBias_TuneZ2star_GEN_SIM_5.root
150202 20:26:42 1297 Xrd: CheckErrorStatus: Server [llrxrd-redir.in2p3.fr:1094] declared: session not found(error code: 3011)
02-Feb-2015 20:26:43 GMT  Successfully opened file root://xrootd.unl.edu//store/group/dpg_trigger/comm_trigger/L1TrackTrigger/620_SLHC10/Extended2023TTI/MinBias/MinBias_TuneZ2star_GEN_SIM_5.root
150202 20:31:26 10079 Xrd: XrdClientMessage::ReadRaw: Failed to read header (8 bytes).
150202 20:31:57 3880 Xrd: XrdClientMessage::ReadRaw: Failed to read header (8 bytes).
02-Feb-2015 20:34:56 GMT  Closed file root://xrootd.unl.edu//store/group/dpg_trigger/comm_trigger/L1TrackTrigger/620_SLHC10/Extended2023TTI/MinBias/MinBias_TuneZ2star_GEN_SIM_5.root
02-Feb-2015 20:34:56 GMT  Initiating request to open file root://xrootd.unl.edu//store/group/dpg_trigger/comm_trigger/L1TrackTrigger/620_SLHC10/Extended2023TTI/MinBias/MinBias_TuneZ2star_GEN_SIM_589.root
150202 20:34:57 7500 Xrd: XrdClientMessage::ReadRaw: Failed to read header (8 bytes).
150202 20:35:27 25643 Xrd: CheckErrorStatus: Server [xrootd-redic.pi.infn.it:1094] declared: session not found(error code: 3011)
02-Feb-2015 20:35:27 GMT  Successfully opened file root://xrootd.unl.edu//store/group/dpg_trigger/comm_trigger/L1TrackTrigger/620_SLHC10/Extended2023TTI/MinBias/MinBias_TuneZ2star_GEN_SIM_589.root
Building the geometry service
Warning did not find digi
Warning did not find digi
Warning did not find digi
Warning did not find digi
Warning did not find digi in disks
Warning did not find digi in disks
Warning did not find digi in disks
Warning did not find digi in disks
150202 20:40:27 3882 Xrd: XrdClientMessage::ReadRaw: Failed to read header (8 bytes).
150202 20:40:57 26901 Xrd: XrdClientMessage::ReadRaw: Failed to read header (8 bytes).
02-Feb-2015 20:45:06 GMT  Closed file root://xrootd.unl.edu//store/group/dpg_trigger/comm_trigger/L1TrackTrigger/620_SLHC10/Extended2023TTI/MinBias/MinBias_TuneZ2star_GEN_SIM_589.root
02-Feb-2015 20:45:06 GMT  Initiating request to open file root://xrootd.unl.edu//store/group/dpg_trigger/comm_trigger/L1TrackTrigger/620_SLHC10/Extended2023TTI/MinBias/MinBias_TuneZ2star_GEN_SIM_123.root
150202 20:45:37 14623 Xrd: CheckErrorStatus: Server [xrootd-redic.pi.infn.it:1094] declared: session not found(error code: 3011)
02-Feb-2015 20:45:38 GMT  Successfully opened file root://xrootd.unl.edu//store/group/dpg_trigger/comm_trigger/L1TrackTrigger/620_SLHC10/Extended2023TTI/MinBias/MinBias_TuneZ2star_GEN_SIM_123.root
150202 20:46:56 3879 Xrd: XrdClientMessage::ReadRaw: Failed to read header (8 bytes).
150202 20:50:26 26902 Xrd: XrdClientMessage::ReadRaw: Failed to read header (8 bytes).
150202 20:50:56 15969 Xrd: XrdClientMessage::ReadRaw: Failed to read header (8 bytes).
02-Feb-2015 20:55:18 GMT  Closed file root://xrootd.unl.edu//store/group/dpg_trigger/comm_trigger/L1TrackTrigger/620_SLHC10/Extended2023TTI/MinBias/MinBias_TuneZ2star_GEN_SIM_123.root
02-Feb-2015 20:55:18 GMT  Initiating request to open file root://xrootd.unl.edu//store/group/dpg_trigger/comm_trigger/L1TrackTrigger/620_SLHC10/Extended2023TTI/MinBias/MinBias_TuneZ2star_GEN_SIM_1.root
150202 20:55:19 4076 Xrd: CheckErrorStatus: Server [xrootd.ba.infn.it:1094] declared: session not found(error code: 3011)
150202 20:55:19 4076 Xrd: CheckErrorStatus: Server [eoscms.cern.ch:1094] declared: session not found(error code: 3011)
02-Feb-2015 20:55:19 GMT  Successfully opened file root://xrootd.unl.edu//store/group/dpg_trigger/comm_trigger/L1TrackTrigger/620_SLHC10/Extended2023TTI/MinBias/MinBias_TuneZ2star_GEN_SIM_1.root
150202 21:00:26 4079 Xrd: XrdClientMessage::ReadRaw: Failed to read header (8 bytes).
150202 21:00:27 15970 Xrd: XrdClientMessage::ReadRaw: Failed to read header (8 bytes).
02-Feb-2015 21:04:54 GMT  Closed file root://xrootd.unl.edu//store/group/dpg_trigger/comm_trigger/L1TrackTrigger/620_SLHC10/Extended2023TTI/MinBias/MinBias_TuneZ2star_GEN_SIM_1.root
02-Feb-2015 21:04:54 GMT  Initiating request to open file root://xrootd.unl.edu//store/group/dpg_trigger/comm_trigger/L1TrackTrigger/620_SLHC10/Extended2023TTI/MinBias/MinBias_TuneZ2star_GEN_SIM_57.root
150202 21:05:56 7692 Xrd: XrdClientMessage::ReadRaw: Failed to read header (8 bytes).
150202 21:05:57 25285 Xrd: CheckErrorStatus: Server [xrootd.ba.infn.it:1094] declared: session not found(error code: 3011)
02-Feb-2015 21:05:58 GMT  Successfully opened file root://xrootd.unl.edu//store/group/dpg_trigger/comm_trigger/L1TrackTrigger/620_SLHC10/Extended2023TTI/MinBias/MinBias_TuneZ2star_GEN_SIM_57.root
150202 21:09:57 4080 Xrd: XrdClientMessage::ReadRaw: Failed to read header (8 bytes).
150202 21:11:26 27431 Xrd: XrdClientMessage::ReadRaw: Failed to read header (8 bytes).
02-Feb-2015 21:12:52 GMT  Closed file root://xrootd.unl.edu//store/group/dpg_trigger/comm_trigger/L1TrackTrigger/620_SLHC10/Extended2023TTI/MinBias/MinBias_TuneZ2star_GEN_SIM_57.root
02-Feb-2015 21:12:52 GMT  Initiating request to open file root://xrootd.unl.edu//store/group/dpg_trigger/comm_trigger/L1TrackTrigger/620_SLHC10/Extended2023TTI/MinBias/MinBias_TuneZ2star_GEN_SIM_896.root
150202 21:13:23 9607 Xrd: CheckErrorStatus: Server [xrootd.ba.infn.it:1094] declared: session not found(error code: 3011)
02-Feb-2015 21:13:24 GMT  Successfully opened file root://xrootd.unl.edu//store/group/dpg_trigger/comm_trigger/L1TrackTrigger/620_SLHC10/Extended2023TTI/MinBias/MinBias_TuneZ2star_GEN_SIM_896.root
150202 21:17:57 27432 Xrd: XrdClientMessage::ReadRaw: Failed to read header (8 bytes).
150202 21:18:27 10793 Xrd: XrdClientMessage::ReadRaw: Failed to read header (8 bytes).
02-Feb-2015 21:23:29 GMT  Closed file root://xrootd.unl.edu//store/group/dpg_trigger/comm_trigger/L1TrackTrigger/620_SLHC10/Extended2023TTI/MinBias/MinBias_TuneZ2star_GEN_SIM_896.root
02-Feb-2015 21:23:29 GMT  Initiating request to open file root://xrootd.unl.edu//store/group/dpg_trigger/comm_trigger/L1TrackTrigger/620_SLHC10/Extended2023TTI/MinBias/MinBias_TuneZ2star_GEN_SIM_359.root
150202 21:24:00 1873 Xrd: CheckErrorStatus: Server [cms-xrd-global.cern.ch:1094] declared: session not found(error code: 3011)
150202 21:24:00 1873 Xrd: CheckErrorStatus: Server [llrxrd-redir.in2p3.fr:1094] declared: session not found(error code: 3011)
02-Feb-2015 21:24:01 GMT  Successfully opened file root://xrootd.unl.edu//store/group/dpg_trigger/comm_trigger/L1TrackTrigger/620_SLHC10/Extended2023TTI/MinBias/MinBias_TuneZ2star_GEN_SIM_359.root
150202 21:28:56 10794 Xrd: XrdClientMessage::ReadRaw: Failed to read header (8 bytes).
150202 21:29:26 2924 Xrd: XrdClientMessage::ReadRaw: Failed to read header (8 bytes).
150202 21:33:26 4078 Xrd: XrdClientMessage::ReadRaw: Failed to read header (8 bytes).
02-Feb-2015 21:39:34 GMT  Closed file root://xrootd.unl.edu//store/group/dpg_trigger/comm_trigger/L1TrackTrigger/620_SLHC10/Extended2023TTI/MinBias/MinBias_TuneZ2star_GEN_SIM_359.root
02-Feb-2015 21:39:34 GMT  Initiating request to open file root://xrootd.unl.edu//store/group/dpg_trigger/comm_trigger/L1TrackTrigger/620_SLHC10/Extended2023TTI/MinBias/MinBias_TuneZ2star_GEN_SIM_945.root
150202 21:40:05 32635 Xrd: CheckErrorStatus: Server [llrxrd-redir.in2p3.fr:1094] declared: session not found(error code: 3011)
02-Feb-2015 21:40:05 GMT  Successfully opened file root://xrootd.unl.edu//store/group/dpg_trigger/comm_trigger/L1TrackTrigger/620_SLHC10/Extended2023TTI/MinBias/MinBias_TuneZ2star_GEN_SIM_945.root
150202 21:44:56 2925 Xrd: XrdClientMessage::ReadRaw: Failed to read header (8 bytes).
150202 21:45:26 1306 Xrd: XrdClientMessage::ReadRaw: Failed to read header (8 bytes).
02-Feb-2015 21:57:44 GMT  Closed file root://xrootd.unl.edu//store/group/dpg_trigger/comm_trigger/L1TrackTrigger/620_SLHC10/Extended2023TTI/MinBias/MinBias_TuneZ2star_GEN_SIM_945.root
02-Feb-2015 21:57:44 GMT  Initiating request to open file root://xrootd.unl.edu//store/group/dpg_trigger/comm_trigger/L1TrackTrigger/620_SLHC10/Extended2023TTI/MinBias/MinBias_TuneZ2star_GEN_SIM_469.root
150202 21:58:15 15428 Xrd: CheckErrorStatus: Server [llrxrd-redir.in2p3.fr:1094] declared: session not found(error code: 3011)
02-Feb-2015 21:58:15 GMT  Successfully opened file root://xrootd.unl.edu//store/group/dpg_trigger/comm_trigger/L1TrackTrigger/620_SLHC10/Extended2023TTI/MinBias/MinBias_TuneZ2star_GEN_SIM_469.root
150202 22:02:56 1307 Xrd: XrdClientMessage::ReadRaw: Failed to read header (8 bytes).
150202 22:03:27 16707 Xrd: XrdClientMessage::ReadRaw: Failed to read header (8 bytes).
02-Feb-2015 22:04:03 GMT  Closed file root://xrootd.unl.edu//store/group/dpg_trigger/comm_trigger/L1TrackTrigger/620_SLHC10/Extended2023TTI/MinBias/MinBias_TuneZ2star_GEN_SIM_469.root
02-Feb-2015 22:04:03 GMT  Initiating request to open file root://xrootd.unl.edu//store/group/dpg_trigger/comm_trigger/L1TrackTrigger/620_SLHC10/Extended2023TTI/MinBias/MinBias_TuneZ2star_GEN_SIM_961.root
150202 22:05:51 5754 Xrd: CheckErrorStatus: Server [cms-xrd-global.cern.ch:1094] declared: session not found(error code: 3011)
150202 22:05:51 5754 Xrd: CheckErrorStatus: Server [xrootd.ba.infn.it:1094] declared: session not found(error code: 3011)
02-Feb-2015 22:05:51 GMT  Successfully opened file root://xrootd.unl.edu//store/group/dpg_trigger/comm_trigger/L1TrackTrigger/620_SLHC10/Extended2023TTI/MinBias/MinBias_TuneZ2star_GEN_SIM_961.root
150202 22:09:26 16708 Xrd: XrdClientMessage::ReadRaw: Failed to read header (8 bytes).
02-Feb-2015 22:09:32 GMT  Closed file root://xrootd.unl.edu//store/group/dpg_trigger/comm_trigger/L1TrackTrigger/620_SLHC10/Extended2023TTI/MinBias/MinBias_TuneZ2star_GEN_SIM_961.root
02-Feb-2015 22:09:32 GMT  Initiating request to open file root://xrootd.unl.edu//store/group/dpg_trigger/comm_trigger/L1TrackTrigger/620_SLHC10/Extended2023TTI/MinBias/MinBias_TuneZ2star_GEN_SIM_999.root
150202 22:10:56 16488 Xrd: XrdClientMessage::ReadRaw: Failed to read header (8 bytes).
150202 22:11:08 25580 Xrd: CheckErrorStatus: Server [cms-xrd-global.cern.ch:1094] declared: session not found(error code: 3011)
150202 22:11:08 25580 Xrd: CheckErrorStatus: Server [xrootd-redic.pi.infn.it:1094] declared: session not found(error code: 3011)
02-Feb-2015 22:11:08 GMT  Successfully opened file root://xrootd.unl.edu//store/group/dpg_trigger/comm_trigger/L1TrackTrigger/620_SLHC10/Extended2023TTI/MinBias/MinBias_TuneZ2star_GEN_SIM_999.root
150202 22:14:56 16489 Xrd: XrdClientMessage::ReadRaw: Failed to read header (8 bytes).
150202 22:16:27 29789 Xrd: XrdClientMessage::ReadRaw: Failed to read header (8 bytes).
02-Feb-2015 22:16:50 GMT  Closed file root://xrootd.unl.edu//store/group/dpg_trigger/comm_trigger/L1TrackTrigger/620_SLHC10/Extended2023TTI/MinBias/MinBias_TuneZ2star_GEN_SIM_999.root
02-Feb-2015 22:16:50 GMT  Initiating request to open file root://xrootd.unl.edu//store/group/dpg_trigger/comm_trigger/L1TrackTrigger/620_SLHC10/Extended2023TTI/MinBias/MinBias_TuneZ2star_GEN_SIM_890.root
150202 22:18:26 2923 Xrd: XrdClientMessage::ReadRaw: Failed to read header (8 bytes).
150202 22:21:56 29790 Xrd: XrdClientMessage::ReadRaw: Failed to read header (8 bytes).
150202 22:24:52 21820 Xrd: CheckErrorStatus: Server [cms-xrd-global.cern.ch:1094] declared: session not found(error code: 3011)
150202 22:24:52 21820 Xrd: CheckErrorStatus: Server [llrxrd-redir.in2p3.fr:1094] declared: session not found(error code: 3011)
02-Feb-2015 22:24:52 GMT  Successfully opened file root://xrootd.unl.edu//store/group/dpg_trigger/comm_trigger/L1TrackTrigger/620_SLHC10/Extended2023TTI/MinBias/MinBias_TuneZ2star_GEN_SIM_890.root
150202 22:25:56 16486 Xrd: XrdClientMessage::ReadRaw: Failed to read header (8 bytes).
150202 22:29:56 11642 Xrd: XrdClientMessage::ReadRaw: Failed to read header (8 bytes).
02-Feb-2015 22:29:58 GMT  Closed file root://xrootd.unl.edu//store/group/dpg_trigger/comm_trigger/L1TrackTrigger/620_SLHC10/Extended2023TTI/MinBias/MinBias_TuneZ2star_GEN_SIM_890.root
02-Feb-2015 22:29:58 GMT  Initiating request to open file root://xrootd.unl.edu//store/group/dpg_trigger/comm_trigger/L1TrackTrigger/620_SLHC10/Extended2023TTI/MinBias/MinBias_TuneZ2star_GEN_SIM_298.root
150202 22:30:29 20396 Xrd: CheckErrorStatus: Server [cms-xrd-global.cern.ch:1094] declared: session not found(error code: 3011)
150202 22:30:30 20396 Xrd: CheckErrorStatus: Server [xrootd.ba.infn.it:1094] declared: session not found(error code: 3011)
150202 22:30:30 20396 Xrd: CheckErrorStatus: Server [eoscms.cern.ch:1094] declared: session not found(error code: 3011)
02-Feb-2015 22:30:30 GMT  Successfully opened file root://xrootd.unl.edu//store/group/dpg_trigger/comm_trigger/L1TrackTrigger/620_SLHC10/Extended2023TTI/MinBias/MinBias_TuneZ2star_GEN_SIM_298.root
150202 22:31:26 29788 Xrd: XrdClientMessage::ReadRaw: Failed to read header (8 bytes).
02-Feb-2015 22:34:46 GMT  Closed file root://xrootd.unl.edu//store/group/dpg_trigger/comm_trigger/L1TrackTrigger/620_SLHC10/Extended2023TTI/MinBias/MinBias_TuneZ2star_GEN_SIM_298.root
02-Feb-2015 22:34:46 GMT  Initiating request to open file root://xrootd.unl.edu//store/group/dpg_trigger/comm_trigger/L1TrackTrigger/620_SLHC10/Extended2023TTI/MinBias/MinBias_TuneZ2star_GEN_SIM_73.root
150202 22:34:59 11643 Xrd: XrdClientMessage::ReadRaw: Failed to read header (8 bytes).
02-Feb-2015 22:34:59 GMT  Successfully opened file root://xrootd.unl.edu//store/group/dpg_trigger/comm_trigger/L1TrackTrigger/620_SLHC10/Extended2023TTI/MinBias/MinBias_TuneZ2star_GEN_SIM_73.root
02-Feb-2015 22:39:18 GMT  Closed file root://xrootd.unl.edu//store/group/dpg_trigger/comm_trigger/L1TrackTrigger/620_SLHC10/Extended2023TTI/MinBias/MinBias_TuneZ2star_GEN_SIM_73.root
02-Feb-2015 22:39:18 GMT  Initiating request to open file root://xrootd.unl.edu//store/group/dpg_trigger/comm_trigger/L1TrackTrigger/620_SLHC10/Extended2023TTI/MinBias/MinBias_TuneZ2star_GEN_SIM_891.root
150202 22:39:49 7003 Xrd: CheckErrorStatus: Server [cms-xrd-global.cern.ch:1094] declared: session not found(error code: 3011)
02-Feb-2015 22:39:49 GMT  Successfully opened file root://xrootd.unl.edu//store/group/dpg_trigger/comm_trigger/L1TrackTrigger/620_SLHC10/Extended2023TTI/MinBias/MinBias_TuneZ2star_GEN_SIM_891.root
150202 22:39:50 20996 Xrd: XrdClientMessage::ReadRaw: Failed to read header (8 bytes).
150202 22:44:26 27643 Xrd: XrdClientMessage::ReadRaw: Failed to read header (8 bytes).
150202 22:44:56 20995 Xrd: XrdClientMessage::ReadRaw: Failed to read header (8 bytes).
02-Feb-2015 22:47:16 GMT  Closed file root://xrootd.unl.edu//store/group/dpg_trigger/comm_trigger/L1TrackTrigger/620_SLHC10/Extended2023TTI/MinBias/MinBias_TuneZ2star_GEN_SIM_891.root
02-Feb-2015 22:47:16 GMT  Initiating request to open file root://xrootd.unl.edu//store/group/dpg_trigger/comm_trigger/L1TrackTrigger/620_SLHC10/Extended2023TTI/MinBias/MinBias_TuneZ2star_GEN_SIM_26.root
150202 22:47:47 17138 Xrd: CheckErrorStatus: Server [xrootd.ba.infn.it:1094] declared: session not found(error code: 3011)
02-Feb-2015 22:47:47 GMT  Successfully opened file root://xrootd.unl.edu//store/group/dpg_trigger/comm_trigger/L1TrackTrigger/620_SLHC10/Extended2023TTI/MinBias/MinBias_TuneZ2star_GEN_SIM_26.root
02-Feb-2015 22:52:13 GMT  Closed file root://xrootd.unl.edu//store/group/dpg_trigger/comm_trigger/L1TrackTrigger/620_SLHC10/Extended2023TTI/MinBias/MinBias_TuneZ2star_GEN_SIM_26.root
02-Feb-2015 22:52:13 GMT  Initiating request to open file root://xrootd.unl.edu//store/group/dpg_trigger/comm_trigger/L1TrackTrigger/620_SLHC10/Extended2023TTI/MinBias/MinBias_TuneZ2star_GEN_SIM_509.root
150202 22:52:27 7653 Xrd: XrdClientMessage::ReadRaw: Failed to read header (8 bytes).
02-Feb-2015 22:52:44 GMT  Successfully opened file root://xrootd.unl.edu//store/group/dpg_trigger/comm_trigger/L1TrackTrigger/620_SLHC10/Extended2023TTI/MinBias/MinBias_TuneZ2star_GEN_SIM_509.root
150202 22:55:26 11641 Xrd: XrdClientMessage::ReadRaw: Failed to read header (8 bytes).
02-Feb-2015 22:56:12 GMT  Closed file root://xrootd.unl.edu//store/group/dpg_trigger/comm_trigger/L1TrackTrigger/620_SLHC10/Extended2023TTI/MinBias/MinBias_TuneZ2star_GEN_SIM_509.root
02-Feb-2015 22:56:12 GMT  Initiating request to open file root://xrootd.unl.edu//store/group/dpg_trigger/comm_trigger/L1TrackTrigger/620_SLHC10/Extended2023TTI/MinBias/MinBias_TuneZ2star_GEN_SIM_105.root
150202 22:56:43 5263 Xrd: CheckErrorStatus: Server [cms-xrd-global.cern.ch:1094] declared: session not found(error code: 3011)
02-Feb-2015 22:56:43 GMT  Successfully opened file root://xrootd.unl.edu//store/group/dpg_trigger/comm_trigger/L1TrackTrigger/620_SLHC10/Extended2023TTI/MinBias/MinBias_TuneZ2star_GEN_SIM_105.root
150202 22:57:27 17750 Xrd: XrdClientMessage::ReadRaw: Failed to read header (8 bytes).
02-Feb-2015 22:59:16 GMT  Closed file root://xrootd.unl.edu//store/group/dpg_trigger/comm_trigger/L1TrackTrigger/620_SLHC10/Extended2023TTI/MinBias/MinBias_TuneZ2star_GEN_SIM_105.root
02-Feb-2015 22:59:16 GMT  Initiating request to open file root://xrootd.unl.edu//store/group/dpg_trigger/comm_trigger/L1TrackTrigger/620_SLHC10/Extended2023TTI/MinBias/MinBias_TuneZ2star_GEN_SIM_2.root
150202 22:59:47 11436 Xrd: CheckErrorStatus: Server [eoscms.cern.ch:1094] declared: session not found(error code: 3011)
02-Feb-2015 22:59:47 GMT  Successfully opened file root://xrootd.unl.edu//store/group/dpg_trigger/comm_trigger/L1TrackTrigger/620_SLHC10/Extended2023TTI/MinBias/MinBias_TuneZ2star_GEN_SIM_2.root
150202 23:01:26 2352 Xrd: XrdClientMessage::ReadRaw: Failed to read header (8 bytes).
02-Feb-2015 23:03:20 GMT  Closed file root://xrootd.unl.edu//store/group/dpg_trigger/comm_trigger/L1TrackTrigger/620_SLHC10/Extended2023TTI/MinBias/MinBias_TuneZ2star_GEN_SIM_2.root
02-Feb-2015 23:03:20 GMT  Initiating request to open file root://xrootd.unl.edu//store/group/dpg_trigger/comm_trigger/L1TrackTrigger/620_SLHC10/Extended2023TTI/MinBias/MinBias_TuneZ2star_GEN_SIM_697.root
150202 23:03:51 16776 Xrd: CheckErrorStatus: Server [eoscms.cern.ch:1094] declared: session not found(error code: 3011)
02-Feb-2015 23:03:51 GMT  Successfully opened file root://xrootd.unl.edu//store/group/dpg_trigger/comm_trigger/L1TrackTrigger/620_SLHC10/Extended2023TTI/MinBias/MinBias_TuneZ2star_GEN_SIM_697.root
150202 23:04:26 5758 Xrd: XrdClientMessage::ReadRaw: Failed to read header (8 bytes).
02-Feb-2015 23:05:58 GMT  Closed file root://xrootd.unl.edu//store/group/dpg_trigger/comm_trigger/L1TrackTrigger/620_SLHC10/Extended2023TTI/MinBias/MinBias_TuneZ2star_GEN_SIM_697.root
02-Feb-2015 23:05:58 GMT  Initiating request to open file root://xrootd.unl.edu//store/group/dpg_trigger/comm_trigger/L1TrackTrigger/620_SLHC10/Extended2023TTI/MinBias/MinBias_TuneZ2star_GEN_SIM_130.root
02-Feb-2015 23:06:29 GMT  Successfully opened file root://xrootd.unl.edu//store/group/dpg_trigger/comm_trigger/L1TrackTrigger/620_SLHC10/Extended2023TTI/MinBias/MinBias_TuneZ2star_GEN_SIM_130.root
150202 23:08:26 12369 Xrd: XrdClientMessage::ReadRaw: Failed to read header (8 bytes).
02-Feb-2015 23:08:35 GMT  Closed file root://xrootd.unl.edu//store/group/dpg_trigger/comm_trigger/L1TrackTrigger/620_SLHC10/Extended2023TTI/MinBias/MinBias_TuneZ2star_GEN_SIM_130.root
02-Feb-2015 23:08:35 GMT  Initiating request to open file root://xrootd.unl.edu//store/group/dpg_trigger/comm_trigger/L1TrackTrigger/620_SLHC10/Extended2023TTI/MinBias/MinBias_TuneZ2star_GEN_SIM_839.root
02-Feb-2015 23:09:06 GMT  Successfully opened file root://xrootd.unl.edu//store/group/dpg_trigger/comm_trigger/L1TrackTrigger/620_SLHC10/Extended2023TTI/MinBias/MinBias_TuneZ2star_GEN_SIM_839.root
02-Feb-2015 23:10:13 GMT  Closed file root://dcap.pp.rl.ac.uk:1094/pnfs/pp.rl.ac.uk/data/cms/store/user/dcieri/ttbar_SIM/ttbar/ttbar_SIM/150129_145223/0000/step1_347.root
02-Feb-2015 23:10:13 GMT  Closed file root://xrootd.unl.edu//store/group/dpg_trigger/comm_trigger/L1TrackTrigger/620_SLHC10/Extended2023TTI/MinBias/MinBias_TuneZ2star_GEN_SIM_839.root

=============================================

MessageLogger Summary

 type     category        sev    module        subroutine        count    total
 ---- -------------------- -- ---------------- ----------------  -----    -----
    1 fileAction           -s MixingModule:mix                      69       69
    2 fileAction           -s MixingModule:mix                       2        2
    3 fileAction           -s MixingModule:mix                       1        1
    4 fileAction           -s file_close                             1        1
    5 fileAction           -s file_open                              2        2

 type    category    Examples: run/evt        run/evt          run/evt
 ---- -------------------- ---------------- ---------------- ----------------
    1 fileAction           1/3461           1/3461           1/3470
    2 fileAction           pre-events       pre-events       
    3 fileAction           PostEndRun                        
    4 fileAction           PostEndRun                        
    5 fileAction           pre-events       pre-events       

Severity    # Occurrences   Total Occurrences
--------    -------------   -----------------
System                 75                  75
>>> END OF printout of 222 lines from stdout+stderr
>>> Parse FrameworkJobReport crab_fjr.xml
Result of parsing the FrameworkJobReport crab_fjr.xml: 
Extracted ExitStatus from FrameworkJobReport parsing output: 0
>>> Executable succeded  0
ExeExitCode=0
EXECUTABLE_EXIT_STATUS = 0
>>> current directory /scratch/condor/dir_30886/glide_OUmCbB/execute/dir_3669/CMSSW_6_2_0_SLHC12
>>>  (SOFTWARE_DIR): /scratch/condor/dir_30886/glide_OUmCbB/execute/dir_3669/CMSSW_6_2_0_SLHC12
>>> (WORKING_DIR): 
>>> current directory content:
total 239808
drwxr-xr-x 3 cms415 gplcms      4096 Feb  2 20:14 .SCRAM
-rw------- 1 cms415 gplcms    915837 Feb  2 20:14 CMSSW.py.pkl
drwxr-xr-x 3 cms415 gplcms      4096 Feb  2 20:14 bin
drwxr-xr-x 3 cms415 gplcms      4096 Feb  2 20:14 cfipython
drwxr-xr-x 4 cms415 gplcms      4096 Apr 28  2014 config
-rw------- 1 cms415 gplcms        16 Feb  2 23:10 cpu_timing.txt
drwxr-xr-x 2 cms415 gplcms      4096 Feb  2 20:14 doc
-rw------- 1 cms415 gplcms     24986 Feb  2 23:10 executable.out
drwxr-xr-x 2 cms415 gplcms      4096 Feb  2 20:14 include
drwx------ 3 cms415 gplcms      4096 Oct  7 10:12 lib
drwxr-xr-x 3 cms415 gplcms      4096 Feb  2 20:14 logs
drwxr-xr-x 3 cms415 gplcms      4096 Feb  2 20:14 objs
-rw------- 1 cms415 gplcms       104 Feb  2 20:14 pset.py
-rw------- 1 cms415 gplcms    926823 Feb  2 20:14 pset.py.pkl
-rw------- 1 cms415 gplcms       289 Feb  2 20:14 pset.pyc
drwxr-xr-x 2 cms415 gplcms      4096 Feb  2 20:14 python
-rw------- 1 cms415 gplcms       359 Feb  2 23:10 report.log
drwxr-xr-x 2 cms415 gplcms      4096 Feb  2 20:14 src
-rw------- 1 cms415 gplcms 243360906 Feb  2 23:10 step2.root
drwxr-xr-x 3 cms415 gplcms      4096 Feb  2 20:14 test
drwxr-xr-x 3 cms415 gplcms      4096 Feb  2 20:14 tmp
>>> current directory /scratch/condor/dir_30886/glide_OUmCbB/execute/dir_3669/CMSSW_6_2_0_SLHC12
>>> (SOFTWARE_DIR): /scratch/condor/dir_30886/glide_OUmCbB/execute/dir_3669/CMSSW_6_2_0_SLHC12
>>> (WORKING_DIR): 
>>> current directory content:
total 239808
drwxr-xr-x 3 cms415 gplcms      4096 Feb  2 20:14 .SCRAM
-rw------- 1 cms415 gplcms    915837 Feb  2 20:14 CMSSW.py.pkl
drwxr-xr-x 3 cms415 gplcms      4096 Feb  2 20:14 bin
drwxr-xr-x 3 cms415 gplcms      4096 Feb  2 20:14 cfipython
drwxr-xr-x 4 cms415 gplcms      4096 Apr 28  2014 config
-rw------- 1 cms415 gplcms        16 Feb  2 23:10 cpu_timing.txt
drwxr-xr-x 2 cms415 gplcms      4096 Feb  2 20:14 doc
-rw------- 1 cms415 gplcms     24986 Feb  2 23:10 executable.out
drwxr-xr-x 2 cms415 gplcms      4096 Feb  2 20:14 include
drwx------ 3 cms415 gplcms      4096 Oct  7 10:12 lib
drwxr-xr-x 3 cms415 gplcms      4096 Feb  2 20:14 logs
drwxr-xr-x 3 cms415 gplcms      4096 Feb  2 20:14 objs
-rw------- 1 cms415 gplcms       104 Feb  2 20:14 pset.py
-rw------- 1 cms415 gplcms    926823 Feb  2 20:14 pset.py.pkl
-rw------- 1 cms415 gplcms       289 Feb  2 20:14 pset.pyc
drwxr-xr-x 2 cms415 gplcms      4096 Feb  2 20:14 python
-rw------- 1 cms415 gplcms       359 Feb  2 23:10 report.log
drwxr-xr-x 2 cms415 gplcms      4096 Feb  2 20:14 src
-rw------- 1 cms415 gplcms 243360906 Feb  2 23:10 step2_201_1_NKD.root
drwxr-xr-x 3 cms415 gplcms      4096 Feb  2 20:14 test
drwxr-xr-x 3 cms415 gplcms      4096 Feb  2 20:14 tmp
>>> current directory (RUNTIME_AREA):  /scratch/condor/dir_30886/glide_OUmCbB/execute/dir_3669
PNN = T2_UK_SGrid_RALPP
SE = heplnx204.pp.rl.ac.uk
SE_PATH = /srm/managerv2?SFN=/pnfs/pp.rl.ac.uk/data/cms/store/user/dcieri/ttbar_PU140_DIGI/dcieri/ttbar/ttbar_PU140_DIGI/3c0380cf82de79bc39966c93934c61fc/
LFNBaseName = /store/user/dcieri/ttbar_PU140_DIGI/dcieri/ttbar/ttbar_PU140_DIGI/3c0380cf82de79bc39966c93934c61fc/
USER = dcieri
endpoint = srm://heplnx204.pp.rl.ac.uk:8443/srm/managerv2?SFN=/pnfs/pp.rl.ac.uk/data/cms/store/user/dcieri/ttbar_PU140_DIGI/dcieri/ttbar/ttbar_PU140_DIGI/3c0380cf82de79bc39966c93934c61fc/
>>> Copy output files from WN = heplnc054.pp.rl.ac.uk to /srm/managerv2?SFN=/pnfs/pp.rl.ac.uk/data/cms/store/user/dcieri/ttbar_PU140_DIGI/dcieri/ttbar/ttbar_PU140_DIGI/3c0380cf82de79bc39966c93934c61fc/ :
python cmscp.py  --destination srm://heplnx204.pp.rl.ac.uk:8443/srm/managerv2?SFN=/pnfs/pp.rl.ac.uk/data/cms/store/user/dcieri/ttbar_PU140_DIGI/dcieri/ttbar/ttbar_PU140_DIGI/3c0380cf82de79bc39966c93934c61fc/ --inputFileList /scratch/condor/dir_30886/glide_OUmCbB/execute/dir_3669/CMSSW_6_2_0_SLHC12/step2_201_1_NKD.root --middleware LCG --PNN T2_UK_SGrid_RALPP --se_name heplnx204.pp.rl.ac.uk --for_lfn /store/user/dcieri/ttbar_PU140_DIGI/dcieri/ttbar/ttbar_PU140_DIGI/3c0380cf82de79bc39966c93934c61fc/    
******************************************************
localSeName  =  heplnx204.pp.rl.ac.uk
remoteSeName =  heplnx204.pp.rl.ac.uk
******************************************************
{"/scratch/condor/dir_30886/glide_OUmCbB/execute/dir_3669/CMSSW_6_2_0_SLHC12/step2_201_1_NKD.root": {"endpoint": "srm://heplnx204.pp.rl.ac.uk:8443/srm/managerv2?SFN=/pnfs/pp.rl.ac.uk/data/cms/store/user/dcieri/ttbar_PU140_DIGI/dcieri/ttbar/ttbar_PU140_DIGI/3c0380cf82de79bc39966c93934c61fc/", "surl_for_grid": "", "reason": "Copy succedeed with srm-lcg utils", "erCode": "0", "PNN": "T2_UK_SGrid_RALPP", "se_name": "heplnx204.pp.rl.ac.uk", "for_lfn": "/store/user/dcieri/ttbar_PU140_DIGI/dcieri/ttbar/ttbar_PU140_DIGI/3c0380cf82de79bc39966c93934c61fc/"}}/scratch/condor/dir_30886/glide_OUmCbB/execute/dir_3669
-------- cat /scratch/condor/dir_30886/glide_OUmCbB/execute/dir_3669/cmscpReport.sh 
#!/bin/bash
echo "Report for File: /scratch/condor/dir_30886/glide_OUmCbB/execute/dir_3669/CMSSW_6_2_0_SLHC12/step2_201_1_NKD.root"
echo "LFN: /store/user/dcieri/ttbar_PU140_DIGI/dcieri/ttbar/ttbar_PU140_DIGI/3c0380cf82de79bc39966c93934c61fc/step2_201_1_NKD.root"
echo "StorageElement: heplnx204.pp.rl.ac.uk"
echo "StageOutExitStatusReason = 'Copy succedeed with srm-lcg utils'" | tee -a $RUNTIME_AREA/$repo
echo "StageOutSE = heplnx204.pp.rl.ac.uk" >> $RUNTIME_AREA/$repo

export StageOutExitStatus=0
echo "StageOutExitStatus = 0" | tee -a $RUNTIME_AREA/$repo
-------- end of /scratch/condor/dir_30886/glide_OUmCbB/execute/dir_3669/cmscpReport.sh 
Report for File: /scratch/condor/dir_30886/glide_OUmCbB/execute/dir_3669/CMSSW_6_2_0_SLHC12/step2_201_1_NKD.root
LFN: /store/user/dcieri/ttbar_PU140_DIGI/dcieri/ttbar/ttbar_PU140_DIGI/3c0380cf82de79bc39966c93934c61fc/step2_201_1_NKD.root
StorageElement: heplnx204.pp.rl.ac.uk
StageOutExitStatusReason = 'Copy succedeed with srm-lcg utils'
StageOutExitStatus = 0
>>> current dir: /scratch/condor/dir_30886/glide_OUmCbB/execute/dir_3669
>>> current dir content:
total 8828
-rw-------  1 cms415 gplcms    2857 Feb  2 23:11 .SEinteraction.log
-rwx------  1 cms415 gplcms      52 Feb  2 20:12 .chirp_config
-rwx------  1 cms415 gplcms    7818 Feb  2 20:12 .job.ad
-rwx------  1 cms415 gplcms    9778 Feb  2 20:12 .machine.ad
-rw-------  1 cms415 gplcms     105 Feb  2 12:16 CMSSW.py
-rw-------  1 cms415 gplcms  915837 Feb  2 12:16 CMSSW.py.pkl
-rwx------  1 cms415 gplcms   29498 Feb  2 20:14 CMSSW.sh
drwxr-xr-x 15 cms415 gplcms    4096 Feb  2 23:10 CMSSW_6_2_0_SLHC12
-rw-------  1 cms415 gplcms     189 Feb  2 20:14 CacheEnv.sh
-rw-------  1 cms415 gplcms    7291 Nov 19 14:52 DashboardAPI.py
-rw-------  1 cms415 gplcms    6455 Feb  2 20:14 DashboardAPI.pyc
drwx------  2 cms415 gplcms    4096 Feb  2 23:10 IMProv
-rw-------  1 cms415 gplcms    2748 Nov 19 14:52 Logger.py
-rw-------  1 cms415 gplcms    3227 Feb  2 20:14 Logger.pyc
-rw-------  1 cms415 gplcms   24524 Nov 19 14:52 ProcInfo.py
-rw-------  1 cms415 gplcms   22621 Feb  2 20:14 ProcInfo.pyc
drwx------  7 cms415 gplcms    4096 Feb  2 20:14 ProdCommon
drwx------  3 cms415 gplcms    4096 Feb  2 20:14 WMCore
-rw-------  1 cms415 gplcms   13647 Feb  2 23:10 Watchdog_201.log
-rwx------  1 cms415 gplcms       0 Feb  2 20:14 _condor_stderr
-rwx---r--  1 cms415 gplcms   39729 Feb  2 23:11 _condor_stdout
-rw-------  1 cms415 gplcms   32895 Nov 19 14:52 apmon.py
-rw-------  1 cms415 gplcms   27929 Feb  2 20:14 apmon.pyc
-rwx------  1 cms415 gplcms  134309 Feb  2 20:14 arguments.xml
-rwx------  1 cms415 gplcms   38581 Nov 19 14:52 cmscp.py
-rw-------  1 cms415 gplcms     561 Feb  2 23:11 cmscpReport.sh
-rwx------  1 cms415 gplcms   29498 Feb  2 20:14 condor_exec.exe
-rw-------  1 cms415 gplcms     544 Feb  2 12:16 crab.cfg
-rwx------  1 cms415 gplcms    8610 Nov 19 14:52 crabWatchdog.sh
-rwx---r--  1 cms415 gplcms  112082 Feb  2 23:10 crab_fjr_201.xml
-rwx------  1 cms415 gplcms 7390485 Feb  2 20:14 default.tgz
-rwx------  1 cms415 gplcms    4488 Nov 19 14:52 fillCrabFjr.py
-rw-------  1 cms415 gplcms     226 Feb  2 20:14 inputsReport.txt
-rw-------  1 cms415 gplcms     245 Feb  2 23:11 jobreport.txt
-rw-------  1 cms415 gplcms   17352 Nov 19 14:52 parseCrabFjr.py
-rw-------  1 cms415 gplcms     324 Feb  2 20:14 report.log
-rwx--x--x  1 cms415 gplcms    1497 Nov 19 14:52 report.py
-rw-------  1 cms415 gplcms     554 Feb  2 23:11 resultCopyFile
lrwxrwxrwx  1 cms415 gplcms      95 Feb  2 23:10 step2.root -> /scratch/condor/dir_30886/glide_OUmCbB/execute/dir_3669/CMSSW_6_2_0_SLHC12/step2_201_1_NKD.root
-rwx------  1 cms415 gplcms    8351 Nov 19 14:52 writeCfg.py
-rw-------  1 cms415 gplcms   10297 Feb  2 20:12 x509up_u62281
>>> Modify Job Report:
CMSSW_VERSION = CMSSW_6_2_0_SLHC12
ProcessedDataset = ttbar_PU140_DIGI
/scratch/condor/dir_30886/glide_OUmCbB/execute/dir_3669/ProdCommon/FwkJobRep/ModifyJobReport.py fjr /scratch/condor/dir_30886/glide_OUmCbB/execute/dir_3669/crab_fjr_201.xml json /scratch/condor/dir_30886/glide_OUmCbB/execute/dir_3669/resultCopyFile n_job 201_1_NKD PrimaryDataset ttbar  ApplicationFamily cmsRun ApplicationName cmsRun cmssw_version CMSSW_6_2_0_SLHC12 psethash 3c0380cf82de79bc39966c93934c61fc UserProcessedDataset dcieri-ttbar_PU140_DIGI-3c0380cf82de79bc39966c93934c61fc
inputDict =  {u'/scratch/condor/dir_30886/glide_OUmCbB/execute/dir_3669/CMSSW_6_2_0_SLHC12/step2_201_1_NKD.root': {u'endpoint': u'srm://heplnx204.pp.rl.ac.uk:8443/srm/managerv2?SFN=/pnfs/pp.rl.ac.uk/data/cms/store/user/dcieri/ttbar_PU140_DIGI/dcieri/ttbar/ttbar_PU140_DIGI/3c0380cf82de79bc39966c93934c61fc/', u'surl_for_grid': u'', u'reason': u'Copy succedeed with srm-lcg utils', u'erCode': u'0', u'PNN': u'T2_UK_SGrid_RALPP', u'se_name': u'heplnx204.pp.rl.ac.uk', u'for_lfn': u'/store/user/dcieri/ttbar_PU140_DIGI/dcieri/ttbar/ttbar_PU140_DIGI/3c0380cf82de79bc39966c93934c61fc/'}}
UserProcessedDataset =  dcieri-ttbar_PU140_DIGI-3c0380cf82de79bc39966c93934c61fc
WORKING ON EDM FILE
file_name in inputDict =  /scratch/condor/dir_30886/glide_OUmCbB/execute/dir_3669/CMSSW_6_2_0_SLHC12/step2_201_1_NKD.root
(size) os.stat(filename)[6] =  243360906
checksum =  2786908286
    file =  step2_201_1_NKD.root
    newPfn =  srm://heplnx204.pp.rl.ac.uk:8443/srm/managerv2?SFN=/pnfs/pp.rl.ac.uk/data/cms/store/user/dcieri/ttbar_PU140_DIGI/dcieri/ttbar/ttbar_PU140_DIGI/3c0380cf82de79bc39966c93934c61fc/step2_201_1_NKD.root
    newLfn =  /store/user/dcieri/ttbar_PU140_DIGI/dcieri/ttbar/ttbar_PU140_DIGI/3c0380cf82de79bc39966c93934c61fc/step2_201_1_NKD.root
>>> crab_fjr_*.xml  permission set to 0704
CrabWrapper EXIT_FUNC entered at Mon Feb  2 23:11:07 GMT 2015   -  Mon Feb  2 23:11:07 UTC 2015
Checking output files:  
will tar file crab_fjr_201.xml in  out_files_201
WARNING: output file CMSSW_201.stdout not found!
WARNING: output file CMSSW_201.stderr not found!
WARNING: output file Watchdog_201.log.gz not found!
>>> padding time: Wrapper lasting more than 600 seconds. No sleep required.
STOPPING WATCHDOG. CrabWatchdog PID is 7230
********** LAST 50 LINES OF WATCHDOG LOG
 Feb 02 21:07:29 GMT	7368	1244588	1744936	94	170	3194	cmsRun -j /scratch/condor/dir_30886/glide_OUmCbB/execute/dir_3669/crab_fjr_201.xml -p pset.py      
 Feb 02 21:09:30 GMT	7368	1244588	1748776	94	176	3315	cmsRun -j /scratch/condor/dir_30886/glide_OUmCbB/execute/dir_3669/crab_fjr_201.xml -p pset.py      
 Feb 02 21:10:30 GMT	7368	1244588	1749800	94	181	3375	cmsRun -j /scratch/condor/dir_30886/glide_OUmCbB/execute/dir_3669/crab_fjr_201.xml -p pset.py      
 Feb 02 21:11:31 GMT	7368	1244588	1753640	94	184	3436	cmsRun -j /scratch/condor/dir_30886/glide_OUmCbB/execute/dir_3669/crab_fjr_201.xml -p pset.py      
 Feb 02 21:12:31 GMT	7368	1244588	1755176	94	186	3496	cmsRun -j /scratch/condor/dir_30886/glide_OUmCbB/execute/dir_3669/crab_fjr_201.xml -p pset.py      
 Feb 02 21:14:31 GMT	7368	1244588	1759016	94	189	3617	cmsRun -j /scratch/condor/dir_30886/glide_OUmCbB/execute/dir_3669/crab_fjr_201.xml -p pset.py      
 Feb 02 21:15:32 GMT	7368	1244588	1768744	94	195	3677	cmsRun -j /scratch/condor/dir_30886/glide_OUmCbB/execute/dir_3669/crab_fjr_201.xml -p pset.py      
 Feb 02 21:16:32 GMT	7368	1292152	1773864	94	200	3737	cmsRun -j /scratch/condor/dir_30886/glide_OUmCbB/execute/dir_3669/crab_fjr_201.xml -p pset.py      
 Feb 02 21:17:32 GMT	7368	1293524	1775144	94	202	3797	cmsRun -j /scratch/condor/dir_30886/glide_OUmCbB/execute/dir_3669/crab_fjr_201.xml -p pset.py      
 Feb 02 21:18:32 GMT	7368	1295968	1775144	94	204	3858	cmsRun -j /scratch/condor/dir_30886/glide_OUmCbB/execute/dir_3669/crab_fjr_201.xml -p pset.py      
 Feb 02 21:19:33 GMT	7368	1298432	1775144	94	206	3918	cmsRun -j /scratch/condor/dir_30886/glide_OUmCbB/execute/dir_3669/crab_fjr_201.xml -p pset.py      
 Feb 02 21:20:33 GMT	7368	1324220	1779240	94	209	3978	cmsRun -j /scratch/condor/dir_30886/glide_OUmCbB/execute/dir_3669/crab_fjr_201.xml -p pset.py      
 Feb 02 21:21:33 GMT	---	1324220	1779240	117	----	----	----
 Feb 02 21:37:37 GMT	7368	1324220	1780264	117	242	5002	cmsRun -j /scratch/condor/dir_30886/glide_OUmCbB/execute/dir_3669/crab_fjr_201.xml -p pset.py      
 Feb 02 21:41:38 GMT	7368	1324220	1783080	117	246	5244	cmsRun -j /scratch/condor/dir_30886/glide_OUmCbB/execute/dir_3669/crab_fjr_201.xml -p pset.py      
 Feb 02 21:42:39 GMT	7368	1324220	1785384	117	247	5304	cmsRun -j /scratch/condor/dir_30886/glide_OUmCbB/execute/dir_3669/crab_fjr_201.xml -p pset.py      
 Feb 02 21:43:39 GMT	7368	1324220	1785640	117	248	5364	cmsRun -j /scratch/condor/dir_30886/glide_OUmCbB/execute/dir_3669/crab_fjr_201.xml -p pset.py      
# TIME			PID	RSS(KB)	VSZ(KB)	Dsk(MB)	tCPU(s)	tWALL(s)	COMMAND
 Feb 02 21:44:39 GMT	7368	1324220	1788968	117	249	5425	cmsRun -j /scratch/condor/dir_30886/glide_OUmCbB/execute/dir_3669/crab_fjr_201.xml -p pset.py      
 Feb 02 21:46:40 GMT	7368	1324220	1791016	117	254	5545	cmsRun -j /scratch/condor/dir_30886/glide_OUmCbB/execute/dir_3669/crab_fjr_201.xml -p pset.py      
 Feb 02 21:47:40 GMT	7368	1324220	1792552	117	258	5605	cmsRun -j /scratch/condor/dir_30886/glide_OUmCbB/execute/dir_3669/crab_fjr_201.xml -p pset.py      
 Feb 02 21:48:40 GMT	7368	1324220	1803304	117	262	5666	cmsRun -j /scratch/condor/dir_30886/glide_OUmCbB/execute/dir_3669/crab_fjr_201.xml -p pset.py      
 Feb 02 21:49:41 GMT	7368	1324220	1805352	117	263	5726	cmsRun -j /scratch/condor/dir_30886/glide_OUmCbB/execute/dir_3669/crab_fjr_201.xml -p pset.py      
 Feb 02 21:51:41 GMT	7368	1324220	1806632	117	265	5846	cmsRun -j /scratch/condor/dir_30886/glide_OUmCbB/execute/dir_3669/crab_fjr_201.xml -p pset.py      
 Feb 02 21:52:41 GMT	7368	1324220	1808424	117	267	5907	cmsRun -j /scratch/condor/dir_30886/glide_OUmCbB/execute/dir_3669/crab_fjr_201.xml -p pset.py      
 Feb 02 21:53:42 GMT	7368	1324220	1809704	117	268	5967	cmsRun -j /scratch/condor/dir_30886/glide_OUmCbB/execute/dir_3669/crab_fjr_201.xml -p pset.py      
 Feb 02 21:56:42 GMT	---	1324220	1809704	138	----	----	----
 Feb 02 22:12:46 GMT	7368	1324220	1832192	138	356	7112	cmsRun -j /scratch/condor/dir_30886/glide_OUmCbB/execute/dir_3669/crab_fjr_201.xml -p pset.py      
 Feb 02 22:12:46 GMT	---	1324220	1832192	162	----	----	----
 Feb 02 22:13:47 GMT	7368	1324220	1833728	162	358	7172	cmsRun -j /scratch/condor/dir_30886/glide_OUmCbB/execute/dir_3669/crab_fjr_201.xml -p pset.py      
 Feb 02 22:25:51 GMT	7368	1324220	1835008	162	375	7896	cmsRun -j /scratch/condor/dir_30886/glide_OUmCbB/execute/dir_3669/crab_fjr_201.xml -p pset.py      
 Feb 02 22:26:51 GMT	7368	1324220	1840128	162	380	7957	cmsRun -j /scratch/condor/dir_30886/glide_OUmCbB/execute/dir_3669/crab_fjr_201.xml -p pset.py      
 Feb 02 22:27:52 GMT	7368	1324220	1846272	162	385	8017	cmsRun -j /scratch/condor/dir_30886/glide_OUmCbB/execute/dir_3669/crab_fjr_201.xml -p pset.py      
 Feb 02 22:28:52 GMT	7368	1324220	1852160	162	390	8077	cmsRun -j /scratch/condor/dir_30886/glide_OUmCbB/execute/dir_3669/crab_fjr_201.xml -p pset.py      
 Feb 02 22:29:52 GMT	7368	1324220	1867264	162	405	8138	cmsRun -j /scratch/condor/dir_30886/glide_OUmCbB/execute/dir_3669/crab_fjr_201.xml -p pset.py      
 Feb 02 22:30:53 GMT	7368	1351936	1872132	162	411	8198	cmsRun -j /scratch/condor/dir_30886/glide_OUmCbB/execute/dir_3669/crab_fjr_201.xml -p pset.py      
 Feb 02 22:31:53 GMT	7368	1356576	1875716	162	417	8258	cmsRun -j /scratch/condor/dir_30886/glide_OUmCbB/execute/dir_3669/crab_fjr_201.xml -p pset.py      
 Feb 02 22:32:53 GMT	---	1356576	1875716	184	----	----	----
 Feb 02 22:39:56 GMT	---	1356576	1875716	185	----	----	----
 Feb 02 22:44:58 GMT	7368	1356576	1877000	185	503	9043	cmsRun -j /scratch/condor/dir_30886/glide_OUmCbB/execute/dir_3669/crab_fjr_201.xml -p pset.py      
 Feb 02 22:45:58 GMT	7368	1514084	1950472	185	519	9103	cmsRun -j /scratch/condor/dir_30886/glide_OUmCbB/execute/dir_3669/crab_fjr_201.xml -p pset.py      
 Feb 02 22:45:58 GMT	---	1514084	1950472	189	----	----	----
 Feb 02 22:46:58 GMT	---	1514084	1950472	207	----	----	----
 Feb 02 22:56:02 GMT	7368	1549276	2005000	207	607	9707	cmsRun -j /scratch/condor/dir_30886/glide_OUmCbB/execute/dir_3669/crab_fjr_201.xml -p pset.py      
 Feb 02 22:56:02 GMT	---	1549276	2005000	218	----	----	----
 Feb 02 22:57:02 GMT	---	1549276	2005000	229	----	----	----
 Feb 02 23:05:05 GMT	---	1549276	2005000	249	----	----	----
 Feb 02 23:10:07 GMT	7368	1549276	2017288	249	755	10552	cmsRun -j /scratch/condor/dir_30886/glide_OUmCbB/execute/dir_3669/crab_fjr_201.xml -p pset.py      
# TIME			PID	RSS(KB)	VSZ(KB)	Dsk(MB)	tCPU(s)	tWALL(s)	COMMAND
 Feb 02 23:11:07 GMT	---	1549276	2017288	270	----	----	----
********** WATCHDOG LOG ENDED
ZIPPING WATCHDOG LOG
Disk space used:
du -sh /scratch/condor/dir_30886/glide_OUmCbB/execute/dir_3669
270M	/scratch/condor/dir_30886/glide_OUmCbB/execute/dir_3669
Found unusual stdout, rename for OSB
`/scratch/condor/dir_30886/glide_OUmCbB/execute/dir_3669/_condor_stdout' -> `CMSSW_201.stdout'
Found unusual stderr, rename for OSB
`/scratch/condor/dir_30886/glide_OUmCbB/execute/dir_3669/_condor_stdout' -> `CMSSW_201.stderr'
crab_fjr_201.xml
CMSSW_201.stdout
CMSSW_201.stderr
Watchdog_201.log.gz
Total Output dimension: 24626
WARNING: output files size limit is set to: 50000000
Total Output dimension 24626 is fine.
JOB_EXIT_STATUS = 0
>>> info for dashboard:
***** Cat /scratch/condor/dir_30886/glide_OUmCbB/execute/dir_3669/jobreport.txt *****
MonitorJobID=201_https://submit-6.t2.ucsd.edu//150202//509447.200
MonitorID=dcieri_PU140_4dm08r
ExeTime=10556
ExeExitCode=0
StageOutExitStatusReason = 'Copy succedeed with srm-lcg utils'
StageOutSE = heplnx204.pp.rl.ac.uk
StageOutExitStatus = 0
CrabUserCpuTime=738.83
CrabSysCpuTime=23.61
CrabCpuPercentage=7%
CrabWrapperTime=10616
CrabStageoutTime=48
JobExitCode=0
***** End Cat jobreport *****
Parameters sent to Dashboard.
EXITING at Mon Feb  2 23:11:10 GMT 2015  -  Mon Feb  2 23:11:10 UTC 2015
