This script was generated by crab (version 2.11.1_patch1).
Running /scratch/condor/dir_6567/glide_8WIJaf/execute/dir_1091/condor_exec.exe with 2 positional parameters: 353 1
Today is Mon Feb  2 20:35:16 GMT 2015 - Mon Feb  2 20:35:16 UTC 2015
Job submitted on host heplnc327.pp.rl.ac.uk
Linux heplnc327.pp.rl.ac.uk 2.6.32-504.3.3.el6.x86_64 #1 SMP Tue Dec 16 14:29:22 CST 2014 x86_64 x86_64 x86_64 GNU/Linux
Distributor ID:	Scientific
Description:	Scientific Linux release 6.6 (Carbon)
>>> current directory (RUNTIME_AREA): /scratch/condor/dir_6567/glide_8WIJaf/execute/dir_1091
>>> current user: uid=157415(cms415) gid=157000(gplcms) groups=157000(gplcms)
>>> directory permission set to 0700
>>> umask set to:  u=rwx,g=,o=
>>> stdout stderr permission set to 0704
>>> voms proxy information:
subject   : /DC=ch/DC=cern/OU=Organic Units/OU=Users/CN=dcieri/CN=755391/CN=Davide Cieri/CN=769881070/CN=1624181982
issuer    : /DC=ch/DC=cern/OU=Organic Units/OU=Users/CN=dcieri/CN=755391/CN=Davide Cieri/CN=769881070
identity  : /DC=ch/DC=cern/OU=Organic Units/OU=Users/CN=dcieri/CN=755391/CN=Davide Cieri
type      : RFC3820 compliant limited proxy
strength  : 1024
path      : /scratch/condor/dir_6567/glide_8WIJaf/execute/dir_1091/x509up_u62281
timeleft  : 23:58:39
key usage : Digital Signature, Key Encipherment
=== VO cms extension information ===
VO        : cms
subject   : /DC=ch/DC=cern/OU=Organic Units/OU=Users/CN=dcieri/CN=755391/CN=Davide Cieri
issuer    : /DC=ch/DC=cern/OU=computers/CN=lcg-voms2.cern.ch
attribute : /cms/Role=NULL/Capability=NULL
timeleft  : 183:41:08
uri       : lcg-voms2.cern.ch:15002

WNHostName=heplnc327.pp.rl.ac.uk
$_CONDOR_JOB_AD =/scratch/condor/dir_6567/glide_8WIJaf/execute/dir_1091/.job.ad
OverflowFlag=0
>>> tar --no-same-permissions -xf /scratch/condor/dir_6567/glide_8WIJaf/execute/dir_1091/default.tgz :
Successful untar
>>> Include /scratch/condor/dir_6567/glide_8WIJaf/execute/dir_1091 in PYTHONPATH:
strip arguments
env var CRAB_UNIQUE_JOB_ID set to: dcieri_PU140_4dm08r_353_1_GXi
out_files_353
>>> list of expected files on output sandbox
output files: crab_fjr_353.xml CMSSW_353.stdout CMSSW_353.stderr Watchdog_353.log.gz
>>> GridFlavour discovery: 
GridFlavour=LCG
>>> SyncSite discovery: 
SyncSite=T2_UK_SGrid_RALPP
>>> SyncCE discovery: 
getting SyncCE from GLIDEIN_Gaekeeper
SyncCE=heplnv147.pp.rl.ac.uk
>>> info for dashboard:
***** Cat /scratch/condor/dir_6567/glide_8WIJaf/execute/dir_1091/jobreport.txt *****
WNHostName=heplnc327.pp.rl.ac.uk
OverflowFlag=0
MonitorJobID=353_https://submit-6.t2.ucsd.edu//150202//509447.352
SyncGridJobId=https://submit-6.t2.ucsd.edu//150202//509447.352
MonitorID=dcieri_PU140_4dm08r
GridFlavour=LCG
SyncSite=T2_UK_SGrid_RALPP
SyncCE=heplnv147.pp.rl.ac.uk
***** End Cat jobreport *****
Parameters sent to Dashboard.
>>> setup environment
set SCRAM ARCH to slc6_amd64_gcc472
SCRAM_ARCH = slc6_amd64_gcc472
>>> setup CMS LCG environment:
set SCRAM ARCH and BUILD_ARCH to slc6_amd64_gcc472 ###
Sourcing environment... 
sourcing /cvmfs/cms.cern.ch/cmsset_default.sh
==> setup cms environment ok
>>> specific cmssw setup environment:
CMSSW_VERSION =  CMSSW_6_2_0_SLHC12
WARNING: In non-interactive mode release checks e.g. deprecated releases, production architectures are disabled.
>>> current directory (SOFTWARE_DIR): /scratch/condor/dir_6567/glide_8WIJaf/execute/dir_1091/CMSSW_6_2_0_SLHC12
PreserveSeeds: <>
IncrementSeeds:<>
>>> info for dashboard:
***** Cat /scratch/condor/dir_6567/glide_8WIJaf/execute/dir_1091/jobreport.txt *****
MonitorJobID=353_https://submit-6.t2.ucsd.edu//150202//509447.352
MonitorID=dcieri_PU140_4dm08r
***** End Cat jobreport *****
Parameters sent to Dashboard.
crabWatchdog started as process 1556
>>> moving CMSSW software directories in /scratch/condor/dir_6567/glide_8WIJaf/execute/dir_1091/CMSSW_6_2_0_SLHC12
mv: cannot stat `/scratch/condor/dir_6567/glide_8WIJaf/execute/dir_1091/module/': No such file or directory
>>> Include /scratch/condor/dir_6567/glide_8WIJaf/execute/dir_1091 in PYTHONPATH:
PYTHONPATH=/scratch/condor/dir_6567/glide_8WIJaf/execute/dir_1091/:/scratch/condor/dir_6567/glide_8WIJaf/execute/dir_1091/CMSSW_6_2_0_SLHC12/python:/scratch/condor/dir_6567/glide_8WIJaf/execute/dir_1091/CMSSW_6_2_0_SLHC12/lib/slc6_amd64_gcc472:/cvmfs/cms.cern.ch/slc6_amd64_gcc472/cms/cmssw/CMSSW_6_2_0_SLHC12/python:/cvmfs/cms.cern.ch/slc6_amd64_gcc472/cms/cmssw/CMSSW_6_2_0_SLHC12/lib/slc6_amd64_gcc472:/cvmfs/cms.cern.ch/slc6_amd64_gcc472/cms/coral/CORAL_2_3_21-cms35/slc6_amd64_gcc472/python:/cvmfs/cms.cern.ch/slc6_amd64_gcc472/cms/coral/CORAL_2_3_21-cms35/slc6_amd64_gcc472/lib:/cvmfs/cms.cern.ch/slc6_amd64_gcc472/external/python-ldap/2.3.5-cms5/lib/python2.7/site-packages:/cvmfs/cms.cern.ch/slc6_amd64_gcc472/external/pyqt/4.8.1-cms5/lib/python2.7/site-packages:/cvmfs/cms.cern.ch/slc6_amd64_gcc472/external/py2-scipy/0.8.0-cms7/lib/python2.7/site-packages:/cvmfs/cms.cern.ch/slc6_amd64_gcc472/external/py2-matplotlib/1.0.1-cms7/lib/python2.7/site-packages:/cvmfs/cms.cern.ch/slc6_amd64_gcc472/external/sip/4.11.2-cms5/lib/python2.7/site-packages:/cvmfs/cms.cern.ch/slc6_amd64_gcc472/external/py2-pycurl/7.19.0-cms7/lib/python2.7/site-packages:/cvmfs/cms.cern.ch/slc6_amd64_gcc472/external/py2-numpy/1.6.1-cms7/lib/python2.7/site-packages:/cvmfs/cms.cern.ch/slc6_amd64_gcc472/external/py2-lint/0.25.1-cms5/lib/python2.7/site-packages:/cvmfs/cms.cern.ch/slc6_amd64_gcc472/external/py2-ipython/0.10-cms5/lib/python2.7/site-packages:/cvmfs/cms.cern.ch/slc6_amd64_gcc472/external/py2-cx-oracle/5.1-cms5/lib/python2.7/site-packages:/cvmfs/cms.cern.ch/slc6_amd64_gcc472/external/py2-cjson/1.0.5-cms5/lib/python2.7/site-packages:/cvmfs/cms.cern.ch/slc6_amd64_gcc472/cms/das-client/1.11.7/bin:/cvmfs/cms.cern.ch/slc6_amd64_gcc472/external/elementtree/1.2.6-cms5/share/lib/python2.7/site-packages:/cvmfs/cms.cern.ch/slc6_amd64_gcc472/external/rivet/1.8.2-cms9/lib/python2.7/site-packages:/cvmfs/cms.cern.ch/slc6_amd64_gcc472/external/pyminuit2/0.0.1-cms19/lib/python2.7/site-packages:/cvmfs/cms.cern.ch/slc6_amd64_gcc472/external/py2-pygithub/1.23.0-cms2/lib/python2.7/site-packages:/cvmfs/cms.cern.ch/slc6_amd64_gcc472/external/professor/1.0.0-cms19/lib/python2.7/site-packages:/cvmfs/cms.cern.ch/slc6_amd64_gcc472/lcg/root/5.34.07-cms/lib:/cvmfs/cms.cern.ch/slc6_amd64_gcc472/cms/dbs-client/DBS_2_1_9-cms5/lib:/cvmfs/cms.cern.ch/slc6_amd64_gcc472/cms/dbs-client/DBS_2_1_9-cms5/lib/DBSAPI:/cvmfs/cms.cern.ch/slc6_amd64_gcc472/external/cvs2git/5419-cms/lib:/scratch/condor/dir_6567/glide_8WIJaf/execute/dir_1091/
 
# LIMITS USED BY CRAB WATCHDOG:
# RSS  (KBytes)   : 2300000
# VSZ  (KBytes)   : 100000000
# DISK (MBytes)   : 19000
# CPU TIME        : 720h:0m:0s
# WALL CLOCK TIME : 21h:50m:0s
 
3c0380cf82de79bc39966c93934c61fc
PSETHASH = 3c0380cf82de79bc39966c93934c61fc
/scratch/condor/dir_6567/glide_8WIJaf/execute/dir_1091/writeCfg.py pset.py pset.py
Importing .py file
Setting parameters
RandomNumberGeneratorService found, will attempt to change seeds
inputBlocks=/ttbar/dcieri-ttbar_SIM-130075366148575c102f0d64fd3ac8f7/USER#d88f8312-b22c-48f9-b58b-21cac727e67d
inputFiles=/store/user/dcieri/ttbar_SIM/ttbar/ttbar_SIM/150129_145223/0000/step1_441.root
parentFiles=
lumisRange=
>>> Executable cmsRun
/cvmfs/cms.cern.ch/slc6_amd64_gcc472/cms/cmssw/CMSSW_6_2_0_SLHC12/bin/slc6_amd64_gcc472/cmsRun
ok executable found
>>> info for dashboard:
***** Cat /scratch/condor/dir_6567/glide_8WIJaf/execute/dir_1091/jobreport.txt *****
MonitorJobID=353_https://submit-6.t2.ucsd.edu//150202//509447.352
MonitorID=dcieri_PU140_4dm08r
ExeStart=cmsRun
***** End Cat jobreport *****
Parameters sent to Dashboard.
>>> cmsRun started at Mon Feb  2 20:35:26 UTC 2015
>>> cmsRun ended at Mon Feb  2 23:18:15 UTC 2015
>>> crab_fjr_*.xml  permission set to 0704
>>> info for dashboard:
***** Cat /scratch/condor/dir_6567/glide_8WIJaf/execute/dir_1091/jobreport.txt *****
MonitorJobID=353_https://submit-6.t2.ucsd.edu//150202//509447.352
MonitorID=dcieri_PU140_4dm08r
ExeEnd=cmsRun
***** End Cat jobreport *****
Parameters sent to Dashboard.
TIME_EXE = 9769 sec
>>> cmsRun wrote 223 lines of stdout+stderr
>>> START OF printout of 223 lines from stdout+stderr
271 DQMStore::DQMStore 
HcalTopologyIdealEP::HcalTopologyIdealEP
02-Feb-2015 20:35:39 GMT  Initiating request to open file root://dcap.pp.rl.ac.uk:1094/pnfs/pp.rl.ac.uk/data/cms/store/user/dcieri/ttbar_SIM/ttbar/ttbar_SIM/150129_145223/0000/step1_441.root
150202 20:35:41 1701 Xrd: CheckErrorStatus: Server [heplnx209.pp.rl.ac.uk:1094] declared: Request 3018 not supported(error code: 3013)
02-Feb-2015 20:35:42 GMT  Successfully opened file root://dcap.pp.rl.ac.uk:1094/pnfs/pp.rl.ac.uk/data/cms/store/user/dcieri/ttbar_SIM/ttbar/ttbar_SIM/150129_145223/0000/step1_441.root
02-Feb-2015 20:35:44 GMT  Initiating request to open file root://xrootd.unl.edu//store/group/dpg_trigger/comm_trigger/L1TrackTrigger/620_SLHC10/Extended2023TTI/MinBias/MinBias_TuneZ2star_GEN_SIM_1.root
02-Feb-2015 20:35:46 GMT  Successfully opened file root://xrootd.unl.edu//store/group/dpg_trigger/comm_trigger/L1TrackTrigger/620_SLHC10/Extended2023TTI/MinBias/MinBias_TuneZ2star_GEN_SIM_1.root
disableME1a = 0
HcalTopologyIdealEP::produce(const IdealGeometryRecord& iRecord)
mode = 2, maxDepthHB = 3, maxDepthHE = 5
RPCGeometryESModule :: produce
RPCGeometryESModule :: produce :: 1/4 Get Muon Ideal Geometry Record
RPCGeometryESModule :: produce :: 2/4 Get Muon DDD Constants
RPCGeometryESModule :: produce :: 3/4 Get Muon Numbering Record
in MuonNumberingInitialization::initializeMuonDDDConstants
about to make my new muonDDDConst_
in MuonNumberingInitialization::produce
RPCGeometryESModule :: produce :: 4/4 Build
Found:

	Barrel Stack layer 5 : 1008 stacks
	Barrel Stack layer 6 : 1320 stacks
	Barrel Stack layer 7 : 1836 stacks
	Barrel Stack layer 8 : 1152 stacks
	Barrel Stack layer 9 : 1488 stacks
	Barrel Stack layer 10 : 1824 stacks

	Endcap Stack disk 11 : 1360 stacks
	Endcap Stack disk 12 : 1360 stacks
	Endcap Stack disk 13 : 1360 stacks
	Endcap Stack disk 14 : 1360 stacks
	Endcap Stack disk 15 : 1360 stacks
Created 15428 stacks in 29 s

TTClusterBuilder< edm::Ref<edm::DetSetVector<PixelDigi>, PixelDigi, edm::refhelper::FindForDetSetVector<PixelDigi> > > loaded modules:
	TTClusterAlgorithm:	TTClusterAlgorithm_2d2013< edm::Ref<edm::DetSetVector<PixelDigi>, PixelDigi, edm::refhelper::FindForDetSetVector<PixelDigi> > >


TTStubBuilder< edm::Ref<edm::DetSetVector<PixelDigi>, PixelDigi, edm::refhelper::FindForDetSetVector<PixelDigi> > > loaded modules:
	TTStubAlgorithm:	TTStubAlgorithm_tab2013< edm::Ref<edm::DetSetVector<PixelDigi>, PixelDigi, edm::refhelper::FindForDetSetVector<PixelDigi> > >


TTClusterAssociator< edm::Ref<edm::DetSetVector<PixelDigi>, PixelDigi, edm::refhelper::FindForDetSetVector<PixelDigi> > > loaded.


TTStubAssociator< edm::Ref<edm::DetSetVector<PixelDigi>, PixelDigi, edm::refhelper::FindForDetSetVector<PixelDigi> > > loaded.


TTTrackAssociator< edm::Ref<edm::DetSetVector<PixelDigi>, PixelDigi, edm::refhelper::FindForDetSetVector<PixelDigi> > > loaded.

Begin processing the 1st record. Run 1, Event 4401, LumiSection 441 at 02-Feb-2015 20:36:36.837 GMT
02-Feb-2015 20:36:45 GMT  Closed file root://xrootd.unl.edu//store/group/dpg_trigger/comm_trigger/L1TrackTrigger/620_SLHC10/Extended2023TTI/MinBias/MinBias_TuneZ2star_GEN_SIM_1.root
02-Feb-2015 20:36:45 GMT  Initiating request to open file root://xrootd.unl.edu//store/group/dpg_trigger/comm_trigger/L1TrackTrigger/620_SLHC10/Extended2023TTI/MinBias/MinBias_TuneZ2star_GEN_SIM_982.root
02-Feb-2015 20:37:21 GMT  Successfully opened file root://xrootd.unl.edu//store/group/dpg_trigger/comm_trigger/L1TrackTrigger/620_SLHC10/Extended2023TTI/MinBias/MinBias_TuneZ2star_GEN_SIM_982.root
150202 20:42:10 1737 Xrd: XrdClientMessage::ReadRaw: Failed to read header (8 bytes).
150202 20:42:40 1735 Xrd: XrdClientMessage::ReadRaw: Failed to read header (8 bytes).
02-Feb-2015 20:46:39 GMT  Closed file root://xrootd.unl.edu//store/group/dpg_trigger/comm_trigger/L1TrackTrigger/620_SLHC10/Extended2023TTI/MinBias/MinBias_TuneZ2star_GEN_SIM_982.root
02-Feb-2015 20:46:39 GMT  Initiating request to open file root://xrootd.unl.edu//store/group/dpg_trigger/comm_trigger/L1TrackTrigger/620_SLHC10/Extended2023TTI/MinBias/MinBias_TuneZ2star_GEN_SIM_723.root
150202 20:47:11 4554 Xrd: CheckErrorStatus: Server [xrootd.ba.infn.it:1094] declared: session not found(error code: 3011)
02-Feb-2015 20:47:11 GMT  Successfully opened file root://xrootd.unl.edu//store/group/dpg_trigger/comm_trigger/L1TrackTrigger/620_SLHC10/Extended2023TTI/MinBias/MinBias_TuneZ2star_GEN_SIM_723.root
150202 20:52:09 1909 Xrd: XrdClientMessage::ReadRaw: Failed to read header (8 bytes).
150202 20:52:40 4557 Xrd: XrdClientMessage::ReadRaw: Failed to read header (8 bytes).
150202 20:56:10 1727 Xrd: XrdClientMessage::ReadRaw: Failed to read header (8 bytes).
150202 20:57:40 1908 Xrd: XrdClientMessage::ReadRaw: Failed to read header (8 bytes).
02-Feb-2015 20:57:51 GMT  Closed file root://xrootd.unl.edu//store/group/dpg_trigger/comm_trigger/L1TrackTrigger/620_SLHC10/Extended2023TTI/MinBias/MinBias_TuneZ2star_GEN_SIM_723.root
02-Feb-2015 20:57:51 GMT  Initiating request to open file root://xrootd.unl.edu//store/group/dpg_trigger/comm_trigger/L1TrackTrigger/620_SLHC10/Extended2023TTI/MinBias/MinBias_TuneZ2star_GEN_SIM_66.root
150202 20:57:51 6357 Xrd: CheckErrorStatus: Server [xrootd-redic.pi.infn.it:1094] declared: session not found(error code: 3011)
02-Feb-2015 20:57:52 GMT  Successfully opened file root://xrootd.unl.edu//store/group/dpg_trigger/comm_trigger/L1TrackTrigger/620_SLHC10/Extended2023TTI/MinBias/MinBias_TuneZ2star_GEN_SIM_66.root
Building the geometry service
Warning did not find digi
Warning did not find digi
Warning did not find digi
Warning did not find digi
Warning did not find digi in disks
Warning did not find digi in disks
Warning did not find digi in disks
Warning did not find digi in disks
150202 21:03:09 6359 Xrd: XrdClientMessage::ReadRaw: Failed to read header (8 bytes).
150202 21:03:10 4558 Xrd: XrdClientMessage::ReadRaw: Failed to read header (8 bytes).
02-Feb-2015 21:07:34 GMT  Closed file root://xrootd.unl.edu//store/group/dpg_trigger/comm_trigger/L1TrackTrigger/620_SLHC10/Extended2023TTI/MinBias/MinBias_TuneZ2star_GEN_SIM_66.root
02-Feb-2015 21:07:34 GMT  Initiating request to open file root://xrootd.unl.edu//store/group/dpg_trigger/comm_trigger/L1TrackTrigger/620_SLHC10/Extended2023TTI/MinBias/MinBias_TuneZ2star_GEN_SIM_866.root
150202 21:07:35 1734 Xrd: XrdClientMessage::ReadRaw: Failed to read header (8 bytes).
150202 21:10:39 7996 Xrd: CheckErrorStatus: Server [cms-xrd-global.cern.ch:1094] declared: session not found(error code: 3011)
150202 21:10:39 7996 Xrd: CheckErrorStatus: Server [llrxrd-redir.in2p3.fr:1094] declared: session not found(error code: 3011)
02-Feb-2015 21:10:40 GMT  Successfully opened file root://xrootd.unl.edu//store/group/dpg_trigger/comm_trigger/L1TrackTrigger/620_SLHC10/Extended2023TTI/MinBias/MinBias_TuneZ2star_GEN_SIM_866.root
150202 21:12:40 6360 Xrd: XrdClientMessage::ReadRaw: Failed to read header (8 bytes).
150202 21:16:10 8590 Xrd: XrdClientMessage::ReadRaw: Failed to read header (8 bytes).
150202 21:18:09 6358 Xrd: XrdClientMessage::ReadRaw: Failed to read header (8 bytes).
02-Feb-2015 21:21:38 GMT  Closed file root://xrootd.unl.edu//store/group/dpg_trigger/comm_trigger/L1TrackTrigger/620_SLHC10/Extended2023TTI/MinBias/MinBias_TuneZ2star_GEN_SIM_866.root
02-Feb-2015 21:21:38 GMT  Initiating request to open file root://xrootd.unl.edu//store/group/dpg_trigger/comm_trigger/L1TrackTrigger/620_SLHC10/Extended2023TTI/MinBias/MinBias_TuneZ2star_GEN_SIM_840.root
150202 21:21:39 10318 Xrd: CheckErrorStatus: Server [llrxrd-redir.in2p3.fr:1094] declared: session not found(error code: 3011)
02-Feb-2015 21:21:39 GMT  Successfully opened file root://xrootd.unl.edu//store/group/dpg_trigger/comm_trigger/L1TrackTrigger/620_SLHC10/Extended2023TTI/MinBias/MinBias_TuneZ2star_GEN_SIM_840.root
150202 21:26:40 8591 Xrd: XrdClientMessage::ReadRaw: Failed to read header (8 bytes).
150202 21:27:10 10319 Xrd: XrdClientMessage::ReadRaw: Failed to read header (8 bytes).
02-Feb-2015 21:31:22 GMT  Closed file root://xrootd.unl.edu//store/group/dpg_trigger/comm_trigger/L1TrackTrigger/620_SLHC10/Extended2023TTI/MinBias/MinBias_TuneZ2star_GEN_SIM_840.root
02-Feb-2015 21:31:22 GMT  Initiating request to open file root://xrootd.unl.edu//store/group/dpg_trigger/comm_trigger/L1TrackTrigger/620_SLHC10/Extended2023TTI/MinBias/MinBias_TuneZ2star_GEN_SIM_484.root
150202 21:31:54 11948 Xrd: CheckErrorStatus: Server [cms-xrd-global.cern.ch:1094] declared: session not found(error code: 3011)
150202 21:31:54 11948 Xrd: CheckErrorStatus: Server [xrootd-redic.pi.infn.it:1094] declared: session not found(error code: 3011)
150202 21:31:54 11948 Xrd: CheckErrorStatus: Server [eoscms.cern.ch:1094] declared: session not found(error code: 3011)
02-Feb-2015 21:31:54 GMT  Successfully opened file root://xrootd.unl.edu//store/group/dpg_trigger/comm_trigger/L1TrackTrigger/620_SLHC10/Extended2023TTI/MinBias/MinBias_TuneZ2star_GEN_SIM_484.root
150202 21:36:40 10320 Xrd: XrdClientMessage::ReadRaw: Failed to read header (8 bytes).
150202 21:37:10 12101 Xrd: XrdClientMessage::ReadRaw: Failed to read header (8 bytes).
150202 21:42:10 8589 Xrd: XrdClientMessage::ReadRaw: Failed to read header (8 bytes).
02-Feb-2015 21:42:12 GMT  Closed file root://xrootd.unl.edu//store/group/dpg_trigger/comm_trigger/L1TrackTrigger/620_SLHC10/Extended2023TTI/MinBias/MinBias_TuneZ2star_GEN_SIM_484.root
02-Feb-2015 21:42:12 GMT  Initiating request to open file root://xrootd.unl.edu//store/group/dpg_trigger/comm_trigger/L1TrackTrigger/620_SLHC10/Extended2023TTI/MinBias/MinBias_TuneZ2star_GEN_SIM_316.root
150202 21:42:12 14755 Xrd: CheckErrorStatus: Server [cms-xrd-global.cern.ch:1094] declared: session not found(error code: 3011)
150202 21:42:13 14755 Xrd: CheckErrorStatus: Server [xrootd.ba.infn.it:1094] declared: session not found(error code: 3011)
02-Feb-2015 21:42:13 GMT  Successfully opened file root://xrootd.unl.edu//store/group/dpg_trigger/comm_trigger/L1TrackTrigger/620_SLHC10/Extended2023TTI/MinBias/MinBias_TuneZ2star_GEN_SIM_316.root
150202 21:47:40 14757 Xrd: XrdClientMessage::ReadRaw: Failed to read header (8 bytes).
150202 21:47:40 12102 Xrd: XrdClientMessage::ReadRaw: Failed to read header (8 bytes).
150202 21:52:10 12100 Xrd: XrdClientMessage::ReadRaw: Failed to read header (8 bytes).
02-Feb-2015 21:52:19 GMT  Closed file root://xrootd.unl.edu//store/group/dpg_trigger/comm_trigger/L1TrackTrigger/620_SLHC10/Extended2023TTI/MinBias/MinBias_TuneZ2star_GEN_SIM_316.root
02-Feb-2015 21:52:19 GMT  Initiating request to open file root://xrootd.unl.edu//store/group/dpg_trigger/comm_trigger/L1TrackTrigger/620_SLHC10/Extended2023TTI/MinBias/MinBias_TuneZ2star_GEN_SIM_453.root
150202 21:52:50 16425 Xrd: CheckErrorStatus: Server [xrootd.ba.infn.it:1094] declared: session not found(error code: 3011)
02-Feb-2015 21:52:51 GMT  Successfully opened file root://xrootd.unl.edu//store/group/dpg_trigger/comm_trigger/L1TrackTrigger/620_SLHC10/Extended2023TTI/MinBias/MinBias_TuneZ2star_GEN_SIM_453.root
150202 21:57:40 14758 Xrd: XrdClientMessage::ReadRaw: Failed to read header (8 bytes).
150202 21:58:10 16428 Xrd: XrdClientMessage::ReadRaw: Failed to read header (8 bytes).
02-Feb-2015 21:59:44 GMT  Closed file root://xrootd.unl.edu//store/group/dpg_trigger/comm_trigger/L1TrackTrigger/620_SLHC10/Extended2023TTI/MinBias/MinBias_TuneZ2star_GEN_SIM_453.root
02-Feb-2015 21:59:44 GMT  Initiating request to open file root://xrootd.unl.edu//store/group/dpg_trigger/comm_trigger/L1TrackTrigger/620_SLHC10/Extended2023TTI/MinBias/MinBias_TuneZ2star_GEN_SIM_548.root
150202 22:00:14 17688 Xrd: CheckErrorStatus: Server [cms-xrd-global.cern.ch:1094] declared: session not found(error code: 3011)
150202 22:00:14 17688 Xrd: CheckErrorStatus: Server [xrootd-redic.pi.infn.it:1094] declared: session not found(error code: 3011)
02-Feb-2015 22:00:15 GMT  Successfully opened file root://xrootd.unl.edu//store/group/dpg_trigger/comm_trigger/L1TrackTrigger/620_SLHC10/Extended2023TTI/MinBias/MinBias_TuneZ2star_GEN_SIM_548.root
150202 22:05:10 16429 Xrd: XrdClientMessage::ReadRaw: Failed to read header (8 bytes).
150202 22:05:40 17809 Xrd: XrdClientMessage::ReadRaw: Failed to read header (8 bytes).
02-Feb-2015 22:05:44 GMT  Closed file root://xrootd.unl.edu//store/group/dpg_trigger/comm_trigger/L1TrackTrigger/620_SLHC10/Extended2023TTI/MinBias/MinBias_TuneZ2star_GEN_SIM_548.root
02-Feb-2015 22:05:44 GMT  Initiating request to open file root://xrootd.unl.edu//store/group/dpg_trigger/comm_trigger/L1TrackTrigger/620_SLHC10/Extended2023TTI/MinBias/MinBias_TuneZ2star_GEN_SIM_610.root
150202 22:10:47 18774 Xrd: CheckErrorStatus: Server [xrootd.ba.infn.it:1094] declared: session not found(error code: 3011)
150202 22:10:47 17810 Xrd: XrdClientMessage::ReadRaw: Failed to read header (8 bytes).
02-Feb-2015 22:10:47 GMT  Successfully opened file root://xrootd.unl.edu//store/group/dpg_trigger/comm_trigger/L1TrackTrigger/620_SLHC10/Extended2023TTI/MinBias/MinBias_TuneZ2star_GEN_SIM_610.root
150202 22:16:09 19541 Xrd: XrdClientMessage::ReadRaw: Failed to read header (8 bytes).
02-Feb-2015 22:16:35 GMT  Closed file root://xrootd.unl.edu//store/group/dpg_trigger/comm_trigger/L1TrackTrigger/620_SLHC10/Extended2023TTI/MinBias/MinBias_TuneZ2star_GEN_SIM_610.root
02-Feb-2015 22:16:35 GMT  Initiating request to open file root://xrootd.unl.edu//store/group/dpg_trigger/comm_trigger/L1TrackTrigger/620_SLHC10/Extended2023TTI/MinBias/MinBias_TuneZ2star_GEN_SIM_698.root
150202 22:19:37 20620 Xrd: CheckErrorStatus: Server [xrootd-redic.pi.infn.it:1094] declared: session not found(error code: 3011)
02-Feb-2015 22:19:38 GMT  Successfully opened file root://xrootd.unl.edu//store/group/dpg_trigger/comm_trigger/L1TrackTrigger/620_SLHC10/Extended2023TTI/MinBias/MinBias_TuneZ2star_GEN_SIM_698.root
150202 22:21:40 19542 Xrd: XrdClientMessage::ReadRaw: Failed to read header (8 bytes).
02-Feb-2015 22:23:20 GMT  Closed file root://xrootd.unl.edu//store/group/dpg_trigger/comm_trigger/L1TrackTrigger/620_SLHC10/Extended2023TTI/MinBias/MinBias_TuneZ2star_GEN_SIM_698.root
02-Feb-2015 22:23:20 GMT  Initiating request to open file root://xrootd.unl.edu//store/group/dpg_trigger/comm_trigger/L1TrackTrigger/620_SLHC10/Extended2023TTI/MinBias/MinBias_TuneZ2star_GEN_SIM_916.root
150202 22:24:22 21627 Xrd: CheckErrorStatus: Server [cms-xrd-global.cern.ch:1094] declared: session not found(error code: 3011)
02-Feb-2015 22:24:22 GMT  Successfully opened file root://xrootd.unl.edu//store/group/dpg_trigger/comm_trigger/L1TrackTrigger/620_SLHC10/Extended2023TTI/MinBias/MinBias_TuneZ2star_GEN_SIM_916.root
150202 22:28:40 21077 Xrd: XrdClientMessage::ReadRaw: Failed to read header (8 bytes).
02-Feb-2015 22:29:37 GMT  Closed file root://xrootd.unl.edu//store/group/dpg_trigger/comm_trigger/L1TrackTrigger/620_SLHC10/Extended2023TTI/MinBias/MinBias_TuneZ2star_GEN_SIM_916.root
02-Feb-2015 22:29:37 GMT  Initiating request to open file root://xrootd.unl.edu//store/group/dpg_trigger/comm_trigger/L1TrackTrigger/620_SLHC10/Extended2023TTI/MinBias/MinBias_TuneZ2star_GEN_SIM_404.root
02-Feb-2015 22:29:38 GMT  Successfully opened file root://xrootd.unl.edu//store/group/dpg_trigger/comm_trigger/L1TrackTrigger/620_SLHC10/Extended2023TTI/MinBias/MinBias_TuneZ2star_GEN_SIM_404.root
150202 22:31:10 14756 Xrd: XrdClientMessage::ReadRaw: Failed to read header (8 bytes).
150202 22:34:26 21076 Xrd: XrdClientMessage::ReadRaw: Failed to read header (8 bytes).
150202 22:34:40 21801 Xrd: XrdClientMessage::ReadRaw: Failed to read header (8 bytes).
150202 22:34:40 22749 Xrd: XrdClientMessage::ReadRaw: Failed to read header (8 bytes).
02-Feb-2015 22:34:44 GMT  Closed file root://xrootd.unl.edu//store/group/dpg_trigger/comm_trigger/L1TrackTrigger/620_SLHC10/Extended2023TTI/MinBias/MinBias_TuneZ2star_GEN_SIM_404.root
02-Feb-2015 22:34:44 GMT  Initiating request to open file root://xrootd.unl.edu//store/group/dpg_trigger/comm_trigger/L1TrackTrigger/620_SLHC10/Extended2023TTI/MinBias/MinBias_TuneZ2star_GEN_SIM_562.root
150202 22:35:15 23698 Xrd: CheckErrorStatus: Server [xrootd-redic.pi.infn.it:1094] declared: session not found(error code: 3011)
02-Feb-2015 22:35:15 GMT  Successfully opened file root://xrootd.unl.edu//store/group/dpg_trigger/comm_trigger/L1TrackTrigger/620_SLHC10/Extended2023TTI/MinBias/MinBias_TuneZ2star_GEN_SIM_562.root
02-Feb-2015 22:40:01 GMT  Closed file root://xrootd.unl.edu//store/group/dpg_trigger/comm_trigger/L1TrackTrigger/620_SLHC10/Extended2023TTI/MinBias/MinBias_TuneZ2star_GEN_SIM_562.root
02-Feb-2015 22:40:01 GMT  Initiating request to open file root://xrootd.unl.edu//store/group/dpg_trigger/comm_trigger/L1TrackTrigger/620_SLHC10/Extended2023TTI/MinBias/MinBias_TuneZ2star_GEN_SIM_671.root
150202 22:40:02 22750 Xrd: XrdClientMessage::ReadRaw: Failed to read header (8 bytes).
150202 22:40:32 23831 Xrd: XrdClientMessage::ReadRaw: Failed to read header (8 bytes).
02-Feb-2015 22:40:33 GMT  Successfully opened file root://xrootd.unl.edu//store/group/dpg_trigger/comm_trigger/L1TrackTrigger/620_SLHC10/Extended2023TTI/MinBias/MinBias_TuneZ2star_GEN_SIM_671.root
150202 22:45:10 23832 Xrd: XrdClientMessage::ReadRaw: Failed to read header (8 bytes).
150202 22:45:40 24980 Xrd: XrdClientMessage::ReadRaw: Failed to read header (8 bytes).
02-Feb-2015 22:48:01 GMT  Closed file root://xrootd.unl.edu//store/group/dpg_trigger/comm_trigger/L1TrackTrigger/620_SLHC10/Extended2023TTI/MinBias/MinBias_TuneZ2star_GEN_SIM_671.root
02-Feb-2015 22:48:01 GMT  Initiating request to open file root://xrootd.unl.edu//store/group/dpg_trigger/comm_trigger/L1TrackTrigger/620_SLHC10/Extended2023TTI/MinBias/MinBias_TuneZ2star_GEN_SIM_24.root
150202 22:48:32 26761 Xrd: CheckErrorStatus: Server [xrootd-redic.pi.infn.it:1094] declared: session not found(error code: 3011)
02-Feb-2015 22:48:32 GMT  Successfully opened file root://xrootd.unl.edu//store/group/dpg_trigger/comm_trigger/L1TrackTrigger/620_SLHC10/Extended2023TTI/MinBias/MinBias_TuneZ2star_GEN_SIM_24.root
02-Feb-2015 22:52:30 GMT  Closed file root://xrootd.unl.edu//store/group/dpg_trigger/comm_trigger/L1TrackTrigger/620_SLHC10/Extended2023TTI/MinBias/MinBias_TuneZ2star_GEN_SIM_24.root
02-Feb-2015 22:52:30 GMT  Initiating request to open file root://xrootd.unl.edu//store/group/dpg_trigger/comm_trigger/L1TrackTrigger/620_SLHC10/Extended2023TTI/MinBias/MinBias_TuneZ2star_GEN_SIM_561.root
150202 22:53:01 27475 Xrd: CheckErrorStatus: Server [cms-xrd-global.cern.ch:1094] declared: session not found(error code: 3011)
02-Feb-2015 22:53:01 GMT  Successfully opened file root://xrootd.unl.edu//store/group/dpg_trigger/comm_trigger/L1TrackTrigger/620_SLHC10/Extended2023TTI/MinBias/MinBias_TuneZ2star_GEN_SIM_561.root
150202 22:53:10 24988 Xrd: XrdClientMessage::ReadRaw: Failed to read header (8 bytes).
02-Feb-2015 22:55:37 GMT  Closed file root://xrootd.unl.edu//store/group/dpg_trigger/comm_trigger/L1TrackTrigger/620_SLHC10/Extended2023TTI/MinBias/MinBias_TuneZ2star_GEN_SIM_561.root
02-Feb-2015 22:55:37 GMT  Initiating request to open file root://xrootd.unl.edu//store/group/dpg_trigger/comm_trigger/L1TrackTrigger/620_SLHC10/Extended2023TTI/MinBias/MinBias_TuneZ2star_GEN_SIM_717.root
02-Feb-2015 22:56:08 GMT  Successfully opened file root://xrootd.unl.edu//store/group/dpg_trigger/comm_trigger/L1TrackTrigger/620_SLHC10/Extended2023TTI/MinBias/MinBias_TuneZ2star_GEN_SIM_717.root
150202 22:57:40 26910 Xrd: XrdClientMessage::ReadRaw: Failed to read header (8 bytes).
02-Feb-2015 22:58:53 GMT  Closed file root://xrootd.unl.edu//store/group/dpg_trigger/comm_trigger/L1TrackTrigger/620_SLHC10/Extended2023TTI/MinBias/MinBias_TuneZ2star_GEN_SIM_717.root
02-Feb-2015 22:58:53 GMT  Initiating request to open file root://xrootd.unl.edu//store/group/dpg_trigger/comm_trigger/L1TrackTrigger/620_SLHC10/Extended2023TTI/MinBias/MinBias_TuneZ2star_GEN_SIM_583.root
02-Feb-2015 22:59:23 GMT  Successfully opened file root://xrootd.unl.edu//store/group/dpg_trigger/comm_trigger/L1TrackTrigger/620_SLHC10/Extended2023TTI/MinBias/MinBias_TuneZ2star_GEN_SIM_583.root
150202 23:00:40 27505 Xrd: XrdClientMessage::ReadRaw: Failed to read header (8 bytes).
02-Feb-2015 23:03:24 GMT  Closed file root://xrootd.unl.edu//store/group/dpg_trigger/comm_trigger/L1TrackTrigger/620_SLHC10/Extended2023TTI/MinBias/MinBias_TuneZ2star_GEN_SIM_583.root
02-Feb-2015 23:03:24 GMT  Initiating request to open file root://xrootd.unl.edu//store/group/dpg_trigger/comm_trigger/L1TrackTrigger/620_SLHC10/Extended2023TTI/MinBias/MinBias_TuneZ2star_GEN_SIM_38.root
02-Feb-2015 23:03:56 GMT  Successfully opened file root://xrootd.unl.edu//store/group/dpg_trigger/comm_trigger/L1TrackTrigger/620_SLHC10/Extended2023TTI/MinBias/MinBias_TuneZ2star_GEN_SIM_38.root
150202 23:03:57 28202 Xrd: XrdClientMessage::ReadRaw: Failed to read header (8 bytes).
150202 23:08:40 17808 Xrd: XrdClientMessage::ReadRaw: Failed to read header (8 bytes).
150202 23:08:40 28619 Xrd: XrdClientMessage::ReadRaw: Failed to read header (8 bytes).
02-Feb-2015 23:08:53 GMT  Closed file root://xrootd.unl.edu//store/group/dpg_trigger/comm_trigger/L1TrackTrigger/620_SLHC10/Extended2023TTI/MinBias/MinBias_TuneZ2star_GEN_SIM_38.root
02-Feb-2015 23:08:53 GMT  Initiating request to open file root://xrootd.unl.edu//store/group/dpg_trigger/comm_trigger/L1TrackTrigger/620_SLHC10/Extended2023TTI/MinBias/MinBias_TuneZ2star_GEN_SIM_599.root
150202 23:09:10 26909 Xrd: XrdClientMessage::ReadRaw: Failed to read header (8 bytes).
150202 23:09:24 30331 Xrd: CheckErrorStatus: Server [xrootd.ba.infn.it:1094] declared: session not found(error code: 3011)
02-Feb-2015 23:09:25 GMT  Successfully opened file root://xrootd.unl.edu//store/group/dpg_trigger/comm_trigger/L1TrackTrigger/620_SLHC10/Extended2023TTI/MinBias/MinBias_TuneZ2star_GEN_SIM_599.root
DTTSPhi::addTracoT: preview not present in TRACO trigger or its code=0  trigger not added!
DTTSPhi::addTracoT: preview not present in TRACO trigger or its code=0  trigger not added!
02-Feb-2015 23:13:31 GMT  Closed file root://xrootd.unl.edu//store/group/dpg_trigger/comm_trigger/L1TrackTrigger/620_SLHC10/Extended2023TTI/MinBias/MinBias_TuneZ2star_GEN_SIM_599.root
02-Feb-2015 23:13:31 GMT  Initiating request to open file root://xrootd.unl.edu//store/group/dpg_trigger/comm_trigger/L1TrackTrigger/620_SLHC10/Extended2023TTI/MinBias/MinBias_TuneZ2star_GEN_SIM_957.root
150202 23:14:02 29340 Xrd: XrdClientMessage::ReadRaw: Failed to read header (8 bytes).
02-Feb-2015 23:14:02 GMT  Successfully opened file root://xrootd.unl.edu//store/group/dpg_trigger/comm_trigger/L1TrackTrigger/620_SLHC10/Extended2023TTI/MinBias/MinBias_TuneZ2star_GEN_SIM_957.root
02-Feb-2015 23:16:09 GMT  Closed file root://xrootd.unl.edu//store/group/dpg_trigger/comm_trigger/L1TrackTrigger/620_SLHC10/Extended2023TTI/MinBias/MinBias_TuneZ2star_GEN_SIM_957.root
02-Feb-2015 23:16:09 GMT  Initiating request to open file root://xrootd.unl.edu//store/group/dpg_trigger/comm_trigger/L1TrackTrigger/620_SLHC10/Extended2023TTI/MinBias/MinBias_TuneZ2star_GEN_SIM_79.root
150202 23:16:39 31591 Xrd: CheckErrorStatus: Server [cms-xrd-global.cern.ch:1094] declared: session not found(error code: 3011)
150202 23:16:39 31591 Xrd: CheckErrorStatus: Server [eoscms.cern.ch:1094] declared: session not found(error code: 3011)
02-Feb-2015 23:16:39 GMT  Successfully opened file root://xrootd.unl.edu//store/group/dpg_trigger/comm_trigger/L1TrackTrigger/620_SLHC10/Extended2023TTI/MinBias/MinBias_TuneZ2star_GEN_SIM_79.root
02-Feb-2015 23:18:13 GMT  Closed file root://dcap.pp.rl.ac.uk:1094/pnfs/pp.rl.ac.uk/data/cms/store/user/dcieri/ttbar_SIM/ttbar/ttbar_SIM/150129_145223/0000/step1_441.root
02-Feb-2015 23:18:13 GMT  Closed file root://xrootd.unl.edu//store/group/dpg_trigger/comm_trigger/L1TrackTrigger/620_SLHC10/Extended2023TTI/MinBias/MinBias_TuneZ2star_GEN_SIM_79.root

=============================================

MessageLogger Summary

 type     category        sev    module        subroutine        count    total
 ---- -------------------- -- ---------------- ----------------  -----    -----
    1 fileAction           -s MixingModule:mix                      69       69
    2 fileAction           -s MixingModule:mix                       2        2
    3 fileAction           -s MixingModule:mix                       1        1
    4 fileAction           -s file_close                             1        1
    5 fileAction           -s file_open                              2        2

 type    category    Examples: run/evt        run/evt          run/evt
 ---- -------------------- ---------------- ---------------- ----------------
    1 fileAction           1/4401           1/4401           1/4410
    2 fileAction           pre-events       pre-events       
    3 fileAction           PostEndRun                        
    4 fileAction           PostEndRun                        
    5 fileAction           pre-events       pre-events       

Severity    # Occurrences   Total Occurrences
--------    -------------   -----------------
System                 75                  75
>>> END OF printout of 223 lines from stdout+stderr
>>> Parse FrameworkJobReport crab_fjr.xml
Result of parsing the FrameworkJobReport crab_fjr.xml: 
Extracted ExitStatus from FrameworkJobReport parsing output: 0
>>> Executable succeded  0
ExeExitCode=0
EXECUTABLE_EXIT_STATUS = 0
>>> current directory /scratch/condor/dir_6567/glide_8WIJaf/execute/dir_1091/CMSSW_6_2_0_SLHC12
>>>  (SOFTWARE_DIR): /scratch/condor/dir_6567/glide_8WIJaf/execute/dir_1091/CMSSW_6_2_0_SLHC12
>>> (WORKING_DIR): 
>>> current directory content:
total 251132
drwxr-xr-x 3 cms415 gplcms      4096 Feb  2 20:35 .SCRAM
-rw------- 1 cms415 gplcms    915837 Feb  2 20:35 CMSSW.py.pkl
drwxr-xr-x 3 cms415 gplcms      4096 Feb  2 20:35 bin
drwxr-xr-x 3 cms415 gplcms      4096 Feb  2 20:35 cfipython
drwxr-xr-x 4 cms415 gplcms      4096 Apr 28  2014 config
-rw------- 1 cms415 gplcms        16 Feb  2 23:18 cpu_timing.txt
drwxr-xr-x 2 cms415 gplcms      4096 Feb  2 20:35 doc
-rw------- 1 cms415 gplcms     25064 Feb  2 23:18 executable.out
drwxr-xr-x 2 cms415 gplcms      4096 Feb  2 20:35 include
drwx------ 3 cms415 gplcms      4096 Oct  7 10:12 lib
drwxr-xr-x 3 cms415 gplcms      4096 Feb  2 20:35 logs
drwxr-xr-x 3 cms415 gplcms      4096 Feb  2 20:35 objs
-rw------- 1 cms415 gplcms       104 Feb  2 20:35 pset.py
-rw------- 1 cms415 gplcms    926827 Feb  2 20:35 pset.py.pkl
-rw------- 1 cms415 gplcms       289 Feb  2 20:35 pset.pyc
drwxr-xr-x 2 cms415 gplcms      4096 Feb  2 20:35 python
-rw------- 1 cms415 gplcms       359 Feb  2 23:18 report.log
drwxr-xr-x 2 cms415 gplcms      4096 Feb  2 20:35 src
-rw------- 1 cms415 gplcms 254948899 Feb  2 23:18 step2.root
drwxr-xr-x 3 cms415 gplcms      4096 Feb  2 20:35 test
drwxr-xr-x 3 cms415 gplcms      4096 Feb  2 20:35 tmp
>>> current directory /scratch/condor/dir_6567/glide_8WIJaf/execute/dir_1091/CMSSW_6_2_0_SLHC12
>>> (SOFTWARE_DIR): /scratch/condor/dir_6567/glide_8WIJaf/execute/dir_1091/CMSSW_6_2_0_SLHC12
>>> (WORKING_DIR): 
>>> current directory content:
total 251132
drwxr-xr-x 3 cms415 gplcms      4096 Feb  2 20:35 .SCRAM
-rw------- 1 cms415 gplcms    915837 Feb  2 20:35 CMSSW.py.pkl
drwxr-xr-x 3 cms415 gplcms      4096 Feb  2 20:35 bin
drwxr-xr-x 3 cms415 gplcms      4096 Feb  2 20:35 cfipython
drwxr-xr-x 4 cms415 gplcms      4096 Apr 28  2014 config
-rw------- 1 cms415 gplcms        16 Feb  2 23:18 cpu_timing.txt
drwxr-xr-x 2 cms415 gplcms      4096 Feb  2 20:35 doc
-rw------- 1 cms415 gplcms     25064 Feb  2 23:18 executable.out
drwxr-xr-x 2 cms415 gplcms      4096 Feb  2 20:35 include
drwx------ 3 cms415 gplcms      4096 Oct  7 10:12 lib
drwxr-xr-x 3 cms415 gplcms      4096 Feb  2 20:35 logs
drwxr-xr-x 3 cms415 gplcms      4096 Feb  2 20:35 objs
-rw------- 1 cms415 gplcms       104 Feb  2 20:35 pset.py
-rw------- 1 cms415 gplcms    926827 Feb  2 20:35 pset.py.pkl
-rw------- 1 cms415 gplcms       289 Feb  2 20:35 pset.pyc
drwxr-xr-x 2 cms415 gplcms      4096 Feb  2 20:35 python
-rw------- 1 cms415 gplcms       359 Feb  2 23:18 report.log
drwxr-xr-x 2 cms415 gplcms      4096 Feb  2 20:35 src
-rw------- 1 cms415 gplcms 254948899 Feb  2 23:18 step2_353_1_GXi.root
drwxr-xr-x 3 cms415 gplcms      4096 Feb  2 20:35 test
drwxr-xr-x 3 cms415 gplcms      4096 Feb  2 20:35 tmp
>>> current directory (RUNTIME_AREA):  /scratch/condor/dir_6567/glide_8WIJaf/execute/dir_1091
PNN = T2_UK_SGrid_RALPP
SE = heplnx204.pp.rl.ac.uk
SE_PATH = /srm/managerv2?SFN=/pnfs/pp.rl.ac.uk/data/cms/store/user/dcieri/ttbar_PU140_DIGI/dcieri/ttbar/ttbar_PU140_DIGI/3c0380cf82de79bc39966c93934c61fc/
LFNBaseName = /store/user/dcieri/ttbar_PU140_DIGI/dcieri/ttbar/ttbar_PU140_DIGI/3c0380cf82de79bc39966c93934c61fc/
USER = dcieri
endpoint = srm://heplnx204.pp.rl.ac.uk:8443/srm/managerv2?SFN=/pnfs/pp.rl.ac.uk/data/cms/store/user/dcieri/ttbar_PU140_DIGI/dcieri/ttbar/ttbar_PU140_DIGI/3c0380cf82de79bc39966c93934c61fc/
>>> Copy output files from WN = heplnc327.pp.rl.ac.uk to /srm/managerv2?SFN=/pnfs/pp.rl.ac.uk/data/cms/store/user/dcieri/ttbar_PU140_DIGI/dcieri/ttbar/ttbar_PU140_DIGI/3c0380cf82de79bc39966c93934c61fc/ :
python cmscp.py  --destination srm://heplnx204.pp.rl.ac.uk:8443/srm/managerv2?SFN=/pnfs/pp.rl.ac.uk/data/cms/store/user/dcieri/ttbar_PU140_DIGI/dcieri/ttbar/ttbar_PU140_DIGI/3c0380cf82de79bc39966c93934c61fc/ --inputFileList /scratch/condor/dir_6567/glide_8WIJaf/execute/dir_1091/CMSSW_6_2_0_SLHC12/step2_353_1_GXi.root --middleware LCG --PNN T2_UK_SGrid_RALPP --se_name heplnx204.pp.rl.ac.uk --for_lfn /store/user/dcieri/ttbar_PU140_DIGI/dcieri/ttbar/ttbar_PU140_DIGI/3c0380cf82de79bc39966c93934c61fc/    
******************************************************
localSeName  =  heplnx204.pp.rl.ac.uk
remoteSeName =  heplnx204.pp.rl.ac.uk
******************************************************
{"/scratch/condor/dir_6567/glide_8WIJaf/execute/dir_1091/CMSSW_6_2_0_SLHC12/step2_353_1_GXi.root": {"endpoint": "srm://heplnx204.pp.rl.ac.uk:8443/srm/managerv2?SFN=/pnfs/pp.rl.ac.uk/data/cms/store/user/dcieri/ttbar_PU140_DIGI/dcieri/ttbar/ttbar_PU140_DIGI/3c0380cf82de79bc39966c93934c61fc/", "surl_for_grid": "", "reason": "Copy succedeed with srm-lcg utils", "erCode": "0", "PNN": "T2_UK_SGrid_RALPP", "se_name": "heplnx204.pp.rl.ac.uk", "for_lfn": "/store/user/dcieri/ttbar_PU140_DIGI/dcieri/ttbar/ttbar_PU140_DIGI/3c0380cf82de79bc39966c93934c61fc/"}}/scratch/condor/dir_6567/glide_8WIJaf/execute/dir_1091
-------- cat /scratch/condor/dir_6567/glide_8WIJaf/execute/dir_1091/cmscpReport.sh 
#!/bin/bash
echo "Report for File: /scratch/condor/dir_6567/glide_8WIJaf/execute/dir_1091/CMSSW_6_2_0_SLHC12/step2_353_1_GXi.root"
echo "LFN: /store/user/dcieri/ttbar_PU140_DIGI/dcieri/ttbar/ttbar_PU140_DIGI/3c0380cf82de79bc39966c93934c61fc/step2_353_1_GXi.root"
echo "StorageElement: heplnx204.pp.rl.ac.uk"
echo "StageOutExitStatusReason = 'Copy succedeed with srm-lcg utils'" | tee -a $RUNTIME_AREA/$repo
echo "StageOutSE = heplnx204.pp.rl.ac.uk" >> $RUNTIME_AREA/$repo

export StageOutExitStatus=0
echo "StageOutExitStatus = 0" | tee -a $RUNTIME_AREA/$repo
-------- end of /scratch/condor/dir_6567/glide_8WIJaf/execute/dir_1091/cmscpReport.sh 
Report for File: /scratch/condor/dir_6567/glide_8WIJaf/execute/dir_1091/CMSSW_6_2_0_SLHC12/step2_353_1_GXi.root
LFN: /store/user/dcieri/ttbar_PU140_DIGI/dcieri/ttbar/ttbar_PU140_DIGI/3c0380cf82de79bc39966c93934c61fc/step2_353_1_GXi.root
StorageElement: heplnx204.pp.rl.ac.uk
StageOutExitStatusReason = 'Copy succedeed with srm-lcg utils'
StageOutExitStatus = 0
>>> current dir: /scratch/condor/dir_6567/glide_8WIJaf/execute/dir_1091
>>> current dir content:
total 8824
-rw-------  1 cms415 gplcms    2788 Feb  2 23:19 .SEinteraction.log
-rwx------  1 cms415 gplcms      52 Feb  2 20:33 .chirp_config
-rwx------  1 cms415 gplcms    7820 Feb  2 20:33 .job.ad
-rwx------  1 cms415 gplcms    9750 Feb  2 20:33 .machine.ad
-rw-------  1 cms415 gplcms     105 Feb  2 12:16 CMSSW.py
-rw-------  1 cms415 gplcms  915837 Feb  2 12:16 CMSSW.py.pkl
-rwx------  1 cms415 gplcms   29498 Feb  2 20:35 CMSSW.sh
drwxr-xr-x 15 cms415 gplcms    4096 Feb  2 23:18 CMSSW_6_2_0_SLHC12
-rw-------  1 cms415 gplcms     188 Feb  2 20:35 CacheEnv.sh
-rw-------  1 cms415 gplcms    7291 Nov 19 14:52 DashboardAPI.py
-rw-------  1 cms415 gplcms    6440 Feb  2 20:35 DashboardAPI.pyc
drwx------  2 cms415 gplcms    4096 Feb  2 23:18 IMProv
-rw-------  1 cms415 gplcms    2748 Nov 19 14:52 Logger.py
-rw-------  1 cms415 gplcms    3222 Feb  2 20:35 Logger.pyc
-rw-------  1 cms415 gplcms   24524 Nov 19 14:52 ProcInfo.py
-rw-------  1 cms415 gplcms   22597 Feb  2 20:35 ProcInfo.pyc
drwx------  7 cms415 gplcms    4096 Feb  2 20:35 ProdCommon
drwx------  3 cms415 gplcms    4096 Feb  2 20:35 WMCore
-rw-------  1 cms415 gplcms    9973 Feb  2 23:18 Watchdog_353.log
-rwx------  1 cms415 gplcms       0 Feb  2 20:35 _condor_stderr
-rwx---r--  1 cms415 gplcms   39774 Feb  2 23:19 _condor_stdout
-rw-------  1 cms415 gplcms   32895 Nov 19 14:52 apmon.py
-rw-------  1 cms415 gplcms   27900 Feb  2 20:35 apmon.pyc
-rwx------  1 cms415 gplcms  134309 Feb  2 20:35 arguments.xml
-rwx------  1 cms415 gplcms   38581 Nov 19 14:52 cmscp.py
-rw-------  1 cms415 gplcms     560 Feb  2 23:19 cmscpReport.sh
-rwx------  1 cms415 gplcms   29498 Feb  2 20:35 condor_exec.exe
-rw-------  1 cms415 gplcms     544 Feb  2 12:16 crab.cfg
-rwx------  1 cms415 gplcms    8610 Nov 19 14:52 crabWatchdog.sh
-rwx---r--  1 cms415 gplcms  112108 Feb  2 23:18 crab_fjr_353.xml
-rwx------  1 cms415 gplcms 7390485 Feb  2 20:35 default.tgz
-rwx------  1 cms415 gplcms    4488 Nov 19 14:52 fillCrabFjr.py
-rw-------  1 cms415 gplcms     226 Feb  2 20:35 inputsReport.txt
-rw-------  1 cms415 gplcms     244 Feb  2 23:19 jobreport.txt
-rw-------  1 cms415 gplcms   17352 Nov 19 14:52 parseCrabFjr.py
-rw-------  1 cms415 gplcms     324 Feb  2 20:35 report.log
-rwx--x--x  1 cms415 gplcms    1497 Nov 19 14:52 report.py
-rw-------  1 cms415 gplcms     553 Feb  2 23:19 resultCopyFile
lrwxrwxrwx  1 cms415 gplcms      94 Feb  2 23:18 step2.root -> /scratch/condor/dir_6567/glide_8WIJaf/execute/dir_1091/CMSSW_6_2_0_SLHC12/step2_353_1_GXi.root
-rwx------  1 cms415 gplcms    8351 Nov 19 14:52 writeCfg.py
-rw-------  1 cms415 gplcms   10293 Feb  2 20:33 x509up_u62281
>>> Modify Job Report:
CMSSW_VERSION = CMSSW_6_2_0_SLHC12
ProcessedDataset = ttbar_PU140_DIGI
/scratch/condor/dir_6567/glide_8WIJaf/execute/dir_1091/ProdCommon/FwkJobRep/ModifyJobReport.py fjr /scratch/condor/dir_6567/glide_8WIJaf/execute/dir_1091/crab_fjr_353.xml json /scratch/condor/dir_6567/glide_8WIJaf/execute/dir_1091/resultCopyFile n_job 353_1_GXi PrimaryDataset ttbar  ApplicationFamily cmsRun ApplicationName cmsRun cmssw_version CMSSW_6_2_0_SLHC12 psethash 3c0380cf82de79bc39966c93934c61fc UserProcessedDataset dcieri-ttbar_PU140_DIGI-3c0380cf82de79bc39966c93934c61fc
inputDict =  {u'/scratch/condor/dir_6567/glide_8WIJaf/execute/dir_1091/CMSSW_6_2_0_SLHC12/step2_353_1_GXi.root': {u'endpoint': u'srm://heplnx204.pp.rl.ac.uk:8443/srm/managerv2?SFN=/pnfs/pp.rl.ac.uk/data/cms/store/user/dcieri/ttbar_PU140_DIGI/dcieri/ttbar/ttbar_PU140_DIGI/3c0380cf82de79bc39966c93934c61fc/', u'surl_for_grid': u'', u'reason': u'Copy succedeed with srm-lcg utils', u'erCode': u'0', u'PNN': u'T2_UK_SGrid_RALPP', u'se_name': u'heplnx204.pp.rl.ac.uk', u'for_lfn': u'/store/user/dcieri/ttbar_PU140_DIGI/dcieri/ttbar/ttbar_PU140_DIGI/3c0380cf82de79bc39966c93934c61fc/'}}
UserProcessedDataset =  dcieri-ttbar_PU140_DIGI-3c0380cf82de79bc39966c93934c61fc
WORKING ON EDM FILE
file_name in inputDict =  /scratch/condor/dir_6567/glide_8WIJaf/execute/dir_1091/CMSSW_6_2_0_SLHC12/step2_353_1_GXi.root
(size) os.stat(filename)[6] =  254948899
checksum =  2887442012
    file =  step2_353_1_GXi.root
    newPfn =  srm://heplnx204.pp.rl.ac.uk:8443/srm/managerv2?SFN=/pnfs/pp.rl.ac.uk/data/cms/store/user/dcieri/ttbar_PU140_DIGI/dcieri/ttbar/ttbar_PU140_DIGI/3c0380cf82de79bc39966c93934c61fc/step2_353_1_GXi.root
    newLfn =  /store/user/dcieri/ttbar_PU140_DIGI/dcieri/ttbar/ttbar_PU140_DIGI/3c0380cf82de79bc39966c93934c61fc/step2_353_1_GXi.root
>>> crab_fjr_*.xml  permission set to 0704
CrabWrapper EXIT_FUNC entered at Mon Feb  2 23:19:09 GMT 2015   -  Mon Feb  2 23:19:09 UTC 2015
Checking output files:  
will tar file crab_fjr_353.xml in  out_files_353
WARNING: output file CMSSW_353.stdout not found!
WARNING: output file CMSSW_353.stderr not found!
WARNING: output file Watchdog_353.log.gz not found!
>>> padding time: Wrapper lasting more than 600 seconds. No sleep required.
STOPPING WATCHDOG. CrabWatchdog PID is 1556
********** LAST 50 LINES OF WATCHDOG LOG
 Feb 02 20:57:29 GMT	1701	1053072	1415020	52	119	1328	cmsRun -j /scratch/condor/dir_6567/glide_8WIJaf/execute/dir_1091/crab_fjr_353.xml -p pset.py      
 Feb 02 20:58:30 GMT	1701	1064340	1415020	52	121	1388	cmsRun -j /scratch/condor/dir_6567/glide_8WIJaf/execute/dir_1091/crab_fjr_353.xml -p pset.py      
 Feb 02 20:59:30 GMT	1701	1078904	1420652	52	123	1448	cmsRun -j /scratch/condor/dir_6567/glide_8WIJaf/execute/dir_1091/crab_fjr_353.xml -p pset.py      
 Feb 02 21:00:30 GMT	1701	1094816	1420652	52	126	1508	cmsRun -j /scratch/condor/dir_6567/glide_8WIJaf/execute/dir_1091/crab_fjr_353.xml -p pset.py      
 Feb 02 21:01:30 GMT	1701	1191296	1534352	52	134	1569	cmsRun -j /scratch/condor/dir_6567/glide_8WIJaf/execute/dir_1091/crab_fjr_353.xml -p pset.py      
 Feb 02 21:02:31 GMT	1701	1244596	1703248	52	158	1629	cmsRun -j /scratch/condor/dir_6567/glide_8WIJaf/execute/dir_1091/crab_fjr_353.xml -p pset.py      
 Feb 02 21:02:31 GMT	---	1244596	1703248	76	----	----	----
 Feb 02 21:03:31 GMT	1701	1267496	1703248	76	160	1693	cmsRun -j /scratch/condor/dir_6567/glide_8WIJaf/execute/dir_1091/crab_fjr_353.xml -p pset.py      
 Feb 02 21:04:37 GMT	1701	1271804	1703248	76	162	1755	cmsRun -j /scratch/condor/dir_6567/glide_8WIJaf/execute/dir_1091/crab_fjr_353.xml -p pset.py      
 Feb 02 21:05:37 GMT	1701	1276684	1703248	76	165	1815	cmsRun -j /scratch/condor/dir_6567/glide_8WIJaf/execute/dir_1091/crab_fjr_353.xml -p pset.py      
 Feb 02 21:06:37 GMT	1701	1278676	1703248	76	168	1876	cmsRun -j /scratch/condor/dir_6567/glide_8WIJaf/execute/dir_1091/crab_fjr_353.xml -p pset.py      
 Feb 02 21:15:39 GMT	1701	1282192	1703248	76	183	2418	cmsRun -j /scratch/condor/dir_6567/glide_8WIJaf/execute/dir_1091/crab_fjr_353.xml -p pset.py      
 Feb 02 21:16:40 GMT	1701	1282676	1703508	76	186	2478	cmsRun -j /scratch/condor/dir_6567/glide_8WIJaf/execute/dir_1091/crab_fjr_353.xml -p pset.py      
 Feb 02 21:17:40 GMT	1701	1284732	1704020	76	188	2538	cmsRun -j /scratch/condor/dir_6567/glide_8WIJaf/execute/dir_1091/crab_fjr_353.xml -p pset.py      
 Feb 02 21:18:40 GMT	1701	1287368	1708372	76	191	2598	cmsRun -j /scratch/condor/dir_6567/glide_8WIJaf/execute/dir_1091/crab_fjr_353.xml -p pset.py      
 Feb 02 21:19:40 GMT	1701	1289140	1710420	76	194	2658	cmsRun -j /scratch/condor/dir_6567/glide_8WIJaf/execute/dir_1091/crab_fjr_353.xml -p pset.py      
 Feb 02 21:20:40 GMT	1701	1292316	1713492	76	198	2719	cmsRun -j /scratch/condor/dir_6567/glide_8WIJaf/execute/dir_1091/crab_fjr_353.xml -p pset.py      
 Feb 02 21:21:41 GMT	1701	1311300	1713492	76	206	2779	cmsRun -j /scratch/condor/dir_6567/glide_8WIJaf/execute/dir_1091/crab_fjr_353.xml -p pset.py      
 Feb 02 21:22:41 GMT	1701	1377876	1723220	76	212	2839	cmsRun -j /scratch/condor/dir_6567/glide_8WIJaf/execute/dir_1091/crab_fjr_353.xml -p pset.py      
 Feb 02 21:23:41 GMT	1701	1382480	1729108	76	215	2899	cmsRun -j /scratch/condor/dir_6567/glide_8WIJaf/execute/dir_1091/crab_fjr_353.xml -p pset.py      
 Feb 02 21:24:41 GMT	1701	1384244	1730644	76	218	2960	cmsRun -j /scratch/condor/dir_6567/glide_8WIJaf/execute/dir_1091/crab_fjr_353.xml -p pset.py      
 Feb 02 21:25:42 GMT	1701	1388204	1731412	76	221	3020	cmsRun -j /scratch/condor/dir_6567/glide_8WIJaf/execute/dir_1091/crab_fjr_353.xml -p pset.py      
 Feb 02 21:26:42 GMT	1701	1469960	1815044	76	232	3081	cmsRun -j /scratch/condor/dir_6567/glide_8WIJaf/execute/dir_1091/crab_fjr_353.xml -p pset.py      
 Feb 02 21:27:44 GMT	---	1469960	1815044	98	----	----	----
 Feb 02 21:49:55 GMT	1701	1556308	1891332	98	326	4474	cmsRun -j /scratch/condor/dir_6567/glide_8WIJaf/execute/dir_1091/crab_fjr_353.xml -p pset.py      
 Feb 02 21:49:55 GMT	---	1556308	1891332	110	----	----	----
 Feb 02 21:50:57 GMT	---	1556308	1891332	120	----	----	----
 Feb 02 22:06:00 GMT	---	1556308	1891332	142	----	----	----
 Feb 02 22:24:11 GMT	---	1556308	1891332	143	----	----	----
 Feb 02 22:26:12 GMT	---	1556308	1891332	162	----	----	----
 Feb 02 22:38:22 GMT	1701	1564588	1891332	162	569	7380	cmsRun -j /scratch/condor/dir_6567/glide_8WIJaf/execute/dir_1091/crab_fjr_353.xml -p pset.py      
 Feb 02 22:39:23 GMT	---	1564588	1891332	185	----	----	----
 Feb 02 22:52:26 GMT	---	1564588	1891332	209	----	----	----
 Feb 02 22:57:27 GMT	1701	1564588	1901320	209	711	8526	cmsRun -j /scratch/condor/dir_6567/glide_8WIJaf/execute/dir_1091/crab_fjr_353.xml -p pset.py      
 Feb 02 22:58:28 GMT	1701	1564588	1925128	209	732	8586	cmsRun -j /scratch/condor/dir_6567/glide_8WIJaf/execute/dir_1091/crab_fjr_353.xml -p pset.py      
 Feb 02 23:00:29 GMT	---	1564588	1925128	235	----	----	----
# TIME			PID	RSS(KB)	VSZ(KB)	Dsk(MB)	tCPU(s)	tWALL(s)	COMMAND
# TIME			PID	RSS(KB)	VSZ(KB)	Dsk(MB)	tCPU(s)	tWALL(s)	COMMAND
# TIME			PID	RSS(KB)	VSZ(KB)	Dsk(MB)	tCPU(s)	tWALL(s)	COMMAND
# TIME			PID	RSS(KB)	VSZ(KB)	Dsk(MB)	tCPU(s)	tWALL(s)	COMMAND
# TIME			PID	RSS(KB)	VSZ(KB)	Dsk(MB)	tCPU(s)	tWALL(s)	COMMAND
# TIME			PID	RSS(KB)	VSZ(KB)	Dsk(MB)	tCPU(s)	tWALL(s)	COMMAND
 Feb 02 23:06:30 GMT	1701	1564588	1931016	235	792	9068	cmsRun -j /scratch/condor/dir_6567/glide_8WIJaf/execute/dir_1091/crab_fjr_353.xml -p pset.py      
 Feb 02 23:07:30 GMT	1701	1564588	1935112	235	802	9128	cmsRun -j /scratch/condor/dir_6567/glide_8WIJaf/execute/dir_1091/crab_fjr_353.xml -p pset.py      
 Feb 02 23:08:31 GMT	1701	1564588	1955848	235	816	9193	cmsRun -j /scratch/condor/dir_6567/glide_8WIJaf/execute/dir_1091/crab_fjr_353.xml -p pset.py      
 Feb 02 23:09:36 GMT	1701	1569328	1955848	235	818	9255	cmsRun -j /scratch/condor/dir_6567/glide_8WIJaf/execute/dir_1091/crab_fjr_353.xml -p pset.py      
 Feb 02 23:10:37 GMT	1701	1701188	2026248	235	837	9316	cmsRun -j /scratch/condor/dir_6567/glide_8WIJaf/execute/dir_1091/crab_fjr_353.xml -p pset.py      
 Feb 02 23:10:37 GMT	---	1701188	2026248	236	----	----	----
 Feb 02 23:11:38 GMT	---	1701188	2026248	258	----	----	----
 Feb 02 23:18:40 GMT	---	1701188	2026248	281	----	----	----
********** WATCHDOG LOG ENDED
ZIPPING WATCHDOG LOG
Disk space used:
du -sh /scratch/condor/dir_6567/glide_8WIJaf/execute/dir_1091
281M	/scratch/condor/dir_6567/glide_8WIJaf/execute/dir_1091
Found unusual stdout, rename for OSB
`/scratch/condor/dir_6567/glide_8WIJaf/execute/dir_1091/_condor_stdout' -> `CMSSW_353.stdout'
Found unusual stderr, rename for OSB
`/scratch/condor/dir_6567/glide_8WIJaf/execute/dir_1091/_condor_stdout' -> `CMSSW_353.stderr'
crab_fjr_353.xml
CMSSW_353.stdout
CMSSW_353.stderr
Watchdog_353.log.gz
Total Output dimension: 24377
WARNING: output files size limit is set to: 50000000
Total Output dimension 24377 is fine.
JOB_EXIT_STATUS = 0
>>> info for dashboard:
***** Cat /scratch/condor/dir_6567/glide_8WIJaf/execute/dir_1091/jobreport.txt *****
MonitorJobID=353_https://submit-6.t2.ucsd.edu//150202//509447.352
MonitorID=dcieri_PU140_4dm08r
ExeTime=9769
ExeExitCode=0
StageOutExitStatusReason = 'Copy succedeed with srm-lcg utils'
StageOutSE = heplnx204.pp.rl.ac.uk
StageOutExitStatus = 0
CrabUserCpuTime=915.51
CrabSysCpuTime=15.35
CrabCpuPercentage=9%
CrabWrapperTime=9832
CrabStageoutTime=49
JobExitCode=0
***** End Cat jobreport *****
Parameters sent to Dashboard.
EXITING at Mon Feb  2 23:19:11 GMT 2015  -  Mon Feb  2 23:19:11 UTC 2015
