This script was generated by crab (version 2.11.1_patch1).
Running /scratch/condor/dir_13693/glide_GiVLfL/execute/dir_8202/condor_exec.exe with 2 positional parameters: 30 1
Today is Mon Feb  2 19:03:38 GMT 2015 - Mon Feb  2 19:03:38 UTC 2015
Job submitted on host heplnc075.pp.rl.ac.uk
Linux heplnc075.pp.rl.ac.uk 2.6.32-504.3.3.el6.x86_64 #1 SMP Tue Dec 16 14:29:22 CST 2014 x86_64 x86_64 x86_64 GNU/Linux
Distributor ID:	Scientific
Description:	Scientific Linux release 6.6 (Carbon)
>>> current directory (RUNTIME_AREA): /scratch/condor/dir_13693/glide_GiVLfL/execute/dir_8202
>>> current user: uid=157415(cms415) gid=157000(gplcms) groups=157000(gplcms)
>>> directory permission set to 0700
>>> umask set to:  u=rwx,g=,o=
>>> stdout stderr permission set to 0704
>>> voms proxy information:
subject   : /DC=ch/DC=cern/OU=Organic Units/OU=Users/CN=dcieri/CN=755391/CN=Davide Cieri/CN=769881070/CN=1228711862
issuer    : /DC=ch/DC=cern/OU=Organic Units/OU=Users/CN=dcieri/CN=755391/CN=Davide Cieri/CN=769881070
identity  : /DC=ch/DC=cern/OU=Organic Units/OU=Users/CN=dcieri/CN=755391/CN=Davide Cieri
type      : RFC3820 compliant limited proxy
strength  : 1024
path      : /scratch/condor/dir_13693/glide_GiVLfL/execute/dir_8202/x509up_u62281
timeleft  : 23:58:29
key usage : Digital Signature, Key Encipherment
=== VO cms extension information ===
VO        : cms
subject   : /DC=ch/DC=cern/OU=Organic Units/OU=Users/CN=dcieri/CN=755391/CN=Davide Cieri
issuer    : /DC=ch/DC=cern/OU=computers/CN=lcg-voms2.cern.ch
attribute : /cms/Role=NULL/Capability=NULL
timeleft  : 185:12:46
uri       : lcg-voms2.cern.ch:15002

WNHostName=heplnc075.pp.rl.ac.uk
$_CONDOR_JOB_AD =/scratch/condor/dir_13693/glide_GiVLfL/execute/dir_8202/.job.ad
OverflowFlag=0
>>> tar --no-same-permissions -xf /scratch/condor/dir_13693/glide_GiVLfL/execute/dir_8202/default.tgz :
Successful untar
>>> Include /scratch/condor/dir_13693/glide_GiVLfL/execute/dir_8202 in PYTHONPATH:
strip arguments
env var CRAB_UNIQUE_JOB_ID set to: dcieri_PU140_4dm08r_30_1_G7Z
out_files_30
>>> list of expected files on output sandbox
output files: crab_fjr_30.xml CMSSW_30.stdout CMSSW_30.stderr Watchdog_30.log.gz
>>> GridFlavour discovery: 
GridFlavour=LCG
>>> SyncSite discovery: 
SyncSite=T2_UK_SGrid_RALPP
>>> SyncCE discovery: 
getting SyncCE from GLIDEIN_Gaekeeper
SyncCE=heplnv147.pp.rl.ac.uk
>>> info for dashboard:
***** Cat /scratch/condor/dir_13693/glide_GiVLfL/execute/dir_8202/jobreport.txt *****
WNHostName=heplnc075.pp.rl.ac.uk
OverflowFlag=0
MonitorJobID=30_https://submit-6.t2.ucsd.edu//150202//509447.29
SyncGridJobId=https://submit-6.t2.ucsd.edu//150202//509447.29
MonitorID=dcieri_PU140_4dm08r
GridFlavour=LCG
SyncSite=T2_UK_SGrid_RALPP
SyncCE=heplnv147.pp.rl.ac.uk
***** End Cat jobreport *****
Parameters sent to Dashboard.
>>> setup environment
set SCRAM ARCH to slc6_amd64_gcc472
SCRAM_ARCH = slc6_amd64_gcc472
>>> setup CMS LCG environment:
set SCRAM ARCH and BUILD_ARCH to slc6_amd64_gcc472 ###
Sourcing environment... 
sourcing /cvmfs/cms.cern.ch/cmsset_default.sh
==> setup cms environment ok
>>> specific cmssw setup environment:
CMSSW_VERSION =  CMSSW_6_2_0_SLHC12
WARNING: In non-interactive mode release checks e.g. deprecated releases, production architectures are disabled.
>>> current directory (SOFTWARE_DIR): /scratch/condor/dir_13693/glide_GiVLfL/execute/dir_8202/CMSSW_6_2_0_SLHC12
PreserveSeeds: <>
IncrementSeeds:<>
>>> info for dashboard:
***** Cat /scratch/condor/dir_13693/glide_GiVLfL/execute/dir_8202/jobreport.txt *****
MonitorJobID=30_https://submit-6.t2.ucsd.edu//150202//509447.29
MonitorID=dcieri_PU140_4dm08r
***** End Cat jobreport *****
Parameters sent to Dashboard.
crabWatchdog started as process 11198
>>> moving CMSSW software directories in /scratch/condor/dir_13693/glide_GiVLfL/execute/dir_8202/CMSSW_6_2_0_SLHC12
mv: cannot stat `/scratch/condor/dir_13693/glide_GiVLfL/execute/dir_8202/module/': No such file or directory
>>> Include /scratch/condor/dir_13693/glide_GiVLfL/execute/dir_8202 in PYTHONPATH:
PYTHONPATH=/scratch/condor/dir_13693/glide_GiVLfL/execute/dir_8202/:/scratch/condor/dir_13693/glide_GiVLfL/execute/dir_8202/CMSSW_6_2_0_SLHC12/python:/scratch/condor/dir_13693/glide_GiVLfL/execute/dir_8202/CMSSW_6_2_0_SLHC12/lib/slc6_amd64_gcc472:/cvmfs/cms.cern.ch/slc6_amd64_gcc472/cms/cmssw/CMSSW_6_2_0_SLHC12/python:/cvmfs/cms.cern.ch/slc6_amd64_gcc472/cms/cmssw/CMSSW_6_2_0_SLHC12/lib/slc6_amd64_gcc472:/cvmfs/cms.cern.ch/slc6_amd64_gcc472/cms/coral/CORAL_2_3_21-cms35/slc6_amd64_gcc472/python:/cvmfs/cms.cern.ch/slc6_amd64_gcc472/cms/coral/CORAL_2_3_21-cms35/slc6_amd64_gcc472/lib:/cvmfs/cms.cern.ch/slc6_amd64_gcc472/external/python-ldap/2.3.5-cms5/lib/python2.7/site-packages:/cvmfs/cms.cern.ch/slc6_amd64_gcc472/external/pyqt/4.8.1-cms5/lib/python2.7/site-packages:/cvmfs/cms.cern.ch/slc6_amd64_gcc472/external/py2-scipy/0.8.0-cms7/lib/python2.7/site-packages:/cvmfs/cms.cern.ch/slc6_amd64_gcc472/external/py2-matplotlib/1.0.1-cms7/lib/python2.7/site-packages:/cvmfs/cms.cern.ch/slc6_amd64_gcc472/external/sip/4.11.2-cms5/lib/python2.7/site-packages:/cvmfs/cms.cern.ch/slc6_amd64_gcc472/external/py2-pycurl/7.19.0-cms7/lib/python2.7/site-packages:/cvmfs/cms.cern.ch/slc6_amd64_gcc472/external/py2-numpy/1.6.1-cms7/lib/python2.7/site-packages:/cvmfs/cms.cern.ch/slc6_amd64_gcc472/external/py2-lint/0.25.1-cms5/lib/python2.7/site-packages:/cvmfs/cms.cern.ch/slc6_amd64_gcc472/external/py2-ipython/0.10-cms5/lib/python2.7/site-packages:/cvmfs/cms.cern.ch/slc6_amd64_gcc472/external/py2-cx-oracle/5.1-cms5/lib/python2.7/site-packages:/cvmfs/cms.cern.ch/slc6_amd64_gcc472/external/py2-cjson/1.0.5-cms5/lib/python2.7/site-packages:/cvmfs/cms.cern.ch/slc6_amd64_gcc472/cms/das-client/1.11.7/bin:/cvmfs/cms.cern.ch/slc6_amd64_gcc472/external/elementtree/1.2.6-cms5/share/lib/python2.7/site-packages:/cvmfs/cms.cern.ch/slc6_amd64_gcc472/external/rivet/1.8.2-cms9/lib/python2.7/site-packages:/cvmfs/cms.cern.ch/slc6_amd64_gcc472/external/pyminuit2/0.0.1-cms19/lib/python2.7/site-packages:/cvmfs/cms.cern.ch/slc6_amd64_gcc472/external/py2-pygithub/1.23.0-cms2/lib/python2.7/site-packages:/cvmfs/cms.cern.ch/slc6_amd64_gcc472/external/professor/1.0.0-cms19/lib/python2.7/site-packages:/cvmfs/cms.cern.ch/slc6_amd64_gcc472/lcg/root/5.34.07-cms/lib:/cvmfs/cms.cern.ch/slc6_amd64_gcc472/cms/dbs-client/DBS_2_1_9-cms5/lib:/cvmfs/cms.cern.ch/slc6_amd64_gcc472/cms/dbs-client/DBS_2_1_9-cms5/lib/DBSAPI:/cvmfs/cms.cern.ch/slc6_amd64_gcc472/external/cvs2git/5419-cms/lib:/scratch/condor/dir_13693/glide_GiVLfL/execute/dir_8202/
 
# LIMITS USED BY CRAB WATCHDOG:
# RSS  (KBytes)   : 2300000
# VSZ  (KBytes)   : 100000000
# DISK (MBytes)   : 19000
# CPU TIME        : 720h:0m:0s
# WALL CLOCK TIME : 21h:50m:0s
 
3c0380cf82de79bc39966c93934c61fc
PSETHASH = 3c0380cf82de79bc39966c93934c61fc
/scratch/condor/dir_13693/glide_GiVLfL/execute/dir_8202/writeCfg.py pset.py pset.py
Importing .py file
Setting parameters
RandomNumberGeneratorService found, will attempt to change seeds
inputBlocks=/ttbar/dcieri-ttbar_SIM-130075366148575c102f0d64fd3ac8f7/USER#61fb3af0-2cd9-4c22-a912-0e1a7ef51606
inputFiles=/store/user/dcieri/ttbar_SIM/ttbar/ttbar_SIM/150129_145223/0000/step1_22.root
parentFiles=
lumisRange=
>>> Executable cmsRun
/cvmfs/cms.cern.ch/slc6_amd64_gcc472/cms/cmssw/CMSSW_6_2_0_SLHC12/bin/slc6_amd64_gcc472/cmsRun
ok executable found
>>> info for dashboard:
***** Cat /scratch/condor/dir_13693/glide_GiVLfL/execute/dir_8202/jobreport.txt *****
MonitorJobID=30_https://submit-6.t2.ucsd.edu//150202//509447.29
MonitorID=dcieri_PU140_4dm08r
ExeStart=cmsRun
***** End Cat jobreport *****
Parameters sent to Dashboard.
>>> cmsRun started at Mon Feb  2 19:03:47 UTC 2015
>>> cmsRun ended at Mon Feb  2 22:56:13 UTC 2015
>>> crab_fjr_*.xml  permission set to 0704
>>> info for dashboard:
***** Cat /scratch/condor/dir_13693/glide_GiVLfL/execute/dir_8202/jobreport.txt *****
MonitorJobID=30_https://submit-6.t2.ucsd.edu//150202//509447.29
MonitorID=dcieri_PU140_4dm08r
ExeEnd=cmsRun
***** End Cat jobreport *****
Parameters sent to Dashboard.
TIME_EXE = 13946 sec
>>> cmsRun wrote 246 lines of stdout+stderr
>>> START OF printout of 246 lines from stdout+stderr
271 DQMStore::DQMStore 
HcalTopologyIdealEP::HcalTopologyIdealEP
02-Feb-2015 19:03:57 GMT  Initiating request to open file root://dcap.pp.rl.ac.uk:1094/pnfs/pp.rl.ac.uk/data/cms/store/user/dcieri/ttbar_SIM/ttbar/ttbar_SIM/150129_145223/0000/step1_22.root
150202 19:03:59 11571 Xrd: CheckErrorStatus: Server [heplnx209.pp.rl.ac.uk:1094] declared: Request 3018 not supported(error code: 3013)
02-Feb-2015 19:03:59 GMT  Successfully opened file root://dcap.pp.rl.ac.uk:1094/pnfs/pp.rl.ac.uk/data/cms/store/user/dcieri/ttbar_SIM/ttbar/ttbar_SIM/150129_145223/0000/step1_22.root
02-Feb-2015 19:04:00 GMT  Initiating request to open file root://xrootd.unl.edu//store/group/dpg_trigger/comm_trigger/L1TrackTrigger/620_SLHC10/Extended2023TTI/MinBias/MinBias_TuneZ2star_GEN_SIM_1.root
02-Feb-2015 19:04:11 GMT  Successfully opened file root://xrootd.unl.edu//store/group/dpg_trigger/comm_trigger/L1TrackTrigger/620_SLHC10/Extended2023TTI/MinBias/MinBias_TuneZ2star_GEN_SIM_1.root
disableME1a = 0
HcalTopologyIdealEP::produce(const IdealGeometryRecord& iRecord)
mode = 2, maxDepthHB = 3, maxDepthHE = 5
RPCGeometryESModule :: produce
RPCGeometryESModule :: produce :: 1/4 Get Muon Ideal Geometry Record
RPCGeometryESModule :: produce :: 2/4 Get Muon DDD Constants
RPCGeometryESModule :: produce :: 3/4 Get Muon Numbering Record
in MuonNumberingInitialization::initializeMuonDDDConstants
about to make my new muonDDDConst_
in MuonNumberingInitialization::produce
RPCGeometryESModule :: produce :: 4/4 Build
Found:

	Barrel Stack layer 5 : 1008 stacks
	Barrel Stack layer 6 : 1320 stacks
	Barrel Stack layer 7 : 1836 stacks
	Barrel Stack layer 8 : 1152 stacks
	Barrel Stack layer 9 : 1488 stacks
	Barrel Stack layer 10 : 1824 stacks

	Endcap Stack disk 11 : 1360 stacks
	Endcap Stack disk 12 : 1360 stacks
	Endcap Stack disk 13 : 1360 stacks
	Endcap Stack disk 14 : 1360 stacks
	Endcap Stack disk 15 : 1360 stacks
Created 15428 stacks in 15 s

TTClusterBuilder< edm::Ref<edm::DetSetVector<PixelDigi>, PixelDigi, edm::refhelper::FindForDetSetVector<PixelDigi> > > loaded modules:
	TTClusterAlgorithm:	TTClusterAlgorithm_2d2013< edm::Ref<edm::DetSetVector<PixelDigi>, PixelDigi, edm::refhelper::FindForDetSetVector<PixelDigi> > >


TTStubBuilder< edm::Ref<edm::DetSetVector<PixelDigi>, PixelDigi, edm::refhelper::FindForDetSetVector<PixelDigi> > > loaded modules:
	TTStubAlgorithm:	TTStubAlgorithm_tab2013< edm::Ref<edm::DetSetVector<PixelDigi>, PixelDigi, edm::refhelper::FindForDetSetVector<PixelDigi> > >


TTClusterAssociator< edm::Ref<edm::DetSetVector<PixelDigi>, PixelDigi, edm::refhelper::FindForDetSetVector<PixelDigi> > > loaded.


TTStubAssociator< edm::Ref<edm::DetSetVector<PixelDigi>, PixelDigi, edm::refhelper::FindForDetSetVector<PixelDigi> > > loaded.


TTTrackAssociator< edm::Ref<edm::DetSetVector<PixelDigi>, PixelDigi, edm::refhelper::FindForDetSetVector<PixelDigi> > > loaded.

Begin processing the 1st record. Run 1, Event 211, LumiSection 22 at 02-Feb-2015 19:04:46.388 GMT
02-Feb-2015 19:04:53 GMT  Closed file root://xrootd.unl.edu//store/group/dpg_trigger/comm_trigger/L1TrackTrigger/620_SLHC10/Extended2023TTI/MinBias/MinBias_TuneZ2star_GEN_SIM_1.root
02-Feb-2015 19:04:53 GMT  Initiating request to open file root://xrootd.unl.edu//store/group/dpg_trigger/comm_trigger/L1TrackTrigger/620_SLHC10/Extended2023TTI/MinBias/MinBias_TuneZ2star_GEN_SIM_461.root
02-Feb-2015 19:05:50 GMT  Successfully opened file root://xrootd.unl.edu//store/group/dpg_trigger/comm_trigger/L1TrackTrigger/620_SLHC10/Extended2023TTI/MinBias/MinBias_TuneZ2star_GEN_SIM_461.root
150202 19:09:58 11901 Xrd: XrdClientMessage::ReadRaw: Failed to read header (8 bytes).
150202 19:10:58 11899 Xrd: XrdClientMessage::ReadRaw: Failed to read header (8 bytes).
02-Feb-2015 19:16:48 GMT  Closed file root://xrootd.unl.edu//store/group/dpg_trigger/comm_trigger/L1TrackTrigger/620_SLHC10/Extended2023TTI/MinBias/MinBias_TuneZ2star_GEN_SIM_461.root
02-Feb-2015 19:16:48 GMT  Initiating request to open file root://xrootd.unl.edu//store/group/dpg_trigger/comm_trigger/L1TrackTrigger/620_SLHC10/Extended2023TTI/MinBias/MinBias_TuneZ2star_GEN_SIM_346.root
150202 19:16:52 5632 Xrd: CheckErrorStatus: Server [xrootd.ba.infn.it:1094] declared: session not found(error code: 3011)
02-Feb-2015 19:16:52 GMT  Successfully opened file root://xrootd.unl.edu//store/group/dpg_trigger/comm_trigger/L1TrackTrigger/620_SLHC10/Extended2023TTI/MinBias/MinBias_TuneZ2star_GEN_SIM_346.root
150202 19:21:58 6104 Xrd: XrdClientMessage::ReadRaw: Failed to read header (8 bytes).
150202 19:21:58 14761 Xrd: XrdClientMessage::ReadRaw: Failed to read header (8 bytes).
150202 19:24:28 11609 Xrd: XrdClientMessage::ReadRaw: Failed to read header (8 bytes).
150202 19:25:58 11898 Xrd: XrdClientMessage::ReadRaw: Failed to read header (8 bytes).
150202 19:36:58 11900 Xrd: XrdClientMessage::ReadRaw: Failed to read header (8 bytes).
150202 19:36:58 11897 Xrd: XrdClientMessage::ReadRaw: Failed to read header (8 bytes).
150202 19:36:58 11612 Xrd: XrdClientMessage::ReadRaw: Failed to read header (8 bytes).
150202 19:36:58 6103 Xrd: XrdClientMessage::ReadRaw: Failed to read header (8 bytes).
02-Feb-2015 19:38:22 GMT  Closed file root://xrootd.unl.edu//store/group/dpg_trigger/comm_trigger/L1TrackTrigger/620_SLHC10/Extended2023TTI/MinBias/MinBias_TuneZ2star_GEN_SIM_346.root
02-Feb-2015 19:38:22 GMT  Initiating request to open file root://xrootd.unl.edu//store/group/dpg_trigger/comm_trigger/L1TrackTrigger/620_SLHC10/Extended2023TTI/MinBias/MinBias_TuneZ2star_GEN_SIM_217.root
150202 19:38:23 11571 Xrd: CheckErrorStatus: Server [xrootd.unl.edu] declared: session not found(error code: 3011)
150202 19:38:53 5046 Xrd: CheckErrorStatus: Server [xrootd-redic.pi.infn.it:1094] declared: session not found(error code: 3011)
150202 19:38:54 5046 Xrd: CheckErrorStatus: Server [lxbrf39c03.cern.ch:1098] declared: session not found(error code: 3011)
02-Feb-2015 19:38:54 GMT  Successfully opened file root://xrootd.unl.edu//store/group/dpg_trigger/comm_trigger/L1TrackTrigger/620_SLHC10/Extended2023TTI/MinBias/MinBias_TuneZ2star_GEN_SIM_217.root
Building the geometry service
150202 19:43:28 6105 Xrd: XrdClientMessage::ReadRaw: Failed to read header (8 bytes).
Warning did not find digi
Warning did not find digi
Warning did not find digi
Warning did not find digi
Warning did not find digi in disks
Warning did not find digi in disks
Warning did not find digi in disks
Warning did not find digi in disks
150202 19:43:58 5829 Xrd: XrdClientMessage::ReadRaw: Failed to read header (8 bytes).
02-Feb-2015 19:51:39 GMT  Closed file root://xrootd.unl.edu//store/group/dpg_trigger/comm_trigger/L1TrackTrigger/620_SLHC10/Extended2023TTI/MinBias/MinBias_TuneZ2star_GEN_SIM_217.root
02-Feb-2015 19:51:39 GMT  Initiating request to open file root://xrootd.unl.edu//store/group/dpg_trigger/comm_trigger/L1TrackTrigger/620_SLHC10/Extended2023TTI/MinBias/MinBias_TuneZ2star_GEN_SIM_729.root
150202 19:52:10 31138 Xrd: CheckErrorStatus: Server [cms-xrd-global.cern.ch:1094] declared: session not found(error code: 3011)
150202 19:52:10 31138 Xrd: CheckErrorStatus: Server [xrootd.ba.infn.it:1094] declared: session not found(error code: 3011)
02-Feb-2015 19:52:10 GMT  Successfully opened file root://xrootd.unl.edu//store/group/dpg_trigger/comm_trigger/L1TrackTrigger/620_SLHC10/Extended2023TTI/MinBias/MinBias_TuneZ2star_GEN_SIM_729.root
150202 19:56:58 5831 Xrd: XrdClientMessage::ReadRaw: Failed to read header (8 bytes).
150202 19:57:28 32066 Xrd: XrdClientMessage::ReadRaw: Failed to read header (8 bytes).
150202 19:58:58 5828 Xrd: XrdClientMessage::ReadRaw: Failed to read header (8 bytes).
02-Feb-2015 20:02:51 GMT  Closed file root://xrootd.unl.edu//store/group/dpg_trigger/comm_trigger/L1TrackTrigger/620_SLHC10/Extended2023TTI/MinBias/MinBias_TuneZ2star_GEN_SIM_729.root
02-Feb-2015 20:02:51 GMT  Initiating request to open file root://xrootd.unl.edu//store/group/dpg_trigger/comm_trigger/L1TrackTrigger/620_SLHC10/Extended2023TTI/MinBias/MinBias_TuneZ2star_GEN_SIM_313.root
150202 20:05:46 21495 Xrd: CheckErrorStatus: Server [xrootd.ba.infn.it:1094] declared: session not found(error code: 3011)
02-Feb-2015 20:05:46 GMT  Successfully opened file root://xrootd.unl.edu//store/group/dpg_trigger/comm_trigger/L1TrackTrigger/620_SLHC10/Extended2023TTI/MinBias/MinBias_TuneZ2star_GEN_SIM_313.root
150202 20:07:58 32067 Xrd: XrdClientMessage::ReadRaw: Failed to read header (8 bytes).
150202 20:10:58 25748 Xrd: XrdClientMessage::ReadRaw: Failed to read header (8 bytes).
02-Feb-2015 20:14:03 GMT  Closed file root://xrootd.unl.edu//store/group/dpg_trigger/comm_trigger/L1TrackTrigger/620_SLHC10/Extended2023TTI/MinBias/MinBias_TuneZ2star_GEN_SIM_313.root
02-Feb-2015 20:14:03 GMT  Initiating request to open file root://xrootd.unl.edu//store/group/dpg_trigger/comm_trigger/L1TrackTrigger/620_SLHC10/Extended2023TTI/MinBias/MinBias_TuneZ2star_GEN_SIM_903.root
150202 20:14:39 7218 Xrd: CheckErrorStatus: Server [cms-xrd-global.cern.ch:1094] declared: session not found(error code: 3011)
150202 20:14:39 7218 Xrd: CheckErrorStatus: Server [xrootd-redic.pi.infn.it:1094] declared: session not found(error code: 3011)
02-Feb-2015 20:14:40 GMT  Successfully opened file root://xrootd.unl.edu//store/group/dpg_trigger/comm_trigger/L1TrackTrigger/620_SLHC10/Extended2023TTI/MinBias/MinBias_TuneZ2star_GEN_SIM_903.root
150202 20:19:28 25749 Xrd: XrdClientMessage::ReadRaw: Failed to read header (8 bytes).
150202 20:19:58 8183 Xrd: XrdClientMessage::ReadRaw: Failed to read header (8 bytes).
02-Feb-2015 20:24:48 GMT  Closed file root://xrootd.unl.edu//store/group/dpg_trigger/comm_trigger/L1TrackTrigger/620_SLHC10/Extended2023TTI/MinBias/MinBias_TuneZ2star_GEN_SIM_903.root
02-Feb-2015 20:24:48 GMT  Initiating request to open file root://xrootd.unl.edu//store/group/dpg_trigger/comm_trigger/L1TrackTrigger/620_SLHC10/Extended2023TTI/MinBias/MinBias_TuneZ2star_GEN_SIM_198.root
150202 20:25:19 23263 Xrd: CheckErrorStatus: Server [xrootd-redic.pi.infn.it:1094] declared: session not found(error code: 3011)
02-Feb-2015 20:25:19 GMT  Successfully opened file root://xrootd.unl.edu//store/group/dpg_trigger/comm_trigger/L1TrackTrigger/620_SLHC10/Extended2023TTI/MinBias/MinBias_TuneZ2star_GEN_SIM_198.root
150202 20:25:58 32065 Xrd: XrdClientMessage::ReadRaw: Failed to read header (8 bytes).
150202 20:29:58 8184 Xrd: XrdClientMessage::ReadRaw: Failed to read header (8 bytes).
150202 20:30:28 23835 Xrd: XrdClientMessage::ReadRaw: Failed to read header (8 bytes).
02-Feb-2015 20:36:28 GMT  Closed file root://xrootd.unl.edu//store/group/dpg_trigger/comm_trigger/L1TrackTrigger/620_SLHC10/Extended2023TTI/MinBias/MinBias_TuneZ2star_GEN_SIM_198.root
02-Feb-2015 20:36:28 GMT  Initiating request to open file root://xrootd.unl.edu//store/group/dpg_trigger/comm_trigger/L1TrackTrigger/620_SLHC10/Extended2023TTI/MinBias/MinBias_TuneZ2star_GEN_SIM_8.root
150202 20:36:59 7079 Xrd: CheckErrorStatus: Server [cms-xrd-global.cern.ch:1094] declared: session not found(error code: 3011)
150202 20:36:59 7079 Xrd: CheckErrorStatus: Server [xrootd.ba.infn.it:1094] declared: session not found(error code: 3011)
02-Feb-2015 20:37:00 GMT  Successfully opened file root://xrootd.unl.edu//store/group/dpg_trigger/comm_trigger/L1TrackTrigger/620_SLHC10/Extended2023TTI/MinBias/MinBias_TuneZ2star_GEN_SIM_8.root
150202 20:41:58 23836 Xrd: XrdClientMessage::ReadRaw: Failed to read header (8 bytes).
150202 20:42:28 7778 Xrd: XrdClientMessage::ReadRaw: Failed to read header (8 bytes).
150202 20:45:28 8182 Xrd: XrdClientMessage::ReadRaw: Failed to read header (8 bytes).
02-Feb-2015 20:46:25 GMT  Closed file root://xrootd.unl.edu//store/group/dpg_trigger/comm_trigger/L1TrackTrigger/620_SLHC10/Extended2023TTI/MinBias/MinBias_TuneZ2star_GEN_SIM_8.root
02-Feb-2015 20:46:25 GMT  Initiating request to open file root://xrootd.unl.edu//store/group/dpg_trigger/comm_trigger/L1TrackTrigger/620_SLHC10/Extended2023TTI/MinBias/MinBias_TuneZ2star_GEN_SIM_176.root
150202 20:46:57 21953 Xrd: CheckErrorStatus: Server [xrootd.ba.infn.it:1094] declared: session not found(error code: 3011)
02-Feb-2015 20:46:58 GMT  Successfully opened file root://xrootd.unl.edu//store/group/dpg_trigger/comm_trigger/L1TrackTrigger/620_SLHC10/Extended2023TTI/MinBias/MinBias_TuneZ2star_GEN_SIM_176.root
150202 20:51:28 7779 Xrd: XrdClientMessage::ReadRaw: Failed to read header (8 bytes).
150202 20:51:58 22768 Xrd: XrdClientMessage::ReadRaw: Failed to read header (8 bytes).
02-Feb-2015 21:06:45 GMT  Closed file root://xrootd.unl.edu//store/group/dpg_trigger/comm_trigger/L1TrackTrigger/620_SLHC10/Extended2023TTI/MinBias/MinBias_TuneZ2star_GEN_SIM_176.root
02-Feb-2015 21:06:45 GMT  Initiating request to open file root://xrootd.unl.edu//store/group/dpg_trigger/comm_trigger/L1TrackTrigger/620_SLHC10/Extended2023TTI/MinBias/MinBias_TuneZ2star_GEN_SIM_805.root
150202 21:06:58 7776 Xrd: XrdClientMessage::ReadRaw: Failed to read header (8 bytes).
150202 21:06:58 5830 Xrd: XrdClientMessage::ReadRaw: Failed to read header (8 bytes).
150202 21:06:59 5827 Xrd: XrdClientMessage::ReadRaw: Failed to read header (8 bytes).
150202 21:10:39 20382 Xrd: CheckErrorStatus: Server [xrootd.unl.edu:1094] declared: session not found(error code: 3011)
150202 21:10:39 20382 Xrd: CheckErrorStatus: Server [cms-xrd-global.cern.ch:1094] declared: session not found(error code: 3011)
150202 21:10:39 20382 Xrd: CheckErrorStatus: Server [llrxrd-redir.in2p3.fr:1094] declared: session not found(error code: 3011)
150202 21:10:39 20382 Xrd: CheckErrorStatus: Server [lxbrf39c03.cern.ch:1098] declared: session not found(error code: 3011)
02-Feb-2015 21:10:39 GMT  Successfully opened file root://xrootd.unl.edu//store/group/dpg_trigger/comm_trigger/L1TrackTrigger/620_SLHC10/Extended2023TTI/MinBias/MinBias_TuneZ2star_GEN_SIM_805.root
150202 21:11:58 22822 Xrd: XrdClientMessage::ReadRaw: Failed to read header (8 bytes).
150202 21:15:59 26139 Xrd: XrdClientMessage::ReadRaw: Failed to read header (8 bytes).
02-Feb-2015 21:20:20 GMT  Closed file root://xrootd.unl.edu//store/group/dpg_trigger/comm_trigger/L1TrackTrigger/620_SLHC10/Extended2023TTI/MinBias/MinBias_TuneZ2star_GEN_SIM_805.root
02-Feb-2015 21:20:20 GMT  Initiating request to open file root://xrootd.unl.edu//store/group/dpg_trigger/comm_trigger/L1TrackTrigger/620_SLHC10/Extended2023TTI/MinBias/MinBias_TuneZ2star_GEN_SIM_651.root
150202 21:20:46 9578 Xrd: CheckErrorStatus: Server [cms-xrd-global.cern.ch:1094] declared: session not found(error code: 3011)
150202 21:20:46 9578 Xrd: CheckErrorStatus: Server [xrootd-redic.pi.infn.it:1094] declared: session not found(error code: 3011)
02-Feb-2015 21:20:47 GMT  Successfully opened file root://xrootd.unl.edu//store/group/dpg_trigger/comm_trigger/L1TrackTrigger/620_SLHC10/Extended2023TTI/MinBias/MinBias_TuneZ2star_GEN_SIM_651.root
150202 21:25:29 26142 Xrd: XrdClientMessage::ReadRaw: Failed to read header (8 bytes).
150202 21:25:58 9953 Xrd: XrdClientMessage::ReadRaw: Failed to read header (8 bytes).
02-Feb-2015 21:30:43 GMT  Closed file root://xrootd.unl.edu//store/group/dpg_trigger/comm_trigger/L1TrackTrigger/620_SLHC10/Extended2023TTI/MinBias/MinBias_TuneZ2star_GEN_SIM_651.root
02-Feb-2015 21:30:43 GMT  Initiating request to open file root://xrootd.unl.edu//store/group/dpg_trigger/comm_trigger/L1TrackTrigger/620_SLHC10/Extended2023TTI/MinBias/MinBias_TuneZ2star_GEN_SIM_866.root
150202 21:30:43 26138 Xrd: XrdClientMessage::ReadRaw: Failed to read header (8 bytes).
150202 21:31:14 24890 Xrd: CheckErrorStatus: Server [cms-xrd-global.cern.ch:1094] declared: session not found(error code: 3011)
150202 21:31:14 24890 Xrd: CheckErrorStatus: Server [xrootd.ba.infn.it:1094] declared: session not found(error code: 3011)
150202 21:31:15 24890 Xrd: CheckErrorStatus: Server [eoscms.cern.ch:1094] declared: session not found(error code: 3011)
02-Feb-2015 21:31:15 GMT  Successfully opened file root://xrootd.unl.edu//store/group/dpg_trigger/comm_trigger/L1TrackTrigger/620_SLHC10/Extended2023TTI/MinBias/MinBias_TuneZ2star_GEN_SIM_866.root
150202 21:35:58 9954 Xrd: XrdClientMessage::ReadRaw: Failed to read header (8 bytes).
150202 21:36:28 25834 Xrd: XrdClientMessage::ReadRaw: Failed to read header (8 bytes).
150202 21:40:58 9952 Xrd: XrdClientMessage::ReadRaw: Failed to read header (8 bytes).
02-Feb-2015 21:42:18 GMT  Closed file root://xrootd.unl.edu//store/group/dpg_trigger/comm_trigger/L1TrackTrigger/620_SLHC10/Extended2023TTI/MinBias/MinBias_TuneZ2star_GEN_SIM_866.root
02-Feb-2015 21:42:18 GMT  Initiating request to open file root://xrootd.unl.edu//store/group/dpg_trigger/comm_trigger/L1TrackTrigger/620_SLHC10/Extended2023TTI/MinBias/MinBias_TuneZ2star_GEN_SIM_306.root
150202 21:42:48 9946 Xrd: CheckErrorStatus: Server [cms-xrd-global.cern.ch:1094] declared: session not found(error code: 3011)
150202 21:42:48 9946 Xrd: CheckErrorStatus: Server [llrxrd-redir.in2p3.fr:1094] declared: session not found(error code: 3011)
02-Feb-2015 21:42:48 GMT  Successfully opened file root://xrootd.unl.edu//store/group/dpg_trigger/comm_trigger/L1TrackTrigger/620_SLHC10/Extended2023TTI/MinBias/MinBias_TuneZ2star_GEN_SIM_306.root
150202 21:47:28 25835 Xrd: XrdClientMessage::ReadRaw: Failed to read header (8 bytes).
150202 21:47:59 10464 Xrd: XrdClientMessage::ReadRaw: Failed to read header (8 bytes).
02-Feb-2015 21:51:21 GMT  Closed file root://xrootd.unl.edu//store/group/dpg_trigger/comm_trigger/L1TrackTrigger/620_SLHC10/Extended2023TTI/MinBias/MinBias_TuneZ2star_GEN_SIM_306.root
02-Feb-2015 21:51:21 GMT  Initiating request to open file root://xrootd.unl.edu//store/group/dpg_trigger/comm_trigger/L1TrackTrigger/620_SLHC10/Extended2023TTI/MinBias/MinBias_TuneZ2star_GEN_SIM_791.root
150202 21:51:22 25833 Xrd: XrdClientMessage::ReadRaw: Failed to read header (8 bytes).
150202 21:51:52 23869 Xrd: CheckErrorStatus: Server [cms-xrd-global.cern.ch:1094] declared: session not found(error code: 3011)
150202 21:51:52 23869 Xrd: CheckErrorStatus: Server [xrootd.ba.infn.it:1094] declared: session not found(error code: 3011)
02-Feb-2015 21:51:52 GMT  Successfully opened file root://xrootd.unl.edu//store/group/dpg_trigger/comm_trigger/L1TrackTrigger/620_SLHC10/Extended2023TTI/MinBias/MinBias_TuneZ2star_GEN_SIM_791.root
150202 21:56:29 10466 Xrd: XrdClientMessage::ReadRaw: Failed to read header (8 bytes).
150202 21:56:58 24340 Xrd: XrdClientMessage::ReadRaw: Failed to read header (8 bytes).
02-Feb-2015 21:59:43 GMT  Closed file root://xrootd.unl.edu//store/group/dpg_trigger/comm_trigger/L1TrackTrigger/620_SLHC10/Extended2023TTI/MinBias/MinBias_TuneZ2star_GEN_SIM_791.root
02-Feb-2015 21:59:43 GMT  Initiating request to open file root://xrootd.unl.edu//store/group/dpg_trigger/comm_trigger/L1TrackTrigger/620_SLHC10/Extended2023TTI/MinBias/MinBias_TuneZ2star_GEN_SIM_839.root
150202 22:00:14 3696 Xrd: CheckErrorStatus: Server [llrxrd-redir.in2p3.fr:1094] declared: session not found(error code: 3011)
02-Feb-2015 22:00:15 GMT  Successfully opened file root://xrootd.unl.edu//store/group/dpg_trigger/comm_trigger/L1TrackTrigger/620_SLHC10/Extended2023TTI/MinBias/MinBias_TuneZ2star_GEN_SIM_839.root
150202 22:04:58 24369 Xrd: XrdClientMessage::ReadRaw: Failed to read header (8 bytes).
02-Feb-2015 22:05:23 GMT  Closed file root://xrootd.unl.edu//store/group/dpg_trigger/comm_trigger/L1TrackTrigger/620_SLHC10/Extended2023TTI/MinBias/MinBias_TuneZ2star_GEN_SIM_839.root
02-Feb-2015 22:05:23 GMT  Initiating request to open file root://xrootd.unl.edu//store/group/dpg_trigger/comm_trigger/L1TrackTrigger/620_SLHC10/Extended2023TTI/MinBias/MinBias_TuneZ2star_GEN_SIM_276.root
150202 22:05:23 4437 Xrd: XrdClientMessage::ReadRaw: Failed to read header (8 bytes).
150202 22:09:28 12394 Xrd: CheckErrorStatus: Server [cms-xrd-global.cern.ch:1094] declared: session not found(error code: 3011)
150202 22:09:28 12394 Xrd: CheckErrorStatus: Server [xrootd-redic.pi.infn.it:1094] declared: session not found(error code: 3011)
02-Feb-2015 22:09:28 GMT  Successfully opened file root://xrootd.unl.edu//store/group/dpg_trigger/comm_trigger/L1TrackTrigger/620_SLHC10/Extended2023TTI/MinBias/MinBias_TuneZ2star_GEN_SIM_276.root
150202 22:10:29 4438 Xrd: XrdClientMessage::ReadRaw: Failed to read header (8 bytes).
150202 22:11:59 24334 Xrd: XrdClientMessage::ReadRaw: Failed to read header (8 bytes).
02-Feb-2015 22:14:54 GMT  Closed file root://xrootd.unl.edu//store/group/dpg_trigger/comm_trigger/L1TrackTrigger/620_SLHC10/Extended2023TTI/MinBias/MinBias_TuneZ2star_GEN_SIM_276.root
02-Feb-2015 22:14:54 GMT  Initiating request to open file root://xrootd.unl.edu//store/group/dpg_trigger/comm_trigger/L1TrackTrigger/620_SLHC10/Extended2023TTI/MinBias/MinBias_TuneZ2star_GEN_SIM_385.root
150202 22:14:55 17960 Xrd: XrdClientMessage::ReadRaw: Failed to read header (8 bytes).
150202 22:19:46 31684 Xrd: CheckErrorStatus: Server [xrootd-redic.pi.infn.it:1094] declared: session not found(error code: 3011)
02-Feb-2015 22:19:46 GMT  Successfully opened file root://xrootd.unl.edu//store/group/dpg_trigger/comm_trigger/L1TrackTrigger/620_SLHC10/Extended2023TTI/MinBias/MinBias_TuneZ2star_GEN_SIM_385.root
150202 22:19:58 17961 Xrd: XrdClientMessage::ReadRaw: Failed to read header (8 bytes).
150202 22:20:28 10463 Xrd: XrdClientMessage::ReadRaw: Failed to read header (8 bytes).
02-Feb-2015 22:22:00 GMT  Closed file root://xrootd.unl.edu//store/group/dpg_trigger/comm_trigger/L1TrackTrigger/620_SLHC10/Extended2023TTI/MinBias/MinBias_TuneZ2star_GEN_SIM_385.root
02-Feb-2015 22:22:00 GMT  Initiating request to open file root://xrootd.unl.edu//store/group/dpg_trigger/comm_trigger/L1TrackTrigger/620_SLHC10/Extended2023TTI/MinBias/MinBias_TuneZ2star_GEN_SIM_525.root
150202 22:24:39 9324 Xrd: CheckErrorStatus: Server [cms-xrd-global.cern.ch:1094] declared: session not found(error code: 3011)
02-Feb-2015 22:24:40 GMT  Successfully opened file root://xrootd.unl.edu//store/group/dpg_trigger/comm_trigger/L1TrackTrigger/620_SLHC10/Extended2023TTI/MinBias/MinBias_TuneZ2star_GEN_SIM_525.root
150202 22:27:28 6600 Xrd: XrdClientMessage::ReadRaw: Failed to read header (8 bytes).
150202 22:29:58 6599 Xrd: XrdClientMessage::ReadRaw: Failed to read header (8 bytes).
02-Feb-2015 22:34:29 GMT  Closed file root://xrootd.unl.edu//store/group/dpg_trigger/comm_trigger/L1TrackTrigger/620_SLHC10/Extended2023TTI/MinBias/MinBias_TuneZ2star_GEN_SIM_525.root
02-Feb-2015 22:34:29 GMT  Initiating request to open file root://xrootd.unl.edu//store/group/dpg_trigger/comm_trigger/L1TrackTrigger/620_SLHC10/Extended2023TTI/MinBias/MinBias_TuneZ2star_GEN_SIM_40.root
150202 22:34:29 25998 Xrd: CheckErrorStatus: Server [cms-xrd-global.cern.ch:1094] declared: session not found(error code: 3011)
150202 22:34:30 25998 Xrd: CheckErrorStatus: Server [xrootd.ba.infn.it:1094] declared: session not found(error code: 3011)
02-Feb-2015 22:34:30 GMT  Successfully opened file root://xrootd.unl.edu//store/group/dpg_trigger/comm_trigger/L1TrackTrigger/620_SLHC10/Extended2023TTI/MinBias/MinBias_TuneZ2star_GEN_SIM_40.root
02-Feb-2015 22:38:34 GMT  Closed file root://xrootd.unl.edu//store/group/dpg_trigger/comm_trigger/L1TrackTrigger/620_SLHC10/Extended2023TTI/MinBias/MinBias_TuneZ2star_GEN_SIM_40.root
02-Feb-2015 22:38:34 GMT  Initiating request to open file root://xrootd.unl.edu//store/group/dpg_trigger/comm_trigger/L1TrackTrigger/620_SLHC10/Extended2023TTI/MinBias/MinBias_TuneZ2star_GEN_SIM_323.root
02-Feb-2015 22:39:06 GMT  Successfully opened file root://xrootd.unl.edu//store/group/dpg_trigger/comm_trigger/L1TrackTrigger/620_SLHC10/Extended2023TTI/MinBias/MinBias_TuneZ2star_GEN_SIM_323.root
150202 22:39:58 13487 Xrd: XrdClientMessage::ReadRaw: Failed to read header (8 bytes).
02-Feb-2015 22:43:42 GMT  Closed file root://xrootd.unl.edu//store/group/dpg_trigger/comm_trigger/L1TrackTrigger/620_SLHC10/Extended2023TTI/MinBias/MinBias_TuneZ2star_GEN_SIM_323.root
02-Feb-2015 22:43:42 GMT  Initiating request to open file root://xrootd.unl.edu//store/group/dpg_trigger/comm_trigger/L1TrackTrigger/620_SLHC10/Extended2023TTI/MinBias/MinBias_TuneZ2star_GEN_SIM_350.root
150202 22:43:43 26001 Xrd: XrdClientMessage::ReadRaw: Failed to read header (8 bytes).
02-Feb-2015 22:44:14 GMT  Successfully opened file root://xrootd.unl.edu//store/group/dpg_trigger/comm_trigger/L1TrackTrigger/620_SLHC10/Extended2023TTI/MinBias/MinBias_TuneZ2star_GEN_SIM_350.root
150202 22:44:58 13486 Xrd: XrdClientMessage::ReadRaw: Failed to read header (8 bytes).
02-Feb-2015 22:48:39 GMT  Closed file root://xrootd.unl.edu//store/group/dpg_trigger/comm_trigger/L1TrackTrigger/620_SLHC10/Extended2023TTI/MinBias/MinBias_TuneZ2star_GEN_SIM_350.root
02-Feb-2015 22:48:39 GMT  Initiating request to open file root://xrootd.unl.edu//store/group/dpg_trigger/comm_trigger/L1TrackTrigger/620_SLHC10/Extended2023TTI/MinBias/MinBias_TuneZ2star_GEN_SIM_326.root
150202 22:48:58 32446 Xrd: XrdClientMessage::ReadRaw: Failed to read header (8 bytes).
150202 22:49:09 26000 Xrd: XrdClientMessage::ReadRaw: Failed to read header (8 bytes).
02-Feb-2015 22:49:10 GMT  Successfully opened file root://xrootd.unl.edu//store/group/dpg_trigger/comm_trigger/L1TrackTrigger/620_SLHC10/Extended2023TTI/MinBias/MinBias_TuneZ2star_GEN_SIM_326.root
02-Feb-2015 22:53:17 GMT  Closed file root://xrootd.unl.edu//store/group/dpg_trigger/comm_trigger/L1TrackTrigger/620_SLHC10/Extended2023TTI/MinBias/MinBias_TuneZ2star_GEN_SIM_326.root
02-Feb-2015 22:53:17 GMT  Initiating request to open file root://xrootd.unl.edu//store/group/dpg_trigger/comm_trigger/L1TrackTrigger/620_SLHC10/Extended2023TTI/MinBias/MinBias_TuneZ2star_GEN_SIM_757.root
02-Feb-2015 22:53:48 GMT  Successfully opened file root://xrootd.unl.edu//store/group/dpg_trigger/comm_trigger/L1TrackTrigger/620_SLHC10/Extended2023TTI/MinBias/MinBias_TuneZ2star_GEN_SIM_757.root
150202 22:53:49 17656 Xrd: XrdClientMessage::ReadRaw: Failed to read header (8 bytes).
02-Feb-2015 22:56:12 GMT  Closed file root://dcap.pp.rl.ac.uk:1094/pnfs/pp.rl.ac.uk/data/cms/store/user/dcieri/ttbar_SIM/ttbar/ttbar_SIM/150129_145223/0000/step1_22.root
02-Feb-2015 22:56:12 GMT  Closed file root://xrootd.unl.edu//store/group/dpg_trigger/comm_trigger/L1TrackTrigger/620_SLHC10/Extended2023TTI/MinBias/MinBias_TuneZ2star_GEN_SIM_757.root

=============================================

MessageLogger Summary

 type     category        sev    module        subroutine        count    total
 ---- -------------------- -- ---------------- ----------------  -----    -----
    1 fileAction           -s MixingModule:mix                      69       69
    2 fileAction           -s MixingModule:mix                       2        2
    3 fileAction           -s MixingModule:mix                       1        1
    4 fileAction           -s file_close                             1        1
    5 fileAction           -s file_open                              2        2

 type    category    Examples: run/evt        run/evt          run/evt
 ---- -------------------- ---------------- ---------------- ----------------
    1 fileAction           1/211            1/211            1/220
    2 fileAction           pre-events       pre-events       
    3 fileAction           PostEndRun                        
    4 fileAction           PostEndRun                        
    5 fileAction           pre-events       pre-events       

Severity    # Occurrences   Total Occurrences
--------    -------------   -----------------
System                 75                  75
>>> END OF printout of 246 lines from stdout+stderr
>>> Parse FrameworkJobReport crab_fjr.xml
Result of parsing the FrameworkJobReport crab_fjr.xml: 
Extracted ExitStatus from FrameworkJobReport parsing output: 0
>>> Executable succeded  0
ExeExitCode=0
EXECUTABLE_EXIT_STATUS = 0
>>> current directory /scratch/condor/dir_13693/glide_GiVLfL/execute/dir_8202/CMSSW_6_2_0_SLHC12
>>>  (SOFTWARE_DIR): /scratch/condor/dir_13693/glide_GiVLfL/execute/dir_8202/CMSSW_6_2_0_SLHC12
>>> (WORKING_DIR): 
>>> current directory content:
total 237436
drwxr-xr-x 3 cms415 gplcms      4096 Feb  2 19:03 .SCRAM
-rw------- 1 cms415 gplcms    915837 Feb  2 19:03 CMSSW.py.pkl
drwxr-xr-x 3 cms415 gplcms      4096 Feb  2 19:03 bin
drwxr-xr-x 3 cms415 gplcms      4096 Feb  2 19:03 cfipython
drwxr-xr-x 4 cms415 gplcms      4096 Apr 28  2014 config
-rw------- 1 cms415 gplcms        16 Feb  2 22:56 cpu_timing.txt
drwxr-xr-x 2 cms415 gplcms      4096 Feb  2 19:03 doc
-rw------- 1 cms415 gplcms     27453 Feb  2 22:56 executable.out
drwxr-xr-x 2 cms415 gplcms      4096 Feb  2 19:03 include
drwx------ 3 cms415 gplcms      4096 Oct  7 10:12 lib
drwxr-xr-x 3 cms415 gplcms      4096 Feb  2 19:03 logs
drwxr-xr-x 3 cms415 gplcms      4096 Feb  2 19:03 objs
-rw------- 1 cms415 gplcms       104 Feb  2 19:03 pset.py
-rw------- 1 cms415 gplcms    926824 Feb  2 19:03 pset.py.pkl
-rw------- 1 cms415 gplcms       289 Feb  2 19:03 pset.pyc
drwxr-xr-x 2 cms415 gplcms      4096 Feb  2 19:03 python
-rw------- 1 cms415 gplcms       353 Feb  2 22:56 report.log
drwxr-xr-x 2 cms415 gplcms      4096 Feb  2 19:03 src
-rw------- 1 cms415 gplcms 240937892 Feb  2 22:56 step2.root
drwxr-xr-x 3 cms415 gplcms      4096 Feb  2 19:03 test
drwxr-xr-x 3 cms415 gplcms      4096 Feb  2 19:03 tmp
>>> current directory /scratch/condor/dir_13693/glide_GiVLfL/execute/dir_8202/CMSSW_6_2_0_SLHC12
>>> (SOFTWARE_DIR): /scratch/condor/dir_13693/glide_GiVLfL/execute/dir_8202/CMSSW_6_2_0_SLHC12
>>> (WORKING_DIR): 
>>> current directory content:
total 237436
drwxr-xr-x 3 cms415 gplcms      4096 Feb  2 19:03 .SCRAM
-rw------- 1 cms415 gplcms    915837 Feb  2 19:03 CMSSW.py.pkl
drwxr-xr-x 3 cms415 gplcms      4096 Feb  2 19:03 bin
drwxr-xr-x 3 cms415 gplcms      4096 Feb  2 19:03 cfipython
drwxr-xr-x 4 cms415 gplcms      4096 Apr 28  2014 config
-rw------- 1 cms415 gplcms        16 Feb  2 22:56 cpu_timing.txt
drwxr-xr-x 2 cms415 gplcms      4096 Feb  2 19:03 doc
-rw------- 1 cms415 gplcms     27453 Feb  2 22:56 executable.out
drwxr-xr-x 2 cms415 gplcms      4096 Feb  2 19:03 include
drwx------ 3 cms415 gplcms      4096 Oct  7 10:12 lib
drwxr-xr-x 3 cms415 gplcms      4096 Feb  2 19:03 logs
drwxr-xr-x 3 cms415 gplcms      4096 Feb  2 19:03 objs
-rw------- 1 cms415 gplcms       104 Feb  2 19:03 pset.py
-rw------- 1 cms415 gplcms    926824 Feb  2 19:03 pset.py.pkl
-rw------- 1 cms415 gplcms       289 Feb  2 19:03 pset.pyc
drwxr-xr-x 2 cms415 gplcms      4096 Feb  2 19:03 python
-rw------- 1 cms415 gplcms       353 Feb  2 22:56 report.log
drwxr-xr-x 2 cms415 gplcms      4096 Feb  2 19:03 src
-rw------- 1 cms415 gplcms 240937892 Feb  2 22:56 step2_30_1_G7Z.root
drwxr-xr-x 3 cms415 gplcms      4096 Feb  2 19:03 test
drwxr-xr-x 3 cms415 gplcms      4096 Feb  2 19:03 tmp
>>> current directory (RUNTIME_AREA):  /scratch/condor/dir_13693/glide_GiVLfL/execute/dir_8202
PNN = T2_UK_SGrid_RALPP
SE = heplnx204.pp.rl.ac.uk
SE_PATH = /srm/managerv2?SFN=/pnfs/pp.rl.ac.uk/data/cms/store/user/dcieri/ttbar_PU140_DIGI/dcieri/ttbar/ttbar_PU140_DIGI/3c0380cf82de79bc39966c93934c61fc/
LFNBaseName = /store/user/dcieri/ttbar_PU140_DIGI/dcieri/ttbar/ttbar_PU140_DIGI/3c0380cf82de79bc39966c93934c61fc/
USER = dcieri
endpoint = srm://heplnx204.pp.rl.ac.uk:8443/srm/managerv2?SFN=/pnfs/pp.rl.ac.uk/data/cms/store/user/dcieri/ttbar_PU140_DIGI/dcieri/ttbar/ttbar_PU140_DIGI/3c0380cf82de79bc39966c93934c61fc/
>>> Copy output files from WN = heplnc075.pp.rl.ac.uk to /srm/managerv2?SFN=/pnfs/pp.rl.ac.uk/data/cms/store/user/dcieri/ttbar_PU140_DIGI/dcieri/ttbar/ttbar_PU140_DIGI/3c0380cf82de79bc39966c93934c61fc/ :
python cmscp.py  --destination srm://heplnx204.pp.rl.ac.uk:8443/srm/managerv2?SFN=/pnfs/pp.rl.ac.uk/data/cms/store/user/dcieri/ttbar_PU140_DIGI/dcieri/ttbar/ttbar_PU140_DIGI/3c0380cf82de79bc39966c93934c61fc/ --inputFileList /scratch/condor/dir_13693/glide_GiVLfL/execute/dir_8202/CMSSW_6_2_0_SLHC12/step2_30_1_G7Z.root --middleware LCG --PNN T2_UK_SGrid_RALPP --se_name heplnx204.pp.rl.ac.uk --for_lfn /store/user/dcieri/ttbar_PU140_DIGI/dcieri/ttbar/ttbar_PU140_DIGI/3c0380cf82de79bc39966c93934c61fc/    
******************************************************
localSeName  =  heplnx204.pp.rl.ac.uk
remoteSeName =  heplnx204.pp.rl.ac.uk
******************************************************
{"/scratch/condor/dir_13693/glide_GiVLfL/execute/dir_8202/CMSSW_6_2_0_SLHC12/step2_30_1_G7Z.root": {"endpoint": "srm://heplnx204.pp.rl.ac.uk:8443/srm/managerv2?SFN=/pnfs/pp.rl.ac.uk/data/cms/store/user/dcieri/ttbar_PU140_DIGI/dcieri/ttbar/ttbar_PU140_DIGI/3c0380cf82de79bc39966c93934c61fc/", "surl_for_grid": "", "reason": "Copy succedeed with srm-lcg utils", "erCode": "0", "PNN": "T2_UK_SGrid_RALPP", "se_name": "heplnx204.pp.rl.ac.uk", "for_lfn": "/store/user/dcieri/ttbar_PU140_DIGI/dcieri/ttbar/ttbar_PU140_DIGI/3c0380cf82de79bc39966c93934c61fc/"}}/scratch/condor/dir_13693/glide_GiVLfL/execute/dir_8202
-------- cat /scratch/condor/dir_13693/glide_GiVLfL/execute/dir_8202/cmscpReport.sh 
#!/bin/bash
echo "Report for File: /scratch/condor/dir_13693/glide_GiVLfL/execute/dir_8202/CMSSW_6_2_0_SLHC12/step2_30_1_G7Z.root"
echo "LFN: /store/user/dcieri/ttbar_PU140_DIGI/dcieri/ttbar/ttbar_PU140_DIGI/3c0380cf82de79bc39966c93934c61fc/step2_30_1_G7Z.root"
echo "StorageElement: heplnx204.pp.rl.ac.uk"
echo "StageOutExitStatusReason = 'Copy succedeed with srm-lcg utils'" | tee -a $RUNTIME_AREA/$repo
echo "StageOutSE = heplnx204.pp.rl.ac.uk" >> $RUNTIME_AREA/$repo

export StageOutExitStatus=0
echo "StageOutExitStatus = 0" | tee -a $RUNTIME_AREA/$repo
-------- end of /scratch/condor/dir_13693/glide_GiVLfL/execute/dir_8202/cmscpReport.sh 
Report for File: /scratch/condor/dir_13693/glide_GiVLfL/execute/dir_8202/CMSSW_6_2_0_SLHC12/step2_30_1_G7Z.root
LFN: /store/user/dcieri/ttbar_PU140_DIGI/dcieri/ttbar/ttbar_PU140_DIGI/3c0380cf82de79bc39966c93934c61fc/step2_30_1_G7Z.root
StorageElement: heplnx204.pp.rl.ac.uk
StageOutExitStatusReason = 'Copy succedeed with srm-lcg utils'
StageOutExitStatus = 0
>>> current dir: /scratch/condor/dir_13693/glide_GiVLfL/execute/dir_8202
>>> current dir content:
total 8832
-rw-------  1 cms415 gplcms    2657 Feb  2 22:57 .SEinteraction.log
-rwx------  1 cms415 gplcms      52 Feb  2 19:02 .chirp_config
-rwx------  1 cms415 gplcms    7809 Feb  2 19:02 .job.ad
-rwx------  1 cms415 gplcms    9809 Feb  2 19:02 .machine.ad
-rw-------  1 cms415 gplcms     105 Feb  2 12:16 CMSSW.py
-rw-------  1 cms415 gplcms  915837 Feb  2 12:16 CMSSW.py.pkl
-rwx------  1 cms415 gplcms   29498 Feb  2 19:03 CMSSW.sh
drwxr-xr-x 15 cms415 gplcms    4096 Feb  2 22:56 CMSSW_6_2_0_SLHC12
-rw-------  1 cms415 gplcms     189 Feb  2 19:03 CacheEnv.sh
-rw-------  1 cms415 gplcms    7291 Nov 19 14:52 DashboardAPI.py
-rw-------  1 cms415 gplcms    6455 Feb  2 19:03 DashboardAPI.pyc
drwx------  2 cms415 gplcms    4096 Feb  2 22:56 IMProv
-rw-------  1 cms415 gplcms    2748 Nov 19 14:52 Logger.py
-rw-------  1 cms415 gplcms    3227 Feb  2 19:03 Logger.pyc
-rw-------  1 cms415 gplcms   24524 Nov 19 14:52 ProcInfo.py
-rw-------  1 cms415 gplcms   22621 Feb  2 19:03 ProcInfo.pyc
drwx------  7 cms415 gplcms    4096 Feb  2 19:03 ProdCommon
drwx------  3 cms415 gplcms    4096 Feb  2 19:03 WMCore
-rw-------  1 cms415 gplcms   14520 Feb  2 22:56 Watchdog_30.log
-rwx------  1 cms415 gplcms       0 Feb  2 19:03 _condor_stderr
-rwx---r--  1 cms415 gplcms   42173 Feb  2 22:57 _condor_stdout
-rw-------  1 cms415 gplcms   32895 Nov 19 14:52 apmon.py
-rw-------  1 cms415 gplcms   27929 Feb  2 19:03 apmon.pyc
-rwx------  1 cms415 gplcms  134309 Feb  2 19:03 arguments.xml
-rwx------  1 cms415 gplcms   38581 Nov 19 14:52 cmscp.py
-rw-------  1 cms415 gplcms     559 Feb  2 22:57 cmscpReport.sh
-rwx------  1 cms415 gplcms   29498 Feb  2 19:03 condor_exec.exe
-rw-------  1 cms415 gplcms     544 Feb  2 12:16 crab.cfg
-rwx------  1 cms415 gplcms    8610 Nov 19 14:52 crabWatchdog.sh
-rwx---r--  1 cms415 gplcms  112079 Feb  2 22:56 crab_fjr_30.xml
-rwx------  1 cms415 gplcms 7390485 Feb  2 19:03 default.tgz
-rwx------  1 cms415 gplcms    4488 Nov 19 14:52 fillCrabFjr.py
-rw-------  1 cms415 gplcms     225 Feb  2 19:03 inputsReport.txt
-rw-------  1 cms415 gplcms     243 Feb  2 22:57 jobreport.txt
-rw-------  1 cms415 gplcms   17352 Nov 19 14:52 parseCrabFjr.py
-rw-------  1 cms415 gplcms     321 Feb  2 19:03 report.log
-rwx--x--x  1 cms415 gplcms    1497 Nov 19 14:52 report.py
-rw-------  1 cms415 gplcms     553 Feb  2 22:57 resultCopyFile
lrwxrwxrwx  1 cms415 gplcms      94 Feb  2 22:56 step2.root -> /scratch/condor/dir_13693/glide_GiVLfL/execute/dir_8202/CMSSW_6_2_0_SLHC12/step2_30_1_G7Z.root
-rwx------  1 cms415 gplcms    8351 Nov 19 14:52 writeCfg.py
-rw-------  1 cms415 gplcms   10293 Feb  2 19:02 x509up_u62281
>>> Modify Job Report:
CMSSW_VERSION = CMSSW_6_2_0_SLHC12
ProcessedDataset = ttbar_PU140_DIGI
/scratch/condor/dir_13693/glide_GiVLfL/execute/dir_8202/ProdCommon/FwkJobRep/ModifyJobReport.py fjr /scratch/condor/dir_13693/glide_GiVLfL/execute/dir_8202/crab_fjr_30.xml json /scratch/condor/dir_13693/glide_GiVLfL/execute/dir_8202/resultCopyFile n_job 30_1_G7Z PrimaryDataset ttbar  ApplicationFamily cmsRun ApplicationName cmsRun cmssw_version CMSSW_6_2_0_SLHC12 psethash 3c0380cf82de79bc39966c93934c61fc UserProcessedDataset dcieri-ttbar_PU140_DIGI-3c0380cf82de79bc39966c93934c61fc
inputDict =  {u'/scratch/condor/dir_13693/glide_GiVLfL/execute/dir_8202/CMSSW_6_2_0_SLHC12/step2_30_1_G7Z.root': {u'endpoint': u'srm://heplnx204.pp.rl.ac.uk:8443/srm/managerv2?SFN=/pnfs/pp.rl.ac.uk/data/cms/store/user/dcieri/ttbar_PU140_DIGI/dcieri/ttbar/ttbar_PU140_DIGI/3c0380cf82de79bc39966c93934c61fc/', u'surl_for_grid': u'', u'reason': u'Copy succedeed with srm-lcg utils', u'erCode': u'0', u'PNN': u'T2_UK_SGrid_RALPP', u'se_name': u'heplnx204.pp.rl.ac.uk', u'for_lfn': u'/store/user/dcieri/ttbar_PU140_DIGI/dcieri/ttbar/ttbar_PU140_DIGI/3c0380cf82de79bc39966c93934c61fc/'}}
UserProcessedDataset =  dcieri-ttbar_PU140_DIGI-3c0380cf82de79bc39966c93934c61fc
WORKING ON EDM FILE
file_name in inputDict =  /scratch/condor/dir_13693/glide_GiVLfL/execute/dir_8202/CMSSW_6_2_0_SLHC12/step2_30_1_G7Z.root
(size) os.stat(filename)[6] =  240937892
checksum =  1031636554
    file =  step2_30_1_G7Z.root
    newPfn =  srm://heplnx204.pp.rl.ac.uk:8443/srm/managerv2?SFN=/pnfs/pp.rl.ac.uk/data/cms/store/user/dcieri/ttbar_PU140_DIGI/dcieri/ttbar/ttbar_PU140_DIGI/3c0380cf82de79bc39966c93934c61fc/step2_30_1_G7Z.root
    newLfn =  /store/user/dcieri/ttbar_PU140_DIGI/dcieri/ttbar/ttbar_PU140_DIGI/3c0380cf82de79bc39966c93934c61fc/step2_30_1_G7Z.root
>>> crab_fjr_*.xml  permission set to 0704
CrabWrapper EXIT_FUNC entered at Mon Feb  2 22:57:07 GMT 2015   -  Mon Feb  2 22:57:07 UTC 2015
Checking output files:  
will tar file crab_fjr_30.xml in  out_files_30
WARNING: output file CMSSW_30.stdout not found!
WARNING: output file CMSSW_30.stderr not found!
WARNING: output file Watchdog_30.log.gz not found!
>>> padding time: Wrapper lasting more than 600 seconds. No sleep required.
STOPPING WATCHDOG. CrabWatchdog PID is 11198
********** LAST 50 LINES OF WATCHDOG LOG
 Feb 02 19:59:08 GMT	11571	1112292	1631796	71	167	3326	cmsRun -j /scratch/condor/dir_13693/glide_GiVLfL/execute/dir_8202/crab_fjr_30.xml -p pset.py      
 Feb 02 20:00:08 GMT	11571	1113080	1636916	71	171	3387	cmsRun -j /scratch/condor/dir_13693/glide_GiVLfL/execute/dir_8202/crab_fjr_30.xml -p pset.py      
 Feb 02 20:01:09 GMT	11571	1116980	1636916	71	173	3447	cmsRun -j /scratch/condor/dir_13693/glide_GiVLfL/execute/dir_8202/crab_fjr_30.xml -p pset.py      
 Feb 02 20:02:09 GMT	11571	1117012	1638964	71	177	3508	cmsRun -j /scratch/condor/dir_13693/glide_GiVLfL/execute/dir_8202/crab_fjr_30.xml -p pset.py      
 Feb 02 20:06:11 GMT	11571	1126664	1638964	71	182	3750	cmsRun -j /scratch/condor/dir_13693/glide_GiVLfL/execute/dir_8202/crab_fjr_30.xml -p pset.py      
 Feb 02 20:07:12 GMT	11571	1250944	1701684	71	195	3810	cmsRun -j /scratch/condor/dir_13693/glide_GiVLfL/execute/dir_8202/crab_fjr_30.xml -p pset.py      
 Feb 02 20:08:12 GMT	11571	1253532	1701940	71	198	3871	cmsRun -j /scratch/condor/dir_13693/glide_GiVLfL/execute/dir_8202/crab_fjr_30.xml -p pset.py      
 Feb 02 20:09:13 GMT	11571	1258180	1705780	71	203	3931	cmsRun -j /scratch/condor/dir_13693/glide_GiVLfL/execute/dir_8202/crab_fjr_30.xml -p pset.py      
 Feb 02 20:10:13 GMT	11571	1293576	1762356	71	208	3992	cmsRun -j /scratch/condor/dir_13693/glide_GiVLfL/execute/dir_8202/crab_fjr_30.xml -p pset.py      
 Feb 02 20:11:14 GMT	---	1293576	1762356	94	----	----	----
 Feb 02 20:28:22 GMT	11571	1293576	1764660	94	269	5080	cmsRun -j /scratch/condor/dir_13693/glide_GiVLfL/execute/dir_8202/crab_fjr_30.xml -p pset.py      
 Feb 02 20:29:22 GMT	11571	1293576	1764916	94	277	5141	cmsRun -j /scratch/condor/dir_13693/glide_GiVLfL/execute/dir_8202/crab_fjr_30.xml -p pset.py      
# TIME			PID	RSS(KB)	VSZ(KB)	Dsk(MB)	tCPU(s)	tWALL(s)	COMMAND
 Feb 02 20:30:23 GMT	11571	1313092	1778228	94	285	5201	cmsRun -j /scratch/condor/dir_13693/glide_GiVLfL/execute/dir_8202/crab_fjr_30.xml -p pset.py      
 Feb 02 20:31:23 GMT	11571	1319236	1778228	94	288	5262	cmsRun -j /scratch/condor/dir_13693/glide_GiVLfL/execute/dir_8202/crab_fjr_30.xml -p pset.py      
 Feb 02 20:32:24 GMT	11571	1322092	1778228	94	291	5322	cmsRun -j /scratch/condor/dir_13693/glide_GiVLfL/execute/dir_8202/crab_fjr_30.xml -p pset.py      
 Feb 02 20:33:24 GMT	11571	1323176	1778484	94	294	5383	cmsRun -j /scratch/condor/dir_13693/glide_GiVLfL/execute/dir_8202/crab_fjr_30.xml -p pset.py      
 Feb 02 20:34:25 GMT	11571	1421516	1857076	94	306	5443	cmsRun -j /scratch/condor/dir_13693/glide_GiVLfL/execute/dir_8202/crab_fjr_30.xml -p pset.py      
 Feb 02 20:35:25 GMT	---	1421516	1857076	117	----	----	----
 Feb 02 21:11:43 GMT	---	1421516	1857076	137	----	----	----
 Feb 02 21:34:54 GMT	---	1421516	1857076	158	----	----	----
 Feb 02 21:56:04 GMT	---	1421516	1857076	177	----	----	----
 Feb 02 22:13:12 GMT	11571	1421516	1857292	177	644	11371	cmsRun -j /scratch/condor/dir_13693/glide_GiVLfL/execute/dir_8202/crab_fjr_30.xml -p pset.py      
 Feb 02 22:13:12 GMT	---	1421516	1857292	199	----	----	----
 Feb 02 22:14:13 GMT	11571	1421516	1860364	199	646	11432	cmsRun -j /scratch/condor/dir_13693/glide_GiVLfL/execute/dir_8202/crab_fjr_30.xml -p pset.py      
 Feb 02 22:20:16 GMT	11571	1421516	1860620	199	654	11795	cmsRun -j /scratch/condor/dir_13693/glide_GiVLfL/execute/dir_8202/crab_fjr_30.xml -p pset.py      
 Feb 02 22:21:17 GMT	11571	1421516	1864460	199	665	11855	cmsRun -j /scratch/condor/dir_13693/glide_GiVLfL/execute/dir_8202/crab_fjr_30.xml -p pset.py      
 Feb 02 22:26:19 GMT	11571	1421516	1879052	199	677	12158	cmsRun -j /scratch/condor/dir_13693/glide_GiVLfL/execute/dir_8202/crab_fjr_30.xml -p pset.py      
 Feb 02 22:27:20 GMT	11571	1421516	1879820	199	680	12218	cmsRun -j /scratch/condor/dir_13693/glide_GiVLfL/execute/dir_8202/crab_fjr_30.xml -p pset.py      
 Feb 02 22:29:20 GMT	11571	1421516	1887500	199	691	12339	cmsRun -j /scratch/condor/dir_13693/glide_GiVLfL/execute/dir_8202/crab_fjr_30.xml -p pset.py      
 Feb 02 22:30:21 GMT	11571	1421516	1901836	199	700	12399	cmsRun -j /scratch/condor/dir_13693/glide_GiVLfL/execute/dir_8202/crab_fjr_30.xml -p pset.py      
 Feb 02 22:31:21 GMT	11571	1421516	1904140	199	703	12460	cmsRun -j /scratch/condor/dir_13693/glide_GiVLfL/execute/dir_8202/crab_fjr_30.xml -p pset.py      
 Feb 02 22:32:22 GMT	11571	1421516	1904908	199	707	12520	cmsRun -j /scratch/condor/dir_13693/glide_GiVLfL/execute/dir_8202/crab_fjr_30.xml -p pset.py      
 Feb 02 22:34:23 GMT	---	1421516	1904908	221	----	----	----
 Feb 02 22:37:25 GMT	11571	1421516	1905932	221	741	12823	cmsRun -j /scratch/condor/dir_13693/glide_GiVLfL/execute/dir_8202/crab_fjr_30.xml -p pset.py      
 Feb 02 22:38:25 GMT	11571	1421516	1906188	221	748	12884	cmsRun -j /scratch/condor/dir_13693/glide_GiVLfL/execute/dir_8202/crab_fjr_30.xml -p pset.py      
 Feb 02 22:39:26 GMT	11571	1421516	1910028	221	751	12944	cmsRun -j /scratch/condor/dir_13693/glide_GiVLfL/execute/dir_8202/crab_fjr_30.xml -p pset.py      
 Feb 02 22:40:26 GMT	11571	1421516	1913868	221	758	13005	cmsRun -j /scratch/condor/dir_13693/glide_GiVLfL/execute/dir_8202/crab_fjr_30.xml -p pset.py      
 Feb 02 22:41:27 GMT	11571	1421516	1919756	221	764	13065	cmsRun -j /scratch/condor/dir_13693/glide_GiVLfL/execute/dir_8202/crab_fjr_30.xml -p pset.py      
 Feb 02 22:42:27 GMT	11571	1421516	1934092	221	779	13126	cmsRun -j /scratch/condor/dir_13693/glide_GiVLfL/execute/dir_8202/crab_fjr_30.xml -p pset.py      
 Feb 02 22:45:29 GMT	---	1421516	1934092	242	----	----	----
 Feb 02 22:48:30 GMT	11571	1421516	1935372	242	826	13489	cmsRun -j /scratch/condor/dir_13693/glide_GiVLfL/execute/dir_8202/crab_fjr_30.xml -p pset.py      
 Feb 02 22:50:31 GMT	11571	1421516	1937676	242	836	13610	cmsRun -j /scratch/condor/dir_13693/glide_GiVLfL/execute/dir_8202/crab_fjr_30.xml -p pset.py      
# TIME			PID	RSS(KB)	VSZ(KB)	Dsk(MB)	tCPU(s)	tWALL(s)	COMMAND
 Feb 02 22:51:32 GMT	11571	1421516	1949964	242	844	13670	cmsRun -j /scratch/condor/dir_13693/glide_GiVLfL/execute/dir_8202/crab_fjr_30.xml -p pset.py      
 Feb 02 22:52:32 GMT	11571	1421516	1952012	242	852	13731	cmsRun -j /scratch/condor/dir_13693/glide_GiVLfL/execute/dir_8202/crab_fjr_30.xml -p pset.py      
 Feb 02 22:53:33 GMT	11571	1428684	1952012	242	867	13791	cmsRun -j /scratch/condor/dir_13693/glide_GiVLfL/execute/dir_8202/crab_fjr_30.xml -p pset.py      
 Feb 02 22:54:33 GMT	11571	1493120	1980428	242	876	13852	cmsRun -j /scratch/condor/dir_13693/glide_GiVLfL/execute/dir_8202/crab_fjr_30.xml -p pset.py      
 Feb 02 22:55:34 GMT	11571	1500456	1987596	242	884	13912	cmsRun -j /scratch/condor/dir_13693/glide_GiVLfL/execute/dir_8202/crab_fjr_30.xml -p pset.py      
 Feb 02 22:56:34 GMT	---	1500456	1987596	268	----	----	----
********** WATCHDOG LOG ENDED
ZIPPING WATCHDOG LOG
Disk space used:
du -sh /scratch/condor/dir_13693/glide_GiVLfL/execute/dir_8202
268M	/scratch/condor/dir_13693/glide_GiVLfL/execute/dir_8202
Found unusual stdout, rename for OSB
`/scratch/condor/dir_13693/glide_GiVLfL/execute/dir_8202/_condor_stdout' -> `CMSSW_30.stdout'
Found unusual stderr, rename for OSB
`/scratch/condor/dir_13693/glide_GiVLfL/execute/dir_8202/_condor_stdout' -> `CMSSW_30.stderr'
crab_fjr_30.xml
CMSSW_30.stdout
CMSSW_30.stderr
Watchdog_30.log.gz
Total Output dimension: 25295
WARNING: output files size limit is set to: 50000000
Total Output dimension 25295 is fine.
JOB_EXIT_STATUS = 0
>>> info for dashboard:
***** Cat /scratch/condor/dir_13693/glide_GiVLfL/execute/dir_8202/jobreport.txt *****
MonitorJobID=30_https://submit-6.t2.ucsd.edu//150202//509447.29
MonitorID=dcieri_PU140_4dm08r
ExeTime=13946
ExeExitCode=0
StageOutExitStatusReason = 'Copy succedeed with srm-lcg utils'
StageOutSE = heplnx204.pp.rl.ac.uk
StageOutExitStatus = 0
CrabUserCpuTime=879.79
CrabSysCpuTime=27.49
CrabCpuPercentage=6%
CrabWrapperTime=14009
CrabStageoutTime=49
JobExitCode=0
***** End Cat jobreport *****
Parameters sent to Dashboard.
EXITING at Mon Feb  2 22:57:10 GMT 2015  -  Mon Feb  2 22:57:10 UTC 2015
