This script was generated by crab (version 2.11.1_patch1).
Running /scratch/condor/dir_10658/glide_qfQgh6/execute/dir_10949/condor_exec.exe with 2 positional parameters: 85 1
Today is Mon Feb  2 19:42:26 GMT 2015 - Mon Feb  2 19:42:26 UTC 2015
Job submitted on host heplnc371.pp.rl.ac.uk
Linux heplnc371.pp.rl.ac.uk 2.6.32-504.3.3.el6.x86_64 #1 SMP Tue Dec 16 14:29:22 CST 2014 x86_64 x86_64 x86_64 GNU/Linux
Distributor ID:	Scientific
Description:	Scientific Linux release 6.6 (Carbon)
>>> current directory (RUNTIME_AREA): /scratch/condor/dir_10658/glide_qfQgh6/execute/dir_10949
>>> current user: uid=157415(cms415) gid=157000(gplcms) groups=157000(gplcms)
>>> directory permission set to 0700
>>> umask set to:  u=rwx,g=,o=
>>> stdout stderr permission set to 0704
>>> voms proxy information:
subject   : /DC=ch/DC=cern/OU=Organic Units/OU=Users/CN=dcieri/CN=755391/CN=Davide Cieri/CN=769881070/CN=1590837041
issuer    : /DC=ch/DC=cern/OU=Organic Units/OU=Users/CN=dcieri/CN=755391/CN=Davide Cieri/CN=769881070
identity  : /DC=ch/DC=cern/OU=Organic Units/OU=Users/CN=dcieri/CN=755391/CN=Davide Cieri
type      : RFC3820 compliant limited proxy
strength  : 1024
path      : /scratch/condor/dir_10658/glide_qfQgh6/execute/dir_10949/x509up_u62281
timeleft  : 23:57:16
key usage : Digital Signature, Key Encipherment
=== VO cms extension information ===
VO        : cms
subject   : /DC=ch/DC=cern/OU=Organic Units/OU=Users/CN=dcieri/CN=755391/CN=Davide Cieri
issuer    : /DC=ch/DC=cern/OU=computers/CN=lcg-voms2.cern.ch
attribute : /cms/Role=NULL/Capability=NULL
timeleft  : 184:33:58
uri       : lcg-voms2.cern.ch:15002

WNHostName=heplnc371.pp.rl.ac.uk
$_CONDOR_JOB_AD =/scratch/condor/dir_10658/glide_qfQgh6/execute/dir_10949/.job.ad
OverflowFlag=0
>>> tar --no-same-permissions -xf /scratch/condor/dir_10658/glide_qfQgh6/execute/dir_10949/default.tgz :
Successful untar
>>> Include /scratch/condor/dir_10658/glide_qfQgh6/execute/dir_10949 in PYTHONPATH:
strip arguments
env var CRAB_UNIQUE_JOB_ID set to: dcieri_PU140_4dm08r_85_1_ajn
out_files_85
>>> list of expected files on output sandbox
output files: crab_fjr_85.xml CMSSW_85.stdout CMSSW_85.stderr Watchdog_85.log.gz
>>> GridFlavour discovery: 
GridFlavour=LCG
>>> SyncSite discovery: 
SyncSite=T2_UK_SGrid_RALPP
>>> SyncCE discovery: 
getting SyncCE from GLIDEIN_Gaekeeper
SyncCE=heplnv146.pp.rl.ac.uk
>>> info for dashboard:
***** Cat /scratch/condor/dir_10658/glide_qfQgh6/execute/dir_10949/jobreport.txt *****
WNHostName=heplnc371.pp.rl.ac.uk
OverflowFlag=0
MonitorJobID=85_https://submit-6.t2.ucsd.edu//150202//509447.84
SyncGridJobId=https://submit-6.t2.ucsd.edu//150202//509447.84
MonitorID=dcieri_PU140_4dm08r
GridFlavour=LCG
SyncSite=T2_UK_SGrid_RALPP
SyncCE=heplnv146.pp.rl.ac.uk
***** End Cat jobreport *****
Parameters sent to Dashboard.
>>> setup environment
set SCRAM ARCH to slc6_amd64_gcc472
SCRAM_ARCH = slc6_amd64_gcc472
>>> setup CMS LCG environment:
set SCRAM ARCH and BUILD_ARCH to slc6_amd64_gcc472 ###
Sourcing environment... 
sourcing /cvmfs/cms.cern.ch/cmsset_default.sh
==> setup cms environment ok
>>> specific cmssw setup environment:
CMSSW_VERSION =  CMSSW_6_2_0_SLHC12
WARNING: In non-interactive mode release checks e.g. deprecated releases, production architectures are disabled.
>>> current directory (SOFTWARE_DIR): /scratch/condor/dir_10658/glide_qfQgh6/execute/dir_10949/CMSSW_6_2_0_SLHC12
PreserveSeeds: <>
IncrementSeeds:<>
>>> info for dashboard:
***** Cat /scratch/condor/dir_10658/glide_qfQgh6/execute/dir_10949/jobreport.txt *****
MonitorJobID=85_https://submit-6.t2.ucsd.edu//150202//509447.84
MonitorID=dcieri_PU140_4dm08r
***** End Cat jobreport *****
Parameters sent to Dashboard.
crabWatchdog started as process 13967
>>> moving CMSSW software directories in /scratch/condor/dir_10658/glide_qfQgh6/execute/dir_10949/CMSSW_6_2_0_SLHC12
mv: cannot stat `/scratch/condor/dir_10658/glide_qfQgh6/execute/dir_10949/module/': No such file or directory
>>> Include /scratch/condor/dir_10658/glide_qfQgh6/execute/dir_10949 in PYTHONPATH:
PYTHONPATH=/scratch/condor/dir_10658/glide_qfQgh6/execute/dir_10949/:/scratch/condor/dir_10658/glide_qfQgh6/execute/dir_10949/CMSSW_6_2_0_SLHC12/python:/scratch/condor/dir_10658/glide_qfQgh6/execute/dir_10949/CMSSW_6_2_0_SLHC12/lib/slc6_amd64_gcc472:/cvmfs/cms.cern.ch/slc6_amd64_gcc472/cms/cmssw/CMSSW_6_2_0_SLHC12/python:/cvmfs/cms.cern.ch/slc6_amd64_gcc472/cms/cmssw/CMSSW_6_2_0_SLHC12/lib/slc6_amd64_gcc472:/cvmfs/cms.cern.ch/slc6_amd64_gcc472/cms/coral/CORAL_2_3_21-cms35/slc6_amd64_gcc472/python:/cvmfs/cms.cern.ch/slc6_amd64_gcc472/cms/coral/CORAL_2_3_21-cms35/slc6_amd64_gcc472/lib:/cvmfs/cms.cern.ch/slc6_amd64_gcc472/external/python-ldap/2.3.5-cms5/lib/python2.7/site-packages:/cvmfs/cms.cern.ch/slc6_amd64_gcc472/external/pyqt/4.8.1-cms5/lib/python2.7/site-packages:/cvmfs/cms.cern.ch/slc6_amd64_gcc472/external/py2-scipy/0.8.0-cms7/lib/python2.7/site-packages:/cvmfs/cms.cern.ch/slc6_amd64_gcc472/external/py2-matplotlib/1.0.1-cms7/lib/python2.7/site-packages:/cvmfs/cms.cern.ch/slc6_amd64_gcc472/external/sip/4.11.2-cms5/lib/python2.7/site-packages:/cvmfs/cms.cern.ch/slc6_amd64_gcc472/external/py2-pycurl/7.19.0-cms7/lib/python2.7/site-packages:/cvmfs/cms.cern.ch/slc6_amd64_gcc472/external/py2-numpy/1.6.1-cms7/lib/python2.7/site-packages:/cvmfs/cms.cern.ch/slc6_amd64_gcc472/external/py2-lint/0.25.1-cms5/lib/python2.7/site-packages:/cvmfs/cms.cern.ch/slc6_amd64_gcc472/external/py2-ipython/0.10-cms5/lib/python2.7/site-packages:/cvmfs/cms.cern.ch/slc6_amd64_gcc472/external/py2-cx-oracle/5.1-cms5/lib/python2.7/site-packages:/cvmfs/cms.cern.ch/slc6_amd64_gcc472/external/py2-cjson/1.0.5-cms5/lib/python2.7/site-packages:/cvmfs/cms.cern.ch/slc6_amd64_gcc472/cms/das-client/1.11.7/bin:/cvmfs/cms.cern.ch/slc6_amd64_gcc472/external/elementtree/1.2.6-cms5/share/lib/python2.7/site-packages:/cvmfs/cms.cern.ch/slc6_amd64_gcc472/external/rivet/1.8.2-cms9/lib/python2.7/site-packages:/cvmfs/cms.cern.ch/slc6_amd64_gcc472/external/pyminuit2/0.0.1-cms19/lib/python2.7/site-packages:/cvmfs/cms.cern.ch/slc6_amd64_gcc472/external/py2-pygithub/1.23.0-cms2/lib/python2.7/site-packages:/cvmfs/cms.cern.ch/slc6_amd64_gcc472/external/professor/1.0.0-cms19/lib/python2.7/site-packages:/cvmfs/cms.cern.ch/slc6_amd64_gcc472/lcg/root/5.34.07-cms/lib:/cvmfs/cms.cern.ch/slc6_amd64_gcc472/cms/dbs-client/DBS_2_1_9-cms5/lib:/cvmfs/cms.cern.ch/slc6_amd64_gcc472/cms/dbs-client/DBS_2_1_9-cms5/lib/DBSAPI:/cvmfs/cms.cern.ch/slc6_amd64_gcc472/external/cvs2git/5419-cms/lib:/scratch/condor/dir_10658/glide_qfQgh6/execute/dir_10949/
 
# LIMITS USED BY CRAB WATCHDOG:
# RSS  (KBytes)   : 2300000
# VSZ  (KBytes)   : 100000000
# DISK (MBytes)   : 19000
# CPU TIME        : 720h:0m:0s
# WALL CLOCK TIME : 21h:50m:0s
 
3c0380cf82de79bc39966c93934c61fc
PSETHASH = 3c0380cf82de79bc39966c93934c61fc
/scratch/condor/dir_10658/glide_qfQgh6/execute/dir_10949/writeCfg.py pset.py pset.py
Importing .py file
Setting parameters
RandomNumberGeneratorService found, will attempt to change seeds
inputBlocks=/ttbar/dcieri-ttbar_SIM-130075366148575c102f0d64fd3ac8f7/USER#417d7dc2-08fd-4092-82c4-7ac02f79c2d9
inputFiles=/store/user/dcieri/ttbar_SIM/ttbar/ttbar_SIM/150129_145223/0000/step1_407.root
parentFiles=
lumisRange=
>>> Executable cmsRun
/cvmfs/cms.cern.ch/slc6_amd64_gcc472/cms/cmssw/CMSSW_6_2_0_SLHC12/bin/slc6_amd64_gcc472/cmsRun
ok executable found
>>> info for dashboard:
***** Cat /scratch/condor/dir_10658/glide_qfQgh6/execute/dir_10949/jobreport.txt *****
MonitorJobID=85_https://submit-6.t2.ucsd.edu//150202//509447.84
MonitorID=dcieri_PU140_4dm08r
ExeStart=cmsRun
***** End Cat jobreport *****
Parameters sent to Dashboard.
>>> cmsRun started at Mon Feb  2 19:42:34 UTC 2015
>>> cmsRun ended at Mon Feb  2 22:57:06 UTC 2015
>>> crab_fjr_*.xml  permission set to 0704
>>> info for dashboard:
***** Cat /scratch/condor/dir_10658/glide_qfQgh6/execute/dir_10949/jobreport.txt *****
MonitorJobID=85_https://submit-6.t2.ucsd.edu//150202//509447.84
MonitorID=dcieri_PU140_4dm08r
ExeEnd=cmsRun
***** End Cat jobreport *****
Parameters sent to Dashboard.
TIME_EXE = 11672 sec
>>> cmsRun wrote 227 lines of stdout+stderr
>>> START OF printout of 227 lines from stdout+stderr
271 DQMStore::DQMStore 
HcalTopologyIdealEP::HcalTopologyIdealEP
02-Feb-2015 19:42:42 GMT  Initiating request to open file root://dcap.pp.rl.ac.uk:1094/pnfs/pp.rl.ac.uk/data/cms/store/user/dcieri/ttbar_SIM/ttbar/ttbar_SIM/150129_145223/0000/step1_407.root
02-Feb-2015 19:42:44 GMT  Successfully opened file root://dcap.pp.rl.ac.uk:1094/pnfs/pp.rl.ac.uk/data/cms/store/user/dcieri/ttbar_SIM/ttbar/ttbar_SIM/150129_145223/0000/step1_407.root
02-Feb-2015 19:42:44 GMT  Initiating request to open file root://xrootd.unl.edu//store/group/dpg_trigger/comm_trigger/L1TrackTrigger/620_SLHC10/Extended2023TTI/MinBias/MinBias_TuneZ2star_GEN_SIM_1.root
02-Feb-2015 19:42:53 GMT  Successfully opened file root://xrootd.unl.edu//store/group/dpg_trigger/comm_trigger/L1TrackTrigger/620_SLHC10/Extended2023TTI/MinBias/MinBias_TuneZ2star_GEN_SIM_1.root
disableME1a = 0
HcalTopologyIdealEP::produce(const IdealGeometryRecord& iRecord)
mode = 2, maxDepthHB = 3, maxDepthHE = 5
RPCGeometryESModule :: produce
RPCGeometryESModule :: produce :: 1/4 Get Muon Ideal Geometry Record
RPCGeometryESModule :: produce :: 2/4 Get Muon DDD Constants
RPCGeometryESModule :: produce :: 3/4 Get Muon Numbering Record
in MuonNumberingInitialization::initializeMuonDDDConstants
about to make my new muonDDDConst_
in MuonNumberingInitialization::produce
RPCGeometryESModule :: produce :: 4/4 Build
Found:

	Barrel Stack layer 5 : 1008 stacks
	Barrel Stack layer 6 : 1320 stacks
	Barrel Stack layer 7 : 1836 stacks
	Barrel Stack layer 8 : 1152 stacks
	Barrel Stack layer 9 : 1488 stacks
	Barrel Stack layer 10 : 1824 stacks

	Endcap Stack disk 11 : 1360 stacks
	Endcap Stack disk 12 : 1360 stacks
	Endcap Stack disk 13 : 1360 stacks
	Endcap Stack disk 14 : 1360 stacks
	Endcap Stack disk 15 : 1360 stacks
Created 15428 stacks in 15 s

TTClusterBuilder< edm::Ref<edm::DetSetVector<PixelDigi>, PixelDigi, edm::refhelper::FindForDetSetVector<PixelDigi> > > loaded modules:
	TTClusterAlgorithm:	TTClusterAlgorithm_2d2013< edm::Ref<edm::DetSetVector<PixelDigi>, PixelDigi, edm::refhelper::FindForDetSetVector<PixelDigi> > >


TTStubBuilder< edm::Ref<edm::DetSetVector<PixelDigi>, PixelDigi, edm::refhelper::FindForDetSetVector<PixelDigi> > > loaded modules:
	TTStubAlgorithm:	TTStubAlgorithm_tab2013< edm::Ref<edm::DetSetVector<PixelDigi>, PixelDigi, edm::refhelper::FindForDetSetVector<PixelDigi> > >


TTClusterAssociator< edm::Ref<edm::DetSetVector<PixelDigi>, PixelDigi, edm::refhelper::FindForDetSetVector<PixelDigi> > > loaded.


TTStubAssociator< edm::Ref<edm::DetSetVector<PixelDigi>, PixelDigi, edm::refhelper::FindForDetSetVector<PixelDigi> > > loaded.


TTTrackAssociator< edm::Ref<edm::DetSetVector<PixelDigi>, PixelDigi, edm::refhelper::FindForDetSetVector<PixelDigi> > > loaded.

Begin processing the 1st record. Run 1, Event 4061, LumiSection 407 at 02-Feb-2015 19:43:23.503 GMT
02-Feb-2015 19:43:30 GMT  Closed file root://xrootd.unl.edu//store/group/dpg_trigger/comm_trigger/L1TrackTrigger/620_SLHC10/Extended2023TTI/MinBias/MinBias_TuneZ2star_GEN_SIM_1.root
02-Feb-2015 19:43:30 GMT  Initiating request to open file root://xrootd.unl.edu//store/group/dpg_trigger/comm_trigger/L1TrackTrigger/620_SLHC10/Extended2023TTI/MinBias/MinBias_TuneZ2star_GEN_SIM_994.root
02-Feb-2015 19:43:32 GMT  Successfully opened file root://xrootd.unl.edu//store/group/dpg_trigger/comm_trigger/L1TrackTrigger/620_SLHC10/Extended2023TTI/MinBias/MinBias_TuneZ2star_GEN_SIM_994.root
150202 19:48:42 15151 Xrd: XrdClientMessage::ReadRaw: Failed to read header (8 bytes).
150202 19:48:43 15149 Xrd: XrdClientMessage::ReadRaw: Failed to read header (8 bytes).
02-Feb-2015 19:54:31 GMT  Closed file root://xrootd.unl.edu//store/group/dpg_trigger/comm_trigger/L1TrackTrigger/620_SLHC10/Extended2023TTI/MinBias/MinBias_TuneZ2star_GEN_SIM_994.root
02-Feb-2015 19:54:31 GMT  Initiating request to open file root://xrootd.unl.edu//store/group/dpg_trigger/comm_trigger/L1TrackTrigger/620_SLHC10/Extended2023TTI/MinBias/MinBias_TuneZ2star_GEN_SIM_284.root
150202 19:54:32 4978 Xrd: CheckErrorStatus: Server [xrootd-redic.pi.infn.it:1094] declared: session not found(error code: 3011)
02-Feb-2015 19:54:32 GMT  Successfully opened file root://xrootd.unl.edu//store/group/dpg_trigger/comm_trigger/L1TrackTrigger/620_SLHC10/Extended2023TTI/MinBias/MinBias_TuneZ2star_GEN_SIM_284.root
150202 19:59:42 4982 Xrd: XrdClientMessage::ReadRaw: Failed to read header (8 bytes).
150202 19:59:43 16478 Xrd: XrdClientMessage::ReadRaw: Failed to read header (8 bytes).
150202 20:03:12 14795 Xrd: XrdClientMessage::ReadRaw: Failed to read header (8 bytes).
150202 20:03:12 14796 Xrd: XrdClientMessage::ReadRaw: Failed to read header (8 bytes).
02-Feb-2015 20:04:31 GMT  Closed file root://xrootd.unl.edu//store/group/dpg_trigger/comm_trigger/L1TrackTrigger/620_SLHC10/Extended2023TTI/MinBias/MinBias_TuneZ2star_GEN_SIM_284.root
02-Feb-2015 20:04:31 GMT  Initiating request to open file root://xrootd.unl.edu//store/group/dpg_trigger/comm_trigger/L1TrackTrigger/620_SLHC10/Extended2023TTI/MinBias/MinBias_TuneZ2star_GEN_SIM_968.root
150202 20:06:37 24934 Xrd: CheckErrorStatus: Server [llrxrd-redir.in2p3.fr:1094] declared: session not found(error code: 3011)
02-Feb-2015 20:06:37 GMT  Successfully opened file root://xrootd.unl.edu//store/group/dpg_trigger/comm_trigger/L1TrackTrigger/620_SLHC10/Extended2023TTI/MinBias/MinBias_TuneZ2star_GEN_SIM_968.root
Building the geometry service
Warning did not find digi
Warning did not find digi
Warning did not find digi
Warning did not find digi
Warning did not find digi in disks
Warning did not find digi in disks
Warning did not find digi in disks
Warning did not find digi in disks
150202 20:09:42 4983 Xrd: XrdClientMessage::ReadRaw: Failed to read header (8 bytes).
150202 20:11:43 29613 Xrd: XrdClientMessage::ReadRaw: Failed to read header (8 bytes).
02-Feb-2015 20:13:16 GMT  Closed file root://xrootd.unl.edu//store/group/dpg_trigger/comm_trigger/L1TrackTrigger/620_SLHC10/Extended2023TTI/MinBias/MinBias_TuneZ2star_GEN_SIM_968.root
02-Feb-2015 20:13:16 GMT  Initiating request to open file root://xrootd.unl.edu//store/group/dpg_trigger/comm_trigger/L1TrackTrigger/620_SLHC10/Extended2023TTI/MinBias/MinBias_TuneZ2star_GEN_SIM_4.root
150202 20:13:52 9891 Xrd: CheckErrorStatus: Server [xrootd-redic.pi.infn.it:1094] declared: session not found(error code: 3011)
02-Feb-2015 20:13:53 GMT  Successfully opened file root://xrootd.unl.edu//store/group/dpg_trigger/comm_trigger/L1TrackTrigger/620_SLHC10/Extended2023TTI/MinBias/MinBias_TuneZ2star_GEN_SIM_4.root
150202 20:18:43 29614 Xrd: XrdClientMessage::ReadRaw: Failed to read header (8 bytes).
150202 20:19:13 11351 Xrd: XrdClientMessage::ReadRaw: Failed to read header (8 bytes).
02-Feb-2015 20:23:19 GMT  Closed file root://xrootd.unl.edu//store/group/dpg_trigger/comm_trigger/L1TrackTrigger/620_SLHC10/Extended2023TTI/MinBias/MinBias_TuneZ2star_GEN_SIM_4.root
02-Feb-2015 20:23:19 GMT  Initiating request to open file root://xrootd.unl.edu//store/group/dpg_trigger/comm_trigger/L1TrackTrigger/620_SLHC10/Extended2023TTI/MinBias/MinBias_TuneZ2star_GEN_SIM_231.root
150202 20:23:50 29230 Xrd: CheckErrorStatus: Server [xrootd.ba.infn.it:1094] declared: session not found(error code: 3011)
150202 20:23:51 29230 Xrd: CheckErrorStatus: Server [eoscms.cern.ch:1094] declared: session not found(error code: 3011)
02-Feb-2015 20:23:51 GMT  Successfully opened file root://xrootd.unl.edu//store/group/dpg_trigger/comm_trigger/L1TrackTrigger/620_SLHC10/Extended2023TTI/MinBias/MinBias_TuneZ2star_GEN_SIM_231.root
150202 20:26:43 29612 Xrd: XrdClientMessage::ReadRaw: Failed to read header (8 bytes).
150202 20:28:43 11413 Xrd: XrdClientMessage::ReadRaw: Failed to read header (8 bytes).
150202 20:29:13 30511 Xrd: XrdClientMessage::ReadRaw: Failed to read header (8 bytes).
150202 20:34:12 15148 Xrd: XrdClientMessage::ReadRaw: Failed to read header (8 bytes).
02-Feb-2015 20:34:57 GMT  Closed file root://xrootd.unl.edu//store/group/dpg_trigger/comm_trigger/L1TrackTrigger/620_SLHC10/Extended2023TTI/MinBias/MinBias_TuneZ2star_GEN_SIM_231.root
02-Feb-2015 20:34:57 GMT  Initiating request to open file root://xrootd.unl.edu//store/group/dpg_trigger/comm_trigger/L1TrackTrigger/620_SLHC10/Extended2023TTI/MinBias/MinBias_TuneZ2star_GEN_SIM_280.root
150202 20:35:27 19476 Xrd: CheckErrorStatus: Server [cms-xrd-global.cern.ch:1094] declared: session not found(error code: 3011)
150202 20:35:27 19476 Xrd: CheckErrorStatus: Server [xrootd-redic.pi.infn.it:1094] declared: session not found(error code: 3011)
02-Feb-2015 20:35:28 GMT  Successfully opened file root://xrootd.unl.edu//store/group/dpg_trigger/comm_trigger/L1TrackTrigger/620_SLHC10/Extended2023TTI/MinBias/MinBias_TuneZ2star_GEN_SIM_280.root
150202 20:40:13 30630 Xrd: XrdClientMessage::ReadRaw: Failed to read header (8 bytes).
150202 20:40:43 19946 Xrd: XrdClientMessage::ReadRaw: Failed to read header (8 bytes).
150202 20:44:12 30510 Xrd: XrdClientMessage::ReadRaw: Failed to read header (8 bytes).
02-Feb-2015 20:52:21 GMT  Closed file root://xrootd.unl.edu//store/group/dpg_trigger/comm_trigger/L1TrackTrigger/620_SLHC10/Extended2023TTI/MinBias/MinBias_TuneZ2star_GEN_SIM_280.root
02-Feb-2015 20:52:21 GMT  Initiating request to open file root://xrootd.unl.edu//store/group/dpg_trigger/comm_trigger/L1TrackTrigger/620_SLHC10/Extended2023TTI/MinBias/MinBias_TuneZ2star_GEN_SIM_200.root
150202 20:52:52 20167 Xrd: CheckErrorStatus: Server [cms-xrd-global.cern.ch:1094] declared: session not found(error code: 3011)
150202 20:52:52 20167 Xrd: CheckErrorStatus: Server [llrxrd-redir.in2p3.fr:1094] declared: session not found(error code: 3011)
02-Feb-2015 20:52:53 GMT  Successfully opened file root://xrootd.unl.edu//store/group/dpg_trigger/comm_trigger/L1TrackTrigger/620_SLHC10/Extended2023TTI/MinBias/MinBias_TuneZ2star_GEN_SIM_200.root
150202 20:55:42 19945 Xrd: XrdClientMessage::ReadRaw: Failed to read header (8 bytes).
150202 20:57:43 19947 Xrd: XrdClientMessage::ReadRaw: Failed to read header (8 bytes).
150202 20:58:13 21448 Xrd: XrdClientMessage::ReadRaw: Failed to read header (8 bytes).
02-Feb-2015 21:02:17 GMT  Closed file root://xrootd.unl.edu//store/group/dpg_trigger/comm_trigger/L1TrackTrigger/620_SLHC10/Extended2023TTI/MinBias/MinBias_TuneZ2star_GEN_SIM_200.root
02-Feb-2015 21:02:17 GMT  Initiating request to open file root://xrootd.unl.edu//store/group/dpg_trigger/comm_trigger/L1TrackTrigger/620_SLHC10/Extended2023TTI/MinBias/MinBias_TuneZ2star_GEN_SIM_127.root
150202 21:07:42 21449 Xrd: XrdClientMessage::ReadRaw: Failed to read header (8 bytes).
150202 21:10:40 13712 Xrd: CheckErrorStatus: Server [cms-xrd-global.cern.ch:1094] declared: session not found(error code: 3011)
150202 21:10:40 13712 Xrd: CheckErrorStatus: Server [xrootd.ba.infn.it:1094] declared: session not found(error code: 3011)
02-Feb-2015 21:10:40 GMT  Successfully opened file root://xrootd.unl.edu//store/group/dpg_trigger/comm_trigger/L1TrackTrigger/620_SLHC10/Extended2023TTI/MinBias/MinBias_TuneZ2star_GEN_SIM_127.root
150202 21:13:12 21447 Xrd: XrdClientMessage::ReadRaw: Failed to read header (8 bytes).
150202 21:15:43 29630 Xrd: XrdClientMessage::ReadRaw: Failed to read header (8 bytes).
02-Feb-2015 21:19:15 GMT  Closed file root://xrootd.unl.edu//store/group/dpg_trigger/comm_trigger/L1TrackTrigger/620_SLHC10/Extended2023TTI/MinBias/MinBias_TuneZ2star_GEN_SIM_127.root
02-Feb-2015 21:19:15 GMT  Initiating request to open file root://xrootd.unl.edu//store/group/dpg_trigger/comm_trigger/L1TrackTrigger/620_SLHC10/Extended2023TTI/MinBias/MinBias_TuneZ2star_GEN_SIM_733.root
150202 21:19:45 13616 Xrd: CheckErrorStatus: Server [xrootd.ba.infn.it:1094] declared: session not found(error code: 3011)
02-Feb-2015 21:19:46 GMT  Successfully opened file root://xrootd.unl.edu//store/group/dpg_trigger/comm_trigger/L1TrackTrigger/620_SLHC10/Extended2023TTI/MinBias/MinBias_TuneZ2star_GEN_SIM_733.root
150202 21:24:42 29632 Xrd: XrdClientMessage::ReadRaw: Failed to read header (8 bytes).
150202 21:25:13 14367 Xrd: XrdClientMessage::ReadRaw: Failed to read header (8 bytes).
02-Feb-2015 21:30:12 GMT  Closed file root://xrootd.unl.edu//store/group/dpg_trigger/comm_trigger/L1TrackTrigger/620_SLHC10/Extended2023TTI/MinBias/MinBias_TuneZ2star_GEN_SIM_733.root
02-Feb-2015 21:30:12 GMT  Initiating request to open file root://xrootd.unl.edu//store/group/dpg_trigger/comm_trigger/L1TrackTrigger/620_SLHC10/Extended2023TTI/MinBias/MinBias_TuneZ2star_GEN_SIM_774.root
150202 21:30:43 8094 Xrd: CheckErrorStatus: Server [xrootd.ba.infn.it:1094] declared: session not found(error code: 3011)
02-Feb-2015 21:30:43 GMT  Successfully opened file root://xrootd.unl.edu//store/group/dpg_trigger/comm_trigger/L1TrackTrigger/620_SLHC10/Extended2023TTI/MinBias/MinBias_TuneZ2star_GEN_SIM_774.root
150202 21:35:42 14369 Xrd: XrdClientMessage::ReadRaw: Failed to read header (8 bytes).
150202 21:36:12 8864 Xrd: XrdClientMessage::ReadRaw: Failed to read header (8 bytes).
02-Feb-2015 21:38:46 GMT  Closed file root://xrootd.unl.edu//store/group/dpg_trigger/comm_trigger/L1TrackTrigger/620_SLHC10/Extended2023TTI/MinBias/MinBias_TuneZ2star_GEN_SIM_774.root
02-Feb-2015 21:38:46 GMT  Initiating request to open file root://xrootd.unl.edu//store/group/dpg_trigger/comm_trigger/L1TrackTrigger/620_SLHC10/Extended2023TTI/MinBias/MinBias_TuneZ2star_GEN_SIM_380.root
150202 21:38:47 24272 Xrd: CheckErrorStatus: Server [cms-xrd-global.cern.ch:1094] declared: session not found(error code: 3011)
150202 21:38:47 24272 Xrd: CheckErrorStatus: Server [xrootd-redic.pi.infn.it:1094] declared: session not found(error code: 3011)
02-Feb-2015 21:38:47 GMT  Successfully opened file root://xrootd.unl.edu//store/group/dpg_trigger/comm_trigger/L1TrackTrigger/620_SLHC10/Extended2023TTI/MinBias/MinBias_TuneZ2star_GEN_SIM_380.root
150202 21:44:12 8865 Xrd: XrdClientMessage::ReadRaw: Failed to read header (8 bytes).
150202 21:44:13 24392 Xrd: XrdClientMessage::ReadRaw: Failed to read header (8 bytes).
02-Feb-2015 21:46:57 GMT  Closed file root://xrootd.unl.edu//store/group/dpg_trigger/comm_trigger/L1TrackTrigger/620_SLHC10/Extended2023TTI/MinBias/MinBias_TuneZ2star_GEN_SIM_380.root
02-Feb-2015 21:46:57 GMT  Initiating request to open file root://xrootd.unl.edu//store/group/dpg_trigger/comm_trigger/L1TrackTrigger/620_SLHC10/Extended2023TTI/MinBias/MinBias_TuneZ2star_GEN_SIM_860.root
150202 21:46:57 7200 Xrd: CheckErrorStatus: Server [xrootd-redic.pi.infn.it:1094] declared: session not found(error code: 3011)
02-Feb-2015 21:46:57 GMT  Successfully opened file root://xrootd.unl.edu//store/group/dpg_trigger/comm_trigger/L1TrackTrigger/620_SLHC10/Extended2023TTI/MinBias/MinBias_TuneZ2star_GEN_SIM_860.root
150202 21:51:13 29599 Xrd: XrdClientMessage::ReadRaw: Failed to read header (8 bytes).
150202 21:52:12 24393 Xrd: XrdClientMessage::ReadRaw: Failed to read header (8 bytes).
150202 21:52:13 7201 Xrd: XrdClientMessage::ReadRaw: Failed to read header (8 bytes).
02-Feb-2015 21:54:42 GMT  Closed file root://xrootd.unl.edu//store/group/dpg_trigger/comm_trigger/L1TrackTrigger/620_SLHC10/Extended2023TTI/MinBias/MinBias_TuneZ2star_GEN_SIM_860.root
02-Feb-2015 21:54:42 GMT  Initiating request to open file root://xrootd.unl.edu//store/group/dpg_trigger/comm_trigger/L1TrackTrigger/620_SLHC10/Extended2023TTI/MinBias/MinBias_TuneZ2star_GEN_SIM_845.root
150202 21:55:13 27055 Xrd: CheckErrorStatus: Server [xrootd-redic.pi.infn.it:1094] declared: session not found(error code: 3011)
02-Feb-2015 21:55:13 GMT  Successfully opened file root://xrootd.unl.edu//store/group/dpg_trigger/comm_trigger/L1TrackTrigger/620_SLHC10/Extended2023TTI/MinBias/MinBias_TuneZ2star_GEN_SIM_845.root
150202 22:00:12 7202 Xrd: XrdClientMessage::ReadRaw: Failed to read header (8 bytes).
150202 22:00:42 28522 Xrd: XrdClientMessage::ReadRaw: Failed to read header (8 bytes).
02-Feb-2015 22:01:43 GMT  Closed file root://xrootd.unl.edu//store/group/dpg_trigger/comm_trigger/L1TrackTrigger/620_SLHC10/Extended2023TTI/MinBias/MinBias_TuneZ2star_GEN_SIM_845.root
02-Feb-2015 22:01:43 GMT  Initiating request to open file root://xrootd.unl.edu//store/group/dpg_trigger/comm_trigger/L1TrackTrigger/620_SLHC10/Extended2023TTI/MinBias/MinBias_TuneZ2star_GEN_SIM_23.root
150202 22:05:51 12599 Xrd: CheckErrorStatus: Server [cms-xrd-global.cern.ch:1094] declared: session not found(error code: 3011)
150202 22:05:51 12599 Xrd: CheckErrorStatus: Server [xrootd.ba.infn.it:1094] declared: session not found(error code: 3011)
02-Feb-2015 22:05:52 GMT  Successfully opened file root://xrootd.unl.edu//store/group/dpg_trigger/comm_trigger/L1TrackTrigger/620_SLHC10/Extended2023TTI/MinBias/MinBias_TuneZ2star_GEN_SIM_23.root
150202 22:07:12 28523 Xrd: XrdClientMessage::ReadRaw: Failed to read header (8 bytes).
02-Feb-2015 22:09:17 GMT  Closed file root://xrootd.unl.edu//store/group/dpg_trigger/comm_trigger/L1TrackTrigger/620_SLHC10/Extended2023TTI/MinBias/MinBias_TuneZ2star_GEN_SIM_23.root
02-Feb-2015 22:09:17 GMT  Initiating request to open file root://xrootd.unl.edu//store/group/dpg_trigger/comm_trigger/L1TrackTrigger/620_SLHC10/Extended2023TTI/MinBias/MinBias_TuneZ2star_GEN_SIM_110.root
150202 22:11:05 24140 Xrd: CheckErrorStatus: Server [cms-xrd-global.cern.ch:1094] declared: session not found(error code: 3011)
02-Feb-2015 22:11:06 GMT  Successfully opened file root://xrootd.unl.edu//store/group/dpg_trigger/comm_trigger/L1TrackTrigger/620_SLHC10/Extended2023TTI/MinBias/MinBias_TuneZ2star_GEN_SIM_110.root
150202 22:14:43 18447 Xrd: XrdClientMessage::ReadRaw: Failed to read header (8 bytes).
150202 22:15:43 24391 Xrd: XrdClientMessage::ReadRaw: Failed to read header (8 bytes).
150202 22:15:54 18446 Xrd: XrdClientMessage::ReadRaw: Failed to read header (8 bytes).
02-Feb-2015 22:16:01 GMT  Closed file root://xrootd.unl.edu//store/group/dpg_trigger/comm_trigger/L1TrackTrigger/620_SLHC10/Extended2023TTI/MinBias/MinBias_TuneZ2star_GEN_SIM_110.root
02-Feb-2015 22:16:01 GMT  Initiating request to open file root://xrootd.unl.edu//store/group/dpg_trigger/comm_trigger/L1TrackTrigger/620_SLHC10/Extended2023TTI/MinBias/MinBias_TuneZ2star_GEN_SIM_722.root
150202 22:16:13 26401 Xrd: XrdClientMessage::ReadRaw: Failed to read header (8 bytes).
150202 22:21:13 26402 Xrd: XrdClientMessage::ReadRaw: Failed to read header (8 bytes).
150202 22:24:22 32584 Xrd: CheckErrorStatus: Server [llrxrd-redir.in2p3.fr:1094] declared: session not found(error code: 3011)
02-Feb-2015 22:24:22 GMT  Successfully opened file root://xrootd.unl.edu//store/group/dpg_trigger/comm_trigger/L1TrackTrigger/620_SLHC10/Extended2023TTI/MinBias/MinBias_TuneZ2star_GEN_SIM_722.root
150202 22:26:12 18443 Xrd: XrdClientMessage::ReadRaw: Failed to read header (8 bytes).
02-Feb-2015 22:29:08 GMT  Closed file root://xrootd.unl.edu//store/group/dpg_trigger/comm_trigger/L1TrackTrigger/620_SLHC10/Extended2023TTI/MinBias/MinBias_TuneZ2star_GEN_SIM_722.root
02-Feb-2015 22:29:08 GMT  Initiating request to open file root://xrootd.unl.edu//store/group/dpg_trigger/comm_trigger/L1TrackTrigger/620_SLHC10/Extended2023TTI/MinBias/MinBias_TuneZ2star_GEN_SIM_187.root
150202 22:29:39 9730 Xrd: XrdClientMessage::ReadRaw: Failed to read header (8 bytes).
150202 22:29:39 13985 Xrd: CheckErrorStatus: Server [cms-xrd-global.cern.ch:1094] declared: session not found(error code: 3011)
150202 22:29:39 13985 Xrd: CheckErrorStatus: Server [xrootd.ba.infn.it:1094] declared: session not found(error code: 3011)
02-Feb-2015 22:29:39 GMT  Successfully opened file root://xrootd.unl.edu//store/group/dpg_trigger/comm_trigger/L1TrackTrigger/620_SLHC10/Extended2023TTI/MinBias/MinBias_TuneZ2star_GEN_SIM_187.root
02-Feb-2015 22:33:26 GMT  Closed file root://xrootd.unl.edu//store/group/dpg_trigger/comm_trigger/L1TrackTrigger/620_SLHC10/Extended2023TTI/MinBias/MinBias_TuneZ2star_GEN_SIM_187.root
02-Feb-2015 22:33:26 GMT  Initiating request to open file root://xrootd.unl.edu//store/group/dpg_trigger/comm_trigger/L1TrackTrigger/620_SLHC10/Extended2023TTI/MinBias/MinBias_TuneZ2star_GEN_SIM_820.root
02-Feb-2015 22:33:57 GMT  Successfully opened file root://xrootd.unl.edu//store/group/dpg_trigger/comm_trigger/L1TrackTrigger/620_SLHC10/Extended2023TTI/MinBias/MinBias_TuneZ2star_GEN_SIM_820.root
150202 22:34:12 9731 Xrd: XrdClientMessage::ReadRaw: Failed to read header (8 bytes).
02-Feb-2015 22:37:50 GMT  Closed file root://xrootd.unl.edu//store/group/dpg_trigger/comm_trigger/L1TrackTrigger/620_SLHC10/Extended2023TTI/MinBias/MinBias_TuneZ2star_GEN_SIM_820.root
02-Feb-2015 22:37:50 GMT  Initiating request to open file root://xrootd.unl.edu//store/group/dpg_trigger/comm_trigger/L1TrackTrigger/620_SLHC10/Extended2023TTI/MinBias/MinBias_TuneZ2star_GEN_SIM_671.root
150202 22:38:21 22429 Xrd: CheckErrorStatus: Server [eoscms.cern.ch:1094] declared: session not found(error code: 3011)
02-Feb-2015 22:38:21 GMT  Successfully opened file root://xrootd.unl.edu//store/group/dpg_trigger/comm_trigger/L1TrackTrigger/620_SLHC10/Extended2023TTI/MinBias/MinBias_TuneZ2star_GEN_SIM_671.root
150202 22:38:43 14572 Xrd: XrdClientMessage::ReadRaw: Failed to read header (8 bytes).
02-Feb-2015 22:42:36 GMT  Closed file root://xrootd.unl.edu//store/group/dpg_trigger/comm_trigger/L1TrackTrigger/620_SLHC10/Extended2023TTI/MinBias/MinBias_TuneZ2star_GEN_SIM_671.root
02-Feb-2015 22:42:36 GMT  Initiating request to open file root://xrootd.unl.edu//store/group/dpg_trigger/comm_trigger/L1TrackTrigger/620_SLHC10/Extended2023TTI/MinBias/MinBias_TuneZ2star_GEN_SIM_584.root
02-Feb-2015 22:43:07 GMT  Successfully opened file root://xrootd.unl.edu//store/group/dpg_trigger/comm_trigger/L1TrackTrigger/620_SLHC10/Extended2023TTI/MinBias/MinBias_TuneZ2star_GEN_SIM_584.root
150202 22:43:07 18849 Xrd: XrdClientMessage::ReadRaw: Failed to read header (8 bytes).
02-Feb-2015 22:46:41 GMT  Closed file root://xrootd.unl.edu//store/group/dpg_trigger/comm_trigger/L1TrackTrigger/620_SLHC10/Extended2023TTI/MinBias/MinBias_TuneZ2star_GEN_SIM_584.root
02-Feb-2015 22:46:41 GMT  Initiating request to open file root://xrootd.unl.edu//store/group/dpg_trigger/comm_trigger/L1TrackTrigger/620_SLHC10/Extended2023TTI/MinBias/MinBias_TuneZ2star_GEN_SIM_663.root
02-Feb-2015 22:47:12 GMT  Successfully opened file root://xrootd.unl.edu//store/group/dpg_trigger/comm_trigger/L1TrackTrigger/620_SLHC10/Extended2023TTI/MinBias/MinBias_TuneZ2star_GEN_SIM_663.root
DTTSPhi::addTracoT: preview not present in TRACO trigger or its code=0  trigger not added!
DTTSPhi::addTracoT: preview not present in TRACO trigger or its code=0  trigger not added!
150202 22:47:43 22942 Xrd: XrdClientMessage::ReadRaw: Failed to read header (8 bytes).
02-Feb-2015 22:49:51 GMT  Closed file root://xrootd.unl.edu//store/group/dpg_trigger/comm_trigger/L1TrackTrigger/620_SLHC10/Extended2023TTI/MinBias/MinBias_TuneZ2star_GEN_SIM_663.root
02-Feb-2015 22:49:51 GMT  Initiating request to open file root://xrootd.unl.edu//store/group/dpg_trigger/comm_trigger/L1TrackTrigger/620_SLHC10/Extended2023TTI/MinBias/MinBias_TuneZ2star_GEN_SIM_884.root
02-Feb-2015 22:50:22 GMT  Successfully opened file root://xrootd.unl.edu//store/group/dpg_trigger/comm_trigger/L1TrackTrigger/620_SLHC10/Extended2023TTI/MinBias/MinBias_TuneZ2star_GEN_SIM_884.root
02-Feb-2015 22:55:08 GMT  Closed file root://xrootd.unl.edu//store/group/dpg_trigger/comm_trigger/L1TrackTrigger/620_SLHC10/Extended2023TTI/MinBias/MinBias_TuneZ2star_GEN_SIM_884.root
02-Feb-2015 22:55:08 GMT  Initiating request to open file root://xrootd.unl.edu//store/group/dpg_trigger/comm_trigger/L1TrackTrigger/620_SLHC10/Extended2023TTI/MinBias/MinBias_TuneZ2star_GEN_SIM_625.root
150202 22:55:08 27843 Xrd: XrdClientMessage::ReadRaw: Failed to read header (8 bytes).
02-Feb-2015 22:55:39 GMT  Successfully opened file root://xrootd.unl.edu//store/group/dpg_trigger/comm_trigger/L1TrackTrigger/620_SLHC10/Extended2023TTI/MinBias/MinBias_TuneZ2star_GEN_SIM_625.root
02-Feb-2015 22:57:05 GMT  Closed file root://dcap.pp.rl.ac.uk:1094/pnfs/pp.rl.ac.uk/data/cms/store/user/dcieri/ttbar_SIM/ttbar/ttbar_SIM/150129_145223/0000/step1_407.root
02-Feb-2015 22:57:05 GMT  Closed file root://xrootd.unl.edu//store/group/dpg_trigger/comm_trigger/L1TrackTrigger/620_SLHC10/Extended2023TTI/MinBias/MinBias_TuneZ2star_GEN_SIM_625.root

=============================================

MessageLogger Summary

 type     category        sev    module        subroutine        count    total
 ---- -------------------- -- ---------------- ----------------  -----    -----
    1 fileAction           -s MixingModule:mix                      69       69
    2 fileAction           -s MixingModule:mix                       2        2
    3 fileAction           -s MixingModule:mix                       1        1
    4 fileAction           -s file_close                             1        1
    5 fileAction           -s file_open                              2        2

 type    category    Examples: run/evt        run/evt          run/evt
 ---- -------------------- ---------------- ---------------- ----------------
    1 fileAction           1/4061           1/4061           1/4070
    2 fileAction           pre-events       pre-events       
    3 fileAction           PostEndRun                        
    4 fileAction           PostEndRun                        
    5 fileAction           pre-events       pre-events       

Severity    # Occurrences   Total Occurrences
--------    -------------   -----------------
System                 75                  75
>>> END OF printout of 227 lines from stdout+stderr
>>> Parse FrameworkJobReport crab_fjr.xml
Result of parsing the FrameworkJobReport crab_fjr.xml: 
Extracted ExitStatus from FrameworkJobReport parsing output: 0
>>> Executable succeded  0
ExeExitCode=0
EXECUTABLE_EXIT_STATUS = 0
>>> current directory /scratch/condor/dir_10658/glide_qfQgh6/execute/dir_10949/CMSSW_6_2_0_SLHC12
>>>  (SOFTWARE_DIR): /scratch/condor/dir_10658/glide_qfQgh6/execute/dir_10949/CMSSW_6_2_0_SLHC12
>>> (WORKING_DIR): 
>>> current directory content:
total 236972
drwxr-xr-x 3 cms415 gplcms      4096 Feb  2 19:42 .SCRAM
-rw------- 1 cms415 gplcms    915837 Feb  2 19:42 CMSSW.py.pkl
drwxr-xr-x 3 cms415 gplcms      4096 Feb  2 19:42 bin
drwxr-xr-x 3 cms415 gplcms      4096 Feb  2 19:42 cfipython
drwxr-xr-x 4 cms415 gplcms      4096 Apr 28  2014 config
-rw------- 1 cms415 gplcms        16 Feb  2 22:57 cpu_timing.txt
drwxr-xr-x 2 cms415 gplcms      4096 Feb  2 19:42 doc
-rw------- 1 cms415 gplcms     25449 Feb  2 22:57 executable.out
drwxr-xr-x 2 cms415 gplcms      4096 Feb  2 19:42 include
drwx------ 3 cms415 gplcms      4096 Oct  7 10:12 lib
drwxr-xr-x 3 cms415 gplcms      4096 Feb  2 19:42 logs
drwxr-xr-x 3 cms415 gplcms      4096 Feb  2 19:42 objs
-rw------- 1 cms415 gplcms       104 Feb  2 19:42 pset.py
-rw------- 1 cms415 gplcms    926825 Feb  2 19:42 pset.py.pkl
-rw------- 1 cms415 gplcms       289 Feb  2 19:42 pset.pyc
drwxr-xr-x 2 cms415 gplcms      4096 Feb  2 19:42 python
-rw------- 1 cms415 gplcms       353 Feb  2 22:57 report.log
drwxr-xr-x 2 cms415 gplcms      4096 Feb  2 19:42 src
-rw------- 1 cms415 gplcms 240460380 Feb  2 22:57 step2.root
drwxr-xr-x 3 cms415 gplcms      4096 Feb  2 19:42 test
drwxr-xr-x 3 cms415 gplcms      4096 Feb  2 19:42 tmp
>>> current directory /scratch/condor/dir_10658/glide_qfQgh6/execute/dir_10949/CMSSW_6_2_0_SLHC12
>>> (SOFTWARE_DIR): /scratch/condor/dir_10658/glide_qfQgh6/execute/dir_10949/CMSSW_6_2_0_SLHC12
>>> (WORKING_DIR): 
>>> current directory content:
total 236972
drwxr-xr-x 3 cms415 gplcms      4096 Feb  2 19:42 .SCRAM
-rw------- 1 cms415 gplcms    915837 Feb  2 19:42 CMSSW.py.pkl
drwxr-xr-x 3 cms415 gplcms      4096 Feb  2 19:42 bin
drwxr-xr-x 3 cms415 gplcms      4096 Feb  2 19:42 cfipython
drwxr-xr-x 4 cms415 gplcms      4096 Apr 28  2014 config
-rw------- 1 cms415 gplcms        16 Feb  2 22:57 cpu_timing.txt
drwxr-xr-x 2 cms415 gplcms      4096 Feb  2 19:42 doc
-rw------- 1 cms415 gplcms     25449 Feb  2 22:57 executable.out
drwxr-xr-x 2 cms415 gplcms      4096 Feb  2 19:42 include
drwx------ 3 cms415 gplcms      4096 Oct  7 10:12 lib
drwxr-xr-x 3 cms415 gplcms      4096 Feb  2 19:42 logs
drwxr-xr-x 3 cms415 gplcms      4096 Feb  2 19:42 objs
-rw------- 1 cms415 gplcms       104 Feb  2 19:42 pset.py
-rw------- 1 cms415 gplcms    926825 Feb  2 19:42 pset.py.pkl
-rw------- 1 cms415 gplcms       289 Feb  2 19:42 pset.pyc
drwxr-xr-x 2 cms415 gplcms      4096 Feb  2 19:42 python
-rw------- 1 cms415 gplcms       353 Feb  2 22:57 report.log
drwxr-xr-x 2 cms415 gplcms      4096 Feb  2 19:42 src
-rw------- 1 cms415 gplcms 240460380 Feb  2 22:57 step2_85_1_ajn.root
drwxr-xr-x 3 cms415 gplcms      4096 Feb  2 19:42 test
drwxr-xr-x 3 cms415 gplcms      4096 Feb  2 19:42 tmp
>>> current directory (RUNTIME_AREA):  /scratch/condor/dir_10658/glide_qfQgh6/execute/dir_10949
PNN = T2_UK_SGrid_RALPP
SE = heplnx204.pp.rl.ac.uk
SE_PATH = /srm/managerv2?SFN=/pnfs/pp.rl.ac.uk/data/cms/store/user/dcieri/ttbar_PU140_DIGI/dcieri/ttbar/ttbar_PU140_DIGI/3c0380cf82de79bc39966c93934c61fc/
LFNBaseName = /store/user/dcieri/ttbar_PU140_DIGI/dcieri/ttbar/ttbar_PU140_DIGI/3c0380cf82de79bc39966c93934c61fc/
USER = dcieri
endpoint = srm://heplnx204.pp.rl.ac.uk:8443/srm/managerv2?SFN=/pnfs/pp.rl.ac.uk/data/cms/store/user/dcieri/ttbar_PU140_DIGI/dcieri/ttbar/ttbar_PU140_DIGI/3c0380cf82de79bc39966c93934c61fc/
>>> Copy output files from WN = heplnc371.pp.rl.ac.uk to /srm/managerv2?SFN=/pnfs/pp.rl.ac.uk/data/cms/store/user/dcieri/ttbar_PU140_DIGI/dcieri/ttbar/ttbar_PU140_DIGI/3c0380cf82de79bc39966c93934c61fc/ :
python cmscp.py  --destination srm://heplnx204.pp.rl.ac.uk:8443/srm/managerv2?SFN=/pnfs/pp.rl.ac.uk/data/cms/store/user/dcieri/ttbar_PU140_DIGI/dcieri/ttbar/ttbar_PU140_DIGI/3c0380cf82de79bc39966c93934c61fc/ --inputFileList /scratch/condor/dir_10658/glide_qfQgh6/execute/dir_10949/CMSSW_6_2_0_SLHC12/step2_85_1_ajn.root --middleware LCG --PNN T2_UK_SGrid_RALPP --se_name heplnx204.pp.rl.ac.uk --for_lfn /store/user/dcieri/ttbar_PU140_DIGI/dcieri/ttbar/ttbar_PU140_DIGI/3c0380cf82de79bc39966c93934c61fc/    
******************************************************
localSeName  =  heplnx204.pp.rl.ac.uk
remoteSeName =  heplnx204.pp.rl.ac.uk
******************************************************
{"/scratch/condor/dir_10658/glide_qfQgh6/execute/dir_10949/CMSSW_6_2_0_SLHC12/step2_85_1_ajn.root": {"endpoint": "srm://heplnx204.pp.rl.ac.uk:8443/srm/managerv2?SFN=/pnfs/pp.rl.ac.uk/data/cms/store/user/dcieri/ttbar_PU140_DIGI/dcieri/ttbar/ttbar_PU140_DIGI/3c0380cf82de79bc39966c93934c61fc/", "surl_for_grid": "", "reason": "Copy succedeed with srm-lcg utils", "erCode": "0", "PNN": "T2_UK_SGrid_RALPP", "se_name": "heplnx204.pp.rl.ac.uk", "for_lfn": "/store/user/dcieri/ttbar_PU140_DIGI/dcieri/ttbar/ttbar_PU140_DIGI/3c0380cf82de79bc39966c93934c61fc/"}}/scratch/condor/dir_10658/glide_qfQgh6/execute/dir_10949
-------- cat /scratch/condor/dir_10658/glide_qfQgh6/execute/dir_10949/cmscpReport.sh 
#!/bin/bash
echo "Report for File: /scratch/condor/dir_10658/glide_qfQgh6/execute/dir_10949/CMSSW_6_2_0_SLHC12/step2_85_1_ajn.root"
echo "LFN: /store/user/dcieri/ttbar_PU140_DIGI/dcieri/ttbar/ttbar_PU140_DIGI/3c0380cf82de79bc39966c93934c61fc/step2_85_1_ajn.root"
echo "StorageElement: heplnx204.pp.rl.ac.uk"
echo "StageOutExitStatusReason = 'Copy succedeed with srm-lcg utils'" | tee -a $RUNTIME_AREA/$repo
echo "StageOutSE = heplnx204.pp.rl.ac.uk" >> $RUNTIME_AREA/$repo

export StageOutExitStatus=0
echo "StageOutExitStatus = 0" | tee -a $RUNTIME_AREA/$repo
-------- end of /scratch/condor/dir_10658/glide_qfQgh6/execute/dir_10949/cmscpReport.sh 
Report for File: /scratch/condor/dir_10658/glide_qfQgh6/execute/dir_10949/CMSSW_6_2_0_SLHC12/step2_85_1_ajn.root
LFN: /store/user/dcieri/ttbar_PU140_DIGI/dcieri/ttbar/ttbar_PU140_DIGI/3c0380cf82de79bc39966c93934c61fc/step2_85_1_ajn.root
StorageElement: heplnx204.pp.rl.ac.uk
StageOutExitStatusReason = 'Copy succedeed with srm-lcg utils'
StageOutExitStatus = 0
>>> current dir: /scratch/condor/dir_10658/glide_qfQgh6/execute/dir_10949
>>> current dir content:
total 8824
-rw-------  1 cms415 gplcms    2726 Feb  2 22:57 .SEinteraction.log
-rwx------  1 cms415 gplcms      52 Feb  2 19:40 .chirp_config
-rwx------  1 cms415 gplcms    7811 Feb  2 19:40 .job.ad
-rwx------  1 cms415 gplcms    9778 Feb  2 19:40 .machine.ad
-rw-------  1 cms415 gplcms     105 Feb  2 12:16 CMSSW.py
-rw-------  1 cms415 gplcms  915837 Feb  2 12:16 CMSSW.py.pkl
-rwx------  1 cms415 gplcms   29498 Feb  2 19:42 CMSSW.sh
drwxr-xr-x 15 cms415 gplcms    4096 Feb  2 22:57 CMSSW_6_2_0_SLHC12
-rw-------  1 cms415 gplcms     190 Feb  2 19:42 CacheEnv.sh
-rw-------  1 cms415 gplcms    7291 Nov 19 14:52 DashboardAPI.py
-rw-------  1 cms415 gplcms    6470 Feb  2 19:42 DashboardAPI.pyc
drwx------  2 cms415 gplcms    4096 Feb  2 22:57 IMProv
-rw-------  1 cms415 gplcms    2748 Nov 19 14:52 Logger.py
-rw-------  1 cms415 gplcms    3232 Feb  2 19:42 Logger.pyc
-rw-------  1 cms415 gplcms   24524 Nov 19 14:52 ProcInfo.py
-rw-------  1 cms415 gplcms   22645 Feb  2 19:42 ProcInfo.pyc
drwx------  7 cms415 gplcms    4096 Feb  2 19:42 ProdCommon
drwx------  3 cms415 gplcms    4096 Feb  2 19:42 WMCore
-rw-------  1 cms415 gplcms    9633 Feb  2 22:57 Watchdog_85.log
-rwx------  1 cms415 gplcms       0 Feb  2 19:42 _condor_stderr
-rwx---r--  1 cms415 gplcms   40202 Feb  2 22:57 _condor_stdout
-rw-------  1 cms415 gplcms   32895 Nov 19 14:52 apmon.py
-rw-------  1 cms415 gplcms   27958 Feb  2 19:42 apmon.pyc
-rwx------  1 cms415 gplcms  134309 Feb  2 19:42 arguments.xml
-rwx------  1 cms415 gplcms   38581 Nov 19 14:52 cmscp.py
-rw-------  1 cms415 gplcms     560 Feb  2 22:57 cmscpReport.sh
-rwx------  1 cms415 gplcms   29498 Feb  2 19:42 condor_exec.exe
-rw-------  1 cms415 gplcms     544 Feb  2 12:16 crab.cfg
-rwx------  1 cms415 gplcms    8610 Nov 19 14:52 crabWatchdog.sh
-rwx---r--  1 cms415 gplcms  112088 Feb  2 22:57 crab_fjr_85.xml
-rwx------  1 cms415 gplcms 7390485 Feb  2 19:42 default.tgz
-rwx------  1 cms415 gplcms    4488 Nov 19 14:52 fillCrabFjr.py
-rw-------  1 cms415 gplcms     226 Feb  2 19:42 inputsReport.txt
-rw-------  1 cms415 gplcms     243 Feb  2 22:57 jobreport.txt
-rw-------  1 cms415 gplcms   17352 Nov 19 14:52 parseCrabFjr.py
-rw-------  1 cms415 gplcms     321 Feb  2 19:42 report.log
-rwx--x--x  1 cms415 gplcms    1497 Nov 19 14:52 report.py
-rw-------  1 cms415 gplcms     554 Feb  2 22:57 resultCopyFile
lrwxrwxrwx  1 cms415 gplcms      95 Feb  2 22:57 step2.root -> /scratch/condor/dir_10658/glide_qfQgh6/execute/dir_10949/CMSSW_6_2_0_SLHC12/step2_85_1_ajn.root
-rwx------  1 cms415 gplcms    8351 Nov 19 14:52 writeCfg.py
-rw-------  1 cms415 gplcms   10297 Feb  2 19:40 x509up_u62281
>>> Modify Job Report:
CMSSW_VERSION = CMSSW_6_2_0_SLHC12
ProcessedDataset = ttbar_PU140_DIGI
/scratch/condor/dir_10658/glide_qfQgh6/execute/dir_10949/ProdCommon/FwkJobRep/ModifyJobReport.py fjr /scratch/condor/dir_10658/glide_qfQgh6/execute/dir_10949/crab_fjr_85.xml json /scratch/condor/dir_10658/glide_qfQgh6/execute/dir_10949/resultCopyFile n_job 85_1_ajn PrimaryDataset ttbar  ApplicationFamily cmsRun ApplicationName cmsRun cmssw_version CMSSW_6_2_0_SLHC12 psethash 3c0380cf82de79bc39966c93934c61fc UserProcessedDataset dcieri-ttbar_PU140_DIGI-3c0380cf82de79bc39966c93934c61fc
inputDict =  {u'/scratch/condor/dir_10658/glide_qfQgh6/execute/dir_10949/CMSSW_6_2_0_SLHC12/step2_85_1_ajn.root': {u'endpoint': u'srm://heplnx204.pp.rl.ac.uk:8443/srm/managerv2?SFN=/pnfs/pp.rl.ac.uk/data/cms/store/user/dcieri/ttbar_PU140_DIGI/dcieri/ttbar/ttbar_PU140_DIGI/3c0380cf82de79bc39966c93934c61fc/', u'surl_for_grid': u'', u'reason': u'Copy succedeed with srm-lcg utils', u'erCode': u'0', u'PNN': u'T2_UK_SGrid_RALPP', u'se_name': u'heplnx204.pp.rl.ac.uk', u'for_lfn': u'/store/user/dcieri/ttbar_PU140_DIGI/dcieri/ttbar/ttbar_PU140_DIGI/3c0380cf82de79bc39966c93934c61fc/'}}
UserProcessedDataset =  dcieri-ttbar_PU140_DIGI-3c0380cf82de79bc39966c93934c61fc
WORKING ON EDM FILE
file_name in inputDict =  /scratch/condor/dir_10658/glide_qfQgh6/execute/dir_10949/CMSSW_6_2_0_SLHC12/step2_85_1_ajn.root
(size) os.stat(filename)[6] =  240460380
checksum =  1960114520
    file =  step2_85_1_ajn.root
    newPfn =  srm://heplnx204.pp.rl.ac.uk:8443/srm/managerv2?SFN=/pnfs/pp.rl.ac.uk/data/cms/store/user/dcieri/ttbar_PU140_DIGI/dcieri/ttbar/ttbar_PU140_DIGI/3c0380cf82de79bc39966c93934c61fc/step2_85_1_ajn.root
    newLfn =  /store/user/dcieri/ttbar_PU140_DIGI/dcieri/ttbar/ttbar_PU140_DIGI/3c0380cf82de79bc39966c93934c61fc/step2_85_1_ajn.root
>>> crab_fjr_*.xml  permission set to 0704
CrabWrapper EXIT_FUNC entered at Mon Feb  2 22:57:59 GMT 2015   -  Mon Feb  2 22:57:59 UTC 2015
Checking output files:  
will tar file crab_fjr_85.xml in  out_files_85
WARNING: output file CMSSW_85.stdout not found!
WARNING: output file CMSSW_85.stderr not found!
WARNING: output file Watchdog_85.log.gz not found!
>>> padding time: Wrapper lasting more than 600 seconds. No sleep required.
STOPPING WATCHDOG. CrabWatchdog PID is 13967
********** LAST 50 LINES OF WATCHDOG LOG
 Feb 02 19:58:34 GMT	14558	827468	1230440	51	63	964	cmsRun -j /scratch/condor/dir_10658/glide_qfQgh6/execute/dir_10949/crab_fjr_85.xml -p pset.py      
 Feb 02 19:59:34 GMT	14558	827468	1237096	51	65	1024	cmsRun -j /scratch/condor/dir_10658/glide_qfQgh6/execute/dir_10949/crab_fjr_85.xml -p pset.py      
 Feb 02 20:01:35 GMT	14558	827468	1250664	51	71	1145	cmsRun -j /scratch/condor/dir_10658/glide_qfQgh6/execute/dir_10949/crab_fjr_85.xml -p pset.py      
 Feb 02 20:02:35 GMT	14558	827468	1299816	51	76	1205	cmsRun -j /scratch/condor/dir_10658/glide_qfQgh6/execute/dir_10949/crab_fjr_85.xml -p pset.py      
 Feb 02 20:03:35 GMT	14558	885596	1383016	51	83	1265	cmsRun -j /scratch/condor/dir_10658/glide_qfQgh6/execute/dir_10949/crab_fjr_85.xml -p pset.py      
 Feb 02 20:07:36 GMT	14558	895780	1389932	51	89	1506	cmsRun -j /scratch/condor/dir_10658/glide_qfQgh6/execute/dir_10949/crab_fjr_85.xml -p pset.py      
 Feb 02 20:08:36 GMT	14558	1057992	1667328	51	112	1566	cmsRun -j /scratch/condor/dir_10658/glide_qfQgh6/execute/dir_10949/crab_fjr_85.xml -p pset.py      
 Feb 02 20:08:36 GMT	---	1057992	1667328	73	----	----	----
 Feb 02 20:09:37 GMT	14558	1057992	1669888	73	114	1627	cmsRun -j /scratch/condor/dir_10658/glide_qfQgh6/execute/dir_10949/crab_fjr_85.xml -p pset.py      
 Feb 02 20:16:39 GMT	14558	1057992	1670664	73	129	2050	cmsRun -j /scratch/condor/dir_10658/glide_qfQgh6/execute/dir_10949/crab_fjr_85.xml -p pset.py      
 Feb 02 20:18:40 GMT	14558	1057992	1675528	73	134	2170	cmsRun -j /scratch/condor/dir_10658/glide_qfQgh6/execute/dir_10949/crab_fjr_85.xml -p pset.py      
 Feb 02 20:20:40 GMT	14558	1058608	1678856	73	139	2290	cmsRun -j /scratch/condor/dir_10658/glide_qfQgh6/execute/dir_10949/crab_fjr_85.xml -p pset.py      
# TIME			PID	RSS(KB)	VSZ(KB)	Dsk(MB)	tCPU(s)	tWALL(s)	COMMAND
# TIME			PID	RSS(KB)	VSZ(KB)	Dsk(MB)	tCPU(s)	tWALL(s)	COMMAND
 Feb 02 20:22:41 GMT	14558	1062536	1682952	73	145	2411	cmsRun -j /scratch/condor/dir_10658/glide_qfQgh6/execute/dir_10949/crab_fjr_85.xml -p pset.py      
 Feb 02 20:23:41 GMT	14558	1079788	1682952	73	149	2471	cmsRun -j /scratch/condor/dir_10658/glide_qfQgh6/execute/dir_10949/crab_fjr_85.xml -p pset.py      
 Feb 02 20:24:41 GMT	14558	1161648	1691656	73	154	2531	cmsRun -j /scratch/condor/dir_10658/glide_qfQgh6/execute/dir_10949/crab_fjr_85.xml -p pset.py      
 Feb 02 20:25:41 GMT	14558	1235128	1707784	73	158	2592	cmsRun -j /scratch/condor/dir_10658/glide_qfQgh6/execute/dir_10949/crab_fjr_85.xml -p pset.py      
 Feb 02 20:26:42 GMT	14558	1237652	1710856	73	160	2652	cmsRun -j /scratch/condor/dir_10658/glide_qfQgh6/execute/dir_10949/crab_fjr_85.xml -p pset.py      
 Feb 02 20:27:42 GMT	14558	1238612	1711880	73	162	2712	cmsRun -j /scratch/condor/dir_10658/glide_qfQgh6/execute/dir_10949/crab_fjr_85.xml -p pset.py      
 Feb 02 20:28:42 GMT	14558	1243056	1714696	73	164	2772	cmsRun -j /scratch/condor/dir_10658/glide_qfQgh6/execute/dir_10949/crab_fjr_85.xml -p pset.py      
 Feb 02 20:29:42 GMT	14558	1397788	1863432	73	175	2832	cmsRun -j /scratch/condor/dir_10658/glide_qfQgh6/execute/dir_10949/crab_fjr_85.xml -p pset.py      
 Feb 02 20:29:42 GMT	---	1397788	1863432	74	----	----	----
 Feb 02 20:30:42 GMT	---	1397788	1863432	96	----	----	----
 Feb 02 21:00:52 GMT	---	1397788	1863432	117	----	----	----
 Feb 02 21:30:00 GMT	---	1397788	1863432	137	----	----	----
 Feb 02 21:49:05 GMT	---	1397788	1863432	157	----	----	----
 Feb 02 22:08:09 GMT	---	1397788	1863432	180	----	----	----
 Feb 02 22:13:10 GMT	14558	1397788	1866504	180	462	9040	cmsRun -j /scratch/condor/dir_10658/glide_qfQgh6/execute/dir_10949/crab_fjr_85.xml -p pset.py      
 Feb 02 22:14:10 GMT	14558	1397788	1870344	180	466	9101	cmsRun -j /scratch/condor/dir_10658/glide_qfQgh6/execute/dir_10949/crab_fjr_85.xml -p pset.py      
 Feb 02 22:15:11 GMT	14558	1397788	1872392	180	471	9161	cmsRun -j /scratch/condor/dir_10658/glide_qfQgh6/execute/dir_10949/crab_fjr_85.xml -p pset.py      
 Feb 02 22:25:13 GMT	14558	1397788	1889032	180	485	9763	cmsRun -j /scratch/condor/dir_10658/glide_qfQgh6/execute/dir_10949/crab_fjr_85.xml -p pset.py      
 Feb 02 22:26:13 GMT	14558	1397788	1900808	180	491	9823	cmsRun -j /scratch/condor/dir_10658/glide_qfQgh6/execute/dir_10949/crab_fjr_85.xml -p pset.py      
 Feb 02 22:27:13 GMT	14558	1397788	1902344	180	495	9884	cmsRun -j /scratch/condor/dir_10658/glide_qfQgh6/execute/dir_10949/crab_fjr_85.xml -p pset.py      
 Feb 02 22:28:14 GMT	---	1397788	1902344	201	----	----	----
 Feb 02 22:36:16 GMT	14558	1397788	1916936	201	554	10426	cmsRun -j /scratch/condor/dir_10658/glide_qfQgh6/execute/dir_10949/crab_fjr_85.xml -p pset.py      
 Feb 02 22:37:16 GMT	14558	1397788	1921032	201	559	10486	cmsRun -j /scratch/condor/dir_10658/glide_qfQgh6/execute/dir_10949/crab_fjr_85.xml -p pset.py      
 Feb 02 22:38:16 GMT	---	1397788	1921032	221	----	----	----
 Feb 02 22:45:18 GMT	14558	1397788	1923080	221	606	10968	cmsRun -j /scratch/condor/dir_10658/glide_qfQgh6/execute/dir_10949/crab_fjr_85.xml -p pset.py      
 Feb 02 22:46:18 GMT	14558	1397788	1942792	221	619	11028	cmsRun -j /scratch/condor/dir_10658/glide_qfQgh6/execute/dir_10949/crab_fjr_85.xml -p pset.py      
 Feb 02 22:48:18 GMT	14558	1397788	1958664	221	643	11148	cmsRun -j /scratch/condor/dir_10658/glide_qfQgh6/execute/dir_10949/crab_fjr_85.xml -p pset.py      
 Feb 02 22:48:18 GMT	---	1397788	1958664	245	----	----	----
 Feb 02 22:49:18 GMT	14558	1397788	1963272	245	649	11208	cmsRun -j /scratch/condor/dir_10658/glide_qfQgh6/execute/dir_10949/crab_fjr_85.xml -p pset.py      
 Feb 02 22:51:19 GMT	14558	1397788	1968136	245	658	11329	cmsRun -j /scratch/condor/dir_10658/glide_qfQgh6/execute/dir_10949/crab_fjr_85.xml -p pset.py      
# TIME			PID	RSS(KB)	VSZ(KB)	Dsk(MB)	tCPU(s)	tWALL(s)	COMMAND
 Feb 02 22:52:19 GMT	14558	1397788	1973256	245	663	11389	cmsRun -j /scratch/condor/dir_10658/glide_qfQgh6/execute/dir_10949/crab_fjr_85.xml -p pset.py      
 Feb 02 22:53:19 GMT	14558	1397788	1981960	245	667	11449	cmsRun -j /scratch/condor/dir_10658/glide_qfQgh6/execute/dir_10949/crab_fjr_85.xml -p pset.py      
 Feb 02 22:54:19 GMT	14558	1397788	1983496	245	673	11509	cmsRun -j /scratch/condor/dir_10658/glide_qfQgh6/execute/dir_10949/crab_fjr_85.xml -p pset.py      
 Feb 02 22:56:20 GMT	14558	1397788	2004232	245	690	11630	cmsRun -j /scratch/condor/dir_10658/glide_qfQgh6/execute/dir_10949/crab_fjr_85.xml -p pset.py      
 Feb 02 22:57:20 GMT	---	1397788	2004232	267	----	----	----
********** WATCHDOG LOG ENDED
ZIPPING WATCHDOG LOG
Disk space used:
du -sh /scratch/condor/dir_10658/glide_qfQgh6/execute/dir_10949
267M	/scratch/condor/dir_10658/glide_qfQgh6/execute/dir_10949
Found unusual stdout, rename for OSB
`/scratch/condor/dir_10658/glide_qfQgh6/execute/dir_10949/_condor_stdout' -> `CMSSW_85.stdout'
Found unusual stderr, rename for OSB
`/scratch/condor/dir_10658/glide_qfQgh6/execute/dir_10949/_condor_stdout' -> `CMSSW_85.stderr'
crab_fjr_85.xml
CMSSW_85.stdout
CMSSW_85.stderr
Watchdog_85.log.gz
Total Output dimension: 24378
WARNING: output files size limit is set to: 50000000
Total Output dimension 24378 is fine.
JOB_EXIT_STATUS = 0
>>> info for dashboard:
***** Cat /scratch/condor/dir_10658/glide_qfQgh6/execute/dir_10949/jobreport.txt *****
MonitorJobID=85_https://submit-6.t2.ucsd.edu//150202//509447.84
MonitorID=dcieri_PU140_4dm08r
ExeTime=11672
ExeExitCode=0
StageOutExitStatusReason = 'Copy succedeed with srm-lcg utils'
StageOutSE = heplnx204.pp.rl.ac.uk
StageOutExitStatus = 0
CrabUserCpuTime=680.47
CrabSysCpuTime=28.27
CrabCpuPercentage=6%
CrabWrapperTime=11732
CrabStageoutTime=48
JobExitCode=0
***** End Cat jobreport *****
Parameters sent to Dashboard.
EXITING at Mon Feb  2 22:58:01 GMT 2015  -  Mon Feb  2 22:58:01 UTC 2015
