This script was generated by crab (version 2.11.1_patch1).
Running /scratch/condor/dir_13623/glide_bKyAwB/execute/dir_23341/condor_exec.exe with 2 positional parameters: 453 1
Today is Mon Feb  2 21:28:51 GMT 2015 - Mon Feb  2 21:28:51 UTC 2015
Job submitted on host heplnc301.pp.rl.ac.uk
Linux heplnc301.pp.rl.ac.uk 2.6.32-504.3.3.el6.x86_64 #1 SMP Tue Dec 16 14:29:22 CST 2014 x86_64 x86_64 x86_64 GNU/Linux
Distributor ID:	Scientific
Description:	Scientific Linux release 6.6 (Carbon)
>>> current directory (RUNTIME_AREA): /scratch/condor/dir_13623/glide_bKyAwB/execute/dir_23341
>>> current user: uid=157415(cms415) gid=157000(gplcms) groups=157000(gplcms)
>>> directory permission set to 0700
>>> umask set to:  u=rwx,g=,o=
>>> stdout stderr permission set to 0704
>>> voms proxy information:
subject   : /DC=ch/DC=cern/OU=Organic Units/OU=Users/CN=dcieri/CN=755391/CN=Davide Cieri/CN=769881070/CN=98555667
issuer    : /DC=ch/DC=cern/OU=Organic Units/OU=Users/CN=dcieri/CN=755391/CN=Davide Cieri/CN=769881070
identity  : /DC=ch/DC=cern/OU=Organic Units/OU=Users/CN=dcieri/CN=755391/CN=Davide Cieri
type      : RFC3820 compliant limited proxy
strength  : 1024
path      : /scratch/condor/dir_13623/glide_bKyAwB/execute/dir_23341/x509up_u62281
timeleft  : 23:59:09
key usage : Digital Signature, Key Encipherment
=== VO cms extension information ===
VO        : cms
subject   : /DC=ch/DC=cern/OU=Organic Units/OU=Users/CN=dcieri/CN=755391/CN=Davide Cieri
issuer    : /DC=ch/DC=cern/OU=computers/CN=lcg-voms2.cern.ch
attribute : /cms/Role=NULL/Capability=NULL
timeleft  : 182:47:33
uri       : lcg-voms2.cern.ch:15002

WNHostName=heplnc301.pp.rl.ac.uk
$_CONDOR_JOB_AD =/scratch/condor/dir_13623/glide_bKyAwB/execute/dir_23341/.job.ad
OverflowFlag=0
>>> tar --no-same-permissions -xf /scratch/condor/dir_13623/glide_bKyAwB/execute/dir_23341/default.tgz :
Successful untar
>>> Include /scratch/condor/dir_13623/glide_bKyAwB/execute/dir_23341 in PYTHONPATH:
strip arguments
env var CRAB_UNIQUE_JOB_ID set to: dcieri_PU140_4dm08r_453_1_Xlm
out_files_453
>>> list of expected files on output sandbox
output files: crab_fjr_453.xml CMSSW_453.stdout CMSSW_453.stderr Watchdog_453.log.gz
>>> GridFlavour discovery: 
GridFlavour=LCG
>>> SyncSite discovery: 
SyncSite=T2_UK_SGrid_RALPP
>>> SyncCE discovery: 
getting SyncCE from GLIDEIN_Gaekeeper
SyncCE=heplnv146.pp.rl.ac.uk
>>> info for dashboard:
***** Cat /scratch/condor/dir_13623/glide_bKyAwB/execute/dir_23341/jobreport.txt *****
WNHostName=heplnc301.pp.rl.ac.uk
OverflowFlag=0
MonitorJobID=453_https://submit-6.t2.ucsd.edu//150202//509448.52
SyncGridJobId=https://submit-6.t2.ucsd.edu//150202//509448.52
MonitorID=dcieri_PU140_4dm08r
GridFlavour=LCG
SyncSite=T2_UK_SGrid_RALPP
SyncCE=heplnv146.pp.rl.ac.uk
***** End Cat jobreport *****
Parameters sent to Dashboard.
>>> setup environment
set SCRAM ARCH to slc6_amd64_gcc472
SCRAM_ARCH = slc6_amd64_gcc472
>>> setup CMS LCG environment:
set SCRAM ARCH and BUILD_ARCH to slc6_amd64_gcc472 ###
Sourcing environment... 
sourcing /cvmfs/cms.cern.ch/cmsset_default.sh
==> setup cms environment ok
>>> specific cmssw setup environment:
CMSSW_VERSION =  CMSSW_6_2_0_SLHC12
WARNING: In non-interactive mode release checks e.g. deprecated releases, production architectures are disabled.
>>> current directory (SOFTWARE_DIR): /scratch/condor/dir_13623/glide_bKyAwB/execute/dir_23341/CMSSW_6_2_0_SLHC12
PreserveSeeds: <>
IncrementSeeds:<>
>>> info for dashboard:
***** Cat /scratch/condor/dir_13623/glide_bKyAwB/execute/dir_23341/jobreport.txt *****
MonitorJobID=453_https://submit-6.t2.ucsd.edu//150202//509448.52
MonitorID=dcieri_PU140_4dm08r
***** End Cat jobreport *****
Parameters sent to Dashboard.
crabWatchdog started as process 24590
>>> moving CMSSW software directories in /scratch/condor/dir_13623/glide_bKyAwB/execute/dir_23341/CMSSW_6_2_0_SLHC12
mv: cannot stat `/scratch/condor/dir_13623/glide_bKyAwB/execute/dir_23341/module/': No such file or directory
>>> Include /scratch/condor/dir_13623/glide_bKyAwB/execute/dir_23341 in PYTHONPATH:
PYTHONPATH=/scratch/condor/dir_13623/glide_bKyAwB/execute/dir_23341/:/scratch/condor/dir_13623/glide_bKyAwB/execute/dir_23341/CMSSW_6_2_0_SLHC12/python:/scratch/condor/dir_13623/glide_bKyAwB/execute/dir_23341/CMSSW_6_2_0_SLHC12/lib/slc6_amd64_gcc472:/cvmfs/cms.cern.ch/slc6_amd64_gcc472/cms/cmssw/CMSSW_6_2_0_SLHC12/python:/cvmfs/cms.cern.ch/slc6_amd64_gcc472/cms/cmssw/CMSSW_6_2_0_SLHC12/lib/slc6_amd64_gcc472:/cvmfs/cms.cern.ch/slc6_amd64_gcc472/cms/coral/CORAL_2_3_21-cms35/slc6_amd64_gcc472/python:/cvmfs/cms.cern.ch/slc6_amd64_gcc472/cms/coral/CORAL_2_3_21-cms35/slc6_amd64_gcc472/lib:/cvmfs/cms.cern.ch/slc6_amd64_gcc472/external/python-ldap/2.3.5-cms5/lib/python2.7/site-packages:/cvmfs/cms.cern.ch/slc6_amd64_gcc472/external/pyqt/4.8.1-cms5/lib/python2.7/site-packages:/cvmfs/cms.cern.ch/slc6_amd64_gcc472/external/py2-scipy/0.8.0-cms7/lib/python2.7/site-packages:/cvmfs/cms.cern.ch/slc6_amd64_gcc472/external/py2-matplotlib/1.0.1-cms7/lib/python2.7/site-packages:/cvmfs/cms.cern.ch/slc6_amd64_gcc472/external/sip/4.11.2-cms5/lib/python2.7/site-packages:/cvmfs/cms.cern.ch/slc6_amd64_gcc472/external/py2-pycurl/7.19.0-cms7/lib/python2.7/site-packages:/cvmfs/cms.cern.ch/slc6_amd64_gcc472/external/py2-numpy/1.6.1-cms7/lib/python2.7/site-packages:/cvmfs/cms.cern.ch/slc6_amd64_gcc472/external/py2-lint/0.25.1-cms5/lib/python2.7/site-packages:/cvmfs/cms.cern.ch/slc6_amd64_gcc472/external/py2-ipython/0.10-cms5/lib/python2.7/site-packages:/cvmfs/cms.cern.ch/slc6_amd64_gcc472/external/py2-cx-oracle/5.1-cms5/lib/python2.7/site-packages:/cvmfs/cms.cern.ch/slc6_amd64_gcc472/external/py2-cjson/1.0.5-cms5/lib/python2.7/site-packages:/cvmfs/cms.cern.ch/slc6_amd64_gcc472/cms/das-client/1.11.7/bin:/cvmfs/cms.cern.ch/slc6_amd64_gcc472/external/elementtree/1.2.6-cms5/share/lib/python2.7/site-packages:/cvmfs/cms.cern.ch/slc6_amd64_gcc472/external/rivet/1.8.2-cms9/lib/python2.7/site-packages:/cvmfs/cms.cern.ch/slc6_amd64_gcc472/external/pyminuit2/0.0.1-cms19/lib/python2.7/site-packages:/cvmfs/cms.cern.ch/slc6_amd64_gcc472/external/py2-pygithub/1.23.0-cms2/lib/python2.7/site-packages:/cvmfs/cms.cern.ch/slc6_amd64_gcc472/external/professor/1.0.0-cms19/lib/python2.7/site-packages:/cvmfs/cms.cern.ch/slc6_amd64_gcc472/lcg/root/5.34.07-cms/lib:/cvmfs/cms.cern.ch/slc6_amd64_gcc472/cms/dbs-client/DBS_2_1_9-cms5/lib:/cvmfs/cms.cern.ch/slc6_amd64_gcc472/cms/dbs-client/DBS_2_1_9-cms5/lib/DBSAPI:/cvmfs/cms.cern.ch/slc6_amd64_gcc472/external/cvs2git/5419-cms/lib:/scratch/condor/dir_13623/glide_bKyAwB/execute/dir_23341/
 
# LIMITS USED BY CRAB WATCHDOG:
# RSS  (KBytes)   : 2300000
# VSZ  (KBytes)   : 100000000
# DISK (MBytes)   : 19000
# CPU TIME        : 720h:0m:0s
# WALL CLOCK TIME : 21h:50m:0s
 
3c0380cf82de79bc39966c93934c61fc
PSETHASH = 3c0380cf82de79bc39966c93934c61fc
/scratch/condor/dir_13623/glide_bKyAwB/execute/dir_23341/writeCfg.py pset.py pset.py
Importing .py file
Setting parameters
RandomNumberGeneratorService found, will attempt to change seeds
inputBlocks=/ttbar/dcieri-ttbar_SIM-130075366148575c102f0d64fd3ac8f7/USER#42cb1519-7f11-43e2-ab9a-a013bd5404ac
inputFiles=/store/user/dcieri/ttbar_SIM/ttbar/ttbar_SIM/150129_145223/0000/step1_119.root
parentFiles=
lumisRange=
>>> Executable cmsRun
/cvmfs/cms.cern.ch/slc6_amd64_gcc472/cms/cmssw/CMSSW_6_2_0_SLHC12/bin/slc6_amd64_gcc472/cmsRun
ok executable found
>>> info for dashboard:
***** Cat /scratch/condor/dir_13623/glide_bKyAwB/execute/dir_23341/jobreport.txt *****
MonitorJobID=453_https://submit-6.t2.ucsd.edu//150202//509448.52
MonitorID=dcieri_PU140_4dm08r
ExeStart=cmsRun
***** End Cat jobreport *****
Parameters sent to Dashboard.
>>> cmsRun started at Mon Feb  2 21:29:01 UTC 2015
>>> cmsRun ended at Mon Feb  2 23:19:54 UTC 2015
>>> crab_fjr_*.xml  permission set to 0704
>>> info for dashboard:
***** Cat /scratch/condor/dir_13623/glide_bKyAwB/execute/dir_23341/jobreport.txt *****
MonitorJobID=453_https://submit-6.t2.ucsd.edu//150202//509448.52
MonitorID=dcieri_PU140_4dm08r
ExeEnd=cmsRun
***** End Cat jobreport *****
Parameters sent to Dashboard.
TIME_EXE = 6653 sec
>>> cmsRun wrote 209 lines of stdout+stderr
>>> START OF printout of 209 lines from stdout+stderr
271 DQMStore::DQMStore 
HcalTopologyIdealEP::HcalTopologyIdealEP
02-Feb-2015 21:29:11 GMT  Initiating request to open file root://dcap.pp.rl.ac.uk:1094/pnfs/pp.rl.ac.uk/data/cms/store/user/dcieri/ttbar_SIM/ttbar/ttbar_SIM/150129_145223/0000/step1_119.root
150202 21:29:12 24748 Xrd: CheckErrorStatus: Server [heplnx209.pp.rl.ac.uk:1094] declared: Request 3018 not supported(error code: 3013)
02-Feb-2015 21:29:13 GMT  Successfully opened file root://dcap.pp.rl.ac.uk:1094/pnfs/pp.rl.ac.uk/data/cms/store/user/dcieri/ttbar_SIM/ttbar/ttbar_SIM/150129_145223/0000/step1_119.root
02-Feb-2015 21:29:14 GMT  Initiating request to open file root://xrootd.unl.edu//store/group/dpg_trigger/comm_trigger/L1TrackTrigger/620_SLHC10/Extended2023TTI/MinBias/MinBias_TuneZ2star_GEN_SIM_1.root
02-Feb-2015 21:29:19 GMT  Successfully opened file root://xrootd.unl.edu//store/group/dpg_trigger/comm_trigger/L1TrackTrigger/620_SLHC10/Extended2023TTI/MinBias/MinBias_TuneZ2star_GEN_SIM_1.root
disableME1a = 0
HcalTopologyIdealEP::produce(const IdealGeometryRecord& iRecord)
mode = 2, maxDepthHB = 3, maxDepthHE = 5
RPCGeometryESModule :: produce
RPCGeometryESModule :: produce :: 1/4 Get Muon Ideal Geometry Record
RPCGeometryESModule :: produce :: 2/4 Get Muon DDD Constants
RPCGeometryESModule :: produce :: 3/4 Get Muon Numbering Record
in MuonNumberingInitialization::initializeMuonDDDConstants
about to make my new muonDDDConst_
in MuonNumberingInitialization::produce
RPCGeometryESModule :: produce :: 4/4 Build
Found:

	Barrel Stack layer 5 : 1008 stacks
	Barrel Stack layer 6 : 1320 stacks
	Barrel Stack layer 7 : 1836 stacks
	Barrel Stack layer 8 : 1152 stacks
	Barrel Stack layer 9 : 1488 stacks
	Barrel Stack layer 10 : 1824 stacks

	Endcap Stack disk 11 : 1360 stacks
	Endcap Stack disk 12 : 1360 stacks
	Endcap Stack disk 13 : 1360 stacks
	Endcap Stack disk 14 : 1360 stacks
	Endcap Stack disk 15 : 1360 stacks
Created 15428 stacks in 29 s

TTClusterBuilder< edm::Ref<edm::DetSetVector<PixelDigi>, PixelDigi, edm::refhelper::FindForDetSetVector<PixelDigi> > > loaded modules:
	TTClusterAlgorithm:	TTClusterAlgorithm_2d2013< edm::Ref<edm::DetSetVector<PixelDigi>, PixelDigi, edm::refhelper::FindForDetSetVector<PixelDigi> > >


TTStubBuilder< edm::Ref<edm::DetSetVector<PixelDigi>, PixelDigi, edm::refhelper::FindForDetSetVector<PixelDigi> > > loaded modules:
	TTStubAlgorithm:	TTStubAlgorithm_tab2013< edm::Ref<edm::DetSetVector<PixelDigi>, PixelDigi, edm::refhelper::FindForDetSetVector<PixelDigi> > >


TTClusterAssociator< edm::Ref<edm::DetSetVector<PixelDigi>, PixelDigi, edm::refhelper::FindForDetSetVector<PixelDigi> > > loaded.


TTStubAssociator< edm::Ref<edm::DetSetVector<PixelDigi>, PixelDigi, edm::refhelper::FindForDetSetVector<PixelDigi> > > loaded.


TTTrackAssociator< edm::Ref<edm::DetSetVector<PixelDigi>, PixelDigi, edm::refhelper::FindForDetSetVector<PixelDigi> > > loaded.

Begin processing the 1st record. Run 1, Event 1181, LumiSection 119 at 02-Feb-2015 21:30:12.239 GMT
02-Feb-2015 21:30:19 GMT  Closed file root://xrootd.unl.edu//store/group/dpg_trigger/comm_trigger/L1TrackTrigger/620_SLHC10/Extended2023TTI/MinBias/MinBias_TuneZ2star_GEN_SIM_1.root
02-Feb-2015 21:30:19 GMT  Initiating request to open file root://xrootd.unl.edu//store/group/dpg_trigger/comm_trigger/L1TrackTrigger/620_SLHC10/Extended2023TTI/MinBias/MinBias_TuneZ2star_GEN_SIM_922.root
02-Feb-2015 21:30:50 GMT  Successfully opened file root://xrootd.unl.edu//store/group/dpg_trigger/comm_trigger/L1TrackTrigger/620_SLHC10/Extended2023TTI/MinBias/MinBias_TuneZ2star_GEN_SIM_922.root
150202 21:35:42 24982 Xrd: XrdClientMessage::ReadRaw: Failed to read header (8 bytes).
150202 21:36:11 24980 Xrd: XrdClientMessage::ReadRaw: Failed to read header (8 bytes).
02-Feb-2015 21:38:23 GMT  Closed file root://xrootd.unl.edu//store/group/dpg_trigger/comm_trigger/L1TrackTrigger/620_SLHC10/Extended2023TTI/MinBias/MinBias_TuneZ2star_GEN_SIM_922.root
02-Feb-2015 21:38:23 GMT  Initiating request to open file root://xrootd.unl.edu//store/group/dpg_trigger/comm_trigger/L1TrackTrigger/620_SLHC10/Extended2023TTI/MinBias/MinBias_TuneZ2star_GEN_SIM_515.root
150202 21:38:54 30638 Xrd: CheckErrorStatus: Server [xrootd.ba.infn.it:1094] declared: session not found(error code: 3011)
02-Feb-2015 21:38:54 GMT  Successfully opened file root://xrootd.unl.edu//store/group/dpg_trigger/comm_trigger/L1TrackTrigger/620_SLHC10/Extended2023TTI/MinBias/MinBias_TuneZ2star_GEN_SIM_515.root
150202 21:43:42 25924 Xrd: XrdClientMessage::ReadRaw: Failed to read header (8 bytes).
150202 21:44:12 31015 Xrd: XrdClientMessage::ReadRaw: Failed to read header (8 bytes).
02-Feb-2015 21:46:33 GMT  Closed file root://xrootd.unl.edu//store/group/dpg_trigger/comm_trigger/L1TrackTrigger/620_SLHC10/Extended2023TTI/MinBias/MinBias_TuneZ2star_GEN_SIM_515.root
02-Feb-2015 21:46:33 GMT  Initiating request to open file root://xrootd.unl.edu//store/group/dpg_trigger/comm_trigger/L1TrackTrigger/620_SLHC10/Extended2023TTI/MinBias/MinBias_TuneZ2star_GEN_SIM_394.root
150202 21:46:33 2760 Xrd: CheckErrorStatus: Server [llrxrd-redir.in2p3.fr:1094] declared: session not found(error code: 3011)
02-Feb-2015 21:46:33 GMT  Successfully opened file root://xrootd.unl.edu//store/group/dpg_trigger/comm_trigger/L1TrackTrigger/620_SLHC10/Extended2023TTI/MinBias/MinBias_TuneZ2star_GEN_SIM_394.root
Building the geometry service
Warning did not find digi
Warning did not find digi
Warning did not find digi
Warning did not find digi
Warning did not find digi in disks
Warning did not find digi in disks
Warning did not find digi in disks
Warning did not find digi in disks
150202 21:49:41 24858 Xrd: XrdClientMessage::ReadRaw: Failed to read header (8 bytes).
150202 21:49:42 24859 Xrd: XrdClientMessage::ReadRaw: Failed to read header (8 bytes).
150202 21:51:41 31017 Xrd: XrdClientMessage::ReadRaw: Failed to read header (8 bytes).
150202 21:51:41 2761 Xrd: XrdClientMessage::ReadRaw: Failed to read header (8 bytes).
02-Feb-2015 21:53:33 GMT  Closed file root://xrootd.unl.edu//store/group/dpg_trigger/comm_trigger/L1TrackTrigger/620_SLHC10/Extended2023TTI/MinBias/MinBias_TuneZ2star_GEN_SIM_394.root
02-Feb-2015 21:53:33 GMT  Initiating request to open file root://xrootd.unl.edu//store/group/dpg_trigger/comm_trigger/L1TrackTrigger/620_SLHC10/Extended2023TTI/MinBias/MinBias_TuneZ2star_GEN_SIM_4.root
150202 21:54:04 6527 Xrd: CheckErrorStatus: Server [llrxrd-redir.in2p3.fr:1094] declared: session not found(error code: 3011)
02-Feb-2015 21:54:04 GMT  Successfully opened file root://xrootd.unl.edu//store/group/dpg_trigger/comm_trigger/L1TrackTrigger/620_SLHC10/Extended2023TTI/MinBias/MinBias_TuneZ2star_GEN_SIM_4.root
150202 21:58:42 2762 Xrd: XrdClientMessage::ReadRaw: Failed to read header (8 bytes).
150202 21:59:11 31012 Xrd: XrdClientMessage::ReadRaw: Failed to read header (8 bytes).
150202 21:59:12 7020 Xrd: XrdClientMessage::ReadRaw: Failed to read header (8 bytes).
02-Feb-2015 22:00:34 GMT  Closed file root://xrootd.unl.edu//store/group/dpg_trigger/comm_trigger/L1TrackTrigger/620_SLHC10/Extended2023TTI/MinBias/MinBias_TuneZ2star_GEN_SIM_4.root
02-Feb-2015 22:00:34 GMT  Initiating request to open file root://xrootd.unl.edu//store/group/dpg_trigger/comm_trigger/L1TrackTrigger/620_SLHC10/Extended2023TTI/MinBias/MinBias_TuneZ2star_GEN_SIM_297.root
150202 22:01:04 15287 Xrd: CheckErrorStatus: Server [cms-xrd-global.cern.ch:1094] declared: session not found(error code: 3011)
150202 22:01:04 15287 Xrd: CheckErrorStatus: Server [xrootd.ba.infn.it:1094] declared: session not found(error code: 3011)
02-Feb-2015 22:01:04 GMT  Successfully opened file root://xrootd.unl.edu//store/group/dpg_trigger/comm_trigger/L1TrackTrigger/620_SLHC10/Extended2023TTI/MinBias/MinBias_TuneZ2star_GEN_SIM_297.root
02-Feb-2015 22:05:04 GMT  Closed file root://xrootd.unl.edu//store/group/dpg_trigger/comm_trigger/L1TrackTrigger/620_SLHC10/Extended2023TTI/MinBias/MinBias_TuneZ2star_GEN_SIM_297.root
02-Feb-2015 22:05:04 GMT  Initiating request to open file root://xrootd.unl.edu//store/group/dpg_trigger/comm_trigger/L1TrackTrigger/620_SLHC10/Extended2023TTI/MinBias/MinBias_TuneZ2star_GEN_SIM_833.root
150202 22:05:42 7021 Xrd: XrdClientMessage::ReadRaw: Failed to read header (8 bytes).
150202 22:05:51 17042 Xrd: CheckErrorStatus: Server [eoscms.cern.ch:1094] declared: session not found(error code: 3011)
02-Feb-2015 22:05:51 GMT  Successfully opened file root://xrootd.unl.edu//store/group/dpg_trigger/comm_trigger/L1TrackTrigger/620_SLHC10/Extended2023TTI/MinBias/MinBias_TuneZ2star_GEN_SIM_833.root
02-Feb-2015 22:09:16 GMT  Closed file root://xrootd.unl.edu//store/group/dpg_trigger/comm_trigger/L1TrackTrigger/620_SLHC10/Extended2023TTI/MinBias/MinBias_TuneZ2star_GEN_SIM_833.root
02-Feb-2015 22:09:16 GMT  Initiating request to open file root://xrootd.unl.edu//store/group/dpg_trigger/comm_trigger/L1TrackTrigger/620_SLHC10/Extended2023TTI/MinBias/MinBias_TuneZ2star_GEN_SIM_7.root
150202 22:10:11 15545 Xrd: XrdClientMessage::ReadRaw: Failed to read header (8 bytes).
02-Feb-2015 22:11:06 GMT  Successfully opened file root://xrootd.unl.edu//store/group/dpg_trigger/comm_trigger/L1TrackTrigger/620_SLHC10/Extended2023TTI/MinBias/MinBias_TuneZ2star_GEN_SIM_7.root
150202 22:14:11 24979 Xrd: XrdClientMessage::ReadRaw: Failed to read header (8 bytes).
150202 22:14:41 17399 Xrd: XrdClientMessage::ReadRaw: Failed to read header (8 bytes).
150202 22:15:54 15544 Xrd: XrdClientMessage::ReadRaw: Failed to read header (8 bytes).
150202 22:16:11 25263 Xrd: XrdClientMessage::ReadRaw: Failed to read header (8 bytes).
02-Feb-2015 22:16:34 GMT  Closed file root://xrootd.unl.edu//store/group/dpg_trigger/comm_trigger/L1TrackTrigger/620_SLHC10/Extended2023TTI/MinBias/MinBias_TuneZ2star_GEN_SIM_7.root
02-Feb-2015 22:16:34 GMT  Initiating request to open file root://xrootd.unl.edu//store/group/dpg_trigger/comm_trigger/L1TrackTrigger/620_SLHC10/Extended2023TTI/MinBias/MinBias_TuneZ2star_GEN_SIM_453.root
150202 22:21:27 27331 Xrd: CheckErrorStatus: Server [xrootd-redic.pi.infn.it:1094] declared: session not found(error code: 3011)
150202 22:21:28 27331 Xrd: CheckErrorStatus: Server [eoscms.cern.ch:1094] declared: session not found(error code: 3011)
02-Feb-2015 22:21:28 GMT  Successfully opened file root://xrootd.unl.edu//store/group/dpg_trigger/comm_trigger/L1TrackTrigger/620_SLHC10/Extended2023TTI/MinBias/MinBias_TuneZ2star_GEN_SIM_453.root
150202 22:21:42 25264 Xrd: XrdClientMessage::ReadRaw: Failed to read header (8 bytes).
02-Feb-2015 22:23:10 GMT  Closed file root://xrootd.unl.edu//store/group/dpg_trigger/comm_trigger/L1TrackTrigger/620_SLHC10/Extended2023TTI/MinBias/MinBias_TuneZ2star_GEN_SIM_453.root
02-Feb-2015 22:23:10 GMT  Initiating request to open file root://xrootd.unl.edu//store/group/dpg_trigger/comm_trigger/L1TrackTrigger/620_SLHC10/Extended2023TTI/MinBias/MinBias_TuneZ2star_GEN_SIM_566.root
150202 22:24:46 30190 Xrd: CheckErrorStatus: Server [cms-xrd-global.cern.ch:1094] declared: session not found(error code: 3011)
02-Feb-2015 22:24:47 GMT  Successfully opened file root://xrootd.unl.edu//store/group/dpg_trigger/comm_trigger/L1TrackTrigger/620_SLHC10/Extended2023TTI/MinBias/MinBias_TuneZ2star_GEN_SIM_566.root
150202 22:28:12 29399 Xrd: XrdClientMessage::ReadRaw: Failed to read header (8 bytes).
02-Feb-2015 22:29:05 GMT  Closed file root://xrootd.unl.edu//store/group/dpg_trigger/comm_trigger/L1TrackTrigger/620_SLHC10/Extended2023TTI/MinBias/MinBias_TuneZ2star_GEN_SIM_566.root
02-Feb-2015 22:29:05 GMT  Initiating request to open file root://xrootd.unl.edu//store/group/dpg_trigger/comm_trigger/L1TrackTrigger/620_SLHC10/Extended2023TTI/MinBias/MinBias_TuneZ2star_GEN_SIM_467.root
02-Feb-2015 22:29:35 GMT  Successfully opened file root://xrootd.unl.edu//store/group/dpg_trigger/comm_trigger/L1TrackTrigger/620_SLHC10/Extended2023TTI/MinBias/MinBias_TuneZ2star_GEN_SIM_467.root
150202 22:31:12 15543 Xrd: XrdClientMessage::ReadRaw: Failed to read header (8 bytes).
150202 22:34:11 30846 Xrd: XrdClientMessage::ReadRaw: Failed to read header (8 bytes).
02-Feb-2015 22:34:13 GMT  Closed file root://xrootd.unl.edu//store/group/dpg_trigger/comm_trigger/L1TrackTrigger/620_SLHC10/Extended2023TTI/MinBias/MinBias_TuneZ2star_GEN_SIM_467.root
02-Feb-2015 22:34:13 GMT  Initiating request to open file root://xrootd.unl.edu//store/group/dpg_trigger/comm_trigger/L1TrackTrigger/620_SLHC10/Extended2023TTI/MinBias/MinBias_TuneZ2star_GEN_SIM_805.root
150202 22:34:42 29369 Xrd: XrdClientMessage::ReadRaw: Failed to read header (8 bytes).
150202 22:34:44 7043 Xrd: CheckErrorStatus: Server [llrxrd-redir.in2p3.fr:1094] declared: session not found(error code: 3011)
02-Feb-2015 22:34:44 GMT  Successfully opened file root://xrootd.unl.edu//store/group/dpg_trigger/comm_trigger/L1TrackTrigger/620_SLHC10/Extended2023TTI/MinBias/MinBias_TuneZ2star_GEN_SIM_805.root
02-Feb-2015 22:38:51 GMT  Closed file root://xrootd.unl.edu//store/group/dpg_trigger/comm_trigger/L1TrackTrigger/620_SLHC10/Extended2023TTI/MinBias/MinBias_TuneZ2star_GEN_SIM_805.root
02-Feb-2015 22:38:51 GMT  Initiating request to open file root://xrootd.unl.edu//store/group/dpg_trigger/comm_trigger/L1TrackTrigger/620_SLHC10/Extended2023TTI/MinBias/MinBias_TuneZ2star_GEN_SIM_839.root
02-Feb-2015 22:39:22 GMT  Successfully opened file root://xrootd.unl.edu//store/group/dpg_trigger/comm_trigger/L1TrackTrigger/620_SLHC10/Extended2023TTI/MinBias/MinBias_TuneZ2star_GEN_SIM_839.root
150202 22:39:22 1036 Xrd: XrdClientMessage::ReadRaw: Failed to read header (8 bytes).
02-Feb-2015 22:42:55 GMT  Closed file root://xrootd.unl.edu//store/group/dpg_trigger/comm_trigger/L1TrackTrigger/620_SLHC10/Extended2023TTI/MinBias/MinBias_TuneZ2star_GEN_SIM_839.root
02-Feb-2015 22:42:55 GMT  Initiating request to open file root://xrootd.unl.edu//store/group/dpg_trigger/comm_trigger/L1TrackTrigger/620_SLHC10/Extended2023TTI/MinBias/MinBias_TuneZ2star_GEN_SIM_61.root
150202 22:42:56 16526 Xrd: CheckErrorStatus: Server [cms-xrd-global.cern.ch:1094] declared: session not found(error code: 3011)
02-Feb-2015 22:42:56 GMT  Successfully opened file root://xrootd.unl.edu//store/group/dpg_trigger/comm_trigger/L1TrackTrigger/620_SLHC10/Extended2023TTI/MinBias/MinBias_TuneZ2star_GEN_SIM_61.root
150202 22:44:12 7411 Xrd: XrdClientMessage::ReadRaw: Failed to read header (8 bytes).
150202 22:48:11 9111 Xrd: XrdClientMessage::ReadRaw: Failed to read header (8 bytes).
150202 22:48:11 7410 Xrd: XrdClientMessage::ReadRaw: Failed to read header (8 bytes).
02-Feb-2015 22:49:12 GMT  Closed file root://xrootd.unl.edu//store/group/dpg_trigger/comm_trigger/L1TrackTrigger/620_SLHC10/Extended2023TTI/MinBias/MinBias_TuneZ2star_GEN_SIM_61.root
02-Feb-2015 22:49:12 GMT  Initiating request to open file root://xrootd.unl.edu//store/group/dpg_trigger/comm_trigger/L1TrackTrigger/620_SLHC10/Extended2023TTI/MinBias/MinBias_TuneZ2star_GEN_SIM_896.root
150202 22:49:43 20913 Xrd: CheckErrorStatus: Server [llrxrd-redir.in2p3.fr:1094] declared: session not found(error code: 3011)
02-Feb-2015 22:49:44 GMT  Successfully opened file root://xrootd.unl.edu//store/group/dpg_trigger/comm_trigger/L1TrackTrigger/620_SLHC10/Extended2023TTI/MinBias/MinBias_TuneZ2star_GEN_SIM_896.root
02-Feb-2015 22:53:18 GMT  Closed file root://xrootd.unl.edu//store/group/dpg_trigger/comm_trigger/L1TrackTrigger/620_SLHC10/Extended2023TTI/MinBias/MinBias_TuneZ2star_GEN_SIM_896.root
02-Feb-2015 22:53:18 GMT  Initiating request to open file root://xrootd.unl.edu//store/group/dpg_trigger/comm_trigger/L1TrackTrigger/620_SLHC10/Extended2023TTI/MinBias/MinBias_TuneZ2star_GEN_SIM_73.root
02-Feb-2015 22:53:49 GMT  Successfully opened file root://xrootd.unl.edu//store/group/dpg_trigger/comm_trigger/L1TrackTrigger/620_SLHC10/Extended2023TTI/MinBias/MinBias_TuneZ2star_GEN_SIM_73.root
150202 22:54:42 16528 Xrd: XrdClientMessage::ReadRaw: Failed to read header (8 bytes).
02-Feb-2015 22:57:16 GMT  Closed file root://xrootd.unl.edu//store/group/dpg_trigger/comm_trigger/L1TrackTrigger/620_SLHC10/Extended2023TTI/MinBias/MinBias_TuneZ2star_GEN_SIM_73.root
02-Feb-2015 22:57:16 GMT  Initiating request to open file root://xrootd.unl.edu//store/group/dpg_trigger/comm_trigger/L1TrackTrigger/620_SLHC10/Extended2023TTI/MinBias/MinBias_TuneZ2star_GEN_SIM_532.root
02-Feb-2015 22:57:47 GMT  Successfully opened file root://xrootd.unl.edu//store/group/dpg_trigger/comm_trigger/L1TrackTrigger/620_SLHC10/Extended2023TTI/MinBias/MinBias_TuneZ2star_GEN_SIM_532.root
150202 22:58:41 23564 Xrd: XrdClientMessage::ReadRaw: Failed to read header (8 bytes).
150202 22:59:41 29290 Xrd: XrdClientMessage::ReadRaw: Failed to read header (8 bytes).
02-Feb-2015 23:00:47 GMT  Closed file root://xrootd.unl.edu//store/group/dpg_trigger/comm_trigger/L1TrackTrigger/620_SLHC10/Extended2023TTI/MinBias/MinBias_TuneZ2star_GEN_SIM_532.root
02-Feb-2015 23:00:47 GMT  Initiating request to open file root://xrootd.unl.edu//store/group/dpg_trigger/comm_trigger/L1TrackTrigger/620_SLHC10/Extended2023TTI/MinBias/MinBias_TuneZ2star_GEN_SIM_641.root
150202 23:01:18 4630 Xrd: CheckErrorStatus: Server [cms-xrd-global.cern.ch:1094] declared: session not found(error code: 3011)
02-Feb-2015 23:01:19 GMT  Successfully opened file root://xrootd.unl.edu//store/group/dpg_trigger/comm_trigger/L1TrackTrigger/620_SLHC10/Extended2023TTI/MinBias/MinBias_TuneZ2star_GEN_SIM_641.root
150202 23:02:42 28713 Xrd: XrdClientMessage::ReadRaw: Failed to read header (8 bytes).
150202 23:03:11 16527 Xrd: XrdClientMessage::ReadRaw: Failed to read header (8 bytes).
150202 23:06:11 30424 Xrd: XrdClientMessage::ReadRaw: Failed to read header (8 bytes).
02-Feb-2015 23:06:25 GMT  Closed file root://xrootd.unl.edu//store/group/dpg_trigger/comm_trigger/L1TrackTrigger/620_SLHC10/Extended2023TTI/MinBias/MinBias_TuneZ2star_GEN_SIM_641.root
02-Feb-2015 23:06:25 GMT  Initiating request to open file root://xrootd.unl.edu//store/group/dpg_trigger/comm_trigger/L1TrackTrigger/620_SLHC10/Extended2023TTI/MinBias/MinBias_TuneZ2star_GEN_SIM_717.root
150202 23:06:25 23308 Xrd: XrdClientMessage::ReadRaw: Failed to read header (8 bytes).
150202 23:06:55 6942 Xrd: CheckErrorStatus: Server [llrxrd-redir.in2p3.fr:1094] declared: session not found(error code: 3011)
150202 23:06:55 6942 Xrd: CheckErrorStatus: Server [eoscms.cern.ch:1094] declared: session not found(error code: 3011)
02-Feb-2015 23:06:56 GMT  Successfully opened file root://xrootd.unl.edu//store/group/dpg_trigger/comm_trigger/L1TrackTrigger/620_SLHC10/Extended2023TTI/MinBias/MinBias_TuneZ2star_GEN_SIM_717.root
02-Feb-2015 23:09:13 GMT  Closed file root://xrootd.unl.edu//store/group/dpg_trigger/comm_trigger/L1TrackTrigger/620_SLHC10/Extended2023TTI/MinBias/MinBias_TuneZ2star_GEN_SIM_717.root
02-Feb-2015 23:09:13 GMT  Initiating request to open file root://xrootd.unl.edu//store/group/dpg_trigger/comm_trigger/L1TrackTrigger/620_SLHC10/Extended2023TTI/MinBias/MinBias_TuneZ2star_GEN_SIM_511.root
02-Feb-2015 23:09:14 GMT  Successfully opened file root://xrootd.unl.edu//store/group/dpg_trigger/comm_trigger/L1TrackTrigger/620_SLHC10/Extended2023TTI/MinBias/MinBias_TuneZ2star_GEN_SIM_511.root
02-Feb-2015 23:11:10 GMT  Closed file root://xrootd.unl.edu//store/group/dpg_trigger/comm_trigger/L1TrackTrigger/620_SLHC10/Extended2023TTI/MinBias/MinBias_TuneZ2star_GEN_SIM_511.root
02-Feb-2015 23:11:10 GMT  Initiating request to open file root://xrootd.unl.edu//store/group/dpg_trigger/comm_trigger/L1TrackTrigger/620_SLHC10/Extended2023TTI/MinBias/MinBias_TuneZ2star_GEN_SIM_257.root
150202 23:11:11 7852 Xrd: CheckErrorStatus: Server [cms-xrd-global.cern.ch:1094] declared: session not found(error code: 3011)
02-Feb-2015 23:11:11 GMT  Successfully opened file root://xrootd.unl.edu//store/group/dpg_trigger/comm_trigger/L1TrackTrigger/620_SLHC10/Extended2023TTI/MinBias/MinBias_TuneZ2star_GEN_SIM_257.root
150202 23:11:42 4880 Xrd: XrdClientMessage::ReadRaw: Failed to read header (8 bytes).
02-Feb-2015 23:13:35 GMT  Closed file root://xrootd.unl.edu//store/group/dpg_trigger/comm_trigger/L1TrackTrigger/620_SLHC10/Extended2023TTI/MinBias/MinBias_TuneZ2star_GEN_SIM_257.root
02-Feb-2015 23:13:35 GMT  Initiating request to open file root://xrootd.unl.edu//store/group/dpg_trigger/comm_trigger/L1TrackTrigger/620_SLHC10/Extended2023TTI/MinBias/MinBias_TuneZ2star_GEN_SIM_407.root
150202 23:14:06 8577 Xrd: CheckErrorStatus: Server [eoscms.cern.ch:1094] declared: session not found(error code: 3011)
02-Feb-2015 23:14:06 GMT  Successfully opened file root://xrootd.unl.edu//store/group/dpg_trigger/comm_trigger/L1TrackTrigger/620_SLHC10/Extended2023TTI/MinBias/MinBias_TuneZ2star_GEN_SIM_407.root
150202 23:14:41 6949 Xrd: XrdClientMessage::ReadRaw: Failed to read header (8 bytes).
02-Feb-2015 23:16:07 GMT  Closed file root://xrootd.unl.edu//store/group/dpg_trigger/comm_trigger/L1TrackTrigger/620_SLHC10/Extended2023TTI/MinBias/MinBias_TuneZ2star_GEN_SIM_407.root
02-Feb-2015 23:16:07 GMT  Initiating request to open file root://xrootd.unl.edu//store/group/dpg_trigger/comm_trigger/L1TrackTrigger/620_SLHC10/Extended2023TTI/MinBias/MinBias_TuneZ2star_GEN_SIM_353.root
150202 23:16:11 7267 Xrd: XrdClientMessage::ReadRaw: Failed to read header (8 bytes).
02-Feb-2015 23:16:38 GMT  Successfully opened file root://xrootd.unl.edu//store/group/dpg_trigger/comm_trigger/L1TrackTrigger/620_SLHC10/Extended2023TTI/MinBias/MinBias_TuneZ2star_GEN_SIM_353.root
150202 23:18:41 7854 Xrd: XrdClientMessage::ReadRaw: Failed to read header (8 bytes).
02-Feb-2015 23:18:43 GMT  Closed file root://xrootd.unl.edu//store/group/dpg_trigger/comm_trigger/L1TrackTrigger/620_SLHC10/Extended2023TTI/MinBias/MinBias_TuneZ2star_GEN_SIM_353.root
02-Feb-2015 23:18:43 GMT  Initiating request to open file root://xrootd.unl.edu//store/group/dpg_trigger/comm_trigger/L1TrackTrigger/620_SLHC10/Extended2023TTI/MinBias/MinBias_TuneZ2star_GEN_SIM_885.root
02-Feb-2015 23:19:15 GMT  Successfully opened file root://xrootd.unl.edu//store/group/dpg_trigger/comm_trigger/L1TrackTrigger/620_SLHC10/Extended2023TTI/MinBias/MinBias_TuneZ2star_GEN_SIM_885.root
02-Feb-2015 23:19:52 GMT  Closed file root://dcap.pp.rl.ac.uk:1094/pnfs/pp.rl.ac.uk/data/cms/store/user/dcieri/ttbar_SIM/ttbar/ttbar_SIM/150129_145223/0000/step1_119.root
02-Feb-2015 23:19:52 GMT  Closed file root://xrootd.unl.edu//store/group/dpg_trigger/comm_trigger/L1TrackTrigger/620_SLHC10/Extended2023TTI/MinBias/MinBias_TuneZ2star_GEN_SIM_885.root

=============================================

MessageLogger Summary

 type     category        sev    module        subroutine        count    total
 ---- -------------------- -- ---------------- ----------------  -----    -----
    1 fileAction           -s MixingModule:mix                      69       69
    2 fileAction           -s MixingModule:mix                       2        2
    3 fileAction           -s MixingModule:mix                       1        1
    4 fileAction           -s file_close                             1        1
    5 fileAction           -s file_open                              2        2

 type    category    Examples: run/evt        run/evt          run/evt
 ---- -------------------- ---------------- ---------------- ----------------
    1 fileAction           1/1181           1/1181           1/1190
    2 fileAction           pre-events       pre-events       
    3 fileAction           PostEndRun                        
    4 fileAction           PostEndRun                        
    5 fileAction           pre-events       pre-events       

Severity    # Occurrences   Total Occurrences
--------    -------------   -----------------
System                 75                  75
>>> END OF printout of 209 lines from stdout+stderr
>>> Parse FrameworkJobReport crab_fjr.xml
Result of parsing the FrameworkJobReport crab_fjr.xml: 
Extracted ExitStatus from FrameworkJobReport parsing output: 0
>>> Executable succeded  0
ExeExitCode=0
EXECUTABLE_EXIT_STATUS = 0
>>> current directory /scratch/condor/dir_13623/glide_bKyAwB/execute/dir_23341/CMSSW_6_2_0_SLHC12
>>>  (SOFTWARE_DIR): /scratch/condor/dir_13623/glide_bKyAwB/execute/dir_23341/CMSSW_6_2_0_SLHC12
>>> (WORKING_DIR): 
>>> current directory content:
total 243056
drwxr-xr-x 3 cms415 gplcms      4096 Feb  2 21:28 .SCRAM
-rw------- 1 cms415 gplcms    915837 Feb  2 21:28 CMSSW.py.pkl
drwxr-xr-x 3 cms415 gplcms      4096 Feb  2 21:28 bin
drwxr-xr-x 3 cms415 gplcms      4096 Feb  2 21:28 cfipython
drwxr-xr-x 4 cms415 gplcms      4096 Apr 28  2014 config
-rw------- 1 cms415 gplcms        17 Feb  2 23:19 cpu_timing.txt
drwxr-xr-x 2 cms415 gplcms      4096 Feb  2 21:28 doc
-rw------- 1 cms415 gplcms     23617 Feb  2 23:19 executable.out
drwxr-xr-x 2 cms415 gplcms      4096 Feb  2 21:28 include
drwx------ 3 cms415 gplcms      4096 Oct  7 10:12 lib
drwxr-xr-x 3 cms415 gplcms      4096 Feb  2 21:28 logs
drwxr-xr-x 3 cms415 gplcms      4096 Feb  2 21:28 objs
-rw------- 1 cms415 gplcms       104 Feb  2 21:28 pset.py
-rw------- 1 cms415 gplcms    926825 Feb  2 21:28 pset.py.pkl
-rw------- 1 cms415 gplcms       289 Feb  2 21:28 pset.pyc
drwxr-xr-x 2 cms415 gplcms      4096 Feb  2 21:28 python
-rw------- 1 cms415 gplcms       356 Feb  2 23:19 report.log
drwxr-xr-x 2 cms415 gplcms      4096 Feb  2 21:28 src
-rw------- 1 cms415 gplcms 246692743 Feb  2 23:19 step2.root
drwxr-xr-x 3 cms415 gplcms      4096 Feb  2 21:28 test
drwxr-xr-x 3 cms415 gplcms      4096 Feb  2 21:28 tmp
>>> current directory /scratch/condor/dir_13623/glide_bKyAwB/execute/dir_23341/CMSSW_6_2_0_SLHC12
>>> (SOFTWARE_DIR): /scratch/condor/dir_13623/glide_bKyAwB/execute/dir_23341/CMSSW_6_2_0_SLHC12
>>> (WORKING_DIR): 
>>> current directory content:
total 243056
drwxr-xr-x 3 cms415 gplcms      4096 Feb  2 21:28 .SCRAM
-rw------- 1 cms415 gplcms    915837 Feb  2 21:28 CMSSW.py.pkl
drwxr-xr-x 3 cms415 gplcms      4096 Feb  2 21:28 bin
drwxr-xr-x 3 cms415 gplcms      4096 Feb  2 21:28 cfipython
drwxr-xr-x 4 cms415 gplcms      4096 Apr 28  2014 config
-rw------- 1 cms415 gplcms        17 Feb  2 23:19 cpu_timing.txt
drwxr-xr-x 2 cms415 gplcms      4096 Feb  2 21:28 doc
-rw------- 1 cms415 gplcms     23617 Feb  2 23:19 executable.out
drwxr-xr-x 2 cms415 gplcms      4096 Feb  2 21:28 include
drwx------ 3 cms415 gplcms      4096 Oct  7 10:12 lib
drwxr-xr-x 3 cms415 gplcms      4096 Feb  2 21:28 logs
drwxr-xr-x 3 cms415 gplcms      4096 Feb  2 21:28 objs
-rw------- 1 cms415 gplcms       104 Feb  2 21:28 pset.py
-rw------- 1 cms415 gplcms    926825 Feb  2 21:28 pset.py.pkl
-rw------- 1 cms415 gplcms       289 Feb  2 21:28 pset.pyc
drwxr-xr-x 2 cms415 gplcms      4096 Feb  2 21:28 python
-rw------- 1 cms415 gplcms       356 Feb  2 23:19 report.log
drwxr-xr-x 2 cms415 gplcms      4096 Feb  2 21:28 src
-rw------- 1 cms415 gplcms 246692743 Feb  2 23:19 step2_453_1_Xlm.root
drwxr-xr-x 3 cms415 gplcms      4096 Feb  2 21:28 test
drwxr-xr-x 3 cms415 gplcms      4096 Feb  2 21:28 tmp
>>> current directory (RUNTIME_AREA):  /scratch/condor/dir_13623/glide_bKyAwB/execute/dir_23341
PNN = T2_UK_SGrid_RALPP
SE = heplnx204.pp.rl.ac.uk
SE_PATH = /srm/managerv2?SFN=/pnfs/pp.rl.ac.uk/data/cms/store/user/dcieri/ttbar_PU140_DIGI/dcieri/ttbar/ttbar_PU140_DIGI/3c0380cf82de79bc39966c93934c61fc/
LFNBaseName = /store/user/dcieri/ttbar_PU140_DIGI/dcieri/ttbar/ttbar_PU140_DIGI/3c0380cf82de79bc39966c93934c61fc/
USER = dcieri
endpoint = srm://heplnx204.pp.rl.ac.uk:8443/srm/managerv2?SFN=/pnfs/pp.rl.ac.uk/data/cms/store/user/dcieri/ttbar_PU140_DIGI/dcieri/ttbar/ttbar_PU140_DIGI/3c0380cf82de79bc39966c93934c61fc/
>>> Copy output files from WN = heplnc301.pp.rl.ac.uk to /srm/managerv2?SFN=/pnfs/pp.rl.ac.uk/data/cms/store/user/dcieri/ttbar_PU140_DIGI/dcieri/ttbar/ttbar_PU140_DIGI/3c0380cf82de79bc39966c93934c61fc/ :
python cmscp.py  --destination srm://heplnx204.pp.rl.ac.uk:8443/srm/managerv2?SFN=/pnfs/pp.rl.ac.uk/data/cms/store/user/dcieri/ttbar_PU140_DIGI/dcieri/ttbar/ttbar_PU140_DIGI/3c0380cf82de79bc39966c93934c61fc/ --inputFileList /scratch/condor/dir_13623/glide_bKyAwB/execute/dir_23341/CMSSW_6_2_0_SLHC12/step2_453_1_Xlm.root --middleware LCG --PNN T2_UK_SGrid_RALPP --se_name heplnx204.pp.rl.ac.uk --for_lfn /store/user/dcieri/ttbar_PU140_DIGI/dcieri/ttbar/ttbar_PU140_DIGI/3c0380cf82de79bc39966c93934c61fc/    
******************************************************
localSeName  =  heplnx204.pp.rl.ac.uk
remoteSeName =  heplnx204.pp.rl.ac.uk
******************************************************
{"/scratch/condor/dir_13623/glide_bKyAwB/execute/dir_23341/CMSSW_6_2_0_SLHC12/step2_453_1_Xlm.root": {"endpoint": "srm://heplnx204.pp.rl.ac.uk:8443/srm/managerv2?SFN=/pnfs/pp.rl.ac.uk/data/cms/store/user/dcieri/ttbar_PU140_DIGI/dcieri/ttbar/ttbar_PU140_DIGI/3c0380cf82de79bc39966c93934c61fc/", "surl_for_grid": "", "reason": "Copy succedeed with srm-lcg utils", "erCode": "0", "PNN": "T2_UK_SGrid_RALPP", "se_name": "heplnx204.pp.rl.ac.uk", "for_lfn": "/store/user/dcieri/ttbar_PU140_DIGI/dcieri/ttbar/ttbar_PU140_DIGI/3c0380cf82de79bc39966c93934c61fc/"}}/scratch/condor/dir_13623/glide_bKyAwB/execute/dir_23341
-------- cat /scratch/condor/dir_13623/glide_bKyAwB/execute/dir_23341/cmscpReport.sh 
#!/bin/bash
echo "Report for File: /scratch/condor/dir_13623/glide_bKyAwB/execute/dir_23341/CMSSW_6_2_0_SLHC12/step2_453_1_Xlm.root"
echo "LFN: /store/user/dcieri/ttbar_PU140_DIGI/dcieri/ttbar/ttbar_PU140_DIGI/3c0380cf82de79bc39966c93934c61fc/step2_453_1_Xlm.root"
echo "StorageElement: heplnx204.pp.rl.ac.uk"
echo "StageOutExitStatusReason = 'Copy succedeed with srm-lcg utils'" | tee -a $RUNTIME_AREA/$repo
echo "StageOutSE = heplnx204.pp.rl.ac.uk" >> $RUNTIME_AREA/$repo

export StageOutExitStatus=0
echo "StageOutExitStatus = 0" | tee -a $RUNTIME_AREA/$repo
-------- end of /scratch/condor/dir_13623/glide_bKyAwB/execute/dir_23341/cmscpReport.sh 
Report for File: /scratch/condor/dir_13623/glide_bKyAwB/execute/dir_23341/CMSSW_6_2_0_SLHC12/step2_453_1_Xlm.root
LFN: /store/user/dcieri/ttbar_PU140_DIGI/dcieri/ttbar/ttbar_PU140_DIGI/3c0380cf82de79bc39966c93934c61fc/step2_453_1_Xlm.root
StorageElement: heplnx204.pp.rl.ac.uk
StageOutExitStatusReason = 'Copy succedeed with srm-lcg utils'
StageOutExitStatus = 0
>>> current dir: /scratch/condor/dir_13623/glide_bKyAwB/execute/dir_23341
>>> current dir content:
total 8824
-rw-------  1 cms415 gplcms    2927 Feb  2 23:20 .SEinteraction.log
-rwx------  1 cms415 gplcms      51 Feb  2 21:28 .chirp_config
-rwx------  1 cms415 gplcms    7812 Feb  2 21:28 .job.ad
-rwx------  1 cms415 gplcms    9519 Feb  2 21:28 .machine.ad
-rw-------  1 cms415 gplcms     105 Feb  2 12:16 CMSSW.py
-rw-------  1 cms415 gplcms  915837 Feb  2 12:16 CMSSW.py.pkl
-rwx------  1 cms415 gplcms   29498 Feb  2 21:28 CMSSW.sh
drwxr-xr-x 15 cms415 gplcms    4096 Feb  2 23:19 CMSSW_6_2_0_SLHC12
-rw-------  1 cms415 gplcms     190 Feb  2 21:28 CacheEnv.sh
-rw-------  1 cms415 gplcms    7291 Nov 19 14:52 DashboardAPI.py
-rw-------  1 cms415 gplcms    6470 Feb  2 21:28 DashboardAPI.pyc
drwx------  2 cms415 gplcms    4096 Feb  2 23:19 IMProv
-rw-------  1 cms415 gplcms    2748 Nov 19 14:52 Logger.py
-rw-------  1 cms415 gplcms    3232 Feb  2 21:28 Logger.pyc
-rw-------  1 cms415 gplcms   24524 Nov 19 14:52 ProcInfo.py
-rw-------  1 cms415 gplcms   22645 Feb  2 21:28 ProcInfo.pyc
drwx------  7 cms415 gplcms    4096 Feb  2 21:28 ProdCommon
drwx------  3 cms415 gplcms    4096 Feb  2 21:28 WMCore
-rw-------  1 cms415 gplcms    9565 Feb  2 23:20 Watchdog_453.log
-rwx------  1 cms415 gplcms       0 Feb  2 21:28 _condor_stderr
-rwx---r--  1 cms415 gplcms   38385 Feb  2 23:20 _condor_stdout
-rw-------  1 cms415 gplcms   32895 Nov 19 14:52 apmon.py
-rw-------  1 cms415 gplcms   27958 Feb  2 21:28 apmon.pyc
-rwx------  1 cms415 gplcms  134309 Feb  2 21:28 arguments.xml
-rwx------  1 cms415 gplcms   38581 Nov 19 14:52 cmscp.py
-rw-------  1 cms415 gplcms     562 Feb  2 23:20 cmscpReport.sh
-rwx------  1 cms415 gplcms   29498 Feb  2 21:28 condor_exec.exe
-rw-------  1 cms415 gplcms     544 Feb  2 12:16 crab.cfg
-rwx------  1 cms415 gplcms    8610 Nov 19 14:52 crabWatchdog.sh
-rwx---r--  1 cms415 gplcms  112093 Feb  2 23:19 crab_fjr_453.xml
-rwx------  1 cms415 gplcms 7390485 Feb  2 21:28 default.tgz
-rwx------  1 cms415 gplcms    4488 Nov 19 14:52 fillCrabFjr.py
-rw-------  1 cms415 gplcms     226 Feb  2 21:28 inputsReport.txt
-rw-------  1 cms415 gplcms     243 Feb  2 23:20 jobreport.txt
-rw-------  1 cms415 gplcms   17352 Nov 19 14:52 parseCrabFjr.py
-rw-------  1 cms415 gplcms     322 Feb  2 21:28 report.log
-rwx--x--x  1 cms415 gplcms    1497 Nov 19 14:52 report.py
-rw-------  1 cms415 gplcms     555 Feb  2 23:20 resultCopyFile
lrwxrwxrwx  1 cms415 gplcms      96 Feb  2 23:19 step2.root -> /scratch/condor/dir_13623/glide_bKyAwB/execute/dir_23341/CMSSW_6_2_0_SLHC12/step2_453_1_Xlm.root
-rwx------  1 cms415 gplcms    8351 Nov 19 14:52 writeCfg.py
-rw-------  1 cms415 gplcms   10293 Feb  2 21:28 x509up_u62281
>>> Modify Job Report:
CMSSW_VERSION = CMSSW_6_2_0_SLHC12
ProcessedDataset = ttbar_PU140_DIGI
/scratch/condor/dir_13623/glide_bKyAwB/execute/dir_23341/ProdCommon/FwkJobRep/ModifyJobReport.py fjr /scratch/condor/dir_13623/glide_bKyAwB/execute/dir_23341/crab_fjr_453.xml json /scratch/condor/dir_13623/glide_bKyAwB/execute/dir_23341/resultCopyFile n_job 453_1_Xlm PrimaryDataset ttbar  ApplicationFamily cmsRun ApplicationName cmsRun cmssw_version CMSSW_6_2_0_SLHC12 psethash 3c0380cf82de79bc39966c93934c61fc UserProcessedDataset dcieri-ttbar_PU140_DIGI-3c0380cf82de79bc39966c93934c61fc
inputDict =  {u'/scratch/condor/dir_13623/glide_bKyAwB/execute/dir_23341/CMSSW_6_2_0_SLHC12/step2_453_1_Xlm.root': {u'endpoint': u'srm://heplnx204.pp.rl.ac.uk:8443/srm/managerv2?SFN=/pnfs/pp.rl.ac.uk/data/cms/store/user/dcieri/ttbar_PU140_DIGI/dcieri/ttbar/ttbar_PU140_DIGI/3c0380cf82de79bc39966c93934c61fc/', u'surl_for_grid': u'', u'reason': u'Copy succedeed with srm-lcg utils', u'erCode': u'0', u'PNN': u'T2_UK_SGrid_RALPP', u'se_name': u'heplnx204.pp.rl.ac.uk', u'for_lfn': u'/store/user/dcieri/ttbar_PU140_DIGI/dcieri/ttbar/ttbar_PU140_DIGI/3c0380cf82de79bc39966c93934c61fc/'}}
UserProcessedDataset =  dcieri-ttbar_PU140_DIGI-3c0380cf82de79bc39966c93934c61fc
WORKING ON EDM FILE
file_name in inputDict =  /scratch/condor/dir_13623/glide_bKyAwB/execute/dir_23341/CMSSW_6_2_0_SLHC12/step2_453_1_Xlm.root
(size) os.stat(filename)[6] =  246692743
checksum =  3981625367
    file =  step2_453_1_Xlm.root
    newPfn =  srm://heplnx204.pp.rl.ac.uk:8443/srm/managerv2?SFN=/pnfs/pp.rl.ac.uk/data/cms/store/user/dcieri/ttbar_PU140_DIGI/dcieri/ttbar/ttbar_PU140_DIGI/3c0380cf82de79bc39966c93934c61fc/step2_453_1_Xlm.root
    newLfn =  /store/user/dcieri/ttbar_PU140_DIGI/dcieri/ttbar/ttbar_PU140_DIGI/3c0380cf82de79bc39966c93934c61fc/step2_453_1_Xlm.root
>>> crab_fjr_*.xml  permission set to 0704
CrabWrapper EXIT_FUNC entered at Mon Feb  2 23:20:48 GMT 2015   -  Mon Feb  2 23:20:48 UTC 2015
Checking output files:  
will tar file crab_fjr_453.xml in  out_files_453
WARNING: output file CMSSW_453.stdout not found!
WARNING: output file CMSSW_453.stderr not found!
WARNING: output file Watchdog_453.log.gz not found!
>>> padding time: Wrapper lasting more than 600 seconds. No sleep required.
STOPPING WATCHDOG. CrabWatchdog PID is 24590
********** LAST 50 LINES OF WATCHDOG LOG
 Feb 02 21:43:01 GMT	24748	844304	1247092	51	96	844	cmsRun -j /scratch/condor/dir_13623/glide_bKyAwB/execute/dir_23341/crab_fjr_453.xml -p pset.py      
 Feb 02 21:44:01 GMT	24748	864844	1264756	51	101	904	cmsRun -j /scratch/condor/dir_13623/glide_bKyAwB/execute/dir_23341/crab_fjr_453.xml -p pset.py      
 Feb 02 21:45:01 GMT	24748	942748	1341812	51	111	965	cmsRun -j /scratch/condor/dir_13623/glide_bKyAwB/execute/dir_23341/crab_fjr_453.xml -p pset.py      
 Feb 02 21:46:02 GMT	24748	1013964	1408884	51	120	1025	cmsRun -j /scratch/condor/dir_13623/glide_bKyAwB/execute/dir_23341/crab_fjr_453.xml -p pset.py      
 Feb 02 21:48:02 GMT	24748	1019388	1418356	51	127	1145	cmsRun -j /scratch/condor/dir_13623/glide_bKyAwB/execute/dir_23341/crab_fjr_453.xml -p pset.py      
 Feb 02 21:49:03 GMT	24748	1150540	1717040	51	158	1206	cmsRun -j /scratch/condor/dir_13623/glide_bKyAwB/execute/dir_23341/crab_fjr_453.xml -p pset.py      
 Feb 02 21:49:03 GMT	---	1150540	1717040	75	----	----	----
 Feb 02 21:50:03 GMT	24748	1153392	1720368	75	161	1266	cmsRun -j /scratch/condor/dir_13623/glide_bKyAwB/execute/dir_23341/crab_fjr_453.xml -p pset.py      
 Feb 02 21:51:03 GMT	24748	1163604	1720368	75	163	1326	cmsRun -j /scratch/condor/dir_13623/glide_bKyAwB/execute/dir_23341/crab_fjr_453.xml -p pset.py      
 Feb 02 21:52:03 GMT	24748	1170860	1720368	75	167	1386	cmsRun -j /scratch/condor/dir_13623/glide_bKyAwB/execute/dir_23341/crab_fjr_453.xml -p pset.py      
 Feb 02 21:53:03 GMT	24748	1172644	1720368	75	171	1446	cmsRun -j /scratch/condor/dir_13623/glide_bKyAwB/execute/dir_23341/crab_fjr_453.xml -p pset.py      
 Feb 02 21:56:04 GMT	24748	1174236	1720368	75	180	1627	cmsRun -j /scratch/condor/dir_13623/glide_bKyAwB/execute/dir_23341/crab_fjr_453.xml -p pset.py      
 Feb 02 21:57:04 GMT	24748	1177388	1720368	75	185	1687	cmsRun -j /scratch/condor/dir_13623/glide_bKyAwB/execute/dir_23341/crab_fjr_453.xml -p pset.py      
 Feb 02 21:58:04 GMT	24748	1180668	1723952	75	189	1747	cmsRun -j /scratch/condor/dir_13623/glide_bKyAwB/execute/dir_23341/crab_fjr_453.xml -p pset.py      
# TIME			PID	RSS(KB)	VSZ(KB)	Dsk(MB)	tCPU(s)	tWALL(s)	COMMAND
 Feb 02 21:59:04 GMT	24748	1183620	1725488	75	195	1807	cmsRun -j /scratch/condor/dir_13623/glide_bKyAwB/execute/dir_23341/crab_fjr_453.xml -p pset.py      
 Feb 02 22:00:04 GMT	24748	1280080	1727792	75	206	1868	cmsRun -j /scratch/condor/dir_13623/glide_bKyAwB/execute/dir_23341/crab_fjr_453.xml -p pset.py      
 Feb 02 22:01:05 GMT	24748	1326556	1727792	75	212	1928	cmsRun -j /scratch/condor/dir_13623/glide_bKyAwB/execute/dir_23341/crab_fjr_453.xml -p pset.py      
 Feb 02 22:02:05 GMT	24748	1368400	1741876	75	216	1988	cmsRun -j /scratch/condor/dir_13623/glide_bKyAwB/execute/dir_23341/crab_fjr_453.xml -p pset.py      
 Feb 02 22:03:05 GMT	24748	1428648	1784628	75	226	2048	cmsRun -j /scratch/condor/dir_13623/glide_bKyAwB/execute/dir_23341/crab_fjr_453.xml -p pset.py      
 Feb 02 22:04:05 GMT	---	1428648	1784628	97	----	----	----
 Feb 02 22:13:08 GMT	24748	1435976	1784628	97	302	2651	cmsRun -j /scratch/condor/dir_13623/glide_bKyAwB/execute/dir_23341/crab_fjr_453.xml -p pset.py      
 Feb 02 22:14:08 GMT	24748	1441520	1786164	97	307	2711	cmsRun -j /scratch/condor/dir_13623/glide_bKyAwB/execute/dir_23341/crab_fjr_453.xml -p pset.py      
 Feb 02 22:15:08 GMT	24748	1441520	1817100	97	332	2771	cmsRun -j /scratch/condor/dir_13623/glide_bKyAwB/execute/dir_23341/crab_fjr_453.xml -p pset.py      
 Feb 02 22:15:08 GMT	---	1441520	1817100	122	----	----	----
 Feb 02 22:23:09 GMT	24748	1441520	1829644	122	363	3253	cmsRun -j /scratch/condor/dir_13623/glide_bKyAwB/execute/dir_23341/crab_fjr_453.xml -p pset.py      
 Feb 02 22:26:10 GMT	24748	1441520	1835788	122	378	3433	cmsRun -j /scratch/condor/dir_13623/glide_bKyAwB/execute/dir_23341/crab_fjr_453.xml -p pset.py      
 Feb 02 22:27:10 GMT	24748	1441520	1849612	122	388	3493	cmsRun -j /scratch/condor/dir_13623/glide_bKyAwB/execute/dir_23341/crab_fjr_453.xml -p pset.py      
 Feb 02 22:28:10 GMT	---	1441520	1849612	142	----	----	----
 Feb 02 22:39:16 GMT	---	1441520	1849612	162	----	----	----
 Feb 02 22:51:20 GMT	---	1441520	1849612	183	----	----	----
 Feb 02 22:55:20 GMT	24748	1441520	1854988	183	606	5184	cmsRun -j /scratch/condor/dir_13623/glide_bKyAwB/execute/dir_23341/crab_fjr_453.xml -p pset.py      
 Feb 02 22:56:21 GMT	24748	1441520	1859596	183	615	5244	cmsRun -j /scratch/condor/dir_13623/glide_bKyAwB/execute/dir_23341/crab_fjr_453.xml -p pset.py      
 Feb 02 22:57:21 GMT	24748	1442820	1859596	183	633	5304	cmsRun -j /scratch/condor/dir_13623/glide_bKyAwB/execute/dir_23341/crab_fjr_453.xml -p pset.py      
 Feb 02 22:58:21 GMT	24748	1480024	1889036	183	639	5364	cmsRun -j /scratch/condor/dir_13623/glide_bKyAwB/execute/dir_23341/crab_fjr_453.xml -p pset.py      
 Feb 02 22:59:21 GMT	24748	1480024	1894924	183	667	5424	cmsRun -j /scratch/condor/dir_13623/glide_bKyAwB/execute/dir_23341/crab_fjr_453.xml -p pset.py      
 Feb 02 22:59:21 GMT	---	1480024	1894924	207	----	----	----
 Feb 02 23:00:21 GMT	24748	1480024	1897228	207	674	5485	cmsRun -j /scratch/condor/dir_13623/glide_bKyAwB/execute/dir_23341/crab_fjr_453.xml -p pset.py      
 Feb 02 23:02:22 GMT	24748	1480024	1897996	207	682	5605	cmsRun -j /scratch/condor/dir_13623/glide_bKyAwB/execute/dir_23341/crab_fjr_453.xml -p pset.py      
 Feb 02 23:03:22 GMT	24748	1480024	1899020	207	687	5665	cmsRun -j /scratch/condor/dir_13623/glide_bKyAwB/execute/dir_23341/crab_fjr_453.xml -p pset.py      
 Feb 02 23:04:22 GMT	24748	1496340	1904652	207	691	5725	cmsRun -j /scratch/condor/dir_13623/glide_bKyAwB/execute/dir_23341/crab_fjr_453.xml -p pset.py      
 Feb 02 23:05:22 GMT	24748	1501816	1907212	207	696	5786	cmsRun -j /scratch/condor/dir_13623/glide_bKyAwB/execute/dir_23341/crab_fjr_453.xml -p pset.py      
 Feb 02 23:06:23 GMT	24748	1504180	1907724	207	702	5846	cmsRun -j /scratch/condor/dir_13623/glide_bKyAwB/execute/dir_23341/crab_fjr_453.xml -p pset.py      
 Feb 02 23:07:23 GMT	24748	1530708	1913612	207	712	5907	cmsRun -j /scratch/condor/dir_13623/glide_bKyAwB/execute/dir_23341/crab_fjr_453.xml -p pset.py      
 Feb 02 23:08:25 GMT	24748	1616696	1987596	207	734	5968	cmsRun -j /scratch/condor/dir_13623/glide_bKyAwB/execute/dir_23341/crab_fjr_453.xml -p pset.py      
# TIME			PID	RSS(KB)	VSZ(KB)	Dsk(MB)	tCPU(s)	tWALL(s)	COMMAND
 Feb 02 23:09:25 GMT	---	1616696	1987596	227	----	----	----
 Feb 02 23:13:25 GMT	---	1616696	1987596	248	----	----	----
 Feb 02 23:18:26 GMT	24748	1616696	1994772	248	890	6570	cmsRun -j /scratch/condor/dir_13623/glide_bKyAwB/execute/dir_23341/crab_fjr_453.xml -p pset.py      
 Feb 02 23:20:27 GMT	---	1616696	1994772	273	----	----	----
********** WATCHDOG LOG ENDED
ZIPPING WATCHDOG LOG
Disk space used:
du -sh /scratch/condor/dir_13623/glide_bKyAwB/execute/dir_23341
273M	/scratch/condor/dir_13623/glide_bKyAwB/execute/dir_23341
Found unusual stdout, rename for OSB
`/scratch/condor/dir_13623/glide_bKyAwB/execute/dir_23341/_condor_stdout' -> `CMSSW_453.stdout'
Found unusual stderr, rename for OSB
`/scratch/condor/dir_13623/glide_bKyAwB/execute/dir_23341/_condor_stdout' -> `CMSSW_453.stderr'
crab_fjr_453.xml
CMSSW_453.stdout
CMSSW_453.stderr
Watchdog_453.log.gz
Total Output dimension: 24122
WARNING: output files size limit is set to: 50000000
Total Output dimension 24122 is fine.
JOB_EXIT_STATUS = 0
>>> info for dashboard:
***** Cat /scratch/condor/dir_13623/glide_bKyAwB/execute/dir_23341/jobreport.txt *****
MonitorJobID=453_https://submit-6.t2.ucsd.edu//150202//509448.52
MonitorID=dcieri_PU140_4dm08r
ExeTime=6653
ExeExitCode=0
StageOutExitStatusReason = 'Copy succedeed with srm-lcg utils'
StageOutSE = heplnx204.pp.rl.ac.uk
StageOutExitStatus = 0
CrabUserCpuTime=895.19
CrabSysCpuTime=26.86
CrabCpuPercentage=13%
CrabWrapperTime=6715
CrabStageoutTime=48
JobExitCode=0
***** End Cat jobreport *****
Parameters sent to Dashboard.
EXITING at Mon Feb  2 23:20:50 GMT 2015  -  Mon Feb  2 23:20:50 UTC 2015
