This script was generated by crab (version 2.11.1_patch1).
Running /scratch/condor/dir_5321/glide_gCEGxE/execute/dir_31567/condor_exec.exe with 2 positional parameters: 294 1
Today is Mon Feb  2 20:26:18 GMT 2015 - Mon Feb  2 20:26:18 UTC 2015
Job submitted on host heplnc318.pp.rl.ac.uk
Linux heplnc318.pp.rl.ac.uk 2.6.32-504.3.3.el6.x86_64 #1 SMP Tue Dec 16 14:29:22 CST 2014 x86_64 x86_64 x86_64 GNU/Linux
Distributor ID:	Scientific
Description:	Scientific Linux release 6.6 (Carbon)
>>> current directory (RUNTIME_AREA): /scratch/condor/dir_5321/glide_gCEGxE/execute/dir_31567
>>> current user: uid=157415(cms415) gid=157000(gplcms) groups=157000(gplcms)
>>> directory permission set to 0700
>>> umask set to:  u=rwx,g=,o=
>>> stdout stderr permission set to 0704
>>> voms proxy information:
subject   : /DC=ch/DC=cern/OU=Organic Units/OU=Users/CN=dcieri/CN=755391/CN=Davide Cieri/CN=769881070/CN=475044262
issuer    : /DC=ch/DC=cern/OU=Organic Units/OU=Users/CN=dcieri/CN=755391/CN=Davide Cieri/CN=769881070
identity  : /DC=ch/DC=cern/OU=Organic Units/OU=Users/CN=dcieri/CN=755391/CN=Davide Cieri
type      : RFC3820 compliant limited proxy
strength  : 1024
path      : /scratch/condor/dir_5321/glide_gCEGxE/execute/dir_31567/x509up_u62281
timeleft  : 23:58:35
key usage : Digital Signature, Key Encipherment
=== VO cms extension information ===
VO        : cms
subject   : /DC=ch/DC=cern/OU=Organic Units/OU=Users/CN=dcieri/CN=755391/CN=Davide Cieri
issuer    : /DC=ch/DC=cern/OU=computers/CN=lcg-voms2.cern.ch
attribute : /cms/Role=NULL/Capability=NULL
timeleft  : 183:50:06
uri       : lcg-voms2.cern.ch:15002

WNHostName=heplnc318.pp.rl.ac.uk
$_CONDOR_JOB_AD =/scratch/condor/dir_5321/glide_gCEGxE/execute/dir_31567/.job.ad
OverflowFlag=0
>>> tar --no-same-permissions -xf /scratch/condor/dir_5321/glide_gCEGxE/execute/dir_31567/default.tgz :
Successful untar
>>> Include /scratch/condor/dir_5321/glide_gCEGxE/execute/dir_31567 in PYTHONPATH:
strip arguments
env var CRAB_UNIQUE_JOB_ID set to: dcieri_PU140_4dm08r_294_1_Ai6
out_files_294
>>> list of expected files on output sandbox
output files: crab_fjr_294.xml CMSSW_294.stdout CMSSW_294.stderr Watchdog_294.log.gz
>>> GridFlavour discovery: 
GridFlavour=LCG
>>> SyncSite discovery: 
SyncSite=T2_UK_SGrid_RALPP
>>> SyncCE discovery: 
getting SyncCE from GLIDEIN_Gaekeeper
SyncCE=heplnv146.pp.rl.ac.uk
>>> info for dashboard:
***** Cat /scratch/condor/dir_5321/glide_gCEGxE/execute/dir_31567/jobreport.txt *****
WNHostName=heplnc318.pp.rl.ac.uk
OverflowFlag=0
MonitorJobID=294_https://submit-6.t2.ucsd.edu//150202//509447.293
SyncGridJobId=https://submit-6.t2.ucsd.edu//150202//509447.293
MonitorID=dcieri_PU140_4dm08r
GridFlavour=LCG
SyncSite=T2_UK_SGrid_RALPP
SyncCE=heplnv146.pp.rl.ac.uk
***** End Cat jobreport *****
Parameters sent to Dashboard.
>>> setup environment
set SCRAM ARCH to slc6_amd64_gcc472
SCRAM_ARCH = slc6_amd64_gcc472
>>> setup CMS LCG environment:
set SCRAM ARCH and BUILD_ARCH to slc6_amd64_gcc472 ###
Sourcing environment... 
sourcing /cvmfs/cms.cern.ch/cmsset_default.sh
==> setup cms environment ok
>>> specific cmssw setup environment:
CMSSW_VERSION =  CMSSW_6_2_0_SLHC12
WARNING: In non-interactive mode release checks e.g. deprecated releases, production architectures are disabled.
>>> current directory (SOFTWARE_DIR): /scratch/condor/dir_5321/glide_gCEGxE/execute/dir_31567/CMSSW_6_2_0_SLHC12
PreserveSeeds: <>
IncrementSeeds:<>
>>> info for dashboard:
***** Cat /scratch/condor/dir_5321/glide_gCEGxE/execute/dir_31567/jobreport.txt *****
MonitorJobID=294_https://submit-6.t2.ucsd.edu//150202//509447.293
MonitorID=dcieri_PU140_4dm08r
***** End Cat jobreport *****
Parameters sent to Dashboard.
crabWatchdog started as process 32151
>>> moving CMSSW software directories in /scratch/condor/dir_5321/glide_gCEGxE/execute/dir_31567/CMSSW_6_2_0_SLHC12
mv: cannot stat `/scratch/condor/dir_5321/glide_gCEGxE/execute/dir_31567/module/': No such file or directory
>>> Include /scratch/condor/dir_5321/glide_gCEGxE/execute/dir_31567 in PYTHONPATH:
PYTHONPATH=/scratch/condor/dir_5321/glide_gCEGxE/execute/dir_31567/:/scratch/condor/dir_5321/glide_gCEGxE/execute/dir_31567/CMSSW_6_2_0_SLHC12/python:/scratch/condor/dir_5321/glide_gCEGxE/execute/dir_31567/CMSSW_6_2_0_SLHC12/lib/slc6_amd64_gcc472:/cvmfs/cms.cern.ch/slc6_amd64_gcc472/cms/cmssw/CMSSW_6_2_0_SLHC12/python:/cvmfs/cms.cern.ch/slc6_amd64_gcc472/cms/cmssw/CMSSW_6_2_0_SLHC12/lib/slc6_amd64_gcc472:/cvmfs/cms.cern.ch/slc6_amd64_gcc472/cms/coral/CORAL_2_3_21-cms35/slc6_amd64_gcc472/python:/cvmfs/cms.cern.ch/slc6_amd64_gcc472/cms/coral/CORAL_2_3_21-cms35/slc6_amd64_gcc472/lib:/cvmfs/cms.cern.ch/slc6_amd64_gcc472/external/python-ldap/2.3.5-cms5/lib/python2.7/site-packages:/cvmfs/cms.cern.ch/slc6_amd64_gcc472/external/pyqt/4.8.1-cms5/lib/python2.7/site-packages:/cvmfs/cms.cern.ch/slc6_amd64_gcc472/external/py2-scipy/0.8.0-cms7/lib/python2.7/site-packages:/cvmfs/cms.cern.ch/slc6_amd64_gcc472/external/py2-matplotlib/1.0.1-cms7/lib/python2.7/site-packages:/cvmfs/cms.cern.ch/slc6_amd64_gcc472/external/sip/4.11.2-cms5/lib/python2.7/site-packages:/cvmfs/cms.cern.ch/slc6_amd64_gcc472/external/py2-pycurl/7.19.0-cms7/lib/python2.7/site-packages:/cvmfs/cms.cern.ch/slc6_amd64_gcc472/external/py2-numpy/1.6.1-cms7/lib/python2.7/site-packages:/cvmfs/cms.cern.ch/slc6_amd64_gcc472/external/py2-lint/0.25.1-cms5/lib/python2.7/site-packages:/cvmfs/cms.cern.ch/slc6_amd64_gcc472/external/py2-ipython/0.10-cms5/lib/python2.7/site-packages:/cvmfs/cms.cern.ch/slc6_amd64_gcc472/external/py2-cx-oracle/5.1-cms5/lib/python2.7/site-packages:/cvmfs/cms.cern.ch/slc6_amd64_gcc472/external/py2-cjson/1.0.5-cms5/lib/python2.7/site-packages:/cvmfs/cms.cern.ch/slc6_amd64_gcc472/cms/das-client/1.11.7/bin:/cvmfs/cms.cern.ch/slc6_amd64_gcc472/external/elementtree/1.2.6-cms5/share/lib/python2.7/site-packages:/cvmfs/cms.cern.ch/slc6_amd64_gcc472/external/rivet/1.8.2-cms9/lib/python2.7/site-packages:/cvmfs/cms.cern.ch/slc6_amd64_gcc472/external/pyminuit2/0.0.1-cms19/lib/python2.7/site-packages:/cvmfs/cms.cern.ch/slc6_amd64_gcc472/external/py2-pygithub/1.23.0-cms2/lib/python2.7/site-packages:/cvmfs/cms.cern.ch/slc6_amd64_gcc472/external/professor/1.0.0-cms19/lib/python2.7/site-packages:/cvmfs/cms.cern.ch/slc6_amd64_gcc472/lcg/root/5.34.07-cms/lib:/cvmfs/cms.cern.ch/slc6_amd64_gcc472/cms/dbs-client/DBS_2_1_9-cms5/lib:/cvmfs/cms.cern.ch/slc6_amd64_gcc472/cms/dbs-client/DBS_2_1_9-cms5/lib/DBSAPI:/cvmfs/cms.cern.ch/slc6_amd64_gcc472/external/cvs2git/5419-cms/lib:/scratch/condor/dir_5321/glide_gCEGxE/execute/dir_31567/
 
# LIMITS USED BY CRAB WATCHDOG:
# RSS  (KBytes)   : 2300000
# VSZ  (KBytes)   : 100000000
# DISK (MBytes)   : 19000
# CPU TIME        : 720h:0m:0s
# WALL CLOCK TIME : 21h:50m:0s
 
3c0380cf82de79bc39966c93934c61fc
PSETHASH = 3c0380cf82de79bc39966c93934c61fc
/scratch/condor/dir_5321/glide_gCEGxE/execute/dir_31567/writeCfg.py pset.py pset.py
Importing .py file
Setting parameters
RandomNumberGeneratorService found, will attempt to change seeds
inputBlocks=/ttbar/dcieri-ttbar_SIM-130075366148575c102f0d64fd3ac8f7/USER#7b37175b-029a-4723-ac30-87f0f216faab
inputFiles=/store/user/dcieri/ttbar_SIM/ttbar/ttbar_SIM/150129_145223/0000/step1_25.root
parentFiles=
lumisRange=
>>> Executable cmsRun
/cvmfs/cms.cern.ch/slc6_amd64_gcc472/cms/cmssw/CMSSW_6_2_0_SLHC12/bin/slc6_amd64_gcc472/cmsRun
ok executable found
>>> info for dashboard:
***** Cat /scratch/condor/dir_5321/glide_gCEGxE/execute/dir_31567/jobreport.txt *****
MonitorJobID=294_https://submit-6.t2.ucsd.edu//150202//509447.293
MonitorID=dcieri_PU140_4dm08r
ExeStart=cmsRun
***** End Cat jobreport *****
Parameters sent to Dashboard.
>>> cmsRun started at Mon Feb  2 20:26:27 UTC 2015
>>> cmsRun ended at Mon Feb  2 23:07:32 UTC 2015
>>> crab_fjr_*.xml  permission set to 0704
>>> info for dashboard:
***** Cat /scratch/condor/dir_5321/glide_gCEGxE/execute/dir_31567/jobreport.txt *****
MonitorJobID=294_https://submit-6.t2.ucsd.edu//150202//509447.293
MonitorID=dcieri_PU140_4dm08r
ExeEnd=cmsRun
***** End Cat jobreport *****
Parameters sent to Dashboard.
TIME_EXE = 9665 sec
>>> cmsRun wrote 224 lines of stdout+stderr
>>> START OF printout of 224 lines from stdout+stderr
271 DQMStore::DQMStore 
HcalTopologyIdealEP::HcalTopologyIdealEP
02-Feb-2015 20:26:38 GMT  Initiating request to open file root://dcap.pp.rl.ac.uk:1094/pnfs/pp.rl.ac.uk/data/cms/store/user/dcieri/ttbar_SIM/ttbar/ttbar_SIM/150129_145223/0000/step1_25.root
150202 20:26:41 32397 Xrd: CheckErrorStatus: Server [heplnx209.pp.rl.ac.uk:1094] declared: Request 3018 not supported(error code: 3013)
02-Feb-2015 20:26:41 GMT  Successfully opened file root://dcap.pp.rl.ac.uk:1094/pnfs/pp.rl.ac.uk/data/cms/store/user/dcieri/ttbar_SIM/ttbar/ttbar_SIM/150129_145223/0000/step1_25.root
02-Feb-2015 20:26:42 GMT  Initiating request to open file root://xrootd.unl.edu//store/group/dpg_trigger/comm_trigger/L1TrackTrigger/620_SLHC10/Extended2023TTI/MinBias/MinBias_TuneZ2star_GEN_SIM_1.root
02-Feb-2015 20:27:14 GMT  Successfully opened file root://xrootd.unl.edu//store/group/dpg_trigger/comm_trigger/L1TrackTrigger/620_SLHC10/Extended2023TTI/MinBias/MinBias_TuneZ2star_GEN_SIM_1.root
disableME1a = 0
HcalTopologyIdealEP::produce(const IdealGeometryRecord& iRecord)
mode = 2, maxDepthHB = 3, maxDepthHE = 5
RPCGeometryESModule :: produce
RPCGeometryESModule :: produce :: 1/4 Get Muon Ideal Geometry Record
RPCGeometryESModule :: produce :: 2/4 Get Muon DDD Constants
RPCGeometryESModule :: produce :: 3/4 Get Muon Numbering Record
in MuonNumberingInitialization::initializeMuonDDDConstants
about to make my new muonDDDConst_
in MuonNumberingInitialization::produce
RPCGeometryESModule :: produce :: 4/4 Build
Found:

	Barrel Stack layer 5 : 1008 stacks
	Barrel Stack layer 6 : 1320 stacks
	Barrel Stack layer 7 : 1836 stacks
	Barrel Stack layer 8 : 1152 stacks
	Barrel Stack layer 9 : 1488 stacks
	Barrel Stack layer 10 : 1824 stacks

	Endcap Stack disk 11 : 1360 stacks
	Endcap Stack disk 12 : 1360 stacks
	Endcap Stack disk 13 : 1360 stacks
	Endcap Stack disk 14 : 1360 stacks
	Endcap Stack disk 15 : 1360 stacks
Created 15428 stacks in 30 s

TTClusterBuilder< edm::Ref<edm::DetSetVector<PixelDigi>, PixelDigi, edm::refhelper::FindForDetSetVector<PixelDigi> > > loaded modules:
	TTClusterAlgorithm:	TTClusterAlgorithm_2d2013< edm::Ref<edm::DetSetVector<PixelDigi>, PixelDigi, edm::refhelper::FindForDetSetVector<PixelDigi> > >


TTStubBuilder< edm::Ref<edm::DetSetVector<PixelDigi>, PixelDigi, edm::refhelper::FindForDetSetVector<PixelDigi> > > loaded modules:
	TTStubAlgorithm:	TTStubAlgorithm_tab2013< edm::Ref<edm::DetSetVector<PixelDigi>, PixelDigi, edm::refhelper::FindForDetSetVector<PixelDigi> > >


TTClusterAssociator< edm::Ref<edm::DetSetVector<PixelDigi>, PixelDigi, edm::refhelper::FindForDetSetVector<PixelDigi> > > loaded.


TTStubAssociator< edm::Ref<edm::DetSetVector<PixelDigi>, PixelDigi, edm::refhelper::FindForDetSetVector<PixelDigi> > > loaded.


TTTrackAssociator< edm::Ref<edm::DetSetVector<PixelDigi>, PixelDigi, edm::refhelper::FindForDetSetVector<PixelDigi> > > loaded.

Begin processing the 1st record. Run 1, Event 241, LumiSection 25 at 02-Feb-2015 20:28:04.377 GMT
02-Feb-2015 20:28:11 GMT  Closed file root://xrootd.unl.edu//store/group/dpg_trigger/comm_trigger/L1TrackTrigger/620_SLHC10/Extended2023TTI/MinBias/MinBias_TuneZ2star_GEN_SIM_1.root
02-Feb-2015 20:28:11 GMT  Initiating request to open file root://xrootd.unl.edu//store/group/dpg_trigger/comm_trigger/L1TrackTrigger/620_SLHC10/Extended2023TTI/MinBias/MinBias_TuneZ2star_GEN_SIM_48.root
02-Feb-2015 20:28:42 GMT  Successfully opened file root://xrootd.unl.edu//store/group/dpg_trigger/comm_trigger/L1TrackTrigger/620_SLHC10/Extended2023TTI/MinBias/MinBias_TuneZ2star_GEN_SIM_48.root
150202 20:33:39 32531 Xrd: XrdClientMessage::ReadRaw: Failed to read header (8 bytes).
150202 20:34:09 32529 Xrd: XrdClientMessage::ReadRaw: Failed to read header (8 bytes).
02-Feb-2015 20:39:30 GMT  Closed file root://xrootd.unl.edu//store/group/dpg_trigger/comm_trigger/L1TrackTrigger/620_SLHC10/Extended2023TTI/MinBias/MinBias_TuneZ2star_GEN_SIM_48.root
02-Feb-2015 20:39:30 GMT  Initiating request to open file root://xrootd.unl.edu//store/group/dpg_trigger/comm_trigger/L1TrackTrigger/620_SLHC10/Extended2023TTI/MinBias/MinBias_TuneZ2star_GEN_SIM_103.root
150202 20:40:01 4978 Xrd: CheckErrorStatus: Server [llrxrd-redir.in2p3.fr:1094] declared: session not found(error code: 3011)
02-Feb-2015 20:40:02 GMT  Successfully opened file root://xrootd.unl.edu//store/group/dpg_trigger/comm_trigger/L1TrackTrigger/620_SLHC10/Extended2023TTI/MinBias/MinBias_TuneZ2star_GEN_SIM_103.root
150202 20:44:39 678 Xrd: XrdClientMessage::ReadRaw: Failed to read header (8 bytes).
150202 20:45:09 4985 Xrd: XrdClientMessage::ReadRaw: Failed to read header (8 bytes).
150202 20:47:08 32406 Xrd: XrdClientMessage::ReadRaw: Failed to read header (8 bytes).
150202 20:47:39 32528 Xrd: XrdClientMessage::ReadRaw: Failed to read header (8 bytes).
02-Feb-2015 20:48:56 GMT  Closed file root://xrootd.unl.edu//store/group/dpg_trigger/comm_trigger/L1TrackTrigger/620_SLHC10/Extended2023TTI/MinBias/MinBias_TuneZ2star_GEN_SIM_103.root
02-Feb-2015 20:48:56 GMT  Initiating request to open file root://xrootd.unl.edu//store/group/dpg_trigger/comm_trigger/L1TrackTrigger/620_SLHC10/Extended2023TTI/MinBias/MinBias_TuneZ2star_GEN_SIM_836.root
150202 20:49:06 8881 Xrd: CheckErrorStatus: Server [cms-xrd-global.cern.ch:1094] declared: session not found(error code: 3011)
150202 20:49:06 8881 Xrd: CheckErrorStatus: Server [xrootd.ba.infn.it:1094] declared: session not found(error code: 3011)
02-Feb-2015 20:49:06 GMT  Successfully opened file root://xrootd.unl.edu//store/group/dpg_trigger/comm_trigger/L1TrackTrigger/620_SLHC10/Extended2023TTI/MinBias/MinBias_TuneZ2star_GEN_SIM_836.root
Building the geometry service
Warning did not find digi
Warning did not find digi
Warning did not find digi
Warning did not find digi
Warning did not find digi in disks
Warning did not find digi in disks
Warning did not find digi in disks
Warning did not find digi in disks
150202 20:54:08 4986 Xrd: XrdClientMessage::ReadRaw: Failed to read header (8 bytes).
150202 20:54:09 8965 Xrd: XrdClientMessage::ReadRaw: Failed to read header (8 bytes).
02-Feb-2015 20:58:24 GMT  Closed file root://xrootd.unl.edu//store/group/dpg_trigger/comm_trigger/L1TrackTrigger/620_SLHC10/Extended2023TTI/MinBias/MinBias_TuneZ2star_GEN_SIM_836.root
02-Feb-2015 20:58:24 GMT  Initiating request to open file root://xrootd.unl.edu//store/group/dpg_trigger/comm_trigger/L1TrackTrigger/620_SLHC10/Extended2023TTI/MinBias/MinBias_TuneZ2star_GEN_SIM_256.root
150202 20:58:56 13116 Xrd: CheckErrorStatus: Server [xrootd-redic.pi.infn.it:1094] declared: session not found(error code: 3011)
02-Feb-2015 20:58:56 GMT  Successfully opened file root://xrootd.unl.edu//store/group/dpg_trigger/comm_trigger/L1TrackTrigger/620_SLHC10/Extended2023TTI/MinBias/MinBias_TuneZ2star_GEN_SIM_256.root
150202 21:00:09 677 Xrd: XrdClientMessage::ReadRaw: Failed to read header (8 bytes).
150202 21:03:39 8966 Xrd: XrdClientMessage::ReadRaw: Failed to read header (8 bytes).
150202 21:04:09 13387 Xrd: XrdClientMessage::ReadRaw: Failed to read header (8 bytes).
02-Feb-2015 21:07:21 GMT  Closed file root://xrootd.unl.edu//store/group/dpg_trigger/comm_trigger/L1TrackTrigger/620_SLHC10/Extended2023TTI/MinBias/MinBias_TuneZ2star_GEN_SIM_256.root
02-Feb-2015 21:07:21 GMT  Initiating request to open file root://xrootd.unl.edu//store/group/dpg_trigger/comm_trigger/L1TrackTrigger/620_SLHC10/Extended2023TTI/MinBias/MinBias_TuneZ2star_GEN_SIM_48.root
150202 21:09:08 8961 Xrd: XrdClientMessage::ReadRaw: Failed to read header (8 bytes).
150202 21:11:06 16680 Xrd: CheckErrorStatus: Server [cms-xrd-global.cern.ch:1094] declared: session not found(error code: 3011)
150202 21:11:06 16680 Xrd: CheckErrorStatus: Server [xrootd.ba.infn.it:1094] declared: session not found(error code: 3011)
150202 21:11:06 16680 Xrd: CheckErrorStatus: Server [eoscms.cern.ch:1094] declared: session not found(error code: 3011)
02-Feb-2015 21:11:07 GMT  Successfully opened file root://xrootd.unl.edu//store/group/dpg_trigger/comm_trigger/L1TrackTrigger/620_SLHC10/Extended2023TTI/MinBias/MinBias_TuneZ2star_GEN_SIM_48.root
150202 21:12:39 13388 Xrd: XrdClientMessage::ReadRaw: Failed to read header (8 bytes).
150202 21:16:09 18060 Xrd: XrdClientMessage::ReadRaw: Failed to read header (8 bytes).
150202 21:19:09 13386 Xrd: XrdClientMessage::ReadRaw: Failed to read header (8 bytes).
02-Feb-2015 21:21:30 GMT  Closed file root://xrootd.unl.edu//store/group/dpg_trigger/comm_trigger/L1TrackTrigger/620_SLHC10/Extended2023TTI/MinBias/MinBias_TuneZ2star_GEN_SIM_48.root
02-Feb-2015 21:21:30 GMT  Initiating request to open file root://xrootd.unl.edu//store/group/dpg_trigger/comm_trigger/L1TrackTrigger/620_SLHC10/Extended2023TTI/MinBias/MinBias_TuneZ2star_GEN_SIM_618.root
150202 21:22:01 22111 Xrd: CheckErrorStatus: Server [xrootd.ba.infn.it:1094] declared: session not found(error code: 3011)
02-Feb-2015 21:22:02 GMT  Successfully opened file root://xrootd.unl.edu//store/group/dpg_trigger/comm_trigger/L1TrackTrigger/620_SLHC10/Extended2023TTI/MinBias/MinBias_TuneZ2star_GEN_SIM_618.root
150202 21:26:39 18061 Xrd: XrdClientMessage::ReadRaw: Failed to read header (8 bytes).
150202 21:27:09 22345 Xrd: XrdClientMessage::ReadRaw: Failed to read header (8 bytes).
02-Feb-2015 21:31:19 GMT  Closed file root://xrootd.unl.edu//store/group/dpg_trigger/comm_trigger/L1TrackTrigger/620_SLHC10/Extended2023TTI/MinBias/MinBias_TuneZ2star_GEN_SIM_618.root
02-Feb-2015 21:31:19 GMT  Initiating request to open file root://xrootd.unl.edu//store/group/dpg_trigger/comm_trigger/L1TrackTrigger/620_SLHC10/Extended2023TTI/MinBias/MinBias_TuneZ2star_GEN_SIM_644.root
150202 21:31:50 25864 Xrd: CheckErrorStatus: Server [cms-xrd-global.cern.ch:1094] declared: session not found(error code: 3011)
150202 21:31:50 25864 Xrd: CheckErrorStatus: Server [llrxrd-redir.in2p3.fr:1094] declared: session not found(error code: 3011)
02-Feb-2015 21:31:51 GMT  Successfully opened file root://xrootd.unl.edu//store/group/dpg_trigger/comm_trigger/L1TrackTrigger/620_SLHC10/Extended2023TTI/MinBias/MinBias_TuneZ2star_GEN_SIM_644.root
150202 21:36:39 22346 Xrd: XrdClientMessage::ReadRaw: Failed to read header (8 bytes).
150202 21:37:09 26210 Xrd: XrdClientMessage::ReadRaw: Failed to read header (8 bytes).
DTTSPhi::addTracoT: preview not present in TRACO trigger or its code=0  trigger not added!
DTTSPhi::addTracoT: preview not present in TRACO trigger or its code=0  trigger not added!
02-Feb-2015 21:41:16 GMT  Closed file root://xrootd.unl.edu//store/group/dpg_trigger/comm_trigger/L1TrackTrigger/620_SLHC10/Extended2023TTI/MinBias/MinBias_TuneZ2star_GEN_SIM_644.root
02-Feb-2015 21:41:16 GMT  Initiating request to open file root://xrootd.unl.edu//store/group/dpg_trigger/comm_trigger/L1TrackTrigger/620_SLHC10/Extended2023TTI/MinBias/MinBias_TuneZ2star_GEN_SIM_813.root
150202 21:41:47 29766 Xrd: CheckErrorStatus: Server [xrootd.ba.infn.it:1094] declared: session not found(error code: 3011)
02-Feb-2015 21:41:47 GMT  Successfully opened file root://xrootd.unl.edu//store/group/dpg_trigger/comm_trigger/L1TrackTrigger/620_SLHC10/Extended2023TTI/MinBias/MinBias_TuneZ2star_GEN_SIM_813.root
150202 21:46:39 26211 Xrd: XrdClientMessage::ReadRaw: Failed to read header (8 bytes).
150202 21:47:08 30113 Xrd: XrdClientMessage::ReadRaw: Failed to read header (8 bytes).
02-Feb-2015 21:48:46 GMT  Closed file root://xrootd.unl.edu//store/group/dpg_trigger/comm_trigger/L1TrackTrigger/620_SLHC10/Extended2023TTI/MinBias/MinBias_TuneZ2star_GEN_SIM_813.root
02-Feb-2015 21:48:46 GMT  Initiating request to open file root://xrootd.unl.edu//store/group/dpg_trigger/comm_trigger/L1TrackTrigger/620_SLHC10/Extended2023TTI/MinBias/MinBias_TuneZ2star_GEN_SIM_704.root
150202 21:49:17 717 Xrd: CheckErrorStatus: Server [cms-xrd-global.cern.ch:1094] declared: session not found(error code: 3011)
150202 21:49:18 717 Xrd: CheckErrorStatus: Server [xrootd-redic.pi.infn.it:1094] declared: session not found(error code: 3011)
02-Feb-2015 21:49:19 GMT  Successfully opened file root://xrootd.unl.edu//store/group/dpg_trigger/comm_trigger/L1TrackTrigger/620_SLHC10/Extended2023TTI/MinBias/MinBias_TuneZ2star_GEN_SIM_704.root
150202 21:52:09 26209 Xrd: XrdClientMessage::ReadRaw: Failed to read header (8 bytes).
150202 21:54:09 30114 Xrd: XrdClientMessage::ReadRaw: Failed to read header (8 bytes).
150202 21:54:38 966 Xrd: XrdClientMessage::ReadRaw: Failed to read header (8 bytes).
02-Feb-2015 21:57:41 GMT  Closed file root://xrootd.unl.edu//store/group/dpg_trigger/comm_trigger/L1TrackTrigger/620_SLHC10/Extended2023TTI/MinBias/MinBias_TuneZ2star_GEN_SIM_704.root
02-Feb-2015 21:57:41 GMT  Initiating request to open file root://xrootd.unl.edu//store/group/dpg_trigger/comm_trigger/L1TrackTrigger/620_SLHC10/Extended2023TTI/MinBias/MinBias_TuneZ2star_GEN_SIM_804.root
150202 21:58:12 4831 Xrd: CheckErrorStatus: Server [xrootd.ba.infn.it:1094] declared: session not found(error code: 3011)
02-Feb-2015 21:58:12 GMT  Successfully opened file root://xrootd.unl.edu//store/group/dpg_trigger/comm_trigger/L1TrackTrigger/620_SLHC10/Extended2023TTI/MinBias/MinBias_TuneZ2star_GEN_SIM_804.root
150202 22:03:09 974 Xrd: XrdClientMessage::ReadRaw: Failed to read header (8 bytes).
150202 22:03:39 4951 Xrd: XrdClientMessage::ReadRaw: Failed to read header (8 bytes).
02-Feb-2015 22:05:55 GMT  Closed file root://xrootd.unl.edu//store/group/dpg_trigger/comm_trigger/L1TrackTrigger/620_SLHC10/Extended2023TTI/MinBias/MinBias_TuneZ2star_GEN_SIM_804.root
02-Feb-2015 22:05:55 GMT  Initiating request to open file root://xrootd.unl.edu//store/group/dpg_trigger/comm_trigger/L1TrackTrigger/620_SLHC10/Extended2023TTI/MinBias/MinBias_TuneZ2star_GEN_SIM_452.root
150202 22:06:42 13118 Xrd: CheckErrorStatus: Server [xrootd.ba.infn.it:1094] declared: session not found(error code: 3011)
150202 22:06:42 13118 Xrd: CheckErrorStatus: Server [eoscms.cern.ch:1094] declared: session not found(error code: 3011)
02-Feb-2015 22:06:43 GMT  Successfully opened file root://xrootd.unl.edu//store/group/dpg_trigger/comm_trigger/L1TrackTrigger/620_SLHC10/Extended2023TTI/MinBias/MinBias_TuneZ2star_GEN_SIM_452.root
150202 22:09:39 965 Xrd: XrdClientMessage::ReadRaw: Failed to read header (8 bytes).
02-Feb-2015 22:10:12 GMT  Closed file root://xrootd.unl.edu//store/group/dpg_trigger/comm_trigger/L1TrackTrigger/620_SLHC10/Extended2023TTI/MinBias/MinBias_TuneZ2star_GEN_SIM_452.root
02-Feb-2015 22:10:12 GMT  Initiating request to open file root://xrootd.unl.edu//store/group/dpg_trigger/comm_trigger/L1TrackTrigger/620_SLHC10/Extended2023TTI/MinBias/MinBias_TuneZ2star_GEN_SIM_152.root
02-Feb-2015 22:10:47 GMT  Successfully opened file root://xrootd.unl.edu//store/group/dpg_trigger/comm_trigger/L1TrackTrigger/620_SLHC10/Extended2023TTI/MinBias/MinBias_TuneZ2star_GEN_SIM_152.root
150202 22:11:09 4952 Xrd: XrdClientMessage::ReadRaw: Failed to read header (8 bytes).
150202 22:15:39 13239 Xrd: XrdClientMessage::ReadRaw: Failed to read header (8 bytes).
150202 22:16:09 13238 Xrd: XrdClientMessage::ReadRaw: Failed to read header (8 bytes).
02-Feb-2015 22:18:24 GMT  Closed file root://xrootd.unl.edu//store/group/dpg_trigger/comm_trigger/L1TrackTrigger/620_SLHC10/Extended2023TTI/MinBias/MinBias_TuneZ2star_GEN_SIM_152.root
02-Feb-2015 22:18:24 GMT  Initiating request to open file root://xrootd.unl.edu//store/group/dpg_trigger/comm_trigger/L1TrackTrigger/620_SLHC10/Extended2023TTI/MinBias/MinBias_TuneZ2star_GEN_SIM_831.root
150202 22:23:39 14265 Xrd: XrdClientMessage::ReadRaw: Failed to read header (8 bytes).
150202 22:24:22 16416 Xrd: CheckErrorStatus: Server [cms-xrd-global.cern.ch:1094] declared: session not found(error code: 3011)
150202 22:24:22 16416 Xrd: CheckErrorStatus: Server [xrootd-redic.pi.infn.it:1094] declared: session not found(error code: 3011)
02-Feb-2015 22:24:22 GMT  Successfully opened file root://xrootd.unl.edu//store/group/dpg_trigger/comm_trigger/L1TrackTrigger/620_SLHC10/Extended2023TTI/MinBias/MinBias_TuneZ2star_GEN_SIM_831.root
02-Feb-2015 22:29:37 GMT  Closed file root://xrootd.unl.edu//store/group/dpg_trigger/comm_trigger/L1TrackTrigger/620_SLHC10/Extended2023TTI/MinBias/MinBias_TuneZ2star_GEN_SIM_831.root
02-Feb-2015 22:29:37 GMT  Initiating request to open file root://xrootd.unl.edu//store/group/dpg_trigger/comm_trigger/L1TrackTrigger/620_SLHC10/Extended2023TTI/MinBias/MinBias_TuneZ2star_GEN_SIM_79.root
150202 22:29:38 18177 Xrd: XrdClientMessage::ReadRaw: Failed to read header (8 bytes).
150202 22:30:08 19477 Xrd: CheckErrorStatus: Server [cms-xrd-global.cern.ch:1094] declared: session not found(error code: 3011)
150202 22:30:08 19477 Xrd: CheckErrorStatus: Server [llrxrd-redir.in2p3.fr:1094] declared: session not found(error code: 3011)
02-Feb-2015 22:30:09 GMT  Successfully opened file root://xrootd.unl.edu//store/group/dpg_trigger/comm_trigger/L1TrackTrigger/620_SLHC10/Extended2023TTI/MinBias/MinBias_TuneZ2star_GEN_SIM_79.root
150202 22:31:09 18059 Xrd: XrdClientMessage::ReadRaw: Failed to read header (8 bytes).
150202 22:34:39 18178 Xrd: XrdClientMessage::ReadRaw: Failed to read header (8 bytes).
02-Feb-2015 22:34:54 GMT  Closed file root://xrootd.unl.edu//store/group/dpg_trigger/comm_trigger/L1TrackTrigger/620_SLHC10/Extended2023TTI/MinBias/MinBias_TuneZ2star_GEN_SIM_79.root
02-Feb-2015 22:34:54 GMT  Initiating request to open file root://xrootd.unl.edu//store/group/dpg_trigger/comm_trigger/L1TrackTrigger/620_SLHC10/Extended2023TTI/MinBias/MinBias_TuneZ2star_GEN_SIM_762.root
150202 22:35:25 19719 Xrd: XrdClientMessage::ReadRaw: Failed to read header (8 bytes).
150202 22:35:25 21088 Xrd: CheckErrorStatus: Server [llrxrd-redir.in2p3.fr:1094] declared: session not found(error code: 3011)
02-Feb-2015 22:35:26 GMT  Successfully opened file root://xrootd.unl.edu//store/group/dpg_trigger/comm_trigger/L1TrackTrigger/620_SLHC10/Extended2023TTI/MinBias/MinBias_TuneZ2star_GEN_SIM_762.root
02-Feb-2015 22:39:29 GMT  Closed file root://xrootd.unl.edu//store/group/dpg_trigger/comm_trigger/L1TrackTrigger/620_SLHC10/Extended2023TTI/MinBias/MinBias_TuneZ2star_GEN_SIM_762.root
02-Feb-2015 22:39:29 GMT  Initiating request to open file root://xrootd.unl.edu//store/group/dpg_trigger/comm_trigger/L1TrackTrigger/620_SLHC10/Extended2023TTI/MinBias/MinBias_TuneZ2star_GEN_SIM_400.root
02-Feb-2015 22:40:00 GMT  Successfully opened file root://xrootd.unl.edu//store/group/dpg_trigger/comm_trigger/L1TrackTrigger/620_SLHC10/Extended2023TTI/MinBias/MinBias_TuneZ2star_GEN_SIM_400.root
150202 22:40:01 19720 Xrd: XrdClientMessage::ReadRaw: Failed to read header (8 bytes).
02-Feb-2015 22:43:50 GMT  Closed file root://xrootd.unl.edu//store/group/dpg_trigger/comm_trigger/L1TrackTrigger/620_SLHC10/Extended2023TTI/MinBias/MinBias_TuneZ2star_GEN_SIM_400.root
02-Feb-2015 22:43:50 GMT  Initiating request to open file root://xrootd.unl.edu//store/group/dpg_trigger/comm_trigger/L1TrackTrigger/620_SLHC10/Extended2023TTI/MinBias/MinBias_TuneZ2star_GEN_SIM_160.root
150202 22:44:21 23626 Xrd: CheckErrorStatus: Server [cms-xrd-global.cern.ch:1094] declared: session not found(error code: 3011)
02-Feb-2015 22:44:21 GMT  Successfully opened file root://xrootd.unl.edu//store/group/dpg_trigger/comm_trigger/L1TrackTrigger/620_SLHC10/Extended2023TTI/MinBias/MinBias_TuneZ2star_GEN_SIM_160.root
150202 22:44:39 21208 Xrd: XrdClientMessage::ReadRaw: Failed to read header (8 bytes).
150202 22:49:09 22484 Xrd: XrdClientMessage::ReadRaw: Failed to read header (8 bytes).
150202 22:49:39 21207 Xrd: XrdClientMessage::ReadRaw: Failed to read header (8 bytes).
02-Feb-2015 22:51:42 GMT  Closed file root://xrootd.unl.edu//store/group/dpg_trigger/comm_trigger/L1TrackTrigger/620_SLHC10/Extended2023TTI/MinBias/MinBias_TuneZ2star_GEN_SIM_160.root
02-Feb-2015 22:51:42 GMT  Initiating request to open file root://xrootd.unl.edu//store/group/dpg_trigger/comm_trigger/L1TrackTrigger/620_SLHC10/Extended2023TTI/MinBias/MinBias_TuneZ2star_GEN_SIM_28.root
150202 22:52:13 26622 Xrd: CheckErrorStatus: Server [xrootd-redic.pi.infn.it:1094] declared: session not found(error code: 3011)
02-Feb-2015 22:52:14 GMT  Successfully opened file root://xrootd.unl.edu//store/group/dpg_trigger/comm_trigger/L1TrackTrigger/620_SLHC10/Extended2023TTI/MinBias/MinBias_TuneZ2star_GEN_SIM_28.root
150202 22:55:39 19718 Xrd: XrdClientMessage::ReadRaw: Failed to read header (8 bytes).
02-Feb-2015 22:55:47 GMT  Closed file root://xrootd.unl.edu//store/group/dpg_trigger/comm_trigger/L1TrackTrigger/620_SLHC10/Extended2023TTI/MinBias/MinBias_TuneZ2star_GEN_SIM_28.root
02-Feb-2015 22:55:47 GMT  Initiating request to open file root://xrootd.unl.edu//store/group/dpg_trigger/comm_trigger/L1TrackTrigger/620_SLHC10/Extended2023TTI/MinBias/MinBias_TuneZ2star_GEN_SIM_315.root
150202 22:56:18 28204 Xrd: CheckErrorStatus: Server [cms-xrd-global.cern.ch:1094] declared: session not found(error code: 3011)
02-Feb-2015 22:56:18 GMT  Successfully opened file root://xrootd.unl.edu//store/group/dpg_trigger/comm_trigger/L1TrackTrigger/620_SLHC10/Extended2023TTI/MinBias/MinBias_TuneZ2star_GEN_SIM_315.root
150202 22:57:09 23755 Xrd: XrdClientMessage::ReadRaw: Failed to read header (8 bytes).
02-Feb-2015 22:59:07 GMT  Closed file root://xrootd.unl.edu//store/group/dpg_trigger/comm_trigger/L1TrackTrigger/620_SLHC10/Extended2023TTI/MinBias/MinBias_TuneZ2star_GEN_SIM_315.root
02-Feb-2015 22:59:07 GMT  Initiating request to open file root://xrootd.unl.edu//store/group/dpg_trigger/comm_trigger/L1TrackTrigger/620_SLHC10/Extended2023TTI/MinBias/MinBias_TuneZ2star_GEN_SIM_57.root
02-Feb-2015 22:59:38 GMT  Successfully opened file root://xrootd.unl.edu//store/group/dpg_trigger/comm_trigger/L1TrackTrigger/620_SLHC10/Extended2023TTI/MinBias/MinBias_TuneZ2star_GEN_SIM_57.root
150202 23:01:09 26740 Xrd: XrdClientMessage::ReadRaw: Failed to read header (8 bytes).
02-Feb-2015 23:02:38 GMT  Closed file root://xrootd.unl.edu//store/group/dpg_trigger/comm_trigger/L1TrackTrigger/620_SLHC10/Extended2023TTI/MinBias/MinBias_TuneZ2star_GEN_SIM_57.root
02-Feb-2015 23:02:38 GMT  Initiating request to open file root://xrootd.unl.edu//store/group/dpg_trigger/comm_trigger/L1TrackTrigger/620_SLHC10/Extended2023TTI/MinBias/MinBias_TuneZ2star_GEN_SIM_570.root
02-Feb-2015 23:03:09 GMT  Successfully opened file root://xrootd.unl.edu//store/group/dpg_trigger/comm_trigger/L1TrackTrigger/620_SLHC10/Extended2023TTI/MinBias/MinBias_TuneZ2star_GEN_SIM_570.root
150202 23:04:09 883 Xrd: XrdClientMessage::ReadRaw: Failed to read header (8 bytes).
02-Feb-2015 23:05:28 GMT  Closed file root://xrootd.unl.edu//store/group/dpg_trigger/comm_trigger/L1TrackTrigger/620_SLHC10/Extended2023TTI/MinBias/MinBias_TuneZ2star_GEN_SIM_570.root
02-Feb-2015 23:05:28 GMT  Initiating request to open file root://xrootd.unl.edu//store/group/dpg_trigger/comm_trigger/L1TrackTrigger/620_SLHC10/Extended2023TTI/MinBias/MinBias_TuneZ2star_GEN_SIM_103.root
150202 23:06:07 2395 Xrd: CheckErrorStatus: Server [eoscms.cern.ch:1094] declared: session not found(error code: 3011)
02-Feb-2015 23:06:07 GMT  Successfully opened file root://xrootd.unl.edu//store/group/dpg_trigger/comm_trigger/L1TrackTrigger/620_SLHC10/Extended2023TTI/MinBias/MinBias_TuneZ2star_GEN_SIM_103.root
DTTSPhi::addTracoT: preview not present in TRACO trigger or its code=0  trigger not added!
DTTSPhi::addTracoT: preview not present in TRACO trigger or its code=0  trigger not added!
02-Feb-2015 23:07:30 GMT  Closed file root://dcap.pp.rl.ac.uk:1094/pnfs/pp.rl.ac.uk/data/cms/store/user/dcieri/ttbar_SIM/ttbar/ttbar_SIM/150129_145223/0000/step1_25.root
02-Feb-2015 23:07:30 GMT  Closed file root://xrootd.unl.edu//store/group/dpg_trigger/comm_trigger/L1TrackTrigger/620_SLHC10/Extended2023TTI/MinBias/MinBias_TuneZ2star_GEN_SIM_103.root

=============================================

MessageLogger Summary

 type     category        sev    module        subroutine        count    total
 ---- -------------------- -- ---------------- ----------------  -----    -----
    1 fileAction           -s MixingModule:mix                      66       66
    2 fileAction           -s MixingModule:mix                       2        2
    3 fileAction           -s MixingModule:mix                       1        1
    4 fileAction           -s file_close                             1        1
    5 fileAction           -s file_open                              2        2

 type    category    Examples: run/evt        run/evt          run/evt
 ---- -------------------- ---------------- ---------------- ----------------
    1 fileAction           1/241            1/241            1/250
    2 fileAction           pre-events       pre-events       
    3 fileAction           PostEndRun                        
    4 fileAction           PostEndRun                        
    5 fileAction           pre-events       pre-events       

Severity    # Occurrences   Total Occurrences
--------    -------------   -----------------
System                 72                  72
>>> END OF printout of 224 lines from stdout+stderr
>>> Parse FrameworkJobReport crab_fjr.xml
Result of parsing the FrameworkJobReport crab_fjr.xml: 
Extracted ExitStatus from FrameworkJobReport parsing output: 0
>>> Executable succeded  0
ExeExitCode=0
EXECUTABLE_EXIT_STATUS = 0
>>> current directory /scratch/condor/dir_5321/glide_gCEGxE/execute/dir_31567/CMSSW_6_2_0_SLHC12
>>>  (SOFTWARE_DIR): /scratch/condor/dir_5321/glide_gCEGxE/execute/dir_31567/CMSSW_6_2_0_SLHC12
>>> (WORKING_DIR): 
>>> current directory content:
total 239444
drwxr-xr-x 3 cms415 gplcms      4096 Feb  2 20:26 .SCRAM
-rw------- 1 cms415 gplcms    915837 Feb  2 20:26 CMSSW.py.pkl
drwxr-xr-x 3 cms415 gplcms      4096 Feb  2 20:26 bin
drwxr-xr-x 3 cms415 gplcms      4096 Feb  2 20:26 cfipython
drwxr-xr-x 4 cms415 gplcms      4096 Apr 28  2014 config
-rw------- 1 cms415 gplcms        16 Feb  2 23:07 cpu_timing.txt
drwxr-xr-x 2 cms415 gplcms      4096 Feb  2 20:26 doc
-rw------- 1 cms415 gplcms     24923 Feb  2 23:07 executable.out
drwxr-xr-x 2 cms415 gplcms      4096 Feb  2 20:26 include
drwx------ 3 cms415 gplcms      4096 Oct  7 10:12 lib
drwxr-xr-x 3 cms415 gplcms      4096 Feb  2 20:26 logs
drwxr-xr-x 3 cms415 gplcms      4096 Feb  2 20:26 objs
-rw------- 1 cms415 gplcms       104 Feb  2 20:26 pset.py
-rw------- 1 cms415 gplcms    926827 Feb  2 20:26 pset.py.pkl
-rw------- 1 cms415 gplcms       289 Feb  2 20:26 pset.pyc
drwxr-xr-x 2 cms415 gplcms      4096 Feb  2 20:26 python
-rw------- 1 cms415 gplcms       359 Feb  2 23:07 report.log
drwxr-xr-x 2 cms415 gplcms      4096 Feb  2 20:26 src
-rw------- 1 cms415 gplcms 242991702 Feb  2 23:07 step2.root
drwxr-xr-x 3 cms415 gplcms      4096 Feb  2 20:26 test
drwxr-xr-x 3 cms415 gplcms      4096 Feb  2 20:26 tmp
>>> current directory /scratch/condor/dir_5321/glide_gCEGxE/execute/dir_31567/CMSSW_6_2_0_SLHC12
>>> (SOFTWARE_DIR): /scratch/condor/dir_5321/glide_gCEGxE/execute/dir_31567/CMSSW_6_2_0_SLHC12
>>> (WORKING_DIR): 
>>> current directory content:
total 239444
drwxr-xr-x 3 cms415 gplcms      4096 Feb  2 20:26 .SCRAM
-rw------- 1 cms415 gplcms    915837 Feb  2 20:26 CMSSW.py.pkl
drwxr-xr-x 3 cms415 gplcms      4096 Feb  2 20:26 bin
drwxr-xr-x 3 cms415 gplcms      4096 Feb  2 20:26 cfipython
drwxr-xr-x 4 cms415 gplcms      4096 Apr 28  2014 config
-rw------- 1 cms415 gplcms        16 Feb  2 23:07 cpu_timing.txt
drwxr-xr-x 2 cms415 gplcms      4096 Feb  2 20:26 doc
-rw------- 1 cms415 gplcms     24923 Feb  2 23:07 executable.out
drwxr-xr-x 2 cms415 gplcms      4096 Feb  2 20:26 include
drwx------ 3 cms415 gplcms      4096 Oct  7 10:12 lib
drwxr-xr-x 3 cms415 gplcms      4096 Feb  2 20:26 logs
drwxr-xr-x 3 cms415 gplcms      4096 Feb  2 20:26 objs
-rw------- 1 cms415 gplcms       104 Feb  2 20:26 pset.py
-rw------- 1 cms415 gplcms    926827 Feb  2 20:26 pset.py.pkl
-rw------- 1 cms415 gplcms       289 Feb  2 20:26 pset.pyc
drwxr-xr-x 2 cms415 gplcms      4096 Feb  2 20:26 python
-rw------- 1 cms415 gplcms       359 Feb  2 23:07 report.log
drwxr-xr-x 2 cms415 gplcms      4096 Feb  2 20:26 src
-rw------- 1 cms415 gplcms 242991702 Feb  2 23:07 step2_294_1_Ai6.root
drwxr-xr-x 3 cms415 gplcms      4096 Feb  2 20:26 test
drwxr-xr-x 3 cms415 gplcms      4096 Feb  2 20:26 tmp
>>> current directory (RUNTIME_AREA):  /scratch/condor/dir_5321/glide_gCEGxE/execute/dir_31567
PNN = T2_UK_SGrid_RALPP
SE = heplnx204.pp.rl.ac.uk
SE_PATH = /srm/managerv2?SFN=/pnfs/pp.rl.ac.uk/data/cms/store/user/dcieri/ttbar_PU140_DIGI/dcieri/ttbar/ttbar_PU140_DIGI/3c0380cf82de79bc39966c93934c61fc/
LFNBaseName = /store/user/dcieri/ttbar_PU140_DIGI/dcieri/ttbar/ttbar_PU140_DIGI/3c0380cf82de79bc39966c93934c61fc/
USER = dcieri
endpoint = srm://heplnx204.pp.rl.ac.uk:8443/srm/managerv2?SFN=/pnfs/pp.rl.ac.uk/data/cms/store/user/dcieri/ttbar_PU140_DIGI/dcieri/ttbar/ttbar_PU140_DIGI/3c0380cf82de79bc39966c93934c61fc/
>>> Copy output files from WN = heplnc318.pp.rl.ac.uk to /srm/managerv2?SFN=/pnfs/pp.rl.ac.uk/data/cms/store/user/dcieri/ttbar_PU140_DIGI/dcieri/ttbar/ttbar_PU140_DIGI/3c0380cf82de79bc39966c93934c61fc/ :
python cmscp.py  --destination srm://heplnx204.pp.rl.ac.uk:8443/srm/managerv2?SFN=/pnfs/pp.rl.ac.uk/data/cms/store/user/dcieri/ttbar_PU140_DIGI/dcieri/ttbar/ttbar_PU140_DIGI/3c0380cf82de79bc39966c93934c61fc/ --inputFileList /scratch/condor/dir_5321/glide_gCEGxE/execute/dir_31567/CMSSW_6_2_0_SLHC12/step2_294_1_Ai6.root --middleware LCG --PNN T2_UK_SGrid_RALPP --se_name heplnx204.pp.rl.ac.uk --for_lfn /store/user/dcieri/ttbar_PU140_DIGI/dcieri/ttbar/ttbar_PU140_DIGI/3c0380cf82de79bc39966c93934c61fc/    
******************************************************
localSeName  =  heplnx204.pp.rl.ac.uk
remoteSeName =  heplnx204.pp.rl.ac.uk
******************************************************
{"/scratch/condor/dir_5321/glide_gCEGxE/execute/dir_31567/CMSSW_6_2_0_SLHC12/step2_294_1_Ai6.root": {"endpoint": "srm://heplnx204.pp.rl.ac.uk:8443/srm/managerv2?SFN=/pnfs/pp.rl.ac.uk/data/cms/store/user/dcieri/ttbar_PU140_DIGI/dcieri/ttbar/ttbar_PU140_DIGI/3c0380cf82de79bc39966c93934c61fc/", "surl_for_grid": "", "reason": "Copy succedeed with srm-lcg utils", "erCode": "0", "PNN": "T2_UK_SGrid_RALPP", "se_name": "heplnx204.pp.rl.ac.uk", "for_lfn": "/store/user/dcieri/ttbar_PU140_DIGI/dcieri/ttbar/ttbar_PU140_DIGI/3c0380cf82de79bc39966c93934c61fc/"}}/scratch/condor/dir_5321/glide_gCEGxE/execute/dir_31567
-------- cat /scratch/condor/dir_5321/glide_gCEGxE/execute/dir_31567/cmscpReport.sh 
#!/bin/bash
echo "Report for File: /scratch/condor/dir_5321/glide_gCEGxE/execute/dir_31567/CMSSW_6_2_0_SLHC12/step2_294_1_Ai6.root"
echo "LFN: /store/user/dcieri/ttbar_PU140_DIGI/dcieri/ttbar/ttbar_PU140_DIGI/3c0380cf82de79bc39966c93934c61fc/step2_294_1_Ai6.root"
echo "StorageElement: heplnx204.pp.rl.ac.uk"
echo "StageOutExitStatusReason = 'Copy succedeed with srm-lcg utils'" | tee -a $RUNTIME_AREA/$repo
echo "StageOutSE = heplnx204.pp.rl.ac.uk" >> $RUNTIME_AREA/$repo

export StageOutExitStatus=0
echo "StageOutExitStatus = 0" | tee -a $RUNTIME_AREA/$repo
-------- end of /scratch/condor/dir_5321/glide_gCEGxE/execute/dir_31567/cmscpReport.sh 
Report for File: /scratch/condor/dir_5321/glide_gCEGxE/execute/dir_31567/CMSSW_6_2_0_SLHC12/step2_294_1_Ai6.root
LFN: /store/user/dcieri/ttbar_PU140_DIGI/dcieri/ttbar/ttbar_PU140_DIGI/3c0380cf82de79bc39966c93934c61fc/step2_294_1_Ai6.root
StorageElement: heplnx204.pp.rl.ac.uk
StageOutExitStatusReason = 'Copy succedeed with srm-lcg utils'
StageOutExitStatus = 0
>>> current dir: /scratch/condor/dir_5321/glide_gCEGxE/execute/dir_31567
>>> current dir content:
total 8820
-rw-------  1 cms415 gplcms    3114 Feb  2 23:08 .SEinteraction.log
-rwx------  1 cms415 gplcms      52 Feb  2 20:24 .chirp_config
-rwx------  1 cms415 gplcms    7818 Feb  2 20:24 .job.ad
-rwx------  1 cms415 gplcms    9745 Feb  2 20:24 .machine.ad
-rw-------  1 cms415 gplcms     105 Feb  2 12:16 CMSSW.py
-rw-------  1 cms415 gplcms  915837 Feb  2 12:16 CMSSW.py.pkl
-rwx------  1 cms415 gplcms   29498 Feb  2 20:26 CMSSW.sh
drwxr-xr-x 15 cms415 gplcms    4096 Feb  2 23:08 CMSSW_6_2_0_SLHC12
-rw-------  1 cms415 gplcms     189 Feb  2 20:26 CacheEnv.sh
-rw-------  1 cms415 gplcms    7291 Nov 19 14:52 DashboardAPI.py
-rw-------  1 cms415 gplcms    6455 Feb  2 20:26 DashboardAPI.pyc
drwx------  2 cms415 gplcms    4096 Feb  2 23:07 IMProv
-rw-------  1 cms415 gplcms    2748 Nov 19 14:52 Logger.py
-rw-------  1 cms415 gplcms    3227 Feb  2 20:26 Logger.pyc
-rw-------  1 cms415 gplcms   24524 Nov 19 14:52 ProcInfo.py
-rw-------  1 cms415 gplcms   22621 Feb  2 20:26 ProcInfo.pyc
drwx------  7 cms415 gplcms    4096 Feb  2 20:26 ProdCommon
drwx------  3 cms415 gplcms    4096 Feb  2 20:26 WMCore
-rw-------  1 cms415 gplcms   11629 Feb  2 23:08 Watchdog_294.log
-rwx------  1 cms415 gplcms       0 Feb  2 20:26 _condor_stderr
-rwx---r--  1 cms415 gplcms   39664 Feb  2 23:08 _condor_stdout
-rw-------  1 cms415 gplcms   32895 Nov 19 14:52 apmon.py
-rw-------  1 cms415 gplcms   27929 Feb  2 20:26 apmon.pyc
-rwx------  1 cms415 gplcms  134309 Feb  2 20:26 arguments.xml
-rwx------  1 cms415 gplcms   38581 Nov 19 14:52 cmscp.py
-rw-------  1 cms415 gplcms     561 Feb  2 23:08 cmscpReport.sh
-rwx------  1 cms415 gplcms   29498 Feb  2 20:26 condor_exec.exe
-rw-------  1 cms415 gplcms     544 Feb  2 12:16 crab.cfg
-rwx------  1 cms415 gplcms    8610 Nov 19 14:52 crabWatchdog.sh
-rwx---r--  1 cms415 gplcms  109303 Feb  2 23:07 crab_fjr_294.xml
-rwx------  1 cms415 gplcms 7390485 Feb  2 20:26 default.tgz
-rwx------  1 cms415 gplcms    4488 Nov 19 14:52 fillCrabFjr.py
-rw-------  1 cms415 gplcms     225 Feb  2 20:26 inputsReport.txt
-rw-------  1 cms415 gplcms     244 Feb  2 23:08 jobreport.txt
-rw-------  1 cms415 gplcms   17352 Nov 19 14:52 parseCrabFjr.py
-rw-------  1 cms415 gplcms     324 Feb  2 20:26 report.log
-rwx--x--x  1 cms415 gplcms    1497 Nov 19 14:52 report.py
-rw-------  1 cms415 gplcms     554 Feb  2 23:08 resultCopyFile
lrwxrwxrwx  1 cms415 gplcms      95 Feb  2 23:08 step2.root -> /scratch/condor/dir_5321/glide_gCEGxE/execute/dir_31567/CMSSW_6_2_0_SLHC12/step2_294_1_Ai6.root
-rwx------  1 cms415 gplcms    8351 Nov 19 14:52 writeCfg.py
-rw-------  1 cms415 gplcms   10293 Feb  2 20:24 x509up_u62281
>>> Modify Job Report:
CMSSW_VERSION = CMSSW_6_2_0_SLHC12
ProcessedDataset = ttbar_PU140_DIGI
/scratch/condor/dir_5321/glide_gCEGxE/execute/dir_31567/ProdCommon/FwkJobRep/ModifyJobReport.py fjr /scratch/condor/dir_5321/glide_gCEGxE/execute/dir_31567/crab_fjr_294.xml json /scratch/condor/dir_5321/glide_gCEGxE/execute/dir_31567/resultCopyFile n_job 294_1_Ai6 PrimaryDataset ttbar  ApplicationFamily cmsRun ApplicationName cmsRun cmssw_version CMSSW_6_2_0_SLHC12 psethash 3c0380cf82de79bc39966c93934c61fc UserProcessedDataset dcieri-ttbar_PU140_DIGI-3c0380cf82de79bc39966c93934c61fc
inputDict =  {u'/scratch/condor/dir_5321/glide_gCEGxE/execute/dir_31567/CMSSW_6_2_0_SLHC12/step2_294_1_Ai6.root': {u'endpoint': u'srm://heplnx204.pp.rl.ac.uk:8443/srm/managerv2?SFN=/pnfs/pp.rl.ac.uk/data/cms/store/user/dcieri/ttbar_PU140_DIGI/dcieri/ttbar/ttbar_PU140_DIGI/3c0380cf82de79bc39966c93934c61fc/', u'surl_for_grid': u'', u'reason': u'Copy succedeed with srm-lcg utils', u'erCode': u'0', u'PNN': u'T2_UK_SGrid_RALPP', u'se_name': u'heplnx204.pp.rl.ac.uk', u'for_lfn': u'/store/user/dcieri/ttbar_PU140_DIGI/dcieri/ttbar/ttbar_PU140_DIGI/3c0380cf82de79bc39966c93934c61fc/'}}
UserProcessedDataset =  dcieri-ttbar_PU140_DIGI-3c0380cf82de79bc39966c93934c61fc
WORKING ON EDM FILE
file_name in inputDict =  /scratch/condor/dir_5321/glide_gCEGxE/execute/dir_31567/CMSSW_6_2_0_SLHC12/step2_294_1_Ai6.root
(size) os.stat(filename)[6] =  242991702
checksum =  1525575649
    file =  step2_294_1_Ai6.root
    newPfn =  srm://heplnx204.pp.rl.ac.uk:8443/srm/managerv2?SFN=/pnfs/pp.rl.ac.uk/data/cms/store/user/dcieri/ttbar_PU140_DIGI/dcieri/ttbar/ttbar_PU140_DIGI/3c0380cf82de79bc39966c93934c61fc/step2_294_1_Ai6.root
    newLfn =  /store/user/dcieri/ttbar_PU140_DIGI/dcieri/ttbar/ttbar_PU140_DIGI/3c0380cf82de79bc39966c93934c61fc/step2_294_1_Ai6.root
>>> crab_fjr_*.xml  permission set to 0704
CrabWrapper EXIT_FUNC entered at Mon Feb  2 23:08:55 GMT 2015   -  Mon Feb  2 23:08:55 UTC 2015
Checking output files:  
will tar file crab_fjr_294.xml in  out_files_294
WARNING: output file CMSSW_294.stdout not found!
WARNING: output file CMSSW_294.stderr not found!
WARNING: output file Watchdog_294.log.gz not found!
>>> padding time: Wrapper lasting more than 600 seconds. No sleep required.
STOPPING WATCHDOG. CrabWatchdog PID is 32151
********** LAST 50 LINES OF WATCHDOG LOG
 Feb 02 20:54:31 GMT	32397	1167848	1647920	74	158	1688	cmsRun -j /scratch/condor/dir_5321/glide_gCEGxE/execute/dir_31567/crab_fjr_294.xml -p pset.py      
 Feb 02 20:55:31 GMT	32397	1184876	1647920	74	161	1748	cmsRun -j /scratch/condor/dir_5321/glide_gCEGxE/execute/dir_31567/crab_fjr_294.xml -p pset.py      
 Feb 02 20:56:31 GMT	32397	1199424	1647920	74	164	1808	cmsRun -j /scratch/condor/dir_5321/glide_gCEGxE/execute/dir_31567/crab_fjr_294.xml -p pset.py      
 Feb 02 20:57:31 GMT	32397	1220176	1647920	74	166	1868	cmsRun -j /scratch/condor/dir_5321/glide_gCEGxE/execute/dir_31567/crab_fjr_294.xml -p pset.py      
 Feb 02 20:59:32 GMT	32397	1240920	1647920	74	171	1989	cmsRun -j /scratch/condor/dir_5321/glide_gCEGxE/execute/dir_31567/crab_fjr_294.xml -p pset.py      
 Feb 02 21:00:32 GMT	32397	1247716	1648948	74	174	2049	cmsRun -j /scratch/condor/dir_5321/glide_gCEGxE/execute/dir_31567/crab_fjr_294.xml -p pset.py      
 Feb 02 21:01:32 GMT	32397	1248736	1650740	74	176	2110	cmsRun -j /scratch/condor/dir_5321/glide_gCEGxE/execute/dir_31567/crab_fjr_294.xml -p pset.py      
 Feb 02 21:02:33 GMT	32397	1252492	1653044	74	179	2171	cmsRun -j /scratch/condor/dir_5321/glide_gCEGxE/execute/dir_31567/crab_fjr_294.xml -p pset.py      
 Feb 02 21:03:34 GMT	32397	1254408	1655604	74	182	2231	cmsRun -j /scratch/condor/dir_5321/glide_gCEGxE/execute/dir_31567/crab_fjr_294.xml -p pset.py      
 Feb 02 21:04:34 GMT	32397	1257848	1659700	74	186	2292	cmsRun -j /scratch/condor/dir_5321/glide_gCEGxE/execute/dir_31567/crab_fjr_294.xml -p pset.py      
 Feb 02 21:05:35 GMT	32397	1258900	1659700	74	189	2352	cmsRun -j /scratch/condor/dir_5321/glide_gCEGxE/execute/dir_31567/crab_fjr_294.xml -p pset.py      
 Feb 02 21:06:35 GMT	32397	1262120	1662772	74	194	2412	cmsRun -j /scratch/condor/dir_5321/glide_gCEGxE/execute/dir_31567/crab_fjr_294.xml -p pset.py      
 Feb 02 21:07:35 GMT	32397	1271584	1662772	74	202	2472	cmsRun -j /scratch/condor/dir_5321/glide_gCEGxE/execute/dir_31567/crab_fjr_294.xml -p pset.py      
 Feb 02 21:09:36 GMT	32397	1271600	1662772	74	202	2593	cmsRun -j /scratch/condor/dir_5321/glide_gCEGxE/execute/dir_31567/crab_fjr_294.xml -p pset.py      
 Feb 02 21:11:36 GMT	32397	1311280	1662772	74	205	2713	cmsRun -j /scratch/condor/dir_5321/glide_gCEGxE/execute/dir_31567/crab_fjr_294.xml -p pset.py      
 Feb 02 21:12:36 GMT	32397	1332412	1681204	74	209	2773	cmsRun -j /scratch/condor/dir_5321/glide_gCEGxE/execute/dir_31567/crab_fjr_294.xml -p pset.py      
 Feb 02 21:13:37 GMT	32397	1333876	1681204	74	212	2834	cmsRun -j /scratch/condor/dir_5321/glide_gCEGxE/execute/dir_31567/crab_fjr_294.xml -p pset.py      
 Feb 02 21:14:37 GMT	32397	1338200	1684276	74	215	2894	cmsRun -j /scratch/condor/dir_5321/glide_gCEGxE/execute/dir_31567/crab_fjr_294.xml -p pset.py      
 Feb 02 21:15:37 GMT	32397	1340644	1684276	74	217	2954	cmsRun -j /scratch/condor/dir_5321/glide_gCEGxE/execute/dir_31567/crab_fjr_294.xml -p pset.py      
 Feb 02 21:16:37 GMT	32397	1340644	1695756	74	236	3014	cmsRun -j /scratch/condor/dir_5321/glide_gCEGxE/execute/dir_31567/crab_fjr_294.xml -p pset.py      
 Feb 02 21:16:37 GMT	---	1340644	1695756	94	----	----	----
 Feb 02 21:27:40 GMT	32397	1340644	1700108	94	262	3677	cmsRun -j /scratch/condor/dir_5321/glide_gCEGxE/execute/dir_31567/crab_fjr_294.xml -p pset.py      
 Feb 02 21:28:40 GMT	32397	1340644	1704204	94	265	3737	cmsRun -j /scratch/condor/dir_5321/glide_gCEGxE/execute/dir_31567/crab_fjr_294.xml -p pset.py      
 Feb 02 21:29:40 GMT	32397	1340644	1705484	94	269	3797	cmsRun -j /scratch/condor/dir_5321/glide_gCEGxE/execute/dir_31567/crab_fjr_294.xml -p pset.py      
 Feb 02 21:32:41 GMT	32397	1340644	1721356	94	281	3978	cmsRun -j /scratch/condor/dir_5321/glide_gCEGxE/execute/dir_31567/crab_fjr_294.xml -p pset.py      
 Feb 02 21:33:41 GMT	32397	1353628	1723916	94	290	4039	cmsRun -j /scratch/condor/dir_5321/glide_gCEGxE/execute/dir_31567/crab_fjr_294.xml -p pset.py      
 Feb 02 21:34:42 GMT	32397	1367324	1729548	94	294	4099	cmsRun -j /scratch/condor/dir_5321/glide_gCEGxE/execute/dir_31567/crab_fjr_294.xml -p pset.py      
 Feb 02 21:35:42 GMT	32397	1368912	1729548	94	296	4159	cmsRun -j /scratch/condor/dir_5321/glide_gCEGxE/execute/dir_31567/crab_fjr_294.xml -p pset.py      
 Feb 02 21:36:43 GMT	32397	1371512	1729548	94	299	4220	cmsRun -j /scratch/condor/dir_5321/glide_gCEGxE/execute/dir_31567/crab_fjr_294.xml -p pset.py      
 Feb 02 21:37:43 GMT	32397	1414428	1770252	94	307	4281	cmsRun -j /scratch/condor/dir_5321/glide_gCEGxE/execute/dir_31567/crab_fjr_294.xml -p pset.py      
# TIME			PID	RSS(KB)	VSZ(KB)	Dsk(MB)	tCPU(s)	tWALL(s)	COMMAND
 Feb 02 21:38:44 GMT	---	1414428	1770252	117	----	----	----
 Feb 02 21:52:47 GMT	32397	1414428	1775372	117	377	5184	cmsRun -j /scratch/condor/dir_5321/glide_gCEGxE/execute/dir_31567/crab_fjr_294.xml -p pset.py      
 Feb 02 21:53:47 GMT	32397	1418328	1777932	117	382	5244	cmsRun -j /scratch/condor/dir_5321/glide_gCEGxE/execute/dir_31567/crab_fjr_294.xml -p pset.py      
 Feb 02 21:54:47 GMT	32397	1420248	1779212	117	385	5304	cmsRun -j /scratch/condor/dir_5321/glide_gCEGxE/execute/dir_31567/crab_fjr_294.xml -p pset.py      
 Feb 02 21:55:47 GMT	32397	1422828	1779212	117	388	5364	cmsRun -j /scratch/condor/dir_5321/glide_gCEGxE/execute/dir_31567/crab_fjr_294.xml -p pset.py      
 Feb 02 21:56:47 GMT	32397	1560096	1901580	117	406	5425	cmsRun -j /scratch/condor/dir_5321/glide_gCEGxE/execute/dir_31567/crab_fjr_294.xml -p pset.py      
 Feb 02 21:56:47 GMT	---	1560096	1901580	128	----	----	----
 Feb 02 21:57:48 GMT	---	1560096	1901580	139	----	----	----
 Feb 02 22:12:51 GMT	---	1560096	1901580	159	----	----	----
 Feb 02 22:32:55 GMT	---	1560096	1901580	182	----	----	----
 Feb 02 22:43:00 GMT	---	1560096	1901580	202	----	----	----
 Feb 02 22:53:03 GMT	---	1560096	1901580	224	----	----	----
 Feb 02 23:00:05 GMT	32397	1560096	1905932	224	807	9222	cmsRun -j /scratch/condor/dir_5321/glide_gCEGxE/execute/dir_31567/crab_fjr_294.xml -p pset.py      
 Feb 02 23:01:05 GMT	32397	1560096	1908748	224	830	9282	cmsRun -j /scratch/condor/dir_5321/glide_gCEGxE/execute/dir_31567/crab_fjr_294.xml -p pset.py      
 Feb 02 23:01:05 GMT	---	1560096	1908748	246	----	----	----
 Feb 02 23:04:06 GMT	32397	1560096	1913868	246	853	9463	cmsRun -j /scratch/condor/dir_5321/glide_gCEGxE/execute/dir_31567/crab_fjr_294.xml -p pset.py      
 Feb 02 23:05:06 GMT	32397	1560096	1914892	246	866	9523	cmsRun -j /scratch/condor/dir_5321/glide_gCEGxE/execute/dir_31567/crab_fjr_294.xml -p pset.py      
 Feb 02 23:07:07 GMT	---	1560096	1914892	269	----	----	----
 Feb 02 23:08:32 GMT	---	1560096	1914892	270	----	----	----
********** WATCHDOG LOG ENDED
ZIPPING WATCHDOG LOG
Disk space used:
du -sh /scratch/condor/dir_5321/glide_gCEGxE/execute/dir_31567
270M	/scratch/condor/dir_5321/glide_gCEGxE/execute/dir_31567
Found unusual stdout, rename for OSB
`/scratch/condor/dir_5321/glide_gCEGxE/execute/dir_31567/_condor_stdout' -> `CMSSW_294.stdout'
Found unusual stderr, rename for OSB
`/scratch/condor/dir_5321/glide_gCEGxE/execute/dir_31567/_condor_stdout' -> `CMSSW_294.stderr'
crab_fjr_294.xml
CMSSW_294.stdout
CMSSW_294.stderr
Watchdog_294.log.gz
Total Output dimension: 24622
WARNING: output files size limit is set to: 50000000
Total Output dimension 24622 is fine.
JOB_EXIT_STATUS = 0
>>> info for dashboard:
***** Cat /scratch/condor/dir_5321/glide_gCEGxE/execute/dir_31567/jobreport.txt *****
MonitorJobID=294_https://submit-6.t2.ucsd.edu//150202//509447.293
MonitorID=dcieri_PU140_4dm08r
ExeTime=9665
ExeExitCode=0
StageOutExitStatusReason = 'Copy succedeed with srm-lcg utils'
StageOutSE = heplnx204.pp.rl.ac.uk
StageOutExitStatus = 0
CrabUserCpuTime=892.38
CrabSysCpuTime=24.23
CrabCpuPercentage=9%
CrabWrapperTime=9755
CrabStageoutTime=51
JobExitCode=0
***** End Cat jobreport *****
Parameters sent to Dashboard.
EXITING at Mon Feb  2 23:08:57 GMT 2015  -  Mon Feb  2 23:08:57 UTC 2015
