This script was generated by crab (version 2.11.1_patch1).
Running /scratch/condor/dir_19367/glide_CEv6s0/execute/dir_4553/condor_exec.exe with 2 positional parameters: 9 1
Today is Mon Feb  2 18:48:32 GMT 2015 - Mon Feb  2 18:48:32 UTC 2015
Job submitted on host heplnc023.pp.rl.ac.uk
Linux heplnc023.pp.rl.ac.uk 2.6.32-504.3.3.el6.x86_64 #1 SMP Tue Dec 16 14:29:22 CST 2014 x86_64 x86_64 x86_64 GNU/Linux
Distributor ID:	Scientific
Description:	Scientific Linux release 6.6 (Carbon)
>>> current directory (RUNTIME_AREA): /scratch/condor/dir_19367/glide_CEv6s0/execute/dir_4553
>>> current user: uid=157415(cms415) gid=157000(gplcms) groups=157000(gplcms)
>>> directory permission set to 0700
>>> umask set to:  u=rwx,g=,o=
>>> stdout stderr permission set to 0704
>>> voms proxy information:
subject   : /DC=ch/DC=cern/OU=Organic Units/OU=Users/CN=dcieri/CN=755391/CN=Davide Cieri/CN=769881070/CN=921696679
issuer    : /DC=ch/DC=cern/OU=Organic Units/OU=Users/CN=dcieri/CN=755391/CN=Davide Cieri/CN=769881070
identity  : /DC=ch/DC=cern/OU=Organic Units/OU=Users/CN=dcieri/CN=755391/CN=Davide Cieri
type      : RFC3820 compliant limited proxy
strength  : 1024
path      : /scratch/condor/dir_19367/glide_CEv6s0/execute/dir_4553/x509up_u62281
timeleft  : 23:57:58
key usage : Digital Signature, Key Encipherment
=== VO cms extension information ===
VO        : cms
subject   : /DC=ch/DC=cern/OU=Organic Units/OU=Users/CN=dcieri/CN=755391/CN=Davide Cieri
issuer    : /DC=ch/DC=cern/OU=computers/CN=lcg-voms2.cern.ch
attribute : /cms/Role=NULL/Capability=NULL
timeleft  : 185:27:52
uri       : lcg-voms2.cern.ch:15002

WNHostName=heplnc023.pp.rl.ac.uk
$_CONDOR_JOB_AD =/scratch/condor/dir_19367/glide_CEv6s0/execute/dir_4553/.job.ad
OverflowFlag=0
>>> tar --no-same-permissions -xf /scratch/condor/dir_19367/glide_CEv6s0/execute/dir_4553/default.tgz :
Successful untar
>>> Include /scratch/condor/dir_19367/glide_CEv6s0/execute/dir_4553 in PYTHONPATH:
strip arguments
env var CRAB_UNIQUE_JOB_ID set to: dcieri_PU140_4dm08r_9_1_sxN
out_files_9
>>> list of expected files on output sandbox
output files: crab_fjr_9.xml CMSSW_9.stdout CMSSW_9.stderr Watchdog_9.log.gz
>>> GridFlavour discovery: 
GridFlavour=LCG
>>> SyncSite discovery: 
SyncSite=T2_UK_SGrid_RALPP
>>> SyncCE discovery: 
getting SyncCE from GLIDEIN_Gaekeeper
SyncCE=heplnv147.pp.rl.ac.uk
>>> info for dashboard:
***** Cat /scratch/condor/dir_19367/glide_CEv6s0/execute/dir_4553/jobreport.txt *****
WNHostName=heplnc023.pp.rl.ac.uk
OverflowFlag=0
MonitorJobID=9_https://submit-6.t2.ucsd.edu//150202//509447.8
SyncGridJobId=https://submit-6.t2.ucsd.edu//150202//509447.8
MonitorID=dcieri_PU140_4dm08r
GridFlavour=LCG
SyncSite=T2_UK_SGrid_RALPP
SyncCE=heplnv147.pp.rl.ac.uk
***** End Cat jobreport *****
Parameters sent to Dashboard.
>>> setup environment
set SCRAM ARCH to slc6_amd64_gcc472
SCRAM_ARCH = slc6_amd64_gcc472
>>> setup CMS LCG environment:
set SCRAM ARCH and BUILD_ARCH to slc6_amd64_gcc472 ###
Sourcing environment... 
sourcing /cvmfs/cms.cern.ch/cmsset_default.sh
==> setup cms environment ok
>>> specific cmssw setup environment:
CMSSW_VERSION =  CMSSW_6_2_0_SLHC12
WARNING: In non-interactive mode release checks e.g. deprecated releases, production architectures are disabled.
>>> current directory (SOFTWARE_DIR): /scratch/condor/dir_19367/glide_CEv6s0/execute/dir_4553/CMSSW_6_2_0_SLHC12
PreserveSeeds: <>
IncrementSeeds:<>
>>> info for dashboard:
***** Cat /scratch/condor/dir_19367/glide_CEv6s0/execute/dir_4553/jobreport.txt *****
MonitorJobID=9_https://submit-6.t2.ucsd.edu//150202//509447.8
MonitorID=dcieri_PU140_4dm08r
***** End Cat jobreport *****
Parameters sent to Dashboard.
crabWatchdog started as process 6724
>>> moving CMSSW software directories in /scratch/condor/dir_19367/glide_CEv6s0/execute/dir_4553/CMSSW_6_2_0_SLHC12
mv: cannot stat `/scratch/condor/dir_19367/glide_CEv6s0/execute/dir_4553/module/': No such file or directory
>>> Include /scratch/condor/dir_19367/glide_CEv6s0/execute/dir_4553 in PYTHONPATH:
PYTHONPATH=/scratch/condor/dir_19367/glide_CEv6s0/execute/dir_4553/:/scratch/condor/dir_19367/glide_CEv6s0/execute/dir_4553/CMSSW_6_2_0_SLHC12/python:/scratch/condor/dir_19367/glide_CEv6s0/execute/dir_4553/CMSSW_6_2_0_SLHC12/lib/slc6_amd64_gcc472:/cvmfs/cms.cern.ch/slc6_amd64_gcc472/cms/cmssw/CMSSW_6_2_0_SLHC12/python:/cvmfs/cms.cern.ch/slc6_amd64_gcc472/cms/cmssw/CMSSW_6_2_0_SLHC12/lib/slc6_amd64_gcc472:/cvmfs/cms.cern.ch/slc6_amd64_gcc472/cms/coral/CORAL_2_3_21-cms35/slc6_amd64_gcc472/python:/cvmfs/cms.cern.ch/slc6_amd64_gcc472/cms/coral/CORAL_2_3_21-cms35/slc6_amd64_gcc472/lib:/cvmfs/cms.cern.ch/slc6_amd64_gcc472/external/python-ldap/2.3.5-cms5/lib/python2.7/site-packages:/cvmfs/cms.cern.ch/slc6_amd64_gcc472/external/pyqt/4.8.1-cms5/lib/python2.7/site-packages:/cvmfs/cms.cern.ch/slc6_amd64_gcc472/external/py2-scipy/0.8.0-cms7/lib/python2.7/site-packages:/cvmfs/cms.cern.ch/slc6_amd64_gcc472/external/py2-matplotlib/1.0.1-cms7/lib/python2.7/site-packages:/cvmfs/cms.cern.ch/slc6_amd64_gcc472/external/sip/4.11.2-cms5/lib/python2.7/site-packages:/cvmfs/cms.cern.ch/slc6_amd64_gcc472/external/py2-pycurl/7.19.0-cms7/lib/python2.7/site-packages:/cvmfs/cms.cern.ch/slc6_amd64_gcc472/external/py2-numpy/1.6.1-cms7/lib/python2.7/site-packages:/cvmfs/cms.cern.ch/slc6_amd64_gcc472/external/py2-lint/0.25.1-cms5/lib/python2.7/site-packages:/cvmfs/cms.cern.ch/slc6_amd64_gcc472/external/py2-ipython/0.10-cms5/lib/python2.7/site-packages:/cvmfs/cms.cern.ch/slc6_amd64_gcc472/external/py2-cx-oracle/5.1-cms5/lib/python2.7/site-packages:/cvmfs/cms.cern.ch/slc6_amd64_gcc472/external/py2-cjson/1.0.5-cms5/lib/python2.7/site-packages:/cvmfs/cms.cern.ch/slc6_amd64_gcc472/cms/das-client/1.11.7/bin:/cvmfs/cms.cern.ch/slc6_amd64_gcc472/external/elementtree/1.2.6-cms5/share/lib/python2.7/site-packages:/cvmfs/cms.cern.ch/slc6_amd64_gcc472/external/rivet/1.8.2-cms9/lib/python2.7/site-packages:/cvmfs/cms.cern.ch/slc6_amd64_gcc472/external/pyminuit2/0.0.1-cms19/lib/python2.7/site-packages:/cvmfs/cms.cern.ch/slc6_amd64_gcc472/external/py2-pygithub/1.23.0-cms2/lib/python2.7/site-packages:/cvmfs/cms.cern.ch/slc6_amd64_gcc472/external/professor/1.0.0-cms19/lib/python2.7/site-packages:/cvmfs/cms.cern.ch/slc6_amd64_gcc472/lcg/root/5.34.07-cms/lib:/cvmfs/cms.cern.ch/slc6_amd64_gcc472/cms/dbs-client/DBS_2_1_9-cms5/lib:/cvmfs/cms.cern.ch/slc6_amd64_gcc472/cms/dbs-client/DBS_2_1_9-cms5/lib/DBSAPI:/cvmfs/cms.cern.ch/slc6_amd64_gcc472/external/cvs2git/5419-cms/lib:/scratch/condor/dir_19367/glide_CEv6s0/execute/dir_4553/
 
# LIMITS USED BY CRAB WATCHDOG:
# RSS  (KBytes)   : 2300000
# VSZ  (KBytes)   : 100000000
# DISK (MBytes)   : 19000
# CPU TIME        : 720h:0m:0s
# WALL CLOCK TIME : 21h:50m:0s
 
3c0380cf82de79bc39966c93934c61fc
PSETHASH = 3c0380cf82de79bc39966c93934c61fc
/scratch/condor/dir_19367/glide_CEv6s0/execute/dir_4553/writeCfg.py pset.py pset.py
Importing .py file
Setting parameters
RandomNumberGeneratorService found, will attempt to change seeds
inputBlocks=/ttbar/dcieri-ttbar_SIM-130075366148575c102f0d64fd3ac8f7/USER#61fb3af0-2cd9-4c22-a912-0e1a7ef51606
inputFiles=/store/user/dcieri/ttbar_SIM/ttbar/ttbar_SIM/150129_145223/0000/step1_62.root
parentFiles=
lumisRange=
>>> Executable cmsRun
/cvmfs/cms.cern.ch/slc6_amd64_gcc472/cms/cmssw/CMSSW_6_2_0_SLHC12/bin/slc6_amd64_gcc472/cmsRun
ok executable found
>>> info for dashboard:
***** Cat /scratch/condor/dir_19367/glide_CEv6s0/execute/dir_4553/jobreport.txt *****
MonitorJobID=9_https://submit-6.t2.ucsd.edu//150202//509447.8
MonitorID=dcieri_PU140_4dm08r
ExeStart=cmsRun
***** End Cat jobreport *****
Parameters sent to Dashboard.
>>> cmsRun started at Mon Feb  2 18:48:40 UTC 2015
>>> cmsRun ended at Mon Feb  2 22:42:30 UTC 2015
>>> crab_fjr_*.xml  permission set to 0704
>>> info for dashboard:
***** Cat /scratch/condor/dir_19367/glide_CEv6s0/execute/dir_4553/jobreport.txt *****
MonitorJobID=9_https://submit-6.t2.ucsd.edu//150202//509447.8
MonitorID=dcieri_PU140_4dm08r
ExeEnd=cmsRun
***** End Cat jobreport *****
Parameters sent to Dashboard.
TIME_EXE = 14030 sec
>>> cmsRun wrote 255 lines of stdout+stderr
>>> START OF printout of 255 lines from stdout+stderr
271 DQMStore::DQMStore 
HcalTopologyIdealEP::HcalTopologyIdealEP
02-Feb-2015 18:48:49 GMT  Initiating request to open file root://dcap.pp.rl.ac.uk:1094/pnfs/pp.rl.ac.uk/data/cms/store/user/dcieri/ttbar_SIM/ttbar/ttbar_SIM/150129_145223/0000/step1_62.root
150202 18:48:50 7210 Xrd: CheckErrorStatus: Server [heplnx210.pp.rl.ac.uk:1094] declared: Request 3018 not supported(error code: 3013)
02-Feb-2015 18:48:51 GMT  Successfully opened file root://dcap.pp.rl.ac.uk:1094/pnfs/pp.rl.ac.uk/data/cms/store/user/dcieri/ttbar_SIM/ttbar/ttbar_SIM/150129_145223/0000/step1_62.root
02-Feb-2015 18:48:52 GMT  Initiating request to open file root://xrootd.unl.edu//store/group/dpg_trigger/comm_trigger/L1TrackTrigger/620_SLHC10/Extended2023TTI/MinBias/MinBias_TuneZ2star_GEN_SIM_1.root
02-Feb-2015 18:49:07 GMT  Successfully opened file root://xrootd.unl.edu//store/group/dpg_trigger/comm_trigger/L1TrackTrigger/620_SLHC10/Extended2023TTI/MinBias/MinBias_TuneZ2star_GEN_SIM_1.root
disableME1a = 0
HcalTopologyIdealEP::produce(const IdealGeometryRecord& iRecord)
mode = 2, maxDepthHB = 3, maxDepthHE = 5
RPCGeometryESModule :: produce
RPCGeometryESModule :: produce :: 1/4 Get Muon Ideal Geometry Record
RPCGeometryESModule :: produce :: 2/4 Get Muon DDD Constants
RPCGeometryESModule :: produce :: 3/4 Get Muon Numbering Record
in MuonNumberingInitialization::initializeMuonDDDConstants
about to make my new muonDDDConst_
in MuonNumberingInitialization::produce
RPCGeometryESModule :: produce :: 4/4 Build
Found:

	Barrel Stack layer 5 : 1008 stacks
	Barrel Stack layer 6 : 1320 stacks
	Barrel Stack layer 7 : 1836 stacks
	Barrel Stack layer 8 : 1152 stacks
	Barrel Stack layer 9 : 1488 stacks
	Barrel Stack layer 10 : 1824 stacks

	Endcap Stack disk 11 : 1360 stacks
	Endcap Stack disk 12 : 1360 stacks
	Endcap Stack disk 13 : 1360 stacks
	Endcap Stack disk 14 : 1360 stacks
	Endcap Stack disk 15 : 1360 stacks
Created 15428 stacks in 15 s

TTClusterBuilder< edm::Ref<edm::DetSetVector<PixelDigi>, PixelDigi, edm::refhelper::FindForDetSetVector<PixelDigi> > > loaded modules:
	TTClusterAlgorithm:	TTClusterAlgorithm_2d2013< edm::Ref<edm::DetSetVector<PixelDigi>, PixelDigi, edm::refhelper::FindForDetSetVector<PixelDigi> > >


TTStubBuilder< edm::Ref<edm::DetSetVector<PixelDigi>, PixelDigi, edm::refhelper::FindForDetSetVector<PixelDigi> > > loaded modules:
	TTStubAlgorithm:	TTStubAlgorithm_tab2013< edm::Ref<edm::DetSetVector<PixelDigi>, PixelDigi, edm::refhelper::FindForDetSetVector<PixelDigi> > >


TTClusterAssociator< edm::Ref<edm::DetSetVector<PixelDigi>, PixelDigi, edm::refhelper::FindForDetSetVector<PixelDigi> > > loaded.


TTStubAssociator< edm::Ref<edm::DetSetVector<PixelDigi>, PixelDigi, edm::refhelper::FindForDetSetVector<PixelDigi> > > loaded.


TTTrackAssociator< edm::Ref<edm::DetSetVector<PixelDigi>, PixelDigi, edm::refhelper::FindForDetSetVector<PixelDigi> > > loaded.

Begin processing the 1st record. Run 1, Event 611, LumiSection 62 at 02-Feb-2015 18:49:40.990 GMT
02-Feb-2015 18:49:47 GMT  Closed file root://xrootd.unl.edu//store/group/dpg_trigger/comm_trigger/L1TrackTrigger/620_SLHC10/Extended2023TTI/MinBias/MinBias_TuneZ2star_GEN_SIM_1.root
02-Feb-2015 18:49:47 GMT  Initiating request to open file root://xrootd.unl.edu//store/group/dpg_trigger/comm_trigger/L1TrackTrigger/620_SLHC10/Extended2023TTI/MinBias/MinBias_TuneZ2star_GEN_SIM_795.root
02-Feb-2015 18:50:18 GMT  Successfully opened file root://xrootd.unl.edu//store/group/dpg_trigger/comm_trigger/L1TrackTrigger/620_SLHC10/Extended2023TTI/MinBias/MinBias_TuneZ2star_GEN_SIM_795.root
150202 18:54:49 8564 Xrd: XrdClientMessage::ReadRaw: Failed to read header (8 bytes).
150202 18:55:19 8558 Xrd: XrdClientMessage::ReadRaw: Failed to read header (8 bytes).
02-Feb-2015 19:01:40 GMT  Closed file root://xrootd.unl.edu//store/group/dpg_trigger/comm_trigger/L1TrackTrigger/620_SLHC10/Extended2023TTI/MinBias/MinBias_TuneZ2star_GEN_SIM_795.root
02-Feb-2015 19:01:40 GMT  Initiating request to open file root://xrootd.unl.edu//store/group/dpg_trigger/comm_trigger/L1TrackTrigger/620_SLHC10/Extended2023TTI/MinBias/MinBias_TuneZ2star_GEN_SIM_934.root
150202 19:02:11 926 Xrd: CheckErrorStatus: Server [xrootd-redic.pi.infn.it:1094] declared: session not found(error code: 3011)
02-Feb-2015 19:02:12 GMT  Successfully opened file root://xrootd.unl.edu//store/group/dpg_trigger/comm_trigger/L1TrackTrigger/620_SLHC10/Extended2023TTI/MinBias/MinBias_TuneZ2star_GEN_SIM_934.root
150202 19:06:49 10785 Xrd: XrdClientMessage::ReadRaw: Failed to read header (8 bytes).
150202 19:07:19 2593 Xrd: XrdClientMessage::ReadRaw: Failed to read header (8 bytes).
150202 19:09:19 7701 Xrd: XrdClientMessage::ReadRaw: Failed to read header (8 bytes).
150202 19:09:19 7702 Xrd: XrdClientMessage::ReadRaw: Failed to read header (8 bytes).
02-Feb-2015 19:13:16 GMT  Closed file root://xrootd.unl.edu//store/group/dpg_trigger/comm_trigger/L1TrackTrigger/620_SLHC10/Extended2023TTI/MinBias/MinBias_TuneZ2star_GEN_SIM_934.root
02-Feb-2015 19:13:16 GMT  Initiating request to open file root://xrootd.unl.edu//store/group/dpg_trigger/comm_trigger/L1TrackTrigger/620_SLHC10/Extended2023TTI/MinBias/MinBias_TuneZ2star_GEN_SIM_612.root
150202 19:18:20 2594 Xrd: XrdClientMessage::ReadRaw: Failed to read header (8 bytes).
150202 19:20:14 24136 Xrd: CheckErrorStatus: Server [xrootd.ba.infn.it:1094] declared: session not found(error code: 3011)
02-Feb-2015 19:20:14 GMT  Successfully opened file root://xrootd.unl.edu//store/group/dpg_trigger/comm_trigger/L1TrackTrigger/620_SLHC10/Extended2023TTI/MinBias/MinBias_TuneZ2star_GEN_SIM_612.root
150202 19:22:19 8557 Xrd: XrdClientMessage::ReadRaw: Failed to read header (8 bytes).
150202 19:25:19 5283 Xrd: XrdClientMessage::ReadRaw: Failed to read header (8 bytes).
Building the geometry service
Warning did not find digi
Warning did not find digi
Warning did not find digi
Warning did not find digi
Warning did not find digi in disks
Warning did not find digi in disks
Warning did not find digi in disks
Warning did not find digi in disks
150202 19:40:19 8559 Xrd: XrdClientMessage::ReadRaw: Failed to read header (8 bytes).
150202 19:40:19 7705 Xrd: XrdClientMessage::ReadRaw: Failed to read header (8 bytes).
150202 19:40:20 8556 Xrd: XrdClientMessage::ReadRaw: Failed to read header (8 bytes).
150202 19:40:20 5214 Xrd: XrdClientMessage::ReadRaw: Failed to read header (8 bytes).
02-Feb-2015 19:42:48 GMT  Closed file root://xrootd.unl.edu//store/group/dpg_trigger/comm_trigger/L1TrackTrigger/620_SLHC10/Extended2023TTI/MinBias/MinBias_TuneZ2star_GEN_SIM_612.root
02-Feb-2015 19:42:48 GMT  Initiating request to open file root://xrootd.unl.edu//store/group/dpg_trigger/comm_trigger/L1TrackTrigger/620_SLHC10/Extended2023TTI/MinBias/MinBias_TuneZ2star_GEN_SIM_57.root
150202 19:42:49 7210 Xrd: CheckErrorStatus: Server [xrootd.unl.edu] declared: session not found(error code: 3011)
150202 19:43:19 16564 Xrd: CheckErrorStatus: Server [xrootd.unl.edu:1094] declared: session not found(error code: 3011)
150202 19:43:20 16564 Xrd: CheckErrorStatus: Server [llrxrd-redir.in2p3.fr:1094] declared: session not found(error code: 3011)
150202 19:43:20 16564 Xrd: CheckErrorStatus: Server [lxbrf39c03.cern.ch:1098] declared: session not found(error code: 3011)
02-Feb-2015 19:43:20 GMT  Successfully opened file root://xrootd.unl.edu//store/group/dpg_trigger/comm_trigger/L1TrackTrigger/620_SLHC10/Extended2023TTI/MinBias/MinBias_TuneZ2star_GEN_SIM_57.root
150202 19:47:49 5447 Xrd: XrdClientMessage::ReadRaw: Failed to read header (8 bytes).
150202 19:48:49 17864 Xrd: XrdClientMessage::ReadRaw: Failed to read header (8 bytes).
02-Feb-2015 19:54:31 GMT  Closed file root://xrootd.unl.edu//store/group/dpg_trigger/comm_trigger/L1TrackTrigger/620_SLHC10/Extended2023TTI/MinBias/MinBias_TuneZ2star_GEN_SIM_57.root
02-Feb-2015 19:54:31 GMT  Initiating request to open file root://xrootd.unl.edu//store/group/dpg_trigger/comm_trigger/L1TrackTrigger/620_SLHC10/Extended2023TTI/MinBias/MinBias_TuneZ2star_GEN_SIM_276.root
150202 19:54:31 7338 Xrd: CheckErrorStatus: Server [cms-xrd-global.cern.ch:1094] declared: session not found(error code: 3011)
150202 19:54:32 7338 Xrd: CheckErrorStatus: Server [xrootd.ba.infn.it:1094] declared: session not found(error code: 3011)
02-Feb-2015 19:54:32 GMT  Successfully opened file root://xrootd.unl.edu//store/group/dpg_trigger/comm_trigger/L1TrackTrigger/620_SLHC10/Extended2023TTI/MinBias/MinBias_TuneZ2star_GEN_SIM_276.root
150202 19:59:49 7340 Xrd: XrdClientMessage::ReadRaw: Failed to read header (8 bytes).
150202 19:59:50 17866 Xrd: XrdClientMessage::ReadRaw: Failed to read header (8 bytes).
150202 20:03:50 17863 Xrd: XrdClientMessage::ReadRaw: Failed to read header (8 bytes).
02-Feb-2015 20:04:56 GMT  Closed file root://xrootd.unl.edu//store/group/dpg_trigger/comm_trigger/L1TrackTrigger/620_SLHC10/Extended2023TTI/MinBias/MinBias_TuneZ2star_GEN_SIM_276.root
02-Feb-2015 20:04:56 GMT  Initiating request to open file root://xrootd.unl.edu//store/group/dpg_trigger/comm_trigger/L1TrackTrigger/620_SLHC10/Extended2023TTI/MinBias/MinBias_TuneZ2star_GEN_SIM_83.root
150202 20:05:48 28284 Xrd: CheckErrorStatus: Server [cms-xrd-global.cern.ch:1094] declared: session not found(error code: 3011)
150202 20:05:48 28284 Xrd: CheckErrorStatus: Server [xrootd-redic.pi.infn.it:1094] declared: session not found(error code: 3011)
02-Feb-2015 20:05:48 GMT  Successfully opened file root://xrootd.unl.edu//store/group/dpg_trigger/comm_trigger/L1TrackTrigger/620_SLHC10/Extended2023TTI/MinBias/MinBias_TuneZ2star_GEN_SIM_83.root
150202 20:10:19 7341 Xrd: XrdClientMessage::ReadRaw: Failed to read header (8 bytes).
150202 20:10:49 30102 Xrd: XrdClientMessage::ReadRaw: Failed to read header (8 bytes).
02-Feb-2015 20:13:03 GMT  Closed file root://xrootd.unl.edu//store/group/dpg_trigger/comm_trigger/L1TrackTrigger/620_SLHC10/Extended2023TTI/MinBias/MinBias_TuneZ2star_GEN_SIM_83.root
02-Feb-2015 20:13:03 GMT  Initiating request to open file root://xrootd.unl.edu//store/group/dpg_trigger/comm_trigger/L1TrackTrigger/620_SLHC10/Extended2023TTI/MinBias/MinBias_TuneZ2star_GEN_SIM_220.root
150202 20:13:34 17014 Xrd: CheckErrorStatus: Server [cms-xrd-global.cern.ch:1094] declared: session not found(error code: 3011)
150202 20:13:34 17014 Xrd: CheckErrorStatus: Server [llrxrd-redir.in2p3.fr:1094] declared: session not found(error code: 3011)
02-Feb-2015 20:13:34 GMT  Successfully opened file root://xrootd.unl.edu//store/group/dpg_trigger/comm_trigger/L1TrackTrigger/620_SLHC10/Extended2023TTI/MinBias/MinBias_TuneZ2star_GEN_SIM_220.root
150202 20:14:49 7339 Xrd: XrdClientMessage::ReadRaw: Failed to read header (8 bytes).
150202 20:18:19 30103 Xrd: XrdClientMessage::ReadRaw: Failed to read header (8 bytes).
150202 20:18:50 17959 Xrd: XrdClientMessage::ReadRaw: Failed to read header (8 bytes).
02-Feb-2015 20:23:21 GMT  Closed file root://xrootd.unl.edu//store/group/dpg_trigger/comm_trigger/L1TrackTrigger/620_SLHC10/Extended2023TTI/MinBias/MinBias_TuneZ2star_GEN_SIM_220.root
02-Feb-2015 20:23:21 GMT  Initiating request to open file root://xrootd.unl.edu//store/group/dpg_trigger/comm_trigger/L1TrackTrigger/620_SLHC10/Extended2023TTI/MinBias/MinBias_TuneZ2star_GEN_SIM_750.root
150202 20:23:57 13020 Xrd: CheckErrorStatus: Server [llrxrd-redir.in2p3.fr:1094] declared: session not found(error code: 3011)
02-Feb-2015 20:23:57 GMT  Successfully opened file root://xrootd.unl.edu//store/group/dpg_trigger/comm_trigger/L1TrackTrigger/620_SLHC10/Extended2023TTI/MinBias/MinBias_TuneZ2star_GEN_SIM_750.root
150202 20:25:49 30101 Xrd: XrdClientMessage::ReadRaw: Failed to read header (8 bytes).
150202 20:28:49 17960 Xrd: XrdClientMessage::ReadRaw: Failed to read header (8 bytes).
150202 20:29:19 14123 Xrd: XrdClientMessage::ReadRaw: Failed to read header (8 bytes).
02-Feb-2015 20:33:49 GMT  Closed file root://xrootd.unl.edu//store/group/dpg_trigger/comm_trigger/L1TrackTrigger/620_SLHC10/Extended2023TTI/MinBias/MinBias_TuneZ2star_GEN_SIM_750.root
02-Feb-2015 20:33:49 GMT  Initiating request to open file root://xrootd.unl.edu//store/group/dpg_trigger/comm_trigger/L1TrackTrigger/620_SLHC10/Extended2023TTI/MinBias/MinBias_TuneZ2star_GEN_SIM_14.root
150202 20:34:20 7424 Xrd: CheckErrorStatus: Server [cms-xrd-global.cern.ch:1094] declared: session not found(error code: 3011)
150202 20:34:20 7424 Xrd: CheckErrorStatus: Server [xrootd.ba.infn.it:1094] declared: session not found(error code: 3011)
02-Feb-2015 20:34:21 GMT  Successfully opened file root://xrootd.unl.edu//store/group/dpg_trigger/comm_trigger/L1TrackTrigger/620_SLHC10/Extended2023TTI/MinBias/MinBias_TuneZ2star_GEN_SIM_14.root
150202 20:39:19 14124 Xrd: XrdClientMessage::ReadRaw: Failed to read header (8 bytes).
150202 20:39:49 9083 Xrd: XrdClientMessage::ReadRaw: Failed to read header (8 bytes).
02-Feb-2015 20:43:13 GMT  Closed file root://xrootd.unl.edu//store/group/dpg_trigger/comm_trigger/L1TrackTrigger/620_SLHC10/Extended2023TTI/MinBias/MinBias_TuneZ2star_GEN_SIM_14.root
02-Feb-2015 20:43:13 GMT  Initiating request to open file root://xrootd.unl.edu//store/group/dpg_trigger/comm_trigger/L1TrackTrigger/620_SLHC10/Extended2023TTI/MinBias/MinBias_TuneZ2star_GEN_SIM_252.root
150202 20:43:44 23817 Xrd: CheckErrorStatus: Server [cms-xrd-global.cern.ch:1094] declared: session not found(error code: 3011)
150202 20:43:44 23817 Xrd: CheckErrorStatus: Server [xrootd-redic.pi.infn.it:1094] declared: session not found(error code: 3011)
02-Feb-2015 20:43:44 GMT  Successfully opened file root://xrootd.unl.edu//store/group/dpg_trigger/comm_trigger/L1TrackTrigger/620_SLHC10/Extended2023TTI/MinBias/MinBias_TuneZ2star_GEN_SIM_252.root
150202 20:44:19 17958 Xrd: XrdClientMessage::ReadRaw: Failed to read header (8 bytes).
150202 20:48:20 9212 Xrd: XrdClientMessage::ReadRaw: Failed to read header (8 bytes).
150202 20:48:50 24509 Xrd: XrdClientMessage::ReadRaw: Failed to read header (8 bytes).
02-Feb-2015 20:52:47 GMT  Closed file root://xrootd.unl.edu//store/group/dpg_trigger/comm_trigger/L1TrackTrigger/620_SLHC10/Extended2023TTI/MinBias/MinBias_TuneZ2star_GEN_SIM_252.root
02-Feb-2015 20:52:47 GMT  Initiating request to open file root://xrootd.unl.edu//store/group/dpg_trigger/comm_trigger/L1TrackTrigger/620_SLHC10/Extended2023TTI/MinBias/MinBias_TuneZ2star_GEN_SIM_116.root
150202 20:53:18 3644 Xrd: CheckErrorStatus: Server [cms-xrd-global.cern.ch:1094] declared: session not found(error code: 3011)
150202 20:53:18 3644 Xrd: CheckErrorStatus: Server [llrxrd-redir.in2p3.fr:1094] declared: session not found(error code: 3011)
02-Feb-2015 20:53:18 GMT  Successfully opened file root://xrootd.unl.edu//store/group/dpg_trigger/comm_trigger/L1TrackTrigger/620_SLHC10/Extended2023TTI/MinBias/MinBias_TuneZ2star_GEN_SIM_116.root
150202 20:54:49 9075 Xrd: XrdClientMessage::ReadRaw: Failed to read header (8 bytes).
150202 20:57:50 24510 Xrd: XrdClientMessage::ReadRaw: Failed to read header (8 bytes).
150202 20:58:20 4280 Xrd: XrdClientMessage::ReadRaw: Failed to read header (8 bytes).
02-Feb-2015 21:02:53 GMT  Closed file root://xrootd.unl.edu//store/group/dpg_trigger/comm_trigger/L1TrackTrigger/620_SLHC10/Extended2023TTI/MinBias/MinBias_TuneZ2star_GEN_SIM_116.root
02-Feb-2015 21:02:53 GMT  Initiating request to open file root://xrootd.unl.edu//store/group/dpg_trigger/comm_trigger/L1TrackTrigger/620_SLHC10/Extended2023TTI/MinBias/MinBias_TuneZ2star_GEN_SIM_791.root
150202 21:03:49 24508 Xrd: XrdClientMessage::ReadRaw: Failed to read header (8 bytes).
150202 21:03:50 17380 Xrd: CheckErrorStatus: Server [cms-xrd-global.cern.ch:1094] declared: session not found(error code: 3011)
150202 21:03:51 17380 Xrd: CheckErrorStatus: Server [xrootd-redic.pi.infn.it:1094] declared: session not found(error code: 3011)
02-Feb-2015 21:03:51 GMT  Successfully opened file root://xrootd.unl.edu//store/group/dpg_trigger/comm_trigger/L1TrackTrigger/620_SLHC10/Extended2023TTI/MinBias/MinBias_TuneZ2star_GEN_SIM_791.root
150202 21:08:20 4310 Xrd: XrdClientMessage::ReadRaw: Failed to read header (8 bytes).
150202 21:09:19 18647 Xrd: XrdClientMessage::ReadRaw: Failed to read header (8 bytes).
02-Feb-2015 21:09:57 GMT  Closed file root://xrootd.unl.edu//store/group/dpg_trigger/comm_trigger/L1TrackTrigger/620_SLHC10/Extended2023TTI/MinBias/MinBias_TuneZ2star_GEN_SIM_791.root
02-Feb-2015 21:09:57 GMT  Initiating request to open file root://xrootd.unl.edu//store/group/dpg_trigger/comm_trigger/L1TrackTrigger/620_SLHC10/Extended2023TTI/MinBias/MinBias_TuneZ2star_GEN_SIM_348.root
150202 21:10:38 32090 Xrd: CheckErrorStatus: Server [llrxrd-redir.in2p3.fr:1094] declared: session not found(error code: 3011)
02-Feb-2015 21:10:38 GMT  Successfully opened file root://xrootd.unl.edu//store/group/dpg_trigger/comm_trigger/L1TrackTrigger/620_SLHC10/Extended2023TTI/MinBias/MinBias_TuneZ2star_GEN_SIM_348.root
150202 21:15:20 18648 Xrd: XrdClientMessage::ReadRaw: Failed to read header (8 bytes).
150202 21:15:50 430 Xrd: XrdClientMessage::ReadRaw: Failed to read header (8 bytes).
02-Feb-2015 21:20:08 GMT  Closed file root://xrootd.unl.edu//store/group/dpg_trigger/comm_trigger/L1TrackTrigger/620_SLHC10/Extended2023TTI/MinBias/MinBias_TuneZ2star_GEN_SIM_348.root
02-Feb-2015 21:20:08 GMT  Initiating request to open file root://xrootd.unl.edu//store/group/dpg_trigger/comm_trigger/L1TrackTrigger/620_SLHC10/Extended2023TTI/MinBias/MinBias_TuneZ2star_GEN_SIM_116.root
150202 21:20:39 21893 Xrd: CheckErrorStatus: Server [cms-xrd-global.cern.ch:1094] declared: session not found(error code: 3011)
150202 21:20:39 21893 Xrd: CheckErrorStatus: Server [xrootd.ba.infn.it:1094] declared: session not found(error code: 3011)
150202 21:20:39 21893 Xrd: CheckErrorStatus: Server [eoscms.cern.ch:1094] declared: session not found(error code: 3011)
02-Feb-2015 21:20:40 GMT  Successfully opened file root://xrootd.unl.edu//store/group/dpg_trigger/comm_trigger/L1TrackTrigger/620_SLHC10/Extended2023TTI/MinBias/MinBias_TuneZ2star_GEN_SIM_116.root
150202 21:24:20 18646 Xrd: XrdClientMessage::ReadRaw: Failed to read header (8 bytes).
150202 21:25:20 431 Xrd: XrdClientMessage::ReadRaw: Failed to read header (8 bytes).
150202 21:25:49 22259 Xrd: XrdClientMessage::ReadRaw: Failed to read header (8 bytes).
02-Feb-2015 21:29:17 GMT  Closed file root://xrootd.unl.edu//store/group/dpg_trigger/comm_trigger/L1TrackTrigger/620_SLHC10/Extended2023TTI/MinBias/MinBias_TuneZ2star_GEN_SIM_116.root
02-Feb-2015 21:29:17 GMT  Initiating request to open file root://xrootd.unl.edu//store/group/dpg_trigger/comm_trigger/L1TrackTrigger/620_SLHC10/Extended2023TTI/MinBias/MinBias_TuneZ2star_GEN_SIM_582.root
150202 21:29:48 6258 Xrd: CheckErrorStatus: Server [llrxrd-redir.in2p3.fr:1094] declared: session not found(error code: 3011)
02-Feb-2015 21:29:49 GMT  Successfully opened file root://xrootd.unl.edu//store/group/dpg_trigger/comm_trigger/L1TrackTrigger/620_SLHC10/Extended2023TTI/MinBias/MinBias_TuneZ2star_GEN_SIM_582.root
150202 21:34:19 22260 Xrd: XrdClientMessage::ReadRaw: Failed to read header (8 bytes).
150202 21:34:49 6613 Xrd: XrdClientMessage::ReadRaw: Failed to read header (8 bytes).
02-Feb-2015 21:37:51 GMT  Closed file root://xrootd.unl.edu//store/group/dpg_trigger/comm_trigger/L1TrackTrigger/620_SLHC10/Extended2023TTI/MinBias/MinBias_TuneZ2star_GEN_SIM_582.root
02-Feb-2015 21:37:51 GMT  Initiating request to open file root://xrootd.unl.edu//store/group/dpg_trigger/comm_trigger/L1TrackTrigger/620_SLHC10/Extended2023TTI/MinBias/MinBias_TuneZ2star_GEN_SIM_149.root
150202 21:38:22 20705 Xrd: CheckErrorStatus: Server [cms-xrd-global.cern.ch:1094] declared: session not found(error code: 3011)
150202 21:38:22 20705 Xrd: CheckErrorStatus: Server [xrootd-redic.pi.infn.it:1094] declared: session not found(error code: 3011)
02-Feb-2015 21:38:22 GMT  Successfully opened file root://xrootd.unl.edu//store/group/dpg_trigger/comm_trigger/L1TrackTrigger/620_SLHC10/Extended2023TTI/MinBias/MinBias_TuneZ2star_GEN_SIM_149.root
150202 21:40:49 22258 Xrd: XrdClientMessage::ReadRaw: Failed to read header (8 bytes).
150202 21:43:20 6614 Xrd: XrdClientMessage::ReadRaw: Failed to read header (8 bytes).
150202 21:43:49 21715 Xrd: XrdClientMessage::ReadRaw: Failed to read header (8 bytes).
02-Feb-2015 21:46:20 GMT  Closed file root://xrootd.unl.edu//store/group/dpg_trigger/comm_trigger/L1TrackTrigger/620_SLHC10/Extended2023TTI/MinBias/MinBias_TuneZ2star_GEN_SIM_149.root
02-Feb-2015 21:46:20 GMT  Initiating request to open file root://xrootd.unl.edu//store/group/dpg_trigger/comm_trigger/L1TrackTrigger/620_SLHC10/Extended2023TTI/MinBias/MinBias_TuneZ2star_GEN_SIM_861.root
150202 21:46:51 714 Xrd: CheckErrorStatus: Server [xrootd-redic.pi.infn.it:1094] declared: session not found(error code: 3011)
02-Feb-2015 21:46:52 GMT  Successfully opened file root://xrootd.unl.edu//store/group/dpg_trigger/comm_trigger/L1TrackTrigger/620_SLHC10/Extended2023TTI/MinBias/MinBias_TuneZ2star_GEN_SIM_861.root
150202 21:49:50 4253 Xrd: XrdClientMessage::ReadRaw: Failed to read header (8 bytes).
150202 21:51:50 21763 Xrd: XrdClientMessage::ReadRaw: Failed to read header (8 bytes).
150202 21:52:19 1331 Xrd: XrdClientMessage::ReadRaw: Failed to read header (8 bytes).
02-Feb-2015 22:00:46 GMT  Closed file root://xrootd.unl.edu//store/group/dpg_trigger/comm_trigger/L1TrackTrigger/620_SLHC10/Extended2023TTI/MinBias/MinBias_TuneZ2star_GEN_SIM_861.root
02-Feb-2015 22:00:46 GMT  Initiating request to open file root://xrootd.unl.edu//store/group/dpg_trigger/comm_trigger/L1TrackTrigger/620_SLHC10/Extended2023TTI/MinBias/MinBias_TuneZ2star_GEN_SIM_678.root
150202 22:01:45 21324 Xrd: CheckErrorStatus: Server [cms-xrd-global.cern.ch:1094] declared: session not found(error code: 3011)
150202 22:01:45 21324 Xrd: CheckErrorStatus: Server [xrootd.ba.infn.it:1094] declared: session not found(error code: 3011)
02-Feb-2015 22:01:45 GMT  Successfully opened file root://xrootd.unl.edu//store/group/dpg_trigger/comm_trigger/L1TrackTrigger/620_SLHC10/Extended2023TTI/MinBias/MinBias_TuneZ2star_GEN_SIM_678.root
150202 22:05:49 1332 Xrd: XrdClientMessage::ReadRaw: Failed to read header (8 bytes).
02-Feb-2015 22:06:36 GMT  Closed file root://xrootd.unl.edu//store/group/dpg_trigger/comm_trigger/L1TrackTrigger/620_SLHC10/Extended2023TTI/MinBias/MinBias_TuneZ2star_GEN_SIM_678.root
02-Feb-2015 22:06:36 GMT  Initiating request to open file root://xrootd.unl.edu//store/group/dpg_trigger/comm_trigger/L1TrackTrigger/620_SLHC10/Extended2023TTI/MinBias/MinBias_TuneZ2star_GEN_SIM_311.root
150202 22:06:50 22774 Xrd: XrdClientMessage::ReadRaw: Failed to read header (8 bytes).
150202 22:07:19 21704 Xrd: XrdClientMessage::ReadRaw: Failed to read header (8 bytes).
150202 22:10:46 26849 Xrd: CheckErrorStatus: Server [cms-xrd-global.cern.ch:1094] declared: session not found(error code: 3011)
150202 22:10:46 26849 Xrd: CheckErrorStatus: Server [xrootd-redic.pi.infn.it:1094] declared: session not found(error code: 3011)
02-Feb-2015 22:10:46 GMT  Successfully opened file root://xrootd.unl.edu//store/group/dpg_trigger/comm_trigger/L1TrackTrigger/620_SLHC10/Extended2023TTI/MinBias/MinBias_TuneZ2star_GEN_SIM_311.root
150202 22:11:50 22775 Xrd: XrdClientMessage::ReadRaw: Failed to read header (8 bytes).
150202 22:15:49 30869 Xrd: XrdClientMessage::ReadRaw: Failed to read header (8 bytes).
02-Feb-2015 22:16:30 GMT  Closed file root://xrootd.unl.edu//store/group/dpg_trigger/comm_trigger/L1TrackTrigger/620_SLHC10/Extended2023TTI/MinBias/MinBias_TuneZ2star_GEN_SIM_311.root
02-Feb-2015 22:16:30 GMT  Initiating request to open file root://xrootd.unl.edu//store/group/dpg_trigger/comm_trigger/L1TrackTrigger/620_SLHC10/Extended2023TTI/MinBias/MinBias_TuneZ2star_GEN_SIM_613.root
150202 22:21:49 22773 Xrd: XrdClientMessage::ReadRaw: Failed to read header (8 bytes).
150202 22:21:49 30870 Xrd: XrdClientMessage::ReadRaw: Failed to read header (8 bytes).
150202 22:24:31 3223 Xrd: CheckErrorStatus: Server [cms-xrd-global.cern.ch:1094] declared: session not found(error code: 3011)
150202 22:24:31 3223 Xrd: CheckErrorStatus: Server [xrootd.ba.infn.it:1094] declared: session not found(error code: 3011)
02-Feb-2015 22:24:32 GMT  Successfully opened file root://xrootd.unl.edu//store/group/dpg_trigger/comm_trigger/L1TrackTrigger/620_SLHC10/Extended2023TTI/MinBias/MinBias_TuneZ2star_GEN_SIM_613.root
02-Feb-2015 22:29:33 GMT  Closed file root://xrootd.unl.edu//store/group/dpg_trigger/comm_trigger/L1TrackTrigger/620_SLHC10/Extended2023TTI/MinBias/MinBias_TuneZ2star_GEN_SIM_613.root
02-Feb-2015 22:29:33 GMT  Initiating request to open file root://xrootd.unl.edu//store/group/dpg_trigger/comm_trigger/L1TrackTrigger/620_SLHC10/Extended2023TTI/MinBias/MinBias_TuneZ2star_GEN_SIM_907.root
150202 22:29:33 10307 Xrd: XrdClientMessage::ReadRaw: Failed to read header (8 bytes).
150202 22:30:04 14762 Xrd: CheckErrorStatus: Server [xrootd-redic.pi.infn.it:1094] declared: session not found(error code: 3011)
02-Feb-2015 22:30:04 GMT  Successfully opened file root://xrootd.unl.edu//store/group/dpg_trigger/comm_trigger/L1TrackTrigger/620_SLHC10/Extended2023TTI/MinBias/MinBias_TuneZ2star_GEN_SIM_907.root
150202 22:34:49 10308 Xrd: XrdClientMessage::ReadRaw: Failed to read header (8 bytes).
02-Feb-2015 22:34:53 GMT  Closed file root://xrootd.unl.edu//store/group/dpg_trigger/comm_trigger/L1TrackTrigger/620_SLHC10/Extended2023TTI/MinBias/MinBias_TuneZ2star_GEN_SIM_907.root
02-Feb-2015 22:34:53 GMT  Initiating request to open file root://xrootd.unl.edu//store/group/dpg_trigger/comm_trigger/L1TrackTrigger/620_SLHC10/Extended2023TTI/MinBias/MinBias_TuneZ2star_GEN_SIM_821.root
150202 22:35:19 15321 Xrd: XrdClientMessage::ReadRaw: Failed to read header (8 bytes).
150202 22:35:24 17679 Xrd: CheckErrorStatus: Server [cms-xrd-global.cern.ch:1094] declared: session not found(error code: 3011)
150202 22:35:24 17679 Xrd: CheckErrorStatus: Server [llrxrd-redir.in2p3.fr:1094] declared: session not found(error code: 3011)
02-Feb-2015 22:35:24 GMT  Successfully opened file root://xrootd.unl.edu//store/group/dpg_trigger/comm_trigger/L1TrackTrigger/620_SLHC10/Extended2023TTI/MinBias/MinBias_TuneZ2star_GEN_SIM_821.root
02-Feb-2015 22:40:07 GMT  Closed file root://xrootd.unl.edu//store/group/dpg_trigger/comm_trigger/L1TrackTrigger/620_SLHC10/Extended2023TTI/MinBias/MinBias_TuneZ2star_GEN_SIM_821.root
02-Feb-2015 22:40:07 GMT  Initiating request to open file root://xrootd.unl.edu//store/group/dpg_trigger/comm_trigger/L1TrackTrigger/620_SLHC10/Extended2023TTI/MinBias/MinBias_TuneZ2star_GEN_SIM_246.root
150202 22:40:07 15322 Xrd: XrdClientMessage::ReadRaw: Failed to read header (8 bytes).
150202 22:40:37 22228 Xrd: CheckErrorStatus: Server [eoscms.cern.ch:1094] declared: session not found(error code: 3011)
02-Feb-2015 22:40:37 GMT  Successfully opened file root://xrootd.unl.edu//store/group/dpg_trigger/comm_trigger/L1TrackTrigger/620_SLHC10/Extended2023TTI/MinBias/MinBias_TuneZ2star_GEN_SIM_246.root
02-Feb-2015 22:42:28 GMT  Closed file root://dcap.pp.rl.ac.uk:1094/pnfs/pp.rl.ac.uk/data/cms/store/user/dcieri/ttbar_SIM/ttbar/ttbar_SIM/150129_145223/0000/step1_62.root
02-Feb-2015 22:42:29 GMT  Closed file root://xrootd.unl.edu//store/group/dpg_trigger/comm_trigger/L1TrackTrigger/620_SLHC10/Extended2023TTI/MinBias/MinBias_TuneZ2star_GEN_SIM_246.root

=============================================

MessageLogger Summary

 type     category        sev    module        subroutine        count    total
 ---- -------------------- -- ---------------- ----------------  -----    -----
    1 fileAction           -s MixingModule:mix                      69       69
    2 fileAction           -s MixingModule:mix                       2        2
    3 fileAction           -s MixingModule:mix                       1        1
    4 fileAction           -s file_close                             1        1
    5 fileAction           -s file_open                              2        2

 type    category    Examples: run/evt        run/evt          run/evt
 ---- -------------------- ---------------- ---------------- ----------------
    1 fileAction           1/611            1/611            1/620
    2 fileAction           pre-events       pre-events       
    3 fileAction           PostEndRun                        
    4 fileAction           PostEndRun                        
    5 fileAction           pre-events       pre-events       

Severity    # Occurrences   Total Occurrences
--------    -------------   -----------------
System                 75                  75
>>> END OF printout of 255 lines from stdout+stderr
>>> Parse FrameworkJobReport crab_fjr.xml
Result of parsing the FrameworkJobReport crab_fjr.xml: 
Extracted ExitStatus from FrameworkJobReport parsing output: 0
>>> Executable succeded  0
ExeExitCode=0
EXECUTABLE_EXIT_STATUS = 0
>>> current directory /scratch/condor/dir_19367/glide_CEv6s0/execute/dir_4553/CMSSW_6_2_0_SLHC12
>>>  (SOFTWARE_DIR): /scratch/condor/dir_19367/glide_CEv6s0/execute/dir_4553/CMSSW_6_2_0_SLHC12
>>> (WORKING_DIR): 
>>> current directory content:
total 246560
drwxr-xr-x 3 cms415 gplcms      4096 Feb  2 18:48 .SCRAM
-rw------- 1 cms415 gplcms    915837 Feb  2 18:48 CMSSW.py.pkl
drwxr-xr-x 3 cms415 gplcms      4096 Feb  2 18:48 bin
drwxr-xr-x 3 cms415 gplcms      4096 Feb  2 18:48 cfipython
drwxr-xr-x 4 cms415 gplcms      4096 Apr 28  2014 config
-rw------- 1 cms415 gplcms        16 Feb  2 22:42 cpu_timing.txt
drwxr-xr-x 2 cms415 gplcms      4096 Feb  2 18:48 doc
-rw------- 1 cms415 gplcms     28475 Feb  2 22:42 executable.out
drwxr-xr-x 2 cms415 gplcms      4096 Feb  2 18:48 include
drwx------ 3 cms415 gplcms      4096 Oct  7 10:12 lib
drwxr-xr-x 3 cms415 gplcms      4096 Feb  2 18:48 logs
drwxr-xr-x 3 cms415 gplcms      4096 Feb  2 18:48 objs
-rw------- 1 cms415 gplcms       104 Feb  2 18:48 pset.py
-rw------- 1 cms415 gplcms    926823 Feb  2 18:48 pset.py.pkl
-rw------- 1 cms415 gplcms       289 Feb  2 18:48 pset.pyc
drwxr-xr-x 2 cms415 gplcms      4096 Feb  2 18:48 python
-rw------- 1 cms415 gplcms       347 Feb  2 22:42 report.log
drwxr-xr-x 2 cms415 gplcms      4096 Feb  2 18:48 src
-rw------- 1 cms415 gplcms 250273715 Feb  2 22:42 step2.root
drwxr-xr-x 3 cms415 gplcms      4096 Feb  2 18:48 test
drwxr-xr-x 3 cms415 gplcms      4096 Feb  2 18:48 tmp
>>> current directory /scratch/condor/dir_19367/glide_CEv6s0/execute/dir_4553/CMSSW_6_2_0_SLHC12
>>> (SOFTWARE_DIR): /scratch/condor/dir_19367/glide_CEv6s0/execute/dir_4553/CMSSW_6_2_0_SLHC12
>>> (WORKING_DIR): 
>>> current directory content:
total 246560
drwxr-xr-x 3 cms415 gplcms      4096 Feb  2 18:48 .SCRAM
-rw------- 1 cms415 gplcms    915837 Feb  2 18:48 CMSSW.py.pkl
drwxr-xr-x 3 cms415 gplcms      4096 Feb  2 18:48 bin
drwxr-xr-x 3 cms415 gplcms      4096 Feb  2 18:48 cfipython
drwxr-xr-x 4 cms415 gplcms      4096 Apr 28  2014 config
-rw------- 1 cms415 gplcms        16 Feb  2 22:42 cpu_timing.txt
drwxr-xr-x 2 cms415 gplcms      4096 Feb  2 18:48 doc
-rw------- 1 cms415 gplcms     28475 Feb  2 22:42 executable.out
drwxr-xr-x 2 cms415 gplcms      4096 Feb  2 18:48 include
drwx------ 3 cms415 gplcms      4096 Oct  7 10:12 lib
drwxr-xr-x 3 cms415 gplcms      4096 Feb  2 18:48 logs
drwxr-xr-x 3 cms415 gplcms      4096 Feb  2 18:48 objs
-rw------- 1 cms415 gplcms       104 Feb  2 18:48 pset.py
-rw------- 1 cms415 gplcms    926823 Feb  2 18:48 pset.py.pkl
-rw------- 1 cms415 gplcms       289 Feb  2 18:48 pset.pyc
drwxr-xr-x 2 cms415 gplcms      4096 Feb  2 18:48 python
-rw------- 1 cms415 gplcms       347 Feb  2 22:42 report.log
drwxr-xr-x 2 cms415 gplcms      4096 Feb  2 18:48 src
-rw------- 1 cms415 gplcms 250273715 Feb  2 22:42 step2_9_1_sxN.root
drwxr-xr-x 3 cms415 gplcms      4096 Feb  2 18:48 test
drwxr-xr-x 3 cms415 gplcms      4096 Feb  2 18:48 tmp
>>> current directory (RUNTIME_AREA):  /scratch/condor/dir_19367/glide_CEv6s0/execute/dir_4553
PNN = T2_UK_SGrid_RALPP
SE = heplnx204.pp.rl.ac.uk
SE_PATH = /srm/managerv2?SFN=/pnfs/pp.rl.ac.uk/data/cms/store/user/dcieri/ttbar_PU140_DIGI/dcieri/ttbar/ttbar_PU140_DIGI/3c0380cf82de79bc39966c93934c61fc/
LFNBaseName = /store/user/dcieri/ttbar_PU140_DIGI/dcieri/ttbar/ttbar_PU140_DIGI/3c0380cf82de79bc39966c93934c61fc/
USER = dcieri
endpoint = srm://heplnx204.pp.rl.ac.uk:8443/srm/managerv2?SFN=/pnfs/pp.rl.ac.uk/data/cms/store/user/dcieri/ttbar_PU140_DIGI/dcieri/ttbar/ttbar_PU140_DIGI/3c0380cf82de79bc39966c93934c61fc/
>>> Copy output files from WN = heplnc023.pp.rl.ac.uk to /srm/managerv2?SFN=/pnfs/pp.rl.ac.uk/data/cms/store/user/dcieri/ttbar_PU140_DIGI/dcieri/ttbar/ttbar_PU140_DIGI/3c0380cf82de79bc39966c93934c61fc/ :
python cmscp.py  --destination srm://heplnx204.pp.rl.ac.uk:8443/srm/managerv2?SFN=/pnfs/pp.rl.ac.uk/data/cms/store/user/dcieri/ttbar_PU140_DIGI/dcieri/ttbar/ttbar_PU140_DIGI/3c0380cf82de79bc39966c93934c61fc/ --inputFileList /scratch/condor/dir_19367/glide_CEv6s0/execute/dir_4553/CMSSW_6_2_0_SLHC12/step2_9_1_sxN.root --middleware LCG --PNN T2_UK_SGrid_RALPP --se_name heplnx204.pp.rl.ac.uk --for_lfn /store/user/dcieri/ttbar_PU140_DIGI/dcieri/ttbar/ttbar_PU140_DIGI/3c0380cf82de79bc39966c93934c61fc/    
******************************************************
localSeName  =  heplnx204.pp.rl.ac.uk
remoteSeName =  heplnx204.pp.rl.ac.uk
******************************************************
{"/scratch/condor/dir_19367/glide_CEv6s0/execute/dir_4553/CMSSW_6_2_0_SLHC12/step2_9_1_sxN.root": {"endpoint": "srm://heplnx204.pp.rl.ac.uk:8443/srm/managerv2?SFN=/pnfs/pp.rl.ac.uk/data/cms/store/user/dcieri/ttbar_PU140_DIGI/dcieri/ttbar/ttbar_PU140_DIGI/3c0380cf82de79bc39966c93934c61fc/", "surl_for_grid": "", "reason": "Copy succedeed with srm-lcg utils", "erCode": "0", "PNN": "T2_UK_SGrid_RALPP", "se_name": "heplnx204.pp.rl.ac.uk", "for_lfn": "/store/user/dcieri/ttbar_PU140_DIGI/dcieri/ttbar/ttbar_PU140_DIGI/3c0380cf82de79bc39966c93934c61fc/"}}/scratch/condor/dir_19367/glide_CEv6s0/execute/dir_4553
-------- cat /scratch/condor/dir_19367/glide_CEv6s0/execute/dir_4553/cmscpReport.sh 
#!/bin/bash
echo "Report for File: /scratch/condor/dir_19367/glide_CEv6s0/execute/dir_4553/CMSSW_6_2_0_SLHC12/step2_9_1_sxN.root"
echo "LFN: /store/user/dcieri/ttbar_PU140_DIGI/dcieri/ttbar/ttbar_PU140_DIGI/3c0380cf82de79bc39966c93934c61fc/step2_9_1_sxN.root"
echo "StorageElement: heplnx204.pp.rl.ac.uk"
echo "StageOutExitStatusReason = 'Copy succedeed with srm-lcg utils'" | tee -a $RUNTIME_AREA/$repo
echo "StageOutSE = heplnx204.pp.rl.ac.uk" >> $RUNTIME_AREA/$repo

export StageOutExitStatus=0
echo "StageOutExitStatus = 0" | tee -a $RUNTIME_AREA/$repo
-------- end of /scratch/condor/dir_19367/glide_CEv6s0/execute/dir_4553/cmscpReport.sh 
Report for File: /scratch/condor/dir_19367/glide_CEv6s0/execute/dir_4553/CMSSW_6_2_0_SLHC12/step2_9_1_sxN.root
LFN: /store/user/dcieri/ttbar_PU140_DIGI/dcieri/ttbar/ttbar_PU140_DIGI/3c0380cf82de79bc39966c93934c61fc/step2_9_1_sxN.root
StorageElement: heplnx204.pp.rl.ac.uk
StageOutExitStatusReason = 'Copy succedeed with srm-lcg utils'
StageOutExitStatus = 0
>>> current dir: /scratch/condor/dir_19367/glide_CEv6s0/execute/dir_4553
>>> current dir content:
total 8836
-rw-------  1 cms415 gplcms    2906 Feb  2 22:43 .SEinteraction.log
-rwx------  1 cms415 gplcms      52 Feb  2 18:47 .chirp_config
-rwx------  1 cms415 gplcms    7802 Feb  2 18:47 .job.ad
-rwx------  1 cms415 gplcms    9778 Feb  2 18:47 .machine.ad
-rw-------  1 cms415 gplcms     105 Feb  2 12:16 CMSSW.py
-rw-------  1 cms415 gplcms  915837 Feb  2 12:16 CMSSW.py.pkl
-rwx------  1 cms415 gplcms   29498 Feb  2 18:48 CMSSW.sh
drwxr-xr-x 15 cms415 gplcms    4096 Feb  2 22:42 CMSSW_6_2_0_SLHC12
-rw-------  1 cms415 gplcms     189 Feb  2 18:48 CacheEnv.sh
-rw-------  1 cms415 gplcms    7291 Nov 19 14:52 DashboardAPI.py
-rw-------  1 cms415 gplcms    6455 Feb  2 18:48 DashboardAPI.pyc
drwx------  2 cms415 gplcms    4096 Feb  2 22:42 IMProv
-rw-------  1 cms415 gplcms    2748 Nov 19 14:52 Logger.py
-rw-------  1 cms415 gplcms    3227 Feb  2 18:48 Logger.pyc
-rw-------  1 cms415 gplcms   24524 Nov 19 14:52 ProcInfo.py
-rw-------  1 cms415 gplcms   22621 Feb  2 18:48 ProcInfo.pyc
drwx------  7 cms415 gplcms    4096 Feb  2 18:48 ProdCommon
drwx------  3 cms415 gplcms    4096 Feb  2 18:48 WMCore
-rw-------  1 cms415 gplcms   17995 Feb  2 22:43 Watchdog_9.log
-rwx------  1 cms415 gplcms       0 Feb  2 18:48 _condor_stderr
-rwx---r--  1 cms415 gplcms   43170 Feb  2 22:43 _condor_stdout
-rw-------  1 cms415 gplcms   32895 Nov 19 14:52 apmon.py
-rw-------  1 cms415 gplcms   27929 Feb  2 18:48 apmon.pyc
-rwx------  1 cms415 gplcms  134309 Feb  2 18:48 arguments.xml
-rwx------  1 cms415 gplcms   38581 Nov 19 14:52 cmscp.py
-rw-------  1 cms415 gplcms     557 Feb  2 22:43 cmscpReport.sh
-rwx------  1 cms415 gplcms   29498 Feb  2 18:48 condor_exec.exe
-rw-------  1 cms415 gplcms     544 Feb  2 12:16 crab.cfg
-rwx------  1 cms415 gplcms    8610 Nov 19 14:52 crabWatchdog.sh
-rwx---r--  1 cms415 gplcms  112083 Feb  2 22:42 crab_fjr_9.xml
-rwx------  1 cms415 gplcms 7390485 Feb  2 18:48 default.tgz
-rwx------  1 cms415 gplcms    4488 Nov 19 14:52 fillCrabFjr.py
-rw-------  1 cms415 gplcms     225 Feb  2 18:48 inputsReport.txt
-rw-------  1 cms415 gplcms     241 Feb  2 22:43 jobreport.txt
-rw-------  1 cms415 gplcms   17352 Nov 19 14:52 parseCrabFjr.py
-rw-------  1 cms415 gplcms     318 Feb  2 18:48 report.log
-rwx--x--x  1 cms415 gplcms    1497 Nov 19 14:52 report.py
-rw-------  1 cms415 gplcms     552 Feb  2 22:43 resultCopyFile
lrwxrwxrwx  1 cms415 gplcms      93 Feb  2 22:42 step2.root -> /scratch/condor/dir_19367/glide_CEv6s0/execute/dir_4553/CMSSW_6_2_0_SLHC12/step2_9_1_sxN.root
-rwx------  1 cms415 gplcms    8351 Nov 19 14:52 writeCfg.py
-rw-------  1 cms415 gplcms   10293 Feb  2 18:47 x509up_u62281
>>> Modify Job Report:
CMSSW_VERSION = CMSSW_6_2_0_SLHC12
ProcessedDataset = ttbar_PU140_DIGI
/scratch/condor/dir_19367/glide_CEv6s0/execute/dir_4553/ProdCommon/FwkJobRep/ModifyJobReport.py fjr /scratch/condor/dir_19367/glide_CEv6s0/execute/dir_4553/crab_fjr_9.xml json /scratch/condor/dir_19367/glide_CEv6s0/execute/dir_4553/resultCopyFile n_job 9_1_sxN PrimaryDataset ttbar  ApplicationFamily cmsRun ApplicationName cmsRun cmssw_version CMSSW_6_2_0_SLHC12 psethash 3c0380cf82de79bc39966c93934c61fc UserProcessedDataset dcieri-ttbar_PU140_DIGI-3c0380cf82de79bc39966c93934c61fc
inputDict =  {u'/scratch/condor/dir_19367/glide_CEv6s0/execute/dir_4553/CMSSW_6_2_0_SLHC12/step2_9_1_sxN.root': {u'endpoint': u'srm://heplnx204.pp.rl.ac.uk:8443/srm/managerv2?SFN=/pnfs/pp.rl.ac.uk/data/cms/store/user/dcieri/ttbar_PU140_DIGI/dcieri/ttbar/ttbar_PU140_DIGI/3c0380cf82de79bc39966c93934c61fc/', u'surl_for_grid': u'', u'reason': u'Copy succedeed with srm-lcg utils', u'erCode': u'0', u'PNN': u'T2_UK_SGrid_RALPP', u'se_name': u'heplnx204.pp.rl.ac.uk', u'for_lfn': u'/store/user/dcieri/ttbar_PU140_DIGI/dcieri/ttbar/ttbar_PU140_DIGI/3c0380cf82de79bc39966c93934c61fc/'}}
UserProcessedDataset =  dcieri-ttbar_PU140_DIGI-3c0380cf82de79bc39966c93934c61fc
WORKING ON EDM FILE
file_name in inputDict =  /scratch/condor/dir_19367/glide_CEv6s0/execute/dir_4553/CMSSW_6_2_0_SLHC12/step2_9_1_sxN.root
(size) os.stat(filename)[6] =  250273715
checksum =  1233397786
    file =  step2_9_1_sxN.root
    newPfn =  srm://heplnx204.pp.rl.ac.uk:8443/srm/managerv2?SFN=/pnfs/pp.rl.ac.uk/data/cms/store/user/dcieri/ttbar_PU140_DIGI/dcieri/ttbar/ttbar_PU140_DIGI/3c0380cf82de79bc39966c93934c61fc/step2_9_1_sxN.root
    newLfn =  /store/user/dcieri/ttbar_PU140_DIGI/dcieri/ttbar/ttbar_PU140_DIGI/3c0380cf82de79bc39966c93934c61fc/step2_9_1_sxN.root
>>> crab_fjr_*.xml  permission set to 0704
CrabWrapper EXIT_FUNC entered at Mon Feb  2 22:43:38 GMT 2015   -  Mon Feb  2 22:43:38 UTC 2015
Checking output files:  
will tar file crab_fjr_9.xml in  out_files_9
WARNING: output file CMSSW_9.stdout not found!
WARNING: output file CMSSW_9.stderr not found!
WARNING: output file Watchdog_9.log.gz not found!
>>> padding time: Wrapper lasting more than 600 seconds. No sleep required.
STOPPING WATCHDOG. CrabWatchdog PID is 6724
********** LAST 50 LINES OF WATCHDOG LOG
 Feb 02 20:54:13 GMT	7210	1332648	1805320	140	400	7537	cmsRun -j /scratch/condor/dir_19367/glide_CEv6s0/execute/dir_4553/crab_fjr_9.xml -p pset.py      
 Feb 02 20:55:13 GMT	7210	1332648	1809416	140	404	7597	cmsRun -j /scratch/condor/dir_19367/glide_CEv6s0/execute/dir_4553/crab_fjr_9.xml -p pset.py      
 Feb 02 20:56:13 GMT	7210	1332648	1816072	140	407	7658	cmsRun -j /scratch/condor/dir_19367/glide_CEv6s0/execute/dir_4553/crab_fjr_9.xml -p pset.py      
 Feb 02 20:58:14 GMT	7210	1332648	1817608	140	414	7778	cmsRun -j /scratch/condor/dir_19367/glide_CEv6s0/execute/dir_4553/crab_fjr_9.xml -p pset.py      
 Feb 02 20:59:14 GMT	7210	1332648	1819400	140	421	7839	cmsRun -j /scratch/condor/dir_19367/glide_CEv6s0/execute/dir_4553/crab_fjr_9.xml -p pset.py      
 Feb 02 21:00:15 GMT	7210	1369936	1837064	140	431	7899	cmsRun -j /scratch/condor/dir_19367/glide_CEv6s0/execute/dir_4553/crab_fjr_9.xml -p pset.py      
 Feb 02 21:01:15 GMT	7210	1396096	1839624	140	435	7959	cmsRun -j /scratch/condor/dir_19367/glide_CEv6s0/execute/dir_4553/crab_fjr_9.xml -p pset.py      
 Feb 02 21:02:15 GMT	7210	1397836	1840392	140	439	8020	cmsRun -j /scratch/condor/dir_19367/glide_CEv6s0/execute/dir_4553/crab_fjr_9.xml -p pset.py      
 Feb 02 21:05:16 GMT	7210	1406492	1849352	140	446	8200	cmsRun -j /scratch/condor/dir_19367/glide_CEv6s0/execute/dir_4553/crab_fjr_9.xml -p pset.py      
 Feb 02 21:06:17 GMT	7210	1406492	1864968	140	469	8261	cmsRun -j /scratch/condor/dir_19367/glide_CEv6s0/execute/dir_4553/crab_fjr_9.xml -p pset.py      
 Feb 02 21:06:17 GMT	---	1406492	1864968	165	----	----	----
 Feb 02 21:07:17 GMT	7210	1406492	1867528	165	472	8323	cmsRun -j /scratch/condor/dir_19367/glide_CEv6s0/execute/dir_4553/crab_fjr_9.xml -p pset.py      
 Feb 02 21:12:21 GMT	7210	1406492	1868552	165	492	8626	cmsRun -j /scratch/condor/dir_19367/glide_CEv6s0/execute/dir_4553/crab_fjr_9.xml -p pset.py      
 Feb 02 21:13:22 GMT	7210	1406492	1870088	165	495	8686	cmsRun -j /scratch/condor/dir_19367/glide_CEv6s0/execute/dir_4553/crab_fjr_9.xml -p pset.py      
 Feb 02 21:14:22 GMT	7210	1406492	1874184	165	498	8746	cmsRun -j /scratch/condor/dir_19367/glide_CEv6s0/execute/dir_4553/crab_fjr_9.xml -p pset.py      
 Feb 02 21:15:22 GMT	7210	1406492	1876488	165	501	8807	cmsRun -j /scratch/condor/dir_19367/glide_CEv6s0/execute/dir_4553/crab_fjr_9.xml -p pset.py      
 Feb 02 21:17:23 GMT	7210	1406492	1879304	165	508	8927	cmsRun -j /scratch/condor/dir_19367/glide_CEv6s0/execute/dir_4553/crab_fjr_9.xml -p pset.py      
# TIME			PID	RSS(KB)	VSZ(KB)	Dsk(MB)	tCPU(s)	tWALL(s)	COMMAND
 Feb 02 21:18:23 GMT	7210	1406492	1882632	165	514	8988	cmsRun -j /scratch/condor/dir_19367/glide_CEv6s0/execute/dir_4553/crab_fjr_9.xml -p pset.py      
 Feb 02 21:19:24 GMT	7210	1406492	1898760	165	523	9048	cmsRun -j /scratch/condor/dir_19367/glide_CEv6s0/execute/dir_4553/crab_fjr_9.xml -p pset.py      
 Feb 02 21:21:24 GMT	7210	1406492	1902856	165	530	9169	cmsRun -j /scratch/condor/dir_19367/glide_CEv6s0/execute/dir_4553/crab_fjr_9.xml -p pset.py      
 Feb 02 21:22:25 GMT	7210	1406492	1905160	165	535	9229	cmsRun -j /scratch/condor/dir_19367/glide_CEv6s0/execute/dir_4553/crab_fjr_9.xml -p pset.py      
 Feb 02 21:23:25 GMT	7210	1406492	1906696	165	539	9289	cmsRun -j /scratch/condor/dir_19367/glide_CEv6s0/execute/dir_4553/crab_fjr_9.xml -p pset.py      
 Feb 02 21:24:25 GMT	---	1406492	1906696	186	----	----	----
 Feb 02 21:35:30 GMT	7210	1414100	1906696	186	606	10014	cmsRun -j /scratch/condor/dir_19367/glide_CEv6s0/execute/dir_4553/crab_fjr_9.xml -p pset.py      
 Feb 02 21:36:30 GMT	7210	1430724	1906696	186	611	10075	cmsRun -j /scratch/condor/dir_19367/glide_CEv6s0/execute/dir_4553/crab_fjr_9.xml -p pset.py      
 Feb 02 21:37:31 GMT	7210	1438272	1906696	186	616	10135	cmsRun -j /scratch/condor/dir_19367/glide_CEv6s0/execute/dir_4553/crab_fjr_9.xml -p pset.py      
 Feb 02 21:43:33 GMT	7210	1465180	1916424	186	665	10498	cmsRun -j /scratch/condor/dir_19367/glide_CEv6s0/execute/dir_4553/crab_fjr_9.xml -p pset.py      
 Feb 02 21:44:34 GMT	---	1465180	1916424	211	----	----	----
 Feb 02 21:50:36 GMT	7210	1465180	1916936	211	698	10920	cmsRun -j /scratch/condor/dir_19367/glide_CEv6s0/execute/dir_4553/crab_fjr_9.xml -p pset.py      
 Feb 02 21:56:38 GMT	7210	1465180	1920008	211	711	11282	cmsRun -j /scratch/condor/dir_19367/glide_CEv6s0/execute/dir_4553/crab_fjr_9.xml -p pset.py      
 Feb 02 21:58:39 GMT	7210	1465180	1923080	211	717	11403	cmsRun -j /scratch/condor/dir_19367/glide_CEv6s0/execute/dir_4553/crab_fjr_9.xml -p pset.py      
 Feb 02 22:00:39 GMT	7210	1465180	1925128	211	722	11524	cmsRun -j /scratch/condor/dir_19367/glide_CEv6s0/execute/dir_4553/crab_fjr_9.xml -p pset.py      
 Feb 02 22:02:40 GMT	7210	1465180	1935368	211	728	11644	cmsRun -j /scratch/condor/dir_19367/glide_CEv6s0/execute/dir_4553/crab_fjr_9.xml -p pset.py      
 Feb 02 22:03:40 GMT	7210	1465180	1939720	211	737	11705	cmsRun -j /scratch/condor/dir_19367/glide_CEv6s0/execute/dir_4553/crab_fjr_9.xml -p pset.py      
 Feb 02 22:04:41 GMT	7210	1465180	1952520	211	757	11765	cmsRun -j /scratch/condor/dir_19367/glide_CEv6s0/execute/dir_4553/crab_fjr_9.xml -p pset.py      
 Feb 02 22:05:41 GMT	7210	1465180	1957384	211	767	11825	cmsRun -j /scratch/condor/dir_19367/glide_CEv6s0/execute/dir_4553/crab_fjr_9.xml -p pset.py      
 Feb 02 22:06:41 GMT	---	1465180	1957384	233	----	----	----
 Feb 02 22:11:44 GMT	7210	1465180	1958408	233	795	12188	cmsRun -j /scratch/condor/dir_19367/glide_CEv6s0/execute/dir_4553/crab_fjr_9.xml -p pset.py      
 Feb 02 22:15:45 GMT	7210	1465180	1959176	233	818	12429	cmsRun -j /scratch/condor/dir_19367/glide_CEv6s0/execute/dir_4553/crab_fjr_9.xml -p pset.py      
 Feb 02 22:25:48 GMT	7210	1465180	1968904	233	832	13033	cmsRun -j /scratch/condor/dir_19367/glide_CEv6s0/execute/dir_4553/crab_fjr_9.xml -p pset.py      
 Feb 02 22:26:49 GMT	7210	1465180	1975560	233	840	13093	cmsRun -j /scratch/condor/dir_19367/glide_CEv6s0/execute/dir_4553/crab_fjr_9.xml -p pset.py      
 Feb 02 22:27:49 GMT	7210	1465180	1979144	233	852	13154	cmsRun -j /scratch/condor/dir_19367/glide_CEv6s0/execute/dir_4553/crab_fjr_9.xml -p pset.py      
 Feb 02 22:28:50 GMT	7210	1465180	1993480	233	865	13214	cmsRun -j /scratch/condor/dir_19367/glide_CEv6s0/execute/dir_4553/crab_fjr_9.xml -p pset.py      
 Feb 02 22:30:50 GMT	7210	1510420	2013448	233	894	13335	cmsRun -j /scratch/condor/dir_19367/glide_CEv6s0/execute/dir_4553/crab_fjr_9.xml -p pset.py      
 Feb 02 22:30:50 GMT	---	1510420	2013448	245	----	----	----
 Feb 02 22:31:51 GMT	---	1510420	2013448	253	----	----	----
 Feb 02 22:42:28 GMT	---	1510420	2013448	276	----	----	----
# TIME			PID	RSS(KB)	VSZ(KB)	Dsk(MB)	tCPU(s)	tWALL(s)	COMMAND
 Feb 02 22:43:30 GMT	---	1510420	2013448	277	----	----	----
********** WATCHDOG LOG ENDED
ZIPPING WATCHDOG LOG
Disk space used:
du -sh /scratch/condor/dir_19367/glide_CEv6s0/execute/dir_4553
277M	/scratch/condor/dir_19367/glide_CEv6s0/execute/dir_4553
Found unusual stdout, rename for OSB
`/scratch/condor/dir_19367/glide_CEv6s0/execute/dir_4553/_condor_stdout' -> `CMSSW_9.stdout'
Found unusual stderr, rename for OSB
`/scratch/condor/dir_19367/glide_CEv6s0/execute/dir_4553/_condor_stdout' -> `CMSSW_9.stderr'
crab_fjr_9.xml
CMSSW_9.stdout
CMSSW_9.stderr
Watchdog_9.log.gz
Total Output dimension: 25838
WARNING: output files size limit is set to: 50000000
Total Output dimension 25838 is fine.
JOB_EXIT_STATUS = 0
>>> info for dashboard:
***** Cat /scratch/condor/dir_19367/glide_CEv6s0/execute/dir_4553/jobreport.txt *****
MonitorJobID=9_https://submit-6.t2.ucsd.edu//150202//509447.8
MonitorID=dcieri_PU140_4dm08r
ExeTime=14030
ExeExitCode=0
StageOutExitStatusReason = 'Copy succedeed with srm-lcg utils'
StageOutSE = heplnx204.pp.rl.ac.uk
StageOutExitStatus = 0
CrabUserCpuTime=969.43
CrabSysCpuTime=38.52
CrabCpuPercentage=7%
CrabWrapperTime=14106
CrabStageoutTime=52
JobExitCode=0
***** End Cat jobreport *****
Parameters sent to Dashboard.
EXITING at Mon Feb  2 22:43:41 GMT 2015  -  Mon Feb  2 22:43:41 UTC 2015
