This script was generated by crab (version 2.11.1_patch1).
Running /scratch/condor/dir_21737/glide_VtCpLm/execute/dir_14594/condor_exec.exe with 2 positional parameters: 468 1
Today is Mon Feb  2 21:33:13 GMT 2015 - Mon Feb  2 21:33:13 UTC 2015
Job submitted on host heplnc026.pp.rl.ac.uk
Linux heplnc026.pp.rl.ac.uk 2.6.32-504.3.3.el6.x86_64 #1 SMP Tue Dec 16 14:29:22 CST 2014 x86_64 x86_64 x86_64 GNU/Linux
Distributor ID:	Scientific
Description:	Scientific Linux release 6.6 (Carbon)
>>> current directory (RUNTIME_AREA): /scratch/condor/dir_21737/glide_VtCpLm/execute/dir_14594
>>> current user: uid=157415(cms415) gid=157000(gplcms) groups=157000(gplcms)
>>> directory permission set to 0700
>>> umask set to:  u=rwx,g=,o=
>>> stdout stderr permission set to 0704
>>> voms proxy information:
subject   : /DC=ch/DC=cern/OU=Organic Units/OU=Users/CN=dcieri/CN=755391/CN=Davide Cieri/CN=769881070/CN=1447196323
issuer    : /DC=ch/DC=cern/OU=Organic Units/OU=Users/CN=dcieri/CN=755391/CN=Davide Cieri/CN=769881070
identity  : /DC=ch/DC=cern/OU=Organic Units/OU=Users/CN=dcieri/CN=755391/CN=Davide Cieri
type      : RFC3820 compliant limited proxy
strength  : 1024
path      : /scratch/condor/dir_21737/glide_VtCpLm/execute/dir_14594/x509up_u62281
timeleft  : 23:58:42
key usage : Digital Signature, Key Encipherment
=== VO cms extension information ===
VO        : cms
subject   : /DC=ch/DC=cern/OU=Organic Units/OU=Users/CN=dcieri/CN=755391/CN=Davide Cieri
issuer    : /DC=ch/DC=cern/OU=computers/CN=lcg-voms2.cern.ch
attribute : /cms/Role=NULL/Capability=NULL
timeleft  : 182:43:11
uri       : lcg-voms2.cern.ch:15002

WNHostName=heplnc026.pp.rl.ac.uk
$_CONDOR_JOB_AD =/scratch/condor/dir_21737/glide_VtCpLm/execute/dir_14594/.job.ad
OverflowFlag=0
>>> tar --no-same-permissions -xf /scratch/condor/dir_21737/glide_VtCpLm/execute/dir_14594/default.tgz :
Successful untar
>>> Include /scratch/condor/dir_21737/glide_VtCpLm/execute/dir_14594 in PYTHONPATH:
strip arguments
env var CRAB_UNIQUE_JOB_ID set to: dcieri_PU140_4dm08r_468_1_rYX
out_files_468
>>> list of expected files on output sandbox
output files: crab_fjr_468.xml CMSSW_468.stdout CMSSW_468.stderr Watchdog_468.log.gz
>>> GridFlavour discovery: 
GridFlavour=LCG
>>> SyncSite discovery: 
SyncSite=T2_UK_SGrid_RALPP
>>> SyncCE discovery: 
getting SyncCE from GLIDEIN_Gaekeeper
SyncCE=heplnv147.pp.rl.ac.uk
>>> info for dashboard:
***** Cat /scratch/condor/dir_21737/glide_VtCpLm/execute/dir_14594/jobreport.txt *****
WNHostName=heplnc026.pp.rl.ac.uk
OverflowFlag=0
MonitorJobID=468_https://submit-6.t2.ucsd.edu//150202//509448.67
SyncGridJobId=https://submit-6.t2.ucsd.edu//150202//509448.67
MonitorID=dcieri_PU140_4dm08r
GridFlavour=LCG
SyncSite=T2_UK_SGrid_RALPP
SyncCE=heplnv147.pp.rl.ac.uk
***** End Cat jobreport *****
Parameters sent to Dashboard.
>>> setup environment
set SCRAM ARCH to slc6_amd64_gcc472
SCRAM_ARCH = slc6_amd64_gcc472
>>> setup CMS LCG environment:
set SCRAM ARCH and BUILD_ARCH to slc6_amd64_gcc472 ###
Sourcing environment... 
sourcing /cvmfs/cms.cern.ch/cmsset_default.sh
==> setup cms environment ok
>>> specific cmssw setup environment:
CMSSW_VERSION =  CMSSW_6_2_0_SLHC12
WARNING: In non-interactive mode release checks e.g. deprecated releases, production architectures are disabled.
>>> current directory (SOFTWARE_DIR): /scratch/condor/dir_21737/glide_VtCpLm/execute/dir_14594/CMSSW_6_2_0_SLHC12
PreserveSeeds: <>
IncrementSeeds:<>
>>> info for dashboard:
***** Cat /scratch/condor/dir_21737/glide_VtCpLm/execute/dir_14594/jobreport.txt *****
MonitorJobID=468_https://submit-6.t2.ucsd.edu//150202//509448.67
MonitorID=dcieri_PU140_4dm08r
***** End Cat jobreport *****
Parameters sent to Dashboard.
crabWatchdog started as process 16605
>>> moving CMSSW software directories in /scratch/condor/dir_21737/glide_VtCpLm/execute/dir_14594/CMSSW_6_2_0_SLHC12
mv: cannot stat `/scratch/condor/dir_21737/glide_VtCpLm/execute/dir_14594/module/': No such file or directory
>>> Include /scratch/condor/dir_21737/glide_VtCpLm/execute/dir_14594 in PYTHONPATH:
PYTHONPATH=/scratch/condor/dir_21737/glide_VtCpLm/execute/dir_14594/:/scratch/condor/dir_21737/glide_VtCpLm/execute/dir_14594/CMSSW_6_2_0_SLHC12/python:/scratch/condor/dir_21737/glide_VtCpLm/execute/dir_14594/CMSSW_6_2_0_SLHC12/lib/slc6_amd64_gcc472:/cvmfs/cms.cern.ch/slc6_amd64_gcc472/cms/cmssw/CMSSW_6_2_0_SLHC12/python:/cvmfs/cms.cern.ch/slc6_amd64_gcc472/cms/cmssw/CMSSW_6_2_0_SLHC12/lib/slc6_amd64_gcc472:/cvmfs/cms.cern.ch/slc6_amd64_gcc472/cms/coral/CORAL_2_3_21-cms35/slc6_amd64_gcc472/python:/cvmfs/cms.cern.ch/slc6_amd64_gcc472/cms/coral/CORAL_2_3_21-cms35/slc6_amd64_gcc472/lib:/cvmfs/cms.cern.ch/slc6_amd64_gcc472/external/python-ldap/2.3.5-cms5/lib/python2.7/site-packages:/cvmfs/cms.cern.ch/slc6_amd64_gcc472/external/pyqt/4.8.1-cms5/lib/python2.7/site-packages:/cvmfs/cms.cern.ch/slc6_amd64_gcc472/external/py2-scipy/0.8.0-cms7/lib/python2.7/site-packages:/cvmfs/cms.cern.ch/slc6_amd64_gcc472/external/py2-matplotlib/1.0.1-cms7/lib/python2.7/site-packages:/cvmfs/cms.cern.ch/slc6_amd64_gcc472/external/sip/4.11.2-cms5/lib/python2.7/site-packages:/cvmfs/cms.cern.ch/slc6_amd64_gcc472/external/py2-pycurl/7.19.0-cms7/lib/python2.7/site-packages:/cvmfs/cms.cern.ch/slc6_amd64_gcc472/external/py2-numpy/1.6.1-cms7/lib/python2.7/site-packages:/cvmfs/cms.cern.ch/slc6_amd64_gcc472/external/py2-lint/0.25.1-cms5/lib/python2.7/site-packages:/cvmfs/cms.cern.ch/slc6_amd64_gcc472/external/py2-ipython/0.10-cms5/lib/python2.7/site-packages:/cvmfs/cms.cern.ch/slc6_amd64_gcc472/external/py2-cx-oracle/5.1-cms5/lib/python2.7/site-packages:/cvmfs/cms.cern.ch/slc6_amd64_gcc472/external/py2-cjson/1.0.5-cms5/lib/python2.7/site-packages:/cvmfs/cms.cern.ch/slc6_amd64_gcc472/cms/das-client/1.11.7/bin:/cvmfs/cms.cern.ch/slc6_amd64_gcc472/external/elementtree/1.2.6-cms5/share/lib/python2.7/site-packages:/cvmfs/cms.cern.ch/slc6_amd64_gcc472/external/rivet/1.8.2-cms9/lib/python2.7/site-packages:/cvmfs/cms.cern.ch/slc6_amd64_gcc472/external/pyminuit2/0.0.1-cms19/lib/python2.7/site-packages:/cvmfs/cms.cern.ch/slc6_amd64_gcc472/external/py2-pygithub/1.23.0-cms2/lib/python2.7/site-packages:/cvmfs/cms.cern.ch/slc6_amd64_gcc472/external/professor/1.0.0-cms19/lib/python2.7/site-packages:/cvmfs/cms.cern.ch/slc6_amd64_gcc472/lcg/root/5.34.07-cms/lib:/cvmfs/cms.cern.ch/slc6_amd64_gcc472/cms/dbs-client/DBS_2_1_9-cms5/lib:/cvmfs/cms.cern.ch/slc6_amd64_gcc472/cms/dbs-client/DBS_2_1_9-cms5/lib/DBSAPI:/cvmfs/cms.cern.ch/slc6_amd64_gcc472/external/cvs2git/5419-cms/lib:/scratch/condor/dir_21737/glide_VtCpLm/execute/dir_14594/
 
# LIMITS USED BY CRAB WATCHDOG:
# RSS  (KBytes)   : 2300000
# VSZ  (KBytes)   : 100000000
# DISK (MBytes)   : 19000
# CPU TIME        : 720h:0m:0s
# WALL CLOCK TIME : 21h:50m:0s
 
3c0380cf82de79bc39966c93934c61fc
PSETHASH = 3c0380cf82de79bc39966c93934c61fc
/scratch/condor/dir_21737/glide_VtCpLm/execute/dir_14594/writeCfg.py pset.py pset.py
Importing .py file
Setting parameters
RandomNumberGeneratorService found, will attempt to change seeds
inputBlocks=/ttbar/dcieri-ttbar_SIM-130075366148575c102f0d64fd3ac8f7/USER#42cb1519-7f11-43e2-ab9a-a013bd5404ac
inputFiles=/store/user/dcieri/ttbar_SIM/ttbar/ttbar_SIM/150129_145223/0000/step1_47.root
parentFiles=
lumisRange=
>>> Executable cmsRun
/cvmfs/cms.cern.ch/slc6_amd64_gcc472/cms/cmssw/CMSSW_6_2_0_SLHC12/bin/slc6_amd64_gcc472/cmsRun
ok executable found
>>> info for dashboard:
***** Cat /scratch/condor/dir_21737/glide_VtCpLm/execute/dir_14594/jobreport.txt *****
MonitorJobID=468_https://submit-6.t2.ucsd.edu//150202//509448.67
MonitorID=dcieri_PU140_4dm08r
ExeStart=cmsRun
***** End Cat jobreport *****
Parameters sent to Dashboard.
>>> cmsRun started at Mon Feb  2 21:33:21 UTC 2015
>>> cmsRun ended at Mon Feb  2 23:33:46 UTC 2015
>>> crab_fjr_*.xml  permission set to 0704
>>> info for dashboard:
***** Cat /scratch/condor/dir_21737/glide_VtCpLm/execute/dir_14594/jobreport.txt *****
MonitorJobID=468_https://submit-6.t2.ucsd.edu//150202//509448.67
MonitorID=dcieri_PU140_4dm08r
ExeEnd=cmsRun
***** End Cat jobreport *****
Parameters sent to Dashboard.
TIME_EXE = 7225 sec
>>> cmsRun wrote 206 lines of stdout+stderr
>>> START OF printout of 206 lines from stdout+stderr
271 DQMStore::DQMStore 
HcalTopologyIdealEP::HcalTopologyIdealEP
02-Feb-2015 21:33:31 GMT  Initiating request to open file root://dcap.pp.rl.ac.uk:1094/pnfs/pp.rl.ac.uk/data/cms/store/user/dcieri/ttbar_SIM/ttbar/ttbar_SIM/150129_145223/0000/step1_47.root
150202 21:33:32 16745 Xrd: CheckErrorStatus: Server [heplnx209.pp.rl.ac.uk:1094] declared: Request 3018 not supported(error code: 3013)
02-Feb-2015 21:33:33 GMT  Successfully opened file root://dcap.pp.rl.ac.uk:1094/pnfs/pp.rl.ac.uk/data/cms/store/user/dcieri/ttbar_SIM/ttbar/ttbar_SIM/150129_145223/0000/step1_47.root
02-Feb-2015 21:33:33 GMT  Initiating request to open file root://xrootd.unl.edu//store/group/dpg_trigger/comm_trigger/L1TrackTrigger/620_SLHC10/Extended2023TTI/MinBias/MinBias_TuneZ2star_GEN_SIM_1.root
02-Feb-2015 21:33:49 GMT  Successfully opened file root://xrootd.unl.edu//store/group/dpg_trigger/comm_trigger/L1TrackTrigger/620_SLHC10/Extended2023TTI/MinBias/MinBias_TuneZ2star_GEN_SIM_1.root
disableME1a = 0
HcalTopologyIdealEP::produce(const IdealGeometryRecord& iRecord)
mode = 2, maxDepthHB = 3, maxDepthHE = 5
RPCGeometryESModule :: produce
RPCGeometryESModule :: produce :: 1/4 Get Muon Ideal Geometry Record
RPCGeometryESModule :: produce :: 2/4 Get Muon DDD Constants
RPCGeometryESModule :: produce :: 3/4 Get Muon Numbering Record
in MuonNumberingInitialization::initializeMuonDDDConstants
about to make my new muonDDDConst_
in MuonNumberingInitialization::produce
RPCGeometryESModule :: produce :: 4/4 Build
Found:

	Barrel Stack layer 5 : 1008 stacks
	Barrel Stack layer 6 : 1320 stacks
	Barrel Stack layer 7 : 1836 stacks
	Barrel Stack layer 8 : 1152 stacks
	Barrel Stack layer 9 : 1488 stacks
	Barrel Stack layer 10 : 1824 stacks

	Endcap Stack disk 11 : 1360 stacks
	Endcap Stack disk 12 : 1360 stacks
	Endcap Stack disk 13 : 1360 stacks
	Endcap Stack disk 14 : 1360 stacks
	Endcap Stack disk 15 : 1360 stacks
Created 15428 stacks in 17 s

TTClusterBuilder< edm::Ref<edm::DetSetVector<PixelDigi>, PixelDigi, edm::refhelper::FindForDetSetVector<PixelDigi> > > loaded modules:
	TTClusterAlgorithm:	TTClusterAlgorithm_2d2013< edm::Ref<edm::DetSetVector<PixelDigi>, PixelDigi, edm::refhelper::FindForDetSetVector<PixelDigi> > >


TTStubBuilder< edm::Ref<edm::DetSetVector<PixelDigi>, PixelDigi, edm::refhelper::FindForDetSetVector<PixelDigi> > > loaded modules:
	TTStubAlgorithm:	TTStubAlgorithm_tab2013< edm::Ref<edm::DetSetVector<PixelDigi>, PixelDigi, edm::refhelper::FindForDetSetVector<PixelDigi> > >


TTClusterAssociator< edm::Ref<edm::DetSetVector<PixelDigi>, PixelDigi, edm::refhelper::FindForDetSetVector<PixelDigi> > > loaded.


TTStubAssociator< edm::Ref<edm::DetSetVector<PixelDigi>, PixelDigi, edm::refhelper::FindForDetSetVector<PixelDigi> > > loaded.


TTTrackAssociator< edm::Ref<edm::DetSetVector<PixelDigi>, PixelDigi, edm::refhelper::FindForDetSetVector<PixelDigi> > > loaded.

Begin processing the 1st record. Run 1, Event 461, LumiSection 47 at 02-Feb-2015 21:34:24.325 GMT
02-Feb-2015 21:34:31 GMT  Closed file root://xrootd.unl.edu//store/group/dpg_trigger/comm_trigger/L1TrackTrigger/620_SLHC10/Extended2023TTI/MinBias/MinBias_TuneZ2star_GEN_SIM_1.root
02-Feb-2015 21:34:31 GMT  Initiating request to open file root://xrootd.unl.edu//store/group/dpg_trigger/comm_trigger/L1TrackTrigger/620_SLHC10/Extended2023TTI/MinBias/MinBias_TuneZ2star_GEN_SIM_741.root
02-Feb-2015 21:35:01 GMT  Successfully opened file root://xrootd.unl.edu//store/group/dpg_trigger/comm_trigger/L1TrackTrigger/620_SLHC10/Extended2023TTI/MinBias/MinBias_TuneZ2star_GEN_SIM_741.root
150202 21:40:01 17743 Xrd: XrdClientMessage::ReadRaw: Failed to read header (8 bytes).
150202 21:40:31 17741 Xrd: XrdClientMessage::ReadRaw: Failed to read header (8 bytes).
02-Feb-2015 21:41:54 GMT  Closed file root://xrootd.unl.edu//store/group/dpg_trigger/comm_trigger/L1TrackTrigger/620_SLHC10/Extended2023TTI/MinBias/MinBias_TuneZ2star_GEN_SIM_741.root
02-Feb-2015 21:41:54 GMT  Initiating request to open file root://xrootd.unl.edu//store/group/dpg_trigger/comm_trigger/L1TrackTrigger/620_SLHC10/Extended2023TTI/MinBias/MinBias_TuneZ2star_GEN_SIM_659.root
150202 21:42:26 5067 Xrd: CheckErrorStatus: Server [xrootd.ba.infn.it:1094] declared: session not found(error code: 3011)
02-Feb-2015 21:42:26 GMT  Successfully opened file root://xrootd.unl.edu//store/group/dpg_trigger/comm_trigger/L1TrackTrigger/620_SLHC10/Extended2023TTI/MinBias/MinBias_TuneZ2star_GEN_SIM_659.root
150202 21:47:01 21865 Xrd: XrdClientMessage::ReadRaw: Failed to read header (8 bytes).
150202 21:47:31 5439 Xrd: XrdClientMessage::ReadRaw: Failed to read header (8 bytes).
150202 21:54:01 16771 Xrd: XrdClientMessage::ReadRaw: Failed to read header (8 bytes).
150202 21:54:01 16772 Xrd: XrdClientMessage::ReadRaw: Failed to read header (8 bytes).
150202 21:54:02 17740 Xrd: XrdClientMessage::ReadRaw: Failed to read header (8 bytes).
150202 21:55:31 21864 Xrd: XrdClientMessage::ReadRaw: Failed to read header (8 bytes).
02-Feb-2015 21:59:03 GMT  Closed file root://xrootd.unl.edu//store/group/dpg_trigger/comm_trigger/L1TrackTrigger/620_SLHC10/Extended2023TTI/MinBias/MinBias_TuneZ2star_GEN_SIM_659.root
02-Feb-2015 21:59:03 GMT  Initiating request to open file root://xrootd.unl.edu//store/group/dpg_trigger/comm_trigger/L1TrackTrigger/620_SLHC10/Extended2023TTI/MinBias/MinBias_TuneZ2star_GEN_SIM_569.root
150202 21:59:33 27776 Xrd: CheckErrorStatus: Server [cms-xrd-global.cern.ch:1094] declared: session not found(error code: 3011)
150202 21:59:33 27776 Xrd: CheckErrorStatus: Server [llrxrd-redir.in2p3.fr:1094] declared: session not found(error code: 3011)
02-Feb-2015 21:59:33 GMT  Successfully opened file root://xrootd.unl.edu//store/group/dpg_trigger/comm_trigger/L1TrackTrigger/620_SLHC10/Extended2023TTI/MinBias/MinBias_TuneZ2star_GEN_SIM_569.root
Building the geometry service
Warning did not find digi
Warning did not find digi
Warning did not find digi
Warning did not find digi
Warning did not find digi in disks
Warning did not find digi in disks
Warning did not find digi in disks
Warning did not find digi in disks
150202 22:02:31 5438 Xrd: XrdClientMessage::ReadRaw: Failed to read header (8 bytes).
150202 22:04:31 5440 Xrd: XrdClientMessage::ReadRaw: Failed to read header (8 bytes).
02-Feb-2015 22:04:43 GMT  Closed file root://xrootd.unl.edu//store/group/dpg_trigger/comm_trigger/L1TrackTrigger/620_SLHC10/Extended2023TTI/MinBias/MinBias_TuneZ2star_GEN_SIM_569.root
02-Feb-2015 22:04:43 GMT  Initiating request to open file root://xrootd.unl.edu//store/group/dpg_trigger/comm_trigger/L1TrackTrigger/620_SLHC10/Extended2023TTI/MinBias/MinBias_TuneZ2star_GEN_SIM_156.root
150202 22:04:43 28277 Xrd: XrdClientMessage::ReadRaw: Failed to read header (8 bytes).
150202 22:09:46 4295 Xrd: CheckErrorStatus: Server [cms-xrd-global.cern.ch:1094] declared: session not found(error code: 3011)
150202 22:09:46 4295 Xrd: CheckErrorStatus: Server [xrootd.ba.infn.it:1094] declared: session not found(error code: 3011)
02-Feb-2015 22:09:46 GMT  Successfully opened file root://xrootd.unl.edu//store/group/dpg_trigger/comm_trigger/L1TrackTrigger/620_SLHC10/Extended2023TTI/MinBias/MinBias_TuneZ2star_GEN_SIM_156.root
02-Feb-2015 22:14:33 GMT  Closed file root://xrootd.unl.edu//store/group/dpg_trigger/comm_trigger/L1TrackTrigger/620_SLHC10/Extended2023TTI/MinBias/MinBias_TuneZ2star_GEN_SIM_156.root
02-Feb-2015 22:14:33 GMT  Initiating request to open file root://xrootd.unl.edu//store/group/dpg_trigger/comm_trigger/L1TrackTrigger/620_SLHC10/Extended2023TTI/MinBias/MinBias_TuneZ2star_GEN_SIM_606.root
150202 22:14:46 28278 Xrd: XrdClientMessage::ReadRaw: Failed to read header (8 bytes).
150202 22:15:01 7236 Xrd: XrdClientMessage::ReadRaw: Failed to read header (8 bytes).
150202 22:20:01 28276 Xrd: XrdClientMessage::ReadRaw: Failed to read header (8 bytes).
150202 22:20:01 7237 Xrd: XrdClientMessage::ReadRaw: Failed to read header (8 bytes).
150202 22:24:44 9270 Xrd: CheckErrorStatus: Server [cms-xrd-global.cern.ch:1094] declared: session not found(error code: 3011)
150202 22:24:44 9270 Xrd: CheckErrorStatus: Server [llrxrd-redir.in2p3.fr:1094] declared: session not found(error code: 3011)
02-Feb-2015 22:24:44 GMT  Successfully opened file root://xrootd.unl.edu//store/group/dpg_trigger/comm_trigger/L1TrackTrigger/620_SLHC10/Extended2023TTI/MinBias/MinBias_TuneZ2star_GEN_SIM_606.root
02-Feb-2015 22:29:48 GMT  Closed file root://xrootd.unl.edu//store/group/dpg_trigger/comm_trigger/L1TrackTrigger/620_SLHC10/Extended2023TTI/MinBias/MinBias_TuneZ2star_GEN_SIM_606.root
02-Feb-2015 22:29:48 GMT  Initiating request to open file root://xrootd.unl.edu//store/group/dpg_trigger/comm_trigger/L1TrackTrigger/620_SLHC10/Extended2023TTI/MinBias/MinBias_TuneZ2star_GEN_SIM_152.root
150202 22:29:49 14576 Xrd: XrdClientMessage::ReadRaw: Failed to read header (8 bytes).
02-Feb-2015 22:29:49 GMT  Successfully opened file root://xrootd.unl.edu//store/group/dpg_trigger/comm_trigger/L1TrackTrigger/620_SLHC10/Extended2023TTI/MinBias/MinBias_TuneZ2star_GEN_SIM_152.root
150202 22:29:52 7234 Xrd: XrdClientMessage::ReadRaw: Failed to read header (8 bytes).
02-Feb-2015 22:34:36 GMT  Closed file root://xrootd.unl.edu//store/group/dpg_trigger/comm_trigger/L1TrackTrigger/620_SLHC10/Extended2023TTI/MinBias/MinBias_TuneZ2star_GEN_SIM_152.root
02-Feb-2015 22:34:36 GMT  Initiating request to open file root://xrootd.unl.edu//store/group/dpg_trigger/comm_trigger/L1TrackTrigger/620_SLHC10/Extended2023TTI/MinBias/MinBias_TuneZ2star_GEN_SIM_625.root
150202 22:34:51 17475 Xrd: XrdClientMessage::ReadRaw: Failed to read header (8 bytes).
150202 22:34:51 19162 Xrd: CheckErrorStatus: Server [cms-xrd-global.cern.ch:1094] declared: session not found(error code: 3011)
150202 22:34:51 19162 Xrd: CheckErrorStatus: Server [xrootd.ba.infn.it:1094] declared: session not found(error code: 3011)
02-Feb-2015 22:34:53 GMT  Successfully opened file root://xrootd.unl.edu//store/group/dpg_trigger/comm_trigger/L1TrackTrigger/620_SLHC10/Extended2023TTI/MinBias/MinBias_TuneZ2star_GEN_SIM_625.root
02-Feb-2015 22:38:53 GMT  Closed file root://xrootd.unl.edu//store/group/dpg_trigger/comm_trigger/L1TrackTrigger/620_SLHC10/Extended2023TTI/MinBias/MinBias_TuneZ2star_GEN_SIM_625.root
02-Feb-2015 22:38:53 GMT  Initiating request to open file root://xrootd.unl.edu//store/group/dpg_trigger/comm_trigger/L1TrackTrigger/620_SLHC10/Extended2023TTI/MinBias/MinBias_TuneZ2star_GEN_SIM_726.root
150202 22:39:24 14577 Xrd: XrdClientMessage::ReadRaw: Failed to read header (8 bytes).
02-Feb-2015 22:39:24 GMT  Successfully opened file root://xrootd.unl.edu//store/group/dpg_trigger/comm_trigger/L1TrackTrigger/620_SLHC10/Extended2023TTI/MinBias/MinBias_TuneZ2star_GEN_SIM_726.root
150202 22:40:01 17476 Xrd: XrdClientMessage::ReadRaw: Failed to read header (8 bytes).
02-Feb-2015 22:43:00 GMT  Closed file root://xrootd.unl.edu//store/group/dpg_trigger/comm_trigger/L1TrackTrigger/620_SLHC10/Extended2023TTI/MinBias/MinBias_TuneZ2star_GEN_SIM_726.root
02-Feb-2015 22:43:00 GMT  Initiating request to open file root://xrootd.unl.edu//store/group/dpg_trigger/comm_trigger/L1TrackTrigger/620_SLHC10/Extended2023TTI/MinBias/MinBias_TuneZ2star_GEN_SIM_89.root
150202 22:43:31 21641 Xrd: CheckErrorStatus: Server [cms-xrd-global.cern.ch:1094] declared: session not found(error code: 3011)
02-Feb-2015 22:43:32 GMT  Successfully opened file root://xrootd.unl.edu//store/group/dpg_trigger/comm_trigger/L1TrackTrigger/620_SLHC10/Extended2023TTI/MinBias/MinBias_TuneZ2star_GEN_SIM_89.root
150202 22:44:01 19284 Xrd: XrdClientMessage::ReadRaw: Failed to read header (8 bytes).
02-Feb-2015 22:47:33 GMT  Closed file root://xrootd.unl.edu//store/group/dpg_trigger/comm_trigger/L1TrackTrigger/620_SLHC10/Extended2023TTI/MinBias/MinBias_TuneZ2star_GEN_SIM_89.root
02-Feb-2015 22:47:33 GMT  Initiating request to open file root://xrootd.unl.edu//store/group/dpg_trigger/comm_trigger/L1TrackTrigger/620_SLHC10/Extended2023TTI/MinBias/MinBias_TuneZ2star_GEN_SIM_951.root
150202 22:48:01 20424 Xrd: XrdClientMessage::ReadRaw: Failed to read header (8 bytes).
02-Feb-2015 22:48:04 GMT  Successfully opened file root://xrootd.unl.edu//store/group/dpg_trigger/comm_trigger/L1TrackTrigger/620_SLHC10/Extended2023TTI/MinBias/MinBias_TuneZ2star_GEN_SIM_951.root
02-Feb-2015 22:51:19 GMT  Closed file root://xrootd.unl.edu//store/group/dpg_trigger/comm_trigger/L1TrackTrigger/620_SLHC10/Extended2023TTI/MinBias/MinBias_TuneZ2star_GEN_SIM_951.root
02-Feb-2015 22:51:19 GMT  Initiating request to open file root://xrootd.unl.edu//store/group/dpg_trigger/comm_trigger/L1TrackTrigger/620_SLHC10/Extended2023TTI/MinBias/MinBias_TuneZ2star_GEN_SIM_583.root
02-Feb-2015 22:51:51 GMT  Successfully opened file root://xrootd.unl.edu//store/group/dpg_trigger/comm_trigger/L1TrackTrigger/620_SLHC10/Extended2023TTI/MinBias/MinBias_TuneZ2star_GEN_SIM_583.root
150202 22:53:01 21682 Xrd: XrdClientMessage::ReadRaw: Failed to read header (8 bytes).
150202 22:56:31 22397 Xrd: XrdClientMessage::ReadRaw: Failed to read header (8 bytes).
150202 22:57:01 19283 Xrd: XrdClientMessage::ReadRaw: Failed to read header (8 bytes).
02-Feb-2015 22:57:07 GMT  Closed file root://xrootd.unl.edu//store/group/dpg_trigger/comm_trigger/L1TrackTrigger/620_SLHC10/Extended2023TTI/MinBias/MinBias_TuneZ2star_GEN_SIM_583.root
02-Feb-2015 22:57:07 GMT  Initiating request to open file root://xrootd.unl.edu//store/group/dpg_trigger/comm_trigger/L1TrackTrigger/620_SLHC10/Extended2023TTI/MinBias/MinBias_TuneZ2star_GEN_SIM_939.root
150202 22:57:38 24006 Xrd: CheckErrorStatus: Server [xrootd-redic.pi.infn.it:1094] declared: session not found(error code: 3011)
02-Feb-2015 22:57:39 GMT  Successfully opened file root://xrootd.unl.edu//store/group/dpg_trigger/comm_trigger/L1TrackTrigger/620_SLHC10/Extended2023TTI/MinBias/MinBias_TuneZ2star_GEN_SIM_939.root
02-Feb-2015 23:00:54 GMT  Closed file root://xrootd.unl.edu//store/group/dpg_trigger/comm_trigger/L1TrackTrigger/620_SLHC10/Extended2023TTI/MinBias/MinBias_TuneZ2star_GEN_SIM_939.root
02-Feb-2015 23:00:54 GMT  Initiating request to open file root://xrootd.unl.edu//store/group/dpg_trigger/comm_trigger/L1TrackTrigger/620_SLHC10/Extended2023TTI/MinBias/MinBias_TuneZ2star_GEN_SIM_423.root
02-Feb-2015 23:00:55 GMT  Successfully opened file root://xrootd.unl.edu//store/group/dpg_trigger/comm_trigger/L1TrackTrigger/620_SLHC10/Extended2023TTI/MinBias/MinBias_TuneZ2star_GEN_SIM_423.root
150202 23:02:31 23164 Xrd: XrdClientMessage::ReadRaw: Failed to read header (8 bytes).
02-Feb-2015 23:04:05 GMT  Closed file root://xrootd.unl.edu//store/group/dpg_trigger/comm_trigger/L1TrackTrigger/620_SLHC10/Extended2023TTI/MinBias/MinBias_TuneZ2star_GEN_SIM_423.root
02-Feb-2015 23:04:05 GMT  Initiating request to open file root://xrootd.unl.edu//store/group/dpg_trigger/comm_trigger/L1TrackTrigger/620_SLHC10/Extended2023TTI/MinBias/MinBias_TuneZ2star_GEN_SIM_529.root
02-Feb-2015 23:04:36 GMT  Successfully opened file root://xrootd.unl.edu//store/group/dpg_trigger/comm_trigger/L1TrackTrigger/620_SLHC10/Extended2023TTI/MinBias/MinBias_TuneZ2star_GEN_SIM_529.root
150202 23:06:01 24022 Xrd: XrdClientMessage::ReadRaw: Failed to read header (8 bytes).
02-Feb-2015 23:08:58 GMT  Closed file root://xrootd.unl.edu//store/group/dpg_trigger/comm_trigger/L1TrackTrigger/620_SLHC10/Extended2023TTI/MinBias/MinBias_TuneZ2star_GEN_SIM_529.root
02-Feb-2015 23:08:58 GMT  Initiating request to open file root://xrootd.unl.edu//store/group/dpg_trigger/comm_trigger/L1TrackTrigger/620_SLHC10/Extended2023TTI/MinBias/MinBias_TuneZ2star_GEN_SIM_695.root
02-Feb-2015 23:09:29 GMT  Successfully opened file root://xrootd.unl.edu//store/group/dpg_trigger/comm_trigger/L1TrackTrigger/620_SLHC10/Extended2023TTI/MinBias/MinBias_TuneZ2star_GEN_SIM_695.root
150202 23:09:29 24814 Xrd: XrdClientMessage::ReadRaw: Failed to read header (8 bytes).
02-Feb-2015 23:11:12 GMT  Closed file root://xrootd.unl.edu//store/group/dpg_trigger/comm_trigger/L1TrackTrigger/620_SLHC10/Extended2023TTI/MinBias/MinBias_TuneZ2star_GEN_SIM_695.root
02-Feb-2015 23:11:12 GMT  Initiating request to open file root://xrootd.unl.edu//store/group/dpg_trigger/comm_trigger/L1TrackTrigger/620_SLHC10/Extended2023TTI/MinBias/MinBias_TuneZ2star_GEN_SIM_706.root
02-Feb-2015 23:11:44 GMT  Successfully opened file root://xrootd.unl.edu//store/group/dpg_trigger/comm_trigger/L1TrackTrigger/620_SLHC10/Extended2023TTI/MinBias/MinBias_TuneZ2star_GEN_SIM_706.root
150202 23:14:01 25270 Xrd: XrdClientMessage::ReadRaw: Failed to read header (8 bytes).
02-Feb-2015 23:14:35 GMT  Closed file root://xrootd.unl.edu//store/group/dpg_trigger/comm_trigger/L1TrackTrigger/620_SLHC10/Extended2023TTI/MinBias/MinBias_TuneZ2star_GEN_SIM_706.root
02-Feb-2015 23:14:35 GMT  Initiating request to open file root://xrootd.unl.edu//store/group/dpg_trigger/comm_trigger/L1TrackTrigger/620_SLHC10/Extended2023TTI/MinBias/MinBias_TuneZ2star_GEN_SIM_605.root
150202 23:15:06 26872 Xrd: CheckErrorStatus: Server [eoscms.cern.ch:1094] declared: session not found(error code: 3011)
02-Feb-2015 23:15:07 GMT  Successfully opened file root://xrootd.unl.edu//store/group/dpg_trigger/comm_trigger/L1TrackTrigger/620_SLHC10/Extended2023TTI/MinBias/MinBias_TuneZ2star_GEN_SIM_605.root
150202 23:16:31 25949 Xrd: XrdClientMessage::ReadRaw: Failed to read header (8 bytes).
02-Feb-2015 23:17:40 GMT  Closed file root://xrootd.unl.edu//store/group/dpg_trigger/comm_trigger/L1TrackTrigger/620_SLHC10/Extended2023TTI/MinBias/MinBias_TuneZ2star_GEN_SIM_605.root
02-Feb-2015 23:17:40 GMT  Initiating request to open file root://xrootd.unl.edu//store/group/dpg_trigger/comm_trigger/L1TrackTrigger/620_SLHC10/Extended2023TTI/MinBias/MinBias_TuneZ2star_GEN_SIM_584.root
02-Feb-2015 23:18:11 GMT  Successfully opened file root://xrootd.unl.edu//store/group/dpg_trigger/comm_trigger/L1TrackTrigger/620_SLHC10/Extended2023TTI/MinBias/MinBias_TuneZ2star_GEN_SIM_584.root
150202 23:20:01 26448 Xrd: XrdClientMessage::ReadRaw: Failed to read header (8 bytes).
DTTSPhi::addTracoT: preview not present in TRACO trigger or its code=0  trigger not added!
150202 23:21:02 14575 Xrd: XrdClientMessage::ReadRaw: Failed to read header (8 bytes).
02-Feb-2015 23:21:14 GMT  Closed file root://xrootd.unl.edu//store/group/dpg_trigger/comm_trigger/L1TrackTrigger/620_SLHC10/Extended2023TTI/MinBias/MinBias_TuneZ2star_GEN_SIM_584.root
02-Feb-2015 23:21:14 GMT  Initiating request to open file root://xrootd.unl.edu//store/group/dpg_trigger/comm_trigger/L1TrackTrigger/620_SLHC10/Extended2023TTI/MinBias/MinBias_TuneZ2star_GEN_SIM_725.root
150202 23:21:45 28099 Xrd: CheckErrorStatus: Server [cms-xrd-global.cern.ch:1094] declared: session not found(error code: 3011)
150202 23:21:45 28099 Xrd: CheckErrorStatus: Server [eoscms.cern.ch:1094] declared: session not found(error code: 3011)
02-Feb-2015 23:21:45 GMT  Successfully opened file root://xrootd.unl.edu//store/group/dpg_trigger/comm_trigger/L1TrackTrigger/620_SLHC10/Extended2023TTI/MinBias/MinBias_TuneZ2star_GEN_SIM_725.root
02-Feb-2015 23:24:14 GMT  Closed file root://xrootd.unl.edu//store/group/dpg_trigger/comm_trigger/L1TrackTrigger/620_SLHC10/Extended2023TTI/MinBias/MinBias_TuneZ2star_GEN_SIM_725.root
02-Feb-2015 23:24:14 GMT  Initiating request to open file root://xrootd.unl.edu//store/group/dpg_trigger/comm_trigger/L1TrackTrigger/620_SLHC10/Extended2023TTI/MinBias/MinBias_TuneZ2star_GEN_SIM_51.root
02-Feb-2015 23:24:45 GMT  Successfully opened file root://xrootd.unl.edu//store/group/dpg_trigger/comm_trigger/L1TrackTrigger/620_SLHC10/Extended2023TTI/MinBias/MinBias_TuneZ2star_GEN_SIM_51.root
02-Feb-2015 23:26:29 GMT  Closed file root://xrootd.unl.edu//store/group/dpg_trigger/comm_trigger/L1TrackTrigger/620_SLHC10/Extended2023TTI/MinBias/MinBias_TuneZ2star_GEN_SIM_51.root
02-Feb-2015 23:26:29 GMT  Initiating request to open file root://xrootd.unl.edu//store/group/dpg_trigger/comm_trigger/L1TrackTrigger/620_SLHC10/Extended2023TTI/MinBias/MinBias_TuneZ2star_GEN_SIM_615.root
150202 23:26:30 26998 Xrd: XrdClientMessage::ReadRaw: Failed to read header (8 bytes).
150202 23:27:00 29745 Xrd: CheckErrorStatus: Server [eoscms.cern.ch:1094] declared: session not found(error code: 3011)
02-Feb-2015 23:27:00 GMT  Successfully opened file root://xrootd.unl.edu//store/group/dpg_trigger/comm_trigger/L1TrackTrigger/620_SLHC10/Extended2023TTI/MinBias/MinBias_TuneZ2star_GEN_SIM_615.root
150202 23:29:31 28102 Xrd: XrdClientMessage::ReadRaw: Failed to read header (8 bytes).
02-Feb-2015 23:29:43 GMT  Closed file root://xrootd.unl.edu//store/group/dpg_trigger/comm_trigger/L1TrackTrigger/620_SLHC10/Extended2023TTI/MinBias/MinBias_TuneZ2star_GEN_SIM_615.root
02-Feb-2015 23:29:43 GMT  Initiating request to open file root://xrootd.unl.edu//store/group/dpg_trigger/comm_trigger/L1TrackTrigger/620_SLHC10/Extended2023TTI/MinBias/MinBias_TuneZ2star_GEN_SIM_91.root
02-Feb-2015 23:30:15 GMT  Successfully opened file root://xrootd.unl.edu//store/group/dpg_trigger/comm_trigger/L1TrackTrigger/620_SLHC10/Extended2023TTI/MinBias/MinBias_TuneZ2star_GEN_SIM_91.root
150202 23:31:31 28794 Xrd: XrdClientMessage::ReadRaw: Failed to read header (8 bytes).
02-Feb-2015 23:32:01 GMT  Closed file root://xrootd.unl.edu//store/group/dpg_trigger/comm_trigger/L1TrackTrigger/620_SLHC10/Extended2023TTI/MinBias/MinBias_TuneZ2star_GEN_SIM_91.root
02-Feb-2015 23:32:01 GMT  Initiating request to open file root://xrootd.unl.edu//store/group/dpg_trigger/comm_trigger/L1TrackTrigger/620_SLHC10/Extended2023TTI/MinBias/MinBias_TuneZ2star_GEN_SIM_255.root
02-Feb-2015 23:32:33 GMT  Successfully opened file root://xrootd.unl.edu//store/group/dpg_trigger/comm_trigger/L1TrackTrigger/620_SLHC10/Extended2023TTI/MinBias/MinBias_TuneZ2star_GEN_SIM_255.root
02-Feb-2015 23:33:45 GMT  Closed file root://dcap.pp.rl.ac.uk:1094/pnfs/pp.rl.ac.uk/data/cms/store/user/dcieri/ttbar_SIM/ttbar/ttbar_SIM/150129_145223/0000/step1_47.root
02-Feb-2015 23:33:45 GMT  Closed file root://xrootd.unl.edu//store/group/dpg_trigger/comm_trigger/L1TrackTrigger/620_SLHC10/Extended2023TTI/MinBias/MinBias_TuneZ2star_GEN_SIM_255.root

=============================================

MessageLogger Summary

 type     category        sev    module        subroutine        count    total
 ---- -------------------- -- ---------------- ----------------  -----    -----
    1 fileAction           -s MixingModule:mix                      69       69
    2 fileAction           -s MixingModule:mix                       2        2
    3 fileAction           -s MixingModule:mix                       1        1
    4 fileAction           -s file_close                             1        1
    5 fileAction           -s file_open                              2        2

 type    category    Examples: run/evt        run/evt          run/evt
 ---- -------------------- ---------------- ---------------- ----------------
    1 fileAction           1/461            1/461            1/470
    2 fileAction           pre-events       pre-events       
    3 fileAction           PostEndRun                        
    4 fileAction           PostEndRun                        
    5 fileAction           pre-events       pre-events       

Severity    # Occurrences   Total Occurrences
--------    -------------   -----------------
System                 75                  75
>>> END OF printout of 206 lines from stdout+stderr
>>> Parse FrameworkJobReport crab_fjr.xml
Result of parsing the FrameworkJobReport crab_fjr.xml: 
Extracted ExitStatus from FrameworkJobReport parsing output: 0
>>> Executable succeded  0
ExeExitCode=0
EXECUTABLE_EXIT_STATUS = 0
>>> current directory /scratch/condor/dir_21737/glide_VtCpLm/execute/dir_14594/CMSSW_6_2_0_SLHC12
>>>  (SOFTWARE_DIR): /scratch/condor/dir_21737/glide_VtCpLm/execute/dir_14594/CMSSW_6_2_0_SLHC12
>>> (WORKING_DIR): 
>>> current directory content:
total 243124
drwxr-xr-x 3 cms415 gplcms      4096 Feb  2 21:33 .SCRAM
-rw------- 1 cms415 gplcms    915837 Feb  2 21:33 CMSSW.py.pkl
drwxr-xr-x 3 cms415 gplcms      4096 Feb  2 21:33 bin
drwxr-xr-x 3 cms415 gplcms      4096 Feb  2 21:33 cfipython
drwxr-xr-x 4 cms415 gplcms      4096 Apr 28  2014 config
-rw------- 1 cms415 gplcms        17 Feb  2 23:33 cpu_timing.txt
drwxr-xr-x 2 cms415 gplcms      4096 Feb  2 21:33 doc
-rw------- 1 cms415 gplcms     23296 Feb  2 23:33 executable.out
drwxr-xr-x 2 cms415 gplcms      4096 Feb  2 21:33 include
drwx------ 3 cms415 gplcms      4096 Oct  7 10:12 lib
drwxr-xr-x 3 cms415 gplcms      4096 Feb  2 21:33 logs
drwxr-xr-x 3 cms415 gplcms      4096 Feb  2 21:33 objs
-rw------- 1 cms415 gplcms       104 Feb  2 21:33 pset.py
-rw------- 1 cms415 gplcms    926827 Feb  2 21:33 pset.py.pkl
-rw------- 1 cms415 gplcms       289 Feb  2 21:33 pset.pyc
drwxr-xr-x 2 cms415 gplcms      4096 Feb  2 21:33 python
-rw------- 1 cms415 gplcms       356 Feb  2 23:33 report.log
drwxr-xr-x 2 cms415 gplcms      4096 Feb  2 21:33 src
-rw------- 1 cms415 gplcms 246759877 Feb  2 23:33 step2.root
drwxr-xr-x 3 cms415 gplcms      4096 Feb  2 21:33 test
drwxr-xr-x 3 cms415 gplcms      4096 Feb  2 21:33 tmp
>>> current directory /scratch/condor/dir_21737/glide_VtCpLm/execute/dir_14594/CMSSW_6_2_0_SLHC12
>>> (SOFTWARE_DIR): /scratch/condor/dir_21737/glide_VtCpLm/execute/dir_14594/CMSSW_6_2_0_SLHC12
>>> (WORKING_DIR): 
>>> current directory content:
total 243124
drwxr-xr-x 3 cms415 gplcms      4096 Feb  2 21:33 .SCRAM
-rw------- 1 cms415 gplcms    915837 Feb  2 21:33 CMSSW.py.pkl
drwxr-xr-x 3 cms415 gplcms      4096 Feb  2 21:33 bin
drwxr-xr-x 3 cms415 gplcms      4096 Feb  2 21:33 cfipython
drwxr-xr-x 4 cms415 gplcms      4096 Apr 28  2014 config
-rw------- 1 cms415 gplcms        17 Feb  2 23:33 cpu_timing.txt
drwxr-xr-x 2 cms415 gplcms      4096 Feb  2 21:33 doc
-rw------- 1 cms415 gplcms     23296 Feb  2 23:33 executable.out
drwxr-xr-x 2 cms415 gplcms      4096 Feb  2 21:33 include
drwx------ 3 cms415 gplcms      4096 Oct  7 10:12 lib
drwxr-xr-x 3 cms415 gplcms      4096 Feb  2 21:33 logs
drwxr-xr-x 3 cms415 gplcms      4096 Feb  2 21:33 objs
-rw------- 1 cms415 gplcms       104 Feb  2 21:33 pset.py
-rw------- 1 cms415 gplcms    926827 Feb  2 21:33 pset.py.pkl
-rw------- 1 cms415 gplcms       289 Feb  2 21:33 pset.pyc
drwxr-xr-x 2 cms415 gplcms      4096 Feb  2 21:33 python
-rw------- 1 cms415 gplcms       356 Feb  2 23:33 report.log
drwxr-xr-x 2 cms415 gplcms      4096 Feb  2 21:33 src
-rw------- 1 cms415 gplcms 246759877 Feb  2 23:33 step2_468_1_rYX.root
drwxr-xr-x 3 cms415 gplcms      4096 Feb  2 21:33 test
drwxr-xr-x 3 cms415 gplcms      4096 Feb  2 21:33 tmp
>>> current directory (RUNTIME_AREA):  /scratch/condor/dir_21737/glide_VtCpLm/execute/dir_14594
PNN = T2_UK_SGrid_RALPP
SE = heplnx204.pp.rl.ac.uk
SE_PATH = /srm/managerv2?SFN=/pnfs/pp.rl.ac.uk/data/cms/store/user/dcieri/ttbar_PU140_DIGI/dcieri/ttbar/ttbar_PU140_DIGI/3c0380cf82de79bc39966c93934c61fc/
LFNBaseName = /store/user/dcieri/ttbar_PU140_DIGI/dcieri/ttbar/ttbar_PU140_DIGI/3c0380cf82de79bc39966c93934c61fc/
USER = dcieri
endpoint = srm://heplnx204.pp.rl.ac.uk:8443/srm/managerv2?SFN=/pnfs/pp.rl.ac.uk/data/cms/store/user/dcieri/ttbar_PU140_DIGI/dcieri/ttbar/ttbar_PU140_DIGI/3c0380cf82de79bc39966c93934c61fc/
>>> Copy output files from WN = heplnc026.pp.rl.ac.uk to /srm/managerv2?SFN=/pnfs/pp.rl.ac.uk/data/cms/store/user/dcieri/ttbar_PU140_DIGI/dcieri/ttbar/ttbar_PU140_DIGI/3c0380cf82de79bc39966c93934c61fc/ :
python cmscp.py  --destination srm://heplnx204.pp.rl.ac.uk:8443/srm/managerv2?SFN=/pnfs/pp.rl.ac.uk/data/cms/store/user/dcieri/ttbar_PU140_DIGI/dcieri/ttbar/ttbar_PU140_DIGI/3c0380cf82de79bc39966c93934c61fc/ --inputFileList /scratch/condor/dir_21737/glide_VtCpLm/execute/dir_14594/CMSSW_6_2_0_SLHC12/step2_468_1_rYX.root --middleware LCG --PNN T2_UK_SGrid_RALPP --se_name heplnx204.pp.rl.ac.uk --for_lfn /store/user/dcieri/ttbar_PU140_DIGI/dcieri/ttbar/ttbar_PU140_DIGI/3c0380cf82de79bc39966c93934c61fc/    
******************************************************
localSeName  =  heplnx204.pp.rl.ac.uk
remoteSeName =  heplnx204.pp.rl.ac.uk
******************************************************
{"/scratch/condor/dir_21737/glide_VtCpLm/execute/dir_14594/CMSSW_6_2_0_SLHC12/step2_468_1_rYX.root": {"endpoint": "srm://heplnx204.pp.rl.ac.uk:8443/srm/managerv2?SFN=/pnfs/pp.rl.ac.uk/data/cms/store/user/dcieri/ttbar_PU140_DIGI/dcieri/ttbar/ttbar_PU140_DIGI/3c0380cf82de79bc39966c93934c61fc/", "surl_for_grid": "", "reason": "Copy succedeed with srm-lcg utils", "erCode": "0", "PNN": "T2_UK_SGrid_RALPP", "se_name": "heplnx204.pp.rl.ac.uk", "for_lfn": "/store/user/dcieri/ttbar_PU140_DIGI/dcieri/ttbar/ttbar_PU140_DIGI/3c0380cf82de79bc39966c93934c61fc/"}}/scratch/condor/dir_21737/glide_VtCpLm/execute/dir_14594
-------- cat /scratch/condor/dir_21737/glide_VtCpLm/execute/dir_14594/cmscpReport.sh 
#!/bin/bash
echo "Report for File: /scratch/condor/dir_21737/glide_VtCpLm/execute/dir_14594/CMSSW_6_2_0_SLHC12/step2_468_1_rYX.root"
echo "LFN: /store/user/dcieri/ttbar_PU140_DIGI/dcieri/ttbar/ttbar_PU140_DIGI/3c0380cf82de79bc39966c93934c61fc/step2_468_1_rYX.root"
echo "StorageElement: heplnx204.pp.rl.ac.uk"
echo "StageOutExitStatusReason = 'Copy succedeed with srm-lcg utils'" | tee -a $RUNTIME_AREA/$repo
echo "StageOutSE = heplnx204.pp.rl.ac.uk" >> $RUNTIME_AREA/$repo

export StageOutExitStatus=0
echo "StageOutExitStatus = 0" | tee -a $RUNTIME_AREA/$repo
-------- end of /scratch/condor/dir_21737/glide_VtCpLm/execute/dir_14594/cmscpReport.sh 
Report for File: /scratch/condor/dir_21737/glide_VtCpLm/execute/dir_14594/CMSSW_6_2_0_SLHC12/step2_468_1_rYX.root
LFN: /store/user/dcieri/ttbar_PU140_DIGI/dcieri/ttbar/ttbar_PU140_DIGI/3c0380cf82de79bc39966c93934c61fc/step2_468_1_rYX.root
StorageElement: heplnx204.pp.rl.ac.uk
StageOutExitStatusReason = 'Copy succedeed with srm-lcg utils'
StageOutExitStatus = 0
>>> current dir: /scratch/condor/dir_21737/glide_VtCpLm/execute/dir_14594
>>> current dir content:
total 8824
-rw-------  1 cms415 gplcms    2734 Feb  2 23:34 .SEinteraction.log
-rwx------  1 cms415 gplcms      52 Feb  2 21:31 .chirp_config
-rwx------  1 cms415 gplcms    7830 Feb  2 21:31 .job.ad
-rwx------  1 cms415 gplcms    9563 Feb  2 21:31 .machine.ad
-rw-------  1 cms415 gplcms     105 Feb  2 12:16 CMSSW.py
-rw-------  1 cms415 gplcms  915837 Feb  2 12:16 CMSSW.py.pkl
-rwx------  1 cms415 gplcms   29498 Feb  2 21:33 CMSSW.sh
drwxr-xr-x 15 cms415 gplcms    4096 Feb  2 23:33 CMSSW_6_2_0_SLHC12
-rw-------  1 cms415 gplcms     190 Feb  2 21:33 CacheEnv.sh
-rw-------  1 cms415 gplcms    7291 Nov 19 14:52 DashboardAPI.py
-rw-------  1 cms415 gplcms    6470 Feb  2 21:33 DashboardAPI.pyc
drwx------  2 cms415 gplcms    4096 Feb  2 23:33 IMProv
-rw-------  1 cms415 gplcms    2748 Nov 19 14:52 Logger.py
-rw-------  1 cms415 gplcms    3232 Feb  2 21:33 Logger.pyc
-rw-------  1 cms415 gplcms   24524 Nov 19 14:52 ProcInfo.py
-rw-------  1 cms415 gplcms   22645 Feb  2 21:33 ProcInfo.pyc
drwx------  7 cms415 gplcms    4096 Feb  2 21:33 ProdCommon
drwx------  3 cms415 gplcms    4096 Feb  2 21:33 WMCore
-rw-------  1 cms415 gplcms   11530 Feb  2 23:33 Watchdog_468.log
-rwx------  1 cms415 gplcms       0 Feb  2 21:33 _condor_stderr
-rwx---r--  1 cms415 gplcms   38065 Feb  2 23:34 _condor_stdout
-rw-------  1 cms415 gplcms   32895 Nov 19 14:52 apmon.py
-rw-------  1 cms415 gplcms   27958 Feb  2 21:33 apmon.pyc
-rwx------  1 cms415 gplcms  134309 Feb  2 21:33 arguments.xml
-rwx------  1 cms415 gplcms   38581 Nov 19 14:52 cmscp.py
-rw-------  1 cms415 gplcms     562 Feb  2 23:34 cmscpReport.sh
-rwx------  1 cms415 gplcms   29498 Feb  2 21:33 condor_exec.exe
-rw-------  1 cms415 gplcms     544 Feb  2 12:16 crab.cfg
-rwx------  1 cms415 gplcms    8610 Nov 19 14:52 crabWatchdog.sh
-rwx---r--  1 cms415 gplcms  112086 Feb  2 23:33 crab_fjr_468.xml
-rwx------  1 cms415 gplcms 7390485 Feb  2 21:33 default.tgz
-rwx------  1 cms415 gplcms    4488 Nov 19 14:52 fillCrabFjr.py
-rw-------  1 cms415 gplcms     225 Feb  2 21:33 inputsReport.txt
-rw-------  1 cms415 gplcms     243 Feb  2 23:34 jobreport.txt
-rw-------  1 cms415 gplcms   17352 Nov 19 14:52 parseCrabFjr.py
-rw-------  1 cms415 gplcms     322 Feb  2 21:33 report.log
-rwx--x--x  1 cms415 gplcms    1497 Nov 19 14:52 report.py
-rw-------  1 cms415 gplcms     555 Feb  2 23:34 resultCopyFile
lrwxrwxrwx  1 cms415 gplcms      96 Feb  2 23:33 step2.root -> /scratch/condor/dir_21737/glide_VtCpLm/execute/dir_14594/CMSSW_6_2_0_SLHC12/step2_468_1_rYX.root
-rwx------  1 cms415 gplcms    8351 Nov 19 14:52 writeCfg.py
-rw-------  1 cms415 gplcms   10297 Feb  2 21:31 x509up_u62281
>>> Modify Job Report:
CMSSW_VERSION = CMSSW_6_2_0_SLHC12
ProcessedDataset = ttbar_PU140_DIGI
/scratch/condor/dir_21737/glide_VtCpLm/execute/dir_14594/ProdCommon/FwkJobRep/ModifyJobReport.py fjr /scratch/condor/dir_21737/glide_VtCpLm/execute/dir_14594/crab_fjr_468.xml json /scratch/condor/dir_21737/glide_VtCpLm/execute/dir_14594/resultCopyFile n_job 468_1_rYX PrimaryDataset ttbar  ApplicationFamily cmsRun ApplicationName cmsRun cmssw_version CMSSW_6_2_0_SLHC12 psethash 3c0380cf82de79bc39966c93934c61fc UserProcessedDataset dcieri-ttbar_PU140_DIGI-3c0380cf82de79bc39966c93934c61fc
inputDict =  {u'/scratch/condor/dir_21737/glide_VtCpLm/execute/dir_14594/CMSSW_6_2_0_SLHC12/step2_468_1_rYX.root': {u'endpoint': u'srm://heplnx204.pp.rl.ac.uk:8443/srm/managerv2?SFN=/pnfs/pp.rl.ac.uk/data/cms/store/user/dcieri/ttbar_PU140_DIGI/dcieri/ttbar/ttbar_PU140_DIGI/3c0380cf82de79bc39966c93934c61fc/', u'surl_for_grid': u'', u'reason': u'Copy succedeed with srm-lcg utils', u'erCode': u'0', u'PNN': u'T2_UK_SGrid_RALPP', u'se_name': u'heplnx204.pp.rl.ac.uk', u'for_lfn': u'/store/user/dcieri/ttbar_PU140_DIGI/dcieri/ttbar/ttbar_PU140_DIGI/3c0380cf82de79bc39966c93934c61fc/'}}
UserProcessedDataset =  dcieri-ttbar_PU140_DIGI-3c0380cf82de79bc39966c93934c61fc
WORKING ON EDM FILE
file_name in inputDict =  /scratch/condor/dir_21737/glide_VtCpLm/execute/dir_14594/CMSSW_6_2_0_SLHC12/step2_468_1_rYX.root
(size) os.stat(filename)[6] =  246759877
checksum =  264843323
    file =  step2_468_1_rYX.root
    newPfn =  srm://heplnx204.pp.rl.ac.uk:8443/srm/managerv2?SFN=/pnfs/pp.rl.ac.uk/data/cms/store/user/dcieri/ttbar_PU140_DIGI/dcieri/ttbar/ttbar_PU140_DIGI/3c0380cf82de79bc39966c93934c61fc/step2_468_1_rYX.root
    newLfn =  /store/user/dcieri/ttbar_PU140_DIGI/dcieri/ttbar/ttbar_PU140_DIGI/3c0380cf82de79bc39966c93934c61fc/step2_468_1_rYX.root
>>> crab_fjr_*.xml  permission set to 0704
CrabWrapper EXIT_FUNC entered at Mon Feb  2 23:34:40 GMT 2015   -  Mon Feb  2 23:34:40 UTC 2015
Checking output files:  
will tar file crab_fjr_468.xml in  out_files_468
WARNING: output file CMSSW_468.stdout not found!
WARNING: output file CMSSW_468.stderr not found!
WARNING: output file Watchdog_468.log.gz not found!
>>> padding time: Wrapper lasting more than 600 seconds. No sleep required.
STOPPING WATCHDOG. CrabWatchdog PID is 16605
********** LAST 50 LINES OF WATCHDOG LOG
 Feb 02 22:01:28 GMT	16745	1162108	1709064	53	135	1690	cmsRun -j /scratch/condor/dir_21737/glide_VtCpLm/execute/dir_14594/crab_fjr_468.xml -p pset.py      
 Feb 02 22:01:28 GMT	---	1162108	1709064	76	----	----	----
# TIME			PID	RSS(KB)	VSZ(KB)	Dsk(MB)	tCPU(s)	tWALL(s)	COMMAND
 Feb 02 22:02:28 GMT	16745	1163312	1709320	76	136	1750	cmsRun -j /scratch/condor/dir_21737/glide_VtCpLm/execute/dir_14594/crab_fjr_468.xml -p pset.py      
 Feb 02 22:03:28 GMT	16745	1177280	1709832	76	141	1811	cmsRun -j /scratch/condor/dir_21737/glide_VtCpLm/execute/dir_14594/crab_fjr_468.xml -p pset.py      
 Feb 02 22:04:29 GMT	16745	1184956	1711368	76	146	1871	cmsRun -j /scratch/condor/dir_21737/glide_VtCpLm/execute/dir_14594/crab_fjr_468.xml -p pset.py      
 Feb 02 22:10:31 GMT	16745	1191416	1711368	76	154	2233	cmsRun -j /scratch/condor/dir_21737/glide_VtCpLm/execute/dir_14594/crab_fjr_468.xml -p pset.py      
 Feb 02 22:11:31 GMT	16745	1234088	1716744	76	159	2294	cmsRun -j /scratch/condor/dir_21737/glide_VtCpLm/execute/dir_14594/crab_fjr_468.xml -p pset.py      
 Feb 02 22:12:32 GMT	16745	1242496	1721096	76	164	2354	cmsRun -j /scratch/condor/dir_21737/glide_VtCpLm/execute/dir_14594/crab_fjr_468.xml -p pset.py      
 Feb 02 22:13:32 GMT	16745	1255760	1722120	76	168	2414	cmsRun -j /scratch/condor/dir_21737/glide_VtCpLm/execute/dir_14594/crab_fjr_468.xml -p pset.py      
 Feb 02 22:14:32 GMT	16745	1350100	1736200	76	179	2475	cmsRun -j /scratch/condor/dir_21737/glide_VtCpLm/execute/dir_14594/crab_fjr_468.xml -p pset.py      
 Feb 02 22:25:36 GMT	16745	1378100	1739272	76	185	3138	cmsRun -j /scratch/condor/dir_21737/glide_VtCpLm/execute/dir_14594/crab_fjr_468.xml -p pset.py      
 Feb 02 22:26:36 GMT	16745	1383480	1741832	76	190	3198	cmsRun -j /scratch/condor/dir_21737/glide_VtCpLm/execute/dir_14594/crab_fjr_468.xml -p pset.py      
 Feb 02 22:27:36 GMT	---	1383480	1741832	96	----	----	----
 Feb 02 22:38:39 GMT	16745	1383480	1746952	96	282	3921	cmsRun -j /scratch/condor/dir_21737/glide_VtCpLm/execute/dir_14594/crab_fjr_468.xml -p pset.py      
 Feb 02 22:38:39 GMT	---	1383480	1746952	117	----	----	----
 Feb 02 22:42:42 GMT	16745	1383480	1748744	117	303	4164	cmsRun -j /scratch/condor/dir_21737/glide_VtCpLm/execute/dir_14594/crab_fjr_468.xml -p pset.py      
 Feb 02 22:44:42 GMT	16745	1383480	1760776	117	314	4284	cmsRun -j /scratch/condor/dir_21737/glide_VtCpLm/execute/dir_14594/crab_fjr_468.xml -p pset.py      
 Feb 02 22:45:42 GMT	16745	1406880	1777672	117	329	4345	cmsRun -j /scratch/condor/dir_21737/glide_VtCpLm/execute/dir_14594/crab_fjr_468.xml -p pset.py      
 Feb 02 22:46:43 GMT	16745	1412324	1779720	117	335	4405	cmsRun -j /scratch/condor/dir_21737/glide_VtCpLm/execute/dir_14594/crab_fjr_468.xml -p pset.py      
 Feb 02 22:47:43 GMT	---	1412324	1779720	138	----	----	----
 Feb 02 22:55:45 GMT	16745	1441932	1792264	138	397	4948	cmsRun -j /scratch/condor/dir_21737/glide_VtCpLm/execute/dir_14594/crab_fjr_468.xml -p pset.py      
 Feb 02 22:56:46 GMT	16745	1457068	1799176	138	403	5008	cmsRun -j /scratch/condor/dir_21737/glide_VtCpLm/execute/dir_14594/crab_fjr_468.xml -p pset.py      
 Feb 02 22:58:46 GMT	---	1457068	1799176	160	----	----	----
 Feb 02 22:59:46 GMT	16745	1457068	1801480	160	432	5189	cmsRun -j /scratch/condor/dir_21737/glide_VtCpLm/execute/dir_14594/crab_fjr_468.xml -p pset.py      
 Feb 02 23:01:47 GMT	16745	1457068	1804808	160	445	5309	cmsRun -j /scratch/condor/dir_21737/glide_VtCpLm/execute/dir_14594/crab_fjr_468.xml -p pset.py      
 Feb 02 23:02:47 GMT	16745	1457068	1811208	160	453	5370	cmsRun -j /scratch/condor/dir_21737/glide_VtCpLm/execute/dir_14594/crab_fjr_468.xml -p pset.py      
 Feb 02 23:03:48 GMT	16745	1457068	1820936	160	468	5430	cmsRun -j /scratch/condor/dir_21737/glide_VtCpLm/execute/dir_14594/crab_fjr_468.xml -p pset.py      
 Feb 02 23:05:48 GMT	16745	1457068	1839624	160	477	5550	cmsRun -j /scratch/condor/dir_21737/glide_VtCpLm/execute/dir_14594/crab_fjr_468.xml -p pset.py      
 Feb 02 23:06:48 GMT	---	1457068	1839624	180	----	----	----
 Feb 02 23:10:50 GMT	16745	1457068	1843464	180	523	5852	cmsRun -j /scratch/condor/dir_21737/glide_VtCpLm/execute/dir_14594/crab_fjr_468.xml -p pset.py      
 Feb 02 23:12:50 GMT	16745	1457192	1864712	180	546	5973	cmsRun -j /scratch/condor/dir_21737/glide_VtCpLm/execute/dir_14594/crab_fjr_468.xml -p pset.py      
 Feb 02 23:13:51 GMT	16745	1457192	1872392	180	568	6034	cmsRun -j /scratch/condor/dir_21737/glide_VtCpLm/execute/dir_14594/crab_fjr_468.xml -p pset.py      
 Feb 02 23:13:51 GMT	---	1457192	1872392	202	----	----	----
 Feb 02 23:15:52 GMT	16745	1457192	1873672	202	579	6155	cmsRun -j /scratch/condor/dir_21737/glide_VtCpLm/execute/dir_14594/crab_fjr_468.xml -p pset.py      
 Feb 02 23:16:53 GMT	16745	1457192	1877000	202	588	6215	cmsRun -j /scratch/condor/dir_21737/glide_VtCpLm/execute/dir_14594/crab_fjr_468.xml -p pset.py      
 Feb 02 23:18:53 GMT	16745	1457192	1883400	202	603	6335	cmsRun -j /scratch/condor/dir_21737/glide_VtCpLm/execute/dir_14594/crab_fjr_468.xml -p pset.py      
 Feb 02 23:19:53 GMT	16745	1485164	1908744	202	620	6396	cmsRun -j /scratch/condor/dir_21737/glide_VtCpLm/execute/dir_14594/crab_fjr_468.xml -p pset.py      
 Feb 02 23:20:54 GMT	---	1485164	1908744	225	----	----	----
 Feb 02 23:22:54 GMT	16745	1485164	1911304	225	653	6577	cmsRun -j /scratch/condor/dir_21737/glide_VtCpLm/execute/dir_14594/crab_fjr_468.xml -p pset.py      
 Feb 02 23:23:55 GMT	16745	1485164	1916424	225	663	6637	cmsRun -j /scratch/condor/dir_21737/glide_VtCpLm/execute/dir_14594/crab_fjr_468.xml -p pset.py      
 Feb 02 23:24:55 GMT	16745	1485164	1922568	225	668	6697	cmsRun -j /scratch/condor/dir_21737/glide_VtCpLm/execute/dir_14594/crab_fjr_468.xml -p pset.py      
 Feb 02 23:25:55 GMT	16745	1509304	1952520	225	693	6757	cmsRun -j /scratch/condor/dir_21737/glide_VtCpLm/execute/dir_14594/crab_fjr_468.xml -p pset.py      
 Feb 02 23:27:56 GMT	16745	1509304	1954824	225	726	6878	cmsRun -j /scratch/condor/dir_21737/glide_VtCpLm/execute/dir_14594/crab_fjr_468.xml -p pset.py      
 Feb 02 23:27:56 GMT	---	1509304	1954824	249	----	----	----
 Feb 02 23:28:56 GMT	16745	1509304	1960456	249	734	6938	cmsRun -j /scratch/condor/dir_21737/glide_VtCpLm/execute/dir_14594/crab_fjr_468.xml -p pset.py      
 Feb 02 23:30:57 GMT	16745	1509304	1973256	249	752	7059	cmsRun -j /scratch/condor/dir_21737/glide_VtCpLm/execute/dir_14594/crab_fjr_468.xml -p pset.py      
 Feb 02 23:31:57 GMT	16745	1568300	1988872	249	775	7119	cmsRun -j /scratch/condor/dir_21737/glide_VtCpLm/execute/dir_14594/crab_fjr_468.xml -p pset.py      
 Feb 02 23:32:57 GMT	16745	1569912	1992712	249	779	7179	cmsRun -j /scratch/condor/dir_21737/glide_VtCpLm/execute/dir_14594/crab_fjr_468.xml -p pset.py      
 Feb 02 23:33:57 GMT	---	1569912	1992712	273	----	----	----
********** WATCHDOG LOG ENDED
ZIPPING WATCHDOG LOG
Disk space used:
du -sh /scratch/condor/dir_21737/glide_VtCpLm/execute/dir_14594
273M	/scratch/condor/dir_21737/glide_VtCpLm/execute/dir_14594
Found unusual stdout, rename for OSB
`/scratch/condor/dir_21737/glide_VtCpLm/execute/dir_14594/_condor_stdout' -> `CMSSW_468.stdout'
Found unusual stderr, rename for OSB
`/scratch/condor/dir_21737/glide_VtCpLm/execute/dir_14594/_condor_stdout' -> `CMSSW_468.stderr'
crab_fjr_468.xml
CMSSW_468.stdout
CMSSW_468.stderr
Watchdog_468.log.gz
Total Output dimension: 24478
WARNING: output files size limit is set to: 50000000
Total Output dimension 24478 is fine.
JOB_EXIT_STATUS = 0
>>> info for dashboard:
***** Cat /scratch/condor/dir_21737/glide_VtCpLm/execute/dir_14594/jobreport.txt *****
MonitorJobID=468_https://submit-6.t2.ucsd.edu//150202//509448.67
MonitorID=dcieri_PU140_4dm08r
ExeTime=7225
ExeExitCode=0
StageOutExitStatusReason = 'Copy succedeed with srm-lcg utils'
StageOutSE = heplnx204.pp.rl.ac.uk
StageOutExitStatus = 0
CrabUserCpuTime=775.11
CrabSysCpuTime=26.85
CrabCpuPercentage=11%
CrabWrapperTime=7286
CrabStageoutTime=49
JobExitCode=0
***** End Cat jobreport *****
Parameters sent to Dashboard.
EXITING at Mon Feb  2 23:34:42 GMT 2015  -  Mon Feb  2 23:34:42 UTC 2015
