This script was generated by crab (version 2.11.1_patch1).
Running /scratch/condor/dir_19701/glide_pCxVXz/execute/dir_12254/condor_exec.exe with 2 positional parameters: 132 1
Today is Mon Feb  2 19:59:38 GMT 2015 - Mon Feb  2 19:59:38 UTC 2015
Job submitted on host heplnc222.pp.rl.ac.uk
Linux heplnc222.pp.rl.ac.uk 2.6.32-504.3.3.el6.x86_64 #1 SMP Tue Dec 16 14:29:22 CST 2014 x86_64 x86_64 x86_64 GNU/Linux
Distributor ID:	Scientific
Description:	Scientific Linux release 6.6 (Carbon)
>>> current directory (RUNTIME_AREA): /scratch/condor/dir_19701/glide_pCxVXz/execute/dir_12254
>>> current user: uid=157415(cms415) gid=157000(gplcms) groups=157000(gplcms)
>>> directory permission set to 0700
>>> umask set to:  u=rwx,g=,o=
>>> stdout stderr permission set to 0704
>>> voms proxy information:
subject   : /DC=ch/DC=cern/OU=Organic Units/OU=Users/CN=dcieri/CN=755391/CN=Davide Cieri/CN=769881070/CN=778331723
issuer    : /DC=ch/DC=cern/OU=Organic Units/OU=Users/CN=dcieri/CN=755391/CN=Davide Cieri/CN=769881070
identity  : /DC=ch/DC=cern/OU=Organic Units/OU=Users/CN=dcieri/CN=755391/CN=Davide Cieri
type      : RFC3820 compliant limited proxy
strength  : 1024
path      : /scratch/condor/dir_19701/glide_pCxVXz/execute/dir_12254/x509up_u62281
timeleft  : 23:58:35
key usage : Digital Signature, Key Encipherment
=== VO cms extension information ===
VO        : cms
subject   : /DC=ch/DC=cern/OU=Organic Units/OU=Users/CN=dcieri/CN=755391/CN=Davide Cieri
issuer    : /DC=ch/DC=cern/OU=computers/CN=lcg-voms2.cern.ch
attribute : /cms/Role=NULL/Capability=NULL
timeleft  : 184:16:46
uri       : lcg-voms2.cern.ch:15002

WNHostName=heplnc222.pp.rl.ac.uk
$_CONDOR_JOB_AD =/scratch/condor/dir_19701/glide_pCxVXz/execute/dir_12254/.job.ad
OverflowFlag=0
>>> tar --no-same-permissions -xf /scratch/condor/dir_19701/glide_pCxVXz/execute/dir_12254/default.tgz :
Successful untar
>>> Include /scratch/condor/dir_19701/glide_pCxVXz/execute/dir_12254 in PYTHONPATH:
strip arguments
env var CRAB_UNIQUE_JOB_ID set to: dcieri_PU140_4dm08r_132_1_K1u
out_files_132
>>> list of expected files on output sandbox
output files: crab_fjr_132.xml CMSSW_132.stdout CMSSW_132.stderr Watchdog_132.log.gz
>>> GridFlavour discovery: 
GridFlavour=LCG
>>> SyncSite discovery: 
SyncSite=T2_UK_SGrid_RALPP
>>> SyncCE discovery: 
getting SyncCE from GLIDEIN_Gaekeeper
SyncCE=heplnv147.pp.rl.ac.uk
>>> info for dashboard:
***** Cat /scratch/condor/dir_19701/glide_pCxVXz/execute/dir_12254/jobreport.txt *****
WNHostName=heplnc222.pp.rl.ac.uk
OverflowFlag=0
MonitorJobID=132_https://submit-6.t2.ucsd.edu//150202//509447.131
SyncGridJobId=https://submit-6.t2.ucsd.edu//150202//509447.131
MonitorID=dcieri_PU140_4dm08r
GridFlavour=LCG
SyncSite=T2_UK_SGrid_RALPP
SyncCE=heplnv147.pp.rl.ac.uk
***** End Cat jobreport *****
Parameters sent to Dashboard.
>>> setup environment
set SCRAM ARCH to slc6_amd64_gcc472
SCRAM_ARCH = slc6_amd64_gcc472
>>> setup CMS LCG environment:
set SCRAM ARCH and BUILD_ARCH to slc6_amd64_gcc472 ###
Sourcing environment... 
sourcing /cvmfs/cms.cern.ch/cmsset_default.sh
==> setup cms environment ok
>>> specific cmssw setup environment:
CMSSW_VERSION =  CMSSW_6_2_0_SLHC12
WARNING: In non-interactive mode release checks e.g. deprecated releases, production architectures are disabled.
>>> current directory (SOFTWARE_DIR): /scratch/condor/dir_19701/glide_pCxVXz/execute/dir_12254/CMSSW_6_2_0_SLHC12
PreserveSeeds: <>
IncrementSeeds:<>
>>> info for dashboard:
***** Cat /scratch/condor/dir_19701/glide_pCxVXz/execute/dir_12254/jobreport.txt *****
MonitorJobID=132_https://submit-6.t2.ucsd.edu//150202//509447.131
MonitorID=dcieri_PU140_4dm08r
***** End Cat jobreport *****
Parameters sent to Dashboard.
crabWatchdog started as process 13069
>>> moving CMSSW software directories in /scratch/condor/dir_19701/glide_pCxVXz/execute/dir_12254/CMSSW_6_2_0_SLHC12
mv: cannot stat `/scratch/condor/dir_19701/glide_pCxVXz/execute/dir_12254/module/': No such file or directory
>>> Include /scratch/condor/dir_19701/glide_pCxVXz/execute/dir_12254 in PYTHONPATH:
PYTHONPATH=/scratch/condor/dir_19701/glide_pCxVXz/execute/dir_12254/:/scratch/condor/dir_19701/glide_pCxVXz/execute/dir_12254/CMSSW_6_2_0_SLHC12/python:/scratch/condor/dir_19701/glide_pCxVXz/execute/dir_12254/CMSSW_6_2_0_SLHC12/lib/slc6_amd64_gcc472:/cvmfs/cms.cern.ch/slc6_amd64_gcc472/cms/cmssw/CMSSW_6_2_0_SLHC12/python:/cvmfs/cms.cern.ch/slc6_amd64_gcc472/cms/cmssw/CMSSW_6_2_0_SLHC12/lib/slc6_amd64_gcc472:/cvmfs/cms.cern.ch/slc6_amd64_gcc472/cms/coral/CORAL_2_3_21-cms35/slc6_amd64_gcc472/python:/cvmfs/cms.cern.ch/slc6_amd64_gcc472/cms/coral/CORAL_2_3_21-cms35/slc6_amd64_gcc472/lib:/cvmfs/cms.cern.ch/slc6_amd64_gcc472/external/python-ldap/2.3.5-cms5/lib/python2.7/site-packages:/cvmfs/cms.cern.ch/slc6_amd64_gcc472/external/pyqt/4.8.1-cms5/lib/python2.7/site-packages:/cvmfs/cms.cern.ch/slc6_amd64_gcc472/external/py2-scipy/0.8.0-cms7/lib/python2.7/site-packages:/cvmfs/cms.cern.ch/slc6_amd64_gcc472/external/py2-matplotlib/1.0.1-cms7/lib/python2.7/site-packages:/cvmfs/cms.cern.ch/slc6_amd64_gcc472/external/sip/4.11.2-cms5/lib/python2.7/site-packages:/cvmfs/cms.cern.ch/slc6_amd64_gcc472/external/py2-pycurl/7.19.0-cms7/lib/python2.7/site-packages:/cvmfs/cms.cern.ch/slc6_amd64_gcc472/external/py2-numpy/1.6.1-cms7/lib/python2.7/site-packages:/cvmfs/cms.cern.ch/slc6_amd64_gcc472/external/py2-lint/0.25.1-cms5/lib/python2.7/site-packages:/cvmfs/cms.cern.ch/slc6_amd64_gcc472/external/py2-ipython/0.10-cms5/lib/python2.7/site-packages:/cvmfs/cms.cern.ch/slc6_amd64_gcc472/external/py2-cx-oracle/5.1-cms5/lib/python2.7/site-packages:/cvmfs/cms.cern.ch/slc6_amd64_gcc472/external/py2-cjson/1.0.5-cms5/lib/python2.7/site-packages:/cvmfs/cms.cern.ch/slc6_amd64_gcc472/cms/das-client/1.11.7/bin:/cvmfs/cms.cern.ch/slc6_amd64_gcc472/external/elementtree/1.2.6-cms5/share/lib/python2.7/site-packages:/cvmfs/cms.cern.ch/slc6_amd64_gcc472/external/rivet/1.8.2-cms9/lib/python2.7/site-packages:/cvmfs/cms.cern.ch/slc6_amd64_gcc472/external/pyminuit2/0.0.1-cms19/lib/python2.7/site-packages:/cvmfs/cms.cern.ch/slc6_amd64_gcc472/external/py2-pygithub/1.23.0-cms2/lib/python2.7/site-packages:/cvmfs/cms.cern.ch/slc6_amd64_gcc472/external/professor/1.0.0-cms19/lib/python2.7/site-packages:/cvmfs/cms.cern.ch/slc6_amd64_gcc472/lcg/root/5.34.07-cms/lib:/cvmfs/cms.cern.ch/slc6_amd64_gcc472/cms/dbs-client/DBS_2_1_9-cms5/lib:/cvmfs/cms.cern.ch/slc6_amd64_gcc472/cms/dbs-client/DBS_2_1_9-cms5/lib/DBSAPI:/cvmfs/cms.cern.ch/slc6_amd64_gcc472/external/cvs2git/5419-cms/lib:/scratch/condor/dir_19701/glide_pCxVXz/execute/dir_12254/
 
# LIMITS USED BY CRAB WATCHDOG:
# RSS  (KBytes)   : 2300000
# VSZ  (KBytes)   : 100000000
# DISK (MBytes)   : 19000
# CPU TIME        : 720h:0m:0s
# WALL CLOCK TIME : 21h:50m:0s
 
3c0380cf82de79bc39966c93934c61fc
PSETHASH = 3c0380cf82de79bc39966c93934c61fc
/scratch/condor/dir_19701/glide_pCxVXz/execute/dir_12254/writeCfg.py pset.py pset.py
Importing .py file
Setting parameters
RandomNumberGeneratorService found, will attempt to change seeds
inputBlocks=/ttbar/dcieri-ttbar_SIM-130075366148575c102f0d64fd3ac8f7/USER#417d7dc2-08fd-4092-82c4-7ac02f79c2d9
inputFiles=/store/user/dcieri/ttbar_SIM/ttbar/ttbar_SIM/150129_145223/0000/step1_411.root
parentFiles=
lumisRange=
>>> Executable cmsRun
/cvmfs/cms.cern.ch/slc6_amd64_gcc472/cms/cmssw/CMSSW_6_2_0_SLHC12/bin/slc6_amd64_gcc472/cmsRun
ok executable found
>>> info for dashboard:
***** Cat /scratch/condor/dir_19701/glide_pCxVXz/execute/dir_12254/jobreport.txt *****
MonitorJobID=132_https://submit-6.t2.ucsd.edu//150202//509447.131
MonitorID=dcieri_PU140_4dm08r
ExeStart=cmsRun
***** End Cat jobreport *****
Parameters sent to Dashboard.
>>> cmsRun started at Mon Feb  2 19:59:48 UTC 2015
>>> cmsRun ended at Mon Feb  2 23:04:03 UTC 2015
>>> crab_fjr_*.xml  permission set to 0704
>>> info for dashboard:
***** Cat /scratch/condor/dir_19701/glide_pCxVXz/execute/dir_12254/jobreport.txt *****
MonitorJobID=132_https://submit-6.t2.ucsd.edu//150202//509447.131
MonitorID=dcieri_PU140_4dm08r
ExeEnd=cmsRun
***** End Cat jobreport *****
Parameters sent to Dashboard.
TIME_EXE = 11055 sec
>>> cmsRun wrote 227 lines of stdout+stderr
>>> START OF printout of 227 lines from stdout+stderr
271 DQMStore::DQMStore 
HcalTopologyIdealEP::HcalTopologyIdealEP
02-Feb-2015 19:59:58 GMT  Initiating request to open file root://dcap.pp.rl.ac.uk:1094/pnfs/pp.rl.ac.uk/data/cms/store/user/dcieri/ttbar_SIM/ttbar/ttbar_SIM/150129_145223/0000/step1_411.root
150202 20:00:01 13203 Xrd: CheckErrorStatus: Server [heplnx210.pp.rl.ac.uk:1094] declared: Request 3018 not supported(error code: 3013)
02-Feb-2015 20:00:01 GMT  Successfully opened file root://dcap.pp.rl.ac.uk:1094/pnfs/pp.rl.ac.uk/data/cms/store/user/dcieri/ttbar_SIM/ttbar/ttbar_SIM/150129_145223/0000/step1_411.root
02-Feb-2015 20:00:02 GMT  Initiating request to open file root://xrootd.unl.edu//store/group/dpg_trigger/comm_trigger/L1TrackTrigger/620_SLHC10/Extended2023TTI/MinBias/MinBias_TuneZ2star_GEN_SIM_1.root
02-Feb-2015 20:00:26 GMT  Successfully opened file root://xrootd.unl.edu//store/group/dpg_trigger/comm_trigger/L1TrackTrigger/620_SLHC10/Extended2023TTI/MinBias/MinBias_TuneZ2star_GEN_SIM_1.root
disableME1a = 0
HcalTopologyIdealEP::produce(const IdealGeometryRecord& iRecord)
mode = 2, maxDepthHB = 3, maxDepthHE = 5
RPCGeometryESModule :: produce
RPCGeometryESModule :: produce :: 1/4 Get Muon Ideal Geometry Record
RPCGeometryESModule :: produce :: 2/4 Get Muon DDD Constants
RPCGeometryESModule :: produce :: 3/4 Get Muon Numbering Record
in MuonNumberingInitialization::initializeMuonDDDConstants
about to make my new muonDDDConst_
in MuonNumberingInitialization::produce
RPCGeometryESModule :: produce :: 4/4 Build
Found:

	Barrel Stack layer 5 : 1008 stacks
	Barrel Stack layer 6 : 1320 stacks
	Barrel Stack layer 7 : 1836 stacks
	Barrel Stack layer 8 : 1152 stacks
	Barrel Stack layer 9 : 1488 stacks
	Barrel Stack layer 10 : 1824 stacks

	Endcap Stack disk 11 : 1360 stacks
	Endcap Stack disk 12 : 1360 stacks
	Endcap Stack disk 13 : 1360 stacks
	Endcap Stack disk 14 : 1360 stacks
	Endcap Stack disk 15 : 1360 stacks
Created 15428 stacks in 27 s

TTClusterBuilder< edm::Ref<edm::DetSetVector<PixelDigi>, PixelDigi, edm::refhelper::FindForDetSetVector<PixelDigi> > > loaded modules:
	TTClusterAlgorithm:	TTClusterAlgorithm_2d2013< edm::Ref<edm::DetSetVector<PixelDigi>, PixelDigi, edm::refhelper::FindForDetSetVector<PixelDigi> > >


TTStubBuilder< edm::Ref<edm::DetSetVector<PixelDigi>, PixelDigi, edm::refhelper::FindForDetSetVector<PixelDigi> > > loaded modules:
	TTStubAlgorithm:	TTStubAlgorithm_tab2013< edm::Ref<edm::DetSetVector<PixelDigi>, PixelDigi, edm::refhelper::FindForDetSetVector<PixelDigi> > >


TTClusterAssociator< edm::Ref<edm::DetSetVector<PixelDigi>, PixelDigi, edm::refhelper::FindForDetSetVector<PixelDigi> > > loaded.


TTStubAssociator< edm::Ref<edm::DetSetVector<PixelDigi>, PixelDigi, edm::refhelper::FindForDetSetVector<PixelDigi> > > loaded.


TTTrackAssociator< edm::Ref<edm::DetSetVector<PixelDigi>, PixelDigi, edm::refhelper::FindForDetSetVector<PixelDigi> > > loaded.

Begin processing the 1st record. Run 1, Event 4101, LumiSection 411 at 02-Feb-2015 20:01:13.434 GMT
02-Feb-2015 20:01:21 GMT  Closed file root://xrootd.unl.edu//store/group/dpg_trigger/comm_trigger/L1TrackTrigger/620_SLHC10/Extended2023TTI/MinBias/MinBias_TuneZ2star_GEN_SIM_1.root
02-Feb-2015 20:01:21 GMT  Initiating request to open file root://xrootd.unl.edu//store/group/dpg_trigger/comm_trigger/L1TrackTrigger/620_SLHC10/Extended2023TTI/MinBias/MinBias_TuneZ2star_GEN_SIM_819.root
150202 20:05:28 13688 Xrd: XrdClientMessage::ReadRaw: Failed to read header (8 bytes).
150202 20:06:29 13690 Xrd: XrdClientMessage::ReadRaw: Failed to read header (8 bytes).
150202 20:10:39 14547 Xrd: CheckErrorStatus: Server [xrootd-redic.pi.infn.it:1094] declared: session not found(error code: 3011)
02-Feb-2015 20:10:39 GMT  Successfully opened file root://xrootd.unl.edu//store/group/dpg_trigger/comm_trigger/L1TrackTrigger/620_SLHC10/Extended2023TTI/MinBias/MinBias_TuneZ2star_GEN_SIM_819.root
150202 20:15:58 20152 Xrd: XrdClientMessage::ReadRaw: Failed to read header (8 bytes).
02-Feb-2015 20:20:05 GMT  Closed file root://xrootd.unl.edu//store/group/dpg_trigger/comm_trigger/L1TrackTrigger/620_SLHC10/Extended2023TTI/MinBias/MinBias_TuneZ2star_GEN_SIM_819.root
02-Feb-2015 20:20:05 GMT  Initiating request to open file root://xrootd.unl.edu//store/group/dpg_trigger/comm_trigger/L1TrackTrigger/620_SLHC10/Extended2023TTI/MinBias/MinBias_TuneZ2star_GEN_SIM_168.root
150202 20:20:06 13331 Xrd: XrdClientMessage::ReadRaw: Failed to read header (8 bytes).
150202 20:20:06 13332 Xrd: XrdClientMessage::ReadRaw: Failed to read header (8 bytes).
150202 20:20:36 25872 Xrd: CheckErrorStatus: Server [llrxrd-redir.in2p3.fr:1094] declared: session not found(error code: 3011)
02-Feb-2015 20:20:36 GMT  Successfully opened file root://xrootd.unl.edu//store/group/dpg_trigger/comm_trigger/L1TrackTrigger/620_SLHC10/Extended2023TTI/MinBias/MinBias_TuneZ2star_GEN_SIM_168.root
150202 20:25:28 20153 Xrd: XrdClientMessage::ReadRaw: Failed to read header (8 bytes).
150202 20:25:59 26335 Xrd: XrdClientMessage::ReadRaw: Failed to read header (8 bytes).
02-Feb-2015 20:30:08 GMT  Closed file root://xrootd.unl.edu//store/group/dpg_trigger/comm_trigger/L1TrackTrigger/620_SLHC10/Extended2023TTI/MinBias/MinBias_TuneZ2star_GEN_SIM_168.root
02-Feb-2015 20:30:08 GMT  Initiating request to open file root://xrootd.unl.edu//store/group/dpg_trigger/comm_trigger/L1TrackTrigger/620_SLHC10/Extended2023TTI/MinBias/MinBias_TuneZ2star_GEN_SIM_293.root
150202 20:30:39 32078 Xrd: CheckErrorStatus: Server [xrootd-redic.pi.infn.it:1094] declared: session not found(error code: 3011)
02-Feb-2015 20:30:39 GMT  Successfully opened file root://xrootd.unl.edu//store/group/dpg_trigger/comm_trigger/L1TrackTrigger/620_SLHC10/Extended2023TTI/MinBias/MinBias_TuneZ2star_GEN_SIM_293.root
Building the geometry service
Warning did not find digi
Warning did not find digi
Warning did not find digi
Warning did not find digi
Warning did not find digi in disks
Warning did not find digi in disks
Warning did not find digi in disks
Warning did not find digi in disks
150202 20:35:28 26336 Xrd: XrdClientMessage::ReadRaw: Failed to read header (8 bytes).
150202 20:35:58 32539 Xrd: XrdClientMessage::ReadRaw: Failed to read header (8 bytes).
02-Feb-2015 20:40:09 GMT  Closed file root://xrootd.unl.edu//store/group/dpg_trigger/comm_trigger/L1TrackTrigger/620_SLHC10/Extended2023TTI/MinBias/MinBias_TuneZ2star_GEN_SIM_293.root
02-Feb-2015 20:40:09 GMT  Initiating request to open file root://xrootd.unl.edu//store/group/dpg_trigger/comm_trigger/L1TrackTrigger/620_SLHC10/Extended2023TTI/MinBias/MinBias_TuneZ2star_GEN_SIM_715.root
150202 20:40:40 26334 Xrd: XrdClientMessage::ReadRaw: Failed to read header (8 bytes).
150202 20:40:45 5828 Xrd: CheckErrorStatus: Server [xrootd-redic.pi.infn.it:1094] declared: session not found(error code: 3011)
02-Feb-2015 20:40:45 GMT  Successfully opened file root://xrootd.unl.edu//store/group/dpg_trigger/comm_trigger/L1TrackTrigger/620_SLHC10/Extended2023TTI/MinBias/MinBias_TuneZ2star_GEN_SIM_715.root
150202 20:45:28 32540 Xrd: XrdClientMessage::ReadRaw: Failed to read header (8 bytes).
150202 20:45:58 6306 Xrd: XrdClientMessage::ReadRaw: Failed to read header (8 bytes).
02-Feb-2015 20:49:31 GMT  Closed file root://xrootd.unl.edu//store/group/dpg_trigger/comm_trigger/L1TrackTrigger/620_SLHC10/Extended2023TTI/MinBias/MinBias_TuneZ2star_GEN_SIM_715.root
02-Feb-2015 20:49:31 GMT  Initiating request to open file root://xrootd.unl.edu//store/group/dpg_trigger/comm_trigger/L1TrackTrigger/620_SLHC10/Extended2023TTI/MinBias/MinBias_TuneZ2star_GEN_SIM_257.root
150202 20:50:01 11697 Xrd: CheckErrorStatus: Server [cms-xrd-global.cern.ch:1094] declared: session not found(error code: 3011)
150202 20:50:02 11697 Xrd: CheckErrorStatus: Server [llrxrd-redir.in2p3.fr:1094] declared: session not found(error code: 3011)
02-Feb-2015 20:50:02 GMT  Successfully opened file root://xrootd.unl.edu//store/group/dpg_trigger/comm_trigger/L1TrackTrigger/620_SLHC10/Extended2023TTI/MinBias/MinBias_TuneZ2star_GEN_SIM_257.root
150202 20:54:58 6307 Xrd: XrdClientMessage::ReadRaw: Failed to read header (8 bytes).
150202 20:55:28 11821 Xrd: XrdClientMessage::ReadRaw: Failed to read header (8 bytes).
02-Feb-2015 20:58:54 GMT  Closed file root://xrootd.unl.edu//store/group/dpg_trigger/comm_trigger/L1TrackTrigger/620_SLHC10/Extended2023TTI/MinBias/MinBias_TuneZ2star_GEN_SIM_257.root
02-Feb-2015 20:58:54 GMT  Initiating request to open file root://xrootd.unl.edu//store/group/dpg_trigger/comm_trigger/L1TrackTrigger/620_SLHC10/Extended2023TTI/MinBias/MinBias_TuneZ2star_GEN_SIM_50.root
150202 20:58:55 18310 Xrd: CheckErrorStatus: Server [llrxrd-redir.in2p3.fr:1094] declared: session not found(error code: 3011)
02-Feb-2015 20:58:55 GMT  Successfully opened file root://xrootd.unl.edu//store/group/dpg_trigger/comm_trigger/L1TrackTrigger/620_SLHC10/Extended2023TTI/MinBias/MinBias_TuneZ2star_GEN_SIM_50.root
150202 21:00:58 13687 Xrd: XrdClientMessage::ReadRaw: Failed to read header (8 bytes).
150202 21:03:58 18311 Xrd: XrdClientMessage::ReadRaw: Failed to read header (8 bytes).
150202 21:03:59 11829 Xrd: XrdClientMessage::ReadRaw: Failed to read header (8 bytes).
02-Feb-2015 21:06:46 GMT  Closed file root://xrootd.unl.edu//store/group/dpg_trigger/comm_trigger/L1TrackTrigger/620_SLHC10/Extended2023TTI/MinBias/MinBias_TuneZ2star_GEN_SIM_50.root
02-Feb-2015 21:06:46 GMT  Initiating request to open file root://xrootd.unl.edu//store/group/dpg_trigger/comm_trigger/L1TrackTrigger/620_SLHC10/Extended2023TTI/MinBias/MinBias_TuneZ2star_GEN_SIM_416.root
150202 21:09:35 23282 Xrd: CheckErrorStatus: Server [xrootd.ba.infn.it:1094] declared: session not found(error code: 3011)
02-Feb-2015 21:09:35 GMT  Successfully opened file root://xrootd.unl.edu//store/group/dpg_trigger/comm_trigger/L1TrackTrigger/620_SLHC10/Extended2023TTI/MinBias/MinBias_TuneZ2star_GEN_SIM_416.root
150202 21:11:58 18312 Xrd: XrdClientMessage::ReadRaw: Failed to read header (8 bytes).
150202 21:14:59 25076 Xrd: XrdClientMessage::ReadRaw: Failed to read header (8 bytes).
02-Feb-2015 21:17:53 GMT  Closed file root://xrootd.unl.edu//store/group/dpg_trigger/comm_trigger/L1TrackTrigger/620_SLHC10/Extended2023TTI/MinBias/MinBias_TuneZ2star_GEN_SIM_416.root
02-Feb-2015 21:17:53 GMT  Initiating request to open file root://xrootd.unl.edu//store/group/dpg_trigger/comm_trigger/L1TrackTrigger/620_SLHC10/Extended2023TTI/MinBias/MinBias_TuneZ2star_GEN_SIM_105.root
150202 21:18:24 30067 Xrd: CheckErrorStatus: Server [llrxrd-redir.in2p3.fr:1094] declared: session not found(error code: 3011)
02-Feb-2015 21:18:24 GMT  Successfully opened file root://xrootd.unl.edu//store/group/dpg_trigger/comm_trigger/L1TrackTrigger/620_SLHC10/Extended2023TTI/MinBias/MinBias_TuneZ2star_GEN_SIM_105.root
150202 21:22:58 25077 Xrd: XrdClientMessage::ReadRaw: Failed to read header (8 bytes).
150202 21:23:28 30445 Xrd: XrdClientMessage::ReadRaw: Failed to read header (8 bytes).
02-Feb-2015 21:27:32 GMT  Closed file root://xrootd.unl.edu//store/group/dpg_trigger/comm_trigger/L1TrackTrigger/620_SLHC10/Extended2023TTI/MinBias/MinBias_TuneZ2star_GEN_SIM_105.root
02-Feb-2015 21:27:32 GMT  Initiating request to open file root://xrootd.unl.edu//store/group/dpg_trigger/comm_trigger/L1TrackTrigger/620_SLHC10/Extended2023TTI/MinBias/MinBias_TuneZ2star_GEN_SIM_869.root
150202 21:28:03 3720 Xrd: CheckErrorStatus: Server [xrootd.ba.infn.it:1094] declared: session not found(error code: 3011)
02-Feb-2015 21:28:03 GMT  Successfully opened file root://xrootd.unl.edu//store/group/dpg_trigger/comm_trigger/L1TrackTrigger/620_SLHC10/Extended2023TTI/MinBias/MinBias_TuneZ2star_GEN_SIM_869.root
150202 21:32:59 30446 Xrd: XrdClientMessage::ReadRaw: Failed to read header (8 bytes).
150202 21:33:28 3837 Xrd: XrdClientMessage::ReadRaw: Failed to read header (8 bytes).
02-Feb-2015 21:36:43 GMT  Closed file root://xrootd.unl.edu//store/group/dpg_trigger/comm_trigger/L1TrackTrigger/620_SLHC10/Extended2023TTI/MinBias/MinBias_TuneZ2star_GEN_SIM_869.root
02-Feb-2015 21:36:43 GMT  Initiating request to open file root://xrootd.unl.edu//store/group/dpg_trigger/comm_trigger/L1TrackTrigger/620_SLHC10/Extended2023TTI/MinBias/MinBias_TuneZ2star_GEN_SIM_465.root
150202 21:37:14 14606 Xrd: CheckErrorStatus: Server [cms-xrd-global.cern.ch:1094] declared: session not found(error code: 3011)
150202 21:37:14 14606 Xrd: CheckErrorStatus: Server [xrootd-redic.pi.infn.it:1094] declared: session not found(error code: 3011)
02-Feb-2015 21:37:15 GMT  Successfully opened file root://xrootd.unl.edu//store/group/dpg_trigger/comm_trigger/L1TrackTrigger/620_SLHC10/Extended2023TTI/MinBias/MinBias_TuneZ2star_GEN_SIM_465.root
150202 21:38:29 11820 Xrd: XrdClientMessage::ReadRaw: Failed to read header (8 bytes).
150202 21:41:59 3838 Xrd: XrdClientMessage::ReadRaw: Failed to read header (8 bytes).
150202 21:42:28 14839 Xrd: XrdClientMessage::ReadRaw: Failed to read header (8 bytes).
02-Feb-2015 21:46:12 GMT  Closed file root://xrootd.unl.edu//store/group/dpg_trigger/comm_trigger/L1TrackTrigger/620_SLHC10/Extended2023TTI/MinBias/MinBias_TuneZ2star_GEN_SIM_465.root
02-Feb-2015 21:46:12 GMT  Initiating request to open file root://xrootd.unl.edu//store/group/dpg_trigger/comm_trigger/L1TrackTrigger/620_SLHC10/Extended2023TTI/MinBias/MinBias_TuneZ2star_GEN_SIM_614.root
150202 21:46:43 18671 Xrd: CheckErrorStatus: Server [xrootd.ba.infn.it:1094] declared: session not found(error code: 3011)
02-Feb-2015 21:46:43 GMT  Successfully opened file root://xrootd.unl.edu//store/group/dpg_trigger/comm_trigger/L1TrackTrigger/620_SLHC10/Extended2023TTI/MinBias/MinBias_TuneZ2star_GEN_SIM_614.root
150202 21:51:28 14840 Xrd: XrdClientMessage::ReadRaw: Failed to read header (8 bytes).
150202 21:51:58 18674 Xrd: XrdClientMessage::ReadRaw: Failed to read header (8 bytes).
02-Feb-2015 21:53:23 GMT  Closed file root://xrootd.unl.edu//store/group/dpg_trigger/comm_trigger/L1TrackTrigger/620_SLHC10/Extended2023TTI/MinBias/MinBias_TuneZ2star_GEN_SIM_614.root
02-Feb-2015 21:53:23 GMT  Initiating request to open file root://xrootd.unl.edu//store/group/dpg_trigger/comm_trigger/L1TrackTrigger/620_SLHC10/Extended2023TTI/MinBias/MinBias_TuneZ2star_GEN_SIM_90.root
150202 21:53:54 21445 Xrd: CheckErrorStatus: Server [cms-xrd-global.cern.ch:1094] declared: session not found(error code: 3011)
150202 21:53:54 21445 Xrd: CheckErrorStatus: Server [llrxrd-redir.in2p3.fr:1094] declared: session not found(error code: 3011)
02-Feb-2015 21:53:54 GMT  Successfully opened file root://xrootd.unl.edu//store/group/dpg_trigger/comm_trigger/L1TrackTrigger/620_SLHC10/Extended2023TTI/MinBias/MinBias_TuneZ2star_GEN_SIM_90.root
150202 21:57:28 14838 Xrd: XrdClientMessage::ReadRaw: Failed to read header (8 bytes).
150202 21:58:28 18675 Xrd: XrdClientMessage::ReadRaw: Failed to read header (8 bytes).
150202 21:58:58 21769 Xrd: XrdClientMessage::ReadRaw: Failed to read header (8 bytes).
02-Feb-2015 22:01:24 GMT  Closed file root://xrootd.unl.edu//store/group/dpg_trigger/comm_trigger/L1TrackTrigger/620_SLHC10/Extended2023TTI/MinBias/MinBias_TuneZ2star_GEN_SIM_90.root
02-Feb-2015 22:01:24 GMT  Initiating request to open file root://xrootd.unl.edu//store/group/dpg_trigger/comm_trigger/L1TrackTrigger/620_SLHC10/Extended2023TTI/MinBias/MinBias_TuneZ2star_GEN_SIM_317.root
150202 22:06:28 21770 Xrd: XrdClientMessage::ReadRaw: Failed to read header (8 bytes).
150202 22:06:58 25075 Xrd: XrdClientMessage::ReadRaw: Failed to read header (8 bytes).
150202 22:10:46 31606 Xrd: CheckErrorStatus: Server [llrxrd-redir.in2p3.fr:1094] declared: session not found(error code: 3011)
02-Feb-2015 22:10:46 GMT  Successfully opened file root://xrootd.unl.edu//store/group/dpg_trigger/comm_trigger/L1TrackTrigger/620_SLHC10/Extended2023TTI/MinBias/MinBias_TuneZ2star_GEN_SIM_317.root
150202 22:15:58 7363 Xrd: XrdClientMessage::ReadRaw: Failed to read header (8 bytes).
02-Feb-2015 22:16:27 GMT  Closed file root://xrootd.unl.edu//store/group/dpg_trigger/comm_trigger/L1TrackTrigger/620_SLHC10/Extended2023TTI/MinBias/MinBias_TuneZ2star_GEN_SIM_317.root
02-Feb-2015 22:16:27 GMT  Initiating request to open file root://xrootd.unl.edu//store/group/dpg_trigger/comm_trigger/L1TrackTrigger/620_SLHC10/Extended2023TTI/MinBias/MinBias_TuneZ2star_GEN_SIM_924.root
150202 22:21:29 7364 Xrd: XrdClientMessage::ReadRaw: Failed to read header (8 bytes).
150202 22:24:30 14531 Xrd: CheckErrorStatus: Server [cms-xrd-global.cern.ch:1094] declared: session not found(error code: 3011)
150202 22:24:30 14531 Xrd: CheckErrorStatus: Server [xrootd.ba.infn.it:1094] declared: session not found(error code: 3011)
02-Feb-2015 22:24:30 GMT  Successfully opened file root://xrootd.unl.edu//store/group/dpg_trigger/comm_trigger/L1TrackTrigger/620_SLHC10/Extended2023TTI/MinBias/MinBias_TuneZ2star_GEN_SIM_924.root
02-Feb-2015 22:29:25 GMT  Closed file root://xrootd.unl.edu//store/group/dpg_trigger/comm_trigger/L1TrackTrigger/620_SLHC10/Extended2023TTI/MinBias/MinBias_TuneZ2star_GEN_SIM_924.root
02-Feb-2015 22:29:25 GMT  Initiating request to open file root://xrootd.unl.edu//store/group/dpg_trigger/comm_trigger/L1TrackTrigger/620_SLHC10/Extended2023TTI/MinBias/MinBias_TuneZ2star_GEN_SIM_458.root
02-Feb-2015 22:29:56 GMT  Successfully opened file root://xrootd.unl.edu//store/group/dpg_trigger/comm_trigger/L1TrackTrigger/620_SLHC10/Extended2023TTI/MinBias/MinBias_TuneZ2star_GEN_SIM_458.root
150202 22:30:58 21768 Xrd: XrdClientMessage::ReadRaw: Failed to read header (8 bytes).
02-Feb-2015 22:34:16 GMT  Closed file root://xrootd.unl.edu//store/group/dpg_trigger/comm_trigger/L1TrackTrigger/620_SLHC10/Extended2023TTI/MinBias/MinBias_TuneZ2star_GEN_SIM_458.root
02-Feb-2015 22:34:16 GMT  Initiating request to open file root://xrootd.unl.edu//store/group/dpg_trigger/comm_trigger/L1TrackTrigger/620_SLHC10/Extended2023TTI/MinBias/MinBias_TuneZ2star_GEN_SIM_186.root
150202 22:34:16 19758 Xrd: CheckErrorStatus: Server [cms-xrd-global.cern.ch:1094] declared: session not found(error code: 3011)
150202 22:34:17 16861 Xrd: XrdClientMessage::ReadRaw: Failed to read header (8 bytes).
150202 22:34:17 19758 Xrd: CheckErrorStatus: Server [eoscms.cern.ch:1094] declared: session not found(error code: 3011)
02-Feb-2015 22:34:17 GMT  Successfully opened file root://xrootd.unl.edu//store/group/dpg_trigger/comm_trigger/L1TrackTrigger/620_SLHC10/Extended2023TTI/MinBias/MinBias_TuneZ2star_GEN_SIM_186.root
150202 22:34:28 16862 Xrd: XrdClientMessage::ReadRaw: Failed to read header (8 bytes).
02-Feb-2015 22:38:56 GMT  Closed file root://xrootd.unl.edu//store/group/dpg_trigger/comm_trigger/L1TrackTrigger/620_SLHC10/Extended2023TTI/MinBias/MinBias_TuneZ2star_GEN_SIM_186.root
02-Feb-2015 22:38:56 GMT  Initiating request to open file root://xrootd.unl.edu//store/group/dpg_trigger/comm_trigger/L1TrackTrigger/620_SLHC10/Extended2023TTI/MinBias/MinBias_TuneZ2star_GEN_SIM_206.root
150202 22:39:27 18276 Xrd: XrdClientMessage::ReadRaw: Failed to read header (8 bytes).
150202 22:39:27 18277 Xrd: XrdClientMessage::ReadRaw: Failed to read header (8 bytes).
02-Feb-2015 22:39:27 GMT  Successfully opened file root://xrootd.unl.edu//store/group/dpg_trigger/comm_trigger/L1TrackTrigger/620_SLHC10/Extended2023TTI/MinBias/MinBias_TuneZ2star_GEN_SIM_206.root
150202 22:43:58 19760 Xrd: XrdClientMessage::ReadRaw: Failed to read header (8 bytes).
150202 22:44:28 21065 Xrd: XrdClientMessage::ReadRaw: Failed to read header (8 bytes).
02-Feb-2015 22:45:21 GMT  Closed file root://xrootd.unl.edu//store/group/dpg_trigger/comm_trigger/L1TrackTrigger/620_SLHC10/Extended2023TTI/MinBias/MinBias_TuneZ2star_GEN_SIM_206.root
02-Feb-2015 22:45:21 GMT  Initiating request to open file root://xrootd.unl.edu//store/group/dpg_trigger/comm_trigger/L1TrackTrigger/620_SLHC10/Extended2023TTI/MinBias/MinBias_TuneZ2star_GEN_SIM_607.root
150202 22:45:37 22498 Xrd: CheckErrorStatus: Server [cms-xrd-global.cern.ch:1094] declared: session not found(error code: 3011)
150202 22:45:38 22498 Xrd: CheckErrorStatus: Server [llrxrd-redir.in2p3.fr:1094] declared: session not found(error code: 3011)
150202 22:45:38 22498 Xrd: CheckErrorStatus: Server [eoscms.cern.ch:1094] declared: session not found(error code: 3011)
02-Feb-2015 22:45:38 GMT  Successfully opened file root://xrootd.unl.edu//store/group/dpg_trigger/comm_trigger/L1TrackTrigger/620_SLHC10/Extended2023TTI/MinBias/MinBias_TuneZ2star_GEN_SIM_607.root
02-Feb-2015 22:48:55 GMT  Closed file root://xrootd.unl.edu//store/group/dpg_trigger/comm_trigger/L1TrackTrigger/620_SLHC10/Extended2023TTI/MinBias/MinBias_TuneZ2star_GEN_SIM_607.root
02-Feb-2015 22:48:55 GMT  Initiating request to open file root://xrootd.unl.edu//store/group/dpg_trigger/comm_trigger/L1TrackTrigger/620_SLHC10/Extended2023TTI/MinBias/MinBias_TuneZ2star_GEN_SIM_435.root
02-Feb-2015 22:49:27 GMT  Successfully opened file root://xrootd.unl.edu//store/group/dpg_trigger/comm_trigger/L1TrackTrigger/620_SLHC10/Extended2023TTI/MinBias/MinBias_TuneZ2star_GEN_SIM_435.root
150202 22:50:28 21066 Xrd: XrdClientMessage::ReadRaw: Failed to read header (8 bytes).
02-Feb-2015 22:52:57 GMT  Closed file root://xrootd.unl.edu//store/group/dpg_trigger/comm_trigger/L1TrackTrigger/620_SLHC10/Extended2023TTI/MinBias/MinBias_TuneZ2star_GEN_SIM_435.root
02-Feb-2015 22:52:57 GMT  Initiating request to open file root://xrootd.unl.edu//store/group/dpg_trigger/comm_trigger/L1TrackTrigger/620_SLHC10/Extended2023TTI/MinBias/MinBias_TuneZ2star_GEN_SIM_756.root
150202 22:53:28 23741 Xrd: CheckErrorStatus: Server [eoscms.cern.ch:1094] declared: session not found(error code: 3011)
02-Feb-2015 22:53:28 GMT  Successfully opened file root://xrootd.unl.edu//store/group/dpg_trigger/comm_trigger/L1TrackTrigger/620_SLHC10/Extended2023TTI/MinBias/MinBias_TuneZ2star_GEN_SIM_756.root
150202 22:53:58 22502 Xrd: XrdClientMessage::ReadRaw: Failed to read header (8 bytes).
02-Feb-2015 22:56:47 GMT  Closed file root://xrootd.unl.edu//store/group/dpg_trigger/comm_trigger/L1TrackTrigger/620_SLHC10/Extended2023TTI/MinBias/MinBias_TuneZ2star_GEN_SIM_756.root
02-Feb-2015 22:56:47 GMT  Initiating request to open file root://xrootd.unl.edu//store/group/dpg_trigger/comm_trigger/L1TrackTrigger/620_SLHC10/Extended2023TTI/MinBias/MinBias_TuneZ2star_GEN_SIM_589.root
02-Feb-2015 22:57:18 GMT  Successfully opened file root://xrootd.unl.edu//store/group/dpg_trigger/comm_trigger/L1TrackTrigger/620_SLHC10/Extended2023TTI/MinBias/MinBias_TuneZ2star_GEN_SIM_589.root
150202 22:57:59 23077 Xrd: XrdClientMessage::ReadRaw: Failed to read header (8 bytes).
150202 22:59:28 16860 Xrd: XrdClientMessage::ReadRaw: Failed to read header (8 bytes).
02-Feb-2015 22:59:32 GMT  Closed file root://xrootd.unl.edu//store/group/dpg_trigger/comm_trigger/L1TrackTrigger/620_SLHC10/Extended2023TTI/MinBias/MinBias_TuneZ2star_GEN_SIM_589.root
02-Feb-2015 22:59:32 GMT  Initiating request to open file root://xrootd.unl.edu//store/group/dpg_trigger/comm_trigger/L1TrackTrigger/620_SLHC10/Extended2023TTI/MinBias/MinBias_TuneZ2star_GEN_SIM_303.root
02-Feb-2015 23:00:04 GMT  Successfully opened file root://xrootd.unl.edu//store/group/dpg_trigger/comm_trigger/L1TrackTrigger/620_SLHC10/Extended2023TTI/MinBias/MinBias_TuneZ2star_GEN_SIM_303.root
150202 23:01:58 23859 Xrd: XrdClientMessage::ReadRaw: Failed to read header (8 bytes).
02-Feb-2015 23:02:12 GMT  Closed file root://xrootd.unl.edu//store/group/dpg_trigger/comm_trigger/L1TrackTrigger/620_SLHC10/Extended2023TTI/MinBias/MinBias_TuneZ2star_GEN_SIM_303.root
02-Feb-2015 23:02:12 GMT  Initiating request to open file root://xrootd.unl.edu//store/group/dpg_trigger/comm_trigger/L1TrackTrigger/620_SLHC10/Extended2023TTI/MinBias/MinBias_TuneZ2star_GEN_SIM_269.root
150202 23:02:43 32104 Xrd: CheckErrorStatus: Server [cms-xrd-global.cern.ch:1094] declared: session not found(error code: 3011)
02-Feb-2015 23:02:43 GMT  Successfully opened file root://xrootd.unl.edu//store/group/dpg_trigger/comm_trigger/L1TrackTrigger/620_SLHC10/Extended2023TTI/MinBias/MinBias_TuneZ2star_GEN_SIM_269.root
02-Feb-2015 23:04:00 GMT  Closed file root://dcap.pp.rl.ac.uk:1094/pnfs/pp.rl.ac.uk/data/cms/store/user/dcieri/ttbar_SIM/ttbar/ttbar_SIM/150129_145223/0000/step1_411.root
02-Feb-2015 23:04:01 GMT  Closed file root://xrootd.unl.edu//store/group/dpg_trigger/comm_trigger/L1TrackTrigger/620_SLHC10/Extended2023TTI/MinBias/MinBias_TuneZ2star_GEN_SIM_269.root

=============================================

MessageLogger Summary

 type     category        sev    module        subroutine        count    total
 ---- -------------------- -- ---------------- ----------------  -----    -----
    1 fileAction           -s MixingModule:mix                      69       69
    2 fileAction           -s MixingModule:mix                       2        2
    3 fileAction           -s MixingModule:mix                       1        1
    4 fileAction           -s file_close                             1        1
    5 fileAction           -s file_open                              2        2

 type    category    Examples: run/evt        run/evt          run/evt
 ---- -------------------- ---------------- ---------------- ----------------
    1 fileAction           1/4101           1/4101           1/4110
    2 fileAction           pre-events       pre-events       
    3 fileAction           PostEndRun                        
    4 fileAction           PostEndRun                        
    5 fileAction           pre-events       pre-events       

Severity    # Occurrences   Total Occurrences
--------    -------------   -----------------
System                 75                  75
>>> END OF printout of 227 lines from stdout+stderr
>>> Parse FrameworkJobReport crab_fjr.xml
Result of parsing the FrameworkJobReport crab_fjr.xml: 
Extracted ExitStatus from FrameworkJobReport parsing output: 0
>>> Executable succeded  0
ExeExitCode=0
EXECUTABLE_EXIT_STATUS = 0
>>> current directory /scratch/condor/dir_19701/glide_pCxVXz/execute/dir_12254/CMSSW_6_2_0_SLHC12
>>>  (SOFTWARE_DIR): /scratch/condor/dir_19701/glide_pCxVXz/execute/dir_12254/CMSSW_6_2_0_SLHC12
>>> (WORKING_DIR): 
>>> current directory content:
total 241568
drwxr-xr-x 3 cms415 gplcms      4096 Feb  2 19:59 .SCRAM
-rw------- 1 cms415 gplcms    915837 Feb  2 19:59 CMSSW.py.pkl
drwxr-xr-x 3 cms415 gplcms      4096 Feb  2 19:59 bin
drwxr-xr-x 3 cms415 gplcms      4096 Feb  2 19:59 cfipython
drwxr-xr-x 4 cms415 gplcms      4096 Apr 28  2014 config
-rw------- 1 cms415 gplcms        16 Feb  2 23:04 cpu_timing.txt
drwxr-xr-x 2 cms415 gplcms      4096 Feb  2 19:59 doc
-rw------- 1 cms415 gplcms     25534 Feb  2 23:04 executable.out
drwxr-xr-x 2 cms415 gplcms      4096 Feb  2 19:59 include
drwx------ 3 cms415 gplcms      4096 Oct  7 10:12 lib
drwxr-xr-x 3 cms415 gplcms      4096 Feb  2 19:59 logs
drwxr-xr-x 3 cms415 gplcms      4096 Feb  2 19:59 objs
-rw------- 1 cms415 gplcms       104 Feb  2 19:59 pset.py
-rw------- 1 cms415 gplcms    926827 Feb  2 19:59 pset.py.pkl
-rw------- 1 cms415 gplcms       289 Feb  2 19:59 pset.pyc
drwxr-xr-x 2 cms415 gplcms      4096 Feb  2 19:59 python
-rw------- 1 cms415 gplcms       359 Feb  2 23:04 report.log
drwxr-xr-x 2 cms415 gplcms      4096 Feb  2 19:59 src
-rw------- 1 cms415 gplcms 245163722 Feb  2 23:04 step2.root
drwxr-xr-x 3 cms415 gplcms      4096 Feb  2 19:59 test
drwxr-xr-x 3 cms415 gplcms      4096 Feb  2 19:59 tmp
>>> current directory /scratch/condor/dir_19701/glide_pCxVXz/execute/dir_12254/CMSSW_6_2_0_SLHC12
>>> (SOFTWARE_DIR): /scratch/condor/dir_19701/glide_pCxVXz/execute/dir_12254/CMSSW_6_2_0_SLHC12
>>> (WORKING_DIR): 
>>> current directory content:
total 241568
drwxr-xr-x 3 cms415 gplcms      4096 Feb  2 19:59 .SCRAM
-rw------- 1 cms415 gplcms    915837 Feb  2 19:59 CMSSW.py.pkl
drwxr-xr-x 3 cms415 gplcms      4096 Feb  2 19:59 bin
drwxr-xr-x 3 cms415 gplcms      4096 Feb  2 19:59 cfipython
drwxr-xr-x 4 cms415 gplcms      4096 Apr 28  2014 config
-rw------- 1 cms415 gplcms        16 Feb  2 23:04 cpu_timing.txt
drwxr-xr-x 2 cms415 gplcms      4096 Feb  2 19:59 doc
-rw------- 1 cms415 gplcms     25534 Feb  2 23:04 executable.out
drwxr-xr-x 2 cms415 gplcms      4096 Feb  2 19:59 include
drwx------ 3 cms415 gplcms      4096 Oct  7 10:12 lib
drwxr-xr-x 3 cms415 gplcms      4096 Feb  2 19:59 logs
drwxr-xr-x 3 cms415 gplcms      4096 Feb  2 19:59 objs
-rw------- 1 cms415 gplcms       104 Feb  2 19:59 pset.py
-rw------- 1 cms415 gplcms    926827 Feb  2 19:59 pset.py.pkl
-rw------- 1 cms415 gplcms       289 Feb  2 19:59 pset.pyc
drwxr-xr-x 2 cms415 gplcms      4096 Feb  2 19:59 python
-rw------- 1 cms415 gplcms       359 Feb  2 23:04 report.log
drwxr-xr-x 2 cms415 gplcms      4096 Feb  2 19:59 src
-rw------- 1 cms415 gplcms 245163722 Feb  2 23:04 step2_132_1_K1u.root
drwxr-xr-x 3 cms415 gplcms      4096 Feb  2 19:59 test
drwxr-xr-x 3 cms415 gplcms      4096 Feb  2 19:59 tmp
>>> current directory (RUNTIME_AREA):  /scratch/condor/dir_19701/glide_pCxVXz/execute/dir_12254
PNN = T2_UK_SGrid_RALPP
SE = heplnx204.pp.rl.ac.uk
SE_PATH = /srm/managerv2?SFN=/pnfs/pp.rl.ac.uk/data/cms/store/user/dcieri/ttbar_PU140_DIGI/dcieri/ttbar/ttbar_PU140_DIGI/3c0380cf82de79bc39966c93934c61fc/
LFNBaseName = /store/user/dcieri/ttbar_PU140_DIGI/dcieri/ttbar/ttbar_PU140_DIGI/3c0380cf82de79bc39966c93934c61fc/
USER = dcieri
endpoint = srm://heplnx204.pp.rl.ac.uk:8443/srm/managerv2?SFN=/pnfs/pp.rl.ac.uk/data/cms/store/user/dcieri/ttbar_PU140_DIGI/dcieri/ttbar/ttbar_PU140_DIGI/3c0380cf82de79bc39966c93934c61fc/
>>> Copy output files from WN = heplnc222.pp.rl.ac.uk to /srm/managerv2?SFN=/pnfs/pp.rl.ac.uk/data/cms/store/user/dcieri/ttbar_PU140_DIGI/dcieri/ttbar/ttbar_PU140_DIGI/3c0380cf82de79bc39966c93934c61fc/ :
python cmscp.py  --destination srm://heplnx204.pp.rl.ac.uk:8443/srm/managerv2?SFN=/pnfs/pp.rl.ac.uk/data/cms/store/user/dcieri/ttbar_PU140_DIGI/dcieri/ttbar/ttbar_PU140_DIGI/3c0380cf82de79bc39966c93934c61fc/ --inputFileList /scratch/condor/dir_19701/glide_pCxVXz/execute/dir_12254/CMSSW_6_2_0_SLHC12/step2_132_1_K1u.root --middleware LCG --PNN T2_UK_SGrid_RALPP --se_name heplnx204.pp.rl.ac.uk --for_lfn /store/user/dcieri/ttbar_PU140_DIGI/dcieri/ttbar/ttbar_PU140_DIGI/3c0380cf82de79bc39966c93934c61fc/    
******************************************************
localSeName  =  heplnx204.pp.rl.ac.uk
remoteSeName =  heplnx204.pp.rl.ac.uk
******************************************************
{"/scratch/condor/dir_19701/glide_pCxVXz/execute/dir_12254/CMSSW_6_2_0_SLHC12/step2_132_1_K1u.root": {"endpoint": "srm://heplnx204.pp.rl.ac.uk:8443/srm/managerv2?SFN=/pnfs/pp.rl.ac.uk/data/cms/store/user/dcieri/ttbar_PU140_DIGI/dcieri/ttbar/ttbar_PU140_DIGI/3c0380cf82de79bc39966c93934c61fc/", "surl_for_grid": "", "reason": "Copy succedeed with srm-lcg utils", "erCode": "0", "PNN": "T2_UK_SGrid_RALPP", "se_name": "heplnx204.pp.rl.ac.uk", "for_lfn": "/store/user/dcieri/ttbar_PU140_DIGI/dcieri/ttbar/ttbar_PU140_DIGI/3c0380cf82de79bc39966c93934c61fc/"}}/scratch/condor/dir_19701/glide_pCxVXz/execute/dir_12254
-------- cat /scratch/condor/dir_19701/glide_pCxVXz/execute/dir_12254/cmscpReport.sh 
#!/bin/bash
echo "Report for File: /scratch/condor/dir_19701/glide_pCxVXz/execute/dir_12254/CMSSW_6_2_0_SLHC12/step2_132_1_K1u.root"
echo "LFN: /store/user/dcieri/ttbar_PU140_DIGI/dcieri/ttbar/ttbar_PU140_DIGI/3c0380cf82de79bc39966c93934c61fc/step2_132_1_K1u.root"
echo "StorageElement: heplnx204.pp.rl.ac.uk"
echo "StageOutExitStatusReason = 'Copy succedeed with srm-lcg utils'" | tee -a $RUNTIME_AREA/$repo
echo "StageOutSE = heplnx204.pp.rl.ac.uk" >> $RUNTIME_AREA/$repo

export StageOutExitStatus=0
echo "StageOutExitStatus = 0" | tee -a $RUNTIME_AREA/$repo
-------- end of /scratch/condor/dir_19701/glide_pCxVXz/execute/dir_12254/cmscpReport.sh 
Report for File: /scratch/condor/dir_19701/glide_pCxVXz/execute/dir_12254/CMSSW_6_2_0_SLHC12/step2_132_1_K1u.root
LFN: /store/user/dcieri/ttbar_PU140_DIGI/dcieri/ttbar/ttbar_PU140_DIGI/3c0380cf82de79bc39966c93934c61fc/step2_132_1_K1u.root
StorageElement: heplnx204.pp.rl.ac.uk
StageOutExitStatusReason = 'Copy succedeed with srm-lcg utils'
StageOutExitStatus = 0
>>> current dir: /scratch/condor/dir_19701/glide_pCxVXz/execute/dir_12254
>>> current dir content:
total 8828
-rw-------  1 cms415 gplcms    3119 Feb  2 23:04 .SEinteraction.log
-rwx------  1 cms415 gplcms      53 Feb  2 19:58 .chirp_config
-rwx------  1 cms415 gplcms    7839 Feb  2 19:58 .job.ad
-rwx------  1 cms415 gplcms    9776 Feb  2 19:58 .machine.ad
-rw-------  1 cms415 gplcms     105 Feb  2 12:16 CMSSW.py
-rw-------  1 cms415 gplcms  915837 Feb  2 12:16 CMSSW.py.pkl
-rwx------  1 cms415 gplcms   29498 Feb  2 19:59 CMSSW.sh
drwxr-xr-x 15 cms415 gplcms    4096 Feb  2 23:04 CMSSW_6_2_0_SLHC12
-rw-------  1 cms415 gplcms     190 Feb  2 19:59 CacheEnv.sh
-rw-------  1 cms415 gplcms    7291 Nov 19 14:52 DashboardAPI.py
-rw-------  1 cms415 gplcms    6470 Feb  2 19:59 DashboardAPI.pyc
drwx------  2 cms415 gplcms    4096 Feb  2 23:04 IMProv
-rw-------  1 cms415 gplcms    2748 Nov 19 14:52 Logger.py
-rw-------  1 cms415 gplcms    3232 Feb  2 19:59 Logger.pyc
-rw-------  1 cms415 gplcms   24524 Nov 19 14:52 ProcInfo.py
-rw-------  1 cms415 gplcms   22645 Feb  2 19:59 ProcInfo.pyc
drwx------  7 cms415 gplcms    4096 Feb  2 19:59 ProdCommon
drwx------  3 cms415 gplcms    4096 Feb  2 19:59 WMCore
-rw-------  1 cms415 gplcms   15310 Feb  2 23:04 Watchdog_132.log
-rwx------  1 cms415 gplcms       0 Feb  2 19:59 _condor_stderr
-rwx---r--  1 cms415 gplcms   40309 Feb  2 23:04 _condor_stdout
-rw-------  1 cms415 gplcms   32895 Nov 19 14:52 apmon.py
-rw-------  1 cms415 gplcms   27958 Feb  2 19:59 apmon.pyc
-rwx------  1 cms415 gplcms  134309 Feb  2 19:59 arguments.xml
-rwx------  1 cms415 gplcms   38581 Nov 19 14:52 cmscp.py
-rw-------  1 cms415 gplcms     562 Feb  2 23:04 cmscpReport.sh
-rwx------  1 cms415 gplcms   29498 Feb  2 19:59 condor_exec.exe
-rw-------  1 cms415 gplcms     544 Feb  2 12:16 crab.cfg
-rwx------  1 cms415 gplcms    8610 Nov 19 14:52 crabWatchdog.sh
-rwx---r--  1 cms415 gplcms  112107 Feb  2 23:04 crab_fjr_132.xml
-rwx------  1 cms415 gplcms 7390485 Feb  2 19:59 default.tgz
-rwx------  1 cms415 gplcms    4488 Nov 19 14:52 fillCrabFjr.py
-rw-------  1 cms415 gplcms     226 Feb  2 19:59 inputsReport.txt
-rw-------  1 cms415 gplcms     245 Feb  2 23:04 jobreport.txt
-rw-------  1 cms415 gplcms   17352 Nov 19 14:52 parseCrabFjr.py
-rw-------  1 cms415 gplcms     324 Feb  2 19:59 report.log
-rwx--x--x  1 cms415 gplcms    1497 Nov 19 14:52 report.py
-rw-------  1 cms415 gplcms     555 Feb  2 23:04 resultCopyFile
lrwxrwxrwx  1 cms415 gplcms      96 Feb  2 23:04 step2.root -> /scratch/condor/dir_19701/glide_pCxVXz/execute/dir_12254/CMSSW_6_2_0_SLHC12/step2_132_1_K1u.root
-rwx------  1 cms415 gplcms    8351 Nov 19 14:52 writeCfg.py
-rw-------  1 cms415 gplcms   10297 Feb  2 19:58 x509up_u62281
>>> Modify Job Report:
CMSSW_VERSION = CMSSW_6_2_0_SLHC12
ProcessedDataset = ttbar_PU140_DIGI
/scratch/condor/dir_19701/glide_pCxVXz/execute/dir_12254/ProdCommon/FwkJobRep/ModifyJobReport.py fjr /scratch/condor/dir_19701/glide_pCxVXz/execute/dir_12254/crab_fjr_132.xml json /scratch/condor/dir_19701/glide_pCxVXz/execute/dir_12254/resultCopyFile n_job 132_1_K1u PrimaryDataset ttbar  ApplicationFamily cmsRun ApplicationName cmsRun cmssw_version CMSSW_6_2_0_SLHC12 psethash 3c0380cf82de79bc39966c93934c61fc UserProcessedDataset dcieri-ttbar_PU140_DIGI-3c0380cf82de79bc39966c93934c61fc
inputDict =  {u'/scratch/condor/dir_19701/glide_pCxVXz/execute/dir_12254/CMSSW_6_2_0_SLHC12/step2_132_1_K1u.root': {u'endpoint': u'srm://heplnx204.pp.rl.ac.uk:8443/srm/managerv2?SFN=/pnfs/pp.rl.ac.uk/data/cms/store/user/dcieri/ttbar_PU140_DIGI/dcieri/ttbar/ttbar_PU140_DIGI/3c0380cf82de79bc39966c93934c61fc/', u'surl_for_grid': u'', u'reason': u'Copy succedeed with srm-lcg utils', u'erCode': u'0', u'PNN': u'T2_UK_SGrid_RALPP', u'se_name': u'heplnx204.pp.rl.ac.uk', u'for_lfn': u'/store/user/dcieri/ttbar_PU140_DIGI/dcieri/ttbar/ttbar_PU140_DIGI/3c0380cf82de79bc39966c93934c61fc/'}}
UserProcessedDataset =  dcieri-ttbar_PU140_DIGI-3c0380cf82de79bc39966c93934c61fc
WORKING ON EDM FILE
file_name in inputDict =  /scratch/condor/dir_19701/glide_pCxVXz/execute/dir_12254/CMSSW_6_2_0_SLHC12/step2_132_1_K1u.root
(size) os.stat(filename)[6] =  245163722
checksum =  2619241065
    file =  step2_132_1_K1u.root
    newPfn =  srm://heplnx204.pp.rl.ac.uk:8443/srm/managerv2?SFN=/pnfs/pp.rl.ac.uk/data/cms/store/user/dcieri/ttbar_PU140_DIGI/dcieri/ttbar/ttbar_PU140_DIGI/3c0380cf82de79bc39966c93934c61fc/step2_132_1_K1u.root
    newLfn =  /store/user/dcieri/ttbar_PU140_DIGI/dcieri/ttbar/ttbar_PU140_DIGI/3c0380cf82de79bc39966c93934c61fc/step2_132_1_K1u.root
>>> crab_fjr_*.xml  permission set to 0704
CrabWrapper EXIT_FUNC entered at Mon Feb  2 23:04:57 GMT 2015   -  Mon Feb  2 23:04:57 UTC 2015
Checking output files:  
will tar file crab_fjr_132.xml in  out_files_132
WARNING: output file CMSSW_132.stdout not found!
WARNING: output file CMSSW_132.stderr not found!
WARNING: output file Watchdog_132.log.gz not found!
>>> padding time: Wrapper lasting more than 600 seconds. No sleep required.
STOPPING WATCHDOG. CrabWatchdog PID is 13069
********** LAST 50 LINES OF WATCHDOG LOG
 Feb 02 21:04:59 GMT	13203	1352768	1719044	95	260	3915	cmsRun -j /scratch/condor/dir_19701/glide_pCxVXz/execute/dir_12254/crab_fjr_132.xml -p pset.py      
 Feb 02 21:05:59 GMT	13203	1352768	1724420	95	265	3975	cmsRun -j /scratch/condor/dir_19701/glide_pCxVXz/execute/dir_12254/crab_fjr_132.xml -p pset.py      
 Feb 02 21:11:00 GMT	13203	1361740	1732356	95	285	4276	cmsRun -j /scratch/condor/dir_19701/glide_pCxVXz/execute/dir_12254/crab_fjr_132.xml -p pset.py      
 Feb 02 21:12:00 GMT	13203	1392868	1742596	95	291	4337	cmsRun -j /scratch/condor/dir_19701/glide_pCxVXz/execute/dir_12254/crab_fjr_132.xml -p pset.py      
 Feb 02 21:13:01 GMT	13203	1395416	1742596	95	294	4397	cmsRun -j /scratch/condor/dir_19701/glide_pCxVXz/execute/dir_12254/crab_fjr_132.xml -p pset.py      
 Feb 02 21:14:01 GMT	13203	1399492	1744132	95	297	4457	cmsRun -j /scratch/condor/dir_19701/glide_pCxVXz/execute/dir_12254/crab_fjr_132.xml -p pset.py      
 Feb 02 21:15:01 GMT	13203	1400120	1745668	95	300	4517	cmsRun -j /scratch/condor/dir_19701/glide_pCxVXz/execute/dir_12254/crab_fjr_132.xml -p pset.py      
# TIME			PID	RSS(KB)	VSZ(KB)	Dsk(MB)	tCPU(s)	tWALL(s)	COMMAND
 Feb 02 21:16:01 GMT	13203	1400120	1770244	95	324	4577	cmsRun -j /scratch/condor/dir_19701/glide_pCxVXz/execute/dir_12254/crab_fjr_132.xml -p pset.py      
 Feb 02 21:16:01 GMT	---	1400120	1770244	119	----	----	----
 Feb 02 21:27:04 GMT	13203	1400120	1771524	119	349	5240	cmsRun -j /scratch/condor/dir_19701/glide_pCxVXz/execute/dir_12254/crab_fjr_132.xml -p pset.py      
 Feb 02 21:29:04 GMT	13203	1400120	1774340	119	353	5360	cmsRun -j /scratch/condor/dir_19701/glide_pCxVXz/execute/dir_12254/crab_fjr_132.xml -p pset.py      
 Feb 02 21:30:04 GMT	13203	1400120	1778692	119	357	5420	cmsRun -j /scratch/condor/dir_19701/glide_pCxVXz/execute/dir_12254/crab_fjr_132.xml -p pset.py      
 Feb 02 21:31:04 GMT	13203	1400120	1779204	119	360	5480	cmsRun -j /scratch/condor/dir_19701/glide_pCxVXz/execute/dir_12254/crab_fjr_132.xml -p pset.py      
 Feb 02 21:32:04 GMT	13203	1400120	1784068	119	365	5541	cmsRun -j /scratch/condor/dir_19701/glide_pCxVXz/execute/dir_12254/crab_fjr_132.xml -p pset.py      
 Feb 02 21:33:05 GMT	13203	1400120	1788420	119	372	5601	cmsRun -j /scratch/condor/dir_19701/glide_pCxVXz/execute/dir_12254/crab_fjr_132.xml -p pset.py      
 Feb 02 21:34:05 GMT	13203	1441944	1798660	119	382	5662	cmsRun -j /scratch/condor/dir_19701/glide_pCxVXz/execute/dir_12254/crab_fjr_132.xml -p pset.py      
 Feb 02 21:35:06 GMT	13203	1450580	1799172	119	386	5722	cmsRun -j /scratch/condor/dir_19701/glide_pCxVXz/execute/dir_12254/crab_fjr_132.xml -p pset.py      
 Feb 02 21:36:06 GMT	13203	1453608	1800196	119	389	5782	cmsRun -j /scratch/condor/dir_19701/glide_pCxVXz/execute/dir_12254/crab_fjr_132.xml -p pset.py      
 Feb 02 21:38:06 GMT	13203	1455512	1803012	119	393	5902	cmsRun -j /scratch/condor/dir_19701/glide_pCxVXz/execute/dir_12254/crab_fjr_132.xml -p pset.py      
 Feb 02 21:39:06 GMT	13203	1455512	1813764	119	417	5962	cmsRun -j /scratch/condor/dir_19701/glide_pCxVXz/execute/dir_12254/crab_fjr_132.xml -p pset.py      
 Feb 02 21:39:06 GMT	---	1455512	1813764	144	----	----	----
 Feb 02 21:40:06 GMT	13203	1455512	1815812	144	419	6023	cmsRun -j /scratch/condor/dir_19701/glide_pCxVXz/execute/dir_12254/crab_fjr_132.xml -p pset.py      
 Feb 02 21:41:07 GMT	13203	1455512	1818116	144	420	6083	cmsRun -j /scratch/condor/dir_19701/glide_pCxVXz/execute/dir_12254/crab_fjr_132.xml -p pset.py      
 Feb 02 21:49:53 GMT	13203	1455512	1821956	144	449	6610	cmsRun -j /scratch/condor/dir_19701/glide_pCxVXz/execute/dir_12254/crab_fjr_132.xml -p pset.py      
 Feb 02 21:50:54 GMT	13203	1455512	1822980	144	453	6670	cmsRun -j /scratch/condor/dir_19701/glide_pCxVXz/execute/dir_12254/crab_fjr_132.xml -p pset.py      
 Feb 02 21:51:54 GMT	13203	1455512	1830404	144	458	6730	cmsRun -j /scratch/condor/dir_19701/glide_pCxVXz/execute/dir_12254/crab_fjr_132.xml -p pset.py      
 Feb 02 21:52:54 GMT	13203	1455512	1837316	144	467	6790	cmsRun -j /scratch/condor/dir_19701/glide_pCxVXz/execute/dir_12254/crab_fjr_132.xml -p pset.py      
 Feb 02 21:54:54 GMT	13203	1455512	1845768	144	477	6910	cmsRun -j /scratch/condor/dir_19701/glide_pCxVXz/execute/dir_12254/crab_fjr_132.xml -p pset.py      
 Feb 02 21:55:54 GMT	13203	1457476	1848584	144	480	6971	cmsRun -j /scratch/condor/dir_19701/glide_pCxVXz/execute/dir_12254/crab_fjr_132.xml -p pset.py      
 Feb 02 21:56:55 GMT	13203	1461628	1850120	144	484	7031	cmsRun -j /scratch/condor/dir_19701/glide_pCxVXz/execute/dir_12254/crab_fjr_132.xml -p pset.py      
 Feb 02 21:57:55 GMT	---	1461628	1850120	167	----	----	----
 Feb 02 22:26:02 GMT	13203	1487528	1850120	167	558	8779	cmsRun -j /scratch/condor/dir_19701/glide_pCxVXz/execute/dir_12254/crab_fjr_132.xml -p pset.py      
 Feb 02 22:27:03 GMT	13203	1492376	1850120	167	563	8839	cmsRun -j /scratch/condor/dir_19701/glide_pCxVXz/execute/dir_12254/crab_fjr_132.xml -p pset.py      
 Feb 02 22:28:03 GMT	---	1492376	1850120	186	----	----	----
 Feb 02 22:39:07 GMT	---	1492376	1850120	209	----	----	----
 Feb 02 22:40:07 GMT	13203	1492376	1862152	209	672	9623	cmsRun -j /scratch/condor/dir_19701/glide_pCxVXz/execute/dir_12254/crab_fjr_132.xml -p pset.py      
 Feb 02 22:42:07 GMT	13203	1492376	1864200	209	679	9743	cmsRun -j /scratch/condor/dir_19701/glide_pCxVXz/execute/dir_12254/crab_fjr_132.xml -p pset.py      
# TIME			PID	RSS(KB)	VSZ(KB)	Dsk(MB)	tCPU(s)	tWALL(s)	COMMAND
 Feb 02 22:43:07 GMT	13203	1492376	1864712	209	683	9803	cmsRun -j /scratch/condor/dir_19701/glide_pCxVXz/execute/dir_12254/crab_fjr_132.xml -p pset.py      
 Feb 02 22:46:08 GMT	13203	1492376	1866504	209	695	9984	cmsRun -j /scratch/condor/dir_19701/glide_pCxVXz/execute/dir_12254/crab_fjr_132.xml -p pset.py      
 Feb 02 22:47:08 GMT	13203	1492376	1871624	209	703	10044	cmsRun -j /scratch/condor/dir_19701/glide_pCxVXz/execute/dir_12254/crab_fjr_132.xml -p pset.py      
 Feb 02 22:48:08 GMT	13203	1492376	1894920	209	720	10104	cmsRun -j /scratch/condor/dir_19701/glide_pCxVXz/execute/dir_12254/crab_fjr_132.xml -p pset.py      
 Feb 02 22:50:09 GMT	13203	1590844	1958152	209	745	10225	cmsRun -j /scratch/condor/dir_19701/glide_pCxVXz/execute/dir_12254/crab_fjr_132.xml -p pset.py      
 Feb 02 22:50:09 GMT	---	1590844	1958152	221	----	----	----
 Feb 02 22:51:09 GMT	---	1590844	1958152	229	----	----	----
 Feb 02 22:58:12 GMT	13203	1590844	1963272	229	814	10708	cmsRun -j /scratch/condor/dir_19701/glide_pCxVXz/execute/dir_12254/crab_fjr_132.xml -p pset.py      
 Feb 02 22:59:12 GMT	---	1590844	1963272	250	----	----	----
 Feb 02 23:03:13 GMT	13203	1590844	1971980	250	883	11009	cmsRun -j /scratch/condor/dir_19701/glide_pCxVXz/execute/dir_12254/crab_fjr_132.xml -p pset.py      
 Feb 02 23:04:13 GMT	---	1590844	1971980	272	----	----	----
********** WATCHDOG LOG ENDED
ZIPPING WATCHDOG LOG
Disk space used:
du -sh /scratch/condor/dir_19701/glide_pCxVXz/execute/dir_12254
272M	/scratch/condor/dir_19701/glide_pCxVXz/execute/dir_12254
Found unusual stdout, rename for OSB
`/scratch/condor/dir_19701/glide_pCxVXz/execute/dir_12254/_condor_stdout' -> `CMSSW_132.stdout'
Found unusual stderr, rename for OSB
`/scratch/condor/dir_19701/glide_pCxVXz/execute/dir_12254/_condor_stdout' -> `CMSSW_132.stderr'
crab_fjr_132.xml
CMSSW_132.stdout
CMSSW_132.stderr
Watchdog_132.log.gz
Total Output dimension: 25107
WARNING: output files size limit is set to: 50000000
Total Output dimension 25107 is fine.
JOB_EXIT_STATUS = 0
>>> info for dashboard:
***** Cat /scratch/condor/dir_19701/glide_pCxVXz/execute/dir_12254/jobreport.txt *****
MonitorJobID=132_https://submit-6.t2.ucsd.edu//150202//509447.131
MonitorID=dcieri_PU140_4dm08r
ExeTime=11055
ExeExitCode=0
StageOutExitStatusReason = 'Copy succedeed with srm-lcg utils'
StageOutSE = heplnx204.pp.rl.ac.uk
StageOutExitStatus = 0
CrabUserCpuTime=877.59
CrabSysCpuTime=31.83
CrabCpuPercentage=8%
CrabWrapperTime=11119
CrabStageoutTime=49
JobExitCode=0
***** End Cat jobreport *****
Parameters sent to Dashboard.
EXITING at Mon Feb  2 23:04:59 GMT 2015  -  Mon Feb  2 23:04:59 UTC 2015
