This script was generated by crab (version 2.11.1_patch1).
Running /scratch/condor/dir_4508/glide_0WFeci/execute/dir_15432/condor_exec.exe with 2 positional parameters: 285 1
Today is Mon Feb  2 20:25:33 GMT 2015 - Mon Feb  2 20:25:33 UTC 2015
Job submitted on host heplnc035.pp.rl.ac.uk
Linux heplnc035.pp.rl.ac.uk 2.6.32-504.3.3.el6.x86_64 #1 SMP Tue Dec 16 14:29:22 CST 2014 x86_64 x86_64 x86_64 GNU/Linux
Distributor ID:	Scientific
Description:	Scientific Linux release 6.6 (Carbon)
>>> current directory (RUNTIME_AREA): /scratch/condor/dir_4508/glide_0WFeci/execute/dir_15432
>>> current user: uid=157415(cms415) gid=157000(gplcms) groups=157000(gplcms)
>>> directory permission set to 0700
>>> umask set to:  u=rwx,g=,o=
>>> stdout stderr permission set to 0704
>>> voms proxy information:
subject   : /DC=ch/DC=cern/OU=Organic Units/OU=Users/CN=dcieri/CN=755391/CN=Davide Cieri/CN=769881070/CN=1792353357
issuer    : /DC=ch/DC=cern/OU=Organic Units/OU=Users/CN=dcieri/CN=755391/CN=Davide Cieri/CN=769881070
identity  : /DC=ch/DC=cern/OU=Organic Units/OU=Users/CN=dcieri/CN=755391/CN=Davide Cieri
type      : RFC3820 compliant limited proxy
strength  : 1024
path      : /scratch/condor/dir_4508/glide_0WFeci/execute/dir_15432/x509up_u62281
timeleft  : 23:58:30
key usage : Digital Signature, Key Encipherment
=== VO cms extension information ===
VO        : cms
subject   : /DC=ch/DC=cern/OU=Organic Units/OU=Users/CN=dcieri/CN=755391/CN=Davide Cieri
issuer    : /DC=ch/DC=cern/OU=computers/CN=lcg-voms2.cern.ch
attribute : /cms/Role=NULL/Capability=NULL
timeleft  : 183:50:52
uri       : lcg-voms2.cern.ch:15002

WNHostName=heplnc035.pp.rl.ac.uk
$_CONDOR_JOB_AD =/scratch/condor/dir_4508/glide_0WFeci/execute/dir_15432/.job.ad
OverflowFlag=0
>>> tar --no-same-permissions -xf /scratch/condor/dir_4508/glide_0WFeci/execute/dir_15432/default.tgz :
Successful untar
>>> Include /scratch/condor/dir_4508/glide_0WFeci/execute/dir_15432 in PYTHONPATH:
strip arguments
env var CRAB_UNIQUE_JOB_ID set to: dcieri_PU140_4dm08r_285_1_bd3
out_files_285
>>> list of expected files on output sandbox
output files: crab_fjr_285.xml CMSSW_285.stdout CMSSW_285.stderr Watchdog_285.log.gz
>>> GridFlavour discovery: 
GridFlavour=LCG
>>> SyncSite discovery: 
SyncSite=T2_UK_SGrid_RALPP
>>> SyncCE discovery: 
getting SyncCE from GLIDEIN_Gaekeeper
SyncCE=heplnv147.pp.rl.ac.uk
>>> info for dashboard:
***** Cat /scratch/condor/dir_4508/glide_0WFeci/execute/dir_15432/jobreport.txt *****
WNHostName=heplnc035.pp.rl.ac.uk
OverflowFlag=0
MonitorJobID=285_https://submit-6.t2.ucsd.edu//150202//509447.284
SyncGridJobId=https://submit-6.t2.ucsd.edu//150202//509447.284
MonitorID=dcieri_PU140_4dm08r
GridFlavour=LCG
SyncSite=T2_UK_SGrid_RALPP
SyncCE=heplnv147.pp.rl.ac.uk
***** End Cat jobreport *****
Parameters sent to Dashboard.
>>> setup environment
set SCRAM ARCH to slc6_amd64_gcc472
SCRAM_ARCH = slc6_amd64_gcc472
>>> setup CMS LCG environment:
set SCRAM ARCH and BUILD_ARCH to slc6_amd64_gcc472 ###
Sourcing environment... 
sourcing /cvmfs/cms.cern.ch/cmsset_default.sh
==> setup cms environment ok
>>> specific cmssw setup environment:
CMSSW_VERSION =  CMSSW_6_2_0_SLHC12
WARNING: In non-interactive mode release checks e.g. deprecated releases, production architectures are disabled.
>>> current directory (SOFTWARE_DIR): /scratch/condor/dir_4508/glide_0WFeci/execute/dir_15432/CMSSW_6_2_0_SLHC12
PreserveSeeds: <>
IncrementSeeds:<>
>>> info for dashboard:
***** Cat /scratch/condor/dir_4508/glide_0WFeci/execute/dir_15432/jobreport.txt *****
MonitorJobID=285_https://submit-6.t2.ucsd.edu//150202//509447.284
MonitorID=dcieri_PU140_4dm08r
***** End Cat jobreport *****
Parameters sent to Dashboard.
crabWatchdog started as process 17912
>>> moving CMSSW software directories in /scratch/condor/dir_4508/glide_0WFeci/execute/dir_15432/CMSSW_6_2_0_SLHC12
mv: cannot stat `/scratch/condor/dir_4508/glide_0WFeci/execute/dir_15432/module/': No such file or directory
>>> Include /scratch/condor/dir_4508/glide_0WFeci/execute/dir_15432 in PYTHONPATH:
PYTHONPATH=/scratch/condor/dir_4508/glide_0WFeci/execute/dir_15432/:/scratch/condor/dir_4508/glide_0WFeci/execute/dir_15432/CMSSW_6_2_0_SLHC12/python:/scratch/condor/dir_4508/glide_0WFeci/execute/dir_15432/CMSSW_6_2_0_SLHC12/lib/slc6_amd64_gcc472:/cvmfs/cms.cern.ch/slc6_amd64_gcc472/cms/cmssw/CMSSW_6_2_0_SLHC12/python:/cvmfs/cms.cern.ch/slc6_amd64_gcc472/cms/cmssw/CMSSW_6_2_0_SLHC12/lib/slc6_amd64_gcc472:/cvmfs/cms.cern.ch/slc6_amd64_gcc472/cms/coral/CORAL_2_3_21-cms35/slc6_amd64_gcc472/python:/cvmfs/cms.cern.ch/slc6_amd64_gcc472/cms/coral/CORAL_2_3_21-cms35/slc6_amd64_gcc472/lib:/cvmfs/cms.cern.ch/slc6_amd64_gcc472/external/python-ldap/2.3.5-cms5/lib/python2.7/site-packages:/cvmfs/cms.cern.ch/slc6_amd64_gcc472/external/pyqt/4.8.1-cms5/lib/python2.7/site-packages:/cvmfs/cms.cern.ch/slc6_amd64_gcc472/external/py2-scipy/0.8.0-cms7/lib/python2.7/site-packages:/cvmfs/cms.cern.ch/slc6_amd64_gcc472/external/py2-matplotlib/1.0.1-cms7/lib/python2.7/site-packages:/cvmfs/cms.cern.ch/slc6_amd64_gcc472/external/sip/4.11.2-cms5/lib/python2.7/site-packages:/cvmfs/cms.cern.ch/slc6_amd64_gcc472/external/py2-pycurl/7.19.0-cms7/lib/python2.7/site-packages:/cvmfs/cms.cern.ch/slc6_amd64_gcc472/external/py2-numpy/1.6.1-cms7/lib/python2.7/site-packages:/cvmfs/cms.cern.ch/slc6_amd64_gcc472/external/py2-lint/0.25.1-cms5/lib/python2.7/site-packages:/cvmfs/cms.cern.ch/slc6_amd64_gcc472/external/py2-ipython/0.10-cms5/lib/python2.7/site-packages:/cvmfs/cms.cern.ch/slc6_amd64_gcc472/external/py2-cx-oracle/5.1-cms5/lib/python2.7/site-packages:/cvmfs/cms.cern.ch/slc6_amd64_gcc472/external/py2-cjson/1.0.5-cms5/lib/python2.7/site-packages:/cvmfs/cms.cern.ch/slc6_amd64_gcc472/cms/das-client/1.11.7/bin:/cvmfs/cms.cern.ch/slc6_amd64_gcc472/external/elementtree/1.2.6-cms5/share/lib/python2.7/site-packages:/cvmfs/cms.cern.ch/slc6_amd64_gcc472/external/rivet/1.8.2-cms9/lib/python2.7/site-packages:/cvmfs/cms.cern.ch/slc6_amd64_gcc472/external/pyminuit2/0.0.1-cms19/lib/python2.7/site-packages:/cvmfs/cms.cern.ch/slc6_amd64_gcc472/external/py2-pygithub/1.23.0-cms2/lib/python2.7/site-packages:/cvmfs/cms.cern.ch/slc6_amd64_gcc472/external/professor/1.0.0-cms19/lib/python2.7/site-packages:/cvmfs/cms.cern.ch/slc6_amd64_gcc472/lcg/root/5.34.07-cms/lib:/cvmfs/cms.cern.ch/slc6_amd64_gcc472/cms/dbs-client/DBS_2_1_9-cms5/lib:/cvmfs/cms.cern.ch/slc6_amd64_gcc472/cms/dbs-client/DBS_2_1_9-cms5/lib/DBSAPI:/cvmfs/cms.cern.ch/slc6_amd64_gcc472/external/cvs2git/5419-cms/lib:/scratch/condor/dir_4508/glide_0WFeci/execute/dir_15432/
 
# LIMITS USED BY CRAB WATCHDOG:
# RSS  (KBytes)   : 2300000
# VSZ  (KBytes)   : 100000000
# DISK (MBytes)   : 19000
# CPU TIME        : 720h:0m:0s
# WALL CLOCK TIME : 21h:50m:0s
 
3c0380cf82de79bc39966c93934c61fc
PSETHASH = 3c0380cf82de79bc39966c93934c61fc
/scratch/condor/dir_4508/glide_0WFeci/execute/dir_15432/writeCfg.py pset.py pset.py
Importing .py file
Setting parameters
RandomNumberGeneratorService found, will attempt to change seeds
inputBlocks=/ttbar/dcieri-ttbar_SIM-130075366148575c102f0d64fd3ac8f7/USER#7b37175b-029a-4723-ac30-87f0f216faab
inputFiles=/store/user/dcieri/ttbar_SIM/ttbar/ttbar_SIM/150129_145223/0000/step1_202.root
parentFiles=
lumisRange=
>>> Executable cmsRun
/cvmfs/cms.cern.ch/slc6_amd64_gcc472/cms/cmssw/CMSSW_6_2_0_SLHC12/bin/slc6_amd64_gcc472/cmsRun
ok executable found
>>> info for dashboard:
***** Cat /scratch/condor/dir_4508/glide_0WFeci/execute/dir_15432/jobreport.txt *****
MonitorJobID=285_https://submit-6.t2.ucsd.edu//150202//509447.284
MonitorID=dcieri_PU140_4dm08r
ExeStart=cmsRun
***** End Cat jobreport *****
Parameters sent to Dashboard.
>>> cmsRun started at Mon Feb  2 20:25:41 UTC 2015
>>> cmsRun ended at Mon Feb  2 23:18:17 UTC 2015
>>> crab_fjr_*.xml  permission set to 0704
>>> info for dashboard:
***** Cat /scratch/condor/dir_4508/glide_0WFeci/execute/dir_15432/jobreport.txt *****
MonitorJobID=285_https://submit-6.t2.ucsd.edu//150202//509447.284
MonitorID=dcieri_PU140_4dm08r
ExeEnd=cmsRun
***** End Cat jobreport *****
Parameters sent to Dashboard.
TIME_EXE = 10356 sec
>>> cmsRun wrote 229 lines of stdout+stderr
>>> START OF printout of 229 lines from stdout+stderr
271 DQMStore::DQMStore 
HcalTopologyIdealEP::HcalTopologyIdealEP
02-Feb-2015 20:25:51 GMT  Initiating request to open file root://dcap.pp.rl.ac.uk:1094/pnfs/pp.rl.ac.uk/data/cms/store/user/dcieri/ttbar_SIM/ttbar/ttbar_SIM/150129_145223/0000/step1_202.root
150202 20:25:52 18165 Xrd: CheckErrorStatus: Server [heplnx210.pp.rl.ac.uk:1094] declared: Request 3018 not supported(error code: 3013)
02-Feb-2015 20:25:52 GMT  Successfully opened file root://dcap.pp.rl.ac.uk:1094/pnfs/pp.rl.ac.uk/data/cms/store/user/dcieri/ttbar_SIM/ttbar/ttbar_SIM/150129_145223/0000/step1_202.root
02-Feb-2015 20:25:53 GMT  Initiating request to open file root://xrootd.unl.edu//store/group/dpg_trigger/comm_trigger/L1TrackTrigger/620_SLHC10/Extended2023TTI/MinBias/MinBias_TuneZ2star_GEN_SIM_1.root
02-Feb-2015 20:26:06 GMT  Successfully opened file root://xrootd.unl.edu//store/group/dpg_trigger/comm_trigger/L1TrackTrigger/620_SLHC10/Extended2023TTI/MinBias/MinBias_TuneZ2star_GEN_SIM_1.root
disableME1a = 0
HcalTopologyIdealEP::produce(const IdealGeometryRecord& iRecord)
mode = 2, maxDepthHB = 3, maxDepthHE = 5
RPCGeometryESModule :: produce
RPCGeometryESModule :: produce :: 1/4 Get Muon Ideal Geometry Record
RPCGeometryESModule :: produce :: 2/4 Get Muon DDD Constants
RPCGeometryESModule :: produce :: 3/4 Get Muon Numbering Record
in MuonNumberingInitialization::initializeMuonDDDConstants
about to make my new muonDDDConst_
in MuonNumberingInitialization::produce
RPCGeometryESModule :: produce :: 4/4 Build
Found:

	Barrel Stack layer 5 : 1008 stacks
	Barrel Stack layer 6 : 1320 stacks
	Barrel Stack layer 7 : 1836 stacks
	Barrel Stack layer 8 : 1152 stacks
	Barrel Stack layer 9 : 1488 stacks
	Barrel Stack layer 10 : 1824 stacks

	Endcap Stack disk 11 : 1360 stacks
	Endcap Stack disk 12 : 1360 stacks
	Endcap Stack disk 13 : 1360 stacks
	Endcap Stack disk 14 : 1360 stacks
	Endcap Stack disk 15 : 1360 stacks
Created 15428 stacks in 18 s

TTClusterBuilder< edm::Ref<edm::DetSetVector<PixelDigi>, PixelDigi, edm::refhelper::FindForDetSetVector<PixelDigi> > > loaded modules:
	TTClusterAlgorithm:	TTClusterAlgorithm_2d2013< edm::Ref<edm::DetSetVector<PixelDigi>, PixelDigi, edm::refhelper::FindForDetSetVector<PixelDigi> > >


TTStubBuilder< edm::Ref<edm::DetSetVector<PixelDigi>, PixelDigi, edm::refhelper::FindForDetSetVector<PixelDigi> > > loaded modules:
	TTStubAlgorithm:	TTStubAlgorithm_tab2013< edm::Ref<edm::DetSetVector<PixelDigi>, PixelDigi, edm::refhelper::FindForDetSetVector<PixelDigi> > >


TTClusterAssociator< edm::Ref<edm::DetSetVector<PixelDigi>, PixelDigi, edm::refhelper::FindForDetSetVector<PixelDigi> > > loaded.


TTStubAssociator< edm::Ref<edm::DetSetVector<PixelDigi>, PixelDigi, edm::refhelper::FindForDetSetVector<PixelDigi> > > loaded.


TTTrackAssociator< edm::Ref<edm::DetSetVector<PixelDigi>, PixelDigi, edm::refhelper::FindForDetSetVector<PixelDigi> > > loaded.

Begin processing the 1st record. Run 1, Event 2011, LumiSection 202 at 02-Feb-2015 20:26:43.843 GMT
02-Feb-2015 20:26:51 GMT  Closed file root://xrootd.unl.edu//store/group/dpg_trigger/comm_trigger/L1TrackTrigger/620_SLHC10/Extended2023TTI/MinBias/MinBias_TuneZ2star_GEN_SIM_1.root
02-Feb-2015 20:26:51 GMT  Initiating request to open file root://xrootd.unl.edu//store/group/dpg_trigger/comm_trigger/L1TrackTrigger/620_SLHC10/Extended2023TTI/MinBias/MinBias_TuneZ2star_GEN_SIM_878.root
02-Feb-2015 20:27:28 GMT  Successfully opened file root://xrootd.unl.edu//store/group/dpg_trigger/comm_trigger/L1TrackTrigger/620_SLHC10/Extended2023TTI/MinBias/MinBias_TuneZ2star_GEN_SIM_878.root
150202 20:32:21 18649 Xrd: XrdClientMessage::ReadRaw: Failed to read header (8 bytes).
150202 20:32:51 18647 Xrd: XrdClientMessage::ReadRaw: Failed to read header (8 bytes).
02-Feb-2015 20:36:57 GMT  Closed file root://xrootd.unl.edu//store/group/dpg_trigger/comm_trigger/L1TrackTrigger/620_SLHC10/Extended2023TTI/MinBias/MinBias_TuneZ2star_GEN_SIM_878.root
02-Feb-2015 20:36:57 GMT  Initiating request to open file root://xrootd.unl.edu//store/group/dpg_trigger/comm_trigger/L1TrackTrigger/620_SLHC10/Extended2023TTI/MinBias/MinBias_TuneZ2star_GEN_SIM_789.root
150202 20:37:28 3063 Xrd: CheckErrorStatus: Server [llrxrd-redir.in2p3.fr:1094] declared: session not found(error code: 3011)
02-Feb-2015 20:37:29 GMT  Successfully opened file root://xrootd.unl.edu//store/group/dpg_trigger/comm_trigger/L1TrackTrigger/620_SLHC10/Extended2023TTI/MinBias/MinBias_TuneZ2star_GEN_SIM_789.root
150202 20:42:22 20955 Xrd: XrdClientMessage::ReadRaw: Failed to read header (8 bytes).
150202 20:42:52 3845 Xrd: XrdClientMessage::ReadRaw: Failed to read header (8 bytes).
02-Feb-2015 20:45:39 GMT  Closed file root://xrootd.unl.edu//store/group/dpg_trigger/comm_trigger/L1TrackTrigger/620_SLHC10/Extended2023TTI/MinBias/MinBias_TuneZ2star_GEN_SIM_789.root
02-Feb-2015 20:45:39 GMT  Initiating request to open file root://xrootd.unl.edu//store/group/dpg_trigger/comm_trigger/L1TrackTrigger/620_SLHC10/Extended2023TTI/MinBias/MinBias_TuneZ2star_GEN_SIM_813.root
150202 20:46:10 31425 Xrd: CheckErrorStatus: Server [xrootd-redic.pi.infn.it:1094] declared: session not found(error code: 3011)
150202 20:46:10 18406 Xrd: XrdClientMessage::ReadRaw: Failed to read header (8 bytes).
150202 20:46:10 18407 Xrd: XrdClientMessage::ReadRaw: Failed to read header (8 bytes).
02-Feb-2015 20:46:10 GMT  Successfully opened file root://xrootd.unl.edu//store/group/dpg_trigger/comm_trigger/L1TrackTrigger/620_SLHC10/Extended2023TTI/MinBias/MinBias_TuneZ2star_GEN_SIM_813.root
Building the geometry service
DTTSPhi::addTracoT: preview not present in TRACO trigger or its code=0  trigger not added!
Warning did not find digi
Warning did not find digi
Warning did not find digi
Warning did not find digi
Warning did not find digi in disks
Warning did not find digi in disks
Warning did not find digi in disks
Warning did not find digi in disks
150202 20:50:51 3849 Xrd: XrdClientMessage::ReadRaw: Failed to read header (8 bytes).
150202 20:51:21 32018 Xrd: XrdClientMessage::ReadRaw: Failed to read header (8 bytes).
02-Feb-2015 20:56:05 GMT  Closed file root://xrootd.unl.edu//store/group/dpg_trigger/comm_trigger/L1TrackTrigger/620_SLHC10/Extended2023TTI/MinBias/MinBias_TuneZ2star_GEN_SIM_813.root
02-Feb-2015 20:56:05 GMT  Initiating request to open file root://xrootd.unl.edu//store/group/dpg_trigger/comm_trigger/L1TrackTrigger/620_SLHC10/Extended2023TTI/MinBias/MinBias_TuneZ2star_GEN_SIM_413.root
150202 20:56:36 11806 Xrd: CheckErrorStatus: Server [xrootd.ba.infn.it:1094] declared: session not found(error code: 3011)
02-Feb-2015 20:56:37 GMT  Successfully opened file root://xrootd.unl.edu//store/group/dpg_trigger/comm_trigger/L1TrackTrigger/620_SLHC10/Extended2023TTI/MinBias/MinBias_TuneZ2star_GEN_SIM_413.root
150202 20:57:51 18646 Xrd: XrdClientMessage::ReadRaw: Failed to read header (8 bytes).
150202 21:01:22 32019 Xrd: XrdClientMessage::ReadRaw: Failed to read header (8 bytes).
150202 21:01:51 12462 Xrd: XrdClientMessage::ReadRaw: Failed to read header (8 bytes).
02-Feb-2015 21:04:21 GMT  Closed file root://xrootd.unl.edu//store/group/dpg_trigger/comm_trigger/L1TrackTrigger/620_SLHC10/Extended2023TTI/MinBias/MinBias_TuneZ2star_GEN_SIM_413.root
02-Feb-2015 21:04:21 GMT  Initiating request to open file root://xrootd.unl.edu//store/group/dpg_trigger/comm_trigger/L1TrackTrigger/620_SLHC10/Extended2023TTI/MinBias/MinBias_TuneZ2star_GEN_SIM_898.root
150202 21:05:56 21997 Xrd: CheckErrorStatus: Server [xrootd-redic.pi.infn.it:1094] declared: session not found(error code: 3011)
02-Feb-2015 21:05:56 GMT  Successfully opened file root://xrootd.unl.edu//store/group/dpg_trigger/comm_trigger/L1TrackTrigger/620_SLHC10/Extended2023TTI/MinBias/MinBias_TuneZ2star_GEN_SIM_898.root
150202 21:09:51 12463 Xrd: XrdClientMessage::ReadRaw: Failed to read header (8 bytes).
150202 21:11:21 24100 Xrd: XrdClientMessage::ReadRaw: Failed to read header (8 bytes).
02-Feb-2015 21:12:43 GMT  Closed file root://xrootd.unl.edu//store/group/dpg_trigger/comm_trigger/L1TrackTrigger/620_SLHC10/Extended2023TTI/MinBias/MinBias_TuneZ2star_GEN_SIM_898.root
02-Feb-2015 21:12:43 GMT  Initiating request to open file root://xrootd.unl.edu//store/group/dpg_trigger/comm_trigger/L1TrackTrigger/620_SLHC10/Extended2023TTI/MinBias/MinBias_TuneZ2star_GEN_SIM_172.root
150202 21:13:14 3800 Xrd: CheckErrorStatus: Server [cms-xrd-global.cern.ch:1094] declared: session not found(error code: 3011)
150202 21:13:14 3800 Xrd: CheckErrorStatus: Server [llrxrd-redir.in2p3.fr:1094] declared: session not found(error code: 3011)
02-Feb-2015 21:13:14 GMT  Successfully opened file root://xrootd.unl.edu//store/group/dpg_trigger/comm_trigger/L1TrackTrigger/620_SLHC10/Extended2023TTI/MinBias/MinBias_TuneZ2star_GEN_SIM_172.root
150202 21:16:51 12460 Xrd: XrdClientMessage::ReadRaw: Failed to read header (8 bytes).
150202 21:17:51 24102 Xrd: XrdClientMessage::ReadRaw: Failed to read header (8 bytes).
150202 21:18:21 8137 Xrd: XrdClientMessage::ReadRaw: Failed to read header (8 bytes).
02-Feb-2015 21:21:46 GMT  Closed file root://xrootd.unl.edu//store/group/dpg_trigger/comm_trigger/L1TrackTrigger/620_SLHC10/Extended2023TTI/MinBias/MinBias_TuneZ2star_GEN_SIM_172.root
02-Feb-2015 21:21:46 GMT  Initiating request to open file root://xrootd.unl.edu//store/group/dpg_trigger/comm_trigger/L1TrackTrigger/620_SLHC10/Extended2023TTI/MinBias/MinBias_TuneZ2star_GEN_SIM_209.root
150202 21:22:17 26243 Xrd: CheckErrorStatus: Server [xrootd-redic.pi.infn.it:1094] declared: session not found(error code: 3011)
02-Feb-2015 21:22:18 GMT  Successfully opened file root://xrootd.unl.edu//store/group/dpg_trigger/comm_trigger/L1TrackTrigger/620_SLHC10/Extended2023TTI/MinBias/MinBias_TuneZ2star_GEN_SIM_209.root
150202 21:26:52 8152 Xrd: XrdClientMessage::ReadRaw: Failed to read header (8 bytes).
150202 21:27:22 26827 Xrd: XrdClientMessage::ReadRaw: Failed to read header (8 bytes).
150202 21:33:22 8121 Xrd: XrdClientMessage::ReadRaw: Failed to read header (8 bytes).
02-Feb-2015 21:38:52 GMT  Closed file root://xrootd.unl.edu//store/group/dpg_trigger/comm_trigger/L1TrackTrigger/620_SLHC10/Extended2023TTI/MinBias/MinBias_TuneZ2star_GEN_SIM_209.root
02-Feb-2015 21:38:52 GMT  Initiating request to open file root://xrootd.unl.edu//store/group/dpg_trigger/comm_trigger/L1TrackTrigger/620_SLHC10/Extended2023TTI/MinBias/MinBias_TuneZ2star_GEN_SIM_32.root
150202 21:39:23 26600 Xrd: CheckErrorStatus: Server [cms-xrd-global.cern.ch:1094] declared: session not found(error code: 3011)
150202 21:39:23 26600 Xrd: CheckErrorStatus: Server [llrxrd-redir.in2p3.fr:1094] declared: session not found(error code: 3011)
150202 21:39:23 26600 Xrd: CheckErrorStatus: Server [eoscms.cern.ch:1094] declared: session not found(error code: 3011)
02-Feb-2015 21:39:23 GMT  Successfully opened file root://xrootd.unl.edu//store/group/dpg_trigger/comm_trigger/L1TrackTrigger/620_SLHC10/Extended2023TTI/MinBias/MinBias_TuneZ2star_GEN_SIM_32.root
150202 21:42:21 20954 Xrd: XrdClientMessage::ReadRaw: Failed to read header (8 bytes).
150202 21:44:22 26828 Xrd: XrdClientMessage::ReadRaw: Failed to read header (8 bytes).
150202 21:44:51 26958 Xrd: XrdClientMessage::ReadRaw: Failed to read header (8 bytes).
02-Feb-2015 21:47:41 GMT  Closed file root://xrootd.unl.edu//store/group/dpg_trigger/comm_trigger/L1TrackTrigger/620_SLHC10/Extended2023TTI/MinBias/MinBias_TuneZ2star_GEN_SIM_32.root
02-Feb-2015 21:47:41 GMT  Initiating request to open file root://xrootd.unl.edu//store/group/dpg_trigger/comm_trigger/L1TrackTrigger/620_SLHC10/Extended2023TTI/MinBias/MinBias_TuneZ2star_GEN_SIM_773.root
150202 21:47:59 2200 Xrd: CheckErrorStatus: Server [cms-xrd-global.cern.ch:1094] declared: session not found(error code: 3011)
150202 21:47:59 2200 Xrd: CheckErrorStatus: Server [xrootd-redic.pi.infn.it:1094] declared: session not found(error code: 3011)
02-Feb-2015 21:47:59 GMT  Successfully opened file root://xrootd.unl.edu//store/group/dpg_trigger/comm_trigger/L1TrackTrigger/620_SLHC10/Extended2023TTI/MinBias/MinBias_TuneZ2star_GEN_SIM_773.root
150202 21:52:52 26959 Xrd: XrdClientMessage::ReadRaw: Failed to read header (8 bytes).
150202 21:53:21 2493 Xrd: XrdClientMessage::ReadRaw: Failed to read header (8 bytes).
02-Feb-2015 21:55:29 GMT  Closed file root://xrootd.unl.edu//store/group/dpg_trigger/comm_trigger/L1TrackTrigger/620_SLHC10/Extended2023TTI/MinBias/MinBias_TuneZ2star_GEN_SIM_773.root
02-Feb-2015 21:55:29 GMT  Initiating request to open file root://xrootd.unl.edu//store/group/dpg_trigger/comm_trigger/L1TrackTrigger/620_SLHC10/Extended2023TTI/MinBias/MinBias_TuneZ2star_GEN_SIM_423.root
150202 21:56:00 16556 Xrd: CheckErrorStatus: Server [xrootd-redic.pi.infn.it:1094] declared: session not found(error code: 3011)
02-Feb-2015 21:56:02 GMT  Successfully opened file root://xrootd.unl.edu//store/group/dpg_trigger/comm_trigger/L1TrackTrigger/620_SLHC10/Extended2023TTI/MinBias/MinBias_TuneZ2star_GEN_SIM_423.root
150202 21:59:51 26957 Xrd: XrdClientMessage::ReadRaw: Failed to read header (8 bytes).
150202 22:00:51 2494 Xrd: XrdClientMessage::ReadRaw: Failed to read header (8 bytes).
150202 22:01:21 16830 Xrd: XrdClientMessage::ReadRaw: Failed to read header (8 bytes).
02-Feb-2015 22:02:45 GMT  Closed file root://xrootd.unl.edu//store/group/dpg_trigger/comm_trigger/L1TrackTrigger/620_SLHC10/Extended2023TTI/MinBias/MinBias_TuneZ2star_GEN_SIM_423.root
02-Feb-2015 22:02:45 GMT  Initiating request to open file root://xrootd.unl.edu//store/group/dpg_trigger/comm_trigger/L1TrackTrigger/620_SLHC10/Extended2023TTI/MinBias/MinBias_TuneZ2star_GEN_SIM_713.root
150202 22:05:51 27993 Xrd: CheckErrorStatus: Server [xrootd-redic.pi.infn.it:1094] declared: session not found(error code: 3011)
02-Feb-2015 22:05:51 GMT  Successfully opened file root://xrootd.unl.edu//store/group/dpg_trigger/comm_trigger/L1TrackTrigger/620_SLHC10/Extended2023TTI/MinBias/MinBias_TuneZ2star_GEN_SIM_713.root
150202 22:07:51 16868 Xrd: XrdClientMessage::ReadRaw: Failed to read header (8 bytes).
02-Feb-2015 22:09:51 GMT  Closed file root://xrootd.unl.edu//store/group/dpg_trigger/comm_trigger/L1TrackTrigger/620_SLHC10/Extended2023TTI/MinBias/MinBias_TuneZ2star_GEN_SIM_713.root
02-Feb-2015 22:09:51 GMT  Initiating request to open file root://xrootd.unl.edu//store/group/dpg_trigger/comm_trigger/L1TrackTrigger/620_SLHC10/Extended2023TTI/MinBias/MinBias_TuneZ2star_GEN_SIM_282.root
02-Feb-2015 22:11:17 GMT  Successfully opened file root://xrootd.unl.edu//store/group/dpg_trigger/comm_trigger/L1TrackTrigger/620_SLHC10/Extended2023TTI/MinBias/MinBias_TuneZ2star_GEN_SIM_282.root
150202 22:15:22 29327 Xrd: XrdClientMessage::ReadRaw: Failed to read header (8 bytes).
150202 22:15:54 29326 Xrd: XrdClientMessage::ReadRaw: Failed to read header (8 bytes).
150202 22:16:21 31464 Xrd: XrdClientMessage::ReadRaw: Failed to read header (8 bytes).
02-Feb-2015 22:16:37 GMT  Closed file root://xrootd.unl.edu//store/group/dpg_trigger/comm_trigger/L1TrackTrigger/620_SLHC10/Extended2023TTI/MinBias/MinBias_TuneZ2star_GEN_SIM_282.root
02-Feb-2015 22:16:37 GMT  Initiating request to open file root://xrootd.unl.edu//store/group/dpg_trigger/comm_trigger/L1TrackTrigger/620_SLHC10/Extended2023TTI/MinBias/MinBias_TuneZ2star_GEN_SIM_186.root
150202 22:21:51 31465 Xrd: XrdClientMessage::ReadRaw: Failed to read header (8 bytes).
150202 22:24:29 1488 Xrd: CheckErrorStatus: Server [xrootd-redic.pi.infn.it:1094] declared: session not found(error code: 3011)
02-Feb-2015 22:24:29 GMT  Successfully opened file root://xrootd.unl.edu//store/group/dpg_trigger/comm_trigger/L1TrackTrigger/620_SLHC10/Extended2023TTI/MinBias/MinBias_TuneZ2star_GEN_SIM_186.root
02-Feb-2015 22:29:07 GMT  Closed file root://xrootd.unl.edu//store/group/dpg_trigger/comm_trigger/L1TrackTrigger/620_SLHC10/Extended2023TTI/MinBias/MinBias_TuneZ2star_GEN_SIM_186.root
02-Feb-2015 22:29:07 GMT  Initiating request to open file root://xrootd.unl.edu//store/group/dpg_trigger/comm_trigger/L1TrackTrigger/620_SLHC10/Extended2023TTI/MinBias/MinBias_TuneZ2star_GEN_SIM_946.root
150202 22:29:37 7745 Xrd: CheckErrorStatus: Server [cms-xrd-global.cern.ch:1094] declared: session not found(error code: 3011)
02-Feb-2015 22:29:38 GMT  Successfully opened file root://xrootd.unl.edu//store/group/dpg_trigger/comm_trigger/L1TrackTrigger/620_SLHC10/Extended2023TTI/MinBias/MinBias_TuneZ2star_GEN_SIM_946.root
02-Feb-2015 22:33:51 GMT  Closed file root://xrootd.unl.edu//store/group/dpg_trigger/comm_trigger/L1TrackTrigger/620_SLHC10/Extended2023TTI/MinBias/MinBias_TuneZ2star_GEN_SIM_946.root
02-Feb-2015 22:33:51 GMT  Initiating request to open file root://xrootd.unl.edu//store/group/dpg_trigger/comm_trigger/L1TrackTrigger/620_SLHC10/Extended2023TTI/MinBias/MinBias_TuneZ2star_GEN_SIM_434.root
150202 22:34:21 5808 Xrd: XrdClientMessage::ReadRaw: Failed to read header (8 bytes).
150202 22:34:22 5807 Xrd: XrdClientMessage::ReadRaw: Failed to read header (8 bytes).
02-Feb-2015 22:34:23 GMT  Successfully opened file root://xrootd.unl.edu//store/group/dpg_trigger/comm_trigger/L1TrackTrigger/620_SLHC10/Extended2023TTI/MinBias/MinBias_TuneZ2star_GEN_SIM_434.root
150202 22:39:21 8033 Xrd: XrdClientMessage::ReadRaw: Failed to read header (8 bytes).
150202 22:39:52 8032 Xrd: XrdClientMessage::ReadRaw: Failed to read header (8 bytes).
02-Feb-2015 22:40:30 GMT  Closed file root://xrootd.unl.edu//store/group/dpg_trigger/comm_trigger/L1TrackTrigger/620_SLHC10/Extended2023TTI/MinBias/MinBias_TuneZ2star_GEN_SIM_434.root
02-Feb-2015 22:40:30 GMT  Initiating request to open file root://xrootd.unl.edu//store/group/dpg_trigger/comm_trigger/L1TrackTrigger/620_SLHC10/Extended2023TTI/MinBias/MinBias_TuneZ2star_GEN_SIM_935.root
150202 22:41:01 12454 Xrd: CheckErrorStatus: Server [xrootd-redic.pi.infn.it:1094] declared: session not found(error code: 3011)
02-Feb-2015 22:41:02 GMT  Successfully opened file root://xrootd.unl.edu//store/group/dpg_trigger/comm_trigger/L1TrackTrigger/620_SLHC10/Extended2023TTI/MinBias/MinBias_TuneZ2star_GEN_SIM_935.root
02-Feb-2015 22:45:32 GMT  Closed file root://xrootd.unl.edu//store/group/dpg_trigger/comm_trigger/L1TrackTrigger/620_SLHC10/Extended2023TTI/MinBias/MinBias_TuneZ2star_GEN_SIM_935.root
02-Feb-2015 22:45:32 GMT  Initiating request to open file root://xrootd.unl.edu//store/group/dpg_trigger/comm_trigger/L1TrackTrigger/620_SLHC10/Extended2023TTI/MinBias/MinBias_TuneZ2star_GEN_SIM_165.root
150202 22:45:32 10109 Xrd: XrdClientMessage::ReadRaw: Failed to read header (8 bytes).
150202 22:46:03 12689 Xrd: XrdClientMessage::ReadRaw: Failed to read header (8 bytes).
150202 22:46:03 14750 Xrd: CheckErrorStatus: Server [cms-xrd-global.cern.ch:1094] declared: session not found(error code: 3011)
150202 22:46:03 14750 Xrd: CheckErrorStatus: Server [xrootd.ba.infn.it:1094] declared: session not found(error code: 3011)
02-Feb-2015 22:46:03 GMT  Successfully opened file root://xrootd.unl.edu//store/group/dpg_trigger/comm_trigger/L1TrackTrigger/620_SLHC10/Extended2023TTI/MinBias/MinBias_TuneZ2star_GEN_SIM_165.root
02-Feb-2015 22:49:00 GMT  Closed file root://xrootd.unl.edu//store/group/dpg_trigger/comm_trigger/L1TrackTrigger/620_SLHC10/Extended2023TTI/MinBias/MinBias_TuneZ2star_GEN_SIM_165.root
02-Feb-2015 22:49:00 GMT  Initiating request to open file root://xrootd.unl.edu//store/group/dpg_trigger/comm_trigger/L1TrackTrigger/620_SLHC10/Extended2023TTI/MinBias/MinBias_TuneZ2star_GEN_SIM_83.root
02-Feb-2015 22:49:32 GMT  Successfully opened file root://xrootd.unl.edu//store/group/dpg_trigger/comm_trigger/L1TrackTrigger/620_SLHC10/Extended2023TTI/MinBias/MinBias_TuneZ2star_GEN_SIM_83.root
150202 22:50:51 12691 Xrd: XrdClientMessage::ReadRaw: Failed to read header (8 bytes).
02-Feb-2015 22:53:30 GMT  Closed file root://xrootd.unl.edu//store/group/dpg_trigger/comm_trigger/L1TrackTrigger/620_SLHC10/Extended2023TTI/MinBias/MinBias_TuneZ2star_GEN_SIM_83.root
02-Feb-2015 22:53:30 GMT  Initiating request to open file root://xrootd.unl.edu//store/group/dpg_trigger/comm_trigger/L1TrackTrigger/620_SLHC10/Extended2023TTI/MinBias/MinBias_TuneZ2star_GEN_SIM_946.root
150202 22:54:01 14995 Xrd: XrdClientMessage::ReadRaw: Failed to read header (8 bytes).
02-Feb-2015 22:54:01 GMT  Successfully opened file root://xrootd.unl.edu//store/group/dpg_trigger/comm_trigger/L1TrackTrigger/620_SLHC10/Extended2023TTI/MinBias/MinBias_TuneZ2star_GEN_SIM_946.root
150202 22:54:51 8031 Xrd: XrdClientMessage::ReadRaw: Failed to read header (8 bytes).
150202 22:58:52 16294 Xrd: XrdClientMessage::ReadRaw: Failed to read header (8 bytes).
150202 22:59:21 14994 Xrd: XrdClientMessage::ReadRaw: Failed to read header (8 bytes).
02-Feb-2015 22:59:49 GMT  Closed file root://xrootd.unl.edu//store/group/dpg_trigger/comm_trigger/L1TrackTrigger/620_SLHC10/Extended2023TTI/MinBias/MinBias_TuneZ2star_GEN_SIM_946.root
02-Feb-2015 22:59:49 GMT  Initiating request to open file root://xrootd.unl.edu//store/group/dpg_trigger/comm_trigger/L1TrackTrigger/620_SLHC10/Extended2023TTI/MinBias/MinBias_TuneZ2star_GEN_SIM_282.root
150202 22:59:50 20505 Xrd: CheckErrorStatus: Server [xrootd.ba.infn.it:1094] declared: session not found(error code: 3011)
02-Feb-2015 22:59:50 GMT  Successfully opened file root://xrootd.unl.edu//store/group/dpg_trigger/comm_trigger/L1TrackTrigger/620_SLHC10/Extended2023TTI/MinBias/MinBias_TuneZ2star_GEN_SIM_282.root
150202 23:01:21 2492 Xrd: XrdClientMessage::ReadRaw: Failed to read header (8 bytes).
150202 23:04:51 20506 Xrd: XrdClientMessage::ReadRaw: Failed to read header (8 bytes).
150202 23:04:52 18277 Xrd: XrdClientMessage::ReadRaw: Failed to read header (8 bytes).
02-Feb-2015 23:05:30 GMT  Closed file root://xrootd.unl.edu//store/group/dpg_trigger/comm_trigger/L1TrackTrigger/620_SLHC10/Extended2023TTI/MinBias/MinBias_TuneZ2star_GEN_SIM_282.root
02-Feb-2015 23:05:30 GMT  Initiating request to open file root://xrootd.unl.edu//store/group/dpg_trigger/comm_trigger/L1TrackTrigger/620_SLHC10/Extended2023TTI/MinBias/MinBias_TuneZ2star_GEN_SIM_77.root
150202 23:06:07 22796 Xrd: CheckErrorStatus: Server [cms-xrd-global.cern.ch:1094] declared: session not found(error code: 3011)
150202 23:06:07 22796 Xrd: CheckErrorStatus: Server [llrxrd-redir.in2p3.fr:1094] declared: session not found(error code: 3011)
02-Feb-2015 23:06:07 GMT  Successfully opened file root://xrootd.unl.edu//store/group/dpg_trigger/comm_trigger/L1TrackTrigger/620_SLHC10/Extended2023TTI/MinBias/MinBias_TuneZ2star_GEN_SIM_77.root
02-Feb-2015 23:08:58 GMT  Closed file root://xrootd.unl.edu//store/group/dpg_trigger/comm_trigger/L1TrackTrigger/620_SLHC10/Extended2023TTI/MinBias/MinBias_TuneZ2star_GEN_SIM_77.root
02-Feb-2015 23:08:58 GMT  Initiating request to open file root://xrootd.unl.edu//store/group/dpg_trigger/comm_trigger/L1TrackTrigger/620_SLHC10/Extended2023TTI/MinBias/MinBias_TuneZ2star_GEN_SIM_849.root
02-Feb-2015 23:09:29 GMT  Successfully opened file root://xrootd.unl.edu//store/group/dpg_trigger/comm_trigger/L1TrackTrigger/620_SLHC10/Extended2023TTI/MinBias/MinBias_TuneZ2star_GEN_SIM_849.root
150202 23:10:51 20507 Xrd: XrdClientMessage::ReadRaw: Failed to read header (8 bytes).
150202 23:14:21 23147 Xrd: XrdClientMessage::ReadRaw: Failed to read header (8 bytes).
150202 23:14:51 23146 Xrd: XrdClientMessage::ReadRaw: Failed to read header (8 bytes).
02-Feb-2015 23:15:11 GMT  Closed file root://xrootd.unl.edu//store/group/dpg_trigger/comm_trigger/L1TrackTrigger/620_SLHC10/Extended2023TTI/MinBias/MinBias_TuneZ2star_GEN_SIM_849.root
02-Feb-2015 23:15:11 GMT  Initiating request to open file root://xrootd.unl.edu//store/group/dpg_trigger/comm_trigger/L1TrackTrigger/620_SLHC10/Extended2023TTI/MinBias/MinBias_TuneZ2star_GEN_SIM_34.root
150202 23:15:42 26414 Xrd: CheckErrorStatus: Server [cms-xrd-global.cern.ch:1094] declared: session not found(error code: 3011)
150202 23:15:42 26414 Xrd: CheckErrorStatus: Server [xrootd-redic.pi.infn.it:1094] declared: session not found(error code: 3011)
02-Feb-2015 23:15:43 GMT  Successfully opened file root://xrootd.unl.edu//store/group/dpg_trigger/comm_trigger/L1TrackTrigger/620_SLHC10/Extended2023TTI/MinBias/MinBias_TuneZ2star_GEN_SIM_34.root
02-Feb-2015 23:18:15 GMT  Closed file root://dcap.pp.rl.ac.uk:1094/pnfs/pp.rl.ac.uk/data/cms/store/user/dcieri/ttbar_SIM/ttbar/ttbar_SIM/150129_145223/0000/step1_202.root
02-Feb-2015 23:18:15 GMT  Closed file root://xrootd.unl.edu//store/group/dpg_trigger/comm_trigger/L1TrackTrigger/620_SLHC10/Extended2023TTI/MinBias/MinBias_TuneZ2star_GEN_SIM_34.root

=============================================

MessageLogger Summary

 type     category        sev    module        subroutine        count    total
 ---- -------------------- -- ---------------- ----------------  -----    -----
    1 fileAction           -s MixingModule:mix                      69       69
    2 fileAction           -s MixingModule:mix                       2        2
    3 fileAction           -s MixingModule:mix                       1        1
    4 fileAction           -s file_close                             1        1
    5 fileAction           -s file_open                              2        2

 type    category    Examples: run/evt        run/evt          run/evt
 ---- -------------------- ---------------- ---------------- ----------------
    1 fileAction           1/2011           1/2011           1/2020
    2 fileAction           pre-events       pre-events       
    3 fileAction           PostEndRun                        
    4 fileAction           PostEndRun                        
    5 fileAction           pre-events       pre-events       

Severity    # Occurrences   Total Occurrences
--------    -------------   -----------------
System                 75                  75
>>> END OF printout of 229 lines from stdout+stderr
>>> Parse FrameworkJobReport crab_fjr.xml
Result of parsing the FrameworkJobReport crab_fjr.xml: 
Extracted ExitStatus from FrameworkJobReport parsing output: 0
>>> Executable succeded  0
ExeExitCode=0
EXECUTABLE_EXIT_STATUS = 0
>>> current directory /scratch/condor/dir_4508/glide_0WFeci/execute/dir_15432/CMSSW_6_2_0_SLHC12
>>>  (SOFTWARE_DIR): /scratch/condor/dir_4508/glide_0WFeci/execute/dir_15432/CMSSW_6_2_0_SLHC12
>>> (WORKING_DIR): 
>>> current directory content:
total 238088
drwxr-xr-x 3 cms415 gplcms      4096 Feb  2 20:25 .SCRAM
-rw------- 1 cms415 gplcms    915837 Feb  2 20:25 CMSSW.py.pkl
drwxr-xr-x 3 cms415 gplcms      4096 Feb  2 20:25 bin
drwxr-xr-x 3 cms415 gplcms      4096 Feb  2 20:25 cfipython
drwxr-xr-x 4 cms415 gplcms      4096 Apr 28  2014 config
-rw------- 1 cms415 gplcms        18 Feb  2 23:18 cpu_timing.txt
drwxr-xr-x 2 cms415 gplcms      4096 Feb  2 20:25 doc
-rw------- 1 cms415 gplcms     25682 Feb  2 23:18 executable.out
drwxr-xr-x 2 cms415 gplcms      4096 Feb  2 20:25 include
drwx------ 3 cms415 gplcms      4096 Oct  7 10:12 lib
drwxr-xr-x 3 cms415 gplcms      4096 Feb  2 20:25 logs
drwxr-xr-x 3 cms415 gplcms      4096 Feb  2 20:25 objs
-rw------- 1 cms415 gplcms       104 Feb  2 20:25 pset.py
-rw------- 1 cms415 gplcms    926826 Feb  2 20:25 pset.py.pkl
-rw------- 1 cms415 gplcms       289 Feb  2 20:25 pset.pyc
drwxr-xr-x 2 cms415 gplcms      4096 Feb  2 20:25 python
-rw------- 1 cms415 gplcms       359 Feb  2 23:18 report.log
drwxr-xr-x 2 cms415 gplcms      4096 Feb  2 20:25 src
-rw------- 1 cms415 gplcms 241606073 Feb  2 23:18 step2.root
drwxr-xr-x 3 cms415 gplcms      4096 Feb  2 20:25 test
drwxr-xr-x 3 cms415 gplcms      4096 Feb  2 20:25 tmp
>>> current directory /scratch/condor/dir_4508/glide_0WFeci/execute/dir_15432/CMSSW_6_2_0_SLHC12
>>> (SOFTWARE_DIR): /scratch/condor/dir_4508/glide_0WFeci/execute/dir_15432/CMSSW_6_2_0_SLHC12
>>> (WORKING_DIR): 
>>> current directory content:
total 238088
drwxr-xr-x 3 cms415 gplcms      4096 Feb  2 20:25 .SCRAM
-rw------- 1 cms415 gplcms    915837 Feb  2 20:25 CMSSW.py.pkl
drwxr-xr-x 3 cms415 gplcms      4096 Feb  2 20:25 bin
drwxr-xr-x 3 cms415 gplcms      4096 Feb  2 20:25 cfipython
drwxr-xr-x 4 cms415 gplcms      4096 Apr 28  2014 config
-rw------- 1 cms415 gplcms        18 Feb  2 23:18 cpu_timing.txt
drwxr-xr-x 2 cms415 gplcms      4096 Feb  2 20:25 doc
-rw------- 1 cms415 gplcms     25682 Feb  2 23:18 executable.out
drwxr-xr-x 2 cms415 gplcms      4096 Feb  2 20:25 include
drwx------ 3 cms415 gplcms      4096 Oct  7 10:12 lib
drwxr-xr-x 3 cms415 gplcms      4096 Feb  2 20:25 logs
drwxr-xr-x 3 cms415 gplcms      4096 Feb  2 20:25 objs
-rw------- 1 cms415 gplcms       104 Feb  2 20:25 pset.py
-rw------- 1 cms415 gplcms    926826 Feb  2 20:25 pset.py.pkl
-rw------- 1 cms415 gplcms       289 Feb  2 20:25 pset.pyc
drwxr-xr-x 2 cms415 gplcms      4096 Feb  2 20:25 python
-rw------- 1 cms415 gplcms       359 Feb  2 23:18 report.log
drwxr-xr-x 2 cms415 gplcms      4096 Feb  2 20:25 src
-rw------- 1 cms415 gplcms 241606073 Feb  2 23:18 step2_285_1_bd3.root
drwxr-xr-x 3 cms415 gplcms      4096 Feb  2 20:25 test
drwxr-xr-x 3 cms415 gplcms      4096 Feb  2 20:25 tmp
>>> current directory (RUNTIME_AREA):  /scratch/condor/dir_4508/glide_0WFeci/execute/dir_15432
PNN = T2_UK_SGrid_RALPP
SE = heplnx204.pp.rl.ac.uk
SE_PATH = /srm/managerv2?SFN=/pnfs/pp.rl.ac.uk/data/cms/store/user/dcieri/ttbar_PU140_DIGI/dcieri/ttbar/ttbar_PU140_DIGI/3c0380cf82de79bc39966c93934c61fc/
LFNBaseName = /store/user/dcieri/ttbar_PU140_DIGI/dcieri/ttbar/ttbar_PU140_DIGI/3c0380cf82de79bc39966c93934c61fc/
USER = dcieri
endpoint = srm://heplnx204.pp.rl.ac.uk:8443/srm/managerv2?SFN=/pnfs/pp.rl.ac.uk/data/cms/store/user/dcieri/ttbar_PU140_DIGI/dcieri/ttbar/ttbar_PU140_DIGI/3c0380cf82de79bc39966c93934c61fc/
>>> Copy output files from WN = heplnc035.pp.rl.ac.uk to /srm/managerv2?SFN=/pnfs/pp.rl.ac.uk/data/cms/store/user/dcieri/ttbar_PU140_DIGI/dcieri/ttbar/ttbar_PU140_DIGI/3c0380cf82de79bc39966c93934c61fc/ :
python cmscp.py  --destination srm://heplnx204.pp.rl.ac.uk:8443/srm/managerv2?SFN=/pnfs/pp.rl.ac.uk/data/cms/store/user/dcieri/ttbar_PU140_DIGI/dcieri/ttbar/ttbar_PU140_DIGI/3c0380cf82de79bc39966c93934c61fc/ --inputFileList /scratch/condor/dir_4508/glide_0WFeci/execute/dir_15432/CMSSW_6_2_0_SLHC12/step2_285_1_bd3.root --middleware LCG --PNN T2_UK_SGrid_RALPP --se_name heplnx204.pp.rl.ac.uk --for_lfn /store/user/dcieri/ttbar_PU140_DIGI/dcieri/ttbar/ttbar_PU140_DIGI/3c0380cf82de79bc39966c93934c61fc/    
******************************************************
localSeName  =  heplnx204.pp.rl.ac.uk
remoteSeName =  heplnx204.pp.rl.ac.uk
******************************************************
{"/scratch/condor/dir_4508/glide_0WFeci/execute/dir_15432/CMSSW_6_2_0_SLHC12/step2_285_1_bd3.root": {"endpoint": "srm://heplnx204.pp.rl.ac.uk:8443/srm/managerv2?SFN=/pnfs/pp.rl.ac.uk/data/cms/store/user/dcieri/ttbar_PU140_DIGI/dcieri/ttbar/ttbar_PU140_DIGI/3c0380cf82de79bc39966c93934c61fc/", "surl_for_grid": "", "reason": "Copy succedeed with srm-lcg utils", "erCode": "0", "PNN": "T2_UK_SGrid_RALPP", "se_name": "heplnx204.pp.rl.ac.uk", "for_lfn": "/store/user/dcieri/ttbar_PU140_DIGI/dcieri/ttbar/ttbar_PU140_DIGI/3c0380cf82de79bc39966c93934c61fc/"}}/scratch/condor/dir_4508/glide_0WFeci/execute/dir_15432
-------- cat /scratch/condor/dir_4508/glide_0WFeci/execute/dir_15432/cmscpReport.sh 
#!/bin/bash
echo "Report for File: /scratch/condor/dir_4508/glide_0WFeci/execute/dir_15432/CMSSW_6_2_0_SLHC12/step2_285_1_bd3.root"
echo "LFN: /store/user/dcieri/ttbar_PU140_DIGI/dcieri/ttbar/ttbar_PU140_DIGI/3c0380cf82de79bc39966c93934c61fc/step2_285_1_bd3.root"
echo "StorageElement: heplnx204.pp.rl.ac.uk"
echo "StageOutExitStatusReason = 'Copy succedeed with srm-lcg utils'" | tee -a $RUNTIME_AREA/$repo
echo "StageOutSE = heplnx204.pp.rl.ac.uk" >> $RUNTIME_AREA/$repo

export StageOutExitStatus=0
echo "StageOutExitStatus = 0" | tee -a $RUNTIME_AREA/$repo
-------- end of /scratch/condor/dir_4508/glide_0WFeci/execute/dir_15432/cmscpReport.sh 
Report for File: /scratch/condor/dir_4508/glide_0WFeci/execute/dir_15432/CMSSW_6_2_0_SLHC12/step2_285_1_bd3.root
LFN: /store/user/dcieri/ttbar_PU140_DIGI/dcieri/ttbar/ttbar_PU140_DIGI/3c0380cf82de79bc39966c93934c61fc/step2_285_1_bd3.root
StorageElement: heplnx204.pp.rl.ac.uk
StageOutExitStatusReason = 'Copy succedeed with srm-lcg utils'
StageOutExitStatus = 0
>>> current dir: /scratch/condor/dir_4508/glide_0WFeci/execute/dir_15432
>>> current dir content:
total 8824
-rw-------  1 cms415 gplcms    2793 Feb  2 23:19 .SEinteraction.log
-rwx------  1 cms415 gplcms      52 Feb  2 20:24 .chirp_config
-rwx------  1 cms415 gplcms    7818 Feb  2 20:24 .job.ad
-rwx------  1 cms415 gplcms    9772 Feb  2 20:24 .machine.ad
-rw-------  1 cms415 gplcms     105 Feb  2 12:16 CMSSW.py
-rw-------  1 cms415 gplcms  915837 Feb  2 12:16 CMSSW.py.pkl
-rwx------  1 cms415 gplcms   29498 Feb  2 20:25 CMSSW.sh
drwxr-xr-x 15 cms415 gplcms    4096 Feb  2 23:18 CMSSW_6_2_0_SLHC12
-rw-------  1 cms415 gplcms     189 Feb  2 20:25 CacheEnv.sh
-rw-------  1 cms415 gplcms    7291 Nov 19 14:52 DashboardAPI.py
-rw-------  1 cms415 gplcms    6455 Feb  2 20:25 DashboardAPI.pyc
drwx------  2 cms415 gplcms    4096 Feb  2 23:18 IMProv
-rw-------  1 cms415 gplcms    2748 Nov 19 14:52 Logger.py
-rw-------  1 cms415 gplcms    3227 Feb  2 20:25 Logger.pyc
-rw-------  1 cms415 gplcms   24524 Nov 19 14:52 ProcInfo.py
-rw-------  1 cms415 gplcms   22621 Feb  2 20:25 ProcInfo.pyc
drwx------  7 cms415 gplcms    4096 Feb  2 20:25 ProdCommon
drwx------  3 cms415 gplcms    4096 Feb  2 20:25 WMCore
-rw-------  1 cms415 gplcms    9152 Feb  2 23:18 Watchdog_285.log
-rwx------  1 cms415 gplcms       0 Feb  2 20:25 _condor_stderr
-rwx---r--  1 cms415 gplcms   40426 Feb  2 23:19 _condor_stdout
-rw-------  1 cms415 gplcms   32895 Nov 19 14:52 apmon.py
-rw-------  1 cms415 gplcms   27929 Feb  2 20:25 apmon.pyc
-rwx------  1 cms415 gplcms  134309 Feb  2 20:25 arguments.xml
-rwx------  1 cms415 gplcms   38581 Nov 19 14:52 cmscp.py
-rw-------  1 cms415 gplcms     561 Feb  2 23:19 cmscpReport.sh
-rwx------  1 cms415 gplcms   29498 Feb  2 20:25 condor_exec.exe
-rw-------  1 cms415 gplcms     544 Feb  2 12:16 crab.cfg
-rwx------  1 cms415 gplcms    8610 Nov 19 14:52 crabWatchdog.sh
-rwx---r--  1 cms415 gplcms  112099 Feb  2 23:18 crab_fjr_285.xml
-rwx------  1 cms415 gplcms 7390485 Feb  2 20:25 default.tgz
-rwx------  1 cms415 gplcms    4488 Nov 19 14:52 fillCrabFjr.py
-rw-------  1 cms415 gplcms     226 Feb  2 20:25 inputsReport.txt
-rw-------  1 cms415 gplcms     245 Feb  2 23:19 jobreport.txt
-rw-------  1 cms415 gplcms   17352 Nov 19 14:52 parseCrabFjr.py
-rw-------  1 cms415 gplcms     324 Feb  2 20:25 report.log
-rwx--x--x  1 cms415 gplcms    1497 Nov 19 14:52 report.py
-rw-------  1 cms415 gplcms     554 Feb  2 23:19 resultCopyFile
lrwxrwxrwx  1 cms415 gplcms      95 Feb  2 23:18 step2.root -> /scratch/condor/dir_4508/glide_0WFeci/execute/dir_15432/CMSSW_6_2_0_SLHC12/step2_285_1_bd3.root
-rwx------  1 cms415 gplcms    8351 Nov 19 14:52 writeCfg.py
-rw-------  1 cms415 gplcms   10297 Feb  2 20:24 x509up_u62281
>>> Modify Job Report:
CMSSW_VERSION = CMSSW_6_2_0_SLHC12
ProcessedDataset = ttbar_PU140_DIGI
/scratch/condor/dir_4508/glide_0WFeci/execute/dir_15432/ProdCommon/FwkJobRep/ModifyJobReport.py fjr /scratch/condor/dir_4508/glide_0WFeci/execute/dir_15432/crab_fjr_285.xml json /scratch/condor/dir_4508/glide_0WFeci/execute/dir_15432/resultCopyFile n_job 285_1_bd3 PrimaryDataset ttbar  ApplicationFamily cmsRun ApplicationName cmsRun cmssw_version CMSSW_6_2_0_SLHC12 psethash 3c0380cf82de79bc39966c93934c61fc UserProcessedDataset dcieri-ttbar_PU140_DIGI-3c0380cf82de79bc39966c93934c61fc
inputDict =  {u'/scratch/condor/dir_4508/glide_0WFeci/execute/dir_15432/CMSSW_6_2_0_SLHC12/step2_285_1_bd3.root': {u'endpoint': u'srm://heplnx204.pp.rl.ac.uk:8443/srm/managerv2?SFN=/pnfs/pp.rl.ac.uk/data/cms/store/user/dcieri/ttbar_PU140_DIGI/dcieri/ttbar/ttbar_PU140_DIGI/3c0380cf82de79bc39966c93934c61fc/', u'surl_for_grid': u'', u'reason': u'Copy succedeed with srm-lcg utils', u'erCode': u'0', u'PNN': u'T2_UK_SGrid_RALPP', u'se_name': u'heplnx204.pp.rl.ac.uk', u'for_lfn': u'/store/user/dcieri/ttbar_PU140_DIGI/dcieri/ttbar/ttbar_PU140_DIGI/3c0380cf82de79bc39966c93934c61fc/'}}
UserProcessedDataset =  dcieri-ttbar_PU140_DIGI-3c0380cf82de79bc39966c93934c61fc
WORKING ON EDM FILE
file_name in inputDict =  /scratch/condor/dir_4508/glide_0WFeci/execute/dir_15432/CMSSW_6_2_0_SLHC12/step2_285_1_bd3.root
(size) os.stat(filename)[6] =  241606073
checksum =  1958302706
    file =  step2_285_1_bd3.root
    newPfn =  srm://heplnx204.pp.rl.ac.uk:8443/srm/managerv2?SFN=/pnfs/pp.rl.ac.uk/data/cms/store/user/dcieri/ttbar_PU140_DIGI/dcieri/ttbar/ttbar_PU140_DIGI/3c0380cf82de79bc39966c93934c61fc/step2_285_1_bd3.root
    newLfn =  /store/user/dcieri/ttbar_PU140_DIGI/dcieri/ttbar/ttbar_PU140_DIGI/3c0380cf82de79bc39966c93934c61fc/step2_285_1_bd3.root
>>> crab_fjr_*.xml  permission set to 0704
CrabWrapper EXIT_FUNC entered at Mon Feb  2 23:19:10 GMT 2015   -  Mon Feb  2 23:19:10 UTC 2015
Checking output files:  
will tar file crab_fjr_285.xml in  out_files_285
WARNING: output file CMSSW_285.stdout not found!
WARNING: output file CMSSW_285.stderr not found!
WARNING: output file Watchdog_285.log.gz not found!
>>> padding time: Wrapper lasting more than 600 seconds. No sleep required.
STOPPING WATCHDOG. CrabWatchdog PID is 17912
********** LAST 50 LINES OF WATCHDOG LOG
 Feb 02 20:39:41 GMT	18165	816736	1244020	52	77	844	cmsRun -j /scratch/condor/dir_4508/glide_0WFeci/execute/dir_15432/crab_fjr_285.xml -p pset.py      
 Feb 02 20:40:41 GMT	18165	816736	1251188	52	80	907	cmsRun -j /scratch/condor/dir_4508/glide_0WFeci/execute/dir_15432/crab_fjr_285.xml -p pset.py      
 Feb 02 20:41:44 GMT	18165	816736	1253748	52	84	967	cmsRun -j /scratch/condor/dir_4508/glide_0WFeci/execute/dir_15432/crab_fjr_285.xml -p pset.py      
 Feb 02 20:42:44 GMT	18165	816736	1268340	52	88	1028	cmsRun -j /scratch/condor/dir_4508/glide_0WFeci/execute/dir_15432/crab_fjr_285.xml -p pset.py      
 Feb 02 20:43:45 GMT	18165	864552	1348980	52	98	1088	cmsRun -j /scratch/condor/dir_4508/glide_0WFeci/execute/dir_15432/crab_fjr_285.xml -p pset.py      
 Feb 02 20:44:45 GMT	18165	899396	1387124	52	103	1148	cmsRun -j /scratch/condor/dir_4508/glide_0WFeci/execute/dir_15432/crab_fjr_285.xml -p pset.py      
 Feb 02 20:47:47 GMT	18165	902388	1396088	52	111	1330	cmsRun -j /scratch/condor/dir_4508/glide_0WFeci/execute/dir_15432/crab_fjr_285.xml -p pset.py      
 Feb 02 20:48:47 GMT	18165	1175192	1654284	52	132	1390	cmsRun -j /scratch/condor/dir_4508/glide_0WFeci/execute/dir_15432/crab_fjr_285.xml -p pset.py      
 Feb 02 20:48:47 GMT	---	1175192	1654284	53	----	----	----
 Feb 02 20:49:47 GMT	---	1175192	1654284	73	----	----	----
 Feb 02 21:02:52 GMT	18165	1175192	1658892	73	180	2236	cmsRun -j /scratch/condor/dir_4508/glide_0WFeci/execute/dir_15432/crab_fjr_285.xml -p pset.py      
 Feb 02 21:03:53 GMT	18165	1191332	1660428	73	187	2296	cmsRun -j /scratch/condor/dir_4508/glide_0WFeci/execute/dir_15432/crab_fjr_285.xml -p pset.py      
 Feb 02 21:04:53 GMT	18165	1197448	1660428	73	192	2356	cmsRun -j /scratch/condor/dir_4508/glide_0WFeci/execute/dir_15432/crab_fjr_285.xml -p pset.py      
 Feb 02 21:06:54 GMT	18165	1257888	1676816	73	199	2477	cmsRun -j /scratch/condor/dir_4508/glide_0WFeci/execute/dir_15432/crab_fjr_285.xml -p pset.py      
 Feb 02 21:07:54 GMT	18165	1260680	1682192	73	203	2537	cmsRun -j /scratch/condor/dir_4508/glide_0WFeci/execute/dir_15432/crab_fjr_285.xml -p pset.py      
# TIME			PID	RSS(KB)	VSZ(KB)	Dsk(MB)	tCPU(s)	tWALL(s)	COMMAND
 Feb 02 21:08:54 GMT	18165	1268156	1687056	73	209	2597	cmsRun -j /scratch/condor/dir_4508/glide_0WFeci/execute/dir_15432/crab_fjr_285.xml -p pset.py      
 Feb 02 21:09:55 GMT	18165	1268156	1700880	73	228	2658	cmsRun -j /scratch/condor/dir_4508/glide_0WFeci/execute/dir_15432/crab_fjr_285.xml -p pset.py      
 Feb 02 21:09:55 GMT	---	1268156	1700880	94	----	----	----
 Feb 02 21:19:01 GMT	18165	1268156	1703696	94	259	3204	cmsRun -j /scratch/condor/dir_4508/glide_0WFeci/execute/dir_15432/crab_fjr_285.xml -p pset.py      
 Feb 02 21:20:01 GMT	18165	1268156	1705232	94	262	3264	cmsRun -j /scratch/condor/dir_4508/glide_0WFeci/execute/dir_15432/crab_fjr_285.xml -p pset.py      
 Feb 02 21:21:02 GMT	18165	1268156	1708048	94	266	3325	cmsRun -j /scratch/condor/dir_4508/glide_0WFeci/execute/dir_15432/crab_fjr_285.xml -p pset.py      
 Feb 02 21:24:03 GMT	18165	1268156	1713168	94	275	3506	cmsRun -j /scratch/condor/dir_4508/glide_0WFeci/execute/dir_15432/crab_fjr_285.xml -p pset.py      
 Feb 02 21:25:03 GMT	18165	1268156	1717776	94	282	3567	cmsRun -j /scratch/condor/dir_4508/glide_0WFeci/execute/dir_15432/crab_fjr_285.xml -p pset.py      
 Feb 02 21:26:04 GMT	18165	1268156	1718544	94	288	3627	cmsRun -j /scratch/condor/dir_4508/glide_0WFeci/execute/dir_15432/crab_fjr_285.xml -p pset.py      
 Feb 02 21:27:04 GMT	18165	1288044	1728016	94	294	3688	cmsRun -j /scratch/condor/dir_4508/glide_0WFeci/execute/dir_15432/crab_fjr_285.xml -p pset.py      
 Feb 02 21:28:05 GMT	18165	1288220	1728016	94	297	3748	cmsRun -j /scratch/condor/dir_4508/glide_0WFeci/execute/dir_15432/crab_fjr_285.xml -p pset.py      
 Feb 02 21:29:05 GMT	18165	1289712	1728272	94	299	3809	cmsRun -j /scratch/condor/dir_4508/glide_0WFeci/execute/dir_15432/crab_fjr_285.xml -p pset.py      
 Feb 02 21:30:06 GMT	18165	1292116	1728784	94	301	3869	cmsRun -j /scratch/condor/dir_4508/glide_0WFeci/execute/dir_15432/crab_fjr_285.xml -p pset.py      
 Feb 02 21:31:06 GMT	18165	1293296	1730320	94	303	3930	cmsRun -j /scratch/condor/dir_4508/glide_0WFeci/execute/dir_15432/crab_fjr_285.xml -p pset.py      
 Feb 02 21:32:07 GMT	18165	1293820	1730320	94	305	3991	cmsRun -j /scratch/condor/dir_4508/glide_0WFeci/execute/dir_15432/crab_fjr_285.xml -p pset.py      
 Feb 02 21:33:08 GMT	18165	1298700	1731088	94	308	4051	cmsRun -j /scratch/condor/dir_4508/glide_0WFeci/execute/dir_15432/crab_fjr_285.xml -p pset.py      
 Feb 02 21:34:08 GMT	18165	1385000	1812240	94	318	4112	cmsRun -j /scratch/condor/dir_4508/glide_0WFeci/execute/dir_15432/crab_fjr_285.xml -p pset.py      
 Feb 02 21:35:09 GMT	---	1385000	1812240	116	----	----	----
 Feb 02 21:57:18 GMT	---	1385000	1812240	140	----	----	----
 Feb 02 22:08:23 GMT	18165	1385000	1813264	140	507	6166	cmsRun -j /scratch/condor/dir_4508/glide_0WFeci/execute/dir_15432/crab_fjr_285.xml -p pset.py      
 Feb 02 22:09:23 GMT	18165	1385000	1825040	140	525	6227	cmsRun -j /scratch/condor/dir_4508/glide_0WFeci/execute/dir_15432/crab_fjr_285.xml -p pset.py      
 Feb 02 22:12:25 GMT	18165	1385000	1832976	140	536	6408	cmsRun -j /scratch/condor/dir_4508/glide_0WFeci/execute/dir_15432/crab_fjr_285.xml -p pset.py      
 Feb 02 22:13:25 GMT	---	1385000	1832976	159	----	----	----
 Feb 02 22:32:32 GMT	---	1385000	1832976	180	----	----	----
 Feb 02 22:42:36 GMT	18165	1396556	1845264	180	726	8219	cmsRun -j /scratch/condor/dir_4508/glide_0WFeci/execute/dir_15432/crab_fjr_285.xml -p pset.py      
 Feb 02 22:43:36 GMT	18165	1421188	1852944	180	738	8280	cmsRun -j /scratch/condor/dir_4508/glide_0WFeci/execute/dir_15432/crab_fjr_285.xml -p pset.py      
 Feb 02 22:44:37 GMT	18165	1548848	1967120	180	757	8340	cmsRun -j /scratch/condor/dir_4508/glide_0WFeci/execute/dir_15432/crab_fjr_285.xml -p pset.py      
 Feb 02 22:45:37 GMT	---	1548848	1967120	202	----	----	----
 Feb 02 22:54:40 GMT	18165	1574820	2004496	202	871	8944	cmsRun -j /scratch/condor/dir_4508/glide_0WFeci/execute/dir_15432/crab_fjr_285.xml -p pset.py      
 Feb 02 22:54:40 GMT	---	1574820	2004496	215	----	----	----
# TIME			PID	RSS(KB)	VSZ(KB)	Dsk(MB)	tCPU(s)	tWALL(s)	COMMAND
 Feb 02 22:55:41 GMT	---	1574820	2004496	225	----	----	----
 Feb 02 23:07:45 GMT	---	1574820	2004496	247	----	----	----
 Feb 02 23:18:49 GMT	---	1574820	2004496	268	----	----	----
********** WATCHDOG LOG ENDED
ZIPPING WATCHDOG LOG
Disk space used:
du -sh /scratch/condor/dir_4508/glide_0WFeci/execute/dir_15432
268M	/scratch/condor/dir_4508/glide_0WFeci/execute/dir_15432
Found unusual stdout, rename for OSB
`/scratch/condor/dir_4508/glide_0WFeci/execute/dir_15432/_condor_stdout' -> `CMSSW_285.stdout'
Found unusual stderr, rename for OSB
`/scratch/condor/dir_4508/glide_0WFeci/execute/dir_15432/_condor_stdout' -> `CMSSW_285.stderr'
crab_fjr_285.xml
CMSSW_285.stdout
CMSSW_285.stderr
Watchdog_285.log.gz
Total Output dimension: 24554
WARNING: output files size limit is set to: 50000000
Total Output dimension 24554 is fine.
JOB_EXIT_STATUS = 0
>>> info for dashboard:
***** Cat /scratch/condor/dir_4508/glide_0WFeci/execute/dir_15432/jobreport.txt *****
MonitorJobID=285_https://submit-6.t2.ucsd.edu//150202//509447.284
MonitorID=dcieri_PU140_4dm08r
ExeTime=10356
ExeExitCode=0
StageOutExitStatusReason = 'Copy succedeed with srm-lcg utils'
StageOutSE = heplnx204.pp.rl.ac.uk
StageOutExitStatus = 0
CrabUserCpuTime=1045.20
CrabSysCpuTime=33.86
CrabCpuPercentage=10%
CrabWrapperTime=10417
CrabStageoutTime=49
JobExitCode=0
***** End Cat jobreport *****
Parameters sent to Dashboard.
EXITING at Mon Feb  2 23:19:13 GMT 2015  -  Mon Feb  2 23:19:13 UTC 2015
