This script was generated by crab (version 2.11.1_patch1).
Running /scratch/condor/dir_21013/glide_En1o1e/execute/dir_16665/condor_exec.exe with 2 positional parameters: 438 1
Today is Mon Feb  2 21:22:13 GMT 2015 - Mon Feb  2 21:22:13 UTC 2015
Job submitted on host heplnc308.pp.rl.ac.uk
Linux heplnc308.pp.rl.ac.uk 2.6.32-504.3.3.el6.x86_64 #1 SMP Tue Dec 16 14:29:22 CST 2014 x86_64 x86_64 x86_64 GNU/Linux
Distributor ID:	Scientific
Description:	Scientific Linux release 6.6 (Carbon)
>>> current directory (RUNTIME_AREA): /scratch/condor/dir_21013/glide_En1o1e/execute/dir_16665
>>> current user: uid=157415(cms415) gid=157000(gplcms) groups=157000(gplcms)
>>> directory permission set to 0700
>>> umask set to:  u=rwx,g=,o=
>>> stdout stderr permission set to 0704
>>> voms proxy information:
subject   : /DC=ch/DC=cern/OU=Organic Units/OU=Users/CN=dcieri/CN=755391/CN=Davide Cieri/CN=769881070/CN=1243138178
issuer    : /DC=ch/DC=cern/OU=Organic Units/OU=Users/CN=dcieri/CN=755391/CN=Davide Cieri/CN=769881070
identity  : /DC=ch/DC=cern/OU=Organic Units/OU=Users/CN=dcieri/CN=755391/CN=Davide Cieri
type      : RFC3820 compliant limited proxy
strength  : 1024
path      : /scratch/condor/dir_21013/glide_En1o1e/execute/dir_16665/x509up_u62281
timeleft  : 23:59:08
key usage : Digital Signature, Key Encipherment
=== VO cms extension information ===
VO        : cms
subject   : /DC=ch/DC=cern/OU=Organic Units/OU=Users/CN=dcieri/CN=755391/CN=Davide Cieri
issuer    : /DC=ch/DC=cern/OU=computers/CN=lcg-voms2.cern.ch
attribute : /cms/Role=NULL/Capability=NULL
timeleft  : 182:54:11
uri       : lcg-voms2.cern.ch:15002

WNHostName=heplnc308.pp.rl.ac.uk
$_CONDOR_JOB_AD =/scratch/condor/dir_21013/glide_En1o1e/execute/dir_16665/.job.ad
OverflowFlag=0
>>> tar --no-same-permissions -xf /scratch/condor/dir_21013/glide_En1o1e/execute/dir_16665/default.tgz :
Successful untar
>>> Include /scratch/condor/dir_21013/glide_En1o1e/execute/dir_16665 in PYTHONPATH:
strip arguments
env var CRAB_UNIQUE_JOB_ID set to: dcieri_PU140_4dm08r_438_1_m6N
out_files_438
>>> list of expected files on output sandbox
output files: crab_fjr_438.xml CMSSW_438.stdout CMSSW_438.stderr Watchdog_438.log.gz
>>> GridFlavour discovery: 
GridFlavour=LCG
>>> SyncSite discovery: 
SyncSite=T2_UK_SGrid_RALPP
>>> SyncCE discovery: 
getting SyncCE from GLIDEIN_Gaekeeper
SyncCE=heplnv146.pp.rl.ac.uk
>>> info for dashboard:
***** Cat /scratch/condor/dir_21013/glide_En1o1e/execute/dir_16665/jobreport.txt *****
WNHostName=heplnc308.pp.rl.ac.uk
OverflowFlag=0
MonitorJobID=438_https://submit-6.t2.ucsd.edu//150202//509448.37
SyncGridJobId=https://submit-6.t2.ucsd.edu//150202//509448.37
MonitorID=dcieri_PU140_4dm08r
GridFlavour=LCG
SyncSite=T2_UK_SGrid_RALPP
SyncCE=heplnv146.pp.rl.ac.uk
***** End Cat jobreport *****
Parameters sent to Dashboard.
>>> setup environment
set SCRAM ARCH to slc6_amd64_gcc472
SCRAM_ARCH = slc6_amd64_gcc472
>>> setup CMS LCG environment:
set SCRAM ARCH and BUILD_ARCH to slc6_amd64_gcc472 ###
Sourcing environment... 
sourcing /cvmfs/cms.cern.ch/cmsset_default.sh
==> setup cms environment ok
>>> specific cmssw setup environment:
CMSSW_VERSION =  CMSSW_6_2_0_SLHC12
WARNING: In non-interactive mode release checks e.g. deprecated releases, production architectures are disabled.
>>> current directory (SOFTWARE_DIR): /scratch/condor/dir_21013/glide_En1o1e/execute/dir_16665/CMSSW_6_2_0_SLHC12
PreserveSeeds: <>
IncrementSeeds:<>
>>> info for dashboard:
***** Cat /scratch/condor/dir_21013/glide_En1o1e/execute/dir_16665/jobreport.txt *****
MonitorJobID=438_https://submit-6.t2.ucsd.edu//150202//509448.37
MonitorID=dcieri_PU140_4dm08r
***** End Cat jobreport *****
Parameters sent to Dashboard.
crabWatchdog started as process 17627
>>> moving CMSSW software directories in /scratch/condor/dir_21013/glide_En1o1e/execute/dir_16665/CMSSW_6_2_0_SLHC12
mv: cannot stat `/scratch/condor/dir_21013/glide_En1o1e/execute/dir_16665/module/': No such file or directory
>>> Include /scratch/condor/dir_21013/glide_En1o1e/execute/dir_16665 in PYTHONPATH:
PYTHONPATH=/scratch/condor/dir_21013/glide_En1o1e/execute/dir_16665/:/scratch/condor/dir_21013/glide_En1o1e/execute/dir_16665/CMSSW_6_2_0_SLHC12/python:/scratch/condor/dir_21013/glide_En1o1e/execute/dir_16665/CMSSW_6_2_0_SLHC12/lib/slc6_amd64_gcc472:/cvmfs/cms.cern.ch/slc6_amd64_gcc472/cms/cmssw/CMSSW_6_2_0_SLHC12/python:/cvmfs/cms.cern.ch/slc6_amd64_gcc472/cms/cmssw/CMSSW_6_2_0_SLHC12/lib/slc6_amd64_gcc472:/cvmfs/cms.cern.ch/slc6_amd64_gcc472/cms/coral/CORAL_2_3_21-cms35/slc6_amd64_gcc472/python:/cvmfs/cms.cern.ch/slc6_amd64_gcc472/cms/coral/CORAL_2_3_21-cms35/slc6_amd64_gcc472/lib:/cvmfs/cms.cern.ch/slc6_amd64_gcc472/external/python-ldap/2.3.5-cms5/lib/python2.7/site-packages:/cvmfs/cms.cern.ch/slc6_amd64_gcc472/external/pyqt/4.8.1-cms5/lib/python2.7/site-packages:/cvmfs/cms.cern.ch/slc6_amd64_gcc472/external/py2-scipy/0.8.0-cms7/lib/python2.7/site-packages:/cvmfs/cms.cern.ch/slc6_amd64_gcc472/external/py2-matplotlib/1.0.1-cms7/lib/python2.7/site-packages:/cvmfs/cms.cern.ch/slc6_amd64_gcc472/external/sip/4.11.2-cms5/lib/python2.7/site-packages:/cvmfs/cms.cern.ch/slc6_amd64_gcc472/external/py2-pycurl/7.19.0-cms7/lib/python2.7/site-packages:/cvmfs/cms.cern.ch/slc6_amd64_gcc472/external/py2-numpy/1.6.1-cms7/lib/python2.7/site-packages:/cvmfs/cms.cern.ch/slc6_amd64_gcc472/external/py2-lint/0.25.1-cms5/lib/python2.7/site-packages:/cvmfs/cms.cern.ch/slc6_amd64_gcc472/external/py2-ipython/0.10-cms5/lib/python2.7/site-packages:/cvmfs/cms.cern.ch/slc6_amd64_gcc472/external/py2-cx-oracle/5.1-cms5/lib/python2.7/site-packages:/cvmfs/cms.cern.ch/slc6_amd64_gcc472/external/py2-cjson/1.0.5-cms5/lib/python2.7/site-packages:/cvmfs/cms.cern.ch/slc6_amd64_gcc472/cms/das-client/1.11.7/bin:/cvmfs/cms.cern.ch/slc6_amd64_gcc472/external/elementtree/1.2.6-cms5/share/lib/python2.7/site-packages:/cvmfs/cms.cern.ch/slc6_amd64_gcc472/external/rivet/1.8.2-cms9/lib/python2.7/site-packages:/cvmfs/cms.cern.ch/slc6_amd64_gcc472/external/pyminuit2/0.0.1-cms19/lib/python2.7/site-packages:/cvmfs/cms.cern.ch/slc6_amd64_gcc472/external/py2-pygithub/1.23.0-cms2/lib/python2.7/site-packages:/cvmfs/cms.cern.ch/slc6_amd64_gcc472/external/professor/1.0.0-cms19/lib/python2.7/site-packages:/cvmfs/cms.cern.ch/slc6_amd64_gcc472/lcg/root/5.34.07-cms/lib:/cvmfs/cms.cern.ch/slc6_amd64_gcc472/cms/dbs-client/DBS_2_1_9-cms5/lib:/cvmfs/cms.cern.ch/slc6_amd64_gcc472/cms/dbs-client/DBS_2_1_9-cms5/lib/DBSAPI:/cvmfs/cms.cern.ch/slc6_amd64_gcc472/external/cvs2git/5419-cms/lib:/scratch/condor/dir_21013/glide_En1o1e/execute/dir_16665/
 
# LIMITS USED BY CRAB WATCHDOG:
# RSS  (KBytes)   : 2300000
# VSZ  (KBytes)   : 100000000
# DISK (MBytes)   : 19000
# CPU TIME        : 720h:0m:0s
# WALL CLOCK TIME : 21h:50m:0s
 
3c0380cf82de79bc39966c93934c61fc
PSETHASH = 3c0380cf82de79bc39966c93934c61fc
/scratch/condor/dir_21013/glide_En1o1e/execute/dir_16665/writeCfg.py pset.py pset.py
Importing .py file
Setting parameters
RandomNumberGeneratorService found, will attempt to change seeds
inputBlocks=/ttbar/dcieri-ttbar_SIM-130075366148575c102f0d64fd3ac8f7/USER#42cb1519-7f11-43e2-ab9a-a013bd5404ac
inputFiles=/store/user/dcieri/ttbar_SIM/ttbar/ttbar_SIM/150129_145223/0000/step1_233.root
parentFiles=
lumisRange=
>>> Executable cmsRun
/cvmfs/cms.cern.ch/slc6_amd64_gcc472/cms/cmssw/CMSSW_6_2_0_SLHC12/bin/slc6_amd64_gcc472/cmsRun
ok executable found
>>> info for dashboard:
***** Cat /scratch/condor/dir_21013/glide_En1o1e/execute/dir_16665/jobreport.txt *****
MonitorJobID=438_https://submit-6.t2.ucsd.edu//150202//509448.37
MonitorID=dcieri_PU140_4dm08r
ExeStart=cmsRun
***** End Cat jobreport *****
Parameters sent to Dashboard.
>>> cmsRun started at Mon Feb  2 21:22:21 UTC 2015
>>> cmsRun ended at Mon Feb  2 23:21:24 UTC 2015
>>> crab_fjr_*.xml  permission set to 0704
>>> info for dashboard:
***** Cat /scratch/condor/dir_21013/glide_En1o1e/execute/dir_16665/jobreport.txt *****
MonitorJobID=438_https://submit-6.t2.ucsd.edu//150202//509448.37
MonitorID=dcieri_PU140_4dm08r
ExeEnd=cmsRun
***** End Cat jobreport *****
Parameters sent to Dashboard.
TIME_EXE = 7143 sec
>>> cmsRun wrote 203 lines of stdout+stderr
>>> START OF printout of 203 lines from stdout+stderr
271 DQMStore::DQMStore 
HcalTopologyIdealEP::HcalTopologyIdealEP
02-Feb-2015 21:22:31 GMT  Initiating request to open file root://dcap.pp.rl.ac.uk:1094/pnfs/pp.rl.ac.uk/data/cms/store/user/dcieri/ttbar_SIM/ttbar/ttbar_SIM/150129_145223/0000/step1_233.root
02-Feb-2015 21:22:33 GMT  Successfully opened file root://dcap.pp.rl.ac.uk:1094/pnfs/pp.rl.ac.uk/data/cms/store/user/dcieri/ttbar_SIM/ttbar/ttbar_SIM/150129_145223/0000/step1_233.root
02-Feb-2015 21:22:34 GMT  Initiating request to open file root://xrootd.unl.edu//store/group/dpg_trigger/comm_trigger/L1TrackTrigger/620_SLHC10/Extended2023TTI/MinBias/MinBias_TuneZ2star_GEN_SIM_1.root
02-Feb-2015 21:23:06 GMT  Successfully opened file root://xrootd.unl.edu//store/group/dpg_trigger/comm_trigger/L1TrackTrigger/620_SLHC10/Extended2023TTI/MinBias/MinBias_TuneZ2star_GEN_SIM_1.root
disableME1a = 0
HcalTopologyIdealEP::produce(const IdealGeometryRecord& iRecord)
mode = 2, maxDepthHB = 3, maxDepthHE = 5
RPCGeometryESModule :: produce
RPCGeometryESModule :: produce :: 1/4 Get Muon Ideal Geometry Record
RPCGeometryESModule :: produce :: 2/4 Get Muon DDD Constants
RPCGeometryESModule :: produce :: 3/4 Get Muon Numbering Record
in MuonNumberingInitialization::initializeMuonDDDConstants
about to make my new muonDDDConst_
in MuonNumberingInitialization::produce
RPCGeometryESModule :: produce :: 4/4 Build
Found:

	Barrel Stack layer 5 : 1008 stacks
	Barrel Stack layer 6 : 1320 stacks
	Barrel Stack layer 7 : 1836 stacks
	Barrel Stack layer 8 : 1152 stacks
	Barrel Stack layer 9 : 1488 stacks
	Barrel Stack layer 10 : 1824 stacks

	Endcap Stack disk 11 : 1360 stacks
	Endcap Stack disk 12 : 1360 stacks
	Endcap Stack disk 13 : 1360 stacks
	Endcap Stack disk 14 : 1360 stacks
	Endcap Stack disk 15 : 1360 stacks
Created 15428 stacks in 28 s

TTClusterBuilder< edm::Ref<edm::DetSetVector<PixelDigi>, PixelDigi, edm::refhelper::FindForDetSetVector<PixelDigi> > > loaded modules:
	TTClusterAlgorithm:	TTClusterAlgorithm_2d2013< edm::Ref<edm::DetSetVector<PixelDigi>, PixelDigi, edm::refhelper::FindForDetSetVector<PixelDigi> > >


TTStubBuilder< edm::Ref<edm::DetSetVector<PixelDigi>, PixelDigi, edm::refhelper::FindForDetSetVector<PixelDigi> > > loaded modules:
	TTStubAlgorithm:	TTStubAlgorithm_tab2013< edm::Ref<edm::DetSetVector<PixelDigi>, PixelDigi, edm::refhelper::FindForDetSetVector<PixelDigi> > >


TTClusterAssociator< edm::Ref<edm::DetSetVector<PixelDigi>, PixelDigi, edm::refhelper::FindForDetSetVector<PixelDigi> > > loaded.


TTStubAssociator< edm::Ref<edm::DetSetVector<PixelDigi>, PixelDigi, edm::refhelper::FindForDetSetVector<PixelDigi> > > loaded.


TTTrackAssociator< edm::Ref<edm::DetSetVector<PixelDigi>, PixelDigi, edm::refhelper::FindForDetSetVector<PixelDigi> > > loaded.

Begin processing the 1st record. Run 1, Event 2321, LumiSection 233 at 02-Feb-2015 21:24:06.303 GMT
02-Feb-2015 21:24:17 GMT  Closed file root://xrootd.unl.edu//store/group/dpg_trigger/comm_trigger/L1TrackTrigger/620_SLHC10/Extended2023TTI/MinBias/MinBias_TuneZ2star_GEN_SIM_1.root
02-Feb-2015 21:24:17 GMT  Initiating request to open file root://xrootd.unl.edu//store/group/dpg_trigger/comm_trigger/L1TrackTrigger/620_SLHC10/Extended2023TTI/MinBias/MinBias_TuneZ2star_GEN_SIM_555.root
02-Feb-2015 21:24:48 GMT  Successfully opened file root://xrootd.unl.edu//store/group/dpg_trigger/comm_trigger/L1TrackTrigger/620_SLHC10/Extended2023TTI/MinBias/MinBias_TuneZ2star_GEN_SIM_555.root
150202 21:29:32 18239 Xrd: XrdClientMessage::ReadRaw: Failed to read header (8 bytes).
150202 21:30:02 18236 Xrd: XrdClientMessage::ReadRaw: Failed to read header (8 bytes).
02-Feb-2015 21:32:32 GMT  Closed file root://xrootd.unl.edu//store/group/dpg_trigger/comm_trigger/L1TrackTrigger/620_SLHC10/Extended2023TTI/MinBias/MinBias_TuneZ2star_GEN_SIM_555.root
02-Feb-2015 21:32:32 GMT  Initiating request to open file root://xrootd.unl.edu//store/group/dpg_trigger/comm_trigger/L1TrackTrigger/620_SLHC10/Extended2023TTI/MinBias/MinBias_TuneZ2star_GEN_SIM_830.root
150202 21:33:03 29363 Xrd: CheckErrorStatus: Server [xrootd-redic.pi.infn.it:1094] declared: session not found(error code: 3011)
02-Feb-2015 21:33:03 GMT  Successfully opened file root://xrootd.unl.edu//store/group/dpg_trigger/comm_trigger/L1TrackTrigger/620_SLHC10/Extended2023TTI/MinBias/MinBias_TuneZ2star_GEN_SIM_830.root
150202 21:38:02 19081 Xrd: XrdClientMessage::ReadRaw: Failed to read header (8 bytes).
150202 21:38:32 29822 Xrd: XrdClientMessage::ReadRaw: Failed to read header (8 bytes).
02-Feb-2015 21:42:15 GMT  Closed file root://xrootd.unl.edu//store/group/dpg_trigger/comm_trigger/L1TrackTrigger/620_SLHC10/Extended2023TTI/MinBias/MinBias_TuneZ2star_GEN_SIM_830.root
02-Feb-2015 21:42:15 GMT  Initiating request to open file root://xrootd.unl.edu//store/group/dpg_trigger/comm_trigger/L1TrackTrigger/620_SLHC10/Extended2023TTI/MinBias/MinBias_TuneZ2star_GEN_SIM_700.root
150202 21:42:46 2993 Xrd: CheckErrorStatus: Server [xrootd.ba.infn.it:1094] declared: session not found(error code: 3011)
02-Feb-2015 21:42:47 GMT  Successfully opened file root://xrootd.unl.edu//store/group/dpg_trigger/comm_trigger/L1TrackTrigger/620_SLHC10/Extended2023TTI/MinBias/MinBias_TuneZ2star_GEN_SIM_700.root
Building the geometry service
Warning did not find digi
Warning did not find digi
Warning did not find digi
Warning did not find digi
Warning did not find digi in disks
Warning did not find digi in disks
Warning did not find digi in disks
Warning did not find digi in disks
150202 21:47:32 29823 Xrd: XrdClientMessage::ReadRaw: Failed to read header (8 bytes).
150202 21:47:39 17768 Xrd: XrdClientMessage::ReadRaw: Failed to read header (8 bytes).
150202 21:47:40 17769 Xrd: XrdClientMessage::ReadRaw: Failed to read header (8 bytes).
150202 21:48:02 3224 Xrd: XrdClientMessage::ReadRaw: Failed to read header (8 bytes).
150202 21:53:32 18235 Xrd: XrdClientMessage::ReadRaw: Failed to read header (8 bytes).
02-Feb-2015 21:57:32 GMT  Closed file root://xrootd.unl.edu//store/group/dpg_trigger/comm_trigger/L1TrackTrigger/620_SLHC10/Extended2023TTI/MinBias/MinBias_TuneZ2star_GEN_SIM_700.root
02-Feb-2015 21:57:32 GMT  Initiating request to open file root://xrootd.unl.edu//store/group/dpg_trigger/comm_trigger/L1TrackTrigger/620_SLHC10/Extended2023TTI/MinBias/MinBias_TuneZ2star_GEN_SIM_890.root
150202 21:58:03 17898 Xrd: CheckErrorStatus: Server [llrxrd-redir.in2p3.fr:1094] declared: session not found(error code: 3011)
02-Feb-2015 21:58:03 GMT  Successfully opened file root://xrootd.unl.edu//store/group/dpg_trigger/comm_trigger/L1TrackTrigger/620_SLHC10/Extended2023TTI/MinBias/MinBias_TuneZ2star_GEN_SIM_890.root
150202 22:03:02 3223 Xrd: XrdClientMessage::ReadRaw: Failed to read header (8 bytes).
150202 22:03:02 3225 Xrd: XrdClientMessage::ReadRaw: Failed to read header (8 bytes).
150202 22:03:31 18365 Xrd: XrdClientMessage::ReadRaw: Failed to read header (8 bytes).
02-Feb-2015 22:03:42 GMT  Closed file root://xrootd.unl.edu//store/group/dpg_trigger/comm_trigger/L1TrackTrigger/620_SLHC10/Extended2023TTI/MinBias/MinBias_TuneZ2star_GEN_SIM_890.root
02-Feb-2015 22:03:42 GMT  Initiating request to open file root://xrootd.unl.edu//store/group/dpg_trigger/comm_trigger/L1TrackTrigger/620_SLHC10/Extended2023TTI/MinBias/MinBias_TuneZ2star_GEN_SIM_205.root
150202 22:05:51 22622 Xrd: CheckErrorStatus: Server [llrxrd-redir.in2p3.fr:1094] declared: session not found(error code: 3011)
02-Feb-2015 22:05:51 GMT  Successfully opened file root://xrootd.unl.edu//store/group/dpg_trigger/comm_trigger/L1TrackTrigger/620_SLHC10/Extended2023TTI/MinBias/MinBias_TuneZ2star_GEN_SIM_205.root
150202 22:09:02 18366 Xrd: XrdClientMessage::ReadRaw: Failed to read header (8 bytes).
150202 22:11:02 23916 Xrd: XrdClientMessage::ReadRaw: Failed to read header (8 bytes).
02-Feb-2015 22:12:06 GMT  Closed file root://xrootd.unl.edu//store/group/dpg_trigger/comm_trigger/L1TrackTrigger/620_SLHC10/Extended2023TTI/MinBias/MinBias_TuneZ2star_GEN_SIM_205.root
02-Feb-2015 22:12:06 GMT  Initiating request to open file root://xrootd.unl.edu//store/group/dpg_trigger/comm_trigger/L1TrackTrigger/620_SLHC10/Extended2023TTI/MinBias/MinBias_TuneZ2star_GEN_SIM_129.root
150202 22:12:37 28053 Xrd: CheckErrorStatus: Server [llrxrd-redir.in2p3.fr:1094] declared: session not found(error code: 3011)
02-Feb-2015 22:12:38 GMT  Successfully opened file root://xrootd.unl.edu//store/group/dpg_trigger/comm_trigger/L1TrackTrigger/620_SLHC10/Extended2023TTI/MinBias/MinBias_TuneZ2star_GEN_SIM_129.root
02-Feb-2015 22:17:25 GMT  Closed file root://xrootd.unl.edu//store/group/dpg_trigger/comm_trigger/L1TrackTrigger/620_SLHC10/Extended2023TTI/MinBias/MinBias_TuneZ2star_GEN_SIM_129.root
02-Feb-2015 22:17:25 GMT  Initiating request to open file root://xrootd.unl.edu//store/group/dpg_trigger/comm_trigger/L1TrackTrigger/620_SLHC10/Extended2023TTI/MinBias/MinBias_TuneZ2star_GEN_SIM_238.root
150202 22:17:26 23918 Xrd: XrdClientMessage::ReadRaw: Failed to read header (8 bytes).
150202 22:18:02 28210 Xrd: XrdClientMessage::ReadRaw: Failed to read header (8 bytes).
150202 22:22:32 28211 Xrd: XrdClientMessage::ReadRaw: Failed to read header (8 bytes).
150202 22:24:23 31073 Xrd: CheckErrorStatus: Server [cms-xrd-global.cern.ch:1094] declared: session not found(error code: 3011)
150202 22:24:23 31073 Xrd: CheckErrorStatus: Server [xrootd.ba.infn.it:1094] declared: session not found(error code: 3011)
02-Feb-2015 22:24:24 GMT  Successfully opened file root://xrootd.unl.edu//store/group/dpg_trigger/comm_trigger/L1TrackTrigger/620_SLHC10/Extended2023TTI/MinBias/MinBias_TuneZ2star_GEN_SIM_238.root
02-Feb-2015 22:28:06 GMT  Closed file root://xrootd.unl.edu//store/group/dpg_trigger/comm_trigger/L1TrackTrigger/620_SLHC10/Extended2023TTI/MinBias/MinBias_TuneZ2star_GEN_SIM_238.root
02-Feb-2015 22:28:06 GMT  Initiating request to open file root://xrootd.unl.edu//store/group/dpg_trigger/comm_trigger/L1TrackTrigger/620_SLHC10/Extended2023TTI/MinBias/MinBias_TuneZ2star_GEN_SIM_36.root
02-Feb-2015 22:28:38 GMT  Successfully opened file root://xrootd.unl.edu//store/group/dpg_trigger/comm_trigger/L1TrackTrigger/620_SLHC10/Extended2023TTI/MinBias/MinBias_TuneZ2star_GEN_SIM_36.root
150202 22:33:01 18364 Xrd: XrdClientMessage::ReadRaw: Failed to read header (8 bytes).
150202 22:33:32 3243 Xrd: XrdClientMessage::ReadRaw: Failed to read header (8 bytes).
150202 22:34:01 3242 Xrd: XrdClientMessage::ReadRaw: Failed to read header (8 bytes).
02-Feb-2015 22:35:31 GMT  Closed file root://xrootd.unl.edu//store/group/dpg_trigger/comm_trigger/L1TrackTrigger/620_SLHC10/Extended2023TTI/MinBias/MinBias_TuneZ2star_GEN_SIM_36.root
02-Feb-2015 22:35:31 GMT  Initiating request to open file root://xrootd.unl.edu//store/group/dpg_trigger/comm_trigger/L1TrackTrigger/620_SLHC10/Extended2023TTI/MinBias/MinBias_TuneZ2star_GEN_SIM_358.root
150202 22:36:02 15730 Xrd: CheckErrorStatus: Server [cms-xrd-global.cern.ch:1094] declared: session not found(error code: 3011)
150202 22:36:02 15730 Xrd: CheckErrorStatus: Server [xrootd-redic.pi.infn.it:1094] declared: session not found(error code: 3011)
02-Feb-2015 22:36:02 GMT  Successfully opened file root://xrootd.unl.edu//store/group/dpg_trigger/comm_trigger/L1TrackTrigger/620_SLHC10/Extended2023TTI/MinBias/MinBias_TuneZ2star_GEN_SIM_358.root
02-Feb-2015 22:40:32 GMT  Closed file root://xrootd.unl.edu//store/group/dpg_trigger/comm_trigger/L1TrackTrigger/620_SLHC10/Extended2023TTI/MinBias/MinBias_TuneZ2star_GEN_SIM_358.root
02-Feb-2015 22:40:32 GMT  Initiating request to open file root://xrootd.unl.edu//store/group/dpg_trigger/comm_trigger/L1TrackTrigger/620_SLHC10/Extended2023TTI/MinBias/MinBias_TuneZ2star_GEN_SIM_960.root
150202 22:40:32 5766 Xrd: XrdClientMessage::ReadRaw: Failed to read header (8 bytes).
150202 22:41:03 18734 Xrd: CheckErrorStatus: Server [cms-xrd-global.cern.ch:1094] declared: session not found(error code: 3011)
150202 22:41:03 18734 Xrd: CheckErrorStatus: Server [eoscms.cern.ch:1094] declared: session not found(error code: 3011)
02-Feb-2015 22:41:03 GMT  Successfully opened file root://xrootd.unl.edu//store/group/dpg_trigger/comm_trigger/L1TrackTrigger/620_SLHC10/Extended2023TTI/MinBias/MinBias_TuneZ2star_GEN_SIM_960.root
150202 22:41:03 15990 Xrd: XrdClientMessage::ReadRaw: Failed to read header (8 bytes).
02-Feb-2015 22:43:53 GMT  Closed file root://xrootd.unl.edu//store/group/dpg_trigger/comm_trigger/L1TrackTrigger/620_SLHC10/Extended2023TTI/MinBias/MinBias_TuneZ2star_GEN_SIM_960.root
02-Feb-2015 22:43:53 GMT  Initiating request to open file root://xrootd.unl.edu//store/group/dpg_trigger/comm_trigger/L1TrackTrigger/620_SLHC10/Extended2023TTI/MinBias/MinBias_TuneZ2star_GEN_SIM_376.root
02-Feb-2015 22:44:24 GMT  Successfully opened file root://xrootd.unl.edu//store/group/dpg_trigger/comm_trigger/L1TrackTrigger/620_SLHC10/Extended2023TTI/MinBias/MinBias_TuneZ2star_GEN_SIM_376.root
150202 22:46:01 15991 Xrd: XrdClientMessage::ReadRaw: Failed to read header (8 bytes).
02-Feb-2015 22:47:41 GMT  Closed file root://xrootd.unl.edu//store/group/dpg_trigger/comm_trigger/L1TrackTrigger/620_SLHC10/Extended2023TTI/MinBias/MinBias_TuneZ2star_GEN_SIM_376.root
02-Feb-2015 22:47:41 GMT  Initiating request to open file root://xrootd.unl.edu//store/group/dpg_trigger/comm_trigger/L1TrackTrigger/620_SLHC10/Extended2023TTI/MinBias/MinBias_TuneZ2star_GEN_SIM_647.root
02-Feb-2015 22:48:12 GMT  Successfully opened file root://xrootd.unl.edu//store/group/dpg_trigger/comm_trigger/L1TrackTrigger/620_SLHC10/Extended2023TTI/MinBias/MinBias_TuneZ2star_GEN_SIM_647.root
150202 22:49:01 18996 Xrd: XrdClientMessage::ReadRaw: Failed to read header (8 bytes).
150202 22:49:02 3241 Xrd: XrdClientMessage::ReadRaw: Failed to read header (8 bytes).
02-Feb-2015 22:51:15 GMT  Closed file root://xrootd.unl.edu//store/group/dpg_trigger/comm_trigger/L1TrackTrigger/620_SLHC10/Extended2023TTI/MinBias/MinBias_TuneZ2star_GEN_SIM_647.root
02-Feb-2015 22:51:15 GMT  Initiating request to open file root://xrootd.unl.edu//store/group/dpg_trigger/comm_trigger/L1TrackTrigger/620_SLHC10/Extended2023TTI/MinBias/MinBias_TuneZ2star_GEN_SIM_294.root
150202 22:51:15 25471 Xrd: CheckErrorStatus: Server [cms-xrd-global.cern.ch:1094] declared: session not found(error code: 3011)
02-Feb-2015 22:51:16 GMT  Successfully opened file root://xrootd.unl.edu//store/group/dpg_trigger/comm_trigger/L1TrackTrigger/620_SLHC10/Extended2023TTI/MinBias/MinBias_TuneZ2star_GEN_SIM_294.root
150202 22:53:01 21378 Xrd: XrdClientMessage::ReadRaw: Failed to read header (8 bytes).
02-Feb-2015 22:54:20 GMT  Closed file root://xrootd.unl.edu//store/group/dpg_trigger/comm_trigger/L1TrackTrigger/620_SLHC10/Extended2023TTI/MinBias/MinBias_TuneZ2star_GEN_SIM_294.root
02-Feb-2015 22:54:20 GMT  Initiating request to open file root://xrootd.unl.edu//store/group/dpg_trigger/comm_trigger/L1TrackTrigger/620_SLHC10/Extended2023TTI/MinBias/MinBias_TuneZ2star_GEN_SIM_676.root
02-Feb-2015 22:54:20 GMT  Successfully opened file root://xrootd.unl.edu//store/group/dpg_trigger/comm_trigger/L1TrackTrigger/620_SLHC10/Extended2023TTI/MinBias/MinBias_TuneZ2star_GEN_SIM_676.root
150202 22:56:31 23711 Xrd: XrdClientMessage::ReadRaw: Failed to read header (8 bytes).
02-Feb-2015 22:57:00 GMT  Closed file root://xrootd.unl.edu//store/group/dpg_trigger/comm_trigger/L1TrackTrigger/620_SLHC10/Extended2023TTI/MinBias/MinBias_TuneZ2star_GEN_SIM_676.root
02-Feb-2015 22:57:00 GMT  Initiating request to open file root://xrootd.unl.edu//store/group/dpg_trigger/comm_trigger/L1TrackTrigger/620_SLHC10/Extended2023TTI/MinBias/MinBias_TuneZ2star_GEN_SIM_234.root
02-Feb-2015 22:57:31 GMT  Successfully opened file root://xrootd.unl.edu//store/group/dpg_trigger/comm_trigger/L1TrackTrigger/620_SLHC10/Extended2023TTI/MinBias/MinBias_TuneZ2star_GEN_SIM_234.root
02-Feb-2015 22:59:44 GMT  Closed file root://xrootd.unl.edu//store/group/dpg_trigger/comm_trigger/L1TrackTrigger/620_SLHC10/Extended2023TTI/MinBias/MinBias_TuneZ2star_GEN_SIM_234.root
02-Feb-2015 22:59:44 GMT  Initiating request to open file root://xrootd.unl.edu//store/group/dpg_trigger/comm_trigger/L1TrackTrigger/620_SLHC10/Extended2023TTI/MinBias/MinBias_TuneZ2star_GEN_SIM_145.root
02-Feb-2015 23:00:15 GMT  Successfully opened file root://xrootd.unl.edu//store/group/dpg_trigger/comm_trigger/L1TrackTrigger/620_SLHC10/Extended2023TTI/MinBias/MinBias_TuneZ2star_GEN_SIM_145.root
150202 23:02:02 25473 Xrd: XrdClientMessage::ReadRaw: Failed to read header (8 bytes).
02-Feb-2015 23:02:50 GMT  Closed file root://xrootd.unl.edu//store/group/dpg_trigger/comm_trigger/L1TrackTrigger/620_SLHC10/Extended2023TTI/MinBias/MinBias_TuneZ2star_GEN_SIM_145.root
02-Feb-2015 23:02:50 GMT  Initiating request to open file root://xrootd.unl.edu//store/group/dpg_trigger/comm_trigger/L1TrackTrigger/620_SLHC10/Extended2023TTI/MinBias/MinBias_TuneZ2star_GEN_SIM_469.root
150202 23:03:21 5130 Xrd: CheckErrorStatus: Server [eoscms.cern.ch:1094] declared: session not found(error code: 3011)
02-Feb-2015 23:03:21 GMT  Successfully opened file root://xrootd.unl.edu//store/group/dpg_trigger/comm_trigger/L1TrackTrigger/620_SLHC10/Extended2023TTI/MinBias/MinBias_TuneZ2star_GEN_SIM_469.root
150202 23:04:32 15989 Xrd: XrdClientMessage::ReadRaw: Failed to read header (8 bytes).
150202 23:05:01 28843 Xrd: XrdClientMessage::ReadRaw: Failed to read header (8 bytes).
02-Feb-2015 23:05:14 GMT  Closed file root://xrootd.unl.edu//store/group/dpg_trigger/comm_trigger/L1TrackTrigger/620_SLHC10/Extended2023TTI/MinBias/MinBias_TuneZ2star_GEN_SIM_469.root
02-Feb-2015 23:05:14 GMT  Initiating request to open file root://xrootd.unl.edu//store/group/dpg_trigger/comm_trigger/L1TrackTrigger/620_SLHC10/Extended2023TTI/MinBias/MinBias_TuneZ2star_GEN_SIM_878.root
02-Feb-2015 23:06:08 GMT  Successfully opened file root://xrootd.unl.edu//store/group/dpg_trigger/comm_trigger/L1TrackTrigger/620_SLHC10/Extended2023TTI/MinBias/MinBias_TuneZ2star_GEN_SIM_878.root
150202 23:08:02 3102 Xrd: XrdClientMessage::ReadRaw: Failed to read header (8 bytes).
02-Feb-2015 23:09:47 GMT  Closed file root://xrootd.unl.edu//store/group/dpg_trigger/comm_trigger/L1TrackTrigger/620_SLHC10/Extended2023TTI/MinBias/MinBias_TuneZ2star_GEN_SIM_878.root
02-Feb-2015 23:09:47 GMT  Initiating request to open file root://xrootd.unl.edu//store/group/dpg_trigger/comm_trigger/L1TrackTrigger/620_SLHC10/Extended2023TTI/MinBias/MinBias_TuneZ2star_GEN_SIM_79.root
150202 23:10:32 5427 Xrd: XrdClientMessage::ReadRaw: Failed to read header (8 bytes).
02-Feb-2015 23:10:40 GMT  Successfully opened file root://xrootd.unl.edu//store/group/dpg_trigger/comm_trigger/L1TrackTrigger/620_SLHC10/Extended2023TTI/MinBias/MinBias_TuneZ2star_GEN_SIM_79.root
02-Feb-2015 23:12:28 GMT  Closed file root://xrootd.unl.edu//store/group/dpg_trigger/comm_trigger/L1TrackTrigger/620_SLHC10/Extended2023TTI/MinBias/MinBias_TuneZ2star_GEN_SIM_79.root
02-Feb-2015 23:12:28 GMT  Initiating request to open file root://xrootd.unl.edu//store/group/dpg_trigger/comm_trigger/L1TrackTrigger/620_SLHC10/Extended2023TTI/MinBias/MinBias_TuneZ2star_GEN_SIM_885.root
02-Feb-2015 23:12:59 GMT  Successfully opened file root://xrootd.unl.edu//store/group/dpg_trigger/comm_trigger/L1TrackTrigger/620_SLHC10/Extended2023TTI/MinBias/MinBias_TuneZ2star_GEN_SIM_885.root
02-Feb-2015 23:14:49 GMT  Closed file root://xrootd.unl.edu//store/group/dpg_trigger/comm_trigger/L1TrackTrigger/620_SLHC10/Extended2023TTI/MinBias/MinBias_TuneZ2star_GEN_SIM_885.root
02-Feb-2015 23:14:49 GMT  Initiating request to open file root://xrootd.unl.edu//store/group/dpg_trigger/comm_trigger/L1TrackTrigger/620_SLHC10/Extended2023TTI/MinBias/MinBias_TuneZ2star_GEN_SIM_58.root
150202 23:14:49 6151 Xrd: XrdClientMessage::ReadRaw: Failed to read header (8 bytes).
150202 23:15:20 8611 Xrd: CheckErrorStatus: Server [cms-xrd-global.cern.ch:1094] declared: session not found(error code: 3011)
02-Feb-2015 23:15:21 GMT  Successfully opened file root://xrootd.unl.edu//store/group/dpg_trigger/comm_trigger/L1TrackTrigger/620_SLHC10/Extended2023TTI/MinBias/MinBias_TuneZ2star_GEN_SIM_58.root
02-Feb-2015 23:17:26 GMT  Closed file root://xrootd.unl.edu//store/group/dpg_trigger/comm_trigger/L1TrackTrigger/620_SLHC10/Extended2023TTI/MinBias/MinBias_TuneZ2star_GEN_SIM_58.root
02-Feb-2015 23:17:26 GMT  Initiating request to open file root://xrootd.unl.edu//store/group/dpg_trigger/comm_trigger/L1TrackTrigger/620_SLHC10/Extended2023TTI/MinBias/MinBias_TuneZ2star_GEN_SIM_615.root
150202 23:17:31 7412 Xrd: XrdClientMessage::ReadRaw: Failed to read header (8 bytes).
02-Feb-2015 23:17:57 GMT  Successfully opened file root://xrootd.unl.edu//store/group/dpg_trigger/comm_trigger/L1TrackTrigger/620_SLHC10/Extended2023TTI/MinBias/MinBias_TuneZ2star_GEN_SIM_615.root
02-Feb-2015 23:19:33 GMT  Closed file root://xrootd.unl.edu//store/group/dpg_trigger/comm_trigger/L1TrackTrigger/620_SLHC10/Extended2023TTI/MinBias/MinBias_TuneZ2star_GEN_SIM_615.root
02-Feb-2015 23:19:33 GMT  Initiating request to open file root://xrootd.unl.edu//store/group/dpg_trigger/comm_trigger/L1TrackTrigger/620_SLHC10/Extended2023TTI/MinBias/MinBias_TuneZ2star_GEN_SIM_422.root
150202 23:20:02 8066 Xrd: XrdClientMessage::ReadRaw: Failed to read header (8 bytes).
02-Feb-2015 23:20:04 GMT  Successfully opened file root://xrootd.unl.edu//store/group/dpg_trigger/comm_trigger/L1TrackTrigger/620_SLHC10/Extended2023TTI/MinBias/MinBias_TuneZ2star_GEN_SIM_422.root
02-Feb-2015 23:21:22 GMT  Closed file root://dcap.pp.rl.ac.uk:1094/pnfs/pp.rl.ac.uk/data/cms/store/user/dcieri/ttbar_SIM/ttbar/ttbar_SIM/150129_145223/0000/step1_233.root
02-Feb-2015 23:21:22 GMT  Closed file root://xrootd.unl.edu//store/group/dpg_trigger/comm_trigger/L1TrackTrigger/620_SLHC10/Extended2023TTI/MinBias/MinBias_TuneZ2star_GEN_SIM_422.root

=============================================

MessageLogger Summary

 type     category        sev    module        subroutine        count    total
 ---- -------------------- -- ---------------- ----------------  -----    -----
    1 fileAction           -s MixingModule:mix                      69       69
    2 fileAction           -s MixingModule:mix                       2        2
    3 fileAction           -s MixingModule:mix                       1        1
    4 fileAction           -s file_close                             1        1
    5 fileAction           -s file_open                              2        2

 type    category    Examples: run/evt        run/evt          run/evt
 ---- -------------------- ---------------- ---------------- ----------------
    1 fileAction           1/2321           1/2321           1/2330
    2 fileAction           pre-events       pre-events       
    3 fileAction           PostEndRun                        
    4 fileAction           PostEndRun                        
    5 fileAction           pre-events       pre-events       

Severity    # Occurrences   Total Occurrences
--------    -------------   -----------------
System                 75                  75
>>> END OF printout of 203 lines from stdout+stderr
>>> Parse FrameworkJobReport crab_fjr.xml
Result of parsing the FrameworkJobReport crab_fjr.xml: 
Extracted ExitStatus from FrameworkJobReport parsing output: 0
>>> Executable succeded  0
ExeExitCode=0
EXECUTABLE_EXIT_STATUS = 0
>>> current directory /scratch/condor/dir_21013/glide_En1o1e/execute/dir_16665/CMSSW_6_2_0_SLHC12
>>>  (SOFTWARE_DIR): /scratch/condor/dir_21013/glide_En1o1e/execute/dir_16665/CMSSW_6_2_0_SLHC12
>>> (WORKING_DIR): 
>>> current directory content:
total 244980
drwxr-xr-x 3 cms415 gplcms      4096 Feb  2 21:22 .SCRAM
-rw------- 1 cms415 gplcms    915837 Feb  2 21:22 CMSSW.py.pkl
drwxr-xr-x 3 cms415 gplcms      4096 Feb  2 21:22 bin
drwxr-xr-x 3 cms415 gplcms      4096 Feb  2 21:22 cfipython
drwxr-xr-x 4 cms415 gplcms      4096 Apr 28  2014 config
-rw------- 1 cms415 gplcms        17 Feb  2 23:21 cpu_timing.txt
drwxr-xr-x 2 cms415 gplcms      4096 Feb  2 21:22 doc
-rw------- 1 cms415 gplcms     22956 Feb  2 23:21 executable.out
drwxr-xr-x 2 cms415 gplcms      4096 Feb  2 21:22 include
drwx------ 3 cms415 gplcms      4096 Oct  7 10:12 lib
drwxr-xr-x 3 cms415 gplcms      4096 Feb  2 21:22 logs
drwxr-xr-x 3 cms415 gplcms      4096 Feb  2 21:22 objs
-rw------- 1 cms415 gplcms       104 Feb  2 21:22 pset.py
-rw------- 1 cms415 gplcms    926828 Feb  2 21:22 pset.py.pkl
-rw------- 1 cms415 gplcms       289 Feb  2 21:22 pset.pyc
drwxr-xr-x 2 cms415 gplcms      4096 Feb  2 21:22 python
-rw------- 1 cms415 gplcms       356 Feb  2 23:21 report.log
drwxr-xr-x 2 cms415 gplcms      4096 Feb  2 21:22 src
-rw------- 1 cms415 gplcms 248657230 Feb  2 23:21 step2.root
drwxr-xr-x 3 cms415 gplcms      4096 Feb  2 21:22 test
drwxr-xr-x 3 cms415 gplcms      4096 Feb  2 21:22 tmp
>>> current directory /scratch/condor/dir_21013/glide_En1o1e/execute/dir_16665/CMSSW_6_2_0_SLHC12
>>> (SOFTWARE_DIR): /scratch/condor/dir_21013/glide_En1o1e/execute/dir_16665/CMSSW_6_2_0_SLHC12
>>> (WORKING_DIR): 
>>> current directory content:
total 244980
drwxr-xr-x 3 cms415 gplcms      4096 Feb  2 21:22 .SCRAM
-rw------- 1 cms415 gplcms    915837 Feb  2 21:22 CMSSW.py.pkl
drwxr-xr-x 3 cms415 gplcms      4096 Feb  2 21:22 bin
drwxr-xr-x 3 cms415 gplcms      4096 Feb  2 21:22 cfipython
drwxr-xr-x 4 cms415 gplcms      4096 Apr 28  2014 config
-rw------- 1 cms415 gplcms        17 Feb  2 23:21 cpu_timing.txt
drwxr-xr-x 2 cms415 gplcms      4096 Feb  2 21:22 doc
-rw------- 1 cms415 gplcms     22956 Feb  2 23:21 executable.out
drwxr-xr-x 2 cms415 gplcms      4096 Feb  2 21:22 include
drwx------ 3 cms415 gplcms      4096 Oct  7 10:12 lib
drwxr-xr-x 3 cms415 gplcms      4096 Feb  2 21:22 logs
drwxr-xr-x 3 cms415 gplcms      4096 Feb  2 21:22 objs
-rw------- 1 cms415 gplcms       104 Feb  2 21:22 pset.py
-rw------- 1 cms415 gplcms    926828 Feb  2 21:22 pset.py.pkl
-rw------- 1 cms415 gplcms       289 Feb  2 21:22 pset.pyc
drwxr-xr-x 2 cms415 gplcms      4096 Feb  2 21:22 python
-rw------- 1 cms415 gplcms       356 Feb  2 23:21 report.log
drwxr-xr-x 2 cms415 gplcms      4096 Feb  2 21:22 src
-rw------- 1 cms415 gplcms 248657230 Feb  2 23:21 step2_438_1_m6N.root
drwxr-xr-x 3 cms415 gplcms      4096 Feb  2 21:22 test
drwxr-xr-x 3 cms415 gplcms      4096 Feb  2 21:22 tmp
>>> current directory (RUNTIME_AREA):  /scratch/condor/dir_21013/glide_En1o1e/execute/dir_16665
PNN = T2_UK_SGrid_RALPP
SE = heplnx204.pp.rl.ac.uk
SE_PATH = /srm/managerv2?SFN=/pnfs/pp.rl.ac.uk/data/cms/store/user/dcieri/ttbar_PU140_DIGI/dcieri/ttbar/ttbar_PU140_DIGI/3c0380cf82de79bc39966c93934c61fc/
LFNBaseName = /store/user/dcieri/ttbar_PU140_DIGI/dcieri/ttbar/ttbar_PU140_DIGI/3c0380cf82de79bc39966c93934c61fc/
USER = dcieri
endpoint = srm://heplnx204.pp.rl.ac.uk:8443/srm/managerv2?SFN=/pnfs/pp.rl.ac.uk/data/cms/store/user/dcieri/ttbar_PU140_DIGI/dcieri/ttbar/ttbar_PU140_DIGI/3c0380cf82de79bc39966c93934c61fc/
>>> Copy output files from WN = heplnc308.pp.rl.ac.uk to /srm/managerv2?SFN=/pnfs/pp.rl.ac.uk/data/cms/store/user/dcieri/ttbar_PU140_DIGI/dcieri/ttbar/ttbar_PU140_DIGI/3c0380cf82de79bc39966c93934c61fc/ :
python cmscp.py  --destination srm://heplnx204.pp.rl.ac.uk:8443/srm/managerv2?SFN=/pnfs/pp.rl.ac.uk/data/cms/store/user/dcieri/ttbar_PU140_DIGI/dcieri/ttbar/ttbar_PU140_DIGI/3c0380cf82de79bc39966c93934c61fc/ --inputFileList /scratch/condor/dir_21013/glide_En1o1e/execute/dir_16665/CMSSW_6_2_0_SLHC12/step2_438_1_m6N.root --middleware LCG --PNN T2_UK_SGrid_RALPP --se_name heplnx204.pp.rl.ac.uk --for_lfn /store/user/dcieri/ttbar_PU140_DIGI/dcieri/ttbar/ttbar_PU140_DIGI/3c0380cf82de79bc39966c93934c61fc/    
******************************************************
localSeName  =  heplnx204.pp.rl.ac.uk
remoteSeName =  heplnx204.pp.rl.ac.uk
******************************************************
{"/scratch/condor/dir_21013/glide_En1o1e/execute/dir_16665/CMSSW_6_2_0_SLHC12/step2_438_1_m6N.root": {"endpoint": "srm://heplnx204.pp.rl.ac.uk:8443/srm/managerv2?SFN=/pnfs/pp.rl.ac.uk/data/cms/store/user/dcieri/ttbar_PU140_DIGI/dcieri/ttbar/ttbar_PU140_DIGI/3c0380cf82de79bc39966c93934c61fc/", "surl_for_grid": "", "reason": "Copy succedeed with srm-lcg utils", "erCode": "0", "PNN": "T2_UK_SGrid_RALPP", "se_name": "heplnx204.pp.rl.ac.uk", "for_lfn": "/store/user/dcieri/ttbar_PU140_DIGI/dcieri/ttbar/ttbar_PU140_DIGI/3c0380cf82de79bc39966c93934c61fc/"}}/scratch/condor/dir_21013/glide_En1o1e/execute/dir_16665
-------- cat /scratch/condor/dir_21013/glide_En1o1e/execute/dir_16665/cmscpReport.sh 
#!/bin/bash
echo "Report for File: /scratch/condor/dir_21013/glide_En1o1e/execute/dir_16665/CMSSW_6_2_0_SLHC12/step2_438_1_m6N.root"
echo "LFN: /store/user/dcieri/ttbar_PU140_DIGI/dcieri/ttbar/ttbar_PU140_DIGI/3c0380cf82de79bc39966c93934c61fc/step2_438_1_m6N.root"
echo "StorageElement: heplnx204.pp.rl.ac.uk"
echo "StageOutExitStatusReason = 'Copy succedeed with srm-lcg utils'" | tee -a $RUNTIME_AREA/$repo
echo "StageOutSE = heplnx204.pp.rl.ac.uk" >> $RUNTIME_AREA/$repo

export StageOutExitStatus=0
echo "StageOutExitStatus = 0" | tee -a $RUNTIME_AREA/$repo
-------- end of /scratch/condor/dir_21013/glide_En1o1e/execute/dir_16665/cmscpReport.sh 
Report for File: /scratch/condor/dir_21013/glide_En1o1e/execute/dir_16665/CMSSW_6_2_0_SLHC12/step2_438_1_m6N.root
LFN: /store/user/dcieri/ttbar_PU140_DIGI/dcieri/ttbar/ttbar_PU140_DIGI/3c0380cf82de79bc39966c93934c61fc/step2_438_1_m6N.root
StorageElement: heplnx204.pp.rl.ac.uk
StageOutExitStatusReason = 'Copy succedeed with srm-lcg utils'
StageOutExitStatus = 0
>>> current dir: /scratch/condor/dir_21013/glide_En1o1e/execute/dir_16665
>>> current dir content:
total 8828
-rw-------  1 cms415 gplcms    2734 Feb  2 23:22 .SEinteraction.log
-rwx------  1 cms415 gplcms      51 Feb  2 21:21 .chirp_config
-rwx------  1 cms415 gplcms    9683 Feb  2 21:21 .job.ad
-rwx------  1 cms415 gplcms    9743 Feb  2 21:21 .machine.ad
-rw-------  1 cms415 gplcms     105 Feb  2 12:16 CMSSW.py
-rw-------  1 cms415 gplcms  915837 Feb  2 12:16 CMSSW.py.pkl
-rwx------  1 cms415 gplcms   29498 Feb  2 21:22 CMSSW.sh
drwxr-xr-x 15 cms415 gplcms    4096 Feb  2 23:21 CMSSW_6_2_0_SLHC12
-rw-------  1 cms415 gplcms     190 Feb  2 21:22 CacheEnv.sh
-rw-------  1 cms415 gplcms    7291 Nov 19 14:52 DashboardAPI.py
-rw-------  1 cms415 gplcms    6470 Feb  2 21:22 DashboardAPI.pyc
drwx------  2 cms415 gplcms    4096 Feb  2 23:21 IMProv
-rw-------  1 cms415 gplcms    2748 Nov 19 14:52 Logger.py
-rw-------  1 cms415 gplcms    3232 Feb  2 21:22 Logger.pyc
-rw-------  1 cms415 gplcms   24524 Nov 19 14:52 ProcInfo.py
-rw-------  1 cms415 gplcms   22645 Feb  2 21:22 ProcInfo.pyc
drwx------  7 cms415 gplcms    4096 Feb  2 21:22 ProdCommon
drwx------  3 cms415 gplcms    4096 Feb  2 21:22 WMCore
-rw-------  1 cms415 gplcms   11430 Feb  2 23:21 Watchdog_438.log
-rwx------  1 cms415 gplcms       0 Feb  2 21:22 _condor_stderr
-rwx---r--  1 cms415 gplcms   37726 Feb  2 23:22 _condor_stdout
-rw-------  1 cms415 gplcms   32895 Nov 19 14:52 apmon.py
-rw-------  1 cms415 gplcms   27958 Feb  2 21:22 apmon.pyc
-rwx------  1 cms415 gplcms  134309 Feb  2 21:22 arguments.xml
-rwx------  1 cms415 gplcms   38581 Nov 19 14:52 cmscp.py
-rw-------  1 cms415 gplcms     562 Feb  2 23:22 cmscpReport.sh
-rwx------  1 cms415 gplcms   29498 Feb  2 21:22 condor_exec.exe
-rw-------  1 cms415 gplcms     544 Feb  2 12:16 crab.cfg
-rwx------  1 cms415 gplcms    8610 Nov 19 14:52 crabWatchdog.sh
-rwx---r--  1 cms415 gplcms  112096 Feb  2 23:21 crab_fjr_438.xml
-rwx------  1 cms415 gplcms 7390485 Feb  2 21:22 default.tgz
-rwx------  1 cms415 gplcms    4488 Nov 19 14:52 fillCrabFjr.py
-rw-------  1 cms415 gplcms     226 Feb  2 21:22 inputsReport.txt
-rw-------  1 cms415 gplcms     243 Feb  2 23:22 jobreport.txt
-rw-------  1 cms415 gplcms   17352 Nov 19 14:52 parseCrabFjr.py
-rw-------  1 cms415 gplcms     322 Feb  2 21:22 report.log
-rwx--x--x  1 cms415 gplcms    1497 Nov 19 14:52 report.py
-rw-------  1 cms415 gplcms     555 Feb  2 23:22 resultCopyFile
lrwxrwxrwx  1 cms415 gplcms      96 Feb  2 23:21 step2.root -> /scratch/condor/dir_21013/glide_En1o1e/execute/dir_16665/CMSSW_6_2_0_SLHC12/step2_438_1_m6N.root
-rwx------  1 cms415 gplcms    8351 Nov 19 14:52 writeCfg.py
-rw-------  1 cms415 gplcms   10297 Feb  2 21:21 x509up_u62281
>>> Modify Job Report:
CMSSW_VERSION = CMSSW_6_2_0_SLHC12
ProcessedDataset = ttbar_PU140_DIGI
/scratch/condor/dir_21013/glide_En1o1e/execute/dir_16665/ProdCommon/FwkJobRep/ModifyJobReport.py fjr /scratch/condor/dir_21013/glide_En1o1e/execute/dir_16665/crab_fjr_438.xml json /scratch/condor/dir_21013/glide_En1o1e/execute/dir_16665/resultCopyFile n_job 438_1_m6N PrimaryDataset ttbar  ApplicationFamily cmsRun ApplicationName cmsRun cmssw_version CMSSW_6_2_0_SLHC12 psethash 3c0380cf82de79bc39966c93934c61fc UserProcessedDataset dcieri-ttbar_PU140_DIGI-3c0380cf82de79bc39966c93934c61fc
inputDict =  {u'/scratch/condor/dir_21013/glide_En1o1e/execute/dir_16665/CMSSW_6_2_0_SLHC12/step2_438_1_m6N.root': {u'endpoint': u'srm://heplnx204.pp.rl.ac.uk:8443/srm/managerv2?SFN=/pnfs/pp.rl.ac.uk/data/cms/store/user/dcieri/ttbar_PU140_DIGI/dcieri/ttbar/ttbar_PU140_DIGI/3c0380cf82de79bc39966c93934c61fc/', u'surl_for_grid': u'', u'reason': u'Copy succedeed with srm-lcg utils', u'erCode': u'0', u'PNN': u'T2_UK_SGrid_RALPP', u'se_name': u'heplnx204.pp.rl.ac.uk', u'for_lfn': u'/store/user/dcieri/ttbar_PU140_DIGI/dcieri/ttbar/ttbar_PU140_DIGI/3c0380cf82de79bc39966c93934c61fc/'}}
UserProcessedDataset =  dcieri-ttbar_PU140_DIGI-3c0380cf82de79bc39966c93934c61fc
WORKING ON EDM FILE
file_name in inputDict =  /scratch/condor/dir_21013/glide_En1o1e/execute/dir_16665/CMSSW_6_2_0_SLHC12/step2_438_1_m6N.root
(size) os.stat(filename)[6] =  248657230
checksum =  2723495174
    file =  step2_438_1_m6N.root
    newPfn =  srm://heplnx204.pp.rl.ac.uk:8443/srm/managerv2?SFN=/pnfs/pp.rl.ac.uk/data/cms/store/user/dcieri/ttbar_PU140_DIGI/dcieri/ttbar/ttbar_PU140_DIGI/3c0380cf82de79bc39966c93934c61fc/step2_438_1_m6N.root
    newLfn =  /store/user/dcieri/ttbar_PU140_DIGI/dcieri/ttbar/ttbar_PU140_DIGI/3c0380cf82de79bc39966c93934c61fc/step2_438_1_m6N.root
>>> crab_fjr_*.xml  permission set to 0704
CrabWrapper EXIT_FUNC entered at Mon Feb  2 23:22:17 GMT 2015   -  Mon Feb  2 23:22:17 UTC 2015
Checking output files:  
will tar file crab_fjr_438.xml in  out_files_438
WARNING: output file CMSSW_438.stdout not found!
WARNING: output file CMSSW_438.stderr not found!
WARNING: output file Watchdog_438.log.gz not found!
>>> padding time: Wrapper lasting more than 600 seconds. No sleep required.
STOPPING WATCHDOG. CrabWatchdog PID is 17627
********** LAST 50 LINES OF WATCHDOG LOG
 Feb 02 21:51:23 GMT	17760	1126572	1665332	74	159	1746	cmsRun -j /scratch/condor/dir_21013/glide_En1o1e/execute/dir_16665/crab_fjr_438.xml -p pset.py      
 Feb 02 21:52:24 GMT	17760	1134744	1665332	74	161	1806	cmsRun -j /scratch/condor/dir_21013/glide_En1o1e/execute/dir_16665/crab_fjr_438.xml -p pset.py      
# TIME			PID	RSS(KB)	VSZ(KB)	Dsk(MB)	tCPU(s)	tWALL(s)	COMMAND
 Feb 02 21:53:24 GMT	17760	1139036	1665332	74	163	1866	cmsRun -j /scratch/condor/dir_21013/glide_En1o1e/execute/dir_16665/crab_fjr_438.xml -p pset.py      
 Feb 02 21:54:24 GMT	17760	1141800	1665332	74	164	1926	cmsRun -j /scratch/condor/dir_21013/glide_En1o1e/execute/dir_16665/crab_fjr_438.xml -p pset.py      
 Feb 02 21:55:24 GMT	17760	1143432	1665332	74	167	1986	cmsRun -j /scratch/condor/dir_21013/glide_En1o1e/execute/dir_16665/crab_fjr_438.xml -p pset.py      
 Feb 02 21:56:24 GMT	17760	1144388	1665332	74	169	2046	cmsRun -j /scratch/condor/dir_21013/glide_En1o1e/execute/dir_16665/crab_fjr_438.xml -p pset.py      
 Feb 02 21:57:24 GMT	17760	1144908	1665332	74	171	2107	cmsRun -j /scratch/condor/dir_21013/glide_En1o1e/execute/dir_16665/crab_fjr_438.xml -p pset.py      
 Feb 02 21:59:25 GMT	17760	1147056	1665332	74	178	2227	cmsRun -j /scratch/condor/dir_21013/glide_En1o1e/execute/dir_16665/crab_fjr_438.xml -p pset.py      
 Feb 02 22:00:25 GMT	17760	1147420	1665332	74	182	2287	cmsRun -j /scratch/condor/dir_21013/glide_En1o1e/execute/dir_16665/crab_fjr_438.xml -p pset.py      
 Feb 02 22:01:25 GMT	17760	1150172	1669172	74	187	2347	cmsRun -j /scratch/condor/dir_21013/glide_En1o1e/execute/dir_16665/crab_fjr_438.xml -p pset.py      
 Feb 02 22:02:25 GMT	17760	1154476	1672244	74	192	2408	cmsRun -j /scratch/condor/dir_21013/glide_En1o1e/execute/dir_16665/crab_fjr_438.xml -p pset.py      
 Feb 02 22:03:26 GMT	17760	1196128	1672244	74	201	2468	cmsRun -j /scratch/condor/dir_21013/glide_En1o1e/execute/dir_16665/crab_fjr_438.xml -p pset.py      
 Feb 02 22:04:26 GMT	17760	1212244	1672244	74	207	2528	cmsRun -j /scratch/condor/dir_21013/glide_En1o1e/execute/dir_16665/crab_fjr_438.xml -p pset.py      
 Feb 02 22:06:26 GMT	17760	1297252	1696056	74	214	2648	cmsRun -j /scratch/condor/dir_21013/glide_En1o1e/execute/dir_16665/crab_fjr_438.xml -p pset.py      
 Feb 02 22:07:26 GMT	17760	1305280	1701944	74	218	2708	cmsRun -j /scratch/condor/dir_21013/glide_En1o1e/execute/dir_16665/crab_fjr_438.xml -p pset.py      
 Feb 02 22:08:26 GMT	17760	1309780	1706808	74	222	2769	cmsRun -j /scratch/condor/dir_21013/glide_En1o1e/execute/dir_16665/crab_fjr_438.xml -p pset.py      
 Feb 02 22:09:27 GMT	17760	1309780	1781520	74	250	2829	cmsRun -j /scratch/condor/dir_21013/glide_En1o1e/execute/dir_16665/crab_fjr_438.xml -p pset.py      
 Feb 02 22:09:27 GMT	---	1309780	1781520	97	----	----	----
 Feb 02 22:16:29 GMT	17760	1318668	1785616	97	275	3251	cmsRun -j /scratch/condor/dir_21013/glide_En1o1e/execute/dir_16665/crab_fjr_438.xml -p pset.py      
 Feb 02 22:18:29 GMT	17760	1331892	1785616	97	285	3371	cmsRun -j /scratch/condor/dir_21013/glide_En1o1e/execute/dir_16665/crab_fjr_438.xml -p pset.py      
 Feb 02 22:19:29 GMT	17760	1332396	1785616	97	285	3431	cmsRun -j /scratch/condor/dir_21013/glide_En1o1e/execute/dir_16665/crab_fjr_438.xml -p pset.py      
 Feb 02 22:20:29 GMT	17760	1332400	1785616	97	285	3492	cmsRun -j /scratch/condor/dir_21013/glide_En1o1e/execute/dir_16665/crab_fjr_438.xml -p pset.py      
 Feb 02 22:24:30 GMT	17760	1351696	1785616	97	286	3732	cmsRun -j /scratch/condor/dir_21013/glide_En1o1e/execute/dir_16665/crab_fjr_438.xml -p pset.py      
 Feb 02 22:25:30 GMT	17760	1443324	1809168	97	304	3792	cmsRun -j /scratch/condor/dir_21013/glide_En1o1e/execute/dir_16665/crab_fjr_438.xml -p pset.py      
 Feb 02 22:26:31 GMT	17760	1447236	1810704	97	312	3853	cmsRun -j /scratch/condor/dir_21013/glide_En1o1e/execute/dir_16665/crab_fjr_438.xml -p pset.py      
 Feb 02 22:27:31 GMT	---	1447236	1810704	118	----	----	----
 Feb 02 22:40:33 GMT	---	1447236	1810704	143	----	----	----
 Feb 02 22:41:33 GMT	17760	1447236	1825296	143	432	4755	cmsRun -j /scratch/condor/dir_21013/glide_En1o1e/execute/dir_16665/crab_fjr_438.xml -p pset.py      
 Feb 02 22:43:34 GMT	17760	1447236	1826832	143	449	4876	cmsRun -j /scratch/condor/dir_21013/glide_En1o1e/execute/dir_16665/crab_fjr_438.xml -p pset.py      
 Feb 02 22:45:36 GMT	17760	1447236	1839120	143	461	4998	cmsRun -j /scratch/condor/dir_21013/glide_En1o1e/execute/dir_16665/crab_fjr_438.xml -p pset.py      
 Feb 02 22:46:36 GMT	17760	1447236	1846800	143	476	5058	cmsRun -j /scratch/condor/dir_21013/glide_En1o1e/execute/dir_16665/crab_fjr_438.xml -p pset.py      
 Feb 02 22:47:36 GMT	17760	1461628	1858832	143	491	5119	cmsRun -j /scratch/condor/dir_21013/glide_En1o1e/execute/dir_16665/crab_fjr_438.xml -p pset.py      
# TIME			PID	RSS(KB)	VSZ(KB)	Dsk(MB)	tCPU(s)	tWALL(s)	COMMAND
 Feb 02 22:48:37 GMT	17760	1465572	1862928	143	495	5179	cmsRun -j /scratch/condor/dir_21013/glide_En1o1e/execute/dir_16665/crab_fjr_438.xml -p pset.py      
 Feb 02 22:49:37 GMT	---	1465572	1862928	167	----	----	----
 Feb 02 22:52:37 GMT	17760	1465572	1868304	167	549	5420	cmsRun -j /scratch/condor/dir_21013/glide_En1o1e/execute/dir_16665/crab_fjr_438.xml -p pset.py      
 Feb 02 22:53:38 GMT	17760	1465572	1871888	167	560	5480	cmsRun -j /scratch/condor/dir_21013/glide_En1o1e/execute/dir_16665/crab_fjr_438.xml -p pset.py      
 Feb 02 22:54:38 GMT	17760	1465572	1877776	167	577	5540	cmsRun -j /scratch/condor/dir_21013/glide_En1o1e/execute/dir_16665/crab_fjr_438.xml -p pset.py      
 Feb 02 22:55:38 GMT	17760	1498544	1907216	167	593	5600	cmsRun -j /scratch/condor/dir_21013/glide_En1o1e/execute/dir_16665/crab_fjr_438.xml -p pset.py      
 Feb 02 22:56:38 GMT	---	1498544	1907216	189	----	----	----
 Feb 02 23:01:39 GMT	17760	1498544	1907472	189	669	5961	cmsRun -j /scratch/condor/dir_21013/glide_En1o1e/execute/dir_16665/crab_fjr_438.xml -p pset.py      
 Feb 02 23:02:39 GMT	---	1498544	1907472	211	----	----	----
 Feb 02 23:06:40 GMT	17760	1498544	1915152	211	725	6262	cmsRun -j /scratch/condor/dir_21013/glide_En1o1e/execute/dir_16665/crab_fjr_438.xml -p pset.py      
 Feb 02 23:07:40 GMT	17760	1498544	1925648	211	740	6322	cmsRun -j /scratch/condor/dir_21013/glide_En1o1e/execute/dir_16665/crab_fjr_438.xml -p pset.py      
 Feb 02 23:08:40 GMT	17760	1498544	1937936	211	751	6383	cmsRun -j /scratch/condor/dir_21013/glide_En1o1e/execute/dir_16665/crab_fjr_438.xml -p pset.py      
 Feb 02 23:09:41 GMT	---	1498544	1937936	232	----	----	----
 Feb 02 23:15:42 GMT	17760	1596584	1968912	232	847	6806	cmsRun -j /scratch/condor/dir_21013/glide_En1o1e/execute/dir_16665/crab_fjr_438.xml -p pset.py      
 Feb 02 23:16:44 GMT	---	1596584	1968912	252	----	----	----
 Feb 02 23:21:45 GMT	---	1596584	1968912	275	----	----	----
********** WATCHDOG LOG ENDED
ZIPPING WATCHDOG LOG
Disk space used:
du -sh /scratch/condor/dir_21013/glide_En1o1e/execute/dir_16665
275M	/scratch/condor/dir_21013/glide_En1o1e/execute/dir_16665
Found unusual stdout, rename for OSB
`/scratch/condor/dir_21013/glide_En1o1e/execute/dir_16665/_condor_stdout' -> `CMSSW_438.stdout'
Found unusual stderr, rename for OSB
`/scratch/condor/dir_21013/glide_En1o1e/execute/dir_16665/_condor_stdout' -> `CMSSW_438.stderr'
crab_fjr_438.xml
CMSSW_438.stdout
CMSSW_438.stderr
Watchdog_438.log.gz
Total Output dimension: 24101
WARNING: output files size limit is set to: 50000000
Total Output dimension 24101 is fine.
JOB_EXIT_STATUS = 0
>>> info for dashboard:
***** Cat /scratch/condor/dir_21013/glide_En1o1e/execute/dir_16665/jobreport.txt *****
MonitorJobID=438_https://submit-6.t2.ucsd.edu//150202//509448.37
MonitorID=dcieri_PU140_4dm08r
ExeTime=7143
ExeExitCode=0
StageOutExitStatusReason = 'Copy succedeed with srm-lcg utils'
StageOutSE = heplnx204.pp.rl.ac.uk
StageOutExitStatus = 0
CrabUserCpuTime=903.65
CrabSysCpuTime=38.25
CrabCpuPercentage=13%
CrabWrapperTime=7204
CrabStageoutTime=49
JobExitCode=0
***** End Cat jobreport *****
Parameters sent to Dashboard.
EXITING at Mon Feb  2 23:22:20 GMT 2015  -  Mon Feb  2 23:22:20 UTC 2015
