This script was generated by crab (version 2.11.1_patch1).
Running /scratch/condor/dir_11807/glide_rZeSF6/execute/dir_1230/condor_exec.exe with 2 positional parameters: 18 1
Today is Mon Feb  2 18:57:26 GMT 2015 - Mon Feb  2 18:57:26 UTC 2015
Job submitted on host heplnc007.pp.rl.ac.uk
Linux heplnc007.pp.rl.ac.uk 2.6.32-504.3.3.el6.x86_64 #1 SMP Tue Dec 16 14:29:22 CST 2014 x86_64 x86_64 x86_64 GNU/Linux
Distributor ID:	Scientific
Description:	Scientific Linux release 6.6 (Carbon)
>>> current directory (RUNTIME_AREA): /scratch/condor/dir_11807/glide_rZeSF6/execute/dir_1230
>>> current user: uid=157415(cms415) gid=157000(gplcms) groups=157000(gplcms)
>>> directory permission set to 0700
>>> umask set to:  u=rwx,g=,o=
>>> stdout stderr permission set to 0704
>>> voms proxy information:
subject   : /DC=ch/DC=cern/OU=Organic Units/OU=Users/CN=dcieri/CN=755391/CN=Davide Cieri/CN=769881070/CN=1656068540
issuer    : /DC=ch/DC=cern/OU=Organic Units/OU=Users/CN=dcieri/CN=755391/CN=Davide Cieri/CN=769881070
identity  : /DC=ch/DC=cern/OU=Organic Units/OU=Users/CN=dcieri/CN=755391/CN=Davide Cieri
type      : RFC3820 compliant limited proxy
strength  : 1024
path      : /scratch/condor/dir_11807/glide_rZeSF6/execute/dir_1230/x509up_u62281
timeleft  : 23:58:11
key usage : Digital Signature, Key Encipherment
=== VO cms extension information ===
VO        : cms
subject   : /DC=ch/DC=cern/OU=Organic Units/OU=Users/CN=dcieri/CN=755391/CN=Davide Cieri
issuer    : /DC=ch/DC=cern/OU=computers/CN=lcg-voms2.cern.ch
attribute : /cms/Role=NULL/Capability=NULL
timeleft  : 185:18:58
uri       : lcg-voms2.cern.ch:15002

WNHostName=heplnc007.pp.rl.ac.uk
$_CONDOR_JOB_AD =/scratch/condor/dir_11807/glide_rZeSF6/execute/dir_1230/.job.ad
OverflowFlag=0
>>> tar --no-same-permissions -xf /scratch/condor/dir_11807/glide_rZeSF6/execute/dir_1230/default.tgz :
Successful untar
>>> Include /scratch/condor/dir_11807/glide_rZeSF6/execute/dir_1230 in PYTHONPATH:
strip arguments
env var CRAB_UNIQUE_JOB_ID set to: dcieri_PU140_4dm08r_18_1_49i
out_files_18
>>> list of expected files on output sandbox
output files: crab_fjr_18.xml CMSSW_18.stdout CMSSW_18.stderr Watchdog_18.log.gz
>>> GridFlavour discovery: 
GridFlavour=LCG
>>> SyncSite discovery: 
SyncSite=T2_UK_SGrid_RALPP
>>> SyncCE discovery: 
getting SyncCE from GLIDEIN_Gaekeeper
SyncCE=heplnv146.pp.rl.ac.uk
>>> info for dashboard:
***** Cat /scratch/condor/dir_11807/glide_rZeSF6/execute/dir_1230/jobreport.txt *****
WNHostName=heplnc007.pp.rl.ac.uk
OverflowFlag=0
MonitorJobID=18_https://submit-6.t2.ucsd.edu//150202//509447.17
SyncGridJobId=https://submit-6.t2.ucsd.edu//150202//509447.17
MonitorID=dcieri_PU140_4dm08r
GridFlavour=LCG
SyncSite=T2_UK_SGrid_RALPP
SyncCE=heplnv146.pp.rl.ac.uk
***** End Cat jobreport *****
Parameters sent to Dashboard.
>>> setup environment
set SCRAM ARCH to slc6_amd64_gcc472
SCRAM_ARCH = slc6_amd64_gcc472
>>> setup CMS LCG environment:
set SCRAM ARCH and BUILD_ARCH to slc6_amd64_gcc472 ###
Sourcing environment... 
sourcing /cvmfs/cms.cern.ch/cmsset_default.sh
==> setup cms environment ok
>>> specific cmssw setup environment:
CMSSW_VERSION =  CMSSW_6_2_0_SLHC12
WARNING: In non-interactive mode release checks e.g. deprecated releases, production architectures are disabled.
>>> current directory (SOFTWARE_DIR): /scratch/condor/dir_11807/glide_rZeSF6/execute/dir_1230/CMSSW_6_2_0_SLHC12
PreserveSeeds: <>
IncrementSeeds:<>
>>> info for dashboard:
***** Cat /scratch/condor/dir_11807/glide_rZeSF6/execute/dir_1230/jobreport.txt *****
MonitorJobID=18_https://submit-6.t2.ucsd.edu//150202//509447.17
MonitorID=dcieri_PU140_4dm08r
***** End Cat jobreport *****
Parameters sent to Dashboard.
crabWatchdog started as process 3361
>>> moving CMSSW software directories in /scratch/condor/dir_11807/glide_rZeSF6/execute/dir_1230/CMSSW_6_2_0_SLHC12
mv: cannot stat `/scratch/condor/dir_11807/glide_rZeSF6/execute/dir_1230/module/': No such file or directory
>>> Include /scratch/condor/dir_11807/glide_rZeSF6/execute/dir_1230 in PYTHONPATH:
PYTHONPATH=/scratch/condor/dir_11807/glide_rZeSF6/execute/dir_1230/:/scratch/condor/dir_11807/glide_rZeSF6/execute/dir_1230/CMSSW_6_2_0_SLHC12/python:/scratch/condor/dir_11807/glide_rZeSF6/execute/dir_1230/CMSSW_6_2_0_SLHC12/lib/slc6_amd64_gcc472:/cvmfs/cms.cern.ch/slc6_amd64_gcc472/cms/cmssw/CMSSW_6_2_0_SLHC12/python:/cvmfs/cms.cern.ch/slc6_amd64_gcc472/cms/cmssw/CMSSW_6_2_0_SLHC12/lib/slc6_amd64_gcc472:/cvmfs/cms.cern.ch/slc6_amd64_gcc472/cms/coral/CORAL_2_3_21-cms35/slc6_amd64_gcc472/python:/cvmfs/cms.cern.ch/slc6_amd64_gcc472/cms/coral/CORAL_2_3_21-cms35/slc6_amd64_gcc472/lib:/cvmfs/cms.cern.ch/slc6_amd64_gcc472/external/python-ldap/2.3.5-cms5/lib/python2.7/site-packages:/cvmfs/cms.cern.ch/slc6_amd64_gcc472/external/pyqt/4.8.1-cms5/lib/python2.7/site-packages:/cvmfs/cms.cern.ch/slc6_amd64_gcc472/external/py2-scipy/0.8.0-cms7/lib/python2.7/site-packages:/cvmfs/cms.cern.ch/slc6_amd64_gcc472/external/py2-matplotlib/1.0.1-cms7/lib/python2.7/site-packages:/cvmfs/cms.cern.ch/slc6_amd64_gcc472/external/sip/4.11.2-cms5/lib/python2.7/site-packages:/cvmfs/cms.cern.ch/slc6_amd64_gcc472/external/py2-pycurl/7.19.0-cms7/lib/python2.7/site-packages:/cvmfs/cms.cern.ch/slc6_amd64_gcc472/external/py2-numpy/1.6.1-cms7/lib/python2.7/site-packages:/cvmfs/cms.cern.ch/slc6_amd64_gcc472/external/py2-lint/0.25.1-cms5/lib/python2.7/site-packages:/cvmfs/cms.cern.ch/slc6_amd64_gcc472/external/py2-ipython/0.10-cms5/lib/python2.7/site-packages:/cvmfs/cms.cern.ch/slc6_amd64_gcc472/external/py2-cx-oracle/5.1-cms5/lib/python2.7/site-packages:/cvmfs/cms.cern.ch/slc6_amd64_gcc472/external/py2-cjson/1.0.5-cms5/lib/python2.7/site-packages:/cvmfs/cms.cern.ch/slc6_amd64_gcc472/cms/das-client/1.11.7/bin:/cvmfs/cms.cern.ch/slc6_amd64_gcc472/external/elementtree/1.2.6-cms5/share/lib/python2.7/site-packages:/cvmfs/cms.cern.ch/slc6_amd64_gcc472/external/rivet/1.8.2-cms9/lib/python2.7/site-packages:/cvmfs/cms.cern.ch/slc6_amd64_gcc472/external/pyminuit2/0.0.1-cms19/lib/python2.7/site-packages:/cvmfs/cms.cern.ch/slc6_amd64_gcc472/external/py2-pygithub/1.23.0-cms2/lib/python2.7/site-packages:/cvmfs/cms.cern.ch/slc6_amd64_gcc472/external/professor/1.0.0-cms19/lib/python2.7/site-packages:/cvmfs/cms.cern.ch/slc6_amd64_gcc472/lcg/root/5.34.07-cms/lib:/cvmfs/cms.cern.ch/slc6_amd64_gcc472/cms/dbs-client/DBS_2_1_9-cms5/lib:/cvmfs/cms.cern.ch/slc6_amd64_gcc472/cms/dbs-client/DBS_2_1_9-cms5/lib/DBSAPI:/cvmfs/cms.cern.ch/slc6_amd64_gcc472/external/cvs2git/5419-cms/lib:/scratch/condor/dir_11807/glide_rZeSF6/execute/dir_1230/
 
# LIMITS USED BY CRAB WATCHDOG:
# RSS  (KBytes)   : 2300000
# VSZ  (KBytes)   : 100000000
# DISK (MBytes)   : 19000
# CPU TIME        : 720h:0m:0s
# WALL CLOCK TIME : 21h:50m:0s
 
3c0380cf82de79bc39966c93934c61fc
PSETHASH = 3c0380cf82de79bc39966c93934c61fc
/scratch/condor/dir_11807/glide_rZeSF6/execute/dir_1230/writeCfg.py pset.py pset.py
Importing .py file
Setting parameters
RandomNumberGeneratorService found, will attempt to change seeds
inputBlocks=/ttbar/dcieri-ttbar_SIM-130075366148575c102f0d64fd3ac8f7/USER#61fb3af0-2cd9-4c22-a912-0e1a7ef51606
inputFiles=/store/user/dcieri/ttbar_SIM/ttbar/ttbar_SIM/150129_145223/0000/step1_311.root
parentFiles=
lumisRange=
>>> Executable cmsRun
/cvmfs/cms.cern.ch/slc6_amd64_gcc472/cms/cmssw/CMSSW_6_2_0_SLHC12/bin/slc6_amd64_gcc472/cmsRun
ok executable found
>>> info for dashboard:
***** Cat /scratch/condor/dir_11807/glide_rZeSF6/execute/dir_1230/jobreport.txt *****
MonitorJobID=18_https://submit-6.t2.ucsd.edu//150202//509447.17
MonitorID=dcieri_PU140_4dm08r
ExeStart=cmsRun
***** End Cat jobreport *****
Parameters sent to Dashboard.
>>> cmsRun started at Mon Feb  2 18:57:42 UTC 2015
>>> cmsRun ended at Mon Feb  2 22:50:53 UTC 2015
>>> crab_fjr_*.xml  permission set to 0704
>>> info for dashboard:
***** Cat /scratch/condor/dir_11807/glide_rZeSF6/execute/dir_1230/jobreport.txt *****
MonitorJobID=18_https://submit-6.t2.ucsd.edu//150202//509447.17
MonitorID=dcieri_PU140_4dm08r
ExeEnd=cmsRun
***** End Cat jobreport *****
Parameters sent to Dashboard.
TIME_EXE = 13991 sec
>>> cmsRun wrote 248 lines of stdout+stderr
>>> START OF printout of 248 lines from stdout+stderr
271 DQMStore::DQMStore 
HcalTopologyIdealEP::HcalTopologyIdealEP
02-Feb-2015 18:57:59 GMT  Initiating request to open file root://dcap.pp.rl.ac.uk:1094/pnfs/pp.rl.ac.uk/data/cms/store/user/dcieri/ttbar_SIM/ttbar/ttbar_SIM/150129_145223/0000/step1_311.root
02-Feb-2015 18:58:01 GMT  Successfully opened file root://dcap.pp.rl.ac.uk:1094/pnfs/pp.rl.ac.uk/data/cms/store/user/dcieri/ttbar_SIM/ttbar/ttbar_SIM/150129_145223/0000/step1_311.root
02-Feb-2015 18:58:02 GMT  Initiating request to open file root://xrootd.unl.edu//store/group/dpg_trigger/comm_trigger/L1TrackTrigger/620_SLHC10/Extended2023TTI/MinBias/MinBias_TuneZ2star_GEN_SIM_1.root
02-Feb-2015 18:58:34 GMT  Successfully opened file root://xrootd.unl.edu//store/group/dpg_trigger/comm_trigger/L1TrackTrigger/620_SLHC10/Extended2023TTI/MinBias/MinBias_TuneZ2star_GEN_SIM_1.root
disableME1a = 0
HcalTopologyIdealEP::produce(const IdealGeometryRecord& iRecord)
mode = 2, maxDepthHB = 3, maxDepthHE = 5
RPCGeometryESModule :: produce
RPCGeometryESModule :: produce :: 1/4 Get Muon Ideal Geometry Record
RPCGeometryESModule :: produce :: 2/4 Get Muon DDD Constants
RPCGeometryESModule :: produce :: 3/4 Get Muon Numbering Record
in MuonNumberingInitialization::initializeMuonDDDConstants
about to make my new muonDDDConst_
in MuonNumberingInitialization::produce
RPCGeometryESModule :: produce :: 4/4 Build
Found:

	Barrel Stack layer 5 : 1008 stacks
	Barrel Stack layer 6 : 1320 stacks
	Barrel Stack layer 7 : 1836 stacks
	Barrel Stack layer 8 : 1152 stacks
	Barrel Stack layer 9 : 1488 stacks
	Barrel Stack layer 10 : 1824 stacks

	Endcap Stack disk 11 : 1360 stacks
	Endcap Stack disk 12 : 1360 stacks
	Endcap Stack disk 13 : 1360 stacks
	Endcap Stack disk 14 : 1360 stacks
	Endcap Stack disk 15 : 1360 stacks
Created 15428 stacks in 22 s

TTClusterBuilder< edm::Ref<edm::DetSetVector<PixelDigi>, PixelDigi, edm::refhelper::FindForDetSetVector<PixelDigi> > > loaded modules:
	TTClusterAlgorithm:	TTClusterAlgorithm_2d2013< edm::Ref<edm::DetSetVector<PixelDigi>, PixelDigi, edm::refhelper::FindForDetSetVector<PixelDigi> > >


TTStubBuilder< edm::Ref<edm::DetSetVector<PixelDigi>, PixelDigi, edm::refhelper::FindForDetSetVector<PixelDigi> > > loaded modules:
	TTStubAlgorithm:	TTStubAlgorithm_tab2013< edm::Ref<edm::DetSetVector<PixelDigi>, PixelDigi, edm::refhelper::FindForDetSetVector<PixelDigi> > >


TTClusterAssociator< edm::Ref<edm::DetSetVector<PixelDigi>, PixelDigi, edm::refhelper::FindForDetSetVector<PixelDigi> > > loaded.


TTStubAssociator< edm::Ref<edm::DetSetVector<PixelDigi>, PixelDigi, edm::refhelper::FindForDetSetVector<PixelDigi> > > loaded.


TTTrackAssociator< edm::Ref<edm::DetSetVector<PixelDigi>, PixelDigi, edm::refhelper::FindForDetSetVector<PixelDigi> > > loaded.

Begin processing the 1st record. Run 1, Event 3101, LumiSection 311 at 02-Feb-2015 18:59:18.433 GMT
02-Feb-2015 18:59:26 GMT  Closed file root://xrootd.unl.edu//store/group/dpg_trigger/comm_trigger/L1TrackTrigger/620_SLHC10/Extended2023TTI/MinBias/MinBias_TuneZ2star_GEN_SIM_1.root
02-Feb-2015 18:59:26 GMT  Initiating request to open file root://xrootd.unl.edu//store/group/dpg_trigger/comm_trigger/L1TrackTrigger/620_SLHC10/Extended2023TTI/MinBias/MinBias_TuneZ2star_GEN_SIM_467.root
02-Feb-2015 18:59:56 GMT  Successfully opened file root://xrootd.unl.edu//store/group/dpg_trigger/comm_trigger/L1TrackTrigger/620_SLHC10/Extended2023TTI/MinBias/MinBias_TuneZ2star_GEN_SIM_467.root
150202 19:04:29 4118 Xrd: XrdClientMessage::ReadRaw: Failed to read header (8 bytes).
150202 19:04:59 4116 Xrd: XrdClientMessage::ReadRaw: Failed to read header (8 bytes).
02-Feb-2015 19:12:17 GMT  Closed file root://xrootd.unl.edu//store/group/dpg_trigger/comm_trigger/L1TrackTrigger/620_SLHC10/Extended2023TTI/MinBias/MinBias_TuneZ2star_GEN_SIM_467.root
02-Feb-2015 19:12:17 GMT  Initiating request to open file root://xrootd.unl.edu//store/group/dpg_trigger/comm_trigger/L1TrackTrigger/620_SLHC10/Extended2023TTI/MinBias/MinBias_TuneZ2star_GEN_SIM_61.root
150202 19:17:29 4968 Xrd: XrdClientMessage::ReadRaw: Failed to read header (8 bytes).
150202 19:18:29 3607 Xrd: XrdClientMessage::ReadRaw: Failed to read header (8 bytes).
150202 19:18:39 16346 Xrd: CheckErrorStatus: Server [xrootd-redic.pi.infn.it:1094] declared: session not found(error code: 3011)
02-Feb-2015 19:18:40 GMT  Successfully opened file root://xrootd.unl.edu//store/group/dpg_trigger/comm_trigger/L1TrackTrigger/620_SLHC10/Extended2023TTI/MinBias/MinBias_TuneZ2star_GEN_SIM_61.root
150202 19:19:59 4115 Xrd: XrdClientMessage::ReadRaw: Failed to read header (8 bytes).
150202 19:23:59 23901 Xrd: XrdClientMessage::ReadRaw: Failed to read header (8 bytes).
150202 19:38:59 4114 Xrd: XrdClientMessage::ReadRaw: Failed to read header (8 bytes).
150202 19:38:59 23900 Xrd: XrdClientMessage::ReadRaw: Failed to read header (8 bytes).
150202 19:38:59 3641 Xrd: XrdClientMessage::ReadRaw: Failed to read header (8 bytes).
150202 19:39:00 4117 Xrd: XrdClientMessage::ReadRaw: Failed to read header (8 bytes).
02-Feb-2015 19:41:39 GMT  Closed file root://xrootd.unl.edu//store/group/dpg_trigger/comm_trigger/L1TrackTrigger/620_SLHC10/Extended2023TTI/MinBias/MinBias_TuneZ2star_GEN_SIM_61.root
02-Feb-2015 19:41:39 GMT  Initiating request to open file root://xrootd.unl.edu//store/group/dpg_trigger/comm_trigger/L1TrackTrigger/620_SLHC10/Extended2023TTI/MinBias/MinBias_TuneZ2star_GEN_SIM_860.root
150202 19:41:40 3496 Xrd: CheckErrorStatus: Server [xrootd.unl.edu] declared: session not found(error code: 3011)
150202 19:42:11 12490 Xrd: CheckErrorStatus: Server [xrootd.unl.edu:1094] declared: session not found(error code: 3011)
150202 19:42:11 12490 Xrd: CheckErrorStatus: Server [cms-xrd-global.cern.ch:1094] declared: session not found(error code: 3011)
150202 19:42:11 12490 Xrd: CheckErrorStatus: Server [xrootd-redic.pi.infn.it:1094] declared: session not found(error code: 3011)
150202 19:42:12 12490 Xrd: CheckErrorStatus: Server [lxbrf39c03.cern.ch:1098] declared: session not found(error code: 3011)
02-Feb-2015 19:42:12 GMT  Successfully opened file root://xrootd.unl.edu//store/group/dpg_trigger/comm_trigger/L1TrackTrigger/620_SLHC10/Extended2023TTI/MinBias/MinBias_TuneZ2star_GEN_SIM_860.root
Building the geometry service
Warning did not find digi
Warning did not find digi
Warning did not find digi
Warning did not find digi
Warning did not find digi in disks
Warning did not find digi in disks
Warning did not find digi in disks
Warning did not find digi in disks
150202 19:46:59 23906 Xrd: XrdClientMessage::ReadRaw: Failed to read header (8 bytes).
150202 19:47:29 12761 Xrd: XrdClientMessage::ReadRaw: Failed to read header (8 bytes).
02-Feb-2015 19:53:37 GMT  Closed file root://xrootd.unl.edu//store/group/dpg_trigger/comm_trigger/L1TrackTrigger/620_SLHC10/Extended2023TTI/MinBias/MinBias_TuneZ2star_GEN_SIM_860.root
02-Feb-2015 19:53:37 GMT  Initiating request to open file root://xrootd.unl.edu//store/group/dpg_trigger/comm_trigger/L1TrackTrigger/620_SLHC10/Extended2023TTI/MinBias/MinBias_TuneZ2star_GEN_SIM_64.root
150202 19:53:37 22865 Xrd: CheckErrorStatus: Server [xrootd-redic.pi.infn.it:1094] declared: session not found(error code: 3011)
02-Feb-2015 19:53:37 GMT  Successfully opened file root://xrootd.unl.edu//store/group/dpg_trigger/comm_trigger/L1TrackTrigger/620_SLHC10/Extended2023TTI/MinBias/MinBias_TuneZ2star_GEN_SIM_64.root
150202 19:58:59 12763 Xrd: XrdClientMessage::ReadRaw: Failed to read header (8 bytes).
150202 19:59:00 22866 Xrd: XrdClientMessage::ReadRaw: Failed to read header (8 bytes).
02-Feb-2015 20:04:02 GMT  Closed file root://xrootd.unl.edu//store/group/dpg_trigger/comm_trigger/L1TrackTrigger/620_SLHC10/Extended2023TTI/MinBias/MinBias_TuneZ2star_GEN_SIM_64.root
02-Feb-2015 20:04:02 GMT  Initiating request to open file root://xrootd.unl.edu//store/group/dpg_trigger/comm_trigger/L1TrackTrigger/620_SLHC10/Extended2023TTI/MinBias/MinBias_TuneZ2star_GEN_SIM_555.root
150202 20:05:47 32237 Xrd: CheckErrorStatus: Server [xrootd-redic.pi.infn.it:1094] declared: session not found(error code: 3011)
02-Feb-2015 20:05:48 GMT  Successfully opened file root://xrootd.unl.edu//store/group/dpg_trigger/comm_trigger/L1TrackTrigger/620_SLHC10/Extended2023TTI/MinBias/MinBias_TuneZ2star_GEN_SIM_555.root
150202 20:09:29 22867 Xrd: XrdClientMessage::ReadRaw: Failed to read header (8 bytes).
150202 20:10:59 1321 Xrd: XrdClientMessage::ReadRaw: Failed to read header (8 bytes).
02-Feb-2015 20:14:06 GMT  Closed file root://xrootd.unl.edu//store/group/dpg_trigger/comm_trigger/L1TrackTrigger/620_SLHC10/Extended2023TTI/MinBias/MinBias_TuneZ2star_GEN_SIM_555.root
02-Feb-2015 20:14:06 GMT  Initiating request to open file root://xrootd.unl.edu//store/group/dpg_trigger/comm_trigger/L1TrackTrigger/620_SLHC10/Extended2023TTI/MinBias/MinBias_TuneZ2star_GEN_SIM_535.root
150202 20:14:37 9067 Xrd: CheckErrorStatus: Server [cms-xrd-global.cern.ch:1094] declared: session not found(error code: 3011)
150202 20:14:37 9067 Xrd: CheckErrorStatus: Server [xrootd.ba.infn.it:1094] declared: session not found(error code: 3011)
02-Feb-2015 20:14:38 GMT  Successfully opened file root://xrootd.unl.edu//store/group/dpg_trigger/comm_trigger/L1TrackTrigger/620_SLHC10/Extended2023TTI/MinBias/MinBias_TuneZ2star_GEN_SIM_535.root
150202 20:19:30 1323 Xrd: XrdClientMessage::ReadRaw: Failed to read header (8 bytes).
150202 20:19:59 9311 Xrd: XrdClientMessage::ReadRaw: Failed to read header (8 bytes).
150202 20:25:59 12760 Xrd: XrdClientMessage::ReadRaw: Failed to read header (8 bytes).
02-Feb-2015 20:34:21 GMT  Closed file root://xrootd.unl.edu//store/group/dpg_trigger/comm_trigger/L1TrackTrigger/620_SLHC10/Extended2023TTI/MinBias/MinBias_TuneZ2star_GEN_SIM_535.root
02-Feb-2015 20:34:21 GMT  Initiating request to open file root://xrootd.unl.edu//store/group/dpg_trigger/comm_trigger/L1TrackTrigger/620_SLHC10/Extended2023TTI/MinBias/MinBias_TuneZ2star_GEN_SIM_833.root
150202 20:34:52 9310 Xrd: XrdClientMessage::ReadRaw: Failed to read header (8 bytes).
150202 20:34:52 27469 Xrd: CheckErrorStatus: Server [cms-xrd-global.cern.ch:1094] declared: session not found(error code: 3011)
150202 20:34:52 12762 Xrd: XrdClientMessage::ReadRaw: Failed to read header (8 bytes).
150202 20:34:52 27469 Xrd: CheckErrorStatus: Server [xrootd-redic.pi.infn.it:1094] declared: session not found(error code: 3011)
150202 20:34:53 27469 Xrd: CheckErrorStatus: Server [lxbrf39c03.cern.ch:1098] declared: session not found(error code: 3011)
02-Feb-2015 20:34:53 GMT  Successfully opened file root://xrootd.unl.edu//store/group/dpg_trigger/comm_trigger/L1TrackTrigger/620_SLHC10/Extended2023TTI/MinBias/MinBias_TuneZ2star_GEN_SIM_833.root
150202 20:39:30 9312 Xrd: XrdClientMessage::ReadRaw: Failed to read header (8 bytes).
150202 20:39:44 12759 Xrd: XrdClientMessage::ReadRaw: Failed to read header (8 bytes).
150202 20:39:59 27833 Xrd: XrdClientMessage::ReadRaw: Failed to read header (8 bytes).
02-Feb-2015 20:45:35 GMT  Closed file root://xrootd.unl.edu//store/group/dpg_trigger/comm_trigger/L1TrackTrigger/620_SLHC10/Extended2023TTI/MinBias/MinBias_TuneZ2star_GEN_SIM_833.root
02-Feb-2015 20:45:35 GMT  Initiating request to open file root://xrootd.unl.edu//store/group/dpg_trigger/comm_trigger/L1TrackTrigger/620_SLHC10/Extended2023TTI/MinBias/MinBias_TuneZ2star_GEN_SIM_142.root
150202 20:46:07 10502 Xrd: CheckErrorStatus: Server [cms-xrd-global.cern.ch:1094] declared: session not found(error code: 3011)
150202 20:46:07 10502 Xrd: CheckErrorStatus: Server [xrootd.ba.infn.it:1094] declared: session not found(error code: 3011)
02-Feb-2015 20:46:07 GMT  Successfully opened file root://xrootd.unl.edu//store/group/dpg_trigger/comm_trigger/L1TrackTrigger/620_SLHC10/Extended2023TTI/MinBias/MinBias_TuneZ2star_GEN_SIM_142.root
150202 20:50:59 27835 Xrd: XrdClientMessage::ReadRaw: Failed to read header (8 bytes).
150202 20:51:30 10866 Xrd: XrdClientMessage::ReadRaw: Failed to read header (8 bytes).
150202 20:54:59 27832 Xrd: XrdClientMessage::ReadRaw: Failed to read header (8 bytes).
02-Feb-2015 20:55:20 GMT  Closed file root://xrootd.unl.edu//store/group/dpg_trigger/comm_trigger/L1TrackTrigger/620_SLHC10/Extended2023TTI/MinBias/MinBias_TuneZ2star_GEN_SIM_142.root
02-Feb-2015 20:55:20 GMT  Initiating request to open file root://xrootd.unl.edu//store/group/dpg_trigger/comm_trigger/L1TrackTrigger/620_SLHC10/Extended2023TTI/MinBias/MinBias_TuneZ2star_GEN_SIM_364.root
150202 20:55:55 18946 Xrd: CheckErrorStatus: Server [cms-xrd-global.cern.ch:1094] declared: session not found(error code: 3011)
150202 20:55:55 18946 Xrd: CheckErrorStatus: Server [xrootd-redic.pi.infn.it:1094] declared: session not found(error code: 3011)
02-Feb-2015 20:55:56 GMT  Successfully opened file root://xrootd.unl.edu//store/group/dpg_trigger/comm_trigger/L1TrackTrigger/620_SLHC10/Extended2023TTI/MinBias/MinBias_TuneZ2star_GEN_SIM_364.root
150202 21:00:29 10867 Xrd: XrdClientMessage::ReadRaw: Failed to read header (8 bytes).
150202 21:00:59 19337 Xrd: XrdClientMessage::ReadRaw: Failed to read header (8 bytes).
02-Feb-2015 21:05:05 GMT  Closed file root://xrootd.unl.edu//store/group/dpg_trigger/comm_trigger/L1TrackTrigger/620_SLHC10/Extended2023TTI/MinBias/MinBias_TuneZ2star_GEN_SIM_364.root
02-Feb-2015 21:05:05 GMT  Initiating request to open file root://xrootd.unl.edu//store/group/dpg_trigger/comm_trigger/L1TrackTrigger/620_SLHC10/Extended2023TTI/MinBias/MinBias_TuneZ2star_GEN_SIM_316.root
150202 21:05:57 27117 Xrd: CheckErrorStatus: Server [xrootd.ba.infn.it:1094] declared: session not found(error code: 3011)
02-Feb-2015 21:05:57 GMT  Successfully opened file root://xrootd.unl.edu//store/group/dpg_trigger/comm_trigger/L1TrackTrigger/620_SLHC10/Extended2023TTI/MinBias/MinBias_TuneZ2star_GEN_SIM_316.root
DTTSPhi::addTracoT: preview not present in TRACO trigger or its code=0  trigger not added!
DTTSPhi::addTracoT: preview not present in TRACO trigger or its code=0  trigger not added!
150202 21:10:29 19338 Xrd: XrdClientMessage::ReadRaw: Failed to read header (8 bytes).
150202 21:10:59 27972 Xrd: XrdClientMessage::ReadRaw: Failed to read header (8 bytes).
02-Feb-2015 21:11:14 GMT  Closed file root://xrootd.unl.edu//store/group/dpg_trigger/comm_trigger/L1TrackTrigger/620_SLHC10/Extended2023TTI/MinBias/MinBias_TuneZ2star_GEN_SIM_316.root
02-Feb-2015 21:11:14 GMT  Initiating request to open file root://xrootd.unl.edu//store/group/dpg_trigger/comm_trigger/L1TrackTrigger/620_SLHC10/Extended2023TTI/MinBias/MinBias_TuneZ2star_GEN_SIM_92.root
150202 21:11:45 32496 Xrd: CheckErrorStatus: Server [xrootd-redic.pi.infn.it:1094] declared: session not found(error code: 3011)
02-Feb-2015 21:11:45 GMT  Successfully opened file root://xrootd.unl.edu//store/group/dpg_trigger/comm_trigger/L1TrackTrigger/620_SLHC10/Extended2023TTI/MinBias/MinBias_TuneZ2star_GEN_SIM_92.root
150202 21:16:29 27973 Xrd: XrdClientMessage::ReadRaw: Failed to read header (8 bytes).
150202 21:16:59 527 Xrd: XrdClientMessage::ReadRaw: Failed to read header (8 bytes).
02-Feb-2015 21:21:39 GMT  Closed file root://xrootd.unl.edu//store/group/dpg_trigger/comm_trigger/L1TrackTrigger/620_SLHC10/Extended2023TTI/MinBias/MinBias_TuneZ2star_GEN_SIM_92.root
02-Feb-2015 21:21:39 GMT  Initiating request to open file root://xrootd.unl.edu//store/group/dpg_trigger/comm_trigger/L1TrackTrigger/620_SLHC10/Extended2023TTI/MinBias/MinBias_TuneZ2star_GEN_SIM_228.root
150202 21:22:09 10114 Xrd: CheckErrorStatus: Server [xrootd.ba.infn.it:1094] declared: session not found(error code: 3011)
02-Feb-2015 21:22:09 GMT  Successfully opened file root://xrootd.unl.edu//store/group/dpg_trigger/comm_trigger/L1TrackTrigger/620_SLHC10/Extended2023TTI/MinBias/MinBias_TuneZ2star_GEN_SIM_228.root
150202 21:27:00 528 Xrd: XrdClientMessage::ReadRaw: Failed to read header (8 bytes).
150202 21:27:29 10380 Xrd: XrdClientMessage::ReadRaw: Failed to read header (8 bytes).
02-Feb-2015 21:30:48 GMT  Closed file root://xrootd.unl.edu//store/group/dpg_trigger/comm_trigger/L1TrackTrigger/620_SLHC10/Extended2023TTI/MinBias/MinBias_TuneZ2star_GEN_SIM_228.root
02-Feb-2015 21:30:48 GMT  Initiating request to open file root://xrootd.unl.edu//store/group/dpg_trigger/comm_trigger/L1TrackTrigger/620_SLHC10/Extended2023TTI/MinBias/MinBias_TuneZ2star_GEN_SIM_981.root
150202 21:31:18 23304 Xrd: CheckErrorStatus: Server [xrootd-redic.pi.infn.it:1094] declared: session not found(error code: 3011)
02-Feb-2015 21:31:19 GMT  Successfully opened file root://xrootd.unl.edu//store/group/dpg_trigger/comm_trigger/L1TrackTrigger/620_SLHC10/Extended2023TTI/MinBias/MinBias_TuneZ2star_GEN_SIM_981.root
150202 21:35:59 10381 Xrd: XrdClientMessage::ReadRaw: Failed to read header (8 bytes).
150202 21:36:29 23653 Xrd: XrdClientMessage::ReadRaw: Failed to read header (8 bytes).
02-Feb-2015 21:40:00 GMT  Closed file root://xrootd.unl.edu//store/group/dpg_trigger/comm_trigger/L1TrackTrigger/620_SLHC10/Extended2023TTI/MinBias/MinBias_TuneZ2star_GEN_SIM_981.root
02-Feb-2015 21:40:00 GMT  Initiating request to open file root://xrootd.unl.edu//store/group/dpg_trigger/comm_trigger/L1TrackTrigger/620_SLHC10/Extended2023TTI/MinBias/MinBias_TuneZ2star_GEN_SIM_306.root
150202 21:40:30 31288 Xrd: CheckErrorStatus: Server [xrootd-redic.pi.infn.it:1094] declared: session not found(error code: 3011)
02-Feb-2015 21:40:31 GMT  Successfully opened file root://xrootd.unl.edu//store/group/dpg_trigger/comm_trigger/L1TrackTrigger/620_SLHC10/Extended2023TTI/MinBias/MinBias_TuneZ2star_GEN_SIM_306.root
150202 21:42:30 10865 Xrd: XrdClientMessage::ReadRaw: Failed to read header (8 bytes).
150202 21:45:29 23654 Xrd: XrdClientMessage::ReadRaw: Failed to read header (8 bytes).
150202 21:46:00 31760 Xrd: XrdClientMessage::ReadRaw: Failed to read header (8 bytes).
02-Feb-2015 21:54:30 GMT  Closed file root://xrootd.unl.edu//store/group/dpg_trigger/comm_trigger/L1TrackTrigger/620_SLHC10/Extended2023TTI/MinBias/MinBias_TuneZ2star_GEN_SIM_306.root
02-Feb-2015 21:54:30 GMT  Initiating request to open file root://xrootd.unl.edu//store/group/dpg_trigger/comm_trigger/L1TrackTrigger/620_SLHC10/Extended2023TTI/MinBias/MinBias_TuneZ2star_GEN_SIM_678.root
150202 21:55:01 12580 Xrd: CheckErrorStatus: Server [xrootd-redic.pi.infn.it:1094] declared: session not found(error code: 3011)
02-Feb-2015 21:55:02 GMT  Successfully opened file root://xrootd.unl.edu//store/group/dpg_trigger/comm_trigger/L1TrackTrigger/620_SLHC10/Extended2023TTI/MinBias/MinBias_TuneZ2star_GEN_SIM_678.root
150202 21:59:59 31761 Xrd: XrdClientMessage::ReadRaw: Failed to read header (8 bytes).
150202 22:00:29 14736 Xrd: XrdClientMessage::ReadRaw: Failed to read header (8 bytes).
02-Feb-2015 22:02:03 GMT  Closed file root://xrootd.unl.edu//store/group/dpg_trigger/comm_trigger/L1TrackTrigger/620_SLHC10/Extended2023TTI/MinBias/MinBias_TuneZ2star_GEN_SIM_678.root
02-Feb-2015 22:02:03 GMT  Initiating request to open file root://xrootd.unl.edu//store/group/dpg_trigger/comm_trigger/L1TrackTrigger/620_SLHC10/Extended2023TTI/MinBias/MinBias_TuneZ2star_GEN_SIM_197.root
150202 22:02:03 28241 Xrd: CheckErrorStatus: Server [cms-xrd-global.cern.ch:1094] declared: session not found(error code: 3011)
150202 22:02:03 28241 Xrd: CheckErrorStatus: Server [xrootd.ba.infn.it:1094] declared: session not found(error code: 3011)
02-Feb-2015 22:02:04 GMT  Successfully opened file root://xrootd.unl.edu//store/group/dpg_trigger/comm_trigger/L1TrackTrigger/620_SLHC10/Extended2023TTI/MinBias/MinBias_TuneZ2star_GEN_SIM_197.root
150202 22:07:29 28243 Xrd: XrdClientMessage::ReadRaw: Failed to read header (8 bytes).
150202 22:07:30 14737 Xrd: XrdClientMessage::ReadRaw: Failed to read header (8 bytes).
02-Feb-2015 22:09:12 GMT  Closed file root://xrootd.unl.edu//store/group/dpg_trigger/comm_trigger/L1TrackTrigger/620_SLHC10/Extended2023TTI/MinBias/MinBias_TuneZ2star_GEN_SIM_197.root
02-Feb-2015 22:09:12 GMT  Initiating request to open file root://xrootd.unl.edu//store/group/dpg_trigger/comm_trigger/L1TrackTrigger/620_SLHC10/Extended2023TTI/MinBias/MinBias_TuneZ2star_GEN_SIM_615.root
150202 22:11:05 1474 Xrd: CheckErrorStatus: Server [xrootd.ba.infn.it:1094] declared: session not found(error code: 3011)
02-Feb-2015 22:11:05 GMT  Successfully opened file root://xrootd.unl.edu//store/group/dpg_trigger/comm_trigger/L1TrackTrigger/620_SLHC10/Extended2023TTI/MinBias/MinBias_TuneZ2star_GEN_SIM_615.root
150202 22:14:29 28244 Xrd: XrdClientMessage::ReadRaw: Failed to read header (8 bytes).
150202 22:15:29 19336 Xrd: XrdClientMessage::ReadRaw: Failed to read header (8 bytes).
150202 22:16:29 2591 Xrd: XrdClientMessage::ReadRaw: Failed to read header (8 bytes).
02-Feb-2015 22:16:45 GMT  Closed file root://xrootd.unl.edu//store/group/dpg_trigger/comm_trigger/L1TrackTrigger/620_SLHC10/Extended2023TTI/MinBias/MinBias_TuneZ2star_GEN_SIM_615.root
02-Feb-2015 22:16:45 GMT  Initiating request to open file root://xrootd.unl.edu//store/group/dpg_trigger/comm_trigger/L1TrackTrigger/620_SLHC10/Extended2023TTI/MinBias/MinBias_TuneZ2star_GEN_SIM_300.root
150202 22:18:05 13059 Xrd: CheckErrorStatus: Server [cms-xrd-global.cern.ch:1094] declared: session not found(error code: 3011)
150202 22:18:06 13059 Xrd: CheckErrorStatus: Server [xrootd-redic.pi.infn.it:1094] declared: session not found(error code: 3011)
150202 22:18:06 13059 Xrd: CheckErrorStatus: Server [eoscms.cern.ch:1094] declared: session not found(error code: 3011)
02-Feb-2015 22:18:06 GMT  Successfully opened file root://xrootd.unl.edu//store/group/dpg_trigger/comm_trigger/L1TrackTrigger/620_SLHC10/Extended2023TTI/MinBias/MinBias_TuneZ2star_GEN_SIM_300.root
02-Feb-2015 22:20:31 GMT  Closed file root://xrootd.unl.edu//store/group/dpg_trigger/comm_trigger/L1TrackTrigger/620_SLHC10/Extended2023TTI/MinBias/MinBias_TuneZ2star_GEN_SIM_300.root
02-Feb-2015 22:20:31 GMT  Initiating request to open file root://xrootd.unl.edu//store/group/dpg_trigger/comm_trigger/L1TrackTrigger/620_SLHC10/Extended2023TTI/MinBias/MinBias_TuneZ2star_GEN_SIM_28.root
150202 22:21:59 2592 Xrd: XrdClientMessage::ReadRaw: Failed to read header (8 bytes).
150202 22:23:29 14241 Xrd: XrdClientMessage::ReadRaw: Failed to read header (8 bytes).
150202 22:24:22 15375 Xrd: CheckErrorStatus: Server [xrootd.ba.infn.it:1094] declared: session not found(error code: 3011)
02-Feb-2015 22:24:24 GMT  Successfully opened file root://xrootd.unl.edu//store/group/dpg_trigger/comm_trigger/L1TrackTrigger/620_SLHC10/Extended2023TTI/MinBias/MinBias_TuneZ2star_GEN_SIM_28.root
150202 22:25:59 14242 Xrd: XrdClientMessage::ReadRaw: Failed to read header (8 bytes).
150202 22:29:30 17322 Xrd: XrdClientMessage::ReadRaw: Failed to read header (8 bytes).
02-Feb-2015 22:29:41 GMT  Closed file root://xrootd.unl.edu//store/group/dpg_trigger/comm_trigger/L1TrackTrigger/620_SLHC10/Extended2023TTI/MinBias/MinBias_TuneZ2star_GEN_SIM_28.root
02-Feb-2015 22:29:41 GMT  Initiating request to open file root://xrootd.unl.edu//store/group/dpg_trigger/comm_trigger/L1TrackTrigger/620_SLHC10/Extended2023TTI/MinBias/MinBias_TuneZ2star_GEN_SIM_202.root
150202 22:30:12 22375 Xrd: CheckErrorStatus: Server [llrxrd-redir.in2p3.fr:1094] declared: session not found(error code: 3011)
150202 22:30:12 22375 Xrd: CheckErrorStatus: Server [eoscms.cern.ch:1094] declared: session not found(error code: 3011)
02-Feb-2015 22:30:13 GMT  Successfully opened file root://xrootd.unl.edu//store/group/dpg_trigger/comm_trigger/L1TrackTrigger/620_SLHC10/Extended2023TTI/MinBias/MinBias_TuneZ2star_GEN_SIM_202.root
150202 22:34:59 17325 Xrd: XrdClientMessage::ReadRaw: Failed to read header (8 bytes).
02-Feb-2015 22:35:02 GMT  Closed file root://xrootd.unl.edu//store/group/dpg_trigger/comm_trigger/L1TrackTrigger/620_SLHC10/Extended2023TTI/MinBias/MinBias_TuneZ2star_GEN_SIM_202.root
02-Feb-2015 22:35:02 GMT  Initiating request to open file root://xrootd.unl.edu//store/group/dpg_trigger/comm_trigger/L1TrackTrigger/620_SLHC10/Extended2023TTI/MinBias/MinBias_TuneZ2star_GEN_SIM_872.root
02-Feb-2015 22:35:04 GMT  Successfully opened file root://xrootd.unl.edu//store/group/dpg_trigger/comm_trigger/L1TrackTrigger/620_SLHC10/Extended2023TTI/MinBias/MinBias_TuneZ2star_GEN_SIM_872.root
150202 22:38:29 14240 Xrd: XrdClientMessage::ReadRaw: Failed to read header (8 bytes).
02-Feb-2015 22:39:34 GMT  Closed file root://xrootd.unl.edu//store/group/dpg_trigger/comm_trigger/L1TrackTrigger/620_SLHC10/Extended2023TTI/MinBias/MinBias_TuneZ2star_GEN_SIM_872.root
02-Feb-2015 22:39:34 GMT  Initiating request to open file root://xrootd.unl.edu//store/group/dpg_trigger/comm_trigger/L1TrackTrigger/620_SLHC10/Extended2023TTI/MinBias/MinBias_TuneZ2star_GEN_SIM_54.root
150202 22:40:05 25974 Xrd: XrdClientMessage::ReadRaw: Failed to read header (8 bytes).
150202 22:40:05 25973 Xrd: XrdClientMessage::ReadRaw: Failed to read header (8 bytes).
02-Feb-2015 22:40:06 GMT  Successfully opened file root://xrootd.unl.edu//store/group/dpg_trigger/comm_trigger/L1TrackTrigger/620_SLHC10/Extended2023TTI/MinBias/MinBias_TuneZ2star_GEN_SIM_54.root
150202 22:44:29 28242 Xrd: XrdClientMessage::ReadRaw: Failed to read header (8 bytes).
150202 22:44:59 1210 Xrd: XrdClientMessage::ReadRaw: Failed to read header (8 bytes).
150202 22:45:29 9266 Xrd: XrdClientMessage::ReadRaw: Failed to read header (8 bytes).
02-Feb-2015 22:47:46 GMT  Closed file root://xrootd.unl.edu//store/group/dpg_trigger/comm_trigger/L1TrackTrigger/620_SLHC10/Extended2023TTI/MinBias/MinBias_TuneZ2star_GEN_SIM_54.root
02-Feb-2015 22:47:46 GMT  Initiating request to open file root://xrootd.unl.edu//store/group/dpg_trigger/comm_trigger/L1TrackTrigger/620_SLHC10/Extended2023TTI/MinBias/MinBias_TuneZ2star_GEN_SIM_692.root
150202 22:48:17 12290 Xrd: CheckErrorStatus: Server [cms-xrd-global.cern.ch:1094] declared: session not found(error code: 3011)
150202 22:48:17 12290 Xrd: CheckErrorStatus: Server [xrootd.ba.infn.it:1094] declared: session not found(error code: 3011)
02-Feb-2015 22:48:18 GMT  Successfully opened file root://xrootd.unl.edu//store/group/dpg_trigger/comm_trigger/L1TrackTrigger/620_SLHC10/Extended2023TTI/MinBias/MinBias_TuneZ2star_GEN_SIM_692.root
02-Feb-2015 22:50:50 GMT  Closed file root://dcap.pp.rl.ac.uk:1094/pnfs/pp.rl.ac.uk/data/cms/store/user/dcieri/ttbar_SIM/ttbar/ttbar_SIM/150129_145223/0000/step1_311.root
02-Feb-2015 22:50:51 GMT  Closed file root://xrootd.unl.edu//store/group/dpg_trigger/comm_trigger/L1TrackTrigger/620_SLHC10/Extended2023TTI/MinBias/MinBias_TuneZ2star_GEN_SIM_692.root

=============================================

MessageLogger Summary

 type     category        sev    module        subroutine        count    total
 ---- -------------------- -- ---------------- ----------------  -----    -----
    1 fileAction           -s MixingModule:mix                      69       69
    2 fileAction           -s MixingModule:mix                       2        2
    3 fileAction           -s MixingModule:mix                       1        1
    4 fileAction           -s file_close                             1        1
    5 fileAction           -s file_open                              2        2

 type    category    Examples: run/evt        run/evt          run/evt
 ---- -------------------- ---------------- ---------------- ----------------
    1 fileAction           1/3101           1/3101           1/3110
    2 fileAction           pre-events       pre-events       
    3 fileAction           PostEndRun                        
    4 fileAction           PostEndRun                        
    5 fileAction           pre-events       pre-events       

Severity    # Occurrences   Total Occurrences
--------    -------------   -----------------
System                 75                  75
>>> END OF printout of 248 lines from stdout+stderr
>>> Parse FrameworkJobReport crab_fjr.xml
Result of parsing the FrameworkJobReport crab_fjr.xml: 
Extracted ExitStatus from FrameworkJobReport parsing output: 0
>>> Executable succeded  0
ExeExitCode=0
EXECUTABLE_EXIT_STATUS = 0
>>> current directory /scratch/condor/dir_11807/glide_rZeSF6/execute/dir_1230/CMSSW_6_2_0_SLHC12
>>>  (SOFTWARE_DIR): /scratch/condor/dir_11807/glide_rZeSF6/execute/dir_1230/CMSSW_6_2_0_SLHC12
>>> (WORKING_DIR): 
>>> current directory content:
total 243668
drwxr-xr-x 3 cms415 gplcms      4096 Feb  2 18:57 .SCRAM
-rw------- 1 cms415 gplcms    915837 Feb  2 18:57 CMSSW.py.pkl
drwxr-xr-x 3 cms415 gplcms      4096 Feb  2 18:57 bin
drwxr-xr-x 3 cms415 gplcms      4096 Feb  2 18:57 cfipython
drwxr-xr-x 4 cms415 gplcms      4096 Apr 28  2014 config
-rw------- 1 cms415 gplcms        17 Feb  2 22:50 cpu_timing.txt
drwxr-xr-x 2 cms415 gplcms      4096 Feb  2 18:57 doc
-rw------- 1 cms415 gplcms     27635 Feb  2 22:50 executable.out
drwxr-xr-x 2 cms415 gplcms      4096 Feb  2 18:57 include
drwx------ 3 cms415 gplcms      4096 Oct  7 10:12 lib
drwxr-xr-x 3 cms415 gplcms      4096 Feb  2 18:57 logs
drwxr-xr-x 3 cms415 gplcms      4096 Feb  2 18:57 objs
-rw------- 1 cms415 gplcms       104 Feb  2 18:57 pset.py
-rw------- 1 cms415 gplcms    926826 Feb  2 18:57 pset.py.pkl
-rw------- 1 cms415 gplcms       289 Feb  2 18:57 pset.pyc
drwxr-xr-x 2 cms415 gplcms      4096 Feb  2 18:57 python
-rw------- 1 cms415 gplcms       353 Feb  2 22:50 report.log
drwxr-xr-x 2 cms415 gplcms      4096 Feb  2 18:57 src
-rw------- 1 cms415 gplcms 247315392 Feb  2 22:50 step2.root
drwxr-xr-x 3 cms415 gplcms      4096 Feb  2 18:57 test
drwxr-xr-x 3 cms415 gplcms      4096 Feb  2 18:57 tmp
>>> current directory /scratch/condor/dir_11807/glide_rZeSF6/execute/dir_1230/CMSSW_6_2_0_SLHC12
>>> (SOFTWARE_DIR): /scratch/condor/dir_11807/glide_rZeSF6/execute/dir_1230/CMSSW_6_2_0_SLHC12
>>> (WORKING_DIR): 
>>> current directory content:
total 243668
drwxr-xr-x 3 cms415 gplcms      4096 Feb  2 18:57 .SCRAM
-rw------- 1 cms415 gplcms    915837 Feb  2 18:57 CMSSW.py.pkl
drwxr-xr-x 3 cms415 gplcms      4096 Feb  2 18:57 bin
drwxr-xr-x 3 cms415 gplcms      4096 Feb  2 18:57 cfipython
drwxr-xr-x 4 cms415 gplcms      4096 Apr 28  2014 config
-rw------- 1 cms415 gplcms        17 Feb  2 22:50 cpu_timing.txt
drwxr-xr-x 2 cms415 gplcms      4096 Feb  2 18:57 doc
-rw------- 1 cms415 gplcms     27635 Feb  2 22:50 executable.out
drwxr-xr-x 2 cms415 gplcms      4096 Feb  2 18:57 include
drwx------ 3 cms415 gplcms      4096 Oct  7 10:12 lib
drwxr-xr-x 3 cms415 gplcms      4096 Feb  2 18:57 logs
drwxr-xr-x 3 cms415 gplcms      4096 Feb  2 18:57 objs
-rw------- 1 cms415 gplcms       104 Feb  2 18:57 pset.py
-rw------- 1 cms415 gplcms    926826 Feb  2 18:57 pset.py.pkl
-rw------- 1 cms415 gplcms       289 Feb  2 18:57 pset.pyc
drwxr-xr-x 2 cms415 gplcms      4096 Feb  2 18:57 python
-rw------- 1 cms415 gplcms       353 Feb  2 22:50 report.log
drwxr-xr-x 2 cms415 gplcms      4096 Feb  2 18:57 src
-rw------- 1 cms415 gplcms 247315392 Feb  2 22:50 step2_18_1_49i.root
drwxr-xr-x 3 cms415 gplcms      4096 Feb  2 18:57 test
drwxr-xr-x 3 cms415 gplcms      4096 Feb  2 18:57 tmp
>>> current directory (RUNTIME_AREA):  /scratch/condor/dir_11807/glide_rZeSF6/execute/dir_1230
PNN = T2_UK_SGrid_RALPP
SE = heplnx204.pp.rl.ac.uk
SE_PATH = /srm/managerv2?SFN=/pnfs/pp.rl.ac.uk/data/cms/store/user/dcieri/ttbar_PU140_DIGI/dcieri/ttbar/ttbar_PU140_DIGI/3c0380cf82de79bc39966c93934c61fc/
LFNBaseName = /store/user/dcieri/ttbar_PU140_DIGI/dcieri/ttbar/ttbar_PU140_DIGI/3c0380cf82de79bc39966c93934c61fc/
USER = dcieri
endpoint = srm://heplnx204.pp.rl.ac.uk:8443/srm/managerv2?SFN=/pnfs/pp.rl.ac.uk/data/cms/store/user/dcieri/ttbar_PU140_DIGI/dcieri/ttbar/ttbar_PU140_DIGI/3c0380cf82de79bc39966c93934c61fc/
>>> Copy output files from WN = heplnc007.pp.rl.ac.uk to /srm/managerv2?SFN=/pnfs/pp.rl.ac.uk/data/cms/store/user/dcieri/ttbar_PU140_DIGI/dcieri/ttbar/ttbar_PU140_DIGI/3c0380cf82de79bc39966c93934c61fc/ :
python cmscp.py  --destination srm://heplnx204.pp.rl.ac.uk:8443/srm/managerv2?SFN=/pnfs/pp.rl.ac.uk/data/cms/store/user/dcieri/ttbar_PU140_DIGI/dcieri/ttbar/ttbar_PU140_DIGI/3c0380cf82de79bc39966c93934c61fc/ --inputFileList /scratch/condor/dir_11807/glide_rZeSF6/execute/dir_1230/CMSSW_6_2_0_SLHC12/step2_18_1_49i.root --middleware LCG --PNN T2_UK_SGrid_RALPP --se_name heplnx204.pp.rl.ac.uk --for_lfn /store/user/dcieri/ttbar_PU140_DIGI/dcieri/ttbar/ttbar_PU140_DIGI/3c0380cf82de79bc39966c93934c61fc/    
******************************************************
localSeName  =  heplnx204.pp.rl.ac.uk
remoteSeName =  heplnx204.pp.rl.ac.uk
******************************************************
{"/scratch/condor/dir_11807/glide_rZeSF6/execute/dir_1230/CMSSW_6_2_0_SLHC12/step2_18_1_49i.root": {"endpoint": "srm://heplnx204.pp.rl.ac.uk:8443/srm/managerv2?SFN=/pnfs/pp.rl.ac.uk/data/cms/store/user/dcieri/ttbar_PU140_DIGI/dcieri/ttbar/ttbar_PU140_DIGI/3c0380cf82de79bc39966c93934c61fc/", "surl_for_grid": "", "reason": "Copy succedeed with srm-lcg utils", "erCode": "0", "PNN": "T2_UK_SGrid_RALPP", "se_name": "heplnx204.pp.rl.ac.uk", "for_lfn": "/store/user/dcieri/ttbar_PU140_DIGI/dcieri/ttbar/ttbar_PU140_DIGI/3c0380cf82de79bc39966c93934c61fc/"}}/scratch/condor/dir_11807/glide_rZeSF6/execute/dir_1230
-------- cat /scratch/condor/dir_11807/glide_rZeSF6/execute/dir_1230/cmscpReport.sh 
#!/bin/bash
echo "Report for File: /scratch/condor/dir_11807/glide_rZeSF6/execute/dir_1230/CMSSW_6_2_0_SLHC12/step2_18_1_49i.root"
echo "LFN: /store/user/dcieri/ttbar_PU140_DIGI/dcieri/ttbar/ttbar_PU140_DIGI/3c0380cf82de79bc39966c93934c61fc/step2_18_1_49i.root"
echo "StorageElement: heplnx204.pp.rl.ac.uk"
echo "StageOutExitStatusReason = 'Copy succedeed with srm-lcg utils'" | tee -a $RUNTIME_AREA/$repo
echo "StageOutSE = heplnx204.pp.rl.ac.uk" >> $RUNTIME_AREA/$repo

export StageOutExitStatus=0
echo "StageOutExitStatus = 0" | tee -a $RUNTIME_AREA/$repo
-------- end of /scratch/condor/dir_11807/glide_rZeSF6/execute/dir_1230/cmscpReport.sh 
Report for File: /scratch/condor/dir_11807/glide_rZeSF6/execute/dir_1230/CMSSW_6_2_0_SLHC12/step2_18_1_49i.root
LFN: /store/user/dcieri/ttbar_PU140_DIGI/dcieri/ttbar/ttbar_PU140_DIGI/3c0380cf82de79bc39966c93934c61fc/step2_18_1_49i.root
StorageElement: heplnx204.pp.rl.ac.uk
StageOutExitStatusReason = 'Copy succedeed with srm-lcg utils'
StageOutExitStatus = 0
>>> current dir: /scratch/condor/dir_11807/glide_rZeSF6/execute/dir_1230
>>> current dir content:
total 8832
-rw-------  1 cms415 gplcms    2721 Feb  2 22:51 .SEinteraction.log
-rwx------  1 cms415 gplcms      51 Feb  2 18:55 .chirp_config
-rwx------  1 cms415 gplcms    7891 Feb  2 18:55 .job.ad
-rwx------  1 cms415 gplcms    9788 Feb  2 18:55 .machine.ad
-rw-------  1 cms415 gplcms     105 Feb  2 12:16 CMSSW.py
-rw-------  1 cms415 gplcms  915837 Feb  2 12:16 CMSSW.py.pkl
-rwx------  1 cms415 gplcms   29498 Feb  2 18:57 CMSSW.sh
drwxr-xr-x 15 cms415 gplcms    4096 Feb  2 22:50 CMSSW_6_2_0_SLHC12
-rw-------  1 cms415 gplcms     189 Feb  2 18:57 CacheEnv.sh
-rw-------  1 cms415 gplcms    7291 Nov 19 14:52 DashboardAPI.py
-rw-------  1 cms415 gplcms    6455 Feb  2 18:57 DashboardAPI.pyc
drwx------  2 cms415 gplcms    4096 Feb  2 22:50 IMProv
-rw-------  1 cms415 gplcms    2748 Nov 19 14:52 Logger.py
-rw-------  1 cms415 gplcms    3227 Feb  2 18:57 Logger.pyc
-rw-------  1 cms415 gplcms   24524 Nov 19 14:52 ProcInfo.py
-rw-------  1 cms415 gplcms   22621 Feb  2 18:57 ProcInfo.pyc
drwx------  7 cms415 gplcms    4096 Feb  2 18:57 ProdCommon
drwx------  3 cms415 gplcms    4096 Feb  2 18:57 WMCore
-rw-------  1 cms415 gplcms   14204 Feb  2 22:50 Watchdog_18.log
-rwx------  1 cms415 gplcms       0 Feb  2 18:57 _condor_stderr
-rwx---r--  1 cms415 gplcms   42355 Feb  2 22:51 _condor_stdout
-rw-------  1 cms415 gplcms   32895 Nov 19 14:52 apmon.py
-rw-------  1 cms415 gplcms   27929 Feb  2 18:57 apmon.pyc
-rwx------  1 cms415 gplcms  134309 Feb  2 18:57 arguments.xml
-rwx------  1 cms415 gplcms   38581 Nov 19 14:52 cmscp.py
-rw-------  1 cms415 gplcms     559 Feb  2 22:51 cmscpReport.sh
-rwx------  1 cms415 gplcms   29498 Feb  2 18:57 condor_exec.exe
-rw-------  1 cms415 gplcms     544 Feb  2 12:16 crab.cfg
-rwx------  1 cms415 gplcms    8610 Nov 19 14:52 crabWatchdog.sh
-rwx---r--  1 cms415 gplcms  112100 Feb  2 22:50 crab_fjr_18.xml
-rwx------  1 cms415 gplcms 7390485 Feb  2 18:57 default.tgz
-rwx------  1 cms415 gplcms    4488 Nov 19 14:52 fillCrabFjr.py
-rw-------  1 cms415 gplcms     226 Feb  2 18:57 inputsReport.txt
-rw-------  1 cms415 gplcms     243 Feb  2 22:51 jobreport.txt
-rw-------  1 cms415 gplcms   17352 Nov 19 14:52 parseCrabFjr.py
-rw-------  1 cms415 gplcms     321 Feb  2 18:57 report.log
-rwx--x--x  1 cms415 gplcms    1497 Nov 19 14:52 report.py
-rw-------  1 cms415 gplcms     553 Feb  2 22:51 resultCopyFile
lrwxrwxrwx  1 cms415 gplcms      94 Feb  2 22:50 step2.root -> /scratch/condor/dir_11807/glide_rZeSF6/execute/dir_1230/CMSSW_6_2_0_SLHC12/step2_18_1_49i.root
-rwx------  1 cms415 gplcms    8351 Nov 19 14:52 writeCfg.py
-rw-------  1 cms415 gplcms   10293 Feb  2 18:55 x509up_u62281
>>> Modify Job Report:
CMSSW_VERSION = CMSSW_6_2_0_SLHC12
ProcessedDataset = ttbar_PU140_DIGI
/scratch/condor/dir_11807/glide_rZeSF6/execute/dir_1230/ProdCommon/FwkJobRep/ModifyJobReport.py fjr /scratch/condor/dir_11807/glide_rZeSF6/execute/dir_1230/crab_fjr_18.xml json /scratch/condor/dir_11807/glide_rZeSF6/execute/dir_1230/resultCopyFile n_job 18_1_49i PrimaryDataset ttbar  ApplicationFamily cmsRun ApplicationName cmsRun cmssw_version CMSSW_6_2_0_SLHC12 psethash 3c0380cf82de79bc39966c93934c61fc UserProcessedDataset dcieri-ttbar_PU140_DIGI-3c0380cf82de79bc39966c93934c61fc
inputDict =  {u'/scratch/condor/dir_11807/glide_rZeSF6/execute/dir_1230/CMSSW_6_2_0_SLHC12/step2_18_1_49i.root': {u'endpoint': u'srm://heplnx204.pp.rl.ac.uk:8443/srm/managerv2?SFN=/pnfs/pp.rl.ac.uk/data/cms/store/user/dcieri/ttbar_PU140_DIGI/dcieri/ttbar/ttbar_PU140_DIGI/3c0380cf82de79bc39966c93934c61fc/', u'surl_for_grid': u'', u'reason': u'Copy succedeed with srm-lcg utils', u'erCode': u'0', u'PNN': u'T2_UK_SGrid_RALPP', u'se_name': u'heplnx204.pp.rl.ac.uk', u'for_lfn': u'/store/user/dcieri/ttbar_PU140_DIGI/dcieri/ttbar/ttbar_PU140_DIGI/3c0380cf82de79bc39966c93934c61fc/'}}
UserProcessedDataset =  dcieri-ttbar_PU140_DIGI-3c0380cf82de79bc39966c93934c61fc
WORKING ON EDM FILE
file_name in inputDict =  /scratch/condor/dir_11807/glide_rZeSF6/execute/dir_1230/CMSSW_6_2_0_SLHC12/step2_18_1_49i.root
(size) os.stat(filename)[6] =  247315392
checksum =  103516212
    file =  step2_18_1_49i.root
    newPfn =  srm://heplnx204.pp.rl.ac.uk:8443/srm/managerv2?SFN=/pnfs/pp.rl.ac.uk/data/cms/store/user/dcieri/ttbar_PU140_DIGI/dcieri/ttbar/ttbar_PU140_DIGI/3c0380cf82de79bc39966c93934c61fc/step2_18_1_49i.root
    newLfn =  /store/user/dcieri/ttbar_PU140_DIGI/dcieri/ttbar/ttbar_PU140_DIGI/3c0380cf82de79bc39966c93934c61fc/step2_18_1_49i.root
>>> crab_fjr_*.xml  permission set to 0704
CrabWrapper EXIT_FUNC entered at Mon Feb  2 22:51:49 GMT 2015   -  Mon Feb  2 22:51:49 UTC 2015
Checking output files:  
will tar file crab_fjr_18.xml in  out_files_18
WARNING: output file CMSSW_18.stdout not found!
WARNING: output file CMSSW_18.stderr not found!
WARNING: output file Watchdog_18.log.gz not found!
>>> padding time: Wrapper lasting more than 600 seconds. No sleep required.
STOPPING WATCHDOG. CrabWatchdog PID is 3361
********** LAST 50 LINES OF WATCHDOG LOG
 Feb 02 19:50:54 GMT	3496	1221096	1737516	79	182	3199	cmsRun -j /scratch/condor/dir_11807/glide_rZeSF6/execute/dir_1230/crab_fjr_18.xml -p pset.py      
 Feb 02 19:51:54 GMT	3496	1224740	1737516	79	185	3259	cmsRun -j /scratch/condor/dir_11807/glide_rZeSF6/execute/dir_1230/crab_fjr_18.xml -p pset.py      
 Feb 02 19:52:54 GMT	3496	1227356	1737516	79	188	3319	cmsRun -j /scratch/condor/dir_11807/glide_rZeSF6/execute/dir_1230/crab_fjr_18.xml -p pset.py      
 Feb 02 19:56:55 GMT	3496	1227540	1737516	79	198	3561	cmsRun -j /scratch/condor/dir_11807/glide_rZeSF6/execute/dir_1230/crab_fjr_18.xml -p pset.py      
 Feb 02 19:57:56 GMT	3496	1229712	1737516	79	200	3621	cmsRun -j /scratch/condor/dir_11807/glide_rZeSF6/execute/dir_1230/crab_fjr_18.xml -p pset.py      
 Feb 02 19:58:56 GMT	3496	1241604	1737516	79	203	3686	cmsRun -j /scratch/condor/dir_11807/glide_rZeSF6/execute/dir_1230/crab_fjr_18.xml -p pset.py      
 Feb 02 20:00:01 GMT	3496	1243616	1737516	79	206	3746	cmsRun -j /scratch/condor/dir_11807/glide_rZeSF6/execute/dir_1230/crab_fjr_18.xml -p pset.py      
 Feb 02 20:07:03 GMT	3496	1243616	1740844	79	228	4168	cmsRun -j /scratch/condor/dir_11807/glide_rZeSF6/execute/dir_1230/crab_fjr_18.xml -p pset.py      
 Feb 02 20:08:03 GMT	3496	1266440	1754924	79	238	4228	cmsRun -j /scratch/condor/dir_11807/glide_rZeSF6/execute/dir_1230/crab_fjr_18.xml -p pset.py      
 Feb 02 20:09:04 GMT	3496	1270160	1756204	79	242	4289	cmsRun -j /scratch/condor/dir_11807/glide_rZeSF6/execute/dir_1230/crab_fjr_18.xml -p pset.py      
 Feb 02 20:10:04 GMT	3496	1273648	1756460	79	247	4349	cmsRun -j /scratch/condor/dir_11807/glide_rZeSF6/execute/dir_1230/crab_fjr_18.xml -p pset.py      
 Feb 02 20:11:04 GMT	---	1273648	1756460	101	----	----	----
 Feb 02 20:43:14 GMT	3496	1379996	1826820	101	346	6339	cmsRun -j /scratch/condor/dir_11807/glide_rZeSF6/execute/dir_1230/crab_fjr_18.xml -p pset.py      
# TIME			PID	RSS(KB)	VSZ(KB)	Dsk(MB)	tCPU(s)	tWALL(s)	COMMAND
 Feb 02 20:44:14 GMT	---	1379996	1826820	120	----	----	----
 Feb 02 21:07:20 GMT	---	1379996	1826820	143	----	----	----
 Feb 02 21:20:24 GMT	3496	1379996	1834760	143	519	8569	cmsRun -j /scratch/condor/dir_11807/glide_rZeSF6/execute/dir_1230/crab_fjr_18.xml -p pset.py      
 Feb 02 21:23:25 GMT	3496	1379996	1836808	143	527	8750	cmsRun -j /scratch/condor/dir_11807/glide_rZeSF6/execute/dir_1230/crab_fjr_18.xml -p pset.py      
 Feb 02 21:24:25 GMT	3496	1379996	1840392	143	530	8810	cmsRun -j /scratch/condor/dir_11807/glide_rZeSF6/execute/dir_1230/crab_fjr_18.xml -p pset.py      
 Feb 02 21:25:25 GMT	---	1379996	1840392	164	----	----	----
 Feb 02 21:48:32 GMT	3496	1379996	1852168	164	640	10257	cmsRun -j /scratch/condor/dir_11807/glide_rZeSF6/execute/dir_1230/crab_fjr_18.xml -p pset.py      
 Feb 02 21:48:32 GMT	---	1379996	1852168	186	----	----	----
 Feb 02 21:49:32 GMT	3496	1379996	1857288	186	641	10317	cmsRun -j /scratch/condor/dir_11807/glide_rZeSF6/execute/dir_1230/crab_fjr_18.xml -p pset.py      
 Feb 02 21:52:33 GMT	3496	1379996	1857544	186	645	10498	cmsRun -j /scratch/condor/dir_11807/glide_rZeSF6/execute/dir_1230/crab_fjr_18.xml -p pset.py      
 Feb 02 21:56:34 GMT	3496	1379996	1858568	186	655	10739	cmsRun -j /scratch/condor/dir_11807/glide_rZeSF6/execute/dir_1230/crab_fjr_18.xml -p pset.py      
 Feb 02 21:57:34 GMT	3496	1379996	1859848	186	658	10799	cmsRun -j /scratch/condor/dir_11807/glide_rZeSF6/execute/dir_1230/crab_fjr_18.xml -p pset.py      
 Feb 02 21:59:34 GMT	3496	1379996	1863688	186	665	10920	cmsRun -j /scratch/condor/dir_11807/glide_rZeSF6/execute/dir_1230/crab_fjr_18.xml -p pset.py      
 Feb 02 22:01:35 GMT	3496	1379996	1870344	186	674	11040	cmsRun -j /scratch/condor/dir_11807/glide_rZeSF6/execute/dir_1230/crab_fjr_18.xml -p pset.py      
 Feb 02 22:03:35 GMT	3496	1379996	1873672	186	683	11160	cmsRun -j /scratch/condor/dir_11807/glide_rZeSF6/execute/dir_1230/crab_fjr_18.xml -p pset.py      
 Feb 02 22:04:35 GMT	3496	1379996	1893640	186	695	11221	cmsRun -j /scratch/condor/dir_11807/glide_rZeSF6/execute/dir_1230/crab_fjr_18.xml -p pset.py      
 Feb 02 22:06:36 GMT	3496	1379996	1896968	186	705	11341	cmsRun -j /scratch/condor/dir_11807/glide_rZeSF6/execute/dir_1230/crab_fjr_18.xml -p pset.py      
 Feb 02 22:07:36 GMT	---	1379996	1896968	206	----	----	----
 Feb 02 22:19:42 GMT	3496	1379996	1899784	206	791	12127	cmsRun -j /scratch/condor/dir_11807/glide_rZeSF6/execute/dir_1230/crab_fjr_18.xml -p pset.py      
 Feb 02 22:20:42 GMT	---	1379996	1899784	227	----	----	----
 Feb 02 22:25:44 GMT	3496	1379996	1930760	227	820	12489	cmsRun -j /scratch/condor/dir_11807/glide_rZeSF6/execute/dir_1230/crab_fjr_18.xml -p pset.py      
 Feb 02 22:26:44 GMT	3496	1379996	1934088	227	824	12549	cmsRun -j /scratch/condor/dir_11807/glide_rZeSF6/execute/dir_1230/crab_fjr_18.xml -p pset.py      
 Feb 02 22:30:45 GMT	3496	1379996	1938184	227	849	12790	cmsRun -j /scratch/condor/dir_11807/glide_rZeSF6/execute/dir_1230/crab_fjr_18.xml -p pset.py      
 Feb 02 22:31:45 GMT	3496	1379996	1947400	227	856	12851	cmsRun -j /scratch/condor/dir_11807/glide_rZeSF6/execute/dir_1230/crab_fjr_18.xml -p pset.py      
 Feb 02 22:32:46 GMT	3496	1379996	1948168	227	864	12912	cmsRun -j /scratch/condor/dir_11807/glide_rZeSF6/execute/dir_1230/crab_fjr_18.xml -p pset.py      
 Feb 02 22:33:47 GMT	3496	1379996	1962760	227	879	12972	cmsRun -j /scratch/condor/dir_11807/glide_rZeSF6/execute/dir_1230/crab_fjr_18.xml -p pset.py      
 Feb 02 22:34:48 GMT	3496	1402036	1970440	227	897	13033	cmsRun -j /scratch/condor/dir_11807/glide_rZeSF6/execute/dir_1230/crab_fjr_18.xml -p pset.py      
 Feb 02 22:35:48 GMT	3496	1407324	1970440	227	906	13093	cmsRun -j /scratch/condor/dir_11807/glide_rZeSF6/execute/dir_1230/crab_fjr_18.xml -p pset.py      
 Feb 02 22:36:48 GMT	---	1407324	1970440	251	----	----	----
 Feb 02 22:43:50 GMT	3496	1407324	1974024	251	973	13576	cmsRun -j /scratch/condor/dir_11807/glide_rZeSF6/execute/dir_1230/crab_fjr_18.xml -p pset.py      
# TIME			PID	RSS(KB)	VSZ(KB)	Dsk(MB)	tCPU(s)	tWALL(s)	COMMAND
 Feb 02 22:44:51 GMT	3496	1407324	1979656	251	980	13636	cmsRun -j /scratch/condor/dir_11807/glide_rZeSF6/execute/dir_1230/crab_fjr_18.xml -p pset.py      
 Feb 02 22:46:51 GMT	3496	1407324	1980680	251	995	13757	cmsRun -j /scratch/condor/dir_11807/glide_rZeSF6/execute/dir_1230/crab_fjr_18.xml -p pset.py      
 Feb 02 22:48:52 GMT	3496	1407324	1988616	251	1016	13877	cmsRun -j /scratch/condor/dir_11807/glide_rZeSF6/execute/dir_1230/crab_fjr_18.xml -p pset.py      
 Feb 02 22:49:52 GMT	3496	1414012	1995016	251	1024	13938	cmsRun -j /scratch/condor/dir_11807/glide_rZeSF6/execute/dir_1230/crab_fjr_18.xml -p pset.py      
 Feb 02 22:50:53 GMT	---	1414012	1995016	274	----	----	----
********** WATCHDOG LOG ENDED
ZIPPING WATCHDOG LOG
Disk space used:
du -sh /scratch/condor/dir_11807/glide_rZeSF6/execute/dir_1230
274M	/scratch/condor/dir_11807/glide_rZeSF6/execute/dir_1230
Found unusual stdout, rename for OSB
`/scratch/condor/dir_11807/glide_rZeSF6/execute/dir_1230/_condor_stdout' -> `CMSSW_18.stdout'
Found unusual stderr, rename for OSB
`/scratch/condor/dir_11807/glide_rZeSF6/execute/dir_1230/_condor_stdout' -> `CMSSW_18.stderr'
crab_fjr_18.xml
CMSSW_18.stdout
CMSSW_18.stderr
Watchdog_18.log.gz
Total Output dimension: 25340
WARNING: output files size limit is set to: 50000000
Total Output dimension 25340 is fine.
JOB_EXIT_STATUS = 0
>>> info for dashboard:
***** Cat /scratch/condor/dir_11807/glide_rZeSF6/execute/dir_1230/jobreport.txt *****
MonitorJobID=18_https://submit-6.t2.ucsd.edu//150202//509447.17
MonitorID=dcieri_PU140_4dm08r
ExeTime=13991
ExeExitCode=0
StageOutExitStatusReason = 'Copy succedeed with srm-lcg utils'
StageOutSE = heplnx204.pp.rl.ac.uk
StageOutExitStatus = 0
CrabUserCpuTime=1014.38
CrabSysCpuTime=43.08
CrabCpuPercentage=7%
CrabWrapperTime=14063
CrabStageoutTime=49
JobExitCode=0
***** End Cat jobreport *****
Parameters sent to Dashboard.
EXITING at Mon Feb  2 22:51:53 GMT 2015  -  Mon Feb  2 22:51:53 UTC 2015
