This script was generated by crab (version 2.11.1_patch1).
Running /scratch/condor/dir_16639/glide_iNzubZ/execute/dir_28782/condor_exec.exe with 2 positional parameters: 164 1
Today is Mon Feb  2 20:05:21 GMT 2015 - Mon Feb  2 20:05:21 UTC 2015
Job submitted on host heplnc015.pp.rl.ac.uk
Linux heplnc015.pp.rl.ac.uk 2.6.32-504.3.3.el6.x86_64 #1 SMP Tue Dec 16 14:29:22 CST 2014 x86_64 x86_64 x86_64 GNU/Linux
Distributor ID:	Scientific
Description:	Scientific Linux release 6.6 (Carbon)
>>> current directory (RUNTIME_AREA): /scratch/condor/dir_16639/glide_iNzubZ/execute/dir_28782
>>> current user: uid=157415(cms415) gid=157000(gplcms) groups=157000(gplcms)
>>> directory permission set to 0700
>>> umask set to:  u=rwx,g=,o=
>>> stdout stderr permission set to 0704
>>> voms proxy information:
subject   : /DC=ch/DC=cern/OU=Organic Units/OU=Users/CN=dcieri/CN=755391/CN=Davide Cieri/CN=769881070/CN=2091198944
issuer    : /DC=ch/DC=cern/OU=Organic Units/OU=Users/CN=dcieri/CN=755391/CN=Davide Cieri/CN=769881070
identity  : /DC=ch/DC=cern/OU=Organic Units/OU=Users/CN=dcieri/CN=755391/CN=Davide Cieri
type      : RFC3820 compliant limited proxy
strength  : 1024
path      : /scratch/condor/dir_16639/glide_iNzubZ/execute/dir_28782/x509up_u62281
timeleft  : 23:59:24
key usage : Digital Signature, Key Encipherment
=== VO cms extension information ===
VO        : cms
subject   : /DC=ch/DC=cern/OU=Organic Units/OU=Users/CN=dcieri/CN=755391/CN=Davide Cieri
issuer    : /DC=ch/DC=cern/OU=computers/CN=lcg-voms2.cern.ch
attribute : /cms/Role=NULL/Capability=NULL
timeleft  : 184:11:02
uri       : lcg-voms2.cern.ch:15002

WNHostName=heplnc015.pp.rl.ac.uk
$_CONDOR_JOB_AD =/scratch/condor/dir_16639/glide_iNzubZ/execute/dir_28782/.job.ad
OverflowFlag=0
>>> tar --no-same-permissions -xf /scratch/condor/dir_16639/glide_iNzubZ/execute/dir_28782/default.tgz :
Successful untar
>>> Include /scratch/condor/dir_16639/glide_iNzubZ/execute/dir_28782 in PYTHONPATH:
strip arguments
env var CRAB_UNIQUE_JOB_ID set to: dcieri_PU140_4dm08r_164_1_90x
out_files_164
>>> list of expected files on output sandbox
output files: crab_fjr_164.xml CMSSW_164.stdout CMSSW_164.stderr Watchdog_164.log.gz
>>> GridFlavour discovery: 
GridFlavour=LCG
>>> SyncSite discovery: 
SyncSite=T2_UK_SGrid_RALPP
>>> SyncCE discovery: 
getting SyncCE from GLIDEIN_Gaekeeper
SyncCE=heplnv146.pp.rl.ac.uk
>>> info for dashboard:
***** Cat /scratch/condor/dir_16639/glide_iNzubZ/execute/dir_28782/jobreport.txt *****
WNHostName=heplnc015.pp.rl.ac.uk
OverflowFlag=0
MonitorJobID=164_https://submit-6.t2.ucsd.edu//150202//509447.163
SyncGridJobId=https://submit-6.t2.ucsd.edu//150202//509447.163
MonitorID=dcieri_PU140_4dm08r
GridFlavour=LCG
SyncSite=T2_UK_SGrid_RALPP
SyncCE=heplnv146.pp.rl.ac.uk
***** End Cat jobreport *****
Parameters sent to Dashboard.
>>> setup environment
set SCRAM ARCH to slc6_amd64_gcc472
SCRAM_ARCH = slc6_amd64_gcc472
>>> setup CMS LCG environment:
set SCRAM ARCH and BUILD_ARCH to slc6_amd64_gcc472 ###
Sourcing environment... 
sourcing /cvmfs/cms.cern.ch/cmsset_default.sh
==> setup cms environment ok
>>> specific cmssw setup environment:
CMSSW_VERSION =  CMSSW_6_2_0_SLHC12
WARNING: In non-interactive mode release checks e.g. deprecated releases, production architectures are disabled.
>>> current directory (SOFTWARE_DIR): /scratch/condor/dir_16639/glide_iNzubZ/execute/dir_28782/CMSSW_6_2_0_SLHC12
PreserveSeeds: <>
IncrementSeeds:<>
>>> info for dashboard:
***** Cat /scratch/condor/dir_16639/glide_iNzubZ/execute/dir_28782/jobreport.txt *****
MonitorJobID=164_https://submit-6.t2.ucsd.edu//150202//509447.163
MonitorID=dcieri_PU140_4dm08r
***** End Cat jobreport *****
Parameters sent to Dashboard.
crabWatchdog started as process 29034
>>> moving CMSSW software directories in /scratch/condor/dir_16639/glide_iNzubZ/execute/dir_28782/CMSSW_6_2_0_SLHC12
mv: cannot stat `/scratch/condor/dir_16639/glide_iNzubZ/execute/dir_28782/module/': No such file or directory
>>> Include /scratch/condor/dir_16639/glide_iNzubZ/execute/dir_28782 in PYTHONPATH:
PYTHONPATH=/scratch/condor/dir_16639/glide_iNzubZ/execute/dir_28782/:/scratch/condor/dir_16639/glide_iNzubZ/execute/dir_28782/CMSSW_6_2_0_SLHC12/python:/scratch/condor/dir_16639/glide_iNzubZ/execute/dir_28782/CMSSW_6_2_0_SLHC12/lib/slc6_amd64_gcc472:/cvmfs/cms.cern.ch/slc6_amd64_gcc472/cms/cmssw/CMSSW_6_2_0_SLHC12/python:/cvmfs/cms.cern.ch/slc6_amd64_gcc472/cms/cmssw/CMSSW_6_2_0_SLHC12/lib/slc6_amd64_gcc472:/cvmfs/cms.cern.ch/slc6_amd64_gcc472/cms/coral/CORAL_2_3_21-cms35/slc6_amd64_gcc472/python:/cvmfs/cms.cern.ch/slc6_amd64_gcc472/cms/coral/CORAL_2_3_21-cms35/slc6_amd64_gcc472/lib:/cvmfs/cms.cern.ch/slc6_amd64_gcc472/external/python-ldap/2.3.5-cms5/lib/python2.7/site-packages:/cvmfs/cms.cern.ch/slc6_amd64_gcc472/external/pyqt/4.8.1-cms5/lib/python2.7/site-packages:/cvmfs/cms.cern.ch/slc6_amd64_gcc472/external/py2-scipy/0.8.0-cms7/lib/python2.7/site-packages:/cvmfs/cms.cern.ch/slc6_amd64_gcc472/external/py2-matplotlib/1.0.1-cms7/lib/python2.7/site-packages:/cvmfs/cms.cern.ch/slc6_amd64_gcc472/external/sip/4.11.2-cms5/lib/python2.7/site-packages:/cvmfs/cms.cern.ch/slc6_amd64_gcc472/external/py2-pycurl/7.19.0-cms7/lib/python2.7/site-packages:/cvmfs/cms.cern.ch/slc6_amd64_gcc472/external/py2-numpy/1.6.1-cms7/lib/python2.7/site-packages:/cvmfs/cms.cern.ch/slc6_amd64_gcc472/external/py2-lint/0.25.1-cms5/lib/python2.7/site-packages:/cvmfs/cms.cern.ch/slc6_amd64_gcc472/external/py2-ipython/0.10-cms5/lib/python2.7/site-packages:/cvmfs/cms.cern.ch/slc6_amd64_gcc472/external/py2-cx-oracle/5.1-cms5/lib/python2.7/site-packages:/cvmfs/cms.cern.ch/slc6_amd64_gcc472/external/py2-cjson/1.0.5-cms5/lib/python2.7/site-packages:/cvmfs/cms.cern.ch/slc6_amd64_gcc472/cms/das-client/1.11.7/bin:/cvmfs/cms.cern.ch/slc6_amd64_gcc472/external/elementtree/1.2.6-cms5/share/lib/python2.7/site-packages:/cvmfs/cms.cern.ch/slc6_amd64_gcc472/external/rivet/1.8.2-cms9/lib/python2.7/site-packages:/cvmfs/cms.cern.ch/slc6_amd64_gcc472/external/pyminuit2/0.0.1-cms19/lib/python2.7/site-packages:/cvmfs/cms.cern.ch/slc6_amd64_gcc472/external/py2-pygithub/1.23.0-cms2/lib/python2.7/site-packages:/cvmfs/cms.cern.ch/slc6_amd64_gcc472/external/professor/1.0.0-cms19/lib/python2.7/site-packages:/cvmfs/cms.cern.ch/slc6_amd64_gcc472/lcg/root/5.34.07-cms/lib:/cvmfs/cms.cern.ch/slc6_amd64_gcc472/cms/dbs-client/DBS_2_1_9-cms5/lib:/cvmfs/cms.cern.ch/slc6_amd64_gcc472/cms/dbs-client/DBS_2_1_9-cms5/lib/DBSAPI:/cvmfs/cms.cern.ch/slc6_amd64_gcc472/external/cvs2git/5419-cms/lib:/scratch/condor/dir_16639/glide_iNzubZ/execute/dir_28782/
 
# LIMITS USED BY CRAB WATCHDOG:
# RSS  (KBytes)   : 2300000
# VSZ  (KBytes)   : 100000000
# DISK (MBytes)   : 19000
# CPU TIME        : 720h:0m:0s
# WALL CLOCK TIME : 21h:50m:0s
 
3c0380cf82de79bc39966c93934c61fc
PSETHASH = 3c0380cf82de79bc39966c93934c61fc
/scratch/condor/dir_16639/glide_iNzubZ/execute/dir_28782/writeCfg.py pset.py pset.py
Importing .py file
Setting parameters
RandomNumberGeneratorService found, will attempt to change seeds
inputBlocks=/ttbar/dcieri-ttbar_SIM-130075366148575c102f0d64fd3ac8f7/USER#42f4abf6-431f-4645-8b28-bf101a629022
inputFiles=/store/user/dcieri/ttbar_SIM/ttbar/ttbar_SIM/150129_145223/0000/step1_429.root
parentFiles=
lumisRange=
>>> Executable cmsRun
/cvmfs/cms.cern.ch/slc6_amd64_gcc472/cms/cmssw/CMSSW_6_2_0_SLHC12/bin/slc6_amd64_gcc472/cmsRun
ok executable found
>>> info for dashboard:
***** Cat /scratch/condor/dir_16639/glide_iNzubZ/execute/dir_28782/jobreport.txt *****
MonitorJobID=164_https://submit-6.t2.ucsd.edu//150202//509447.163
MonitorID=dcieri_PU140_4dm08r
ExeStart=cmsRun
***** End Cat jobreport *****
Parameters sent to Dashboard.
>>> cmsRun started at Mon Feb  2 20:05:31 UTC 2015
>>> cmsRun ended at Mon Feb  2 23:01:24 UTC 2015
>>> crab_fjr_*.xml  permission set to 0704
>>> info for dashboard:
***** Cat /scratch/condor/dir_16639/glide_iNzubZ/execute/dir_28782/jobreport.txt *****
MonitorJobID=164_https://submit-6.t2.ucsd.edu//150202//509447.163
MonitorID=dcieri_PU140_4dm08r
ExeEnd=cmsRun
***** End Cat jobreport *****
Parameters sent to Dashboard.
TIME_EXE = 10553 sec
>>> cmsRun wrote 232 lines of stdout+stderr
>>> START OF printout of 232 lines from stdout+stderr
271 DQMStore::DQMStore 
HcalTopologyIdealEP::HcalTopologyIdealEP
02-Feb-2015 20:05:43 GMT  Initiating request to open file root://dcap.pp.rl.ac.uk:1094/pnfs/pp.rl.ac.uk/data/cms/store/user/dcieri/ttbar_SIM/ttbar/ttbar_SIM/150129_145223/0000/step1_429.root
02-Feb-2015 20:05:46 GMT  Successfully opened file root://dcap.pp.rl.ac.uk:1094/pnfs/pp.rl.ac.uk/data/cms/store/user/dcieri/ttbar_SIM/ttbar/ttbar_SIM/150129_145223/0000/step1_429.root
02-Feb-2015 20:05:47 GMT  Initiating request to open file root://xrootd.unl.edu//store/group/dpg_trigger/comm_trigger/L1TrackTrigger/620_SLHC10/Extended2023TTI/MinBias/MinBias_TuneZ2star_GEN_SIM_1.root
02-Feb-2015 20:06:09 GMT  Successfully opened file root://xrootd.unl.edu//store/group/dpg_trigger/comm_trigger/L1TrackTrigger/620_SLHC10/Extended2023TTI/MinBias/MinBias_TuneZ2star_GEN_SIM_1.root
disableME1a = 0
HcalTopologyIdealEP::produce(const IdealGeometryRecord& iRecord)
mode = 2, maxDepthHB = 3, maxDepthHE = 5
RPCGeometryESModule :: produce
RPCGeometryESModule :: produce :: 1/4 Get Muon Ideal Geometry Record
RPCGeometryESModule :: produce :: 2/4 Get Muon DDD Constants
RPCGeometryESModule :: produce :: 3/4 Get Muon Numbering Record
in MuonNumberingInitialization::initializeMuonDDDConstants
about to make my new muonDDDConst_
in MuonNumberingInitialization::produce
RPCGeometryESModule :: produce :: 4/4 Build
Found:

	Barrel Stack layer 5 : 1008 stacks
	Barrel Stack layer 6 : 1320 stacks
	Barrel Stack layer 7 : 1836 stacks
	Barrel Stack layer 8 : 1152 stacks
	Barrel Stack layer 9 : 1488 stacks
	Barrel Stack layer 10 : 1824 stacks

	Endcap Stack disk 11 : 1360 stacks
	Endcap Stack disk 12 : 1360 stacks
	Endcap Stack disk 13 : 1360 stacks
	Endcap Stack disk 14 : 1360 stacks
	Endcap Stack disk 15 : 1360 stacks
Created 15428 stacks in 28 s

TTClusterBuilder< edm::Ref<edm::DetSetVector<PixelDigi>, PixelDigi, edm::refhelper::FindForDetSetVector<PixelDigi> > > loaded modules:
	TTClusterAlgorithm:	TTClusterAlgorithm_2d2013< edm::Ref<edm::DetSetVector<PixelDigi>, PixelDigi, edm::refhelper::FindForDetSetVector<PixelDigi> > >


TTStubBuilder< edm::Ref<edm::DetSetVector<PixelDigi>, PixelDigi, edm::refhelper::FindForDetSetVector<PixelDigi> > > loaded modules:
	TTStubAlgorithm:	TTStubAlgorithm_tab2013< edm::Ref<edm::DetSetVector<PixelDigi>, PixelDigi, edm::refhelper::FindForDetSetVector<PixelDigi> > >


TTClusterAssociator< edm::Ref<edm::DetSetVector<PixelDigi>, PixelDigi, edm::refhelper::FindForDetSetVector<PixelDigi> > > loaded.


TTStubAssociator< edm::Ref<edm::DetSetVector<PixelDigi>, PixelDigi, edm::refhelper::FindForDetSetVector<PixelDigi> > > loaded.


TTTrackAssociator< edm::Ref<edm::DetSetVector<PixelDigi>, PixelDigi, edm::refhelper::FindForDetSetVector<PixelDigi> > > loaded.

Begin processing the 1st record. Run 1, Event 4281, LumiSection 429 at 02-Feb-2015 20:06:57.506 GMT
02-Feb-2015 20:07:05 GMT  Closed file root://xrootd.unl.edu//store/group/dpg_trigger/comm_trigger/L1TrackTrigger/620_SLHC10/Extended2023TTI/MinBias/MinBias_TuneZ2star_GEN_SIM_1.root
02-Feb-2015 20:07:05 GMT  Initiating request to open file root://xrootd.unl.edu//store/group/dpg_trigger/comm_trigger/L1TrackTrigger/620_SLHC10/Extended2023TTI/MinBias/MinBias_TuneZ2star_GEN_SIM_458.root
02-Feb-2015 20:11:07 GMT  Successfully opened file root://xrootd.unl.edu//store/group/dpg_trigger/comm_trigger/L1TrackTrigger/620_SLHC10/Extended2023TTI/MinBias/MinBias_TuneZ2star_GEN_SIM_458.root
150202 20:12:14 29943 Xrd: XrdClientMessage::ReadRaw: Failed to read header (8 bytes).
150202 20:16:14 29941 Xrd: XrdClientMessage::ReadRaw: Failed to read header (8 bytes).
02-Feb-2015 20:21:59 GMT  Closed file root://xrootd.unl.edu//store/group/dpg_trigger/comm_trigger/L1TrackTrigger/620_SLHC10/Extended2023TTI/MinBias/MinBias_TuneZ2star_GEN_SIM_458.root
02-Feb-2015 20:21:59 GMT  Initiating request to open file root://xrootd.unl.edu//store/group/dpg_trigger/comm_trigger/L1TrackTrigger/620_SLHC10/Extended2023TTI/MinBias/MinBias_TuneZ2star_GEN_SIM_784.root
150202 20:22:34 12643 Xrd: CheckErrorStatus: Server [llrxrd-redir.in2p3.fr:1094] declared: session not found(error code: 3011)
02-Feb-2015 20:22:34 GMT  Successfully opened file root://xrootd.unl.edu//store/group/dpg_trigger/comm_trigger/L1TrackTrigger/620_SLHC10/Extended2023TTI/MinBias/MinBias_TuneZ2star_GEN_SIM_784.root
150202 20:26:14 29921 Xrd: XrdClientMessage::ReadRaw: Failed to read header (8 bytes).
150202 20:26:14 29920 Xrd: XrdClientMessage::ReadRaw: Failed to read header (8 bytes).
150202 20:27:14 2571 Xrd: XrdClientMessage::ReadRaw: Failed to read header (8 bytes).
150202 20:27:43 12878 Xrd: XrdClientMessage::ReadRaw: Failed to read header (8 bytes).
150202 20:31:13 2568 Xrd: XrdClientMessage::ReadRaw: Failed to read header (8 bytes).
02-Feb-2015 20:33:16 GMT  Closed file root://xrootd.unl.edu//store/group/dpg_trigger/comm_trigger/L1TrackTrigger/620_SLHC10/Extended2023TTI/MinBias/MinBias_TuneZ2star_GEN_SIM_784.root
02-Feb-2015 20:33:16 GMT  Initiating request to open file root://xrootd.unl.edu//store/group/dpg_trigger/comm_trigger/L1TrackTrigger/620_SLHC10/Extended2023TTI/MinBias/MinBias_TuneZ2star_GEN_SIM_257.root
150202 20:33:26 23655 Xrd: CheckErrorStatus: Server [cms-xrd-global.cern.ch:1094] declared: session not found(error code: 3011)
150202 20:33:26 23655 Xrd: CheckErrorStatus: Server [xrootd-redic.pi.infn.it:1094] declared: session not found(error code: 3011)
02-Feb-2015 20:33:27 GMT  Successfully opened file root://xrootd.unl.edu//store/group/dpg_trigger/comm_trigger/L1TrackTrigger/620_SLHC10/Extended2023TTI/MinBias/MinBias_TuneZ2star_GEN_SIM_257.root
Building the geometry service
Warning did not find digi
Warning did not find digi
Warning did not find digi
Warning did not find digi
Warning did not find digi in disks
Warning did not find digi in disks
Warning did not find digi in disks
Warning did not find digi in disks
150202 20:38:44 12879 Xrd: XrdClientMessage::ReadRaw: Failed to read header (8 bytes).
150202 20:38:44 23660 Xrd: XrdClientMessage::ReadRaw: Failed to read header (8 bytes).
150202 20:42:44 29940 Xrd: XrdClientMessage::ReadRaw: Failed to read header (8 bytes).
02-Feb-2015 20:43:27 GMT  Closed file root://xrootd.unl.edu//store/group/dpg_trigger/comm_trigger/L1TrackTrigger/620_SLHC10/Extended2023TTI/MinBias/MinBias_TuneZ2star_GEN_SIM_257.root
02-Feb-2015 20:43:27 GMT  Initiating request to open file root://xrootd.unl.edu//store/group/dpg_trigger/comm_trigger/L1TrackTrigger/620_SLHC10/Extended2023TTI/MinBias/MinBias_TuneZ2star_GEN_SIM_52.root
150202 20:43:57 32749 Xrd: CheckErrorStatus: Server [xrootd-redic.pi.infn.it:1094] declared: session not found(error code: 3011)
02-Feb-2015 20:43:58 GMT  Successfully opened file root://xrootd.unl.edu//store/group/dpg_trigger/comm_trigger/L1TrackTrigger/620_SLHC10/Extended2023TTI/MinBias/MinBias_TuneZ2star_GEN_SIM_52.root
150202 20:48:44 23661 Xrd: XrdClientMessage::ReadRaw: Failed to read header (8 bytes).
150202 20:49:13 1150 Xrd: XrdClientMessage::ReadRaw: Failed to read header (8 bytes).
02-Feb-2015 20:53:19 GMT  Closed file root://xrootd.unl.edu//store/group/dpg_trigger/comm_trigger/L1TrackTrigger/620_SLHC10/Extended2023TTI/MinBias/MinBias_TuneZ2star_GEN_SIM_52.root
02-Feb-2015 20:53:19 GMT  Initiating request to open file root://xrootd.unl.edu//store/group/dpg_trigger/comm_trigger/L1TrackTrigger/620_SLHC10/Extended2023TTI/MinBias/MinBias_TuneZ2star_GEN_SIM_128.root
150202 20:53:50 9537 Xrd: CheckErrorStatus: Server [xrootd.ba.infn.it:1094] declared: session not found(error code: 3011)
02-Feb-2015 20:53:50 GMT  Successfully opened file root://xrootd.unl.edu//store/group/dpg_trigger/comm_trigger/L1TrackTrigger/620_SLHC10/Extended2023TTI/MinBias/MinBias_TuneZ2star_GEN_SIM_128.root
150202 20:58:43 1151 Xrd: XrdClientMessage::ReadRaw: Failed to read header (8 bytes).
150202 20:59:14 10231 Xrd: XrdClientMessage::ReadRaw: Failed to read header (8 bytes).
02-Feb-2015 21:03:47 GMT  Closed file root://xrootd.unl.edu//store/group/dpg_trigger/comm_trigger/L1TrackTrigger/620_SLHC10/Extended2023TTI/MinBias/MinBias_TuneZ2star_GEN_SIM_128.root
02-Feb-2015 21:03:47 GMT  Initiating request to open file root://xrootd.unl.edu//store/group/dpg_trigger/comm_trigger/L1TrackTrigger/620_SLHC10/Extended2023TTI/MinBias/MinBias_TuneZ2star_GEN_SIM_154.root
150202 21:04:14 23659 Xrd: XrdClientMessage::ReadRaw: Failed to read header (8 bytes).
150202 21:07:30 19417 Xrd: CheckErrorStatus: Server [cms-xrd-global.cern.ch:1094] declared: session not found(error code: 3011)
150202 21:07:30 19417 Xrd: CheckErrorStatus: Server [llrxrd-redir.in2p3.fr:1094] declared: session not found(error code: 3011)
02-Feb-2015 21:07:30 GMT  Successfully opened file root://xrootd.unl.edu//store/group/dpg_trigger/comm_trigger/L1TrackTrigger/620_SLHC10/Extended2023TTI/MinBias/MinBias_TuneZ2star_GEN_SIM_154.root
150202 21:09:14 10232 Xrd: XrdClientMessage::ReadRaw: Failed to read header (8 bytes).
150202 21:12:43 22159 Xrd: XrdClientMessage::ReadRaw: Failed to read header (8 bytes).
150202 21:14:14 10230 Xrd: XrdClientMessage::ReadRaw: Failed to read header (8 bytes).
02-Feb-2015 21:14:28 GMT  Closed file root://xrootd.unl.edu//store/group/dpg_trigger/comm_trigger/L1TrackTrigger/620_SLHC10/Extended2023TTI/MinBias/MinBias_TuneZ2star_GEN_SIM_154.root
02-Feb-2015 21:14:28 GMT  Initiating request to open file root://xrootd.unl.edu//store/group/dpg_trigger/comm_trigger/L1TrackTrigger/620_SLHC10/Extended2023TTI/MinBias/MinBias_TuneZ2star_GEN_SIM_115.root
150202 21:14:33 27943 Xrd: CheckErrorStatus: Server [cms-xrd-global.cern.ch:1094] declared: session not found(error code: 3011)
150202 21:14:33 27943 Xrd: CheckErrorStatus: Server [xrootd-redic.pi.infn.it:1094] declared: session not found(error code: 3011)
02-Feb-2015 21:14:34 GMT  Successfully opened file root://xrootd.unl.edu//store/group/dpg_trigger/comm_trigger/L1TrackTrigger/620_SLHC10/Extended2023TTI/MinBias/MinBias_TuneZ2star_GEN_SIM_115.root
150202 21:19:44 22160 Xrd: XrdClientMessage::ReadRaw: Failed to read header (8 bytes).
150202 21:19:44 27946 Xrd: XrdClientMessage::ReadRaw: Failed to read header (8 bytes).
02-Feb-2015 21:25:13 GMT  Closed file root://xrootd.unl.edu//store/group/dpg_trigger/comm_trigger/L1TrackTrigger/620_SLHC10/Extended2023TTI/MinBias/MinBias_TuneZ2star_GEN_SIM_115.root
02-Feb-2015 21:25:13 GMT  Initiating request to open file root://xrootd.unl.edu//store/group/dpg_trigger/comm_trigger/L1TrackTrigger/620_SLHC10/Extended2023TTI/MinBias/MinBias_TuneZ2star_GEN_SIM_826.root
150202 21:25:44 5370 Xrd: CheckErrorStatus: Server [xrootd-redic.pi.infn.it:1094] declared: session not found(error code: 3011)
02-Feb-2015 21:25:44 GMT  Successfully opened file root://xrootd.unl.edu//store/group/dpg_trigger/comm_trigger/L1TrackTrigger/620_SLHC10/Extended2023TTI/MinBias/MinBias_TuneZ2star_GEN_SIM_826.root
150202 21:27:43 22158 Xrd: XrdClientMessage::ReadRaw: Failed to read header (8 bytes).
150202 21:30:43 27947 Xrd: XrdClientMessage::ReadRaw: Failed to read header (8 bytes).
150202 21:31:13 5384 Xrd: XrdClientMessage::ReadRaw: Failed to read header (8 bytes).
02-Feb-2015 21:34:44 GMT  Closed file root://xrootd.unl.edu//store/group/dpg_trigger/comm_trigger/L1TrackTrigger/620_SLHC10/Extended2023TTI/MinBias/MinBias_TuneZ2star_GEN_SIM_826.root
02-Feb-2015 21:34:44 GMT  Initiating request to open file root://xrootd.unl.edu//store/group/dpg_trigger/comm_trigger/L1TrackTrigger/620_SLHC10/Extended2023TTI/MinBias/MinBias_TuneZ2star_GEN_SIM_33.root
150202 21:35:15 20063 Xrd: CheckErrorStatus: Server [cms-xrd-global.cern.ch:1094] declared: session not found(error code: 3011)
150202 21:35:15 20063 Xrd: CheckErrorStatus: Server [xrootd.ba.infn.it:1094] declared: session not found(error code: 3011)
02-Feb-2015 21:35:15 GMT  Successfully opened file root://xrootd.unl.edu//store/group/dpg_trigger/comm_trigger/L1TrackTrigger/620_SLHC10/Extended2023TTI/MinBias/MinBias_TuneZ2star_GEN_SIM_33.root
150202 21:40:13 5385 Xrd: XrdClientMessage::ReadRaw: Failed to read header (8 bytes).
150202 21:40:43 21242 Xrd: XrdClientMessage::ReadRaw: Failed to read header (8 bytes).
02-Feb-2015 21:44:29 GMT  Closed file root://xrootd.unl.edu//store/group/dpg_trigger/comm_trigger/L1TrackTrigger/620_SLHC10/Extended2023TTI/MinBias/MinBias_TuneZ2star_GEN_SIM_33.root
02-Feb-2015 21:44:29 GMT  Initiating request to open file root://xrootd.unl.edu//store/group/dpg_trigger/comm_trigger/L1TrackTrigger/620_SLHC10/Extended2023TTI/MinBias/MinBias_TuneZ2star_GEN_SIM_566.root
150202 21:45:00 2423 Xrd: CheckErrorStatus: Server [xrootd.ba.infn.it:1094] declared: session not found(error code: 3011)
02-Feb-2015 21:45:00 GMT  Successfully opened file root://xrootd.unl.edu//store/group/dpg_trigger/comm_trigger/L1TrackTrigger/620_SLHC10/Extended2023TTI/MinBias/MinBias_TuneZ2star_GEN_SIM_566.root
150202 21:46:14 27945 Xrd: XrdClientMessage::ReadRaw: Failed to read header (8 bytes).
150202 21:49:43 21243 Xrd: XrdClientMessage::ReadRaw: Failed to read header (8 bytes).
150202 21:50:13 2653 Xrd: XrdClientMessage::ReadRaw: Failed to read header (8 bytes).
02-Feb-2015 21:51:49 GMT  Closed file root://xrootd.unl.edu//store/group/dpg_trigger/comm_trigger/L1TrackTrigger/620_SLHC10/Extended2023TTI/MinBias/MinBias_TuneZ2star_GEN_SIM_566.root
02-Feb-2015 21:51:49 GMT  Initiating request to open file root://xrootd.unl.edu//store/group/dpg_trigger/comm_trigger/L1TrackTrigger/620_SLHC10/Extended2023TTI/MinBias/MinBias_TuneZ2star_GEN_SIM_317.root
150202 21:52:20 9312 Xrd: CheckErrorStatus: Server [cms-xrd-global.cern.ch:1094] declared: session not found(error code: 3011)
150202 21:52:20 9312 Xrd: CheckErrorStatus: Server [llrxrd-redir.in2p3.fr:1094] declared: session not found(error code: 3011)
02-Feb-2015 21:52:21 GMT  Successfully opened file root://xrootd.unl.edu//store/group/dpg_trigger/comm_trigger/L1TrackTrigger/620_SLHC10/Extended2023TTI/MinBias/MinBias_TuneZ2star_GEN_SIM_317.root
150202 21:57:13 2659 Xrd: XrdClientMessage::ReadRaw: Failed to read header (8 bytes).
150202 21:57:43 10165 Xrd: XrdClientMessage::ReadRaw: Failed to read header (8 bytes).
02-Feb-2015 21:59:19 GMT  Closed file root://xrootd.unl.edu//store/group/dpg_trigger/comm_trigger/L1TrackTrigger/620_SLHC10/Extended2023TTI/MinBias/MinBias_TuneZ2star_GEN_SIM_317.root
02-Feb-2015 21:59:19 GMT  Initiating request to open file root://xrootd.unl.edu//store/group/dpg_trigger/comm_trigger/L1TrackTrigger/620_SLHC10/Extended2023TTI/MinBias/MinBias_TuneZ2star_GEN_SIM_248.root
150202 21:59:50 21719 Xrd: CheckErrorStatus: Server [cms-xrd-global.cern.ch:1094] declared: session not found(error code: 3011)
150202 21:59:50 21719 Xrd: CheckErrorStatus: Server [xrootd-redic.pi.infn.it:1094] declared: session not found(error code: 3011)
02-Feb-2015 21:59:52 GMT  Successfully opened file root://xrootd.unl.edu//store/group/dpg_trigger/comm_trigger/L1TrackTrigger/620_SLHC10/Extended2023TTI/MinBias/MinBias_TuneZ2star_GEN_SIM_248.root
150202 22:04:44 10250 Xrd: XrdClientMessage::ReadRaw: Failed to read header (8 bytes).
02-Feb-2015 22:05:01 GMT  Closed file root://xrootd.unl.edu//store/group/dpg_trigger/comm_trigger/L1TrackTrigger/620_SLHC10/Extended2023TTI/MinBias/MinBias_TuneZ2star_GEN_SIM_248.root
02-Feb-2015 22:05:01 GMT  Initiating request to open file root://xrootd.unl.edu//store/group/dpg_trigger/comm_trigger/L1TrackTrigger/620_SLHC10/Extended2023TTI/MinBias/MinBias_TuneZ2star_GEN_SIM_877.root
150202 22:05:02 21240 Xrd: XrdClientMessage::ReadRaw: Failed to read header (8 bytes).
150202 22:05:02 22810 Xrd: XrdClientMessage::ReadRaw: Failed to read header (8 bytes).
150202 22:05:52 30545 Xrd: CheckErrorStatus: Server [llrxrd-redir.in2p3.fr:1094] declared: session not found(error code: 3011)
02-Feb-2015 22:05:52 GMT  Successfully opened file root://xrootd.unl.edu//store/group/dpg_trigger/comm_trigger/L1TrackTrigger/620_SLHC10/Extended2023TTI/MinBias/MinBias_TuneZ2star_GEN_SIM_877.root
02-Feb-2015 22:09:30 GMT  Closed file root://xrootd.unl.edu//store/group/dpg_trigger/comm_trigger/L1TrackTrigger/620_SLHC10/Extended2023TTI/MinBias/MinBias_TuneZ2star_GEN_SIM_877.root
02-Feb-2015 22:09:30 GMT  Initiating request to open file root://xrootd.unl.edu//store/group/dpg_trigger/comm_trigger/L1TrackTrigger/620_SLHC10/Extended2023TTI/MinBias/MinBias_TuneZ2star_GEN_SIM_348.root
150202 22:10:14 22865 Xrd: XrdClientMessage::ReadRaw: Failed to read header (8 bytes).
150202 22:11:05 30946 Xrd: XrdClientMessage::ReadRaw: Failed to read header (8 bytes).
150202 22:11:05 12523 Xrd: CheckErrorStatus: Server [xrootd-redic.pi.infn.it:1094] declared: session not found(error code: 3011)
02-Feb-2015 22:11:06 GMT  Successfully opened file root://xrootd.unl.edu//store/group/dpg_trigger/comm_trigger/L1TrackTrigger/620_SLHC10/Extended2023TTI/MinBias/MinBias_TuneZ2star_GEN_SIM_348.root
150202 22:14:44 30947 Xrd: XrdClientMessage::ReadRaw: Failed to read header (8 bytes).
150202 22:16:14 13472 Xrd: XrdClientMessage::ReadRaw: Failed to read header (8 bytes).
02-Feb-2015 22:16:34 GMT  Closed file root://xrootd.unl.edu//store/group/dpg_trigger/comm_trigger/L1TrackTrigger/620_SLHC10/Extended2023TTI/MinBias/MinBias_TuneZ2star_GEN_SIM_348.root
02-Feb-2015 22:16:35 GMT  Initiating request to open file root://xrootd.unl.edu//store/group/dpg_trigger/comm_trigger/L1TrackTrigger/620_SLHC10/Extended2023TTI/MinBias/MinBias_TuneZ2star_GEN_SIM_111.root
150202 22:21:44 13474 Xrd: XrdClientMessage::ReadRaw: Failed to read header (8 bytes).
150202 22:22:27 21868 Xrd: CheckErrorStatus: Server [llrxrd-redir.in2p3.fr:1094] declared: session not found(error code: 3011)
02-Feb-2015 22:22:27 GMT  Successfully opened file root://xrootd.unl.edu//store/group/dpg_trigger/comm_trigger/L1TrackTrigger/620_SLHC10/Extended2023TTI/MinBias/MinBias_TuneZ2star_GEN_SIM_111.root
02-Feb-2015 22:24:05 GMT  Closed file root://xrootd.unl.edu//store/group/dpg_trigger/comm_trigger/L1TrackTrigger/620_SLHC10/Extended2023TTI/MinBias/MinBias_TuneZ2star_GEN_SIM_111.root
02-Feb-2015 22:24:05 GMT  Initiating request to open file root://xrootd.unl.edu//store/group/dpg_trigger/comm_trigger/L1TrackTrigger/620_SLHC10/Extended2023TTI/MinBias/MinBias_TuneZ2star_GEN_SIM_232.root
150202 22:24:21 31247 Xrd: CheckErrorStatus: Server [cms-xrd-global.cern.ch:1094] declared: session not found(error code: 3011)
02-Feb-2015 22:24:22 GMT  Successfully opened file root://xrootd.unl.edu//store/group/dpg_trigger/comm_trigger/L1TrackTrigger/620_SLHC10/Extended2023TTI/MinBias/MinBias_TuneZ2star_GEN_SIM_232.root
150202 22:29:13 30581 Xrd: XrdClientMessage::ReadRaw: Failed to read header (8 bytes).
150202 22:29:44 30580 Xrd: XrdClientMessage::ReadRaw: Failed to read header (8 bytes).
02-Feb-2015 22:30:17 GMT  Closed file root://xrootd.unl.edu//store/group/dpg_trigger/comm_trigger/L1TrackTrigger/620_SLHC10/Extended2023TTI/MinBias/MinBias_TuneZ2star_GEN_SIM_232.root
02-Feb-2015 22:30:17 GMT  Initiating request to open file root://xrootd.unl.edu//store/group/dpg_trigger/comm_trigger/L1TrackTrigger/620_SLHC10/Extended2023TTI/MinBias/MinBias_TuneZ2star_GEN_SIM_910.root
150202 22:30:48 8145 Xrd: CheckErrorStatus: Server [xrootd.ba.infn.it:1094] declared: session not found(error code: 3011)
02-Feb-2015 22:30:48 GMT  Successfully opened file root://xrootd.unl.edu//store/group/dpg_trigger/comm_trigger/L1TrackTrigger/620_SLHC10/Extended2023TTI/MinBias/MinBias_TuneZ2star_GEN_SIM_910.root
150202 22:31:13 22788 Xrd: XrdClientMessage::ReadRaw: Failed to read header (8 bytes).
02-Feb-2015 22:35:34 GMT  Closed file root://xrootd.unl.edu//store/group/dpg_trigger/comm_trigger/L1TrackTrigger/620_SLHC10/Extended2023TTI/MinBias/MinBias_TuneZ2star_GEN_SIM_910.root
02-Feb-2015 22:35:34 GMT  Initiating request to open file root://xrootd.unl.edu//store/group/dpg_trigger/comm_trigger/L1TrackTrigger/620_SLHC10/Extended2023TTI/MinBias/MinBias_TuneZ2star_GEN_SIM_282.root
150202 22:35:34 31284 Xrd: XrdClientMessage::ReadRaw: Failed to read header (8 bytes).
02-Feb-2015 22:36:00 GMT  Successfully opened file root://xrootd.unl.edu//store/group/dpg_trigger/comm_trigger/L1TrackTrigger/620_SLHC10/Extended2023TTI/MinBias/MinBias_TuneZ2star_GEN_SIM_282.root
150202 22:40:44 8283 Xrd: XrdClientMessage::ReadRaw: Failed to read header (8 bytes).
150202 22:40:51 8282 Xrd: XrdClientMessage::ReadRaw: Failed to read header (8 bytes).
02-Feb-2015 22:40:54 GMT  Closed file root://xrootd.unl.edu//store/group/dpg_trigger/comm_trigger/L1TrackTrigger/620_SLHC10/Extended2023TTI/MinBias/MinBias_TuneZ2star_GEN_SIM_282.root
02-Feb-2015 22:40:54 GMT  Initiating request to open file root://xrootd.unl.edu//store/group/dpg_trigger/comm_trigger/L1TrackTrigger/620_SLHC10/Extended2023TTI/MinBias/MinBias_TuneZ2star_GEN_SIM_164.root
150202 22:41:14 11124 Xrd: XrdClientMessage::ReadRaw: Failed to read header (8 bytes).
150202 22:41:25 19046 Xrd: CheckErrorStatus: Server [xrootd.ba.infn.it:1094] declared: session not found(error code: 3011)
02-Feb-2015 22:41:25 GMT  Successfully opened file root://xrootd.unl.edu//store/group/dpg_trigger/comm_trigger/L1TrackTrigger/620_SLHC10/Extended2023TTI/MinBias/MinBias_TuneZ2star_GEN_SIM_164.root
150202 22:42:44 10164 Xrd: XrdClientMessage::ReadRaw: Failed to read header (8 bytes).
02-Feb-2015 22:45:24 GMT  Closed file root://xrootd.unl.edu//store/group/dpg_trigger/comm_trigger/L1TrackTrigger/620_SLHC10/Extended2023TTI/MinBias/MinBias_TuneZ2star_GEN_SIM_164.root
02-Feb-2015 22:45:24 GMT  Initiating request to open file root://xrootd.unl.edu//store/group/dpg_trigger/comm_trigger/L1TrackTrigger/620_SLHC10/Extended2023TTI/MinBias/MinBias_TuneZ2star_GEN_SIM_360.root
150202 22:45:54 20816 Xrd: CheckErrorStatus: Server [cms-xrd-global.cern.ch:1094] declared: session not found(error code: 3011)
150202 22:45:55 20816 Xrd: CheckErrorStatus: Server [eoscms.cern.ch:1094] declared: session not found(error code: 3011)
02-Feb-2015 22:45:55 GMT  Successfully opened file root://xrootd.unl.edu//store/group/dpg_trigger/comm_trigger/L1TrackTrigger/620_SLHC10/Extended2023TTI/MinBias/MinBias_TuneZ2star_GEN_SIM_360.root
150202 22:46:13 11127 Xrd: XrdClientMessage::ReadRaw: Failed to read header (8 bytes).
02-Feb-2015 22:49:40 GMT  Closed file root://xrootd.unl.edu//store/group/dpg_trigger/comm_trigger/L1TrackTrigger/620_SLHC10/Extended2023TTI/MinBias/MinBias_TuneZ2star_GEN_SIM_360.root
02-Feb-2015 22:49:40 GMT  Initiating request to open file root://xrootd.unl.edu//store/group/dpg_trigger/comm_trigger/L1TrackTrigger/620_SLHC10/Extended2023TTI/MinBias/MinBias_TuneZ2star_GEN_SIM_821.root
150202 22:50:11 22538 Xrd: CheckErrorStatus: Server [cms-xrd-global.cern.ch:1094] declared: session not found(error code: 3011)
02-Feb-2015 22:50:11 GMT  Successfully opened file root://xrootd.unl.edu//store/group/dpg_trigger/comm_trigger/L1TrackTrigger/620_SLHC10/Extended2023TTI/MinBias/MinBias_TuneZ2star_GEN_SIM_821.root
150202 22:50:43 19276 Xrd: XrdClientMessage::ReadRaw: Failed to read header (8 bytes).
02-Feb-2015 22:53:52 GMT  Closed file root://xrootd.unl.edu//store/group/dpg_trigger/comm_trigger/L1TrackTrigger/620_SLHC10/Extended2023TTI/MinBias/MinBias_TuneZ2star_GEN_SIM_821.root
02-Feb-2015 22:53:52 GMT  Initiating request to open file root://xrootd.unl.edu//store/group/dpg_trigger/comm_trigger/L1TrackTrigger/620_SLHC10/Extended2023TTI/MinBias/MinBias_TuneZ2star_GEN_SIM_480.root
02-Feb-2015 22:54:23 GMT  Successfully opened file root://xrootd.unl.edu//store/group/dpg_trigger/comm_trigger/L1TrackTrigger/620_SLHC10/Extended2023TTI/MinBias/MinBias_TuneZ2star_GEN_SIM_480.root
150202 22:54:44 20956 Xrd: XrdClientMessage::ReadRaw: Failed to read header (8 bytes).
150202 22:59:14 22855 Xrd: XrdClientMessage::ReadRaw: Failed to read header (8 bytes).
02-Feb-2015 22:59:18 GMT  Closed file root://xrootd.unl.edu//store/group/dpg_trigger/comm_trigger/L1TrackTrigger/620_SLHC10/Extended2023TTI/MinBias/MinBias_TuneZ2star_GEN_SIM_480.root
02-Feb-2015 22:59:18 GMT  Initiating request to open file root://xrootd.unl.edu//store/group/dpg_trigger/comm_trigger/L1TrackTrigger/620_SLHC10/Extended2023TTI/MinBias/MinBias_TuneZ2star_GEN_SIM_236.root
150202 22:59:44 19275 Xrd: XrdClientMessage::ReadRaw: Failed to read header (8 bytes).
150202 22:59:49 26493 Xrd: CheckErrorStatus: Server [llrxrd-redir.in2p3.fr:1094] declared: session not found(error code: 3011)
02-Feb-2015 22:59:49 GMT  Successfully opened file root://xrootd.unl.edu//store/group/dpg_trigger/comm_trigger/L1TrackTrigger/620_SLHC10/Extended2023TTI/MinBias/MinBias_TuneZ2star_GEN_SIM_236.root
02-Feb-2015 23:01:22 GMT  Closed file root://dcap.pp.rl.ac.uk:1094/pnfs/pp.rl.ac.uk/data/cms/store/user/dcieri/ttbar_SIM/ttbar/ttbar_SIM/150129_145223/0000/step1_429.root
02-Feb-2015 23:01:22 GMT  Closed file root://xrootd.unl.edu//store/group/dpg_trigger/comm_trigger/L1TrackTrigger/620_SLHC10/Extended2023TTI/MinBias/MinBias_TuneZ2star_GEN_SIM_236.root

=============================================

MessageLogger Summary

 type     category        sev    module        subroutine        count    total
 ---- -------------------- -- ---------------- ----------------  -----    -----
    1 fileAction           -s MixingModule:mix                      69       69
    2 fileAction           -s MixingModule:mix                       2        2
    3 fileAction           -s MixingModule:mix                       1        1
    4 fileAction           -s file_close                             1        1
    5 fileAction           -s file_open                              2        2

 type    category    Examples: run/evt        run/evt          run/evt
 ---- -------------------- ---------------- ---------------- ----------------
    1 fileAction           1/4281           1/4281           1/4290
    2 fileAction           pre-events       pre-events       
    3 fileAction           PostEndRun                        
    4 fileAction           PostEndRun                        
    5 fileAction           pre-events       pre-events       

Severity    # Occurrences   Total Occurrences
--------    -------------   -----------------
System                 75                  75
>>> END OF printout of 232 lines from stdout+stderr
>>> Parse FrameworkJobReport crab_fjr.xml
Result of parsing the FrameworkJobReport crab_fjr.xml: 
Extracted ExitStatus from FrameworkJobReport parsing output: 0
>>> Executable succeded  0
ExeExitCode=0
EXECUTABLE_EXIT_STATUS = 0
>>> current directory /scratch/condor/dir_16639/glide_iNzubZ/execute/dir_28782/CMSSW_6_2_0_SLHC12
>>>  (SOFTWARE_DIR): /scratch/condor/dir_16639/glide_iNzubZ/execute/dir_28782/CMSSW_6_2_0_SLHC12
>>> (WORKING_DIR): 
>>> current directory content:
total 235436
drwxr-xr-x 3 cms415 gplcms      4096 Feb  2 20:05 .SCRAM
-rw------- 1 cms415 gplcms    915837 Feb  2 20:05 CMSSW.py.pkl
drwxr-xr-x 3 cms415 gplcms      4096 Feb  2 20:05 bin
drwxr-xr-x 3 cms415 gplcms      4096 Feb  2 20:05 cfipython
drwxr-xr-x 4 cms415 gplcms      4096 Apr 28  2014 config
-rw------- 1 cms415 gplcms        18 Feb  2 23:01 cpu_timing.txt
drwxr-xr-x 2 cms415 gplcms      4096 Feb  2 20:05 doc
-rw------- 1 cms415 gplcms     26008 Feb  2 23:01 executable.out
drwxr-xr-x 2 cms415 gplcms      4096 Feb  2 20:05 include
drwx------ 3 cms415 gplcms      4096 Oct  7 10:12 lib
drwxr-xr-x 3 cms415 gplcms      4096 Feb  2 20:05 logs
drwxr-xr-x 3 cms415 gplcms      4096 Feb  2 20:05 objs
-rw------- 1 cms415 gplcms       104 Feb  2 20:05 pset.py
-rw------- 1 cms415 gplcms    926827 Feb  2 20:05 pset.py.pkl
-rw------- 1 cms415 gplcms       289 Feb  2 20:05 pset.pyc
drwxr-xr-x 2 cms415 gplcms      4096 Feb  2 20:05 python
-rw------- 1 cms415 gplcms       359 Feb  2 23:01 report.log
drwxr-xr-x 2 cms415 gplcms      4096 Feb  2 20:05 src
-rw------- 1 cms415 gplcms 238893851 Feb  2 23:01 step2.root
drwxr-xr-x 3 cms415 gplcms      4096 Feb  2 20:05 test
drwxr-xr-x 3 cms415 gplcms      4096 Feb  2 20:05 tmp
>>> current directory /scratch/condor/dir_16639/glide_iNzubZ/execute/dir_28782/CMSSW_6_2_0_SLHC12
>>> (SOFTWARE_DIR): /scratch/condor/dir_16639/glide_iNzubZ/execute/dir_28782/CMSSW_6_2_0_SLHC12
>>> (WORKING_DIR): 
>>> current directory content:
total 235436
drwxr-xr-x 3 cms415 gplcms      4096 Feb  2 20:05 .SCRAM
-rw------- 1 cms415 gplcms    915837 Feb  2 20:05 CMSSW.py.pkl
drwxr-xr-x 3 cms415 gplcms      4096 Feb  2 20:05 bin
drwxr-xr-x 3 cms415 gplcms      4096 Feb  2 20:05 cfipython
drwxr-xr-x 4 cms415 gplcms      4096 Apr 28  2014 config
-rw------- 1 cms415 gplcms        18 Feb  2 23:01 cpu_timing.txt
drwxr-xr-x 2 cms415 gplcms      4096 Feb  2 20:05 doc
-rw------- 1 cms415 gplcms     26008 Feb  2 23:01 executable.out
drwxr-xr-x 2 cms415 gplcms      4096 Feb  2 20:05 include
drwx------ 3 cms415 gplcms      4096 Oct  7 10:12 lib
drwxr-xr-x 3 cms415 gplcms      4096 Feb  2 20:05 logs
drwxr-xr-x 3 cms415 gplcms      4096 Feb  2 20:05 objs
-rw------- 1 cms415 gplcms       104 Feb  2 20:05 pset.py
-rw------- 1 cms415 gplcms    926827 Feb  2 20:05 pset.py.pkl
-rw------- 1 cms415 gplcms       289 Feb  2 20:05 pset.pyc
drwxr-xr-x 2 cms415 gplcms      4096 Feb  2 20:05 python
-rw------- 1 cms415 gplcms       359 Feb  2 23:01 report.log
drwxr-xr-x 2 cms415 gplcms      4096 Feb  2 20:05 src
-rw------- 1 cms415 gplcms 238893851 Feb  2 23:01 step2_164_1_90x.root
drwxr-xr-x 3 cms415 gplcms      4096 Feb  2 20:05 test
drwxr-xr-x 3 cms415 gplcms      4096 Feb  2 20:05 tmp
>>> current directory (RUNTIME_AREA):  /scratch/condor/dir_16639/glide_iNzubZ/execute/dir_28782
PNN = T2_UK_SGrid_RALPP
SE = heplnx204.pp.rl.ac.uk
SE_PATH = /srm/managerv2?SFN=/pnfs/pp.rl.ac.uk/data/cms/store/user/dcieri/ttbar_PU140_DIGI/dcieri/ttbar/ttbar_PU140_DIGI/3c0380cf82de79bc39966c93934c61fc/
LFNBaseName = /store/user/dcieri/ttbar_PU140_DIGI/dcieri/ttbar/ttbar_PU140_DIGI/3c0380cf82de79bc39966c93934c61fc/
USER = dcieri
endpoint = srm://heplnx204.pp.rl.ac.uk:8443/srm/managerv2?SFN=/pnfs/pp.rl.ac.uk/data/cms/store/user/dcieri/ttbar_PU140_DIGI/dcieri/ttbar/ttbar_PU140_DIGI/3c0380cf82de79bc39966c93934c61fc/
>>> Copy output files from WN = heplnc015.pp.rl.ac.uk to /srm/managerv2?SFN=/pnfs/pp.rl.ac.uk/data/cms/store/user/dcieri/ttbar_PU140_DIGI/dcieri/ttbar/ttbar_PU140_DIGI/3c0380cf82de79bc39966c93934c61fc/ :
python cmscp.py  --destination srm://heplnx204.pp.rl.ac.uk:8443/srm/managerv2?SFN=/pnfs/pp.rl.ac.uk/data/cms/store/user/dcieri/ttbar_PU140_DIGI/dcieri/ttbar/ttbar_PU140_DIGI/3c0380cf82de79bc39966c93934c61fc/ --inputFileList /scratch/condor/dir_16639/glide_iNzubZ/execute/dir_28782/CMSSW_6_2_0_SLHC12/step2_164_1_90x.root --middleware LCG --PNN T2_UK_SGrid_RALPP --se_name heplnx204.pp.rl.ac.uk --for_lfn /store/user/dcieri/ttbar_PU140_DIGI/dcieri/ttbar/ttbar_PU140_DIGI/3c0380cf82de79bc39966c93934c61fc/    
******************************************************
localSeName  =  heplnx204.pp.rl.ac.uk
remoteSeName =  heplnx204.pp.rl.ac.uk
******************************************************
{"/scratch/condor/dir_16639/glide_iNzubZ/execute/dir_28782/CMSSW_6_2_0_SLHC12/step2_164_1_90x.root": {"endpoint": "srm://heplnx204.pp.rl.ac.uk:8443/srm/managerv2?SFN=/pnfs/pp.rl.ac.uk/data/cms/store/user/dcieri/ttbar_PU140_DIGI/dcieri/ttbar/ttbar_PU140_DIGI/3c0380cf82de79bc39966c93934c61fc/", "surl_for_grid": "", "reason": "Copy succedeed with srm-lcg utils", "erCode": "0", "PNN": "T2_UK_SGrid_RALPP", "se_name": "heplnx204.pp.rl.ac.uk", "for_lfn": "/store/user/dcieri/ttbar_PU140_DIGI/dcieri/ttbar/ttbar_PU140_DIGI/3c0380cf82de79bc39966c93934c61fc/"}}/scratch/condor/dir_16639/glide_iNzubZ/execute/dir_28782
-------- cat /scratch/condor/dir_16639/glide_iNzubZ/execute/dir_28782/cmscpReport.sh 
#!/bin/bash
echo "Report for File: /scratch/condor/dir_16639/glide_iNzubZ/execute/dir_28782/CMSSW_6_2_0_SLHC12/step2_164_1_90x.root"
echo "LFN: /store/user/dcieri/ttbar_PU140_DIGI/dcieri/ttbar/ttbar_PU140_DIGI/3c0380cf82de79bc39966c93934c61fc/step2_164_1_90x.root"
echo "StorageElement: heplnx204.pp.rl.ac.uk"
echo "StageOutExitStatusReason = 'Copy succedeed with srm-lcg utils'" | tee -a $RUNTIME_AREA/$repo
echo "StageOutSE = heplnx204.pp.rl.ac.uk" >> $RUNTIME_AREA/$repo

export StageOutExitStatus=0
echo "StageOutExitStatus = 0" | tee -a $RUNTIME_AREA/$repo
-------- end of /scratch/condor/dir_16639/glide_iNzubZ/execute/dir_28782/cmscpReport.sh 
Report for File: /scratch/condor/dir_16639/glide_iNzubZ/execute/dir_28782/CMSSW_6_2_0_SLHC12/step2_164_1_90x.root
LFN: /store/user/dcieri/ttbar_PU140_DIGI/dcieri/ttbar/ttbar_PU140_DIGI/3c0380cf82de79bc39966c93934c61fc/step2_164_1_90x.root
StorageElement: heplnx204.pp.rl.ac.uk
StageOutExitStatusReason = 'Copy succedeed with srm-lcg utils'
StageOutExitStatus = 0
>>> current dir: /scratch/condor/dir_16639/glide_iNzubZ/execute/dir_28782
>>> current dir content:
total 8828
-rw-------  1 cms415 gplcms    2991 Feb  2 23:02 .SEinteraction.log
-rwx------  1 cms415 gplcms      52 Feb  2 20:04 .chirp_config
-rwx------  1 cms415 gplcms    7820 Feb  2 20:04 .job.ad
-rwx------  1 cms415 gplcms    9775 Feb  2 20:04 .machine.ad
-rw-------  1 cms415 gplcms     105 Feb  2 12:16 CMSSW.py
-rw-------  1 cms415 gplcms  915837 Feb  2 12:16 CMSSW.py.pkl
-rwx------  1 cms415 gplcms   29498 Feb  2 20:05 CMSSW.sh
drwxr-xr-x 15 cms415 gplcms    4096 Feb  2 23:01 CMSSW_6_2_0_SLHC12
-rw-------  1 cms415 gplcms     190 Feb  2 20:05 CacheEnv.sh
-rw-------  1 cms415 gplcms    7291 Nov 19 14:52 DashboardAPI.py
-rw-------  1 cms415 gplcms    6470 Feb  2 20:05 DashboardAPI.pyc
drwx------  2 cms415 gplcms    4096 Feb  2 23:01 IMProv
-rw-------  1 cms415 gplcms    2748 Nov 19 14:52 Logger.py
-rw-------  1 cms415 gplcms    3232 Feb  2 20:05 Logger.pyc
-rw-------  1 cms415 gplcms   24524 Nov 19 14:52 ProcInfo.py
-rw-------  1 cms415 gplcms   22645 Feb  2 20:05 ProcInfo.pyc
drwx------  7 cms415 gplcms    4096 Feb  2 20:05 ProdCommon
drwx------  3 cms415 gplcms    4096 Feb  2 20:05 WMCore
-rw-------  1 cms415 gplcms   13186 Feb  2 23:02 Watchdog_164.log
-rwx------  1 cms415 gplcms       0 Feb  2 20:05 _condor_stderr
-rwx---r--  1 cms415 gplcms   40784 Feb  2 23:02 _condor_stdout
-rw-------  1 cms415 gplcms   32895 Nov 19 14:52 apmon.py
-rw-------  1 cms415 gplcms   27958 Feb  2 20:05 apmon.pyc
-rwx------  1 cms415 gplcms  134309 Feb  2 20:05 arguments.xml
-rwx------  1 cms415 gplcms   38581 Nov 19 14:52 cmscp.py
-rw-------  1 cms415 gplcms     562 Feb  2 23:02 cmscpReport.sh
-rwx------  1 cms415 gplcms   29498 Feb  2 20:05 condor_exec.exe
-rw-------  1 cms415 gplcms     544 Feb  2 12:16 crab.cfg
-rwx------  1 cms415 gplcms    8610 Nov 19 14:52 crabWatchdog.sh
-rwx---r--  1 cms415 gplcms  112087 Feb  2 23:01 crab_fjr_164.xml
-rwx------  1 cms415 gplcms 7390485 Feb  2 20:05 default.tgz
-rwx------  1 cms415 gplcms    4488 Nov 19 14:52 fillCrabFjr.py
-rw-------  1 cms415 gplcms     226 Feb  2 20:05 inputsReport.txt
-rw-------  1 cms415 gplcms     245 Feb  2 23:02 jobreport.txt
-rw-------  1 cms415 gplcms   17352 Nov 19 14:52 parseCrabFjr.py
-rw-------  1 cms415 gplcms     324 Feb  2 20:05 report.log
-rwx--x--x  1 cms415 gplcms    1497 Nov 19 14:52 report.py
-rw-------  1 cms415 gplcms     555 Feb  2 23:02 resultCopyFile
lrwxrwxrwx  1 cms415 gplcms      96 Feb  2 23:01 step2.root -> /scratch/condor/dir_16639/glide_iNzubZ/execute/dir_28782/CMSSW_6_2_0_SLHC12/step2_164_1_90x.root
-rwx------  1 cms415 gplcms    8351 Nov 19 14:52 writeCfg.py
-rw-------  1 cms415 gplcms   10293 Feb  2 20:04 x509up_u62281
>>> Modify Job Report:
CMSSW_VERSION = CMSSW_6_2_0_SLHC12
ProcessedDataset = ttbar_PU140_DIGI
/scratch/condor/dir_16639/glide_iNzubZ/execute/dir_28782/ProdCommon/FwkJobRep/ModifyJobReport.py fjr /scratch/condor/dir_16639/glide_iNzubZ/execute/dir_28782/crab_fjr_164.xml json /scratch/condor/dir_16639/glide_iNzubZ/execute/dir_28782/resultCopyFile n_job 164_1_90x PrimaryDataset ttbar  ApplicationFamily cmsRun ApplicationName cmsRun cmssw_version CMSSW_6_2_0_SLHC12 psethash 3c0380cf82de79bc39966c93934c61fc UserProcessedDataset dcieri-ttbar_PU140_DIGI-3c0380cf82de79bc39966c93934c61fc
inputDict =  {u'/scratch/condor/dir_16639/glide_iNzubZ/execute/dir_28782/CMSSW_6_2_0_SLHC12/step2_164_1_90x.root': {u'endpoint': u'srm://heplnx204.pp.rl.ac.uk:8443/srm/managerv2?SFN=/pnfs/pp.rl.ac.uk/data/cms/store/user/dcieri/ttbar_PU140_DIGI/dcieri/ttbar/ttbar_PU140_DIGI/3c0380cf82de79bc39966c93934c61fc/', u'surl_for_grid': u'', u'reason': u'Copy succedeed with srm-lcg utils', u'erCode': u'0', u'PNN': u'T2_UK_SGrid_RALPP', u'se_name': u'heplnx204.pp.rl.ac.uk', u'for_lfn': u'/store/user/dcieri/ttbar_PU140_DIGI/dcieri/ttbar/ttbar_PU140_DIGI/3c0380cf82de79bc39966c93934c61fc/'}}
UserProcessedDataset =  dcieri-ttbar_PU140_DIGI-3c0380cf82de79bc39966c93934c61fc
WORKING ON EDM FILE
file_name in inputDict =  /scratch/condor/dir_16639/glide_iNzubZ/execute/dir_28782/CMSSW_6_2_0_SLHC12/step2_164_1_90x.root
(size) os.stat(filename)[6] =  238893851
checksum =  2085305342
    file =  step2_164_1_90x.root
    newPfn =  srm://heplnx204.pp.rl.ac.uk:8443/srm/managerv2?SFN=/pnfs/pp.rl.ac.uk/data/cms/store/user/dcieri/ttbar_PU140_DIGI/dcieri/ttbar/ttbar_PU140_DIGI/3c0380cf82de79bc39966c93934c61fc/step2_164_1_90x.root
    newLfn =  /store/user/dcieri/ttbar_PU140_DIGI/dcieri/ttbar/ttbar_PU140_DIGI/3c0380cf82de79bc39966c93934c61fc/step2_164_1_90x.root
>>> crab_fjr_*.xml  permission set to 0704
CrabWrapper EXIT_FUNC entered at Mon Feb  2 23:02:19 GMT 2015   -  Mon Feb  2 23:02:19 UTC 2015
Checking output files:  
will tar file crab_fjr_164.xml in  out_files_164
WARNING: output file CMSSW_164.stdout not found!
WARNING: output file CMSSW_164.stderr not found!
WARNING: output file Watchdog_164.log.gz not found!
>>> padding time: Wrapper lasting more than 600 seconds. No sleep required.
STOPPING WATCHDOG. CrabWatchdog PID is 29034
********** LAST 50 LINES OF WATCHDOG LOG
 Feb 02 20:51:38 GMT	29744	1067220	1654832	72	207	2772	cmsRun -j /scratch/condor/dir_16639/glide_iNzubZ/execute/dir_28782/crab_fjr_164.xml -p pset.py      
 Feb 02 20:52:38 GMT	29744	1075840	1655600	72	211	2832	cmsRun -j /scratch/condor/dir_16639/glide_iNzubZ/execute/dir_28782/crab_fjr_164.xml -p pset.py      
 Feb 02 20:53:38 GMT	29744	1099884	1655600	72	218	2893	cmsRun -j /scratch/condor/dir_16639/glide_iNzubZ/execute/dir_28782/crab_fjr_164.xml -p pset.py      
 Feb 02 20:54:39 GMT	29744	1184192	1670960	72	225	2953	cmsRun -j /scratch/condor/dir_16639/glide_iNzubZ/execute/dir_28782/crab_fjr_164.xml -p pset.py      
 Feb 02 20:55:39 GMT	29744	1190600	1676080	72	228	3013	cmsRun -j /scratch/condor/dir_16639/glide_iNzubZ/execute/dir_28782/crab_fjr_164.xml -p pset.py      
 Feb 02 20:56:39 GMT	29744	1192180	1677616	72	231	3073	cmsRun -j /scratch/condor/dir_16639/glide_iNzubZ/execute/dir_28782/crab_fjr_164.xml -p pset.py      
 Feb 02 20:57:39 GMT	29744	1194680	1678640	72	234	3134	cmsRun -j /scratch/condor/dir_16639/glide_iNzubZ/execute/dir_28782/crab_fjr_164.xml -p pset.py      
 Feb 02 20:58:40 GMT	29744	1235256	1748272	72	239	3194	cmsRun -j /scratch/condor/dir_16639/glide_iNzubZ/execute/dir_28782/crab_fjr_164.xml -p pset.py      
 Feb 02 20:59:40 GMT	---	1235256	1748272	92	----	----	----
 Feb 02 21:22:46 GMT	---	1235256	1748272	114	----	----	----
 Feb 02 21:44:52 GMT	---	1235256	1748272	134	----	----	----
 Feb 02 21:53:55 GMT	29744	1255180	1748272	134	461	6509	cmsRun -j /scratch/condor/dir_16639/glide_iNzubZ/execute/dir_28782/crab_fjr_164.xml -p pset.py      
 Feb 02 21:54:55 GMT	29744	1259752	1748272	134	465	6569	cmsRun -j /scratch/condor/dir_16639/glide_iNzubZ/execute/dir_28782/crab_fjr_164.xml -p pset.py      
 Feb 02 21:55:55 GMT	29744	1263328	1748272	134	469	6629	cmsRun -j /scratch/condor/dir_16639/glide_iNzubZ/execute/dir_28782/crab_fjr_164.xml -p pset.py      
 Feb 02 21:56:55 GMT	29744	1264844	1748272	134	474	6689	cmsRun -j /scratch/condor/dir_16639/glide_iNzubZ/execute/dir_28782/crab_fjr_164.xml -p pset.py      
 Feb 02 21:57:56 GMT	29744	1317404	1748272	134	487	6750	cmsRun -j /scratch/condor/dir_16639/glide_iNzubZ/execute/dir_28782/crab_fjr_164.xml -p pset.py      
 Feb 02 21:58:56 GMT	29744	1330056	1748272	134	492	6810	cmsRun -j /scratch/condor/dir_16639/glide_iNzubZ/execute/dir_28782/crab_fjr_164.xml -p pset.py      
 Feb 02 22:00:56 GMT	29744	1335624	1755956	134	498	6930	cmsRun -j /scratch/condor/dir_16639/glide_iNzubZ/execute/dir_28782/crab_fjr_164.xml -p pset.py      
 Feb 02 22:01:56 GMT	---	1335624	1755956	156	----	----	----
 Feb 02 22:08:58 GMT	29744	1335624	1760308	156	558	7412	cmsRun -j /scratch/condor/dir_16639/glide_iNzubZ/execute/dir_28782/crab_fjr_164.xml -p pset.py      
# TIME			PID	RSS(KB)	VSZ(KB)	Dsk(MB)	tCPU(s)	tWALL(s)	COMMAND
# TIME			PID	RSS(KB)	VSZ(KB)	Dsk(MB)	tCPU(s)	tWALL(s)	COMMAND
# TIME			PID	RSS(KB)	VSZ(KB)	Dsk(MB)	tCPU(s)	tWALL(s)	COMMAND
 Feb 02 22:11:59 GMT	29744	1335624	1776948	156	577	7593	cmsRun -j /scratch/condor/dir_16639/glide_iNzubZ/execute/dir_28782/crab_fjr_164.xml -p pset.py      
 Feb 02 22:12:59 GMT	29744	1335624	1780276	156	582	7653	cmsRun -j /scratch/condor/dir_16639/glide_iNzubZ/execute/dir_28782/crab_fjr_164.xml -p pset.py      
 Feb 02 22:13:59 GMT	29744	1335624	1813004	156	604	7714	cmsRun -j /scratch/condor/dir_16639/glide_iNzubZ/execute/dir_28782/crab_fjr_164.xml -p pset.py      
 Feb 02 22:13:59 GMT	---	1335624	1813004	177	----	----	----
 Feb 02 22:16:00 GMT	29744	1335624	1814796	177	611	7834	cmsRun -j /scratch/condor/dir_16639/glide_iNzubZ/execute/dir_28782/crab_fjr_164.xml -p pset.py      
 Feb 02 22:23:02 GMT	29744	1335624	1817356	177	628	8256	cmsRun -j /scratch/condor/dir_16639/glide_iNzubZ/execute/dir_28782/crab_fjr_164.xml -p pset.py      
 Feb 02 22:24:02 GMT	29744	1335624	1830924	177	652	8316	cmsRun -j /scratch/condor/dir_16639/glide_iNzubZ/execute/dir_28782/crab_fjr_164.xml -p pset.py      
 Feb 02 22:25:02 GMT	29744	1335624	1831692	177	661	8377	cmsRun -j /scratch/condor/dir_16639/glide_iNzubZ/execute/dir_28782/crab_fjr_164.xml -p pset.py      
 Feb 02 22:26:03 GMT	29744	1348760	1848844	177	678	8437	cmsRun -j /scratch/condor/dir_16639/glide_iNzubZ/execute/dir_28782/crab_fjr_164.xml -p pset.py      
 Feb 02 22:27:03 GMT	29744	1351028	1852172	177	684	8497	cmsRun -j /scratch/condor/dir_16639/glide_iNzubZ/execute/dir_28782/crab_fjr_164.xml -p pset.py      
 Feb 02 22:28:03 GMT	29744	1355660	1854220	177	689	8558	cmsRun -j /scratch/condor/dir_16639/glide_iNzubZ/execute/dir_28782/crab_fjr_164.xml -p pset.py      
 Feb 02 22:29:04 GMT	---	1355660	1854220	198	----	----	----
 Feb 02 22:38:06 GMT	29744	1355660	1857804	198	785	9161	cmsRun -j /scratch/condor/dir_16639/glide_iNzubZ/execute/dir_28782/crab_fjr_164.xml -p pset.py      
 Feb 02 22:39:07 GMT	29744	1373660	1864460	198	802	9221	cmsRun -j /scratch/condor/dir_16639/glide_iNzubZ/execute/dir_28782/crab_fjr_164.xml -p pset.py      
 Feb 02 22:40:07 GMT	29744	1379220	1867788	198	811	9282	cmsRun -j /scratch/condor/dir_16639/glide_iNzubZ/execute/dir_28782/crab_fjr_164.xml -p pset.py      
 Feb 02 22:41:08 GMT	---	1379220	1867788	221	----	----	----
 Feb 02 22:42:08 GMT	29744	1379220	1895692	221	846	9403	cmsRun -j /scratch/condor/dir_16639/glide_iNzubZ/execute/dir_28782/crab_fjr_164.xml -p pset.py      
 Feb 02 22:43:09 GMT	29744	1379220	1897228	221	855	9463	cmsRun -j /scratch/condor/dir_16639/glide_iNzubZ/execute/dir_28782/crab_fjr_164.xml -p pset.py      
 Feb 02 22:44:09 GMT	29744	1379220	1899788	221	863	9523	cmsRun -j /scratch/condor/dir_16639/glide_iNzubZ/execute/dir_28782/crab_fjr_164.xml -p pset.py      
 Feb 02 22:45:09 GMT	29744	1379220	1904652	221	872	9583	cmsRun -j /scratch/condor/dir_16639/glide_iNzubZ/execute/dir_28782/crab_fjr_164.xml -p pset.py      
 Feb 02 22:47:10 GMT	29744	1379220	1913356	221	889	9704	cmsRun -j /scratch/condor/dir_16639/glide_iNzubZ/execute/dir_28782/crab_fjr_164.xml -p pset.py      
 Feb 02 22:48:10 GMT	29744	1379220	1914636	221	907	9764	cmsRun -j /scratch/condor/dir_16639/glide_iNzubZ/execute/dir_28782/crab_fjr_164.xml -p pset.py      
 Feb 02 22:49:10 GMT	29744	1394936	1930252	221	924	9825	cmsRun -j /scratch/condor/dir_16639/glide_iNzubZ/execute/dir_28782/crab_fjr_164.xml -p pset.py      
 Feb 02 22:51:11 GMT	---	1394936	1930252	242	----	----	----
 Feb 02 23:01:14 GMT	29744	1574496	2034704	242	1079	10548	cmsRun -j /scratch/condor/dir_16639/glide_iNzubZ/execute/dir_28782/crab_fjr_164.xml -p pset.py      
 Feb 02 23:01:14 GMT	---	1574496	2034704	247	----	----	----
 Feb 02 23:02:14 GMT	---	1574496	2034704	266	----	----	----
********** WATCHDOG LOG ENDED
ZIPPING WATCHDOG LOG
Disk space used:
du -sh /scratch/condor/dir_16639/glide_iNzubZ/execute/dir_28782
266M	/scratch/condor/dir_16639/glide_iNzubZ/execute/dir_28782
Found unusual stdout, rename for OSB
`/scratch/condor/dir_16639/glide_iNzubZ/execute/dir_28782/_condor_stdout' -> `CMSSW_164.stdout'
Found unusual stderr, rename for OSB
`/scratch/condor/dir_16639/glide_iNzubZ/execute/dir_28782/_condor_stdout' -> `CMSSW_164.stderr'
crab_fjr_164.xml
CMSSW_164.stdout
CMSSW_164.stderr
Watchdog_164.log.gz
Total Output dimension: 24783
WARNING: output files size limit is set to: 50000000
Total Output dimension 24783 is fine.
JOB_EXIT_STATUS = 0
>>> info for dashboard:
***** Cat /scratch/condor/dir_16639/glide_iNzubZ/execute/dir_28782/jobreport.txt *****
MonitorJobID=164_https://submit-6.t2.ucsd.edu//150202//509447.163
MonitorID=dcieri_PU140_4dm08r
ExeTime=10553
ExeExitCode=0
StageOutExitStatusReason = 'Copy succedeed with srm-lcg utils'
StageOutSE = heplnx204.pp.rl.ac.uk
StageOutExitStatus = 0
CrabUserCpuTime=1051.99
CrabSysCpuTime=36.14
CrabCpuPercentage=10%
CrabWrapperTime=10617
CrabStageoutTime=48
JobExitCode=0
***** End Cat jobreport *****
Parameters sent to Dashboard.
EXITING at Mon Feb  2 23:02:22 GMT 2015  -  Mon Feb  2 23:02:22 UTC 2015
