This script was generated by crab (version 2.11.1_patch1).
Running /scratch/condor/dir_13146/glide_rhDCE0/execute/dir_14332/condor_exec.exe with 2 positional parameters: 195 1
Today is Mon Feb  2 20:12:04 GMT 2015 - Mon Feb  2 20:12:04 UTC 2015
Job submitted on host heplnc163.pp.rl.ac.uk
Linux heplnc163.pp.rl.ac.uk 2.6.32-504.3.3.el6.x86_64 #1 SMP Tue Dec 16 14:29:22 CST 2014 x86_64 x86_64 x86_64 GNU/Linux
Distributor ID:	Scientific
Description:	Scientific Linux release 6.6 (Carbon)
>>> current directory (RUNTIME_AREA): /scratch/condor/dir_13146/glide_rhDCE0/execute/dir_14332
>>> current user: uid=157415(cms415) gid=157000(gplcms) groups=157000(gplcms)
>>> directory permission set to 0700
>>> umask set to:  u=rwx,g=,o=
>>> stdout stderr permission set to 0704
>>> voms proxy information:
subject   : /DC=ch/DC=cern/OU=Organic Units/OU=Users/CN=dcieri/CN=755391/CN=Davide Cieri/CN=769881070/CN=378241839
issuer    : /DC=ch/DC=cern/OU=Organic Units/OU=Users/CN=dcieri/CN=755391/CN=Davide Cieri/CN=769881070
identity  : /DC=ch/DC=cern/OU=Organic Units/OU=Users/CN=dcieri/CN=755391/CN=Davide Cieri
type      : RFC3820 compliant limited proxy
strength  : 1024
path      : /scratch/condor/dir_13146/glide_rhDCE0/execute/dir_14332/x509up_u62281
timeleft  : 23:57:41
key usage : Digital Signature, Key Encipherment
=== VO cms extension information ===
VO        : cms
subject   : /DC=ch/DC=cern/OU=Organic Units/OU=Users/CN=dcieri/CN=755391/CN=Davide Cieri
issuer    : /DC=ch/DC=cern/OU=computers/CN=lcg-voms2.cern.ch
attribute : /cms/Role=NULL/Capability=NULL
timeleft  : 184:04:20
uri       : lcg-voms2.cern.ch:15002

WNHostName=heplnc163.pp.rl.ac.uk
$_CONDOR_JOB_AD =/scratch/condor/dir_13146/glide_rhDCE0/execute/dir_14332/.job.ad
OverflowFlag=0
>>> tar --no-same-permissions -xf /scratch/condor/dir_13146/glide_rhDCE0/execute/dir_14332/default.tgz :
Successful untar
>>> Include /scratch/condor/dir_13146/glide_rhDCE0/execute/dir_14332 in PYTHONPATH:
strip arguments
env var CRAB_UNIQUE_JOB_ID set to: dcieri_PU140_4dm08r_195_1_YKL
out_files_195
>>> list of expected files on output sandbox
output files: crab_fjr_195.xml CMSSW_195.stdout CMSSW_195.stderr Watchdog_195.log.gz
>>> GridFlavour discovery: 
GridFlavour=LCG
>>> SyncSite discovery: 
SyncSite=T2_UK_SGrid_RALPP
>>> SyncCE discovery: 
getting SyncCE from GLIDEIN_Gaekeeper
SyncCE=heplnv147.pp.rl.ac.uk
>>> info for dashboard:
***** Cat /scratch/condor/dir_13146/glide_rhDCE0/execute/dir_14332/jobreport.txt *****
WNHostName=heplnc163.pp.rl.ac.uk
OverflowFlag=0
MonitorJobID=195_https://submit-6.t2.ucsd.edu//150202//509447.194
SyncGridJobId=https://submit-6.t2.ucsd.edu//150202//509447.194
MonitorID=dcieri_PU140_4dm08r
GridFlavour=LCG
SyncSite=T2_UK_SGrid_RALPP
SyncCE=heplnv147.pp.rl.ac.uk
***** End Cat jobreport *****
Parameters sent to Dashboard.
>>> setup environment
set SCRAM ARCH to slc6_amd64_gcc472
SCRAM_ARCH = slc6_amd64_gcc472
>>> setup CMS LCG environment:
set SCRAM ARCH and BUILD_ARCH to slc6_amd64_gcc472 ###
Sourcing environment... 
sourcing /cvmfs/cms.cern.ch/cmsset_default.sh
==> setup cms environment ok
>>> specific cmssw setup environment:
CMSSW_VERSION =  CMSSW_6_2_0_SLHC12
WARNING: In non-interactive mode release checks e.g. deprecated releases, production architectures are disabled.
>>> current directory (SOFTWARE_DIR): /scratch/condor/dir_13146/glide_rhDCE0/execute/dir_14332/CMSSW_6_2_0_SLHC12
PreserveSeeds: <>
IncrementSeeds:<>
>>> info for dashboard:
***** Cat /scratch/condor/dir_13146/glide_rhDCE0/execute/dir_14332/jobreport.txt *****
MonitorJobID=195_https://submit-6.t2.ucsd.edu//150202//509447.194
MonitorID=dcieri_PU140_4dm08r
***** End Cat jobreport *****
Parameters sent to Dashboard.
crabWatchdog started as process 15150
>>> moving CMSSW software directories in /scratch/condor/dir_13146/glide_rhDCE0/execute/dir_14332/CMSSW_6_2_0_SLHC12
mv: cannot stat `/scratch/condor/dir_13146/glide_rhDCE0/execute/dir_14332/module/': No such file or directory
>>> Include /scratch/condor/dir_13146/glide_rhDCE0/execute/dir_14332 in PYTHONPATH:
PYTHONPATH=/scratch/condor/dir_13146/glide_rhDCE0/execute/dir_14332/:/scratch/condor/dir_13146/glide_rhDCE0/execute/dir_14332/CMSSW_6_2_0_SLHC12/python:/scratch/condor/dir_13146/glide_rhDCE0/execute/dir_14332/CMSSW_6_2_0_SLHC12/lib/slc6_amd64_gcc472:/cvmfs/cms.cern.ch/slc6_amd64_gcc472/cms/cmssw/CMSSW_6_2_0_SLHC12/python:/cvmfs/cms.cern.ch/slc6_amd64_gcc472/cms/cmssw/CMSSW_6_2_0_SLHC12/lib/slc6_amd64_gcc472:/cvmfs/cms.cern.ch/slc6_amd64_gcc472/cms/coral/CORAL_2_3_21-cms35/slc6_amd64_gcc472/python:/cvmfs/cms.cern.ch/slc6_amd64_gcc472/cms/coral/CORAL_2_3_21-cms35/slc6_amd64_gcc472/lib:/cvmfs/cms.cern.ch/slc6_amd64_gcc472/external/python-ldap/2.3.5-cms5/lib/python2.7/site-packages:/cvmfs/cms.cern.ch/slc6_amd64_gcc472/external/pyqt/4.8.1-cms5/lib/python2.7/site-packages:/cvmfs/cms.cern.ch/slc6_amd64_gcc472/external/py2-scipy/0.8.0-cms7/lib/python2.7/site-packages:/cvmfs/cms.cern.ch/slc6_amd64_gcc472/external/py2-matplotlib/1.0.1-cms7/lib/python2.7/site-packages:/cvmfs/cms.cern.ch/slc6_amd64_gcc472/external/sip/4.11.2-cms5/lib/python2.7/site-packages:/cvmfs/cms.cern.ch/slc6_amd64_gcc472/external/py2-pycurl/7.19.0-cms7/lib/python2.7/site-packages:/cvmfs/cms.cern.ch/slc6_amd64_gcc472/external/py2-numpy/1.6.1-cms7/lib/python2.7/site-packages:/cvmfs/cms.cern.ch/slc6_amd64_gcc472/external/py2-lint/0.25.1-cms5/lib/python2.7/site-packages:/cvmfs/cms.cern.ch/slc6_amd64_gcc472/external/py2-ipython/0.10-cms5/lib/python2.7/site-packages:/cvmfs/cms.cern.ch/slc6_amd64_gcc472/external/py2-cx-oracle/5.1-cms5/lib/python2.7/site-packages:/cvmfs/cms.cern.ch/slc6_amd64_gcc472/external/py2-cjson/1.0.5-cms5/lib/python2.7/site-packages:/cvmfs/cms.cern.ch/slc6_amd64_gcc472/cms/das-client/1.11.7/bin:/cvmfs/cms.cern.ch/slc6_amd64_gcc472/external/elementtree/1.2.6-cms5/share/lib/python2.7/site-packages:/cvmfs/cms.cern.ch/slc6_amd64_gcc472/external/rivet/1.8.2-cms9/lib/python2.7/site-packages:/cvmfs/cms.cern.ch/slc6_amd64_gcc472/external/pyminuit2/0.0.1-cms19/lib/python2.7/site-packages:/cvmfs/cms.cern.ch/slc6_amd64_gcc472/external/py2-pygithub/1.23.0-cms2/lib/python2.7/site-packages:/cvmfs/cms.cern.ch/slc6_amd64_gcc472/external/professor/1.0.0-cms19/lib/python2.7/site-packages:/cvmfs/cms.cern.ch/slc6_amd64_gcc472/lcg/root/5.34.07-cms/lib:/cvmfs/cms.cern.ch/slc6_amd64_gcc472/cms/dbs-client/DBS_2_1_9-cms5/lib:/cvmfs/cms.cern.ch/slc6_amd64_gcc472/cms/dbs-client/DBS_2_1_9-cms5/lib/DBSAPI:/cvmfs/cms.cern.ch/slc6_amd64_gcc472/external/cvs2git/5419-cms/lib:/scratch/condor/dir_13146/glide_rhDCE0/execute/dir_14332/
3c0380cf82de79bc39966c93934c61fc
 
# LIMITS USED BY CRAB WATCHDOG:
# RSS  (KBytes)   : 2300000
# VSZ  (KBytes)   : 100000000
# DISK (MBytes)   : 19000
# CPU TIME        : 720h:0m:0s
# WALL CLOCK TIME : 21h:50m:0s
 
PSETHASH = 3c0380cf82de79bc39966c93934c61fc
/scratch/condor/dir_13146/glide_rhDCE0/execute/dir_14332/writeCfg.py pset.py pset.py
Importing .py file
Setting parameters
RandomNumberGeneratorService found, will attempt to change seeds
inputBlocks=/ttbar/dcieri-ttbar_SIM-130075366148575c102f0d64fd3ac8f7/USER#42f4abf6-431f-4645-8b28-bf101a629022
inputFiles=/store/user/dcieri/ttbar_SIM/ttbar/ttbar_SIM/150129_145223/0000/step1_426.root
parentFiles=
lumisRange=
>>> Executable cmsRun
/cvmfs/cms.cern.ch/slc6_amd64_gcc472/cms/cmssw/CMSSW_6_2_0_SLHC12/bin/slc6_amd64_gcc472/cmsRun
ok executable found
>>> info for dashboard:
***** Cat /scratch/condor/dir_13146/glide_rhDCE0/execute/dir_14332/jobreport.txt *****
MonitorJobID=195_https://submit-6.t2.ucsd.edu//150202//509447.194
MonitorID=dcieri_PU140_4dm08r
ExeStart=cmsRun
***** End Cat jobreport *****
Parameters sent to Dashboard.
>>> cmsRun started at Mon Feb  2 20:12:12 UTC 2015
>>> cmsRun ended at Mon Feb  2 23:07:46 UTC 2015
>>> crab_fjr_*.xml  permission set to 0704
>>> info for dashboard:
***** Cat /scratch/condor/dir_13146/glide_rhDCE0/execute/dir_14332/jobreport.txt *****
MonitorJobID=195_https://submit-6.t2.ucsd.edu//150202//509447.194
MonitorID=dcieri_PU140_4dm08r
ExeEnd=cmsRun
***** End Cat jobreport *****
Parameters sent to Dashboard.
TIME_EXE = 10534 sec
>>> cmsRun wrote 228 lines of stdout+stderr
>>> START OF printout of 228 lines from stdout+stderr
271 DQMStore::DQMStore 
HcalTopologyIdealEP::HcalTopologyIdealEP
02-Feb-2015 20:12:23 GMT  Initiating request to open file root://dcap.pp.rl.ac.uk:1094/pnfs/pp.rl.ac.uk/data/cms/store/user/dcieri/ttbar_SIM/ttbar/ttbar_SIM/150129_145223/0000/step1_426.root
150202 20:12:24 15257 Xrd: CheckErrorStatus: Server [heplnx210.pp.rl.ac.uk:1094] declared: Request 3018 not supported(error code: 3013)
02-Feb-2015 20:12:25 GMT  Successfully opened file root://dcap.pp.rl.ac.uk:1094/pnfs/pp.rl.ac.uk/data/cms/store/user/dcieri/ttbar_SIM/ttbar/ttbar_SIM/150129_145223/0000/step1_426.root
02-Feb-2015 20:12:26 GMT  Initiating request to open file root://xrootd.unl.edu//store/group/dpg_trigger/comm_trigger/L1TrackTrigger/620_SLHC10/Extended2023TTI/MinBias/MinBias_TuneZ2star_GEN_SIM_1.root
02-Feb-2015 20:12:27 GMT  Successfully opened file root://xrootd.unl.edu//store/group/dpg_trigger/comm_trigger/L1TrackTrigger/620_SLHC10/Extended2023TTI/MinBias/MinBias_TuneZ2star_GEN_SIM_1.root
disableME1a = 0
HcalTopologyIdealEP::produce(const IdealGeometryRecord& iRecord)
mode = 2, maxDepthHB = 3, maxDepthHE = 5
RPCGeometryESModule :: produce
RPCGeometryESModule :: produce :: 1/4 Get Muon Ideal Geometry Record
RPCGeometryESModule :: produce :: 2/4 Get Muon DDD Constants
RPCGeometryESModule :: produce :: 3/4 Get Muon Numbering Record
in MuonNumberingInitialization::initializeMuonDDDConstants
about to make my new muonDDDConst_
in MuonNumberingInitialization::produce
RPCGeometryESModule :: produce :: 4/4 Build
Found:

	Barrel Stack layer 5 : 1008 stacks
	Barrel Stack layer 6 : 1320 stacks
	Barrel Stack layer 7 : 1836 stacks
	Barrel Stack layer 8 : 1152 stacks
	Barrel Stack layer 9 : 1488 stacks
	Barrel Stack layer 10 : 1824 stacks

	Endcap Stack disk 11 : 1360 stacks
	Endcap Stack disk 12 : 1360 stacks
	Endcap Stack disk 13 : 1360 stacks
	Endcap Stack disk 14 : 1360 stacks
	Endcap Stack disk 15 : 1360 stacks
Created 15428 stacks in 26 s

TTClusterBuilder< edm::Ref<edm::DetSetVector<PixelDigi>, PixelDigi, edm::refhelper::FindForDetSetVector<PixelDigi> > > loaded modules:
	TTClusterAlgorithm:	TTClusterAlgorithm_2d2013< edm::Ref<edm::DetSetVector<PixelDigi>, PixelDigi, edm::refhelper::FindForDetSetVector<PixelDigi> > >


TTStubBuilder< edm::Ref<edm::DetSetVector<PixelDigi>, PixelDigi, edm::refhelper::FindForDetSetVector<PixelDigi> > > loaded modules:
	TTStubAlgorithm:	TTStubAlgorithm_tab2013< edm::Ref<edm::DetSetVector<PixelDigi>, PixelDigi, edm::refhelper::FindForDetSetVector<PixelDigi> > >


TTClusterAssociator< edm::Ref<edm::DetSetVector<PixelDigi>, PixelDigi, edm::refhelper::FindForDetSetVector<PixelDigi> > > loaded.


TTStubAssociator< edm::Ref<edm::DetSetVector<PixelDigi>, PixelDigi, edm::refhelper::FindForDetSetVector<PixelDigi> > > loaded.


TTTrackAssociator< edm::Ref<edm::DetSetVector<PixelDigi>, PixelDigi, edm::refhelper::FindForDetSetVector<PixelDigi> > > loaded.

Begin processing the 1st record. Run 1, Event 4251, LumiSection 426 at 02-Feb-2015 20:13:13.892 GMT
02-Feb-2015 20:13:20 GMT  Closed file root://xrootd.unl.edu//store/group/dpg_trigger/comm_trigger/L1TrackTrigger/620_SLHC10/Extended2023TTI/MinBias/MinBias_TuneZ2star_GEN_SIM_1.root
02-Feb-2015 20:13:20 GMT  Initiating request to open file root://xrootd.unl.edu//store/group/dpg_trigger/comm_trigger/L1TrackTrigger/620_SLHC10/Extended2023TTI/MinBias/MinBias_TuneZ2star_GEN_SIM_897.root
02-Feb-2015 20:13:21 GMT  Successfully opened file root://xrootd.unl.edu//store/group/dpg_trigger/comm_trigger/L1TrackTrigger/620_SLHC10/Extended2023TTI/MinBias/MinBias_TuneZ2star_GEN_SIM_897.root
150202 20:18:23 15274 Xrd: XrdClientMessage::ReadRaw: Failed to read header (8 bytes).
150202 20:18:23 15272 Xrd: XrdClientMessage::ReadRaw: Failed to read header (8 bytes).
02-Feb-2015 20:23:25 GMT  Closed file root://xrootd.unl.edu//store/group/dpg_trigger/comm_trigger/L1TrackTrigger/620_SLHC10/Extended2023TTI/MinBias/MinBias_TuneZ2star_GEN_SIM_897.root
02-Feb-2015 20:23:26 GMT  Initiating request to open file root://xrootd.unl.edu//store/group/dpg_trigger/comm_trigger/L1TrackTrigger/620_SLHC10/Extended2023TTI/MinBias/MinBias_TuneZ2star_GEN_SIM_639.root
150202 20:23:57 26818 Xrd: CheckErrorStatus: Server [xrootd.ba.infn.it:1094] declared: session not found(error code: 3011)
02-Feb-2015 20:23:57 GMT  Successfully opened file root://xrootd.unl.edu//store/group/dpg_trigger/comm_trigger/L1TrackTrigger/620_SLHC10/Extended2023TTI/MinBias/MinBias_TuneZ2star_GEN_SIM_639.root
150202 20:28:53 15787 Xrd: XrdClientMessage::ReadRaw: Failed to read header (8 bytes).
150202 20:29:23 27874 Xrd: XrdClientMessage::ReadRaw: Failed to read header (8 bytes).
150202 20:32:53 15271 Xrd: XrdClientMessage::ReadRaw: Failed to read header (8 bytes).
150202 20:32:53 15265 Xrd: XrdClientMessage::ReadRaw: Failed to read header (8 bytes).
02-Feb-2015 20:33:39 GMT  Closed file root://xrootd.unl.edu//store/group/dpg_trigger/comm_trigger/L1TrackTrigger/620_SLHC10/Extended2023TTI/MinBias/MinBias_TuneZ2star_GEN_SIM_639.root
02-Feb-2015 20:33:39 GMT  Initiating request to open file root://xrootd.unl.edu//store/group/dpg_trigger/comm_trigger/L1TrackTrigger/620_SLHC10/Extended2023TTI/MinBias/MinBias_TuneZ2star_GEN_SIM_213.root
150202 20:34:10 5239 Xrd: CheckErrorStatus: Server [llrxrd-redir.in2p3.fr:1094] declared: session not found(error code: 3011)
02-Feb-2015 20:34:11 GMT  Successfully opened file root://xrootd.unl.edu//store/group/dpg_trigger/comm_trigger/L1TrackTrigger/620_SLHC10/Extended2023TTI/MinBias/MinBias_TuneZ2star_GEN_SIM_213.root
Building the geometry service
Warning did not find digi
Warning did not find digi
Warning did not find digi
Warning did not find digi
Warning did not find digi in disks
Warning did not find digi in disks
Warning did not find digi in disks
Warning did not find digi in disks
150202 20:38:53 27907 Xrd: XrdClientMessage::ReadRaw: Failed to read header (8 bytes).
150202 20:39:23 5494 Xrd: XrdClientMessage::ReadRaw: Failed to read header (8 bytes).
150202 20:44:23 15786 Xrd: XrdClientMessage::ReadRaw: Failed to read header (8 bytes).
02-Feb-2015 20:44:51 GMT  Closed file root://xrootd.unl.edu//store/group/dpg_trigger/comm_trigger/L1TrackTrigger/620_SLHC10/Extended2023TTI/MinBias/MinBias_TuneZ2star_GEN_SIM_213.root
02-Feb-2015 20:44:51 GMT  Initiating request to open file root://xrootd.unl.edu//store/group/dpg_trigger/comm_trigger/L1TrackTrigger/620_SLHC10/Extended2023TTI/MinBias/MinBias_TuneZ2star_GEN_SIM_90.root
150202 20:45:27 10835 Xrd: CheckErrorStatus: Server [cms-xrd-global.cern.ch:1094] declared: session not found(error code: 3011)
150202 20:45:27 10835 Xrd: CheckErrorStatus: Server [xrootd-redic.pi.infn.it:1094] declared: session not found(error code: 3011)
02-Feb-2015 20:45:28 GMT  Successfully opened file root://xrootd.unl.edu//store/group/dpg_trigger/comm_trigger/L1TrackTrigger/620_SLHC10/Extended2023TTI/MinBias/MinBias_TuneZ2star_GEN_SIM_90.root
150202 20:49:53 5495 Xrd: XrdClientMessage::ReadRaw: Failed to read header (8 bytes).
150202 20:50:53 11186 Xrd: XrdClientMessage::ReadRaw: Failed to read header (8 bytes).
150202 20:54:24 5493 Xrd: XrdClientMessage::ReadRaw: Failed to read header (8 bytes).
02-Feb-2015 20:55:57 GMT  Closed file root://xrootd.unl.edu//store/group/dpg_trigger/comm_trigger/L1TrackTrigger/620_SLHC10/Extended2023TTI/MinBias/MinBias_TuneZ2star_GEN_SIM_90.root
02-Feb-2015 20:55:57 GMT  Initiating request to open file root://xrootd.unl.edu//store/group/dpg_trigger/comm_trigger/L1TrackTrigger/620_SLHC10/Extended2023TTI/MinBias/MinBias_TuneZ2star_GEN_SIM_363.root
150202 20:56:20 17308 Xrd: CheckErrorStatus: Server [cms-xrd-global.cern.ch:1094] declared: session not found(error code: 3011)
150202 20:56:20 17308 Xrd: CheckErrorStatus: Server [xrootd.ba.infn.it:1094] declared: session not found(error code: 3011)
02-Feb-2015 20:56:21 GMT  Successfully opened file root://xrootd.unl.edu//store/group/dpg_trigger/comm_trigger/L1TrackTrigger/620_SLHC10/Extended2023TTI/MinBias/MinBias_TuneZ2star_GEN_SIM_363.root
150202 21:01:23 17649 Xrd: XrdClientMessage::ReadRaw: Failed to read header (8 bytes).
150202 21:01:23 11187 Xrd: XrdClientMessage::ReadRaw: Failed to read header (8 bytes).
02-Feb-2015 21:04:45 GMT  Closed file root://xrootd.unl.edu//store/group/dpg_trigger/comm_trigger/L1TrackTrigger/620_SLHC10/Extended2023TTI/MinBias/MinBias_TuneZ2star_GEN_SIM_363.root
02-Feb-2015 21:04:45 GMT  Initiating request to open file root://xrootd.unl.edu//store/group/dpg_trigger/comm_trigger/L1TrackTrigger/620_SLHC10/Extended2023TTI/MinBias/MinBias_TuneZ2star_GEN_SIM_609.root
150202 21:05:54 11185 Xrd: XrdClientMessage::ReadRaw: Failed to read header (8 bytes).
150202 21:07:54 21931 Xrd: CheckErrorStatus: Server [cms-xrd-global.cern.ch:1094] declared: session not found(error code: 3011)
150202 21:07:54 21931 Xrd: CheckErrorStatus: Server [llrxrd-redir.in2p3.fr:1094] declared: session not found(error code: 3011)
02-Feb-2015 21:07:54 GMT  Successfully opened file root://xrootd.unl.edu//store/group/dpg_trigger/comm_trigger/L1TrackTrigger/620_SLHC10/Extended2023TTI/MinBias/MinBias_TuneZ2star_GEN_SIM_609.root
150202 21:09:53 17650 Xrd: XrdClientMessage::ReadRaw: Failed to read header (8 bytes).
150202 21:13:23 23582 Xrd: XrdClientMessage::ReadRaw: Failed to read header (8 bytes).
02-Feb-2015 21:13:59 GMT  Closed file root://xrootd.unl.edu//store/group/dpg_trigger/comm_trigger/L1TrackTrigger/620_SLHC10/Extended2023TTI/MinBias/MinBias_TuneZ2star_GEN_SIM_609.root
02-Feb-2015 21:13:59 GMT  Initiating request to open file root://xrootd.unl.edu//store/group/dpg_trigger/comm_trigger/L1TrackTrigger/620_SLHC10/Extended2023TTI/MinBias/MinBias_TuneZ2star_GEN_SIM_714.root
150202 21:14:30 26532 Xrd: CheckErrorStatus: Server [cms-xrd-global.cern.ch:1094] declared: session not found(error code: 3011)
150202 21:14:30 26532 Xrd: CheckErrorStatus: Server [xrootd-redic.pi.infn.it:1094] declared: session not found(error code: 3011)
02-Feb-2015 21:14:31 GMT  Successfully opened file root://xrootd.unl.edu//store/group/dpg_trigger/comm_trigger/L1TrackTrigger/620_SLHC10/Extended2023TTI/MinBias/MinBias_TuneZ2star_GEN_SIM_714.root
150202 21:16:23 17648 Xrd: XrdClientMessage::ReadRaw: Failed to read header (8 bytes).
150202 21:19:24 23583 Xrd: XrdClientMessage::ReadRaw: Failed to read header (8 bytes).
150202 21:19:53 26900 Xrd: XrdClientMessage::ReadRaw: Failed to read header (8 bytes).
02-Feb-2015 21:23:58 GMT  Closed file root://xrootd.unl.edu//store/group/dpg_trigger/comm_trigger/L1TrackTrigger/620_SLHC10/Extended2023TTI/MinBias/MinBias_TuneZ2star_GEN_SIM_714.root
02-Feb-2015 21:23:58 GMT  Initiating request to open file root://xrootd.unl.edu//store/group/dpg_trigger/comm_trigger/L1TrackTrigger/620_SLHC10/Extended2023TTI/MinBias/MinBias_TuneZ2star_GEN_SIM_22.root
150202 21:24:29 31611 Xrd: CheckErrorStatus: Server [xrootd-redic.pi.infn.it:1094] declared: session not found(error code: 3011)
02-Feb-2015 21:24:30 GMT  Successfully opened file root://xrootd.unl.edu//store/group/dpg_trigger/comm_trigger/L1TrackTrigger/620_SLHC10/Extended2023TTI/MinBias/MinBias_TuneZ2star_GEN_SIM_22.root
150202 21:28:23 23581 Xrd: XrdClientMessage::ReadRaw: Failed to read header (8 bytes).
150202 21:29:23 26901 Xrd: XrdClientMessage::ReadRaw: Failed to read header (8 bytes).
150202 21:29:53 31955 Xrd: XrdClientMessage::ReadRaw: Failed to read header (8 bytes).
02-Feb-2015 21:39:18 GMT  Closed file root://xrootd.unl.edu//store/group/dpg_trigger/comm_trigger/L1TrackTrigger/620_SLHC10/Extended2023TTI/MinBias/MinBias_TuneZ2star_GEN_SIM_22.root
02-Feb-2015 21:39:18 GMT  Initiating request to open file root://xrootd.unl.edu//store/group/dpg_trigger/comm_trigger/L1TrackTrigger/620_SLHC10/Extended2023TTI/MinBias/MinBias_TuneZ2star_GEN_SIM_551.root
150202 21:39:49 7415 Xrd: CheckErrorStatus: Server [xrootd-redic.pi.infn.it:1094] declared: session not found(error code: 3011)
02-Feb-2015 21:39:49 GMT  Successfully opened file root://xrootd.unl.edu//store/group/dpg_trigger/comm_trigger/L1TrackTrigger/620_SLHC10/Extended2023TTI/MinBias/MinBias_TuneZ2star_GEN_SIM_551.root
150202 21:44:23 31956 Xrd: XrdClientMessage::ReadRaw: Failed to read header (8 bytes).
150202 21:44:53 7530 Xrd: XrdClientMessage::ReadRaw: Failed to read header (8 bytes).
02-Feb-2015 21:48:25 GMT  Closed file root://xrootd.unl.edu//store/group/dpg_trigger/comm_trigger/L1TrackTrigger/620_SLHC10/Extended2023TTI/MinBias/MinBias_TuneZ2star_GEN_SIM_551.root
02-Feb-2015 21:48:25 GMT  Initiating request to open file root://xrootd.unl.edu//store/group/dpg_trigger/comm_trigger/L1TrackTrigger/620_SLHC10/Extended2023TTI/MinBias/MinBias_TuneZ2star_GEN_SIM_416.root
150202 21:48:56 12029 Xrd: CheckErrorStatus: Server [xrootd-redic.pi.infn.it:1094] declared: session not found(error code: 3011)
02-Feb-2015 21:48:56 GMT  Successfully opened file root://xrootd.unl.edu//store/group/dpg_trigger/comm_trigger/L1TrackTrigger/620_SLHC10/Extended2023TTI/MinBias/MinBias_TuneZ2star_GEN_SIM_416.root
150202 21:53:53 7531 Xrd: XrdClientMessage::ReadRaw: Failed to read header (8 bytes).
150202 21:54:24 12263 Xrd: XrdClientMessage::ReadRaw: Failed to read header (8 bytes).
02-Feb-2015 21:56:33 GMT  Closed file root://xrootd.unl.edu//store/group/dpg_trigger/comm_trigger/L1TrackTrigger/620_SLHC10/Extended2023TTI/MinBias/MinBias_TuneZ2star_GEN_SIM_416.root
02-Feb-2015 21:56:33 GMT  Initiating request to open file root://xrootd.unl.edu//store/group/dpg_trigger/comm_trigger/L1TrackTrigger/620_SLHC10/Extended2023TTI/MinBias/MinBias_TuneZ2star_GEN_SIM_430.root
150202 21:57:04 16959 Xrd: CheckErrorStatus: Server [cms-xrd-global.cern.ch:1094] declared: session not found(error code: 3011)
150202 21:57:04 16959 Xrd: CheckErrorStatus: Server [llrxrd-redir.in2p3.fr:1094] declared: session not found(error code: 3011)
150202 21:57:05 16959 Xrd: CheckErrorStatus: Server [eoscms.cern.ch:1094] declared: session not found(error code: 3011)
02-Feb-2015 21:57:05 GMT  Successfully opened file root://xrootd.unl.edu//store/group/dpg_trigger/comm_trigger/L1TrackTrigger/620_SLHC10/Extended2023TTI/MinBias/MinBias_TuneZ2star_GEN_SIM_430.root
150202 22:01:53 12264 Xrd: XrdClientMessage::ReadRaw: Failed to read header (8 bytes).
150202 22:02:23 17076 Xrd: XrdClientMessage::ReadRaw: Failed to read header (8 bytes).
02-Feb-2015 22:03:18 GMT  Closed file root://xrootd.unl.edu//store/group/dpg_trigger/comm_trigger/L1TrackTrigger/620_SLHC10/Extended2023TTI/MinBias/MinBias_TuneZ2star_GEN_SIM_430.root
02-Feb-2015 22:03:18 GMT  Initiating request to open file root://xrootd.unl.edu//store/group/dpg_trigger/comm_trigger/L1TrackTrigger/620_SLHC10/Extended2023TTI/MinBias/MinBias_TuneZ2star_GEN_SIM_524.root
150202 22:05:51 20005 Xrd: CheckErrorStatus: Server [llrxrd-redir.in2p3.fr:1094] declared: session not found(error code: 3011)
02-Feb-2015 22:05:53 GMT  Successfully opened file root://xrootd.unl.edu//store/group/dpg_trigger/comm_trigger/L1TrackTrigger/620_SLHC10/Extended2023TTI/MinBias/MinBias_TuneZ2star_GEN_SIM_524.root
150202 22:08:24 17077 Xrd: XrdClientMessage::ReadRaw: Failed to read header (8 bytes).
150202 22:09:23 26899 Xrd: XrdClientMessage::ReadRaw: Failed to read header (8 bytes).
150202 22:10:53 21034 Xrd: XrdClientMessage::ReadRaw: Failed to read header (8 bytes).
02-Feb-2015 22:12:46 GMT  Closed file root://xrootd.unl.edu//store/group/dpg_trigger/comm_trigger/L1TrackTrigger/620_SLHC10/Extended2023TTI/MinBias/MinBias_TuneZ2star_GEN_SIM_524.root
02-Feb-2015 22:12:46 GMT  Initiating request to open file root://xrootd.unl.edu//store/group/dpg_trigger/comm_trigger/L1TrackTrigger/620_SLHC10/Extended2023TTI/MinBias/MinBias_TuneZ2star_GEN_SIM_543.root
150202 22:13:17 23804 Xrd: CheckErrorStatus: Server [cms-xrd-global.cern.ch:1094] declared: session not found(error code: 3011)
150202 22:13:17 23804 Xrd: CheckErrorStatus: Server [xrootd-redic.pi.infn.it:1094] declared: session not found(error code: 3011)
02-Feb-2015 22:13:17 GMT  Successfully opened file root://xrootd.unl.edu//store/group/dpg_trigger/comm_trigger/L1TrackTrigger/620_SLHC10/Extended2023TTI/MinBias/MinBias_TuneZ2star_GEN_SIM_543.root
02-Feb-2015 22:17:17 GMT  Closed file root://xrootd.unl.edu//store/group/dpg_trigger/comm_trigger/L1TrackTrigger/620_SLHC10/Extended2023TTI/MinBias/MinBias_TuneZ2star_GEN_SIM_543.root
02-Feb-2015 22:17:17 GMT  Initiating request to open file root://xrootd.unl.edu//store/group/dpg_trigger/comm_trigger/L1TrackTrigger/620_SLHC10/Extended2023TTI/MinBias/MinBias_TuneZ2star_GEN_SIM_891.root
150202 22:17:54 21036 Xrd: XrdClientMessage::ReadRaw: Failed to read header (8 bytes).
150202 22:18:23 23944 Xrd: XrdClientMessage::ReadRaw: Failed to read header (8 bytes).
150202 22:22:23 23945 Xrd: XrdClientMessage::ReadRaw: Failed to read header (8 bytes).
150202 22:24:21 25644 Xrd: CheckErrorStatus: Server [cms-xrd-global.cern.ch:1094] declared: session not found(error code: 3011)
150202 22:24:22 25644 Xrd: CheckErrorStatus: Server [xrootd.ba.infn.it:1094] declared: session not found(error code: 3011)
02-Feb-2015 22:24:22 GMT  Successfully opened file root://xrootd.unl.edu//store/group/dpg_trigger/comm_trigger/L1TrackTrigger/620_SLHC10/Extended2023TTI/MinBias/MinBias_TuneZ2star_GEN_SIM_891.root
150202 22:25:54 17075 Xrd: XrdClientMessage::ReadRaw: Failed to read header (8 bytes).
150202 22:29:23 27891 Xrd: XrdClientMessage::ReadRaw: Failed to read header (8 bytes).
02-Feb-2015 22:32:16 GMT  Closed file root://xrootd.unl.edu//store/group/dpg_trigger/comm_trigger/L1TrackTrigger/620_SLHC10/Extended2023TTI/MinBias/MinBias_TuneZ2star_GEN_SIM_891.root
02-Feb-2015 22:32:16 GMT  Initiating request to open file root://xrootd.unl.edu//store/group/dpg_trigger/comm_trigger/L1TrackTrigger/620_SLHC10/Extended2023TTI/MinBias/MinBias_TuneZ2star_GEN_SIM_864.root
150202 22:32:47 30189 Xrd: CheckErrorStatus: Server [cms-xrd-global.cern.ch:1094] declared: session not found(error code: 3011)
150202 22:32:47 30189 Xrd: CheckErrorStatus: Server [llrxrd-redir.in2p3.fr:1094] declared: session not found(error code: 3011)
02-Feb-2015 22:32:48 GMT  Successfully opened file root://xrootd.unl.edu//store/group/dpg_trigger/comm_trigger/L1TrackTrigger/620_SLHC10/Extended2023TTI/MinBias/MinBias_TuneZ2star_GEN_SIM_864.root
150202 22:33:23 23943 Xrd: XrdClientMessage::ReadRaw: Failed to read header (8 bytes).
02-Feb-2015 22:36:37 GMT  Closed file root://xrootd.unl.edu//store/group/dpg_trigger/comm_trigger/L1TrackTrigger/620_SLHC10/Extended2023TTI/MinBias/MinBias_TuneZ2star_GEN_SIM_864.root
02-Feb-2015 22:36:37 GMT  Initiating request to open file root://xrootd.unl.edu//store/group/dpg_trigger/comm_trigger/L1TrackTrigger/620_SLHC10/Extended2023TTI/MinBias/MinBias_TuneZ2star_GEN_SIM_119.root
150202 22:37:08 31226 Xrd: CheckErrorStatus: Server [cms-xrd-global.cern.ch:1094] declared: session not found(error code: 3011)
02-Feb-2015 22:37:09 GMT  Successfully opened file root://xrootd.unl.edu//store/group/dpg_trigger/comm_trigger/L1TrackTrigger/620_SLHC10/Extended2023TTI/MinBias/MinBias_TuneZ2star_GEN_SIM_119.root
150202 22:37:23 27892 Xrd: XrdClientMessage::ReadRaw: Failed to read header (8 bytes).
02-Feb-2015 22:41:34 GMT  Closed file root://xrootd.unl.edu//store/group/dpg_trigger/comm_trigger/L1TrackTrigger/620_SLHC10/Extended2023TTI/MinBias/MinBias_TuneZ2star_GEN_SIM_119.root
02-Feb-2015 22:41:34 GMT  Initiating request to open file root://xrootd.unl.edu//store/group/dpg_trigger/comm_trigger/L1TrackTrigger/620_SLHC10/Extended2023TTI/MinBias/MinBias_TuneZ2star_GEN_SIM_969.root
150202 22:41:53 30312 Xrd: XrdClientMessage::ReadRaw: Failed to read header (8 bytes).
02-Feb-2015 22:42:06 GMT  Successfully opened file root://xrootd.unl.edu//store/group/dpg_trigger/comm_trigger/L1TrackTrigger/620_SLHC10/Extended2023TTI/MinBias/MinBias_TuneZ2star_GEN_SIM_969.root
02-Feb-2015 22:45:37 GMT  Closed file root://xrootd.unl.edu//store/group/dpg_trigger/comm_trigger/L1TrackTrigger/620_SLHC10/Extended2023TTI/MinBias/MinBias_TuneZ2star_GEN_SIM_969.root
02-Feb-2015 22:45:37 GMT  Initiating request to open file root://xrootd.unl.edu//store/group/dpg_trigger/comm_trigger/L1TrackTrigger/620_SLHC10/Extended2023TTI/MinBias/MinBias_TuneZ2star_GEN_SIM_692.root
150202 22:46:08 13059 Xrd: CheckErrorStatus: Server [eoscms.cern.ch:1094] declared: session not found(error code: 3011)
02-Feb-2015 22:46:08 GMT  Successfully opened file root://xrootd.unl.edu//store/group/dpg_trigger/comm_trigger/L1TrackTrigger/620_SLHC10/Extended2023TTI/MinBias/MinBias_TuneZ2star_GEN_SIM_692.root
150202 22:46:53 31457 Xrd: XrdClientMessage::ReadRaw: Failed to read header (8 bytes).
150202 22:50:54 6552 Xrd: XrdClientMessage::ReadRaw: Failed to read header (8 bytes).
150202 22:51:24 30311 Xrd: XrdClientMessage::ReadRaw: Failed to read header (8 bytes).
02-Feb-2015 22:52:22 GMT  Closed file root://xrootd.unl.edu//store/group/dpg_trigger/comm_trigger/L1TrackTrigger/620_SLHC10/Extended2023TTI/MinBias/MinBias_TuneZ2star_GEN_SIM_692.root
02-Feb-2015 22:52:22 GMT  Initiating request to open file root://xrootd.unl.edu//store/group/dpg_trigger/comm_trigger/L1TrackTrigger/620_SLHC10/Extended2023TTI/MinBias/MinBias_TuneZ2star_GEN_SIM_602.root
150202 22:52:22 15998 Xrd: CheckErrorStatus: Server [llrxrd-redir.in2p3.fr:1094] declared: session not found(error code: 3011)
02-Feb-2015 22:52:23 GMT  Successfully opened file root://xrootd.unl.edu//store/group/dpg_trigger/comm_trigger/L1TrackTrigger/620_SLHC10/Extended2023TTI/MinBias/MinBias_TuneZ2star_GEN_SIM_602.root
02-Feb-2015 22:55:36 GMT  Closed file root://xrootd.unl.edu//store/group/dpg_trigger/comm_trigger/L1TrackTrigger/620_SLHC10/Extended2023TTI/MinBias/MinBias_TuneZ2star_GEN_SIM_602.root
02-Feb-2015 22:55:36 GMT  Initiating request to open file root://xrootd.unl.edu//store/group/dpg_trigger/comm_trigger/L1TrackTrigger/620_SLHC10/Extended2023TTI/MinBias/MinBias_TuneZ2star_GEN_SIM_950.root
02-Feb-2015 22:56:07 GMT  Successfully opened file root://xrootd.unl.edu//store/group/dpg_trigger/comm_trigger/L1TrackTrigger/620_SLHC10/Extended2023TTI/MinBias/MinBias_TuneZ2star_GEN_SIM_950.root
150202 22:57:23 13309 Xrd: XrdClientMessage::ReadRaw: Failed to read header (8 bytes).
150202 22:57:23 31456 Xrd: XrdClientMessage::ReadRaw: Failed to read header (8 bytes).
02-Feb-2015 22:58:54 GMT  Closed file root://xrootd.unl.edu//store/group/dpg_trigger/comm_trigger/L1TrackTrigger/620_SLHC10/Extended2023TTI/MinBias/MinBias_TuneZ2star_GEN_SIM_950.root
02-Feb-2015 22:58:54 GMT  Initiating request to open file root://xrootd.unl.edu//store/group/dpg_trigger/comm_trigger/L1TrackTrigger/620_SLHC10/Extended2023TTI/MinBias/MinBias_TuneZ2star_GEN_SIM_357.root
02-Feb-2015 22:59:25 GMT  Successfully opened file root://xrootd.unl.edu//store/group/dpg_trigger/comm_trigger/L1TrackTrigger/620_SLHC10/Extended2023TTI/MinBias/MinBias_TuneZ2star_GEN_SIM_357.root
02-Feb-2015 23:02:01 GMT  Closed file root://xrootd.unl.edu//store/group/dpg_trigger/comm_trigger/L1TrackTrigger/620_SLHC10/Extended2023TTI/MinBias/MinBias_TuneZ2star_GEN_SIM_357.root
02-Feb-2015 23:02:01 GMT  Initiating request to open file root://xrootd.unl.edu//store/group/dpg_trigger/comm_trigger/L1TrackTrigger/620_SLHC10/Extended2023TTI/MinBias/MinBias_TuneZ2star_GEN_SIM_141.root
02-Feb-2015 23:02:32 GMT  Successfully opened file root://xrootd.unl.edu//store/group/dpg_trigger/comm_trigger/L1TrackTrigger/620_SLHC10/Extended2023TTI/MinBias/MinBias_TuneZ2star_GEN_SIM_141.root
150202 23:04:24 16939 Xrd: XrdClientMessage::ReadRaw: Failed to read header (8 bytes).
02-Feb-2015 23:04:45 GMT  Closed file root://xrootd.unl.edu//store/group/dpg_trigger/comm_trigger/L1TrackTrigger/620_SLHC10/Extended2023TTI/MinBias/MinBias_TuneZ2star_GEN_SIM_141.root
02-Feb-2015 23:04:45 GMT  Initiating request to open file root://xrootd.unl.edu//store/group/dpg_trigger/comm_trigger/L1TrackTrigger/620_SLHC10/Extended2023TTI/MinBias/MinBias_TuneZ2star_GEN_SIM_445.root
02-Feb-2015 23:06:21 GMT  Successfully opened file root://xrootd.unl.edu//store/group/dpg_trigger/comm_trigger/L1TrackTrigger/620_SLHC10/Extended2023TTI/MinBias/MinBias_TuneZ2star_GEN_SIM_445.root
150202 23:07:23 16000 Xrd: XrdClientMessage::ReadRaw: Failed to read header (8 bytes).
02-Feb-2015 23:07:44 GMT  Closed file root://dcap.pp.rl.ac.uk:1094/pnfs/pp.rl.ac.uk/data/cms/store/user/dcieri/ttbar_SIM/ttbar/ttbar_SIM/150129_145223/0000/step1_426.root
02-Feb-2015 23:07:45 GMT  Closed file root://xrootd.unl.edu//store/group/dpg_trigger/comm_trigger/L1TrackTrigger/620_SLHC10/Extended2023TTI/MinBias/MinBias_TuneZ2star_GEN_SIM_445.root

=============================================

MessageLogger Summary

 type     category        sev    module        subroutine        count    total
 ---- -------------------- -- ---------------- ----------------  -----    -----
    1 fileAction           -s MixingModule:mix                      69       69
    2 fileAction           -s MixingModule:mix                       2        2
    3 fileAction           -s MixingModule:mix                       1        1
    4 fileAction           -s file_close                             1        1
    5 fileAction           -s file_open                              2        2

 type    category    Examples: run/evt        run/evt          run/evt
 ---- -------------------- ---------------- ---------------- ----------------
    1 fileAction           1/4251           1/4251           1/4260
    2 fileAction           pre-events       pre-events       
    3 fileAction           PostEndRun                        
    4 fileAction           PostEndRun                        
    5 fileAction           pre-events       pre-events       

Severity    # Occurrences   Total Occurrences
--------    -------------   -----------------
System                 75                  75
>>> END OF printout of 228 lines from stdout+stderr
>>> Parse FrameworkJobReport crab_fjr.xml
Result of parsing the FrameworkJobReport crab_fjr.xml: 
Extracted ExitStatus from FrameworkJobReport parsing output: 0
>>> Executable succeded  0
ExeExitCode=0
EXECUTABLE_EXIT_STATUS = 0
>>> current directory /scratch/condor/dir_13146/glide_rhDCE0/execute/dir_14332/CMSSW_6_2_0_SLHC12
>>>  (SOFTWARE_DIR): /scratch/condor/dir_13146/glide_rhDCE0/execute/dir_14332/CMSSW_6_2_0_SLHC12
>>> (WORKING_DIR): 
>>> current directory content:
total 239920
drwxr-xr-x 3 cms415 gplcms      4096 Feb  2 20:12 .SCRAM
-rw------- 1 cms415 gplcms    915837 Feb  2 20:12 CMSSW.py.pkl
drwxr-xr-x 3 cms415 gplcms      4096 Feb  2 20:12 bin
drwxr-xr-x 3 cms415 gplcms      4096 Feb  2 20:12 cfipython
drwxr-xr-x 4 cms415 gplcms      4096 Apr 28  2014 config
-rw------- 1 cms415 gplcms        16 Feb  2 23:07 cpu_timing.txt
drwxr-xr-x 2 cms415 gplcms      4096 Feb  2 20:12 doc
-rw------- 1 cms415 gplcms     25678 Feb  2 23:07 executable.out
drwxr-xr-x 2 cms415 gplcms      4096 Feb  2 20:12 include
drwx------ 3 cms415 gplcms      4096 Oct  7 10:12 lib
drwxr-xr-x 3 cms415 gplcms      4096 Feb  2 20:12 logs
drwxr-xr-x 3 cms415 gplcms      4096 Feb  2 20:12 objs
-rw------- 1 cms415 gplcms       104 Feb  2 20:12 pset.py
-rw------- 1 cms415 gplcms    926825 Feb  2 20:12 pset.py.pkl
-rw------- 1 cms415 gplcms       289 Feb  2 20:12 pset.pyc
drwxr-xr-x 2 cms415 gplcms      4096 Feb  2 20:12 python
-rw------- 1 cms415 gplcms       359 Feb  2 23:07 report.log
drwxr-xr-x 2 cms415 gplcms      4096 Feb  2 20:12 src
-rw------- 1 cms415 gplcms 243478514 Feb  2 23:07 step2.root
drwxr-xr-x 3 cms415 gplcms      4096 Feb  2 20:12 test
drwxr-xr-x 3 cms415 gplcms      4096 Feb  2 20:12 tmp
>>> current directory /scratch/condor/dir_13146/glide_rhDCE0/execute/dir_14332/CMSSW_6_2_0_SLHC12
>>> (SOFTWARE_DIR): /scratch/condor/dir_13146/glide_rhDCE0/execute/dir_14332/CMSSW_6_2_0_SLHC12
>>> (WORKING_DIR): 
>>> current directory content:
total 239920
drwxr-xr-x 3 cms415 gplcms      4096 Feb  2 20:12 .SCRAM
-rw------- 1 cms415 gplcms    915837 Feb  2 20:12 CMSSW.py.pkl
drwxr-xr-x 3 cms415 gplcms      4096 Feb  2 20:12 bin
drwxr-xr-x 3 cms415 gplcms      4096 Feb  2 20:12 cfipython
drwxr-xr-x 4 cms415 gplcms      4096 Apr 28  2014 config
-rw------- 1 cms415 gplcms        16 Feb  2 23:07 cpu_timing.txt
drwxr-xr-x 2 cms415 gplcms      4096 Feb  2 20:12 doc
-rw------- 1 cms415 gplcms     25678 Feb  2 23:07 executable.out
drwxr-xr-x 2 cms415 gplcms      4096 Feb  2 20:12 include
drwx------ 3 cms415 gplcms      4096 Oct  7 10:12 lib
drwxr-xr-x 3 cms415 gplcms      4096 Feb  2 20:12 logs
drwxr-xr-x 3 cms415 gplcms      4096 Feb  2 20:12 objs
-rw------- 1 cms415 gplcms       104 Feb  2 20:12 pset.py
-rw------- 1 cms415 gplcms    926825 Feb  2 20:12 pset.py.pkl
-rw------- 1 cms415 gplcms       289 Feb  2 20:12 pset.pyc
drwxr-xr-x 2 cms415 gplcms      4096 Feb  2 20:12 python
-rw------- 1 cms415 gplcms       359 Feb  2 23:07 report.log
drwxr-xr-x 2 cms415 gplcms      4096 Feb  2 20:12 src
-rw------- 1 cms415 gplcms 243478514 Feb  2 23:07 step2_195_1_YKL.root
drwxr-xr-x 3 cms415 gplcms      4096 Feb  2 20:12 test
drwxr-xr-x 3 cms415 gplcms      4096 Feb  2 20:12 tmp
>>> current directory (RUNTIME_AREA):  /scratch/condor/dir_13146/glide_rhDCE0/execute/dir_14332
PNN = T2_UK_SGrid_RALPP
SE = heplnx204.pp.rl.ac.uk
SE_PATH = /srm/managerv2?SFN=/pnfs/pp.rl.ac.uk/data/cms/store/user/dcieri/ttbar_PU140_DIGI/dcieri/ttbar/ttbar_PU140_DIGI/3c0380cf82de79bc39966c93934c61fc/
LFNBaseName = /store/user/dcieri/ttbar_PU140_DIGI/dcieri/ttbar/ttbar_PU140_DIGI/3c0380cf82de79bc39966c93934c61fc/
USER = dcieri
endpoint = srm://heplnx204.pp.rl.ac.uk:8443/srm/managerv2?SFN=/pnfs/pp.rl.ac.uk/data/cms/store/user/dcieri/ttbar_PU140_DIGI/dcieri/ttbar/ttbar_PU140_DIGI/3c0380cf82de79bc39966c93934c61fc/
>>> Copy output files from WN = heplnc163.pp.rl.ac.uk to /srm/managerv2?SFN=/pnfs/pp.rl.ac.uk/data/cms/store/user/dcieri/ttbar_PU140_DIGI/dcieri/ttbar/ttbar_PU140_DIGI/3c0380cf82de79bc39966c93934c61fc/ :
python cmscp.py  --destination srm://heplnx204.pp.rl.ac.uk:8443/srm/managerv2?SFN=/pnfs/pp.rl.ac.uk/data/cms/store/user/dcieri/ttbar_PU140_DIGI/dcieri/ttbar/ttbar_PU140_DIGI/3c0380cf82de79bc39966c93934c61fc/ --inputFileList /scratch/condor/dir_13146/glide_rhDCE0/execute/dir_14332/CMSSW_6_2_0_SLHC12/step2_195_1_YKL.root --middleware LCG --PNN T2_UK_SGrid_RALPP --se_name heplnx204.pp.rl.ac.uk --for_lfn /store/user/dcieri/ttbar_PU140_DIGI/dcieri/ttbar/ttbar_PU140_DIGI/3c0380cf82de79bc39966c93934c61fc/    
******************************************************
localSeName  =  heplnx204.pp.rl.ac.uk
remoteSeName =  heplnx204.pp.rl.ac.uk
******************************************************
{"/scratch/condor/dir_13146/glide_rhDCE0/execute/dir_14332/CMSSW_6_2_0_SLHC12/step2_195_1_YKL.root": {"endpoint": "srm://heplnx204.pp.rl.ac.uk:8443/srm/managerv2?SFN=/pnfs/pp.rl.ac.uk/data/cms/store/user/dcieri/ttbar_PU140_DIGI/dcieri/ttbar/ttbar_PU140_DIGI/3c0380cf82de79bc39966c93934c61fc/", "surl_for_grid": "", "reason": "Copy succedeed with srm-lcg utils", "erCode": "0", "PNN": "T2_UK_SGrid_RALPP", "se_name": "heplnx204.pp.rl.ac.uk", "for_lfn": "/store/user/dcieri/ttbar_PU140_DIGI/dcieri/ttbar/ttbar_PU140_DIGI/3c0380cf82de79bc39966c93934c61fc/"}}/scratch/condor/dir_13146/glide_rhDCE0/execute/dir_14332
-------- cat /scratch/condor/dir_13146/glide_rhDCE0/execute/dir_14332/cmscpReport.sh 
#!/bin/bash
echo "Report for File: /scratch/condor/dir_13146/glide_rhDCE0/execute/dir_14332/CMSSW_6_2_0_SLHC12/step2_195_1_YKL.root"
echo "LFN: /store/user/dcieri/ttbar_PU140_DIGI/dcieri/ttbar/ttbar_PU140_DIGI/3c0380cf82de79bc39966c93934c61fc/step2_195_1_YKL.root"
echo "StorageElement: heplnx204.pp.rl.ac.uk"
echo "StageOutExitStatusReason = 'Copy succedeed with srm-lcg utils'" | tee -a $RUNTIME_AREA/$repo
echo "StageOutSE = heplnx204.pp.rl.ac.uk" >> $RUNTIME_AREA/$repo

export StageOutExitStatus=0
echo "StageOutExitStatus = 0" | tee -a $RUNTIME_AREA/$repo
-------- end of /scratch/condor/dir_13146/glide_rhDCE0/execute/dir_14332/cmscpReport.sh 
Report for File: /scratch/condor/dir_13146/glide_rhDCE0/execute/dir_14332/CMSSW_6_2_0_SLHC12/step2_195_1_YKL.root
LFN: /store/user/dcieri/ttbar_PU140_DIGI/dcieri/ttbar/ttbar_PU140_DIGI/3c0380cf82de79bc39966c93934c61fc/step2_195_1_YKL.root
StorageElement: heplnx204.pp.rl.ac.uk
StageOutExitStatusReason = 'Copy succedeed with srm-lcg utils'
StageOutExitStatus = 0
>>> current dir: /scratch/condor/dir_13146/glide_rhDCE0/execute/dir_14332
>>> current dir content:
total 8828
-rw-------  1 cms415 gplcms    2670 Feb  2 23:08 .SEinteraction.log
-rwx------  1 cms415 gplcms      53 Feb  2 20:10 .chirp_config
-rwx------  1 cms415 gplcms    7822 Feb  2 20:10 .job.ad
-rwx------  1 cms415 gplcms    9749 Feb  2 20:10 .machine.ad
-rw-------  1 cms415 gplcms     105 Feb  2 12:16 CMSSW.py
-rw-------  1 cms415 gplcms  915837 Feb  2 12:16 CMSSW.py.pkl
-rwx------  1 cms415 gplcms   29498 Feb  2 20:12 CMSSW.sh
drwxr-xr-x 15 cms415 gplcms    4096 Feb  2 23:07 CMSSW_6_2_0_SLHC12
-rw-------  1 cms415 gplcms     190 Feb  2 20:12 CacheEnv.sh
-rw-------  1 cms415 gplcms    7291 Nov 19 14:52 DashboardAPI.py
-rw-------  1 cms415 gplcms    6470 Feb  2 20:12 DashboardAPI.pyc
drwx------  2 cms415 gplcms    4096 Feb  2 23:07 IMProv
-rw-------  1 cms415 gplcms    2748 Nov 19 14:52 Logger.py
-rw-------  1 cms415 gplcms    3232 Feb  2 20:12 Logger.pyc
-rw-------  1 cms415 gplcms   24524 Nov 19 14:52 ProcInfo.py
-rw-------  1 cms415 gplcms   22645 Feb  2 20:12 ProcInfo.pyc
drwx------  7 cms415 gplcms    4096 Feb  2 20:12 ProdCommon
drwx------  3 cms415 gplcms    4096 Feb  2 20:12 WMCore
-rw-------  1 cms415 gplcms   13605 Feb  2 23:07 Watchdog_195.log
-rwx------  1 cms415 gplcms       0 Feb  2 20:12 _condor_stderr
-rwx---r--  1 cms415 gplcms   40453 Feb  2 23:08 _condor_stdout
-rw-------  1 cms415 gplcms   32895 Nov 19 14:52 apmon.py
-rw-------  1 cms415 gplcms   27958 Feb  2 20:12 apmon.pyc
-rwx------  1 cms415 gplcms  134309 Feb  2 20:12 arguments.xml
-rwx------  1 cms415 gplcms   38581 Nov 19 14:52 cmscp.py
-rw-------  1 cms415 gplcms     562 Feb  2 23:08 cmscpReport.sh
-rwx------  1 cms415 gplcms   29498 Feb  2 20:12 condor_exec.exe
-rw-------  1 cms415 gplcms     544 Feb  2 12:16 crab.cfg
-rwx------  1 cms415 gplcms    8610 Nov 19 14:52 crabWatchdog.sh
-rwx---r--  1 cms415 gplcms  112110 Feb  2 23:07 crab_fjr_195.xml
-rwx------  1 cms415 gplcms 7390485 Feb  2 20:12 default.tgz
-rwx------  1 cms415 gplcms    4488 Nov 19 14:52 fillCrabFjr.py
-rw-------  1 cms415 gplcms     226 Feb  2 20:12 inputsReport.txt
-rw-------  1 cms415 gplcms     245 Feb  2 23:08 jobreport.txt
-rw-------  1 cms415 gplcms   17352 Nov 19 14:52 parseCrabFjr.py
-rw-------  1 cms415 gplcms     324 Feb  2 20:12 report.log
-rwx--x--x  1 cms415 gplcms    1497 Nov 19 14:52 report.py
-rw-------  1 cms415 gplcms     555 Feb  2 23:08 resultCopyFile
lrwxrwxrwx  1 cms415 gplcms      96 Feb  2 23:07 step2.root -> /scratch/condor/dir_13146/glide_rhDCE0/execute/dir_14332/CMSSW_6_2_0_SLHC12/step2_195_1_YKL.root
-rwx------  1 cms415 gplcms    8351 Nov 19 14:52 writeCfg.py
-rw-------  1 cms415 gplcms   10293 Feb  2 20:10 x509up_u62281
>>> Modify Job Report:
CMSSW_VERSION = CMSSW_6_2_0_SLHC12
ProcessedDataset = ttbar_PU140_DIGI
/scratch/condor/dir_13146/glide_rhDCE0/execute/dir_14332/ProdCommon/FwkJobRep/ModifyJobReport.py fjr /scratch/condor/dir_13146/glide_rhDCE0/execute/dir_14332/crab_fjr_195.xml json /scratch/condor/dir_13146/glide_rhDCE0/execute/dir_14332/resultCopyFile n_job 195_1_YKL PrimaryDataset ttbar  ApplicationFamily cmsRun ApplicationName cmsRun cmssw_version CMSSW_6_2_0_SLHC12 psethash 3c0380cf82de79bc39966c93934c61fc UserProcessedDataset dcieri-ttbar_PU140_DIGI-3c0380cf82de79bc39966c93934c61fc
inputDict =  {u'/scratch/condor/dir_13146/glide_rhDCE0/execute/dir_14332/CMSSW_6_2_0_SLHC12/step2_195_1_YKL.root': {u'endpoint': u'srm://heplnx204.pp.rl.ac.uk:8443/srm/managerv2?SFN=/pnfs/pp.rl.ac.uk/data/cms/store/user/dcieri/ttbar_PU140_DIGI/dcieri/ttbar/ttbar_PU140_DIGI/3c0380cf82de79bc39966c93934c61fc/', u'surl_for_grid': u'', u'reason': u'Copy succedeed with srm-lcg utils', u'erCode': u'0', u'PNN': u'T2_UK_SGrid_RALPP', u'se_name': u'heplnx204.pp.rl.ac.uk', u'for_lfn': u'/store/user/dcieri/ttbar_PU140_DIGI/dcieri/ttbar/ttbar_PU140_DIGI/3c0380cf82de79bc39966c93934c61fc/'}}
UserProcessedDataset =  dcieri-ttbar_PU140_DIGI-3c0380cf82de79bc39966c93934c61fc
WORKING ON EDM FILE
file_name in inputDict =  /scratch/condor/dir_13146/glide_rhDCE0/execute/dir_14332/CMSSW_6_2_0_SLHC12/step2_195_1_YKL.root
(size) os.stat(filename)[6] =  243478514
checksum =  3296558250
    file =  step2_195_1_YKL.root
    newPfn =  srm://heplnx204.pp.rl.ac.uk:8443/srm/managerv2?SFN=/pnfs/pp.rl.ac.uk/data/cms/store/user/dcieri/ttbar_PU140_DIGI/dcieri/ttbar/ttbar_PU140_DIGI/3c0380cf82de79bc39966c93934c61fc/step2_195_1_YKL.root
    newLfn =  /store/user/dcieri/ttbar_PU140_DIGI/dcieri/ttbar/ttbar_PU140_DIGI/3c0380cf82de79bc39966c93934c61fc/step2_195_1_YKL.root
>>> crab_fjr_*.xml  permission set to 0704
CrabWrapper EXIT_FUNC entered at Mon Feb  2 23:08:40 GMT 2015   -  Mon Feb  2 23:08:40 UTC 2015
Checking output files:  
will tar file crab_fjr_195.xml in  out_files_195
WARNING: output file CMSSW_195.stdout not found!
WARNING: output file CMSSW_195.stderr not found!
WARNING: output file Watchdog_195.log.gz not found!
>>> padding time: Wrapper lasting more than 600 seconds. No sleep required.
STOPPING WATCHDOG. CrabWatchdog PID is 15150
********** LAST 50 LINES OF WATCHDOG LOG
 Feb 02 20:56:19 GMT	15257	1303220	1659180	71	205	2649	cmsRun -j /scratch/condor/dir_13146/glide_rhDCE0/execute/dir_14332/crab_fjr_195.xml -p pset.py      
 Feb 02 20:57:20 GMT	15257	1337168	1673004	71	208	2710	cmsRun -j /scratch/condor/dir_13146/glide_rhDCE0/execute/dir_14332/crab_fjr_195.xml -p pset.py      
 Feb 02 20:58:20 GMT	15257	1339772	1676588	71	211	2770	cmsRun -j /scratch/condor/dir_13146/glide_rhDCE0/execute/dir_14332/crab_fjr_195.xml -p pset.py      
 Feb 02 20:59:20 GMT	15257	1343244	1678892	71	214	2830	cmsRun -j /scratch/condor/dir_13146/glide_rhDCE0/execute/dir_14332/crab_fjr_195.xml -p pset.py      
 Feb 02 21:00:20 GMT	15257	1343244	1744644	71	237	2890	cmsRun -j /scratch/condor/dir_13146/glide_rhDCE0/execute/dir_14332/crab_fjr_195.xml -p pset.py      
 Feb 02 21:00:20 GMT	---	1343244	1744644	93	----	----	----
 Feb 02 21:11:23 GMT	15257	1343244	1746948	93	265	3553	cmsRun -j /scratch/condor/dir_13146/glide_rhDCE0/execute/dir_14332/crab_fjr_195.xml -p pset.py      
 Feb 02 21:12:23 GMT	15257	1343244	1752068	93	267	3613	cmsRun -j /scratch/condor/dir_13146/glide_rhDCE0/execute/dir_14332/crab_fjr_195.xml -p pset.py      
 Feb 02 21:15:24 GMT	15257	1343244	1756424	93	275	3794	cmsRun -j /scratch/condor/dir_13146/glide_rhDCE0/execute/dir_14332/crab_fjr_195.xml -p pset.py      
 Feb 02 21:16:24 GMT	15257	1343244	1761800	93	282	3854	cmsRun -j /scratch/condor/dir_13146/glide_rhDCE0/execute/dir_14332/crab_fjr_195.xml -p pset.py      
 Feb 02 21:17:24 GMT	15257	1387552	1774856	93	292	3914	cmsRun -j /scratch/condor/dir_13146/glide_rhDCE0/execute/dir_14332/crab_fjr_195.xml -p pset.py      
 Feb 02 21:18:24 GMT	15257	1396204	1775624	93	295	3974	cmsRun -j /scratch/condor/dir_13146/glide_rhDCE0/execute/dir_14332/crab_fjr_195.xml -p pset.py      
 Feb 02 21:19:25 GMT	15257	1397956	1778440	93	297	4035	cmsRun -j /scratch/condor/dir_13146/glide_rhDCE0/execute/dir_14332/crab_fjr_195.xml -p pset.py      
 Feb 02 21:20:25 GMT	15257	1399940	1778440	93	300	4095	cmsRun -j /scratch/condor/dir_13146/glide_rhDCE0/execute/dir_14332/crab_fjr_195.xml -p pset.py      
 Feb 02 21:21:25 GMT	---	1399940	1778440	116	----	----	----
 Feb 02 21:35:28 GMT	15257	1399940	1780232	116	344	4998	cmsRun -j /scratch/condor/dir_13146/glide_rhDCE0/execute/dir_14332/crab_fjr_195.xml -p pset.py      
 Feb 02 21:36:28 GMT	15257	1399940	1781512	116	345	5058	cmsRun -j /scratch/condor/dir_13146/glide_rhDCE0/execute/dir_14332/crab_fjr_195.xml -p pset.py      
 Feb 02 21:37:28 GMT	15257	1399940	1783560	116	347	5119	cmsRun -j /scratch/condor/dir_13146/glide_rhDCE0/execute/dir_14332/crab_fjr_195.xml -p pset.py      
 Feb 02 21:40:29 GMT	15257	1399940	1784840	116	352	5299	cmsRun -j /scratch/condor/dir_13146/glide_rhDCE0/execute/dir_14332/crab_fjr_195.xml -p pset.py      
# TIME			PID	RSS(KB)	VSZ(KB)	Dsk(MB)	tCPU(s)	tWALL(s)	COMMAND
 Feb 02 21:41:29 GMT	15257	1399940	1789960	116	355	5359	cmsRun -j /scratch/condor/dir_13146/glide_rhDCE0/execute/dir_14332/crab_fjr_195.xml -p pset.py      
 Feb 02 21:42:29 GMT	15257	1399940	1792520	116	360	5420	cmsRun -j /scratch/condor/dir_13146/glide_rhDCE0/execute/dir_14332/crab_fjr_195.xml -p pset.py      
 Feb 02 21:43:30 GMT	15257	1399940	1804296	116	368	5480	cmsRun -j /scratch/condor/dir_13146/glide_rhDCE0/execute/dir_14332/crab_fjr_195.xml -p pset.py      
 Feb 02 21:44:30 GMT	15257	1399940	1807880	116	378	5540	cmsRun -j /scratch/condor/dir_13146/glide_rhDCE0/execute/dir_14332/crab_fjr_195.xml -p pset.py      
 Feb 02 21:45:30 GMT	15257	1399940	1810184	116	382	5600	cmsRun -j /scratch/condor/dir_13146/glide_rhDCE0/execute/dir_14332/crab_fjr_195.xml -p pset.py      
 Feb 02 21:48:31 GMT	---	1399940	1810184	140	----	----	----
 Feb 02 21:50:31 GMT	15257	1399940	1815048	140	414	5901	cmsRun -j /scratch/condor/dir_13146/glide_rhDCE0/execute/dir_14332/crab_fjr_195.xml -p pset.py      
 Feb 02 21:51:31 GMT	15257	1399940	1817864	140	417	5961	cmsRun -j /scratch/condor/dir_13146/glide_rhDCE0/execute/dir_14332/crab_fjr_195.xml -p pset.py      
 Feb 02 21:53:32 GMT	15257	1399940	1818376	140	423	6082	cmsRun -j /scratch/condor/dir_13146/glide_rhDCE0/execute/dir_14332/crab_fjr_195.xml -p pset.py      
 Feb 02 21:56:32 GMT	15257	1399940	1821960	140	432	6262	cmsRun -j /scratch/condor/dir_13146/glide_rhDCE0/execute/dir_14332/crab_fjr_195.xml -p pset.py      
 Feb 02 21:58:33 GMT	15257	1399940	1826312	140	437	6383	cmsRun -j /scratch/condor/dir_13146/glide_rhDCE0/execute/dir_14332/crab_fjr_195.xml -p pset.py      
 Feb 02 21:59:33 GMT	15257	1399940	1831688	140	441	6443	cmsRun -j /scratch/condor/dir_13146/glide_rhDCE0/execute/dir_14332/crab_fjr_195.xml -p pset.py      
 Feb 02 22:00:33 GMT	15257	1399940	1832968	140	446	6503	cmsRun -j /scratch/condor/dir_13146/glide_rhDCE0/execute/dir_14332/crab_fjr_195.xml -p pset.py      
 Feb 02 22:01:33 GMT	15257	1399940	1841928	140	456	6563	cmsRun -j /scratch/condor/dir_13146/glide_rhDCE0/execute/dir_14332/crab_fjr_195.xml -p pset.py      
 Feb 02 22:02:33 GMT	15257	1399940	1848584	140	463	6624	cmsRun -j /scratch/condor/dir_13146/glide_rhDCE0/execute/dir_14332/crab_fjr_195.xml -p pset.py      
 Feb 02 22:08:35 GMT	---	1399940	1848584	159	----	----	----
 Feb 02 22:28:39 GMT	---	1399940	1848584	182	----	----	----
 Feb 02 22:38:41 GMT	15257	1409228	1863944	182	633	8791	cmsRun -j /scratch/condor/dir_13146/glide_rhDCE0/execute/dir_14332/crab_fjr_195.xml -p pset.py      
 Feb 02 22:39:41 GMT	15257	1417396	1864712	182	641	8852	cmsRun -j /scratch/condor/dir_13146/glide_rhDCE0/execute/dir_14332/crab_fjr_195.xml -p pset.py      
 Feb 02 22:40:42 GMT	---	1417396	1864712	205	----	----	----
 Feb 02 22:47:44 GMT	15257	1417396	1867276	205	695	9334	cmsRun -j /scratch/condor/dir_13146/glide_rhDCE0/execute/dir_14332/crab_fjr_195.xml -p pset.py      
 Feb 02 22:48:44 GMT	15257	1417396	1868556	205	699	9395	cmsRun -j /scratch/condor/dir_13146/glide_rhDCE0/execute/dir_14332/crab_fjr_195.xml -p pset.py      
 Feb 02 22:49:45 GMT	15257	1417396	1875724	205	711	9455	cmsRun -j /scratch/condor/dir_13146/glide_rhDCE0/execute/dir_14332/crab_fjr_195.xml -p pset.py      
 Feb 02 22:50:45 GMT	15257	1417396	1889548	205	718	9516	cmsRun -j /scratch/condor/dir_13146/glide_rhDCE0/execute/dir_14332/crab_fjr_195.xml -p pset.py      
 Feb 02 22:51:46 GMT	15257	1417396	1890060	205	722	9576	cmsRun -j /scratch/condor/dir_13146/glide_rhDCE0/execute/dir_14332/crab_fjr_195.xml -p pset.py      
 Feb 02 22:52:46 GMT	15257	1505796	1964812	205	741	9637	cmsRun -j /scratch/condor/dir_13146/glide_rhDCE0/execute/dir_14332/crab_fjr_195.xml -p pset.py      
 Feb 02 22:52:46 GMT	---	1505796	1964812	216	----	----	----
 Feb 02 22:53:47 GMT	---	1505796	1964812	226	----	----	----
 Feb 02 23:00:48 GMT	---	1505796	1964812	247	----	----	----
 Feb 02 23:07:49 GMT	---	1505796	1964812	270	----	----	----
********** WATCHDOG LOG ENDED
ZIPPING WATCHDOG LOG
Disk space used:
du -sh /scratch/condor/dir_13146/glide_rhDCE0/execute/dir_14332
270M	/scratch/condor/dir_13146/glide_rhDCE0/execute/dir_14332
Found unusual stdout, rename for OSB
`/scratch/condor/dir_13146/glide_rhDCE0/execute/dir_14332/_condor_stdout' -> `CMSSW_195.stdout'
Found unusual stderr, rename for OSB
`/scratch/condor/dir_13146/glide_rhDCE0/execute/dir_14332/_condor_stdout' -> `CMSSW_195.stderr'
crab_fjr_195.xml
CMSSW_195.stdout
CMSSW_195.stderr
Watchdog_195.log.gz
Total Output dimension: 24858
WARNING: output files size limit is set to: 50000000
Total Output dimension 24858 is fine.
JOB_EXIT_STATUS = 0
>>> info for dashboard:
***** Cat /scratch/condor/dir_13146/glide_rhDCE0/execute/dir_14332/jobreport.txt *****
MonitorJobID=195_https://submit-6.t2.ucsd.edu//150202//509447.194
MonitorID=dcieri_PU140_4dm08r
ExeTime=10534
ExeExitCode=0
StageOutExitStatusReason = 'Copy succedeed with srm-lcg utils'
StageOutSE = heplnx204.pp.rl.ac.uk
StageOutExitStatus = 0
CrabUserCpuTime=874.05
CrabSysCpuTime=34.36
CrabCpuPercentage=8%
CrabWrapperTime=10596
CrabStageoutTime=49
JobExitCode=0
***** End Cat jobreport *****
Parameters sent to Dashboard.
EXITING at Mon Feb  2 23:08:42 GMT 2015  -  Mon Feb  2 23:08:42 UTC 2015
