This script was generated by crab (version 2.11.1_patch1).
Running /scratch/condor/dir_28433/glide_U9Ryc7/execute/dir_32646/condor_exec.exe with 2 positional parameters: 420 1
Today is Mon Feb  2 20:54:20 GMT 2015 - Mon Feb  2 20:54:20 UTC 2015
Job submitted on host heplnc372.pp.rl.ac.uk
Linux heplnc372.pp.rl.ac.uk 2.6.32-504.3.3.el6.x86_64 #1 SMP Tue Dec 16 14:29:22 CST 2014 x86_64 x86_64 x86_64 GNU/Linux
Distributor ID:	Scientific
Description:	Scientific Linux release 6.6 (Carbon)
>>> current directory (RUNTIME_AREA): /scratch/condor/dir_28433/glide_U9Ryc7/execute/dir_32646
>>> current user: uid=157415(cms415) gid=157000(gplcms) groups=157000(gplcms)
>>> directory permission set to 0700
>>> umask set to:  u=rwx,g=,o=
>>> stdout stderr permission set to 0704
>>> voms proxy information:
subject   : /DC=ch/DC=cern/OU=Organic Units/OU=Users/CN=dcieri/CN=755391/CN=Davide Cieri/CN=769881070/CN=260652225
issuer    : /DC=ch/DC=cern/OU=Organic Units/OU=Users/CN=dcieri/CN=755391/CN=Davide Cieri/CN=769881070
identity  : /DC=ch/DC=cern/OU=Organic Units/OU=Users/CN=dcieri/CN=755391/CN=Davide Cieri
type      : RFC3820 compliant limited proxy
strength  : 1024
path      : /scratch/condor/dir_28433/glide_U9Ryc7/execute/dir_32646/x509up_u62281
timeleft  : 23:58:10
key usage : Digital Signature, Key Encipherment
=== VO cms extension information ===
VO        : cms
subject   : /DC=ch/DC=cern/OU=Organic Units/OU=Users/CN=dcieri/CN=755391/CN=Davide Cieri
issuer    : /DC=ch/DC=cern/OU=computers/CN=lcg-voms2.cern.ch
attribute : /cms/Role=NULL/Capability=NULL
timeleft  : 183:22:04
uri       : lcg-voms2.cern.ch:15002

WNHostName=heplnc372.pp.rl.ac.uk
$_CONDOR_JOB_AD =/scratch/condor/dir_28433/glide_U9Ryc7/execute/dir_32646/.job.ad
OverflowFlag=0
>>> tar --no-same-permissions -xf /scratch/condor/dir_28433/glide_U9Ryc7/execute/dir_32646/default.tgz :
Successful untar
>>> Include /scratch/condor/dir_28433/glide_U9Ryc7/execute/dir_32646 in PYTHONPATH:
strip arguments
env var CRAB_UNIQUE_JOB_ID set to: dcieri_PU140_4dm08r_420_1_LXg
out_files_420
>>> list of expected files on output sandbox
output files: crab_fjr_420.xml CMSSW_420.stdout CMSSW_420.stderr Watchdog_420.log.gz
>>> GridFlavour discovery: 
GridFlavour=LCG
>>> SyncSite discovery: 
SyncSite=T2_UK_SGrid_RALPP
>>> SyncCE discovery: 
getting SyncCE from GLIDEIN_Gaekeeper
SyncCE=heplnv147.pp.rl.ac.uk
>>> info for dashboard:
***** Cat /scratch/condor/dir_28433/glide_U9Ryc7/execute/dir_32646/jobreport.txt *****
WNHostName=heplnc372.pp.rl.ac.uk
OverflowFlag=0
MonitorJobID=420_https://submit-6.t2.ucsd.edu//150202//509448.19
SyncGridJobId=https://submit-6.t2.ucsd.edu//150202//509448.19
MonitorID=dcieri_PU140_4dm08r
GridFlavour=LCG
SyncSite=T2_UK_SGrid_RALPP
SyncCE=heplnv147.pp.rl.ac.uk
***** End Cat jobreport *****
Parameters sent to Dashboard.
>>> setup environment
set SCRAM ARCH to slc6_amd64_gcc472
SCRAM_ARCH = slc6_amd64_gcc472
>>> setup CMS LCG environment:
set SCRAM ARCH and BUILD_ARCH to slc6_amd64_gcc472 ###
Sourcing environment... 
sourcing /cvmfs/cms.cern.ch/cmsset_default.sh
==> setup cms environment ok
>>> specific cmssw setup environment:
CMSSW_VERSION =  CMSSW_6_2_0_SLHC12
WARNING: In non-interactive mode release checks e.g. deprecated releases, production architectures are disabled.
>>> current directory (SOFTWARE_DIR): /scratch/condor/dir_28433/glide_U9Ryc7/execute/dir_32646/CMSSW_6_2_0_SLHC12
PreserveSeeds: <>
IncrementSeeds:<>
>>> info for dashboard:
***** Cat /scratch/condor/dir_28433/glide_U9Ryc7/execute/dir_32646/jobreport.txt *****
MonitorJobID=420_https://submit-6.t2.ucsd.edu//150202//509448.19
MonitorID=dcieri_PU140_4dm08r
***** End Cat jobreport *****
Parameters sent to Dashboard.
crabWatchdog started as process 2245
>>> moving CMSSW software directories in /scratch/condor/dir_28433/glide_U9Ryc7/execute/dir_32646/CMSSW_6_2_0_SLHC12
mv: cannot stat `/scratch/condor/dir_28433/glide_U9Ryc7/execute/dir_32646/module/': No such file or directory
>>> Include /scratch/condor/dir_28433/glide_U9Ryc7/execute/dir_32646 in PYTHONPATH:
PYTHONPATH=/scratch/condor/dir_28433/glide_U9Ryc7/execute/dir_32646/:/scratch/condor/dir_28433/glide_U9Ryc7/execute/dir_32646/CMSSW_6_2_0_SLHC12/python:/scratch/condor/dir_28433/glide_U9Ryc7/execute/dir_32646/CMSSW_6_2_0_SLHC12/lib/slc6_amd64_gcc472:/cvmfs/cms.cern.ch/slc6_amd64_gcc472/cms/cmssw/CMSSW_6_2_0_SLHC12/python:/cvmfs/cms.cern.ch/slc6_amd64_gcc472/cms/cmssw/CMSSW_6_2_0_SLHC12/lib/slc6_amd64_gcc472:/cvmfs/cms.cern.ch/slc6_amd64_gcc472/cms/coral/CORAL_2_3_21-cms35/slc6_amd64_gcc472/python:/cvmfs/cms.cern.ch/slc6_amd64_gcc472/cms/coral/CORAL_2_3_21-cms35/slc6_amd64_gcc472/lib:/cvmfs/cms.cern.ch/slc6_amd64_gcc472/external/python-ldap/2.3.5-cms5/lib/python2.7/site-packages:/cvmfs/cms.cern.ch/slc6_amd64_gcc472/external/pyqt/4.8.1-cms5/lib/python2.7/site-packages:/cvmfs/cms.cern.ch/slc6_amd64_gcc472/external/py2-scipy/0.8.0-cms7/lib/python2.7/site-packages:/cvmfs/cms.cern.ch/slc6_amd64_gcc472/external/py2-matplotlib/1.0.1-cms7/lib/python2.7/site-packages:/cvmfs/cms.cern.ch/slc6_amd64_gcc472/external/sip/4.11.2-cms5/lib/python2.7/site-packages:/cvmfs/cms.cern.ch/slc6_amd64_gcc472/external/py2-pycurl/7.19.0-cms7/lib/python2.7/site-packages:/cvmfs/cms.cern.ch/slc6_amd64_gcc472/external/py2-numpy/1.6.1-cms7/lib/python2.7/site-packages:/cvmfs/cms.cern.ch/slc6_amd64_gcc472/external/py2-lint/0.25.1-cms5/lib/python2.7/site-packages:/cvmfs/cms.cern.ch/slc6_amd64_gcc472/external/py2-ipython/0.10-cms5/lib/python2.7/site-packages:/cvmfs/cms.cern.ch/slc6_amd64_gcc472/external/py2-cx-oracle/5.1-cms5/lib/python2.7/site-packages:/cvmfs/cms.cern.ch/slc6_amd64_gcc472/external/py2-cjson/1.0.5-cms5/lib/python2.7/site-packages:/cvmfs/cms.cern.ch/slc6_amd64_gcc472/cms/das-client/1.11.7/bin:/cvmfs/cms.cern.ch/slc6_amd64_gcc472/external/elementtree/1.2.6-cms5/share/lib/python2.7/site-packages:/cvmfs/cms.cern.ch/slc6_amd64_gcc472/external/rivet/1.8.2-cms9/lib/python2.7/site-packages:/cvmfs/cms.cern.ch/slc6_amd64_gcc472/external/pyminuit2/0.0.1-cms19/lib/python2.7/site-packages:/cvmfs/cms.cern.ch/slc6_amd64_gcc472/external/py2-pygithub/1.23.0-cms2/lib/python2.7/site-packages:/cvmfs/cms.cern.ch/slc6_amd64_gcc472/external/professor/1.0.0-cms19/lib/python2.7/site-packages:/cvmfs/cms.cern.ch/slc6_amd64_gcc472/lcg/root/5.34.07-cms/lib:/cvmfs/cms.cern.ch/slc6_amd64_gcc472/cms/dbs-client/DBS_2_1_9-cms5/lib:/cvmfs/cms.cern.ch/slc6_amd64_gcc472/cms/dbs-client/DBS_2_1_9-cms5/lib/DBSAPI:/cvmfs/cms.cern.ch/slc6_amd64_gcc472/external/cvs2git/5419-cms/lib:/scratch/condor/dir_28433/glide_U9Ryc7/execute/dir_32646/
 
# LIMITS USED BY CRAB WATCHDOG:
# RSS  (KBytes)   : 2300000
# VSZ  (KBytes)   : 100000000
# DISK (MBytes)   : 19000
# CPU TIME        : 720h:0m:0s
# WALL CLOCK TIME : 21h:50m:0s
 
3c0380cf82de79bc39966c93934c61fc
PSETHASH = 3c0380cf82de79bc39966c93934c61fc
/scratch/condor/dir_28433/glide_U9Ryc7/execute/dir_32646/writeCfg.py pset.py pset.py
Importing .py file
Setting parameters
RandomNumberGeneratorService found, will attempt to change seeds
inputBlocks=/ttbar/dcieri-ttbar_SIM-130075366148575c102f0d64fd3ac8f7/USER#42cb1519-7f11-43e2-ab9a-a013bd5404ac
inputFiles=/store/user/dcieri/ttbar_SIM/ttbar/ttbar_SIM/150129_145223/0000/step1_280.root
parentFiles=
lumisRange=
>>> Executable cmsRun
/cvmfs/cms.cern.ch/slc6_amd64_gcc472/cms/cmssw/CMSSW_6_2_0_SLHC12/bin/slc6_amd64_gcc472/cmsRun
ok executable found
>>> info for dashboard:
***** Cat /scratch/condor/dir_28433/glide_U9Ryc7/execute/dir_32646/jobreport.txt *****
MonitorJobID=420_https://submit-6.t2.ucsd.edu//150202//509448.19
MonitorID=dcieri_PU140_4dm08r
ExeStart=cmsRun
***** End Cat jobreport *****
Parameters sent to Dashboard.
>>> cmsRun started at Mon Feb  2 20:54:28 UTC 2015
>>> cmsRun ended at Mon Feb  2 23:19:47 UTC 2015
>>> crab_fjr_*.xml  permission set to 0704
>>> info for dashboard:
***** Cat /scratch/condor/dir_28433/glide_U9Ryc7/execute/dir_32646/jobreport.txt *****
MonitorJobID=420_https://submit-6.t2.ucsd.edu//150202//509448.19
MonitorID=dcieri_PU140_4dm08r
ExeEnd=cmsRun
***** End Cat jobreport *****
Parameters sent to Dashboard.
TIME_EXE = 8719 sec
>>> cmsRun wrote 213 lines of stdout+stderr
>>> START OF printout of 213 lines from stdout+stderr
271 DQMStore::DQMStore 
HcalTopologyIdealEP::HcalTopologyIdealEP
02-Feb-2015 20:54:38 GMT  Initiating request to open file root://dcap.pp.rl.ac.uk:1094/pnfs/pp.rl.ac.uk/data/cms/store/user/dcieri/ttbar_SIM/ttbar/ttbar_SIM/150129_145223/0000/step1_280.root
150202 20:54:40 2388 Xrd: CheckErrorStatus: Server [heplnx209.pp.rl.ac.uk:1094] declared: Request 3018 not supported(error code: 3013)
02-Feb-2015 20:54:41 GMT  Successfully opened file root://dcap.pp.rl.ac.uk:1094/pnfs/pp.rl.ac.uk/data/cms/store/user/dcieri/ttbar_SIM/ttbar/ttbar_SIM/150129_145223/0000/step1_280.root
02-Feb-2015 20:54:41 GMT  Initiating request to open file root://xrootd.unl.edu//store/group/dpg_trigger/comm_trigger/L1TrackTrigger/620_SLHC10/Extended2023TTI/MinBias/MinBias_TuneZ2star_GEN_SIM_1.root
02-Feb-2015 20:55:11 GMT  Successfully opened file root://xrootd.unl.edu//store/group/dpg_trigger/comm_trigger/L1TrackTrigger/620_SLHC10/Extended2023TTI/MinBias/MinBias_TuneZ2star_GEN_SIM_1.root
disableME1a = 0
HcalTopologyIdealEP::produce(const IdealGeometryRecord& iRecord)
mode = 2, maxDepthHB = 3, maxDepthHE = 5
RPCGeometryESModule :: produce
RPCGeometryESModule :: produce :: 1/4 Get Muon Ideal Geometry Record
RPCGeometryESModule :: produce :: 2/4 Get Muon DDD Constants
RPCGeometryESModule :: produce :: 3/4 Get Muon Numbering Record
in MuonNumberingInitialization::initializeMuonDDDConstants
about to make my new muonDDDConst_
in MuonNumberingInitialization::produce
RPCGeometryESModule :: produce :: 4/4 Build
Found:

	Barrel Stack layer 5 : 1008 stacks
	Barrel Stack layer 6 : 1320 stacks
	Barrel Stack layer 7 : 1836 stacks
	Barrel Stack layer 8 : 1152 stacks
	Barrel Stack layer 9 : 1488 stacks
	Barrel Stack layer 10 : 1824 stacks

	Endcap Stack disk 11 : 1360 stacks
	Endcap Stack disk 12 : 1360 stacks
	Endcap Stack disk 13 : 1360 stacks
	Endcap Stack disk 14 : 1360 stacks
	Endcap Stack disk 15 : 1360 stacks
Created 15428 stacks in 15 s

TTClusterBuilder< edm::Ref<edm::DetSetVector<PixelDigi>, PixelDigi, edm::refhelper::FindForDetSetVector<PixelDigi> > > loaded modules:
	TTClusterAlgorithm:	TTClusterAlgorithm_2d2013< edm::Ref<edm::DetSetVector<PixelDigi>, PixelDigi, edm::refhelper::FindForDetSetVector<PixelDigi> > >


TTStubBuilder< edm::Ref<edm::DetSetVector<PixelDigi>, PixelDigi, edm::refhelper::FindForDetSetVector<PixelDigi> > > loaded modules:
	TTStubAlgorithm:	TTStubAlgorithm_tab2013< edm::Ref<edm::DetSetVector<PixelDigi>, PixelDigi, edm::refhelper::FindForDetSetVector<PixelDigi> > >


TTClusterAssociator< edm::Ref<edm::DetSetVector<PixelDigi>, PixelDigi, edm::refhelper::FindForDetSetVector<PixelDigi> > > loaded.


TTStubAssociator< edm::Ref<edm::DetSetVector<PixelDigi>, PixelDigi, edm::refhelper::FindForDetSetVector<PixelDigi> > > loaded.


TTTrackAssociator< edm::Ref<edm::DetSetVector<PixelDigi>, PixelDigi, edm::refhelper::FindForDetSetVector<PixelDigi> > > loaded.

Begin processing the 1st record. Run 1, Event 2791, LumiSection 280 at 02-Feb-2015 20:55:43.166 GMT
02-Feb-2015 20:55:49 GMT  Closed file root://xrootd.unl.edu//store/group/dpg_trigger/comm_trigger/L1TrackTrigger/620_SLHC10/Extended2023TTI/MinBias/MinBias_TuneZ2star_GEN_SIM_1.root
02-Feb-2015 20:55:49 GMT  Initiating request to open file root://xrootd.unl.edu//store/group/dpg_trigger/comm_trigger/L1TrackTrigger/620_SLHC10/Extended2023TTI/MinBias/MinBias_TuneZ2star_GEN_SIM_828.root
02-Feb-2015 20:56:20 GMT  Successfully opened file root://xrootd.unl.edu//store/group/dpg_trigger/comm_trigger/L1TrackTrigger/620_SLHC10/Extended2023TTI/MinBias/MinBias_TuneZ2star_GEN_SIM_828.root
150202 21:01:09 2567 Xrd: XrdClientMessage::ReadRaw: Failed to read header (8 bytes).
150202 21:01:39 2564 Xrd: XrdClientMessage::ReadRaw: Failed to read header (8 bytes).
02-Feb-2015 21:06:57 GMT  Closed file root://xrootd.unl.edu//store/group/dpg_trigger/comm_trigger/L1TrackTrigger/620_SLHC10/Extended2023TTI/MinBias/MinBias_TuneZ2star_GEN_SIM_828.root
02-Feb-2015 21:06:57 GMT  Initiating request to open file root://xrootd.unl.edu//store/group/dpg_trigger/comm_trigger/L1TrackTrigger/620_SLHC10/Extended2023TTI/MinBias/MinBias_TuneZ2star_GEN_SIM_316.root
150202 21:11:05 16622 Xrd: CheckErrorStatus: Server [xrootd.ba.infn.it:1094] declared: session not found(error code: 3011)
02-Feb-2015 21:11:05 GMT  Successfully opened file root://xrootd.unl.edu//store/group/dpg_trigger/comm_trigger/L1TrackTrigger/620_SLHC10/Extended2023TTI/MinBias/MinBias_TuneZ2star_GEN_SIM_316.root
150202 21:12:09 3542 Xrd: XrdClientMessage::ReadRaw: Failed to read header (8 bytes).
150202 21:15:09 2532 Xrd: XrdClientMessage::ReadRaw: Failed to read header (8 bytes).
150202 21:15:39 2563 Xrd: XrdClientMessage::ReadRaw: Failed to read header (8 bytes).
150202 21:16:09 21197 Xrd: XrdClientMessage::ReadRaw: Failed to read header (8 bytes).
150202 21:16:39 3537 Xrd: XrdClientMessage::ReadRaw: Failed to read header (8 bytes).
02-Feb-2015 21:20:24 GMT  Closed file root://xrootd.unl.edu//store/group/dpg_trigger/comm_trigger/L1TrackTrigger/620_SLHC10/Extended2023TTI/MinBias/MinBias_TuneZ2star_GEN_SIM_316.root
02-Feb-2015 21:20:24 GMT  Initiating request to open file root://xrootd.unl.edu//store/group/dpg_trigger/comm_trigger/L1TrackTrigger/620_SLHC10/Extended2023TTI/MinBias/MinBias_TuneZ2star_GEN_SIM_731.root
150202 21:20:55 30892 Xrd: CheckErrorStatus: Server [cms-xrd-global.cern.ch:1094] declared: session not found(error code: 3011)
150202 21:20:55 30892 Xrd: CheckErrorStatus: Server [xrootd-redic.pi.infn.it:1094] declared: session not found(error code: 3011)
02-Feb-2015 21:20:56 GMT  Successfully opened file root://xrootd.unl.edu//store/group/dpg_trigger/comm_trigger/L1TrackTrigger/620_SLHC10/Extended2023TTI/MinBias/MinBias_TuneZ2star_GEN_SIM_731.root
Building the geometry service
Warning did not find digi
Warning did not find digi
Warning did not find digi
Warning did not find digi
Warning did not find digi in disks
Warning did not find digi in disks
Warning did not find digi in disks
Warning did not find digi in disks
150202 21:25:39 21198 Xrd: XrdClientMessage::ReadRaw: Failed to read header (8 bytes).
150202 21:26:09 32071 Xrd: XrdClientMessage::ReadRaw: Failed to read header (8 bytes).
02-Feb-2015 21:29:37 GMT  Closed file root://xrootd.unl.edu//store/group/dpg_trigger/comm_trigger/L1TrackTrigger/620_SLHC10/Extended2023TTI/MinBias/MinBias_TuneZ2star_GEN_SIM_731.root
02-Feb-2015 21:29:37 GMT  Initiating request to open file root://xrootd.unl.edu//store/group/dpg_trigger/comm_trigger/L1TrackTrigger/620_SLHC10/Extended2023TTI/MinBias/MinBias_TuneZ2star_GEN_SIM_750.root
150202 21:30:08 9336 Xrd: CheckErrorStatus: Server [xrootd.ba.infn.it:1094] declared: session not found(error code: 3011)
02-Feb-2015 21:30:09 GMT  Successfully opened file root://xrootd.unl.edu//store/group/dpg_trigger/comm_trigger/L1TrackTrigger/620_SLHC10/Extended2023TTI/MinBias/MinBias_TuneZ2star_GEN_SIM_750.root
150202 21:34:39 32072 Xrd: XrdClientMessage::ReadRaw: Failed to read header (8 bytes).
150202 21:35:39 9587 Xrd: XrdClientMessage::ReadRaw: Failed to read header (8 bytes).
02-Feb-2015 21:39:27 GMT  Closed file root://xrootd.unl.edu//store/group/dpg_trigger/comm_trigger/L1TrackTrigger/620_SLHC10/Extended2023TTI/MinBias/MinBias_TuneZ2star_GEN_SIM_750.root
02-Feb-2015 21:39:27 GMT  Initiating request to open file root://xrootd.unl.edu//store/group/dpg_trigger/comm_trigger/L1TrackTrigger/620_SLHC10/Extended2023TTI/MinBias/MinBias_TuneZ2star_GEN_SIM_841.root
150202 21:39:58 19668 Xrd: CheckErrorStatus: Server [xrootd.ba.infn.it:1094] declared: session not found(error code: 3011)
02-Feb-2015 21:39:59 GMT  Successfully opened file root://xrootd.unl.edu//store/group/dpg_trigger/comm_trigger/L1TrackTrigger/620_SLHC10/Extended2023TTI/MinBias/MinBias_TuneZ2star_GEN_SIM_841.root
150202 21:41:09 32070 Xrd: XrdClientMessage::ReadRaw: Failed to read header (8 bytes).
150202 21:44:39 9588 Xrd: XrdClientMessage::ReadRaw: Failed to read header (8 bytes).
150202 21:45:09 20587 Xrd: XrdClientMessage::ReadRaw: Failed to read header (8 bytes).
02-Feb-2015 21:48:15 GMT  Closed file root://xrootd.unl.edu//store/group/dpg_trigger/comm_trigger/L1TrackTrigger/620_SLHC10/Extended2023TTI/MinBias/MinBias_TuneZ2star_GEN_SIM_841.root
02-Feb-2015 21:48:15 GMT  Initiating request to open file root://xrootd.unl.edu//store/group/dpg_trigger/comm_trigger/L1TrackTrigger/620_SLHC10/Extended2023TTI/MinBias/MinBias_TuneZ2star_GEN_SIM_287.root
150202 21:48:46 29659 Xrd: CheckErrorStatus: Server [xrootd.ba.infn.it:1094] declared: session not found(error code: 3011)
02-Feb-2015 21:48:46 GMT  Successfully opened file root://xrootd.unl.edu//store/group/dpg_trigger/comm_trigger/L1TrackTrigger/620_SLHC10/Extended2023TTI/MinBias/MinBias_TuneZ2star_GEN_SIM_287.root
150202 21:53:39 20588 Xrd: XrdClientMessage::ReadRaw: Failed to read header (8 bytes).
150202 21:54:09 30475 Xrd: XrdClientMessage::ReadRaw: Failed to read header (8 bytes).
02-Feb-2015 21:56:52 GMT  Closed file root://xrootd.unl.edu//store/group/dpg_trigger/comm_trigger/L1TrackTrigger/620_SLHC10/Extended2023TTI/MinBias/MinBias_TuneZ2star_GEN_SIM_287.root
02-Feb-2015 21:56:52 GMT  Initiating request to open file root://xrootd.unl.edu//store/group/dpg_trigger/comm_trigger/L1TrackTrigger/620_SLHC10/Extended2023TTI/MinBias/MinBias_TuneZ2star_GEN_SIM_895.root
150202 21:57:24 6543 Xrd: CheckErrorStatus: Server [cms-xrd-global.cern.ch:1094] declared: session not found(error code: 3011)
150202 21:57:24 6543 Xrd: CheckErrorStatus: Server [llrxrd-redir.in2p3.fr:1094] declared: session not found(error code: 3011)
02-Feb-2015 21:57:24 GMT  Successfully opened file root://xrootd.unl.edu//store/group/dpg_trigger/comm_trigger/L1TrackTrigger/620_SLHC10/Extended2023TTI/MinBias/MinBias_TuneZ2star_GEN_SIM_895.root
150202 22:02:09 30476 Xrd: XrdClientMessage::ReadRaw: Failed to read header (8 bytes).
150202 22:02:39 6951 Xrd: XrdClientMessage::ReadRaw: Failed to read header (8 bytes).
02-Feb-2015 22:03:38 GMT  Closed file root://xrootd.unl.edu//store/group/dpg_trigger/comm_trigger/L1TrackTrigger/620_SLHC10/Extended2023TTI/MinBias/MinBias_TuneZ2star_GEN_SIM_895.root
02-Feb-2015 22:03:38 GMT  Initiating request to open file root://xrootd.unl.edu//store/group/dpg_trigger/comm_trigger/L1TrackTrigger/620_SLHC10/Extended2023TTI/MinBias/MinBias_TuneZ2star_GEN_SIM_923.root
150202 22:09:09 21196 Xrd: XrdClientMessage::ReadRaw: Failed to read header (8 bytes).
150202 22:09:09 6952 Xrd: XrdClientMessage::ReadRaw: Failed to read header (8 bytes).
150202 22:10:47 18251 Xrd: CheckErrorStatus: Server [cms-xrd-global.cern.ch:1094] declared: session not found(error code: 3011)
150202 22:10:47 18251 Xrd: CheckErrorStatus: Server [xrootd.ba.infn.it:1094] declared: session not found(error code: 3011)
02-Feb-2015 22:10:47 GMT  Successfully opened file root://xrootd.unl.edu//store/group/dpg_trigger/comm_trigger/L1TrackTrigger/620_SLHC10/Extended2023TTI/MinBias/MinBias_TuneZ2star_GEN_SIM_923.root
150202 22:16:09 25357 Xrd: XrdClientMessage::ReadRaw: Failed to read header (8 bytes).
02-Feb-2015 22:16:29 GMT  Closed file root://xrootd.unl.edu//store/group/dpg_trigger/comm_trigger/L1TrackTrigger/620_SLHC10/Extended2023TTI/MinBias/MinBias_TuneZ2star_GEN_SIM_923.root
02-Feb-2015 22:16:29 GMT  Initiating request to open file root://xrootd.unl.edu//store/group/dpg_trigger/comm_trigger/L1TrackTrigger/620_SLHC10/Extended2023TTI/MinBias/MinBias_TuneZ2star_GEN_SIM_295.root
150202 22:17:39 6950 Xrd: XrdClientMessage::ReadRaw: Failed to read header (8 bytes).
150202 22:21:39 25380 Xrd: XrdClientMessage::ReadRaw: Failed to read header (8 bytes).
150202 22:24:30 30623 Xrd: CheckErrorStatus: Server [cms-xrd-global.cern.ch:1094] declared: session not found(error code: 3011)
150202 22:24:30 30623 Xrd: CheckErrorStatus: Server [xrootd-redic.pi.infn.it:1094] declared: session not found(error code: 3011)
02-Feb-2015 22:24:31 GMT  Successfully opened file root://xrootd.unl.edu//store/group/dpg_trigger/comm_trigger/L1TrackTrigger/620_SLHC10/Extended2023TTI/MinBias/MinBias_TuneZ2star_GEN_SIM_295.root
150202 22:29:39 4051 Xrd: XrdClientMessage::ReadRaw: Failed to read header (8 bytes).
02-Feb-2015 22:29:43 GMT  Closed file root://xrootd.unl.edu//store/group/dpg_trigger/comm_trigger/L1TrackTrigger/620_SLHC10/Extended2023TTI/MinBias/MinBias_TuneZ2star_GEN_SIM_295.root
02-Feb-2015 22:29:43 GMT  Initiating request to open file root://xrootd.unl.edu//store/group/dpg_trigger/comm_trigger/L1TrackTrigger/620_SLHC10/Extended2023TTI/MinBias/MinBias_TuneZ2star_GEN_SIM_380.root
150202 22:30:14 6892 Xrd: CheckErrorStatus: Server [xrootd-redic.pi.infn.it:1094] declared: session not found(error code: 3011)
02-Feb-2015 22:30:14 GMT  Successfully opened file root://xrootd.unl.edu//store/group/dpg_trigger/comm_trigger/L1TrackTrigger/620_SLHC10/Extended2023TTI/MinBias/MinBias_TuneZ2star_GEN_SIM_380.root
150202 22:31:09 25349 Xrd: XrdClientMessage::ReadRaw: Failed to read header (8 bytes).
02-Feb-2015 22:34:09 GMT  Closed file root://xrootd.unl.edu//store/group/dpg_trigger/comm_trigger/L1TrackTrigger/620_SLHC10/Extended2023TTI/MinBias/MinBias_TuneZ2star_GEN_SIM_380.root
02-Feb-2015 22:34:09 GMT  Initiating request to open file root://xrootd.unl.edu//store/group/dpg_trigger/comm_trigger/L1TrackTrigger/620_SLHC10/Extended2023TTI/MinBias/MinBias_TuneZ2star_GEN_SIM_9.root
150202 22:34:40 9431 Xrd: CheckErrorStatus: Server [cms-xrd-global.cern.ch:1094] declared: session not found(error code: 3011)
02-Feb-2015 22:34:40 GMT  Successfully opened file root://xrootd.unl.edu//store/group/dpg_trigger/comm_trigger/L1TrackTrigger/620_SLHC10/Extended2023TTI/MinBias/MinBias_TuneZ2star_GEN_SIM_9.root
150202 22:35:08 4052 Xrd: XrdClientMessage::ReadRaw: Failed to read header (8 bytes).
02-Feb-2015 22:38:10 GMT  Closed file root://xrootd.unl.edu//store/group/dpg_trigger/comm_trigger/L1TrackTrigger/620_SLHC10/Extended2023TTI/MinBias/MinBias_TuneZ2star_GEN_SIM_9.root
02-Feb-2015 22:38:10 GMT  Initiating request to open file root://xrootd.unl.edu//store/group/dpg_trigger/comm_trigger/L1TrackTrigger/620_SLHC10/Extended2023TTI/MinBias/MinBias_TuneZ2star_GEN_SIM_903.root
02-Feb-2015 22:38:41 GMT  Successfully opened file root://xrootd.unl.edu//store/group/dpg_trigger/comm_trigger/L1TrackTrigger/620_SLHC10/Extended2023TTI/MinBias/MinBias_TuneZ2star_GEN_SIM_903.root
150202 22:39:39 7328 Xrd: XrdClientMessage::ReadRaw: Failed to read header (8 bytes).
02-Feb-2015 22:42:09 GMT  Closed file root://xrootd.unl.edu//store/group/dpg_trigger/comm_trigger/L1TrackTrigger/620_SLHC10/Extended2023TTI/MinBias/MinBias_TuneZ2star_GEN_SIM_903.root
02-Feb-2015 22:42:09 GMT  Initiating request to open file root://xrootd.unl.edu//store/group/dpg_trigger/comm_trigger/L1TrackTrigger/620_SLHC10/Extended2023TTI/MinBias/MinBias_TuneZ2star_GEN_SIM_770.root
150202 22:42:40 12304 Xrd: CheckErrorStatus: Server [cms-xrd-global.cern.ch:1094] declared: session not found(error code: 3011)
02-Feb-2015 22:42:40 GMT  Successfully opened file root://xrootd.unl.edu//store/group/dpg_trigger/comm_trigger/L1TrackTrigger/620_SLHC10/Extended2023TTI/MinBias/MinBias_TuneZ2star_GEN_SIM_770.root
150202 22:43:39 9553 Xrd: XrdClientMessage::ReadRaw: Failed to read header (8 bytes).
150202 22:47:39 11125 Xrd: XrdClientMessage::ReadRaw: Failed to read header (8 bytes).
150202 22:48:09 7327 Xrd: XrdClientMessage::ReadRaw: Failed to read header (8 bytes).
02-Feb-2015 22:48:38 GMT  Closed file root://xrootd.unl.edu//store/group/dpg_trigger/comm_trigger/L1TrackTrigger/620_SLHC10/Extended2023TTI/MinBias/MinBias_TuneZ2star_GEN_SIM_770.root
02-Feb-2015 22:48:38 GMT  Initiating request to open file root://xrootd.unl.edu//store/group/dpg_trigger/comm_trigger/L1TrackTrigger/620_SLHC10/Extended2023TTI/MinBias/MinBias_TuneZ2star_GEN_SIM_451.root
150202 22:49:09 14226 Xrd: CheckErrorStatus: Server [xrootd-redic.pi.infn.it:1094] declared: session not found(error code: 3011)
02-Feb-2015 22:49:09 GMT  Successfully opened file root://xrootd.unl.edu//store/group/dpg_trigger/comm_trigger/L1TrackTrigger/620_SLHC10/Extended2023TTI/MinBias/MinBias_TuneZ2star_GEN_SIM_451.root
02-Feb-2015 22:52:32 GMT  Closed file root://xrootd.unl.edu//store/group/dpg_trigger/comm_trigger/L1TrackTrigger/620_SLHC10/Extended2023TTI/MinBias/MinBias_TuneZ2star_GEN_SIM_451.root
02-Feb-2015 22:52:32 GMT  Initiating request to open file root://xrootd.unl.edu//store/group/dpg_trigger/comm_trigger/L1TrackTrigger/620_SLHC10/Extended2023TTI/MinBias/MinBias_TuneZ2star_GEN_SIM_994.root
02-Feb-2015 22:53:03 GMT  Successfully opened file root://xrootd.unl.edu//store/group/dpg_trigger/comm_trigger/L1TrackTrigger/620_SLHC10/Extended2023TTI/MinBias/MinBias_TuneZ2star_GEN_SIM_994.root
150202 22:54:09 12475 Xrd: XrdClientMessage::ReadRaw: Failed to read header (8 bytes).
02-Feb-2015 22:55:15 GMT  Closed file root://xrootd.unl.edu//store/group/dpg_trigger/comm_trigger/L1TrackTrigger/620_SLHC10/Extended2023TTI/MinBias/MinBias_TuneZ2star_GEN_SIM_994.root
02-Feb-2015 22:55:15 GMT  Initiating request to open file root://xrootd.unl.edu//store/group/dpg_trigger/comm_trigger/L1TrackTrigger/620_SLHC10/Extended2023TTI/MinBias/MinBias_TuneZ2star_GEN_SIM_684.root
02-Feb-2015 22:55:46 GMT  Successfully opened file root://xrootd.unl.edu//store/group/dpg_trigger/comm_trigger/L1TrackTrigger/620_SLHC10/Extended2023TTI/MinBias/MinBias_TuneZ2star_GEN_SIM_684.root
150202 22:57:39 14376 Xrd: XrdClientMessage::ReadRaw: Failed to read header (8 bytes).
02-Feb-2015 23:00:30 GMT  Closed file root://xrootd.unl.edu//store/group/dpg_trigger/comm_trigger/L1TrackTrigger/620_SLHC10/Extended2023TTI/MinBias/MinBias_TuneZ2star_GEN_SIM_684.root
02-Feb-2015 23:00:30 GMT  Initiating request to open file root://xrootd.unl.edu//store/group/dpg_trigger/comm_trigger/L1TrackTrigger/620_SLHC10/Extended2023TTI/MinBias/MinBias_TuneZ2star_GEN_SIM_612.root
150202 23:00:31 15800 Xrd: XrdClientMessage::ReadRaw: Failed to read header (8 bytes).
02-Feb-2015 23:01:02 GMT  Successfully opened file root://xrootd.unl.edu//store/group/dpg_trigger/comm_trigger/L1TrackTrigger/620_SLHC10/Extended2023TTI/MinBias/MinBias_TuneZ2star_GEN_SIM_612.root
02-Feb-2015 23:05:05 GMT  Closed file root://xrootd.unl.edu//store/group/dpg_trigger/comm_trigger/L1TrackTrigger/620_SLHC10/Extended2023TTI/MinBias/MinBias_TuneZ2star_GEN_SIM_612.root
02-Feb-2015 23:05:05 GMT  Initiating request to open file root://xrootd.unl.edu//store/group/dpg_trigger/comm_trigger/L1TrackTrigger/620_SLHC10/Extended2023TTI/MinBias/MinBias_TuneZ2star_GEN_SIM_928.root
150202 23:05:39 16161 Xrd: XrdClientMessage::ReadRaw: Failed to read header (8 bytes).
150202 23:05:49 14375 Xrd: XrdClientMessage::ReadRaw: Failed to read header (8 bytes).
02-Feb-2015 23:06:07 GMT  Successfully opened file root://xrootd.unl.edu//store/group/dpg_trigger/comm_trigger/L1TrackTrigger/620_SLHC10/Extended2023TTI/MinBias/MinBias_TuneZ2star_GEN_SIM_928.root
02-Feb-2015 23:09:34 GMT  Closed file root://xrootd.unl.edu//store/group/dpg_trigger/comm_trigger/L1TrackTrigger/620_SLHC10/Extended2023TTI/MinBias/MinBias_TuneZ2star_GEN_SIM_928.root
02-Feb-2015 23:09:34 GMT  Initiating request to open file root://xrootd.unl.edu//store/group/dpg_trigger/comm_trigger/L1TrackTrigger/620_SLHC10/Extended2023TTI/MinBias/MinBias_TuneZ2star_GEN_SIM_462.root
02-Feb-2015 23:10:05 GMT  Successfully opened file root://xrootd.unl.edu//store/group/dpg_trigger/comm_trigger/L1TrackTrigger/620_SLHC10/Extended2023TTI/MinBias/MinBias_TuneZ2star_GEN_SIM_462.root
150202 23:10:09 17458 Xrd: XrdClientMessage::ReadRaw: Failed to read header (8 bytes).
150202 23:11:04 17457 Xrd: XrdClientMessage::ReadRaw: Failed to read header (8 bytes).
02-Feb-2015 23:11:48 GMT  Closed file root://xrootd.unl.edu//store/group/dpg_trigger/comm_trigger/L1TrackTrigger/620_SLHC10/Extended2023TTI/MinBias/MinBias_TuneZ2star_GEN_SIM_462.root
02-Feb-2015 23:11:48 GMT  Initiating request to open file root://xrootd.unl.edu//store/group/dpg_trigger/comm_trigger/L1TrackTrigger/620_SLHC10/Extended2023TTI/MinBias/MinBias_TuneZ2star_GEN_SIM_630.root
02-Feb-2015 23:12:19 GMT  Successfully opened file root://xrootd.unl.edu//store/group/dpg_trigger/comm_trigger/L1TrackTrigger/620_SLHC10/Extended2023TTI/MinBias/MinBias_TuneZ2star_GEN_SIM_630.root
02-Feb-2015 23:14:15 GMT  Closed file root://xrootd.unl.edu//store/group/dpg_trigger/comm_trigger/L1TrackTrigger/620_SLHC10/Extended2023TTI/MinBias/MinBias_TuneZ2star_GEN_SIM_630.root
02-Feb-2015 23:14:15 GMT  Initiating request to open file root://xrootd.unl.edu//store/group/dpg_trigger/comm_trigger/L1TrackTrigger/620_SLHC10/Extended2023TTI/MinBias/MinBias_TuneZ2star_GEN_SIM_984.root
150202 23:14:39 19200 Xrd: XrdClientMessage::ReadRaw: Failed to read header (8 bytes).
02-Feb-2015 23:14:46 GMT  Successfully opened file root://xrootd.unl.edu//store/group/dpg_trigger/comm_trigger/L1TrackTrigger/620_SLHC10/Extended2023TTI/MinBias/MinBias_TuneZ2star_GEN_SIM_984.root
150202 23:16:09 9552 Xrd: XrdClientMessage::ReadRaw: Failed to read header (8 bytes).
02-Feb-2015 23:16:20 GMT  Closed file root://xrootd.unl.edu//store/group/dpg_trigger/comm_trigger/L1TrackTrigger/620_SLHC10/Extended2023TTI/MinBias/MinBias_TuneZ2star_GEN_SIM_984.root
02-Feb-2015 23:16:20 GMT  Initiating request to open file root://xrootd.unl.edu//store/group/dpg_trigger/comm_trigger/L1TrackTrigger/620_SLHC10/Extended2023TTI/MinBias/MinBias_TuneZ2star_GEN_SIM_151.root
150202 23:16:51 20989 Xrd: CheckErrorStatus: Server [cms-xrd-global.cern.ch:1094] declared: session not found(error code: 3011)
02-Feb-2015 23:16:51 GMT  Successfully opened file root://xrootd.unl.edu//store/group/dpg_trigger/comm_trigger/L1TrackTrigger/620_SLHC10/Extended2023TTI/MinBias/MinBias_TuneZ2star_GEN_SIM_151.root
150202 23:16:51 19832 Xrd: XrdClientMessage::ReadRaw: Failed to read header (8 bytes).
02-Feb-2015 23:18:49 GMT  Closed file root://xrootd.unl.edu//store/group/dpg_trigger/comm_trigger/L1TrackTrigger/620_SLHC10/Extended2023TTI/MinBias/MinBias_TuneZ2star_GEN_SIM_151.root
02-Feb-2015 23:18:49 GMT  Initiating request to open file root://xrootd.unl.edu//store/group/dpg_trigger/comm_trigger/L1TrackTrigger/620_SLHC10/Extended2023TTI/MinBias/MinBias_TuneZ2star_GEN_SIM_391.root
02-Feb-2015 23:19:20 GMT  Successfully opened file root://xrootd.unl.edu//store/group/dpg_trigger/comm_trigger/L1TrackTrigger/620_SLHC10/Extended2023TTI/MinBias/MinBias_TuneZ2star_GEN_SIM_391.root
150202 23:19:21 20385 Xrd: XrdClientMessage::ReadRaw: Failed to read header (8 bytes).
02-Feb-2015 23:19:46 GMT  Closed file root://dcap.pp.rl.ac.uk:1094/pnfs/pp.rl.ac.uk/data/cms/store/user/dcieri/ttbar_SIM/ttbar/ttbar_SIM/150129_145223/0000/step1_280.root
02-Feb-2015 23:19:46 GMT  Closed file root://xrootd.unl.edu//store/group/dpg_trigger/comm_trigger/L1TrackTrigger/620_SLHC10/Extended2023TTI/MinBias/MinBias_TuneZ2star_GEN_SIM_391.root

=============================================

MessageLogger Summary

 type     category        sev    module        subroutine        count    total
 ---- -------------------- -- ---------------- ----------------  -----    -----
    1 fileAction           -s MixingModule:mix                      69       69
    2 fileAction           -s MixingModule:mix                       2        2
    3 fileAction           -s MixingModule:mix                       1        1
    4 fileAction           -s file_close                             1        1
    5 fileAction           -s file_open                              2        2

 type    category    Examples: run/evt        run/evt          run/evt
 ---- -------------------- ---------------- ---------------- ----------------
    1 fileAction           1/2791           1/2791           1/2800
    2 fileAction           pre-events       pre-events       
    3 fileAction           PostEndRun                        
    4 fileAction           PostEndRun                        
    5 fileAction           pre-events       pre-events       

Severity    # Occurrences   Total Occurrences
--------    -------------   -----------------
System                 75                  75
>>> END OF printout of 213 lines from stdout+stderr
>>> Parse FrameworkJobReport crab_fjr.xml
Result of parsing the FrameworkJobReport crab_fjr.xml: 
Extracted ExitStatus from FrameworkJobReport parsing output: 0
>>> Executable succeded  0
ExeExitCode=0
EXECUTABLE_EXIT_STATUS = 0
>>> current directory /scratch/condor/dir_28433/glide_U9Ryc7/execute/dir_32646/CMSSW_6_2_0_SLHC12
>>>  (SOFTWARE_DIR): /scratch/condor/dir_28433/glide_U9Ryc7/execute/dir_32646/CMSSW_6_2_0_SLHC12
>>> (WORKING_DIR): 
>>> current directory content:
total 234236
drwxr-xr-x 3 cms415 gplcms      4096 Feb  2 20:54 .SCRAM
-rw------- 1 cms415 gplcms    915837 Feb  2 20:54 CMSSW.py.pkl
drwxr-xr-x 3 cms415 gplcms      4096 Feb  2 20:54 bin
drwxr-xr-x 3 cms415 gplcms      4096 Feb  2 20:54 cfipython
drwxr-xr-x 4 cms415 gplcms      4096 Apr 28  2014 config
-rw------- 1 cms415 gplcms        16 Feb  2 23:19 cpu_timing.txt
drwxr-xr-x 2 cms415 gplcms      4096 Feb  2 20:54 doc
-rw------- 1 cms415 gplcms     23998 Feb  2 23:19 executable.out
drwxr-xr-x 2 cms415 gplcms      4096 Feb  2 20:54 include
drwx------ 3 cms415 gplcms      4096 Oct  7 10:12 lib
drwxr-xr-x 3 cms415 gplcms      4096 Feb  2 20:54 logs
drwxr-xr-x 3 cms415 gplcms      4096 Feb  2 20:54 objs
-rw------- 1 cms415 gplcms       104 Feb  2 20:54 pset.py
-rw------- 1 cms415 gplcms    926827 Feb  2 20:54 pset.py.pkl
-rw------- 1 cms415 gplcms       289 Feb  2 20:54 pset.pyc
drwxr-xr-x 2 cms415 gplcms      4096 Feb  2 20:54 python
-rw------- 1 cms415 gplcms       356 Feb  2 23:19 report.log
drwxr-xr-x 2 cms415 gplcms      4096 Feb  2 20:54 src
-rw------- 1 cms415 gplcms 237668032 Feb  2 23:19 step2.root
drwxr-xr-x 3 cms415 gplcms      4096 Feb  2 20:54 test
drwxr-xr-x 3 cms415 gplcms      4096 Feb  2 20:54 tmp
>>> current directory /scratch/condor/dir_28433/glide_U9Ryc7/execute/dir_32646/CMSSW_6_2_0_SLHC12
>>> (SOFTWARE_DIR): /scratch/condor/dir_28433/glide_U9Ryc7/execute/dir_32646/CMSSW_6_2_0_SLHC12
>>> (WORKING_DIR): 
>>> current directory content:
total 234236
drwxr-xr-x 3 cms415 gplcms      4096 Feb  2 20:54 .SCRAM
-rw------- 1 cms415 gplcms    915837 Feb  2 20:54 CMSSW.py.pkl
drwxr-xr-x 3 cms415 gplcms      4096 Feb  2 20:54 bin
drwxr-xr-x 3 cms415 gplcms      4096 Feb  2 20:54 cfipython
drwxr-xr-x 4 cms415 gplcms      4096 Apr 28  2014 config
-rw------- 1 cms415 gplcms        16 Feb  2 23:19 cpu_timing.txt
drwxr-xr-x 2 cms415 gplcms      4096 Feb  2 20:54 doc
-rw------- 1 cms415 gplcms     23998 Feb  2 23:19 executable.out
drwxr-xr-x 2 cms415 gplcms      4096 Feb  2 20:54 include
drwx------ 3 cms415 gplcms      4096 Oct  7 10:12 lib
drwxr-xr-x 3 cms415 gplcms      4096 Feb  2 20:54 logs
drwxr-xr-x 3 cms415 gplcms      4096 Feb  2 20:54 objs
-rw------- 1 cms415 gplcms       104 Feb  2 20:54 pset.py
-rw------- 1 cms415 gplcms    926827 Feb  2 20:54 pset.py.pkl
-rw------- 1 cms415 gplcms       289 Feb  2 20:54 pset.pyc
drwxr-xr-x 2 cms415 gplcms      4096 Feb  2 20:54 python
-rw------- 1 cms415 gplcms       356 Feb  2 23:19 report.log
drwxr-xr-x 2 cms415 gplcms      4096 Feb  2 20:54 src
-rw------- 1 cms415 gplcms 237668032 Feb  2 23:19 step2_420_1_LXg.root
drwxr-xr-x 3 cms415 gplcms      4096 Feb  2 20:54 test
drwxr-xr-x 3 cms415 gplcms      4096 Feb  2 20:54 tmp
>>> current directory (RUNTIME_AREA):  /scratch/condor/dir_28433/glide_U9Ryc7/execute/dir_32646
PNN = T2_UK_SGrid_RALPP
SE = heplnx204.pp.rl.ac.uk
SE_PATH = /srm/managerv2?SFN=/pnfs/pp.rl.ac.uk/data/cms/store/user/dcieri/ttbar_PU140_DIGI/dcieri/ttbar/ttbar_PU140_DIGI/3c0380cf82de79bc39966c93934c61fc/
LFNBaseName = /store/user/dcieri/ttbar_PU140_DIGI/dcieri/ttbar/ttbar_PU140_DIGI/3c0380cf82de79bc39966c93934c61fc/
USER = dcieri
endpoint = srm://heplnx204.pp.rl.ac.uk:8443/srm/managerv2?SFN=/pnfs/pp.rl.ac.uk/data/cms/store/user/dcieri/ttbar_PU140_DIGI/dcieri/ttbar/ttbar_PU140_DIGI/3c0380cf82de79bc39966c93934c61fc/
>>> Copy output files from WN = heplnc372.pp.rl.ac.uk to /srm/managerv2?SFN=/pnfs/pp.rl.ac.uk/data/cms/store/user/dcieri/ttbar_PU140_DIGI/dcieri/ttbar/ttbar_PU140_DIGI/3c0380cf82de79bc39966c93934c61fc/ :
python cmscp.py  --destination srm://heplnx204.pp.rl.ac.uk:8443/srm/managerv2?SFN=/pnfs/pp.rl.ac.uk/data/cms/store/user/dcieri/ttbar_PU140_DIGI/dcieri/ttbar/ttbar_PU140_DIGI/3c0380cf82de79bc39966c93934c61fc/ --inputFileList /scratch/condor/dir_28433/glide_U9Ryc7/execute/dir_32646/CMSSW_6_2_0_SLHC12/step2_420_1_LXg.root --middleware LCG --PNN T2_UK_SGrid_RALPP --se_name heplnx204.pp.rl.ac.uk --for_lfn /store/user/dcieri/ttbar_PU140_DIGI/dcieri/ttbar/ttbar_PU140_DIGI/3c0380cf82de79bc39966c93934c61fc/    
******************************************************
localSeName  =  heplnx204.pp.rl.ac.uk
remoteSeName =  heplnx204.pp.rl.ac.uk
******************************************************
{"/scratch/condor/dir_28433/glide_U9Ryc7/execute/dir_32646/CMSSW_6_2_0_SLHC12/step2_420_1_LXg.root": {"endpoint": "srm://heplnx204.pp.rl.ac.uk:8443/srm/managerv2?SFN=/pnfs/pp.rl.ac.uk/data/cms/store/user/dcieri/ttbar_PU140_DIGI/dcieri/ttbar/ttbar_PU140_DIGI/3c0380cf82de79bc39966c93934c61fc/", "surl_for_grid": "", "reason": "Copy succedeed with srm-lcg utils", "erCode": "0", "PNN": "T2_UK_SGrid_RALPP", "se_name": "heplnx204.pp.rl.ac.uk", "for_lfn": "/store/user/dcieri/ttbar_PU140_DIGI/dcieri/ttbar/ttbar_PU140_DIGI/3c0380cf82de79bc39966c93934c61fc/"}}/scratch/condor/dir_28433/glide_U9Ryc7/execute/dir_32646
-------- cat /scratch/condor/dir_28433/glide_U9Ryc7/execute/dir_32646/cmscpReport.sh 
#!/bin/bash
echo "Report for File: /scratch/condor/dir_28433/glide_U9Ryc7/execute/dir_32646/CMSSW_6_2_0_SLHC12/step2_420_1_LXg.root"
echo "LFN: /store/user/dcieri/ttbar_PU140_DIGI/dcieri/ttbar/ttbar_PU140_DIGI/3c0380cf82de79bc39966c93934c61fc/step2_420_1_LXg.root"
echo "StorageElement: heplnx204.pp.rl.ac.uk"
echo "StageOutExitStatusReason = 'Copy succedeed with srm-lcg utils'" | tee -a $RUNTIME_AREA/$repo
echo "StageOutSE = heplnx204.pp.rl.ac.uk" >> $RUNTIME_AREA/$repo

export StageOutExitStatus=0
echo "StageOutExitStatus = 0" | tee -a $RUNTIME_AREA/$repo
-------- end of /scratch/condor/dir_28433/glide_U9Ryc7/execute/dir_32646/cmscpReport.sh 
Report for File: /scratch/condor/dir_28433/glide_U9Ryc7/execute/dir_32646/CMSSW_6_2_0_SLHC12/step2_420_1_LXg.root
LFN: /store/user/dcieri/ttbar_PU140_DIGI/dcieri/ttbar/ttbar_PU140_DIGI/3c0380cf82de79bc39966c93934c61fc/step2_420_1_LXg.root
StorageElement: heplnx204.pp.rl.ac.uk
StageOutExitStatusReason = 'Copy succedeed with srm-lcg utils'
StageOutExitStatus = 0
>>> current dir: /scratch/condor/dir_28433/glide_U9Ryc7/execute/dir_32646
>>> current dir content:
total 8828
-rw-------  1 cms415 gplcms    2862 Feb  2 23:20 .SEinteraction.log
-rwx------  1 cms415 gplcms      52 Feb  2 20:52 .chirp_config
-rwx------  1 cms415 gplcms    7818 Feb  2 20:52 .job.ad
-rwx------  1 cms415 gplcms    9784 Feb  2 20:52 .machine.ad
-rw-------  1 cms415 gplcms     105 Feb  2 12:16 CMSSW.py
-rw-------  1 cms415 gplcms  915837 Feb  2 12:16 CMSSW.py.pkl
-rwx------  1 cms415 gplcms   29498 Feb  2 20:54 CMSSW.sh
drwxr-xr-x 15 cms415 gplcms    4096 Feb  2 23:19 CMSSW_6_2_0_SLHC12
-rw-------  1 cms415 gplcms     190 Feb  2 20:54 CacheEnv.sh
-rw-------  1 cms415 gplcms    7291 Nov 19 14:52 DashboardAPI.py
-rw-------  1 cms415 gplcms    6470 Feb  2 20:54 DashboardAPI.pyc
drwx------  2 cms415 gplcms    4096 Feb  2 23:19 IMProv
-rw-------  1 cms415 gplcms    2748 Nov 19 14:52 Logger.py
-rw-------  1 cms415 gplcms    3232 Feb  2 20:54 Logger.pyc
-rw-------  1 cms415 gplcms   24524 Nov 19 14:52 ProcInfo.py
-rw-------  1 cms415 gplcms   22645 Feb  2 20:54 ProcInfo.pyc
drwx------  7 cms415 gplcms    4096 Feb  2 20:54 ProdCommon
drwx------  3 cms415 gplcms    4096 Feb  2 20:54 WMCore
-rw-------  1 cms415 gplcms   12291 Feb  2 23:20 Watchdog_420.log
-rwx------  1 cms415 gplcms       0 Feb  2 20:54 _condor_stderr
-rwx---r--  1 cms415 gplcms   38766 Feb  2 23:20 _condor_stdout
-rw-------  1 cms415 gplcms   32895 Nov 19 14:52 apmon.py
-rw-------  1 cms415 gplcms   27958 Feb  2 20:54 apmon.pyc
-rwx------  1 cms415 gplcms  134309 Feb  2 20:54 arguments.xml
-rwx------  1 cms415 gplcms   38581 Nov 19 14:52 cmscp.py
-rw-------  1 cms415 gplcms     562 Feb  2 23:20 cmscpReport.sh
-rwx------  1 cms415 gplcms   29498 Feb  2 20:54 condor_exec.exe
-rw-------  1 cms415 gplcms     544 Feb  2 12:16 crab.cfg
-rwx------  1 cms415 gplcms    8610 Nov 19 14:52 crabWatchdog.sh
-rwx---r--  1 cms415 gplcms  112097 Feb  2 23:19 crab_fjr_420.xml
-rwx------  1 cms415 gplcms 7390485 Feb  2 20:54 default.tgz
-rwx------  1 cms415 gplcms    4488 Nov 19 14:52 fillCrabFjr.py
-rw-------  1 cms415 gplcms     226 Feb  2 20:54 inputsReport.txt
-rw-------  1 cms415 gplcms     243 Feb  2 23:20 jobreport.txt
-rw-------  1 cms415 gplcms   17352 Nov 19 14:52 parseCrabFjr.py
-rw-------  1 cms415 gplcms     322 Feb  2 20:54 report.log
-rwx--x--x  1 cms415 gplcms    1497 Nov 19 14:52 report.py
-rw-------  1 cms415 gplcms     555 Feb  2 23:20 resultCopyFile
lrwxrwxrwx  1 cms415 gplcms      96 Feb  2 23:19 step2.root -> /scratch/condor/dir_28433/glide_U9Ryc7/execute/dir_32646/CMSSW_6_2_0_SLHC12/step2_420_1_LXg.root
-rwx------  1 cms415 gplcms    8351 Nov 19 14:52 writeCfg.py
-rw-------  1 cms415 gplcms   10293 Feb  2 20:52 x509up_u62281
>>> Modify Job Report:
CMSSW_VERSION = CMSSW_6_2_0_SLHC12
ProcessedDataset = ttbar_PU140_DIGI
/scratch/condor/dir_28433/glide_U9Ryc7/execute/dir_32646/ProdCommon/FwkJobRep/ModifyJobReport.py fjr /scratch/condor/dir_28433/glide_U9Ryc7/execute/dir_32646/crab_fjr_420.xml json /scratch/condor/dir_28433/glide_U9Ryc7/execute/dir_32646/resultCopyFile n_job 420_1_LXg PrimaryDataset ttbar  ApplicationFamily cmsRun ApplicationName cmsRun cmssw_version CMSSW_6_2_0_SLHC12 psethash 3c0380cf82de79bc39966c93934c61fc UserProcessedDataset dcieri-ttbar_PU140_DIGI-3c0380cf82de79bc39966c93934c61fc
inputDict =  {u'/scratch/condor/dir_28433/glide_U9Ryc7/execute/dir_32646/CMSSW_6_2_0_SLHC12/step2_420_1_LXg.root': {u'endpoint': u'srm://heplnx204.pp.rl.ac.uk:8443/srm/managerv2?SFN=/pnfs/pp.rl.ac.uk/data/cms/store/user/dcieri/ttbar_PU140_DIGI/dcieri/ttbar/ttbar_PU140_DIGI/3c0380cf82de79bc39966c93934c61fc/', u'surl_for_grid': u'', u'reason': u'Copy succedeed with srm-lcg utils', u'erCode': u'0', u'PNN': u'T2_UK_SGrid_RALPP', u'se_name': u'heplnx204.pp.rl.ac.uk', u'for_lfn': u'/store/user/dcieri/ttbar_PU140_DIGI/dcieri/ttbar/ttbar_PU140_DIGI/3c0380cf82de79bc39966c93934c61fc/'}}
UserProcessedDataset =  dcieri-ttbar_PU140_DIGI-3c0380cf82de79bc39966c93934c61fc
WORKING ON EDM FILE
file_name in inputDict =  /scratch/condor/dir_28433/glide_U9Ryc7/execute/dir_32646/CMSSW_6_2_0_SLHC12/step2_420_1_LXg.root
(size) os.stat(filename)[6] =  237668032
checksum =  3469827331
    file =  step2_420_1_LXg.root
    newPfn =  srm://heplnx204.pp.rl.ac.uk:8443/srm/managerv2?SFN=/pnfs/pp.rl.ac.uk/data/cms/store/user/dcieri/ttbar_PU140_DIGI/dcieri/ttbar/ttbar_PU140_DIGI/3c0380cf82de79bc39966c93934c61fc/step2_420_1_LXg.root
    newLfn =  /store/user/dcieri/ttbar_PU140_DIGI/dcieri/ttbar/ttbar_PU140_DIGI/3c0380cf82de79bc39966c93934c61fc/step2_420_1_LXg.root
>>> crab_fjr_*.xml  permission set to 0704
CrabWrapper EXIT_FUNC entered at Mon Feb  2 23:20:40 GMT 2015   -  Mon Feb  2 23:20:40 UTC 2015
Checking output files:  
will tar file crab_fjr_420.xml in  out_files_420
WARNING: output file CMSSW_420.stdout not found!
WARNING: output file CMSSW_420.stderr not found!
WARNING: output file Watchdog_420.log.gz not found!
>>> padding time: Wrapper lasting more than 600 seconds. No sleep required.
STOPPING WATCHDOG. CrabWatchdog PID is 2245
********** LAST 50 LINES OF WATCHDOG LOG
 Feb 02 21:29:34 GMT	2388	1144704	1643524	71	132	2110	cmsRun -j /scratch/condor/dir_28433/glide_U9Ryc7/execute/dir_32646/crab_fjr_420.xml -p pset.py      
 Feb 02 21:33:35 GMT	2388	1146116	1643524	71	140	2351	cmsRun -j /scratch/condor/dir_28433/glide_U9Ryc7/execute/dir_32646/crab_fjr_420.xml -p pset.py      
 Feb 02 21:34:35 GMT	2388	1149552	1643524	71	142	2411	cmsRun -j /scratch/condor/dir_28433/glide_U9Ryc7/execute/dir_32646/crab_fjr_420.xml -p pset.py      
 Feb 02 21:35:35 GMT	2388	1151344	1643524	71	145	2471	cmsRun -j /scratch/condor/dir_28433/glide_U9Ryc7/execute/dir_32646/crab_fjr_420.xml -p pset.py      
 Feb 02 21:36:35 GMT	2388	1152396	1648392	71	147	2532	cmsRun -j /scratch/condor/dir_28433/glide_U9Ryc7/execute/dir_32646/crab_fjr_420.xml -p pset.py      
 Feb 02 21:37:36 GMT	2388	1155152	1648648	71	150	2592	cmsRun -j /scratch/condor/dir_28433/glide_U9Ryc7/execute/dir_32646/crab_fjr_420.xml -p pset.py      
 Feb 02 21:38:36 GMT	2388	1163068	1651720	71	154	2653	cmsRun -j /scratch/condor/dir_28433/glide_U9Ryc7/execute/dir_32646/crab_fjr_420.xml -p pset.py      
 Feb 02 21:39:38 GMT	2388	1248964	1651720	71	161	2714	cmsRun -j /scratch/condor/dir_28433/glide_U9Ryc7/execute/dir_32646/crab_fjr_420.xml -p pset.py      
 Feb 02 21:40:38 GMT	2388	1330976	1686792	71	166	2775	cmsRun -j /scratch/condor/dir_28433/glide_U9Ryc7/execute/dir_32646/crab_fjr_420.xml -p pset.py      
 Feb 02 21:41:39 GMT	2388	1358104	1706760	71	170	2835	cmsRun -j /scratch/condor/dir_28433/glide_U9Ryc7/execute/dir_32646/crab_fjr_420.xml -p pset.py      
 Feb 02 21:42:39 GMT	2388	1369104	1708552	71	172	2895	cmsRun -j /scratch/condor/dir_28433/glide_U9Ryc7/execute/dir_32646/crab_fjr_420.xml -p pset.py      
 Feb 02 21:43:39 GMT	2388	1376356	1712648	71	175	2955	cmsRun -j /scratch/condor/dir_28433/glide_U9Ryc7/execute/dir_32646/crab_fjr_420.xml -p pset.py      
 Feb 02 21:44:39 GMT	2388	1376356	1753864	71	194	3016	cmsRun -j /scratch/condor/dir_28433/glide_U9Ryc7/execute/dir_32646/crab_fjr_420.xml -p pset.py      
 Feb 02 21:44:39 GMT	---	1376356	1753864	95	----	----	----
 Feb 02 21:45:40 GMT	2388	1376356	1754632	95	196	3076	cmsRun -j /scratch/condor/dir_28433/glide_U9Ryc7/execute/dir_32646/crab_fjr_420.xml -p pset.py      
 Feb 02 21:46:40 GMT	2388	1376356	1755912	95	198	3136	cmsRun -j /scratch/condor/dir_28433/glide_U9Ryc7/execute/dir_32646/crab_fjr_420.xml -p pset.py      
 Feb 02 21:47:40 GMT	2388	1376356	1758728	95	200	3197	cmsRun -j /scratch/condor/dir_28433/glide_U9Ryc7/execute/dir_32646/crab_fjr_420.xml -p pset.py      
 Feb 02 21:54:42 GMT	2388	1376356	1763336	95	218	3619	cmsRun -j /scratch/condor/dir_28433/glide_U9Ryc7/execute/dir_32646/crab_fjr_420.xml -p pset.py      
 Feb 02 21:56:43 GMT	2388	1376356	1768712	95	223	3739	cmsRun -j /scratch/condor/dir_28433/glide_U9Ryc7/execute/dir_32646/crab_fjr_420.xml -p pset.py      
 Feb 02 21:58:43 GMT	2388	1376356	1774344	95	233	3860	cmsRun -j /scratch/condor/dir_28433/glide_U9Ryc7/execute/dir_32646/crab_fjr_420.xml -p pset.py      
 Feb 02 21:59:44 GMT	2388	1410192	1787912	95	240	3920	cmsRun -j /scratch/condor/dir_28433/glide_U9Ryc7/execute/dir_32646/crab_fjr_420.xml -p pset.py      
 Feb 02 22:00:44 GMT	2388	1415848	1789192	95	244	3980	cmsRun -j /scratch/condor/dir_28433/glide_U9Ryc7/execute/dir_32646/crab_fjr_420.xml -p pset.py      
 Feb 02 22:01:44 GMT	2388	1418312	1789192	95	247	4040	cmsRun -j /scratch/condor/dir_28433/glide_U9Ryc7/execute/dir_32646/crab_fjr_420.xml -p pset.py      
 Feb 02 22:02:44 GMT	---	1418312	1789192	116	----	----	----
 Feb 02 22:29:53 GMT	---	1418312	1789192	137	----	----	----
 Feb 02 22:39:55 GMT	2388	1418312	1807880	137	398	6331	cmsRun -j /scratch/condor/dir_28433/glide_U9Ryc7/execute/dir_32646/crab_fjr_420.xml -p pset.py      
 Feb 02 22:39:55 GMT	---	1418312	1807880	158	----	----	----
# TIME			PID	RSS(KB)	VSZ(KB)	Dsk(MB)	tCPU(s)	tWALL(s)	COMMAND
 Feb 02 22:40:55 GMT	2388	1418312	1810184	158	403	6392	cmsRun -j /scratch/condor/dir_28433/glide_U9Ryc7/execute/dir_32646/crab_fjr_420.xml -p pset.py      
 Feb 02 22:41:56 GMT	2388	1418312	1810440	158	409	6452	cmsRun -j /scratch/condor/dir_28433/glide_U9Ryc7/execute/dir_32646/crab_fjr_420.xml -p pset.py      
 Feb 02 22:43:57 GMT	2388	1418312	1815816	158	415	6573	cmsRun -j /scratch/condor/dir_28433/glide_U9Ryc7/execute/dir_32646/crab_fjr_420.xml -p pset.py      
 Feb 02 22:44:57 GMT	2388	1418312	1819656	158	418	6633	cmsRun -j /scratch/condor/dir_28433/glide_U9Ryc7/execute/dir_32646/crab_fjr_420.xml -p pset.py      
 Feb 02 22:45:57 GMT	2388	1418312	1826312	158	421	6693	cmsRun -j /scratch/condor/dir_28433/glide_U9Ryc7/execute/dir_32646/crab_fjr_420.xml -p pset.py      
 Feb 02 22:46:57 GMT	2388	1418312	1828360	158	425	6754	cmsRun -j /scratch/condor/dir_28433/glide_U9Ryc7/execute/dir_32646/crab_fjr_420.xml -p pset.py      
 Feb 02 22:47:58 GMT	2388	1418312	1841416	158	435	6814	cmsRun -j /scratch/condor/dir_28433/glide_U9Ryc7/execute/dir_32646/crab_fjr_420.xml -p pset.py      
 Feb 02 22:49:58 GMT	2388	1430664	1853192	158	444	6934	cmsRun -j /scratch/condor/dir_28433/glide_U9Ryc7/execute/dir_32646/crab_fjr_420.xml -p pset.py      
 Feb 02 22:50:58 GMT	---	1430664	1853192	179	----	----	----
 Feb 02 22:59:00 GMT	2388	1430664	1868808	179	523	7476	cmsRun -j /scratch/condor/dir_28433/glide_U9Ryc7/execute/dir_32646/crab_fjr_420.xml -p pset.py      
 Feb 02 22:59:00 GMT	---	1430664	1868808	200	----	----	----
 Feb 02 23:00:00 GMT	2388	1430664	1870600	200	525	7536	cmsRun -j /scratch/condor/dir_28433/glide_U9Ryc7/execute/dir_32646/crab_fjr_420.xml -p pset.py      
 Feb 02 23:02:01 GMT	2388	1430664	1873672	200	534	7657	cmsRun -j /scratch/condor/dir_28433/glide_U9Ryc7/execute/dir_32646/crab_fjr_420.xml -p pset.py      
 Feb 02 23:04:01 GMT	2388	1430664	1874184	200	542	7777	cmsRun -j /scratch/condor/dir_28433/glide_U9Ryc7/execute/dir_32646/crab_fjr_420.xml -p pset.py      
 Feb 02 23:05:01 GMT	2388	1430664	1884680	200	547	7837	cmsRun -j /scratch/condor/dir_28433/glide_U9Ryc7/execute/dir_32646/crab_fjr_420.xml -p pset.py      
 Feb 02 23:07:02 GMT	2388	1430664	1889288	200	554	7958	cmsRun -j /scratch/condor/dir_28433/glide_U9Ryc7/execute/dir_32646/crab_fjr_420.xml -p pset.py      
 Feb 02 23:08:02 GMT	2388	1515220	1905416	200	566	8018	cmsRun -j /scratch/condor/dir_28433/glide_U9Ryc7/execute/dir_32646/crab_fjr_420.xml -p pset.py      
 Feb 02 23:09:02 GMT	2388	1592976	1967112	200	580	8078	cmsRun -j /scratch/condor/dir_28433/glide_U9Ryc7/execute/dir_32646/crab_fjr_420.xml -p pset.py      
 Feb 02 23:10:02 GMT	---	1592976	1967112	220	----	----	----
 Feb 02 23:14:04 GMT	2388	1592976	1978888	220	641	8380	cmsRun -j /scratch/condor/dir_28433/glide_U9Ryc7/execute/dir_32646/crab_fjr_420.xml -p pset.py      
 Feb 02 23:15:05 GMT	---	1592976	1978888	243	----	----	----
 Feb 02 23:20:06 GMT	---	1592976	1978888	265	----	----	----
********** WATCHDOG LOG ENDED
ZIPPING WATCHDOG LOG
Disk space used:
du -sh /scratch/condor/dir_28433/glide_U9Ryc7/execute/dir_32646
265M	/scratch/condor/dir_28433/glide_U9Ryc7/execute/dir_32646
Found unusual stdout, rename for OSB
`/scratch/condor/dir_28433/glide_U9Ryc7/execute/dir_32646/_condor_stdout' -> `CMSSW_420.stdout'
Found unusual stderr, rename for OSB
`/scratch/condor/dir_28433/glide_U9Ryc7/execute/dir_32646/_condor_stdout' -> `CMSSW_420.stderr'
crab_fjr_420.xml
CMSSW_420.stdout
CMSSW_420.stderr
Watchdog_420.log.gz
Total Output dimension: 24472
WARNING: output files size limit is set to: 50000000
Total Output dimension 24472 is fine.
JOB_EXIT_STATUS = 0
>>> info for dashboard:
***** Cat /scratch/condor/dir_28433/glide_U9Ryc7/execute/dir_32646/jobreport.txt *****
MonitorJobID=420_https://submit-6.t2.ucsd.edu//150202//509448.19
MonitorID=dcieri_PU140_4dm08r
ExeTime=8719
ExeExitCode=0
StageOutExitStatusReason = 'Copy succedeed with srm-lcg utils'
StageOutSE = heplnx204.pp.rl.ac.uk
StageOutExitStatus = 0
CrabUserCpuTime=690.37
CrabSysCpuTime=23.65
CrabCpuPercentage=8%
CrabWrapperTime=8780
CrabStageoutTime=48
JobExitCode=0
***** End Cat jobreport *****
Parameters sent to Dashboard.
EXITING at Mon Feb  2 23:20:42 GMT 2015  -  Mon Feb  2 23:20:42 UTC 2015
