This script was generated by crab (version 2.11.1_patch1).
Running /scratch/condor/dir_20436/glide_G0Cpn5/execute/dir_6932/condor_exec.exe with 2 positional parameters: 454 1
Today is Mon Feb  2 21:29:45 GMT 2015 - Mon Feb  2 21:29:45 UTC 2015
Job submitted on host heplnc193.pp.rl.ac.uk
Linux heplnc193.pp.rl.ac.uk 2.6.32-504.3.3.el6.x86_64 #1 SMP Tue Dec 16 14:29:22 CST 2014 x86_64 x86_64 x86_64 GNU/Linux
Distributor ID:	Scientific
Description:	Scientific Linux release 6.6 (Carbon)
>>> current directory (RUNTIME_AREA): /scratch/condor/dir_20436/glide_G0Cpn5/execute/dir_6932
>>> current user: uid=157415(cms415) gid=157000(gplcms) groups=157000(gplcms)
>>> directory permission set to 0700
>>> umask set to:  u=rwx,g=,o=
>>> stdout stderr permission set to 0704
>>> voms proxy information:
subject   : /DC=ch/DC=cern/OU=Organic Units/OU=Users/CN=dcieri/CN=755391/CN=Davide Cieri/CN=769881070/CN=1164741498
issuer    : /DC=ch/DC=cern/OU=Organic Units/OU=Users/CN=dcieri/CN=755391/CN=Davide Cieri/CN=769881070
identity  : /DC=ch/DC=cern/OU=Organic Units/OU=Users/CN=dcieri/CN=755391/CN=Davide Cieri
type      : RFC3820 compliant limited proxy
strength  : 1024
path      : /scratch/condor/dir_20436/glide_G0Cpn5/execute/dir_6932/x509up_u62281
timeleft  : 23:59:22
key usage : Digital Signature, Key Encipherment
=== VO cms extension information ===
VO        : cms
subject   : /DC=ch/DC=cern/OU=Organic Units/OU=Users/CN=dcieri/CN=755391/CN=Davide Cieri
issuer    : /DC=ch/DC=cern/OU=computers/CN=lcg-voms2.cern.ch
attribute : /cms/Role=NULL/Capability=NULL
timeleft  : 182:46:39
uri       : lcg-voms2.cern.ch:15002

WNHostName=heplnc193.pp.rl.ac.uk
$_CONDOR_JOB_AD =/scratch/condor/dir_20436/glide_G0Cpn5/execute/dir_6932/.job.ad
OverflowFlag=0
>>> tar --no-same-permissions -xf /scratch/condor/dir_20436/glide_G0Cpn5/execute/dir_6932/default.tgz :
Successful untar
>>> Include /scratch/condor/dir_20436/glide_G0Cpn5/execute/dir_6932 in PYTHONPATH:
strip arguments
env var CRAB_UNIQUE_JOB_ID set to: dcieri_PU140_4dm08r_454_1_7lf
out_files_454
>>> list of expected files on output sandbox
output files: crab_fjr_454.xml CMSSW_454.stdout CMSSW_454.stderr Watchdog_454.log.gz
>>> GridFlavour discovery: 
GridFlavour=LCG
>>> SyncSite discovery: 
SyncSite=T2_UK_SGrid_RALPP
>>> SyncCE discovery: 
getting SyncCE from GLIDEIN_Gaekeeper
SyncCE=heplnv147.pp.rl.ac.uk
>>> info for dashboard:
***** Cat /scratch/condor/dir_20436/glide_G0Cpn5/execute/dir_6932/jobreport.txt *****
WNHostName=heplnc193.pp.rl.ac.uk
OverflowFlag=0
MonitorJobID=454_https://submit-6.t2.ucsd.edu//150202//509448.53
SyncGridJobId=https://submit-6.t2.ucsd.edu//150202//509448.53
MonitorID=dcieri_PU140_4dm08r
GridFlavour=LCG
SyncSite=T2_UK_SGrid_RALPP
SyncCE=heplnv147.pp.rl.ac.uk
***** End Cat jobreport *****
Parameters sent to Dashboard.
>>> setup environment
set SCRAM ARCH to slc6_amd64_gcc472
SCRAM_ARCH = slc6_amd64_gcc472
>>> setup CMS LCG environment:
set SCRAM ARCH and BUILD_ARCH to slc6_amd64_gcc472 ###
Sourcing environment... 
sourcing /cvmfs/cms.cern.ch/cmsset_default.sh
==> setup cms environment ok
>>> specific cmssw setup environment:
CMSSW_VERSION =  CMSSW_6_2_0_SLHC12
WARNING: In non-interactive mode release checks e.g. deprecated releases, production architectures are disabled.
>>> current directory (SOFTWARE_DIR): /scratch/condor/dir_20436/glide_G0Cpn5/execute/dir_6932/CMSSW_6_2_0_SLHC12
PreserveSeeds: <>
IncrementSeeds:<>
>>> info for dashboard:
***** Cat /scratch/condor/dir_20436/glide_G0Cpn5/execute/dir_6932/jobreport.txt *****
MonitorJobID=454_https://submit-6.t2.ucsd.edu//150202//509448.53
MonitorID=dcieri_PU140_4dm08r
***** End Cat jobreport *****
Parameters sent to Dashboard.
crabWatchdog started as process 7396
>>> moving CMSSW software directories in /scratch/condor/dir_20436/glide_G0Cpn5/execute/dir_6932/CMSSW_6_2_0_SLHC12
mv: cannot stat `/scratch/condor/dir_20436/glide_G0Cpn5/execute/dir_6932/module/': No such file or directory
>>> Include /scratch/condor/dir_20436/glide_G0Cpn5/execute/dir_6932 in PYTHONPATH:
PYTHONPATH=/scratch/condor/dir_20436/glide_G0Cpn5/execute/dir_6932/:/scratch/condor/dir_20436/glide_G0Cpn5/execute/dir_6932/CMSSW_6_2_0_SLHC12/python:/scratch/condor/dir_20436/glide_G0Cpn5/execute/dir_6932/CMSSW_6_2_0_SLHC12/lib/slc6_amd64_gcc472:/cvmfs/cms.cern.ch/slc6_amd64_gcc472/cms/cmssw/CMSSW_6_2_0_SLHC12/python:/cvmfs/cms.cern.ch/slc6_amd64_gcc472/cms/cmssw/CMSSW_6_2_0_SLHC12/lib/slc6_amd64_gcc472:/cvmfs/cms.cern.ch/slc6_amd64_gcc472/cms/coral/CORAL_2_3_21-cms35/slc6_amd64_gcc472/python:/cvmfs/cms.cern.ch/slc6_amd64_gcc472/cms/coral/CORAL_2_3_21-cms35/slc6_amd64_gcc472/lib:/cvmfs/cms.cern.ch/slc6_amd64_gcc472/external/python-ldap/2.3.5-cms5/lib/python2.7/site-packages:/cvmfs/cms.cern.ch/slc6_amd64_gcc472/external/pyqt/4.8.1-cms5/lib/python2.7/site-packages:/cvmfs/cms.cern.ch/slc6_amd64_gcc472/external/py2-scipy/0.8.0-cms7/lib/python2.7/site-packages:/cvmfs/cms.cern.ch/slc6_amd64_gcc472/external/py2-matplotlib/1.0.1-cms7/lib/python2.7/site-packages:/cvmfs/cms.cern.ch/slc6_amd64_gcc472/external/sip/4.11.2-cms5/lib/python2.7/site-packages:/cvmfs/cms.cern.ch/slc6_amd64_gcc472/external/py2-pycurl/7.19.0-cms7/lib/python2.7/site-packages:/cvmfs/cms.cern.ch/slc6_amd64_gcc472/external/py2-numpy/1.6.1-cms7/lib/python2.7/site-packages:/cvmfs/cms.cern.ch/slc6_amd64_gcc472/external/py2-lint/0.25.1-cms5/lib/python2.7/site-packages:/cvmfs/cms.cern.ch/slc6_amd64_gcc472/external/py2-ipython/0.10-cms5/lib/python2.7/site-packages:/cvmfs/cms.cern.ch/slc6_amd64_gcc472/external/py2-cx-oracle/5.1-cms5/lib/python2.7/site-packages:/cvmfs/cms.cern.ch/slc6_amd64_gcc472/external/py2-cjson/1.0.5-cms5/lib/python2.7/site-packages:/cvmfs/cms.cern.ch/slc6_amd64_gcc472/cms/das-client/1.11.7/bin:/cvmfs/cms.cern.ch/slc6_amd64_gcc472/external/elementtree/1.2.6-cms5/share/lib/python2.7/site-packages:/cvmfs/cms.cern.ch/slc6_amd64_gcc472/external/rivet/1.8.2-cms9/lib/python2.7/site-packages:/cvmfs/cms.cern.ch/slc6_amd64_gcc472/external/pyminuit2/0.0.1-cms19/lib/python2.7/site-packages:/cvmfs/cms.cern.ch/slc6_amd64_gcc472/external/py2-pygithub/1.23.0-cms2/lib/python2.7/site-packages:/cvmfs/cms.cern.ch/slc6_amd64_gcc472/external/professor/1.0.0-cms19/lib/python2.7/site-packages:/cvmfs/cms.cern.ch/slc6_amd64_gcc472/lcg/root/5.34.07-cms/lib:/cvmfs/cms.cern.ch/slc6_amd64_gcc472/cms/dbs-client/DBS_2_1_9-cms5/lib:/cvmfs/cms.cern.ch/slc6_amd64_gcc472/cms/dbs-client/DBS_2_1_9-cms5/lib/DBSAPI:/cvmfs/cms.cern.ch/slc6_amd64_gcc472/external/cvs2git/5419-cms/lib:/scratch/condor/dir_20436/glide_G0Cpn5/execute/dir_6932/
 
# LIMITS USED BY CRAB WATCHDOG:
# RSS  (KBytes)   : 2300000
# VSZ  (KBytes)   : 100000000
# DISK (MBytes)   : 19000
# CPU TIME        : 720h:0m:0s
# WALL CLOCK TIME : 21h:50m:0s
 
3c0380cf82de79bc39966c93934c61fc
PSETHASH = 3c0380cf82de79bc39966c93934c61fc
/scratch/condor/dir_20436/glide_G0Cpn5/execute/dir_6932/writeCfg.py pset.py pset.py
Importing .py file
Setting parameters
RandomNumberGeneratorService found, will attempt to change seeds
inputBlocks=/ttbar/dcieri-ttbar_SIM-130075366148575c102f0d64fd3ac8f7/USER#42cb1519-7f11-43e2-ab9a-a013bd5404ac
inputFiles=/store/user/dcieri/ttbar_SIM/ttbar/ttbar_SIM/150129_145223/0000/step1_264.root
parentFiles=
lumisRange=
>>> Executable cmsRun
/cvmfs/cms.cern.ch/slc6_amd64_gcc472/cms/cmssw/CMSSW_6_2_0_SLHC12/bin/slc6_amd64_gcc472/cmsRun
ok executable found
>>> info for dashboard:
***** Cat /scratch/condor/dir_20436/glide_G0Cpn5/execute/dir_6932/jobreport.txt *****
MonitorJobID=454_https://submit-6.t2.ucsd.edu//150202//509448.53
MonitorID=dcieri_PU140_4dm08r
ExeStart=cmsRun
***** End Cat jobreport *****
Parameters sent to Dashboard.
>>> cmsRun started at Mon Feb  2 21:29:54 UTC 2015
>>> cmsRun ended at Mon Feb  2 23:23:58 UTC 2015
>>> crab_fjr_*.xml  permission set to 0704
>>> info for dashboard:
***** Cat /scratch/condor/dir_20436/glide_G0Cpn5/execute/dir_6932/jobreport.txt *****
MonitorJobID=454_https://submit-6.t2.ucsd.edu//150202//509448.53
MonitorID=dcieri_PU140_4dm08r
ExeEnd=cmsRun
***** End Cat jobreport *****
Parameters sent to Dashboard.
TIME_EXE = 6844 sec
>>> cmsRun wrote 201 lines of stdout+stderr
>>> START OF printout of 201 lines from stdout+stderr
271 DQMStore::DQMStore 
HcalTopologyIdealEP::HcalTopologyIdealEP
02-Feb-2015 21:30:03 GMT  Initiating request to open file root://dcap.pp.rl.ac.uk:1094/pnfs/pp.rl.ac.uk/data/cms/store/user/dcieri/ttbar_SIM/ttbar/ttbar_SIM/150129_145223/0000/step1_264.root
150202 21:30:07 7774 Xrd: CheckErrorStatus: Server [heplnx209.pp.rl.ac.uk:1094] declared: Request 3018 not supported(error code: 3013)
02-Feb-2015 21:30:07 GMT  Successfully opened file root://dcap.pp.rl.ac.uk:1094/pnfs/pp.rl.ac.uk/data/cms/store/user/dcieri/ttbar_SIM/ttbar/ttbar_SIM/150129_145223/0000/step1_264.root
02-Feb-2015 21:30:08 GMT  Initiating request to open file root://xrootd.unl.edu//store/group/dpg_trigger/comm_trigger/L1TrackTrigger/620_SLHC10/Extended2023TTI/MinBias/MinBias_TuneZ2star_GEN_SIM_1.root
02-Feb-2015 21:30:31 GMT  Successfully opened file root://xrootd.unl.edu//store/group/dpg_trigger/comm_trigger/L1TrackTrigger/620_SLHC10/Extended2023TTI/MinBias/MinBias_TuneZ2star_GEN_SIM_1.root
disableME1a = 0
HcalTopologyIdealEP::produce(const IdealGeometryRecord& iRecord)
mode = 2, maxDepthHB = 3, maxDepthHE = 5
RPCGeometryESModule :: produce
RPCGeometryESModule :: produce :: 1/4 Get Muon Ideal Geometry Record
RPCGeometryESModule :: produce :: 2/4 Get Muon DDD Constants
RPCGeometryESModule :: produce :: 3/4 Get Muon Numbering Record
in MuonNumberingInitialization::initializeMuonDDDConstants
about to make my new muonDDDConst_
in MuonNumberingInitialization::produce
RPCGeometryESModule :: produce :: 4/4 Build
Found:

	Barrel Stack layer 5 : 1008 stacks
	Barrel Stack layer 6 : 1320 stacks
	Barrel Stack layer 7 : 1836 stacks
	Barrel Stack layer 8 : 1152 stacks
	Barrel Stack layer 9 : 1488 stacks
	Barrel Stack layer 10 : 1824 stacks

	Endcap Stack disk 11 : 1360 stacks
	Endcap Stack disk 12 : 1360 stacks
	Endcap Stack disk 13 : 1360 stacks
	Endcap Stack disk 14 : 1360 stacks
	Endcap Stack disk 15 : 1360 stacks
Created 15428 stacks in 26 s

TTClusterBuilder< edm::Ref<edm::DetSetVector<PixelDigi>, PixelDigi, edm::refhelper::FindForDetSetVector<PixelDigi> > > loaded modules:
	TTClusterAlgorithm:	TTClusterAlgorithm_2d2013< edm::Ref<edm::DetSetVector<PixelDigi>, PixelDigi, edm::refhelper::FindForDetSetVector<PixelDigi> > >


TTStubBuilder< edm::Ref<edm::DetSetVector<PixelDigi>, PixelDigi, edm::refhelper::FindForDetSetVector<PixelDigi> > > loaded modules:
	TTStubAlgorithm:	TTStubAlgorithm_tab2013< edm::Ref<edm::DetSetVector<PixelDigi>, PixelDigi, edm::refhelper::FindForDetSetVector<PixelDigi> > >


TTClusterAssociator< edm::Ref<edm::DetSetVector<PixelDigi>, PixelDigi, edm::refhelper::FindForDetSetVector<PixelDigi> > > loaded.


TTStubAssociator< edm::Ref<edm::DetSetVector<PixelDigi>, PixelDigi, edm::refhelper::FindForDetSetVector<PixelDigi> > > loaded.


TTTrackAssociator< edm::Ref<edm::DetSetVector<PixelDigi>, PixelDigi, edm::refhelper::FindForDetSetVector<PixelDigi> > > loaded.

Begin processing the 1st record. Run 1, Event 2631, LumiSection 264 at 02-Feb-2015 21:31:17.840 GMT
02-Feb-2015 21:31:25 GMT  Closed file root://xrootd.unl.edu//store/group/dpg_trigger/comm_trigger/L1TrackTrigger/620_SLHC10/Extended2023TTI/MinBias/MinBias_TuneZ2star_GEN_SIM_1.root
02-Feb-2015 21:31:25 GMT  Initiating request to open file root://xrootd.unl.edu//store/group/dpg_trigger/comm_trigger/L1TrackTrigger/620_SLHC10/Extended2023TTI/MinBias/MinBias_TuneZ2star_GEN_SIM_320.root
02-Feb-2015 21:31:25 GMT  Successfully opened file root://xrootd.unl.edu//store/group/dpg_trigger/comm_trigger/L1TrackTrigger/620_SLHC10/Extended2023TTI/MinBias/MinBias_TuneZ2star_GEN_SIM_320.root
150202 21:36:33 8143 Xrd: XrdClientMessage::ReadRaw: Failed to read header (8 bytes).
150202 21:36:33 8141 Xrd: XrdClientMessage::ReadRaw: Failed to read header (8 bytes).
02-Feb-2015 21:39:06 GMT  Closed file root://xrootd.unl.edu//store/group/dpg_trigger/comm_trigger/L1TrackTrigger/620_SLHC10/Extended2023TTI/MinBias/MinBias_TuneZ2star_GEN_SIM_320.root
02-Feb-2015 21:39:06 GMT  Initiating request to open file root://xrootd.unl.edu//store/group/dpg_trigger/comm_trigger/L1TrackTrigger/620_SLHC10/Extended2023TTI/MinBias/MinBias_TuneZ2star_GEN_SIM_800.root
150202 21:39:38 14509 Xrd: CheckErrorStatus: Server [llrxrd-redir.in2p3.fr:1094] declared: session not found(error code: 3011)
02-Feb-2015 21:39:38 GMT  Successfully opened file root://xrootd.unl.edu//store/group/dpg_trigger/comm_trigger/L1TrackTrigger/620_SLHC10/Extended2023TTI/MinBias/MinBias_TuneZ2star_GEN_SIM_800.root
150202 21:44:33 8872 Xrd: XrdClientMessage::ReadRaw: Failed to read header (8 bytes).
150202 21:45:03 14743 Xrd: XrdClientMessage::ReadRaw: Failed to read header (8 bytes).
02-Feb-2015 21:48:24 GMT  Closed file root://xrootd.unl.edu//store/group/dpg_trigger/comm_trigger/L1TrackTrigger/620_SLHC10/Extended2023TTI/MinBias/MinBias_TuneZ2star_GEN_SIM_800.root
02-Feb-2015 21:48:24 GMT  Initiating request to open file root://xrootd.unl.edu//store/group/dpg_trigger/comm_trigger/L1TrackTrigger/620_SLHC10/Extended2023TTI/MinBias/MinBias_TuneZ2star_GEN_SIM_164.root
150202 21:48:55 20948 Xrd: CheckErrorStatus: Server [llrxrd-redir.in2p3.fr:1094] declared: session not found(error code: 3011)
02-Feb-2015 21:48:56 GMT  Successfully opened file root://xrootd.unl.edu//store/group/dpg_trigger/comm_trigger/L1TrackTrigger/620_SLHC10/Extended2023TTI/MinBias/MinBias_TuneZ2star_GEN_SIM_164.root
Building the geometry service
Warning did not find digi
Warning did not find digi
Warning did not find digi
Warning did not find digi
Warning did not find digi in disks
Warning did not find digi in disks
Warning did not find digi in disks
Warning did not find digi in disks
150202 21:50:34 7902 Xrd: XrdClientMessage::ReadRaw: Failed to read header (8 bytes).
150202 21:51:34 8871 Xrd: XrdClientMessage::ReadRaw: Failed to read header (8 bytes).
150202 21:53:34 14744 Xrd: XrdClientMessage::ReadRaw: Failed to read header (8 bytes).
150202 21:54:04 21206 Xrd: XrdClientMessage::ReadRaw: Failed to read header (8 bytes).
02-Feb-2015 21:55:55 GMT  Closed file root://xrootd.unl.edu//store/group/dpg_trigger/comm_trigger/L1TrackTrigger/620_SLHC10/Extended2023TTI/MinBias/MinBias_TuneZ2star_GEN_SIM_164.root
02-Feb-2015 21:55:55 GMT  Initiating request to open file root://xrootd.unl.edu//store/group/dpg_trigger/comm_trigger/L1TrackTrigger/620_SLHC10/Extended2023TTI/MinBias/MinBias_TuneZ2star_GEN_SIM_827.root
150202 21:56:26 26302 Xrd: CheckErrorStatus: Server [cms-xrd-global.cern.ch:1094] declared: session not found(error code: 3011)
150202 21:56:26 26302 Xrd: CheckErrorStatus: Server [xrootd-redic.pi.infn.it:1094] declared: session not found(error code: 3011)
02-Feb-2015 21:56:26 GMT  Successfully opened file root://xrootd.unl.edu//store/group/dpg_trigger/comm_trigger/L1TrackTrigger/620_SLHC10/Extended2023TTI/MinBias/MinBias_TuneZ2star_GEN_SIM_827.root
150202 22:01:03 21207 Xrd: XrdClientMessage::ReadRaw: Failed to read header (8 bytes).
150202 22:01:34 27035 Xrd: XrdClientMessage::ReadRaw: Failed to read header (8 bytes).
02-Feb-2015 22:03:15 GMT  Closed file root://xrootd.unl.edu//store/group/dpg_trigger/comm_trigger/L1TrackTrigger/620_SLHC10/Extended2023TTI/MinBias/MinBias_TuneZ2star_GEN_SIM_827.root
02-Feb-2015 22:03:15 GMT  Initiating request to open file root://xrootd.unl.edu//store/group/dpg_trigger/comm_trigger/L1TrackTrigger/620_SLHC10/Extended2023TTI/MinBias/MinBias_TuneZ2star_GEN_SIM_765.root
150202 22:08:34 27036 Xrd: XrdClientMessage::ReadRaw: Failed to read header (8 bytes).
150202 22:09:03 8140 Xrd: XrdClientMessage::ReadRaw: Failed to read header (8 bytes).
150202 22:10:46 4159 Xrd: CheckErrorStatus: Server [cms-xrd-global.cern.ch:1094] declared: session not found(error code: 3011)
150202 22:10:46 4159 Xrd: CheckErrorStatus: Server [llrxrd-redir.in2p3.fr:1094] declared: session not found(error code: 3011)
02-Feb-2015 22:10:46 GMT  Successfully opened file root://xrootd.unl.edu//store/group/dpg_trigger/comm_trigger/L1TrackTrigger/620_SLHC10/Extended2023TTI/MinBias/MinBias_TuneZ2star_GEN_SIM_765.root
150202 22:16:03 8849 Xrd: XrdClientMessage::ReadRaw: Failed to read header (8 bytes).
02-Feb-2015 22:16:10 GMT  Closed file root://xrootd.unl.edu//store/group/dpg_trigger/comm_trigger/L1TrackTrigger/620_SLHC10/Extended2023TTI/MinBias/MinBias_TuneZ2star_GEN_SIM_765.root
02-Feb-2015 22:16:10 GMT  Initiating request to open file root://xrootd.unl.edu//store/group/dpg_trigger/comm_trigger/L1TrackTrigger/620_SLHC10/Extended2023TTI/MinBias/MinBias_TuneZ2star_GEN_SIM_126.root
150202 22:16:34 27034 Xrd: XrdClientMessage::ReadRaw: Failed to read header (8 bytes).
150202 22:21:33 8851 Xrd: XrdClientMessage::ReadRaw: Failed to read header (8 bytes).
150202 22:24:22 12428 Xrd: CheckErrorStatus: Server [xrootd.ba.infn.it:1094] declared: session not found(error code: 3011)
02-Feb-2015 22:24:22 GMT  Successfully opened file root://xrootd.unl.edu//store/group/dpg_trigger/comm_trigger/L1TrackTrigger/620_SLHC10/Extended2023TTI/MinBias/MinBias_TuneZ2star_GEN_SIM_126.root
02-Feb-2015 22:28:22 GMT  Closed file root://xrootd.unl.edu//store/group/dpg_trigger/comm_trigger/L1TrackTrigger/620_SLHC10/Extended2023TTI/MinBias/MinBias_TuneZ2star_GEN_SIM_126.root
02-Feb-2015 22:28:22 GMT  Initiating request to open file root://xrootd.unl.edu//store/group/dpg_trigger/comm_trigger/L1TrackTrigger/620_SLHC10/Extended2023TTI/MinBias/MinBias_TuneZ2star_GEN_SIM_333.root
150202 22:28:53 19848 Xrd: CheckErrorStatus: Server [cms-xrd-global.cern.ch:1094] declared: session not found(error code: 3011)
02-Feb-2015 22:28:53 GMT  Successfully opened file root://xrootd.unl.edu//store/group/dpg_trigger/comm_trigger/L1TrackTrigger/620_SLHC10/Extended2023TTI/MinBias/MinBias_TuneZ2star_GEN_SIM_333.root
150202 22:31:04 8847 Xrd: XrdClientMessage::ReadRaw: Failed to read header (8 bytes).
02-Feb-2015 22:33:16 GMT  Closed file root://xrootd.unl.edu//store/group/dpg_trigger/comm_trigger/L1TrackTrigger/620_SLHC10/Extended2023TTI/MinBias/MinBias_TuneZ2star_GEN_SIM_333.root
02-Feb-2015 22:33:16 GMT  Initiating request to open file root://xrootd.unl.edu//store/group/dpg_trigger/comm_trigger/L1TrackTrigger/620_SLHC10/Extended2023TTI/MinBias/MinBias_TuneZ2star_GEN_SIM_366.root
150202 22:33:33 17502 Xrd: XrdClientMessage::ReadRaw: Failed to read header (8 bytes).
02-Feb-2015 22:33:47 GMT  Successfully opened file root://xrootd.unl.edu//store/group/dpg_trigger/comm_trigger/L1TrackTrigger/620_SLHC10/Extended2023TTI/MinBias/MinBias_TuneZ2star_GEN_SIM_366.root
02-Feb-2015 22:37:42 GMT  Closed file root://xrootd.unl.edu//store/group/dpg_trigger/comm_trigger/L1TrackTrigger/620_SLHC10/Extended2023TTI/MinBias/MinBias_TuneZ2star_GEN_SIM_366.root
02-Feb-2015 22:37:42 GMT  Initiating request to open file root://xrootd.unl.edu//store/group/dpg_trigger/comm_trigger/L1TrackTrigger/620_SLHC10/Extended2023TTI/MinBias/MinBias_TuneZ2star_GEN_SIM_936.root
02-Feb-2015 22:38:14 GMT  Successfully opened file root://xrootd.unl.edu//store/group/dpg_trigger/comm_trigger/L1TrackTrigger/620_SLHC10/Extended2023TTI/MinBias/MinBias_TuneZ2star_GEN_SIM_936.root
150202 22:38:34 20106 Xrd: XrdClientMessage::ReadRaw: Failed to read header (8 bytes).
150202 22:43:04 23162 Xrd: XrdClientMessage::ReadRaw: Failed to read header (8 bytes).
150202 22:43:34 17463 Xrd: XrdClientMessage::ReadRaw: Failed to read header (8 bytes).
02-Feb-2015 22:44:15 GMT  Closed file root://xrootd.unl.edu//store/group/dpg_trigger/comm_trigger/L1TrackTrigger/620_SLHC10/Extended2023TTI/MinBias/MinBias_TuneZ2star_GEN_SIM_936.root
02-Feb-2015 22:44:15 GMT  Initiating request to open file root://xrootd.unl.edu//store/group/dpg_trigger/comm_trigger/L1TrackTrigger/620_SLHC10/Extended2023TTI/MinBias/MinBias_TuneZ2star_GEN_SIM_590.root
150202 22:44:15 29240 Xrd: CheckErrorStatus: Server [xrootd.ba.infn.it:1094] declared: session not found(error code: 3011)
02-Feb-2015 22:44:15 GMT  Successfully opened file root://xrootd.unl.edu//store/group/dpg_trigger/comm_trigger/L1TrackTrigger/620_SLHC10/Extended2023TTI/MinBias/MinBias_TuneZ2star_GEN_SIM_590.root
02-Feb-2015 22:46:57 GMT  Closed file root://xrootd.unl.edu//store/group/dpg_trigger/comm_trigger/L1TrackTrigger/620_SLHC10/Extended2023TTI/MinBias/MinBias_TuneZ2star_GEN_SIM_590.root
02-Feb-2015 22:46:57 GMT  Initiating request to open file root://xrootd.unl.edu//store/group/dpg_trigger/comm_trigger/L1TrackTrigger/620_SLHC10/Extended2023TTI/MinBias/MinBias_TuneZ2star_GEN_SIM_532.root
02-Feb-2015 22:47:14 GMT  Successfully opened file root://xrootd.unl.edu//store/group/dpg_trigger/comm_trigger/L1TrackTrigger/620_SLHC10/Extended2023TTI/MinBias/MinBias_TuneZ2star_GEN_SIM_532.root
150202 22:49:33 25381 Xrd: XrdClientMessage::ReadRaw: Failed to read header (8 bytes).
02-Feb-2015 22:50:20 GMT  Closed file root://xrootd.unl.edu//store/group/dpg_trigger/comm_trigger/L1TrackTrigger/620_SLHC10/Extended2023TTI/MinBias/MinBias_TuneZ2star_GEN_SIM_532.root
02-Feb-2015 22:50:20 GMT  Initiating request to open file root://xrootd.unl.edu//store/group/dpg_trigger/comm_trigger/L1TrackTrigger/620_SLHC10/Extended2023TTI/MinBias/MinBias_TuneZ2star_GEN_SIM_661.root
150202 22:50:51 32010 Xrd: CheckErrorStatus: Server [cms-xrd-global.cern.ch:1094] declared: session not found(error code: 3011)
02-Feb-2015 22:50:51 GMT  Successfully opened file root://xrootd.unl.edu//store/group/dpg_trigger/comm_trigger/L1TrackTrigger/620_SLHC10/Extended2023TTI/MinBias/MinBias_TuneZ2star_GEN_SIM_661.root
150202 22:52:04 29242 Xrd: XrdClientMessage::ReadRaw: Failed to read header (8 bytes).
02-Feb-2015 22:53:52 GMT  Closed file root://xrootd.unl.edu//store/group/dpg_trigger/comm_trigger/L1TrackTrigger/620_SLHC10/Extended2023TTI/MinBias/MinBias_TuneZ2star_GEN_SIM_661.root
02-Feb-2015 22:53:52 GMT  Initiating request to open file root://xrootd.unl.edu//store/group/dpg_trigger/comm_trigger/L1TrackTrigger/620_SLHC10/Extended2023TTI/MinBias/MinBias_TuneZ2star_GEN_SIM_936.root
150202 22:54:23 2163 Xrd: CheckErrorStatus: Server [eoscms.cern.ch:1094] declared: session not found(error code: 3011)
02-Feb-2015 22:54:23 GMT  Successfully opened file root://xrootd.unl.edu//store/group/dpg_trigger/comm_trigger/L1TrackTrigger/620_SLHC10/Extended2023TTI/MinBias/MinBias_TuneZ2star_GEN_SIM_936.root
150202 22:55:33 30890 Xrd: XrdClientMessage::ReadRaw: Failed to read header (8 bytes).
02-Feb-2015 22:58:51 GMT  Closed file root://xrootd.unl.edu//store/group/dpg_trigger/comm_trigger/L1TrackTrigger/620_SLHC10/Extended2023TTI/MinBias/MinBias_TuneZ2star_GEN_SIM_936.root
02-Feb-2015 22:58:51 GMT  Initiating request to open file root://xrootd.unl.edu//store/group/dpg_trigger/comm_trigger/L1TrackTrigger/620_SLHC10/Extended2023TTI/MinBias/MinBias_TuneZ2star_GEN_SIM_508.root
150202 22:59:03 32663 Xrd: XrdClientMessage::ReadRaw: Failed to read header (8 bytes).
02-Feb-2015 22:59:22 GMT  Successfully opened file root://xrootd.unl.edu//store/group/dpg_trigger/comm_trigger/L1TrackTrigger/620_SLHC10/Extended2023TTI/MinBias/MinBias_TuneZ2star_GEN_SIM_508.root
02-Feb-2015 23:01:56 GMT  Closed file root://xrootd.unl.edu//store/group/dpg_trigger/comm_trigger/L1TrackTrigger/620_SLHC10/Extended2023TTI/MinBias/MinBias_TuneZ2star_GEN_SIM_508.root
02-Feb-2015 23:01:56 GMT  Initiating request to open file root://xrootd.unl.edu//store/group/dpg_trigger/comm_trigger/L1TrackTrigger/620_SLHC10/Extended2023TTI/MinBias/MinBias_TuneZ2star_GEN_SIM_170.root
02-Feb-2015 23:02:27 GMT  Successfully opened file root://xrootd.unl.edu//store/group/dpg_trigger/comm_trigger/L1TrackTrigger/620_SLHC10/Extended2023TTI/MinBias/MinBias_TuneZ2star_GEN_SIM_170.root
150202 23:04:03 2165 Xrd: XrdClientMessage::ReadRaw: Failed to read header (8 bytes).
02-Feb-2015 23:04:08 GMT  Closed file root://xrootd.unl.edu//store/group/dpg_trigger/comm_trigger/L1TrackTrigger/620_SLHC10/Extended2023TTI/MinBias/MinBias_TuneZ2star_GEN_SIM_170.root
02-Feb-2015 23:04:08 GMT  Initiating request to open file root://xrootd.unl.edu//store/group/dpg_trigger/comm_trigger/L1TrackTrigger/620_SLHC10/Extended2023TTI/MinBias/MinBias_TuneZ2star_GEN_SIM_283.root
02-Feb-2015 23:04:39 GMT  Successfully opened file root://xrootd.unl.edu//store/group/dpg_trigger/comm_trigger/L1TrackTrigger/620_SLHC10/Extended2023TTI/MinBias/MinBias_TuneZ2star_GEN_SIM_283.root
150202 23:07:03 15258 Xrd: XrdClientMessage::ReadRaw: Failed to read header (8 bytes).
02-Feb-2015 23:07:12 GMT  Closed file root://xrootd.unl.edu//store/group/dpg_trigger/comm_trigger/L1TrackTrigger/620_SLHC10/Extended2023TTI/MinBias/MinBias_TuneZ2star_GEN_SIM_283.root
02-Feb-2015 23:07:12 GMT  Initiating request to open file root://xrootd.unl.edu//store/group/dpg_trigger/comm_trigger/L1TrackTrigger/620_SLHC10/Extended2023TTI/MinBias/MinBias_TuneZ2star_GEN_SIM_356.root
02-Feb-2015 23:07:44 GMT  Successfully opened file root://xrootd.unl.edu//store/group/dpg_trigger/comm_trigger/L1TrackTrigger/620_SLHC10/Extended2023TTI/MinBias/MinBias_TuneZ2star_GEN_SIM_356.root
150202 23:09:34 16205 Xrd: XrdClientMessage::ReadRaw: Failed to read header (8 bytes).
02-Feb-2015 23:09:54 GMT  Closed file root://xrootd.unl.edu//store/group/dpg_trigger/comm_trigger/L1TrackTrigger/620_SLHC10/Extended2023TTI/MinBias/MinBias_TuneZ2star_GEN_SIM_356.root
02-Feb-2015 23:09:54 GMT  Initiating request to open file root://xrootd.unl.edu//store/group/dpg_trigger/comm_trigger/L1TrackTrigger/620_SLHC10/Extended2023TTI/MinBias/MinBias_TuneZ2star_GEN_SIM_354.root
02-Feb-2015 23:10:40 GMT  Successfully opened file root://xrootd.unl.edu//store/group/dpg_trigger/comm_trigger/L1TrackTrigger/620_SLHC10/Extended2023TTI/MinBias/MinBias_TuneZ2star_GEN_SIM_354.root
150202 23:12:33 17244 Xrd: XrdClientMessage::ReadRaw: Failed to read header (8 bytes).
02-Feb-2015 23:12:55 GMT  Closed file root://xrootd.unl.edu//store/group/dpg_trigger/comm_trigger/L1TrackTrigger/620_SLHC10/Extended2023TTI/MinBias/MinBias_TuneZ2star_GEN_SIM_354.root
02-Feb-2015 23:12:55 GMT  Initiating request to open file root://xrootd.unl.edu//store/group/dpg_trigger/comm_trigger/L1TrackTrigger/620_SLHC10/Extended2023TTI/MinBias/MinBias_TuneZ2star_GEN_SIM_347.root
02-Feb-2015 23:13:26 GMT  Successfully opened file root://xrootd.unl.edu//store/group/dpg_trigger/comm_trigger/L1TrackTrigger/620_SLHC10/Extended2023TTI/MinBias/MinBias_TuneZ2star_GEN_SIM_347.root
150202 23:14:34 17461 Xrd: XrdClientMessage::ReadRaw: Failed to read header (8 bytes).
150202 23:15:04 18584 Xrd: XrdClientMessage::ReadRaw: Failed to read header (8 bytes).
02-Feb-2015 23:15:16 GMT  Closed file root://xrootd.unl.edu//store/group/dpg_trigger/comm_trigger/L1TrackTrigger/620_SLHC10/Extended2023TTI/MinBias/MinBias_TuneZ2star_GEN_SIM_347.root
02-Feb-2015 23:15:16 GMT  Initiating request to open file root://xrootd.unl.edu//store/group/dpg_trigger/comm_trigger/L1TrackTrigger/620_SLHC10/Extended2023TTI/MinBias/MinBias_TuneZ2star_GEN_SIM_900.root
150202 23:15:47 21078 Xrd: CheckErrorStatus: Server [cms-xrd-global.cern.ch:1094] declared: session not found(error code: 3011)
02-Feb-2015 23:15:47 GMT  Successfully opened file root://xrootd.unl.edu//store/group/dpg_trigger/comm_trigger/L1TrackTrigger/620_SLHC10/Extended2023TTI/MinBias/MinBias_TuneZ2star_GEN_SIM_900.root
02-Feb-2015 23:17:42 GMT  Closed file root://xrootd.unl.edu//store/group/dpg_trigger/comm_trigger/L1TrackTrigger/620_SLHC10/Extended2023TTI/MinBias/MinBias_TuneZ2star_GEN_SIM_900.root
02-Feb-2015 23:17:42 GMT  Initiating request to open file root://xrootd.unl.edu//store/group/dpg_trigger/comm_trigger/L1TrackTrigger/620_SLHC10/Extended2023TTI/MinBias/MinBias_TuneZ2star_GEN_SIM_720.root
150202 23:18:03 19853 Xrd: XrdClientMessage::ReadRaw: Failed to read header (8 bytes).
02-Feb-2015 23:18:14 GMT  Successfully opened file root://xrootd.unl.edu//store/group/dpg_trigger/comm_trigger/L1TrackTrigger/620_SLHC10/Extended2023TTI/MinBias/MinBias_TuneZ2star_GEN_SIM_720.root
02-Feb-2015 23:20:21 GMT  Closed file root://xrootd.unl.edu//store/group/dpg_trigger/comm_trigger/L1TrackTrigger/620_SLHC10/Extended2023TTI/MinBias/MinBias_TuneZ2star_GEN_SIM_720.root
02-Feb-2015 23:20:21 GMT  Initiating request to open file root://xrootd.unl.edu//store/group/dpg_trigger/comm_trigger/L1TrackTrigger/620_SLHC10/Extended2023TTI/MinBias/MinBias_TuneZ2star_GEN_SIM_412.root
150202 23:20:22 20471 Xrd: XrdClientMessage::ReadRaw: Failed to read header (8 bytes).
02-Feb-2015 23:20:52 GMT  Successfully opened file root://xrootd.unl.edu//store/group/dpg_trigger/comm_trigger/L1TrackTrigger/620_SLHC10/Extended2023TTI/MinBias/MinBias_TuneZ2star_GEN_SIM_412.root
02-Feb-2015 23:22:27 GMT  Closed file root://xrootd.unl.edu//store/group/dpg_trigger/comm_trigger/L1TrackTrigger/620_SLHC10/Extended2023TTI/MinBias/MinBias_TuneZ2star_GEN_SIM_412.root
02-Feb-2015 23:22:27 GMT  Initiating request to open file root://xrootd.unl.edu//store/group/dpg_trigger/comm_trigger/L1TrackTrigger/620_SLHC10/Extended2023TTI/MinBias/MinBias_TuneZ2star_GEN_SIM_521.root
150202 23:22:58 22917 Xrd: CheckErrorStatus: Server [eoscms.cern.ch:1094] declared: session not found(error code: 3011)
150202 23:22:58 21233 Xrd: XrdClientMessage::ReadRaw: Failed to read header (8 bytes).
02-Feb-2015 23:22:59 GMT  Successfully opened file root://xrootd.unl.edu//store/group/dpg_trigger/comm_trigger/L1TrackTrigger/620_SLHC10/Extended2023TTI/MinBias/MinBias_TuneZ2star_GEN_SIM_521.root
02-Feb-2015 23:23:56 GMT  Closed file root://dcap.pp.rl.ac.uk:1094/pnfs/pp.rl.ac.uk/data/cms/store/user/dcieri/ttbar_SIM/ttbar/ttbar_SIM/150129_145223/0000/step1_264.root
02-Feb-2015 23:23:56 GMT  Closed file root://xrootd.unl.edu//store/group/dpg_trigger/comm_trigger/L1TrackTrigger/620_SLHC10/Extended2023TTI/MinBias/MinBias_TuneZ2star_GEN_SIM_521.root

=============================================

MessageLogger Summary

 type     category        sev    module        subroutine        count    total
 ---- -------------------- -- ---------------- ----------------  -----    -----
    1 fileAction           -s MixingModule:mix                      69       69
    2 fileAction           -s MixingModule:mix                       2        2
    3 fileAction           -s MixingModule:mix                       1        1
    4 fileAction           -s file_close                             1        1
    5 fileAction           -s file_open                              2        2

 type    category    Examples: run/evt        run/evt          run/evt
 ---- -------------------- ---------------- ---------------- ----------------
    1 fileAction           1/2631           1/2631           1/2640
    2 fileAction           pre-events       pre-events       
    3 fileAction           PostEndRun                        
    4 fileAction           PostEndRun                        
    5 fileAction           pre-events       pre-events       

Severity    # Occurrences   Total Occurrences
--------    -------------   -----------------
System                 75                  75
>>> END OF printout of 201 lines from stdout+stderr
>>> Parse FrameworkJobReport crab_fjr.xml
Result of parsing the FrameworkJobReport crab_fjr.xml: 
Extracted ExitStatus from FrameworkJobReport parsing output: 0
>>> Executable succeded  0
ExeExitCode=0
EXECUTABLE_EXIT_STATUS = 0
>>> current directory /scratch/condor/dir_20436/glide_G0Cpn5/execute/dir_6932/CMSSW_6_2_0_SLHC12
>>>  (SOFTWARE_DIR): /scratch/condor/dir_20436/glide_G0Cpn5/execute/dir_6932/CMSSW_6_2_0_SLHC12
>>> (WORKING_DIR): 
>>> current directory content:
total 242524
drwxr-xr-x 3 cms415 gplcms      4096 Feb  2 21:29 .SCRAM
-rw------- 1 cms415 gplcms    915837 Feb  2 21:29 CMSSW.py.pkl
drwxr-xr-x 3 cms415 gplcms      4096 Feb  2 21:29 bin
drwxr-xr-x 3 cms415 gplcms      4096 Feb  2 21:29 cfipython
drwxr-xr-x 4 cms415 gplcms      4096 Apr 28  2014 config
-rw------- 1 cms415 gplcms        17 Feb  2 23:23 cpu_timing.txt
drwxr-xr-x 2 cms415 gplcms      4096 Feb  2 21:29 doc
-rw------- 1 cms415 gplcms     22799 Feb  2 23:23 executable.out
drwxr-xr-x 2 cms415 gplcms      4096 Feb  2 21:29 include
drwx------ 3 cms415 gplcms      4096 Oct  7 10:12 lib
drwxr-xr-x 3 cms415 gplcms      4096 Feb  2 21:29 logs
drwxr-xr-x 3 cms415 gplcms      4096 Feb  2 21:29 objs
-rw------- 1 cms415 gplcms       104 Feb  2 21:29 pset.py
-rw------- 1 cms415 gplcms    926823 Feb  2 21:29 pset.py.pkl
-rw------- 1 cms415 gplcms       289 Feb  2 21:29 pset.pyc
drwxr-xr-x 2 cms415 gplcms      4096 Feb  2 21:29 python
-rw------- 1 cms415 gplcms       356 Feb  2 23:23 report.log
drwxr-xr-x 2 cms415 gplcms      4096 Feb  2 21:29 src
-rw------- 1 cms415 gplcms 246145517 Feb  2 23:23 step2.root
drwxr-xr-x 3 cms415 gplcms      4096 Feb  2 21:29 test
drwxr-xr-x 3 cms415 gplcms      4096 Feb  2 21:29 tmp
>>> current directory /scratch/condor/dir_20436/glide_G0Cpn5/execute/dir_6932/CMSSW_6_2_0_SLHC12
>>> (SOFTWARE_DIR): /scratch/condor/dir_20436/glide_G0Cpn5/execute/dir_6932/CMSSW_6_2_0_SLHC12
>>> (WORKING_DIR): 
>>> current directory content:
total 242524
drwxr-xr-x 3 cms415 gplcms      4096 Feb  2 21:29 .SCRAM
-rw------- 1 cms415 gplcms    915837 Feb  2 21:29 CMSSW.py.pkl
drwxr-xr-x 3 cms415 gplcms      4096 Feb  2 21:29 bin
drwxr-xr-x 3 cms415 gplcms      4096 Feb  2 21:29 cfipython
drwxr-xr-x 4 cms415 gplcms      4096 Apr 28  2014 config
-rw------- 1 cms415 gplcms        17 Feb  2 23:23 cpu_timing.txt
drwxr-xr-x 2 cms415 gplcms      4096 Feb  2 21:29 doc
-rw------- 1 cms415 gplcms     22799 Feb  2 23:23 executable.out
drwxr-xr-x 2 cms415 gplcms      4096 Feb  2 21:29 include
drwx------ 3 cms415 gplcms      4096 Oct  7 10:12 lib
drwxr-xr-x 3 cms415 gplcms      4096 Feb  2 21:29 logs
drwxr-xr-x 3 cms415 gplcms      4096 Feb  2 21:29 objs
-rw------- 1 cms415 gplcms       104 Feb  2 21:29 pset.py
-rw------- 1 cms415 gplcms    926823 Feb  2 21:29 pset.py.pkl
-rw------- 1 cms415 gplcms       289 Feb  2 21:29 pset.pyc
drwxr-xr-x 2 cms415 gplcms      4096 Feb  2 21:29 python
-rw------- 1 cms415 gplcms       356 Feb  2 23:23 report.log
drwxr-xr-x 2 cms415 gplcms      4096 Feb  2 21:29 src
-rw------- 1 cms415 gplcms 246145517 Feb  2 23:23 step2_454_1_7lf.root
drwxr-xr-x 3 cms415 gplcms      4096 Feb  2 21:29 test
drwxr-xr-x 3 cms415 gplcms      4096 Feb  2 21:29 tmp
>>> current directory (RUNTIME_AREA):  /scratch/condor/dir_20436/glide_G0Cpn5/execute/dir_6932
PNN = T2_UK_SGrid_RALPP
SE = heplnx204.pp.rl.ac.uk
SE_PATH = /srm/managerv2?SFN=/pnfs/pp.rl.ac.uk/data/cms/store/user/dcieri/ttbar_PU140_DIGI/dcieri/ttbar/ttbar_PU140_DIGI/3c0380cf82de79bc39966c93934c61fc/
LFNBaseName = /store/user/dcieri/ttbar_PU140_DIGI/dcieri/ttbar/ttbar_PU140_DIGI/3c0380cf82de79bc39966c93934c61fc/
USER = dcieri
endpoint = srm://heplnx204.pp.rl.ac.uk:8443/srm/managerv2?SFN=/pnfs/pp.rl.ac.uk/data/cms/store/user/dcieri/ttbar_PU140_DIGI/dcieri/ttbar/ttbar_PU140_DIGI/3c0380cf82de79bc39966c93934c61fc/
>>> Copy output files from WN = heplnc193.pp.rl.ac.uk to /srm/managerv2?SFN=/pnfs/pp.rl.ac.uk/data/cms/store/user/dcieri/ttbar_PU140_DIGI/dcieri/ttbar/ttbar_PU140_DIGI/3c0380cf82de79bc39966c93934c61fc/ :
python cmscp.py  --destination srm://heplnx204.pp.rl.ac.uk:8443/srm/managerv2?SFN=/pnfs/pp.rl.ac.uk/data/cms/store/user/dcieri/ttbar_PU140_DIGI/dcieri/ttbar/ttbar_PU140_DIGI/3c0380cf82de79bc39966c93934c61fc/ --inputFileList /scratch/condor/dir_20436/glide_G0Cpn5/execute/dir_6932/CMSSW_6_2_0_SLHC12/step2_454_1_7lf.root --middleware LCG --PNN T2_UK_SGrid_RALPP --se_name heplnx204.pp.rl.ac.uk --for_lfn /store/user/dcieri/ttbar_PU140_DIGI/dcieri/ttbar/ttbar_PU140_DIGI/3c0380cf82de79bc39966c93934c61fc/    
******************************************************
localSeName  =  heplnx204.pp.rl.ac.uk
remoteSeName =  heplnx204.pp.rl.ac.uk
******************************************************
{"/scratch/condor/dir_20436/glide_G0Cpn5/execute/dir_6932/CMSSW_6_2_0_SLHC12/step2_454_1_7lf.root": {"endpoint": "srm://heplnx204.pp.rl.ac.uk:8443/srm/managerv2?SFN=/pnfs/pp.rl.ac.uk/data/cms/store/user/dcieri/ttbar_PU140_DIGI/dcieri/ttbar/ttbar_PU140_DIGI/3c0380cf82de79bc39966c93934c61fc/", "surl_for_grid": "", "reason": "Copy succedeed with srm-lcg utils", "erCode": "0", "PNN": "T2_UK_SGrid_RALPP", "se_name": "heplnx204.pp.rl.ac.uk", "for_lfn": "/store/user/dcieri/ttbar_PU140_DIGI/dcieri/ttbar/ttbar_PU140_DIGI/3c0380cf82de79bc39966c93934c61fc/"}}/scratch/condor/dir_20436/glide_G0Cpn5/execute/dir_6932
-------- cat /scratch/condor/dir_20436/glide_G0Cpn5/execute/dir_6932/cmscpReport.sh 
#!/bin/bash
echo "Report for File: /scratch/condor/dir_20436/glide_G0Cpn5/execute/dir_6932/CMSSW_6_2_0_SLHC12/step2_454_1_7lf.root"
echo "LFN: /store/user/dcieri/ttbar_PU140_DIGI/dcieri/ttbar/ttbar_PU140_DIGI/3c0380cf82de79bc39966c93934c61fc/step2_454_1_7lf.root"
echo "StorageElement: heplnx204.pp.rl.ac.uk"
echo "StageOutExitStatusReason = 'Copy succedeed with srm-lcg utils'" | tee -a $RUNTIME_AREA/$repo
echo "StageOutSE = heplnx204.pp.rl.ac.uk" >> $RUNTIME_AREA/$repo

export StageOutExitStatus=0
echo "StageOutExitStatus = 0" | tee -a $RUNTIME_AREA/$repo
-------- end of /scratch/condor/dir_20436/glide_G0Cpn5/execute/dir_6932/cmscpReport.sh 
Report for File: /scratch/condor/dir_20436/glide_G0Cpn5/execute/dir_6932/CMSSW_6_2_0_SLHC12/step2_454_1_7lf.root
LFN: /store/user/dcieri/ttbar_PU140_DIGI/dcieri/ttbar/ttbar_PU140_DIGI/3c0380cf82de79bc39966c93934c61fc/step2_454_1_7lf.root
StorageElement: heplnx204.pp.rl.ac.uk
StageOutExitStatusReason = 'Copy succedeed with srm-lcg utils'
StageOutExitStatus = 0
>>> current dir: /scratch/condor/dir_20436/glide_G0Cpn5/execute/dir_6932
>>> current dir content:
total 8824
-rw-------  1 cms415 gplcms    2665 Feb  2 23:24 .SEinteraction.log
-rwx------  1 cms415 gplcms      53 Feb  2 21:29 .chirp_config
-rwx------  1 cms415 gplcms    7830 Feb  2 21:29 .job.ad
-rwx------  1 cms415 gplcms    9764 Feb  2 21:29 .machine.ad
-rw-------  1 cms415 gplcms     105 Feb  2 12:16 CMSSW.py
-rw-------  1 cms415 gplcms  915837 Feb  2 12:16 CMSSW.py.pkl
-rwx------  1 cms415 gplcms   29498 Feb  2 21:29 CMSSW.sh
drwxr-xr-x 15 cms415 gplcms    4096 Feb  2 23:24 CMSSW_6_2_0_SLHC12
-rw-------  1 cms415 gplcms     189 Feb  2 21:29 CacheEnv.sh
-rw-------  1 cms415 gplcms    7291 Nov 19 14:52 DashboardAPI.py
-rw-------  1 cms415 gplcms    6455 Feb  2 21:29 DashboardAPI.pyc
drwx------  2 cms415 gplcms    4096 Feb  2 23:24 IMProv
-rw-------  1 cms415 gplcms    2748 Nov 19 14:52 Logger.py
-rw-------  1 cms415 gplcms    3227 Feb  2 21:29 Logger.pyc
-rw-------  1 cms415 gplcms   24524 Nov 19 14:52 ProcInfo.py
-rw-------  1 cms415 gplcms   22621 Feb  2 21:29 ProcInfo.pyc
drwx------  7 cms415 gplcms    4096 Feb  2 21:29 ProdCommon
drwx------  3 cms415 gplcms    4096 Feb  2 21:29 WMCore
-rw-------  1 cms415 gplcms    8805 Feb  2 23:24 Watchdog_454.log
-rwx------  1 cms415 gplcms       0 Feb  2 21:29 _condor_stderr
-rwx---r--  1 cms415 gplcms   37536 Feb  2 23:24 _condor_stdout
-rw-------  1 cms415 gplcms   32895 Nov 19 14:52 apmon.py
-rw-------  1 cms415 gplcms   27929 Feb  2 21:29 apmon.pyc
-rwx------  1 cms415 gplcms  134309 Feb  2 21:29 arguments.xml
-rwx------  1 cms415 gplcms   38581 Nov 19 14:52 cmscp.py
-rw-------  1 cms415 gplcms     561 Feb  2 23:24 cmscpReport.sh
-rwx------  1 cms415 gplcms   29498 Feb  2 21:29 condor_exec.exe
-rw-------  1 cms415 gplcms     544 Feb  2 12:16 crab.cfg
-rwx------  1 cms415 gplcms    8610 Nov 19 14:52 crabWatchdog.sh
-rwx---r--  1 cms415 gplcms  112103 Feb  2 23:23 crab_fjr_454.xml
-rwx------  1 cms415 gplcms 7390485 Feb  2 21:29 default.tgz
-rwx------  1 cms415 gplcms    4488 Nov 19 14:52 fillCrabFjr.py
-rw-------  1 cms415 gplcms     226 Feb  2 21:29 inputsReport.txt
-rw-------  1 cms415 gplcms     243 Feb  2 23:24 jobreport.txt
-rw-------  1 cms415 gplcms   17352 Nov 19 14:52 parseCrabFjr.py
-rw-------  1 cms415 gplcms     322 Feb  2 21:29 report.log
-rwx--x--x  1 cms415 gplcms    1497 Nov 19 14:52 report.py
-rw-------  1 cms415 gplcms     554 Feb  2 23:24 resultCopyFile
lrwxrwxrwx  1 cms415 gplcms      95 Feb  2 23:24 step2.root -> /scratch/condor/dir_20436/glide_G0Cpn5/execute/dir_6932/CMSSW_6_2_0_SLHC12/step2_454_1_7lf.root
-rwx------  1 cms415 gplcms    8351 Nov 19 14:52 writeCfg.py
-rw-------  1 cms415 gplcms   10293 Feb  2 21:29 x509up_u62281
>>> Modify Job Report:
CMSSW_VERSION = CMSSW_6_2_0_SLHC12
ProcessedDataset = ttbar_PU140_DIGI
/scratch/condor/dir_20436/glide_G0Cpn5/execute/dir_6932/ProdCommon/FwkJobRep/ModifyJobReport.py fjr /scratch/condor/dir_20436/glide_G0Cpn5/execute/dir_6932/crab_fjr_454.xml json /scratch/condor/dir_20436/glide_G0Cpn5/execute/dir_6932/resultCopyFile n_job 454_1_7lf PrimaryDataset ttbar  ApplicationFamily cmsRun ApplicationName cmsRun cmssw_version CMSSW_6_2_0_SLHC12 psethash 3c0380cf82de79bc39966c93934c61fc UserProcessedDataset dcieri-ttbar_PU140_DIGI-3c0380cf82de79bc39966c93934c61fc
inputDict =  {u'/scratch/condor/dir_20436/glide_G0Cpn5/execute/dir_6932/CMSSW_6_2_0_SLHC12/step2_454_1_7lf.root': {u'endpoint': u'srm://heplnx204.pp.rl.ac.uk:8443/srm/managerv2?SFN=/pnfs/pp.rl.ac.uk/data/cms/store/user/dcieri/ttbar_PU140_DIGI/dcieri/ttbar/ttbar_PU140_DIGI/3c0380cf82de79bc39966c93934c61fc/', u'surl_for_grid': u'', u'reason': u'Copy succedeed with srm-lcg utils', u'erCode': u'0', u'PNN': u'T2_UK_SGrid_RALPP', u'se_name': u'heplnx204.pp.rl.ac.uk', u'for_lfn': u'/store/user/dcieri/ttbar_PU140_DIGI/dcieri/ttbar/ttbar_PU140_DIGI/3c0380cf82de79bc39966c93934c61fc/'}}
UserProcessedDataset =  dcieri-ttbar_PU140_DIGI-3c0380cf82de79bc39966c93934c61fc
WORKING ON EDM FILE
file_name in inputDict =  /scratch/condor/dir_20436/glide_G0Cpn5/execute/dir_6932/CMSSW_6_2_0_SLHC12/step2_454_1_7lf.root
(size) os.stat(filename)[6] =  246145517
checksum =  1378090539
    file =  step2_454_1_7lf.root
    newPfn =  srm://heplnx204.pp.rl.ac.uk:8443/srm/managerv2?SFN=/pnfs/pp.rl.ac.uk/data/cms/store/user/dcieri/ttbar_PU140_DIGI/dcieri/ttbar/ttbar_PU140_DIGI/3c0380cf82de79bc39966c93934c61fc/step2_454_1_7lf.root
    newLfn =  /store/user/dcieri/ttbar_PU140_DIGI/dcieri/ttbar/ttbar_PU140_DIGI/3c0380cf82de79bc39966c93934c61fc/step2_454_1_7lf.root
>>> crab_fjr_*.xml  permission set to 0704
CrabWrapper EXIT_FUNC entered at Mon Feb  2 23:24:51 GMT 2015   -  Mon Feb  2 23:24:51 UTC 2015
Checking output files:  
will tar file crab_fjr_454.xml in  out_files_454
WARNING: output file CMSSW_454.stdout not found!
WARNING: output file CMSSW_454.stderr not found!
WARNING: output file Watchdog_454.log.gz not found!
>>> padding time: Wrapper lasting more than 600 seconds. No sleep required.
STOPPING WATCHDOG. CrabWatchdog PID is 7396
********** LAST 50 LINES OF WATCHDOG LOG
 Feb 02 21:40:52 GMT	7774	846500	1240684	51	81	663	cmsRun -j /scratch/condor/dir_20436/glide_G0Cpn5/execute/dir_6932/crab_fjr_454.xml -p pset.py      
 Feb 02 21:41:53 GMT	7774	854672	1250412	51	84	723	cmsRun -j /scratch/condor/dir_20436/glide_G0Cpn5/execute/dir_6932/crab_fjr_454.xml -p pset.py      
 Feb 02 21:42:53 GMT	7774	856824	1252972	51	87	783	cmsRun -j /scratch/condor/dir_20436/glide_G0Cpn5/execute/dir_6932/crab_fjr_454.xml -p pset.py      
 Feb 02 21:43:53 GMT	7774	860160	1252972	51	90	843	cmsRun -j /scratch/condor/dir_20436/glide_G0Cpn5/execute/dir_6932/crab_fjr_454.xml -p pset.py      
 Feb 02 21:44:53 GMT	7774	889592	1275244	51	95	903	cmsRun -j /scratch/condor/dir_20436/glide_G0Cpn5/execute/dir_6932/crab_fjr_454.xml -p pset.py      
 Feb 02 21:45:53 GMT	7774	983108	1373804	51	106	964	cmsRun -j /scratch/condor/dir_20436/glide_G0Cpn5/execute/dir_6932/crab_fjr_454.xml -p pset.py      
 Feb 02 21:46:54 GMT	7774	1012588	1389932	51	110	1024	cmsRun -j /scratch/condor/dir_20436/glide_G0Cpn5/execute/dir_6932/crab_fjr_454.xml -p pset.py      
 Feb 02 21:47:54 GMT	7774	1049928	1392236	51	114	1084	cmsRun -j /scratch/condor/dir_20436/glide_G0Cpn5/execute/dir_6932/crab_fjr_454.xml -p pset.py      
 Feb 02 21:49:54 GMT	7774	1120948	1492588	51	124	1204	cmsRun -j /scratch/condor/dir_20436/glide_G0Cpn5/execute/dir_6932/crab_fjr_454.xml -p pset.py      
 Feb 02 21:50:54 GMT	7774	1167600	1648640	51	150	1264	cmsRun -j /scratch/condor/dir_20436/glide_G0Cpn5/execute/dir_6932/crab_fjr_454.xml -p pset.py      
 Feb 02 21:50:54 GMT	---	1167600	1648640	73	----	----	----
 Feb 02 21:51:54 GMT	7774	1178436	1650432	73	151	1325	cmsRun -j /scratch/condor/dir_20436/glide_G0Cpn5/execute/dir_6932/crab_fjr_454.xml -p pset.py      
 Feb 02 21:52:55 GMT	7774	1196512	1650432	73	154	1385	cmsRun -j /scratch/condor/dir_20436/glide_G0Cpn5/execute/dir_6932/crab_fjr_454.xml -p pset.py      
 Feb 02 21:53:55 GMT	7774	1201372	1650432	73	158	1445	cmsRun -j /scratch/condor/dir_20436/glide_G0Cpn5/execute/dir_6932/crab_fjr_454.xml -p pset.py      
 Feb 02 21:54:55 GMT	7774	1204064	1650432	73	162	1505	cmsRun -j /scratch/condor/dir_20436/glide_G0Cpn5/execute/dir_6932/crab_fjr_454.xml -p pset.py      
 Feb 02 21:56:55 GMT	7774	1209684	1650432	73	168	1625	cmsRun -j /scratch/condor/dir_20436/glide_G0Cpn5/execute/dir_6932/crab_fjr_454.xml -p pset.py      
 Feb 02 21:57:56 GMT	7774	1222804	1651460	73	171	1686	cmsRun -j /scratch/condor/dir_20436/glide_G0Cpn5/execute/dir_6932/crab_fjr_454.xml -p pset.py      
# TIME			PID	RSS(KB)	VSZ(KB)	Dsk(MB)	tCPU(s)	tWALL(s)	COMMAND
 Feb 02 21:58:56 GMT	7774	1242076	1655812	73	175	1746	cmsRun -j /scratch/condor/dir_20436/glide_G0Cpn5/execute/dir_6932/crab_fjr_454.xml -p pset.py      
 Feb 02 21:59:56 GMT	7774	1253780	1660676	73	178	1806	cmsRun -j /scratch/condor/dir_20436/glide_G0Cpn5/execute/dir_6932/crab_fjr_454.xml -p pset.py      
 Feb 02 22:00:56 GMT	7774	1258200	1661444	73	183	1866	cmsRun -j /scratch/condor/dir_20436/glide_G0Cpn5/execute/dir_6932/crab_fjr_454.xml -p pset.py      
 Feb 02 22:01:56 GMT	7774	1266280	1666308	73	188	1926	cmsRun -j /scratch/condor/dir_20436/glide_G0Cpn5/execute/dir_6932/crab_fjr_454.xml -p pset.py      
 Feb 02 22:02:56 GMT	7774	1337228	1679364	73	201	1987	cmsRun -j /scratch/condor/dir_20436/glide_G0Cpn5/execute/dir_6932/crab_fjr_454.xml -p pset.py      
 Feb 02 22:10:58 GMT	7774	1340072	1679364	73	205	2469	cmsRun -j /scratch/condor/dir_20436/glide_G0Cpn5/execute/dir_6932/crab_fjr_454.xml -p pset.py      
 Feb 02 22:11:59 GMT	7774	1352892	1684740	73	210	2529	cmsRun -j /scratch/condor/dir_20436/glide_G0Cpn5/execute/dir_6932/crab_fjr_454.xml -p pset.py      
 Feb 02 22:12:59 GMT	7774	1456692	1793540	73	223	2589	cmsRun -j /scratch/condor/dir_20436/glide_G0Cpn5/execute/dir_6932/crab_fjr_454.xml -p pset.py      
 Feb 02 22:13:59 GMT	---	1456692	1793540	95	----	----	----
 Feb 02 22:32:02 GMT	---	1456692	1793540	116	----	----	----
 Feb 02 22:43:29 GMT	---	1456692	1793540	137	----	----	----
 Feb 02 22:48:31 GMT	7774	1456692	1796868	137	438	4721	cmsRun -j /scratch/condor/dir_20436/glide_G0Cpn5/execute/dir_6932/crab_fjr_454.xml -p pset.py      
 Feb 02 22:49:31 GMT	7774	1456692	1813508	137	455	4781	cmsRun -j /scratch/condor/dir_20436/glide_G0Cpn5/execute/dir_6932/crab_fjr_454.xml -p pset.py      
 Feb 02 22:50:31 GMT	---	1456692	1813508	158	----	----	----
 Feb 02 22:58:33 GMT	7774	1456692	1818372	158	536	5323	cmsRun -j /scratch/condor/dir_20436/glide_G0Cpn5/execute/dir_6932/crab_fjr_454.xml -p pset.py      
 Feb 02 23:00:33 GMT	7774	1456692	1833476	158	566	5444	cmsRun -j /scratch/condor/dir_20436/glide_G0Cpn5/execute/dir_6932/crab_fjr_454.xml -p pset.py      
 Feb 02 23:00:33 GMT	---	1456692	1833476	181	----	----	----
 Feb 02 23:03:34 GMT	7774	1456692	1847044	181	595	5624	cmsRun -j /scratch/condor/dir_20436/glide_G0Cpn5/execute/dir_6932/crab_fjr_454.xml -p pset.py      
 Feb 02 23:05:34 GMT	7774	1463360	1877508	181	624	5745	cmsRun -j /scratch/condor/dir_20436/glide_G0Cpn5/execute/dir_6932/crab_fjr_454.xml -p pset.py      
 Feb 02 23:06:35 GMT	7774	1463360	1877764	181	651	5805	cmsRun -j /scratch/condor/dir_20436/glide_G0Cpn5/execute/dir_6932/crab_fjr_454.xml -p pset.py      
 Feb 02 23:06:35 GMT	---	1463360	1877764	204	----	----	----
 Feb 02 23:09:37 GMT	7774	1463360	1879812	204	676	5987	cmsRun -j /scratch/condor/dir_20436/glide_G0Cpn5/execute/dir_6932/crab_fjr_454.xml -p pset.py      
 Feb 02 23:11:37 GMT	7774	1463360	1906692	204	701	6108	cmsRun -j /scratch/condor/dir_20436/glide_G0Cpn5/execute/dir_6932/crab_fjr_454.xml -p pset.py      
 Feb 02 23:12:38 GMT	7774	1629424	1964036	204	729	6168	cmsRun -j /scratch/condor/dir_20436/glide_G0Cpn5/execute/dir_6932/crab_fjr_454.xml -p pset.py      
 Feb 02 23:12:38 GMT	---	1629424	1964036	217	----	----	----
 Feb 02 23:13:38 GMT	---	1629424	1964036	226	----	----	----
 Feb 02 23:18:39 GMT	7774	1683756	2014216	226	811	6529	cmsRun -j /scratch/condor/dir_20436/glide_G0Cpn5/execute/dir_6932/crab_fjr_454.xml -p pset.py      
 Feb 02 23:18:39 GMT	---	1683756	2014216	231	----	----	----
 Feb 02 23:19:39 GMT	---	1683756	2014216	248	----	----	----
 Feb 02 23:23:40 GMT	7774	1683756	2035468	248	887	6830	cmsRun -j /scratch/condor/dir_20436/glide_G0Cpn5/execute/dir_6932/crab_fjr_454.xml -p pset.py      
# TIME			PID	RSS(KB)	VSZ(KB)	Dsk(MB)	tCPU(s)	tWALL(s)	COMMAND
 Feb 02 23:24:40 GMT	---	1683756	2035468	273	----	----	----
********** WATCHDOG LOG ENDED
ZIPPING WATCHDOG LOG
Disk space used:
du -sh /scratch/condor/dir_20436/glide_G0Cpn5/execute/dir_6932
273M	/scratch/condor/dir_20436/glide_G0Cpn5/execute/dir_6932
Found unusual stdout, rename for OSB
`/scratch/condor/dir_20436/glide_G0Cpn5/execute/dir_6932/_condor_stdout' -> `CMSSW_454.stdout'
Found unusual stderr, rename for OSB
`/scratch/condor/dir_20436/glide_G0Cpn5/execute/dir_6932/_condor_stdout' -> `CMSSW_454.stderr'
crab_fjr_454.xml
CMSSW_454.stdout
CMSSW_454.stderr
Watchdog_454.log.gz
Total Output dimension: 23848
WARNING: output files size limit is set to: 50000000
Total Output dimension 23848 is fine.
JOB_EXIT_STATUS = 0
>>> info for dashboard:
***** Cat /scratch/condor/dir_20436/glide_G0Cpn5/execute/dir_6932/jobreport.txt *****
MonitorJobID=454_https://submit-6.t2.ucsd.edu//150202//509448.53
MonitorID=dcieri_PU140_4dm08r
ExeTime=6844
ExeExitCode=0
StageOutExitStatusReason = 'Copy succedeed with srm-lcg utils'
StageOutSE = heplnx204.pp.rl.ac.uk
StageOutExitStatus = 0
CrabUserCpuTime=873.06
CrabSysCpuTime=31.42
CrabCpuPercentage=13%
CrabWrapperTime=6905
CrabStageoutTime=49
JobExitCode=0
***** End Cat jobreport *****
Parameters sent to Dashboard.
EXITING at Mon Feb  2 23:24:54 GMT 2015  -  Mon Feb  2 23:24:54 UTC 2015
