This script was generated by crab (version 2.11.1_patch1).
Running /scratch/condor/dir_6642/glide_lAkk32/execute/dir_2803/condor_exec.exe with 2 positional parameters: 380 1
Today is Mon Feb  2 20:41:31 GMT 2015 - Mon Feb  2 20:41:31 UTC 2015
Job submitted on host heplnc343.pp.rl.ac.uk
Linux heplnc343.pp.rl.ac.uk 2.6.32-504.3.3.el6.x86_64 #1 SMP Tue Dec 16 14:29:22 CST 2014 x86_64 x86_64 x86_64 GNU/Linux
Distributor ID:	Scientific
Description:	Scientific Linux release 6.6 (Carbon)
>>> current directory (RUNTIME_AREA): /scratch/condor/dir_6642/glide_lAkk32/execute/dir_2803
>>> current user: uid=157415(cms415) gid=157000(gplcms) groups=157000(gplcms)
>>> directory permission set to 0700
>>> umask set to:  u=rwx,g=,o=
>>> stdout stderr permission set to 0704
>>> voms proxy information:
subject   : /DC=ch/DC=cern/OU=Organic Units/OU=Users/CN=dcieri/CN=755391/CN=Davide Cieri/CN=769881070/CN=919466596
issuer    : /DC=ch/DC=cern/OU=Organic Units/OU=Users/CN=dcieri/CN=755391/CN=Davide Cieri/CN=769881070
identity  : /DC=ch/DC=cern/OU=Organic Units/OU=Users/CN=dcieri/CN=755391/CN=Davide Cieri
type      : RFC3820 compliant limited proxy
strength  : 1024
path      : /scratch/condor/dir_6642/glide_lAkk32/execute/dir_2803/x509up_u62281
timeleft  : 23:58:06
key usage : Digital Signature, Key Encipherment
=== VO cms extension information ===
VO        : cms
subject   : /DC=ch/DC=cern/OU=Organic Units/OU=Users/CN=dcieri/CN=755391/CN=Davide Cieri
issuer    : /DC=ch/DC=cern/OU=computers/CN=lcg-voms2.cern.ch
attribute : /cms/Role=NULL/Capability=NULL
timeleft  : 183:34:54
uri       : lcg-voms2.cern.ch:15002

WNHostName=heplnc343.pp.rl.ac.uk
$_CONDOR_JOB_AD =/scratch/condor/dir_6642/glide_lAkk32/execute/dir_2803/.job.ad
OverflowFlag=0
>>> tar --no-same-permissions -xf /scratch/condor/dir_6642/glide_lAkk32/execute/dir_2803/default.tgz :
Successful untar
>>> Include /scratch/condor/dir_6642/glide_lAkk32/execute/dir_2803 in PYTHONPATH:
strip arguments
env var CRAB_UNIQUE_JOB_ID set to: dcieri_PU140_4dm08r_380_1_Q7n
out_files_380
>>> list of expected files on output sandbox
output files: crab_fjr_380.xml CMSSW_380.stdout CMSSW_380.stderr Watchdog_380.log.gz
>>> GridFlavour discovery: 
GridFlavour=LCG
>>> SyncSite discovery: 
SyncSite=T2_UK_SGrid_RALPP
>>> SyncCE discovery: 
getting SyncCE from GLIDEIN_Gaekeeper
SyncCE=heplnv147.pp.rl.ac.uk
>>> info for dashboard:
***** Cat /scratch/condor/dir_6642/glide_lAkk32/execute/dir_2803/jobreport.txt *****
WNHostName=heplnc343.pp.rl.ac.uk
OverflowFlag=0
MonitorJobID=380_https://submit-6.t2.ucsd.edu//150202//509447.379
SyncGridJobId=https://submit-6.t2.ucsd.edu//150202//509447.379
MonitorID=dcieri_PU140_4dm08r
GridFlavour=LCG
SyncSite=T2_UK_SGrid_RALPP
SyncCE=heplnv147.pp.rl.ac.uk
***** End Cat jobreport *****
Parameters sent to Dashboard.
>>> setup environment
set SCRAM ARCH to slc6_amd64_gcc472
SCRAM_ARCH = slc6_amd64_gcc472
>>> setup CMS LCG environment:
set SCRAM ARCH and BUILD_ARCH to slc6_amd64_gcc472 ###
Sourcing environment... 
sourcing /cvmfs/cms.cern.ch/cmsset_default.sh
==> setup cms environment ok
>>> specific cmssw setup environment:
CMSSW_VERSION =  CMSSW_6_2_0_SLHC12
WARNING: In non-interactive mode release checks e.g. deprecated releases, production architectures are disabled.
>>> current directory (SOFTWARE_DIR): /scratch/condor/dir_6642/glide_lAkk32/execute/dir_2803/CMSSW_6_2_0_SLHC12
PreserveSeeds: <>
IncrementSeeds:<>
>>> info for dashboard:
***** Cat /scratch/condor/dir_6642/glide_lAkk32/execute/dir_2803/jobreport.txt *****
MonitorJobID=380_https://submit-6.t2.ucsd.edu//150202//509447.379
MonitorID=dcieri_PU140_4dm08r
***** End Cat jobreport *****
Parameters sent to Dashboard.
crabWatchdog started as process 4500
>>> moving CMSSW software directories in /scratch/condor/dir_6642/glide_lAkk32/execute/dir_2803/CMSSW_6_2_0_SLHC12
mv: cannot stat `/scratch/condor/dir_6642/glide_lAkk32/execute/dir_2803/module/': No such file or directory
>>> Include /scratch/condor/dir_6642/glide_lAkk32/execute/dir_2803 in PYTHONPATH:
PYTHONPATH=/scratch/condor/dir_6642/glide_lAkk32/execute/dir_2803/:/scratch/condor/dir_6642/glide_lAkk32/execute/dir_2803/CMSSW_6_2_0_SLHC12/python:/scratch/condor/dir_6642/glide_lAkk32/execute/dir_2803/CMSSW_6_2_0_SLHC12/lib/slc6_amd64_gcc472:/cvmfs/cms.cern.ch/slc6_amd64_gcc472/cms/cmssw/CMSSW_6_2_0_SLHC12/python:/cvmfs/cms.cern.ch/slc6_amd64_gcc472/cms/cmssw/CMSSW_6_2_0_SLHC12/lib/slc6_amd64_gcc472:/cvmfs/cms.cern.ch/slc6_amd64_gcc472/cms/coral/CORAL_2_3_21-cms35/slc6_amd64_gcc472/python:/cvmfs/cms.cern.ch/slc6_amd64_gcc472/cms/coral/CORAL_2_3_21-cms35/slc6_amd64_gcc472/lib:/cvmfs/cms.cern.ch/slc6_amd64_gcc472/external/python-ldap/2.3.5-cms5/lib/python2.7/site-packages:/cvmfs/cms.cern.ch/slc6_amd64_gcc472/external/pyqt/4.8.1-cms5/lib/python2.7/site-packages:/cvmfs/cms.cern.ch/slc6_amd64_gcc472/external/py2-scipy/0.8.0-cms7/lib/python2.7/site-packages:/cvmfs/cms.cern.ch/slc6_amd64_gcc472/external/py2-matplotlib/1.0.1-cms7/lib/python2.7/site-packages:/cvmfs/cms.cern.ch/slc6_amd64_gcc472/external/sip/4.11.2-cms5/lib/python2.7/site-packages:/cvmfs/cms.cern.ch/slc6_amd64_gcc472/external/py2-pycurl/7.19.0-cms7/lib/python2.7/site-packages:/cvmfs/cms.cern.ch/slc6_amd64_gcc472/external/py2-numpy/1.6.1-cms7/lib/python2.7/site-packages:/cvmfs/cms.cern.ch/slc6_amd64_gcc472/external/py2-lint/0.25.1-cms5/lib/python2.7/site-packages:/cvmfs/cms.cern.ch/slc6_amd64_gcc472/external/py2-ipython/0.10-cms5/lib/python2.7/site-packages:/cvmfs/cms.cern.ch/slc6_amd64_gcc472/external/py2-cx-oracle/5.1-cms5/lib/python2.7/site-packages:/cvmfs/cms.cern.ch/slc6_amd64_gcc472/external/py2-cjson/1.0.5-cms5/lib/python2.7/site-packages:/cvmfs/cms.cern.ch/slc6_amd64_gcc472/cms/das-client/1.11.7/bin:/cvmfs/cms.cern.ch/slc6_amd64_gcc472/external/elementtree/1.2.6-cms5/share/lib/python2.7/site-packages:/cvmfs/cms.cern.ch/slc6_amd64_gcc472/external/rivet/1.8.2-cms9/lib/python2.7/site-packages:/cvmfs/cms.cern.ch/slc6_amd64_gcc472/external/pyminuit2/0.0.1-cms19/lib/python2.7/site-packages:/cvmfs/cms.cern.ch/slc6_amd64_gcc472/external/py2-pygithub/1.23.0-cms2/lib/python2.7/site-packages:/cvmfs/cms.cern.ch/slc6_amd64_gcc472/external/professor/1.0.0-cms19/lib/python2.7/site-packages:/cvmfs/cms.cern.ch/slc6_amd64_gcc472/lcg/root/5.34.07-cms/lib:/cvmfs/cms.cern.ch/slc6_amd64_gcc472/cms/dbs-client/DBS_2_1_9-cms5/lib:/cvmfs/cms.cern.ch/slc6_amd64_gcc472/cms/dbs-client/DBS_2_1_9-cms5/lib/DBSAPI:/cvmfs/cms.cern.ch/slc6_amd64_gcc472/external/cvs2git/5419-cms/lib:/scratch/condor/dir_6642/glide_lAkk32/execute/dir_2803/
 
# LIMITS USED BY CRAB WATCHDOG:
# RSS  (KBytes)   : 2300000
# VSZ  (KBytes)   : 100000000
# DISK (MBytes)   : 19000
# CPU TIME        : 720h:0m:0s
# WALL CLOCK TIME : 21h:50m:0s
 
3c0380cf82de79bc39966c93934c61fc
PSETHASH = 3c0380cf82de79bc39966c93934c61fc
/scratch/condor/dir_6642/glide_lAkk32/execute/dir_2803/writeCfg.py pset.py pset.py
Importing .py file
Setting parameters
RandomNumberGeneratorService found, will attempt to change seeds
inputBlocks=/ttbar/dcieri-ttbar_SIM-130075366148575c102f0d64fd3ac8f7/USER#d88f8312-b22c-48f9-b58b-21cac727e67d
inputFiles=/store/user/dcieri/ttbar_SIM/ttbar/ttbar_SIM/150129_145223/0000/step1_18.root
parentFiles=
lumisRange=
>>> Executable cmsRun
/cvmfs/cms.cern.ch/slc6_amd64_gcc472/cms/cmssw/CMSSW_6_2_0_SLHC12/bin/slc6_amd64_gcc472/cmsRun
ok executable found
>>> info for dashboard:
***** Cat /scratch/condor/dir_6642/glide_lAkk32/execute/dir_2803/jobreport.txt *****
MonitorJobID=380_https://submit-6.t2.ucsd.edu//150202//509447.379
MonitorID=dcieri_PU140_4dm08r
ExeStart=cmsRun
***** End Cat jobreport *****
Parameters sent to Dashboard.
>>> cmsRun started at Mon Feb  2 20:41:38 UTC 2015
>>> cmsRun ended at Mon Feb  2 23:11:02 UTC 2015
>>> crab_fjr_*.xml  permission set to 0704
>>> info for dashboard:
***** Cat /scratch/condor/dir_6642/glide_lAkk32/execute/dir_2803/jobreport.txt *****
MonitorJobID=380_https://submit-6.t2.ucsd.edu//150202//509447.379
MonitorID=dcieri_PU140_4dm08r
ExeEnd=cmsRun
***** End Cat jobreport *****
Parameters sent to Dashboard.
TIME_EXE = 8964 sec
>>> cmsRun wrote 216 lines of stdout+stderr
>>> START OF printout of 216 lines from stdout+stderr
271 DQMStore::DQMStore 
HcalTopologyIdealEP::HcalTopologyIdealEP
02-Feb-2015 20:41:46 GMT  Initiating request to open file root://dcap.pp.rl.ac.uk:1094/pnfs/pp.rl.ac.uk/data/cms/store/user/dcieri/ttbar_SIM/ttbar/ttbar_SIM/150129_145223/0000/step1_18.root
150202 20:41:47 4714 Xrd: CheckErrorStatus: Server [heplnx210.pp.rl.ac.uk:1094] declared: Request 3018 not supported(error code: 3013)
02-Feb-2015 20:41:48 GMT  Successfully opened file root://dcap.pp.rl.ac.uk:1094/pnfs/pp.rl.ac.uk/data/cms/store/user/dcieri/ttbar_SIM/ttbar/ttbar_SIM/150129_145223/0000/step1_18.root
02-Feb-2015 20:41:49 GMT  Initiating request to open file root://xrootd.unl.edu//store/group/dpg_trigger/comm_trigger/L1TrackTrigger/620_SLHC10/Extended2023TTI/MinBias/MinBias_TuneZ2star_GEN_SIM_1.root
02-Feb-2015 20:41:49 GMT  Successfully opened file root://xrootd.unl.edu//store/group/dpg_trigger/comm_trigger/L1TrackTrigger/620_SLHC10/Extended2023TTI/MinBias/MinBias_TuneZ2star_GEN_SIM_1.root
disableME1a = 0
HcalTopologyIdealEP::produce(const IdealGeometryRecord& iRecord)
mode = 2, maxDepthHB = 3, maxDepthHE = 5
RPCGeometryESModule :: produce
RPCGeometryESModule :: produce :: 1/4 Get Muon Ideal Geometry Record
RPCGeometryESModule :: produce :: 2/4 Get Muon DDD Constants
RPCGeometryESModule :: produce :: 3/4 Get Muon Numbering Record
in MuonNumberingInitialization::initializeMuonDDDConstants
about to make my new muonDDDConst_
in MuonNumberingInitialization::produce
RPCGeometryESModule :: produce :: 4/4 Build
Found:

	Barrel Stack layer 5 : 1008 stacks
	Barrel Stack layer 6 : 1320 stacks
	Barrel Stack layer 7 : 1836 stacks
	Barrel Stack layer 8 : 1152 stacks
	Barrel Stack layer 9 : 1488 stacks
	Barrel Stack layer 10 : 1824 stacks

	Endcap Stack disk 11 : 1360 stacks
	Endcap Stack disk 12 : 1360 stacks
	Endcap Stack disk 13 : 1360 stacks
	Endcap Stack disk 14 : 1360 stacks
	Endcap Stack disk 15 : 1360 stacks
Created 15428 stacks in 14 s

TTClusterBuilder< edm::Ref<edm::DetSetVector<PixelDigi>, PixelDigi, edm::refhelper::FindForDetSetVector<PixelDigi> > > loaded modules:
	TTClusterAlgorithm:	TTClusterAlgorithm_2d2013< edm::Ref<edm::DetSetVector<PixelDigi>, PixelDigi, edm::refhelper::FindForDetSetVector<PixelDigi> > >


TTStubBuilder< edm::Ref<edm::DetSetVector<PixelDigi>, PixelDigi, edm::refhelper::FindForDetSetVector<PixelDigi> > > loaded modules:
	TTStubAlgorithm:	TTStubAlgorithm_tab2013< edm::Ref<edm::DetSetVector<PixelDigi>, PixelDigi, edm::refhelper::FindForDetSetVector<PixelDigi> > >


TTClusterAssociator< edm::Ref<edm::DetSetVector<PixelDigi>, PixelDigi, edm::refhelper::FindForDetSetVector<PixelDigi> > > loaded.


TTStubAssociator< edm::Ref<edm::DetSetVector<PixelDigi>, PixelDigi, edm::refhelper::FindForDetSetVector<PixelDigi> > > loaded.


TTTrackAssociator< edm::Ref<edm::DetSetVector<PixelDigi>, PixelDigi, edm::refhelper::FindForDetSetVector<PixelDigi> > > loaded.

Begin processing the 1st record. Run 1, Event 171, LumiSection 18 at 02-Feb-2015 20:42:20.513 GMT
02-Feb-2015 20:42:26 GMT  Closed file root://xrootd.unl.edu//store/group/dpg_trigger/comm_trigger/L1TrackTrigger/620_SLHC10/Extended2023TTI/MinBias/MinBias_TuneZ2star_GEN_SIM_1.root
02-Feb-2015 20:42:26 GMT  Initiating request to open file root://xrootd.unl.edu//store/group/dpg_trigger/comm_trigger/L1TrackTrigger/620_SLHC10/Extended2023TTI/MinBias/MinBias_TuneZ2star_GEN_SIM_658.root
02-Feb-2015 20:42:57 GMT  Successfully opened file root://xrootd.unl.edu//store/group/dpg_trigger/comm_trigger/L1TrackTrigger/620_SLHC10/Extended2023TTI/MinBias/MinBias_TuneZ2star_GEN_SIM_658.root
150202 20:47:47 4846 Xrd: XrdClientMessage::ReadRaw: Failed to read header (8 bytes).
150202 20:48:17 4843 Xrd: XrdClientMessage::ReadRaw: Failed to read header (8 bytes).
02-Feb-2015 20:51:50 GMT  Closed file root://xrootd.unl.edu//store/group/dpg_trigger/comm_trigger/L1TrackTrigger/620_SLHC10/Extended2023TTI/MinBias/MinBias_TuneZ2star_GEN_SIM_658.root
02-Feb-2015 20:51:50 GMT  Initiating request to open file root://xrootd.unl.edu//store/group/dpg_trigger/comm_trigger/L1TrackTrigger/620_SLHC10/Extended2023TTI/MinBias/MinBias_TuneZ2star_GEN_SIM_71.root
150202 20:52:21 21791 Xrd: CheckErrorStatus: Server [xrootd.ba.infn.it:1094] declared: session not found(error code: 3011)
02-Feb-2015 20:52:22 GMT  Successfully opened file root://xrootd.unl.edu//store/group/dpg_trigger/comm_trigger/L1TrackTrigger/620_SLHC10/Extended2023TTI/MinBias/MinBias_TuneZ2star_GEN_SIM_71.root
150202 20:57:16 6492 Xrd: XrdClientMessage::ReadRaw: Failed to read header (8 bytes).
150202 20:57:46 22963 Xrd: XrdClientMessage::ReadRaw: Failed to read header (8 bytes).
02-Feb-2015 21:01:02 GMT  Closed file root://xrootd.unl.edu//store/group/dpg_trigger/comm_trigger/L1TrackTrigger/620_SLHC10/Extended2023TTI/MinBias/MinBias_TuneZ2star_GEN_SIM_71.root
02-Feb-2015 21:01:02 GMT  Initiating request to open file root://xrootd.unl.edu//store/group/dpg_trigger/comm_trigger/L1TrackTrigger/620_SLHC10/Extended2023TTI/MinBias/MinBias_TuneZ2star_GEN_SIM_143.root
150202 21:01:44 4825 Xrd: CheckErrorStatus: Server [llrxrd-redir.in2p3.fr:1094] declared: session not found(error code: 3011)
02-Feb-2015 21:01:44 GMT  Successfully opened file root://xrootd.unl.edu//store/group/dpg_trigger/comm_trigger/L1TrackTrigger/620_SLHC10/Extended2023TTI/MinBias/MinBias_TuneZ2star_GEN_SIM_143.root
150202 21:02:17 4722 Xrd: XrdClientMessage::ReadRaw: Failed to read header (8 bytes).
Building the geometry service
DTTSPhi::addTracoT: preview not present in TRACO trigger or its code=0  trigger not added!
Warning did not find digi
Warning did not find digi
Warning did not find digi
Warning did not find digi
Warning did not find digi in disks
Warning did not find digi in disks
Warning did not find digi in disks
Warning did not find digi in disks
150202 21:06:17 22964 Xrd: XrdClientMessage::ReadRaw: Failed to read header (8 bytes).
150202 21:06:47 6338 Xrd: XrdClientMessage::ReadRaw: Failed to read header (8 bytes).
02-Feb-2015 21:08:36 GMT  Closed file root://xrootd.unl.edu//store/group/dpg_trigger/comm_trigger/L1TrackTrigger/620_SLHC10/Extended2023TTI/MinBias/MinBias_TuneZ2star_GEN_SIM_143.root
02-Feb-2015 21:08:36 GMT  Initiating request to open file root://xrootd.unl.edu//store/group/dpg_trigger/comm_trigger/L1TrackTrigger/620_SLHC10/Extended2023TTI/MinBias/MinBias_TuneZ2star_GEN_SIM_366.root
150202 21:09:42 17888 Xrd: CheckErrorStatus: Server [xrootd-redic.pi.infn.it:1094] declared: session not found(error code: 3011)
02-Feb-2015 21:09:42 GMT  Successfully opened file root://xrootd.unl.edu//store/group/dpg_trigger/comm_trigger/L1TrackTrigger/620_SLHC10/Extended2023TTI/MinBias/MinBias_TuneZ2star_GEN_SIM_366.root
150202 21:12:47 6491 Xrd: XrdClientMessage::ReadRaw: Failed to read header (8 bytes).
150202 21:13:46 6339 Xrd: XrdClientMessage::ReadRaw: Failed to read header (8 bytes).
150202 21:14:46 19915 Xrd: XrdClientMessage::ReadRaw: Failed to read header (8 bytes).
02-Feb-2015 21:18:57 GMT  Closed file root://xrootd.unl.edu//store/group/dpg_trigger/comm_trigger/L1TrackTrigger/620_SLHC10/Extended2023TTI/MinBias/MinBias_TuneZ2star_GEN_SIM_366.root
02-Feb-2015 21:18:57 GMT  Initiating request to open file root://xrootd.unl.edu//store/group/dpg_trigger/comm_trigger/L1TrackTrigger/620_SLHC10/Extended2023TTI/MinBias/MinBias_TuneZ2star_GEN_SIM_369.root
150202 21:19:28 2829 Xrd: CheckErrorStatus: Server [xrootd-redic.pi.infn.it:1094] declared: session not found(error code: 3011)
02-Feb-2015 21:19:28 GMT  Successfully opened file root://xrootd.unl.edu//store/group/dpg_trigger/comm_trigger/L1TrackTrigger/620_SLHC10/Extended2023TTI/MinBias/MinBias_TuneZ2star_GEN_SIM_369.root
150202 21:21:46 4842 Xrd: XrdClientMessage::ReadRaw: Failed to read header (8 bytes).
150202 21:24:17 19916 Xrd: XrdClientMessage::ReadRaw: Failed to read header (8 bytes).
150202 21:24:47 3769 Xrd: XrdClientMessage::ReadRaw: Failed to read header (8 bytes).
02-Feb-2015 21:29:14 GMT  Closed file root://xrootd.unl.edu//store/group/dpg_trigger/comm_trigger/L1TrackTrigger/620_SLHC10/Extended2023TTI/MinBias/MinBias_TuneZ2star_GEN_SIM_369.root
02-Feb-2015 21:29:14 GMT  Initiating request to open file root://xrootd.unl.edu//store/group/dpg_trigger/comm_trigger/L1TrackTrigger/620_SLHC10/Extended2023TTI/MinBias/MinBias_TuneZ2star_GEN_SIM_72.root
150202 21:29:45 20815 Xrd: CheckErrorStatus: Server [cms-xrd-global.cern.ch:1094] declared: session not found(error code: 3011)
150202 21:29:45 20815 Xrd: CheckErrorStatus: Server [xrootd.ba.infn.it:1094] declared: session not found(error code: 3011)
02-Feb-2015 21:29:45 GMT  Successfully opened file root://xrootd.unl.edu//store/group/dpg_trigger/comm_trigger/L1TrackTrigger/620_SLHC10/Extended2023TTI/MinBias/MinBias_TuneZ2star_GEN_SIM_72.root
150202 21:34:16 3772 Xrd: XrdClientMessage::ReadRaw: Failed to read header (8 bytes).
150202 21:34:47 21997 Xrd: XrdClientMessage::ReadRaw: Failed to read header (8 bytes).
02-Feb-2015 21:37:42 GMT  Closed file root://xrootd.unl.edu//store/group/dpg_trigger/comm_trigger/L1TrackTrigger/620_SLHC10/Extended2023TTI/MinBias/MinBias_TuneZ2star_GEN_SIM_72.root
02-Feb-2015 21:37:42 GMT  Initiating request to open file root://xrootd.unl.edu//store/group/dpg_trigger/comm_trigger/L1TrackTrigger/620_SLHC10/Extended2023TTI/MinBias/MinBias_TuneZ2star_GEN_SIM_464.root
150202 21:38:18 7873 Xrd: CheckErrorStatus: Server [xrootd.ba.infn.it:1094] declared: session not found(error code: 3011)
02-Feb-2015 21:38:19 GMT  Successfully opened file root://xrootd.unl.edu//store/group/dpg_trigger/comm_trigger/L1TrackTrigger/620_SLHC10/Extended2023TTI/MinBias/MinBias_TuneZ2star_GEN_SIM_464.root
150202 21:39:46 19914 Xrd: XrdClientMessage::ReadRaw: Failed to read header (8 bytes).
150202 21:42:46 21998 Xrd: XrdClientMessage::ReadRaw: Failed to read header (8 bytes).
150202 21:43:46 8465 Xrd: XrdClientMessage::ReadRaw: Failed to read header (8 bytes).
02-Feb-2015 21:53:15 GMT  Closed file root://xrootd.unl.edu//store/group/dpg_trigger/comm_trigger/L1TrackTrigger/620_SLHC10/Extended2023TTI/MinBias/MinBias_TuneZ2star_GEN_SIM_464.root
02-Feb-2015 21:53:15 GMT  Initiating request to open file root://xrootd.unl.edu//store/group/dpg_trigger/comm_trigger/L1TrackTrigger/620_SLHC10/Extended2023TTI/MinBias/MinBias_TuneZ2star_GEN_SIM_815.root
150202 21:53:46 3354 Xrd: CheckErrorStatus: Server [cms-xrd-global.cern.ch:1094] declared: session not found(error code: 3011)
150202 21:53:47 3354 Xrd: CheckErrorStatus: Server [xrootd-redic.pi.infn.it:1094] declared: session not found(error code: 3011)
02-Feb-2015 21:53:47 GMT  Successfully opened file root://xrootd.unl.edu//store/group/dpg_trigger/comm_trigger/L1TrackTrigger/620_SLHC10/Extended2023TTI/MinBias/MinBias_TuneZ2star_GEN_SIM_815.root
150202 21:58:16 8466 Xrd: XrdClientMessage::ReadRaw: Failed to read header (8 bytes).
150202 21:58:46 21996 Xrd: XrdClientMessage::ReadRaw: Failed to read header (8 bytes).
150202 21:59:16 4067 Xrd: XrdClientMessage::ReadRaw: Failed to read header (8 bytes).
02-Feb-2015 22:00:26 GMT  Closed file root://xrootd.unl.edu//store/group/dpg_trigger/comm_trigger/L1TrackTrigger/620_SLHC10/Extended2023TTI/MinBias/MinBias_TuneZ2star_GEN_SIM_815.root
02-Feb-2015 22:00:26 GMT  Initiating request to open file root://xrootd.unl.edu//store/group/dpg_trigger/comm_trigger/L1TrackTrigger/620_SLHC10/Extended2023TTI/MinBias/MinBias_TuneZ2star_GEN_SIM_768.root
150202 22:00:57 23978 Xrd: CheckErrorStatus: Server [cms-xrd-global.cern.ch:1094] declared: session not found(error code: 3011)
150202 22:00:57 23978 Xrd: CheckErrorStatus: Server [llrxrd-redir.in2p3.fr:1094] declared: session not found(error code: 3011)
02-Feb-2015 22:00:57 GMT  Successfully opened file root://xrootd.unl.edu//store/group/dpg_trigger/comm_trigger/L1TrackTrigger/620_SLHC10/Extended2023TTI/MinBias/MinBias_TuneZ2star_GEN_SIM_768.root
02-Feb-2015 22:05:30 GMT  Closed file root://xrootd.unl.edu//store/group/dpg_trigger/comm_trigger/L1TrackTrigger/620_SLHC10/Extended2023TTI/MinBias/MinBias_TuneZ2star_GEN_SIM_768.root
02-Feb-2015 22:05:30 GMT  Initiating request to open file root://xrootd.unl.edu//store/group/dpg_trigger/comm_trigger/L1TrackTrigger/620_SLHC10/Extended2023TTI/MinBias/MinBias_TuneZ2star_GEN_SIM_792.root
150202 22:05:30 4068 Xrd: XrdClientMessage::ReadRaw: Failed to read header (8 bytes).
150202 22:06:16 25028 Xrd: XrdClientMessage::ReadRaw: Failed to read header (8 bytes).
150202 22:06:23 30687 Xrd: CheckErrorStatus: Server [llrxrd-redir.in2p3.fr:1094] declared: session not found(error code: 3011)
02-Feb-2015 22:06:23 GMT  Successfully opened file root://xrootd.unl.edu//store/group/dpg_trigger/comm_trigger/L1TrackTrigger/620_SLHC10/Extended2023TTI/MinBias/MinBias_TuneZ2star_GEN_SIM_792.root
DTTSPhi::addTracoT: preview not present in TRACO trigger or its code=0  trigger not added!
02-Feb-2015 22:09:45 GMT  Closed file root://xrootd.unl.edu//store/group/dpg_trigger/comm_trigger/L1TrackTrigger/620_SLHC10/Extended2023TTI/MinBias/MinBias_TuneZ2star_GEN_SIM_792.root
02-Feb-2015 22:09:45 GMT  Initiating request to open file root://xrootd.unl.edu//store/group/dpg_trigger/comm_trigger/L1TrackTrigger/620_SLHC10/Extended2023TTI/MinBias/MinBias_TuneZ2star_GEN_SIM_845.root
150202 22:10:46 25029 Xrd: XrdClientMessage::ReadRaw: Failed to read header (8 bytes).
02-Feb-2015 22:10:46 GMT  Successfully opened file root://xrootd.unl.edu//store/group/dpg_trigger/comm_trigger/L1TrackTrigger/620_SLHC10/Extended2023TTI/MinBias/MinBias_TuneZ2star_GEN_SIM_845.root
150202 22:14:17 4066 Xrd: XrdClientMessage::ReadRaw: Failed to read header (8 bytes).
150202 22:14:46 31868 Xrd: XrdClientMessage::ReadRaw: Failed to read header (8 bytes).
02-Feb-2015 22:16:12 GMT  Closed file root://xrootd.unl.edu//store/group/dpg_trigger/comm_trigger/L1TrackTrigger/620_SLHC10/Extended2023TTI/MinBias/MinBias_TuneZ2star_GEN_SIM_845.root
02-Feb-2015 22:16:12 GMT  Initiating request to open file root://xrootd.unl.edu//store/group/dpg_trigger/comm_trigger/L1TrackTrigger/620_SLHC10/Extended2023TTI/MinBias/MinBias_TuneZ2star_GEN_SIM_123.root
150202 22:16:13 31867 Xrd: XrdClientMessage::ReadRaw: Failed to read header (8 bytes).
150202 22:21:16 5529 Xrd: XrdClientMessage::ReadRaw: Failed to read header (8 bytes).
150202 22:24:22 12904 Xrd: CheckErrorStatus: Server [llrxrd-redir.in2p3.fr:1094] declared: session not found(error code: 3011)
02-Feb-2015 22:24:22 GMT  Successfully opened file root://xrootd.unl.edu//store/group/dpg_trigger/comm_trigger/L1TrackTrigger/620_SLHC10/Extended2023TTI/MinBias/MinBias_TuneZ2star_GEN_SIM_123.root
02-Feb-2015 22:29:16 GMT  Closed file root://xrootd.unl.edu//store/group/dpg_trigger/comm_trigger/L1TrackTrigger/620_SLHC10/Extended2023TTI/MinBias/MinBias_TuneZ2star_GEN_SIM_123.root
02-Feb-2015 22:29:16 GMT  Initiating request to open file root://xrootd.unl.edu//store/group/dpg_trigger/comm_trigger/L1TrackTrigger/620_SLHC10/Extended2023TTI/MinBias/MinBias_TuneZ2star_GEN_SIM_599.root
150202 22:29:47 22890 Xrd: XrdClientMessage::ReadRaw: Failed to read header (8 bytes).
150202 22:29:47 30341 Xrd: CheckErrorStatus: Server [cms-xrd-global.cern.ch:1094] declared: session not found(error code: 3011)
150202 22:29:47 30341 Xrd: CheckErrorStatus: Server [xrootd.ba.infn.it:1094] declared: session not found(error code: 3011)
02-Feb-2015 22:29:47 GMT  Successfully opened file root://xrootd.unl.edu//store/group/dpg_trigger/comm_trigger/L1TrackTrigger/620_SLHC10/Extended2023TTI/MinBias/MinBias_TuneZ2star_GEN_SIM_599.root
150202 22:34:46 22892 Xrd: XrdClientMessage::ReadRaw: Failed to read header (8 bytes).
150202 22:35:16 30974 Xrd: XrdClientMessage::ReadRaw: Failed to read header (8 bytes).
02-Feb-2015 22:37:14 GMT  Closed file root://xrootd.unl.edu//store/group/dpg_trigger/comm_trigger/L1TrackTrigger/620_SLHC10/Extended2023TTI/MinBias/MinBias_TuneZ2star_GEN_SIM_599.root
02-Feb-2015 22:37:14 GMT  Initiating request to open file root://xrootd.unl.edu//store/group/dpg_trigger/comm_trigger/L1TrackTrigger/620_SLHC10/Extended2023TTI/MinBias/MinBias_TuneZ2star_GEN_SIM_130.root
150202 22:37:14 6334 Xrd: CheckErrorStatus: Server [llrxrd-redir.in2p3.fr:1094] declared: session not found(error code: 3011)
02-Feb-2015 22:37:15 GMT  Successfully opened file root://xrootd.unl.edu//store/group/dpg_trigger/comm_trigger/L1TrackTrigger/620_SLHC10/Extended2023TTI/MinBias/MinBias_TuneZ2star_GEN_SIM_130.root
02-Feb-2015 22:41:08 GMT  Closed file root://xrootd.unl.edu//store/group/dpg_trigger/comm_trigger/L1TrackTrigger/620_SLHC10/Extended2023TTI/MinBias/MinBias_TuneZ2star_GEN_SIM_130.root
02-Feb-2015 22:41:08 GMT  Initiating request to open file root://xrootd.unl.edu//store/group/dpg_trigger/comm_trigger/L1TrackTrigger/620_SLHC10/Extended2023TTI/MinBias/MinBias_TuneZ2star_GEN_SIM_615.root
02-Feb-2015 22:41:39 GMT  Successfully opened file root://xrootd.unl.edu//store/group/dpg_trigger/comm_trigger/L1TrackTrigger/620_SLHC10/Extended2023TTI/MinBias/MinBias_TuneZ2star_GEN_SIM_615.root
150202 22:42:17 30975 Xrd: XrdClientMessage::ReadRaw: Failed to read header (8 bytes).
02-Feb-2015 22:45:12 GMT  Closed file root://xrootd.unl.edu//store/group/dpg_trigger/comm_trigger/L1TrackTrigger/620_SLHC10/Extended2023TTI/MinBias/MinBias_TuneZ2star_GEN_SIM_615.root
02-Feb-2015 22:45:12 GMT  Initiating request to open file root://xrootd.unl.edu//store/group/dpg_trigger/comm_trigger/L1TrackTrigger/620_SLHC10/Extended2023TTI/MinBias/MinBias_TuneZ2star_GEN_SIM_141.root
150202 22:45:43 13049 Xrd: CheckErrorStatus: Server [cms-xrd-global.cern.ch:1094] declared: session not found(error code: 3011)
02-Feb-2015 22:45:43 GMT  Successfully opened file root://xrootd.unl.edu//store/group/dpg_trigger/comm_trigger/L1TrackTrigger/620_SLHC10/Extended2023TTI/MinBias/MinBias_TuneZ2star_GEN_SIM_141.root
150202 22:46:16 6336 Xrd: XrdClientMessage::ReadRaw: Failed to read header (8 bytes).
02-Feb-2015 22:49:09 GMT  Closed file root://xrootd.unl.edu//store/group/dpg_trigger/comm_trigger/L1TrackTrigger/620_SLHC10/Extended2023TTI/MinBias/MinBias_TuneZ2star_GEN_SIM_141.root
02-Feb-2015 22:49:09 GMT  Initiating request to open file root://xrootd.unl.edu//store/group/dpg_trigger/comm_trigger/L1TrackTrigger/620_SLHC10/Extended2023TTI/MinBias/MinBias_TuneZ2star_GEN_SIM_396.root
02-Feb-2015 22:49:41 GMT  Successfully opened file root://xrootd.unl.edu//store/group/dpg_trigger/comm_trigger/L1TrackTrigger/620_SLHC10/Extended2023TTI/MinBias/MinBias_TuneZ2star_GEN_SIM_396.root
150202 22:50:17 10042 Xrd: XrdClientMessage::ReadRaw: Failed to read header (8 bytes).
02-Feb-2015 22:52:29 GMT  Closed file root://xrootd.unl.edu//store/group/dpg_trigger/comm_trigger/L1TrackTrigger/620_SLHC10/Extended2023TTI/MinBias/MinBias_TuneZ2star_GEN_SIM_396.root
02-Feb-2015 22:52:29 GMT  Initiating request to open file root://xrootd.unl.edu//store/group/dpg_trigger/comm_trigger/L1TrackTrigger/620_SLHC10/Extended2023TTI/MinBias/MinBias_TuneZ2star_GEN_SIM_849.root
02-Feb-2015 22:52:59 GMT  Successfully opened file root://xrootd.unl.edu//store/group/dpg_trigger/comm_trigger/L1TrackTrigger/620_SLHC10/Extended2023TTI/MinBias/MinBias_TuneZ2star_GEN_SIM_849.root
150202 22:54:16 13570 Xrd: XrdClientMessage::ReadRaw: Failed to read header (8 bytes).
02-Feb-2015 22:57:10 GMT  Closed file root://xrootd.unl.edu//store/group/dpg_trigger/comm_trigger/L1TrackTrigger/620_SLHC10/Extended2023TTI/MinBias/MinBias_TuneZ2star_GEN_SIM_849.root
02-Feb-2015 22:57:10 GMT  Initiating request to open file root://xrootd.unl.edu//store/group/dpg_trigger/comm_trigger/L1TrackTrigger/620_SLHC10/Extended2023TTI/MinBias/MinBias_TuneZ2star_GEN_SIM_368.root
150202 22:57:16 25027 Xrd: XrdClientMessage::ReadRaw: Failed to read header (8 bytes).
02-Feb-2015 22:57:41 GMT  Successfully opened file root://xrootd.unl.edu//store/group/dpg_trigger/comm_trigger/L1TrackTrigger/620_SLHC10/Extended2023TTI/MinBias/MinBias_TuneZ2star_GEN_SIM_368.root
150202 22:57:41 16817 Xrd: XrdClientMessage::ReadRaw: Failed to read header (8 bytes).
02-Feb-2015 23:00:43 GMT  Closed file root://xrootd.unl.edu//store/group/dpg_trigger/comm_trigger/L1TrackTrigger/620_SLHC10/Extended2023TTI/MinBias/MinBias_TuneZ2star_GEN_SIM_368.root
02-Feb-2015 23:00:43 GMT  Initiating request to open file root://xrootd.unl.edu//store/group/dpg_trigger/comm_trigger/L1TrackTrigger/620_SLHC10/Extended2023TTI/MinBias/MinBias_TuneZ2star_GEN_SIM_769.root
150202 23:01:14 25239 Xrd: CheckErrorStatus: Server [eoscms.cern.ch:1094] declared: session not found(error code: 3011)
02-Feb-2015 23:01:14 GMT  Successfully opened file root://xrootd.unl.edu//store/group/dpg_trigger/comm_trigger/L1TrackTrigger/620_SLHC10/Extended2023TTI/MinBias/MinBias_TuneZ2star_GEN_SIM_769.root
150202 23:02:16 19162 Xrd: XrdClientMessage::ReadRaw: Failed to read header (8 bytes).
02-Feb-2015 23:03:46 GMT  Closed file root://xrootd.unl.edu//store/group/dpg_trigger/comm_trigger/L1TrackTrigger/620_SLHC10/Extended2023TTI/MinBias/MinBias_TuneZ2star_GEN_SIM_769.root
02-Feb-2015 23:03:46 GMT  Initiating request to open file root://xrootd.unl.edu//store/group/dpg_trigger/comm_trigger/L1TrackTrigger/620_SLHC10/Extended2023TTI/MinBias/MinBias_TuneZ2star_GEN_SIM_45.root
02-Feb-2015 23:04:17 GMT  Successfully opened file root://xrootd.unl.edu//store/group/dpg_trigger/comm_trigger/L1TrackTrigger/620_SLHC10/Extended2023TTI/MinBias/MinBias_TuneZ2star_GEN_SIM_45.root
150202 23:05:47 22883 Xrd: XrdClientMessage::ReadRaw: Failed to read header (8 bytes).
02-Feb-2015 23:06:54 GMT  Closed file root://xrootd.unl.edu//store/group/dpg_trigger/comm_trigger/L1TrackTrigger/620_SLHC10/Extended2023TTI/MinBias/MinBias_TuneZ2star_GEN_SIM_45.root
02-Feb-2015 23:06:54 GMT  Initiating request to open file root://xrootd.unl.edu//store/group/dpg_trigger/comm_trigger/L1TrackTrigger/620_SLHC10/Extended2023TTI/MinBias/MinBias_TuneZ2star_GEN_SIM_745.root
02-Feb-2015 23:07:26 GMT  Successfully opened file root://xrootd.unl.edu//store/group/dpg_trigger/comm_trigger/L1TrackTrigger/620_SLHC10/Extended2023TTI/MinBias/MinBias_TuneZ2star_GEN_SIM_745.root
02-Feb-2015 23:09:11 GMT  Closed file root://xrootd.unl.edu//store/group/dpg_trigger/comm_trigger/L1TrackTrigger/620_SLHC10/Extended2023TTI/MinBias/MinBias_TuneZ2star_GEN_SIM_745.root
02-Feb-2015 23:09:11 GMT  Initiating request to open file root://xrootd.unl.edu//store/group/dpg_trigger/comm_trigger/L1TrackTrigger/620_SLHC10/Extended2023TTI/MinBias/MinBias_TuneZ2star_GEN_SIM_364.root
150202 23:09:12 25675 Xrd: XrdClientMessage::ReadRaw: Failed to read header (8 bytes).
150202 23:09:42 30449 Xrd: CheckErrorStatus: Server [cms-xrd-global.cern.ch:1094] declared: session not found(error code: 3011)
02-Feb-2015 23:09:42 GMT  Successfully opened file root://xrootd.unl.edu//store/group/dpg_trigger/comm_trigger/L1TrackTrigger/620_SLHC10/Extended2023TTI/MinBias/MinBias_TuneZ2star_GEN_SIM_364.root
02-Feb-2015 23:11:01 GMT  Closed file root://dcap.pp.rl.ac.uk:1094/pnfs/pp.rl.ac.uk/data/cms/store/user/dcieri/ttbar_SIM/ttbar/ttbar_SIM/150129_145223/0000/step1_18.root
02-Feb-2015 23:11:01 GMT  Closed file root://xrootd.unl.edu//store/group/dpg_trigger/comm_trigger/L1TrackTrigger/620_SLHC10/Extended2023TTI/MinBias/MinBias_TuneZ2star_GEN_SIM_364.root

=============================================

MessageLogger Summary

 type     category        sev    module        subroutine        count    total
 ---- -------------------- -- ---------------- ----------------  -----    -----
    1 fileAction           -s MixingModule:mix                      69       69
    2 fileAction           -s MixingModule:mix                       2        2
    3 fileAction           -s MixingModule:mix                       1        1
    4 fileAction           -s file_close                             1        1
    5 fileAction           -s file_open                              2        2

 type    category    Examples: run/evt        run/evt          run/evt
 ---- -------------------- ---------------- ---------------- ----------------
    1 fileAction           1/171            1/171            1/180
    2 fileAction           pre-events       pre-events       
    3 fileAction           PostEndRun                        
    4 fileAction           PostEndRun                        
    5 fileAction           pre-events       pre-events       

Severity    # Occurrences   Total Occurrences
--------    -------------   -----------------
System                 75                  75
>>> END OF printout of 216 lines from stdout+stderr
>>> Parse FrameworkJobReport crab_fjr.xml
Result of parsing the FrameworkJobReport crab_fjr.xml: 
Extracted ExitStatus from FrameworkJobReport parsing output: 0
>>> Executable succeded  0
ExeExitCode=0
EXECUTABLE_EXIT_STATUS = 0
>>> current directory /scratch/condor/dir_6642/glide_lAkk32/execute/dir_2803/CMSSW_6_2_0_SLHC12
>>>  (SOFTWARE_DIR): /scratch/condor/dir_6642/glide_lAkk32/execute/dir_2803/CMSSW_6_2_0_SLHC12
>>> (WORKING_DIR): 
>>> current directory content:
total 246792
drwxr-xr-x 3 cms415 gplcms      4096 Feb  2 20:41 .SCRAM
-rw------- 1 cms415 gplcms    915837 Feb  2 20:41 CMSSW.py.pkl
drwxr-xr-x 3 cms415 gplcms      4096 Feb  2 20:41 bin
drwxr-xr-x 3 cms415 gplcms      4096 Feb  2 20:41 cfipython
drwxr-xr-x 4 cms415 gplcms      4096 Apr 28  2014 config
-rw------- 1 cms415 gplcms        16 Feb  2 23:11 cpu_timing.txt
drwxr-xr-x 2 cms415 gplcms      4096 Feb  2 20:41 doc
-rw------- 1 cms415 gplcms     24331 Feb  2 23:11 executable.out
drwxr-xr-x 2 cms415 gplcms      4096 Feb  2 20:41 include
drwx------ 3 cms415 gplcms      4096 Oct  7 10:12 lib
drwxr-xr-x 3 cms415 gplcms      4096 Feb  2 20:41 logs
drwxr-xr-x 3 cms415 gplcms      4096 Feb  2 20:41 objs
-rw------- 1 cms415 gplcms       104 Feb  2 20:41 pset.py
-rw------- 1 cms415 gplcms    926822 Feb  2 20:41 pset.py.pkl
-rw------- 1 cms415 gplcms       289 Feb  2 20:41 pset.pyc
drwxr-xr-x 2 cms415 gplcms      4096 Feb  2 20:41 python
-rw------- 1 cms415 gplcms       359 Feb  2 23:11 report.log
drwxr-xr-x 2 cms415 gplcms      4096 Feb  2 20:41 src
-rw------- 1 cms415 gplcms 250512117 Feb  2 23:11 step2.root
drwxr-xr-x 3 cms415 gplcms      4096 Feb  2 20:41 test
drwxr-xr-x 3 cms415 gplcms      4096 Feb  2 20:41 tmp
>>> current directory /scratch/condor/dir_6642/glide_lAkk32/execute/dir_2803/CMSSW_6_2_0_SLHC12
>>> (SOFTWARE_DIR): /scratch/condor/dir_6642/glide_lAkk32/execute/dir_2803/CMSSW_6_2_0_SLHC12
>>> (WORKING_DIR): 
>>> current directory content:
total 246792
drwxr-xr-x 3 cms415 gplcms      4096 Feb  2 20:41 .SCRAM
-rw------- 1 cms415 gplcms    915837 Feb  2 20:41 CMSSW.py.pkl
drwxr-xr-x 3 cms415 gplcms      4096 Feb  2 20:41 bin
drwxr-xr-x 3 cms415 gplcms      4096 Feb  2 20:41 cfipython
drwxr-xr-x 4 cms415 gplcms      4096 Apr 28  2014 config
-rw------- 1 cms415 gplcms        16 Feb  2 23:11 cpu_timing.txt
drwxr-xr-x 2 cms415 gplcms      4096 Feb  2 20:41 doc
-rw------- 1 cms415 gplcms     24331 Feb  2 23:11 executable.out
drwxr-xr-x 2 cms415 gplcms      4096 Feb  2 20:41 include
drwx------ 3 cms415 gplcms      4096 Oct  7 10:12 lib
drwxr-xr-x 3 cms415 gplcms      4096 Feb  2 20:41 logs
drwxr-xr-x 3 cms415 gplcms      4096 Feb  2 20:41 objs
-rw------- 1 cms415 gplcms       104 Feb  2 20:41 pset.py
-rw------- 1 cms415 gplcms    926822 Feb  2 20:41 pset.py.pkl
-rw------- 1 cms415 gplcms       289 Feb  2 20:41 pset.pyc
drwxr-xr-x 2 cms415 gplcms      4096 Feb  2 20:41 python
-rw------- 1 cms415 gplcms       359 Feb  2 23:11 report.log
drwxr-xr-x 2 cms415 gplcms      4096 Feb  2 20:41 src
-rw------- 1 cms415 gplcms 250512117 Feb  2 23:11 step2_380_1_Q7n.root
drwxr-xr-x 3 cms415 gplcms      4096 Feb  2 20:41 test
drwxr-xr-x 3 cms415 gplcms      4096 Feb  2 20:41 tmp
>>> current directory (RUNTIME_AREA):  /scratch/condor/dir_6642/glide_lAkk32/execute/dir_2803
PNN = T2_UK_SGrid_RALPP
SE = heplnx204.pp.rl.ac.uk
SE_PATH = /srm/managerv2?SFN=/pnfs/pp.rl.ac.uk/data/cms/store/user/dcieri/ttbar_PU140_DIGI/dcieri/ttbar/ttbar_PU140_DIGI/3c0380cf82de79bc39966c93934c61fc/
LFNBaseName = /store/user/dcieri/ttbar_PU140_DIGI/dcieri/ttbar/ttbar_PU140_DIGI/3c0380cf82de79bc39966c93934c61fc/
USER = dcieri
endpoint = srm://heplnx204.pp.rl.ac.uk:8443/srm/managerv2?SFN=/pnfs/pp.rl.ac.uk/data/cms/store/user/dcieri/ttbar_PU140_DIGI/dcieri/ttbar/ttbar_PU140_DIGI/3c0380cf82de79bc39966c93934c61fc/
>>> Copy output files from WN = heplnc343.pp.rl.ac.uk to /srm/managerv2?SFN=/pnfs/pp.rl.ac.uk/data/cms/store/user/dcieri/ttbar_PU140_DIGI/dcieri/ttbar/ttbar_PU140_DIGI/3c0380cf82de79bc39966c93934c61fc/ :
python cmscp.py  --destination srm://heplnx204.pp.rl.ac.uk:8443/srm/managerv2?SFN=/pnfs/pp.rl.ac.uk/data/cms/store/user/dcieri/ttbar_PU140_DIGI/dcieri/ttbar/ttbar_PU140_DIGI/3c0380cf82de79bc39966c93934c61fc/ --inputFileList /scratch/condor/dir_6642/glide_lAkk32/execute/dir_2803/CMSSW_6_2_0_SLHC12/step2_380_1_Q7n.root --middleware LCG --PNN T2_UK_SGrid_RALPP --se_name heplnx204.pp.rl.ac.uk --for_lfn /store/user/dcieri/ttbar_PU140_DIGI/dcieri/ttbar/ttbar_PU140_DIGI/3c0380cf82de79bc39966c93934c61fc/    
******************************************************
localSeName  =  heplnx204.pp.rl.ac.uk
remoteSeName =  heplnx204.pp.rl.ac.uk
******************************************************
{"/scratch/condor/dir_6642/glide_lAkk32/execute/dir_2803/CMSSW_6_2_0_SLHC12/step2_380_1_Q7n.root": {"endpoint": "srm://heplnx204.pp.rl.ac.uk:8443/srm/managerv2?SFN=/pnfs/pp.rl.ac.uk/data/cms/store/user/dcieri/ttbar_PU140_DIGI/dcieri/ttbar/ttbar_PU140_DIGI/3c0380cf82de79bc39966c93934c61fc/", "surl_for_grid": "", "reason": "Copy succedeed with srm-lcg utils", "erCode": "0", "PNN": "T2_UK_SGrid_RALPP", "se_name": "heplnx204.pp.rl.ac.uk", "for_lfn": "/store/user/dcieri/ttbar_PU140_DIGI/dcieri/ttbar/ttbar_PU140_DIGI/3c0380cf82de79bc39966c93934c61fc/"}}/scratch/condor/dir_6642/glide_lAkk32/execute/dir_2803
-------- cat /scratch/condor/dir_6642/glide_lAkk32/execute/dir_2803/cmscpReport.sh 
#!/bin/bash
echo "Report for File: /scratch/condor/dir_6642/glide_lAkk32/execute/dir_2803/CMSSW_6_2_0_SLHC12/step2_380_1_Q7n.root"
echo "LFN: /store/user/dcieri/ttbar_PU140_DIGI/dcieri/ttbar/ttbar_PU140_DIGI/3c0380cf82de79bc39966c93934c61fc/step2_380_1_Q7n.root"
echo "StorageElement: heplnx204.pp.rl.ac.uk"
echo "StageOutExitStatusReason = 'Copy succedeed with srm-lcg utils'" | tee -a $RUNTIME_AREA/$repo
echo "StageOutSE = heplnx204.pp.rl.ac.uk" >> $RUNTIME_AREA/$repo

export StageOutExitStatus=0
echo "StageOutExitStatus = 0" | tee -a $RUNTIME_AREA/$repo
-------- end of /scratch/condor/dir_6642/glide_lAkk32/execute/dir_2803/cmscpReport.sh 
Report for File: /scratch/condor/dir_6642/glide_lAkk32/execute/dir_2803/CMSSW_6_2_0_SLHC12/step2_380_1_Q7n.root
LFN: /store/user/dcieri/ttbar_PU140_DIGI/dcieri/ttbar/ttbar_PU140_DIGI/3c0380cf82de79bc39966c93934c61fc/step2_380_1_Q7n.root
StorageElement: heplnx204.pp.rl.ac.uk
StageOutExitStatusReason = 'Copy succedeed with srm-lcg utils'
StageOutExitStatus = 0
>>> current dir: /scratch/condor/dir_6642/glide_lAkk32/execute/dir_2803
>>> current dir content:
total 8824
-rw-------  1 cms415 gplcms    2724 Feb  2 23:12 .SEinteraction.log
-rwx------  1 cms415 gplcms      52 Feb  2 20:40 .chirp_config
-rwx------  1 cms415 gplcms    7818 Feb  2 20:40 .job.ad
-rwx------  1 cms415 gplcms    9781 Feb  2 20:40 .machine.ad
-rw-------  1 cms415 gplcms     105 Feb  2 12:16 CMSSW.py
-rw-------  1 cms415 gplcms  915837 Feb  2 12:16 CMSSW.py.pkl
-rwx------  1 cms415 gplcms   29498 Feb  2 20:41 CMSSW.sh
drwxr-xr-x 15 cms415 gplcms    4096 Feb  2 23:11 CMSSW_6_2_0_SLHC12
-rw-------  1 cms415 gplcms     188 Feb  2 20:41 CacheEnv.sh
-rw-------  1 cms415 gplcms    7291 Nov 19 14:52 DashboardAPI.py
-rw-------  1 cms415 gplcms    6440 Feb  2 20:41 DashboardAPI.pyc
drwx------  2 cms415 gplcms    4096 Feb  2 23:11 IMProv
-rw-------  1 cms415 gplcms    2748 Nov 19 14:52 Logger.py
-rw-------  1 cms415 gplcms    3222 Feb  2 20:41 Logger.pyc
-rw-------  1 cms415 gplcms   24524 Nov 19 14:52 ProcInfo.py
-rw-------  1 cms415 gplcms   22597 Feb  2 20:41 ProcInfo.pyc
drwx------  7 cms415 gplcms    4096 Feb  2 20:41 ProdCommon
drwx------  3 cms415 gplcms    4096 Feb  2 20:41 WMCore
-rw-------  1 cms415 gplcms    9729 Feb  2 23:11 Watchdog_380.log
-rwx------  1 cms415 gplcms       0 Feb  2 20:41 _condor_stderr
-rwx---r--  1 cms415 gplcms   39039 Feb  2 23:12 _condor_stdout
-rw-------  1 cms415 gplcms   32895 Nov 19 14:52 apmon.py
-rw-------  1 cms415 gplcms   27900 Feb  2 20:41 apmon.pyc
-rwx------  1 cms415 gplcms  134309 Feb  2 20:41 arguments.xml
-rwx------  1 cms415 gplcms   38581 Nov 19 14:52 cmscp.py
-rw-------  1 cms415 gplcms     560 Feb  2 23:12 cmscpReport.sh
-rwx------  1 cms415 gplcms   29498 Feb  2 20:41 condor_exec.exe
-rw-------  1 cms415 gplcms     544 Feb  2 12:16 crab.cfg
-rwx------  1 cms415 gplcms    8610 Nov 19 14:52 crabWatchdog.sh
-rwx---r--  1 cms415 gplcms  112068 Feb  2 23:11 crab_fjr_380.xml
-rwx------  1 cms415 gplcms 7390485 Feb  2 20:41 default.tgz
-rwx------  1 cms415 gplcms    4488 Nov 19 14:52 fillCrabFjr.py
-rw-------  1 cms415 gplcms     225 Feb  2 20:41 inputsReport.txt
-rw-------  1 cms415 gplcms     244 Feb  2 23:12 jobreport.txt
-rw-------  1 cms415 gplcms   17352 Nov 19 14:52 parseCrabFjr.py
-rw-------  1 cms415 gplcms     324 Feb  2 20:41 report.log
-rwx--x--x  1 cms415 gplcms    1497 Nov 19 14:52 report.py
-rw-------  1 cms415 gplcms     553 Feb  2 23:12 resultCopyFile
lrwxrwxrwx  1 cms415 gplcms      94 Feb  2 23:11 step2.root -> /scratch/condor/dir_6642/glide_lAkk32/execute/dir_2803/CMSSW_6_2_0_SLHC12/step2_380_1_Q7n.root
-rwx------  1 cms415 gplcms    8351 Nov 19 14:52 writeCfg.py
-rw-------  1 cms415 gplcms   10293 Feb  2 20:40 x509up_u62281
>>> Modify Job Report:
CMSSW_VERSION = CMSSW_6_2_0_SLHC12
ProcessedDataset = ttbar_PU140_DIGI
/scratch/condor/dir_6642/glide_lAkk32/execute/dir_2803/ProdCommon/FwkJobRep/ModifyJobReport.py fjr /scratch/condor/dir_6642/glide_lAkk32/execute/dir_2803/crab_fjr_380.xml json /scratch/condor/dir_6642/glide_lAkk32/execute/dir_2803/resultCopyFile n_job 380_1_Q7n PrimaryDataset ttbar  ApplicationFamily cmsRun ApplicationName cmsRun cmssw_version CMSSW_6_2_0_SLHC12 psethash 3c0380cf82de79bc39966c93934c61fc UserProcessedDataset dcieri-ttbar_PU140_DIGI-3c0380cf82de79bc39966c93934c61fc
inputDict =  {u'/scratch/condor/dir_6642/glide_lAkk32/execute/dir_2803/CMSSW_6_2_0_SLHC12/step2_380_1_Q7n.root': {u'endpoint': u'srm://heplnx204.pp.rl.ac.uk:8443/srm/managerv2?SFN=/pnfs/pp.rl.ac.uk/data/cms/store/user/dcieri/ttbar_PU140_DIGI/dcieri/ttbar/ttbar_PU140_DIGI/3c0380cf82de79bc39966c93934c61fc/', u'surl_for_grid': u'', u'reason': u'Copy succedeed with srm-lcg utils', u'erCode': u'0', u'PNN': u'T2_UK_SGrid_RALPP', u'se_name': u'heplnx204.pp.rl.ac.uk', u'for_lfn': u'/store/user/dcieri/ttbar_PU140_DIGI/dcieri/ttbar/ttbar_PU140_DIGI/3c0380cf82de79bc39966c93934c61fc/'}}
UserProcessedDataset =  dcieri-ttbar_PU140_DIGI-3c0380cf82de79bc39966c93934c61fc
WORKING ON EDM FILE
file_name in inputDict =  /scratch/condor/dir_6642/glide_lAkk32/execute/dir_2803/CMSSW_6_2_0_SLHC12/step2_380_1_Q7n.root
(size) os.stat(filename)[6] =  250512117
checksum =  2718197146
    file =  step2_380_1_Q7n.root
    newPfn =  srm://heplnx204.pp.rl.ac.uk:8443/srm/managerv2?SFN=/pnfs/pp.rl.ac.uk/data/cms/store/user/dcieri/ttbar_PU140_DIGI/dcieri/ttbar/ttbar_PU140_DIGI/3c0380cf82de79bc39966c93934c61fc/step2_380_1_Q7n.root
    newLfn =  /store/user/dcieri/ttbar_PU140_DIGI/dcieri/ttbar/ttbar_PU140_DIGI/3c0380cf82de79bc39966c93934c61fc/step2_380_1_Q7n.root
>>> crab_fjr_*.xml  permission set to 0704
CrabWrapper EXIT_FUNC entered at Mon Feb  2 23:12:01 GMT 2015   -  Mon Feb  2 23:12:01 UTC 2015
Checking output files:  
will tar file crab_fjr_380.xml in  out_files_380
WARNING: output file CMSSW_380.stdout not found!
WARNING: output file CMSSW_380.stderr not found!
WARNING: output file Watchdog_380.log.gz not found!
>>> padding time: Wrapper lasting more than 600 seconds. No sleep required.
STOPPING WATCHDOG. CrabWatchdog PID is 4500
********** LAST 50 LINES OF WATCHDOG LOG
 Feb 02 21:00:39 GMT	4714	936896	1426292	52	88	1145	cmsRun -j /scratch/condor/dir_6642/glide_lAkk32/execute/dir_2803/crab_fjr_380.xml -p pset.py      
 Feb 02 21:02:39 GMT	4714	941488	1429620	52	90	1265	cmsRun -j /scratch/condor/dir_6642/glide_lAkk32/execute/dir_2803/crab_fjr_380.xml -p pset.py      
 Feb 02 21:03:39 GMT	4714	945712	1434228	52	93	1325	cmsRun -j /scratch/condor/dir_6642/glide_lAkk32/execute/dir_2803/crab_fjr_380.xml -p pset.py      
 Feb 02 21:04:39 GMT	4714	1082576	1729800	52	120	1386	cmsRun -j /scratch/condor/dir_6642/glide_lAkk32/execute/dir_2803/crab_fjr_380.xml -p pset.py      
 Feb 02 21:04:39 GMT	---	1082576	1729800	77	----	----	----
 Feb 02 21:05:40 GMT	4714	1083056	1731080	77	122	1446	cmsRun -j /scratch/condor/dir_6642/glide_lAkk32/execute/dir_2803/crab_fjr_380.xml -p pset.py      
 Feb 02 21:06:40 GMT	4714	1095684	1731080	77	124	1506	cmsRun -j /scratch/condor/dir_6642/glide_lAkk32/execute/dir_2803/crab_fjr_380.xml -p pset.py      
 Feb 02 21:07:40 GMT	4714	1103496	1731592	77	127	1566	cmsRun -j /scratch/condor/dir_6642/glide_lAkk32/execute/dir_2803/crab_fjr_380.xml -p pset.py      
 Feb 02 21:10:41 GMT	4714	1104168	1731592	77	135	1747	cmsRun -j /scratch/condor/dir_6642/glide_lAkk32/execute/dir_2803/crab_fjr_380.xml -p pset.py      
 Feb 02 21:11:41 GMT	4714	1106252	1731592	77	137	1807	cmsRun -j /scratch/condor/dir_6642/glide_lAkk32/execute/dir_2803/crab_fjr_380.xml -p pset.py      
# TIME			PID	RSS(KB)	VSZ(KB)	Dsk(MB)	tCPU(s)	tWALL(s)	COMMAND
 Feb 02 21:12:41 GMT	4714	1107904	1731592	77	139	1868	cmsRun -j /scratch/condor/dir_6642/glide_lAkk32/execute/dir_2803/crab_fjr_380.xml -p pset.py      
 Feb 02 21:13:42 GMT	4714	1110988	1733644	77	141	1928	cmsRun -j /scratch/condor/dir_6642/glide_lAkk32/execute/dir_2803/crab_fjr_380.xml -p pset.py      
 Feb 02 21:14:42 GMT	4714	1112944	1733644	77	143	1988	cmsRun -j /scratch/condor/dir_6642/glide_lAkk32/execute/dir_2803/crab_fjr_380.xml -p pset.py      
 Feb 02 21:15:42 GMT	4714	1114588	1736460	77	146	2048	cmsRun -j /scratch/condor/dir_6642/glide_lAkk32/execute/dir_2803/crab_fjr_380.xml -p pset.py      
 Feb 02 21:16:42 GMT	4714	1116792	1737740	77	148	2108	cmsRun -j /scratch/condor/dir_6642/glide_lAkk32/execute/dir_2803/crab_fjr_380.xml -p pset.py      
 Feb 02 21:17:42 GMT	4714	1117976	1737740	77	150	2169	cmsRun -j /scratch/condor/dir_6642/glide_lAkk32/execute/dir_2803/crab_fjr_380.xml -p pset.py      
 Feb 02 21:18:43 GMT	4714	1134136	1743884	77	154	2229	cmsRun -j /scratch/condor/dir_6642/glide_lAkk32/execute/dir_2803/crab_fjr_380.xml -p pset.py      
 Feb 02 21:20:43 GMT	4714	1204452	1753868	77	161	2349	cmsRun -j /scratch/condor/dir_6642/glide_lAkk32/execute/dir_2803/crab_fjr_380.xml -p pset.py      
 Feb 02 21:21:43 GMT	4714	1209124	1754892	77	163	2410	cmsRun -j /scratch/condor/dir_6642/glide_lAkk32/execute/dir_2803/crab_fjr_380.xml -p pset.py      
 Feb 02 21:22:44 GMT	4714	1210636	1755148	77	165	2470	cmsRun -j /scratch/condor/dir_6642/glide_lAkk32/execute/dir_2803/crab_fjr_380.xml -p pset.py      
 Feb 02 21:23:44 GMT	4714	1213932	1757196	77	168	2530	cmsRun -j /scratch/condor/dir_6642/glide_lAkk32/execute/dir_2803/crab_fjr_380.xml -p pset.py      
 Feb 02 21:24:44 GMT	4714	1252108	1766156	77	174	2590	cmsRun -j /scratch/condor/dir_6642/glide_lAkk32/execute/dir_2803/crab_fjr_380.xml -p pset.py      
 Feb 02 21:25:44 GMT	---	1252108	1766156	96	----	----	----
 Feb 02 21:49:50 GMT	4714	1350520	1840652	96	244	4097	cmsRun -j /scratch/condor/dir_6642/glide_lAkk32/execute/dir_2803/crab_fjr_380.xml -p pset.py      
 Feb 02 21:49:50 GMT	---	1350520	1840652	106	----	----	----
 Feb 02 21:50:51 GMT	---	1350520	1840652	116	----	----	----
 Feb 02 22:06:54 GMT	4714	1371988	1863436	116	309	5120	cmsRun -j /scratch/condor/dir_6642/glide_lAkk32/execute/dir_2803/crab_fjr_380.xml -p pset.py      
 Feb 02 22:06:54 GMT	---	1371988	1863436	120	----	----	----
 Feb 02 22:07:54 GMT	---	1371988	1863436	137	----	----	----
 Feb 02 22:25:59 GMT	---	1371988	1863436	159	----	----	----
 Feb 02 22:38:01 GMT	4714	1377316	1863436	159	429	6987	cmsRun -j /scratch/condor/dir_6642/glide_lAkk32/execute/dir_2803/crab_fjr_380.xml -p pset.py      
 Feb 02 22:39:01 GMT	4714	1388168	1863436	159	435	7048	cmsRun -j /scratch/condor/dir_6642/glide_lAkk32/execute/dir_2803/crab_fjr_380.xml -p pset.py      
 Feb 02 22:40:02 GMT	---	1388168	1863436	184	----	----	----
 Feb 02 22:45:03 GMT	4714	1388168	1872396	184	479	7409	cmsRun -j /scratch/condor/dir_6642/glide_lAkk32/execute/dir_2803/crab_fjr_380.xml -p pset.py      
 Feb 02 22:47:03 GMT	4714	1388168	1890828	184	498	7529	cmsRun -j /scratch/condor/dir_6642/glide_lAkk32/execute/dir_2803/crab_fjr_380.xml -p pset.py      
 Feb 02 22:48:03 GMT	4714	1388168	1895436	184	504	7590	cmsRun -j /scratch/condor/dir_6642/glide_lAkk32/execute/dir_2803/crab_fjr_380.xml -p pset.py      
 Feb 02 22:49:04 GMT	---	1388168	1895436	207	----	----	----
 Feb 02 22:54:05 GMT	4714	1388168	1902604	207	546	7951	cmsRun -j /scratch/condor/dir_6642/glide_lAkk32/execute/dir_2803/crab_fjr_380.xml -p pset.py      
 Feb 02 22:55:05 GMT	4714	1388168	1902860	207	554	8011	cmsRun -j /scratch/condor/dir_6642/glide_lAkk32/execute/dir_2803/crab_fjr_380.xml -p pset.py      
 Feb 02 22:56:05 GMT	4714	1397988	1919244	207	566	8071	cmsRun -j /scratch/condor/dir_6642/glide_lAkk32/execute/dir_2803/crab_fjr_380.xml -p pset.py      
# TIME			PID	RSS(KB)	VSZ(KB)	Dsk(MB)	tCPU(s)	tWALL(s)	COMMAND
 Feb 02 22:57:05 GMT	4714	1402256	1921036	207	570	8131	cmsRun -j /scratch/condor/dir_6642/glide_lAkk32/execute/dir_2803/crab_fjr_380.xml -p pset.py      
 Feb 02 22:58:05 GMT	4714	1570180	1988108	207	585	8192	cmsRun -j /scratch/condor/dir_6642/glide_lAkk32/execute/dir_2803/crab_fjr_380.xml -p pset.py      
 Feb 02 22:58:05 GMT	---	1570180	1988108	222	----	----	----
 Feb 02 22:59:06 GMT	---	1570180	1988108	230	----	----	----
 Feb 02 23:05:07 GMT	4714	1570180	1995788	230	641	8613	cmsRun -j /scratch/condor/dir_6642/glide_lAkk32/execute/dir_2803/crab_fjr_380.xml -p pset.py      
 Feb 02 23:06:07 GMT	---	1570180	1995788	253	----	----	----
 Feb 02 23:10:08 GMT	4714	1570180	2009104	253	700	8914	cmsRun -j /scratch/condor/dir_6642/glide_lAkk32/execute/dir_2803/crab_fjr_380.xml -p pset.py      
 Feb 02 23:11:08 GMT	---	1570180	2009104	277	----	----	----
********** WATCHDOG LOG ENDED
ZIPPING WATCHDOG LOG
Disk space used:
du -sh /scratch/condor/dir_6642/glide_lAkk32/execute/dir_2803
277M	/scratch/condor/dir_6642/glide_lAkk32/execute/dir_2803
Found unusual stdout, rename for OSB
`/scratch/condor/dir_6642/glide_lAkk32/execute/dir_2803/_condor_stdout' -> `CMSSW_380.stdout'
Found unusual stderr, rename for OSB
`/scratch/condor/dir_6642/glide_lAkk32/execute/dir_2803/_condor_stdout' -> `CMSSW_380.stderr'
crab_fjr_380.xml
CMSSW_380.stdout
CMSSW_380.stderr
Watchdog_380.log.gz
Total Output dimension: 24342
WARNING: output files size limit is set to: 50000000
Total Output dimension 24342 is fine.
JOB_EXIT_STATUS = 0
>>> info for dashboard:
***** Cat /scratch/condor/dir_6642/glide_lAkk32/execute/dir_2803/jobreport.txt *****
MonitorJobID=380_https://submit-6.t2.ucsd.edu//150202//509447.379
MonitorID=dcieri_PU140_4dm08r
ExeTime=8964
ExeExitCode=0
StageOutExitStatusReason = 'Copy succedeed with srm-lcg utils'
StageOutSE = heplnx204.pp.rl.ac.uk
StageOutExitStatus = 0
CrabUserCpuTime=700.19
CrabSysCpuTime=23.85
CrabCpuPercentage=8%
CrabWrapperTime=9029
CrabStageoutTime=49
JobExitCode=0
***** End Cat jobreport *****
Parameters sent to Dashboard.
EXITING at Mon Feb  2 23:12:03 GMT 2015  -  Mon Feb  2 23:12:03 UTC 2015
