This script was generated by crab (version 2.11.1_patch1).
Running /scratch/condor/dir_13870/glide_6Xz0Ll/execute/dir_32292/condor_exec.exe with 2 positional parameters: 346 1
Today is Mon Feb  2 20:33:19 GMT 2015 - Mon Feb  2 20:33:19 UTC 2015
Job submitted on host heplnc365.pp.rl.ac.uk
Linux heplnc365.pp.rl.ac.uk 2.6.32-504.3.3.el6.x86_64 #1 SMP Tue Dec 16 14:29:22 CST 2014 x86_64 x86_64 x86_64 GNU/Linux
Distributor ID:	Scientific
Description:	Scientific Linux release 6.6 (Carbon)
>>> current directory (RUNTIME_AREA): /scratch/condor/dir_13870/glide_6Xz0Ll/execute/dir_32292
>>> current user: uid=157415(cms415) gid=157000(gplcms) groups=157000(gplcms)
>>> directory permission set to 0700
>>> umask set to:  u=rwx,g=,o=
>>> stdout stderr permission set to 0704
>>> voms proxy information:
subject   : /DC=ch/DC=cern/OU=Organic Units/OU=Users/CN=dcieri/CN=755391/CN=Davide Cieri/CN=769881070/CN=1866294281
issuer    : /DC=ch/DC=cern/OU=Organic Units/OU=Users/CN=dcieri/CN=755391/CN=Davide Cieri/CN=769881070
identity  : /DC=ch/DC=cern/OU=Organic Units/OU=Users/CN=dcieri/CN=755391/CN=Davide Cieri
type      : RFC3820 compliant limited proxy
strength  : 1024
path      : /scratch/condor/dir_13870/glide_6Xz0Ll/execute/dir_32292/x509up_u62281
timeleft  : 23:58:41
key usage : Digital Signature, Key Encipherment
=== VO cms extension information ===
VO        : cms
subject   : /DC=ch/DC=cern/OU=Organic Units/OU=Users/CN=dcieri/CN=755391/CN=Davide Cieri
issuer    : /DC=ch/DC=cern/OU=computers/CN=lcg-voms2.cern.ch
attribute : /cms/Role=NULL/Capability=NULL
timeleft  : 183:43:06
uri       : lcg-voms2.cern.ch:15002

WNHostName=heplnc365.pp.rl.ac.uk
$_CONDOR_JOB_AD =/scratch/condor/dir_13870/glide_6Xz0Ll/execute/dir_32292/.job.ad
OverflowFlag=0
>>> tar --no-same-permissions -xf /scratch/condor/dir_13870/glide_6Xz0Ll/execute/dir_32292/default.tgz :
Successful untar
>>> Include /scratch/condor/dir_13870/glide_6Xz0Ll/execute/dir_32292 in PYTHONPATH:
strip arguments
env var CRAB_UNIQUE_JOB_ID set to: dcieri_PU140_4dm08r_346_1_npW
out_files_346
>>> list of expected files on output sandbox
output files: crab_fjr_346.xml CMSSW_346.stdout CMSSW_346.stderr Watchdog_346.log.gz
>>> GridFlavour discovery: 
GridFlavour=LCG
>>> SyncSite discovery: 
SyncSite=T2_UK_SGrid_RALPP
>>> SyncCE discovery: 
getting SyncCE from GLIDEIN_Gaekeeper
SyncCE=heplnv147.pp.rl.ac.uk
>>> info for dashboard:
***** Cat /scratch/condor/dir_13870/glide_6Xz0Ll/execute/dir_32292/jobreport.txt *****
WNHostName=heplnc365.pp.rl.ac.uk
OverflowFlag=0
MonitorJobID=346_https://submit-6.t2.ucsd.edu//150202//509447.345
SyncGridJobId=https://submit-6.t2.ucsd.edu//150202//509447.345
MonitorID=dcieri_PU140_4dm08r
GridFlavour=LCG
SyncSite=T2_UK_SGrid_RALPP
SyncCE=heplnv147.pp.rl.ac.uk
***** End Cat jobreport *****
Parameters sent to Dashboard.
>>> setup environment
set SCRAM ARCH to slc6_amd64_gcc472
SCRAM_ARCH = slc6_amd64_gcc472
>>> setup CMS LCG environment:
set SCRAM ARCH and BUILD_ARCH to slc6_amd64_gcc472 ###
Sourcing environment... 
sourcing /cvmfs/cms.cern.ch/cmsset_default.sh
==> setup cms environment ok
>>> specific cmssw setup environment:
CMSSW_VERSION =  CMSSW_6_2_0_SLHC12
WARNING: In non-interactive mode release checks e.g. deprecated releases, production architectures are disabled.
>>> current directory (SOFTWARE_DIR): /scratch/condor/dir_13870/glide_6Xz0Ll/execute/dir_32292/CMSSW_6_2_0_SLHC12
PreserveSeeds: <>
IncrementSeeds:<>
>>> info for dashboard:
***** Cat /scratch/condor/dir_13870/glide_6Xz0Ll/execute/dir_32292/jobreport.txt *****
MonitorJobID=346_https://submit-6.t2.ucsd.edu//150202//509447.345
MonitorID=dcieri_PU140_4dm08r
***** End Cat jobreport *****
Parameters sent to Dashboard.
crabWatchdog started as process 1955
>>> moving CMSSW software directories in /scratch/condor/dir_13870/glide_6Xz0Ll/execute/dir_32292/CMSSW_6_2_0_SLHC12
mv: cannot stat `/scratch/condor/dir_13870/glide_6Xz0Ll/execute/dir_32292/module/': No such file or directory
>>> Include /scratch/condor/dir_13870/glide_6Xz0Ll/execute/dir_32292 in PYTHONPATH:
PYTHONPATH=/scratch/condor/dir_13870/glide_6Xz0Ll/execute/dir_32292/:/scratch/condor/dir_13870/glide_6Xz0Ll/execute/dir_32292/CMSSW_6_2_0_SLHC12/python:/scratch/condor/dir_13870/glide_6Xz0Ll/execute/dir_32292/CMSSW_6_2_0_SLHC12/lib/slc6_amd64_gcc472:/cvmfs/cms.cern.ch/slc6_amd64_gcc472/cms/cmssw/CMSSW_6_2_0_SLHC12/python:/cvmfs/cms.cern.ch/slc6_amd64_gcc472/cms/cmssw/CMSSW_6_2_0_SLHC12/lib/slc6_amd64_gcc472:/cvmfs/cms.cern.ch/slc6_amd64_gcc472/cms/coral/CORAL_2_3_21-cms35/slc6_amd64_gcc472/python:/cvmfs/cms.cern.ch/slc6_amd64_gcc472/cms/coral/CORAL_2_3_21-cms35/slc6_amd64_gcc472/lib:/cvmfs/cms.cern.ch/slc6_amd64_gcc472/external/python-ldap/2.3.5-cms5/lib/python2.7/site-packages:/cvmfs/cms.cern.ch/slc6_amd64_gcc472/external/pyqt/4.8.1-cms5/lib/python2.7/site-packages:/cvmfs/cms.cern.ch/slc6_amd64_gcc472/external/py2-scipy/0.8.0-cms7/lib/python2.7/site-packages:/cvmfs/cms.cern.ch/slc6_amd64_gcc472/external/py2-matplotlib/1.0.1-cms7/lib/python2.7/site-packages:/cvmfs/cms.cern.ch/slc6_amd64_gcc472/external/sip/4.11.2-cms5/lib/python2.7/site-packages:/cvmfs/cms.cern.ch/slc6_amd64_gcc472/external/py2-pycurl/7.19.0-cms7/lib/python2.7/site-packages:/cvmfs/cms.cern.ch/slc6_amd64_gcc472/external/py2-numpy/1.6.1-cms7/lib/python2.7/site-packages:/cvmfs/cms.cern.ch/slc6_amd64_gcc472/external/py2-lint/0.25.1-cms5/lib/python2.7/site-packages:/cvmfs/cms.cern.ch/slc6_amd64_gcc472/external/py2-ipython/0.10-cms5/lib/python2.7/site-packages:/cvmfs/cms.cern.ch/slc6_amd64_gcc472/external/py2-cx-oracle/5.1-cms5/lib/python2.7/site-packages:/cvmfs/cms.cern.ch/slc6_amd64_gcc472/external/py2-cjson/1.0.5-cms5/lib/python2.7/site-packages:/cvmfs/cms.cern.ch/slc6_amd64_gcc472/cms/das-client/1.11.7/bin:/cvmfs/cms.cern.ch/slc6_amd64_gcc472/external/elementtree/1.2.6-cms5/share/lib/python2.7/site-packages:/cvmfs/cms.cern.ch/slc6_amd64_gcc472/external/rivet/1.8.2-cms9/lib/python2.7/site-packages:/cvmfs/cms.cern.ch/slc6_amd64_gcc472/external/pyminuit2/0.0.1-cms19/lib/python2.7/site-packages:/cvmfs/cms.cern.ch/slc6_amd64_gcc472/external/py2-pygithub/1.23.0-cms2/lib/python2.7/site-packages:/cvmfs/cms.cern.ch/slc6_amd64_gcc472/external/professor/1.0.0-cms19/lib/python2.7/site-packages:/cvmfs/cms.cern.ch/slc6_amd64_gcc472/lcg/root/5.34.07-cms/lib:/cvmfs/cms.cern.ch/slc6_amd64_gcc472/cms/dbs-client/DBS_2_1_9-cms5/lib:/cvmfs/cms.cern.ch/slc6_amd64_gcc472/cms/dbs-client/DBS_2_1_9-cms5/lib/DBSAPI:/cvmfs/cms.cern.ch/slc6_amd64_gcc472/external/cvs2git/5419-cms/lib:/scratch/condor/dir_13870/glide_6Xz0Ll/execute/dir_32292/
 
# LIMITS USED BY CRAB WATCHDOG:
# RSS  (KBytes)   : 2300000
# VSZ  (KBytes)   : 100000000
# DISK (MBytes)   : 19000
# CPU TIME        : 720h:0m:0s
# WALL CLOCK TIME : 21h:50m:0s
 
3c0380cf82de79bc39966c93934c61fc
PSETHASH = 3c0380cf82de79bc39966c93934c61fc
/scratch/condor/dir_13870/glide_6Xz0Ll/execute/dir_32292/writeCfg.py pset.py pset.py
Importing .py file
Setting parameters
RandomNumberGeneratorService found, will attempt to change seeds
inputBlocks=/ttbar/dcieri-ttbar_SIM-130075366148575c102f0d64fd3ac8f7/USER#d88f8312-b22c-48f9-b58b-21cac727e67d
inputFiles=/store/user/dcieri/ttbar_SIM/ttbar/ttbar_SIM/150129_145223/0000/step1_370.root
parentFiles=
lumisRange=
>>> Executable cmsRun
/cvmfs/cms.cern.ch/slc6_amd64_gcc472/cms/cmssw/CMSSW_6_2_0_SLHC12/bin/slc6_amd64_gcc472/cmsRun
ok executable found
>>> info for dashboard:
***** Cat /scratch/condor/dir_13870/glide_6Xz0Ll/execute/dir_32292/jobreport.txt *****
MonitorJobID=346_https://submit-6.t2.ucsd.edu//150202//509447.345
MonitorID=dcieri_PU140_4dm08r
ExeStart=cmsRun
***** End Cat jobreport *****
Parameters sent to Dashboard.
>>> cmsRun started at Mon Feb  2 20:33:26 UTC 2015
>>> cmsRun ended at Mon Feb  2 23:07:56 UTC 2015
>>> crab_fjr_*.xml  permission set to 0704
>>> info for dashboard:
***** Cat /scratch/condor/dir_13870/glide_6Xz0Ll/execute/dir_32292/jobreport.txt *****
MonitorJobID=346_https://submit-6.t2.ucsd.edu//150202//509447.345
MonitorID=dcieri_PU140_4dm08r
ExeEnd=cmsRun
***** End Cat jobreport *****
Parameters sent to Dashboard.
TIME_EXE = 9270 sec
>>> cmsRun wrote 220 lines of stdout+stderr
>>> START OF printout of 220 lines from stdout+stderr
271 DQMStore::DQMStore 
HcalTopologyIdealEP::HcalTopologyIdealEP
02-Feb-2015 20:33:34 GMT  Initiating request to open file root://dcap.pp.rl.ac.uk:1094/pnfs/pp.rl.ac.uk/data/cms/store/user/dcieri/ttbar_SIM/ttbar/ttbar_SIM/150129_145223/0000/step1_370.root
150202 20:33:36 2240 Xrd: CheckErrorStatus: Server [heplnx209.pp.rl.ac.uk:1094] declared: Request 3018 not supported(error code: 3013)
02-Feb-2015 20:33:36 GMT  Successfully opened file root://dcap.pp.rl.ac.uk:1094/pnfs/pp.rl.ac.uk/data/cms/store/user/dcieri/ttbar_SIM/ttbar/ttbar_SIM/150129_145223/0000/step1_370.root
02-Feb-2015 20:33:37 GMT  Initiating request to open file root://xrootd.unl.edu//store/group/dpg_trigger/comm_trigger/L1TrackTrigger/620_SLHC10/Extended2023TTI/MinBias/MinBias_TuneZ2star_GEN_SIM_1.root
02-Feb-2015 20:34:09 GMT  Successfully opened file root://xrootd.unl.edu//store/group/dpg_trigger/comm_trigger/L1TrackTrigger/620_SLHC10/Extended2023TTI/MinBias/MinBias_TuneZ2star_GEN_SIM_1.root
disableME1a = 0
HcalTopologyIdealEP::produce(const IdealGeometryRecord& iRecord)
mode = 2, maxDepthHB = 3, maxDepthHE = 5
RPCGeometryESModule :: produce
RPCGeometryESModule :: produce :: 1/4 Get Muon Ideal Geometry Record
RPCGeometryESModule :: produce :: 2/4 Get Muon DDD Constants
RPCGeometryESModule :: produce :: 3/4 Get Muon Numbering Record
in MuonNumberingInitialization::initializeMuonDDDConstants
about to make my new muonDDDConst_
in MuonNumberingInitialization::produce
RPCGeometryESModule :: produce :: 4/4 Build
Found:

	Barrel Stack layer 5 : 1008 stacks
	Barrel Stack layer 6 : 1320 stacks
	Barrel Stack layer 7 : 1836 stacks
	Barrel Stack layer 8 : 1152 stacks
	Barrel Stack layer 9 : 1488 stacks
	Barrel Stack layer 10 : 1824 stacks

	Endcap Stack disk 11 : 1360 stacks
	Endcap Stack disk 12 : 1360 stacks
	Endcap Stack disk 13 : 1360 stacks
	Endcap Stack disk 14 : 1360 stacks
	Endcap Stack disk 15 : 1360 stacks
Created 15428 stacks in 15 s

TTClusterBuilder< edm::Ref<edm::DetSetVector<PixelDigi>, PixelDigi, edm::refhelper::FindForDetSetVector<PixelDigi> > > loaded modules:
	TTClusterAlgorithm:	TTClusterAlgorithm_2d2013< edm::Ref<edm::DetSetVector<PixelDigi>, PixelDigi, edm::refhelper::FindForDetSetVector<PixelDigi> > >


TTStubBuilder< edm::Ref<edm::DetSetVector<PixelDigi>, PixelDigi, edm::refhelper::FindForDetSetVector<PixelDigi> > > loaded modules:
	TTStubAlgorithm:	TTStubAlgorithm_tab2013< edm::Ref<edm::DetSetVector<PixelDigi>, PixelDigi, edm::refhelper::FindForDetSetVector<PixelDigi> > >


TTClusterAssociator< edm::Ref<edm::DetSetVector<PixelDigi>, PixelDigi, edm::refhelper::FindForDetSetVector<PixelDigi> > > loaded.


TTStubAssociator< edm::Ref<edm::DetSetVector<PixelDigi>, PixelDigi, edm::refhelper::FindForDetSetVector<PixelDigi> > > loaded.


TTTrackAssociator< edm::Ref<edm::DetSetVector<PixelDigi>, PixelDigi, edm::refhelper::FindForDetSetVector<PixelDigi> > > loaded.

Begin processing the 1st record. Run 1, Event 3691, LumiSection 370 at 02-Feb-2015 20:34:39.132 GMT
02-Feb-2015 20:34:45 GMT  Closed file root://xrootd.unl.edu//store/group/dpg_trigger/comm_trigger/L1TrackTrigger/620_SLHC10/Extended2023TTI/MinBias/MinBias_TuneZ2star_GEN_SIM_1.root
02-Feb-2015 20:34:45 GMT  Initiating request to open file root://xrootd.unl.edu//store/group/dpg_trigger/comm_trigger/L1TrackTrigger/620_SLHC10/Extended2023TTI/MinBias/MinBias_TuneZ2star_GEN_SIM_370.root
02-Feb-2015 20:35:21 GMT  Successfully opened file root://xrootd.unl.edu//store/group/dpg_trigger/comm_trigger/L1TrackTrigger/620_SLHC10/Extended2023TTI/MinBias/MinBias_TuneZ2star_GEN_SIM_370.root
150202 20:40:04 3113 Xrd: XrdClientMessage::ReadRaw: Failed to read header (8 bytes).
150202 20:40:34 3111 Xrd: XrdClientMessage::ReadRaw: Failed to read header (8 bytes).
02-Feb-2015 20:44:45 GMT  Closed file root://xrootd.unl.edu//store/group/dpg_trigger/comm_trigger/L1TrackTrigger/620_SLHC10/Extended2023TTI/MinBias/MinBias_TuneZ2star_GEN_SIM_370.root
02-Feb-2015 20:44:45 GMT  Initiating request to open file root://xrootd.unl.edu//store/group/dpg_trigger/comm_trigger/L1TrackTrigger/620_SLHC10/Extended2023TTI/MinBias/MinBias_TuneZ2star_GEN_SIM_212.root
150202 20:44:54 18907 Xrd: CheckErrorStatus: Server [xrootd.ba.infn.it:1094] declared: session not found(error code: 3011)
02-Feb-2015 20:44:54 GMT  Successfully opened file root://xrootd.unl.edu//store/group/dpg_trigger/comm_trigger/L1TrackTrigger/620_SLHC10/Extended2023TTI/MinBias/MinBias_TuneZ2star_GEN_SIM_212.root
150202 20:50:04 19025 Xrd: XrdClientMessage::ReadRaw: Failed to read header (8 bytes).
150202 20:50:05 4919 Xrd: XrdClientMessage::ReadRaw: Failed to read header (8 bytes).
150202 20:54:04 2370 Xrd: XrdClientMessage::ReadRaw: Failed to read header (8 bytes).
02-Feb-2015 20:54:49 GMT  Closed file root://xrootd.unl.edu//store/group/dpg_trigger/comm_trigger/L1TrackTrigger/620_SLHC10/Extended2023TTI/MinBias/MinBias_TuneZ2star_GEN_SIM_212.root
02-Feb-2015 20:54:49 GMT  Initiating request to open file root://xrootd.unl.edu//store/group/dpg_trigger/comm_trigger/L1TrackTrigger/620_SLHC10/Extended2023TTI/MinBias/MinBias_TuneZ2star_GEN_SIM_763.root
150202 20:55:25 2443 Xrd: CheckErrorStatus: Server [xrootd-redic.pi.infn.it:1094] declared: session not found(error code: 3011)
02-Feb-2015 20:55:25 GMT  Successfully opened file root://xrootd.unl.edu//store/group/dpg_trigger/comm_trigger/L1TrackTrigger/620_SLHC10/Extended2023TTI/MinBias/MinBias_TuneZ2star_GEN_SIM_763.root
Building the geometry service
Warning did not find digi
Warning did not find digi
Warning did not find digi
Warning did not find digi
Warning did not find digi in disks
Warning did not find digi in disks
Warning did not find digi in disks
Warning did not find digi in disks
150202 21:00:04 19026 Xrd: XrdClientMessage::ReadRaw: Failed to read header (8 bytes).
150202 21:00:35 2941 Xrd: XrdClientMessage::ReadRaw: Failed to read header (8 bytes).
150202 21:05:05 3109 Xrd: XrdClientMessage::ReadRaw: Failed to read header (8 bytes).
02-Feb-2015 21:05:21 GMT  Closed file root://xrootd.unl.edu//store/group/dpg_trigger/comm_trigger/L1TrackTrigger/620_SLHC10/Extended2023TTI/MinBias/MinBias_TuneZ2star_GEN_SIM_763.root
02-Feb-2015 21:05:21 GMT  Initiating request to open file root://xrootd.unl.edu//store/group/dpg_trigger/comm_trigger/L1TrackTrigger/620_SLHC10/Extended2023TTI/MinBias/MinBias_TuneZ2star_GEN_SIM_715.root
150202 21:05:57 17358 Xrd: CheckErrorStatus: Server [xrootd-redic.pi.infn.it:1094] declared: session not found(error code: 3011)
02-Feb-2015 21:05:57 GMT  Successfully opened file root://xrootd.unl.edu//store/group/dpg_trigger/comm_trigger/L1TrackTrigger/620_SLHC10/Extended2023TTI/MinBias/MinBias_TuneZ2star_GEN_SIM_715.root
150202 21:10:34 2942 Xrd: XrdClientMessage::ReadRaw: Failed to read header (8 bytes).
150202 21:11:05 18633 Xrd: XrdClientMessage::ReadRaw: Failed to read header (8 bytes).
02-Feb-2015 21:12:23 GMT  Closed file root://xrootd.unl.edu//store/group/dpg_trigger/comm_trigger/L1TrackTrigger/620_SLHC10/Extended2023TTI/MinBias/MinBias_TuneZ2star_GEN_SIM_715.root
02-Feb-2015 21:12:23 GMT  Initiating request to open file root://xrootd.unl.edu//store/group/dpg_trigger/comm_trigger/L1TrackTrigger/620_SLHC10/Extended2023TTI/MinBias/MinBias_TuneZ2star_GEN_SIM_822.root
150202 21:12:54 27506 Xrd: CheckErrorStatus: Server [cms-xrd-global.cern.ch:1094] declared: session not found(error code: 3011)
150202 21:12:55 27506 Xrd: CheckErrorStatus: Server [xrootd.ba.infn.it:1094] declared: session not found(error code: 3011)
02-Feb-2015 21:12:55 GMT  Successfully opened file root://xrootd.unl.edu//store/group/dpg_trigger/comm_trigger/L1TrackTrigger/620_SLHC10/Extended2023TTI/MinBias/MinBias_TuneZ2star_GEN_SIM_822.root
150202 21:17:35 18634 Xrd: XrdClientMessage::ReadRaw: Failed to read header (8 bytes).
150202 21:18:04 28669 Xrd: XrdClientMessage::ReadRaw: Failed to read header (8 bytes).
150202 21:26:04 2940 Xrd: XrdClientMessage::ReadRaw: Failed to read header (8 bytes).
02-Feb-2015 21:31:08 GMT  Closed file root://xrootd.unl.edu//store/group/dpg_trigger/comm_trigger/L1TrackTrigger/620_SLHC10/Extended2023TTI/MinBias/MinBias_TuneZ2star_GEN_SIM_822.root
02-Feb-2015 21:31:08 GMT  Initiating request to open file root://xrootd.unl.edu//store/group/dpg_trigger/comm_trigger/L1TrackTrigger/620_SLHC10/Extended2023TTI/MinBias/MinBias_TuneZ2star_GEN_SIM_467.root
150202 21:31:39 22861 Xrd: CheckErrorStatus: Server [cms-xrd-global.cern.ch:1094] declared: session not found(error code: 3011)
150202 21:31:39 22861 Xrd: CheckErrorStatus: Server [xrootd-redic.pi.infn.it:1094] declared: session not found(error code: 3011)
02-Feb-2015 21:31:39 GMT  Successfully opened file root://xrootd.unl.edu//store/group/dpg_trigger/comm_trigger/L1TrackTrigger/620_SLHC10/Extended2023TTI/MinBias/MinBias_TuneZ2star_GEN_SIM_467.root
150202 21:33:05 28668 Xrd: XrdClientMessage::ReadRaw: Failed to read header (8 bytes).
150202 21:36:34 28670 Xrd: XrdClientMessage::ReadRaw: Failed to read header (8 bytes).
150202 21:37:04 23468 Xrd: XrdClientMessage::ReadRaw: Failed to read header (8 bytes).
02-Feb-2015 21:40:24 GMT  Closed file root://xrootd.unl.edu//store/group/dpg_trigger/comm_trigger/L1TrackTrigger/620_SLHC10/Extended2023TTI/MinBias/MinBias_TuneZ2star_GEN_SIM_467.root
02-Feb-2015 21:40:24 GMT  Initiating request to open file root://xrootd.unl.edu//store/group/dpg_trigger/comm_trigger/L1TrackTrigger/620_SLHC10/Extended2023TTI/MinBias/MinBias_TuneZ2star_GEN_SIM_177.root
150202 21:40:25 3759 Xrd: CheckErrorStatus: Server [llrxrd-redir.in2p3.fr:1094] declared: session not found(error code: 3011)
02-Feb-2015 21:40:25 GMT  Successfully opened file root://xrootd.unl.edu//store/group/dpg_trigger/comm_trigger/L1TrackTrigger/620_SLHC10/Extended2023TTI/MinBias/MinBias_TuneZ2star_GEN_SIM_177.root
150202 21:45:34 23469 Xrd: XrdClientMessage::ReadRaw: Failed to read header (8 bytes).
150202 21:45:34 3761 Xrd: XrdClientMessage::ReadRaw: Failed to read header (8 bytes).
02-Feb-2015 21:49:23 GMT  Closed file root://xrootd.unl.edu//store/group/dpg_trigger/comm_trigger/L1TrackTrigger/620_SLHC10/Extended2023TTI/MinBias/MinBias_TuneZ2star_GEN_SIM_177.root
02-Feb-2015 21:49:23 GMT  Initiating request to open file root://xrootd.unl.edu//store/group/dpg_trigger/comm_trigger/L1TrackTrigger/620_SLHC10/Extended2023TTI/MinBias/MinBias_TuneZ2star_GEN_SIM_134.root
150202 21:49:54 16612 Xrd: CheckErrorStatus: Server [cms-xrd-global.cern.ch:1094] declared: session not found(error code: 3011)
150202 21:49:55 16612 Xrd: CheckErrorStatus: Server [xrootd.ba.infn.it:1094] declared: session not found(error code: 3011)
02-Feb-2015 21:49:55 GMT  Successfully opened file root://xrootd.unl.edu//store/group/dpg_trigger/comm_trigger/L1TrackTrigger/620_SLHC10/Extended2023TTI/MinBias/MinBias_TuneZ2star_GEN_SIM_134.root
150202 21:52:05 23467 Xrd: XrdClientMessage::ReadRaw: Failed to read header (8 bytes).
150202 21:54:34 3762 Xrd: XrdClientMessage::ReadRaw: Failed to read header (8 bytes).
150202 21:55:04 17794 Xrd: XrdClientMessage::ReadRaw: Failed to read header (8 bytes).
02-Feb-2015 21:57:56 GMT  Closed file root://xrootd.unl.edu//store/group/dpg_trigger/comm_trigger/L1TrackTrigger/620_SLHC10/Extended2023TTI/MinBias/MinBias_TuneZ2star_GEN_SIM_134.root
02-Feb-2015 21:57:56 GMT  Initiating request to open file root://xrootd.unl.edu//store/group/dpg_trigger/comm_trigger/L1TrackTrigger/620_SLHC10/Extended2023TTI/MinBias/MinBias_TuneZ2star_GEN_SIM_288.root
150202 21:58:27 30031 Xrd: CheckErrorStatus: Server [llrxrd-redir.in2p3.fr:1094] declared: session not found(error code: 3011)
02-Feb-2015 21:58:27 GMT  Successfully opened file root://xrootd.unl.edu//store/group/dpg_trigger/comm_trigger/L1TrackTrigger/620_SLHC10/Extended2023TTI/MinBias/MinBias_TuneZ2star_GEN_SIM_288.root
150202 22:03:04 17795 Xrd: XrdClientMessage::ReadRaw: Failed to read header (8 bytes).
150202 22:03:34 30613 Xrd: XrdClientMessage::ReadRaw: Failed to read header (8 bytes).
02-Feb-2015 22:04:10 GMT  Closed file root://xrootd.unl.edu//store/group/dpg_trigger/comm_trigger/L1TrackTrigger/620_SLHC10/Extended2023TTI/MinBias/MinBias_TuneZ2star_GEN_SIM_288.root
02-Feb-2015 22:04:10 GMT  Initiating request to open file root://xrootd.unl.edu//store/group/dpg_trigger/comm_trigger/L1TrackTrigger/620_SLHC10/Extended2023TTI/MinBias/MinBias_TuneZ2star_GEN_SIM_433.root
150202 22:05:52 7258 Xrd: CheckErrorStatus: Server [llrxrd-redir.in2p3.fr:1094] declared: session not found(error code: 3011)
02-Feb-2015 22:05:52 GMT  Successfully opened file root://xrootd.unl.edu//store/group/dpg_trigger/comm_trigger/L1TrackTrigger/620_SLHC10/Extended2023TTI/MinBias/MinBias_TuneZ2star_GEN_SIM_433.root
150202 22:09:34 30614 Xrd: XrdClientMessage::ReadRaw: Failed to read header (8 bytes).
02-Feb-2015 22:09:44 GMT  Closed file root://xrootd.unl.edu//store/group/dpg_trigger/comm_trigger/L1TrackTrigger/620_SLHC10/Extended2023TTI/MinBias/MinBias_TuneZ2star_GEN_SIM_433.root
02-Feb-2015 22:09:44 GMT  Initiating request to open file root://xrootd.unl.edu//store/group/dpg_trigger/comm_trigger/L1TrackTrigger/620_SLHC10/Extended2023TTI/MinBias/MinBias_TuneZ2star_GEN_SIM_974.root
02-Feb-2015 22:09:54 GMT  Successfully opened file root://xrootd.unl.edu//store/group/dpg_trigger/comm_trigger/L1TrackTrigger/620_SLHC10/Extended2023TTI/MinBias/MinBias_TuneZ2star_GEN_SIM_974.root
02-Feb-2015 22:13:35 GMT  Closed file root://xrootd.unl.edu//store/group/dpg_trigger/comm_trigger/L1TrackTrigger/620_SLHC10/Extended2023TTI/MinBias/MinBias_TuneZ2star_GEN_SIM_974.root
02-Feb-2015 22:13:35 GMT  Initiating request to open file root://xrootd.unl.edu//store/group/dpg_trigger/comm_trigger/L1TrackTrigger/620_SLHC10/Extended2023TTI/MinBias/MinBias_TuneZ2star_GEN_SIM_517.root
150202 22:14:06 19608 Xrd: CheckErrorStatus: Server [cms-xrd-global.cern.ch:1094] declared: session not found(error code: 3011)
02-Feb-2015 22:14:07 GMT  Successfully opened file root://xrootd.unl.edu//store/group/dpg_trigger/comm_trigger/L1TrackTrigger/620_SLHC10/Extended2023TTI/MinBias/MinBias_TuneZ2star_GEN_SIM_517.root
150202 22:15:05 9444 Xrd: XrdClientMessage::ReadRaw: Failed to read header (8 bytes).
02-Feb-2015 22:17:40 GMT  Closed file root://xrootd.unl.edu//store/group/dpg_trigger/comm_trigger/L1TrackTrigger/620_SLHC10/Extended2023TTI/MinBias/MinBias_TuneZ2star_GEN_SIM_517.root
02-Feb-2015 22:17:40 GMT  Initiating request to open file root://xrootd.unl.edu//store/group/dpg_trigger/comm_trigger/L1TrackTrigger/620_SLHC10/Extended2023TTI/MinBias/MinBias_TuneZ2star_GEN_SIM_11.root
150202 22:19:04 14755 Xrd: XrdClientMessage::ReadRaw: Failed to read header (8 bytes).
150202 22:19:34 9440 Xrd: XrdClientMessage::ReadRaw: Failed to read header (8 bytes).
150202 22:23:05 20466 Xrd: XrdClientMessage::ReadRaw: Failed to read header (8 bytes).
150202 22:24:38 23996 Xrd: CheckErrorStatus: Server [llrxrd-redir.in2p3.fr:1094] declared: session not found(error code: 3011)
02-Feb-2015 22:24:38 GMT  Successfully opened file root://xrootd.unl.edu//store/group/dpg_trigger/comm_trigger/L1TrackTrigger/620_SLHC10/Extended2023TTI/MinBias/MinBias_TuneZ2star_GEN_SIM_11.root
02-Feb-2015 22:29:42 GMT  Closed file root://xrootd.unl.edu//store/group/dpg_trigger/comm_trigger/L1TrackTrigger/620_SLHC10/Extended2023TTI/MinBias/MinBias_TuneZ2star_GEN_SIM_11.root
02-Feb-2015 22:29:42 GMT  Initiating request to open file root://xrootd.unl.edu//store/group/dpg_trigger/comm_trigger/L1TrackTrigger/620_SLHC10/Extended2023TTI/MinBias/MinBias_TuneZ2star_GEN_SIM_749.root
150202 22:29:42 32059 Xrd: XrdClientMessage::ReadRaw: Failed to read header (8 bytes).
150202 22:30:03 5215 Xrd: CheckErrorStatus: Server [llrxrd-redir.in2p3.fr:1094] declared: session not found(error code: 3011)
02-Feb-2015 22:30:03 GMT  Successfully opened file root://xrootd.unl.edu//store/group/dpg_trigger/comm_trigger/L1TrackTrigger/620_SLHC10/Extended2023TTI/MinBias/MinBias_TuneZ2star_GEN_SIM_749.root
150202 22:30:05 17793 Xrd: XrdClientMessage::ReadRaw: Failed to read header (8 bytes).
150202 22:34:34 20465 Xrd: XrdClientMessage::ReadRaw: Failed to read header (8 bytes).
02-Feb-2015 22:34:50 GMT  Closed file root://xrootd.unl.edu//store/group/dpg_trigger/comm_trigger/L1TrackTrigger/620_SLHC10/Extended2023TTI/MinBias/MinBias_TuneZ2star_GEN_SIM_749.root
02-Feb-2015 22:34:50 GMT  Initiating request to open file root://xrootd.unl.edu//store/group/dpg_trigger/comm_trigger/L1TrackTrigger/620_SLHC10/Extended2023TTI/MinBias/MinBias_TuneZ2star_GEN_SIM_900.root
150202 22:34:50 32060 Xrd: XrdClientMessage::ReadRaw: Failed to read header (8 bytes).
150202 22:35:05 5939 Xrd: XrdClientMessage::ReadRaw: Failed to read header (8 bytes).
150202 22:35:21 11075 Xrd: CheckErrorStatus: Server [cms-xrd-global.cern.ch:1094] declared: session not found(error code: 3011)
150202 22:35:21 11075 Xrd: CheckErrorStatus: Server [xrootd-redic.pi.infn.it:1094] declared: session not found(error code: 3011)
02-Feb-2015 22:35:22 GMT  Successfully opened file root://xrootd.unl.edu//store/group/dpg_trigger/comm_trigger/L1TrackTrigger/620_SLHC10/Extended2023TTI/MinBias/MinBias_TuneZ2star_GEN_SIM_900.root
02-Feb-2015 22:38:38 GMT  Closed file root://xrootd.unl.edu//store/group/dpg_trigger/comm_trigger/L1TrackTrigger/620_SLHC10/Extended2023TTI/MinBias/MinBias_TuneZ2star_GEN_SIM_900.root
02-Feb-2015 22:38:38 GMT  Initiating request to open file root://xrootd.unl.edu//store/group/dpg_trigger/comm_trigger/L1TrackTrigger/620_SLHC10/Extended2023TTI/MinBias/MinBias_TuneZ2star_GEN_SIM_808.root
02-Feb-2015 22:39:09 GMT  Successfully opened file root://xrootd.unl.edu//store/group/dpg_trigger/comm_trigger/L1TrackTrigger/620_SLHC10/Extended2023TTI/MinBias/MinBias_TuneZ2star_GEN_SIM_808.root
150202 22:40:04 5940 Xrd: XrdClientMessage::ReadRaw: Failed to read header (8 bytes).
02-Feb-2015 22:43:16 GMT  Closed file root://xrootd.unl.edu//store/group/dpg_trigger/comm_trigger/L1TrackTrigger/620_SLHC10/Extended2023TTI/MinBias/MinBias_TuneZ2star_GEN_SIM_808.root
02-Feb-2015 22:43:16 GMT  Initiating request to open file root://xrootd.unl.edu//store/group/dpg_trigger/comm_trigger/L1TrackTrigger/620_SLHC10/Extended2023TTI/MinBias/MinBias_TuneZ2star_GEN_SIM_110.root
150202 22:43:47 11945 Xrd: XrdClientMessage::ReadRaw: Failed to read header (8 bytes).
150202 22:43:47 19733 Xrd: CheckErrorStatus: Server [cms-xrd-global.cern.ch:1094] declared: session not found(error code: 3011)
02-Feb-2015 22:43:48 GMT  Successfully opened file root://xrootd.unl.edu//store/group/dpg_trigger/comm_trigger/L1TrackTrigger/620_SLHC10/Extended2023TTI/MinBias/MinBias_TuneZ2star_GEN_SIM_110.root
02-Feb-2015 22:46:24 GMT  Closed file root://xrootd.unl.edu//store/group/dpg_trigger/comm_trigger/L1TrackTrigger/620_SLHC10/Extended2023TTI/MinBias/MinBias_TuneZ2star_GEN_SIM_110.root
02-Feb-2015 22:46:24 GMT  Initiating request to open file root://xrootd.unl.edu//store/group/dpg_trigger/comm_trigger/L1TrackTrigger/620_SLHC10/Extended2023TTI/MinBias/MinBias_TuneZ2star_GEN_SIM_804.root
02-Feb-2015 22:46:56 GMT  Successfully opened file root://xrootd.unl.edu//store/group/dpg_trigger/comm_trigger/L1TrackTrigger/620_SLHC10/Extended2023TTI/MinBias/MinBias_TuneZ2star_GEN_SIM_804.root
150202 22:48:35 15620 Xrd: XrdClientMessage::ReadRaw: Failed to read header (8 bytes).
150202 22:50:04 3760 Xrd: XrdClientMessage::ReadRaw: Failed to read header (8 bytes).
150202 22:51:34 20114 Xrd: XrdClientMessage::ReadRaw: Failed to read header (8 bytes).
150202 22:52:04 11944 Xrd: XrdClientMessage::ReadRaw: Failed to read header (8 bytes).
02-Feb-2015 22:52:09 GMT  Closed file root://xrootd.unl.edu//store/group/dpg_trigger/comm_trigger/L1TrackTrigger/620_SLHC10/Extended2023TTI/MinBias/MinBias_TuneZ2star_GEN_SIM_804.root
02-Feb-2015 22:52:09 GMT  Initiating request to open file root://xrootd.unl.edu//store/group/dpg_trigger/comm_trigger/L1TrackTrigger/620_SLHC10/Extended2023TTI/MinBias/MinBias_TuneZ2star_GEN_SIM_883.root
150202 22:52:40 28633 Xrd: CheckErrorStatus: Server [cms-xrd-global.cern.ch:1094] declared: session not found(error code: 3011)
150202 22:52:41 28633 Xrd: CheckErrorStatus: Server [llrxrd-redir.in2p3.fr:1094] declared: session not found(error code: 3011)
150202 22:52:41 28633 Xrd: CheckErrorStatus: Server [eoscms.cern.ch:1094] declared: session not found(error code: 3011)
02-Feb-2015 22:52:41 GMT  Successfully opened file root://xrootd.unl.edu//store/group/dpg_trigger/comm_trigger/L1TrackTrigger/620_SLHC10/Extended2023TTI/MinBias/MinBias_TuneZ2star_GEN_SIM_883.root
02-Feb-2015 22:55:17 GMT  Closed file root://xrootd.unl.edu//store/group/dpg_trigger/comm_trigger/L1TrackTrigger/620_SLHC10/Extended2023TTI/MinBias/MinBias_TuneZ2star_GEN_SIM_883.root
02-Feb-2015 22:55:17 GMT  Initiating request to open file root://xrootd.unl.edu//store/group/dpg_trigger/comm_trigger/L1TrackTrigger/620_SLHC10/Extended2023TTI/MinBias/MinBias_TuneZ2star_GEN_SIM_606.root
02-Feb-2015 22:55:48 GMT  Successfully opened file root://xrootd.unl.edu//store/group/dpg_trigger/comm_trigger/L1TrackTrigger/620_SLHC10/Extended2023TTI/MinBias/MinBias_TuneZ2star_GEN_SIM_606.root
150202 22:57:34 22963 Xrd: XrdClientMessage::ReadRaw: Failed to read header (8 bytes).
02-Feb-2015 22:58:33 GMT  Closed file root://xrootd.unl.edu//store/group/dpg_trigger/comm_trigger/L1TrackTrigger/620_SLHC10/Extended2023TTI/MinBias/MinBias_TuneZ2star_GEN_SIM_606.root
02-Feb-2015 22:58:33 GMT  Initiating request to open file root://xrootd.unl.edu//store/group/dpg_trigger/comm_trigger/L1TrackTrigger/620_SLHC10/Extended2023TTI/MinBias/MinBias_TuneZ2star_GEN_SIM_825.root
02-Feb-2015 22:59:04 GMT  Successfully opened file root://xrootd.unl.edu//store/group/dpg_trigger/comm_trigger/L1TrackTrigger/620_SLHC10/Extended2023TTI/MinBias/MinBias_TuneZ2star_GEN_SIM_825.root
DTTSPhi::addTracoT: preview not present in TRACO trigger or its code=0  trigger not added!
150202 23:00:35 28981 Xrd: XrdClientMessage::ReadRaw: Failed to read header (8 bytes).
150202 23:03:34 31527 Xrd: XrdClientMessage::ReadRaw: Failed to read header (8 bytes).
02-Feb-2015 23:03:41 GMT  Closed file root://xrootd.unl.edu//store/group/dpg_trigger/comm_trigger/L1TrackTrigger/620_SLHC10/Extended2023TTI/MinBias/MinBias_TuneZ2star_GEN_SIM_825.root
02-Feb-2015 23:03:41 GMT  Initiating request to open file root://xrootd.unl.edu//store/group/dpg_trigger/comm_trigger/L1TrackTrigger/620_SLHC10/Extended2023TTI/MinBias/MinBias_TuneZ2star_GEN_SIM_75.root
02-Feb-2015 23:04:12 GMT  Successfully opened file root://xrootd.unl.edu//store/group/dpg_trigger/comm_trigger/L1TrackTrigger/620_SLHC10/Extended2023TTI/MinBias/MinBias_TuneZ2star_GEN_SIM_75.root
02-Feb-2015 23:05:58 GMT  Closed file root://xrootd.unl.edu//store/group/dpg_trigger/comm_trigger/L1TrackTrigger/620_SLHC10/Extended2023TTI/MinBias/MinBias_TuneZ2star_GEN_SIM_75.root
02-Feb-2015 23:05:58 GMT  Initiating request to open file root://xrootd.unl.edu//store/group/dpg_trigger/comm_trigger/L1TrackTrigger/620_SLHC10/Extended2023TTI/MinBias/MinBias_TuneZ2star_GEN_SIM_535.root
150202 23:06:29 28964 Xrd: XrdClientMessage::ReadRaw: Failed to read header (8 bytes).
02-Feb-2015 23:06:30 GMT  Successfully opened file root://xrootd.unl.edu//store/group/dpg_trigger/comm_trigger/L1TrackTrigger/620_SLHC10/Extended2023TTI/MinBias/MinBias_TuneZ2star_GEN_SIM_535.root
02-Feb-2015 23:07:55 GMT  Closed file root://dcap.pp.rl.ac.uk:1094/pnfs/pp.rl.ac.uk/data/cms/store/user/dcieri/ttbar_SIM/ttbar/ttbar_SIM/150129_145223/0000/step1_370.root
02-Feb-2015 23:07:55 GMT  Closed file root://xrootd.unl.edu//store/group/dpg_trigger/comm_trigger/L1TrackTrigger/620_SLHC10/Extended2023TTI/MinBias/MinBias_TuneZ2star_GEN_SIM_535.root

=============================================

MessageLogger Summary

 type     category        sev    module        subroutine        count    total
 ---- -------------------- -- ---------------- ----------------  -----    -----
    1 fileAction           -s MixingModule:mix                      69       69
    2 fileAction           -s MixingModule:mix                       2        2
    3 fileAction           -s MixingModule:mix                       1        1
    4 fileAction           -s file_close                             1        1
    5 fileAction           -s file_open                              2        2

 type    category    Examples: run/evt        run/evt          run/evt
 ---- -------------------- ---------------- ---------------- ----------------
    1 fileAction           1/3691           1/3691           1/3700
    2 fileAction           pre-events       pre-events       
    3 fileAction           PostEndRun                        
    4 fileAction           PostEndRun                        
    5 fileAction           pre-events       pre-events       

Severity    # Occurrences   Total Occurrences
--------    -------------   -----------------
System                 75                  75
>>> END OF printout of 220 lines from stdout+stderr
>>> Parse FrameworkJobReport crab_fjr.xml
Result of parsing the FrameworkJobReport crab_fjr.xml: 
Extracted ExitStatus from FrameworkJobReport parsing output: 0
>>> Executable succeded  0
ExeExitCode=0
EXECUTABLE_EXIT_STATUS = 0
>>> current directory /scratch/condor/dir_13870/glide_6Xz0Ll/execute/dir_32292/CMSSW_6_2_0_SLHC12
>>>  (SOFTWARE_DIR): /scratch/condor/dir_13870/glide_6Xz0Ll/execute/dir_32292/CMSSW_6_2_0_SLHC12
>>> (WORKING_DIR): 
>>> current directory content:
total 241860
drwxr-xr-x 3 cms415 gplcms      4096 Feb  2 20:33 .SCRAM
-rw------- 1 cms415 gplcms    915837 Feb  2 20:33 CMSSW.py.pkl
drwxr-xr-x 3 cms415 gplcms      4096 Feb  2 20:33 bin
drwxr-xr-x 3 cms415 gplcms      4096 Feb  2 20:33 cfipython
drwxr-xr-x 4 cms415 gplcms      4096 Apr 28  2014 config
-rw------- 1 cms415 gplcms        16 Feb  2 23:07 cpu_timing.txt
drwxr-xr-x 2 cms415 gplcms      4096 Feb  2 20:33 doc
-rw------- 1 cms415 gplcms     24775 Feb  2 23:07 executable.out
drwxr-xr-x 2 cms415 gplcms      4096 Feb  2 20:33 include
drwx------ 3 cms415 gplcms      4096 Oct  7 10:12 lib
drwxr-xr-x 3 cms415 gplcms      4096 Feb  2 20:33 logs
drwxr-xr-x 3 cms415 gplcms      4096 Feb  2 20:33 objs
-rw------- 1 cms415 gplcms       104 Feb  2 20:33 pset.py
-rw------- 1 cms415 gplcms    926824 Feb  2 20:33 pset.py.pkl
-rw------- 1 cms415 gplcms       289 Feb  2 20:33 pset.pyc
drwxr-xr-x 2 cms415 gplcms      4096 Feb  2 20:33 python
-rw------- 1 cms415 gplcms       359 Feb  2 23:07 report.log
drwxr-xr-x 2 cms415 gplcms      4096 Feb  2 20:33 src
-rw------- 1 cms415 gplcms 245464672 Feb  2 23:07 step2.root
drwxr-xr-x 3 cms415 gplcms      4096 Feb  2 20:33 test
drwxr-xr-x 3 cms415 gplcms      4096 Feb  2 20:33 tmp
>>> current directory /scratch/condor/dir_13870/glide_6Xz0Ll/execute/dir_32292/CMSSW_6_2_0_SLHC12
>>> (SOFTWARE_DIR): /scratch/condor/dir_13870/glide_6Xz0Ll/execute/dir_32292/CMSSW_6_2_0_SLHC12
>>> (WORKING_DIR): 
>>> current directory content:
total 241860
drwxr-xr-x 3 cms415 gplcms      4096 Feb  2 20:33 .SCRAM
-rw------- 1 cms415 gplcms    915837 Feb  2 20:33 CMSSW.py.pkl
drwxr-xr-x 3 cms415 gplcms      4096 Feb  2 20:33 bin
drwxr-xr-x 3 cms415 gplcms      4096 Feb  2 20:33 cfipython
drwxr-xr-x 4 cms415 gplcms      4096 Apr 28  2014 config
-rw------- 1 cms415 gplcms        16 Feb  2 23:07 cpu_timing.txt
drwxr-xr-x 2 cms415 gplcms      4096 Feb  2 20:33 doc
-rw------- 1 cms415 gplcms     24775 Feb  2 23:07 executable.out
drwxr-xr-x 2 cms415 gplcms      4096 Feb  2 20:33 include
drwx------ 3 cms415 gplcms      4096 Oct  7 10:12 lib
drwxr-xr-x 3 cms415 gplcms      4096 Feb  2 20:33 logs
drwxr-xr-x 3 cms415 gplcms      4096 Feb  2 20:33 objs
-rw------- 1 cms415 gplcms       104 Feb  2 20:33 pset.py
-rw------- 1 cms415 gplcms    926824 Feb  2 20:33 pset.py.pkl
-rw------- 1 cms415 gplcms       289 Feb  2 20:33 pset.pyc
drwxr-xr-x 2 cms415 gplcms      4096 Feb  2 20:33 python
-rw------- 1 cms415 gplcms       359 Feb  2 23:07 report.log
drwxr-xr-x 2 cms415 gplcms      4096 Feb  2 20:33 src
-rw------- 1 cms415 gplcms 245464672 Feb  2 23:07 step2_346_1_npW.root
drwxr-xr-x 3 cms415 gplcms      4096 Feb  2 20:33 test
drwxr-xr-x 3 cms415 gplcms      4096 Feb  2 20:33 tmp
>>> current directory (RUNTIME_AREA):  /scratch/condor/dir_13870/glide_6Xz0Ll/execute/dir_32292
PNN = T2_UK_SGrid_RALPP
SE = heplnx204.pp.rl.ac.uk
SE_PATH = /srm/managerv2?SFN=/pnfs/pp.rl.ac.uk/data/cms/store/user/dcieri/ttbar_PU140_DIGI/dcieri/ttbar/ttbar_PU140_DIGI/3c0380cf82de79bc39966c93934c61fc/
LFNBaseName = /store/user/dcieri/ttbar_PU140_DIGI/dcieri/ttbar/ttbar_PU140_DIGI/3c0380cf82de79bc39966c93934c61fc/
USER = dcieri
endpoint = srm://heplnx204.pp.rl.ac.uk:8443/srm/managerv2?SFN=/pnfs/pp.rl.ac.uk/data/cms/store/user/dcieri/ttbar_PU140_DIGI/dcieri/ttbar/ttbar_PU140_DIGI/3c0380cf82de79bc39966c93934c61fc/
>>> Copy output files from WN = heplnc365.pp.rl.ac.uk to /srm/managerv2?SFN=/pnfs/pp.rl.ac.uk/data/cms/store/user/dcieri/ttbar_PU140_DIGI/dcieri/ttbar/ttbar_PU140_DIGI/3c0380cf82de79bc39966c93934c61fc/ :
python cmscp.py  --destination srm://heplnx204.pp.rl.ac.uk:8443/srm/managerv2?SFN=/pnfs/pp.rl.ac.uk/data/cms/store/user/dcieri/ttbar_PU140_DIGI/dcieri/ttbar/ttbar_PU140_DIGI/3c0380cf82de79bc39966c93934c61fc/ --inputFileList /scratch/condor/dir_13870/glide_6Xz0Ll/execute/dir_32292/CMSSW_6_2_0_SLHC12/step2_346_1_npW.root --middleware LCG --PNN T2_UK_SGrid_RALPP --se_name heplnx204.pp.rl.ac.uk --for_lfn /store/user/dcieri/ttbar_PU140_DIGI/dcieri/ttbar/ttbar_PU140_DIGI/3c0380cf82de79bc39966c93934c61fc/    
******************************************************
localSeName  =  heplnx204.pp.rl.ac.uk
remoteSeName =  heplnx204.pp.rl.ac.uk
******************************************************
{"/scratch/condor/dir_13870/glide_6Xz0Ll/execute/dir_32292/CMSSW_6_2_0_SLHC12/step2_346_1_npW.root": {"endpoint": "srm://heplnx204.pp.rl.ac.uk:8443/srm/managerv2?SFN=/pnfs/pp.rl.ac.uk/data/cms/store/user/dcieri/ttbar_PU140_DIGI/dcieri/ttbar/ttbar_PU140_DIGI/3c0380cf82de79bc39966c93934c61fc/", "surl_for_grid": "", "reason": "Copy succedeed with srm-lcg utils", "erCode": "0", "PNN": "T2_UK_SGrid_RALPP", "se_name": "heplnx204.pp.rl.ac.uk", "for_lfn": "/store/user/dcieri/ttbar_PU140_DIGI/dcieri/ttbar/ttbar_PU140_DIGI/3c0380cf82de79bc39966c93934c61fc/"}}/scratch/condor/dir_13870/glide_6Xz0Ll/execute/dir_32292
-------- cat /scratch/condor/dir_13870/glide_6Xz0Ll/execute/dir_32292/cmscpReport.sh 
#!/bin/bash
echo "Report for File: /scratch/condor/dir_13870/glide_6Xz0Ll/execute/dir_32292/CMSSW_6_2_0_SLHC12/step2_346_1_npW.root"
echo "LFN: /store/user/dcieri/ttbar_PU140_DIGI/dcieri/ttbar/ttbar_PU140_DIGI/3c0380cf82de79bc39966c93934c61fc/step2_346_1_npW.root"
echo "StorageElement: heplnx204.pp.rl.ac.uk"
echo "StageOutExitStatusReason = 'Copy succedeed with srm-lcg utils'" | tee -a $RUNTIME_AREA/$repo
echo "StageOutSE = heplnx204.pp.rl.ac.uk" >> $RUNTIME_AREA/$repo

export StageOutExitStatus=0
echo "StageOutExitStatus = 0" | tee -a $RUNTIME_AREA/$repo
-------- end of /scratch/condor/dir_13870/glide_6Xz0Ll/execute/dir_32292/cmscpReport.sh 
Report for File: /scratch/condor/dir_13870/glide_6Xz0Ll/execute/dir_32292/CMSSW_6_2_0_SLHC12/step2_346_1_npW.root
LFN: /store/user/dcieri/ttbar_PU140_DIGI/dcieri/ttbar/ttbar_PU140_DIGI/3c0380cf82de79bc39966c93934c61fc/step2_346_1_npW.root
StorageElement: heplnx204.pp.rl.ac.uk
StageOutExitStatusReason = 'Copy succedeed with srm-lcg utils'
StageOutExitStatus = 0
>>> current dir: /scratch/condor/dir_13870/glide_6Xz0Ll/execute/dir_32292
>>> current dir content:
total 8824
-rw-------  1 cms415 gplcms    2670 Feb  2 23:08 .SEinteraction.log
-rwx------  1 cms415 gplcms      52 Feb  2 20:32 .chirp_config
-rwx------  1 cms415 gplcms    7837 Feb  2 20:32 .job.ad
-rwx------  1 cms415 gplcms    9806 Feb  2 20:32 .machine.ad
-rw-------  1 cms415 gplcms     105 Feb  2 12:16 CMSSW.py
-rw-------  1 cms415 gplcms  915837 Feb  2 12:16 CMSSW.py.pkl
-rwx------  1 cms415 gplcms   29498 Feb  2 20:33 CMSSW.sh
drwxr-xr-x 15 cms415 gplcms    4096 Feb  2 23:07 CMSSW_6_2_0_SLHC12
-rw-------  1 cms415 gplcms     190 Feb  2 20:33 CacheEnv.sh
-rw-------  1 cms415 gplcms    7291 Nov 19 14:52 DashboardAPI.py
-rw-------  1 cms415 gplcms    6470 Feb  2 20:33 DashboardAPI.pyc
drwx------  2 cms415 gplcms    4096 Feb  2 23:07 IMProv
-rw-------  1 cms415 gplcms    2748 Nov 19 14:52 Logger.py
-rw-------  1 cms415 gplcms    3232 Feb  2 20:33 Logger.pyc
-rw-------  1 cms415 gplcms   24524 Nov 19 14:52 ProcInfo.py
-rw-------  1 cms415 gplcms   22645 Feb  2 20:33 ProcInfo.pyc
drwx------  7 cms415 gplcms    4096 Feb  2 20:33 ProdCommon
drwx------  3 cms415 gplcms    4096 Feb  2 20:33 WMCore
-rw-------  1 cms415 gplcms   10312 Feb  2 23:07 Watchdog_346.log
-rwx------  1 cms415 gplcms       0 Feb  2 20:33 _condor_stderr
-rwx---r--  1 cms415 gplcms   39549 Feb  2 23:08 _condor_stdout
-rw-------  1 cms415 gplcms   32895 Nov 19 14:52 apmon.py
-rw-------  1 cms415 gplcms   27958 Feb  2 20:33 apmon.pyc
-rwx------  1 cms415 gplcms  134309 Feb  2 20:33 arguments.xml
-rwx------  1 cms415 gplcms   38581 Nov 19 14:52 cmscp.py
-rw-------  1 cms415 gplcms     562 Feb  2 23:08 cmscpReport.sh
-rwx------  1 cms415 gplcms   29498 Feb  2 20:33 condor_exec.exe
-rw-------  1 cms415 gplcms     544 Feb  2 12:16 crab.cfg
-rwx------  1 cms415 gplcms    8610 Nov 19 14:52 crabWatchdog.sh
-rwx---r--  1 cms415 gplcms  112068 Feb  2 23:07 crab_fjr_346.xml
-rwx------  1 cms415 gplcms 7390485 Feb  2 20:33 default.tgz
-rwx------  1 cms415 gplcms    4488 Nov 19 14:52 fillCrabFjr.py
-rw-------  1 cms415 gplcms     226 Feb  2 20:33 inputsReport.txt
-rw-------  1 cms415 gplcms     244 Feb  2 23:08 jobreport.txt
-rw-------  1 cms415 gplcms   17352 Nov 19 14:52 parseCrabFjr.py
-rw-------  1 cms415 gplcms     324 Feb  2 20:33 report.log
-rwx--x--x  1 cms415 gplcms    1497 Nov 19 14:52 report.py
-rw-------  1 cms415 gplcms     555 Feb  2 23:08 resultCopyFile
lrwxrwxrwx  1 cms415 gplcms      96 Feb  2 23:07 step2.root -> /scratch/condor/dir_13870/glide_6Xz0Ll/execute/dir_32292/CMSSW_6_2_0_SLHC12/step2_346_1_npW.root
-rwx------  1 cms415 gplcms    8351 Nov 19 14:52 writeCfg.py
-rw-------  1 cms415 gplcms   10297 Feb  2 20:32 x509up_u62281
>>> Modify Job Report:
CMSSW_VERSION = CMSSW_6_2_0_SLHC12
ProcessedDataset = ttbar_PU140_DIGI
/scratch/condor/dir_13870/glide_6Xz0Ll/execute/dir_32292/ProdCommon/FwkJobRep/ModifyJobReport.py fjr /scratch/condor/dir_13870/glide_6Xz0Ll/execute/dir_32292/crab_fjr_346.xml json /scratch/condor/dir_13870/glide_6Xz0Ll/execute/dir_32292/resultCopyFile n_job 346_1_npW PrimaryDataset ttbar  ApplicationFamily cmsRun ApplicationName cmsRun cmssw_version CMSSW_6_2_0_SLHC12 psethash 3c0380cf82de79bc39966c93934c61fc UserProcessedDataset dcieri-ttbar_PU140_DIGI-3c0380cf82de79bc39966c93934c61fc
inputDict =  {u'/scratch/condor/dir_13870/glide_6Xz0Ll/execute/dir_32292/CMSSW_6_2_0_SLHC12/step2_346_1_npW.root': {u'endpoint': u'srm://heplnx204.pp.rl.ac.uk:8443/srm/managerv2?SFN=/pnfs/pp.rl.ac.uk/data/cms/store/user/dcieri/ttbar_PU140_DIGI/dcieri/ttbar/ttbar_PU140_DIGI/3c0380cf82de79bc39966c93934c61fc/', u'surl_for_grid': u'', u'reason': u'Copy succedeed with srm-lcg utils', u'erCode': u'0', u'PNN': u'T2_UK_SGrid_RALPP', u'se_name': u'heplnx204.pp.rl.ac.uk', u'for_lfn': u'/store/user/dcieri/ttbar_PU140_DIGI/dcieri/ttbar/ttbar_PU140_DIGI/3c0380cf82de79bc39966c93934c61fc/'}}
UserProcessedDataset =  dcieri-ttbar_PU140_DIGI-3c0380cf82de79bc39966c93934c61fc
WORKING ON EDM FILE
file_name in inputDict =  /scratch/condor/dir_13870/glide_6Xz0Ll/execute/dir_32292/CMSSW_6_2_0_SLHC12/step2_346_1_npW.root
(size) os.stat(filename)[6] =  245464672
checksum =  19629
    file =  step2_346_1_npW.root
    newPfn =  srm://heplnx204.pp.rl.ac.uk:8443/srm/managerv2?SFN=/pnfs/pp.rl.ac.uk/data/cms/store/user/dcieri/ttbar_PU140_DIGI/dcieri/ttbar/ttbar_PU140_DIGI/3c0380cf82de79bc39966c93934c61fc/step2_346_1_npW.root
    newLfn =  /store/user/dcieri/ttbar_PU140_DIGI/dcieri/ttbar/ttbar_PU140_DIGI/3c0380cf82de79bc39966c93934c61fc/step2_346_1_npW.root
>>> crab_fjr_*.xml  permission set to 0704
CrabWrapper EXIT_FUNC entered at Mon Feb  2 23:08:49 GMT 2015   -  Mon Feb  2 23:08:49 UTC 2015
Checking output files:  
will tar file crab_fjr_346.xml in  out_files_346
WARNING: output file CMSSW_346.stdout not found!
WARNING: output file CMSSW_346.stderr not found!
WARNING: output file Watchdog_346.log.gz not found!
>>> padding time: Wrapper lasting more than 600 seconds. No sleep required.
STOPPING WATCHDOG. CrabWatchdog PID is 1955
********** LAST 50 LINES OF WATCHDOG LOG
 Feb 02 20:54:27 GMT	2240	880040	1371240	53	87	1266	cmsRun -j /scratch/condor/dir_13870/glide_6Xz0Ll/execute/dir_32292/crab_fjr_346.xml -p pset.py      
 Feb 02 20:56:28 GMT	2240	886556	1375592	53	90	1386	cmsRun -j /scratch/condor/dir_13870/glide_6Xz0Ll/execute/dir_32292/crab_fjr_346.xml -p pset.py      
 Feb 02 20:57:28 GMT	2240	889064	1378152	53	92	1446	cmsRun -j /scratch/condor/dir_13870/glide_6Xz0Ll/execute/dir_32292/crab_fjr_346.xml -p pset.py      
 Feb 02 20:58:28 GMT	2240	892132	1380968	53	94	1507	cmsRun -j /scratch/condor/dir_13870/glide_6Xz0Ll/execute/dir_32292/crab_fjr_346.xml -p pset.py      
 Feb 02 20:59:29 GMT	2240	1031880	1621028	53	116	1567	cmsRun -j /scratch/condor/dir_13870/glide_6Xz0Ll/execute/dir_32292/crab_fjr_346.xml -p pset.py      
 Feb 02 20:59:29 GMT	---	1031880	1621028	73	----	----	----
 Feb 02 21:00:29 GMT	2240	1032312	1621028	73	117	1627	cmsRun -j /scratch/condor/dir_13870/glide_6Xz0Ll/execute/dir_32292/crab_fjr_346.xml -p pset.py      
 Feb 02 21:02:29 GMT	2240	1047780	1623076	73	121	1747	cmsRun -j /scratch/condor/dir_13870/glide_6Xz0Ll/execute/dir_32292/crab_fjr_346.xml -p pset.py      
# TIME			PID	RSS(KB)	VSZ(KB)	Dsk(MB)	tCPU(s)	tWALL(s)	COMMAND
 Feb 02 21:03:29 GMT	2240	1051344	1623076	73	123	1808	cmsRun -j /scratch/condor/dir_13870/glide_6Xz0Ll/execute/dir_32292/crab_fjr_346.xml -p pset.py      
 Feb 02 21:04:30 GMT	2240	1054064	1623076	73	126	1868	cmsRun -j /scratch/condor/dir_13870/glide_6Xz0Ll/execute/dir_32292/crab_fjr_346.xml -p pset.py      
 Feb 02 21:08:30 GMT	2240	1056680	1625380	73	136	2109	cmsRun -j /scratch/condor/dir_13870/glide_6Xz0Ll/execute/dir_32292/crab_fjr_346.xml -p pset.py      
 Feb 02 21:09:31 GMT	2240	1061580	1630244	73	140	2169	cmsRun -j /scratch/condor/dir_13870/glide_6Xz0Ll/execute/dir_32292/crab_fjr_346.xml -p pset.py      
 Feb 02 21:10:31 GMT	2240	1065328	1633572	73	145	2229	cmsRun -j /scratch/condor/dir_13870/glide_6Xz0Ll/execute/dir_32292/crab_fjr_346.xml -p pset.py      
 Feb 02 21:11:31 GMT	2240	1070924	1636388	73	149	2290	cmsRun -j /scratch/condor/dir_13870/glide_6Xz0Ll/execute/dir_32292/crab_fjr_346.xml -p pset.py      
 Feb 02 21:12:32 GMT	2240	1105832	1636388	73	155	2350	cmsRun -j /scratch/condor/dir_13870/glide_6Xz0Ll/execute/dir_32292/crab_fjr_346.xml -p pset.py      
 Feb 02 21:13:32 GMT	2240	1121320	1636388	73	156	2410	cmsRun -j /scratch/condor/dir_13870/glide_6Xz0Ll/execute/dir_32292/crab_fjr_346.xml -p pset.py      
 Feb 02 21:14:32 GMT	2240	1161432	1651500	73	159	2470	cmsRun -j /scratch/condor/dir_13870/glide_6Xz0Ll/execute/dir_32292/crab_fjr_346.xml -p pset.py      
 Feb 02 21:15:32 GMT	2240	1169836	1658668	73	160	2531	cmsRun -j /scratch/condor/dir_13870/glide_6Xz0Ll/execute/dir_32292/crab_fjr_346.xml -p pset.py      
 Feb 02 21:16:33 GMT	2240	1170436	1660204	73	161	2591	cmsRun -j /scratch/condor/dir_13870/glide_6Xz0Ll/execute/dir_32292/crab_fjr_346.xml -p pset.py      
 Feb 02 21:17:33 GMT	2240	1173112	1660204	73	162	2651	cmsRun -j /scratch/condor/dir_13870/glide_6Xz0Ll/execute/dir_32292/crab_fjr_346.xml -p pset.py      
 Feb 02 21:18:33 GMT	2240	1173400	1660204	73	163	2711	cmsRun -j /scratch/condor/dir_13870/glide_6Xz0Ll/execute/dir_32292/crab_fjr_346.xml -p pset.py      
 Feb 02 21:19:33 GMT	2240	1198272	1660204	73	165	2771	cmsRun -j /scratch/condor/dir_13870/glide_6Xz0Ll/execute/dir_32292/crab_fjr_346.xml -p pset.py      
 Feb 02 21:20:33 GMT	2240	1220240	1660204	73	166	2832	cmsRun -j /scratch/condor/dir_13870/glide_6Xz0Ll/execute/dir_32292/crab_fjr_346.xml -p pset.py      
 Feb 02 21:21:34 GMT	2240	1223200	1660716	73	167	2892	cmsRun -j /scratch/condor/dir_13870/glide_6Xz0Ll/execute/dir_32292/crab_fjr_346.xml -p pset.py      
 Feb 02 21:22:34 GMT	2240	1223200	1665284	73	180	2952	cmsRun -j /scratch/condor/dir_13870/glide_6Xz0Ll/execute/dir_32292/crab_fjr_346.xml -p pset.py      
 Feb 02 21:22:34 GMT	---	1223200	1665284	93	----	----	----
 Feb 02 21:24:34 GMT	2240	1223200	1668612	93	181	3073	cmsRun -j /scratch/condor/dir_13870/glide_6Xz0Ll/execute/dir_32292/crab_fjr_346.xml -p pset.py      
 Feb 02 21:25:35 GMT	2240	1223200	1668868	93	182	3133	cmsRun -j /scratch/condor/dir_13870/glide_6Xz0Ll/execute/dir_32292/crab_fjr_346.xml -p pset.py      
 Feb 02 21:29:35 GMT	2240	1223200	1669380	93	186	3374	cmsRun -j /scratch/condor/dir_13870/glide_6Xz0Ll/execute/dir_32292/crab_fjr_346.xml -p pset.py      
 Feb 02 21:38:37 GMT	2240	1223200	1674500	93	203	3916	cmsRun -j /scratch/condor/dir_13870/glide_6Xz0Ll/execute/dir_32292/crab_fjr_346.xml -p pset.py      
 Feb 02 21:39:38 GMT	2240	1223200	1680388	93	207	3976	cmsRun -j /scratch/condor/dir_13870/glide_6Xz0Ll/execute/dir_32292/crab_fjr_346.xml -p pset.py      
 Feb 02 21:41:38 GMT	2240	1223200	1685508	93	212	4096	cmsRun -j /scratch/condor/dir_13870/glide_6Xz0Ll/execute/dir_32292/crab_fjr_346.xml -p pset.py      
 Feb 02 21:42:38 GMT	2240	1223200	1693444	93	216	4157	cmsRun -j /scratch/condor/dir_13870/glide_6Xz0Ll/execute/dir_32292/crab_fjr_346.xml -p pset.py      
 Feb 02 21:43:39 GMT	2240	1265040	1704964	93	225	4217	cmsRun -j /scratch/condor/dir_13870/glide_6Xz0Ll/execute/dir_32292/crab_fjr_346.xml -p pset.py      
 Feb 02 21:44:39 GMT	2240	1274588	1708036	93	229	4277	cmsRun -j /scratch/condor/dir_13870/glide_6Xz0Ll/execute/dir_32292/crab_fjr_346.xml -p pset.py      
 Feb 02 21:45:39 GMT	2240	1275148	1708036	93	231	4337	cmsRun -j /scratch/condor/dir_13870/glide_6Xz0Ll/execute/dir_32292/crab_fjr_346.xml -p pset.py      
 Feb 02 21:46:39 GMT	2240	1277952	1708036	93	234	4398	cmsRun -j /scratch/condor/dir_13870/glide_6Xz0Ll/execute/dir_32292/crab_fjr_346.xml -p pset.py      
 Feb 02 21:47:40 GMT	2240	1442668	1870852	93	246	4458	cmsRun -j /scratch/condor/dir_13870/glide_6Xz0Ll/execute/dir_32292/crab_fjr_346.xml -p pset.py      
 Feb 02 21:47:40 GMT	---	1442668	1870852	98	----	----	----
 Feb 02 21:48:40 GMT	---	1442668	1870852	115	----	----	----
 Feb 02 22:06:44 GMT	---	1442668	1870852	138	----	----	----
 Feb 02 22:16:47 GMT	---	1442668	1870852	160	----	----	----
 Feb 02 22:32:50 GMT	2240	1561872	1979140	160	462	7168	cmsRun -j /scratch/condor/dir_13870/glide_6Xz0Ll/execute/dir_32292/crab_fjr_346.xml -p pset.py      
 Feb 02 22:32:50 GMT	---	1561872	1979140	173	----	----	----
 Feb 02 22:33:50 GMT	---	1561872	1979140	184	----	----	----
 Feb 02 22:42:52 GMT	---	1561872	1979140	206	----	----	----
 Feb 02 22:52:55 GMT	---	1561872	1979140	230	----	----	----
 Feb 02 23:00:57 GMT	---	1561872	1979140	251	----	----	----
 Feb 02 23:07:58 GMT	---	1561872	1979140	272	----	----	----
********** WATCHDOG LOG ENDED
ZIPPING WATCHDOG LOG
Disk space used:
du -sh /scratch/condor/dir_13870/glide_6Xz0Ll/execute/dir_32292
272M	/scratch/condor/dir_13870/glide_6Xz0Ll/execute/dir_32292
Found unusual stdout, rename for OSB
`/scratch/condor/dir_13870/glide_6Xz0Ll/execute/dir_32292/_condor_stdout' -> `CMSSW_346.stdout'
Found unusual stderr, rename for OSB
`/scratch/condor/dir_13870/glide_6Xz0Ll/execute/dir_32292/_condor_stdout' -> `CMSSW_346.stderr'
crab_fjr_346.xml
CMSSW_346.stdout
CMSSW_346.stderr
Watchdog_346.log.gz
Total Output dimension: 24447
WARNING: output files size limit is set to: 50000000
Total Output dimension 24447 is fine.
JOB_EXIT_STATUS = 0
>>> info for dashboard:
***** Cat /scratch/condor/dir_13870/glide_6Xz0Ll/execute/dir_32292/jobreport.txt *****
MonitorJobID=346_https://submit-6.t2.ucsd.edu//150202//509447.345
MonitorID=dcieri_PU140_4dm08r
ExeTime=9270
ExeExitCode=0
StageOutExitStatusReason = 'Copy succedeed with srm-lcg utils'
StageOutSE = heplnx204.pp.rl.ac.uk
StageOutExitStatus = 0
CrabUserCpuTime=710.83
CrabSysCpuTime=24.02
CrabCpuPercentage=7%
CrabWrapperTime=9329
CrabStageoutTime=48
JobExitCode=0
***** End Cat jobreport *****
Parameters sent to Dashboard.
EXITING at Mon Feb  2 23:08:51 GMT 2015  -  Mon Feb  2 23:08:51 UTC 2015
