This script was generated by crab (version 2.11.1_patch1).
Running /scratch/condor/dir_29069/glide_Hz5PLX/execute/dir_21820/condor_exec.exe with 2 positional parameters: 343 1
Today is Mon Feb  2 20:32:12 GMT 2015 - Mon Feb  2 20:32:12 UTC 2015
Job submitted on host heplnc014.pp.rl.ac.uk
Linux heplnc014.pp.rl.ac.uk 2.6.32-504.3.3.el6.x86_64 #1 SMP Tue Dec 16 14:29:22 CST 2014 x86_64 x86_64 x86_64 GNU/Linux
Distributor ID:	Scientific
Description:	Scientific Linux release 6.6 (Carbon)
>>> current directory (RUNTIME_AREA): /scratch/condor/dir_29069/glide_Hz5PLX/execute/dir_21820
>>> current user: uid=157415(cms415) gid=157000(gplcms) groups=157000(gplcms)
>>> directory permission set to 0700
>>> umask set to:  u=rwx,g=,o=
>>> stdout stderr permission set to 0704
>>> voms proxy information:
subject   : /DC=ch/DC=cern/OU=Organic Units/OU=Users/CN=dcieri/CN=755391/CN=Davide Cieri/CN=769881070/CN=681668708
issuer    : /DC=ch/DC=cern/OU=Organic Units/OU=Users/CN=dcieri/CN=755391/CN=Davide Cieri/CN=769881070
identity  : /DC=ch/DC=cern/OU=Organic Units/OU=Users/CN=dcieri/CN=755391/CN=Davide Cieri
type      : RFC3820 compliant limited proxy
strength  : 1024
path      : /scratch/condor/dir_29069/glide_Hz5PLX/execute/dir_21820/x509up_u62281
timeleft  : 23:58:53
key usage : Digital Signature, Key Encipherment
=== VO cms extension information ===
VO        : cms
subject   : /DC=ch/DC=cern/OU=Organic Units/OU=Users/CN=dcieri/CN=755391/CN=Davide Cieri
issuer    : /DC=ch/DC=cern/OU=computers/CN=lcg-voms2.cern.ch
attribute : /cms/Role=NULL/Capability=NULL
timeleft  : 183:44:12
uri       : lcg-voms2.cern.ch:15002

WNHostName=heplnc014.pp.rl.ac.uk
$_CONDOR_JOB_AD =/scratch/condor/dir_29069/glide_Hz5PLX/execute/dir_21820/.job.ad
OverflowFlag=0
>>> tar --no-same-permissions -xf /scratch/condor/dir_29069/glide_Hz5PLX/execute/dir_21820/default.tgz :
Successful untar
>>> Include /scratch/condor/dir_29069/glide_Hz5PLX/execute/dir_21820 in PYTHONPATH:
strip arguments
env var CRAB_UNIQUE_JOB_ID set to: dcieri_PU140_4dm08r_343_1_gh3
out_files_343
>>> list of expected files on output sandbox
output files: crab_fjr_343.xml CMSSW_343.stdout CMSSW_343.stderr Watchdog_343.log.gz
>>> GridFlavour discovery: 
GridFlavour=LCG
>>> SyncSite discovery: 
SyncSite=T2_UK_SGrid_RALPP
>>> SyncCE discovery: 
getting SyncCE from GLIDEIN_Gaekeeper
SyncCE=heplnv146.pp.rl.ac.uk
>>> info for dashboard:
***** Cat /scratch/condor/dir_29069/glide_Hz5PLX/execute/dir_21820/jobreport.txt *****
WNHostName=heplnc014.pp.rl.ac.uk
OverflowFlag=0
MonitorJobID=343_https://submit-6.t2.ucsd.edu//150202//509447.342
SyncGridJobId=https://submit-6.t2.ucsd.edu//150202//509447.342
MonitorID=dcieri_PU140_4dm08r
GridFlavour=LCG
SyncSite=T2_UK_SGrid_RALPP
SyncCE=heplnv146.pp.rl.ac.uk
***** End Cat jobreport *****
Parameters sent to Dashboard.
>>> setup environment
set SCRAM ARCH to slc6_amd64_gcc472
SCRAM_ARCH = slc6_amd64_gcc472
>>> setup CMS LCG environment:
set SCRAM ARCH and BUILD_ARCH to slc6_amd64_gcc472 ###
Sourcing environment... 
sourcing /cvmfs/cms.cern.ch/cmsset_default.sh
==> setup cms environment ok
>>> specific cmssw setup environment:
CMSSW_VERSION =  CMSSW_6_2_0_SLHC12
WARNING: In non-interactive mode release checks e.g. deprecated releases, production architectures are disabled.
>>> current directory (SOFTWARE_DIR): /scratch/condor/dir_29069/glide_Hz5PLX/execute/dir_21820/CMSSW_6_2_0_SLHC12
PreserveSeeds: <>
IncrementSeeds:<>
>>> info for dashboard:
***** Cat /scratch/condor/dir_29069/glide_Hz5PLX/execute/dir_21820/jobreport.txt *****
MonitorJobID=343_https://submit-6.t2.ucsd.edu//150202//509447.342
MonitorID=dcieri_PU140_4dm08r
***** End Cat jobreport *****
Parameters sent to Dashboard.
crabWatchdog started as process 22746
>>> moving CMSSW software directories in /scratch/condor/dir_29069/glide_Hz5PLX/execute/dir_21820/CMSSW_6_2_0_SLHC12
mv: cannot stat `/scratch/condor/dir_29069/glide_Hz5PLX/execute/dir_21820/module/': No such file or directory
>>> Include /scratch/condor/dir_29069/glide_Hz5PLX/execute/dir_21820 in PYTHONPATH:
PYTHONPATH=/scratch/condor/dir_29069/glide_Hz5PLX/execute/dir_21820/:/scratch/condor/dir_29069/glide_Hz5PLX/execute/dir_21820/CMSSW_6_2_0_SLHC12/python:/scratch/condor/dir_29069/glide_Hz5PLX/execute/dir_21820/CMSSW_6_2_0_SLHC12/lib/slc6_amd64_gcc472:/cvmfs/cms.cern.ch/slc6_amd64_gcc472/cms/cmssw/CMSSW_6_2_0_SLHC12/python:/cvmfs/cms.cern.ch/slc6_amd64_gcc472/cms/cmssw/CMSSW_6_2_0_SLHC12/lib/slc6_amd64_gcc472:/cvmfs/cms.cern.ch/slc6_amd64_gcc472/cms/coral/CORAL_2_3_21-cms35/slc6_amd64_gcc472/python:/cvmfs/cms.cern.ch/slc6_amd64_gcc472/cms/coral/CORAL_2_3_21-cms35/slc6_amd64_gcc472/lib:/cvmfs/cms.cern.ch/slc6_amd64_gcc472/external/python-ldap/2.3.5-cms5/lib/python2.7/site-packages:/cvmfs/cms.cern.ch/slc6_amd64_gcc472/external/pyqt/4.8.1-cms5/lib/python2.7/site-packages:/cvmfs/cms.cern.ch/slc6_amd64_gcc472/external/py2-scipy/0.8.0-cms7/lib/python2.7/site-packages:/cvmfs/cms.cern.ch/slc6_amd64_gcc472/external/py2-matplotlib/1.0.1-cms7/lib/python2.7/site-packages:/cvmfs/cms.cern.ch/slc6_amd64_gcc472/external/sip/4.11.2-cms5/lib/python2.7/site-packages:/cvmfs/cms.cern.ch/slc6_amd64_gcc472/external/py2-pycurl/7.19.0-cms7/lib/python2.7/site-packages:/cvmfs/cms.cern.ch/slc6_amd64_gcc472/external/py2-numpy/1.6.1-cms7/lib/python2.7/site-packages:/cvmfs/cms.cern.ch/slc6_amd64_gcc472/external/py2-lint/0.25.1-cms5/lib/python2.7/site-packages:/cvmfs/cms.cern.ch/slc6_amd64_gcc472/external/py2-ipython/0.10-cms5/lib/python2.7/site-packages:/cvmfs/cms.cern.ch/slc6_amd64_gcc472/external/py2-cx-oracle/5.1-cms5/lib/python2.7/site-packages:/cvmfs/cms.cern.ch/slc6_amd64_gcc472/external/py2-cjson/1.0.5-cms5/lib/python2.7/site-packages:/cvmfs/cms.cern.ch/slc6_amd64_gcc472/cms/das-client/1.11.7/bin:/cvmfs/cms.cern.ch/slc6_amd64_gcc472/external/elementtree/1.2.6-cms5/share/lib/python2.7/site-packages:/cvmfs/cms.cern.ch/slc6_amd64_gcc472/external/rivet/1.8.2-cms9/lib/python2.7/site-packages:/cvmfs/cms.cern.ch/slc6_amd64_gcc472/external/pyminuit2/0.0.1-cms19/lib/python2.7/site-packages:/cvmfs/cms.cern.ch/slc6_amd64_gcc472/external/py2-pygithub/1.23.0-cms2/lib/python2.7/site-packages:/cvmfs/cms.cern.ch/slc6_amd64_gcc472/external/professor/1.0.0-cms19/lib/python2.7/site-packages:/cvmfs/cms.cern.ch/slc6_amd64_gcc472/lcg/root/5.34.07-cms/lib:/cvmfs/cms.cern.ch/slc6_amd64_gcc472/cms/dbs-client/DBS_2_1_9-cms5/lib:/cvmfs/cms.cern.ch/slc6_amd64_gcc472/cms/dbs-client/DBS_2_1_9-cms5/lib/DBSAPI:/cvmfs/cms.cern.ch/slc6_amd64_gcc472/external/cvs2git/5419-cms/lib:/scratch/condor/dir_29069/glide_Hz5PLX/execute/dir_21820/
 
# LIMITS USED BY CRAB WATCHDOG:
# RSS  (KBytes)   : 2300000
# VSZ  (KBytes)   : 100000000
# DISK (MBytes)   : 19000
# CPU TIME        : 720h:0m:0s
# WALL CLOCK TIME : 21h:50m:0s
 
3c0380cf82de79bc39966c93934c61fc
PSETHASH = 3c0380cf82de79bc39966c93934c61fc
/scratch/condor/dir_29069/glide_Hz5PLX/execute/dir_21820/writeCfg.py pset.py pset.py
Importing .py file
Setting parameters
RandomNumberGeneratorService found, will attempt to change seeds
inputBlocks=/ttbar/dcieri-ttbar_SIM-130075366148575c102f0d64fd3ac8f7/USER#d88f8312-b22c-48f9-b58b-21cac727e67d
inputFiles=/store/user/dcieri/ttbar_SIM/ttbar/ttbar_SIM/150129_145223/0000/step1_5.root
parentFiles=
lumisRange=
>>> Executable cmsRun
/cvmfs/cms.cern.ch/slc6_amd64_gcc472/cms/cmssw/CMSSW_6_2_0_SLHC12/bin/slc6_amd64_gcc472/cmsRun
ok executable found
>>> info for dashboard:
***** Cat /scratch/condor/dir_29069/glide_Hz5PLX/execute/dir_21820/jobreport.txt *****
MonitorJobID=343_https://submit-6.t2.ucsd.edu//150202//509447.342
MonitorID=dcieri_PU140_4dm08r
ExeStart=cmsRun
***** End Cat jobreport *****
Parameters sent to Dashboard.
>>> cmsRun started at Mon Feb  2 20:32:22 UTC 2015
>>> cmsRun ended at Mon Feb  2 23:19:26 UTC 2015
>>> crab_fjr_*.xml  permission set to 0704
>>> info for dashboard:
***** Cat /scratch/condor/dir_29069/glide_Hz5PLX/execute/dir_21820/jobreport.txt *****
MonitorJobID=343_https://submit-6.t2.ucsd.edu//150202//509447.342
MonitorID=dcieri_PU140_4dm08r
ExeEnd=cmsRun
***** End Cat jobreport *****
Parameters sent to Dashboard.
TIME_EXE = 10024 sec
>>> cmsRun wrote 217 lines of stdout+stderr
>>> START OF printout of 217 lines from stdout+stderr
271 DQMStore::DQMStore 
HcalTopologyIdealEP::HcalTopologyIdealEP
02-Feb-2015 20:32:32 GMT  Initiating request to open file root://dcap.pp.rl.ac.uk:1094/pnfs/pp.rl.ac.uk/data/cms/store/user/dcieri/ttbar_SIM/ttbar/ttbar_SIM/150129_145223/0000/step1_5.root
150202 20:32:34 22993 Xrd: CheckErrorStatus: Server [heplnx210.pp.rl.ac.uk:1094] declared: Request 3018 not supported(error code: 3013)
02-Feb-2015 20:32:35 GMT  Successfully opened file root://dcap.pp.rl.ac.uk:1094/pnfs/pp.rl.ac.uk/data/cms/store/user/dcieri/ttbar_SIM/ttbar/ttbar_SIM/150129_145223/0000/step1_5.root
02-Feb-2015 20:32:36 GMT  Initiating request to open file root://xrootd.unl.edu//store/group/dpg_trigger/comm_trigger/L1TrackTrigger/620_SLHC10/Extended2023TTI/MinBias/MinBias_TuneZ2star_GEN_SIM_1.root
02-Feb-2015 20:32:53 GMT  Successfully opened file root://xrootd.unl.edu//store/group/dpg_trigger/comm_trigger/L1TrackTrigger/620_SLHC10/Extended2023TTI/MinBias/MinBias_TuneZ2star_GEN_SIM_1.root
disableME1a = 0
HcalTopologyIdealEP::produce(const IdealGeometryRecord& iRecord)
mode = 2, maxDepthHB = 3, maxDepthHE = 5
RPCGeometryESModule :: produce
RPCGeometryESModule :: produce :: 1/4 Get Muon Ideal Geometry Record
RPCGeometryESModule :: produce :: 2/4 Get Muon DDD Constants
RPCGeometryESModule :: produce :: 3/4 Get Muon Numbering Record
in MuonNumberingInitialization::initializeMuonDDDConstants
about to make my new muonDDDConst_
in MuonNumberingInitialization::produce
RPCGeometryESModule :: produce :: 4/4 Build
Found:

	Barrel Stack layer 5 : 1008 stacks
	Barrel Stack layer 6 : 1320 stacks
	Barrel Stack layer 7 : 1836 stacks
	Barrel Stack layer 8 : 1152 stacks
	Barrel Stack layer 9 : 1488 stacks
	Barrel Stack layer 10 : 1824 stacks

	Endcap Stack disk 11 : 1360 stacks
	Endcap Stack disk 12 : 1360 stacks
	Endcap Stack disk 13 : 1360 stacks
	Endcap Stack disk 14 : 1360 stacks
	Endcap Stack disk 15 : 1360 stacks
Created 15428 stacks in 22 s

TTClusterBuilder< edm::Ref<edm::DetSetVector<PixelDigi>, PixelDigi, edm::refhelper::FindForDetSetVector<PixelDigi> > > loaded modules:
	TTClusterAlgorithm:	TTClusterAlgorithm_2d2013< edm::Ref<edm::DetSetVector<PixelDigi>, PixelDigi, edm::refhelper::FindForDetSetVector<PixelDigi> > >


TTStubBuilder< edm::Ref<edm::DetSetVector<PixelDigi>, PixelDigi, edm::refhelper::FindForDetSetVector<PixelDigi> > > loaded modules:
	TTStubAlgorithm:	TTStubAlgorithm_tab2013< edm::Ref<edm::DetSetVector<PixelDigi>, PixelDigi, edm::refhelper::FindForDetSetVector<PixelDigi> > >


TTClusterAssociator< edm::Ref<edm::DetSetVector<PixelDigi>, PixelDigi, edm::refhelper::FindForDetSetVector<PixelDigi> > > loaded.


TTStubAssociator< edm::Ref<edm::DetSetVector<PixelDigi>, PixelDigi, edm::refhelper::FindForDetSetVector<PixelDigi> > > loaded.


TTTrackAssociator< edm::Ref<edm::DetSetVector<PixelDigi>, PixelDigi, edm::refhelper::FindForDetSetVector<PixelDigi> > > loaded.

Begin processing the 1st record. Run 1, Event 41, LumiSection 5 at 02-Feb-2015 20:33:36.239 GMT
02-Feb-2015 20:33:43 GMT  Closed file root://xrootd.unl.edu//store/group/dpg_trigger/comm_trigger/L1TrackTrigger/620_SLHC10/Extended2023TTI/MinBias/MinBias_TuneZ2star_GEN_SIM_1.root
02-Feb-2015 20:33:43 GMT  Initiating request to open file root://xrootd.unl.edu//store/group/dpg_trigger/comm_trigger/L1TrackTrigger/620_SLHC10/Extended2023TTI/MinBias/MinBias_TuneZ2star_GEN_SIM_299.root
02-Feb-2015 20:34:16 GMT  Successfully opened file root://xrootd.unl.edu//store/group/dpg_trigger/comm_trigger/L1TrackTrigger/620_SLHC10/Extended2023TTI/MinBias/MinBias_TuneZ2star_GEN_SIM_299.root
150202 20:39:03 23813 Xrd: XrdClientMessage::ReadRaw: Failed to read header (8 bytes).
150202 20:39:33 23811 Xrd: XrdClientMessage::ReadRaw: Failed to read header (8 bytes).
150202 20:53:03 23347 Xrd: XrdClientMessage::ReadRaw: Failed to read header (8 bytes).
150202 20:53:03 23346 Xrd: XrdClientMessage::ReadRaw: Failed to read header (8 bytes).
02-Feb-2015 20:54:13 GMT  Closed file root://xrootd.unl.edu//store/group/dpg_trigger/comm_trigger/L1TrackTrigger/620_SLHC10/Extended2023TTI/MinBias/MinBias_TuneZ2star_GEN_SIM_299.root
02-Feb-2015 20:54:13 GMT  Initiating request to open file root://xrootd.unl.edu//store/group/dpg_trigger/comm_trigger/L1TrackTrigger/620_SLHC10/Extended2023TTI/MinBias/MinBias_TuneZ2star_GEN_SIM_98.root
150202 20:54:33 23810 Xrd: XrdClientMessage::ReadRaw: Failed to read header (8 bytes).
150202 20:54:33 23809 Xrd: XrdClientMessage::ReadRaw: Failed to read header (8 bytes).
150202 20:54:33 23812 Xrd: XrdClientMessage::ReadRaw: Failed to read header (8 bytes).
150202 20:54:44 9731 Xrd: CheckErrorStatus: Server [llrxrd-redir.in2p3.fr:1094] declared: session not found(error code: 3011)
150202 20:54:45 9731 Xrd: CheckErrorStatus: Server [lxbrf39c03.cern.ch:1098] declared: session not found(error code: 3011)
02-Feb-2015 20:54:45 GMT  Successfully opened file root://xrootd.unl.edu//store/group/dpg_trigger/comm_trigger/L1TrackTrigger/620_SLHC10/Extended2023TTI/MinBias/MinBias_TuneZ2star_GEN_SIM_98.root
150202 20:59:33 24665 Xrd: XrdClientMessage::ReadRaw: Failed to read header (8 bytes).
150202 21:00:03 10321 Xrd: XrdClientMessage::ReadRaw: Failed to read header (8 bytes).
02-Feb-2015 21:04:38 GMT  Closed file root://xrootd.unl.edu//store/group/dpg_trigger/comm_trigger/L1TrackTrigger/620_SLHC10/Extended2023TTI/MinBias/MinBias_TuneZ2star_GEN_SIM_98.root
02-Feb-2015 21:04:38 GMT  Initiating request to open file root://xrootd.unl.edu//store/group/dpg_trigger/comm_trigger/L1TrackTrigger/620_SLHC10/Extended2023TTI/MinBias/MinBias_TuneZ2star_GEN_SIM_958.root
150202 21:10:03 10324 Xrd: XrdClientMessage::ReadRaw: Failed to read header (8 bytes).
150202 21:10:38 18661 Xrd: CheckErrorStatus: Server [llrxrd-redir.in2p3.fr:1094] declared: session not found(error code: 3011)
02-Feb-2015 21:10:38 GMT  Successfully opened file root://xrootd.unl.edu//store/group/dpg_trigger/comm_trigger/L1TrackTrigger/620_SLHC10/Extended2023TTI/MinBias/MinBias_TuneZ2star_GEN_SIM_958.root
Building the geometry service
Warning did not find digi
Warning did not find digi
Warning did not find digi
Warning did not find digi
Warning did not find digi in disks
Warning did not find digi in disks
Warning did not find digi in disks
Warning did not find digi in disks
150202 21:16:03 23926 Xrd: XrdClientMessage::ReadRaw: Failed to read header (8 bytes).
02-Feb-2015 21:20:10 GMT  Closed file root://xrootd.unl.edu//store/group/dpg_trigger/comm_trigger/L1TrackTrigger/620_SLHC10/Extended2023TTI/MinBias/MinBias_TuneZ2star_GEN_SIM_958.root
02-Feb-2015 21:20:10 GMT  Initiating request to open file root://xrootd.unl.edu//store/group/dpg_trigger/comm_trigger/L1TrackTrigger/620_SLHC10/Extended2023TTI/MinBias/MinBias_TuneZ2star_GEN_SIM_531.root
150202 21:20:41 692 Xrd: CheckErrorStatus: Server [llrxrd-redir.in2p3.fr:1094] declared: session not found(error code: 3011)
02-Feb-2015 21:20:42 GMT  Successfully opened file root://xrootd.unl.edu//store/group/dpg_trigger/comm_trigger/L1TrackTrigger/620_SLHC10/Extended2023TTI/MinBias/MinBias_TuneZ2star_GEN_SIM_531.root
150202 21:25:33 23930 Xrd: XrdClientMessage::ReadRaw: Failed to read header (8 bytes).
150202 21:26:03 940 Xrd: XrdClientMessage::ReadRaw: Failed to read header (8 bytes).
02-Feb-2015 21:30:50 GMT  Closed file root://xrootd.unl.edu//store/group/dpg_trigger/comm_trigger/L1TrackTrigger/620_SLHC10/Extended2023TTI/MinBias/MinBias_TuneZ2star_GEN_SIM_531.root
02-Feb-2015 21:30:50 GMT  Initiating request to open file root://xrootd.unl.edu//store/group/dpg_trigger/comm_trigger/L1TrackTrigger/620_SLHC10/Extended2023TTI/MinBias/MinBias_TuneZ2star_GEN_SIM_417.root
150202 21:31:21 9674 Xrd: CheckErrorStatus: Server [cms-xrd-global.cern.ch:1094] declared: session not found(error code: 3011)
150202 21:31:21 9674 Xrd: CheckErrorStatus: Server [xrootd.ba.infn.it:1094] declared: session not found(error code: 3011)
02-Feb-2015 21:31:21 GMT  Successfully opened file root://xrootd.unl.edu//store/group/dpg_trigger/comm_trigger/L1TrackTrigger/620_SLHC10/Extended2023TTI/MinBias/MinBias_TuneZ2star_GEN_SIM_417.root
150202 21:36:03 941 Xrd: XrdClientMessage::ReadRaw: Failed to read header (8 bytes).
150202 21:36:32 10147 Xrd: XrdClientMessage::ReadRaw: Failed to read header (8 bytes).
150202 21:41:03 10320 Xrd: XrdClientMessage::ReadRaw: Failed to read header (8 bytes).
02-Feb-2015 21:47:17 GMT  Closed file root://xrootd.unl.edu//store/group/dpg_trigger/comm_trigger/L1TrackTrigger/620_SLHC10/Extended2023TTI/MinBias/MinBias_TuneZ2star_GEN_SIM_417.root
02-Feb-2015 21:47:17 GMT  Initiating request to open file root://xrootd.unl.edu//store/group/dpg_trigger/comm_trigger/L1TrackTrigger/620_SLHC10/Extended2023TTI/MinBias/MinBias_TuneZ2star_GEN_SIM_698.root
150202 21:47:48 23956 Xrd: CheckErrorStatus: Server [cms-xrd-global.cern.ch:1094] declared: session not found(error code: 3011)
150202 21:47:48 23956 Xrd: CheckErrorStatus: Server [llrxrd-redir.in2p3.fr:1094] declared: session not found(error code: 3011)
02-Feb-2015 21:47:49 GMT  Successfully opened file root://xrootd.unl.edu//store/group/dpg_trigger/comm_trigger/L1TrackTrigger/620_SLHC10/Extended2023TTI/MinBias/MinBias_TuneZ2star_GEN_SIM_698.root
150202 21:51:33 10146 Xrd: XrdClientMessage::ReadRaw: Failed to read header (8 bytes).
150202 21:52:33 10148 Xrd: XrdClientMessage::ReadRaw: Failed to read header (8 bytes).
150202 21:53:03 24187 Xrd: XrdClientMessage::ReadRaw: Failed to read header (8 bytes).
02-Feb-2015 22:02:09 GMT  Closed file root://xrootd.unl.edu//store/group/dpg_trigger/comm_trigger/L1TrackTrigger/620_SLHC10/Extended2023TTI/MinBias/MinBias_TuneZ2star_GEN_SIM_698.root
02-Feb-2015 22:02:09 GMT  Initiating request to open file root://xrootd.unl.edu//store/group/dpg_trigger/comm_trigger/L1TrackTrigger/620_SLHC10/Extended2023TTI/MinBias/MinBias_TuneZ2star_GEN_SIM_467.root
150202 22:04:40 2774 Xrd: CheckErrorStatus: Server [xrootd-redic.pi.infn.it:1094] declared: session not found(error code: 3011)
02-Feb-2015 22:04:40 GMT  Successfully opened file root://xrootd.unl.edu//store/group/dpg_trigger/comm_trigger/L1TrackTrigger/620_SLHC10/Extended2023TTI/MinBias/MinBias_TuneZ2star_GEN_SIM_467.root
150202 22:07:33 24188 Xrd: XrdClientMessage::ReadRaw: Failed to read header (8 bytes).
150202 22:08:03 24186 Xrd: XrdClientMessage::ReadRaw: Failed to read header (8 bytes).
02-Feb-2015 22:08:12 GMT  Closed file root://xrootd.unl.edu//store/group/dpg_trigger/comm_trigger/L1TrackTrigger/620_SLHC10/Extended2023TTI/MinBias/MinBias_TuneZ2star_GEN_SIM_467.root
02-Feb-2015 22:08:12 GMT  Initiating request to open file root://xrootd.unl.edu//store/group/dpg_trigger/comm_trigger/L1TrackTrigger/620_SLHC10/Extended2023TTI/MinBias/MinBias_TuneZ2star_GEN_SIM_430.root
150202 22:10:03 10447 Xrd: XrdClientMessage::ReadRaw: Failed to read header (8 bytes).
150202 22:11:06 13083 Xrd: CheckErrorStatus: Server [xrootd-redic.pi.infn.it:1094] declared: session not found(error code: 3011)
150202 22:11:06 13083 Xrd: CheckErrorStatus: Server [eoscms.cern.ch:1094] declared: session not found(error code: 3011)
02-Feb-2015 22:11:06 GMT  Successfully opened file root://xrootd.unl.edu//store/group/dpg_trigger/comm_trigger/L1TrackTrigger/620_SLHC10/Extended2023TTI/MinBias/MinBias_TuneZ2star_GEN_SIM_430.root
150202 22:13:32 10448 Xrd: XrdClientMessage::ReadRaw: Failed to read header (8 bytes).
02-Feb-2015 22:15:51 GMT  Closed file root://xrootd.unl.edu//store/group/dpg_trigger/comm_trigger/L1TrackTrigger/620_SLHC10/Extended2023TTI/MinBias/MinBias_TuneZ2star_GEN_SIM_430.root
02-Feb-2015 22:15:51 GMT  Initiating request to open file root://xrootd.unl.edu//store/group/dpg_trigger/comm_trigger/L1TrackTrigger/620_SLHC10/Extended2023TTI/MinBias/MinBias_TuneZ2star_GEN_SIM_982.root
150202 22:16:33 15277 Xrd: XrdClientMessage::ReadRaw: Failed to read header (8 bytes).
150202 22:21:03 15278 Xrd: XrdClientMessage::ReadRaw: Failed to read header (8 bytes).
150202 22:24:22 19152 Xrd: CheckErrorStatus: Server [cms-xrd-global.cern.ch:1094] declared: session not found(error code: 3011)
150202 22:24:22 19152 Xrd: CheckErrorStatus: Server [xrootd.ba.infn.it:1094] declared: session not found(error code: 3011)
02-Feb-2015 22:24:22 GMT  Successfully opened file root://xrootd.unl.edu//store/group/dpg_trigger/comm_trigger/L1TrackTrigger/620_SLHC10/Extended2023TTI/MinBias/MinBias_TuneZ2star_GEN_SIM_982.root
02-Feb-2015 22:29:28 GMT  Closed file root://xrootd.unl.edu//store/group/dpg_trigger/comm_trigger/L1TrackTrigger/620_SLHC10/Extended2023TTI/MinBias/MinBias_TuneZ2star_GEN_SIM_982.root
02-Feb-2015 22:29:28 GMT  Initiating request to open file root://xrootd.unl.edu//store/group/dpg_trigger/comm_trigger/L1TrackTrigger/620_SLHC10/Extended2023TTI/MinBias/MinBias_TuneZ2star_GEN_SIM_777.root
150202 22:29:28 26222 Xrd: XrdClientMessage::ReadRaw: Failed to read header (8 bytes).
150202 22:29:28 29795 Xrd: CheckErrorStatus: Server [cms-xrd-global.cern.ch:1094] declared: session not found(error code: 3011)
150202 22:29:28 29795 Xrd: CheckErrorStatus: Server [llrxrd-redir.in2p3.fr:1094] declared: session not found(error code: 3011)
02-Feb-2015 22:29:28 GMT  Successfully opened file root://xrootd.unl.edu//store/group/dpg_trigger/comm_trigger/L1TrackTrigger/620_SLHC10/Extended2023TTI/MinBias/MinBias_TuneZ2star_GEN_SIM_777.root
150202 22:31:33 10444 Xrd: XrdClientMessage::ReadRaw: Failed to read header (8 bytes).
150202 22:34:32 29797 Xrd: XrdClientMessage::ReadRaw: Failed to read header (8 bytes).
150202 22:34:33 26224 Xrd: XrdClientMessage::ReadRaw: Failed to read header (8 bytes).
02-Feb-2015 22:34:39 GMT  Closed file root://xrootd.unl.edu//store/group/dpg_trigger/comm_trigger/L1TrackTrigger/620_SLHC10/Extended2023TTI/MinBias/MinBias_TuneZ2star_GEN_SIM_777.root
02-Feb-2015 22:34:39 GMT  Initiating request to open file root://xrootd.unl.edu//store/group/dpg_trigger/comm_trigger/L1TrackTrigger/620_SLHC10/Extended2023TTI/MinBias/MinBias_TuneZ2star_GEN_SIM_147.root
150202 22:35:10 1188 Xrd: CheckErrorStatus: Server [llrxrd-redir.in2p3.fr:1094] declared: session not found(error code: 3011)
02-Feb-2015 22:35:10 GMT  Successfully opened file root://xrootd.unl.edu//store/group/dpg_trigger/comm_trigger/L1TrackTrigger/620_SLHC10/Extended2023TTI/MinBias/MinBias_TuneZ2star_GEN_SIM_147.root
02-Feb-2015 22:38:58 GMT  Closed file root://xrootd.unl.edu//store/group/dpg_trigger/comm_trigger/L1TrackTrigger/620_SLHC10/Extended2023TTI/MinBias/MinBias_TuneZ2star_GEN_SIM_147.root
02-Feb-2015 22:38:58 GMT  Initiating request to open file root://xrootd.unl.edu//store/group/dpg_trigger/comm_trigger/L1TrackTrigger/620_SLHC10/Extended2023TTI/MinBias/MinBias_TuneZ2star_GEN_SIM_975.root
02-Feb-2015 22:39:29 GMT  Successfully opened file root://xrootd.unl.edu//store/group/dpg_trigger/comm_trigger/L1TrackTrigger/620_SLHC10/Extended2023TTI/MinBias/MinBias_TuneZ2star_GEN_SIM_975.root
150202 22:40:03 29798 Xrd: XrdClientMessage::ReadRaw: Failed to read header (8 bytes).
02-Feb-2015 22:43:39 GMT  Closed file root://xrootd.unl.edu//store/group/dpg_trigger/comm_trigger/L1TrackTrigger/620_SLHC10/Extended2023TTI/MinBias/MinBias_TuneZ2star_GEN_SIM_975.root
02-Feb-2015 22:43:39 GMT  Initiating request to open file root://xrootd.unl.edu//store/group/dpg_trigger/comm_trigger/L1TrackTrigger/620_SLHC10/Extended2023TTI/MinBias/MinBias_TuneZ2star_GEN_SIM_810.root
150202 22:44:03 1650 Xrd: XrdClientMessage::ReadRaw: Failed to read header (8 bytes).
150202 22:44:10 6950 Xrd: CheckErrorStatus: Server [cms-xrd-global.cern.ch:1094] declared: session not found(error code: 3011)
02-Feb-2015 22:44:11 GMT  Successfully opened file root://xrootd.unl.edu//store/group/dpg_trigger/comm_trigger/L1TrackTrigger/620_SLHC10/Extended2023TTI/MinBias/MinBias_TuneZ2star_GEN_SIM_810.root
150202 22:44:33 26219 Xrd: XrdClientMessage::ReadRaw: Failed to read header (8 bytes).
02-Feb-2015 22:47:39 GMT  Closed file root://xrootd.unl.edu//store/group/dpg_trigger/comm_trigger/L1TrackTrigger/620_SLHC10/Extended2023TTI/MinBias/MinBias_TuneZ2star_GEN_SIM_810.root
02-Feb-2015 22:47:39 GMT  Initiating request to open file root://xrootd.unl.edu//store/group/dpg_trigger/comm_trigger/L1TrackTrigger/620_SLHC10/Extended2023TTI/MinBias/MinBias_TuneZ2star_GEN_SIM_401.root
150202 22:48:10 15354 Xrd: CheckErrorStatus: Server [cms-xrd-global.cern.ch:1094] declared: session not found(error code: 3011)
02-Feb-2015 22:48:11 GMT  Successfully opened file root://xrootd.unl.edu//store/group/dpg_trigger/comm_trigger/L1TrackTrigger/620_SLHC10/Extended2023TTI/MinBias/MinBias_TuneZ2star_GEN_SIM_401.root
02-Feb-2015 22:51:36 GMT  Closed file root://xrootd.unl.edu//store/group/dpg_trigger/comm_trigger/L1TrackTrigger/620_SLHC10/Extended2023TTI/MinBias/MinBias_TuneZ2star_GEN_SIM_401.root
02-Feb-2015 22:51:36 GMT  Initiating request to open file root://xrootd.unl.edu//store/group/dpg_trigger/comm_trigger/L1TrackTrigger/620_SLHC10/Extended2023TTI/MinBias/MinBias_TuneZ2star_GEN_SIM_982.root
02-Feb-2015 22:52:07 GMT  Successfully opened file root://xrootd.unl.edu//store/group/dpg_trigger/comm_trigger/L1TrackTrigger/620_SLHC10/Extended2023TTI/MinBias/MinBias_TuneZ2star_GEN_SIM_982.root
150202 22:53:03 4344 Xrd: XrdClientMessage::ReadRaw: Failed to read header (8 bytes).
02-Feb-2015 22:54:56 GMT  Closed file root://xrootd.unl.edu//store/group/dpg_trigger/comm_trigger/L1TrackTrigger/620_SLHC10/Extended2023TTI/MinBias/MinBias_TuneZ2star_GEN_SIM_982.root
02-Feb-2015 22:54:56 GMT  Initiating request to open file root://xrootd.unl.edu//store/group/dpg_trigger/comm_trigger/L1TrackTrigger/620_SLHC10/Extended2023TTI/MinBias/MinBias_TuneZ2star_GEN_SIM_437.root
02-Feb-2015 22:55:27 GMT  Successfully opened file root://xrootd.unl.edu//store/group/dpg_trigger/comm_trigger/L1TrackTrigger/620_SLHC10/Extended2023TTI/MinBias/MinBias_TuneZ2star_GEN_SIM_437.root
150202 22:57:03 15716 Xrd: XrdClientMessage::ReadRaw: Failed to read header (8 bytes).
02-Feb-2015 22:58:30 GMT  Closed file root://xrootd.unl.edu//store/group/dpg_trigger/comm_trigger/L1TrackTrigger/620_SLHC10/Extended2023TTI/MinBias/MinBias_TuneZ2star_GEN_SIM_437.root
02-Feb-2015 22:58:30 GMT  Initiating request to open file root://xrootd.unl.edu//store/group/dpg_trigger/comm_trigger/L1TrackTrigger/620_SLHC10/Extended2023TTI/MinBias/MinBias_TuneZ2star_GEN_SIM_841.root
02-Feb-2015 22:58:31 GMT  Successfully opened file root://xrootd.unl.edu//store/group/dpg_trigger/comm_trigger/L1TrackTrigger/620_SLHC10/Extended2023TTI/MinBias/MinBias_TuneZ2star_GEN_SIM_841.root
150202 22:59:33 29796 Xrd: XrdClientMessage::ReadRaw: Failed to read header (8 bytes).
150202 23:00:03 17543 Xrd: XrdClientMessage::ReadRaw: Failed to read header (8 bytes).
02-Feb-2015 23:01:12 GMT  Closed file root://xrootd.unl.edu//store/group/dpg_trigger/comm_trigger/L1TrackTrigger/620_SLHC10/Extended2023TTI/MinBias/MinBias_TuneZ2star_GEN_SIM_841.root
02-Feb-2015 23:01:12 GMT  Initiating request to open file root://xrootd.unl.edu//store/group/dpg_trigger/comm_trigger/L1TrackTrigger/620_SLHC10/Extended2023TTI/MinBias/MinBias_TuneZ2star_GEN_SIM_758.root
02-Feb-2015 23:01:43 GMT  Successfully opened file root://xrootd.unl.edu//store/group/dpg_trigger/comm_trigger/L1TrackTrigger/620_SLHC10/Extended2023TTI/MinBias/MinBias_TuneZ2star_GEN_SIM_758.root
150202 23:03:33 19405 Xrd: XrdClientMessage::ReadRaw: Failed to read header (8 bytes).
150202 23:06:33 20679 Xrd: XrdClientMessage::ReadRaw: Failed to read header (8 bytes).
02-Feb-2015 23:06:56 GMT  Closed file root://xrootd.unl.edu//store/group/dpg_trigger/comm_trigger/L1TrackTrigger/620_SLHC10/Extended2023TTI/MinBias/MinBias_TuneZ2star_GEN_SIM_758.root
02-Feb-2015 23:06:56 GMT  Initiating request to open file root://xrootd.unl.edu//store/group/dpg_trigger/comm_trigger/L1TrackTrigger/620_SLHC10/Extended2023TTI/MinBias/MinBias_TuneZ2star_GEN_SIM_912.root
02-Feb-2015 23:06:57 GMT  Successfully opened file root://xrootd.unl.edu//store/group/dpg_trigger/comm_trigger/L1TrackTrigger/620_SLHC10/Extended2023TTI/MinBias/MinBias_TuneZ2star_GEN_SIM_912.root
02-Feb-2015 23:08:28 GMT  Closed file root://xrootd.unl.edu//store/group/dpg_trigger/comm_trigger/L1TrackTrigger/620_SLHC10/Extended2023TTI/MinBias/MinBias_TuneZ2star_GEN_SIM_912.root
02-Feb-2015 23:08:28 GMT  Initiating request to open file root://xrootd.unl.edu//store/group/dpg_trigger/comm_trigger/L1TrackTrigger/620_SLHC10/Extended2023TTI/MinBias/MinBias_TuneZ2star_GEN_SIM_36.root
150202 23:08:59 1647 Xrd: XrdClientMessage::ReadRaw: Failed to read header (8 bytes).
02-Feb-2015 23:08:59 GMT  Successfully opened file root://xrootd.unl.edu//store/group/dpg_trigger/comm_trigger/L1TrackTrigger/620_SLHC10/Extended2023TTI/MinBias/MinBias_TuneZ2star_GEN_SIM_36.root
150202 23:12:03 23627 Xrd: XrdClientMessage::ReadRaw: Failed to read header (8 bytes).
02-Feb-2015 23:12:51 GMT  Closed file root://xrootd.unl.edu//store/group/dpg_trigger/comm_trigger/L1TrackTrigger/620_SLHC10/Extended2023TTI/MinBias/MinBias_TuneZ2star_GEN_SIM_36.root
02-Feb-2015 23:12:51 GMT  Initiating request to open file root://xrootd.unl.edu//store/group/dpg_trigger/comm_trigger/L1TrackTrigger/620_SLHC10/Extended2023TTI/MinBias/MinBias_TuneZ2star_GEN_SIM_159.root
02-Feb-2015 23:13:22 GMT  Successfully opened file root://xrootd.unl.edu//store/group/dpg_trigger/comm_trigger/L1TrackTrigger/620_SLHC10/Extended2023TTI/MinBias/MinBias_TuneZ2star_GEN_SIM_159.root
150202 23:13:33 3000 Xrd: XrdClientMessage::ReadRaw: Failed to read header (8 bytes).
02-Feb-2015 23:15:05 GMT  Closed file root://xrootd.unl.edu//store/group/dpg_trigger/comm_trigger/L1TrackTrigger/620_SLHC10/Extended2023TTI/MinBias/MinBias_TuneZ2star_GEN_SIM_159.root
02-Feb-2015 23:15:05 GMT  Initiating request to open file root://xrootd.unl.edu//store/group/dpg_trigger/comm_trigger/L1TrackTrigger/620_SLHC10/Extended2023TTI/MinBias/MinBias_TuneZ2star_GEN_SIM_709.root
150202 23:15:33 7321 Xrd: XrdClientMessage::ReadRaw: Failed to read header (8 bytes).
02-Feb-2015 23:15:36 GMT  Successfully opened file root://xrootd.unl.edu//store/group/dpg_trigger/comm_trigger/L1TrackTrigger/620_SLHC10/Extended2023TTI/MinBias/MinBias_TuneZ2star_GEN_SIM_709.root
02-Feb-2015 23:17:26 GMT  Closed file root://xrootd.unl.edu//store/group/dpg_trigger/comm_trigger/L1TrackTrigger/620_SLHC10/Extended2023TTI/MinBias/MinBias_TuneZ2star_GEN_SIM_709.root
02-Feb-2015 23:17:26 GMT  Initiating request to open file root://xrootd.unl.edu//store/group/dpg_trigger/comm_trigger/L1TrackTrigger/620_SLHC10/Extended2023TTI/MinBias/MinBias_TuneZ2star_GEN_SIM_523.root
150202 23:17:56 7998 Xrd: CheckErrorStatus: Server [cms-xrd-global.cern.ch:1094] declared: session not found(error code: 3011)
02-Feb-2015 23:17:56 GMT  Successfully opened file root://xrootd.unl.edu//store/group/dpg_trigger/comm_trigger/L1TrackTrigger/620_SLHC10/Extended2023TTI/MinBias/MinBias_TuneZ2star_GEN_SIM_523.root
150202 23:17:57 3533 Xrd: XrdClientMessage::ReadRaw: Failed to read header (8 bytes).
02-Feb-2015 23:19:24 GMT  Closed file root://dcap.pp.rl.ac.uk:1094/pnfs/pp.rl.ac.uk/data/cms/store/user/dcieri/ttbar_SIM/ttbar/ttbar_SIM/150129_145223/0000/step1_5.root
02-Feb-2015 23:19:25 GMT  Closed file root://xrootd.unl.edu//store/group/dpg_trigger/comm_trigger/L1TrackTrigger/620_SLHC10/Extended2023TTI/MinBias/MinBias_TuneZ2star_GEN_SIM_523.root

=============================================

MessageLogger Summary

 type     category        sev    module        subroutine        count    total
 ---- -------------------- -- ---------------- ----------------  -----    -----
    1 fileAction           -s MixingModule:mix                      69       69
    2 fileAction           -s MixingModule:mix                       2        2
    3 fileAction           -s MixingModule:mix                       1        1
    4 fileAction           -s file_close                             1        1
    5 fileAction           -s file_open                              2        2

 type    category    Examples: run/evt        run/evt          run/evt
 ---- -------------------- ---------------- ---------------- ----------------
    1 fileAction           1/41             1/41             1/50
    2 fileAction           pre-events       pre-events       
    3 fileAction           PostEndRun                        
    4 fileAction           PostEndRun                        
    5 fileAction           pre-events       pre-events       

Severity    # Occurrences   Total Occurrences
--------    -------------   -----------------
System                 75                  75
>>> END OF printout of 217 lines from stdout+stderr
>>> Parse FrameworkJobReport crab_fjr.xml
Result of parsing the FrameworkJobReport crab_fjr.xml: 
Extracted ExitStatus from FrameworkJobReport parsing output: 0
>>> Executable succeded  0
ExeExitCode=0
EXECUTABLE_EXIT_STATUS = 0
>>> current directory /scratch/condor/dir_29069/glide_Hz5PLX/execute/dir_21820/CMSSW_6_2_0_SLHC12
>>>  (SOFTWARE_DIR): /scratch/condor/dir_29069/glide_Hz5PLX/execute/dir_21820/CMSSW_6_2_0_SLHC12
>>> (WORKING_DIR): 
>>> current directory content:
total 232648
drwxr-xr-x 3 cms415 gplcms      4096 Feb  2 20:32 .SCRAM
-rw------- 1 cms415 gplcms    915837 Feb  2 20:32 CMSSW.py.pkl
drwxr-xr-x 3 cms415 gplcms      4096 Feb  2 20:32 bin
drwxr-xr-x 3 cms415 gplcms      4096 Feb  2 20:32 cfipython
drwxr-xr-x 4 cms415 gplcms      4096 Apr 28  2014 config
-rw------- 1 cms415 gplcms        17 Feb  2 23:19 cpu_timing.txt
drwxr-xr-x 2 cms415 gplcms      4096 Feb  2 20:32 doc
-rw------- 1 cms415 gplcms     24415 Feb  2 23:19 executable.out
drwxr-xr-x 2 cms415 gplcms      4096 Feb  2 20:32 include
drwx------ 3 cms415 gplcms      4096 Oct  7 10:12 lib
drwxr-xr-x 3 cms415 gplcms      4096 Feb  2 20:32 logs
drwxr-xr-x 3 cms415 gplcms      4096 Feb  2 20:32 objs
-rw------- 1 cms415 gplcms       104 Feb  2 20:32 pset.py
-rw------- 1 cms415 gplcms    926827 Feb  2 20:32 pset.py.pkl
-rw------- 1 cms415 gplcms       289 Feb  2 20:32 pset.pyc
drwxr-xr-x 2 cms415 gplcms      4096 Feb  2 20:32 python
-rw------- 1 cms415 gplcms       359 Feb  2 23:19 report.log
drwxr-xr-x 2 cms415 gplcms      4096 Feb  2 20:32 src
-rw------- 1 cms415 gplcms 236040483 Feb  2 23:19 step2.root
drwxr-xr-x 3 cms415 gplcms      4096 Feb  2 20:32 test
drwxr-xr-x 3 cms415 gplcms      4096 Feb  2 20:32 tmp
>>> current directory /scratch/condor/dir_29069/glide_Hz5PLX/execute/dir_21820/CMSSW_6_2_0_SLHC12
>>> (SOFTWARE_DIR): /scratch/condor/dir_29069/glide_Hz5PLX/execute/dir_21820/CMSSW_6_2_0_SLHC12
>>> (WORKING_DIR): 
>>> current directory content:
total 232648
drwxr-xr-x 3 cms415 gplcms      4096 Feb  2 20:32 .SCRAM
-rw------- 1 cms415 gplcms    915837 Feb  2 20:32 CMSSW.py.pkl
drwxr-xr-x 3 cms415 gplcms      4096 Feb  2 20:32 bin
drwxr-xr-x 3 cms415 gplcms      4096 Feb  2 20:32 cfipython
drwxr-xr-x 4 cms415 gplcms      4096 Apr 28  2014 config
-rw------- 1 cms415 gplcms        17 Feb  2 23:19 cpu_timing.txt
drwxr-xr-x 2 cms415 gplcms      4096 Feb  2 20:32 doc
-rw------- 1 cms415 gplcms     24415 Feb  2 23:19 executable.out
drwxr-xr-x 2 cms415 gplcms      4096 Feb  2 20:32 include
drwx------ 3 cms415 gplcms      4096 Oct  7 10:12 lib
drwxr-xr-x 3 cms415 gplcms      4096 Feb  2 20:32 logs
drwxr-xr-x 3 cms415 gplcms      4096 Feb  2 20:32 objs
-rw------- 1 cms415 gplcms       104 Feb  2 20:32 pset.py
-rw------- 1 cms415 gplcms    926827 Feb  2 20:32 pset.py.pkl
-rw------- 1 cms415 gplcms       289 Feb  2 20:32 pset.pyc
drwxr-xr-x 2 cms415 gplcms      4096 Feb  2 20:32 python
-rw------- 1 cms415 gplcms       359 Feb  2 23:19 report.log
drwxr-xr-x 2 cms415 gplcms      4096 Feb  2 20:32 src
-rw------- 1 cms415 gplcms 236040483 Feb  2 23:19 step2_343_1_gh3.root
drwxr-xr-x 3 cms415 gplcms      4096 Feb  2 20:32 test
drwxr-xr-x 3 cms415 gplcms      4096 Feb  2 20:32 tmp
>>> current directory (RUNTIME_AREA):  /scratch/condor/dir_29069/glide_Hz5PLX/execute/dir_21820
PNN = T2_UK_SGrid_RALPP
SE = heplnx204.pp.rl.ac.uk
SE_PATH = /srm/managerv2?SFN=/pnfs/pp.rl.ac.uk/data/cms/store/user/dcieri/ttbar_PU140_DIGI/dcieri/ttbar/ttbar_PU140_DIGI/3c0380cf82de79bc39966c93934c61fc/
LFNBaseName = /store/user/dcieri/ttbar_PU140_DIGI/dcieri/ttbar/ttbar_PU140_DIGI/3c0380cf82de79bc39966c93934c61fc/
USER = dcieri
endpoint = srm://heplnx204.pp.rl.ac.uk:8443/srm/managerv2?SFN=/pnfs/pp.rl.ac.uk/data/cms/store/user/dcieri/ttbar_PU140_DIGI/dcieri/ttbar/ttbar_PU140_DIGI/3c0380cf82de79bc39966c93934c61fc/
>>> Copy output files from WN = heplnc014.pp.rl.ac.uk to /srm/managerv2?SFN=/pnfs/pp.rl.ac.uk/data/cms/store/user/dcieri/ttbar_PU140_DIGI/dcieri/ttbar/ttbar_PU140_DIGI/3c0380cf82de79bc39966c93934c61fc/ :
python cmscp.py  --destination srm://heplnx204.pp.rl.ac.uk:8443/srm/managerv2?SFN=/pnfs/pp.rl.ac.uk/data/cms/store/user/dcieri/ttbar_PU140_DIGI/dcieri/ttbar/ttbar_PU140_DIGI/3c0380cf82de79bc39966c93934c61fc/ --inputFileList /scratch/condor/dir_29069/glide_Hz5PLX/execute/dir_21820/CMSSW_6_2_0_SLHC12/step2_343_1_gh3.root --middleware LCG --PNN T2_UK_SGrid_RALPP --se_name heplnx204.pp.rl.ac.uk --for_lfn /store/user/dcieri/ttbar_PU140_DIGI/dcieri/ttbar/ttbar_PU140_DIGI/3c0380cf82de79bc39966c93934c61fc/    
******************************************************
localSeName  =  heplnx204.pp.rl.ac.uk
remoteSeName =  heplnx204.pp.rl.ac.uk
******************************************************
{"/scratch/condor/dir_29069/glide_Hz5PLX/execute/dir_21820/CMSSW_6_2_0_SLHC12/step2_343_1_gh3.root": {"endpoint": "srm://heplnx204.pp.rl.ac.uk:8443/srm/managerv2?SFN=/pnfs/pp.rl.ac.uk/data/cms/store/user/dcieri/ttbar_PU140_DIGI/dcieri/ttbar/ttbar_PU140_DIGI/3c0380cf82de79bc39966c93934c61fc/", "surl_for_grid": "", "reason": "Copy succedeed with srm-lcg utils", "erCode": "0", "PNN": "T2_UK_SGrid_RALPP", "se_name": "heplnx204.pp.rl.ac.uk", "for_lfn": "/store/user/dcieri/ttbar_PU140_DIGI/dcieri/ttbar/ttbar_PU140_DIGI/3c0380cf82de79bc39966c93934c61fc/"}}/scratch/condor/dir_29069/glide_Hz5PLX/execute/dir_21820
-------- cat /scratch/condor/dir_29069/glide_Hz5PLX/execute/dir_21820/cmscpReport.sh 
#!/bin/bash
echo "Report for File: /scratch/condor/dir_29069/glide_Hz5PLX/execute/dir_21820/CMSSW_6_2_0_SLHC12/step2_343_1_gh3.root"
echo "LFN: /store/user/dcieri/ttbar_PU140_DIGI/dcieri/ttbar/ttbar_PU140_DIGI/3c0380cf82de79bc39966c93934c61fc/step2_343_1_gh3.root"
echo "StorageElement: heplnx204.pp.rl.ac.uk"
echo "StageOutExitStatusReason = 'Copy succedeed with srm-lcg utils'" | tee -a $RUNTIME_AREA/$repo
echo "StageOutSE = heplnx204.pp.rl.ac.uk" >> $RUNTIME_AREA/$repo

export StageOutExitStatus=0
echo "StageOutExitStatus = 0" | tee -a $RUNTIME_AREA/$repo
-------- end of /scratch/condor/dir_29069/glide_Hz5PLX/execute/dir_21820/cmscpReport.sh 
Report for File: /scratch/condor/dir_29069/glide_Hz5PLX/execute/dir_21820/CMSSW_6_2_0_SLHC12/step2_343_1_gh3.root
LFN: /store/user/dcieri/ttbar_PU140_DIGI/dcieri/ttbar/ttbar_PU140_DIGI/3c0380cf82de79bc39966c93934c61fc/step2_343_1_gh3.root
StorageElement: heplnx204.pp.rl.ac.uk
StageOutExitStatusReason = 'Copy succedeed with srm-lcg utils'
StageOutExitStatus = 0
>>> current dir: /scratch/condor/dir_29069/glide_Hz5PLX/execute/dir_21820
>>> current dir content:
total 8824
-rw-------  1 cms415 gplcms    2734 Feb  2 23:20 .SEinteraction.log
-rwx------  1 cms415 gplcms      52 Feb  2 20:31 .chirp_config
-rwx------  1 cms415 gplcms    7836 Feb  2 20:31 .job.ad
-rwx------  1 cms415 gplcms    9793 Feb  2 20:31 .machine.ad
-rw-------  1 cms415 gplcms     105 Feb  2 12:16 CMSSW.py
-rw-------  1 cms415 gplcms  915837 Feb  2 12:16 CMSSW.py.pkl
-rwx------  1 cms415 gplcms   29498 Feb  2 20:32 CMSSW.sh
drwxr-xr-x 15 cms415 gplcms    4096 Feb  2 23:19 CMSSW_6_2_0_SLHC12
-rw-------  1 cms415 gplcms     190 Feb  2 20:32 CacheEnv.sh
-rw-------  1 cms415 gplcms    7291 Nov 19 14:52 DashboardAPI.py
-rw-------  1 cms415 gplcms    6470 Feb  2 20:32 DashboardAPI.pyc
drwx------  2 cms415 gplcms    4096 Feb  2 23:19 IMProv
-rw-------  1 cms415 gplcms    2748 Nov 19 14:52 Logger.py
-rw-------  1 cms415 gplcms    3232 Feb  2 20:32 Logger.pyc
-rw-------  1 cms415 gplcms   24524 Nov 19 14:52 ProcInfo.py
-rw-------  1 cms415 gplcms   22645 Feb  2 20:32 ProcInfo.pyc
drwx------  7 cms415 gplcms    4096 Feb  2 20:32 ProdCommon
drwx------  3 cms415 gplcms    4096 Feb  2 20:32 WMCore
-rw-------  1 cms415 gplcms   12173 Feb  2 23:20 Watchdog_343.log
-rwx------  1 cms415 gplcms       0 Feb  2 20:32 _condor_stderr
-rwx---r--  1 cms415 gplcms   39188 Feb  2 23:20 _condor_stdout
-rw-------  1 cms415 gplcms   32895 Nov 19 14:52 apmon.py
-rw-------  1 cms415 gplcms   27958 Feb  2 20:32 apmon.pyc
-rwx------  1 cms415 gplcms  134309 Feb  2 20:32 arguments.xml
-rwx------  1 cms415 gplcms   38581 Nov 19 14:52 cmscp.py
-rw-------  1 cms415 gplcms     562 Feb  2 23:20 cmscpReport.sh
-rwx------  1 cms415 gplcms   29498 Feb  2 20:32 condor_exec.exe
-rw-------  1 cms415 gplcms     544 Feb  2 12:16 crab.cfg
-rwx------  1 cms415 gplcms    8610 Nov 19 14:52 crabWatchdog.sh
-rwx---r--  1 cms415 gplcms  112084 Feb  2 23:19 crab_fjr_343.xml
-rwx------  1 cms415 gplcms 7390485 Feb  2 20:32 default.tgz
-rwx------  1 cms415 gplcms    4488 Nov 19 14:52 fillCrabFjr.py
-rw-------  1 cms415 gplcms     224 Feb  2 20:32 inputsReport.txt
-rw-------  1 cms415 gplcms     245 Feb  2 23:20 jobreport.txt
-rw-------  1 cms415 gplcms   17352 Nov 19 14:52 parseCrabFjr.py
-rw-------  1 cms415 gplcms     324 Feb  2 20:32 report.log
-rwx--x--x  1 cms415 gplcms    1497 Nov 19 14:52 report.py
-rw-------  1 cms415 gplcms     555 Feb  2 23:20 resultCopyFile
lrwxrwxrwx  1 cms415 gplcms      96 Feb  2 23:19 step2.root -> /scratch/condor/dir_29069/glide_Hz5PLX/execute/dir_21820/CMSSW_6_2_0_SLHC12/step2_343_1_gh3.root
-rwx------  1 cms415 gplcms    8351 Nov 19 14:52 writeCfg.py
-rw-------  1 cms415 gplcms   10293 Feb  2 20:31 x509up_u62281
>>> Modify Job Report:
CMSSW_VERSION = CMSSW_6_2_0_SLHC12
ProcessedDataset = ttbar_PU140_DIGI
/scratch/condor/dir_29069/glide_Hz5PLX/execute/dir_21820/ProdCommon/FwkJobRep/ModifyJobReport.py fjr /scratch/condor/dir_29069/glide_Hz5PLX/execute/dir_21820/crab_fjr_343.xml json /scratch/condor/dir_29069/glide_Hz5PLX/execute/dir_21820/resultCopyFile n_job 343_1_gh3 PrimaryDataset ttbar  ApplicationFamily cmsRun ApplicationName cmsRun cmssw_version CMSSW_6_2_0_SLHC12 psethash 3c0380cf82de79bc39966c93934c61fc UserProcessedDataset dcieri-ttbar_PU140_DIGI-3c0380cf82de79bc39966c93934c61fc
inputDict =  {u'/scratch/condor/dir_29069/glide_Hz5PLX/execute/dir_21820/CMSSW_6_2_0_SLHC12/step2_343_1_gh3.root': {u'endpoint': u'srm://heplnx204.pp.rl.ac.uk:8443/srm/managerv2?SFN=/pnfs/pp.rl.ac.uk/data/cms/store/user/dcieri/ttbar_PU140_DIGI/dcieri/ttbar/ttbar_PU140_DIGI/3c0380cf82de79bc39966c93934c61fc/', u'surl_for_grid': u'', u'reason': u'Copy succedeed with srm-lcg utils', u'erCode': u'0', u'PNN': u'T2_UK_SGrid_RALPP', u'se_name': u'heplnx204.pp.rl.ac.uk', u'for_lfn': u'/store/user/dcieri/ttbar_PU140_DIGI/dcieri/ttbar/ttbar_PU140_DIGI/3c0380cf82de79bc39966c93934c61fc/'}}
UserProcessedDataset =  dcieri-ttbar_PU140_DIGI-3c0380cf82de79bc39966c93934c61fc
WORKING ON EDM FILE
file_name in inputDict =  /scratch/condor/dir_29069/glide_Hz5PLX/execute/dir_21820/CMSSW_6_2_0_SLHC12/step2_343_1_gh3.root
(size) os.stat(filename)[6] =  236040483
checksum =  320248660
    file =  step2_343_1_gh3.root
    newPfn =  srm://heplnx204.pp.rl.ac.uk:8443/srm/managerv2?SFN=/pnfs/pp.rl.ac.uk/data/cms/store/user/dcieri/ttbar_PU140_DIGI/dcieri/ttbar/ttbar_PU140_DIGI/3c0380cf82de79bc39966c93934c61fc/step2_343_1_gh3.root
    newLfn =  /store/user/dcieri/ttbar_PU140_DIGI/dcieri/ttbar/ttbar_PU140_DIGI/3c0380cf82de79bc39966c93934c61fc/step2_343_1_gh3.root
>>> crab_fjr_*.xml  permission set to 0704
CrabWrapper EXIT_FUNC entered at Mon Feb  2 23:20:22 GMT 2015   -  Mon Feb  2 23:20:22 UTC 2015
Checking output files:  
will tar file crab_fjr_343.xml in  out_files_343
WARNING: output file CMSSW_343.stdout not found!
WARNING: output file CMSSW_343.stderr not found!
WARNING: output file Watchdog_343.log.gz not found!
>>> padding time: Wrapper lasting more than 600 seconds. No sleep required.
STOPPING WATCHDOG. CrabWatchdog PID is 22746
********** LAST 50 LINES OF WATCHDOG LOG
 Feb 02 21:13:29 GMT	---	1048624	1649156	72	----	----	----
 Feb 02 21:14:30 GMT	22993	1050456	1652228	72	160	2532	cmsRun -j /scratch/condor/dir_29069/glide_Hz5PLX/execute/dir_21820/crab_fjr_343.xml -p pset.py      
 Feb 02 21:16:30 GMT	22993	1060124	1652228	72	165	2652	cmsRun -j /scratch/condor/dir_29069/glide_Hz5PLX/execute/dir_21820/crab_fjr_343.xml -p pset.py      
 Feb 02 21:17:30 GMT	22993	1065888	1652228	72	167	2713	cmsRun -j /scratch/condor/dir_29069/glide_Hz5PLX/execute/dir_21820/crab_fjr_343.xml -p pset.py      
 Feb 02 21:18:31 GMT	22993	1068816	1652228	72	170	2773	cmsRun -j /scratch/condor/dir_29069/glide_Hz5PLX/execute/dir_21820/crab_fjr_343.xml -p pset.py      
 Feb 02 21:19:31 GMT	22993	1070948	1652228	72	174	2833	cmsRun -j /scratch/condor/dir_29069/glide_Hz5PLX/execute/dir_21820/crab_fjr_343.xml -p pset.py      
 Feb 02 21:23:32 GMT	22993	1071520	1652228	72	184	3074	cmsRun -j /scratch/condor/dir_29069/glide_Hz5PLX/execute/dir_21820/crab_fjr_343.xml -p pset.py      
 Feb 02 21:24:32 GMT	22993	1071788	1652228	72	187	3134	cmsRun -j /scratch/condor/dir_29069/glide_Hz5PLX/execute/dir_21820/crab_fjr_343.xml -p pset.py      
 Feb 02 21:25:32 GMT	22993	1074064	1654788	72	189	3195	cmsRun -j /scratch/condor/dir_29069/glide_Hz5PLX/execute/dir_21820/crab_fjr_343.xml -p pset.py      
 Feb 02 21:26:33 GMT	22993	1075876	1654788	72	192	3255	cmsRun -j /scratch/condor/dir_29069/glide_Hz5PLX/execute/dir_21820/crab_fjr_343.xml -p pset.py      
 Feb 02 21:27:33 GMT	22993	1077352	1656580	72	195	3315	cmsRun -j /scratch/condor/dir_29069/glide_Hz5PLX/execute/dir_21820/crab_fjr_343.xml -p pset.py      
 Feb 02 21:28:33 GMT	22993	1080468	1660676	72	198	3375	cmsRun -j /scratch/condor/dir_29069/glide_Hz5PLX/execute/dir_21820/crab_fjr_343.xml -p pset.py      
 Feb 02 21:29:33 GMT	22993	1082016	1660676	72	203	3436	cmsRun -j /scratch/condor/dir_29069/glide_Hz5PLX/execute/dir_21820/crab_fjr_343.xml -p pset.py      
 Feb 02 21:30:34 GMT	22993	1123004	1660932	72	210	3496	cmsRun -j /scratch/condor/dir_29069/glide_Hz5PLX/execute/dir_21820/crab_fjr_343.xml -p pset.py      
 Feb 02 21:31:34 GMT	22993	1128656	1660932	72	214	3556	cmsRun -j /scratch/condor/dir_29069/glide_Hz5PLX/execute/dir_21820/crab_fjr_343.xml -p pset.py      
 Feb 02 21:32:34 GMT	22993	1187588	1663748	72	219	3616	cmsRun -j /scratch/condor/dir_29069/glide_Hz5PLX/execute/dir_21820/crab_fjr_343.xml -p pset.py      
 Feb 02 21:33:35 GMT	22993	1195652	1672964	72	221	3677	cmsRun -j /scratch/condor/dir_29069/glide_Hz5PLX/execute/dir_21820/crab_fjr_343.xml -p pset.py      
 Feb 02 21:34:35 GMT	22993	1199480	1677060	72	223	3737	cmsRun -j /scratch/condor/dir_29069/glide_Hz5PLX/execute/dir_21820/crab_fjr_343.xml -p pset.py      
 Feb 02 21:35:35 GMT	22993	1199648	1677060	72	224	3797	cmsRun -j /scratch/condor/dir_29069/glide_Hz5PLX/execute/dir_21820/crab_fjr_343.xml -p pset.py      
 Feb 02 21:36:35 GMT	22993	1201448	1677060	72	226	3857	cmsRun -j /scratch/condor/dir_29069/glide_Hz5PLX/execute/dir_21820/crab_fjr_343.xml -p pset.py      
 Feb 02 21:37:36 GMT	22993	1204696	1677060	72	228	3918	cmsRun -j /scratch/condor/dir_29069/glide_Hz5PLX/execute/dir_21820/crab_fjr_343.xml -p pset.py      
 Feb 02 21:38:36 GMT	22993	1205648	1677828	72	230	3978	cmsRun -j /scratch/condor/dir_29069/glide_Hz5PLX/execute/dir_21820/crab_fjr_343.xml -p pset.py      
 Feb 02 21:39:36 GMT	22993	1205648	1694468	72	248	4038	cmsRun -j /scratch/condor/dir_29069/glide_Hz5PLX/execute/dir_21820/crab_fjr_343.xml -p pset.py      
 Feb 02 21:39:36 GMT	---	1205648	1694468	93	----	----	----
 Feb 02 21:57:41 GMT	22993	1205648	1696004	93	277	5123	cmsRun -j /scratch/condor/dir_29069/glide_Hz5PLX/execute/dir_21820/crab_fjr_343.xml -p pset.py      
# TIME			PID	RSS(KB)	VSZ(KB)	Dsk(MB)	tCPU(s)	tWALL(s)	COMMAND
# TIME			PID	RSS(KB)	VSZ(KB)	Dsk(MB)	tCPU(s)	tWALL(s)	COMMAND
# TIME			PID	RSS(KB)	VSZ(KB)	Dsk(MB)	tCPU(s)	tWALL(s)	COMMAND
 Feb 02 22:00:42 GMT	22993	1205648	1699332	93	284	5304	cmsRun -j /scratch/condor/dir_29069/glide_Hz5PLX/execute/dir_21820/crab_fjr_343.xml -p pset.py      
 Feb 02 22:01:42 GMT	22993	1205648	1702404	93	287	5364	cmsRun -j /scratch/condor/dir_29069/glide_Hz5PLX/execute/dir_21820/crab_fjr_343.xml -p pset.py      
 Feb 02 22:05:43 GMT	22993	1273108	1718532	93	308	5605	cmsRun -j /scratch/condor/dir_29069/glide_Hz5PLX/execute/dir_21820/crab_fjr_343.xml -p pset.py      
 Feb 02 22:06:43 GMT	22993	1282928	1724420	93	317	5666	cmsRun -j /scratch/condor/dir_29069/glide_Hz5PLX/execute/dir_21820/crab_fjr_343.xml -p pset.py      
 Feb 02 22:07:44 GMT	---	1282928	1724420	113	----	----	----
 Feb 02 22:25:49 GMT	22993	1282928	1731588	113	377	6811	cmsRun -j /scratch/condor/dir_29069/glide_Hz5PLX/execute/dir_21820/crab_fjr_343.xml -p pset.py      
 Feb 02 22:26:49 GMT	22993	1282928	1735172	113	387	6871	cmsRun -j /scratch/condor/dir_29069/glide_Hz5PLX/execute/dir_21820/crab_fjr_343.xml -p pset.py      
 Feb 02 22:27:49 GMT	22993	1306956	1750532	113	400	6931	cmsRun -j /scratch/condor/dir_29069/glide_Hz5PLX/execute/dir_21820/crab_fjr_343.xml -p pset.py      
 Feb 02 22:28:49 GMT	22993	1311856	1753604	113	407	6992	cmsRun -j /scratch/condor/dir_29069/glide_Hz5PLX/execute/dir_21820/crab_fjr_343.xml -p pset.py      
 Feb 02 22:29:50 GMT	22993	1456016	1884676	113	428	7052	cmsRun -j /scratch/condor/dir_29069/glide_Hz5PLX/execute/dir_21820/crab_fjr_343.xml -p pset.py      
 Feb 02 22:29:50 GMT	---	1456016	1884676	125	----	----	----
 Feb 02 22:30:50 GMT	---	1456016	1884676	135	----	----	----
 Feb 02 22:40:52 GMT	---	1456016	1884676	154	----	----	----
 Feb 02 22:50:55 GMT	---	1456016	1884676	178	----	----	----
 Feb 02 22:57:57 GMT	22993	1519544	1955076	178	719	8739	cmsRun -j /scratch/condor/dir_29069/glide_Hz5PLX/execute/dir_21820/crab_fjr_343.xml -p pset.py      
 Feb 02 22:57:57 GMT	---	1519544	1955076	189	----	----	----
 Feb 02 22:58:57 GMT	---	1519544	1955076	199	----	----	----
 Feb 02 23:07:00 GMT	---	1519544	1955076	220	----	----	----
 Feb 02 23:14:02 GMT	22993	1520248	1998088	220	921	9704	cmsRun -j /scratch/condor/dir_29069/glide_Hz5PLX/execute/dir_21820/crab_fjr_343.xml -p pset.py      
 Feb 02 23:14:02 GMT	---	1520248	1998088	222	----	----	----
 Feb 02 23:15:02 GMT	---	1520248	1998088	241	----	----	----
 Feb 02 23:20:05 GMT	---	1520248	1998088	263	----	----	----
********** WATCHDOG LOG ENDED
ZIPPING WATCHDOG LOG
Disk space used:
du -sh /scratch/condor/dir_29069/glide_Hz5PLX/execute/dir_21820
263M	/scratch/condor/dir_29069/glide_Hz5PLX/execute/dir_21820
Found unusual stdout, rename for OSB
`/scratch/condor/dir_29069/glide_Hz5PLX/execute/dir_21820/_condor_stdout' -> `CMSSW_343.stdout'
Found unusual stderr, rename for OSB
`/scratch/condor/dir_29069/glide_Hz5PLX/execute/dir_21820/_condor_stdout' -> `CMSSW_343.stderr'
crab_fjr_343.xml
CMSSW_343.stdout
CMSSW_343.stderr
Watchdog_343.log.gz
Total Output dimension: 24429
WARNING: output files size limit is set to: 50000000
Total Output dimension 24429 is fine.
JOB_EXIT_STATUS = 0
>>> info for dashboard:
***** Cat /scratch/condor/dir_29069/glide_Hz5PLX/execute/dir_21820/jobreport.txt *****
MonitorJobID=343_https://submit-6.t2.ucsd.edu//150202//509447.342
MonitorID=dcieri_PU140_4dm08r
ExeTime=10024
ExeExitCode=0
StageOutExitStatusReason = 'Copy succedeed with srm-lcg utils'
StageOutSE = heplnx204.pp.rl.ac.uk
StageOutExitStatus = 0
CrabUserCpuTime=997.25
CrabSysCpuTime=35.63
CrabCpuPercentage=10%
CrabWrapperTime=10090
CrabStageoutTime=49
JobExitCode=0
***** End Cat jobreport *****
Parameters sent to Dashboard.
EXITING at Mon Feb  2 23:20:25 GMT 2015  -  Mon Feb  2 23:20:25 UTC 2015
