This script was generated by crab (version 2.11.1_patch1).
Running /scratch/condor/dir_29602/glide_P13HsZ/execute/dir_6606/condor_exec.exe with 2 positional parameters: 239 1
Today is Mon Feb  2 20:17:34 GMT 2015 - Mon Feb  2 20:17:34 UTC 2015
Job submitted on host heplnc341.pp.rl.ac.uk
Linux heplnc341.pp.rl.ac.uk 2.6.32-504.8.1.el6.x86_64 #1 SMP Tue Jan 27 13:39:10 CST 2015 x86_64 x86_64 x86_64 GNU/Linux
Distributor ID:	Scientific
Description:	Scientific Linux release 6.6 (Carbon)
>>> current directory (RUNTIME_AREA): /scratch/condor/dir_29602/glide_P13HsZ/execute/dir_6606
>>> current user: uid=157415(cms415) gid=157000(gplcms) groups=157000(gplcms)
>>> directory permission set to 0700
>>> umask set to:  u=rwx,g=,o=
>>> stdout stderr permission set to 0704
>>> voms proxy information:
subject   : /DC=ch/DC=cern/OU=Organic Units/OU=Users/CN=dcieri/CN=755391/CN=Davide Cieri/CN=769881070/CN=1813854114
issuer    : /DC=ch/DC=cern/OU=Organic Units/OU=Users/CN=dcieri/CN=755391/CN=Davide Cieri/CN=769881070
identity  : /DC=ch/DC=cern/OU=Organic Units/OU=Users/CN=dcieri/CN=755391/CN=Davide Cieri
type      : RFC3820 compliant limited proxy
strength  : 1024
path      : /scratch/condor/dir_29602/glide_P13HsZ/execute/dir_6606/x509up_u62281
timeleft  : 23:57:40
key usage : Digital Signature, Key Encipherment
=== VO cms extension information ===
VO        : cms
subject   : /DC=ch/DC=cern/OU=Organic Units/OU=Users/CN=dcieri/CN=755391/CN=Davide Cieri
issuer    : /DC=ch/DC=cern/OU=computers/CN=lcg-voms2.cern.ch
attribute : /cms/Role=NULL/Capability=NULL
timeleft  : 183:58:50
uri       : lcg-voms2.cern.ch:15002

WNHostName=heplnc341.pp.rl.ac.uk
$_CONDOR_JOB_AD =/scratch/condor/dir_29602/glide_P13HsZ/execute/dir_6606/.job.ad
OverflowFlag=0
>>> tar --no-same-permissions -xf /scratch/condor/dir_29602/glide_P13HsZ/execute/dir_6606/default.tgz :
Successful untar
>>> Include /scratch/condor/dir_29602/glide_P13HsZ/execute/dir_6606 in PYTHONPATH:
strip arguments
env var CRAB_UNIQUE_JOB_ID set to: dcieri_PU140_4dm08r_239_1_VmP
out_files_239
>>> list of expected files on output sandbox
output files: crab_fjr_239.xml CMSSW_239.stdout CMSSW_239.stderr Watchdog_239.log.gz
>>> GridFlavour discovery: 
GridFlavour=LCG
>>> SyncSite discovery: 
SyncSite=T2_UK_SGrid_RALPP
>>> SyncCE discovery: 
getting SyncCE from GLIDEIN_Gaekeeper
SyncCE=heplnv147.pp.rl.ac.uk
>>> info for dashboard:
***** Cat /scratch/condor/dir_29602/glide_P13HsZ/execute/dir_6606/jobreport.txt *****
WNHostName=heplnc341.pp.rl.ac.uk
OverflowFlag=0
MonitorJobID=239_https://submit-6.t2.ucsd.edu//150202//509447.238
SyncGridJobId=https://submit-6.t2.ucsd.edu//150202//509447.238
MonitorID=dcieri_PU140_4dm08r
GridFlavour=LCG
SyncSite=T2_UK_SGrid_RALPP
SyncCE=heplnv147.pp.rl.ac.uk
***** End Cat jobreport *****
Parameters sent to Dashboard.
>>> setup environment
set SCRAM ARCH to slc6_amd64_gcc472
SCRAM_ARCH = slc6_amd64_gcc472
>>> setup CMS LCG environment:
set SCRAM ARCH and BUILD_ARCH to slc6_amd64_gcc472 ###
Sourcing environment... 
sourcing /cvmfs/cms.cern.ch/cmsset_default.sh
==> setup cms environment ok
>>> specific cmssw setup environment:
CMSSW_VERSION =  CMSSW_6_2_0_SLHC12
WARNING: In non-interactive mode release checks e.g. deprecated releases, production architectures are disabled.
>>> current directory (SOFTWARE_DIR): /scratch/condor/dir_29602/glide_P13HsZ/execute/dir_6606/CMSSW_6_2_0_SLHC12
PreserveSeeds: <>
IncrementSeeds:<>
>>> info for dashboard:
***** Cat /scratch/condor/dir_29602/glide_P13HsZ/execute/dir_6606/jobreport.txt *****
MonitorJobID=239_https://submit-6.t2.ucsd.edu//150202//509447.238
MonitorID=dcieri_PU140_4dm08r
***** End Cat jobreport *****
Parameters sent to Dashboard.
crabWatchdog started as process 8546
>>> moving CMSSW software directories in /scratch/condor/dir_29602/glide_P13HsZ/execute/dir_6606/CMSSW_6_2_0_SLHC12
mv: cannot stat `/scratch/condor/dir_29602/glide_P13HsZ/execute/dir_6606/module/': No such file or directory
>>> Include /scratch/condor/dir_29602/glide_P13HsZ/execute/dir_6606 in PYTHONPATH:
PYTHONPATH=/scratch/condor/dir_29602/glide_P13HsZ/execute/dir_6606/:/scratch/condor/dir_29602/glide_P13HsZ/execute/dir_6606/CMSSW_6_2_0_SLHC12/python:/scratch/condor/dir_29602/glide_P13HsZ/execute/dir_6606/CMSSW_6_2_0_SLHC12/lib/slc6_amd64_gcc472:/cvmfs/cms.cern.ch/slc6_amd64_gcc472/cms/cmssw/CMSSW_6_2_0_SLHC12/python:/cvmfs/cms.cern.ch/slc6_amd64_gcc472/cms/cmssw/CMSSW_6_2_0_SLHC12/lib/slc6_amd64_gcc472:/cvmfs/cms.cern.ch/slc6_amd64_gcc472/cms/coral/CORAL_2_3_21-cms35/slc6_amd64_gcc472/python:/cvmfs/cms.cern.ch/slc6_amd64_gcc472/cms/coral/CORAL_2_3_21-cms35/slc6_amd64_gcc472/lib:/cvmfs/cms.cern.ch/slc6_amd64_gcc472/external/python-ldap/2.3.5-cms5/lib/python2.7/site-packages:/cvmfs/cms.cern.ch/slc6_amd64_gcc472/external/pyqt/4.8.1-cms5/lib/python2.7/site-packages:/cvmfs/cms.cern.ch/slc6_amd64_gcc472/external/py2-scipy/0.8.0-cms7/lib/python2.7/site-packages:/cvmfs/cms.cern.ch/slc6_amd64_gcc472/external/py2-matplotlib/1.0.1-cms7/lib/python2.7/site-packages:/cvmfs/cms.cern.ch/slc6_amd64_gcc472/external/sip/4.11.2-cms5/lib/python2.7/site-packages:/cvmfs/cms.cern.ch/slc6_amd64_gcc472/external/py2-pycurl/7.19.0-cms7/lib/python2.7/site-packages:/cvmfs/cms.cern.ch/slc6_amd64_gcc472/external/py2-numpy/1.6.1-cms7/lib/python2.7/site-packages:/cvmfs/cms.cern.ch/slc6_amd64_gcc472/external/py2-lint/0.25.1-cms5/lib/python2.7/site-packages:/cvmfs/cms.cern.ch/slc6_amd64_gcc472/external/py2-ipython/0.10-cms5/lib/python2.7/site-packages:/cvmfs/cms.cern.ch/slc6_amd64_gcc472/external/py2-cx-oracle/5.1-cms5/lib/python2.7/site-packages:/cvmfs/cms.cern.ch/slc6_amd64_gcc472/external/py2-cjson/1.0.5-cms5/lib/python2.7/site-packages:/cvmfs/cms.cern.ch/slc6_amd64_gcc472/cms/das-client/1.11.7/bin:/cvmfs/cms.cern.ch/slc6_amd64_gcc472/external/elementtree/1.2.6-cms5/share/lib/python2.7/site-packages:/cvmfs/cms.cern.ch/slc6_amd64_gcc472/external/rivet/1.8.2-cms9/lib/python2.7/site-packages:/cvmfs/cms.cern.ch/slc6_amd64_gcc472/external/pyminuit2/0.0.1-cms19/lib/python2.7/site-packages:/cvmfs/cms.cern.ch/slc6_amd64_gcc472/external/py2-pygithub/1.23.0-cms2/lib/python2.7/site-packages:/cvmfs/cms.cern.ch/slc6_amd64_gcc472/external/professor/1.0.0-cms19/lib/python2.7/site-packages:/cvmfs/cms.cern.ch/slc6_amd64_gcc472/lcg/root/5.34.07-cms/lib:/cvmfs/cms.cern.ch/slc6_amd64_gcc472/cms/dbs-client/DBS_2_1_9-cms5/lib:/cvmfs/cms.cern.ch/slc6_amd64_gcc472/cms/dbs-client/DBS_2_1_9-cms5/lib/DBSAPI:/cvmfs/cms.cern.ch/slc6_amd64_gcc472/external/cvs2git/5419-cms/lib:/scratch/condor/dir_29602/glide_P13HsZ/execute/dir_6606/
 
# LIMITS USED BY CRAB WATCHDOG:
# RSS  (KBytes)   : 2300000
# VSZ  (KBytes)   : 100000000
# DISK (MBytes)   : 19000
# CPU TIME        : 720h:0m:0s
# WALL CLOCK TIME : 21h:50m:0s
 
3c0380cf82de79bc39966c93934c61fc
PSETHASH = 3c0380cf82de79bc39966c93934c61fc
/scratch/condor/dir_29602/glide_P13HsZ/execute/dir_6606/writeCfg.py pset.py pset.py
Importing .py file
Setting parameters
RandomNumberGeneratorService found, will attempt to change seeds
inputBlocks=/ttbar/dcieri-ttbar_SIM-130075366148575c102f0d64fd3ac8f7/USER#42f4abf6-431f-4645-8b28-bf101a629022
inputFiles=/store/user/dcieri/ttbar_SIM/ttbar/ttbar_SIM/150129_145223/0000/step1_346.root
parentFiles=
lumisRange=
>>> Executable cmsRun
/cvmfs/cms.cern.ch/slc6_amd64_gcc472/cms/cmssw/CMSSW_6_2_0_SLHC12/bin/slc6_amd64_gcc472/cmsRun
ok executable found
>>> info for dashboard:
***** Cat /scratch/condor/dir_29602/glide_P13HsZ/execute/dir_6606/jobreport.txt *****
MonitorJobID=239_https://submit-6.t2.ucsd.edu//150202//509447.238
MonitorID=dcieri_PU140_4dm08r
ExeStart=cmsRun
***** End Cat jobreport *****
Parameters sent to Dashboard.
>>> cmsRun started at Mon Feb  2 20:17:42 UTC 2015
>>> cmsRun ended at Mon Feb  2 23:05:42 UTC 2015
>>> crab_fjr_*.xml  permission set to 0704
>>> info for dashboard:
***** Cat /scratch/condor/dir_29602/glide_P13HsZ/execute/dir_6606/jobreport.txt *****
MonitorJobID=239_https://submit-6.t2.ucsd.edu//150202//509447.238
MonitorID=dcieri_PU140_4dm08r
ExeEnd=cmsRun
***** End Cat jobreport *****
Parameters sent to Dashboard.
TIME_EXE = 10080 sec
>>> cmsRun wrote 217 lines of stdout+stderr
>>> START OF printout of 217 lines from stdout+stderr
271 DQMStore::DQMStore 
HcalTopologyIdealEP::HcalTopologyIdealEP
02-Feb-2015 20:17:50 GMT  Initiating request to open file root://dcap.pp.rl.ac.uk:1094/pnfs/pp.rl.ac.uk/data/cms/store/user/dcieri/ttbar_SIM/ttbar/ttbar_SIM/150129_145223/0000/step1_346.root
150202 20:17:51 8927 Xrd: CheckErrorStatus: Server [heplnx209.pp.rl.ac.uk:1094] declared: Request 3018 not supported(error code: 3013)
02-Feb-2015 20:17:52 GMT  Successfully opened file root://dcap.pp.rl.ac.uk:1094/pnfs/pp.rl.ac.uk/data/cms/store/user/dcieri/ttbar_SIM/ttbar/ttbar_SIM/150129_145223/0000/step1_346.root
02-Feb-2015 20:17:54 GMT  Initiating request to open file root://xrootd.unl.edu//store/group/dpg_trigger/comm_trigger/L1TrackTrigger/620_SLHC10/Extended2023TTI/MinBias/MinBias_TuneZ2star_GEN_SIM_1.root
02-Feb-2015 20:17:55 GMT  Successfully opened file root://xrootd.unl.edu//store/group/dpg_trigger/comm_trigger/L1TrackTrigger/620_SLHC10/Extended2023TTI/MinBias/MinBias_TuneZ2star_GEN_SIM_1.root
disableME1a = 0
HcalTopologyIdealEP::produce(const IdealGeometryRecord& iRecord)
mode = 2, maxDepthHB = 3, maxDepthHE = 5
RPCGeometryESModule :: produce
RPCGeometryESModule :: produce :: 1/4 Get Muon Ideal Geometry Record
RPCGeometryESModule :: produce :: 2/4 Get Muon DDD Constants
RPCGeometryESModule :: produce :: 3/4 Get Muon Numbering Record
in MuonNumberingInitialization::initializeMuonDDDConstants
about to make my new muonDDDConst_
in MuonNumberingInitialization::produce
RPCGeometryESModule :: produce :: 4/4 Build
Found:

	Barrel Stack layer 5 : 1008 stacks
	Barrel Stack layer 6 : 1320 stacks
	Barrel Stack layer 7 : 1836 stacks
	Barrel Stack layer 8 : 1152 stacks
	Barrel Stack layer 9 : 1488 stacks
	Barrel Stack layer 10 : 1824 stacks

	Endcap Stack disk 11 : 1360 stacks
	Endcap Stack disk 12 : 1360 stacks
	Endcap Stack disk 13 : 1360 stacks
	Endcap Stack disk 14 : 1360 stacks
	Endcap Stack disk 15 : 1360 stacks
Created 15428 stacks in 14 s

TTClusterBuilder< edm::Ref<edm::DetSetVector<PixelDigi>, PixelDigi, edm::refhelper::FindForDetSetVector<PixelDigi> > > loaded modules:
	TTClusterAlgorithm:	TTClusterAlgorithm_2d2013< edm::Ref<edm::DetSetVector<PixelDigi>, PixelDigi, edm::refhelper::FindForDetSetVector<PixelDigi> > >


TTStubBuilder< edm::Ref<edm::DetSetVector<PixelDigi>, PixelDigi, edm::refhelper::FindForDetSetVector<PixelDigi> > > loaded modules:
	TTStubAlgorithm:	TTStubAlgorithm_tab2013< edm::Ref<edm::DetSetVector<PixelDigi>, PixelDigi, edm::refhelper::FindForDetSetVector<PixelDigi> > >


TTClusterAssociator< edm::Ref<edm::DetSetVector<PixelDigi>, PixelDigi, edm::refhelper::FindForDetSetVector<PixelDigi> > > loaded.


TTStubAssociator< edm::Ref<edm::DetSetVector<PixelDigi>, PixelDigi, edm::refhelper::FindForDetSetVector<PixelDigi> > > loaded.


TTTrackAssociator< edm::Ref<edm::DetSetVector<PixelDigi>, PixelDigi, edm::refhelper::FindForDetSetVector<PixelDigi> > > loaded.

Begin processing the 1st record. Run 1, Event 3451, LumiSection 346 at 02-Feb-2015 20:18:25.506 GMT
02-Feb-2015 20:18:32 GMT  Closed file root://xrootd.unl.edu//store/group/dpg_trigger/comm_trigger/L1TrackTrigger/620_SLHC10/Extended2023TTI/MinBias/MinBias_TuneZ2star_GEN_SIM_1.root
02-Feb-2015 20:18:32 GMT  Initiating request to open file root://xrootd.unl.edu//store/group/dpg_trigger/comm_trigger/L1TrackTrigger/620_SLHC10/Extended2023TTI/MinBias/MinBias_TuneZ2star_GEN_SIM_230.root
02-Feb-2015 20:19:03 GMT  Successfully opened file root://xrootd.unl.edu//store/group/dpg_trigger/comm_trigger/L1TrackTrigger/620_SLHC10/Extended2023TTI/MinBias/MinBias_TuneZ2star_GEN_SIM_230.root
150202 20:23:50 9065 Xrd: XrdClientMessage::ReadRaw: Failed to read header (8 bytes).
150202 20:24:20 9063 Xrd: XrdClientMessage::ReadRaw: Failed to read header (8 bytes).
02-Feb-2015 20:28:15 GMT  Closed file root://xrootd.unl.edu//store/group/dpg_trigger/comm_trigger/L1TrackTrigger/620_SLHC10/Extended2023TTI/MinBias/MinBias_TuneZ2star_GEN_SIM_230.root
02-Feb-2015 20:28:15 GMT  Initiating request to open file root://xrootd.unl.edu//store/group/dpg_trigger/comm_trigger/L1TrackTrigger/620_SLHC10/Extended2023TTI/MinBias/MinBias_TuneZ2star_GEN_SIM_175.root
150202 20:28:46 23755 Xrd: CheckErrorStatus: Server [llrxrd-redir.in2p3.fr:1094] declared: session not found(error code: 3011)
02-Feb-2015 20:28:46 GMT  Successfully opened file root://xrootd.unl.edu//store/group/dpg_trigger/comm_trigger/L1TrackTrigger/620_SLHC10/Extended2023TTI/MinBias/MinBias_TuneZ2star_GEN_SIM_175.root
150202 20:33:20 10378 Xrd: XrdClientMessage::ReadRaw: Failed to read header (8 bytes).
150202 20:33:50 24542 Xrd: XrdClientMessage::ReadRaw: Failed to read header (8 bytes).
150202 20:38:20 9062 Xrd: XrdClientMessage::ReadRaw: Failed to read header (8 bytes).
150202 20:38:20 8936 Xrd: XrdClientMessage::ReadRaw: Failed to read header (8 bytes).
02-Feb-2015 20:38:40 GMT  Closed file root://xrootd.unl.edu//store/group/dpg_trigger/comm_trigger/L1TrackTrigger/620_SLHC10/Extended2023TTI/MinBias/MinBias_TuneZ2star_GEN_SIM_175.root
02-Feb-2015 20:38:40 GMT  Initiating request to open file root://xrootd.unl.edu//store/group/dpg_trigger/comm_trigger/L1TrackTrigger/620_SLHC10/Extended2023TTI/MinBias/MinBias_TuneZ2star_GEN_SIM_48.root
150202 20:39:10 10377 Xrd: XrdClientMessage::ReadRaw: Failed to read header (8 bytes).
150202 20:39:10 6160 Xrd: CheckErrorStatus: Server [xrootd-redic.pi.infn.it:1094] declared: session not found(error code: 3011)
02-Feb-2015 20:39:11 GMT  Successfully opened file root://xrootd.unl.edu//store/group/dpg_trigger/comm_trigger/L1TrackTrigger/620_SLHC10/Extended2023TTI/MinBias/MinBias_TuneZ2star_GEN_SIM_48.root
Building the geometry service
Warning did not find digi
Warning did not find digi
Warning did not find digi
Warning did not find digi
Warning did not find digi in disks
Warning did not find digi in disks
Warning did not find digi in disks
Warning did not find digi in disks
150202 20:43:51 24569 Xrd: XrdClientMessage::ReadRaw: Failed to read header (8 bytes).
150202 20:44:21 7113 Xrd: XrdClientMessage::ReadRaw: Failed to read header (8 bytes).
150202 20:48:51 24537 Xrd: XrdClientMessage::ReadRaw: Failed to read header (8 bytes).
02-Feb-2015 20:50:13 GMT  Closed file root://xrootd.unl.edu//store/group/dpg_trigger/comm_trigger/L1TrackTrigger/620_SLHC10/Extended2023TTI/MinBias/MinBias_TuneZ2star_GEN_SIM_48.root
02-Feb-2015 20:50:13 GMT  Initiating request to open file root://xrootd.unl.edu//store/group/dpg_trigger/comm_trigger/L1TrackTrigger/620_SLHC10/Extended2023TTI/MinBias/MinBias_TuneZ2star_GEN_SIM_505.root
150202 20:50:50 22026 Xrd: CheckErrorStatus: Server [cms-xrd-global.cern.ch:1094] declared: session not found(error code: 3011)
150202 20:50:51 22026 Xrd: CheckErrorStatus: Server [xrootd.ba.infn.it:1094] declared: session not found(error code: 3011)
02-Feb-2015 20:50:51 GMT  Successfully opened file root://xrootd.unl.edu//store/group/dpg_trigger/comm_trigger/L1TrackTrigger/620_SLHC10/Extended2023TTI/MinBias/MinBias_TuneZ2star_GEN_SIM_505.root
150202 20:55:21 7114 Xrd: XrdClientMessage::ReadRaw: Failed to read header (8 bytes).
150202 20:56:20 22770 Xrd: XrdClientMessage::ReadRaw: Failed to read header (8 bytes).
150202 20:59:20 7112 Xrd: XrdClientMessage::ReadRaw: Failed to read header (8 bytes).
02-Feb-2015 21:01:09 GMT  Closed file root://xrootd.unl.edu//store/group/dpg_trigger/comm_trigger/L1TrackTrigger/620_SLHC10/Extended2023TTI/MinBias/MinBias_TuneZ2star_GEN_SIM_505.root
02-Feb-2015 21:01:09 GMT  Initiating request to open file root://xrootd.unl.edu//store/group/dpg_trigger/comm_trigger/L1TrackTrigger/620_SLHC10/Extended2023TTI/MinBias/MinBias_TuneZ2star_GEN_SIM_501.root
150202 21:01:48 4483 Xrd: CheckErrorStatus: Server [cms-xrd-global.cern.ch:1094] declared: session not found(error code: 3011)
150202 21:01:49 4483 Xrd: CheckErrorStatus: Server [xrootd-redic.pi.infn.it:1094] declared: session not found(error code: 3011)
02-Feb-2015 21:01:49 GMT  Successfully opened file root://xrootd.unl.edu//store/group/dpg_trigger/comm_trigger/L1TrackTrigger/620_SLHC10/Extended2023TTI/MinBias/MinBias_TuneZ2star_GEN_SIM_501.root
150202 21:06:21 22771 Xrd: XrdClientMessage::ReadRaw: Failed to read header (8 bytes).
150202 21:06:50 5167 Xrd: XrdClientMessage::ReadRaw: Failed to read header (8 bytes).
150202 21:11:21 22677 Xrd: XrdClientMessage::ReadRaw: Failed to read header (8 bytes).
02-Feb-2015 21:15:58 GMT  Closed file root://xrootd.unl.edu//store/group/dpg_trigger/comm_trigger/L1TrackTrigger/620_SLHC10/Extended2023TTI/MinBias/MinBias_TuneZ2star_GEN_SIM_501.root
02-Feb-2015 21:15:58 GMT  Initiating request to open file root://xrootd.unl.edu//store/group/dpg_trigger/comm_trigger/L1TrackTrigger/620_SLHC10/Extended2023TTI/MinBias/MinBias_TuneZ2star_GEN_SIM_729.root
150202 21:16:29 31006 Xrd: CheckErrorStatus: Server [cms-xrd-global.cern.ch:1094] declared: session not found(error code: 3011)
150202 21:16:29 31006 Xrd: CheckErrorStatus: Server [llrxrd-redir.in2p3.fr:1094] declared: session not found(error code: 3011)
02-Feb-2015 21:16:30 GMT  Successfully opened file root://xrootd.unl.edu//store/group/dpg_trigger/comm_trigger/L1TrackTrigger/620_SLHC10/Extended2023TTI/MinBias/MinBias_TuneZ2star_GEN_SIM_729.root
150202 21:21:21 5198 Xrd: XrdClientMessage::ReadRaw: Failed to read header (8 bytes).
150202 21:21:50 31959 Xrd: XrdClientMessage::ReadRaw: Failed to read header (8 bytes).
150202 21:21:51 5082 Xrd: XrdClientMessage::ReadRaw: Failed to read header (8 bytes).
02-Feb-2015 21:32:56 GMT  Closed file root://xrootd.unl.edu//store/group/dpg_trigger/comm_trigger/L1TrackTrigger/620_SLHC10/Extended2023TTI/MinBias/MinBias_TuneZ2star_GEN_SIM_729.root
02-Feb-2015 21:32:56 GMT  Initiating request to open file root://xrootd.unl.edu//store/group/dpg_trigger/comm_trigger/L1TrackTrigger/620_SLHC10/Extended2023TTI/MinBias/MinBias_TuneZ2star_GEN_SIM_256.root
150202 21:33:26 22190 Xrd: CheckErrorStatus: Server [llrxrd-redir.in2p3.fr:1094] declared: session not found(error code: 3011)
02-Feb-2015 21:33:27 GMT  Successfully opened file root://xrootd.unl.edu//store/group/dpg_trigger/comm_trigger/L1TrackTrigger/620_SLHC10/Extended2023TTI/MinBias/MinBias_TuneZ2star_GEN_SIM_256.root
150202 21:38:20 31960 Xrd: XrdClientMessage::ReadRaw: Failed to read header (8 bytes).
150202 21:38:50 23114 Xrd: XrdClientMessage::ReadRaw: Failed to read header (8 bytes).
02-Feb-2015 21:41:48 GMT  Closed file root://xrootd.unl.edu//store/group/dpg_trigger/comm_trigger/L1TrackTrigger/620_SLHC10/Extended2023TTI/MinBias/MinBias_TuneZ2star_GEN_SIM_256.root
02-Feb-2015 21:41:48 GMT  Initiating request to open file root://xrootd.unl.edu//store/group/dpg_trigger/comm_trigger/L1TrackTrigger/620_SLHC10/Extended2023TTI/MinBias/MinBias_TuneZ2star_GEN_SIM_419.root
150202 21:42:19 1951 Xrd: CheckErrorStatus: Server [cms-xrd-global.cern.ch:1094] declared: session not found(error code: 3011)
150202 21:42:19 1951 Xrd: CheckErrorStatus: Server [xrootd.ba.infn.it:1094] declared: session not found(error code: 3011)
02-Feb-2015 21:42:19 GMT  Successfully opened file root://xrootd.unl.edu//store/group/dpg_trigger/comm_trigger/L1TrackTrigger/620_SLHC10/Extended2023TTI/MinBias/MinBias_TuneZ2star_GEN_SIM_419.root
150202 21:46:50 23115 Xrd: XrdClientMessage::ReadRaw: Failed to read header (8 bytes).
150202 21:47:20 2680 Xrd: XrdClientMessage::ReadRaw: Failed to read header (8 bytes).
02-Feb-2015 21:50:34 GMT  Closed file root://xrootd.unl.edu//store/group/dpg_trigger/comm_trigger/L1TrackTrigger/620_SLHC10/Extended2023TTI/MinBias/MinBias_TuneZ2star_GEN_SIM_419.root
02-Feb-2015 21:50:34 GMT  Initiating request to open file root://xrootd.unl.edu//store/group/dpg_trigger/comm_trigger/L1TrackTrigger/620_SLHC10/Extended2023TTI/MinBias/MinBias_TuneZ2star_GEN_SIM_279.root
150202 21:51:05 13696 Xrd: CheckErrorStatus: Server [llrxrd-redir.in2p3.fr:1094] declared: session not found(error code: 3011)
02-Feb-2015 21:51:05 GMT  Successfully opened file root://xrootd.unl.edu//store/group/dpg_trigger/comm_trigger/L1TrackTrigger/620_SLHC10/Extended2023TTI/MinBias/MinBias_TuneZ2star_GEN_SIM_279.root
150202 21:55:51 2681 Xrd: XrdClientMessage::ReadRaw: Failed to read header (8 bytes).
150202 21:56:21 14185 Xrd: XrdClientMessage::ReadRaw: Failed to read header (8 bytes).
02-Feb-2015 21:58:47 GMT  Closed file root://xrootd.unl.edu//store/group/dpg_trigger/comm_trigger/L1TrackTrigger/620_SLHC10/Extended2023TTI/MinBias/MinBias_TuneZ2star_GEN_SIM_279.root
02-Feb-2015 21:58:47 GMT  Initiating request to open file root://xrootd.unl.edu//store/group/dpg_trigger/comm_trigger/L1TrackTrigger/620_SLHC10/Extended2023TTI/MinBias/MinBias_TuneZ2star_GEN_SIM_575.root
150202 21:59:18 24403 Xrd: CheckErrorStatus: Server [llrxrd-redir.in2p3.fr:1094] declared: session not found(error code: 3011)
02-Feb-2015 21:59:18 GMT  Successfully opened file root://xrootd.unl.edu//store/group/dpg_trigger/comm_trigger/L1TrackTrigger/620_SLHC10/Extended2023TTI/MinBias/MinBias_TuneZ2star_GEN_SIM_575.root
150202 22:02:21 2679 Xrd: XrdClientMessage::ReadRaw: Failed to read header (8 bytes).
150202 22:03:50 14186 Xrd: XrdClientMessage::ReadRaw: Failed to read header (8 bytes).
02-Feb-2015 22:04:13 GMT  Closed file root://xrootd.unl.edu//store/group/dpg_trigger/comm_trigger/L1TrackTrigger/620_SLHC10/Extended2023TTI/MinBias/MinBias_TuneZ2star_GEN_SIM_575.root
02-Feb-2015 22:04:13 GMT  Initiating request to open file root://xrootd.unl.edu//store/group/dpg_trigger/comm_trigger/L1TrackTrigger/620_SLHC10/Extended2023TTI/MinBias/MinBias_TuneZ2star_GEN_SIM_645.root
150202 22:04:20 24877 Xrd: XrdClientMessage::ReadRaw: Failed to read header (8 bytes).
150202 22:05:52 3458 Xrd: CheckErrorStatus: Server [cms-xrd-global.cern.ch:1094] declared: session not found(error code: 3011)
150202 22:05:52 3458 Xrd: CheckErrorStatus: Server [xrootd.ba.infn.it:1094] declared: session not found(error code: 3011)
02-Feb-2015 22:05:52 GMT  Successfully opened file root://xrootd.unl.edu//store/group/dpg_trigger/comm_trigger/L1TrackTrigger/620_SLHC10/Extended2023TTI/MinBias/MinBias_TuneZ2star_GEN_SIM_645.root
150202 22:09:21 24937 Xrd: XrdClientMessage::ReadRaw: Failed to read header (8 bytes).
02-Feb-2015 22:09:44 GMT  Closed file root://xrootd.unl.edu//store/group/dpg_trigger/comm_trigger/L1TrackTrigger/620_SLHC10/Extended2023TTI/MinBias/MinBias_TuneZ2star_GEN_SIM_645.root
02-Feb-2015 22:09:44 GMT  Initiating request to open file root://xrootd.unl.edu//store/group/dpg_trigger/comm_trigger/L1TrackTrigger/620_SLHC10/Extended2023TTI/MinBias/MinBias_TuneZ2star_GEN_SIM_509.root
150202 22:10:47 10000 Xrd: CheckErrorStatus: Server [cms-xrd-global.cern.ch:1094] declared: session not found(error code: 3011)
02-Feb-2015 22:10:47 GMT  Successfully opened file root://xrootd.unl.edu//store/group/dpg_trigger/comm_trigger/L1TrackTrigger/620_SLHC10/Extended2023TTI/MinBias/MinBias_TuneZ2star_GEN_SIM_509.root
150202 22:14:51 5343 Xrd: XrdClientMessage::ReadRaw: Failed to read header (8 bytes).
150202 22:15:50 5342 Xrd: XrdClientMessage::ReadRaw: Failed to read header (8 bytes).
02-Feb-2015 22:16:27 GMT  Closed file root://xrootd.unl.edu//store/group/dpg_trigger/comm_trigger/L1TrackTrigger/620_SLHC10/Extended2023TTI/MinBias/MinBias_TuneZ2star_GEN_SIM_509.root
02-Feb-2015 22:16:27 GMT  Initiating request to open file root://xrootd.unl.edu//store/group/dpg_trigger/comm_trigger/L1TrackTrigger/620_SLHC10/Extended2023TTI/MinBias/MinBias_TuneZ2star_GEN_SIM_175.root
150202 22:19:21 31958 Xrd: XrdClientMessage::ReadRaw: Failed to read header (8 bytes).
150202 22:21:51 11069 Xrd: XrdClientMessage::ReadRaw: Failed to read header (8 bytes).
150202 22:24:30 16937 Xrd: CheckErrorStatus: Server [cms-xrd-global.cern.ch:1094] declared: session not found(error code: 3011)
150202 22:24:30 16937 Xrd: CheckErrorStatus: Server [llrxrd-redir.in2p3.fr:1094] declared: session not found(error code: 3011)
150202 22:24:30 16937 Xrd: CheckErrorStatus: Server [eoscms.cern.ch:1094] declared: session not found(error code: 3011)
02-Feb-2015 22:24:30 GMT  Successfully opened file root://xrootd.unl.edu//store/group/dpg_trigger/comm_trigger/L1TrackTrigger/620_SLHC10/Extended2023TTI/MinBias/MinBias_TuneZ2star_GEN_SIM_175.root
150202 22:26:20 5341 Xrd: XrdClientMessage::ReadRaw: Failed to read header (8 bytes).
02-Feb-2015 22:28:53 GMT  Closed file root://xrootd.unl.edu//store/group/dpg_trigger/comm_trigger/L1TrackTrigger/620_SLHC10/Extended2023TTI/MinBias/MinBias_TuneZ2star_GEN_SIM_175.root
02-Feb-2015 22:28:53 GMT  Initiating request to open file root://xrootd.unl.edu//store/group/dpg_trigger/comm_trigger/L1TrackTrigger/620_SLHC10/Extended2023TTI/MinBias/MinBias_TuneZ2star_GEN_SIM_161.root
02-Feb-2015 22:29:24 GMT  Successfully opened file root://xrootd.unl.edu//store/group/dpg_trigger/comm_trigger/L1TrackTrigger/620_SLHC10/Extended2023TTI/MinBias/MinBias_TuneZ2star_GEN_SIM_161.root
02-Feb-2015 22:33:24 GMT  Closed file root://xrootd.unl.edu//store/group/dpg_trigger/comm_trigger/L1TrackTrigger/620_SLHC10/Extended2023TTI/MinBias/MinBias_TuneZ2star_GEN_SIM_161.root
02-Feb-2015 22:33:24 GMT  Initiating request to open file root://xrootd.unl.edu//store/group/dpg_trigger/comm_trigger/L1TrackTrigger/620_SLHC10/Extended2023TTI/MinBias/MinBias_TuneZ2star_GEN_SIM_950.root
150202 22:33:55 24978 Xrd: XrdClientMessage::ReadRaw: Failed to read header (8 bytes).
02-Feb-2015 22:33:55 GMT  Successfully opened file root://xrootd.unl.edu//store/group/dpg_trigger/comm_trigger/L1TrackTrigger/620_SLHC10/Extended2023TTI/MinBias/MinBias_TuneZ2star_GEN_SIM_950.root
02-Feb-2015 22:38:30 GMT  Closed file root://xrootd.unl.edu//store/group/dpg_trigger/comm_trigger/L1TrackTrigger/620_SLHC10/Extended2023TTI/MinBias/MinBias_TuneZ2star_GEN_SIM_950.root
02-Feb-2015 22:38:30 GMT  Initiating request to open file root://xrootd.unl.edu//store/group/dpg_trigger/comm_trigger/L1TrackTrigger/620_SLHC10/Extended2023TTI/MinBias/MinBias_TuneZ2star_GEN_SIM_771.root
150202 22:38:31 29429 Xrd: XrdClientMessage::ReadRaw: Failed to read header (8 bytes).
150202 22:39:01 24977 Xrd: XrdClientMessage::ReadRaw: Failed to read header (8 bytes).
02-Feb-2015 22:39:01 GMT  Successfully opened file root://xrootd.unl.edu//store/group/dpg_trigger/comm_trigger/L1TrackTrigger/620_SLHC10/Extended2023TTI/MinBias/MinBias_TuneZ2star_GEN_SIM_771.root
02-Feb-2015 22:42:52 GMT  Closed file root://xrootd.unl.edu//store/group/dpg_trigger/comm_trigger/L1TrackTrigger/620_SLHC10/Extended2023TTI/MinBias/MinBias_TuneZ2star_GEN_SIM_771.root
02-Feb-2015 22:42:52 GMT  Initiating request to open file root://xrootd.unl.edu//store/group/dpg_trigger/comm_trigger/L1TrackTrigger/620_SLHC10/Extended2023TTI/MinBias/MinBias_TuneZ2star_GEN_SIM_321.root
02-Feb-2015 22:43:23 GMT  Successfully opened file root://xrootd.unl.edu//store/group/dpg_trigger/comm_trigger/L1TrackTrigger/620_SLHC10/Extended2023TTI/MinBias/MinBias_TuneZ2star_GEN_SIM_321.root
150202 22:43:50 780 Xrd: XrdClientMessage::ReadRaw: Failed to read header (8 bytes).
02-Feb-2015 22:46:59 GMT  Closed file root://xrootd.unl.edu//store/group/dpg_trigger/comm_trigger/L1TrackTrigger/620_SLHC10/Extended2023TTI/MinBias/MinBias_TuneZ2star_GEN_SIM_321.root
02-Feb-2015 22:46:59 GMT  Initiating request to open file root://xrootd.unl.edu//store/group/dpg_trigger/comm_trigger/L1TrackTrigger/620_SLHC10/Extended2023TTI/MinBias/MinBias_TuneZ2star_GEN_SIM_622.root
02-Feb-2015 22:47:30 GMT  Successfully opened file root://xrootd.unl.edu//store/group/dpg_trigger/comm_trigger/L1TrackTrigger/620_SLHC10/Extended2023TTI/MinBias/MinBias_TuneZ2star_GEN_SIM_622.root
150202 22:48:21 5369 Xrd: XrdClientMessage::ReadRaw: Failed to read header (8 bytes).
02-Feb-2015 22:51:24 GMT  Closed file root://xrootd.unl.edu//store/group/dpg_trigger/comm_trigger/L1TrackTrigger/620_SLHC10/Extended2023TTI/MinBias/MinBias_TuneZ2star_GEN_SIM_622.root
02-Feb-2015 22:51:24 GMT  Initiating request to open file root://xrootd.unl.edu//store/group/dpg_trigger/comm_trigger/L1TrackTrigger/620_SLHC10/Extended2023TTI/MinBias/MinBias_TuneZ2star_GEN_SIM_264.root
02-Feb-2015 22:51:55 GMT  Successfully opened file root://xrootd.unl.edu//store/group/dpg_trigger/comm_trigger/L1TrackTrigger/620_SLHC10/Extended2023TTI/MinBias/MinBias_TuneZ2star_GEN_SIM_264.root
150202 22:52:21 9087 Xrd: XrdClientMessage::ReadRaw: Failed to read header (8 bytes).
02-Feb-2015 22:54:52 GMT  Closed file root://xrootd.unl.edu//store/group/dpg_trigger/comm_trigger/L1TrackTrigger/620_SLHC10/Extended2023TTI/MinBias/MinBias_TuneZ2star_GEN_SIM_264.root
02-Feb-2015 22:54:52 GMT  Initiating request to open file root://xrootd.unl.edu//store/group/dpg_trigger/comm_trigger/L1TrackTrigger/620_SLHC10/Extended2023TTI/MinBias/MinBias_TuneZ2star_GEN_SIM_701.root
02-Feb-2015 22:55:23 GMT  Successfully opened file root://xrootd.unl.edu//store/group/dpg_trigger/comm_trigger/L1TrackTrigger/620_SLHC10/Extended2023TTI/MinBias/MinBias_TuneZ2star_GEN_SIM_701.root
150202 22:56:50 12963 Xrd: XrdClientMessage::ReadRaw: Failed to read header (8 bytes).
02-Feb-2015 22:58:05 GMT  Closed file root://xrootd.unl.edu//store/group/dpg_trigger/comm_trigger/L1TrackTrigger/620_SLHC10/Extended2023TTI/MinBias/MinBias_TuneZ2star_GEN_SIM_701.root
02-Feb-2015 22:58:05 GMT  Initiating request to open file root://xrootd.unl.edu//store/group/dpg_trigger/comm_trigger/L1TrackTrigger/620_SLHC10/Extended2023TTI/MinBias/MinBias_TuneZ2star_GEN_SIM_24.root
02-Feb-2015 22:58:36 GMT  Successfully opened file root://xrootd.unl.edu//store/group/dpg_trigger/comm_trigger/L1TrackTrigger/620_SLHC10/Extended2023TTI/MinBias/MinBias_TuneZ2star_GEN_SIM_24.root
150202 23:00:20 16563 Xrd: XrdClientMessage::ReadRaw: Failed to read header (8 bytes).
02-Feb-2015 23:01:15 GMT  Closed file root://xrootd.unl.edu//store/group/dpg_trigger/comm_trigger/L1TrackTrigger/620_SLHC10/Extended2023TTI/MinBias/MinBias_TuneZ2star_GEN_SIM_24.root
02-Feb-2015 23:01:15 GMT  Initiating request to open file root://xrootd.unl.edu//store/group/dpg_trigger/comm_trigger/L1TrackTrigger/620_SLHC10/Extended2023TTI/MinBias/MinBias_TuneZ2star_GEN_SIM_156.root
02-Feb-2015 23:01:46 GMT  Successfully opened file root://xrootd.unl.edu//store/group/dpg_trigger/comm_trigger/L1TrackTrigger/620_SLHC10/Extended2023TTI/MinBias/MinBias_TuneZ2star_GEN_SIM_156.root
150202 23:03:20 19364 Xrd: XrdClientMessage::ReadRaw: Failed to read header (8 bytes).
02-Feb-2015 23:04:47 GMT  Closed file root://xrootd.unl.edu//store/group/dpg_trigger/comm_trigger/L1TrackTrigger/620_SLHC10/Extended2023TTI/MinBias/MinBias_TuneZ2star_GEN_SIM_156.root
02-Feb-2015 23:04:47 GMT  Initiating request to open file root://xrootd.unl.edu//store/group/dpg_trigger/comm_trigger/L1TrackTrigger/620_SLHC10/Extended2023TTI/MinBias/MinBias_TuneZ2star_GEN_SIM_274.root
02-Feb-2015 23:04:48 GMT  Successfully opened file root://xrootd.unl.edu//store/group/dpg_trigger/comm_trigger/L1TrackTrigger/620_SLHC10/Extended2023TTI/MinBias/MinBias_TuneZ2star_GEN_SIM_274.root
02-Feb-2015 23:05:40 GMT  Closed file root://dcap.pp.rl.ac.uk:1094/pnfs/pp.rl.ac.uk/data/cms/store/user/dcieri/ttbar_SIM/ttbar/ttbar_SIM/150129_145223/0000/step1_346.root
02-Feb-2015 23:05:41 GMT  Closed file root://xrootd.unl.edu//store/group/dpg_trigger/comm_trigger/L1TrackTrigger/620_SLHC10/Extended2023TTI/MinBias/MinBias_TuneZ2star_GEN_SIM_274.root

=============================================

MessageLogger Summary

 type     category        sev    module        subroutine        count    total
 ---- -------------------- -- ---------------- ----------------  -----    -----
    1 fileAction           -s MixingModule:mix                      69       69
    2 fileAction           -s MixingModule:mix                       2        2
    3 fileAction           -s MixingModule:mix                       1        1
    4 fileAction           -s file_close                             1        1
    5 fileAction           -s file_open                              2        2

 type    category    Examples: run/evt        run/evt          run/evt
 ---- -------------------- ---------------- ---------------- ----------------
    1 fileAction           1/3451           1/3451           1/3460
    2 fileAction           pre-events       pre-events       
    3 fileAction           PostEndRun                        
    4 fileAction           PostEndRun                        
    5 fileAction           pre-events       pre-events       

Severity    # Occurrences   Total Occurrences
--------    -------------   -----------------
System                 75                  75
>>> END OF printout of 217 lines from stdout+stderr
>>> Parse FrameworkJobReport crab_fjr.xml
Result of parsing the FrameworkJobReport crab_fjr.xml: 
Extracted ExitStatus from FrameworkJobReport parsing output: 0
>>> Executable succeded  0
ExeExitCode=0
EXECUTABLE_EXIT_STATUS = 0
>>> current directory /scratch/condor/dir_29602/glide_P13HsZ/execute/dir_6606/CMSSW_6_2_0_SLHC12
>>>  (SOFTWARE_DIR): /scratch/condor/dir_29602/glide_P13HsZ/execute/dir_6606/CMSSW_6_2_0_SLHC12
>>> (WORKING_DIR): 
>>> current directory content:
total 240844
drwxr-xr-x 3 cms415 gplcms      4096 Feb  2 20:17 .SCRAM
-rw------- 1 cms415 gplcms    915837 Feb  2 20:17 CMSSW.py.pkl
drwxr-xr-x 3 cms415 gplcms      4096 Feb  2 20:17 bin
drwxr-xr-x 3 cms415 gplcms      4096 Feb  2 20:17 cfipython
drwxr-xr-x 4 cms415 gplcms      4096 Apr 28  2014 config
-rw------- 1 cms415 gplcms        16 Feb  2 23:05 cpu_timing.txt
drwxr-xr-x 2 cms415 gplcms      4096 Feb  2 20:17 doc
-rw------- 1 cms415 gplcms     24418 Feb  2 23:05 executable.out
drwxr-xr-x 2 cms415 gplcms      4096 Feb  2 20:17 include
drwx------ 3 cms415 gplcms      4096 Oct  7 10:12 lib
drwxr-xr-x 3 cms415 gplcms      4096 Feb  2 20:17 logs
drwxr-xr-x 3 cms415 gplcms      4096 Feb  2 20:17 objs
-rw------- 1 cms415 gplcms       104 Feb  2 20:17 pset.py
-rw------- 1 cms415 gplcms    926820 Feb  2 20:17 pset.py.pkl
-rw------- 1 cms415 gplcms       289 Feb  2 20:17 pset.pyc
drwxr-xr-x 2 cms415 gplcms      4096 Feb  2 20:17 python
-rw------- 1 cms415 gplcms       359 Feb  2 23:05 report.log
drwxr-xr-x 2 cms415 gplcms      4096 Feb  2 20:17 src
-rw------- 1 cms415 gplcms 244425733 Feb  2 23:05 step2.root
drwxr-xr-x 3 cms415 gplcms      4096 Feb  2 20:17 test
drwxr-xr-x 3 cms415 gplcms      4096 Feb  2 20:17 tmp
>>> current directory /scratch/condor/dir_29602/glide_P13HsZ/execute/dir_6606/CMSSW_6_2_0_SLHC12
>>> (SOFTWARE_DIR): /scratch/condor/dir_29602/glide_P13HsZ/execute/dir_6606/CMSSW_6_2_0_SLHC12
>>> (WORKING_DIR): 
>>> current directory content:
total 240844
drwxr-xr-x 3 cms415 gplcms      4096 Feb  2 20:17 .SCRAM
-rw------- 1 cms415 gplcms    915837 Feb  2 20:17 CMSSW.py.pkl
drwxr-xr-x 3 cms415 gplcms      4096 Feb  2 20:17 bin
drwxr-xr-x 3 cms415 gplcms      4096 Feb  2 20:17 cfipython
drwxr-xr-x 4 cms415 gplcms      4096 Apr 28  2014 config
-rw------- 1 cms415 gplcms        16 Feb  2 23:05 cpu_timing.txt
drwxr-xr-x 2 cms415 gplcms      4096 Feb  2 20:17 doc
-rw------- 1 cms415 gplcms     24418 Feb  2 23:05 executable.out
drwxr-xr-x 2 cms415 gplcms      4096 Feb  2 20:17 include
drwx------ 3 cms415 gplcms      4096 Oct  7 10:12 lib
drwxr-xr-x 3 cms415 gplcms      4096 Feb  2 20:17 logs
drwxr-xr-x 3 cms415 gplcms      4096 Feb  2 20:17 objs
-rw------- 1 cms415 gplcms       104 Feb  2 20:17 pset.py
-rw------- 1 cms415 gplcms    926820 Feb  2 20:17 pset.py.pkl
-rw------- 1 cms415 gplcms       289 Feb  2 20:17 pset.pyc
drwxr-xr-x 2 cms415 gplcms      4096 Feb  2 20:17 python
-rw------- 1 cms415 gplcms       359 Feb  2 23:05 report.log
drwxr-xr-x 2 cms415 gplcms      4096 Feb  2 20:17 src
-rw------- 1 cms415 gplcms 244425733 Feb  2 23:05 step2_239_1_VmP.root
drwxr-xr-x 3 cms415 gplcms      4096 Feb  2 20:17 test
drwxr-xr-x 3 cms415 gplcms      4096 Feb  2 20:17 tmp
>>> current directory (RUNTIME_AREA):  /scratch/condor/dir_29602/glide_P13HsZ/execute/dir_6606
PNN = T2_UK_SGrid_RALPP
SE = heplnx204.pp.rl.ac.uk
SE_PATH = /srm/managerv2?SFN=/pnfs/pp.rl.ac.uk/data/cms/store/user/dcieri/ttbar_PU140_DIGI/dcieri/ttbar/ttbar_PU140_DIGI/3c0380cf82de79bc39966c93934c61fc/
LFNBaseName = /store/user/dcieri/ttbar_PU140_DIGI/dcieri/ttbar/ttbar_PU140_DIGI/3c0380cf82de79bc39966c93934c61fc/
USER = dcieri
endpoint = srm://heplnx204.pp.rl.ac.uk:8443/srm/managerv2?SFN=/pnfs/pp.rl.ac.uk/data/cms/store/user/dcieri/ttbar_PU140_DIGI/dcieri/ttbar/ttbar_PU140_DIGI/3c0380cf82de79bc39966c93934c61fc/
>>> Copy output files from WN = heplnc341.pp.rl.ac.uk to /srm/managerv2?SFN=/pnfs/pp.rl.ac.uk/data/cms/store/user/dcieri/ttbar_PU140_DIGI/dcieri/ttbar/ttbar_PU140_DIGI/3c0380cf82de79bc39966c93934c61fc/ :
python cmscp.py  --destination srm://heplnx204.pp.rl.ac.uk:8443/srm/managerv2?SFN=/pnfs/pp.rl.ac.uk/data/cms/store/user/dcieri/ttbar_PU140_DIGI/dcieri/ttbar/ttbar_PU140_DIGI/3c0380cf82de79bc39966c93934c61fc/ --inputFileList /scratch/condor/dir_29602/glide_P13HsZ/execute/dir_6606/CMSSW_6_2_0_SLHC12/step2_239_1_VmP.root --middleware LCG --PNN T2_UK_SGrid_RALPP --se_name heplnx204.pp.rl.ac.uk --for_lfn /store/user/dcieri/ttbar_PU140_DIGI/dcieri/ttbar/ttbar_PU140_DIGI/3c0380cf82de79bc39966c93934c61fc/    
******************************************************
localSeName  =  heplnx204.pp.rl.ac.uk
remoteSeName =  heplnx204.pp.rl.ac.uk
******************************************************
{"/scratch/condor/dir_29602/glide_P13HsZ/execute/dir_6606/CMSSW_6_2_0_SLHC12/step2_239_1_VmP.root": {"endpoint": "srm://heplnx204.pp.rl.ac.uk:8443/srm/managerv2?SFN=/pnfs/pp.rl.ac.uk/data/cms/store/user/dcieri/ttbar_PU140_DIGI/dcieri/ttbar/ttbar_PU140_DIGI/3c0380cf82de79bc39966c93934c61fc/", "surl_for_grid": "", "reason": "Copy succedeed with srm-lcg utils", "erCode": "0", "PNN": "T2_UK_SGrid_RALPP", "se_name": "heplnx204.pp.rl.ac.uk", "for_lfn": "/store/user/dcieri/ttbar_PU140_DIGI/dcieri/ttbar/ttbar_PU140_DIGI/3c0380cf82de79bc39966c93934c61fc/"}}/scratch/condor/dir_29602/glide_P13HsZ/execute/dir_6606
-------- cat /scratch/condor/dir_29602/glide_P13HsZ/execute/dir_6606/cmscpReport.sh 
#!/bin/bash
echo "Report for File: /scratch/condor/dir_29602/glide_P13HsZ/execute/dir_6606/CMSSW_6_2_0_SLHC12/step2_239_1_VmP.root"
echo "LFN: /store/user/dcieri/ttbar_PU140_DIGI/dcieri/ttbar/ttbar_PU140_DIGI/3c0380cf82de79bc39966c93934c61fc/step2_239_1_VmP.root"
echo "StorageElement: heplnx204.pp.rl.ac.uk"
echo "StageOutExitStatusReason = 'Copy succedeed with srm-lcg utils'" | tee -a $RUNTIME_AREA/$repo
echo "StageOutSE = heplnx204.pp.rl.ac.uk" >> $RUNTIME_AREA/$repo

export StageOutExitStatus=0
echo "StageOutExitStatus = 0" | tee -a $RUNTIME_AREA/$repo
-------- end of /scratch/condor/dir_29602/glide_P13HsZ/execute/dir_6606/cmscpReport.sh 
Report for File: /scratch/condor/dir_29602/glide_P13HsZ/execute/dir_6606/CMSSW_6_2_0_SLHC12/step2_239_1_VmP.root
LFN: /store/user/dcieri/ttbar_PU140_DIGI/dcieri/ttbar/ttbar_PU140_DIGI/3c0380cf82de79bc39966c93934c61fc/step2_239_1_VmP.root
StorageElement: heplnx204.pp.rl.ac.uk
StageOutExitStatusReason = 'Copy succedeed with srm-lcg utils'
StageOutExitStatus = 0
>>> current dir: /scratch/condor/dir_29602/glide_P13HsZ/execute/dir_6606
>>> current dir content:
total 8824
-rw-------  1 cms415 gplcms    2729 Feb  2 23:06 .SEinteraction.log
-rwx------  1 cms415 gplcms      52 Feb  2 20:16 .chirp_config
-rwx------  1 cms415 gplcms    7822 Feb  2 20:16 .job.ad
-rwx------  1 cms415 gplcms    9813 Feb  2 20:16 .machine.ad
-rw-------  1 cms415 gplcms     105 Feb  2 12:16 CMSSW.py
-rw-------  1 cms415 gplcms  915837 Feb  2 12:16 CMSSW.py.pkl
-rwx------  1 cms415 gplcms   29498 Feb  2 20:17 CMSSW.sh
drwxr-xr-x 15 cms415 gplcms    4096 Feb  2 23:05 CMSSW_6_2_0_SLHC12
-rw-------  1 cms415 gplcms     189 Feb  2 20:17 CacheEnv.sh
-rw-------  1 cms415 gplcms    7291 Nov 19 14:52 DashboardAPI.py
-rw-------  1 cms415 gplcms    6455 Feb  2 20:17 DashboardAPI.pyc
drwx------  2 cms415 gplcms    4096 Feb  2 23:05 IMProv
-rw-------  1 cms415 gplcms    2748 Nov 19 14:52 Logger.py
-rw-------  1 cms415 gplcms    3227 Feb  2 20:17 Logger.pyc
-rw-------  1 cms415 gplcms   24524 Nov 19 14:52 ProcInfo.py
-rw-------  1 cms415 gplcms   22621 Feb  2 20:17 ProcInfo.pyc
drwx------  7 cms415 gplcms    4096 Feb  2 20:17 ProdCommon
drwx------  3 cms415 gplcms    4096 Feb  2 20:17 WMCore
-rw-------  1 cms415 gplcms   10558 Feb  2 23:06 Watchdog_239.log
-rwx------  1 cms415 gplcms       0 Feb  2 20:17 _condor_stderr
-rwx---r--  1 cms415 gplcms   39161 Feb  2 23:06 _condor_stdout
-rw-------  1 cms415 gplcms   32895 Nov 19 14:52 apmon.py
-rw-------  1 cms415 gplcms   27929 Feb  2 20:17 apmon.pyc
-rwx------  1 cms415 gplcms  134309 Feb  2 20:17 arguments.xml
-rwx------  1 cms415 gplcms   38581 Nov 19 14:52 cmscp.py
-rw-------  1 cms415 gplcms     561 Feb  2 23:06 cmscpReport.sh
-rwx------  1 cms415 gplcms   29498 Feb  2 20:17 condor_exec.exe
-rw-------  1 cms415 gplcms     544 Feb  2 12:16 crab.cfg
-rwx------  1 cms415 gplcms    8610 Nov 19 14:52 crabWatchdog.sh
-rwx---r--  1 cms415 gplcms  112087 Feb  2 23:05 crab_fjr_239.xml
-rwx------  1 cms415 gplcms 7390485 Feb  2 20:17 default.tgz
-rwx------  1 cms415 gplcms    4488 Nov 19 14:52 fillCrabFjr.py
-rw-------  1 cms415 gplcms     226 Feb  2 20:17 inputsReport.txt
-rw-------  1 cms415 gplcms     245 Feb  2 23:06 jobreport.txt
-rw-------  1 cms415 gplcms   17352 Nov 19 14:52 parseCrabFjr.py
-rw-------  1 cms415 gplcms     324 Feb  2 20:17 report.log
-rwx--x--x  1 cms415 gplcms    1497 Nov 19 14:52 report.py
-rw-------  1 cms415 gplcms     554 Feb  2 23:06 resultCopyFile
lrwxrwxrwx  1 cms415 gplcms      95 Feb  2 23:05 step2.root -> /scratch/condor/dir_29602/glide_P13HsZ/execute/dir_6606/CMSSW_6_2_0_SLHC12/step2_239_1_VmP.root
-rwx------  1 cms415 gplcms    8351 Nov 19 14:52 writeCfg.py
-rw-------  1 cms415 gplcms   10293 Feb  2 20:16 x509up_u62281
>>> Modify Job Report:
CMSSW_VERSION = CMSSW_6_2_0_SLHC12
ProcessedDataset = ttbar_PU140_DIGI
/scratch/condor/dir_29602/glide_P13HsZ/execute/dir_6606/ProdCommon/FwkJobRep/ModifyJobReport.py fjr /scratch/condor/dir_29602/glide_P13HsZ/execute/dir_6606/crab_fjr_239.xml json /scratch/condor/dir_29602/glide_P13HsZ/execute/dir_6606/resultCopyFile n_job 239_1_VmP PrimaryDataset ttbar  ApplicationFamily cmsRun ApplicationName cmsRun cmssw_version CMSSW_6_2_0_SLHC12 psethash 3c0380cf82de79bc39966c93934c61fc UserProcessedDataset dcieri-ttbar_PU140_DIGI-3c0380cf82de79bc39966c93934c61fc
inputDict =  {u'/scratch/condor/dir_29602/glide_P13HsZ/execute/dir_6606/CMSSW_6_2_0_SLHC12/step2_239_1_VmP.root': {u'endpoint': u'srm://heplnx204.pp.rl.ac.uk:8443/srm/managerv2?SFN=/pnfs/pp.rl.ac.uk/data/cms/store/user/dcieri/ttbar_PU140_DIGI/dcieri/ttbar/ttbar_PU140_DIGI/3c0380cf82de79bc39966c93934c61fc/', u'surl_for_grid': u'', u'reason': u'Copy succedeed with srm-lcg utils', u'erCode': u'0', u'PNN': u'T2_UK_SGrid_RALPP', u'se_name': u'heplnx204.pp.rl.ac.uk', u'for_lfn': u'/store/user/dcieri/ttbar_PU140_DIGI/dcieri/ttbar/ttbar_PU140_DIGI/3c0380cf82de79bc39966c93934c61fc/'}}
UserProcessedDataset =  dcieri-ttbar_PU140_DIGI-3c0380cf82de79bc39966c93934c61fc
WORKING ON EDM FILE
file_name in inputDict =  /scratch/condor/dir_29602/glide_P13HsZ/execute/dir_6606/CMSSW_6_2_0_SLHC12/step2_239_1_VmP.root
(size) os.stat(filename)[6] =  244425733
checksum =  1746478677
    file =  step2_239_1_VmP.root
    newPfn =  srm://heplnx204.pp.rl.ac.uk:8443/srm/managerv2?SFN=/pnfs/pp.rl.ac.uk/data/cms/store/user/dcieri/ttbar_PU140_DIGI/dcieri/ttbar/ttbar_PU140_DIGI/3c0380cf82de79bc39966c93934c61fc/step2_239_1_VmP.root
    newLfn =  /store/user/dcieri/ttbar_PU140_DIGI/dcieri/ttbar/ttbar_PU140_DIGI/3c0380cf82de79bc39966c93934c61fc/step2_239_1_VmP.root
>>> crab_fjr_*.xml  permission set to 0704
CrabWrapper EXIT_FUNC entered at Mon Feb  2 23:06:34 GMT 2015   -  Mon Feb  2 23:06:34 UTC 2015
Checking output files:  
will tar file crab_fjr_239.xml in  out_files_239
WARNING: output file CMSSW_239.stdout not found!
WARNING: output file CMSSW_239.stderr not found!
WARNING: output file Watchdog_239.log.gz not found!
>>> padding time: Wrapper lasting more than 600 seconds. No sleep required.
STOPPING WATCHDOG. CrabWatchdog PID is 8546
********** LAST 50 LINES OF WATCHDOG LOG
 Feb 02 20:43:45 GMT	8927	1091612	1626120	71	117	1567	cmsRun -j /scratch/condor/dir_29602/glide_P13HsZ/execute/dir_6606/crab_fjr_239.xml -p pset.py      
 Feb 02 20:54:47 GMT	8927	1091612	1628168	71	140	2229	cmsRun -j /scratch/condor/dir_29602/glide_P13HsZ/execute/dir_6606/crab_fjr_239.xml -p pset.py      
 Feb 02 20:56:47 GMT	8927	1091612	1630728	71	144	2350	cmsRun -j /scratch/condor/dir_29602/glide_P13HsZ/execute/dir_6606/crab_fjr_239.xml -p pset.py      
 Feb 02 20:57:48 GMT	8927	1091612	1632008	71	147	2410	cmsRun -j /scratch/condor/dir_29602/glide_P13HsZ/execute/dir_6606/crab_fjr_239.xml -p pset.py      
 Feb 02 20:58:48 GMT	8927	1091612	1633288	71	149	2470	cmsRun -j /scratch/condor/dir_29602/glide_P13HsZ/execute/dir_6606/crab_fjr_239.xml -p pset.py      
# TIME			PID	RSS(KB)	VSZ(KB)	Dsk(MB)	tCPU(s)	tWALL(s)	COMMAND
 Feb 02 20:59:48 GMT	8927	1094008	1634312	71	152	2530	cmsRun -j /scratch/condor/dir_29602/glide_P13HsZ/execute/dir_6606/crab_fjr_239.xml -p pset.py      
 Feb 02 21:00:48 GMT	8927	1168784	1648136	71	159	2590	cmsRun -j /scratch/condor/dir_29602/glide_P13HsZ/execute/dir_6606/crab_fjr_239.xml -p pset.py      
 Feb 02 21:02:49 GMT	8927	1220984	1665544	71	164	2711	cmsRun -j /scratch/condor/dir_29602/glide_P13HsZ/execute/dir_6606/crab_fjr_239.xml -p pset.py      
 Feb 02 21:03:49 GMT	8927	1231952	1679624	71	166	2771	cmsRun -j /scratch/condor/dir_29602/glide_P13HsZ/execute/dir_6606/crab_fjr_239.xml -p pset.py      
 Feb 02 21:04:49 GMT	8927	1235468	1681160	71	167	2831	cmsRun -j /scratch/condor/dir_29602/glide_P13HsZ/execute/dir_6606/crab_fjr_239.xml -p pset.py      
 Feb 02 21:05:49 GMT	8927	1236624	1682184	71	169	2891	cmsRun -j /scratch/condor/dir_29602/glide_P13HsZ/execute/dir_6606/crab_fjr_239.xml -p pset.py      
 Feb 02 21:06:49 GMT	8927	1237412	1682184	71	170	2952	cmsRun -j /scratch/condor/dir_29602/glide_P13HsZ/execute/dir_6606/crab_fjr_239.xml -p pset.py      
 Feb 02 21:07:50 GMT	8927	1239756	1686280	71	172	3012	cmsRun -j /scratch/condor/dir_29602/glide_P13HsZ/execute/dir_6606/crab_fjr_239.xml -p pset.py      
 Feb 02 21:08:50 GMT	8927	1270864	1737224	71	176	3074	cmsRun -j /scratch/condor/dir_29602/glide_P13HsZ/execute/dir_6606/crab_fjr_239.xml -p pset.py      
 Feb 02 21:09:52 GMT	8927	1270864	1743880	71	194	3135	cmsRun -j /scratch/condor/dir_29602/glide_P13HsZ/execute/dir_6606/crab_fjr_239.xml -p pset.py      
 Feb 02 21:09:52 GMT	---	1270864	1743880	95	----	----	----
 Feb 02 21:18:55 GMT	8927	1270864	1746184	95	204	3677	cmsRun -j /scratch/condor/dir_29602/glide_P13HsZ/execute/dir_6606/crab_fjr_239.xml -p pset.py      
 Feb 02 21:19:55 GMT	8927	1270864	1747208	95	205	3737	cmsRun -j /scratch/condor/dir_29602/glide_P13HsZ/execute/dir_6606/crab_fjr_239.xml -p pset.py      
 Feb 02 21:20:55 GMT	8927	1270864	1749000	95	206	3797	cmsRun -j /scratch/condor/dir_29602/glide_P13HsZ/execute/dir_6606/crab_fjr_239.xml -p pset.py      
 Feb 02 21:26:57 GMT	8927	1270864	1752328	95	215	4159	cmsRun -j /scratch/condor/dir_29602/glide_P13HsZ/execute/dir_6606/crab_fjr_239.xml -p pset.py      
 Feb 02 21:28:57 GMT	8927	1270864	1752840	95	217	4280	cmsRun -j /scratch/condor/dir_29602/glide_P13HsZ/execute/dir_6606/crab_fjr_239.xml -p pset.py      
 Feb 02 21:29:58 GMT	8927	1270864	1759240	95	219	4340	cmsRun -j /scratch/condor/dir_29602/glide_P13HsZ/execute/dir_6606/crab_fjr_239.xml -p pset.py      
 Feb 02 21:34:59 GMT	8927	1270864	1763848	95	227	4641	cmsRun -j /scratch/condor/dir_29602/glide_P13HsZ/execute/dir_6606/crab_fjr_239.xml -p pset.py      
 Feb 02 21:35:59 GMT	8927	1270864	1772808	95	235	4701	cmsRun -j /scratch/condor/dir_29602/glide_P13HsZ/execute/dir_6606/crab_fjr_239.xml -p pset.py      
 Feb 02 21:36:59 GMT	8927	1280104	1775112	95	239	4762	cmsRun -j /scratch/condor/dir_29602/glide_P13HsZ/execute/dir_6606/crab_fjr_239.xml -p pset.py      
 Feb 02 21:38:00 GMT	8927	1284140	1775880	95	242	4822	cmsRun -j /scratch/condor/dir_29602/glide_P13HsZ/execute/dir_6606/crab_fjr_239.xml -p pset.py      
 Feb 02 21:39:00 GMT	8927	1287672	1775880	95	245	4882	cmsRun -j /scratch/condor/dir_29602/glide_P13HsZ/execute/dir_6606/crab_fjr_239.xml -p pset.py      
 Feb 02 21:40:00 GMT	---	1287672	1775880	115	----	----	----
 Feb 02 21:59:05 GMT	---	1287672	1775880	137	----	----	----
 Feb 02 22:00:05 GMT	8927	1287672	1779464	137	330	6147	cmsRun -j /scratch/condor/dir_29602/glide_P13HsZ/execute/dir_6606/crab_fjr_239.xml -p pset.py      
 Feb 02 22:01:05 GMT	8927	1287672	1780744	137	332	6207	cmsRun -j /scratch/condor/dir_29602/glide_P13HsZ/execute/dir_6606/crab_fjr_239.xml -p pset.py      
 Feb 02 22:04:06 GMT	8927	1287672	1781768	137	345	6388	cmsRun -j /scratch/condor/dir_29602/glide_P13HsZ/execute/dir_6606/crab_fjr_239.xml -p pset.py      
 Feb 02 22:07:06 GMT	8927	1290884	1794568	137	353	6569	cmsRun -j /scratch/condor/dir_29602/glide_P13HsZ/execute/dir_6606/crab_fjr_239.xml -p pset.py      
 Feb 02 22:08:07 GMT	8927	1297268	1798664	137	359	6629	cmsRun -j /scratch/condor/dir_29602/glide_P13HsZ/execute/dir_6606/crab_fjr_239.xml -p pset.py      
 Feb 02 22:09:07 GMT	8927	1370936	1816840	137	373	6689	cmsRun -j /scratch/condor/dir_29602/glide_P13HsZ/execute/dir_6606/crab_fjr_239.xml -p pset.py      
# TIME			PID	RSS(KB)	VSZ(KB)	Dsk(MB)	tCPU(s)	tWALL(s)	COMMAND
# TIME			PID	RSS(KB)	VSZ(KB)	Dsk(MB)	tCPU(s)	tWALL(s)	COMMAND
 Feb 02 22:11:08 GMT	8927	1371504	1817608	137	379	6810	cmsRun -j /scratch/condor/dir_29602/glide_P13HsZ/execute/dir_6606/crab_fjr_239.xml -p pset.py      
 Feb 02 22:12:08 GMT	8927	1524052	1969416	137	394	6870	cmsRun -j /scratch/condor/dir_29602/glide_P13HsZ/execute/dir_6606/crab_fjr_239.xml -p pset.py      
 Feb 02 22:12:08 GMT	---	1524052	1969416	150	----	----	----
 Feb 02 22:13:08 GMT	---	1524052	1969416	160	----	----	----
 Feb 02 22:31:12 GMT	---	1524052	1969416	182	----	----	----
 Feb 02 22:41:14 GMT	---	1524052	1969416	194	----	----	----
 Feb 02 22:42:14 GMT	---	1524052	1969416	204	----	----	----
 Feb 02 22:51:16 GMT	---	1524052	1969416	225	----	----	----
 Feb 02 22:59:18 GMT	---	1524052	1969416	247	----	----	----
 Feb 02 23:04:19 GMT	8927	1524052	1976840	247	710	10001	cmsRun -j /scratch/condor/dir_29602/glide_P13HsZ/execute/dir_6606/crab_fjr_239.xml -p pset.py      
 Feb 02 23:05:19 GMT	8927	1524052	1990152	247	722	10061	cmsRun -j /scratch/condor/dir_29602/glide_P13HsZ/execute/dir_6606/crab_fjr_239.xml -p pset.py      
 Feb 02 23:06:19 GMT	---	1524052	1990152	271	----	----	----
********** WATCHDOG LOG ENDED
ZIPPING WATCHDOG LOG
Disk space used:
du -sh /scratch/condor/dir_29602/glide_P13HsZ/execute/dir_6606
271M	/scratch/condor/dir_29602/glide_P13HsZ/execute/dir_6606
Found unusual stdout, rename for OSB
`/scratch/condor/dir_29602/glide_P13HsZ/execute/dir_6606/_condor_stdout' -> `CMSSW_239.stdout'
Found unusual stderr, rename for OSB
`/scratch/condor/dir_29602/glide_P13HsZ/execute/dir_6606/_condor_stdout' -> `CMSSW_239.stderr'
crab_fjr_239.xml
CMSSW_239.stdout
CMSSW_239.stderr
Watchdog_239.log.gz
Total Output dimension: 24321
WARNING: output files size limit is set to: 50000000
Total Output dimension 24321 is fine.
JOB_EXIT_STATUS = 0
>>> info for dashboard:
***** Cat /scratch/condor/dir_29602/glide_P13HsZ/execute/dir_6606/jobreport.txt *****
MonitorJobID=239_https://submit-6.t2.ucsd.edu//150202//509447.238
MonitorID=dcieri_PU140_4dm08r
ExeTime=10080
ExeExitCode=0
StageOutExitStatusReason = 'Copy succedeed with srm-lcg utils'
StageOutSE = heplnx204.pp.rl.ac.uk
StageOutExitStatus = 0
CrabUserCpuTime=714.61
CrabSysCpuTime=24.58
CrabCpuPercentage=7%
CrabWrapperTime=10139
CrabStageoutTime=49
JobExitCode=0
***** End Cat jobreport *****
Parameters sent to Dashboard.
EXITING at Mon Feb  2 23:06:36 GMT 2015  -  Mon Feb  2 23:06:36 UTC 2015
