This script was generated by crab (version 2.11.1_patch1).
Running /scratch/condor/dir_7372/glide_xCatsU/execute/dir_3724/condor_exec.exe with 2 positional parameters: 443 1
Today is Mon Feb  2 21:27:43 GMT 2015 - Mon Feb  2 21:27:43 UTC 2015
Job submitted on host heplnc302.pp.rl.ac.uk
Linux heplnc302.pp.rl.ac.uk 2.6.32-504.3.3.el6.x86_64 #1 SMP Tue Dec 16 14:29:22 CST 2014 x86_64 x86_64 x86_64 GNU/Linux
Distributor ID:	Scientific
Description:	Scientific Linux release 6.6 (Carbon)
>>> current directory (RUNTIME_AREA): /scratch/condor/dir_7372/glide_xCatsU/execute/dir_3724
>>> current user: uid=157415(cms415) gid=157000(gplcms) groups=157000(gplcms)
>>> directory permission set to 0700
>>> umask set to:  u=rwx,g=,o=
>>> stdout stderr permission set to 0704
>>> voms proxy information:
subject   : /DC=ch/DC=cern/OU=Organic Units/OU=Users/CN=dcieri/CN=755391/CN=Davide Cieri/CN=769881070/CN=1836726228
issuer    : /DC=ch/DC=cern/OU=Organic Units/OU=Users/CN=dcieri/CN=755391/CN=Davide Cieri/CN=769881070
identity  : /DC=ch/DC=cern/OU=Organic Units/OU=Users/CN=dcieri/CN=755391/CN=Davide Cieri
type      : RFC3820 compliant limited proxy
strength  : 1024
path      : /scratch/condor/dir_7372/glide_xCatsU/execute/dir_3724/x509up_u62281
timeleft  : 23:59:11
key usage : Digital Signature, Key Encipherment
=== VO cms extension information ===
VO        : cms
subject   : /DC=ch/DC=cern/OU=Organic Units/OU=Users/CN=dcieri/CN=755391/CN=Davide Cieri
issuer    : /DC=ch/DC=cern/OU=computers/CN=lcg-voms2.cern.ch
attribute : /cms/Role=NULL/Capability=NULL
timeleft  : 182:48:41
uri       : lcg-voms2.cern.ch:15002

WNHostName=heplnc302.pp.rl.ac.uk
$_CONDOR_JOB_AD =/scratch/condor/dir_7372/glide_xCatsU/execute/dir_3724/.job.ad
OverflowFlag=0
>>> tar --no-same-permissions -xf /scratch/condor/dir_7372/glide_xCatsU/execute/dir_3724/default.tgz :
Successful untar
>>> Include /scratch/condor/dir_7372/glide_xCatsU/execute/dir_3724 in PYTHONPATH:
strip arguments
env var CRAB_UNIQUE_JOB_ID set to: dcieri_PU140_4dm08r_443_1_bSZ
out_files_443
>>> list of expected files on output sandbox
output files: crab_fjr_443.xml CMSSW_443.stdout CMSSW_443.stderr Watchdog_443.log.gz
>>> GridFlavour discovery: 
GridFlavour=LCG
>>> SyncSite discovery: 
SyncSite=T2_UK_SGrid_RALPP
>>> SyncCE discovery: 
getting SyncCE from GLIDEIN_Gaekeeper
SyncCE=heplnv147.pp.rl.ac.uk
>>> info for dashboard:
***** Cat /scratch/condor/dir_7372/glide_xCatsU/execute/dir_3724/jobreport.txt *****
WNHostName=heplnc302.pp.rl.ac.uk
OverflowFlag=0
MonitorJobID=443_https://submit-6.t2.ucsd.edu//150202//509448.42
SyncGridJobId=https://submit-6.t2.ucsd.edu//150202//509448.42
MonitorID=dcieri_PU140_4dm08r
GridFlavour=LCG
SyncSite=T2_UK_SGrid_RALPP
SyncCE=heplnv147.pp.rl.ac.uk
***** End Cat jobreport *****
Parameters sent to Dashboard.
>>> setup environment
set SCRAM ARCH to slc6_amd64_gcc472
SCRAM_ARCH = slc6_amd64_gcc472
>>> setup CMS LCG environment:
set SCRAM ARCH and BUILD_ARCH to slc6_amd64_gcc472 ###
Sourcing environment... 
sourcing /cvmfs/cms.cern.ch/cmsset_default.sh
==> setup cms environment ok
>>> specific cmssw setup environment:
CMSSW_VERSION =  CMSSW_6_2_0_SLHC12
WARNING: In non-interactive mode release checks e.g. deprecated releases, production architectures are disabled.
>>> current directory (SOFTWARE_DIR): /scratch/condor/dir_7372/glide_xCatsU/execute/dir_3724/CMSSW_6_2_0_SLHC12
PreserveSeeds: <>
IncrementSeeds:<>
>>> info for dashboard:
***** Cat /scratch/condor/dir_7372/glide_xCatsU/execute/dir_3724/jobreport.txt *****
MonitorJobID=443_https://submit-6.t2.ucsd.edu//150202//509448.42
MonitorID=dcieri_PU140_4dm08r
***** End Cat jobreport *****
Parameters sent to Dashboard.
crabWatchdog started as process 4346
>>> moving CMSSW software directories in /scratch/condor/dir_7372/glide_xCatsU/execute/dir_3724/CMSSW_6_2_0_SLHC12
mv: cannot stat `/scratch/condor/dir_7372/glide_xCatsU/execute/dir_3724/module/': No such file or directory
>>> Include /scratch/condor/dir_7372/glide_xCatsU/execute/dir_3724 in PYTHONPATH:
PYTHONPATH=/scratch/condor/dir_7372/glide_xCatsU/execute/dir_3724/:/scratch/condor/dir_7372/glide_xCatsU/execute/dir_3724/CMSSW_6_2_0_SLHC12/python:/scratch/condor/dir_7372/glide_xCatsU/execute/dir_3724/CMSSW_6_2_0_SLHC12/lib/slc6_amd64_gcc472:/cvmfs/cms.cern.ch/slc6_amd64_gcc472/cms/cmssw/CMSSW_6_2_0_SLHC12/python:/cvmfs/cms.cern.ch/slc6_amd64_gcc472/cms/cmssw/CMSSW_6_2_0_SLHC12/lib/slc6_amd64_gcc472:/cvmfs/cms.cern.ch/slc6_amd64_gcc472/cms/coral/CORAL_2_3_21-cms35/slc6_amd64_gcc472/python:/cvmfs/cms.cern.ch/slc6_amd64_gcc472/cms/coral/CORAL_2_3_21-cms35/slc6_amd64_gcc472/lib:/cvmfs/cms.cern.ch/slc6_amd64_gcc472/external/python-ldap/2.3.5-cms5/lib/python2.7/site-packages:/cvmfs/cms.cern.ch/slc6_amd64_gcc472/external/pyqt/4.8.1-cms5/lib/python2.7/site-packages:/cvmfs/cms.cern.ch/slc6_amd64_gcc472/external/py2-scipy/0.8.0-cms7/lib/python2.7/site-packages:/cvmfs/cms.cern.ch/slc6_amd64_gcc472/external/py2-matplotlib/1.0.1-cms7/lib/python2.7/site-packages:/cvmfs/cms.cern.ch/slc6_amd64_gcc472/external/sip/4.11.2-cms5/lib/python2.7/site-packages:/cvmfs/cms.cern.ch/slc6_amd64_gcc472/external/py2-pycurl/7.19.0-cms7/lib/python2.7/site-packages:/cvmfs/cms.cern.ch/slc6_amd64_gcc472/external/py2-numpy/1.6.1-cms7/lib/python2.7/site-packages:/cvmfs/cms.cern.ch/slc6_amd64_gcc472/external/py2-lint/0.25.1-cms5/lib/python2.7/site-packages:/cvmfs/cms.cern.ch/slc6_amd64_gcc472/external/py2-ipython/0.10-cms5/lib/python2.7/site-packages:/cvmfs/cms.cern.ch/slc6_amd64_gcc472/external/py2-cx-oracle/5.1-cms5/lib/python2.7/site-packages:/cvmfs/cms.cern.ch/slc6_amd64_gcc472/external/py2-cjson/1.0.5-cms5/lib/python2.7/site-packages:/cvmfs/cms.cern.ch/slc6_amd64_gcc472/cms/das-client/1.11.7/bin:/cvmfs/cms.cern.ch/slc6_amd64_gcc472/external/elementtree/1.2.6-cms5/share/lib/python2.7/site-packages:/cvmfs/cms.cern.ch/slc6_amd64_gcc472/external/rivet/1.8.2-cms9/lib/python2.7/site-packages:/cvmfs/cms.cern.ch/slc6_amd64_gcc472/external/pyminuit2/0.0.1-cms19/lib/python2.7/site-packages:/cvmfs/cms.cern.ch/slc6_amd64_gcc472/external/py2-pygithub/1.23.0-cms2/lib/python2.7/site-packages:/cvmfs/cms.cern.ch/slc6_amd64_gcc472/external/professor/1.0.0-cms19/lib/python2.7/site-packages:/cvmfs/cms.cern.ch/slc6_amd64_gcc472/lcg/root/5.34.07-cms/lib:/cvmfs/cms.cern.ch/slc6_amd64_gcc472/cms/dbs-client/DBS_2_1_9-cms5/lib:/cvmfs/cms.cern.ch/slc6_amd64_gcc472/cms/dbs-client/DBS_2_1_9-cms5/lib/DBSAPI:/cvmfs/cms.cern.ch/slc6_amd64_gcc472/external/cvs2git/5419-cms/lib:/scratch/condor/dir_7372/glide_xCatsU/execute/dir_3724/
 
# LIMITS USED BY CRAB WATCHDOG:
# RSS  (KBytes)   : 2300000
# VSZ  (KBytes)   : 100000000
# DISK (MBytes)   : 19000
# CPU TIME        : 720h:0m:0s
# WALL CLOCK TIME : 21h:50m:0s
 
3c0380cf82de79bc39966c93934c61fc
PSETHASH = 3c0380cf82de79bc39966c93934c61fc
/scratch/condor/dir_7372/glide_xCatsU/execute/dir_3724/writeCfg.py pset.py pset.py
Importing .py file
Setting parameters
RandomNumberGeneratorService found, will attempt to change seeds
inputBlocks=/ttbar/dcieri-ttbar_SIM-130075366148575c102f0d64fd3ac8f7/USER#42cb1519-7f11-43e2-ab9a-a013bd5404ac
inputFiles=/store/user/dcieri/ttbar_SIM/ttbar/ttbar_SIM/150129_145223/0000/step1_263.root
parentFiles=
lumisRange=
>>> Executable cmsRun
/cvmfs/cms.cern.ch/slc6_amd64_gcc472/cms/cmssw/CMSSW_6_2_0_SLHC12/bin/slc6_amd64_gcc472/cmsRun
ok executable found
>>> info for dashboard:
***** Cat /scratch/condor/dir_7372/glide_xCatsU/execute/dir_3724/jobreport.txt *****
MonitorJobID=443_https://submit-6.t2.ucsd.edu//150202//509448.42
MonitorID=dcieri_PU140_4dm08r
ExeStart=cmsRun
***** End Cat jobreport *****
Parameters sent to Dashboard.
>>> cmsRun started at Mon Feb  2 21:27:52 UTC 2015
>>> cmsRun ended at Mon Feb  2 23:16:02 UTC 2015
>>> crab_fjr_*.xml  permission set to 0704
>>> info for dashboard:
***** Cat /scratch/condor/dir_7372/glide_xCatsU/execute/dir_3724/jobreport.txt *****
MonitorJobID=443_https://submit-6.t2.ucsd.edu//150202//509448.42
MonitorID=dcieri_PU140_4dm08r
ExeEnd=cmsRun
***** End Cat jobreport *****
Parameters sent to Dashboard.
TIME_EXE = 6490 sec
>>> cmsRun wrote 204 lines of stdout+stderr
>>> START OF printout of 204 lines from stdout+stderr
271 DQMStore::DQMStore 
HcalTopologyIdealEP::HcalTopologyIdealEP
02-Feb-2015 21:28:01 GMT  Initiating request to open file root://dcap.pp.rl.ac.uk:1094/pnfs/pp.rl.ac.uk/data/cms/store/user/dcieri/ttbar_SIM/ttbar/ttbar_SIM/150129_145223/0000/step1_263.root
150202 21:28:03 4596 Xrd: CheckErrorStatus: Server [heplnx209.pp.rl.ac.uk:1094] declared: Request 3018 not supported(error code: 3013)
02-Feb-2015 21:28:03 GMT  Successfully opened file root://dcap.pp.rl.ac.uk:1094/pnfs/pp.rl.ac.uk/data/cms/store/user/dcieri/ttbar_SIM/ttbar/ttbar_SIM/150129_145223/0000/step1_263.root
02-Feb-2015 21:28:04 GMT  Initiating request to open file root://xrootd.unl.edu//store/group/dpg_trigger/comm_trigger/L1TrackTrigger/620_SLHC10/Extended2023TTI/MinBias/MinBias_TuneZ2star_GEN_SIM_1.root
02-Feb-2015 21:28:11 GMT  Successfully opened file root://xrootd.unl.edu//store/group/dpg_trigger/comm_trigger/L1TrackTrigger/620_SLHC10/Extended2023TTI/MinBias/MinBias_TuneZ2star_GEN_SIM_1.root
disableME1a = 0
HcalTopologyIdealEP::produce(const IdealGeometryRecord& iRecord)
mode = 2, maxDepthHB = 3, maxDepthHE = 5
RPCGeometryESModule :: produce
RPCGeometryESModule :: produce :: 1/4 Get Muon Ideal Geometry Record
RPCGeometryESModule :: produce :: 2/4 Get Muon DDD Constants
RPCGeometryESModule :: produce :: 3/4 Get Muon Numbering Record
in MuonNumberingInitialization::initializeMuonDDDConstants
about to make my new muonDDDConst_
in MuonNumberingInitialization::produce
RPCGeometryESModule :: produce :: 4/4 Build
Found:

	Barrel Stack layer 5 : 1008 stacks
	Barrel Stack layer 6 : 1320 stacks
	Barrel Stack layer 7 : 1836 stacks
	Barrel Stack layer 8 : 1152 stacks
	Barrel Stack layer 9 : 1488 stacks
	Barrel Stack layer 10 : 1824 stacks

	Endcap Stack disk 11 : 1360 stacks
	Endcap Stack disk 12 : 1360 stacks
	Endcap Stack disk 13 : 1360 stacks
	Endcap Stack disk 14 : 1360 stacks
	Endcap Stack disk 15 : 1360 stacks
Created 15428 stacks in 29 s

TTClusterBuilder< edm::Ref<edm::DetSetVector<PixelDigi>, PixelDigi, edm::refhelper::FindForDetSetVector<PixelDigi> > > loaded modules:
	TTClusterAlgorithm:	TTClusterAlgorithm_2d2013< edm::Ref<edm::DetSetVector<PixelDigi>, PixelDigi, edm::refhelper::FindForDetSetVector<PixelDigi> > >


TTStubBuilder< edm::Ref<edm::DetSetVector<PixelDigi>, PixelDigi, edm::refhelper::FindForDetSetVector<PixelDigi> > > loaded modules:
	TTStubAlgorithm:	TTStubAlgorithm_tab2013< edm::Ref<edm::DetSetVector<PixelDigi>, PixelDigi, edm::refhelper::FindForDetSetVector<PixelDigi> > >


TTClusterAssociator< edm::Ref<edm::DetSetVector<PixelDigi>, PixelDigi, edm::refhelper::FindForDetSetVector<PixelDigi> > > loaded.


TTStubAssociator< edm::Ref<edm::DetSetVector<PixelDigi>, PixelDigi, edm::refhelper::FindForDetSetVector<PixelDigi> > > loaded.


TTTrackAssociator< edm::Ref<edm::DetSetVector<PixelDigi>, PixelDigi, edm::refhelper::FindForDetSetVector<PixelDigi> > > loaded.

Begin processing the 1st record. Run 1, Event 2621, LumiSection 263 at 02-Feb-2015 21:29:00.522 GMT
02-Feb-2015 21:29:12 GMT  Closed file root://xrootd.unl.edu//store/group/dpg_trigger/comm_trigger/L1TrackTrigger/620_SLHC10/Extended2023TTI/MinBias/MinBias_TuneZ2star_GEN_SIM_1.root
02-Feb-2015 21:29:12 GMT  Initiating request to open file root://xrootd.unl.edu//store/group/dpg_trigger/comm_trigger/L1TrackTrigger/620_SLHC10/Extended2023TTI/MinBias/MinBias_TuneZ2star_GEN_SIM_563.root
02-Feb-2015 21:29:43 GMT  Successfully opened file root://xrootd.unl.edu//store/group/dpg_trigger/comm_trigger/L1TrackTrigger/620_SLHC10/Extended2023TTI/MinBias/MinBias_TuneZ2star_GEN_SIM_563.root
150202 21:34:32 4897 Xrd: XrdClientMessage::ReadRaw: Failed to read header (8 bytes).
150202 21:35:02 4895 Xrd: XrdClientMessage::ReadRaw: Failed to read header (8 bytes).
02-Feb-2015 21:38:07 GMT  Closed file root://xrootd.unl.edu//store/group/dpg_trigger/comm_trigger/L1TrackTrigger/620_SLHC10/Extended2023TTI/MinBias/MinBias_TuneZ2star_GEN_SIM_563.root
02-Feb-2015 21:38:07 GMT  Initiating request to open file root://xrootd.unl.edu//store/group/dpg_trigger/comm_trigger/L1TrackTrigger/620_SLHC10/Extended2023TTI/MinBias/MinBias_TuneZ2star_GEN_SIM_819.root
150202 21:38:25 13101 Xrd: CheckErrorStatus: Server [llrxrd-redir.in2p3.fr:1094] declared: session not found(error code: 3011)
02-Feb-2015 21:38:26 GMT  Successfully opened file root://xrootd.unl.edu//store/group/dpg_trigger/comm_trigger/L1TrackTrigger/620_SLHC10/Extended2023TTI/MinBias/MinBias_TuneZ2star_GEN_SIM_819.root
150202 21:43:32 13217 Xrd: XrdClientMessage::ReadRaw: Failed to read header (8 bytes).
150202 21:43:32 6004 Xrd: XrdClientMessage::ReadRaw: Failed to read header (8 bytes).
02-Feb-2015 21:46:30 GMT  Closed file root://xrootd.unl.edu//store/group/dpg_trigger/comm_trigger/L1TrackTrigger/620_SLHC10/Extended2023TTI/MinBias/MinBias_TuneZ2star_GEN_SIM_819.root
02-Feb-2015 21:46:30 GMT  Initiating request to open file root://xrootd.unl.edu//store/group/dpg_trigger/comm_trigger/L1TrackTrigger/620_SLHC10/Extended2023TTI/MinBias/MinBias_TuneZ2star_GEN_SIM_186.root
150202 21:47:00 19606 Xrd: CheckErrorStatus: Server [xrootd-redic.pi.infn.it:1094] declared: session not found(error code: 3011)
02-Feb-2015 21:47:01 GMT  Successfully opened file root://xrootd.unl.edu//store/group/dpg_trigger/comm_trigger/L1TrackTrigger/620_SLHC10/Extended2023TTI/MinBias/MinBias_TuneZ2star_GEN_SIM_186.root
150202 21:48:31 4835 Xrd: XrdClientMessage::ReadRaw: Failed to read header (8 bytes).
150202 21:48:32 4836 Xrd: XrdClientMessage::ReadRaw: Failed to read header (8 bytes).
Building the geometry service
Warning did not find digi
Warning did not find digi
Warning did not find digi
Warning did not find digi
Warning did not find digi in disks
Warning did not find digi in disks
Warning did not find digi in disks
Warning did not find digi in disks
150202 21:51:32 13218 Xrd: XrdClientMessage::ReadRaw: Failed to read header (8 bytes).
150202 21:52:32 20124 Xrd: XrdClientMessage::ReadRaw: Failed to read header (8 bytes).
02-Feb-2015 21:54:48 GMT  Closed file root://xrootd.unl.edu//store/group/dpg_trigger/comm_trigger/L1TrackTrigger/620_SLHC10/Extended2023TTI/MinBias/MinBias_TuneZ2star_GEN_SIM_186.root
02-Feb-2015 21:54:48 GMT  Initiating request to open file root://xrootd.unl.edu//store/group/dpg_trigger/comm_trigger/L1TrackTrigger/620_SLHC10/Extended2023TTI/MinBias/MinBias_TuneZ2star_GEN_SIM_688.root
150202 21:54:49 26075 Xrd: CheckErrorStatus: Server [xrootd.ba.infn.it:1094] declared: session not found(error code: 3011)
02-Feb-2015 21:54:49 GMT  Successfully opened file root://xrootd.unl.edu//store/group/dpg_trigger/comm_trigger/L1TrackTrigger/620_SLHC10/Extended2023TTI/MinBias/MinBias_TuneZ2star_GEN_SIM_688.root
150202 21:58:32 6003 Xrd: XrdClientMessage::ReadRaw: Failed to read header (8 bytes).
150202 22:00:02 20125 Xrd: XrdClientMessage::ReadRaw: Failed to read header (8 bytes).
150202 22:00:02 26077 Xrd: XrdClientMessage::ReadRaw: Failed to read header (8 bytes).
02-Feb-2015 22:01:02 GMT  Closed file root://xrootd.unl.edu//store/group/dpg_trigger/comm_trigger/L1TrackTrigger/620_SLHC10/Extended2023TTI/MinBias/MinBias_TuneZ2star_GEN_SIM_688.root
02-Feb-2015 22:01:02 GMT  Initiating request to open file root://xrootd.unl.edu//store/group/dpg_trigger/comm_trigger/L1TrackTrigger/620_SLHC10/Extended2023TTI/MinBias/MinBias_TuneZ2star_GEN_SIM_508.root
150202 22:01:45 30983 Xrd: CheckErrorStatus: Server [xrootd-redic.pi.infn.it:1094] declared: session not found(error code: 3011)
02-Feb-2015 22:01:46 GMT  Successfully opened file root://xrootd.unl.edu//store/group/dpg_trigger/comm_trigger/L1TrackTrigger/620_SLHC10/Extended2023TTI/MinBias/MinBias_TuneZ2star_GEN_SIM_508.root
02-Feb-2015 22:05:21 GMT  Closed file root://xrootd.unl.edu//store/group/dpg_trigger/comm_trigger/L1TrackTrigger/620_SLHC10/Extended2023TTI/MinBias/MinBias_TuneZ2star_GEN_SIM_508.root
02-Feb-2015 22:05:21 GMT  Initiating request to open file root://xrootd.unl.edu//store/group/dpg_trigger/comm_trigger/L1TrackTrigger/620_SLHC10/Extended2023TTI/MinBias/MinBias_TuneZ2star_GEN_SIM_716.root
02-Feb-2015 22:05:50 GMT  Successfully opened file root://xrootd.unl.edu//store/group/dpg_trigger/comm_trigger/L1TrackTrigger/620_SLHC10/Extended2023TTI/MinBias/MinBias_TuneZ2star_GEN_SIM_716.root
150202 22:06:32 26078 Xrd: XrdClientMessage::ReadRaw: Failed to read header (8 bytes).
02-Feb-2015 22:09:36 GMT  Closed file root://xrootd.unl.edu//store/group/dpg_trigger/comm_trigger/L1TrackTrigger/620_SLHC10/Extended2023TTI/MinBias/MinBias_TuneZ2star_GEN_SIM_716.root
02-Feb-2015 22:09:36 GMT  Initiating request to open file root://xrootd.unl.edu//store/group/dpg_trigger/comm_trigger/L1TrackTrigger/620_SLHC10/Extended2023TTI/MinBias/MinBias_TuneZ2star_GEN_SIM_40.root
150202 22:10:32 31617 Xrd: XrdClientMessage::ReadRaw: Failed to read header (8 bytes).
150202 22:11:02 31616 Xrd: XrdClientMessage::ReadRaw: Failed to read header (8 bytes).
150202 22:11:11 17544 Xrd: CheckErrorStatus: Server [xrootd.ba.infn.it:1094] declared: session not found(error code: 3011)
02-Feb-2015 22:11:11 GMT  Successfully opened file root://xrootd.unl.edu//store/group/dpg_trigger/comm_trigger/L1TrackTrigger/620_SLHC10/Extended2023TTI/MinBias/MinBias_TuneZ2star_GEN_SIM_40.root
150202 22:15:02 8816 Xrd: XrdClientMessage::ReadRaw: Failed to read header (8 bytes).
02-Feb-2015 22:16:31 GMT  Closed file root://xrootd.unl.edu//store/group/dpg_trigger/comm_trigger/L1TrackTrigger/620_SLHC10/Extended2023TTI/MinBias/MinBias_TuneZ2star_GEN_SIM_40.root
02-Feb-2015 22:16:31 GMT  Initiating request to open file root://xrootd.unl.edu//store/group/dpg_trigger/comm_trigger/L1TrackTrigger/620_SLHC10/Extended2023TTI/MinBias/MinBias_TuneZ2star_GEN_SIM_430.root
150202 22:16:32 21557 Xrd: XrdClientMessage::ReadRaw: Failed to read header (8 bytes).
150202 22:21:42 1539 Xrd: CheckErrorStatus: Server [cms-xrd-global.cern.ch:1094] declared: session not found(error code: 3011)
150202 22:21:42 1539 Xrd: CheckErrorStatus: Server [llrxrd-redir.in2p3.fr:1094] declared: session not found(error code: 3011)
150202 22:21:42 1539 Xrd: CheckErrorStatus: Server [eoscms.cern.ch:1094] declared: session not found(error code: 3011)
02-Feb-2015 22:21:42 GMT  Successfully opened file root://xrootd.unl.edu//store/group/dpg_trigger/comm_trigger/L1TrackTrigger/620_SLHC10/Extended2023TTI/MinBias/MinBias_TuneZ2star_GEN_SIM_430.root
02-Feb-2015 22:23:12 GMT  Closed file root://xrootd.unl.edu//store/group/dpg_trigger/comm_trigger/L1TrackTrigger/620_SLHC10/Extended2023TTI/MinBias/MinBias_TuneZ2star_GEN_SIM_430.root
02-Feb-2015 22:23:12 GMT  Initiating request to open file root://xrootd.unl.edu//store/group/dpg_trigger/comm_trigger/L1TrackTrigger/620_SLHC10/Extended2023TTI/MinBias/MinBias_TuneZ2star_GEN_SIM_172.root
150202 22:24:47 21558 Xrd: XrdClientMessage::ReadRaw: Failed to read header (8 bytes).
02-Feb-2015 22:24:47 GMT  Successfully opened file root://xrootd.unl.edu//store/group/dpg_trigger/comm_trigger/L1TrackTrigger/620_SLHC10/Extended2023TTI/MinBias/MinBias_TuneZ2star_GEN_SIM_172.root
150202 22:26:02 4894 Xrd: XrdClientMessage::ReadRaw: Failed to read header (8 bytes).
150202 22:28:32 11468 Xrd: XrdClientMessage::ReadRaw: Failed to read header (8 bytes).
02-Feb-2015 22:29:10 GMT  Closed file root://xrootd.unl.edu//store/group/dpg_trigger/comm_trigger/L1TrackTrigger/620_SLHC10/Extended2023TTI/MinBias/MinBias_TuneZ2star_GEN_SIM_172.root
02-Feb-2015 22:29:10 GMT  Initiating request to open file root://xrootd.unl.edu//store/group/dpg_trigger/comm_trigger/L1TrackTrigger/620_SLHC10/Extended2023TTI/MinBias/MinBias_TuneZ2star_GEN_SIM_25.root
150202 22:29:46 21990 Xrd: CheckErrorStatus: Server [cms-xrd-global.cern.ch:1094] declared: session not found(error code: 3011)
150202 22:29:47 21990 Xrd: CheckErrorStatus: Server [eoscms.cern.ch:1094] declared: session not found(error code: 3011)
02-Feb-2015 22:29:47 GMT  Successfully opened file root://xrootd.unl.edu//store/group/dpg_trigger/comm_trigger/L1TrackTrigger/620_SLHC10/Extended2023TTI/MinBias/MinBias_TuneZ2star_GEN_SIM_25.root
150202 22:31:32 26076 Xrd: XrdClientMessage::ReadRaw: Failed to read header (8 bytes).
02-Feb-2015 22:34:14 GMT  Closed file root://xrootd.unl.edu//store/group/dpg_trigger/comm_trigger/L1TrackTrigger/620_SLHC10/Extended2023TTI/MinBias/MinBias_TuneZ2star_GEN_SIM_25.root
02-Feb-2015 22:34:14 GMT  Initiating request to open file root://xrootd.unl.edu//store/group/dpg_trigger/comm_trigger/L1TrackTrigger/620_SLHC10/Extended2023TTI/MinBias/MinBias_TuneZ2star_GEN_SIM_124.root
150202 22:34:14 18436 Xrd: XrdClientMessage::ReadRaw: Failed to read header (8 bytes).
02-Feb-2015 22:34:45 GMT  Successfully opened file root://xrootd.unl.edu//store/group/dpg_trigger/comm_trigger/L1TrackTrigger/620_SLHC10/Extended2023TTI/MinBias/MinBias_TuneZ2star_GEN_SIM_124.root
02-Feb-2015 22:38:11 GMT  Closed file root://xrootd.unl.edu//store/group/dpg_trigger/comm_trigger/L1TrackTrigger/620_SLHC10/Extended2023TTI/MinBias/MinBias_TuneZ2star_GEN_SIM_124.root
02-Feb-2015 22:38:11 GMT  Initiating request to open file root://xrootd.unl.edu//store/group/dpg_trigger/comm_trigger/L1TrackTrigger/620_SLHC10/Extended2023TTI/MinBias/MinBias_TuneZ2star_GEN_SIM_125.root
02-Feb-2015 22:38:42 GMT  Successfully opened file root://xrootd.unl.edu//store/group/dpg_trigger/comm_trigger/L1TrackTrigger/620_SLHC10/Extended2023TTI/MinBias/MinBias_TuneZ2star_GEN_SIM_125.root
150202 22:39:31 22229 Xrd: XrdClientMessage::ReadRaw: Failed to read header (8 bytes).
02-Feb-2015 22:42:20 GMT  Closed file root://xrootd.unl.edu//store/group/dpg_trigger/comm_trigger/L1TrackTrigger/620_SLHC10/Extended2023TTI/MinBias/MinBias_TuneZ2star_GEN_SIM_125.root
02-Feb-2015 22:42:20 GMT  Initiating request to open file root://xrootd.unl.edu//store/group/dpg_trigger/comm_trigger/L1TrackTrigger/620_SLHC10/Extended2023TTI/MinBias/MinBias_TuneZ2star_GEN_SIM_323.root
150202 22:42:51 31610 Xrd: CheckErrorStatus: Server [cms-xrd-global.cern.ch:1094] declared: session not found(error code: 3011)
02-Feb-2015 22:42:51 GMT  Successfully opened file root://xrootd.unl.edu//store/group/dpg_trigger/comm_trigger/L1TrackTrigger/620_SLHC10/Extended2023TTI/MinBias/MinBias_TuneZ2star_GEN_SIM_323.root
150202 22:43:31 26021 Xrd: XrdClientMessage::ReadRaw: Failed to read header (8 bytes).
150202 22:45:02 11466 Xrd: XrdClientMessage::ReadRaw: Failed to read header (8 bytes).
02-Feb-2015 22:46:27 GMT  Closed file root://xrootd.unl.edu//store/group/dpg_trigger/comm_trigger/L1TrackTrigger/620_SLHC10/Extended2023TTI/MinBias/MinBias_TuneZ2star_GEN_SIM_323.root
02-Feb-2015 22:46:27 GMT  Initiating request to open file root://xrootd.unl.edu//store/group/dpg_trigger/comm_trigger/L1TrackTrigger/620_SLHC10/Extended2023TTI/MinBias/MinBias_TuneZ2star_GEN_SIM_402.root
02-Feb-2015 22:46:58 GMT  Successfully opened file root://xrootd.unl.edu//store/group/dpg_trigger/comm_trigger/L1TrackTrigger/620_SLHC10/Extended2023TTI/MinBias/MinBias_TuneZ2star_GEN_SIM_402.root
150202 22:47:32 29098 Xrd: XrdClientMessage::ReadRaw: Failed to read header (8 bytes).
02-Feb-2015 22:49:57 GMT  Closed file root://xrootd.unl.edu//store/group/dpg_trigger/comm_trigger/L1TrackTrigger/620_SLHC10/Extended2023TTI/MinBias/MinBias_TuneZ2star_GEN_SIM_402.root
02-Feb-2015 22:49:57 GMT  Initiating request to open file root://xrootd.unl.edu//store/group/dpg_trigger/comm_trigger/L1TrackTrigger/620_SLHC10/Extended2023TTI/MinBias/MinBias_TuneZ2star_GEN_SIM_853.root
02-Feb-2015 22:50:28 GMT  Successfully opened file root://xrootd.unl.edu//store/group/dpg_trigger/comm_trigger/L1TrackTrigger/620_SLHC10/Extended2023TTI/MinBias/MinBias_TuneZ2star_GEN_SIM_853.root
150202 22:51:32 32355 Xrd: XrdClientMessage::ReadRaw: Failed to read header (8 bytes).
02-Feb-2015 22:53:17 GMT  Closed file root://xrootd.unl.edu//store/group/dpg_trigger/comm_trigger/L1TrackTrigger/620_SLHC10/Extended2023TTI/MinBias/MinBias_TuneZ2star_GEN_SIM_853.root
02-Feb-2015 22:53:17 GMT  Initiating request to open file root://xrootd.unl.edu//store/group/dpg_trigger/comm_trigger/L1TrackTrigger/620_SLHC10/Extended2023TTI/MinBias/MinBias_TuneZ2star_GEN_SIM_740.root
150202 22:53:48 7765 Xrd: CheckErrorStatus: Server [cms-xrd-global.cern.ch:1094] declared: session not found(error code: 3011)
02-Feb-2015 22:53:48 GMT  Successfully opened file root://xrootd.unl.edu//store/group/dpg_trigger/comm_trigger/L1TrackTrigger/620_SLHC10/Extended2023TTI/MinBias/MinBias_TuneZ2star_GEN_SIM_740.root
150202 22:55:02 2940 Xrd: XrdClientMessage::ReadRaw: Failed to read header (8 bytes).
02-Feb-2015 22:56:50 GMT  Closed file root://xrootd.unl.edu//store/group/dpg_trigger/comm_trigger/L1TrackTrigger/620_SLHC10/Extended2023TTI/MinBias/MinBias_TuneZ2star_GEN_SIM_740.root
02-Feb-2015 22:56:50 GMT  Initiating request to open file root://xrootd.unl.edu//store/group/dpg_trigger/comm_trigger/L1TrackTrigger/620_SLHC10/Extended2023TTI/MinBias/MinBias_TuneZ2star_GEN_SIM_695.root
150202 22:57:21 10821 Xrd: CheckErrorStatus: Server [eoscms.cern.ch:1094] declared: session not found(error code: 3011)
02-Feb-2015 22:57:21 GMT  Successfully opened file root://xrootd.unl.edu//store/group/dpg_trigger/comm_trigger/L1TrackTrigger/620_SLHC10/Extended2023TTI/MinBias/MinBias_TuneZ2star_GEN_SIM_695.root
150202 22:58:32 5219 Xrd: XrdClientMessage::ReadRaw: Failed to read header (8 bytes).
02-Feb-2015 22:59:15 GMT  Closed file root://xrootd.unl.edu//store/group/dpg_trigger/comm_trigger/L1TrackTrigger/620_SLHC10/Extended2023TTI/MinBias/MinBias_TuneZ2star_GEN_SIM_695.root
02-Feb-2015 22:59:15 GMT  Initiating request to open file root://xrootd.unl.edu//store/group/dpg_trigger/comm_trigger/L1TrackTrigger/620_SLHC10/Extended2023TTI/MinBias/MinBias_TuneZ2star_GEN_SIM_278.root
02-Feb-2015 22:59:46 GMT  Successfully opened file root://xrootd.unl.edu//store/group/dpg_trigger/comm_trigger/L1TrackTrigger/620_SLHC10/Extended2023TTI/MinBias/MinBias_TuneZ2star_GEN_SIM_278.root
150202 23:02:02 8537 Xrd: XrdClientMessage::ReadRaw: Failed to read header (8 bytes).
02-Feb-2015 23:02:18 GMT  Closed file root://xrootd.unl.edu//store/group/dpg_trigger/comm_trigger/L1TrackTrigger/620_SLHC10/Extended2023TTI/MinBias/MinBias_TuneZ2star_GEN_SIM_278.root
02-Feb-2015 23:02:18 GMT  Initiating request to open file root://xrootd.unl.edu//store/group/dpg_trigger/comm_trigger/L1TrackTrigger/620_SLHC10/Extended2023TTI/MinBias/MinBias_TuneZ2star_GEN_SIM_346.root
02-Feb-2015 23:02:50 GMT  Successfully opened file root://xrootd.unl.edu//store/group/dpg_trigger/comm_trigger/L1TrackTrigger/620_SLHC10/Extended2023TTI/MinBias/MinBias_TuneZ2star_GEN_SIM_346.root
150202 23:04:32 10831 Xrd: XrdClientMessage::ReadRaw: Failed to read header (8 bytes).
150202 23:07:02 32354 Xrd: XrdClientMessage::ReadRaw: Failed to read header (8 bytes).
02-Feb-2015 23:07:17 GMT  Closed file root://xrootd.unl.edu//store/group/dpg_trigger/comm_trigger/L1TrackTrigger/620_SLHC10/Extended2023TTI/MinBias/MinBias_TuneZ2star_GEN_SIM_346.root
02-Feb-2015 23:07:17 GMT  Initiating request to open file root://xrootd.unl.edu//store/group/dpg_trigger/comm_trigger/L1TrackTrigger/620_SLHC10/Extended2023TTI/MinBias/MinBias_TuneZ2star_GEN_SIM_695.root
150202 23:07:32 13091 Xrd: XrdClientMessage::ReadRaw: Failed to read header (8 bytes).
150202 23:07:48 20708 Xrd: CheckErrorStatus: Server [eoscms.cern.ch:1094] declared: session not found(error code: 3011)
02-Feb-2015 23:07:48 GMT  Successfully opened file root://xrootd.unl.edu//store/group/dpg_trigger/comm_trigger/L1TrackTrigger/620_SLHC10/Extended2023TTI/MinBias/MinBias_TuneZ2star_GEN_SIM_695.root
02-Feb-2015 23:09:39 GMT  Closed file root://xrootd.unl.edu//store/group/dpg_trigger/comm_trigger/L1TrackTrigger/620_SLHC10/Extended2023TTI/MinBias/MinBias_TuneZ2star_GEN_SIM_695.root
02-Feb-2015 23:09:39 GMT  Initiating request to open file root://xrootd.unl.edu//store/group/dpg_trigger/comm_trigger/L1TrackTrigger/620_SLHC10/Extended2023TTI/MinBias/MinBias_TuneZ2star_GEN_SIM_530.root
02-Feb-2015 23:10:40 GMT  Successfully opened file root://xrootd.unl.edu//store/group/dpg_trigger/comm_trigger/L1TrackTrigger/620_SLHC10/Extended2023TTI/MinBias/MinBias_TuneZ2star_GEN_SIM_530.root
150202 23:12:32 15643 Xrd: XrdClientMessage::ReadRaw: Failed to read header (8 bytes).
02-Feb-2015 23:12:33 GMT  Closed file root://xrootd.unl.edu//store/group/dpg_trigger/comm_trigger/L1TrackTrigger/620_SLHC10/Extended2023TTI/MinBias/MinBias_TuneZ2star_GEN_SIM_530.root
02-Feb-2015 23:12:33 GMT  Initiating request to open file root://xrootd.unl.edu//store/group/dpg_trigger/comm_trigger/L1TrackTrigger/620_SLHC10/Extended2023TTI/MinBias/MinBias_TuneZ2star_GEN_SIM_168.root
150202 23:13:04 30291 Xrd: CheckErrorStatus: Server [cms-xrd-global.cern.ch:1094] declared: session not found(error code: 3011)
02-Feb-2015 23:13:04 GMT  Successfully opened file root://xrootd.unl.edu//store/group/dpg_trigger/comm_trigger/L1TrackTrigger/620_SLHC10/Extended2023TTI/MinBias/MinBias_TuneZ2star_GEN_SIM_168.root
02-Feb-2015 23:14:53 GMT  Closed file root://xrootd.unl.edu//store/group/dpg_trigger/comm_trigger/L1TrackTrigger/620_SLHC10/Extended2023TTI/MinBias/MinBias_TuneZ2star_GEN_SIM_168.root
02-Feb-2015 23:14:53 GMT  Initiating request to open file root://xrootd.unl.edu//store/group/dpg_trigger/comm_trigger/L1TrackTrigger/620_SLHC10/Extended2023TTI/MinBias/MinBias_TuneZ2star_GEN_SIM_877.root
150202 23:14:53 21968 Xrd: XrdClientMessage::ReadRaw: Failed to read header (8 bytes).
02-Feb-2015 23:15:24 GMT  Successfully opened file root://xrootd.unl.edu//store/group/dpg_trigger/comm_trigger/L1TrackTrigger/620_SLHC10/Extended2023TTI/MinBias/MinBias_TuneZ2star_GEN_SIM_877.root
02-Feb-2015 23:15:59 GMT  Closed file root://dcap.pp.rl.ac.uk:1094/pnfs/pp.rl.ac.uk/data/cms/store/user/dcieri/ttbar_SIM/ttbar/ttbar_SIM/150129_145223/0000/step1_263.root
02-Feb-2015 23:16:00 GMT  Closed file root://xrootd.unl.edu//store/group/dpg_trigger/comm_trigger/L1TrackTrigger/620_SLHC10/Extended2023TTI/MinBias/MinBias_TuneZ2star_GEN_SIM_877.root

=============================================

MessageLogger Summary

 type     category        sev    module        subroutine        count    total
 ---- -------------------- -- ---------------- ----------------  -----    -----
    1 fileAction           -s MixingModule:mix                      69       69
    2 fileAction           -s MixingModule:mix                       2        2
    3 fileAction           -s MixingModule:mix                       1        1
    4 fileAction           -s file_close                             1        1
    5 fileAction           -s file_open                              2        2

 type    category    Examples: run/evt        run/evt          run/evt
 ---- -------------------- ---------------- ---------------- ----------------
    1 fileAction           1/2621           1/2621           1/2630
    2 fileAction           pre-events       pre-events       
    3 fileAction           PostEndRun                        
    4 fileAction           PostEndRun                        
    5 fileAction           pre-events       pre-events       

Severity    # Occurrences   Total Occurrences
--------    -------------   -----------------
System                 75                  75
>>> END OF printout of 204 lines from stdout+stderr
>>> Parse FrameworkJobReport crab_fjr.xml
Result of parsing the FrameworkJobReport crab_fjr.xml: 
Extracted ExitStatus from FrameworkJobReport parsing output: 0
>>> Executable succeded  0
ExeExitCode=0
EXECUTABLE_EXIT_STATUS = 0
>>> current directory /scratch/condor/dir_7372/glide_xCatsU/execute/dir_3724/CMSSW_6_2_0_SLHC12
>>>  (SOFTWARE_DIR): /scratch/condor/dir_7372/glide_xCatsU/execute/dir_3724/CMSSW_6_2_0_SLHC12
>>> (WORKING_DIR): 
>>> current directory content:
total 227500
drwxr-xr-x 3 cms415 gplcms      4096 Feb  2 21:27 .SCRAM
-rw------- 1 cms415 gplcms    915837 Feb  2 21:27 CMSSW.py.pkl
drwxr-xr-x 3 cms415 gplcms      4096 Feb  2 21:27 bin
drwxr-xr-x 3 cms415 gplcms      4096 Feb  2 21:27 cfipython
drwxr-xr-x 4 cms415 gplcms      4096 Apr 28  2014 config
-rw------- 1 cms415 gplcms        17 Feb  2 23:16 cpu_timing.txt
drwxr-xr-x 2 cms415 gplcms      4096 Feb  2 21:27 doc
-rw------- 1 cms415 gplcms     23120 Feb  2 23:16 executable.out
drwxr-xr-x 2 cms415 gplcms      4096 Feb  2 21:27 include
drwx------ 3 cms415 gplcms      4096 Oct  7 10:12 lib
drwxr-xr-x 3 cms415 gplcms      4096 Feb  2 21:27 logs
drwxr-xr-x 3 cms415 gplcms      4096 Feb  2 21:27 objs
-rw------- 1 cms415 gplcms       104 Feb  2 21:27 pset.py
-rw------- 1 cms415 gplcms    926822 Feb  2 21:27 pset.py.pkl
-rw------- 1 cms415 gplcms       289 Feb  2 21:27 pset.pyc
drwxr-xr-x 2 cms415 gplcms      4096 Feb  2 21:27 python
-rw------- 1 cms415 gplcms       356 Feb  2 23:16 report.log
drwxr-xr-x 2 cms415 gplcms      4096 Feb  2 21:27 src
-rw------- 1 cms415 gplcms 230774238 Feb  2 23:16 step2.root
drwxr-xr-x 3 cms415 gplcms      4096 Feb  2 21:27 test
drwxr-xr-x 3 cms415 gplcms      4096 Feb  2 21:27 tmp
>>> current directory /scratch/condor/dir_7372/glide_xCatsU/execute/dir_3724/CMSSW_6_2_0_SLHC12
>>> (SOFTWARE_DIR): /scratch/condor/dir_7372/glide_xCatsU/execute/dir_3724/CMSSW_6_2_0_SLHC12
>>> (WORKING_DIR): 
>>> current directory content:
total 227500
drwxr-xr-x 3 cms415 gplcms      4096 Feb  2 21:27 .SCRAM
-rw------- 1 cms415 gplcms    915837 Feb  2 21:27 CMSSW.py.pkl
drwxr-xr-x 3 cms415 gplcms      4096 Feb  2 21:27 bin
drwxr-xr-x 3 cms415 gplcms      4096 Feb  2 21:27 cfipython
drwxr-xr-x 4 cms415 gplcms      4096 Apr 28  2014 config
-rw------- 1 cms415 gplcms        17 Feb  2 23:16 cpu_timing.txt
drwxr-xr-x 2 cms415 gplcms      4096 Feb  2 21:27 doc
-rw------- 1 cms415 gplcms     23120 Feb  2 23:16 executable.out
drwxr-xr-x 2 cms415 gplcms      4096 Feb  2 21:27 include
drwx------ 3 cms415 gplcms      4096 Oct  7 10:12 lib
drwxr-xr-x 3 cms415 gplcms      4096 Feb  2 21:27 logs
drwxr-xr-x 3 cms415 gplcms      4096 Feb  2 21:27 objs
-rw------- 1 cms415 gplcms       104 Feb  2 21:27 pset.py
-rw------- 1 cms415 gplcms    926822 Feb  2 21:27 pset.py.pkl
-rw------- 1 cms415 gplcms       289 Feb  2 21:27 pset.pyc
drwxr-xr-x 2 cms415 gplcms      4096 Feb  2 21:27 python
-rw------- 1 cms415 gplcms       356 Feb  2 23:16 report.log
drwxr-xr-x 2 cms415 gplcms      4096 Feb  2 21:27 src
-rw------- 1 cms415 gplcms 230774238 Feb  2 23:16 step2_443_1_bSZ.root
drwxr-xr-x 3 cms415 gplcms      4096 Feb  2 21:27 test
drwxr-xr-x 3 cms415 gplcms      4096 Feb  2 21:27 tmp
>>> current directory (RUNTIME_AREA):  /scratch/condor/dir_7372/glide_xCatsU/execute/dir_3724
PNN = T2_UK_SGrid_RALPP
SE = heplnx204.pp.rl.ac.uk
SE_PATH = /srm/managerv2?SFN=/pnfs/pp.rl.ac.uk/data/cms/store/user/dcieri/ttbar_PU140_DIGI/dcieri/ttbar/ttbar_PU140_DIGI/3c0380cf82de79bc39966c93934c61fc/
LFNBaseName = /store/user/dcieri/ttbar_PU140_DIGI/dcieri/ttbar/ttbar_PU140_DIGI/3c0380cf82de79bc39966c93934c61fc/
USER = dcieri
endpoint = srm://heplnx204.pp.rl.ac.uk:8443/srm/managerv2?SFN=/pnfs/pp.rl.ac.uk/data/cms/store/user/dcieri/ttbar_PU140_DIGI/dcieri/ttbar/ttbar_PU140_DIGI/3c0380cf82de79bc39966c93934c61fc/
>>> Copy output files from WN = heplnc302.pp.rl.ac.uk to /srm/managerv2?SFN=/pnfs/pp.rl.ac.uk/data/cms/store/user/dcieri/ttbar_PU140_DIGI/dcieri/ttbar/ttbar_PU140_DIGI/3c0380cf82de79bc39966c93934c61fc/ :
python cmscp.py  --destination srm://heplnx204.pp.rl.ac.uk:8443/srm/managerv2?SFN=/pnfs/pp.rl.ac.uk/data/cms/store/user/dcieri/ttbar_PU140_DIGI/dcieri/ttbar/ttbar_PU140_DIGI/3c0380cf82de79bc39966c93934c61fc/ --inputFileList /scratch/condor/dir_7372/glide_xCatsU/execute/dir_3724/CMSSW_6_2_0_SLHC12/step2_443_1_bSZ.root --middleware LCG --PNN T2_UK_SGrid_RALPP --se_name heplnx204.pp.rl.ac.uk --for_lfn /store/user/dcieri/ttbar_PU140_DIGI/dcieri/ttbar/ttbar_PU140_DIGI/3c0380cf82de79bc39966c93934c61fc/    
******************************************************
localSeName  =  heplnx204.pp.rl.ac.uk
remoteSeName =  heplnx204.pp.rl.ac.uk
******************************************************
{"/scratch/condor/dir_7372/glide_xCatsU/execute/dir_3724/CMSSW_6_2_0_SLHC12/step2_443_1_bSZ.root": {"endpoint": "srm://heplnx204.pp.rl.ac.uk:8443/srm/managerv2?SFN=/pnfs/pp.rl.ac.uk/data/cms/store/user/dcieri/ttbar_PU140_DIGI/dcieri/ttbar/ttbar_PU140_DIGI/3c0380cf82de79bc39966c93934c61fc/", "surl_for_grid": "", "reason": "Copy succedeed with srm-lcg utils", "erCode": "0", "PNN": "T2_UK_SGrid_RALPP", "se_name": "heplnx204.pp.rl.ac.uk", "for_lfn": "/store/user/dcieri/ttbar_PU140_DIGI/dcieri/ttbar/ttbar_PU140_DIGI/3c0380cf82de79bc39966c93934c61fc/"}}/scratch/condor/dir_7372/glide_xCatsU/execute/dir_3724
-------- cat /scratch/condor/dir_7372/glide_xCatsU/execute/dir_3724/cmscpReport.sh 
#!/bin/bash
echo "Report for File: /scratch/condor/dir_7372/glide_xCatsU/execute/dir_3724/CMSSW_6_2_0_SLHC12/step2_443_1_bSZ.root"
echo "LFN: /store/user/dcieri/ttbar_PU140_DIGI/dcieri/ttbar/ttbar_PU140_DIGI/3c0380cf82de79bc39966c93934c61fc/step2_443_1_bSZ.root"
echo "StorageElement: heplnx204.pp.rl.ac.uk"
echo "StageOutExitStatusReason = 'Copy succedeed with srm-lcg utils'" | tee -a $RUNTIME_AREA/$repo
echo "StageOutSE = heplnx204.pp.rl.ac.uk" >> $RUNTIME_AREA/$repo

export StageOutExitStatus=0
echo "StageOutExitStatus = 0" | tee -a $RUNTIME_AREA/$repo
-------- end of /scratch/condor/dir_7372/glide_xCatsU/execute/dir_3724/cmscpReport.sh 
Report for File: /scratch/condor/dir_7372/glide_xCatsU/execute/dir_3724/CMSSW_6_2_0_SLHC12/step2_443_1_bSZ.root
LFN: /store/user/dcieri/ttbar_PU140_DIGI/dcieri/ttbar/ttbar_PU140_DIGI/3c0380cf82de79bc39966c93934c61fc/step2_443_1_bSZ.root
StorageElement: heplnx204.pp.rl.ac.uk
StageOutExitStatusReason = 'Copy succedeed with srm-lcg utils'
StageOutExitStatus = 0
>>> current dir: /scratch/condor/dir_7372/glide_xCatsU/execute/dir_3724
>>> current dir content:
total 8824
-rw-------  1 cms415 gplcms    2917 Feb  2 23:16 .SEinteraction.log
-rwx------  1 cms415 gplcms      51 Feb  2 21:26 .chirp_config
-rwx------  1 cms415 gplcms    7809 Feb  2 21:26 .job.ad
-rwx------  1 cms415 gplcms    9744 Feb  2 21:26 .machine.ad
-rw-------  1 cms415 gplcms     105 Feb  2 12:16 CMSSW.py
-rw-------  1 cms415 gplcms  915837 Feb  2 12:16 CMSSW.py.pkl
-rwx------  1 cms415 gplcms   29498 Feb  2 21:27 CMSSW.sh
drwxr-xr-x 15 cms415 gplcms    4096 Feb  2 23:16 CMSSW_6_2_0_SLHC12
-rw-------  1 cms415 gplcms     188 Feb  2 21:27 CacheEnv.sh
-rw-------  1 cms415 gplcms    7291 Nov 19 14:52 DashboardAPI.py
-rw-------  1 cms415 gplcms    6440 Feb  2 21:27 DashboardAPI.pyc
drwx------  2 cms415 gplcms    4096 Feb  2 23:16 IMProv
-rw-------  1 cms415 gplcms    2748 Nov 19 14:52 Logger.py
-rw-------  1 cms415 gplcms    3222 Feb  2 21:27 Logger.pyc
-rw-------  1 cms415 gplcms   24524 Nov 19 14:52 ProcInfo.py
-rw-------  1 cms415 gplcms   22597 Feb  2 21:27 ProcInfo.pyc
drwx------  7 cms415 gplcms    4096 Feb  2 21:27 ProdCommon
drwx------  3 cms415 gplcms    4096 Feb  2 21:27 WMCore
-rw-------  1 cms415 gplcms    9490 Feb  2 23:16 Watchdog_443.log
-rwx------  1 cms415 gplcms       0 Feb  2 21:27 _condor_stderr
-rwx---r--  1 cms415 gplcms   37825 Feb  2 23:16 _condor_stdout
-rw-------  1 cms415 gplcms   32895 Nov 19 14:52 apmon.py
-rw-------  1 cms415 gplcms   27900 Feb  2 21:27 apmon.pyc
-rwx------  1 cms415 gplcms  134309 Feb  2 21:27 arguments.xml
-rwx------  1 cms415 gplcms   38581 Nov 19 14:52 cmscp.py
-rw-------  1 cms415 gplcms     560 Feb  2 23:16 cmscpReport.sh
-rwx------  1 cms415 gplcms   29498 Feb  2 21:27 condor_exec.exe
-rw-------  1 cms415 gplcms     544 Feb  2 12:16 crab.cfg
-rwx------  1 cms415 gplcms    8610 Nov 19 14:52 crabWatchdog.sh
-rwx---r--  1 cms415 gplcms  112108 Feb  2 23:16 crab_fjr_443.xml
-rwx------  1 cms415 gplcms 7390485 Feb  2 21:27 default.tgz
-rwx------  1 cms415 gplcms    4488 Nov 19 14:52 fillCrabFjr.py
-rw-------  1 cms415 gplcms     226 Feb  2 21:27 inputsReport.txt
-rw-------  1 cms415 gplcms     243 Feb  2 23:16 jobreport.txt
-rw-------  1 cms415 gplcms   17352 Nov 19 14:52 parseCrabFjr.py
-rw-------  1 cms415 gplcms     322 Feb  2 21:27 report.log
-rwx--x--x  1 cms415 gplcms    1497 Nov 19 14:52 report.py
-rw-------  1 cms415 gplcms     553 Feb  2 23:16 resultCopyFile
lrwxrwxrwx  1 cms415 gplcms      94 Feb  2 23:16 step2.root -> /scratch/condor/dir_7372/glide_xCatsU/execute/dir_3724/CMSSW_6_2_0_SLHC12/step2_443_1_bSZ.root
-rwx------  1 cms415 gplcms    8351 Nov 19 14:52 writeCfg.py
-rw-------  1 cms415 gplcms   10293 Feb  2 21:26 x509up_u62281
>>> Modify Job Report:
CMSSW_VERSION = CMSSW_6_2_0_SLHC12
ProcessedDataset = ttbar_PU140_DIGI
/scratch/condor/dir_7372/glide_xCatsU/execute/dir_3724/ProdCommon/FwkJobRep/ModifyJobReport.py fjr /scratch/condor/dir_7372/glide_xCatsU/execute/dir_3724/crab_fjr_443.xml json /scratch/condor/dir_7372/glide_xCatsU/execute/dir_3724/resultCopyFile n_job 443_1_bSZ PrimaryDataset ttbar  ApplicationFamily cmsRun ApplicationName cmsRun cmssw_version CMSSW_6_2_0_SLHC12 psethash 3c0380cf82de79bc39966c93934c61fc UserProcessedDataset dcieri-ttbar_PU140_DIGI-3c0380cf82de79bc39966c93934c61fc
inputDict =  {u'/scratch/condor/dir_7372/glide_xCatsU/execute/dir_3724/CMSSW_6_2_0_SLHC12/step2_443_1_bSZ.root': {u'endpoint': u'srm://heplnx204.pp.rl.ac.uk:8443/srm/managerv2?SFN=/pnfs/pp.rl.ac.uk/data/cms/store/user/dcieri/ttbar_PU140_DIGI/dcieri/ttbar/ttbar_PU140_DIGI/3c0380cf82de79bc39966c93934c61fc/', u'surl_for_grid': u'', u'reason': u'Copy succedeed with srm-lcg utils', u'erCode': u'0', u'PNN': u'T2_UK_SGrid_RALPP', u'se_name': u'heplnx204.pp.rl.ac.uk', u'for_lfn': u'/store/user/dcieri/ttbar_PU140_DIGI/dcieri/ttbar/ttbar_PU140_DIGI/3c0380cf82de79bc39966c93934c61fc/'}}
UserProcessedDataset =  dcieri-ttbar_PU140_DIGI-3c0380cf82de79bc39966c93934c61fc
WORKING ON EDM FILE
file_name in inputDict =  /scratch/condor/dir_7372/glide_xCatsU/execute/dir_3724/CMSSW_6_2_0_SLHC12/step2_443_1_bSZ.root
(size) os.stat(filename)[6] =  230774238
checksum =  3798532887
    file =  step2_443_1_bSZ.root
    newPfn =  srm://heplnx204.pp.rl.ac.uk:8443/srm/managerv2?SFN=/pnfs/pp.rl.ac.uk/data/cms/store/user/dcieri/ttbar_PU140_DIGI/dcieri/ttbar/ttbar_PU140_DIGI/3c0380cf82de79bc39966c93934c61fc/step2_443_1_bSZ.root
    newLfn =  /store/user/dcieri/ttbar_PU140_DIGI/dcieri/ttbar/ttbar_PU140_DIGI/3c0380cf82de79bc39966c93934c61fc/step2_443_1_bSZ.root
>>> crab_fjr_*.xml  permission set to 0704
CrabWrapper EXIT_FUNC entered at Mon Feb  2 23:17:01 GMT 2015   -  Mon Feb  2 23:17:01 UTC 2015
Checking output files:  
will tar file crab_fjr_443.xml in  out_files_443
WARNING: output file CMSSW_443.stdout not found!
WARNING: output file CMSSW_443.stderr not found!
WARNING: output file Watchdog_443.log.gz not found!
>>> padding time: Wrapper lasting more than 600 seconds. No sleep required.
STOPPING WATCHDOG. CrabWatchdog PID is 4346
********** LAST 50 LINES OF WATCHDOG LOG
 Feb 02 21:48:52 GMT	4596	967588	1392244	50	123	1265	cmsRun -j /scratch/condor/dir_7372/glide_xCatsU/execute/dir_3724/crab_fjr_443.xml -p pset.py      
 Feb 02 21:49:53 GMT	4596	1100636	1634352	50	156	1325	cmsRun -j /scratch/condor/dir_7372/glide_xCatsU/execute/dir_3724/crab_fjr_443.xml -p pset.py      
 Feb 02 21:49:53 GMT	---	1100636	1634352	70	----	----	----
 Feb 02 21:50:53 GMT	4596	1118648	1634352	70	158	1385	cmsRun -j /scratch/condor/dir_7372/glide_xCatsU/execute/dir_3724/crab_fjr_443.xml -p pset.py      
 Feb 02 21:51:53 GMT	4596	1136392	1634352	70	160	1445	cmsRun -j /scratch/condor/dir_7372/glide_xCatsU/execute/dir_3724/crab_fjr_443.xml -p pset.py      
 Feb 02 21:52:53 GMT	4596	1143240	1634352	70	163	1505	cmsRun -j /scratch/condor/dir_7372/glide_xCatsU/execute/dir_3724/crab_fjr_443.xml -p pset.py      
 Feb 02 21:53:53 GMT	4596	1145776	1634352	70	167	1566	cmsRun -j /scratch/condor/dir_7372/glide_xCatsU/execute/dir_3724/crab_fjr_443.xml -p pset.py      
 Feb 02 21:57:54 GMT	4596	1150076	1637428	70	183	1806	cmsRun -j /scratch/condor/dir_7372/glide_xCatsU/execute/dir_3724/crab_fjr_443.xml -p pset.py      
# TIME			PID	RSS(KB)	VSZ(KB)	Dsk(MB)	tCPU(s)	tWALL(s)	COMMAND
 Feb 02 21:58:54 GMT	4596	1151040	1638196	70	187	1867	cmsRun -j /scratch/condor/dir_7372/glide_xCatsU/execute/dir_3724/crab_fjr_443.xml -p pset.py      
 Feb 02 21:59:55 GMT	4596	1154508	1643828	70	191	1927	cmsRun -j /scratch/condor/dir_7372/glide_xCatsU/execute/dir_3724/crab_fjr_443.xml -p pset.py      
 Feb 02 22:00:55 GMT	4596	1184904	1645620	70	199	1987	cmsRun -j /scratch/condor/dir_7372/glide_xCatsU/execute/dir_3724/crab_fjr_443.xml -p pset.py      
 Feb 02 22:02:55 GMT	4596	1261960	1679924	70	213	2107	cmsRun -j /scratch/condor/dir_7372/glide_xCatsU/execute/dir_3724/crab_fjr_443.xml -p pset.py      
 Feb 02 22:03:55 GMT	4596	1270696	1684788	70	220	2168	cmsRun -j /scratch/condor/dir_7372/glide_xCatsU/execute/dir_3724/crab_fjr_443.xml -p pset.py      
 Feb 02 22:04:56 GMT	4596	1270696	1745420	70	244	2228	cmsRun -j /scratch/condor/dir_7372/glide_xCatsU/execute/dir_3724/crab_fjr_443.xml -p pset.py      
 Feb 02 22:04:56 GMT	---	1270696	1745420	92	----	----	----
 Feb 02 22:08:57 GMT	4596	1270696	1751308	92	272	2469	cmsRun -j /scratch/condor/dir_7372/glide_xCatsU/execute/dir_3724/crab_fjr_443.xml -p pset.py      
 Feb 02 22:11:57 GMT	4596	1270696	1757196	92	281	2649	cmsRun -j /scratch/condor/dir_7372/glide_xCatsU/execute/dir_3724/crab_fjr_443.xml -p pset.py      
 Feb 02 22:12:57 GMT	4596	1270696	1769228	92	293	2710	cmsRun -j /scratch/condor/dir_7372/glide_xCatsU/execute/dir_3724/crab_fjr_443.xml -p pset.py      
 Feb 02 22:13:58 GMT	4596	1285536	1773580	92	300	2770	cmsRun -j /scratch/condor/dir_7372/glide_xCatsU/execute/dir_3724/crab_fjr_443.xml -p pset.py      
 Feb 02 22:14:58 GMT	4596	1289292	1776396	92	305	2831	cmsRun -j /scratch/condor/dir_7372/glide_xCatsU/execute/dir_3724/crab_fjr_443.xml -p pset.py      
 Feb 02 22:15:59 GMT	---	1289292	1776396	112	----	----	----
 Feb 02 22:30:02 GMT	4596	1303056	1776396	112	394	3734	cmsRun -j /scratch/condor/dir_7372/glide_xCatsU/execute/dir_3724/crab_fjr_443.xml -p pset.py      
 Feb 02 22:31:02 GMT	---	1303056	1776396	133	----	----	----
 Feb 02 22:36:25 GMT	4596	1303056	1785612	133	446	4117	cmsRun -j /scratch/condor/dir_7372/glide_xCatsU/execute/dir_3724/crab_fjr_443.xml -p pset.py      
 Feb 02 22:37:26 GMT	4596	1310656	1803276	133	462	4178	cmsRun -j /scratch/condor/dir_7372/glide_xCatsU/execute/dir_3724/crab_fjr_443.xml -p pset.py      
 Feb 02 22:39:26 GMT	---	1310656	1803276	153	----	----	----
 Feb 02 22:47:30 GMT	4596	1338356	1806860	153	551	4783	cmsRun -j /scratch/condor/dir_7372/glide_xCatsU/execute/dir_3724/crab_fjr_443.xml -p pset.py      
 Feb 02 22:48:31 GMT	4596	1338356	1807116	153	576	4843	cmsRun -j /scratch/condor/dir_7372/glide_xCatsU/execute/dir_3724/crab_fjr_443.xml -p pset.py      
 Feb 02 22:48:31 GMT	---	1338356	1807116	175	----	----	----
 Feb 02 22:49:31 GMT	4596	1338356	1808908	175	584	4903	cmsRun -j /scratch/condor/dir_7372/glide_xCatsU/execute/dir_3724/crab_fjr_443.xml -p pset.py      
 Feb 02 22:51:31 GMT	4596	1338356	1817612	175	596	5024	cmsRun -j /scratch/condor/dir_7372/glide_xCatsU/execute/dir_3724/crab_fjr_443.xml -p pset.py      
 Feb 02 22:52:32 GMT	4596	1338356	1820172	175	605	5084	cmsRun -j /scratch/condor/dir_7372/glide_xCatsU/execute/dir_3724/crab_fjr_443.xml -p pset.py      
 Feb 02 22:54:32 GMT	4596	1364412	1850124	175	631	5205	cmsRun -j /scratch/condor/dir_7372/glide_xCatsU/execute/dir_3724/crab_fjr_443.xml -p pset.py      
 Feb 02 22:55:33 GMT	4596	1535728	1949196	175	656	5265	cmsRun -j /scratch/condor/dir_7372/glide_xCatsU/execute/dir_3724/crab_fjr_443.xml -p pset.py      
 Feb 02 22:55:33 GMT	---	1535728	1949196	187	----	----	----
 Feb 02 22:56:33 GMT	---	1535728	1949196	197	----	----	----
 Feb 02 23:01:34 GMT	---	1535728	1949196	201	----	----	----
 Feb 02 23:02:35 GMT	---	1535728	1949196	217	----	----	----
# TIME			PID	RSS(KB)	VSZ(KB)	Dsk(MB)	tCPU(s)	tWALL(s)	COMMAND
# TIME			PID	RSS(KB)	VSZ(KB)	Dsk(MB)	tCPU(s)	tWALL(s)	COMMAND
# TIME			PID	RSS(KB)	VSZ(KB)	Dsk(MB)	tCPU(s)	tWALL(s)	COMMAND
# TIME			PID	RSS(KB)	VSZ(KB)	Dsk(MB)	tCPU(s)	tWALL(s)	COMMAND
# TIME			PID	RSS(KB)	VSZ(KB)	Dsk(MB)	tCPU(s)	tWALL(s)	COMMAND
# TIME			PID	RSS(KB)	VSZ(KB)	Dsk(MB)	tCPU(s)	tWALL(s)	COMMAND
# TIME			PID	RSS(KB)	VSZ(KB)	Dsk(MB)	tCPU(s)	tWALL(s)	COMMAND
 Feb 02 23:09:37 GMT	4596	1539832	1971212	217	820	6109	cmsRun -j /scratch/condor/dir_7372/glide_xCatsU/execute/dir_3724/crab_fjr_443.xml -p pset.py      
 Feb 02 23:09:37 GMT	---	1539832	1971212	230	----	----	----
 Feb 02 23:10:37 GMT	---	1539832	1971212	238	----	----	----
 Feb 02 23:16:38 GMT	---	1539832	1971212	258	----	----	----
********** WATCHDOG LOG ENDED
ZIPPING WATCHDOG LOG
Disk space used:
du -sh /scratch/condor/dir_7372/glide_xCatsU/execute/dir_3724
258M	/scratch/condor/dir_7372/glide_xCatsU/execute/dir_3724
Found unusual stdout, rename for OSB
`/scratch/condor/dir_7372/glide_xCatsU/execute/dir_3724/_condor_stdout' -> `CMSSW_443.stdout'
Found unusual stderr, rename for OSB
`/scratch/condor/dir_7372/glide_xCatsU/execute/dir_3724/_condor_stdout' -> `CMSSW_443.stderr'
crab_fjr_443.xml
CMSSW_443.stdout
CMSSW_443.stderr
Watchdog_443.log.gz
Total Output dimension: 23689
WARNING: output files size limit is set to: 50000000
Total Output dimension 23689 is fine.
JOB_EXIT_STATUS = 0
>>> info for dashboard:
***** Cat /scratch/condor/dir_7372/glide_xCatsU/execute/dir_3724/jobreport.txt *****
MonitorJobID=443_https://submit-6.t2.ucsd.edu//150202//509448.42
MonitorID=dcieri_PU140_4dm08r
ExeTime=6490
ExeExitCode=0
StageOutExitStatusReason = 'Copy succedeed with srm-lcg utils'
StageOutSE = heplnx204.pp.rl.ac.uk
StageOutExitStatus = 0
CrabUserCpuTime=859.78
CrabSysCpuTime=40.08
CrabCpuPercentage=13%
CrabWrapperTime=6557
CrabStageoutTime=50
JobExitCode=0
***** End Cat jobreport *****
Parameters sent to Dashboard.
EXITING at Mon Feb  2 23:17:03 GMT 2015  -  Mon Feb  2 23:17:03 UTC 2015
