This script was generated by crab (version 2.11.1_patch1).
Running /scratch/condor/dir_15705/glide_zRx64D/execute/dir_17156/condor_exec.exe with 2 positional parameters: 109 1
Today is Mon Feb  2 19:51:59 GMT 2015 - Mon Feb  2 19:51:59 UTC 2015
Job submitted on host heplnc322.pp.rl.ac.uk
Linux heplnc322.pp.rl.ac.uk 2.6.32-504.3.3.el6.x86_64 #1 SMP Tue Dec 16 14:29:22 CST 2014 x86_64 x86_64 x86_64 GNU/Linux
Distributor ID:	Scientific
Description:	Scientific Linux release 6.6 (Carbon)
>>> current directory (RUNTIME_AREA): /scratch/condor/dir_15705/glide_zRx64D/execute/dir_17156
>>> current user: uid=157415(cms415) gid=157000(gplcms) groups=157000(gplcms)
>>> directory permission set to 0700
>>> umask set to:  u=rwx,g=,o=
>>> stdout stderr permission set to 0704
>>> voms proxy information:
subject   : /DC=ch/DC=cern/OU=Organic Units/OU=Users/CN=dcieri/CN=755391/CN=Davide Cieri/CN=769881070/CN=292472761
issuer    : /DC=ch/DC=cern/OU=Organic Units/OU=Users/CN=dcieri/CN=755391/CN=Davide Cieri/CN=769881070
identity  : /DC=ch/DC=cern/OU=Organic Units/OU=Users/CN=dcieri/CN=755391/CN=Davide Cieri
type      : RFC3820 compliant limited proxy
strength  : 1024
path      : /scratch/condor/dir_15705/glide_zRx64D/execute/dir_17156/x509up_u62281
timeleft  : 23:58:21
key usage : Digital Signature, Key Encipherment
=== VO cms extension information ===
VO        : cms
subject   : /DC=ch/DC=cern/OU=Organic Units/OU=Users/CN=dcieri/CN=755391/CN=Davide Cieri
issuer    : /DC=ch/DC=cern/OU=computers/CN=lcg-voms2.cern.ch
attribute : /cms/Role=NULL/Capability=NULL
timeleft  : 184:24:25
uri       : lcg-voms2.cern.ch:15002

WNHostName=heplnc322.pp.rl.ac.uk
$_CONDOR_JOB_AD =/scratch/condor/dir_15705/glide_zRx64D/execute/dir_17156/.job.ad
OverflowFlag=0
>>> tar --no-same-permissions -xf /scratch/condor/dir_15705/glide_zRx64D/execute/dir_17156/default.tgz :
Successful untar
>>> Include /scratch/condor/dir_15705/glide_zRx64D/execute/dir_17156 in PYTHONPATH:
strip arguments
env var CRAB_UNIQUE_JOB_ID set to: dcieri_PU140_4dm08r_109_1_2fT
out_files_109
>>> list of expected files on output sandbox
output files: crab_fjr_109.xml CMSSW_109.stdout CMSSW_109.stderr Watchdog_109.log.gz
>>> GridFlavour discovery: 
GridFlavour=LCG
>>> SyncSite discovery: 
SyncSite=T2_UK_SGrid_RALPP
>>> SyncCE discovery: 
getting SyncCE from GLIDEIN_Gaekeeper
SyncCE=heplnv147.pp.rl.ac.uk
>>> info for dashboard:
***** Cat /scratch/condor/dir_15705/glide_zRx64D/execute/dir_17156/jobreport.txt *****
WNHostName=heplnc322.pp.rl.ac.uk
OverflowFlag=0
MonitorJobID=109_https://submit-6.t2.ucsd.edu//150202//509447.108
SyncGridJobId=https://submit-6.t2.ucsd.edu//150202//509447.108
MonitorID=dcieri_PU140_4dm08r
GridFlavour=LCG
SyncSite=T2_UK_SGrid_RALPP
SyncCE=heplnv147.pp.rl.ac.uk
***** End Cat jobreport *****
Parameters sent to Dashboard.
>>> setup environment
set SCRAM ARCH to slc6_amd64_gcc472
SCRAM_ARCH = slc6_amd64_gcc472
>>> setup CMS LCG environment:
set SCRAM ARCH and BUILD_ARCH to slc6_amd64_gcc472 ###
Sourcing environment... 
sourcing /cvmfs/cms.cern.ch/cmsset_default.sh
==> setup cms environment ok
>>> specific cmssw setup environment:
CMSSW_VERSION =  CMSSW_6_2_0_SLHC12
WARNING: In non-interactive mode release checks e.g. deprecated releases, production architectures are disabled.
>>> current directory (SOFTWARE_DIR): /scratch/condor/dir_15705/glide_zRx64D/execute/dir_17156/CMSSW_6_2_0_SLHC12
PreserveSeeds: <>
IncrementSeeds:<>
>>> info for dashboard:
***** Cat /scratch/condor/dir_15705/glide_zRx64D/execute/dir_17156/jobreport.txt *****
MonitorJobID=109_https://submit-6.t2.ucsd.edu//150202//509447.108
MonitorID=dcieri_PU140_4dm08r
***** End Cat jobreport *****
Parameters sent to Dashboard.
crabWatchdog started as process 17756
>>> moving CMSSW software directories in /scratch/condor/dir_15705/glide_zRx64D/execute/dir_17156/CMSSW_6_2_0_SLHC12
mv: cannot stat `/scratch/condor/dir_15705/glide_zRx64D/execute/dir_17156/module/': No such file or directory
>>> Include /scratch/condor/dir_15705/glide_zRx64D/execute/dir_17156 in PYTHONPATH:
PYTHONPATH=/scratch/condor/dir_15705/glide_zRx64D/execute/dir_17156/:/scratch/condor/dir_15705/glide_zRx64D/execute/dir_17156/CMSSW_6_2_0_SLHC12/python:/scratch/condor/dir_15705/glide_zRx64D/execute/dir_17156/CMSSW_6_2_0_SLHC12/lib/slc6_amd64_gcc472:/cvmfs/cms.cern.ch/slc6_amd64_gcc472/cms/cmssw/CMSSW_6_2_0_SLHC12/python:/cvmfs/cms.cern.ch/slc6_amd64_gcc472/cms/cmssw/CMSSW_6_2_0_SLHC12/lib/slc6_amd64_gcc472:/cvmfs/cms.cern.ch/slc6_amd64_gcc472/cms/coral/CORAL_2_3_21-cms35/slc6_amd64_gcc472/python:/cvmfs/cms.cern.ch/slc6_amd64_gcc472/cms/coral/CORAL_2_3_21-cms35/slc6_amd64_gcc472/lib:/cvmfs/cms.cern.ch/slc6_amd64_gcc472/external/python-ldap/2.3.5-cms5/lib/python2.7/site-packages:/cvmfs/cms.cern.ch/slc6_amd64_gcc472/external/pyqt/4.8.1-cms5/lib/python2.7/site-packages:/cvmfs/cms.cern.ch/slc6_amd64_gcc472/external/py2-scipy/0.8.0-cms7/lib/python2.7/site-packages:/cvmfs/cms.cern.ch/slc6_amd64_gcc472/external/py2-matplotlib/1.0.1-cms7/lib/python2.7/site-packages:/cvmfs/cms.cern.ch/slc6_amd64_gcc472/external/sip/4.11.2-cms5/lib/python2.7/site-packages:/cvmfs/cms.cern.ch/slc6_amd64_gcc472/external/py2-pycurl/7.19.0-cms7/lib/python2.7/site-packages:/cvmfs/cms.cern.ch/slc6_amd64_gcc472/external/py2-numpy/1.6.1-cms7/lib/python2.7/site-packages:/cvmfs/cms.cern.ch/slc6_amd64_gcc472/external/py2-lint/0.25.1-cms5/lib/python2.7/site-packages:/cvmfs/cms.cern.ch/slc6_amd64_gcc472/external/py2-ipython/0.10-cms5/lib/python2.7/site-packages:/cvmfs/cms.cern.ch/slc6_amd64_gcc472/external/py2-cx-oracle/5.1-cms5/lib/python2.7/site-packages:/cvmfs/cms.cern.ch/slc6_amd64_gcc472/external/py2-cjson/1.0.5-cms5/lib/python2.7/site-packages:/cvmfs/cms.cern.ch/slc6_amd64_gcc472/cms/das-client/1.11.7/bin:/cvmfs/cms.cern.ch/slc6_amd64_gcc472/external/elementtree/1.2.6-cms5/share/lib/python2.7/site-packages:/cvmfs/cms.cern.ch/slc6_amd64_gcc472/external/rivet/1.8.2-cms9/lib/python2.7/site-packages:/cvmfs/cms.cern.ch/slc6_amd64_gcc472/external/pyminuit2/0.0.1-cms19/lib/python2.7/site-packages:/cvmfs/cms.cern.ch/slc6_amd64_gcc472/external/py2-pygithub/1.23.0-cms2/lib/python2.7/site-packages:/cvmfs/cms.cern.ch/slc6_amd64_gcc472/external/professor/1.0.0-cms19/lib/python2.7/site-packages:/cvmfs/cms.cern.ch/slc6_amd64_gcc472/lcg/root/5.34.07-cms/lib:/cvmfs/cms.cern.ch/slc6_amd64_gcc472/cms/dbs-client/DBS_2_1_9-cms5/lib:/cvmfs/cms.cern.ch/slc6_amd64_gcc472/cms/dbs-client/DBS_2_1_9-cms5/lib/DBSAPI:/cvmfs/cms.cern.ch/slc6_amd64_gcc472/external/cvs2git/5419-cms/lib:/scratch/condor/dir_15705/glide_zRx64D/execute/dir_17156/
 
# LIMITS USED BY CRAB WATCHDOG:
# RSS  (KBytes)   : 2300000
# VSZ  (KBytes)   : 100000000
# DISK (MBytes)   : 19000
# CPU TIME        : 720h:0m:0s
# WALL CLOCK TIME : 21h:50m:0s
 
3c0380cf82de79bc39966c93934c61fc
PSETHASH = 3c0380cf82de79bc39966c93934c61fc
/scratch/condor/dir_15705/glide_zRx64D/execute/dir_17156/writeCfg.py pset.py pset.py
Importing .py file
Setting parameters
RandomNumberGeneratorService found, will attempt to change seeds
inputBlocks=/ttbar/dcieri-ttbar_SIM-130075366148575c102f0d64fd3ac8f7/USER#417d7dc2-08fd-4092-82c4-7ac02f79c2d9
inputFiles=/store/user/dcieri/ttbar_SIM/ttbar/ttbar_SIM/150129_145223/0000/step1_457.root
parentFiles=
lumisRange=
>>> Executable cmsRun
/cvmfs/cms.cern.ch/slc6_amd64_gcc472/cms/cmssw/CMSSW_6_2_0_SLHC12/bin/slc6_amd64_gcc472/cmsRun
ok executable found
>>> info for dashboard:
***** Cat /scratch/condor/dir_15705/glide_zRx64D/execute/dir_17156/jobreport.txt *****
MonitorJobID=109_https://submit-6.t2.ucsd.edu//150202//509447.108
MonitorID=dcieri_PU140_4dm08r
ExeStart=cmsRun
***** End Cat jobreport *****
Parameters sent to Dashboard.
>>> cmsRun started at Mon Feb  2 19:52:07 UTC 2015
>>> cmsRun ended at Mon Feb  2 23:03:13 UTC 2015
>>> crab_fjr_*.xml  permission set to 0704
>>> info for dashboard:
***** Cat /scratch/condor/dir_15705/glide_zRx64D/execute/dir_17156/jobreport.txt *****
MonitorJobID=109_https://submit-6.t2.ucsd.edu//150202//509447.108
MonitorID=dcieri_PU140_4dm08r
ExeEnd=cmsRun
***** End Cat jobreport *****
Parameters sent to Dashboard.
TIME_EXE = 11466 sec
>>> cmsRun wrote 226 lines of stdout+stderr
>>> START OF printout of 226 lines from stdout+stderr
271 DQMStore::DQMStore 
HcalTopologyIdealEP::HcalTopologyIdealEP
02-Feb-2015 19:52:17 GMT  Initiating request to open file root://dcap.pp.rl.ac.uk:1094/pnfs/pp.rl.ac.uk/data/cms/store/user/dcieri/ttbar_SIM/ttbar/ttbar_SIM/150129_145223/0000/step1_457.root
02-Feb-2015 19:52:19 GMT  Successfully opened file root://dcap.pp.rl.ac.uk:1094/pnfs/pp.rl.ac.uk/data/cms/store/user/dcieri/ttbar_SIM/ttbar/ttbar_SIM/150129_145223/0000/step1_457.root
02-Feb-2015 19:52:20 GMT  Initiating request to open file root://xrootd.unl.edu//store/group/dpg_trigger/comm_trigger/L1TrackTrigger/620_SLHC10/Extended2023TTI/MinBias/MinBias_TuneZ2star_GEN_SIM_1.root
02-Feb-2015 19:52:39 GMT  Successfully opened file root://xrootd.unl.edu//store/group/dpg_trigger/comm_trigger/L1TrackTrigger/620_SLHC10/Extended2023TTI/MinBias/MinBias_TuneZ2star_GEN_SIM_1.root
disableME1a = 0
HcalTopologyIdealEP::produce(const IdealGeometryRecord& iRecord)
mode = 2, maxDepthHB = 3, maxDepthHE = 5
RPCGeometryESModule :: produce
RPCGeometryESModule :: produce :: 1/4 Get Muon Ideal Geometry Record
RPCGeometryESModule :: produce :: 2/4 Get Muon DDD Constants
RPCGeometryESModule :: produce :: 3/4 Get Muon Numbering Record
in MuonNumberingInitialization::initializeMuonDDDConstants
about to make my new muonDDDConst_
in MuonNumberingInitialization::produce
RPCGeometryESModule :: produce :: 4/4 Build
Found:

	Barrel Stack layer 5 : 1008 stacks
	Barrel Stack layer 6 : 1320 stacks
	Barrel Stack layer 7 : 1836 stacks
	Barrel Stack layer 8 : 1152 stacks
	Barrel Stack layer 9 : 1488 stacks
	Barrel Stack layer 10 : 1824 stacks

	Endcap Stack disk 11 : 1360 stacks
	Endcap Stack disk 12 : 1360 stacks
	Endcap Stack disk 13 : 1360 stacks
	Endcap Stack disk 14 : 1360 stacks
	Endcap Stack disk 15 : 1360 stacks
Created 15428 stacks in 28 s

TTClusterBuilder< edm::Ref<edm::DetSetVector<PixelDigi>, PixelDigi, edm::refhelper::FindForDetSetVector<PixelDigi> > > loaded modules:
	TTClusterAlgorithm:	TTClusterAlgorithm_2d2013< edm::Ref<edm::DetSetVector<PixelDigi>, PixelDigi, edm::refhelper::FindForDetSetVector<PixelDigi> > >


TTStubBuilder< edm::Ref<edm::DetSetVector<PixelDigi>, PixelDigi, edm::refhelper::FindForDetSetVector<PixelDigi> > > loaded modules:
	TTStubAlgorithm:	TTStubAlgorithm_tab2013< edm::Ref<edm::DetSetVector<PixelDigi>, PixelDigi, edm::refhelper::FindForDetSetVector<PixelDigi> > >


TTClusterAssociator< edm::Ref<edm::DetSetVector<PixelDigi>, PixelDigi, edm::refhelper::FindForDetSetVector<PixelDigi> > > loaded.


TTStubAssociator< edm::Ref<edm::DetSetVector<PixelDigi>, PixelDigi, edm::refhelper::FindForDetSetVector<PixelDigi> > > loaded.


TTTrackAssociator< edm::Ref<edm::DetSetVector<PixelDigi>, PixelDigi, edm::refhelper::FindForDetSetVector<PixelDigi> > > loaded.

Begin processing the 1st record. Run 1, Event 4561, LumiSection 457 at 02-Feb-2015 19:53:28.329 GMT
02-Feb-2015 19:53:35 GMT  Closed file root://xrootd.unl.edu//store/group/dpg_trigger/comm_trigger/L1TrackTrigger/620_SLHC10/Extended2023TTI/MinBias/MinBias_TuneZ2star_GEN_SIM_1.root
02-Feb-2015 19:53:35 GMT  Initiating request to open file root://xrootd.unl.edu//store/group/dpg_trigger/comm_trigger/L1TrackTrigger/620_SLHC10/Extended2023TTI/MinBias/MinBias_TuneZ2star_GEN_SIM_337.root
02-Feb-2015 19:54:07 GMT  Successfully opened file root://xrootd.unl.edu//store/group/dpg_trigger/comm_trigger/L1TrackTrigger/620_SLHC10/Extended2023TTI/MinBias/MinBias_TuneZ2star_GEN_SIM_337.root
150202 19:58:48 18028 Xrd: XrdClientMessage::ReadRaw: Failed to read header (8 bytes).
150202 19:59:18 18026 Xrd: XrdClientMessage::ReadRaw: Failed to read header (8 bytes).
02-Feb-2015 20:05:05 GMT  Closed file root://xrootd.unl.edu//store/group/dpg_trigger/comm_trigger/L1TrackTrigger/620_SLHC10/Extended2023TTI/MinBias/MinBias_TuneZ2star_GEN_SIM_337.root
02-Feb-2015 20:05:05 GMT  Initiating request to open file root://xrootd.unl.edu//store/group/dpg_trigger/comm_trigger/L1TrackTrigger/620_SLHC10/Extended2023TTI/MinBias/MinBias_TuneZ2star_GEN_SIM_382.root
150202 20:07:19 24015 Xrd: CheckErrorStatus: Server [xrootd-redic.pi.infn.it:1094] declared: session not found(error code: 3011)
02-Feb-2015 20:07:19 GMT  Successfully opened file root://xrootd.unl.edu//store/group/dpg_trigger/comm_trigger/L1TrackTrigger/620_SLHC10/Extended2023TTI/MinBias/MinBias_TuneZ2star_GEN_SIM_382.root
150202 20:10:18 18905 Xrd: XrdClientMessage::ReadRaw: Failed to read header (8 bytes).
150202 20:12:48 24974 Xrd: XrdClientMessage::ReadRaw: Failed to read header (8 bytes).
150202 20:12:48 18018 Xrd: XrdClientMessage::ReadRaw: Failed to read header (8 bytes).
150202 20:14:18 18904 Xrd: XrdClientMessage::ReadRaw: Failed to read header (8 bytes).
02-Feb-2015 20:15:51 GMT  Closed file root://xrootd.unl.edu//store/group/dpg_trigger/comm_trigger/L1TrackTrigger/620_SLHC10/Extended2023TTI/MinBias/MinBias_TuneZ2star_GEN_SIM_382.root
02-Feb-2015 20:15:51 GMT  Initiating request to open file root://xrootd.unl.edu//store/group/dpg_trigger/comm_trigger/L1TrackTrigger/620_SLHC10/Extended2023TTI/MinBias/MinBias_TuneZ2star_GEN_SIM_538.root
150202 20:16:22 28286 Xrd: CheckErrorStatus: Server [cms-xrd-global.cern.ch:1094] declared: session not found(error code: 3011)
150202 20:16:22 28286 Xrd: CheckErrorStatus: Server [xrootd.ba.infn.it:1094] declared: session not found(error code: 3011)
02-Feb-2015 20:16:23 GMT  Successfully opened file root://xrootd.unl.edu//store/group/dpg_trigger/comm_trigger/L1TrackTrigger/620_SLHC10/Extended2023TTI/MinBias/MinBias_TuneZ2star_GEN_SIM_538.root
Building the geometry service
Warning did not find digi
Warning did not find digi
Warning did not find digi
Warning did not find digi
Warning did not find digi in disks
Warning did not find digi in disks
Warning did not find digi in disks
Warning did not find digi in disks
150202 20:21:18 24975 Xrd: XrdClientMessage::ReadRaw: Failed to read header (8 bytes).
150202 20:21:48 28532 Xrd: XrdClientMessage::ReadRaw: Failed to read header (8 bytes).
150202 20:27:48 18025 Xrd: XrdClientMessage::ReadRaw: Failed to read header (8 bytes).
02-Feb-2015 20:28:05 GMT  Closed file root://xrootd.unl.edu//store/group/dpg_trigger/comm_trigger/L1TrackTrigger/620_SLHC10/Extended2023TTI/MinBias/MinBias_TuneZ2star_GEN_SIM_538.root
02-Feb-2015 20:28:05 GMT  Initiating request to open file root://xrootd.unl.edu//store/group/dpg_trigger/comm_trigger/L1TrackTrigger/620_SLHC10/Extended2023TTI/MinBias/MinBias_TuneZ2star_GEN_SIM_829.root
150202 20:28:36 6423 Xrd: CheckErrorStatus: Server [cms-xrd-global.cern.ch:1094] declared: session not found(error code: 3011)
150202 20:28:37 6423 Xrd: CheckErrorStatus: Server [xrootd-redic.pi.infn.it:1094] declared: session not found(error code: 3011)
02-Feb-2015 20:28:37 GMT  Successfully opened file root://xrootd.unl.edu//store/group/dpg_trigger/comm_trigger/L1TrackTrigger/620_SLHC10/Extended2023TTI/MinBias/MinBias_TuneZ2star_GEN_SIM_829.root
150202 20:33:18 28533 Xrd: XrdClientMessage::ReadRaw: Failed to read header (8 bytes).
150202 20:33:48 6684 Xrd: XrdClientMessage::ReadRaw: Failed to read header (8 bytes).
150202 20:36:48 28531 Xrd: XrdClientMessage::ReadRaw: Failed to read header (8 bytes).
02-Feb-2015 20:39:34 GMT  Closed file root://xrootd.unl.edu//store/group/dpg_trigger/comm_trigger/L1TrackTrigger/620_SLHC10/Extended2023TTI/MinBias/MinBias_TuneZ2star_GEN_SIM_829.root
02-Feb-2015 20:39:34 GMT  Initiating request to open file root://xrootd.unl.edu//store/group/dpg_trigger/comm_trigger/L1TrackTrigger/620_SLHC10/Extended2023TTI/MinBias/MinBias_TuneZ2star_GEN_SIM_874.root
150202 20:40:05 11037 Xrd: CheckErrorStatus: Server [llrxrd-redir.in2p3.fr:1094] declared: session not found(error code: 3011)
02-Feb-2015 20:40:05 GMT  Successfully opened file root://xrootd.unl.edu//store/group/dpg_trigger/comm_trigger/L1TrackTrigger/620_SLHC10/Extended2023TTI/MinBias/MinBias_TuneZ2star_GEN_SIM_874.root
150202 20:44:48 6685 Xrd: XrdClientMessage::ReadRaw: Failed to read header (8 bytes).
150202 20:45:18 11161 Xrd: XrdClientMessage::ReadRaw: Failed to read header (8 bytes).
150202 20:48:48 6683 Xrd: XrdClientMessage::ReadRaw: Failed to read header (8 bytes).
02-Feb-2015 20:50:19 GMT  Closed file root://xrootd.unl.edu//store/group/dpg_trigger/comm_trigger/L1TrackTrigger/620_SLHC10/Extended2023TTI/MinBias/MinBias_TuneZ2star_GEN_SIM_874.root
02-Feb-2015 20:50:19 GMT  Initiating request to open file root://xrootd.unl.edu//store/group/dpg_trigger/comm_trigger/L1TrackTrigger/620_SLHC10/Extended2023TTI/MinBias/MinBias_TuneZ2star_GEN_SIM_37.root
150202 20:50:49 15249 Xrd: CheckErrorStatus: Server [cms-xrd-global.cern.ch:1094] declared: session not found(error code: 3011)
150202 20:50:49 15249 Xrd: CheckErrorStatus: Server [xrootd-redic.pi.infn.it:1094] declared: session not found(error code: 3011)
02-Feb-2015 20:50:50 GMT  Successfully opened file root://xrootd.unl.edu//store/group/dpg_trigger/comm_trigger/L1TrackTrigger/620_SLHC10/Extended2023TTI/MinBias/MinBias_TuneZ2star_GEN_SIM_37.root
150202 20:55:48 11162 Xrd: XrdClientMessage::ReadRaw: Failed to read header (8 bytes).
150202 20:56:18 15392 Xrd: XrdClientMessage::ReadRaw: Failed to read header (8 bytes).
150202 21:00:18 11160 Xrd: XrdClientMessage::ReadRaw: Failed to read header (8 bytes).
02-Feb-2015 21:01:06 GMT  Closed file root://xrootd.unl.edu//store/group/dpg_trigger/comm_trigger/L1TrackTrigger/620_SLHC10/Extended2023TTI/MinBias/MinBias_TuneZ2star_GEN_SIM_37.root
02-Feb-2015 21:01:06 GMT  Initiating request to open file root://xrootd.unl.edu//store/group/dpg_trigger/comm_trigger/L1TrackTrigger/620_SLHC10/Extended2023TTI/MinBias/MinBias_TuneZ2star_GEN_SIM_590.root
150202 21:01:44 21224 Xrd: CheckErrorStatus: Server [xrootd-redic.pi.infn.it:1094] declared: session not found(error code: 3011)
02-Feb-2015 21:01:44 GMT  Successfully opened file root://xrootd.unl.edu//store/group/dpg_trigger/comm_trigger/L1TrackTrigger/620_SLHC10/Extended2023TTI/MinBias/MinBias_TuneZ2star_GEN_SIM_590.root
150202 21:06:18 15393 Xrd: XrdClientMessage::ReadRaw: Failed to read header (8 bytes).
150202 21:06:48 21783 Xrd: XrdClientMessage::ReadRaw: Failed to read header (8 bytes).
02-Feb-2015 21:09:44 GMT  Closed file root://xrootd.unl.edu//store/group/dpg_trigger/comm_trigger/L1TrackTrigger/620_SLHC10/Extended2023TTI/MinBias/MinBias_TuneZ2star_GEN_SIM_590.root
02-Feb-2015 21:09:44 GMT  Initiating request to open file root://xrootd.unl.edu//store/group/dpg_trigger/comm_trigger/L1TrackTrigger/620_SLHC10/Extended2023TTI/MinBias/MinBias_TuneZ2star_GEN_SIM_52.root
150202 21:10:38 28009 Xrd: CheckErrorStatus: Server [cms-xrd-global.cern.ch:1094] declared: session not found(error code: 3011)
150202 21:10:38 28009 Xrd: CheckErrorStatus: Server [xrootd.ba.infn.it:1094] declared: session not found(error code: 3011)
02-Feb-2015 21:10:39 GMT  Successfully opened file root://xrootd.unl.edu//store/group/dpg_trigger/comm_trigger/L1TrackTrigger/620_SLHC10/Extended2023TTI/MinBias/MinBias_TuneZ2star_GEN_SIM_52.root
150202 21:14:48 21784 Xrd: XrdClientMessage::ReadRaw: Failed to read header (8 bytes).
150202 21:15:48 28259 Xrd: XrdClientMessage::ReadRaw: Failed to read header (8 bytes).
150202 21:21:48 15391 Xrd: XrdClientMessage::ReadRaw: Failed to read header (8 bytes).
02-Feb-2015 21:28:06 GMT  Closed file root://xrootd.unl.edu//store/group/dpg_trigger/comm_trigger/L1TrackTrigger/620_SLHC10/Extended2023TTI/MinBias/MinBias_TuneZ2star_GEN_SIM_52.root
02-Feb-2015 21:28:06 GMT  Initiating request to open file root://xrootd.unl.edu//store/group/dpg_trigger/comm_trigger/L1TrackTrigger/620_SLHC10/Extended2023TTI/MinBias/MinBias_TuneZ2star_GEN_SIM_2.root
150202 21:28:37 693 Xrd: CheckErrorStatus: Server [xrootd.ba.infn.it:1094] declared: session not found(error code: 3011)
02-Feb-2015 21:28:37 GMT  Successfully opened file root://xrootd.unl.edu//store/group/dpg_trigger/comm_trigger/L1TrackTrigger/620_SLHC10/Extended2023TTI/MinBias/MinBias_TuneZ2star_GEN_SIM_2.root
150202 21:33:19 28261 Xrd: XrdClientMessage::ReadRaw: Failed to read header (8 bytes).
150202 21:33:48 924 Xrd: XrdClientMessage::ReadRaw: Failed to read header (8 bytes).
02-Feb-2015 21:36:42 GMT  Closed file root://xrootd.unl.edu//store/group/dpg_trigger/comm_trigger/L1TrackTrigger/620_SLHC10/Extended2023TTI/MinBias/MinBias_TuneZ2star_GEN_SIM_2.root
02-Feb-2015 21:36:42 GMT  Initiating request to open file root://xrootd.unl.edu//store/group/dpg_trigger/comm_trigger/L1TrackTrigger/620_SLHC10/Extended2023TTI/MinBias/MinBias_TuneZ2star_GEN_SIM_122.root
150202 21:37:13 3349 Xrd: CheckErrorStatus: Server [cms-xrd-global.cern.ch:1094] declared: session not found(error code: 3011)
150202 21:37:13 3349 Xrd: CheckErrorStatus: Server [llrxrd-redir.in2p3.fr:1094] declared: session not found(error code: 3011)
150202 21:37:13 3349 Xrd: CheckErrorStatus: Server [eoscms.cern.ch:1094] declared: session not found(error code: 3011)
02-Feb-2015 21:37:14 GMT  Successfully opened file root://xrootd.unl.edu//store/group/dpg_trigger/comm_trigger/L1TrackTrigger/620_SLHC10/Extended2023TTI/MinBias/MinBias_TuneZ2star_GEN_SIM_122.root
150202 21:41:48 925 Xrd: XrdClientMessage::ReadRaw: Failed to read header (8 bytes).
150202 21:42:18 3480 Xrd: XrdClientMessage::ReadRaw: Failed to read header (8 bytes).
02-Feb-2015 21:45:06 GMT  Closed file root://xrootd.unl.edu//store/group/dpg_trigger/comm_trigger/L1TrackTrigger/620_SLHC10/Extended2023TTI/MinBias/MinBias_TuneZ2star_GEN_SIM_122.root
02-Feb-2015 21:45:06 GMT  Initiating request to open file root://xrootd.unl.edu//store/group/dpg_trigger/comm_trigger/L1TrackTrigger/620_SLHC10/Extended2023TTI/MinBias/MinBias_TuneZ2star_GEN_SIM_53.root
150202 21:45:37 5634 Xrd: CheckErrorStatus: Server [llrxrd-redir.in2p3.fr:1094] declared: session not found(error code: 3011)
02-Feb-2015 21:45:37 GMT  Successfully opened file root://xrootd.unl.edu//store/group/dpg_trigger/comm_trigger/L1TrackTrigger/620_SLHC10/Extended2023TTI/MinBias/MinBias_TuneZ2star_GEN_SIM_53.root
150202 21:48:48 28257 Xrd: XrdClientMessage::ReadRaw: Failed to read header (8 bytes).
150202 21:50:18 3481 Xrd: XrdClientMessage::ReadRaw: Failed to read header (8 bytes).
150202 21:50:48 5865 Xrd: XrdClientMessage::ReadRaw: Failed to read header (8 bytes).
02-Feb-2015 21:53:01 GMT  Closed file root://xrootd.unl.edu//store/group/dpg_trigger/comm_trigger/L1TrackTrigger/620_SLHC10/Extended2023TTI/MinBias/MinBias_TuneZ2star_GEN_SIM_53.root
02-Feb-2015 21:53:01 GMT  Initiating request to open file root://xrootd.unl.edu//store/group/dpg_trigger/comm_trigger/L1TrackTrigger/620_SLHC10/Extended2023TTI/MinBias/MinBias_TuneZ2star_GEN_SIM_693.root
150202 21:53:32 7696 Xrd: CheckErrorStatus: Server [cms-xrd-global.cern.ch:1094] declared: session not found(error code: 3011)
150202 21:53:32 7696 Xrd: CheckErrorStatus: Server [xrootd.ba.infn.it:1094] declared: session not found(error code: 3011)
02-Feb-2015 21:53:33 GMT  Successfully opened file root://xrootd.unl.edu//store/group/dpg_trigger/comm_trigger/L1TrackTrigger/620_SLHC10/Extended2023TTI/MinBias/MinBias_TuneZ2star_GEN_SIM_693.root
150202 21:58:18 5866 Xrd: XrdClientMessage::ReadRaw: Failed to read header (8 bytes).
150202 21:58:48 7815 Xrd: XrdClientMessage::ReadRaw: Failed to read header (8 bytes).
02-Feb-2015 22:01:31 GMT  Closed file root://xrootd.unl.edu//store/group/dpg_trigger/comm_trigger/L1TrackTrigger/620_SLHC10/Extended2023TTI/MinBias/MinBias_TuneZ2star_GEN_SIM_693.root
02-Feb-2015 22:01:31 GMT  Initiating request to open file root://xrootd.unl.edu//store/group/dpg_trigger/comm_trigger/L1TrackTrigger/620_SLHC10/Extended2023TTI/MinBias/MinBias_TuneZ2star_GEN_SIM_801.root
150202 22:05:48 3479 Xrd: XrdClientMessage::ReadRaw: Failed to read header (8 bytes).
150202 22:06:48 7816 Xrd: XrdClientMessage::ReadRaw: Failed to read header (8 bytes).
150202 22:10:45 11105 Xrd: CheckErrorStatus: Server [cms-xrd-global.cern.ch:1094] declared: session not found(error code: 3011)
150202 22:10:45 11105 Xrd: CheckErrorStatus: Server [xrootd-redic.pi.infn.it:1094] declared: session not found(error code: 3011)
02-Feb-2015 22:10:46 GMT  Successfully opened file root://xrootd.unl.edu//store/group/dpg_trigger/comm_trigger/L1TrackTrigger/620_SLHC10/Extended2023TTI/MinBias/MinBias_TuneZ2star_GEN_SIM_801.root
150202 22:13:48 7814 Xrd: XrdClientMessage::ReadRaw: Failed to read header (8 bytes).
02-Feb-2015 22:15:43 GMT  Closed file root://xrootd.unl.edu//store/group/dpg_trigger/comm_trigger/L1TrackTrigger/620_SLHC10/Extended2023TTI/MinBias/MinBias_TuneZ2star_GEN_SIM_801.root
02-Feb-2015 22:15:43 GMT  Initiating request to open file root://xrootd.unl.edu//store/group/dpg_trigger/comm_trigger/L1TrackTrigger/620_SLHC10/Extended2023TTI/MinBias/MinBias_TuneZ2star_GEN_SIM_115.root
150202 22:15:48 13752 Xrd: XrdClientMessage::ReadRaw: Failed to read header (8 bytes).
150202 22:20:48 13753 Xrd: XrdClientMessage::ReadRaw: Failed to read header (8 bytes).
150202 22:24:48 15272 Xrd: CheckErrorStatus: Server [xrootd-redic.pi.infn.it:1094] declared: session not found(error code: 3011)
150202 22:24:48 15272 Xrd: CheckErrorStatus: Server [eoscms.cern.ch:1094] declared: session not found(error code: 3011)
02-Feb-2015 22:24:48 GMT  Successfully opened file root://xrootd.unl.edu//store/group/dpg_trigger/comm_trigger/L1TrackTrigger/620_SLHC10/Extended2023TTI/MinBias/MinBias_TuneZ2star_GEN_SIM_115.root
02-Feb-2015 22:29:42 GMT  Closed file root://xrootd.unl.edu//store/group/dpg_trigger/comm_trigger/L1TrackTrigger/620_SLHC10/Extended2023TTI/MinBias/MinBias_TuneZ2star_GEN_SIM_115.root
02-Feb-2015 22:29:42 GMT  Initiating request to open file root://xrootd.unl.edu//store/group/dpg_trigger/comm_trigger/L1TrackTrigger/620_SLHC10/Extended2023TTI/MinBias/MinBias_TuneZ2star_GEN_SIM_785.root
150202 22:29:44 19037 Xrd: CheckErrorStatus: Server [cms-xrd-global.cern.ch:1094] declared: session not found(error code: 3011)
02-Feb-2015 22:29:44 GMT  Successfully opened file root://xrootd.unl.edu//store/group/dpg_trigger/comm_trigger/L1TrackTrigger/620_SLHC10/Extended2023TTI/MinBias/MinBias_TuneZ2star_GEN_SIM_785.root
02-Feb-2015 22:34:08 GMT  Closed file root://xrootd.unl.edu//store/group/dpg_trigger/comm_trigger/L1TrackTrigger/620_SLHC10/Extended2023TTI/MinBias/MinBias_TuneZ2star_GEN_SIM_785.root
02-Feb-2015 22:34:08 GMT  Initiating request to open file root://xrootd.unl.edu//store/group/dpg_trigger/comm_trigger/L1TrackTrigger/620_SLHC10/Extended2023TTI/MinBias/MinBias_TuneZ2star_GEN_SIM_742.root
02-Feb-2015 22:34:39 GMT  Successfully opened file root://xrootd.unl.edu//store/group/dpg_trigger/comm_trigger/L1TrackTrigger/620_SLHC10/Extended2023TTI/MinBias/MinBias_TuneZ2star_GEN_SIM_742.root
150202 22:34:48 17825 Xrd: XrdClientMessage::ReadRaw: Failed to read header (8 bytes).
02-Feb-2015 22:38:58 GMT  Closed file root://xrootd.unl.edu//store/group/dpg_trigger/comm_trigger/L1TrackTrigger/620_SLHC10/Extended2023TTI/MinBias/MinBias_TuneZ2star_GEN_SIM_742.root
02-Feb-2015 22:38:58 GMT  Initiating request to open file root://xrootd.unl.edu//store/group/dpg_trigger/comm_trigger/L1TrackTrigger/620_SLHC10/Extended2023TTI/MinBias/MinBias_TuneZ2star_GEN_SIM_211.root
150202 22:39:19 19040 Xrd: XrdClientMessage::ReadRaw: Failed to read header (8 bytes).
150202 22:39:30 21111 Xrd: CheckErrorStatus: Server [eoscms.cern.ch:1094] declared: session not found(error code: 3011)
02-Feb-2015 22:39:30 GMT  Successfully opened file root://xrootd.unl.edu//store/group/dpg_trigger/comm_trigger/L1TrackTrigger/620_SLHC10/Extended2023TTI/MinBias/MinBias_TuneZ2star_GEN_SIM_211.root
02-Feb-2015 22:42:59 GMT  Closed file root://xrootd.unl.edu//store/group/dpg_trigger/comm_trigger/L1TrackTrigger/620_SLHC10/Extended2023TTI/MinBias/MinBias_TuneZ2star_GEN_SIM_211.root
02-Feb-2015 22:42:59 GMT  Initiating request to open file root://xrootd.unl.edu//store/group/dpg_trigger/comm_trigger/L1TrackTrigger/620_SLHC10/Extended2023TTI/MinBias/MinBias_TuneZ2star_GEN_SIM_510.root
02-Feb-2015 22:43:30 GMT  Successfully opened file root://xrootd.unl.edu//store/group/dpg_trigger/comm_trigger/L1TrackTrigger/620_SLHC10/Extended2023TTI/MinBias/MinBias_TuneZ2star_GEN_SIM_510.root
150202 22:44:18 20093 Xrd: XrdClientMessage::ReadRaw: Failed to read header (8 bytes).
02-Feb-2015 22:47:21 GMT  Closed file root://xrootd.unl.edu//store/group/dpg_trigger/comm_trigger/L1TrackTrigger/620_SLHC10/Extended2023TTI/MinBias/MinBias_TuneZ2star_GEN_SIM_510.root
02-Feb-2015 22:47:21 GMT  Initiating request to open file root://xrootd.unl.edu//store/group/dpg_trigger/comm_trigger/L1TrackTrigger/620_SLHC10/Extended2023TTI/MinBias/MinBias_TuneZ2star_GEN_SIM_820.root
150202 22:47:52 23182 Xrd: CheckErrorStatus: Server [cms-xrd-global.cern.ch:1094] declared: session not found(error code: 3011)
02-Feb-2015 22:47:53 GMT  Successfully opened file root://xrootd.unl.edu//store/group/dpg_trigger/comm_trigger/L1TrackTrigger/620_SLHC10/Extended2023TTI/MinBias/MinBias_TuneZ2star_GEN_SIM_820.root
150202 22:48:19 21343 Xrd: XrdClientMessage::ReadRaw: Failed to read header (8 bytes).
150202 22:49:48 19038 Xrd: XrdClientMessage::ReadRaw: Failed to read header (8 bytes).
02-Feb-2015 22:50:56 GMT  Closed file root://xrootd.unl.edu//store/group/dpg_trigger/comm_trigger/L1TrackTrigger/620_SLHC10/Extended2023TTI/MinBias/MinBias_TuneZ2star_GEN_SIM_820.root
02-Feb-2015 22:50:56 GMT  Initiating request to open file root://xrootd.unl.edu//store/group/dpg_trigger/comm_trigger/L1TrackTrigger/620_SLHC10/Extended2023TTI/MinBias/MinBias_TuneZ2star_GEN_SIM_547.root
02-Feb-2015 22:51:27 GMT  Successfully opened file root://xrootd.unl.edu//store/group/dpg_trigger/comm_trigger/L1TrackTrigger/620_SLHC10/Extended2023TTI/MinBias/MinBias_TuneZ2star_GEN_SIM_547.root
150202 22:52:48 22416 Xrd: XrdClientMessage::ReadRaw: Failed to read header (8 bytes).
02-Feb-2015 22:54:53 GMT  Closed file root://xrootd.unl.edu//store/group/dpg_trigger/comm_trigger/L1TrackTrigger/620_SLHC10/Extended2023TTI/MinBias/MinBias_TuneZ2star_GEN_SIM_547.root
02-Feb-2015 22:54:53 GMT  Initiating request to open file root://xrootd.unl.edu//store/group/dpg_trigger/comm_trigger/L1TrackTrigger/620_SLHC10/Extended2023TTI/MinBias/MinBias_TuneZ2star_GEN_SIM_562.root
150202 22:55:24 30189 Xrd: CheckErrorStatus: Server [cms-xrd-global.cern.ch:1094] declared: session not found(error code: 3011)
02-Feb-2015 22:55:25 GMT  Successfully opened file root://xrootd.unl.edu//store/group/dpg_trigger/comm_trigger/L1TrackTrigger/620_SLHC10/Extended2023TTI/MinBias/MinBias_TuneZ2star_GEN_SIM_562.root
150202 22:56:19 23300 Xrd: XrdClientMessage::ReadRaw: Failed to read header (8 bytes).
02-Feb-2015 22:58:32 GMT  Closed file root://xrootd.unl.edu//store/group/dpg_trigger/comm_trigger/L1TrackTrigger/620_SLHC10/Extended2023TTI/MinBias/MinBias_TuneZ2star_GEN_SIM_562.root
02-Feb-2015 22:58:32 GMT  Initiating request to open file root://xrootd.unl.edu//store/group/dpg_trigger/comm_trigger/L1TrackTrigger/620_SLHC10/Extended2023TTI/MinBias/MinBias_TuneZ2star_GEN_SIM_413.root
02-Feb-2015 22:59:03 GMT  Successfully opened file root://xrootd.unl.edu//store/group/dpg_trigger/comm_trigger/L1TrackTrigger/620_SLHC10/Extended2023TTI/MinBias/MinBias_TuneZ2star_GEN_SIM_413.root
150202 23:00:19 23785 Xrd: XrdClientMessage::ReadRaw: Failed to read header (8 bytes).
02-Feb-2015 23:01:24 GMT  Closed file root://xrootd.unl.edu//store/group/dpg_trigger/comm_trigger/L1TrackTrigger/620_SLHC10/Extended2023TTI/MinBias/MinBias_TuneZ2star_GEN_SIM_413.root
02-Feb-2015 23:01:24 GMT  Initiating request to open file root://xrootd.unl.edu//store/group/dpg_trigger/comm_trigger/L1TrackTrigger/620_SLHC10/Extended2023TTI/MinBias/MinBias_TuneZ2star_GEN_SIM_446.root
150202 23:01:55 32060 Xrd: CheckErrorStatus: Server [eoscms.cern.ch:1094] declared: session not found(error code: 3011)
02-Feb-2015 23:01:55 GMT  Successfully opened file root://xrootd.unl.edu//store/group/dpg_trigger/comm_trigger/L1TrackTrigger/620_SLHC10/Extended2023TTI/MinBias/MinBias_TuneZ2star_GEN_SIM_446.root
02-Feb-2015 23:03:10 GMT  Closed file root://dcap.pp.rl.ac.uk:1094/pnfs/pp.rl.ac.uk/data/cms/store/user/dcieri/ttbar_SIM/ttbar/ttbar_SIM/150129_145223/0000/step1_457.root
02-Feb-2015 23:03:11 GMT  Closed file root://xrootd.unl.edu//store/group/dpg_trigger/comm_trigger/L1TrackTrigger/620_SLHC10/Extended2023TTI/MinBias/MinBias_TuneZ2star_GEN_SIM_446.root

=============================================

MessageLogger Summary

 type     category        sev    module        subroutine        count    total
 ---- -------------------- -- ---------------- ----------------  -----    -----
    1 fileAction           -s MixingModule:mix                      69       69
    2 fileAction           -s MixingModule:mix                       2        2
    3 fileAction           -s MixingModule:mix                       1        1
    4 fileAction           -s file_close                             1        1
    5 fileAction           -s file_open                              2        2

 type    category    Examples: run/evt        run/evt          run/evt
 ---- -------------------- ---------------- ---------------- ----------------
    1 fileAction           1/4561           1/4561           1/4570
    2 fileAction           pre-events       pre-events       
    3 fileAction           PostEndRun                        
    4 fileAction           PostEndRun                        
    5 fileAction           pre-events       pre-events       

Severity    # Occurrences   Total Occurrences
--------    -------------   -----------------
System                 75                  75
>>> END OF printout of 226 lines from stdout+stderr
>>> Parse FrameworkJobReport crab_fjr.xml
Result of parsing the FrameworkJobReport crab_fjr.xml: 
Extracted ExitStatus from FrameworkJobReport parsing output: 0
>>> Executable succeded  0
ExeExitCode=0
EXECUTABLE_EXIT_STATUS = 0
>>> current directory /scratch/condor/dir_15705/glide_zRx64D/execute/dir_17156/CMSSW_6_2_0_SLHC12
>>>  (SOFTWARE_DIR): /scratch/condor/dir_15705/glide_zRx64D/execute/dir_17156/CMSSW_6_2_0_SLHC12
>>> (WORKING_DIR): 
>>> current directory content:
total 243488
drwxr-xr-x 3 cms415 gplcms      4096 Feb  2 19:52 .SCRAM
-rw------- 1 cms415 gplcms    915837 Feb  2 19:52 CMSSW.py.pkl
drwxr-xr-x 3 cms415 gplcms      4096 Feb  2 19:52 bin
drwxr-xr-x 3 cms415 gplcms      4096 Feb  2 19:52 cfipython
drwxr-xr-x 4 cms415 gplcms      4096 Apr 28  2014 config
-rw------- 1 cms415 gplcms        16 Feb  2 23:03 cpu_timing.txt
drwxr-xr-x 2 cms415 gplcms      4096 Feb  2 19:52 doc
-rw------- 1 cms415 gplcms     25452 Feb  2 23:03 executable.out
drwxr-xr-x 2 cms415 gplcms      4096 Feb  2 19:52 include
drwx------ 3 cms415 gplcms      4096 Oct  7 10:12 lib
drwxr-xr-x 3 cms415 gplcms      4096 Feb  2 19:52 logs
drwxr-xr-x 3 cms415 gplcms      4096 Feb  2 19:52 objs
-rw------- 1 cms415 gplcms       104 Feb  2 19:52 pset.py
-rw------- 1 cms415 gplcms    926823 Feb  2 19:52 pset.py.pkl
-rw------- 1 cms415 gplcms       289 Feb  2 19:52 pset.pyc
drwxr-xr-x 2 cms415 gplcms      4096 Feb  2 19:52 python
-rw------- 1 cms415 gplcms       359 Feb  2 23:03 report.log
drwxr-xr-x 2 cms415 gplcms      4096 Feb  2 19:52 src
-rw------- 1 cms415 gplcms 247129652 Feb  2 23:03 step2.root
drwxr-xr-x 3 cms415 gplcms      4096 Feb  2 19:52 test
drwxr-xr-x 3 cms415 gplcms      4096 Feb  2 19:52 tmp
>>> current directory /scratch/condor/dir_15705/glide_zRx64D/execute/dir_17156/CMSSW_6_2_0_SLHC12
>>> (SOFTWARE_DIR): /scratch/condor/dir_15705/glide_zRx64D/execute/dir_17156/CMSSW_6_2_0_SLHC12
>>> (WORKING_DIR): 
>>> current directory content:
total 243488
drwxr-xr-x 3 cms415 gplcms      4096 Feb  2 19:52 .SCRAM
-rw------- 1 cms415 gplcms    915837 Feb  2 19:52 CMSSW.py.pkl
drwxr-xr-x 3 cms415 gplcms      4096 Feb  2 19:52 bin
drwxr-xr-x 3 cms415 gplcms      4096 Feb  2 19:52 cfipython
drwxr-xr-x 4 cms415 gplcms      4096 Apr 28  2014 config
-rw------- 1 cms415 gplcms        16 Feb  2 23:03 cpu_timing.txt
drwxr-xr-x 2 cms415 gplcms      4096 Feb  2 19:52 doc
-rw------- 1 cms415 gplcms     25452 Feb  2 23:03 executable.out
drwxr-xr-x 2 cms415 gplcms      4096 Feb  2 19:52 include
drwx------ 3 cms415 gplcms      4096 Oct  7 10:12 lib
drwxr-xr-x 3 cms415 gplcms      4096 Feb  2 19:52 logs
drwxr-xr-x 3 cms415 gplcms      4096 Feb  2 19:52 objs
-rw------- 1 cms415 gplcms       104 Feb  2 19:52 pset.py
-rw------- 1 cms415 gplcms    926823 Feb  2 19:52 pset.py.pkl
-rw------- 1 cms415 gplcms       289 Feb  2 19:52 pset.pyc
drwxr-xr-x 2 cms415 gplcms      4096 Feb  2 19:52 python
-rw------- 1 cms415 gplcms       359 Feb  2 23:03 report.log
drwxr-xr-x 2 cms415 gplcms      4096 Feb  2 19:52 src
-rw------- 1 cms415 gplcms 247129652 Feb  2 23:03 step2_109_1_2fT.root
drwxr-xr-x 3 cms415 gplcms      4096 Feb  2 19:52 test
drwxr-xr-x 3 cms415 gplcms      4096 Feb  2 19:52 tmp
>>> current directory (RUNTIME_AREA):  /scratch/condor/dir_15705/glide_zRx64D/execute/dir_17156
PNN = T2_UK_SGrid_RALPP
SE = heplnx204.pp.rl.ac.uk
SE_PATH = /srm/managerv2?SFN=/pnfs/pp.rl.ac.uk/data/cms/store/user/dcieri/ttbar_PU140_DIGI/dcieri/ttbar/ttbar_PU140_DIGI/3c0380cf82de79bc39966c93934c61fc/
LFNBaseName = /store/user/dcieri/ttbar_PU140_DIGI/dcieri/ttbar/ttbar_PU140_DIGI/3c0380cf82de79bc39966c93934c61fc/
USER = dcieri
endpoint = srm://heplnx204.pp.rl.ac.uk:8443/srm/managerv2?SFN=/pnfs/pp.rl.ac.uk/data/cms/store/user/dcieri/ttbar_PU140_DIGI/dcieri/ttbar/ttbar_PU140_DIGI/3c0380cf82de79bc39966c93934c61fc/
>>> Copy output files from WN = heplnc322.pp.rl.ac.uk to /srm/managerv2?SFN=/pnfs/pp.rl.ac.uk/data/cms/store/user/dcieri/ttbar_PU140_DIGI/dcieri/ttbar/ttbar_PU140_DIGI/3c0380cf82de79bc39966c93934c61fc/ :
python cmscp.py  --destination srm://heplnx204.pp.rl.ac.uk:8443/srm/managerv2?SFN=/pnfs/pp.rl.ac.uk/data/cms/store/user/dcieri/ttbar_PU140_DIGI/dcieri/ttbar/ttbar_PU140_DIGI/3c0380cf82de79bc39966c93934c61fc/ --inputFileList /scratch/condor/dir_15705/glide_zRx64D/execute/dir_17156/CMSSW_6_2_0_SLHC12/step2_109_1_2fT.root --middleware LCG --PNN T2_UK_SGrid_RALPP --se_name heplnx204.pp.rl.ac.uk --for_lfn /store/user/dcieri/ttbar_PU140_DIGI/dcieri/ttbar/ttbar_PU140_DIGI/3c0380cf82de79bc39966c93934c61fc/    
******************************************************
localSeName  =  heplnx204.pp.rl.ac.uk
remoteSeName =  heplnx204.pp.rl.ac.uk
******************************************************
{"/scratch/condor/dir_15705/glide_zRx64D/execute/dir_17156/CMSSW_6_2_0_SLHC12/step2_109_1_2fT.root": {"endpoint": "srm://heplnx204.pp.rl.ac.uk:8443/srm/managerv2?SFN=/pnfs/pp.rl.ac.uk/data/cms/store/user/dcieri/ttbar_PU140_DIGI/dcieri/ttbar/ttbar_PU140_DIGI/3c0380cf82de79bc39966c93934c61fc/", "surl_for_grid": "", "reason": "Copy succedeed with srm-lcg utils", "erCode": "0", "PNN": "T2_UK_SGrid_RALPP", "se_name": "heplnx204.pp.rl.ac.uk", "for_lfn": "/store/user/dcieri/ttbar_PU140_DIGI/dcieri/ttbar/ttbar_PU140_DIGI/3c0380cf82de79bc39966c93934c61fc/"}}/scratch/condor/dir_15705/glide_zRx64D/execute/dir_17156
-------- cat /scratch/condor/dir_15705/glide_zRx64D/execute/dir_17156/cmscpReport.sh 
#!/bin/bash
echo "Report for File: /scratch/condor/dir_15705/glide_zRx64D/execute/dir_17156/CMSSW_6_2_0_SLHC12/step2_109_1_2fT.root"
echo "LFN: /store/user/dcieri/ttbar_PU140_DIGI/dcieri/ttbar/ttbar_PU140_DIGI/3c0380cf82de79bc39966c93934c61fc/step2_109_1_2fT.root"
echo "StorageElement: heplnx204.pp.rl.ac.uk"
echo "StageOutExitStatusReason = 'Copy succedeed with srm-lcg utils'" | tee -a $RUNTIME_AREA/$repo
echo "StageOutSE = heplnx204.pp.rl.ac.uk" >> $RUNTIME_AREA/$repo

export StageOutExitStatus=0
echo "StageOutExitStatus = 0" | tee -a $RUNTIME_AREA/$repo
-------- end of /scratch/condor/dir_15705/glide_zRx64D/execute/dir_17156/cmscpReport.sh 
Report for File: /scratch/condor/dir_15705/glide_zRx64D/execute/dir_17156/CMSSW_6_2_0_SLHC12/step2_109_1_2fT.root
LFN: /store/user/dcieri/ttbar_PU140_DIGI/dcieri/ttbar/ttbar_PU140_DIGI/3c0380cf82de79bc39966c93934c61fc/step2_109_1_2fT.root
StorageElement: heplnx204.pp.rl.ac.uk
StageOutExitStatusReason = 'Copy succedeed with srm-lcg utils'
StageOutExitStatus = 0
>>> current dir: /scratch/condor/dir_15705/glide_zRx64D/execute/dir_17156
>>> current dir content:
total 8824
-rw-------  1 cms415 gplcms    2734 Feb  2 23:04 .SEinteraction.log
-rwx------  1 cms415 gplcms      52 Feb  2 19:50 .chirp_config
-rwx------  1 cms415 gplcms    7820 Feb  2 19:50 .job.ad
-rwx------  1 cms415 gplcms    9751 Feb  2 19:50 .machine.ad
-rw-------  1 cms415 gplcms     105 Feb  2 12:16 CMSSW.py
-rw-------  1 cms415 gplcms  915837 Feb  2 12:16 CMSSW.py.pkl
-rwx------  1 cms415 gplcms   29498 Feb  2 19:51 CMSSW.sh
drwxr-xr-x 15 cms415 gplcms    4096 Feb  2 23:03 CMSSW_6_2_0_SLHC12
-rw-------  1 cms415 gplcms     190 Feb  2 19:52 CacheEnv.sh
-rw-------  1 cms415 gplcms    7291 Nov 19 14:52 DashboardAPI.py
-rw-------  1 cms415 gplcms    6470 Feb  2 19:52 DashboardAPI.pyc
drwx------  2 cms415 gplcms    4096 Feb  2 23:03 IMProv
-rw-------  1 cms415 gplcms    2748 Nov 19 14:52 Logger.py
-rw-------  1 cms415 gplcms    3232 Feb  2 19:52 Logger.pyc
-rw-------  1 cms415 gplcms   24524 Nov 19 14:52 ProcInfo.py
-rw-------  1 cms415 gplcms   22645 Feb  2 19:52 ProcInfo.pyc
drwx------  7 cms415 gplcms    4096 Feb  2 19:52 ProdCommon
drwx------  3 cms415 gplcms    4096 Feb  2 19:52 WMCore
-rw-------  1 cms415 gplcms   10150 Feb  2 23:03 Watchdog_109.log
-rwx------  1 cms415 gplcms       0 Feb  2 19:51 _condor_stderr
-rwx---r--  1 cms415 gplcms   40227 Feb  2 23:04 _condor_stdout
-rw-------  1 cms415 gplcms   32895 Nov 19 14:52 apmon.py
-rw-------  1 cms415 gplcms   27958 Feb  2 19:52 apmon.pyc
-rwx------  1 cms415 gplcms  134309 Feb  2 19:51 arguments.xml
-rwx------  1 cms415 gplcms   38581 Nov 19 14:52 cmscp.py
-rw-------  1 cms415 gplcms     562 Feb  2 23:04 cmscpReport.sh
-rwx------  1 cms415 gplcms   29498 Feb  2 19:51 condor_exec.exe
-rw-------  1 cms415 gplcms     544 Feb  2 12:16 crab.cfg
-rwx------  1 cms415 gplcms    8610 Nov 19 14:52 crabWatchdog.sh
-rwx---r--  1 cms415 gplcms  112096 Feb  2 23:03 crab_fjr_109.xml
-rwx------  1 cms415 gplcms 7390485 Feb  2 19:51 default.tgz
-rwx------  1 cms415 gplcms    4488 Nov 19 14:52 fillCrabFjr.py
-rw-------  1 cms415 gplcms     226 Feb  2 19:52 inputsReport.txt
-rw-------  1 cms415 gplcms     245 Feb  2 23:04 jobreport.txt
-rw-------  1 cms415 gplcms   17352 Nov 19 14:52 parseCrabFjr.py
-rw-------  1 cms415 gplcms     324 Feb  2 19:52 report.log
-rwx--x--x  1 cms415 gplcms    1497 Nov 19 14:52 report.py
-rw-------  1 cms415 gplcms     555 Feb  2 23:04 resultCopyFile
lrwxrwxrwx  1 cms415 gplcms      96 Feb  2 23:03 step2.root -> /scratch/condor/dir_15705/glide_zRx64D/execute/dir_17156/CMSSW_6_2_0_SLHC12/step2_109_1_2fT.root
-rwx------  1 cms415 gplcms    8351 Nov 19 14:52 writeCfg.py
-rw-------  1 cms415 gplcms   10293 Feb  2 19:50 x509up_u62281
>>> Modify Job Report:
CMSSW_VERSION = CMSSW_6_2_0_SLHC12
ProcessedDataset = ttbar_PU140_DIGI
/scratch/condor/dir_15705/glide_zRx64D/execute/dir_17156/ProdCommon/FwkJobRep/ModifyJobReport.py fjr /scratch/condor/dir_15705/glide_zRx64D/execute/dir_17156/crab_fjr_109.xml json /scratch/condor/dir_15705/glide_zRx64D/execute/dir_17156/resultCopyFile n_job 109_1_2fT PrimaryDataset ttbar  ApplicationFamily cmsRun ApplicationName cmsRun cmssw_version CMSSW_6_2_0_SLHC12 psethash 3c0380cf82de79bc39966c93934c61fc UserProcessedDataset dcieri-ttbar_PU140_DIGI-3c0380cf82de79bc39966c93934c61fc
inputDict =  {u'/scratch/condor/dir_15705/glide_zRx64D/execute/dir_17156/CMSSW_6_2_0_SLHC12/step2_109_1_2fT.root': {u'endpoint': u'srm://heplnx204.pp.rl.ac.uk:8443/srm/managerv2?SFN=/pnfs/pp.rl.ac.uk/data/cms/store/user/dcieri/ttbar_PU140_DIGI/dcieri/ttbar/ttbar_PU140_DIGI/3c0380cf82de79bc39966c93934c61fc/', u'surl_for_grid': u'', u'reason': u'Copy succedeed with srm-lcg utils', u'erCode': u'0', u'PNN': u'T2_UK_SGrid_RALPP', u'se_name': u'heplnx204.pp.rl.ac.uk', u'for_lfn': u'/store/user/dcieri/ttbar_PU140_DIGI/dcieri/ttbar/ttbar_PU140_DIGI/3c0380cf82de79bc39966c93934c61fc/'}}
UserProcessedDataset =  dcieri-ttbar_PU140_DIGI-3c0380cf82de79bc39966c93934c61fc
WORKING ON EDM FILE
file_name in inputDict =  /scratch/condor/dir_15705/glide_zRx64D/execute/dir_17156/CMSSW_6_2_0_SLHC12/step2_109_1_2fT.root
(size) os.stat(filename)[6] =  247129652
checksum =  789976531
    file =  step2_109_1_2fT.root
    newPfn =  srm://heplnx204.pp.rl.ac.uk:8443/srm/managerv2?SFN=/pnfs/pp.rl.ac.uk/data/cms/store/user/dcieri/ttbar_PU140_DIGI/dcieri/ttbar/ttbar_PU140_DIGI/3c0380cf82de79bc39966c93934c61fc/step2_109_1_2fT.root
    newLfn =  /store/user/dcieri/ttbar_PU140_DIGI/dcieri/ttbar/ttbar_PU140_DIGI/3c0380cf82de79bc39966c93934c61fc/step2_109_1_2fT.root
>>> crab_fjr_*.xml  permission set to 0704
CrabWrapper EXIT_FUNC entered at Mon Feb  2 23:04:08 GMT 2015   -  Mon Feb  2 23:04:08 UTC 2015
Checking output files:  
will tar file crab_fjr_109.xml in  out_files_109
WARNING: output file CMSSW_109.stdout not found!
WARNING: output file CMSSW_109.stderr not found!
WARNING: output file Watchdog_109.log.gz not found!
>>> padding time: Wrapper lasting more than 600 seconds. No sleep required.
STOPPING WATCHDOG. CrabWatchdog PID is 17756
********** LAST 50 LINES OF WATCHDOG LOG
 Feb 02 20:14:07 GMT	17893	1058200	1416036	51	117	1324	cmsRun -j /scratch/condor/dir_15705/glide_zRx64D/execute/dir_17156/crab_fjr_109.xml -p pset.py      
 Feb 02 20:15:07 GMT	17893	1081812	1417828	51	120	1385	cmsRun -j /scratch/condor/dir_15705/glide_zRx64D/execute/dir_17156/crab_fjr_109.xml -p pset.py      
 Feb 02 20:17:08 GMT	17893	1092148	1417828	51	124	1505	cmsRun -j /scratch/condor/dir_15705/glide_zRx64D/execute/dir_17156/crab_fjr_109.xml -p pset.py      
 Feb 02 20:18:09 GMT	17893	1103268	1427308	51	126	1566	cmsRun -j /scratch/condor/dir_15705/glide_zRx64D/execute/dir_17156/crab_fjr_109.xml -p pset.py      
 Feb 02 20:19:09 GMT	17893	1111400	1428844	51	129	1626	cmsRun -j /scratch/condor/dir_15705/glide_zRx64D/execute/dir_17156/crab_fjr_109.xml -p pset.py      
 Feb 02 20:20:09 GMT	17893	1250396	1722112	51	162	1686	cmsRun -j /scratch/condor/dir_15705/glide_zRx64D/execute/dir_17156/crab_fjr_109.xml -p pset.py      
 Feb 02 20:20:09 GMT	---	1250396	1722112	76	----	----	----
 Feb 02 20:21:09 GMT	17893	1264776	1723904	76	163	1746	cmsRun -j /scratch/condor/dir_15705/glide_zRx64D/execute/dir_17156/crab_fjr_109.xml -p pset.py      
 Feb 02 20:22:09 GMT	17893	1285068	1723904	76	164	1806	cmsRun -j /scratch/condor/dir_15705/glide_zRx64D/execute/dir_17156/crab_fjr_109.xml -p pset.py      
# TIME			PID	RSS(KB)	VSZ(KB)	Dsk(MB)	tCPU(s)	tWALL(s)	COMMAND
 Feb 02 20:23:09 GMT	17893	1286676	1723904	76	166	1867	cmsRun -j /scratch/condor/dir_15705/glide_zRx64D/execute/dir_17156/crab_fjr_109.xml -p pset.py      
 Feb 02 20:24:10 GMT	17893	1290500	1723904	76	168	1927	cmsRun -j /scratch/condor/dir_15705/glide_zRx64D/execute/dir_17156/crab_fjr_109.xml -p pset.py      
 Feb 02 20:25:10 GMT	17893	1293292	1723904	76	170	1987	cmsRun -j /scratch/condor/dir_15705/glide_zRx64D/execute/dir_17156/crab_fjr_109.xml -p pset.py      
 Feb 02 20:26:10 GMT	17893	1297712	1723904	76	173	2047	cmsRun -j /scratch/condor/dir_15705/glide_zRx64D/execute/dir_17156/crab_fjr_109.xml -p pset.py      
 Feb 02 20:27:10 GMT	17893	1297892	1723904	76	176	2107	cmsRun -j /scratch/condor/dir_15705/glide_zRx64D/execute/dir_17156/crab_fjr_109.xml -p pset.py      
 Feb 02 20:31:11 GMT	17893	1297892	1724160	76	184	2348	cmsRun -j /scratch/condor/dir_15705/glide_zRx64D/execute/dir_17156/crab_fjr_109.xml -p pset.py      
 Feb 02 20:32:11 GMT	17893	1297892	1726720	76	186	2408	cmsRun -j /scratch/condor/dir_15705/glide_zRx64D/execute/dir_17156/crab_fjr_109.xml -p pset.py      
 Feb 02 20:33:11 GMT	17893	1300248	1728256	76	189	2469	cmsRun -j /scratch/condor/dir_15705/glide_zRx64D/execute/dir_17156/crab_fjr_109.xml -p pset.py      
 Feb 02 20:34:12 GMT	17893	1300308	1728256	76	192	2529	cmsRun -j /scratch/condor/dir_15705/glide_zRx64D/execute/dir_17156/crab_fjr_109.xml -p pset.py      
 Feb 02 20:35:12 GMT	17893	1305216	1733376	76	195	2589	cmsRun -j /scratch/condor/dir_15705/glide_zRx64D/execute/dir_17156/crab_fjr_109.xml -p pset.py      
 Feb 02 20:36:12 GMT	17893	1305892	1734400	76	197	2649	cmsRun -j /scratch/condor/dir_15705/glide_zRx64D/execute/dir_17156/crab_fjr_109.xml -p pset.py      
 Feb 02 20:37:12 GMT	17893	1307368	1734400	76	200	2709	cmsRun -j /scratch/condor/dir_15705/glide_zRx64D/execute/dir_17156/crab_fjr_109.xml -p pset.py      
 Feb 02 20:38:12 GMT	17893	1310176	1736704	76	204	2770	cmsRun -j /scratch/condor/dir_15705/glide_zRx64D/execute/dir_17156/crab_fjr_109.xml -p pset.py      
 Feb 02 20:39:13 GMT	17893	1318152	1745664	76	208	2830	cmsRun -j /scratch/condor/dir_15705/glide_zRx64D/execute/dir_17156/crab_fjr_109.xml -p pset.py      
 Feb 02 20:40:13 GMT	17893	1320664	1745664	76	211	2890	cmsRun -j /scratch/condor/dir_15705/glide_zRx64D/execute/dir_17156/crab_fjr_109.xml -p pset.py      
 Feb 02 20:41:13 GMT	17893	1399904	1749248	76	220	2950	cmsRun -j /scratch/condor/dir_15705/glide_zRx64D/execute/dir_17156/crab_fjr_109.xml -p pset.py      
 Feb 02 20:42:13 GMT	17893	1405196	1752320	76	223	3010	cmsRun -j /scratch/condor/dir_15705/glide_zRx64D/execute/dir_17156/crab_fjr_109.xml -p pset.py      
 Feb 02 20:43:13 GMT	17893	1406680	1753344	76	226	3071	cmsRun -j /scratch/condor/dir_15705/glide_zRx64D/execute/dir_17156/crab_fjr_109.xml -p pset.py      
 Feb 02 20:44:14 GMT	17893	1409768	1754368	76	229	3131	cmsRun -j /scratch/condor/dir_15705/glide_zRx64D/execute/dir_17156/crab_fjr_109.xml -p pset.py      
 Feb 02 20:45:14 GMT	17893	1444696	1792768	76	235	3191	cmsRun -j /scratch/condor/dir_15705/glide_zRx64D/execute/dir_17156/crab_fjr_109.xml -p pset.py      
 Feb 02 20:46:14 GMT	---	1444696	1792768	98	----	----	----
 Feb 02 21:09:25 GMT	---	1444696	1792768	121	----	----	----
 Feb 02 21:38:32 GMT	---	1444696	1792768	139	----	----	----
 Feb 02 21:56:36 GMT	17893	1593772	1912320	139	503	7473	cmsRun -j /scratch/condor/dir_15705/glide_zRx64D/execute/dir_17156/crab_fjr_109.xml -p pset.py      
 Feb 02 21:56:36 GMT	---	1593772	1912320	152	----	----	----
 Feb 02 21:57:37 GMT	---	1593772	1912320	164	----	----	----
 Feb 02 22:27:44 GMT	---	1593772	1912320	183	----	----	----
 Feb 02 22:38:27 GMT	---	1593772	1912320	207	----	----	----
 Feb 02 22:47:29 GMT	---	1593772	1912320	229	----	----	----
 Feb 02 22:52:30 GMT	17893	1593772	1914368	229	789	10827	cmsRun -j /scratch/condor/dir_15705/glide_zRx64D/execute/dir_17156/crab_fjr_109.xml -p pset.py      
# TIME			PID	RSS(KB)	VSZ(KB)	Dsk(MB)	tCPU(s)	tWALL(s)	COMMAND
# TIME			PID	RSS(KB)	VSZ(KB)	Dsk(MB)	tCPU(s)	tWALL(s)	COMMAND
 Feb 02 22:54:31 GMT	17893	1593772	1929984	229	817	10948	cmsRun -j /scratch/condor/dir_15705/glide_zRx64D/execute/dir_17156/crab_fjr_109.xml -p pset.py      
 Feb 02 22:56:31 GMT	17893	1593772	1932804	229	846	11068	cmsRun -j /scratch/condor/dir_15705/glide_zRx64D/execute/dir_17156/crab_fjr_109.xml -p pset.py      
 Feb 02 22:56:31 GMT	---	1593772	1932804	252	----	----	----
 Feb 02 22:58:32 GMT	17893	1593772	1933828	252	863	11189	cmsRun -j /scratch/condor/dir_15705/glide_zRx64D/execute/dir_17156/crab_fjr_109.xml -p pset.py      
 Feb 02 22:59:32 GMT	17893	1593772	1937924	252	868	11250	cmsRun -j /scratch/condor/dir_15705/glide_zRx64D/execute/dir_17156/crab_fjr_109.xml -p pset.py      
 Feb 02 23:00:33 GMT	17893	1593772	1945092	252	881	11310	cmsRun -j /scratch/condor/dir_15705/glide_zRx64D/execute/dir_17156/crab_fjr_109.xml -p pset.py      
 Feb 02 23:02:34 GMT	17893	1593772	1965572	252	906	11431	cmsRun -j /scratch/condor/dir_15705/glide_zRx64D/execute/dir_17156/crab_fjr_109.xml -p pset.py      
 Feb 02 23:03:34 GMT	---	1593772	1965572	274	----	----	----
********** WATCHDOG LOG ENDED
ZIPPING WATCHDOG LOG
Disk space used:
du -sh /scratch/condor/dir_15705/glide_zRx64D/execute/dir_17156
274M	/scratch/condor/dir_15705/glide_zRx64D/execute/dir_17156
Found unusual stdout, rename for OSB
`/scratch/condor/dir_15705/glide_zRx64D/execute/dir_17156/_condor_stdout' -> `CMSSW_109.stdout'
Found unusual stderr, rename for OSB
`/scratch/condor/dir_15705/glide_zRx64D/execute/dir_17156/_condor_stdout' -> `CMSSW_109.stderr'
crab_fjr_109.xml
CMSSW_109.stdout
CMSSW_109.stderr
Watchdog_109.log.gz
Total Output dimension: 24402
WARNING: output files size limit is set to: 50000000
Total Output dimension 24402 is fine.
JOB_EXIT_STATUS = 0
>>> info for dashboard:
***** Cat /scratch/condor/dir_15705/glide_zRx64D/execute/dir_17156/jobreport.txt *****
MonitorJobID=109_https://submit-6.t2.ucsd.edu//150202//509447.108
MonitorID=dcieri_PU140_4dm08r
ExeTime=11466
ExeExitCode=0
StageOutExitStatusReason = 'Copy succedeed with srm-lcg utils'
StageOutSE = heplnx204.pp.rl.ac.uk
StageOutExitStatus = 0
CrabUserCpuTime=905.94
CrabSysCpuTime=21.86
CrabCpuPercentage=8%
CrabWrapperTime=11529
CrabStageoutTime=49
JobExitCode=0
***** End Cat jobreport *****
Parameters sent to Dashboard.
EXITING at Mon Feb  2 23:04:11 GMT 2015  -  Mon Feb  2 23:04:11 UTC 2015
