This script was generated by crab (version 2.11.1_patch1).
Running /scratch/condor/dir_20606/glide_jvSjIQ/execute/dir_1315/condor_exec.exe with 2 positional parameters: 133 1
Today is Mon Feb  2 19:59:57 GMT 2015 - Mon Feb  2 19:59:57 UTC 2015
Job submitted on host heplnc005.pp.rl.ac.uk
Linux heplnc005.pp.rl.ac.uk 2.6.32-504.3.3.el6.x86_64 #1 SMP Tue Dec 16 14:29:22 CST 2014 x86_64 x86_64 x86_64 GNU/Linux
Distributor ID:	Scientific
Description:	Scientific Linux release 6.6 (Carbon)
>>> current directory (RUNTIME_AREA): /scratch/condor/dir_20606/glide_jvSjIQ/execute/dir_1315
>>> current user: uid=157415(cms415) gid=157000(gplcms) groups=157000(gplcms)
>>> directory permission set to 0700
>>> umask set to:  u=rwx,g=,o=
>>> stdout stderr permission set to 0704
>>> voms proxy information:
subject   : /DC=ch/DC=cern/OU=Organic Units/OU=Users/CN=dcieri/CN=755391/CN=Davide Cieri/CN=769881070/CN=1212507567
issuer    : /DC=ch/DC=cern/OU=Organic Units/OU=Users/CN=dcieri/CN=755391/CN=Davide Cieri/CN=769881070
identity  : /DC=ch/DC=cern/OU=Organic Units/OU=Users/CN=dcieri/CN=755391/CN=Davide Cieri
type      : RFC3820 compliant limited proxy
strength  : 1024
path      : /scratch/condor/dir_20606/glide_jvSjIQ/execute/dir_1315/x509up_u62281
timeleft  : 23:58:28
key usage : Digital Signature, Key Encipherment
=== VO cms extension information ===
VO        : cms
subject   : /DC=ch/DC=cern/OU=Organic Units/OU=Users/CN=dcieri/CN=755391/CN=Davide Cieri
issuer    : /DC=ch/DC=cern/OU=computers/CN=lcg-voms2.cern.ch
attribute : /cms/Role=NULL/Capability=NULL
timeleft  : 184:16:27
uri       : lcg-voms2.cern.ch:15002

WNHostName=heplnc005.pp.rl.ac.uk
$_CONDOR_JOB_AD =/scratch/condor/dir_20606/glide_jvSjIQ/execute/dir_1315/.job.ad
OverflowFlag=0
>>> tar --no-same-permissions -xf /scratch/condor/dir_20606/glide_jvSjIQ/execute/dir_1315/default.tgz :
Successful untar
>>> Include /scratch/condor/dir_20606/glide_jvSjIQ/execute/dir_1315 in PYTHONPATH:
strip arguments
env var CRAB_UNIQUE_JOB_ID set to: dcieri_PU140_4dm08r_133_1_kz7
out_files_133
>>> list of expected files on output sandbox
output files: crab_fjr_133.xml CMSSW_133.stdout CMSSW_133.stderr Watchdog_133.log.gz
>>> GridFlavour discovery: 
GridFlavour=LCG
>>> SyncSite discovery: 
SyncSite=T2_UK_SGrid_RALPP
>>> SyncCE discovery: 
getting SyncCE from GLIDEIN_Gaekeeper
SyncCE=heplnv146.pp.rl.ac.uk
>>> info for dashboard:
***** Cat /scratch/condor/dir_20606/glide_jvSjIQ/execute/dir_1315/jobreport.txt *****
WNHostName=heplnc005.pp.rl.ac.uk
OverflowFlag=0
MonitorJobID=133_https://submit-6.t2.ucsd.edu//150202//509447.132
SyncGridJobId=https://submit-6.t2.ucsd.edu//150202//509447.132
MonitorID=dcieri_PU140_4dm08r
GridFlavour=LCG
SyncSite=T2_UK_SGrid_RALPP
SyncCE=heplnv146.pp.rl.ac.uk
***** End Cat jobreport *****
Parameters sent to Dashboard.
>>> setup environment
set SCRAM ARCH to slc6_amd64_gcc472
SCRAM_ARCH = slc6_amd64_gcc472
>>> setup CMS LCG environment:
set SCRAM ARCH and BUILD_ARCH to slc6_amd64_gcc472 ###
Sourcing environment... 
sourcing /cvmfs/cms.cern.ch/cmsset_default.sh
==> setup cms environment ok
>>> specific cmssw setup environment:
CMSSW_VERSION =  CMSSW_6_2_0_SLHC12
WARNING: In non-interactive mode release checks e.g. deprecated releases, production architectures are disabled.
>>> current directory (SOFTWARE_DIR): /scratch/condor/dir_20606/glide_jvSjIQ/execute/dir_1315/CMSSW_6_2_0_SLHC12
PreserveSeeds: <>
IncrementSeeds:<>
>>> info for dashboard:
***** Cat /scratch/condor/dir_20606/glide_jvSjIQ/execute/dir_1315/jobreport.txt *****
MonitorJobID=133_https://submit-6.t2.ucsd.edu//150202//509447.132
MonitorID=dcieri_PU140_4dm08r
***** End Cat jobreport *****
Parameters sent to Dashboard.
crabWatchdog started as process 8821
>>> moving CMSSW software directories in /scratch/condor/dir_20606/glide_jvSjIQ/execute/dir_1315/CMSSW_6_2_0_SLHC12
mv: cannot stat `/scratch/condor/dir_20606/glide_jvSjIQ/execute/dir_1315/module/': No such file or directory
>>> Include /scratch/condor/dir_20606/glide_jvSjIQ/execute/dir_1315 in PYTHONPATH:
PYTHONPATH=/scratch/condor/dir_20606/glide_jvSjIQ/execute/dir_1315/:/scratch/condor/dir_20606/glide_jvSjIQ/execute/dir_1315/CMSSW_6_2_0_SLHC12/python:/scratch/condor/dir_20606/glide_jvSjIQ/execute/dir_1315/CMSSW_6_2_0_SLHC12/lib/slc6_amd64_gcc472:/cvmfs/cms.cern.ch/slc6_amd64_gcc472/cms/cmssw/CMSSW_6_2_0_SLHC12/python:/cvmfs/cms.cern.ch/slc6_amd64_gcc472/cms/cmssw/CMSSW_6_2_0_SLHC12/lib/slc6_amd64_gcc472:/cvmfs/cms.cern.ch/slc6_amd64_gcc472/cms/coral/CORAL_2_3_21-cms35/slc6_amd64_gcc472/python:/cvmfs/cms.cern.ch/slc6_amd64_gcc472/cms/coral/CORAL_2_3_21-cms35/slc6_amd64_gcc472/lib:/cvmfs/cms.cern.ch/slc6_amd64_gcc472/external/python-ldap/2.3.5-cms5/lib/python2.7/site-packages:/cvmfs/cms.cern.ch/slc6_amd64_gcc472/external/pyqt/4.8.1-cms5/lib/python2.7/site-packages:/cvmfs/cms.cern.ch/slc6_amd64_gcc472/external/py2-scipy/0.8.0-cms7/lib/python2.7/site-packages:/cvmfs/cms.cern.ch/slc6_amd64_gcc472/external/py2-matplotlib/1.0.1-cms7/lib/python2.7/site-packages:/cvmfs/cms.cern.ch/slc6_amd64_gcc472/external/sip/4.11.2-cms5/lib/python2.7/site-packages:/cvmfs/cms.cern.ch/slc6_amd64_gcc472/external/py2-pycurl/7.19.0-cms7/lib/python2.7/site-packages:/cvmfs/cms.cern.ch/slc6_amd64_gcc472/external/py2-numpy/1.6.1-cms7/lib/python2.7/site-packages:/cvmfs/cms.cern.ch/slc6_amd64_gcc472/external/py2-lint/0.25.1-cms5/lib/python2.7/site-packages:/cvmfs/cms.cern.ch/slc6_amd64_gcc472/external/py2-ipython/0.10-cms5/lib/python2.7/site-packages:/cvmfs/cms.cern.ch/slc6_amd64_gcc472/external/py2-cx-oracle/5.1-cms5/lib/python2.7/site-packages:/cvmfs/cms.cern.ch/slc6_amd64_gcc472/external/py2-cjson/1.0.5-cms5/lib/python2.7/site-packages:/cvmfs/cms.cern.ch/slc6_amd64_gcc472/cms/das-client/1.11.7/bin:/cvmfs/cms.cern.ch/slc6_amd64_gcc472/external/elementtree/1.2.6-cms5/share/lib/python2.7/site-packages:/cvmfs/cms.cern.ch/slc6_amd64_gcc472/external/rivet/1.8.2-cms9/lib/python2.7/site-packages:/cvmfs/cms.cern.ch/slc6_amd64_gcc472/external/pyminuit2/0.0.1-cms19/lib/python2.7/site-packages:/cvmfs/cms.cern.ch/slc6_amd64_gcc472/external/py2-pygithub/1.23.0-cms2/lib/python2.7/site-packages:/cvmfs/cms.cern.ch/slc6_amd64_gcc472/external/professor/1.0.0-cms19/lib/python2.7/site-packages:/cvmfs/cms.cern.ch/slc6_amd64_gcc472/lcg/root/5.34.07-cms/lib:/cvmfs/cms.cern.ch/slc6_amd64_gcc472/cms/dbs-client/DBS_2_1_9-cms5/lib:/cvmfs/cms.cern.ch/slc6_amd64_gcc472/cms/dbs-client/DBS_2_1_9-cms5/lib/DBSAPI:/cvmfs/cms.cern.ch/slc6_amd64_gcc472/external/cvs2git/5419-cms/lib:/scratch/condor/dir_20606/glide_jvSjIQ/execute/dir_1315/
 
# LIMITS USED BY CRAB WATCHDOG:
# RSS  (KBytes)   : 2300000
# VSZ  (KBytes)   : 100000000
# DISK (MBytes)   : 19000
# CPU TIME        : 720h:0m:0s
# WALL CLOCK TIME : 21h:50m:0s
 
3c0380cf82de79bc39966c93934c61fc
PSETHASH = 3c0380cf82de79bc39966c93934c61fc
/scratch/condor/dir_20606/glide_jvSjIQ/execute/dir_1315/writeCfg.py pset.py pset.py
Importing .py file
Setting parameters
RandomNumberGeneratorService found, will attempt to change seeds
inputBlocks=/ttbar/dcieri-ttbar_SIM-130075366148575c102f0d64fd3ac8f7/USER#417d7dc2-08fd-4092-82c4-7ac02f79c2d9
inputFiles=/store/user/dcieri/ttbar_SIM/ttbar/ttbar_SIM/150129_145223/0000/step1_342.root
parentFiles=
lumisRange=
>>> Executable cmsRun
/cvmfs/cms.cern.ch/slc6_amd64_gcc472/cms/cmssw/CMSSW_6_2_0_SLHC12/bin/slc6_amd64_gcc472/cmsRun
ok executable found
>>> info for dashboard:
***** Cat /scratch/condor/dir_20606/glide_jvSjIQ/execute/dir_1315/jobreport.txt *****
MonitorJobID=133_https://submit-6.t2.ucsd.edu//150202//509447.132
MonitorID=dcieri_PU140_4dm08r
ExeStart=cmsRun
***** End Cat jobreport *****
Parameters sent to Dashboard.
>>> cmsRun started at Mon Feb  2 20:00:06 UTC 2015
>>> cmsRun ended at Mon Feb  2 23:14:52 UTC 2015
>>> crab_fjr_*.xml  permission set to 0704
>>> info for dashboard:
***** Cat /scratch/condor/dir_20606/glide_jvSjIQ/execute/dir_1315/jobreport.txt *****
MonitorJobID=133_https://submit-6.t2.ucsd.edu//150202//509447.132
MonitorID=dcieri_PU140_4dm08r
ExeEnd=cmsRun
***** End Cat jobreport *****
Parameters sent to Dashboard.
TIME_EXE = 11686 sec
>>> cmsRun wrote 236 lines of stdout+stderr
>>> START OF printout of 236 lines from stdout+stderr
271 DQMStore::DQMStore 
HcalTopologyIdealEP::HcalTopologyIdealEP
02-Feb-2015 20:00:17 GMT  Initiating request to open file root://dcap.pp.rl.ac.uk:1094/pnfs/pp.rl.ac.uk/data/cms/store/user/dcieri/ttbar_SIM/ttbar/ttbar_SIM/150129_145223/0000/step1_342.root
02-Feb-2015 20:00:19 GMT  Successfully opened file root://dcap.pp.rl.ac.uk:1094/pnfs/pp.rl.ac.uk/data/cms/store/user/dcieri/ttbar_SIM/ttbar/ttbar_SIM/150129_145223/0000/step1_342.root
02-Feb-2015 20:00:20 GMT  Initiating request to open file root://xrootd.unl.edu//store/group/dpg_trigger/comm_trigger/L1TrackTrigger/620_SLHC10/Extended2023TTI/MinBias/MinBias_TuneZ2star_GEN_SIM_1.root
02-Feb-2015 20:00:25 GMT  Successfully opened file root://xrootd.unl.edu//store/group/dpg_trigger/comm_trigger/L1TrackTrigger/620_SLHC10/Extended2023TTI/MinBias/MinBias_TuneZ2star_GEN_SIM_1.root
disableME1a = 0
HcalTopologyIdealEP::produce(const IdealGeometryRecord& iRecord)
mode = 2, maxDepthHB = 3, maxDepthHE = 5
RPCGeometryESModule :: produce
RPCGeometryESModule :: produce :: 1/4 Get Muon Ideal Geometry Record
RPCGeometryESModule :: produce :: 2/4 Get Muon DDD Constants
RPCGeometryESModule :: produce :: 3/4 Get Muon Numbering Record
in MuonNumberingInitialization::initializeMuonDDDConstants
about to make my new muonDDDConst_
in MuonNumberingInitialization::produce
RPCGeometryESModule :: produce :: 4/4 Build
Found:

	Barrel Stack layer 5 : 1008 stacks
	Barrel Stack layer 6 : 1320 stacks
	Barrel Stack layer 7 : 1836 stacks
	Barrel Stack layer 8 : 1152 stacks
	Barrel Stack layer 9 : 1488 stacks
	Barrel Stack layer 10 : 1824 stacks

	Endcap Stack disk 11 : 1360 stacks
	Endcap Stack disk 12 : 1360 stacks
	Endcap Stack disk 13 : 1360 stacks
	Endcap Stack disk 14 : 1360 stacks
	Endcap Stack disk 15 : 1360 stacks
Created 15428 stacks in 20 s

TTClusterBuilder< edm::Ref<edm::DetSetVector<PixelDigi>, PixelDigi, edm::refhelper::FindForDetSetVector<PixelDigi> > > loaded modules:
	TTClusterAlgorithm:	TTClusterAlgorithm_2d2013< edm::Ref<edm::DetSetVector<PixelDigi>, PixelDigi, edm::refhelper::FindForDetSetVector<PixelDigi> > >


TTStubBuilder< edm::Ref<edm::DetSetVector<PixelDigi>, PixelDigi, edm::refhelper::FindForDetSetVector<PixelDigi> > > loaded modules:
	TTStubAlgorithm:	TTStubAlgorithm_tab2013< edm::Ref<edm::DetSetVector<PixelDigi>, PixelDigi, edm::refhelper::FindForDetSetVector<PixelDigi> > >


TTClusterAssociator< edm::Ref<edm::DetSetVector<PixelDigi>, PixelDigi, edm::refhelper::FindForDetSetVector<PixelDigi> > > loaded.


TTStubAssociator< edm::Ref<edm::DetSetVector<PixelDigi>, PixelDigi, edm::refhelper::FindForDetSetVector<PixelDigi> > > loaded.


TTTrackAssociator< edm::Ref<edm::DetSetVector<PixelDigi>, PixelDigi, edm::refhelper::FindForDetSetVector<PixelDigi> > > loaded.

Begin processing the 1st record. Run 1, Event 3411, LumiSection 342 at 02-Feb-2015 20:01:07.378 GMT
02-Feb-2015 20:01:17 GMT  Closed file root://xrootd.unl.edu//store/group/dpg_trigger/comm_trigger/L1TrackTrigger/620_SLHC10/Extended2023TTI/MinBias/MinBias_TuneZ2star_GEN_SIM_1.root
02-Feb-2015 20:01:17 GMT  Initiating request to open file root://xrootd.unl.edu//store/group/dpg_trigger/comm_trigger/L1TrackTrigger/620_SLHC10/Extended2023TTI/MinBias/MinBias_TuneZ2star_GEN_SIM_964.root
02-Feb-2015 20:05:08 GMT  Successfully opened file root://xrootd.unl.edu//store/group/dpg_trigger/comm_trigger/L1TrackTrigger/620_SLHC10/Extended2023TTI/MinBias/MinBias_TuneZ2star_GEN_SIM_964.root
150202 20:06:47 8971 Xrd: XrdClientMessage::ReadRaw: Failed to read header (8 bytes).
150202 20:10:17 8969 Xrd: XrdClientMessage::ReadRaw: Failed to read header (8 bytes).
02-Feb-2015 20:12:33 GMT  Closed file root://xrootd.unl.edu//store/group/dpg_trigger/comm_trigger/L1TrackTrigger/620_SLHC10/Extended2023TTI/MinBias/MinBias_TuneZ2star_GEN_SIM_964.root
02-Feb-2015 20:12:33 GMT  Initiating request to open file root://xrootd.unl.edu//store/group/dpg_trigger/comm_trigger/L1TrackTrigger/620_SLHC10/Extended2023TTI/MinBias/MinBias_TuneZ2star_GEN_SIM_113.root
150202 20:12:37 20789 Xrd: CheckErrorStatus: Server [llrxrd-redir.in2p3.fr:1094] declared: session not found(error code: 3011)
02-Feb-2015 20:12:37 GMT  Successfully opened file root://xrootd.unl.edu//store/group/dpg_trigger/comm_trigger/L1TrackTrigger/620_SLHC10/Extended2023TTI/MinBias/MinBias_TuneZ2star_GEN_SIM_113.root
150202 20:17:48 21077 Xrd: XrdClientMessage::ReadRaw: Failed to read header (8 bytes).
150202 20:17:48 13705 Xrd: XrdClientMessage::ReadRaw: Failed to read header (8 bytes).
150202 20:20:47 8961 Xrd: XrdClientMessage::ReadRaw: Failed to read header (8 bytes).
02-Feb-2015 20:24:21 GMT  Closed file root://xrootd.unl.edu//store/group/dpg_trigger/comm_trigger/L1TrackTrigger/620_SLHC10/Extended2023TTI/MinBias/MinBias_TuneZ2star_GEN_SIM_113.root
02-Feb-2015 20:24:21 GMT  Initiating request to open file root://xrootd.unl.edu//store/group/dpg_trigger/comm_trigger/L1TrackTrigger/620_SLHC10/Extended2023TTI/MinBias/MinBias_TuneZ2star_GEN_SIM_149.root
150202 20:24:52 4660 Xrd: CheckErrorStatus: Server [xrootd.ba.infn.it:1094] declared: session not found(error code: 3011)
02-Feb-2015 20:24:52 GMT  Successfully opened file root://xrootd.unl.edu//store/group/dpg_trigger/comm_trigger/L1TrackTrigger/620_SLHC10/Extended2023TTI/MinBias/MinBias_TuneZ2star_GEN_SIM_149.root
150202 20:25:17 8968 Xrd: XrdClientMessage::ReadRaw: Failed to read header (8 bytes).
Building the geometry service
Warning did not find digi
Warning did not find digi
Warning did not find digi
Warning did not find digi
Warning did not find digi in disks
Warning did not find digi in disks
Warning did not find digi in disks
Warning did not find digi in disks
150202 20:29:47 21133 Xrd: XrdClientMessage::ReadRaw: Failed to read header (8 bytes).
150202 20:30:17 5743 Xrd: XrdClientMessage::ReadRaw: Failed to read header (8 bytes).
150202 20:32:47 21076 Xrd: XrdClientMessage::ReadRaw: Failed to read header (8 bytes).
02-Feb-2015 20:35:11 GMT  Closed file root://xrootd.unl.edu//store/group/dpg_trigger/comm_trigger/L1TrackTrigger/620_SLHC10/Extended2023TTI/MinBias/MinBias_TuneZ2star_GEN_SIM_149.root
02-Feb-2015 20:35:11 GMT  Initiating request to open file root://xrootd.unl.edu//store/group/dpg_trigger/comm_trigger/L1TrackTrigger/620_SLHC10/Extended2023TTI/MinBias/MinBias_TuneZ2star_GEN_SIM_503.root
150202 20:35:42 16484 Xrd: CheckErrorStatus: Server [cms-xrd-global.cern.ch:1094] declared: session not found(error code: 3011)
150202 20:35:42 16484 Xrd: CheckErrorStatus: Server [xrootd-redic.pi.infn.it:1094] declared: session not found(error code: 3011)
02-Feb-2015 20:35:43 GMT  Successfully opened file root://xrootd.unl.edu//store/group/dpg_trigger/comm_trigger/L1TrackTrigger/620_SLHC10/Extended2023TTI/MinBias/MinBias_TuneZ2star_GEN_SIM_503.root
150202 20:40:17 5744 Xrd: XrdClientMessage::ReadRaw: Failed to read header (8 bytes).
150202 20:40:47 16878 Xrd: XrdClientMessage::ReadRaw: Failed to read header (8 bytes).
150202 20:45:18 5742 Xrd: XrdClientMessage::ReadRaw: Failed to read header (8 bytes).
150202 20:55:47 8967 Xrd: XrdClientMessage::ReadRaw: Failed to read header (8 bytes).
150202 20:55:47 8965 Xrd: XrdClientMessage::ReadRaw: Failed to read header (8 bytes).
150202 20:55:47 8970 Xrd: XrdClientMessage::ReadRaw: Failed to read header (8 bytes).
150202 20:55:47 16876 Xrd: XrdClientMessage::ReadRaw: Failed to read header (8 bytes).
02-Feb-2015 20:55:56 GMT  Closed file root://xrootd.unl.edu//store/group/dpg_trigger/comm_trigger/L1TrackTrigger/620_SLHC10/Extended2023TTI/MinBias/MinBias_TuneZ2star_GEN_SIM_503.root
02-Feb-2015 20:55:56 GMT  Initiating request to open file root://xrootd.unl.edu//store/group/dpg_trigger/comm_trigger/L1TrackTrigger/620_SLHC10/Extended2023TTI/MinBias/MinBias_TuneZ2star_GEN_SIM_401.root
150202 20:55:57 8953 Xrd: CheckErrorStatus: Server [xrootd.unl.edu] declared: session not found(error code: 3011)
150202 20:56:28 7576 Xrd: CheckErrorStatus: Server [xrootd.unl.edu:1094] declared: session not found(error code: 3011)
150202 20:56:28 7576 Xrd: CheckErrorStatus: Server [cms-xrd-global.cern.ch:1094] declared: session not found(error code: 3011)
150202 20:56:28 7576 Xrd: CheckErrorStatus: Server [llrxrd-redir.in2p3.fr:1094] declared: session not found(error code: 3011)
150202 20:56:29 7576 Xrd: CheckErrorStatus: Server [lxbrf39c03.cern.ch:1098] declared: session not found(error code: 3011)
02-Feb-2015 20:56:29 GMT  Successfully opened file root://xrootd.unl.edu//store/group/dpg_trigger/comm_trigger/L1TrackTrigger/620_SLHC10/Extended2023TTI/MinBias/MinBias_TuneZ2star_GEN_SIM_401.root
150202 21:01:17 16879 Xrd: XrdClientMessage::ReadRaw: Failed to read header (8 bytes).
150202 21:01:48 7744 Xrd: XrdClientMessage::ReadRaw: Failed to read header (8 bytes).
02-Feb-2015 21:05:51 GMT  Closed file root://xrootd.unl.edu//store/group/dpg_trigger/comm_trigger/L1TrackTrigger/620_SLHC10/Extended2023TTI/MinBias/MinBias_TuneZ2star_GEN_SIM_401.root
02-Feb-2015 21:05:51 GMT  Initiating request to open file root://xrootd.unl.edu//store/group/dpg_trigger/comm_trigger/L1TrackTrigger/620_SLHC10/Extended2023TTI/MinBias/MinBias_TuneZ2star_GEN_SIM_702.root
150202 21:11:05 17033 Xrd: CheckErrorStatus: Server [cms-xrd-global.cern.ch:1094] declared: session not found(error code: 3011)
150202 21:11:05 17033 Xrd: CheckErrorStatus: Server [xrootd.ba.infn.it:1094] declared: session not found(error code: 3011)
02-Feb-2015 21:11:05 GMT  Successfully opened file root://xrootd.unl.edu//store/group/dpg_trigger/comm_trigger/L1TrackTrigger/620_SLHC10/Extended2023TTI/MinBias/MinBias_TuneZ2star_GEN_SIM_702.root
150202 21:15:54 7746 Xrd: XrdClientMessage::ReadRaw: Failed to read header (8 bytes).
150202 21:16:17 22466 Xrd: XrdClientMessage::ReadRaw: Failed to read header (8 bytes).
150202 21:16:47 7743 Xrd: XrdClientMessage::ReadRaw: Failed to read header (8 bytes).
02-Feb-2015 21:20:49 GMT  Closed file root://xrootd.unl.edu//store/group/dpg_trigger/comm_trigger/L1TrackTrigger/620_SLHC10/Extended2023TTI/MinBias/MinBias_TuneZ2star_GEN_SIM_702.root
02-Feb-2015 21:20:49 GMT  Initiating request to open file root://xrootd.unl.edu//store/group/dpg_trigger/comm_trigger/L1TrackTrigger/620_SLHC10/Extended2023TTI/MinBias/MinBias_TuneZ2star_GEN_SIM_723.root
150202 21:21:20 30655 Xrd: CheckErrorStatus: Server [cms-xrd-global.cern.ch:1094] declared: session not found(error code: 3011)
150202 21:21:20 30655 Xrd: CheckErrorStatus: Server [llrxrd-redir.in2p3.fr:1094] declared: session not found(error code: 3011)
02-Feb-2015 21:21:20 GMT  Successfully opened file root://xrootd.unl.edu//store/group/dpg_trigger/comm_trigger/L1TrackTrigger/620_SLHC10/Extended2023TTI/MinBias/MinBias_TuneZ2star_GEN_SIM_723.root
150202 21:26:17 22467 Xrd: XrdClientMessage::ReadRaw: Failed to read header (8 bytes).
150202 21:26:47 31399 Xrd: XrdClientMessage::ReadRaw: Failed to read header (8 bytes).
02-Feb-2015 21:30:08 GMT  Closed file root://xrootd.unl.edu//store/group/dpg_trigger/comm_trigger/L1TrackTrigger/620_SLHC10/Extended2023TTI/MinBias/MinBias_TuneZ2star_GEN_SIM_723.root
02-Feb-2015 21:30:08 GMT  Initiating request to open file root://xrootd.unl.edu//store/group/dpg_trigger/comm_trigger/L1TrackTrigger/620_SLHC10/Extended2023TTI/MinBias/MinBias_TuneZ2star_GEN_SIM_705.root
150202 21:30:08 8741 Xrd: CheckErrorStatus: Server [llrxrd-redir.in2p3.fr:1094] declared: session not found(error code: 3011)
02-Feb-2015 21:30:09 GMT  Successfully opened file root://xrootd.unl.edu//store/group/dpg_trigger/comm_trigger/L1TrackTrigger/620_SLHC10/Extended2023TTI/MinBias/MinBias_TuneZ2star_GEN_SIM_705.root
150202 21:31:18 22463 Xrd: XrdClientMessage::ReadRaw: Failed to read header (8 bytes).
150202 21:35:17 31400 Xrd: XrdClientMessage::ReadRaw: Failed to read header (8 bytes).
150202 21:35:18 8748 Xrd: XrdClientMessage::ReadRaw: Failed to read header (8 bytes).
02-Feb-2015 21:39:40 GMT  Closed file root://xrootd.unl.edu//store/group/dpg_trigger/comm_trigger/L1TrackTrigger/620_SLHC10/Extended2023TTI/MinBias/MinBias_TuneZ2star_GEN_SIM_705.root
02-Feb-2015 21:39:40 GMT  Initiating request to open file root://xrootd.unl.edu//store/group/dpg_trigger/comm_trigger/L1TrackTrigger/620_SLHC10/Extended2023TTI/MinBias/MinBias_TuneZ2star_GEN_SIM_563.root
150202 21:40:11 22752 Xrd: CheckErrorStatus: Server [llrxrd-redir.in2p3.fr:1094] declared: session not found(error code: 3011)
02-Feb-2015 21:40:11 GMT  Successfully opened file root://xrootd.unl.edu//store/group/dpg_trigger/comm_trigger/L1TrackTrigger/620_SLHC10/Extended2023TTI/MinBias/MinBias_TuneZ2star_GEN_SIM_563.root
150202 21:44:47 8756 Xrd: XrdClientMessage::ReadRaw: Failed to read header (8 bytes).
150202 21:45:17 24232 Xrd: XrdClientMessage::ReadRaw: Failed to read header (8 bytes).
02-Feb-2015 21:49:30 GMT  Closed file root://xrootd.unl.edu//store/group/dpg_trigger/comm_trigger/L1TrackTrigger/620_SLHC10/Extended2023TTI/MinBias/MinBias_TuneZ2star_GEN_SIM_563.root
02-Feb-2015 21:49:30 GMT  Initiating request to open file root://xrootd.unl.edu//store/group/dpg_trigger/comm_trigger/L1TrackTrigger/620_SLHC10/Extended2023TTI/MinBias/MinBias_TuneZ2star_GEN_SIM_334.root
150202 21:50:01 363 Xrd: CheckErrorStatus: Server [cms-xrd-global.cern.ch:1094] declared: session not found(error code: 3011)
150202 21:50:01 363 Xrd: CheckErrorStatus: Server [xrootd-redic.pi.infn.it:1094] declared: session not found(error code: 3011)
02-Feb-2015 21:50:02 GMT  Successfully opened file root://xrootd.unl.edu//store/group/dpg_trigger/comm_trigger/L1TrackTrigger/620_SLHC10/Extended2023TTI/MinBias/MinBias_TuneZ2star_GEN_SIM_334.root
150202 21:54:48 24236 Xrd: XrdClientMessage::ReadRaw: Failed to read header (8 bytes).
150202 21:55:17 815 Xrd: XrdClientMessage::ReadRaw: Failed to read header (8 bytes).
150202 22:00:17 31398 Xrd: XrdClientMessage::ReadRaw: Failed to read header (8 bytes).
02-Feb-2015 22:03:39 GMT  Closed file root://xrootd.unl.edu//store/group/dpg_trigger/comm_trigger/L1TrackTrigger/620_SLHC10/Extended2023TTI/MinBias/MinBias_TuneZ2star_GEN_SIM_334.root
02-Feb-2015 22:03:39 GMT  Initiating request to open file root://xrootd.unl.edu//store/group/dpg_trigger/comm_trigger/L1TrackTrigger/620_SLHC10/Extended2023TTI/MinBias/MinBias_TuneZ2star_GEN_SIM_248.root
150202 22:08:47 816 Xrd: XrdClientMessage::ReadRaw: Failed to read header (8 bytes).
150202 22:10:17 7742 Xrd: XrdClientMessage::ReadRaw: Failed to read header (8 bytes).
150202 22:10:17 810 Xrd: XrdClientMessage::ReadRaw: Failed to read header (8 bytes).
150202 22:10:17 7745 Xrd: XrdClientMessage::ReadRaw: Failed to read header (8 bytes).
150202 22:10:45 15922 Xrd: CheckErrorStatus: Server [xrootd.unl.edu:1094] declared: session not found(error code: 3011)
150202 22:10:45 15922 Xrd: CheckErrorStatus: Server [cms-xrd-global.cern.ch:1094] declared: session not found(error code: 3011)
150202 22:10:45 15922 Xrd: CheckErrorStatus: Server [xrootd-redic.pi.infn.it:1094] declared: session not found(error code: 3011)
150202 22:10:46 15922 Xrd: CheckErrorStatus: Server [lxbrf39c03.cern.ch:1098] declared: session not found(error code: 3011)
02-Feb-2015 22:10:46 GMT  Successfully opened file root://xrootd.unl.edu//store/group/dpg_trigger/comm_trigger/L1TrackTrigger/620_SLHC10/Extended2023TTI/MinBias/MinBias_TuneZ2star_GEN_SIM_248.root
150202 22:15:47 20102 Xrd: XrdClientMessage::ReadRaw: Failed to read header (8 bytes).
02-Feb-2015 22:16:40 GMT  Closed file root://xrootd.unl.edu//store/group/dpg_trigger/comm_trigger/L1TrackTrigger/620_SLHC10/Extended2023TTI/MinBias/MinBias_TuneZ2star_GEN_SIM_248.root
02-Feb-2015 22:16:40 GMT  Initiating request to open file root://xrootd.unl.edu//store/group/dpg_trigger/comm_trigger/L1TrackTrigger/620_SLHC10/Extended2023TTI/MinBias/MinBias_TuneZ2star_GEN_SIM_388.root
150202 22:21:47 20104 Xrd: XrdClientMessage::ReadRaw: Failed to read header (8 bytes).
150202 22:24:43 29251 Xrd: CheckErrorStatus: Server [xrootd-redic.pi.infn.it:1094] declared: session not found(error code: 3011)
02-Feb-2015 22:24:43 GMT  Successfully opened file root://xrootd.unl.edu//store/group/dpg_trigger/comm_trigger/L1TrackTrigger/620_SLHC10/Extended2023TTI/MinBias/MinBias_TuneZ2star_GEN_SIM_388.root
150202 22:29:47 6851 Xrd: XrdClientMessage::ReadRaw: Failed to read header (8 bytes).
02-Feb-2015 22:29:53 GMT  Closed file root://xrootd.unl.edu//store/group/dpg_trigger/comm_trigger/L1TrackTrigger/620_SLHC10/Extended2023TTI/MinBias/MinBias_TuneZ2star_GEN_SIM_388.root
02-Feb-2015 22:29:53 GMT  Initiating request to open file root://xrootd.unl.edu//store/group/dpg_trigger/comm_trigger/L1TrackTrigger/620_SLHC10/Extended2023TTI/MinBias/MinBias_TuneZ2star_GEN_SIM_655.root
150202 22:30:24 15316 Xrd: CheckErrorStatus: Server [cms-xrd-global.cern.ch:1094] declared: session not found(error code: 3011)
150202 22:30:25 15316 Xrd: CheckErrorStatus: Server [llrxrd-redir.in2p3.fr:1094] declared: session not found(error code: 3011)
02-Feb-2015 22:30:25 GMT  Successfully opened file root://xrootd.unl.edu//store/group/dpg_trigger/comm_trigger/L1TrackTrigger/620_SLHC10/Extended2023TTI/MinBias/MinBias_TuneZ2star_GEN_SIM_655.root
150202 22:35:17 6852 Xrd: XrdClientMessage::ReadRaw: Failed to read header (8 bytes).
02-Feb-2015 22:35:28 GMT  Closed file root://xrootd.unl.edu//store/group/dpg_trigger/comm_trigger/L1TrackTrigger/620_SLHC10/Extended2023TTI/MinBias/MinBias_TuneZ2star_GEN_SIM_655.root
02-Feb-2015 22:35:28 GMT  Initiating request to open file root://xrootd.unl.edu//store/group/dpg_trigger/comm_trigger/L1TrackTrigger/620_SLHC10/Extended2023TTI/MinBias/MinBias_TuneZ2star_GEN_SIM_405.root
150202 22:35:28 15678 Xrd: XrdClientMessage::ReadRaw: Failed to read header (8 bytes).
150202 22:35:59 19082 Xrd: CheckErrorStatus: Server [xrootd-redic.pi.infn.it:1094] declared: session not found(error code: 3011)
02-Feb-2015 22:35:59 GMT  Successfully opened file root://xrootd.unl.edu//store/group/dpg_trigger/comm_trigger/L1TrackTrigger/620_SLHC10/Extended2023TTI/MinBias/MinBias_TuneZ2star_GEN_SIM_405.root
02-Feb-2015 22:40:20 GMT  Closed file root://xrootd.unl.edu//store/group/dpg_trigger/comm_trigger/L1TrackTrigger/620_SLHC10/Extended2023TTI/MinBias/MinBias_TuneZ2star_GEN_SIM_405.root
02-Feb-2015 22:40:20 GMT  Initiating request to open file root://xrootd.unl.edu//store/group/dpg_trigger/comm_trigger/L1TrackTrigger/620_SLHC10/Extended2023TTI/MinBias/MinBias_TuneZ2star_GEN_SIM_911.root
150202 22:40:48 15679 Xrd: XrdClientMessage::ReadRaw: Failed to read header (8 bytes).
02-Feb-2015 22:40:51 GMT  Successfully opened file root://xrootd.unl.edu//store/group/dpg_trigger/comm_trigger/L1TrackTrigger/620_SLHC10/Extended2023TTI/MinBias/MinBias_TuneZ2star_GEN_SIM_911.root
02-Feb-2015 22:44:54 GMT  Closed file root://xrootd.unl.edu//store/group/dpg_trigger/comm_trigger/L1TrackTrigger/620_SLHC10/Extended2023TTI/MinBias/MinBias_TuneZ2star_GEN_SIM_911.root
02-Feb-2015 22:44:54 GMT  Initiating request to open file root://xrootd.unl.edu//store/group/dpg_trigger/comm_trigger/L1TrackTrigger/620_SLHC10/Extended2023TTI/MinBias/MinBias_TuneZ2star_GEN_SIM_200.root
150202 22:45:25 23912 Xrd: CheckErrorStatus: Server [cms-xrd-global.cern.ch:1094] declared: session not found(error code: 3011)
02-Feb-2015 22:45:25 GMT  Successfully opened file root://xrootd.unl.edu//store/group/dpg_trigger/comm_trigger/L1TrackTrigger/620_SLHC10/Extended2023TTI/MinBias/MinBias_TuneZ2star_GEN_SIM_200.root
02-Feb-2015 22:49:24 GMT  Closed file root://xrootd.unl.edu//store/group/dpg_trigger/comm_trigger/L1TrackTrigger/620_SLHC10/Extended2023TTI/MinBias/MinBias_TuneZ2star_GEN_SIM_200.root
02-Feb-2015 22:49:24 GMT  Initiating request to open file root://xrootd.unl.edu//store/group/dpg_trigger/comm_trigger/L1TrackTrigger/620_SLHC10/Extended2023TTI/MinBias/MinBias_TuneZ2star_GEN_SIM_386.root
02-Feb-2015 22:49:55 GMT  Successfully opened file root://xrootd.unl.edu//store/group/dpg_trigger/comm_trigger/L1TrackTrigger/620_SLHC10/Extended2023TTI/MinBias/MinBias_TuneZ2star_GEN_SIM_386.root
150202 22:50:17 21909 Xrd: XrdClientMessage::ReadRaw: Failed to read header (8 bytes).
150202 22:50:23 19200 Xrd: XrdClientMessage::ReadRaw: Failed to read header (8 bytes).
02-Feb-2015 22:53:22 GMT  Closed file root://xrootd.unl.edu//store/group/dpg_trigger/comm_trigger/L1TrackTrigger/620_SLHC10/Extended2023TTI/MinBias/MinBias_TuneZ2star_GEN_SIM_386.root
02-Feb-2015 22:53:22 GMT  Initiating request to open file root://xrootd.unl.edu//store/group/dpg_trigger/comm_trigger/L1TrackTrigger/620_SLHC10/Extended2023TTI/MinBias/MinBias_TuneZ2star_GEN_SIM_990.root
150202 22:53:23 28245 Xrd: CheckErrorStatus: Server [eoscms.cern.ch:1094] declared: session not found(error code: 3011)
02-Feb-2015 22:53:23 GMT  Successfully opened file root://xrootd.unl.edu//store/group/dpg_trigger/comm_trigger/L1TrackTrigger/620_SLHC10/Extended2023TTI/MinBias/MinBias_TuneZ2star_GEN_SIM_990.root
150202 22:54:47 24032 Xrd: XrdClientMessage::ReadRaw: Failed to read header (8 bytes).
02-Feb-2015 22:56:42 GMT  Closed file root://xrootd.unl.edu//store/group/dpg_trigger/comm_trigger/L1TrackTrigger/620_SLHC10/Extended2023TTI/MinBias/MinBias_TuneZ2star_GEN_SIM_990.root
02-Feb-2015 22:56:42 GMT  Initiating request to open file root://xrootd.unl.edu//store/group/dpg_trigger/comm_trigger/L1TrackTrigger/620_SLHC10/Extended2023TTI/MinBias/MinBias_TuneZ2star_GEN_SIM_144.root
02-Feb-2015 22:57:13 GMT  Successfully opened file root://xrootd.unl.edu//store/group/dpg_trigger/comm_trigger/L1TrackTrigger/620_SLHC10/Extended2023TTI/MinBias/MinBias_TuneZ2star_GEN_SIM_144.root
150202 22:58:47 26653 Xrd: XrdClientMessage::ReadRaw: Failed to read header (8 bytes).
02-Feb-2015 22:59:44 GMT  Closed file root://xrootd.unl.edu//store/group/dpg_trigger/comm_trigger/L1TrackTrigger/620_SLHC10/Extended2023TTI/MinBias/MinBias_TuneZ2star_GEN_SIM_144.root
02-Feb-2015 22:59:44 GMT  Initiating request to open file root://xrootd.unl.edu//store/group/dpg_trigger/comm_trigger/L1TrackTrigger/620_SLHC10/Extended2023TTI/MinBias/MinBias_TuneZ2star_GEN_SIM_292.root
02-Feb-2015 23:00:15 GMT  Successfully opened file root://xrootd.unl.edu//store/group/dpg_trigger/comm_trigger/L1TrackTrigger/620_SLHC10/Extended2023TTI/MinBias/MinBias_TuneZ2star_GEN_SIM_292.root
150202 23:01:17 20101 Xrd: XrdClientMessage::ReadRaw: Failed to read header (8 bytes).
150202 23:01:48 28246 Xrd: XrdClientMessage::ReadRaw: Failed to read header (8 bytes).
02-Feb-2015 23:04:12 GMT  Closed file root://xrootd.unl.edu//store/group/dpg_trigger/comm_trigger/L1TrackTrigger/620_SLHC10/Extended2023TTI/MinBias/MinBias_TuneZ2star_GEN_SIM_292.root
02-Feb-2015 23:04:12 GMT  Initiating request to open file root://xrootd.unl.edu//store/group/dpg_trigger/comm_trigger/L1TrackTrigger/620_SLHC10/Extended2023TTI/MinBias/MinBias_TuneZ2star_GEN_SIM_849.root
150202 23:04:43 798 Xrd: CheckErrorStatus: Server [cms-xrd-global.cern.ch:1094] declared: session not found(error code: 3011)
02-Feb-2015 23:04:44 GMT  Successfully opened file root://xrootd.unl.edu//store/group/dpg_trigger/comm_trigger/L1TrackTrigger/620_SLHC10/Extended2023TTI/MinBias/MinBias_TuneZ2star_GEN_SIM_849.root
150202 23:04:48 30220 Xrd: XrdClientMessage::ReadRaw: Failed to read header (8 bytes).
150202 23:09:18 31760 Xrd: XrdClientMessage::ReadRaw: Failed to read header (8 bytes).
02-Feb-2015 23:09:21 GMT  Closed file root://xrootd.unl.edu//store/group/dpg_trigger/comm_trigger/L1TrackTrigger/620_SLHC10/Extended2023TTI/MinBias/MinBias_TuneZ2star_GEN_SIM_849.root
02-Feb-2015 23:09:21 GMT  Initiating request to open file root://xrootd.unl.edu//store/group/dpg_trigger/comm_trigger/L1TrackTrigger/620_SLHC10/Extended2023TTI/MinBias/MinBias_TuneZ2star_GEN_SIM_220.root
150202 23:09:47 19199 Xrd: XrdClientMessage::ReadRaw: Failed to read header (8 bytes).
150202 23:09:52 9079 Xrd: CheckErrorStatus: Server [xrootd-redic.pi.infn.it:1094] declared: session not found(error code: 3011)
02-Feb-2015 23:09:53 GMT  Successfully opened file root://xrootd.unl.edu//store/group/dpg_trigger/comm_trigger/L1TrackTrigger/620_SLHC10/Extended2023TTI/MinBias/MinBias_TuneZ2star_GEN_SIM_220.root
02-Feb-2015 23:12:42 GMT  Closed file root://xrootd.unl.edu//store/group/dpg_trigger/comm_trigger/L1TrackTrigger/620_SLHC10/Extended2023TTI/MinBias/MinBias_TuneZ2star_GEN_SIM_220.root
02-Feb-2015 23:12:42 GMT  Initiating request to open file root://xrootd.unl.edu//store/group/dpg_trigger/comm_trigger/L1TrackTrigger/620_SLHC10/Extended2023TTI/MinBias/MinBias_TuneZ2star_GEN_SIM_50.root
150202 23:13:13 10542 Xrd: CheckErrorStatus: Server [eoscms.cern.ch:1094] declared: session not found(error code: 3011)
02-Feb-2015 23:13:13 GMT  Successfully opened file root://xrootd.unl.edu//store/group/dpg_trigger/comm_trigger/L1TrackTrigger/620_SLHC10/Extended2023TTI/MinBias/MinBias_TuneZ2star_GEN_SIM_50.root
150202 23:13:48 24031 Xrd: XrdClientMessage::ReadRaw: Failed to read header (8 bytes).
150202 23:14:47 1051 Xrd: XrdClientMessage::ReadRaw: Failed to read header (8 bytes).
02-Feb-2015 23:14:49 GMT  Closed file root://dcap.pp.rl.ac.uk:1094/pnfs/pp.rl.ac.uk/data/cms/store/user/dcieri/ttbar_SIM/ttbar/ttbar_SIM/150129_145223/0000/step1_342.root
02-Feb-2015 23:14:50 GMT  Closed file root://xrootd.unl.edu//store/group/dpg_trigger/comm_trigger/L1TrackTrigger/620_SLHC10/Extended2023TTI/MinBias/MinBias_TuneZ2star_GEN_SIM_50.root

=============================================

MessageLogger Summary

 type     category        sev    module        subroutine        count    total
 ---- -------------------- -- ---------------- ----------------  -----    -----
    1 fileAction           -s MixingModule:mix                      69       69
    2 fileAction           -s MixingModule:mix                       2        2
    3 fileAction           -s MixingModule:mix                       1        1
    4 fileAction           -s file_close                             1        1
    5 fileAction           -s file_open                              2        2

 type    category    Examples: run/evt        run/evt          run/evt
 ---- -------------------- ---------------- ---------------- ----------------
    1 fileAction           1/3411           1/3411           1/3420
    2 fileAction           pre-events       pre-events       
    3 fileAction           PostEndRun                        
    4 fileAction           PostEndRun                        
    5 fileAction           pre-events       pre-events       

Severity    # Occurrences   Total Occurrences
--------    -------------   -----------------
System                 75                  75
>>> END OF printout of 236 lines from stdout+stderr
>>> Parse FrameworkJobReport crab_fjr.xml
Result of parsing the FrameworkJobReport crab_fjr.xml: 
Extracted ExitStatus from FrameworkJobReport parsing output: 0
>>> Executable succeded  0
ExeExitCode=0
EXECUTABLE_EXIT_STATUS = 0
>>> current directory /scratch/condor/dir_20606/glide_jvSjIQ/execute/dir_1315/CMSSW_6_2_0_SLHC12
>>>  (SOFTWARE_DIR): /scratch/condor/dir_20606/glide_jvSjIQ/execute/dir_1315/CMSSW_6_2_0_SLHC12
>>> (WORKING_DIR): 
>>> current directory content:
total 251340
drwxr-xr-x 3 cms415 gplcms      4096 Feb  2 20:00 .SCRAM
-rw------- 1 cms415 gplcms    915837 Feb  2 20:00 CMSSW.py.pkl
drwxr-xr-x 3 cms415 gplcms      4096 Feb  2 20:00 bin
drwxr-xr-x 3 cms415 gplcms      4096 Feb  2 20:00 cfipython
drwxr-xr-x 4 cms415 gplcms      4096 Apr 28  2014 config
-rw------- 1 cms415 gplcms        18 Feb  2 23:14 cpu_timing.txt
drwxr-xr-x 2 cms415 gplcms      4096 Feb  2 20:00 doc
-rw------- 1 cms415 gplcms     26428 Feb  2 23:14 executable.out
drwxr-xr-x 2 cms415 gplcms      4096 Feb  2 20:00 include
drwx------ 3 cms415 gplcms      4096 Oct  7 10:12 lib
drwxr-xr-x 3 cms415 gplcms      4096 Feb  2 20:00 logs
drwxr-xr-x 3 cms415 gplcms      4096 Feb  2 20:00 objs
-rw------- 1 cms415 gplcms       104 Feb  2 20:00 pset.py
-rw------- 1 cms415 gplcms    926825 Feb  2 20:00 pset.py.pkl
-rw------- 1 cms415 gplcms       289 Feb  2 20:00 pset.pyc
drwxr-xr-x 2 cms415 gplcms      4096 Feb  2 20:00 python
-rw------- 1 cms415 gplcms       359 Feb  2 23:14 report.log
drwxr-xr-x 2 cms415 gplcms      4096 Feb  2 20:00 src
-rw------- 1 cms415 gplcms 255163956 Feb  2 23:14 step2.root
drwxr-xr-x 3 cms415 gplcms      4096 Feb  2 20:00 test
drwxr-xr-x 3 cms415 gplcms      4096 Feb  2 20:00 tmp
>>> current directory /scratch/condor/dir_20606/glide_jvSjIQ/execute/dir_1315/CMSSW_6_2_0_SLHC12
>>> (SOFTWARE_DIR): /scratch/condor/dir_20606/glide_jvSjIQ/execute/dir_1315/CMSSW_6_2_0_SLHC12
>>> (WORKING_DIR): 
>>> current directory content:
total 251340
drwxr-xr-x 3 cms415 gplcms      4096 Feb  2 20:00 .SCRAM
-rw------- 1 cms415 gplcms    915837 Feb  2 20:00 CMSSW.py.pkl
drwxr-xr-x 3 cms415 gplcms      4096 Feb  2 20:00 bin
drwxr-xr-x 3 cms415 gplcms      4096 Feb  2 20:00 cfipython
drwxr-xr-x 4 cms415 gplcms      4096 Apr 28  2014 config
-rw------- 1 cms415 gplcms        18 Feb  2 23:14 cpu_timing.txt
drwxr-xr-x 2 cms415 gplcms      4096 Feb  2 20:00 doc
-rw------- 1 cms415 gplcms     26428 Feb  2 23:14 executable.out
drwxr-xr-x 2 cms415 gplcms      4096 Feb  2 20:00 include
drwx------ 3 cms415 gplcms      4096 Oct  7 10:12 lib
drwxr-xr-x 3 cms415 gplcms      4096 Feb  2 20:00 logs
drwxr-xr-x 3 cms415 gplcms      4096 Feb  2 20:00 objs
-rw------- 1 cms415 gplcms       104 Feb  2 20:00 pset.py
-rw------- 1 cms415 gplcms    926825 Feb  2 20:00 pset.py.pkl
-rw------- 1 cms415 gplcms       289 Feb  2 20:00 pset.pyc
drwxr-xr-x 2 cms415 gplcms      4096 Feb  2 20:00 python
-rw------- 1 cms415 gplcms       359 Feb  2 23:14 report.log
drwxr-xr-x 2 cms415 gplcms      4096 Feb  2 20:00 src
-rw------- 1 cms415 gplcms 255163956 Feb  2 23:14 step2_133_1_kz7.root
drwxr-xr-x 3 cms415 gplcms      4096 Feb  2 20:00 test
drwxr-xr-x 3 cms415 gplcms      4096 Feb  2 20:00 tmp
>>> current directory (RUNTIME_AREA):  /scratch/condor/dir_20606/glide_jvSjIQ/execute/dir_1315
PNN = T2_UK_SGrid_RALPP
SE = heplnx204.pp.rl.ac.uk
SE_PATH = /srm/managerv2?SFN=/pnfs/pp.rl.ac.uk/data/cms/store/user/dcieri/ttbar_PU140_DIGI/dcieri/ttbar/ttbar_PU140_DIGI/3c0380cf82de79bc39966c93934c61fc/
LFNBaseName = /store/user/dcieri/ttbar_PU140_DIGI/dcieri/ttbar/ttbar_PU140_DIGI/3c0380cf82de79bc39966c93934c61fc/
USER = dcieri
endpoint = srm://heplnx204.pp.rl.ac.uk:8443/srm/managerv2?SFN=/pnfs/pp.rl.ac.uk/data/cms/store/user/dcieri/ttbar_PU140_DIGI/dcieri/ttbar/ttbar_PU140_DIGI/3c0380cf82de79bc39966c93934c61fc/
>>> Copy output files from WN = heplnc005.pp.rl.ac.uk to /srm/managerv2?SFN=/pnfs/pp.rl.ac.uk/data/cms/store/user/dcieri/ttbar_PU140_DIGI/dcieri/ttbar/ttbar_PU140_DIGI/3c0380cf82de79bc39966c93934c61fc/ :
python cmscp.py  --destination srm://heplnx204.pp.rl.ac.uk:8443/srm/managerv2?SFN=/pnfs/pp.rl.ac.uk/data/cms/store/user/dcieri/ttbar_PU140_DIGI/dcieri/ttbar/ttbar_PU140_DIGI/3c0380cf82de79bc39966c93934c61fc/ --inputFileList /scratch/condor/dir_20606/glide_jvSjIQ/execute/dir_1315/CMSSW_6_2_0_SLHC12/step2_133_1_kz7.root --middleware LCG --PNN T2_UK_SGrid_RALPP --se_name heplnx204.pp.rl.ac.uk --for_lfn /store/user/dcieri/ttbar_PU140_DIGI/dcieri/ttbar/ttbar_PU140_DIGI/3c0380cf82de79bc39966c93934c61fc/    
******************************************************
localSeName  =  heplnx204.pp.rl.ac.uk
remoteSeName =  heplnx204.pp.rl.ac.uk
******************************************************
{"/scratch/condor/dir_20606/glide_jvSjIQ/execute/dir_1315/CMSSW_6_2_0_SLHC12/step2_133_1_kz7.root": {"endpoint": "srm://heplnx204.pp.rl.ac.uk:8443/srm/managerv2?SFN=/pnfs/pp.rl.ac.uk/data/cms/store/user/dcieri/ttbar_PU140_DIGI/dcieri/ttbar/ttbar_PU140_DIGI/3c0380cf82de79bc39966c93934c61fc/", "surl_for_grid": "", "reason": "Copy succedeed with srm-lcg utils", "erCode": "0", "PNN": "T2_UK_SGrid_RALPP", "se_name": "heplnx204.pp.rl.ac.uk", "for_lfn": "/store/user/dcieri/ttbar_PU140_DIGI/dcieri/ttbar/ttbar_PU140_DIGI/3c0380cf82de79bc39966c93934c61fc/"}}/scratch/condor/dir_20606/glide_jvSjIQ/execute/dir_1315
-------- cat /scratch/condor/dir_20606/glide_jvSjIQ/execute/dir_1315/cmscpReport.sh 
#!/bin/bash
echo "Report for File: /scratch/condor/dir_20606/glide_jvSjIQ/execute/dir_1315/CMSSW_6_2_0_SLHC12/step2_133_1_kz7.root"
echo "LFN: /store/user/dcieri/ttbar_PU140_DIGI/dcieri/ttbar/ttbar_PU140_DIGI/3c0380cf82de79bc39966c93934c61fc/step2_133_1_kz7.root"
echo "StorageElement: heplnx204.pp.rl.ac.uk"
echo "StageOutExitStatusReason = 'Copy succedeed with srm-lcg utils'" | tee -a $RUNTIME_AREA/$repo
echo "StageOutSE = heplnx204.pp.rl.ac.uk" >> $RUNTIME_AREA/$repo

export StageOutExitStatus=0
echo "StageOutExitStatus = 0" | tee -a $RUNTIME_AREA/$repo
-------- end of /scratch/condor/dir_20606/glide_jvSjIQ/execute/dir_1315/cmscpReport.sh 
Report for File: /scratch/condor/dir_20606/glide_jvSjIQ/execute/dir_1315/CMSSW_6_2_0_SLHC12/step2_133_1_kz7.root
LFN: /store/user/dcieri/ttbar_PU140_DIGI/dcieri/ttbar/ttbar_PU140_DIGI/3c0380cf82de79bc39966c93934c61fc/step2_133_1_kz7.root
StorageElement: heplnx204.pp.rl.ac.uk
StageOutExitStatusReason = 'Copy succedeed with srm-lcg utils'
StageOutExitStatus = 0
>>> current dir: /scratch/condor/dir_20606/glide_jvSjIQ/execute/dir_1315
>>> current dir content:
total 8832
-rw-------  1 cms415 gplcms    2729 Feb  2 23:15 .SEinteraction.log
-rwx------  1 cms415 gplcms      51 Feb  2 19:58 .chirp_config
-rwx------  1 cms415 gplcms    7815 Feb  2 19:58 .job.ad
-rwx------  1 cms415 gplcms    9767 Feb  2 19:58 .machine.ad
-rw-------  1 cms415 gplcms     105 Feb  2 12:16 CMSSW.py
-rw-------  1 cms415 gplcms  915837 Feb  2 12:16 CMSSW.py.pkl
-rwx------  1 cms415 gplcms   29498 Feb  2 19:59 CMSSW.sh
drwxr-xr-x 15 cms415 gplcms    4096 Feb  2 23:14 CMSSW_6_2_0_SLHC12
-rw-------  1 cms415 gplcms     189 Feb  2 19:59 CacheEnv.sh
-rw-------  1 cms415 gplcms    7291 Nov 19 14:52 DashboardAPI.py
-rw-------  1 cms415 gplcms    6455 Feb  2 20:00 DashboardAPI.pyc
drwx------  2 cms415 gplcms    4096 Feb  2 23:14 IMProv
-rw-------  1 cms415 gplcms    2748 Nov 19 14:52 Logger.py
-rw-------  1 cms415 gplcms    3227 Feb  2 20:00 Logger.pyc
-rw-------  1 cms415 gplcms   24524 Nov 19 14:52 ProcInfo.py
-rw-------  1 cms415 gplcms   22621 Feb  2 20:00 ProcInfo.pyc
drwx------  7 cms415 gplcms    4096 Feb  2 20:00 ProdCommon
drwx------  3 cms415 gplcms    4096 Feb  2 19:59 WMCore
-rw-------  1 cms415 gplcms   14304 Feb  2 23:15 Watchdog_133.log
-rwx------  1 cms415 gplcms       0 Feb  2 19:59 _condor_stderr
-rwx---r--  1 cms415 gplcms   41171 Feb  2 23:15 _condor_stdout
-rw-------  1 cms415 gplcms   32895 Nov 19 14:52 apmon.py
-rw-------  1 cms415 gplcms   27929 Feb  2 20:00 apmon.pyc
-rwx------  1 cms415 gplcms  134309 Feb  2 19:59 arguments.xml
-rwx------  1 cms415 gplcms   38581 Nov 19 14:52 cmscp.py
-rw-------  1 cms415 gplcms     561 Feb  2 23:15 cmscpReport.sh
-rwx------  1 cms415 gplcms   29498 Feb  2 19:59 condor_exec.exe
-rw-------  1 cms415 gplcms     544 Feb  2 12:16 crab.cfg
-rwx------  1 cms415 gplcms    8610 Nov 19 14:52 crabWatchdog.sh
-rwx---r--  1 cms415 gplcms  112085 Feb  2 23:14 crab_fjr_133.xml
-rwx------  1 cms415 gplcms 7390485 Feb  2 19:59 default.tgz
-rwx------  1 cms415 gplcms    4488 Nov 19 14:52 fillCrabFjr.py
-rw-------  1 cms415 gplcms     226 Feb  2 20:00 inputsReport.txt
-rw-------  1 cms415 gplcms     245 Feb  2 23:15 jobreport.txt
-rw-------  1 cms415 gplcms   17352 Nov 19 14:52 parseCrabFjr.py
-rw-------  1 cms415 gplcms     324 Feb  2 19:59 report.log
-rwx--x--x  1 cms415 gplcms    1497 Nov 19 14:52 report.py
-rw-------  1 cms415 gplcms     554 Feb  2 23:15 resultCopyFile
lrwxrwxrwx  1 cms415 gplcms      95 Feb  2 23:14 step2.root -> /scratch/condor/dir_20606/glide_jvSjIQ/execute/dir_1315/CMSSW_6_2_0_SLHC12/step2_133_1_kz7.root
-rwx------  1 cms415 gplcms    8351 Nov 19 14:52 writeCfg.py
-rw-------  1 cms415 gplcms   10293 Feb  2 19:58 x509up_u62281
>>> Modify Job Report:
CMSSW_VERSION = CMSSW_6_2_0_SLHC12
ProcessedDataset = ttbar_PU140_DIGI
/scratch/condor/dir_20606/glide_jvSjIQ/execute/dir_1315/ProdCommon/FwkJobRep/ModifyJobReport.py fjr /scratch/condor/dir_20606/glide_jvSjIQ/execute/dir_1315/crab_fjr_133.xml json /scratch/condor/dir_20606/glide_jvSjIQ/execute/dir_1315/resultCopyFile n_job 133_1_kz7 PrimaryDataset ttbar  ApplicationFamily cmsRun ApplicationName cmsRun cmssw_version CMSSW_6_2_0_SLHC12 psethash 3c0380cf82de79bc39966c93934c61fc UserProcessedDataset dcieri-ttbar_PU140_DIGI-3c0380cf82de79bc39966c93934c61fc
inputDict =  {u'/scratch/condor/dir_20606/glide_jvSjIQ/execute/dir_1315/CMSSW_6_2_0_SLHC12/step2_133_1_kz7.root': {u'endpoint': u'srm://heplnx204.pp.rl.ac.uk:8443/srm/managerv2?SFN=/pnfs/pp.rl.ac.uk/data/cms/store/user/dcieri/ttbar_PU140_DIGI/dcieri/ttbar/ttbar_PU140_DIGI/3c0380cf82de79bc39966c93934c61fc/', u'surl_for_grid': u'', u'reason': u'Copy succedeed with srm-lcg utils', u'erCode': u'0', u'PNN': u'T2_UK_SGrid_RALPP', u'se_name': u'heplnx204.pp.rl.ac.uk', u'for_lfn': u'/store/user/dcieri/ttbar_PU140_DIGI/dcieri/ttbar/ttbar_PU140_DIGI/3c0380cf82de79bc39966c93934c61fc/'}}
UserProcessedDataset =  dcieri-ttbar_PU140_DIGI-3c0380cf82de79bc39966c93934c61fc
WORKING ON EDM FILE
file_name in inputDict =  /scratch/condor/dir_20606/glide_jvSjIQ/execute/dir_1315/CMSSW_6_2_0_SLHC12/step2_133_1_kz7.root
(size) os.stat(filename)[6] =  255163956
checksum =  1311647129
    file =  step2_133_1_kz7.root
    newPfn =  srm://heplnx204.pp.rl.ac.uk:8443/srm/managerv2?SFN=/pnfs/pp.rl.ac.uk/data/cms/store/user/dcieri/ttbar_PU140_DIGI/dcieri/ttbar/ttbar_PU140_DIGI/3c0380cf82de79bc39966c93934c61fc/step2_133_1_kz7.root
    newLfn =  /store/user/dcieri/ttbar_PU140_DIGI/dcieri/ttbar/ttbar_PU140_DIGI/3c0380cf82de79bc39966c93934c61fc/step2_133_1_kz7.root
>>> crab_fjr_*.xml  permission set to 0704
CrabWrapper EXIT_FUNC entered at Mon Feb  2 23:15:46 GMT 2015   -  Mon Feb  2 23:15:46 UTC 2015
Checking output files:  
will tar file crab_fjr_133.xml in  out_files_133
WARNING: output file CMSSW_133.stdout not found!
WARNING: output file CMSSW_133.stderr not found!
WARNING: output file Watchdog_133.log.gz not found!
>>> padding time: Wrapper lasting more than 600 seconds. No sleep required.
STOPPING WATCHDOG. CrabWatchdog PID is 8821
********** LAST 50 LINES OF WATCHDOG LOG
 Feb 02 20:55:15 GMT	8953	1155556	1726980	76	213	3314	cmsRun -j /scratch/condor/dir_20606/glide_jvSjIQ/execute/dir_1315/crab_fjr_133.xml -p pset.py      
 Feb 02 20:57:16 GMT	8953	1237656	1737224	76	223	3434	cmsRun -j /scratch/condor/dir_20606/glide_jvSjIQ/execute/dir_1315/crab_fjr_133.xml -p pset.py      
 Feb 02 20:58:16 GMT	8953	1255268	1747208	76	227	3494	cmsRun -j /scratch/condor/dir_20606/glide_jvSjIQ/execute/dir_1315/crab_fjr_133.xml -p pset.py      
 Feb 02 20:59:16 GMT	8953	1257340	1749768	76	229	3555	cmsRun -j /scratch/condor/dir_20606/glide_jvSjIQ/execute/dir_1315/crab_fjr_133.xml -p pset.py      
 Feb 02 21:00:17 GMT	8953	1260244	1751816	76	232	3615	cmsRun -j /scratch/condor/dir_20606/glide_jvSjIQ/execute/dir_1315/crab_fjr_133.xml -p pset.py      
 Feb 02 21:01:17 GMT	8953	1260244	1754888	76	254	3675	cmsRun -j /scratch/condor/dir_20606/glide_jvSjIQ/execute/dir_1315/crab_fjr_133.xml -p pset.py      
 Feb 02 21:01:17 GMT	---	1260244	1754888	98	----	----	----
 Feb 02 21:17:21 GMT	8953	1260244	1758984	98	283	4639	cmsRun -j /scratch/condor/dir_20606/glide_jvSjIQ/execute/dir_1315/crab_fjr_133.xml -p pset.py      
 Feb 02 21:19:22 GMT	8953	1260244	1763848	98	290	4760	cmsRun -j /scratch/condor/dir_20606/glide_jvSjIQ/execute/dir_1315/crab_fjr_133.xml -p pset.py      
 Feb 02 21:20:22 GMT	8953	1260244	1765896	98	293	4820	cmsRun -j /scratch/condor/dir_20606/glide_jvSjIQ/execute/dir_1315/crab_fjr_133.xml -p pset.py      
 Feb 02 21:22:22 GMT	8953	1260244	1766920	98	300	4941	cmsRun -j /scratch/condor/dir_20606/glide_jvSjIQ/execute/dir_1315/crab_fjr_133.xml -p pset.py      
 Feb 02 21:23:23 GMT	8953	1260244	1779464	98	308	5001	cmsRun -j /scratch/condor/dir_20606/glide_jvSjIQ/execute/dir_1315/crab_fjr_133.xml -p pset.py      
# TIME			PID	RSS(KB)	VSZ(KB)	Dsk(MB)	tCPU(s)	tWALL(s)	COMMAND
 Feb 02 21:24:23 GMT	8953	1313168	1787400	98	317	5061	cmsRun -j /scratch/condor/dir_20606/glide_jvSjIQ/execute/dir_1315/crab_fjr_133.xml -p pset.py      
 Feb 02 21:25:23 GMT	8953	1315576	1789448	98	321	5121	cmsRun -j /scratch/condor/dir_20606/glide_jvSjIQ/execute/dir_1315/crab_fjr_133.xml -p pset.py      
 Feb 02 21:26:23 GMT	8953	1317676	1789448	98	325	5182	cmsRun -j /scratch/condor/dir_20606/glide_jvSjIQ/execute/dir_1315/crab_fjr_133.xml -p pset.py      
 Feb 02 21:27:24 GMT	8953	1320988	1789448	98	328	5242	cmsRun -j /scratch/condor/dir_20606/glide_jvSjIQ/execute/dir_1315/crab_fjr_133.xml -p pset.py      
 Feb 02 21:28:24 GMT	---	1320988	1789448	120	----	----	----
 Feb 02 21:45:29 GMT	8953	1346644	1789448	120	416	6327	cmsRun -j /scratch/condor/dir_20606/glide_jvSjIQ/execute/dir_1315/crab_fjr_133.xml -p pset.py      
 Feb 02 21:46:29 GMT	8953	1352328	1789960	120	420	6388	cmsRun -j /scratch/condor/dir_20606/glide_jvSjIQ/execute/dir_1315/crab_fjr_133.xml -p pset.py      
 Feb 02 21:47:30 GMT	8953	1355616	1789960	120	424	6448	cmsRun -j /scratch/condor/dir_20606/glide_jvSjIQ/execute/dir_1315/crab_fjr_133.xml -p pset.py      
 Feb 02 21:48:30 GMT	8953	1359048	1793032	120	428	6508	cmsRun -j /scratch/condor/dir_20606/glide_jvSjIQ/execute/dir_1315/crab_fjr_133.xml -p pset.py      
 Feb 02 21:49:30 GMT	---	1359048	1793032	146	----	----	----
 Feb 02 21:50:30 GMT	8953	1359048	1809416	146	454	6629	cmsRun -j /scratch/condor/dir_20606/glide_jvSjIQ/execute/dir_1315/crab_fjr_133.xml -p pset.py      
 Feb 02 21:51:31 GMT	8953	1359048	1829128	146	455	6689	cmsRun -j /scratch/condor/dir_20606/glide_jvSjIQ/execute/dir_1315/crab_fjr_133.xml -p pset.py      
 Feb 02 21:54:31 GMT	8953	1359048	1832968	146	459	6870	cmsRun -j /scratch/condor/dir_20606/glide_jvSjIQ/execute/dir_1315/crab_fjr_133.xml -p pset.py      
 Feb 02 22:11:36 GMT	8953	1359048	1837320	146	485	7894	cmsRun -j /scratch/condor/dir_20606/glide_jvSjIQ/execute/dir_1315/crab_fjr_133.xml -p pset.py      
 Feb 02 22:12:36 GMT	8953	1359048	1843720	146	490	7954	cmsRun -j /scratch/condor/dir_20606/glide_jvSjIQ/execute/dir_1315/crab_fjr_133.xml -p pset.py      
 Feb 02 22:14:37 GMT	8953	1359048	1849864	146	503	8075	cmsRun -j /scratch/condor/dir_20606/glide_jvSjIQ/execute/dir_1315/crab_fjr_133.xml -p pset.py      
 Feb 02 22:15:37 GMT	8953	1359048	1862152	146	516	8135	cmsRun -j /scratch/condor/dir_20606/glide_jvSjIQ/execute/dir_1315/crab_fjr_133.xml -p pset.py      
 Feb 02 22:25:40 GMT	8953	1485296	1903368	146	545	8738	cmsRun -j /scratch/condor/dir_20606/glide_jvSjIQ/execute/dir_1315/crab_fjr_133.xml -p pset.py      
 Feb 02 22:25:40 GMT	---	1485296	1903368	150	----	----	----
 Feb 02 22:26:40 GMT	---	1485296	1903368	166	----	----	----
 Feb 02 22:38:44 GMT	---	1485296	1903368	188	----	----	----
 Feb 02 22:48:48 GMT	---	1485296	1903368	211	----	----	----
 Feb 02 22:54:49 GMT	8953	1485296	1906696	211	864	10488	cmsRun -j /scratch/condor/dir_20606/glide_jvSjIQ/execute/dir_1315/crab_fjr_133.xml -p pset.py      
 Feb 02 22:55:50 GMT	8953	1485296	1930504	211	886	10548	cmsRun -j /scratch/condor/dir_20606/glide_jvSjIQ/execute/dir_1315/crab_fjr_133.xml -p pset.py      
 Feb 02 22:57:52 GMT	---	1485296	1930504	232	----	----	----
 Feb 02 23:00:55 GMT	8953	1485296	1935880	232	958	10853	cmsRun -j /scratch/condor/dir_20606/glide_jvSjIQ/execute/dir_1315/crab_fjr_133.xml -p pset.py      
 Feb 02 23:01:55 GMT	8953	1485296	1943048	232	970	10914	cmsRun -j /scratch/condor/dir_20606/glide_jvSjIQ/execute/dir_1315/crab_fjr_133.xml -p pset.py      
 Feb 02 23:02:56 GMT	8953	1485296	1955848	232	986	10974	cmsRun -j /scratch/condor/dir_20606/glide_jvSjIQ/execute/dir_1315/crab_fjr_133.xml -p pset.py      
 Feb 02 23:03:56 GMT	8953	1485296	1967368	232	1008	11034	cmsRun -j /scratch/condor/dir_20606/glide_jvSjIQ/execute/dir_1315/crab_fjr_133.xml -p pset.py      
 Feb 02 23:05:57 GMT	8953	1485296	1969160	232	1019	11155	cmsRun -j /scratch/condor/dir_20606/glide_jvSjIQ/execute/dir_1315/crab_fjr_133.xml -p pset.py      
# TIME			PID	RSS(KB)	VSZ(KB)	Dsk(MB)	tCPU(s)	tWALL(s)	COMMAND
 Feb 02 23:06:57 GMT	---	1485296	1969160	257	----	----	----
 Feb 02 23:08:02 GMT	8953	1485296	1974280	257	1057	11282	cmsRun -j /scratch/condor/dir_20606/glide_jvSjIQ/execute/dir_1315/crab_fjr_133.xml -p pset.py      
 Feb 02 23:11:05 GMT	8953	1485296	1975560	257	1084	11464	cmsRun -j /scratch/condor/dir_20606/glide_jvSjIQ/execute/dir_1315/crab_fjr_133.xml -p pset.py      
 Feb 02 23:12:06 GMT	8953	1485296	1986312	257	1100	11524	cmsRun -j /scratch/condor/dir_20606/glide_jvSjIQ/execute/dir_1315/crab_fjr_133.xml -p pset.py      
 Feb 02 23:14:07 GMT	8953	1485296	2014988	257	1139	11645	cmsRun -j /scratch/condor/dir_20606/glide_jvSjIQ/execute/dir_1315/crab_fjr_133.xml -p pset.py      
 Feb 02 23:15:07 GMT	---	1485296	2014988	281	----	----	----
********** WATCHDOG LOG ENDED
ZIPPING WATCHDOG LOG
Disk space used:
du -sh /scratch/condor/dir_20606/glide_jvSjIQ/execute/dir_1315
281M	/scratch/condor/dir_20606/glide_jvSjIQ/execute/dir_1315
Found unusual stdout, rename for OSB
`/scratch/condor/dir_20606/glide_jvSjIQ/execute/dir_1315/_condor_stdout' -> `CMSSW_133.stdout'
Found unusual stderr, rename for OSB
`/scratch/condor/dir_20606/glide_jvSjIQ/execute/dir_1315/_condor_stdout' -> `CMSSW_133.stderr'
crab_fjr_133.xml
CMSSW_133.stdout
CMSSW_133.stderr
Watchdog_133.log.gz
Total Output dimension: 25046
WARNING: output files size limit is set to: 50000000
Total Output dimension 25046 is fine.
JOB_EXIT_STATUS = 0
>>> info for dashboard:
***** Cat /scratch/condor/dir_20606/glide_jvSjIQ/execute/dir_1315/jobreport.txt *****
MonitorJobID=133_https://submit-6.t2.ucsd.edu//150202//509447.132
MonitorID=dcieri_PU140_4dm08r
ExeTime=11686
ExeExitCode=0
StageOutExitStatusReason = 'Copy succedeed with srm-lcg utils'
StageOutSE = heplnx204.pp.rl.ac.uk
StageOutExitStatus = 0
CrabUserCpuTime=1131.26
CrabSysCpuTime=40.95
CrabCpuPercentage=10%
CrabWrapperTime=11749
CrabStageoutTime=49
JobExitCode=0
***** End Cat jobreport *****
Parameters sent to Dashboard.
EXITING at Mon Feb  2 23:15:49 GMT 2015  -  Mon Feb  2 23:15:49 UTC 2015
