This script was generated by crab (version 2.11.1_patch1).
Running /scratch/condor/dir_8720/glide_usYANa/execute/dir_23016/condor_exec.exe with 2 positional parameters: 354 1
Today is Mon Feb  2 20:35:36 GMT 2015 - Mon Feb  2 20:35:36 UTC 2015
Job submitted on host heplnc004.pp.rl.ac.uk
Linux heplnc004.pp.rl.ac.uk 2.6.32-504.3.3.el6.x86_64 #1 SMP Tue Dec 16 14:29:22 CST 2014 x86_64 x86_64 x86_64 GNU/Linux
Distributor ID:	Scientific
Description:	Scientific Linux release 6.6 (Carbon)
>>> current directory (RUNTIME_AREA): /scratch/condor/dir_8720/glide_usYANa/execute/dir_23016
>>> current user: uid=157415(cms415) gid=157000(gplcms) groups=157000(gplcms)
>>> directory permission set to 0700
>>> umask set to:  u=rwx,g=,o=
>>> stdout stderr permission set to 0704
>>> voms proxy information:
subject   : /DC=ch/DC=cern/OU=Organic Units/OU=Users/CN=dcieri/CN=755391/CN=Davide Cieri/CN=769881070/CN=2114717852
issuer    : /DC=ch/DC=cern/OU=Organic Units/OU=Users/CN=dcieri/CN=755391/CN=Davide Cieri/CN=769881070
identity  : /DC=ch/DC=cern/OU=Organic Units/OU=Users/CN=dcieri/CN=755391/CN=Davide Cieri
type      : RFC3820 compliant limited proxy
strength  : 1024
path      : /scratch/condor/dir_8720/glide_usYANa/execute/dir_23016/x509up_u62281
timeleft  : 23:58:52
key usage : Digital Signature, Key Encipherment
=== VO cms extension information ===
VO        : cms
subject   : /DC=ch/DC=cern/OU=Organic Units/OU=Users/CN=dcieri/CN=755391/CN=Davide Cieri
issuer    : /DC=ch/DC=cern/OU=computers/CN=lcg-voms2.cern.ch
attribute : /cms/Role=NULL/Capability=NULL
timeleft  : 183:40:48
uri       : lcg-voms2.cern.ch:15002

WNHostName=heplnc004.pp.rl.ac.uk
$_CONDOR_JOB_AD =/scratch/condor/dir_8720/glide_usYANa/execute/dir_23016/.job.ad
OverflowFlag=0
>>> tar --no-same-permissions -xf /scratch/condor/dir_8720/glide_usYANa/execute/dir_23016/default.tgz :
Successful untar
>>> Include /scratch/condor/dir_8720/glide_usYANa/execute/dir_23016 in PYTHONPATH:
strip arguments
env var CRAB_UNIQUE_JOB_ID set to: dcieri_PU140_4dm08r_354_1_Go3
out_files_354
>>> list of expected files on output sandbox
output files: crab_fjr_354.xml CMSSW_354.stdout CMSSW_354.stderr Watchdog_354.log.gz
>>> GridFlavour discovery: 
GridFlavour=LCG
>>> SyncSite discovery: 
SyncSite=T2_UK_SGrid_RALPP
>>> SyncCE discovery: 
getting SyncCE from GLIDEIN_Gaekeeper
SyncCE=heplnv146.pp.rl.ac.uk
>>> info for dashboard:
***** Cat /scratch/condor/dir_8720/glide_usYANa/execute/dir_23016/jobreport.txt *****
WNHostName=heplnc004.pp.rl.ac.uk
OverflowFlag=0
MonitorJobID=354_https://submit-6.t2.ucsd.edu//150202//509447.353
SyncGridJobId=https://submit-6.t2.ucsd.edu//150202//509447.353
MonitorID=dcieri_PU140_4dm08r
GridFlavour=LCG
SyncSite=T2_UK_SGrid_RALPP
SyncCE=heplnv146.pp.rl.ac.uk
***** End Cat jobreport *****
Parameters sent to Dashboard.
>>> setup environment
set SCRAM ARCH to slc6_amd64_gcc472
SCRAM_ARCH = slc6_amd64_gcc472
>>> setup CMS LCG environment:
set SCRAM ARCH and BUILD_ARCH to slc6_amd64_gcc472 ###
Sourcing environment... 
sourcing /cvmfs/cms.cern.ch/cmsset_default.sh
==> setup cms environment ok
>>> specific cmssw setup environment:
CMSSW_VERSION =  CMSSW_6_2_0_SLHC12
WARNING: In non-interactive mode release checks e.g. deprecated releases, production architectures are disabled.
>>> current directory (SOFTWARE_DIR): /scratch/condor/dir_8720/glide_usYANa/execute/dir_23016/CMSSW_6_2_0_SLHC12
PreserveSeeds: <>
IncrementSeeds:<>
>>> info for dashboard:
***** Cat /scratch/condor/dir_8720/glide_usYANa/execute/dir_23016/jobreport.txt *****
MonitorJobID=354_https://submit-6.t2.ucsd.edu//150202//509447.353
MonitorID=dcieri_PU140_4dm08r
***** End Cat jobreport *****
Parameters sent to Dashboard.
crabWatchdog started as process 24212
>>> moving CMSSW software directories in /scratch/condor/dir_8720/glide_usYANa/execute/dir_23016/CMSSW_6_2_0_SLHC12
mv: cannot stat `/scratch/condor/dir_8720/glide_usYANa/execute/dir_23016/module/': No such file or directory
>>> Include /scratch/condor/dir_8720/glide_usYANa/execute/dir_23016 in PYTHONPATH:
PYTHONPATH=/scratch/condor/dir_8720/glide_usYANa/execute/dir_23016/:/scratch/condor/dir_8720/glide_usYANa/execute/dir_23016/CMSSW_6_2_0_SLHC12/python:/scratch/condor/dir_8720/glide_usYANa/execute/dir_23016/CMSSW_6_2_0_SLHC12/lib/slc6_amd64_gcc472:/cvmfs/cms.cern.ch/slc6_amd64_gcc472/cms/cmssw/CMSSW_6_2_0_SLHC12/python:/cvmfs/cms.cern.ch/slc6_amd64_gcc472/cms/cmssw/CMSSW_6_2_0_SLHC12/lib/slc6_amd64_gcc472:/cvmfs/cms.cern.ch/slc6_amd64_gcc472/cms/coral/CORAL_2_3_21-cms35/slc6_amd64_gcc472/python:/cvmfs/cms.cern.ch/slc6_amd64_gcc472/cms/coral/CORAL_2_3_21-cms35/slc6_amd64_gcc472/lib:/cvmfs/cms.cern.ch/slc6_amd64_gcc472/external/python-ldap/2.3.5-cms5/lib/python2.7/site-packages:/cvmfs/cms.cern.ch/slc6_amd64_gcc472/external/pyqt/4.8.1-cms5/lib/python2.7/site-packages:/cvmfs/cms.cern.ch/slc6_amd64_gcc472/external/py2-scipy/0.8.0-cms7/lib/python2.7/site-packages:/cvmfs/cms.cern.ch/slc6_amd64_gcc472/external/py2-matplotlib/1.0.1-cms7/lib/python2.7/site-packages:/cvmfs/cms.cern.ch/slc6_amd64_gcc472/external/sip/4.11.2-cms5/lib/python2.7/site-packages:/cvmfs/cms.cern.ch/slc6_amd64_gcc472/external/py2-pycurl/7.19.0-cms7/lib/python2.7/site-packages:/cvmfs/cms.cern.ch/slc6_amd64_gcc472/external/py2-numpy/1.6.1-cms7/lib/python2.7/site-packages:/cvmfs/cms.cern.ch/slc6_amd64_gcc472/external/py2-lint/0.25.1-cms5/lib/python2.7/site-packages:/cvmfs/cms.cern.ch/slc6_amd64_gcc472/external/py2-ipython/0.10-cms5/lib/python2.7/site-packages:/cvmfs/cms.cern.ch/slc6_amd64_gcc472/external/py2-cx-oracle/5.1-cms5/lib/python2.7/site-packages:/cvmfs/cms.cern.ch/slc6_amd64_gcc472/external/py2-cjson/1.0.5-cms5/lib/python2.7/site-packages:/cvmfs/cms.cern.ch/slc6_amd64_gcc472/cms/das-client/1.11.7/bin:/cvmfs/cms.cern.ch/slc6_amd64_gcc472/external/elementtree/1.2.6-cms5/share/lib/python2.7/site-packages:/cvmfs/cms.cern.ch/slc6_amd64_gcc472/external/rivet/1.8.2-cms9/lib/python2.7/site-packages:/cvmfs/cms.cern.ch/slc6_amd64_gcc472/external/pyminuit2/0.0.1-cms19/lib/python2.7/site-packages:/cvmfs/cms.cern.ch/slc6_amd64_gcc472/external/py2-pygithub/1.23.0-cms2/lib/python2.7/site-packages:/cvmfs/cms.cern.ch/slc6_amd64_gcc472/external/professor/1.0.0-cms19/lib/python2.7/site-packages:/cvmfs/cms.cern.ch/slc6_amd64_gcc472/lcg/root/5.34.07-cms/lib:/cvmfs/cms.cern.ch/slc6_amd64_gcc472/cms/dbs-client/DBS_2_1_9-cms5/lib:/cvmfs/cms.cern.ch/slc6_amd64_gcc472/cms/dbs-client/DBS_2_1_9-cms5/lib/DBSAPI:/cvmfs/cms.cern.ch/slc6_amd64_gcc472/external/cvs2git/5419-cms/lib:/scratch/condor/dir_8720/glide_usYANa/execute/dir_23016/
3c0380cf82de79bc39966c93934c61fc
 
# LIMITS USED BY CRAB WATCHDOG:
# RSS  (KBytes)   : 2300000
# VSZ  (KBytes)   : 100000000
# DISK (MBytes)   : 19000
# CPU TIME        : 720h:0m:0s
# WALL CLOCK TIME : 21h:50m:0s
 
PSETHASH = 3c0380cf82de79bc39966c93934c61fc
/scratch/condor/dir_8720/glide_usYANa/execute/dir_23016/writeCfg.py pset.py pset.py
Importing .py file
Setting parameters
RandomNumberGeneratorService found, will attempt to change seeds
inputBlocks=/ttbar/dcieri-ttbar_SIM-130075366148575c102f0d64fd3ac8f7/USER#d88f8312-b22c-48f9-b58b-21cac727e67d
inputFiles=/store/user/dcieri/ttbar_SIM/ttbar/ttbar_SIM/150129_145223/0000/step1_165.root
parentFiles=
lumisRange=
>>> Executable cmsRun
/cvmfs/cms.cern.ch/slc6_amd64_gcc472/cms/cmssw/CMSSW_6_2_0_SLHC12/bin/slc6_amd64_gcc472/cmsRun
ok executable found
>>> info for dashboard:
***** Cat /scratch/condor/dir_8720/glide_usYANa/execute/dir_23016/jobreport.txt *****
MonitorJobID=354_https://submit-6.t2.ucsd.edu//150202//509447.353
MonitorID=dcieri_PU140_4dm08r
ExeStart=cmsRun
***** End Cat jobreport *****
Parameters sent to Dashboard.
>>> cmsRun started at Mon Feb  2 20:35:45 UTC 2015
>>> cmsRun ended at Mon Feb  2 23:07:19 UTC 2015
>>> crab_fjr_*.xml  permission set to 0704
>>> info for dashboard:
***** Cat /scratch/condor/dir_8720/glide_usYANa/execute/dir_23016/jobreport.txt *****
MonitorJobID=354_https://submit-6.t2.ucsd.edu//150202//509447.353
MonitorID=dcieri_PU140_4dm08r
ExeEnd=cmsRun
***** End Cat jobreport *****
Parameters sent to Dashboard.
TIME_EXE = 9094 sec
>>> cmsRun wrote 217 lines of stdout+stderr
>>> START OF printout of 217 lines from stdout+stderr
271 DQMStore::DQMStore 
HcalTopologyIdealEP::HcalTopologyIdealEP
02-Feb-2015 20:35:55 GMT  Initiating request to open file root://dcap.pp.rl.ac.uk:1094/pnfs/pp.rl.ac.uk/data/cms/store/user/dcieri/ttbar_SIM/ttbar/ttbar_SIM/150129_145223/0000/step1_165.root
150202 20:35:56 24533 Xrd: CheckErrorStatus: Server [heplnx210.pp.rl.ac.uk:1094] declared: Request 3018 not supported(error code: 3013)
02-Feb-2015 20:35:56 GMT  Successfully opened file root://dcap.pp.rl.ac.uk:1094/pnfs/pp.rl.ac.uk/data/cms/store/user/dcieri/ttbar_SIM/ttbar/ttbar_SIM/150129_145223/0000/step1_165.root
02-Feb-2015 20:35:57 GMT  Initiating request to open file root://xrootd.unl.edu//store/group/dpg_trigger/comm_trigger/L1TrackTrigger/620_SLHC10/Extended2023TTI/MinBias/MinBias_TuneZ2star_GEN_SIM_1.root
02-Feb-2015 20:35:58 GMT  Successfully opened file root://xrootd.unl.edu//store/group/dpg_trigger/comm_trigger/L1TrackTrigger/620_SLHC10/Extended2023TTI/MinBias/MinBias_TuneZ2star_GEN_SIM_1.root
disableME1a = 0
HcalTopologyIdealEP::produce(const IdealGeometryRecord& iRecord)
mode = 2, maxDepthHB = 3, maxDepthHE = 5
RPCGeometryESModule :: produce
RPCGeometryESModule :: produce :: 1/4 Get Muon Ideal Geometry Record
RPCGeometryESModule :: produce :: 2/4 Get Muon DDD Constants
RPCGeometryESModule :: produce :: 3/4 Get Muon Numbering Record
in MuonNumberingInitialization::initializeMuonDDDConstants
about to make my new muonDDDConst_
in MuonNumberingInitialization::produce
RPCGeometryESModule :: produce :: 4/4 Build
Found:

	Barrel Stack layer 5 : 1008 stacks
	Barrel Stack layer 6 : 1320 stacks
	Barrel Stack layer 7 : 1836 stacks
	Barrel Stack layer 8 : 1152 stacks
	Barrel Stack layer 9 : 1488 stacks
	Barrel Stack layer 10 : 1824 stacks

	Endcap Stack disk 11 : 1360 stacks
	Endcap Stack disk 12 : 1360 stacks
	Endcap Stack disk 13 : 1360 stacks
	Endcap Stack disk 14 : 1360 stacks
	Endcap Stack disk 15 : 1360 stacks
Created 15428 stacks in 24 s

TTClusterBuilder< edm::Ref<edm::DetSetVector<PixelDigi>, PixelDigi, edm::refhelper::FindForDetSetVector<PixelDigi> > > loaded modules:
	TTClusterAlgorithm:	TTClusterAlgorithm_2d2013< edm::Ref<edm::DetSetVector<PixelDigi>, PixelDigi, edm::refhelper::FindForDetSetVector<PixelDigi> > >


TTStubBuilder< edm::Ref<edm::DetSetVector<PixelDigi>, PixelDigi, edm::refhelper::FindForDetSetVector<PixelDigi> > > loaded modules:
	TTStubAlgorithm:	TTStubAlgorithm_tab2013< edm::Ref<edm::DetSetVector<PixelDigi>, PixelDigi, edm::refhelper::FindForDetSetVector<PixelDigi> > >


TTClusterAssociator< edm::Ref<edm::DetSetVector<PixelDigi>, PixelDigi, edm::refhelper::FindForDetSetVector<PixelDigi> > > loaded.


TTStubAssociator< edm::Ref<edm::DetSetVector<PixelDigi>, PixelDigi, edm::refhelper::FindForDetSetVector<PixelDigi> > > loaded.


TTTrackAssociator< edm::Ref<edm::DetSetVector<PixelDigi>, PixelDigi, edm::refhelper::FindForDetSetVector<PixelDigi> > > loaded.

Begin processing the 1st record. Run 1, Event 1641, LumiSection 165 at 02-Feb-2015 20:36:43.799 GMT
02-Feb-2015 20:36:51 GMT  Closed file root://xrootd.unl.edu//store/group/dpg_trigger/comm_trigger/L1TrackTrigger/620_SLHC10/Extended2023TTI/MinBias/MinBias_TuneZ2star_GEN_SIM_1.root
02-Feb-2015 20:36:51 GMT  Initiating request to open file root://xrootd.unl.edu//store/group/dpg_trigger/comm_trigger/L1TrackTrigger/620_SLHC10/Extended2023TTI/MinBias/MinBias_TuneZ2star_GEN_SIM_419.root
02-Feb-2015 20:37:22 GMT  Successfully opened file root://xrootd.unl.edu//store/group/dpg_trigger/comm_trigger/L1TrackTrigger/620_SLHC10/Extended2023TTI/MinBias/MinBias_TuneZ2star_GEN_SIM_419.root
150202 20:41:55 24887 Xrd: XrdClientMessage::ReadRaw: Failed to read header (8 bytes).
150202 20:42:25 24885 Xrd: XrdClientMessage::ReadRaw: Failed to read header (8 bytes).
02-Feb-2015 20:45:51 GMT  Closed file root://xrootd.unl.edu//store/group/dpg_trigger/comm_trigger/L1TrackTrigger/620_SLHC10/Extended2023TTI/MinBias/MinBias_TuneZ2star_GEN_SIM_419.root
02-Feb-2015 20:45:51 GMT  Initiating request to open file root://xrootd.unl.edu//store/group/dpg_trigger/comm_trigger/L1TrackTrigger/620_SLHC10/Extended2023TTI/MinBias/MinBias_TuneZ2star_GEN_SIM_345.root
150202 20:46:21 4125 Xrd: CheckErrorStatus: Server [xrootd-redic.pi.infn.it:1094] declared: session not found(error code: 3011)
02-Feb-2015 20:46:22 GMT  Successfully opened file root://xrootd.unl.edu//store/group/dpg_trigger/comm_trigger/L1TrackTrigger/620_SLHC10/Extended2023TTI/MinBias/MinBias_TuneZ2star_GEN_SIM_345.root
150202 20:50:55 26326 Xrd: XrdClientMessage::ReadRaw: Failed to read header (8 bytes).
150202 20:51:25 4483 Xrd: XrdClientMessage::ReadRaw: Failed to read header (8 bytes).
02-Feb-2015 20:55:39 GMT  Closed file root://xrootd.unl.edu//store/group/dpg_trigger/comm_trigger/L1TrackTrigger/620_SLHC10/Extended2023TTI/MinBias/MinBias_TuneZ2star_GEN_SIM_345.root
02-Feb-2015 20:55:39 GMT  Initiating request to open file root://xrootd.unl.edu//store/group/dpg_trigger/comm_trigger/L1TrackTrigger/620_SLHC10/Extended2023TTI/MinBias/MinBias_TuneZ2star_GEN_SIM_712.root
150202 20:56:11 24884 Xrd: XrdClientMessage::ReadRaw: Failed to read header (8 bytes).
150202 20:56:11 24872 Xrd: XrdClientMessage::ReadRaw: Failed to read header (8 bytes).
150202 20:56:12 24871 Xrd: XrdClientMessage::ReadRaw: Failed to read header (8 bytes).
150202 20:56:16 20264 Xrd: CheckErrorStatus: Server [xrootd-redic.pi.infn.it:1094] declared: session not found(error code: 3011)
02-Feb-2015 20:56:16 GMT  Successfully opened file root://xrootd.unl.edu//store/group/dpg_trigger/comm_trigger/L1TrackTrigger/620_SLHC10/Extended2023TTI/MinBias/MinBias_TuneZ2star_GEN_SIM_712.root
Building the geometry service
Warning did not find digi
Warning did not find digi
Warning did not find digi
Warning did not find digi
Warning did not find digi in disks
Warning did not find digi in disks
Warning did not find digi in disks
Warning did not find digi in disks
150202 21:00:55 4484 Xrd: XrdClientMessage::ReadRaw: Failed to read header (8 bytes).
150202 21:01:25 21066 Xrd: XrdClientMessage::ReadRaw: Failed to read header (8 bytes).
02-Feb-2015 21:04:55 GMT  Closed file root://xrootd.unl.edu//store/group/dpg_trigger/comm_trigger/L1TrackTrigger/620_SLHC10/Extended2023TTI/MinBias/MinBias_TuneZ2star_GEN_SIM_712.root
02-Feb-2015 21:04:55 GMT  Initiating request to open file root://xrootd.unl.edu//store/group/dpg_trigger/comm_trigger/L1TrackTrigger/620_SLHC10/Extended2023TTI/MinBias/MinBias_TuneZ2star_GEN_SIM_445.root
150202 21:05:56 31928 Xrd: CheckErrorStatus: Server [xrootd-redic.pi.infn.it:1094] declared: session not found(error code: 3011)
02-Feb-2015 21:05:56 GMT  Successfully opened file root://xrootd.unl.edu//store/group/dpg_trigger/comm_trigger/L1TrackTrigger/620_SLHC10/Extended2023TTI/MinBias/MinBias_TuneZ2star_GEN_SIM_445.root
150202 21:10:25 21067 Xrd: XrdClientMessage::ReadRaw: Failed to read header (8 bytes).
150202 21:11:25 1613 Xrd: XrdClientMessage::ReadRaw: Failed to read header (8 bytes).
02-Feb-2015 21:12:56 GMT  Closed file root://xrootd.unl.edu//store/group/dpg_trigger/comm_trigger/L1TrackTrigger/620_SLHC10/Extended2023TTI/MinBias/MinBias_TuneZ2star_GEN_SIM_445.root
02-Feb-2015 21:12:56 GMT  Initiating request to open file root://xrootd.unl.edu//store/group/dpg_trigger/comm_trigger/L1TrackTrigger/620_SLHC10/Extended2023TTI/MinBias/MinBias_TuneZ2star_GEN_SIM_16.root
150202 21:13:26 12327 Xrd: CheckErrorStatus: Server [llrxrd-redir.in2p3.fr:1094] declared: session not found(error code: 3011)
02-Feb-2015 21:13:27 GMT  Successfully opened file root://xrootd.unl.edu//store/group/dpg_trigger/comm_trigger/L1TrackTrigger/620_SLHC10/Extended2023TTI/MinBias/MinBias_TuneZ2star_GEN_SIM_16.root
150202 21:18:25 1614 Xrd: XrdClientMessage::ReadRaw: Failed to read header (8 bytes).
150202 21:18:55 12849 Xrd: XrdClientMessage::ReadRaw: Failed to read header (8 bytes).
02-Feb-2015 21:22:41 GMT  Closed file root://xrootd.unl.edu//store/group/dpg_trigger/comm_trigger/L1TrackTrigger/620_SLHC10/Extended2023TTI/MinBias/MinBias_TuneZ2star_GEN_SIM_16.root
02-Feb-2015 21:22:41 GMT  Initiating request to open file root://xrootd.unl.edu//store/group/dpg_trigger/comm_trigger/L1TrackTrigger/620_SLHC10/Extended2023TTI/MinBias/MinBias_TuneZ2star_GEN_SIM_725.root
150202 21:23:12 20167 Xrd: CheckErrorStatus: Server [llrxrd-redir.in2p3.fr:1094] declared: session not found(error code: 3011)
02-Feb-2015 21:23:12 GMT  Successfully opened file root://xrootd.unl.edu//store/group/dpg_trigger/comm_trigger/L1TrackTrigger/620_SLHC10/Extended2023TTI/MinBias/MinBias_TuneZ2star_GEN_SIM_725.root
150202 21:26:25 26292 Xrd: XrdClientMessage::ReadRaw: Failed to read header (8 bytes).
150202 21:27:55 12850 Xrd: XrdClientMessage::ReadRaw: Failed to read header (8 bytes).
150202 21:28:25 20626 Xrd: XrdClientMessage::ReadRaw: Failed to read header (8 bytes).
02-Feb-2015 21:32:58 GMT  Closed file root://xrootd.unl.edu//store/group/dpg_trigger/comm_trigger/L1TrackTrigger/620_SLHC10/Extended2023TTI/MinBias/MinBias_TuneZ2star_GEN_SIM_725.root
02-Feb-2015 21:32:58 GMT  Initiating request to open file root://xrootd.unl.edu//store/group/dpg_trigger/comm_trigger/L1TrackTrigger/620_SLHC10/Extended2023TTI/MinBias/MinBias_TuneZ2star_GEN_SIM_739.root
150202 21:33:29 1030 Xrd: CheckErrorStatus: Server [cms-xrd-global.cern.ch:1094] declared: session not found(error code: 3011)
150202 21:33:29 1030 Xrd: CheckErrorStatus: Server [xrootd-redic.pi.infn.it:1094] declared: session not found(error code: 3011)
02-Feb-2015 21:33:29 GMT  Successfully opened file root://xrootd.unl.edu//store/group/dpg_trigger/comm_trigger/L1TrackTrigger/620_SLHC10/Extended2023TTI/MinBias/MinBias_TuneZ2star_GEN_SIM_739.root
150202 21:38:25 20627 Xrd: XrdClientMessage::ReadRaw: Failed to read header (8 bytes).
150202 21:38:55 1518 Xrd: XrdClientMessage::ReadRaw: Failed to read header (8 bytes).
150202 21:43:25 12848 Xrd: XrdClientMessage::ReadRaw: Failed to read header (8 bytes).
02-Feb-2015 21:43:27 GMT  Closed file root://xrootd.unl.edu//store/group/dpg_trigger/comm_trigger/L1TrackTrigger/620_SLHC10/Extended2023TTI/MinBias/MinBias_TuneZ2star_GEN_SIM_739.root
02-Feb-2015 21:43:27 GMT  Initiating request to open file root://xrootd.unl.edu//store/group/dpg_trigger/comm_trigger/L1TrackTrigger/620_SLHC10/Extended2023TTI/MinBias/MinBias_TuneZ2star_GEN_SIM_348.root
150202 21:43:58 15679 Xrd: CheckErrorStatus: Server [cms-xrd-global.cern.ch:1094] declared: session not found(error code: 3011)
150202 21:43:58 15679 Xrd: CheckErrorStatus: Server [llrxrd-redir.in2p3.fr:1094] declared: session not found(error code: 3011)
02-Feb-2015 21:43:58 GMT  Successfully opened file root://xrootd.unl.edu//store/group/dpg_trigger/comm_trigger/L1TrackTrigger/620_SLHC10/Extended2023TTI/MinBias/MinBias_TuneZ2star_GEN_SIM_348.root
150202 21:48:55 1519 Xrd: XrdClientMessage::ReadRaw: Failed to read header (8 bytes).
150202 21:49:25 16238 Xrd: XrdClientMessage::ReadRaw: Failed to read header (8 bytes).
02-Feb-2015 21:51:39 GMT  Closed file root://xrootd.unl.edu//store/group/dpg_trigger/comm_trigger/L1TrackTrigger/620_SLHC10/Extended2023TTI/MinBias/MinBias_TuneZ2star_GEN_SIM_348.root
02-Feb-2015 21:51:39 GMT  Initiating request to open file root://xrootd.unl.edu//store/group/dpg_trigger/comm_trigger/L1TrackTrigger/620_SLHC10/Extended2023TTI/MinBias/MinBias_TuneZ2star_GEN_SIM_503.root
150202 21:52:10 21377 Xrd: CheckErrorStatus: Server [xrootd-redic.pi.infn.it:1094] declared: session not found(error code: 3011)
02-Feb-2015 21:52:10 GMT  Successfully opened file root://xrootd.unl.edu//store/group/dpg_trigger/comm_trigger/L1TrackTrigger/620_SLHC10/Extended2023TTI/MinBias/MinBias_TuneZ2star_GEN_SIM_503.root
150202 21:56:55 16239 Xrd: XrdClientMessage::ReadRaw: Failed to read header (8 bytes).
150202 21:57:25 21724 Xrd: XrdClientMessage::ReadRaw: Failed to read header (8 bytes).
02-Feb-2015 22:00:00 GMT  Closed file root://xrootd.unl.edu//store/group/dpg_trigger/comm_trigger/L1TrackTrigger/620_SLHC10/Extended2023TTI/MinBias/MinBias_TuneZ2star_GEN_SIM_503.root
02-Feb-2015 22:00:00 GMT  Initiating request to open file root://xrootd.unl.edu//store/group/dpg_trigger/comm_trigger/L1TrackTrigger/620_SLHC10/Extended2023TTI/MinBias/MinBias_TuneZ2star_GEN_SIM_100.root
150202 22:00:31 32336 Xrd: CheckErrorStatus: Server [cms-xrd-global.cern.ch:1094] declared: session not found(error code: 3011)
150202 22:00:31 32336 Xrd: CheckErrorStatus: Server [xrootd.ba.infn.it:1094] declared: session not found(error code: 3011)
02-Feb-2015 22:00:31 GMT  Successfully opened file root://xrootd.unl.edu//store/group/dpg_trigger/comm_trigger/L1TrackTrigger/620_SLHC10/Extended2023TTI/MinBias/MinBias_TuneZ2star_GEN_SIM_100.root
150202 22:04:25 16237 Xrd: XrdClientMessage::ReadRaw: Failed to read header (8 bytes).
02-Feb-2015 22:05:22 GMT  Closed file root://xrootd.unl.edu//store/group/dpg_trigger/comm_trigger/L1TrackTrigger/620_SLHC10/Extended2023TTI/MinBias/MinBias_TuneZ2star_GEN_SIM_100.root
02-Feb-2015 22:05:22 GMT  Initiating request to open file root://xrootd.unl.edu//store/group/dpg_trigger/comm_trigger/L1TrackTrigger/620_SLHC10/Extended2023TTI/MinBias/MinBias_TuneZ2star_GEN_SIM_590.root
150202 22:05:22 21725 Xrd: XrdClientMessage::ReadRaw: Failed to read header (8 bytes).
150202 22:05:55 32693 Xrd: XrdClientMessage::ReadRaw: Failed to read header (8 bytes).
150202 22:09:23 3463 Xrd: CheckErrorStatus: Server [xrootd.ba.infn.it:1094] declared: session not found(error code: 3011)
02-Feb-2015 22:09:24 GMT  Successfully opened file root://xrootd.unl.edu//store/group/dpg_trigger/comm_trigger/L1TrackTrigger/620_SLHC10/Extended2023TTI/MinBias/MinBias_TuneZ2star_GEN_SIM_590.root
150202 22:10:25 32694 Xrd: XrdClientMessage::ReadRaw: Failed to read header (8 bytes).
150202 22:12:25 1517 Xrd: XrdClientMessage::ReadRaw: Failed to read header (8 bytes).
02-Feb-2015 22:13:15 GMT  Closed file root://xrootd.unl.edu//store/group/dpg_trigger/comm_trigger/L1TrackTrigger/620_SLHC10/Extended2023TTI/MinBias/MinBias_TuneZ2star_GEN_SIM_590.root
02-Feb-2015 22:13:15 GMT  Initiating request to open file root://xrootd.unl.edu//store/group/dpg_trigger/comm_trigger/L1TrackTrigger/620_SLHC10/Extended2023TTI/MinBias/MinBias_TuneZ2star_GEN_SIM_165.root
150202 22:13:46 14223 Xrd: CheckErrorStatus: Server [cms-xrd-global.cern.ch:1094] declared: session not found(error code: 3011)
02-Feb-2015 22:13:46 GMT  Successfully opened file root://xrootd.unl.edu//store/group/dpg_trigger/comm_trigger/L1TrackTrigger/620_SLHC10/Extended2023TTI/MinBias/MinBias_TuneZ2star_GEN_SIM_165.root
02-Feb-2015 22:17:24 GMT  Closed file root://xrootd.unl.edu//store/group/dpg_trigger/comm_trigger/L1TrackTrigger/620_SLHC10/Extended2023TTI/MinBias/MinBias_TuneZ2star_GEN_SIM_165.root
02-Feb-2015 22:17:24 GMT  Initiating request to open file root://xrootd.unl.edu//store/group/dpg_trigger/comm_trigger/L1TrackTrigger/620_SLHC10/Extended2023TTI/MinBias/MinBias_TuneZ2star_GEN_SIM_365.root
02-Feb-2015 22:17:32 GMT  Successfully opened file root://xrootd.unl.edu//store/group/dpg_trigger/comm_trigger/L1TrackTrigger/620_SLHC10/Extended2023TTI/MinBias/MinBias_TuneZ2star_GEN_SIM_365.root
150202 22:18:25 11695 Xrd: XrdClientMessage::ReadRaw: Failed to read header (8 bytes).
02-Feb-2015 22:19:29 GMT  Closed file root://xrootd.unl.edu//store/group/dpg_trigger/comm_trigger/L1TrackTrigger/620_SLHC10/Extended2023TTI/MinBias/MinBias_TuneZ2star_GEN_SIM_365.root
02-Feb-2015 22:19:29 GMT  Initiating request to open file root://xrootd.unl.edu//store/group/dpg_trigger/comm_trigger/L1TrackTrigger/620_SLHC10/Extended2023TTI/MinBias/MinBias_TuneZ2star_GEN_SIM_328.root
150202 22:22:25 14462 Xrd: XrdClientMessage::ReadRaw: Failed to read header (8 bytes).
150202 22:22:56 11694 Xrd: XrdClientMessage::ReadRaw: Failed to read header (8 bytes).
150202 22:24:21 17988 Xrd: CheckErrorStatus: Server [xrootd-redic.pi.infn.it:1094] declared: session not found(error code: 3011)
02-Feb-2015 22:24:21 GMT  Successfully opened file root://xrootd.unl.edu//store/group/dpg_trigger/comm_trigger/L1TrackTrigger/620_SLHC10/Extended2023TTI/MinBias/MinBias_TuneZ2star_GEN_SIM_328.root
150202 22:24:55 16748 Xrd: XrdClientMessage::ReadRaw: Failed to read header (8 bytes).
150202 22:29:25 21147 Xrd: XrdClientMessage::ReadRaw: Failed to read header (8 bytes).
02-Feb-2015 22:30:27 GMT  Closed file root://xrootd.unl.edu//store/group/dpg_trigger/comm_trigger/L1TrackTrigger/620_SLHC10/Extended2023TTI/MinBias/MinBias_TuneZ2star_GEN_SIM_328.root
02-Feb-2015 22:30:27 GMT  Initiating request to open file root://xrootd.unl.edu//store/group/dpg_trigger/comm_trigger/L1TrackTrigger/620_SLHC10/Extended2023TTI/MinBias/MinBias_TuneZ2star_GEN_SIM_628.root
150202 22:30:58 24837 Xrd: CheckErrorStatus: Server [xrootd-redic.pi.infn.it:1094] declared: session not found(error code: 3011)
02-Feb-2015 22:30:58 GMT  Successfully opened file root://xrootd.unl.edu//store/group/dpg_trigger/comm_trigger/L1TrackTrigger/620_SLHC10/Extended2023TTI/MinBias/MinBias_TuneZ2star_GEN_SIM_628.root
02-Feb-2015 22:34:46 GMT  Closed file root://xrootd.unl.edu//store/group/dpg_trigger/comm_trigger/L1TrackTrigger/620_SLHC10/Extended2023TTI/MinBias/MinBias_TuneZ2star_GEN_SIM_628.root
02-Feb-2015 22:34:46 GMT  Initiating request to open file root://xrootd.unl.edu//store/group/dpg_trigger/comm_trigger/L1TrackTrigger/620_SLHC10/Extended2023TTI/MinBias/MinBias_TuneZ2star_GEN_SIM_605.root
02-Feb-2015 22:35:17 GMT  Successfully opened file root://xrootd.unl.edu//store/group/dpg_trigger/comm_trigger/L1TrackTrigger/620_SLHC10/Extended2023TTI/MinBias/MinBias_TuneZ2star_GEN_SIM_605.root
150202 22:35:56 21148 Xrd: XrdClientMessage::ReadRaw: Failed to read header (8 bytes).
150202 22:37:55 32692 Xrd: XrdClientMessage::ReadRaw: Failed to read header (8 bytes).
02-Feb-2015 22:39:21 GMT  Closed file root://xrootd.unl.edu//store/group/dpg_trigger/comm_trigger/L1TrackTrigger/620_SLHC10/Extended2023TTI/MinBias/MinBias_TuneZ2star_GEN_SIM_605.root
02-Feb-2015 22:39:21 GMT  Initiating request to open file root://xrootd.unl.edu//store/group/dpg_trigger/comm_trigger/L1TrackTrigger/620_SLHC10/Extended2023TTI/MinBias/MinBias_TuneZ2star_GEN_SIM_556.root
150202 22:39:52 30377 Xrd: CheckErrorStatus: Server [cms-xrd-global.cern.ch:1094] declared: session not found(error code: 3011)
150202 22:39:53 25087 Xrd: XrdClientMessage::ReadRaw: Failed to read header (8 bytes).
02-Feb-2015 22:39:53 GMT  Successfully opened file root://xrootd.unl.edu//store/group/dpg_trigger/comm_trigger/L1TrackTrigger/620_SLHC10/Extended2023TTI/MinBias/MinBias_TuneZ2star_GEN_SIM_556.root
02-Feb-2015 22:44:13 GMT  Closed file root://xrootd.unl.edu//store/group/dpg_trigger/comm_trigger/L1TrackTrigger/620_SLHC10/Extended2023TTI/MinBias/MinBias_TuneZ2star_GEN_SIM_556.root
02-Feb-2015 22:44:13 GMT  Initiating request to open file root://xrootd.unl.edu//store/group/dpg_trigger/comm_trigger/L1TrackTrigger/620_SLHC10/Extended2023TTI/MinBias/MinBias_TuneZ2star_GEN_SIM_158.root
150202 22:44:25 27955 Xrd: XrdClientMessage::ReadRaw: Failed to read header (8 bytes).
150202 22:44:44 3122 Xrd: CheckErrorStatus: Server [cms-xrd-global.cern.ch:1094] declared: session not found(error code: 3011)
02-Feb-2015 22:44:44 GMT  Successfully opened file root://xrootd.unl.edu//store/group/dpg_trigger/comm_trigger/L1TrackTrigger/620_SLHC10/Extended2023TTI/MinBias/MinBias_TuneZ2star_GEN_SIM_158.root
02-Feb-2015 22:48:51 GMT  Closed file root://xrootd.unl.edu//store/group/dpg_trigger/comm_trigger/L1TrackTrigger/620_SLHC10/Extended2023TTI/MinBias/MinBias_TuneZ2star_GEN_SIM_158.root
02-Feb-2015 22:48:51 GMT  Initiating request to open file root://xrootd.unl.edu//store/group/dpg_trigger/comm_trigger/L1TrackTrigger/620_SLHC10/Extended2023TTI/MinBias/MinBias_TuneZ2star_GEN_SIM_197.root
02-Feb-2015 22:49:22 GMT  Successfully opened file root://xrootd.unl.edu//store/group/dpg_trigger/comm_trigger/L1TrackTrigger/620_SLHC10/Extended2023TTI/MinBias/MinBias_TuneZ2star_GEN_SIM_197.root
150202 22:49:23 30741 Xrd: XrdClientMessage::ReadRaw: Failed to read header (8 bytes).
02-Feb-2015 22:52:53 GMT  Closed file root://xrootd.unl.edu//store/group/dpg_trigger/comm_trigger/L1TrackTrigger/620_SLHC10/Extended2023TTI/MinBias/MinBias_TuneZ2star_GEN_SIM_197.root
02-Feb-2015 22:52:53 GMT  Initiating request to open file root://xrootd.unl.edu//store/group/dpg_trigger/comm_trigger/L1TrackTrigger/620_SLHC10/Extended2023TTI/MinBias/MinBias_TuneZ2star_GEN_SIM_398.root
02-Feb-2015 22:53:24 GMT  Successfully opened file root://xrootd.unl.edu//store/group/dpg_trigger/comm_trigger/L1TrackTrigger/620_SLHC10/Extended2023TTI/MinBias/MinBias_TuneZ2star_GEN_SIM_398.root
150202 22:53:55 3514 Xrd: XrdClientMessage::ReadRaw: Failed to read header (8 bytes).
02-Feb-2015 22:56:46 GMT  Closed file root://xrootd.unl.edu//store/group/dpg_trigger/comm_trigger/L1TrackTrigger/620_SLHC10/Extended2023TTI/MinBias/MinBias_TuneZ2star_GEN_SIM_398.root
02-Feb-2015 22:56:46 GMT  Initiating request to open file root://xrootd.unl.edu//store/group/dpg_trigger/comm_trigger/L1TrackTrigger/620_SLHC10/Extended2023TTI/MinBias/MinBias_TuneZ2star_GEN_SIM_437.root
02-Feb-2015 22:57:17 GMT  Successfully opened file root://xrootd.unl.edu//store/group/dpg_trigger/comm_trigger/L1TrackTrigger/620_SLHC10/Extended2023TTI/MinBias/MinBias_TuneZ2star_GEN_SIM_437.root
150202 22:57:55 17407 Xrd: XrdClientMessage::ReadRaw: Failed to read header (8 bytes).
150202 22:59:56 30740 Xrd: XrdClientMessage::ReadRaw: Failed to read header (8 bytes).
150202 23:01:55 19870 Xrd: XrdClientMessage::ReadRaw: Failed to read header (8 bytes).
02-Feb-2015 23:02:24 GMT  Closed file root://xrootd.unl.edu//store/group/dpg_trigger/comm_trigger/L1TrackTrigger/620_SLHC10/Extended2023TTI/MinBias/MinBias_TuneZ2star_GEN_SIM_437.root
02-Feb-2015 23:02:24 GMT  Initiating request to open file root://xrootd.unl.edu//store/group/dpg_trigger/comm_trigger/L1TrackTrigger/620_SLHC10/Extended2023TTI/MinBias/MinBias_TuneZ2star_GEN_SIM_190.root
150202 23:02:24 25086 Xrd: XrdClientMessage::ReadRaw: Failed to read header (8 bytes).
150202 23:02:54 24316 Xrd: CheckErrorStatus: Server [llrxrd-redir.in2p3.fr:1094] declared: session not found(error code: 3011)
02-Feb-2015 23:02:55 GMT  Successfully opened file root://xrootd.unl.edu//store/group/dpg_trigger/comm_trigger/L1TrackTrigger/620_SLHC10/Extended2023TTI/MinBias/MinBias_TuneZ2star_GEN_SIM_190.root
02-Feb-2015 23:05:32 GMT  Closed file root://xrootd.unl.edu//store/group/dpg_trigger/comm_trigger/L1TrackTrigger/620_SLHC10/Extended2023TTI/MinBias/MinBias_TuneZ2star_GEN_SIM_190.root
02-Feb-2015 23:05:32 GMT  Initiating request to open file root://xrootd.unl.edu//store/group/dpg_trigger/comm_trigger/L1TrackTrigger/620_SLHC10/Extended2023TTI/MinBias/MinBias_TuneZ2star_GEN_SIM_324.root
02-Feb-2015 23:06:08 GMT  Successfully opened file root://xrootd.unl.edu//store/group/dpg_trigger/comm_trigger/L1TrackTrigger/620_SLHC10/Extended2023TTI/MinBias/MinBias_TuneZ2star_GEN_SIM_324.root
02-Feb-2015 23:07:17 GMT  Closed file root://dcap.pp.rl.ac.uk:1094/pnfs/pp.rl.ac.uk/data/cms/store/user/dcieri/ttbar_SIM/ttbar/ttbar_SIM/150129_145223/0000/step1_165.root
02-Feb-2015 23:07:18 GMT  Closed file root://xrootd.unl.edu//store/group/dpg_trigger/comm_trigger/L1TrackTrigger/620_SLHC10/Extended2023TTI/MinBias/MinBias_TuneZ2star_GEN_SIM_324.root

=============================================

MessageLogger Summary

 type     category        sev    module        subroutine        count    total
 ---- -------------------- -- ---------------- ----------------  -----    -----
    1 fileAction           -s MixingModule:mix                      69       69
    2 fileAction           -s MixingModule:mix                       2        2
    3 fileAction           -s MixingModule:mix                       1        1
    4 fileAction           -s file_close                             1        1
    5 fileAction           -s file_open                              2        2

 type    category    Examples: run/evt        run/evt          run/evt
 ---- -------------------- ---------------- ---------------- ----------------
    1 fileAction           1/1641           1/1641           1/1650
    2 fileAction           pre-events       pre-events       
    3 fileAction           PostEndRun                        
    4 fileAction           PostEndRun                        
    5 fileAction           pre-events       pre-events       

Severity    # Occurrences   Total Occurrences
--------    -------------   -----------------
System                 75                  75
>>> END OF printout of 217 lines from stdout+stderr
>>> Parse FrameworkJobReport crab_fjr.xml
Result of parsing the FrameworkJobReport crab_fjr.xml: 
Extracted ExitStatus from FrameworkJobReport parsing output: 0
>>> Executable succeded  0
ExeExitCode=0
EXECUTABLE_EXIT_STATUS = 0
>>> current directory /scratch/condor/dir_8720/glide_usYANa/execute/dir_23016/CMSSW_6_2_0_SLHC12
>>>  (SOFTWARE_DIR): /scratch/condor/dir_8720/glide_usYANa/execute/dir_23016/CMSSW_6_2_0_SLHC12
>>> (WORKING_DIR): 
>>> current directory content:
total 241944
drwxr-xr-x 3 cms415 gplcms      4096 Feb  2 20:35 .SCRAM
-rw------- 1 cms415 gplcms    915837 Feb  2 20:35 CMSSW.py.pkl
drwxr-xr-x 3 cms415 gplcms      4096 Feb  2 20:35 bin
drwxr-xr-x 3 cms415 gplcms      4096 Feb  2 20:35 cfipython
drwxr-xr-x 4 cms415 gplcms      4096 Apr 28  2014 config
-rw------- 1 cms415 gplcms        18 Feb  2 23:07 cpu_timing.txt
drwxr-xr-x 2 cms415 gplcms      4096 Feb  2 20:35 doc
-rw------- 1 cms415 gplcms     24456 Feb  2 23:07 executable.out
drwxr-xr-x 2 cms415 gplcms      4096 Feb  2 20:35 include
drwx------ 3 cms415 gplcms      4096 Oct  7 10:12 lib
drwxr-xr-x 3 cms415 gplcms      4096 Feb  2 20:35 logs
drwxr-xr-x 3 cms415 gplcms      4096 Feb  2 20:35 objs
-rw------- 1 cms415 gplcms       104 Feb  2 20:35 pset.py
-rw------- 1 cms415 gplcms    926824 Feb  2 20:35 pset.py.pkl
-rw------- 1 cms415 gplcms       289 Feb  2 20:35 pset.pyc
drwxr-xr-x 2 cms415 gplcms      4096 Feb  2 20:35 python
-rw------- 1 cms415 gplcms       359 Feb  2 23:07 report.log
drwxr-xr-x 2 cms415 gplcms      4096 Feb  2 20:35 src
-rw------- 1 cms415 gplcms 245551420 Feb  2 23:07 step2.root
drwxr-xr-x 3 cms415 gplcms      4096 Feb  2 20:35 test
drwxr-xr-x 3 cms415 gplcms      4096 Feb  2 20:35 tmp
>>> current directory /scratch/condor/dir_8720/glide_usYANa/execute/dir_23016/CMSSW_6_2_0_SLHC12
>>> (SOFTWARE_DIR): /scratch/condor/dir_8720/glide_usYANa/execute/dir_23016/CMSSW_6_2_0_SLHC12
>>> (WORKING_DIR): 
>>> current directory content:
total 241944
drwxr-xr-x 3 cms415 gplcms      4096 Feb  2 20:35 .SCRAM
-rw------- 1 cms415 gplcms    915837 Feb  2 20:35 CMSSW.py.pkl
drwxr-xr-x 3 cms415 gplcms      4096 Feb  2 20:35 bin
drwxr-xr-x 3 cms415 gplcms      4096 Feb  2 20:35 cfipython
drwxr-xr-x 4 cms415 gplcms      4096 Apr 28  2014 config
-rw------- 1 cms415 gplcms        18 Feb  2 23:07 cpu_timing.txt
drwxr-xr-x 2 cms415 gplcms      4096 Feb  2 20:35 doc
-rw------- 1 cms415 gplcms     24456 Feb  2 23:07 executable.out
drwxr-xr-x 2 cms415 gplcms      4096 Feb  2 20:35 include
drwx------ 3 cms415 gplcms      4096 Oct  7 10:12 lib
drwxr-xr-x 3 cms415 gplcms      4096 Feb  2 20:35 logs
drwxr-xr-x 3 cms415 gplcms      4096 Feb  2 20:35 objs
-rw------- 1 cms415 gplcms       104 Feb  2 20:35 pset.py
-rw------- 1 cms415 gplcms    926824 Feb  2 20:35 pset.py.pkl
-rw------- 1 cms415 gplcms       289 Feb  2 20:35 pset.pyc
drwxr-xr-x 2 cms415 gplcms      4096 Feb  2 20:35 python
-rw------- 1 cms415 gplcms       359 Feb  2 23:07 report.log
drwxr-xr-x 2 cms415 gplcms      4096 Feb  2 20:35 src
-rw------- 1 cms415 gplcms 245551420 Feb  2 23:07 step2_354_1_Go3.root
drwxr-xr-x 3 cms415 gplcms      4096 Feb  2 20:35 test
drwxr-xr-x 3 cms415 gplcms      4096 Feb  2 20:35 tmp
>>> current directory (RUNTIME_AREA):  /scratch/condor/dir_8720/glide_usYANa/execute/dir_23016
PNN = T2_UK_SGrid_RALPP
SE = heplnx204.pp.rl.ac.uk
SE_PATH = /srm/managerv2?SFN=/pnfs/pp.rl.ac.uk/data/cms/store/user/dcieri/ttbar_PU140_DIGI/dcieri/ttbar/ttbar_PU140_DIGI/3c0380cf82de79bc39966c93934c61fc/
LFNBaseName = /store/user/dcieri/ttbar_PU140_DIGI/dcieri/ttbar/ttbar_PU140_DIGI/3c0380cf82de79bc39966c93934c61fc/
USER = dcieri
endpoint = srm://heplnx204.pp.rl.ac.uk:8443/srm/managerv2?SFN=/pnfs/pp.rl.ac.uk/data/cms/store/user/dcieri/ttbar_PU140_DIGI/dcieri/ttbar/ttbar_PU140_DIGI/3c0380cf82de79bc39966c93934c61fc/
>>> Copy output files from WN = heplnc004.pp.rl.ac.uk to /srm/managerv2?SFN=/pnfs/pp.rl.ac.uk/data/cms/store/user/dcieri/ttbar_PU140_DIGI/dcieri/ttbar/ttbar_PU140_DIGI/3c0380cf82de79bc39966c93934c61fc/ :
python cmscp.py  --destination srm://heplnx204.pp.rl.ac.uk:8443/srm/managerv2?SFN=/pnfs/pp.rl.ac.uk/data/cms/store/user/dcieri/ttbar_PU140_DIGI/dcieri/ttbar/ttbar_PU140_DIGI/3c0380cf82de79bc39966c93934c61fc/ --inputFileList /scratch/condor/dir_8720/glide_usYANa/execute/dir_23016/CMSSW_6_2_0_SLHC12/step2_354_1_Go3.root --middleware LCG --PNN T2_UK_SGrid_RALPP --se_name heplnx204.pp.rl.ac.uk --for_lfn /store/user/dcieri/ttbar_PU140_DIGI/dcieri/ttbar/ttbar_PU140_DIGI/3c0380cf82de79bc39966c93934c61fc/    
******************************************************
localSeName  =  heplnx204.pp.rl.ac.uk
remoteSeName =  heplnx204.pp.rl.ac.uk
******************************************************
{"/scratch/condor/dir_8720/glide_usYANa/execute/dir_23016/CMSSW_6_2_0_SLHC12/step2_354_1_Go3.root": {"endpoint": "srm://heplnx204.pp.rl.ac.uk:8443/srm/managerv2?SFN=/pnfs/pp.rl.ac.uk/data/cms/store/user/dcieri/ttbar_PU140_DIGI/dcieri/ttbar/ttbar_PU140_DIGI/3c0380cf82de79bc39966c93934c61fc/", "surl_for_grid": "", "reason": "Copy succedeed with srm-lcg utils", "erCode": "0", "PNN": "T2_UK_SGrid_RALPP", "se_name": "heplnx204.pp.rl.ac.uk", "for_lfn": "/store/user/dcieri/ttbar_PU140_DIGI/dcieri/ttbar/ttbar_PU140_DIGI/3c0380cf82de79bc39966c93934c61fc/"}}/scratch/condor/dir_8720/glide_usYANa/execute/dir_23016
-------- cat /scratch/condor/dir_8720/glide_usYANa/execute/dir_23016/cmscpReport.sh 
#!/bin/bash
echo "Report for File: /scratch/condor/dir_8720/glide_usYANa/execute/dir_23016/CMSSW_6_2_0_SLHC12/step2_354_1_Go3.root"
echo "LFN: /store/user/dcieri/ttbar_PU140_DIGI/dcieri/ttbar/ttbar_PU140_DIGI/3c0380cf82de79bc39966c93934c61fc/step2_354_1_Go3.root"
echo "StorageElement: heplnx204.pp.rl.ac.uk"
echo "StageOutExitStatusReason = 'Copy succedeed with srm-lcg utils'" | tee -a $RUNTIME_AREA/$repo
echo "StageOutSE = heplnx204.pp.rl.ac.uk" >> $RUNTIME_AREA/$repo

export StageOutExitStatus=0
echo "StageOutExitStatus = 0" | tee -a $RUNTIME_AREA/$repo
-------- end of /scratch/condor/dir_8720/glide_usYANa/execute/dir_23016/cmscpReport.sh 
Report for File: /scratch/condor/dir_8720/glide_usYANa/execute/dir_23016/CMSSW_6_2_0_SLHC12/step2_354_1_Go3.root
LFN: /store/user/dcieri/ttbar_PU140_DIGI/dcieri/ttbar/ttbar_PU140_DIGI/3c0380cf82de79bc39966c93934c61fc/step2_354_1_Go3.root
StorageElement: heplnx204.pp.rl.ac.uk
StageOutExitStatusReason = 'Copy succedeed with srm-lcg utils'
StageOutExitStatus = 0
>>> current dir: /scratch/condor/dir_8720/glide_usYANa/execute/dir_23016
>>> current dir content:
total 8820
-rw-------  1 cms415 gplcms    2729 Feb  2 23:08 .SEinteraction.log
-rwx------  1 cms415 gplcms      51 Feb  2 20:34 .chirp_config
-rwx------  1 cms415 gplcms    7829 Feb  2 20:34 .job.ad
-rwx------  1 cms415 gplcms    9787 Feb  2 20:34 .machine.ad
-rw-------  1 cms415 gplcms     105 Feb  2 12:16 CMSSW.py
-rw-------  1 cms415 gplcms  915837 Feb  2 12:16 CMSSW.py.pkl
-rwx------  1 cms415 gplcms   29498 Feb  2 20:35 CMSSW.sh
drwxr-xr-x 15 cms415 gplcms    4096 Feb  2 23:07 CMSSW_6_2_0_SLHC12
-rw-------  1 cms415 gplcms     189 Feb  2 20:35 CacheEnv.sh
-rw-------  1 cms415 gplcms    7291 Nov 19 14:52 DashboardAPI.py
-rw-------  1 cms415 gplcms    6455 Feb  2 20:35 DashboardAPI.pyc
drwx------  2 cms415 gplcms    4096 Feb  2 23:07 IMProv
-rw-------  1 cms415 gplcms    2748 Nov 19 14:52 Logger.py
-rw-------  1 cms415 gplcms    3227 Feb  2 20:35 Logger.pyc
-rw-------  1 cms415 gplcms   24524 Nov 19 14:52 ProcInfo.py
-rw-------  1 cms415 gplcms   22621 Feb  2 20:35 ProcInfo.pyc
drwx------  7 cms415 gplcms    4096 Feb  2 20:35 ProdCommon
drwx------  3 cms415 gplcms    4096 Feb  2 20:35 WMCore
-rw-------  1 cms415 gplcms    5519 Feb  2 23:07 Watchdog_354.log
-rwx------  1 cms415 gplcms       0 Feb  2 20:35 _condor_stderr
-rwx---r--  1 cms415 gplcms   39199 Feb  2 23:08 _condor_stdout
-rw-------  1 cms415 gplcms   32895 Nov 19 14:52 apmon.py
-rw-------  1 cms415 gplcms   27929 Feb  2 20:35 apmon.pyc
-rwx------  1 cms415 gplcms  134309 Feb  2 20:35 arguments.xml
-rwx------  1 cms415 gplcms   38581 Nov 19 14:52 cmscp.py
-rw-------  1 cms415 gplcms     561 Feb  2 23:08 cmscpReport.sh
-rwx------  1 cms415 gplcms   29498 Feb  2 20:35 condor_exec.exe
-rw-------  1 cms415 gplcms     544 Feb  2 12:16 crab.cfg
-rwx------  1 cms415 gplcms    8610 Nov 19 14:52 crabWatchdog.sh
-rwx---r--  1 cms415 gplcms  112086 Feb  2 23:07 crab_fjr_354.xml
-rwx------  1 cms415 gplcms 7390485 Feb  2 20:35 default.tgz
-rwx------  1 cms415 gplcms    4488 Nov 19 14:52 fillCrabFjr.py
-rw-------  1 cms415 gplcms     226 Feb  2 20:35 inputsReport.txt
-rw-------  1 cms415 gplcms     244 Feb  2 23:08 jobreport.txt
-rw-------  1 cms415 gplcms   17352 Nov 19 14:52 parseCrabFjr.py
-rw-------  1 cms415 gplcms     324 Feb  2 20:35 report.log
-rwx--x--x  1 cms415 gplcms    1497 Nov 19 14:52 report.py
-rw-------  1 cms415 gplcms     554 Feb  2 23:08 resultCopyFile
lrwxrwxrwx  1 cms415 gplcms      95 Feb  2 23:07 step2.root -> /scratch/condor/dir_8720/glide_usYANa/execute/dir_23016/CMSSW_6_2_0_SLHC12/step2_354_1_Go3.root
-rwx------  1 cms415 gplcms    8351 Nov 19 14:52 writeCfg.py
-rw-------  1 cms415 gplcms   10293 Feb  2 20:34 x509up_u62281
>>> Modify Job Report:
CMSSW_VERSION = CMSSW_6_2_0_SLHC12
ProcessedDataset = ttbar_PU140_DIGI
/scratch/condor/dir_8720/glide_usYANa/execute/dir_23016/ProdCommon/FwkJobRep/ModifyJobReport.py fjr /scratch/condor/dir_8720/glide_usYANa/execute/dir_23016/crab_fjr_354.xml json /scratch/condor/dir_8720/glide_usYANa/execute/dir_23016/resultCopyFile n_job 354_1_Go3 PrimaryDataset ttbar  ApplicationFamily cmsRun ApplicationName cmsRun cmssw_version CMSSW_6_2_0_SLHC12 psethash 3c0380cf82de79bc39966c93934c61fc UserProcessedDataset dcieri-ttbar_PU140_DIGI-3c0380cf82de79bc39966c93934c61fc
inputDict =  {u'/scratch/condor/dir_8720/glide_usYANa/execute/dir_23016/CMSSW_6_2_0_SLHC12/step2_354_1_Go3.root': {u'endpoint': u'srm://heplnx204.pp.rl.ac.uk:8443/srm/managerv2?SFN=/pnfs/pp.rl.ac.uk/data/cms/store/user/dcieri/ttbar_PU140_DIGI/dcieri/ttbar/ttbar_PU140_DIGI/3c0380cf82de79bc39966c93934c61fc/', u'surl_for_grid': u'', u'reason': u'Copy succedeed with srm-lcg utils', u'erCode': u'0', u'PNN': u'T2_UK_SGrid_RALPP', u'se_name': u'heplnx204.pp.rl.ac.uk', u'for_lfn': u'/store/user/dcieri/ttbar_PU140_DIGI/dcieri/ttbar/ttbar_PU140_DIGI/3c0380cf82de79bc39966c93934c61fc/'}}
UserProcessedDataset =  dcieri-ttbar_PU140_DIGI-3c0380cf82de79bc39966c93934c61fc
WORKING ON EDM FILE
file_name in inputDict =  /scratch/condor/dir_8720/glide_usYANa/execute/dir_23016/CMSSW_6_2_0_SLHC12/step2_354_1_Go3.root
(size) os.stat(filename)[6] =  245551420
checksum =  2742569199
    file =  step2_354_1_Go3.root
    newPfn =  srm://heplnx204.pp.rl.ac.uk:8443/srm/managerv2?SFN=/pnfs/pp.rl.ac.uk/data/cms/store/user/dcieri/ttbar_PU140_DIGI/dcieri/ttbar/ttbar_PU140_DIGI/3c0380cf82de79bc39966c93934c61fc/step2_354_1_Go3.root
    newLfn =  /store/user/dcieri/ttbar_PU140_DIGI/dcieri/ttbar/ttbar_PU140_DIGI/3c0380cf82de79bc39966c93934c61fc/step2_354_1_Go3.root
>>> crab_fjr_*.xml  permission set to 0704
CrabWrapper EXIT_FUNC entered at Mon Feb  2 23:08:13 GMT 2015   -  Mon Feb  2 23:08:13 UTC 2015
Checking output files:  
will tar file crab_fjr_354.xml in  out_files_354
WARNING: output file CMSSW_354.stdout not found!
WARNING: output file CMSSW_354.stderr not found!
WARNING: output file Watchdog_354.log.gz not found!
>>> padding time: Wrapper lasting more than 600 seconds. No sleep required.
STOPPING WATCHDOG. CrabWatchdog PID is 24212
********** LAST 50 LINES OF WATCHDOG LOG
# CPU TIME        : 720h:0m:0s
# WALL CLOCK TIME : 21h:50m:0s
 
# FOLLOWING PRINTOUT TRACKS MAXIMUM VALUES OF RESOURCES USE
# ONE LINE IS PRINTED EACH TIME A MAXIMUM CHANGES
# IF CHANGE WAS IN RSS OR VSZ ALSO PROCID AND COMMAND ARE PRINTED
# THERE IS NO PRINTOUT FOR CPU/WALL TIME INCREASE
 
# TIME			PID	RSS(KB)	VSZ(KB)	Dsk(MB)	tCPU(s)	tWALL(s)	COMMAND
 Feb 02 20:35:41 GMT	23848	1784	22496	0	0	1	/bin/sh /scratch/condor/dir_8720/glide_usYANa/execute/dir_23016/condor_exec.exe 354 1       
 Feb 02 20:35:41 GMT	24225	30800	102940	0	0	1	edmConfigHash pset.py         
 Feb 02 20:35:41 GMT	---	30800	102940	36	----	----	----
 Feb 02 20:36:42 GMT	24533	509468	904712	36	49	61	cmsRun -j /scratch/condor/dir_8720/glide_usYANa/execute/dir_23016/crab_fjr_354.xml -p pset.py      
 Feb 02 20:36:42 GMT	---	509468	904712	52	----	----	----
 Feb 02 20:37:42 GMT	24533	741436	1180264	52	57	121	cmsRun -j /scratch/condor/dir_8720/glide_usYANa/execute/dir_23016/crab_fjr_354.xml -p pset.py      
 Feb 02 20:38:42 GMT	24533	755672	1199976	52	58	181	cmsRun -j /scratch/condor/dir_8720/glide_usYANa/execute/dir_23016/crab_fjr_354.xml -p pset.py      
 Feb 02 20:39:42 GMT	24533	756304	1200744	52	60	242	cmsRun -j /scratch/condor/dir_8720/glide_usYANa/execute/dir_23016/crab_fjr_354.xml -p pset.py      
 Feb 02 20:40:43 GMT	24533	770380	1223016	52	63	302	cmsRun -j /scratch/condor/dir_8720/glide_usYANa/execute/dir_23016/crab_fjr_354.xml -p pset.py      
 Feb 02 20:41:43 GMT	24533	777132	1230440	52	66	363	cmsRun -j /scratch/condor/dir_8720/glide_usYANa/execute/dir_23016/crab_fjr_354.xml -p pset.py      
 Feb 02 20:42:44 GMT	24533	780540	1233512	52	69	423	cmsRun -j /scratch/condor/dir_8720/glide_usYANa/execute/dir_23016/crab_fjr_354.xml -p pset.py      
 Feb 02 20:43:44 GMT	24533	781752	1239400	52	72	483	cmsRun -j /scratch/condor/dir_8720/glide_usYANa/execute/dir_23016/crab_fjr_354.xml -p pset.py      
 Feb 02 20:44:44 GMT	24533	783228	1240936	52	75	543	cmsRun -j /scratch/condor/dir_8720/glide_usYANa/execute/dir_23016/crab_fjr_354.xml -p pset.py      
 Feb 02 20:45:44 GMT	24533	786448	1245032	52	78	604	cmsRun -j /scratch/condor/dir_8720/glide_usYANa/execute/dir_23016/crab_fjr_354.xml -p pset.py      
 Feb 02 20:47:45 GMT	24533	790084	1256816	52	82	724	cmsRun -j /scratch/condor/dir_8720/glide_usYANa/execute/dir_23016/crab_fjr_354.xml -p pset.py      
 Feb 02 20:48:45 GMT	24533	791632	1259120	52	86	784	cmsRun -j /scratch/condor/dir_8720/glide_usYANa/execute/dir_23016/crab_fjr_354.xml -p pset.py      
 Feb 02 20:49:45 GMT	24533	799744	1266544	52	89	845	cmsRun -j /scratch/condor/dir_8720/glide_usYANa/execute/dir_23016/crab_fjr_354.xml -p pset.py      
 Feb 02 20:50:46 GMT	24533	802740	1267824	52	92	905	cmsRun -j /scratch/condor/dir_8720/glide_usYANa/execute/dir_23016/crab_fjr_354.xml -p pset.py      
 Feb 02 20:51:46 GMT	24533	812728	1272688	52	95	965	cmsRun -j /scratch/condor/dir_8720/glide_usYANa/execute/dir_23016/crab_fjr_354.xml -p pset.py      
 Feb 02 20:52:46 GMT	24533	866304	1314672	52	102	1025	cmsRun -j /scratch/condor/dir_8720/glide_usYANa/execute/dir_23016/crab_fjr_354.xml -p pset.py      
 Feb 02 20:53:46 GMT	24533	948488	1405808	52	112	1086	cmsRun -j /scratch/condor/dir_8720/glide_usYANa/execute/dir_23016/crab_fjr_354.xml -p pset.py      
 Feb 02 20:54:47 GMT	24533	963184	1417840	52	116	1146	cmsRun -j /scratch/condor/dir_8720/glide_usYANa/execute/dir_23016/crab_fjr_354.xml -p pset.py      
 Feb 02 20:57:47 GMT	24533	968028	1426032	52	122	1327	cmsRun -j /scratch/condor/dir_8720/glide_usYANa/execute/dir_23016/crab_fjr_354.xml -p pset.py      
 Feb 02 20:58:48 GMT	24533	1416176	1878380	52	152	1387	cmsRun -j /scratch/condor/dir_8720/glide_usYANa/execute/dir_23016/crab_fjr_354.xml -p pset.py      
 Feb 02 20:58:48 GMT	---	1416176	1878380	75	----	----	----
 Feb 02 21:17:57 GMT	24533	1455324	1878380	75	232	2537	cmsRun -j /scratch/condor/dir_8720/glide_usYANa/execute/dir_23016/crab_fjr_354.xml -p pset.py      
 Feb 02 21:18:58 GMT	---	1455324	1878380	98	----	----	----
 Feb 02 21:41:04 GMT	---	1455324	1878380	119	----	----	----
 Feb 02 22:01:10 GMT	---	1455324	1878380	141	----	----	----
 Feb 02 22:15:15 GMT	24533	1508784	1904904	141	528	5974	cmsRun -j /scratch/condor/dir_8720/glide_usYANa/execute/dir_23016/crab_fjr_354.xml -p pset.py      
 Feb 02 22:15:15 GMT	---	1508784	1904904	142	----	----	----
 Feb 02 22:16:15 GMT	---	1508784	1904904	162	----	----	----
 Feb 02 22:28:19 GMT	---	1508784	1904904	183	----	----	----
 Feb 02 22:31:20 GMT	---	1508784	1904904	184	----	----	----
 Feb 02 22:38:22 GMT	24533	1567164	1957896	184	741	7362	cmsRun -j /scratch/condor/dir_8720/glide_usYANa/execute/dir_23016/crab_fjr_354.xml -p pset.py      
 Feb 02 22:39:23 GMT	---	1567164	1957896	205	----	----	----
 Feb 02 22:48:25 GMT	24533	1582668	1991432	205	841	7965	cmsRun -j /scratch/condor/dir_8720/glide_usYANa/execute/dir_23016/crab_fjr_354.xml -p pset.py      
 Feb 02 22:48:25 GMT	---	1582668	1991432	217	----	----	----
 Feb 02 22:49:26 GMT	---	1582668	1991432	227	----	----	----
 Feb 02 22:58:30 GMT	---	1582668	1991432	249	----	----	----
 Feb 02 23:07:33 GMT	---	1582668	1991432	272	----	----	----
********** WATCHDOG LOG ENDED
ZIPPING WATCHDOG LOG
Disk space used:
du -sh /scratch/condor/dir_8720/glide_usYANa/execute/dir_23016
272M	/scratch/condor/dir_8720/glide_usYANa/execute/dir_23016
Found unusual stdout, rename for OSB
`/scratch/condor/dir_8720/glide_usYANa/execute/dir_23016/_condor_stdout' -> `CMSSW_354.stdout'
Found unusual stderr, rename for OSB
`/scratch/condor/dir_8720/glide_usYANa/execute/dir_23016/_condor_stdout' -> `CMSSW_354.stderr'
crab_fjr_354.xml
CMSSW_354.stdout
CMSSW_354.stderr
Watchdog_354.log.gz
Total Output dimension: 23790
WARNING: output files size limit is set to: 50000000
Total Output dimension 23790 is fine.
JOB_EXIT_STATUS = 0
>>> info for dashboard:
***** Cat /scratch/condor/dir_8720/glide_usYANa/execute/dir_23016/jobreport.txt *****
MonitorJobID=354_https://submit-6.t2.ucsd.edu//150202//509447.353
MonitorID=dcieri_PU140_4dm08r
ExeTime=9094
ExeExitCode=0
StageOutExitStatusReason = 'Copy succedeed with srm-lcg utils'
StageOutSE = heplnx204.pp.rl.ac.uk
StageOutExitStatus = 0
CrabUserCpuTime=1056.10
CrabSysCpuTime=29.05
CrabCpuPercentage=11%
CrabWrapperTime=9157
CrabStageoutTime=48
JobExitCode=0
***** End Cat jobreport *****
Parameters sent to Dashboard.
EXITING at Mon Feb  2 23:08:16 GMT 2015  -  Mon Feb  2 23:08:16 UTC 2015
