This script was generated by crab (version 2.11.1_patch1).
Running /scratch/condor/dir_29871/glide_7UKolv/execute/dir_2034/condor_exec.exe with 2 positional parameters: 308 1
Today is Mon Feb  2 20:27:59 GMT 2015 - Mon Feb  2 20:27:59 UTC 2015
Job submitted on host heplnc349.pp.rl.ac.uk
Linux heplnc349.pp.rl.ac.uk 2.6.32-504.3.3.el6.x86_64 #1 SMP Tue Dec 16 14:29:22 CST 2014 x86_64 x86_64 x86_64 GNU/Linux
Distributor ID:	Scientific
Description:	Scientific Linux release 6.6 (Carbon)
>>> current directory (RUNTIME_AREA): /scratch/condor/dir_29871/glide_7UKolv/execute/dir_2034
>>> current user: uid=157415(cms415) gid=157000(gplcms) groups=157000(gplcms)
>>> directory permission set to 0700
>>> umask set to:  u=rwx,g=,o=
>>> stdout stderr permission set to 0704
>>> voms proxy information:
subject   : /DC=ch/DC=cern/OU=Organic Units/OU=Users/CN=dcieri/CN=755391/CN=Davide Cieri/CN=769881070/CN=1083985795
issuer    : /DC=ch/DC=cern/OU=Organic Units/OU=Users/CN=dcieri/CN=755391/CN=Davide Cieri/CN=769881070
identity  : /DC=ch/DC=cern/OU=Organic Units/OU=Users/CN=dcieri/CN=755391/CN=Davide Cieri
type      : RFC3820 compliant limited proxy
strength  : 1024
path      : /scratch/condor/dir_29871/glide_7UKolv/execute/dir_2034/x509up_u62281
timeleft  : 23:58:19
key usage : Digital Signature, Key Encipherment
=== VO cms extension information ===
VO        : cms
subject   : /DC=ch/DC=cern/OU=Organic Units/OU=Users/CN=dcieri/CN=755391/CN=Davide Cieri
issuer    : /DC=ch/DC=cern/OU=computers/CN=lcg-voms2.cern.ch
attribute : /cms/Role=NULL/Capability=NULL
timeleft  : 183:48:26
uri       : lcg-voms2.cern.ch:15002

WNHostName=heplnc349.pp.rl.ac.uk
$_CONDOR_JOB_AD =/scratch/condor/dir_29871/glide_7UKolv/execute/dir_2034/.job.ad
OverflowFlag=0
>>> tar --no-same-permissions -xf /scratch/condor/dir_29871/glide_7UKolv/execute/dir_2034/default.tgz :
Successful untar
>>> Include /scratch/condor/dir_29871/glide_7UKolv/execute/dir_2034 in PYTHONPATH:
strip arguments
env var CRAB_UNIQUE_JOB_ID set to: dcieri_PU140_4dm08r_308_1_FwK
out_files_308
>>> list of expected files on output sandbox
output files: crab_fjr_308.xml CMSSW_308.stdout CMSSW_308.stderr Watchdog_308.log.gz
>>> GridFlavour discovery: 
GridFlavour=LCG
>>> SyncSite discovery: 
SyncSite=T2_UK_SGrid_RALPP
>>> SyncCE discovery: 
getting SyncCE from GLIDEIN_Gaekeeper
SyncCE=heplnv146.pp.rl.ac.uk
>>> info for dashboard:
***** Cat /scratch/condor/dir_29871/glide_7UKolv/execute/dir_2034/jobreport.txt *****
WNHostName=heplnc349.pp.rl.ac.uk
OverflowFlag=0
MonitorJobID=308_https://submit-6.t2.ucsd.edu//150202//509447.307
SyncGridJobId=https://submit-6.t2.ucsd.edu//150202//509447.307
MonitorID=dcieri_PU140_4dm08r
GridFlavour=LCG
SyncSite=T2_UK_SGrid_RALPP
SyncCE=heplnv146.pp.rl.ac.uk
***** End Cat jobreport *****
Parameters sent to Dashboard.
>>> setup environment
set SCRAM ARCH to slc6_amd64_gcc472
SCRAM_ARCH = slc6_amd64_gcc472
>>> setup CMS LCG environment:
set SCRAM ARCH and BUILD_ARCH to slc6_amd64_gcc472 ###
Sourcing environment... 
sourcing /cvmfs/cms.cern.ch/cmsset_default.sh
==> setup cms environment ok
>>> specific cmssw setup environment:
CMSSW_VERSION =  CMSSW_6_2_0_SLHC12
WARNING: In non-interactive mode release checks e.g. deprecated releases, production architectures are disabled.
>>> current directory (SOFTWARE_DIR): /scratch/condor/dir_29871/glide_7UKolv/execute/dir_2034/CMSSW_6_2_0_SLHC12
PreserveSeeds: <>
IncrementSeeds:<>
>>> info for dashboard:
***** Cat /scratch/condor/dir_29871/glide_7UKolv/execute/dir_2034/jobreport.txt *****
MonitorJobID=308_https://submit-6.t2.ucsd.edu//150202//509447.307
MonitorID=dcieri_PU140_4dm08r
***** End Cat jobreport *****
Parameters sent to Dashboard.
crabWatchdog started as process 5300
>>> moving CMSSW software directories in /scratch/condor/dir_29871/glide_7UKolv/execute/dir_2034/CMSSW_6_2_0_SLHC12
mv: cannot stat `/scratch/condor/dir_29871/glide_7UKolv/execute/dir_2034/module/': No such file or directory
>>> Include /scratch/condor/dir_29871/glide_7UKolv/execute/dir_2034 in PYTHONPATH:
PYTHONPATH=/scratch/condor/dir_29871/glide_7UKolv/execute/dir_2034/:/scratch/condor/dir_29871/glide_7UKolv/execute/dir_2034/CMSSW_6_2_0_SLHC12/python:/scratch/condor/dir_29871/glide_7UKolv/execute/dir_2034/CMSSW_6_2_0_SLHC12/lib/slc6_amd64_gcc472:/cvmfs/cms.cern.ch/slc6_amd64_gcc472/cms/cmssw/CMSSW_6_2_0_SLHC12/python:/cvmfs/cms.cern.ch/slc6_amd64_gcc472/cms/cmssw/CMSSW_6_2_0_SLHC12/lib/slc6_amd64_gcc472:/cvmfs/cms.cern.ch/slc6_amd64_gcc472/cms/coral/CORAL_2_3_21-cms35/slc6_amd64_gcc472/python:/cvmfs/cms.cern.ch/slc6_amd64_gcc472/cms/coral/CORAL_2_3_21-cms35/slc6_amd64_gcc472/lib:/cvmfs/cms.cern.ch/slc6_amd64_gcc472/external/python-ldap/2.3.5-cms5/lib/python2.7/site-packages:/cvmfs/cms.cern.ch/slc6_amd64_gcc472/external/pyqt/4.8.1-cms5/lib/python2.7/site-packages:/cvmfs/cms.cern.ch/slc6_amd64_gcc472/external/py2-scipy/0.8.0-cms7/lib/python2.7/site-packages:/cvmfs/cms.cern.ch/slc6_amd64_gcc472/external/py2-matplotlib/1.0.1-cms7/lib/python2.7/site-packages:/cvmfs/cms.cern.ch/slc6_amd64_gcc472/external/sip/4.11.2-cms5/lib/python2.7/site-packages:/cvmfs/cms.cern.ch/slc6_amd64_gcc472/external/py2-pycurl/7.19.0-cms7/lib/python2.7/site-packages:/cvmfs/cms.cern.ch/slc6_amd64_gcc472/external/py2-numpy/1.6.1-cms7/lib/python2.7/site-packages:/cvmfs/cms.cern.ch/slc6_amd64_gcc472/external/py2-lint/0.25.1-cms5/lib/python2.7/site-packages:/cvmfs/cms.cern.ch/slc6_amd64_gcc472/external/py2-ipython/0.10-cms5/lib/python2.7/site-packages:/cvmfs/cms.cern.ch/slc6_amd64_gcc472/external/py2-cx-oracle/5.1-cms5/lib/python2.7/site-packages:/cvmfs/cms.cern.ch/slc6_amd64_gcc472/external/py2-cjson/1.0.5-cms5/lib/python2.7/site-packages:/cvmfs/cms.cern.ch/slc6_amd64_gcc472/cms/das-client/1.11.7/bin:/cvmfs/cms.cern.ch/slc6_amd64_gcc472/external/elementtree/1.2.6-cms5/share/lib/python2.7/site-packages:/cvmfs/cms.cern.ch/slc6_amd64_gcc472/external/rivet/1.8.2-cms9/lib/python2.7/site-packages:/cvmfs/cms.cern.ch/slc6_amd64_gcc472/external/pyminuit2/0.0.1-cms19/lib/python2.7/site-packages:/cvmfs/cms.cern.ch/slc6_amd64_gcc472/external/py2-pygithub/1.23.0-cms2/lib/python2.7/site-packages:/cvmfs/cms.cern.ch/slc6_amd64_gcc472/external/professor/1.0.0-cms19/lib/python2.7/site-packages:/cvmfs/cms.cern.ch/slc6_amd64_gcc472/lcg/root/5.34.07-cms/lib:/cvmfs/cms.cern.ch/slc6_amd64_gcc472/cms/dbs-client/DBS_2_1_9-cms5/lib:/cvmfs/cms.cern.ch/slc6_amd64_gcc472/cms/dbs-client/DBS_2_1_9-cms5/lib/DBSAPI:/cvmfs/cms.cern.ch/slc6_amd64_gcc472/external/cvs2git/5419-cms/lib:/scratch/condor/dir_29871/glide_7UKolv/execute/dir_2034/
 
# LIMITS USED BY CRAB WATCHDOG:
# RSS  (KBytes)   : 2300000
# VSZ  (KBytes)   : 100000000
# DISK (MBytes)   : 19000
# CPU TIME        : 720h:0m:0s
# WALL CLOCK TIME : 21h:50m:0s
 
3c0380cf82de79bc39966c93934c61fc
PSETHASH = 3c0380cf82de79bc39966c93934c61fc
/scratch/condor/dir_29871/glide_7UKolv/execute/dir_2034/writeCfg.py pset.py pset.py
Importing .py file
Setting parameters
RandomNumberGeneratorService found, will attempt to change seeds
inputBlocks=/ttbar/dcieri-ttbar_SIM-130075366148575c102f0d64fd3ac8f7/USER#d88f8312-b22c-48f9-b58b-21cac727e67d
inputFiles=/store/user/dcieri/ttbar_SIM/ttbar/ttbar_SIM/150129_145223/0000/step1_436.root
parentFiles=
lumisRange=
>>> Executable cmsRun
/cvmfs/cms.cern.ch/slc6_amd64_gcc472/cms/cmssw/CMSSW_6_2_0_SLHC12/bin/slc6_amd64_gcc472/cmsRun
ok executable found
>>> info for dashboard:
***** Cat /scratch/condor/dir_29871/glide_7UKolv/execute/dir_2034/jobreport.txt *****
MonitorJobID=308_https://submit-6.t2.ucsd.edu//150202//509447.307
MonitorID=dcieri_PU140_4dm08r
ExeStart=cmsRun
***** End Cat jobreport *****
Parameters sent to Dashboard.
>>> cmsRun started at Mon Feb  2 20:28:05 UTC 2015
>>> cmsRun ended at Mon Feb  2 23:08:38 UTC 2015
>>> crab_fjr_*.xml  permission set to 0704
>>> info for dashboard:
***** Cat /scratch/condor/dir_29871/glide_7UKolv/execute/dir_2034/jobreport.txt *****
MonitorJobID=308_https://submit-6.t2.ucsd.edu//150202//509447.307
MonitorID=dcieri_PU140_4dm08r
ExeEnd=cmsRun
***** End Cat jobreport *****
Parameters sent to Dashboard.
TIME_EXE = 9633 sec
>>> cmsRun wrote 209 lines of stdout+stderr
>>> START OF printout of 209 lines from stdout+stderr
271 DQMStore::DQMStore 
HcalTopologyIdealEP::HcalTopologyIdealEP
02-Feb-2015 20:28:13 GMT  Initiating request to open file root://dcap.pp.rl.ac.uk:1094/pnfs/pp.rl.ac.uk/data/cms/store/user/dcieri/ttbar_SIM/ttbar/ttbar_SIM/150129_145223/0000/step1_436.root
150202 20:28:17 5433 Xrd: CheckErrorStatus: Server [heplnx210.pp.rl.ac.uk:1094] declared: Request 3018 not supported(error code: 3013)
02-Feb-2015 20:28:18 GMT  Successfully opened file root://dcap.pp.rl.ac.uk:1094/pnfs/pp.rl.ac.uk/data/cms/store/user/dcieri/ttbar_SIM/ttbar/ttbar_SIM/150129_145223/0000/step1_436.root
02-Feb-2015 20:28:18 GMT  Initiating request to open file root://xrootd.unl.edu//store/group/dpg_trigger/comm_trigger/L1TrackTrigger/620_SLHC10/Extended2023TTI/MinBias/MinBias_TuneZ2star_GEN_SIM_1.root
02-Feb-2015 20:28:20 GMT  Successfully opened file root://xrootd.unl.edu//store/group/dpg_trigger/comm_trigger/L1TrackTrigger/620_SLHC10/Extended2023TTI/MinBias/MinBias_TuneZ2star_GEN_SIM_1.root
disableME1a = 0
HcalTopologyIdealEP::produce(const IdealGeometryRecord& iRecord)
mode = 2, maxDepthHB = 3, maxDepthHE = 5
RPCGeometryESModule :: produce
RPCGeometryESModule :: produce :: 1/4 Get Muon Ideal Geometry Record
RPCGeometryESModule :: produce :: 2/4 Get Muon DDD Constants
RPCGeometryESModule :: produce :: 3/4 Get Muon Numbering Record
in MuonNumberingInitialization::initializeMuonDDDConstants
about to make my new muonDDDConst_
in MuonNumberingInitialization::produce
RPCGeometryESModule :: produce :: 4/4 Build
Found:

	Barrel Stack layer 5 : 1008 stacks
	Barrel Stack layer 6 : 1320 stacks
	Barrel Stack layer 7 : 1836 stacks
	Barrel Stack layer 8 : 1152 stacks
	Barrel Stack layer 9 : 1488 stacks
	Barrel Stack layer 10 : 1824 stacks

	Endcap Stack disk 11 : 1360 stacks
	Endcap Stack disk 12 : 1360 stacks
	Endcap Stack disk 13 : 1360 stacks
	Endcap Stack disk 14 : 1360 stacks
	Endcap Stack disk 15 : 1360 stacks
Created 15428 stacks in 17 s

TTClusterBuilder< edm::Ref<edm::DetSetVector<PixelDigi>, PixelDigi, edm::refhelper::FindForDetSetVector<PixelDigi> > > loaded modules:
	TTClusterAlgorithm:	TTClusterAlgorithm_2d2013< edm::Ref<edm::DetSetVector<PixelDigi>, PixelDigi, edm::refhelper::FindForDetSetVector<PixelDigi> > >


TTStubBuilder< edm::Ref<edm::DetSetVector<PixelDigi>, PixelDigi, edm::refhelper::FindForDetSetVector<PixelDigi> > > loaded modules:
	TTStubAlgorithm:	TTStubAlgorithm_tab2013< edm::Ref<edm::DetSetVector<PixelDigi>, PixelDigi, edm::refhelper::FindForDetSetVector<PixelDigi> > >


TTClusterAssociator< edm::Ref<edm::DetSetVector<PixelDigi>, PixelDigi, edm::refhelper::FindForDetSetVector<PixelDigi> > > loaded.


TTStubAssociator< edm::Ref<edm::DetSetVector<PixelDigi>, PixelDigi, edm::refhelper::FindForDetSetVector<PixelDigi> > > loaded.


TTTrackAssociator< edm::Ref<edm::DetSetVector<PixelDigi>, PixelDigi, edm::refhelper::FindForDetSetVector<PixelDigi> > > loaded.

Begin processing the 1st record. Run 1, Event 4351, LumiSection 436 at 02-Feb-2015 20:28:53.785 GMT
02-Feb-2015 20:29:00 GMT  Closed file root://xrootd.unl.edu//store/group/dpg_trigger/comm_trigger/L1TrackTrigger/620_SLHC10/Extended2023TTI/MinBias/MinBias_TuneZ2star_GEN_SIM_1.root
02-Feb-2015 20:29:00 GMT  Initiating request to open file root://xrootd.unl.edu//store/group/dpg_trigger/comm_trigger/L1TrackTrigger/620_SLHC10/Extended2023TTI/MinBias/MinBias_TuneZ2star_GEN_SIM_76.root
02-Feb-2015 20:29:30 GMT  Successfully opened file root://xrootd.unl.edu//store/group/dpg_trigger/comm_trigger/L1TrackTrigger/620_SLHC10/Extended2023TTI/MinBias/MinBias_TuneZ2star_GEN_SIM_76.root
150202 20:34:13 5456 Xrd: XrdClientMessage::ReadRaw: Failed to read header (8 bytes).
150202 20:34:43 5452 Xrd: XrdClientMessage::ReadRaw: Failed to read header (8 bytes).
02-Feb-2015 20:38:26 GMT  Closed file root://xrootd.unl.edu//store/group/dpg_trigger/comm_trigger/L1TrackTrigger/620_SLHC10/Extended2023TTI/MinBias/MinBias_TuneZ2star_GEN_SIM_76.root
02-Feb-2015 20:38:26 GMT  Initiating request to open file root://xrootd.unl.edu//store/group/dpg_trigger/comm_trigger/L1TrackTrigger/620_SLHC10/Extended2023TTI/MinBias/MinBias_TuneZ2star_GEN_SIM_381.root
150202 20:38:57 21607 Xrd: CheckErrorStatus: Server [xrootd-redic.pi.infn.it:1094] declared: session not found(error code: 3011)
02-Feb-2015 20:38:58 GMT  Successfully opened file root://xrootd.unl.edu//store/group/dpg_trigger/comm_trigger/L1TrackTrigger/620_SLHC10/Extended2023TTI/MinBias/MinBias_TuneZ2star_GEN_SIM_381.root
150202 20:43:44 7048 Xrd: XrdClientMessage::ReadRaw: Failed to read header (8 bytes).
150202 20:44:14 22964 Xrd: XrdClientMessage::ReadRaw: Failed to read header (8 bytes).
02-Feb-2015 20:47:52 GMT  Closed file root://xrootd.unl.edu//store/group/dpg_trigger/comm_trigger/L1TrackTrigger/620_SLHC10/Extended2023TTI/MinBias/MinBias_TuneZ2star_GEN_SIM_381.root
02-Feb-2015 20:47:52 GMT  Initiating request to open file root://xrootd.unl.edu//store/group/dpg_trigger/comm_trigger/L1TrackTrigger/620_SLHC10/Extended2023TTI/MinBias/MinBias_TuneZ2star_GEN_SIM_70.root
150202 20:48:23 4662 Xrd: CheckErrorStatus: Server [llrxrd-redir.in2p3.fr:1094] declared: session not found(error code: 3011)
02-Feb-2015 20:48:23 GMT  Successfully opened file root://xrootd.unl.edu//store/group/dpg_trigger/comm_trigger/L1TrackTrigger/620_SLHC10/Extended2023TTI/MinBias/MinBias_TuneZ2star_GEN_SIM_70.root
150202 20:48:23 5441 Xrd: XrdClientMessage::ReadRaw: Failed to read header (8 bytes).
Building the geometry service
Warning did not find digi
Warning did not find digi
Warning did not find digi
Warning did not find digi
Warning did not find digi in disks
Warning did not find digi in disks
Warning did not find digi in disks
Warning did not find digi in disks
150202 20:53:14 22965 Xrd: XrdClientMessage::ReadRaw: Failed to read header (8 bytes).
150202 20:53:44 4918 Xrd: XrdClientMessage::ReadRaw: Failed to read header (8 bytes).
02-Feb-2015 20:58:16 GMT  Closed file root://xrootd.unl.edu//store/group/dpg_trigger/comm_trigger/L1TrackTrigger/620_SLHC10/Extended2023TTI/MinBias/MinBias_TuneZ2star_GEN_SIM_70.root
02-Feb-2015 20:58:16 GMT  Initiating request to open file root://xrootd.unl.edu//store/group/dpg_trigger/comm_trigger/L1TrackTrigger/620_SLHC10/Extended2023TTI/MinBias/MinBias_TuneZ2star_GEN_SIM_162.root
150202 20:58:47 20527 Xrd: CheckErrorStatus: Server [llrxrd-redir.in2p3.fr:1094] declared: session not found(error code: 3011)
02-Feb-2015 20:58:47 GMT  Successfully opened file root://xrootd.unl.edu//store/group/dpg_trigger/comm_trigger/L1TrackTrigger/620_SLHC10/Extended2023TTI/MinBias/MinBias_TuneZ2star_GEN_SIM_162.root
150202 20:59:14 5451 Xrd: XrdClientMessage::ReadRaw: Failed to read header (8 bytes).
150202 21:03:43 4919 Xrd: XrdClientMessage::ReadRaw: Failed to read header (8 bytes).
150202 21:04:13 21952 Xrd: XrdClientMessage::ReadRaw: Failed to read header (8 bytes).
02-Feb-2015 21:07:06 GMT  Closed file root://xrootd.unl.edu//store/group/dpg_trigger/comm_trigger/L1TrackTrigger/620_SLHC10/Extended2023TTI/MinBias/MinBias_TuneZ2star_GEN_SIM_162.root
02-Feb-2015 21:07:06 GMT  Initiating request to open file root://xrootd.unl.edu//store/group/dpg_trigger/comm_trigger/L1TrackTrigger/620_SLHC10/Extended2023TTI/MinBias/MinBias_TuneZ2star_GEN_SIM_943.root
150202 21:11:04 2226 Xrd: CheckErrorStatus: Server [llrxrd-redir.in2p3.fr:1094] declared: session not found(error code: 3011)
150202 21:11:04 2226 Xrd: CheckErrorStatus: Server [eoscms.cern.ch:1094] declared: session not found(error code: 3011)
02-Feb-2015 21:11:04 GMT  Successfully opened file root://xrootd.unl.edu//store/group/dpg_trigger/comm_trigger/L1TrackTrigger/620_SLHC10/Extended2023TTI/MinBias/MinBias_TuneZ2star_GEN_SIM_943.root
150202 21:12:14 21953 Xrd: XrdClientMessage::ReadRaw: Failed to read header (8 bytes).
150202 21:16:13 8464 Xrd: XrdClientMessage::ReadRaw: Failed to read header (8 bytes).
02-Feb-2015 21:20:35 GMT  Closed file root://xrootd.unl.edu//store/group/dpg_trigger/comm_trigger/L1TrackTrigger/620_SLHC10/Extended2023TTI/MinBias/MinBias_TuneZ2star_GEN_SIM_943.root
02-Feb-2015 21:20:35 GMT  Initiating request to open file root://xrootd.unl.edu//store/group/dpg_trigger/comm_trigger/L1TrackTrigger/620_SLHC10/Extended2023TTI/MinBias/MinBias_TuneZ2star_GEN_SIM_418.root
150202 21:21:06 23835 Xrd: CheckErrorStatus: Server [llrxrd-redir.in2p3.fr:1094] declared: session not found(error code: 3011)
02-Feb-2015 21:21:07 GMT  Successfully opened file root://xrootd.unl.edu//store/group/dpg_trigger/comm_trigger/L1TrackTrigger/620_SLHC10/Extended2023TTI/MinBias/MinBias_TuneZ2star_GEN_SIM_418.root
150202 21:25:44 8465 Xrd: XrdClientMessage::ReadRaw: Failed to read header (8 bytes).
150202 21:26:14 25130 Xrd: XrdClientMessage::ReadRaw: Failed to read header (8 bytes).
02-Feb-2015 21:29:48 GMT  Closed file root://xrootd.unl.edu//store/group/dpg_trigger/comm_trigger/L1TrackTrigger/620_SLHC10/Extended2023TTI/MinBias/MinBias_TuneZ2star_GEN_SIM_418.root
02-Feb-2015 21:29:48 GMT  Initiating request to open file root://xrootd.unl.edu//store/group/dpg_trigger/comm_trigger/L1TrackTrigger/620_SLHC10/Extended2023TTI/MinBias/MinBias_TuneZ2star_GEN_SIM_842.root
150202 21:30:19 5795 Xrd: CheckErrorStatus: Server [llrxrd-redir.in2p3.fr:1094] declared: session not found(error code: 3011)
02-Feb-2015 21:30:19 GMT  Successfully opened file root://xrootd.unl.edu//store/group/dpg_trigger/comm_trigger/L1TrackTrigger/620_SLHC10/Extended2023TTI/MinBias/MinBias_TuneZ2star_GEN_SIM_842.root
150202 21:35:14 25131 Xrd: XrdClientMessage::ReadRaw: Failed to read header (8 bytes).
150202 21:35:43 6970 Xrd: XrdClientMessage::ReadRaw: Failed to read header (8 bytes).
02-Feb-2015 21:39:43 GMT  Closed file root://xrootd.unl.edu//store/group/dpg_trigger/comm_trigger/L1TrackTrigger/620_SLHC10/Extended2023TTI/MinBias/MinBias_TuneZ2star_GEN_SIM_842.root
02-Feb-2015 21:39:43 GMT  Initiating request to open file root://xrootd.unl.edu//store/group/dpg_trigger/comm_trigger/L1TrackTrigger/620_SLHC10/Extended2023TTI/MinBias/MinBias_TuneZ2star_GEN_SIM_991.root
150202 21:40:14 25252 Xrd: CheckErrorStatus: Server [llrxrd-redir.in2p3.fr:1094] declared: session not found(error code: 3011)
02-Feb-2015 21:40:14 GMT  Successfully opened file root://xrootd.unl.edu//store/group/dpg_trigger/comm_trigger/L1TrackTrigger/620_SLHC10/Extended2023TTI/MinBias/MinBias_TuneZ2star_GEN_SIM_991.root
150202 21:45:14 6971 Xrd: XrdClientMessage::ReadRaw: Failed to read header (8 bytes).
150202 21:45:44 27886 Xrd: XrdClientMessage::ReadRaw: Failed to read header (8 bytes).
02-Feb-2015 21:47:23 GMT  Closed file root://xrootd.unl.edu//store/group/dpg_trigger/comm_trigger/L1TrackTrigger/620_SLHC10/Extended2023TTI/MinBias/MinBias_TuneZ2star_GEN_SIM_991.root
02-Feb-2015 21:47:23 GMT  Initiating request to open file root://xrootd.unl.edu//store/group/dpg_trigger/comm_trigger/L1TrackTrigger/620_SLHC10/Extended2023TTI/MinBias/MinBias_TuneZ2star_GEN_SIM_358.root
150202 21:47:53 5891 Xrd: CheckErrorStatus: Server [llrxrd-redir.in2p3.fr:1094] declared: session not found(error code: 3011)
02-Feb-2015 21:47:54 GMT  Successfully opened file root://xrootd.unl.edu//store/group/dpg_trigger/comm_trigger/L1TrackTrigger/620_SLHC10/Extended2023TTI/MinBias/MinBias_TuneZ2star_GEN_SIM_358.root
150202 21:52:44 27887 Xrd: XrdClientMessage::ReadRaw: Failed to read header (8 bytes).
150202 21:53:14 6130 Xrd: XrdClientMessage::ReadRaw: Failed to read header (8 bytes).
02-Feb-2015 21:55:40 GMT  Closed file root://xrootd.unl.edu//store/group/dpg_trigger/comm_trigger/L1TrackTrigger/620_SLHC10/Extended2023TTI/MinBias/MinBias_TuneZ2star_GEN_SIM_358.root
02-Feb-2015 21:55:40 GMT  Initiating request to open file root://xrootd.unl.edu//store/group/dpg_trigger/comm_trigger/L1TrackTrigger/620_SLHC10/Extended2023TTI/MinBias/MinBias_TuneZ2star_GEN_SIM_617.root
150202 21:56:11 22335 Xrd: CheckErrorStatus: Server [llrxrd-redir.in2p3.fr:1094] declared: session not found(error code: 3011)
02-Feb-2015 21:56:11 GMT  Successfully opened file root://xrootd.unl.edu//store/group/dpg_trigger/comm_trigger/L1TrackTrigger/620_SLHC10/Extended2023TTI/MinBias/MinBias_TuneZ2star_GEN_SIM_617.root
150202 22:00:44 6131 Xrd: XrdClientMessage::ReadRaw: Failed to read header (8 bytes).
150202 22:01:13 23432 Xrd: XrdClientMessage::ReadRaw: Failed to read header (8 bytes).
02-Feb-2015 22:02:57 GMT  Closed file root://xrootd.unl.edu//store/group/dpg_trigger/comm_trigger/L1TrackTrigger/620_SLHC10/Extended2023TTI/MinBias/MinBias_TuneZ2star_GEN_SIM_617.root
02-Feb-2015 22:02:57 GMT  Initiating request to open file root://xrootd.unl.edu//store/group/dpg_trigger/comm_trigger/L1TrackTrigger/620_SLHC10/Extended2023TTI/MinBias/MinBias_TuneZ2star_GEN_SIM_147.root
150202 22:08:14 23433 Xrd: XrdClientMessage::ReadRaw: Failed to read header (8 bytes).
150202 22:10:45 31607 Xrd: CheckErrorStatus: Server [xrootd.ba.infn.it:1094] declared: session not found(error code: 3011)
02-Feb-2015 22:10:45 GMT  Successfully opened file root://xrootd.unl.edu//store/group/dpg_trigger/comm_trigger/L1TrackTrigger/620_SLHC10/Extended2023TTI/MinBias/MinBias_TuneZ2star_GEN_SIM_147.root
02-Feb-2015 22:16:11 GMT  Closed file root://xrootd.unl.edu//store/group/dpg_trigger/comm_trigger/L1TrackTrigger/620_SLHC10/Extended2023TTI/MinBias/MinBias_TuneZ2star_GEN_SIM_147.root
02-Feb-2015 22:16:11 GMT  Initiating request to open file root://xrootd.unl.edu//store/group/dpg_trigger/comm_trigger/L1TrackTrigger/620_SLHC10/Extended2023TTI/MinBias/MinBias_TuneZ2star_GEN_SIM_302.root
150202 22:16:11 7610 Xrd: XrdClientMessage::ReadRaw: Failed to read header (8 bytes).
150202 22:16:14 7047 Xrd: XrdClientMessage::ReadRaw: Failed to read header (8 bytes).
150202 22:21:14 7613 Xrd: XrdClientMessage::ReadRaw: Failed to read header (8 bytes).
150202 22:24:22 13705 Xrd: CheckErrorStatus: Server [cms-xrd-global.cern.ch:1094] declared: session not found(error code: 3011)
150202 22:24:22 13705 Xrd: CheckErrorStatus: Server [xrootd-redic.pi.infn.it:1094] declared: session not found(error code: 3011)
02-Feb-2015 22:24:23 GMT  Successfully opened file root://xrootd.unl.edu//store/group/dpg_trigger/comm_trigger/L1TrackTrigger/620_SLHC10/Extended2023TTI/MinBias/MinBias_TuneZ2star_GEN_SIM_302.root
150202 22:29:44 22804 Xrd: XrdClientMessage::ReadRaw: Failed to read header (8 bytes).
150202 22:31:14 7607 Xrd: XrdClientMessage::ReadRaw: Failed to read header (8 bytes).
02-Feb-2015 22:33:39 GMT  Closed file root://xrootd.unl.edu//store/group/dpg_trigger/comm_trigger/L1TrackTrigger/620_SLHC10/Extended2023TTI/MinBias/MinBias_TuneZ2star_GEN_SIM_302.root
02-Feb-2015 22:33:39 GMT  Initiating request to open file root://xrootd.unl.edu//store/group/dpg_trigger/comm_trigger/L1TrackTrigger/620_SLHC10/Extended2023TTI/MinBias/MinBias_TuneZ2star_GEN_SIM_547.root
150202 22:34:10 31261 Xrd: CheckErrorStatus: Server [xrootd-redic.pi.infn.it:1094] declared: session not found(error code: 3011)
02-Feb-2015 22:34:10 GMT  Successfully opened file root://xrootd.unl.edu//store/group/dpg_trigger/comm_trigger/L1TrackTrigger/620_SLHC10/Extended2023TTI/MinBias/MinBias_TuneZ2star_GEN_SIM_547.root
DTTSPhi::addTracoT: preview not present in TRACO trigger or its code=0  trigger not added!
02-Feb-2015 22:38:30 GMT  Closed file root://xrootd.unl.edu//store/group/dpg_trigger/comm_trigger/L1TrackTrigger/620_SLHC10/Extended2023TTI/MinBias/MinBias_TuneZ2star_GEN_SIM_547.root
02-Feb-2015 22:38:30 GMT  Initiating request to open file root://xrootd.unl.edu//store/group/dpg_trigger/comm_trigger/L1TrackTrigger/620_SLHC10/Extended2023TTI/MinBias/MinBias_TuneZ2star_GEN_SIM_220.root
150202 22:38:44 22806 Xrd: XrdClientMessage::ReadRaw: Failed to read header (8 bytes).
150202 22:39:01 3090 Xrd: CheckErrorStatus: Server [cms-xrd-global.cern.ch:1094] declared: session not found(error code: 3011)
150202 22:39:02 3090 Xrd: CheckErrorStatus: Server [eoscms.cern.ch:1094] declared: session not found(error code: 3011)
02-Feb-2015 22:39:02 GMT  Successfully opened file root://xrootd.unl.edu//store/group/dpg_trigger/comm_trigger/L1TrackTrigger/620_SLHC10/Extended2023TTI/MinBias/MinBias_TuneZ2star_GEN_SIM_220.root
02-Feb-2015 22:42:43 GMT  Closed file root://xrootd.unl.edu//store/group/dpg_trigger/comm_trigger/L1TrackTrigger/620_SLHC10/Extended2023TTI/MinBias/MinBias_TuneZ2star_GEN_SIM_220.root
02-Feb-2015 22:42:43 GMT  Initiating request to open file root://xrootd.unl.edu//store/group/dpg_trigger/comm_trigger/L1TrackTrigger/620_SLHC10/Extended2023TTI/MinBias/MinBias_TuneZ2star_GEN_SIM_379.root
150202 22:43:14 5700 Xrd: CheckErrorStatus: Server [cms-xrd-global.cern.ch:1094] declared: session not found(error code: 3011)
02-Feb-2015 22:43:14 GMT  Successfully opened file root://xrootd.unl.edu//store/group/dpg_trigger/comm_trigger/L1TrackTrigger/620_SLHC10/Extended2023TTI/MinBias/MinBias_TuneZ2star_GEN_SIM_379.root
150202 22:43:44 31971 Xrd: XrdClientMessage::ReadRaw: Failed to read header (8 bytes).
02-Feb-2015 22:47:06 GMT  Closed file root://xrootd.unl.edu//store/group/dpg_trigger/comm_trigger/L1TrackTrigger/620_SLHC10/Extended2023TTI/MinBias/MinBias_TuneZ2star_GEN_SIM_379.root
02-Feb-2015 22:47:06 GMT  Initiating request to open file root://xrootd.unl.edu//store/group/dpg_trigger/comm_trigger/L1TrackTrigger/620_SLHC10/Extended2023TTI/MinBias/MinBias_TuneZ2star_GEN_SIM_405.root
02-Feb-2015 22:47:37 GMT  Successfully opened file root://xrootd.unl.edu//store/group/dpg_trigger/comm_trigger/L1TrackTrigger/620_SLHC10/Extended2023TTI/MinBias/MinBias_TuneZ2star_GEN_SIM_405.root
150202 22:48:13 3350 Xrd: XrdClientMessage::ReadRaw: Failed to read header (8 bytes).
02-Feb-2015 22:50:40 GMT  Closed file root://xrootd.unl.edu//store/group/dpg_trigger/comm_trigger/L1TrackTrigger/620_SLHC10/Extended2023TTI/MinBias/MinBias_TuneZ2star_GEN_SIM_405.root
02-Feb-2015 22:50:40 GMT  Initiating request to open file root://xrootd.unl.edu//store/group/dpg_trigger/comm_trigger/L1TrackTrigger/620_SLHC10/Extended2023TTI/MinBias/MinBias_TuneZ2star_GEN_SIM_327.root
02-Feb-2015 22:51:11 GMT  Successfully opened file root://xrootd.unl.edu//store/group/dpg_trigger/comm_trigger/L1TrackTrigger/620_SLHC10/Extended2023TTI/MinBias/MinBias_TuneZ2star_GEN_SIM_327.root
150202 22:52:14 6064 Xrd: XrdClientMessage::ReadRaw: Failed to read header (8 bytes).
02-Feb-2015 22:53:58 GMT  Closed file root://xrootd.unl.edu//store/group/dpg_trigger/comm_trigger/L1TrackTrigger/620_SLHC10/Extended2023TTI/MinBias/MinBias_TuneZ2star_GEN_SIM_327.root
02-Feb-2015 22:53:58 GMT  Initiating request to open file root://xrootd.unl.edu//store/group/dpg_trigger/comm_trigger/L1TrackTrigger/620_SLHC10/Extended2023TTI/MinBias/MinBias_TuneZ2star_GEN_SIM_759.root
02-Feb-2015 22:54:29 GMT  Successfully opened file root://xrootd.unl.edu//store/group/dpg_trigger/comm_trigger/L1TrackTrigger/620_SLHC10/Extended2023TTI/MinBias/MinBias_TuneZ2star_GEN_SIM_759.root
150202 22:55:44 8234 Xrd: XrdClientMessage::ReadRaw: Failed to read header (8 bytes).
02-Feb-2015 22:57:01 GMT  Closed file root://xrootd.unl.edu//store/group/dpg_trigger/comm_trigger/L1TrackTrigger/620_SLHC10/Extended2023TTI/MinBias/MinBias_TuneZ2star_GEN_SIM_759.root
02-Feb-2015 22:57:01 GMT  Initiating request to open file root://xrootd.unl.edu//store/group/dpg_trigger/comm_trigger/L1TrackTrigger/620_SLHC10/Extended2023TTI/MinBias/MinBias_TuneZ2star_GEN_SIM_41.root
02-Feb-2015 22:57:32 GMT  Successfully opened file root://xrootd.unl.edu//store/group/dpg_trigger/comm_trigger/L1TrackTrigger/620_SLHC10/Extended2023TTI/MinBias/MinBias_TuneZ2star_GEN_SIM_41.root
150202 22:59:14 3349 Xrd: XrdClientMessage::ReadRaw: Failed to read header (8 bytes).
150202 22:59:14 10406 Xrd: XrdClientMessage::ReadRaw: Failed to read header (8 bytes).
02-Feb-2015 23:00:05 GMT  Closed file root://xrootd.unl.edu//store/group/dpg_trigger/comm_trigger/L1TrackTrigger/620_SLHC10/Extended2023TTI/MinBias/MinBias_TuneZ2star_GEN_SIM_41.root
02-Feb-2015 23:00:05 GMT  Initiating request to open file root://xrootd.unl.edu//store/group/dpg_trigger/comm_trigger/L1TrackTrigger/620_SLHC10/Extended2023TTI/MinBias/MinBias_TuneZ2star_GEN_SIM_989.root
02-Feb-2015 23:00:06 GMT  Successfully opened file root://xrootd.unl.edu//store/group/dpg_trigger/comm_trigger/L1TrackTrigger/620_SLHC10/Extended2023TTI/MinBias/MinBias_TuneZ2star_GEN_SIM_989.root
150202 23:02:14 12157 Xrd: XrdClientMessage::ReadRaw: Failed to read header (8 bytes).
02-Feb-2015 23:02:47 GMT  Closed file root://xrootd.unl.edu//store/group/dpg_trigger/comm_trigger/L1TrackTrigger/620_SLHC10/Extended2023TTI/MinBias/MinBias_TuneZ2star_GEN_SIM_989.root
02-Feb-2015 23:02:47 GMT  Initiating request to open file root://xrootd.unl.edu//store/group/dpg_trigger/comm_trigger/L1TrackTrigger/620_SLHC10/Extended2023TTI/MinBias/MinBias_TuneZ2star_GEN_SIM_60.root
150202 23:03:18 16220 Xrd: CheckErrorStatus: Server [cms-xrd-global.cern.ch:1094] declared: session not found(error code: 3011)
02-Feb-2015 23:03:18 GMT  Successfully opened file root://xrootd.unl.edu//store/group/dpg_trigger/comm_trigger/L1TrackTrigger/620_SLHC10/Extended2023TTI/MinBias/MinBias_TuneZ2star_GEN_SIM_60.root
150202 23:05:14 13781 Xrd: XrdClientMessage::ReadRaw: Failed to read header (8 bytes).
02-Feb-2015 23:07:15 GMT  Closed file root://xrootd.unl.edu//store/group/dpg_trigger/comm_trigger/L1TrackTrigger/620_SLHC10/Extended2023TTI/MinBias/MinBias_TuneZ2star_GEN_SIM_60.root
02-Feb-2015 23:07:15 GMT  Initiating request to open file root://xrootd.unl.edu//store/group/dpg_trigger/comm_trigger/L1TrackTrigger/620_SLHC10/Extended2023TTI/MinBias/MinBias_TuneZ2star_GEN_SIM_151.root
02-Feb-2015 23:07:46 GMT  Successfully opened file root://xrootd.unl.edu//store/group/dpg_trigger/comm_trigger/L1TrackTrigger/620_SLHC10/Extended2023TTI/MinBias/MinBias_TuneZ2star_GEN_SIM_151.root
150202 23:08:13 14927 Xrd: XrdClientMessage::ReadRaw: Failed to read header (8 bytes).
02-Feb-2015 23:08:37 GMT  Closed file root://dcap.pp.rl.ac.uk:1094/pnfs/pp.rl.ac.uk/data/cms/store/user/dcieri/ttbar_SIM/ttbar/ttbar_SIM/150129_145223/0000/step1_436.root
02-Feb-2015 23:08:37 GMT  Closed file root://xrootd.unl.edu//store/group/dpg_trigger/comm_trigger/L1TrackTrigger/620_SLHC10/Extended2023TTI/MinBias/MinBias_TuneZ2star_GEN_SIM_151.root

=============================================

MessageLogger Summary

 type     category        sev    module        subroutine        count    total
 ---- -------------------- -- ---------------- ----------------  -----    -----
    1 fileAction           -s MixingModule:mix                      66       66
    2 fileAction           -s MixingModule:mix                       2        2
    3 fileAction           -s MixingModule:mix                       1        1
    4 fileAction           -s file_close                             1        1
    5 fileAction           -s file_open                              2        2

 type    category    Examples: run/evt        run/evt          run/evt
 ---- -------------------- ---------------- ---------------- ----------------
    1 fileAction           1/4351           1/4351           1/4360
    2 fileAction           pre-events       pre-events       
    3 fileAction           PostEndRun                        
    4 fileAction           PostEndRun                        
    5 fileAction           pre-events       pre-events       

Severity    # Occurrences   Total Occurrences
--------    -------------   -----------------
System                 72                  72
>>> END OF printout of 209 lines from stdout+stderr
>>> Parse FrameworkJobReport crab_fjr.xml
Result of parsing the FrameworkJobReport crab_fjr.xml: 
Extracted ExitStatus from FrameworkJobReport parsing output: 0
>>> Executable succeded  0
ExeExitCode=0
EXECUTABLE_EXIT_STATUS = 0
>>> current directory /scratch/condor/dir_29871/glide_7UKolv/execute/dir_2034/CMSSW_6_2_0_SLHC12
>>>  (SOFTWARE_DIR): /scratch/condor/dir_29871/glide_7UKolv/execute/dir_2034/CMSSW_6_2_0_SLHC12
>>> (WORKING_DIR): 
>>> current directory content:
total 235596
drwxr-xr-x 3 cms415 gplcms      4096 Feb  2 20:28 .SCRAM
-rw------- 1 cms415 gplcms    915837 Feb  2 20:28 CMSSW.py.pkl
drwxr-xr-x 3 cms415 gplcms      4096 Feb  2 20:28 bin
drwxr-xr-x 3 cms415 gplcms      4096 Feb  2 20:28 cfipython
drwxr-xr-x 4 cms415 gplcms      4096 Apr 28  2014 config
-rw------- 1 cms415 gplcms        16 Feb  2 23:08 cpu_timing.txt
drwxr-xr-x 2 cms415 gplcms      4096 Feb  2 20:28 doc
-rw------- 1 cms415 gplcms     23354 Feb  2 23:08 executable.out
drwxr-xr-x 2 cms415 gplcms      4096 Feb  2 20:28 include
drwx------ 3 cms415 gplcms      4096 Oct  7 10:12 lib
drwxr-xr-x 3 cms415 gplcms      4096 Feb  2 20:28 logs
drwxr-xr-x 3 cms415 gplcms      4096 Feb  2 20:28 objs
-rw------- 1 cms415 gplcms       104 Feb  2 20:28 pset.py
-rw------- 1 cms415 gplcms    926826 Feb  2 20:28 pset.py.pkl
-rw------- 1 cms415 gplcms       289 Feb  2 20:28 pset.pyc
drwxr-xr-x 2 cms415 gplcms      4096 Feb  2 20:28 python
-rw------- 1 cms415 gplcms       359 Feb  2 23:08 report.log
drwxr-xr-x 2 cms415 gplcms      4096 Feb  2 20:28 src
-rw------- 1 cms415 gplcms 239061242 Feb  2 23:08 step2.root
drwxr-xr-x 3 cms415 gplcms      4096 Feb  2 20:28 test
drwxr-xr-x 3 cms415 gplcms      4096 Feb  2 20:28 tmp
>>> current directory /scratch/condor/dir_29871/glide_7UKolv/execute/dir_2034/CMSSW_6_2_0_SLHC12
>>> (SOFTWARE_DIR): /scratch/condor/dir_29871/glide_7UKolv/execute/dir_2034/CMSSW_6_2_0_SLHC12
>>> (WORKING_DIR): 
>>> current directory content:
total 235596
drwxr-xr-x 3 cms415 gplcms      4096 Feb  2 20:28 .SCRAM
-rw------- 1 cms415 gplcms    915837 Feb  2 20:28 CMSSW.py.pkl
drwxr-xr-x 3 cms415 gplcms      4096 Feb  2 20:28 bin
drwxr-xr-x 3 cms415 gplcms      4096 Feb  2 20:28 cfipython
drwxr-xr-x 4 cms415 gplcms      4096 Apr 28  2014 config
-rw------- 1 cms415 gplcms        16 Feb  2 23:08 cpu_timing.txt
drwxr-xr-x 2 cms415 gplcms      4096 Feb  2 20:28 doc
-rw------- 1 cms415 gplcms     23354 Feb  2 23:08 executable.out
drwxr-xr-x 2 cms415 gplcms      4096 Feb  2 20:28 include
drwx------ 3 cms415 gplcms      4096 Oct  7 10:12 lib
drwxr-xr-x 3 cms415 gplcms      4096 Feb  2 20:28 logs
drwxr-xr-x 3 cms415 gplcms      4096 Feb  2 20:28 objs
-rw------- 1 cms415 gplcms       104 Feb  2 20:28 pset.py
-rw------- 1 cms415 gplcms    926826 Feb  2 20:28 pset.py.pkl
-rw------- 1 cms415 gplcms       289 Feb  2 20:28 pset.pyc
drwxr-xr-x 2 cms415 gplcms      4096 Feb  2 20:28 python
-rw------- 1 cms415 gplcms       359 Feb  2 23:08 report.log
drwxr-xr-x 2 cms415 gplcms      4096 Feb  2 20:28 src
-rw------- 1 cms415 gplcms 239061242 Feb  2 23:08 step2_308_1_FwK.root
drwxr-xr-x 3 cms415 gplcms      4096 Feb  2 20:28 test
drwxr-xr-x 3 cms415 gplcms      4096 Feb  2 20:28 tmp
>>> current directory (RUNTIME_AREA):  /scratch/condor/dir_29871/glide_7UKolv/execute/dir_2034
PNN = T2_UK_SGrid_RALPP
SE = heplnx204.pp.rl.ac.uk
SE_PATH = /srm/managerv2?SFN=/pnfs/pp.rl.ac.uk/data/cms/store/user/dcieri/ttbar_PU140_DIGI/dcieri/ttbar/ttbar_PU140_DIGI/3c0380cf82de79bc39966c93934c61fc/
LFNBaseName = /store/user/dcieri/ttbar_PU140_DIGI/dcieri/ttbar/ttbar_PU140_DIGI/3c0380cf82de79bc39966c93934c61fc/
USER = dcieri
endpoint = srm://heplnx204.pp.rl.ac.uk:8443/srm/managerv2?SFN=/pnfs/pp.rl.ac.uk/data/cms/store/user/dcieri/ttbar_PU140_DIGI/dcieri/ttbar/ttbar_PU140_DIGI/3c0380cf82de79bc39966c93934c61fc/
>>> Copy output files from WN = heplnc349.pp.rl.ac.uk to /srm/managerv2?SFN=/pnfs/pp.rl.ac.uk/data/cms/store/user/dcieri/ttbar_PU140_DIGI/dcieri/ttbar/ttbar_PU140_DIGI/3c0380cf82de79bc39966c93934c61fc/ :
python cmscp.py  --destination srm://heplnx204.pp.rl.ac.uk:8443/srm/managerv2?SFN=/pnfs/pp.rl.ac.uk/data/cms/store/user/dcieri/ttbar_PU140_DIGI/dcieri/ttbar/ttbar_PU140_DIGI/3c0380cf82de79bc39966c93934c61fc/ --inputFileList /scratch/condor/dir_29871/glide_7UKolv/execute/dir_2034/CMSSW_6_2_0_SLHC12/step2_308_1_FwK.root --middleware LCG --PNN T2_UK_SGrid_RALPP --se_name heplnx204.pp.rl.ac.uk --for_lfn /store/user/dcieri/ttbar_PU140_DIGI/dcieri/ttbar/ttbar_PU140_DIGI/3c0380cf82de79bc39966c93934c61fc/    
******************************************************
localSeName  =  heplnx204.pp.rl.ac.uk
remoteSeName =  heplnx204.pp.rl.ac.uk
******************************************************
{"/scratch/condor/dir_29871/glide_7UKolv/execute/dir_2034/CMSSW_6_2_0_SLHC12/step2_308_1_FwK.root": {"endpoint": "srm://heplnx204.pp.rl.ac.uk:8443/srm/managerv2?SFN=/pnfs/pp.rl.ac.uk/data/cms/store/user/dcieri/ttbar_PU140_DIGI/dcieri/ttbar/ttbar_PU140_DIGI/3c0380cf82de79bc39966c93934c61fc/", "surl_for_grid": "", "reason": "Copy succedeed with srm-lcg utils", "erCode": "0", "PNN": "T2_UK_SGrid_RALPP", "se_name": "heplnx204.pp.rl.ac.uk", "for_lfn": "/store/user/dcieri/ttbar_PU140_DIGI/dcieri/ttbar/ttbar_PU140_DIGI/3c0380cf82de79bc39966c93934c61fc/"}}/scratch/condor/dir_29871/glide_7UKolv/execute/dir_2034
-------- cat /scratch/condor/dir_29871/glide_7UKolv/execute/dir_2034/cmscpReport.sh 
#!/bin/bash
echo "Report for File: /scratch/condor/dir_29871/glide_7UKolv/execute/dir_2034/CMSSW_6_2_0_SLHC12/step2_308_1_FwK.root"
echo "LFN: /store/user/dcieri/ttbar_PU140_DIGI/dcieri/ttbar/ttbar_PU140_DIGI/3c0380cf82de79bc39966c93934c61fc/step2_308_1_FwK.root"
echo "StorageElement: heplnx204.pp.rl.ac.uk"
echo "StageOutExitStatusReason = 'Copy succedeed with srm-lcg utils'" | tee -a $RUNTIME_AREA/$repo
echo "StageOutSE = heplnx204.pp.rl.ac.uk" >> $RUNTIME_AREA/$repo

export StageOutExitStatus=0
echo "StageOutExitStatus = 0" | tee -a $RUNTIME_AREA/$repo
-------- end of /scratch/condor/dir_29871/glide_7UKolv/execute/dir_2034/cmscpReport.sh 
Report for File: /scratch/condor/dir_29871/glide_7UKolv/execute/dir_2034/CMSSW_6_2_0_SLHC12/step2_308_1_FwK.root
LFN: /store/user/dcieri/ttbar_PU140_DIGI/dcieri/ttbar/ttbar_PU140_DIGI/3c0380cf82de79bc39966c93934c61fc/step2_308_1_FwK.root
StorageElement: heplnx204.pp.rl.ac.uk
StageOutExitStatusReason = 'Copy succedeed with srm-lcg utils'
StageOutExitStatus = 0
>>> current dir: /scratch/condor/dir_29871/glide_7UKolv/execute/dir_2034
>>> current dir content:
total 8824
-rw-------  1 cms415 gplcms    2729 Feb  2 23:09 .SEinteraction.log
-rwx------  1 cms415 gplcms      52 Feb  2 20:26 .chirp_config
-rwx------  1 cms415 gplcms    7836 Feb  2 20:26 .job.ad
-rwx------  1 cms415 gplcms    9806 Feb  2 20:26 .machine.ad
-rw-------  1 cms415 gplcms     105 Feb  2 12:16 CMSSW.py
-rw-------  1 cms415 gplcms  915837 Feb  2 12:16 CMSSW.py.pkl
-rwx------  1 cms415 gplcms   29498 Feb  2 20:27 CMSSW.sh
drwxr-xr-x 15 cms415 gplcms    4096 Feb  2 23:08 CMSSW_6_2_0_SLHC12
-rw-------  1 cms415 gplcms     189 Feb  2 20:28 CacheEnv.sh
-rw-------  1 cms415 gplcms    7291 Nov 19 14:52 DashboardAPI.py
-rw-------  1 cms415 gplcms    6455 Feb  2 20:28 DashboardAPI.pyc
drwx------  2 cms415 gplcms    4096 Feb  2 23:08 IMProv
-rw-------  1 cms415 gplcms    2748 Nov 19 14:52 Logger.py
-rw-------  1 cms415 gplcms    3227 Feb  2 20:28 Logger.pyc
-rw-------  1 cms415 gplcms   24524 Nov 19 14:52 ProcInfo.py
-rw-------  1 cms415 gplcms   22621 Feb  2 20:28 ProcInfo.pyc
drwx------  7 cms415 gplcms    4096 Feb  2 20:28 ProdCommon
drwx------  3 cms415 gplcms    4096 Feb  2 20:28 WMCore
-rw-------  1 cms415 gplcms   15751 Feb  2 23:08 Watchdog_308.log
-rwx------  1 cms415 gplcms       0 Feb  2 20:27 _condor_stderr
-rwx---r--  1 cms415 gplcms   38096 Feb  2 23:09 _condor_stdout
-rw-------  1 cms415 gplcms   32895 Nov 19 14:52 apmon.py
-rw-------  1 cms415 gplcms   27929 Feb  2 20:28 apmon.pyc
-rwx------  1 cms415 gplcms  134309 Feb  2 20:27 arguments.xml
-rwx------  1 cms415 gplcms   38581 Nov 19 14:52 cmscp.py
-rw-------  1 cms415 gplcms     561 Feb  2 23:09 cmscpReport.sh
-rwx------  1 cms415 gplcms   29498 Feb  2 20:27 condor_exec.exe
-rw-------  1 cms415 gplcms     544 Feb  2 12:16 crab.cfg
-rwx------  1 cms415 gplcms    8610 Nov 19 14:52 crabWatchdog.sh
-rwx---r--  1 cms415 gplcms  109301 Feb  2 23:08 crab_fjr_308.xml
-rwx------  1 cms415 gplcms 7390485 Feb  2 20:27 default.tgz
-rwx------  1 cms415 gplcms    4488 Nov 19 14:52 fillCrabFjr.py
-rw-------  1 cms415 gplcms     226 Feb  2 20:28 inputsReport.txt
-rw-------  1 cms415 gplcms     244 Feb  2 23:09 jobreport.txt
-rw-------  1 cms415 gplcms   17352 Nov 19 14:52 parseCrabFjr.py
-rw-------  1 cms415 gplcms     324 Feb  2 20:28 report.log
-rwx--x--x  1 cms415 gplcms    1497 Nov 19 14:52 report.py
-rw-------  1 cms415 gplcms     554 Feb  2 23:09 resultCopyFile
lrwxrwxrwx  1 cms415 gplcms      95 Feb  2 23:08 step2.root -> /scratch/condor/dir_29871/glide_7UKolv/execute/dir_2034/CMSSW_6_2_0_SLHC12/step2_308_1_FwK.root
-rwx------  1 cms415 gplcms    8351 Nov 19 14:52 writeCfg.py
-rw-------  1 cms415 gplcms   10293 Feb  2 20:26 x509up_u62281
>>> Modify Job Report:
CMSSW_VERSION = CMSSW_6_2_0_SLHC12
ProcessedDataset = ttbar_PU140_DIGI
/scratch/condor/dir_29871/glide_7UKolv/execute/dir_2034/ProdCommon/FwkJobRep/ModifyJobReport.py fjr /scratch/condor/dir_29871/glide_7UKolv/execute/dir_2034/crab_fjr_308.xml json /scratch/condor/dir_29871/glide_7UKolv/execute/dir_2034/resultCopyFile n_job 308_1_FwK PrimaryDataset ttbar  ApplicationFamily cmsRun ApplicationName cmsRun cmssw_version CMSSW_6_2_0_SLHC12 psethash 3c0380cf82de79bc39966c93934c61fc UserProcessedDataset dcieri-ttbar_PU140_DIGI-3c0380cf82de79bc39966c93934c61fc
inputDict =  {u'/scratch/condor/dir_29871/glide_7UKolv/execute/dir_2034/CMSSW_6_2_0_SLHC12/step2_308_1_FwK.root': {u'endpoint': u'srm://heplnx204.pp.rl.ac.uk:8443/srm/managerv2?SFN=/pnfs/pp.rl.ac.uk/data/cms/store/user/dcieri/ttbar_PU140_DIGI/dcieri/ttbar/ttbar_PU140_DIGI/3c0380cf82de79bc39966c93934c61fc/', u'surl_for_grid': u'', u'reason': u'Copy succedeed with srm-lcg utils', u'erCode': u'0', u'PNN': u'T2_UK_SGrid_RALPP', u'se_name': u'heplnx204.pp.rl.ac.uk', u'for_lfn': u'/store/user/dcieri/ttbar_PU140_DIGI/dcieri/ttbar/ttbar_PU140_DIGI/3c0380cf82de79bc39966c93934c61fc/'}}
UserProcessedDataset =  dcieri-ttbar_PU140_DIGI-3c0380cf82de79bc39966c93934c61fc
WORKING ON EDM FILE
file_name in inputDict =  /scratch/condor/dir_29871/glide_7UKolv/execute/dir_2034/CMSSW_6_2_0_SLHC12/step2_308_1_FwK.root
(size) os.stat(filename)[6] =  239061242
checksum =  3704298337
    file =  step2_308_1_FwK.root
    newPfn =  srm://heplnx204.pp.rl.ac.uk:8443/srm/managerv2?SFN=/pnfs/pp.rl.ac.uk/data/cms/store/user/dcieri/ttbar_PU140_DIGI/dcieri/ttbar/ttbar_PU140_DIGI/3c0380cf82de79bc39966c93934c61fc/step2_308_1_FwK.root
    newLfn =  /store/user/dcieri/ttbar_PU140_DIGI/dcieri/ttbar/ttbar_PU140_DIGI/3c0380cf82de79bc39966c93934c61fc/step2_308_1_FwK.root
>>> crab_fjr_*.xml  permission set to 0704
CrabWrapper EXIT_FUNC entered at Mon Feb  2 23:09:31 GMT 2015   -  Mon Feb  2 23:09:31 UTC 2015
Checking output files:  
will tar file crab_fjr_308.xml in  out_files_308
WARNING: output file CMSSW_308.stdout not found!
WARNING: output file CMSSW_308.stderr not found!
WARNING: output file Watchdog_308.log.gz not found!
>>> padding time: Wrapper lasting more than 600 seconds. No sleep required.
STOPPING WATCHDOG. CrabWatchdog PID is 5300
********** LAST 50 LINES OF WATCHDOG LOG
 Feb 02 21:34:17 GMT	5433	1216212	1717252	93	238	3976	cmsRun -j /scratch/condor/dir_29871/glide_7UKolv/execute/dir_2034/crab_fjr_308.xml -p pset.py      
 Feb 02 21:35:18 GMT	5433	1219608	1718788	93	240	4036	cmsRun -j /scratch/condor/dir_29871/glide_7UKolv/execute/dir_2034/crab_fjr_308.xml -p pset.py      
 Feb 02 21:36:18 GMT	5433	1221256	1719556	93	243	4096	cmsRun -j /scratch/condor/dir_29871/glide_7UKolv/execute/dir_2034/crab_fjr_308.xml -p pset.py      
# TIME			PID	RSS(KB)	VSZ(KB)	Dsk(MB)	tCPU(s)	tWALL(s)	COMMAND
 Feb 02 21:37:18 GMT	5433	1221256	1770244	93	259	4156	cmsRun -j /scratch/condor/dir_29871/glide_7UKolv/execute/dir_2034/crab_fjr_308.xml -p pset.py      
 Feb 02 21:37:18 GMT	---	1221256	1770244	115	----	----	----
 Feb 02 21:44:20 GMT	5433	1221256	1770756	115	273	4579	cmsRun -j /scratch/condor/dir_29871/glide_7UKolv/execute/dir_2034/crab_fjr_308.xml -p pset.py      
 Feb 02 21:45:21 GMT	5433	1221256	1771012	115	276	4639	cmsRun -j /scratch/condor/dir_29871/glide_7UKolv/execute/dir_2034/crab_fjr_308.xml -p pset.py      
 Feb 02 21:46:21 GMT	5433	1221256	1776132	115	279	4699	cmsRun -j /scratch/condor/dir_29871/glide_7UKolv/execute/dir_2034/crab_fjr_308.xml -p pset.py      
 Feb 02 21:47:21 GMT	5433	1221256	1777412	115	282	4759	cmsRun -j /scratch/condor/dir_29871/glide_7UKolv/execute/dir_2034/crab_fjr_308.xml -p pset.py      
 Feb 02 21:49:21 GMT	5433	1221256	1782532	115	287	4880	cmsRun -j /scratch/condor/dir_29871/glide_7UKolv/execute/dir_2034/crab_fjr_308.xml -p pset.py      
 Feb 02 21:50:22 GMT	5433	1221256	1785092	115	291	4940	cmsRun -j /scratch/condor/dir_29871/glide_7UKolv/execute/dir_2034/crab_fjr_308.xml -p pset.py      
 Feb 02 21:51:22 GMT	5433	1243912	1806084	115	300	5000	cmsRun -j /scratch/condor/dir_29871/glide_7UKolv/execute/dir_2034/crab_fjr_308.xml -p pset.py      
 Feb 02 21:52:22 GMT	5433	1256020	1809412	115	304	5060	cmsRun -j /scratch/condor/dir_29871/glide_7UKolv/execute/dir_2034/crab_fjr_308.xml -p pset.py      
 Feb 02 21:53:22 GMT	5433	1259036	1809412	115	307	5120	cmsRun -j /scratch/condor/dir_29871/glide_7UKolv/execute/dir_2034/crab_fjr_308.xml -p pset.py      
 Feb 02 21:54:23 GMT	5433	1263708	1809412	115	310	5181	cmsRun -j /scratch/condor/dir_29871/glide_7UKolv/execute/dir_2034/crab_fjr_308.xml -p pset.py      
 Feb 02 21:55:23 GMT	---	1263708	1809412	136	----	----	----
 Feb 02 22:18:28 GMT	5433	1267224	1809412	136	376	6626	cmsRun -j /scratch/condor/dir_29871/glide_7UKolv/execute/dir_2034/crab_fjr_308.xml -p pset.py      
 Feb 02 22:19:28 GMT	5433	1274128	1809412	136	376	6686	cmsRun -j /scratch/condor/dir_29871/glide_7UKolv/execute/dir_2034/crab_fjr_308.xml -p pset.py      
 Feb 02 22:20:28 GMT	5433	1286864	1809412	136	376	6746	cmsRun -j /scratch/condor/dir_29871/glide_7UKolv/execute/dir_2034/crab_fjr_308.xml -p pset.py      
 Feb 02 22:21:28 GMT	5433	1302452	1809412	136	376	6806	cmsRun -j /scratch/condor/dir_29871/glide_7UKolv/execute/dir_2034/crab_fjr_308.xml -p pset.py      
 Feb 02 22:22:28 GMT	5433	1313104	1809412	136	376	6867	cmsRun -j /scratch/condor/dir_29871/glide_7UKolv/execute/dir_2034/crab_fjr_308.xml -p pset.py      
 Feb 02 22:23:29 GMT	5433	1323120	1809412	136	376	6927	cmsRun -j /scratch/condor/dir_29871/glide_7UKolv/execute/dir_2034/crab_fjr_308.xml -p pset.py      
 Feb 02 22:24:29 GMT	5433	1334040	1809412	136	377	6987	cmsRun -j /scratch/condor/dir_29871/glide_7UKolv/execute/dir_2034/crab_fjr_308.xml -p pset.py      
 Feb 02 22:25:29 GMT	5433	1334040	1812228	136	396	7047	cmsRun -j /scratch/condor/dir_29871/glide_7UKolv/execute/dir_2034/crab_fjr_308.xml -p pset.py      
 Feb 02 22:25:29 GMT	---	1334040	1812228	159	----	----	----
 Feb 02 22:27:30 GMT	5433	1334040	1814276	159	402	7168	cmsRun -j /scratch/condor/dir_29871/glide_7UKolv/execute/dir_2034/crab_fjr_308.xml -p pset.py      
 Feb 02 22:29:30 GMT	5433	1334040	1814532	159	410	7288	cmsRun -j /scratch/condor/dir_29871/glide_7UKolv/execute/dir_2034/crab_fjr_308.xml -p pset.py      
 Feb 02 22:30:30 GMT	5433	1334040	1820164	159	417	7348	cmsRun -j /scratch/condor/dir_29871/glide_7UKolv/execute/dir_2034/crab_fjr_308.xml -p pset.py      
 Feb 02 22:31:30 GMT	5433	1334040	1828100	159	423	7408	cmsRun -j /scratch/condor/dir_29871/glide_7UKolv/execute/dir_2034/crab_fjr_308.xml -p pset.py      
 Feb 02 22:32:30 GMT	5433	1334040	1831172	159	429	7469	cmsRun -j /scratch/condor/dir_29871/glide_7UKolv/execute/dir_2034/crab_fjr_308.xml -p pset.py      
 Feb 02 22:33:31 GMT	5433	1372820	1850116	159	442	7529	cmsRun -j /scratch/condor/dir_29871/glide_7UKolv/execute/dir_2034/crab_fjr_308.xml -p pset.py      
 Feb 02 22:34:31 GMT	5433	1391116	1855492	159	445	7589	cmsRun -j /scratch/condor/dir_29871/glide_7UKolv/execute/dir_2034/crab_fjr_308.xml -p pset.py      
 Feb 02 22:35:31 GMT	5433	1397280	1858308	159	451	7649	cmsRun -j /scratch/condor/dir_29871/glide_7UKolv/execute/dir_2034/crab_fjr_308.xml -p pset.py      
# TIME			PID	RSS(KB)	VSZ(KB)	Dsk(MB)	tCPU(s)	tWALL(s)	COMMAND
 Feb 02 22:36:31 GMT	5433	1397280	1879812	159	469	7709	cmsRun -j /scratch/condor/dir_29871/glide_7UKolv/execute/dir_2034/crab_fjr_308.xml -p pset.py      
 Feb 02 22:36:31 GMT	---	1397280	1879812	184	----	----	----
 Feb 02 22:40:32 GMT	5433	1397280	1881860	184	485	7950	cmsRun -j /scratch/condor/dir_29871/glide_7UKolv/execute/dir_2034/crab_fjr_308.xml -p pset.py      
 Feb 02 22:41:32 GMT	5433	1397280	1887748	184	490	8010	cmsRun -j /scratch/condor/dir_29871/glide_7UKolv/execute/dir_2034/crab_fjr_308.xml -p pset.py      
 Feb 02 22:42:32 GMT	5433	1397280	1892612	184	497	8071	cmsRun -j /scratch/condor/dir_29871/glide_7UKolv/execute/dir_2034/crab_fjr_308.xml -p pset.py      
 Feb 02 22:43:33 GMT	5433	1397280	1900552	184	501	8131	cmsRun -j /scratch/condor/dir_29871/glide_7UKolv/execute/dir_2034/crab_fjr_308.xml -p pset.py      
 Feb 02 22:44:33 GMT	5433	1397280	1913096	184	514	8191	cmsRun -j /scratch/condor/dir_29871/glide_7UKolv/execute/dir_2034/crab_fjr_308.xml -p pset.py      
 Feb 02 22:45:33 GMT	5433	1402852	1921032	184	521	8252	cmsRun -j /scratch/condor/dir_29871/glide_7UKolv/execute/dir_2034/crab_fjr_308.xml -p pset.py      
 Feb 02 22:46:34 GMT	---	1402852	1921032	203	----	----	----
 Feb 02 22:53:35 GMT	5433	1437872	1972744	203	589	8733	cmsRun -j /scratch/condor/dir_29871/glide_7UKolv/execute/dir_2034/crab_fjr_308.xml -p pset.py      
 Feb 02 22:54:35 GMT	---	1437872	1972744	223	----	----	----
 Feb 02 23:00:36 GMT	5433	1537856	2027016	223	660	9155	cmsRun -j /scratch/condor/dir_29871/glide_7UKolv/execute/dir_2034/crab_fjr_308.xml -p pset.py      
 Feb 02 23:00:36 GMT	---	1537856	2027016	236	----	----	----
 Feb 02 23:01:37 GMT	---	1537856	2027016	244	----	----	----
 Feb 02 23:08:38 GMT	---	1537856	2027016	266	----	----	----
********** WATCHDOG LOG ENDED
ZIPPING WATCHDOG LOG
Disk space used:
du -sh /scratch/condor/dir_29871/glide_7UKolv/execute/dir_2034
266M	/scratch/condor/dir_29871/glide_7UKolv/execute/dir_2034
Found unusual stdout, rename for OSB
`/scratch/condor/dir_29871/glide_7UKolv/execute/dir_2034/_condor_stdout' -> `CMSSW_308.stdout'
Found unusual stderr, rename for OSB
`/scratch/condor/dir_29871/glide_7UKolv/execute/dir_2034/_condor_stdout' -> `CMSSW_308.stderr'
crab_fjr_308.xml
CMSSW_308.stdout
CMSSW_308.stderr
Watchdog_308.log.gz
Total Output dimension: 24725
WARNING: output files size limit is set to: 50000000
Total Output dimension 24725 is fine.
JOB_EXIT_STATUS = 0
>>> info for dashboard:
***** Cat /scratch/condor/dir_29871/glide_7UKolv/execute/dir_2034/jobreport.txt *****
MonitorJobID=308_https://submit-6.t2.ucsd.edu//150202//509447.307
MonitorID=dcieri_PU140_4dm08r
ExeTime=9633
ExeExitCode=0
StageOutExitStatusReason = 'Copy succedeed with srm-lcg utils'
StageOutSE = heplnx204.pp.rl.ac.uk
StageOutExitStatus = 0
CrabUserCpuTime=702.64
CrabSysCpuTime=24.76
CrabCpuPercentage=7%
CrabWrapperTime=9692
CrabStageoutTime=48
JobExitCode=0
***** End Cat jobreport *****
Parameters sent to Dashboard.
EXITING at Mon Feb  2 23:09:33 GMT 2015  -  Mon Feb  2 23:09:33 UTC 2015
