This script was generated by crab (version 2.11.1_patch1).
Running /scratch/condor/dir_26071/glide_HUi9W0/execute/dir_11943/condor_exec.exe with 2 positional parameters: 77 1
Today is Mon Feb  2 19:37:26 GMT 2015 - Mon Feb  2 19:37:26 UTC 2015
Job submitted on host heplnc024.pp.rl.ac.uk
Linux heplnc024.pp.rl.ac.uk 2.6.32-504.3.3.el6.x86_64 #1 SMP Tue Dec 16 14:29:22 CST 2014 x86_64 x86_64 x86_64 GNU/Linux
Distributor ID:	Scientific
Description:	Scientific Linux release 6.6 (Carbon)
>>> current directory (RUNTIME_AREA): /scratch/condor/dir_26071/glide_HUi9W0/execute/dir_11943
>>> current user: uid=157415(cms415) gid=157000(gplcms) groups=157000(gplcms)
>>> directory permission set to 0700
>>> umask set to:  u=rwx,g=,o=
>>> stdout stderr permission set to 0704
>>> voms proxy information:
subject   : /DC=ch/DC=cern/OU=Organic Units/OU=Users/CN=dcieri/CN=755391/CN=Davide Cieri/CN=769881070/CN=33233574
issuer    : /DC=ch/DC=cern/OU=Organic Units/OU=Users/CN=dcieri/CN=755391/CN=Davide Cieri/CN=769881070
identity  : /DC=ch/DC=cern/OU=Organic Units/OU=Users/CN=dcieri/CN=755391/CN=Davide Cieri
type      : RFC3820 compliant limited proxy
strength  : 1024
path      : /scratch/condor/dir_26071/glide_HUi9W0/execute/dir_11943/x509up_u62281
timeleft  : 23:57:34
key usage : Digital Signature, Key Encipherment
=== VO cms extension information ===
VO        : cms
subject   : /DC=ch/DC=cern/OU=Organic Units/OU=Users/CN=dcieri/CN=755391/CN=Davide Cieri
issuer    : /DC=ch/DC=cern/OU=computers/CN=lcg-voms2.cern.ch
attribute : /cms/Role=NULL/Capability=NULL
timeleft  : 184:38:58
uri       : lcg-voms2.cern.ch:15002

WNHostName=heplnc024.pp.rl.ac.uk
$_CONDOR_JOB_AD =/scratch/condor/dir_26071/glide_HUi9W0/execute/dir_11943/.job.ad
OverflowFlag=0
>>> tar --no-same-permissions -xf /scratch/condor/dir_26071/glide_HUi9W0/execute/dir_11943/default.tgz :
Successful untar
>>> Include /scratch/condor/dir_26071/glide_HUi9W0/execute/dir_11943 in PYTHONPATH:
strip arguments
env var CRAB_UNIQUE_JOB_ID set to: dcieri_PU140_4dm08r_77_1_IXF
out_files_77
>>> list of expected files on output sandbox
output files: crab_fjr_77.xml CMSSW_77.stdout CMSSW_77.stderr Watchdog_77.log.gz
>>> GridFlavour discovery: 
GridFlavour=LCG
>>> SyncSite discovery: 
SyncSite=T2_UK_SGrid_RALPP
>>> SyncCE discovery: 
getting SyncCE from GLIDEIN_Gaekeeper
SyncCE=heplnv147.pp.rl.ac.uk
>>> info for dashboard:
***** Cat /scratch/condor/dir_26071/glide_HUi9W0/execute/dir_11943/jobreport.txt *****
WNHostName=heplnc024.pp.rl.ac.uk
OverflowFlag=0
MonitorJobID=77_https://submit-6.t2.ucsd.edu//150202//509447.76
SyncGridJobId=https://submit-6.t2.ucsd.edu//150202//509447.76
MonitorID=dcieri_PU140_4dm08r
GridFlavour=LCG
SyncSite=T2_UK_SGrid_RALPP
SyncCE=heplnv147.pp.rl.ac.uk
***** End Cat jobreport *****
Parameters sent to Dashboard.
>>> setup environment
set SCRAM ARCH to slc6_amd64_gcc472
SCRAM_ARCH = slc6_amd64_gcc472
>>> setup CMS LCG environment:
set SCRAM ARCH and BUILD_ARCH to slc6_amd64_gcc472 ###
Sourcing environment... 
sourcing /cvmfs/cms.cern.ch/cmsset_default.sh
==> setup cms environment ok
>>> specific cmssw setup environment:
CMSSW_VERSION =  CMSSW_6_2_0_SLHC12
WARNING: In non-interactive mode release checks e.g. deprecated releases, production architectures are disabled.
>>> current directory (SOFTWARE_DIR): /scratch/condor/dir_26071/glide_HUi9W0/execute/dir_11943/CMSSW_6_2_0_SLHC12
PreserveSeeds: <>
IncrementSeeds:<>
>>> info for dashboard:
***** Cat /scratch/condor/dir_26071/glide_HUi9W0/execute/dir_11943/jobreport.txt *****
MonitorJobID=77_https://submit-6.t2.ucsd.edu//150202//509447.76
MonitorID=dcieri_PU140_4dm08r
***** End Cat jobreport *****
Parameters sent to Dashboard.
crabWatchdog started as process 16303
>>> moving CMSSW software directories in /scratch/condor/dir_26071/glide_HUi9W0/execute/dir_11943/CMSSW_6_2_0_SLHC12
mv: cannot stat `/scratch/condor/dir_26071/glide_HUi9W0/execute/dir_11943/module/': No such file or directory
>>> Include /scratch/condor/dir_26071/glide_HUi9W0/execute/dir_11943 in PYTHONPATH:
PYTHONPATH=/scratch/condor/dir_26071/glide_HUi9W0/execute/dir_11943/:/scratch/condor/dir_26071/glide_HUi9W0/execute/dir_11943/CMSSW_6_2_0_SLHC12/python:/scratch/condor/dir_26071/glide_HUi9W0/execute/dir_11943/CMSSW_6_2_0_SLHC12/lib/slc6_amd64_gcc472:/cvmfs/cms.cern.ch/slc6_amd64_gcc472/cms/cmssw/CMSSW_6_2_0_SLHC12/python:/cvmfs/cms.cern.ch/slc6_amd64_gcc472/cms/cmssw/CMSSW_6_2_0_SLHC12/lib/slc6_amd64_gcc472:/cvmfs/cms.cern.ch/slc6_amd64_gcc472/cms/coral/CORAL_2_3_21-cms35/slc6_amd64_gcc472/python:/cvmfs/cms.cern.ch/slc6_amd64_gcc472/cms/coral/CORAL_2_3_21-cms35/slc6_amd64_gcc472/lib:/cvmfs/cms.cern.ch/slc6_amd64_gcc472/external/python-ldap/2.3.5-cms5/lib/python2.7/site-packages:/cvmfs/cms.cern.ch/slc6_amd64_gcc472/external/pyqt/4.8.1-cms5/lib/python2.7/site-packages:/cvmfs/cms.cern.ch/slc6_amd64_gcc472/external/py2-scipy/0.8.0-cms7/lib/python2.7/site-packages:/cvmfs/cms.cern.ch/slc6_amd64_gcc472/external/py2-matplotlib/1.0.1-cms7/lib/python2.7/site-packages:/cvmfs/cms.cern.ch/slc6_amd64_gcc472/external/sip/4.11.2-cms5/lib/python2.7/site-packages:/cvmfs/cms.cern.ch/slc6_amd64_gcc472/external/py2-pycurl/7.19.0-cms7/lib/python2.7/site-packages:/cvmfs/cms.cern.ch/slc6_amd64_gcc472/external/py2-numpy/1.6.1-cms7/lib/python2.7/site-packages:/cvmfs/cms.cern.ch/slc6_amd64_gcc472/external/py2-lint/0.25.1-cms5/lib/python2.7/site-packages:/cvmfs/cms.cern.ch/slc6_amd64_gcc472/external/py2-ipython/0.10-cms5/lib/python2.7/site-packages:/cvmfs/cms.cern.ch/slc6_amd64_gcc472/external/py2-cx-oracle/5.1-cms5/lib/python2.7/site-packages:/cvmfs/cms.cern.ch/slc6_amd64_gcc472/external/py2-cjson/1.0.5-cms5/lib/python2.7/site-packages:/cvmfs/cms.cern.ch/slc6_amd64_gcc472/cms/das-client/1.11.7/bin:/cvmfs/cms.cern.ch/slc6_amd64_gcc472/external/elementtree/1.2.6-cms5/share/lib/python2.7/site-packages:/cvmfs/cms.cern.ch/slc6_amd64_gcc472/external/rivet/1.8.2-cms9/lib/python2.7/site-packages:/cvmfs/cms.cern.ch/slc6_amd64_gcc472/external/pyminuit2/0.0.1-cms19/lib/python2.7/site-packages:/cvmfs/cms.cern.ch/slc6_amd64_gcc472/external/py2-pygithub/1.23.0-cms2/lib/python2.7/site-packages:/cvmfs/cms.cern.ch/slc6_amd64_gcc472/external/professor/1.0.0-cms19/lib/python2.7/site-packages:/cvmfs/cms.cern.ch/slc6_amd64_gcc472/lcg/root/5.34.07-cms/lib:/cvmfs/cms.cern.ch/slc6_amd64_gcc472/cms/dbs-client/DBS_2_1_9-cms5/lib:/cvmfs/cms.cern.ch/slc6_amd64_gcc472/cms/dbs-client/DBS_2_1_9-cms5/lib/DBSAPI:/cvmfs/cms.cern.ch/slc6_amd64_gcc472/external/cvs2git/5419-cms/lib:/scratch/condor/dir_26071/glide_HUi9W0/execute/dir_11943/
 
# LIMITS USED BY CRAB WATCHDOG:
# RSS  (KBytes)   : 2300000
# VSZ  (KBytes)   : 100000000
# DISK (MBytes)   : 19000
# CPU TIME        : 720h:0m:0s
# WALL CLOCK TIME : 21h:50m:0s
 
3c0380cf82de79bc39966c93934c61fc
PSETHASH = 3c0380cf82de79bc39966c93934c61fc
/scratch/condor/dir_26071/glide_HUi9W0/execute/dir_11943/writeCfg.py pset.py pset.py
Importing .py file
Setting parameters
RandomNumberGeneratorService found, will attempt to change seeds
inputBlocks=/ttbar/dcieri-ttbar_SIM-130075366148575c102f0d64fd3ac8f7/USER#417d7dc2-08fd-4092-82c4-7ac02f79c2d9
inputFiles=/store/user/dcieri/ttbar_SIM/ttbar/ttbar_SIM/150129_145223/0000/step1_339.root
parentFiles=
lumisRange=
>>> Executable cmsRun
/cvmfs/cms.cern.ch/slc6_amd64_gcc472/cms/cmssw/CMSSW_6_2_0_SLHC12/bin/slc6_amd64_gcc472/cmsRun
ok executable found
>>> info for dashboard:
***** Cat /scratch/condor/dir_26071/glide_HUi9W0/execute/dir_11943/jobreport.txt *****
MonitorJobID=77_https://submit-6.t2.ucsd.edu//150202//509447.76
MonitorID=dcieri_PU140_4dm08r
ExeStart=cmsRun
***** End Cat jobreport *****
Parameters sent to Dashboard.
>>> cmsRun started at Mon Feb  2 19:37:40 UTC 2015
>>> cmsRun ended at Mon Feb  2 23:08:24 UTC 2015
>>> crab_fjr_*.xml  permission set to 0704
>>> info for dashboard:
***** Cat /scratch/condor/dir_26071/glide_HUi9W0/execute/dir_11943/jobreport.txt *****
MonitorJobID=77_https://submit-6.t2.ucsd.edu//150202//509447.76
MonitorID=dcieri_PU140_4dm08r
ExeEnd=cmsRun
***** End Cat jobreport *****
Parameters sent to Dashboard.
TIME_EXE = 12644 sec
>>> cmsRun wrote 232 lines of stdout+stderr
>>> START OF printout of 232 lines from stdout+stderr
271 DQMStore::DQMStore 
HcalTopologyIdealEP::HcalTopologyIdealEP
02-Feb-2015 19:38:05 GMT  Initiating request to open file root://dcap.pp.rl.ac.uk:1094/pnfs/pp.rl.ac.uk/data/cms/store/user/dcieri/ttbar_SIM/ttbar/ttbar_SIM/150129_145223/0000/step1_339.root
02-Feb-2015 19:38:07 GMT  Successfully opened file root://dcap.pp.rl.ac.uk:1094/pnfs/pp.rl.ac.uk/data/cms/store/user/dcieri/ttbar_SIM/ttbar/ttbar_SIM/150129_145223/0000/step1_339.root
02-Feb-2015 19:38:08 GMT  Initiating request to open file root://xrootd.unl.edu//store/group/dpg_trigger/comm_trigger/L1TrackTrigger/620_SLHC10/Extended2023TTI/MinBias/MinBias_TuneZ2star_GEN_SIM_1.root
02-Feb-2015 19:38:39 GMT  Successfully opened file root://xrootd.unl.edu//store/group/dpg_trigger/comm_trigger/L1TrackTrigger/620_SLHC10/Extended2023TTI/MinBias/MinBias_TuneZ2star_GEN_SIM_1.root
disableME1a = 0
HcalTopologyIdealEP::produce(const IdealGeometryRecord& iRecord)
mode = 2, maxDepthHB = 3, maxDepthHE = 5
RPCGeometryESModule :: produce
RPCGeometryESModule :: produce :: 1/4 Get Muon Ideal Geometry Record
RPCGeometryESModule :: produce :: 2/4 Get Muon DDD Constants
RPCGeometryESModule :: produce :: 3/4 Get Muon Numbering Record
in MuonNumberingInitialization::initializeMuonDDDConstants
about to make my new muonDDDConst_
in MuonNumberingInitialization::produce
RPCGeometryESModule :: produce :: 4/4 Build
Found:

	Barrel Stack layer 5 : 1008 stacks
	Barrel Stack layer 6 : 1320 stacks
	Barrel Stack layer 7 : 1836 stacks
	Barrel Stack layer 8 : 1152 stacks
	Barrel Stack layer 9 : 1488 stacks
	Barrel Stack layer 10 : 1824 stacks

	Endcap Stack disk 11 : 1360 stacks
	Endcap Stack disk 12 : 1360 stacks
	Endcap Stack disk 13 : 1360 stacks
	Endcap Stack disk 14 : 1360 stacks
	Endcap Stack disk 15 : 1360 stacks
Created 15428 stacks in 16 s

TTClusterBuilder< edm::Ref<edm::DetSetVector<PixelDigi>, PixelDigi, edm::refhelper::FindForDetSetVector<PixelDigi> > > loaded modules:
	TTClusterAlgorithm:	TTClusterAlgorithm_2d2013< edm::Ref<edm::DetSetVector<PixelDigi>, PixelDigi, edm::refhelper::FindForDetSetVector<PixelDigi> > >


TTStubBuilder< edm::Ref<edm::DetSetVector<PixelDigi>, PixelDigi, edm::refhelper::FindForDetSetVector<PixelDigi> > > loaded modules:
	TTStubAlgorithm:	TTStubAlgorithm_tab2013< edm::Ref<edm::DetSetVector<PixelDigi>, PixelDigi, edm::refhelper::FindForDetSetVector<PixelDigi> > >


TTClusterAssociator< edm::Ref<edm::DetSetVector<PixelDigi>, PixelDigi, edm::refhelper::FindForDetSetVector<PixelDigi> > > loaded.


TTStubAssociator< edm::Ref<edm::DetSetVector<PixelDigi>, PixelDigi, edm::refhelper::FindForDetSetVector<PixelDigi> > > loaded.


TTTrackAssociator< edm::Ref<edm::DetSetVector<PixelDigi>, PixelDigi, edm::refhelper::FindForDetSetVector<PixelDigi> > > loaded.

Begin processing the 1st record. Run 1, Event 3381, LumiSection 339 at 02-Feb-2015 19:39:15.934 GMT
02-Feb-2015 19:39:23 GMT  Closed file root://xrootd.unl.edu//store/group/dpg_trigger/comm_trigger/L1TrackTrigger/620_SLHC10/Extended2023TTI/MinBias/MinBias_TuneZ2star_GEN_SIM_1.root
02-Feb-2015 19:39:23 GMT  Initiating request to open file root://xrootd.unl.edu//store/group/dpg_trigger/comm_trigger/L1TrackTrigger/620_SLHC10/Extended2023TTI/MinBias/MinBias_TuneZ2star_GEN_SIM_66.root
02-Feb-2015 19:39:54 GMT  Successfully opened file root://xrootd.unl.edu//store/group/dpg_trigger/comm_trigger/L1TrackTrigger/620_SLHC10/Extended2023TTI/MinBias/MinBias_TuneZ2star_GEN_SIM_66.root
150202 19:44:35 19559 Xrd: XrdClientMessage::ReadRaw: Failed to read header (8 bytes).
150202 19:45:05 19524 Xrd: XrdClientMessage::ReadRaw: Failed to read header (8 bytes).
02-Feb-2015 19:51:17 GMT  Closed file root://xrootd.unl.edu//store/group/dpg_trigger/comm_trigger/L1TrackTrigger/620_SLHC10/Extended2023TTI/MinBias/MinBias_TuneZ2star_GEN_SIM_66.root
02-Feb-2015 19:51:17 GMT  Initiating request to open file root://xrootd.unl.edu//store/group/dpg_trigger/comm_trigger/L1TrackTrigger/620_SLHC10/Extended2023TTI/MinBias/MinBias_TuneZ2star_GEN_SIM_978.root
150202 19:51:49 8385 Xrd: CheckErrorStatus: Server [xrootd.ba.infn.it:1094] declared: session not found(error code: 3011)
02-Feb-2015 19:51:49 GMT  Successfully opened file root://xrootd.unl.edu//store/group/dpg_trigger/comm_trigger/L1TrackTrigger/620_SLHC10/Extended2023TTI/MinBias/MinBias_TuneZ2star_GEN_SIM_978.root
150202 19:56:36 22577 Xrd: XrdClientMessage::ReadRaw: Failed to read header (8 bytes).
150202 19:57:05 9093 Xrd: XrdClientMessage::ReadRaw: Failed to read header (8 bytes).
150202 19:58:35 17995 Xrd: XrdClientMessage::ReadRaw: Failed to read header (8 bytes).
150202 19:58:35 17997 Xrd: XrdClientMessage::ReadRaw: Failed to read header (8 bytes).
150202 19:59:06 19517 Xrd: XrdClientMessage::ReadRaw: Failed to read header (8 bytes).
150202 20:00:06 22576 Xrd: XrdClientMessage::ReadRaw: Failed to read header (8 bytes).
02-Feb-2015 20:01:27 GMT  Closed file root://xrootd.unl.edu//store/group/dpg_trigger/comm_trigger/L1TrackTrigger/620_SLHC10/Extended2023TTI/MinBias/MinBias_TuneZ2star_GEN_SIM_978.root
02-Feb-2015 20:01:27 GMT  Initiating request to open file root://xrootd.unl.edu//store/group/dpg_trigger/comm_trigger/L1TrackTrigger/620_SLHC10/Extended2023TTI/MinBias/MinBias_TuneZ2star_GEN_SIM_355.root
150202 20:06:35 9094 Xrd: XrdClientMessage::ReadRaw: Failed to read header (8 bytes).
150202 20:09:48 26420 Xrd: CheckErrorStatus: Server [cms-xrd-global.cern.ch:1094] declared: session not found(error code: 3011)
150202 20:09:49 26420 Xrd: CheckErrorStatus: Server [llrxrd-redir.in2p3.fr:1094] declared: session not found(error code: 3011)
02-Feb-2015 20:09:49 GMT  Successfully opened file root://xrootd.unl.edu//store/group/dpg_trigger/comm_trigger/L1TrackTrigger/620_SLHC10/Extended2023TTI/MinBias/MinBias_TuneZ2star_GEN_SIM_355.root
Building the geometry service
Warning did not find digi
Warning did not find digi
Warning did not find digi
Warning did not find digi
Warning did not find digi in disks
Warning did not find digi in disks
Warning did not find digi in disks
Warning did not find digi in disks
150202 20:12:05 9092 Xrd: XrdClientMessage::ReadRaw: Failed to read header (8 bytes).
150202 20:15:05 11523 Xrd: XrdClientMessage::ReadRaw: Failed to read header (8 bytes).
02-Feb-2015 20:18:37 GMT  Closed file root://xrootd.unl.edu//store/group/dpg_trigger/comm_trigger/L1TrackTrigger/620_SLHC10/Extended2023TTI/MinBias/MinBias_TuneZ2star_GEN_SIM_355.root
02-Feb-2015 20:18:37 GMT  Initiating request to open file root://xrootd.unl.edu//store/group/dpg_trigger/comm_trigger/L1TrackTrigger/620_SLHC10/Extended2023TTI/MinBias/MinBias_TuneZ2star_GEN_SIM_218.root
150202 20:19:07 25911 Xrd: CheckErrorStatus: Server [llrxrd-redir.in2p3.fr:1094] declared: session not found(error code: 3011)
02-Feb-2015 20:19:08 GMT  Successfully opened file root://xrootd.unl.edu//store/group/dpg_trigger/comm_trigger/L1TrackTrigger/620_SLHC10/Extended2023TTI/MinBias/MinBias_TuneZ2star_GEN_SIM_218.root
150202 20:24:05 11524 Xrd: XrdClientMessage::ReadRaw: Failed to read header (8 bytes).
150202 20:24:36 26604 Xrd: XrdClientMessage::ReadRaw: Failed to read header (8 bytes).
02-Feb-2015 20:38:14 GMT  Closed file root://xrootd.unl.edu//store/group/dpg_trigger/comm_trigger/L1TrackTrigger/620_SLHC10/Extended2023TTI/MinBias/MinBias_TuneZ2star_GEN_SIM_218.root
02-Feb-2015 20:38:14 GMT  Initiating request to open file root://xrootd.unl.edu//store/group/dpg_trigger/comm_trigger/L1TrackTrigger/620_SLHC10/Extended2023TTI/MinBias/MinBias_TuneZ2star_GEN_SIM_34.root
150202 20:38:45 28514 Xrd: CheckErrorStatus: Server [llrxrd-redir.in2p3.fr:1094] declared: session not found(error code: 3011)
02-Feb-2015 20:38:46 GMT  Successfully opened file root://xrootd.unl.edu//store/group/dpg_trigger/comm_trigger/L1TrackTrigger/620_SLHC10/Extended2023TTI/MinBias/MinBias_TuneZ2star_GEN_SIM_34.root
150202 20:43:36 26605 Xrd: XrdClientMessage::ReadRaw: Failed to read header (8 bytes).
150202 20:44:06 29481 Xrd: XrdClientMessage::ReadRaw: Failed to read header (8 bytes).
02-Feb-2015 20:54:42 GMT  Closed file root://xrootd.unl.edu//store/group/dpg_trigger/comm_trigger/L1TrackTrigger/620_SLHC10/Extended2023TTI/MinBias/MinBias_TuneZ2star_GEN_SIM_34.root
02-Feb-2015 20:54:42 GMT  Initiating request to open file root://xrootd.unl.edu//store/group/dpg_trigger/comm_trigger/L1TrackTrigger/620_SLHC10/Extended2023TTI/MinBias/MinBias_TuneZ2star_GEN_SIM_268.root
150202 20:55:13 3606 Xrd: CheckErrorStatus: Server [cms-xrd-global.cern.ch:1094] declared: session not found(error code: 3011)
150202 20:55:13 3606 Xrd: CheckErrorStatus: Server [xrootd-redic.pi.infn.it:1094] declared: session not found(error code: 3011)
02-Feb-2015 20:55:14 GMT  Successfully opened file root://xrootd.unl.edu//store/group/dpg_trigger/comm_trigger/L1TrackTrigger/620_SLHC10/Extended2023TTI/MinBias/MinBias_TuneZ2star_GEN_SIM_268.root
150202 20:59:05 11522 Xrd: XrdClientMessage::ReadRaw: Failed to read header (8 bytes).
150202 21:00:06 29482 Xrd: XrdClientMessage::ReadRaw: Failed to read header (8 bytes).
150202 21:00:36 4290 Xrd: XrdClientMessage::ReadRaw: Failed to read header (8 bytes).
02-Feb-2015 21:04:21 GMT  Closed file root://xrootd.unl.edu//store/group/dpg_trigger/comm_trigger/L1TrackTrigger/620_SLHC10/Extended2023TTI/MinBias/MinBias_TuneZ2star_GEN_SIM_268.root
02-Feb-2015 21:04:21 GMT  Initiating request to open file root://xrootd.unl.edu//store/group/dpg_trigger/comm_trigger/L1TrackTrigger/620_SLHC10/Extended2023TTI/MinBias/MinBias_TuneZ2star_GEN_SIM_91.root
150202 21:05:57 21479 Xrd: CheckErrorStatus: Server [cms-xrd-global.cern.ch:1094] declared: session not found(error code: 3011)
150202 21:05:57 21479 Xrd: CheckErrorStatus: Server [xrootd.ba.infn.it:1094] declared: session not found(error code: 3011)
02-Feb-2015 21:05:58 GMT  Successfully opened file root://xrootd.unl.edu//store/group/dpg_trigger/comm_trigger/L1TrackTrigger/620_SLHC10/Extended2023TTI/MinBias/MinBias_TuneZ2star_GEN_SIM_91.root
150202 21:09:35 4296 Xrd: XrdClientMessage::ReadRaw: Failed to read header (8 bytes).
150202 21:11:06 23737 Xrd: XrdClientMessage::ReadRaw: Failed to read header (8 bytes).
02-Feb-2015 21:14:03 GMT  Closed file root://xrootd.unl.edu//store/group/dpg_trigger/comm_trigger/L1TrackTrigger/620_SLHC10/Extended2023TTI/MinBias/MinBias_TuneZ2star_GEN_SIM_91.root
02-Feb-2015 21:14:03 GMT  Initiating request to open file root://xrootd.unl.edu//store/group/dpg_trigger/comm_trigger/L1TrackTrigger/620_SLHC10/Extended2023TTI/MinBias/MinBias_TuneZ2star_GEN_SIM_115.root
150202 21:14:34 6285 Xrd: CheckErrorStatus: Server [xrootd.ba.infn.it:1094] declared: session not found(error code: 3011)
02-Feb-2015 21:14:35 GMT  Successfully opened file root://xrootd.unl.edu//store/group/dpg_trigger/comm_trigger/L1TrackTrigger/620_SLHC10/Extended2023TTI/MinBias/MinBias_TuneZ2star_GEN_SIM_115.root
150202 21:15:36 4289 Xrd: XrdClientMessage::ReadRaw: Failed to read header (8 bytes).
150202 21:19:05 23738 Xrd: XrdClientMessage::ReadRaw: Failed to read header (8 bytes).
150202 21:20:06 6529 Xrd: XrdClientMessage::ReadRaw: Failed to read header (8 bytes).
02-Feb-2015 21:23:30 GMT  Closed file root://xrootd.unl.edu//store/group/dpg_trigger/comm_trigger/L1TrackTrigger/620_SLHC10/Extended2023TTI/MinBias/MinBias_TuneZ2star_GEN_SIM_115.root
02-Feb-2015 21:23:30 GMT  Initiating request to open file root://xrootd.unl.edu//store/group/dpg_trigger/comm_trigger/L1TrackTrigger/620_SLHC10/Extended2023TTI/MinBias/MinBias_TuneZ2star_GEN_SIM_590.root
150202 21:24:02 16189 Xrd: CheckErrorStatus: Server [xrootd.ba.infn.it:1094] declared: session not found(error code: 3011)
02-Feb-2015 21:24:02 GMT  Successfully opened file root://xrootd.unl.edu//store/group/dpg_trigger/comm_trigger/L1TrackTrigger/620_SLHC10/Extended2023TTI/MinBias/MinBias_TuneZ2star_GEN_SIM_590.root
150202 21:28:36 6530 Xrd: XrdClientMessage::ReadRaw: Failed to read header (8 bytes).
150202 21:29:05 16545 Xrd: XrdClientMessage::ReadRaw: Failed to read header (8 bytes).
02-Feb-2015 21:39:20 GMT  Closed file root://xrootd.unl.edu//store/group/dpg_trigger/comm_trigger/L1TrackTrigger/620_SLHC10/Extended2023TTI/MinBias/MinBias_TuneZ2star_GEN_SIM_590.root
02-Feb-2015 21:39:20 GMT  Initiating request to open file root://xrootd.unl.edu//store/group/dpg_trigger/comm_trigger/L1TrackTrigger/620_SLHC10/Extended2023TTI/MinBias/MinBias_TuneZ2star_GEN_SIM_435.root
150202 21:39:20 14520 Xrd: CheckErrorStatus: Server [cms-xrd-global.cern.ch:1094] declared: session not found(error code: 3011)
150202 21:39:20 14520 Xrd: CheckErrorStatus: Server [xrootd-redic.pi.infn.it:1094] declared: session not found(error code: 3011)
02-Feb-2015 21:39:21 GMT  Successfully opened file root://xrootd.unl.edu//store/group/dpg_trigger/comm_trigger/L1TrackTrigger/620_SLHC10/Extended2023TTI/MinBias/MinBias_TuneZ2star_GEN_SIM_435.root
150202 21:44:05 23736 Xrd: XrdClientMessage::ReadRaw: Failed to read header (8 bytes).
150202 21:44:35 16546 Xrd: XrdClientMessage::ReadRaw: Failed to read header (8 bytes).
150202 21:44:36 14602 Xrd: XrdClientMessage::ReadRaw: Failed to read header (8 bytes).
02-Feb-2015 21:48:08 GMT  Closed file root://xrootd.unl.edu//store/group/dpg_trigger/comm_trigger/L1TrackTrigger/620_SLHC10/Extended2023TTI/MinBias/MinBias_TuneZ2star_GEN_SIM_435.root
02-Feb-2015 21:48:08 GMT  Initiating request to open file root://xrootd.unl.edu//store/group/dpg_trigger/comm_trigger/L1TrackTrigger/620_SLHC10/Extended2023TTI/MinBias/MinBias_TuneZ2star_GEN_SIM_721.root
150202 21:48:39 25666 Xrd: CheckErrorStatus: Server [cms-xrd-global.cern.ch:1094] declared: session not found(error code: 3011)
150202 21:48:39 25666 Xrd: CheckErrorStatus: Server [xrootd.ba.infn.it:1094] declared: session not found(error code: 3011)
02-Feb-2015 21:48:40 GMT  Successfully opened file root://xrootd.unl.edu//store/group/dpg_trigger/comm_trigger/L1TrackTrigger/620_SLHC10/Extended2023TTI/MinBias/MinBias_TuneZ2star_GEN_SIM_721.root
150202 21:53:36 14632 Xrd: XrdClientMessage::ReadRaw: Failed to read header (8 bytes).
150202 21:54:06 26195 Xrd: XrdClientMessage::ReadRaw: Failed to read header (8 bytes).
02-Feb-2015 21:57:00 GMT  Closed file root://xrootd.unl.edu//store/group/dpg_trigger/comm_trigger/L1TrackTrigger/620_SLHC10/Extended2023TTI/MinBias/MinBias_TuneZ2star_GEN_SIM_721.root
02-Feb-2015 21:57:00 GMT  Initiating request to open file root://xrootd.unl.edu//store/group/dpg_trigger/comm_trigger/L1TrackTrigger/620_SLHC10/Extended2023TTI/MinBias/MinBias_TuneZ2star_GEN_SIM_120.root
150202 21:57:31 31388 Xrd: CheckErrorStatus: Server [cms-xrd-global.cern.ch:1094] declared: session not found(error code: 3011)
150202 21:57:31 31388 Xrd: CheckErrorStatus: Server [llrxrd-redir.in2p3.fr:1094] declared: session not found(error code: 3011)
02-Feb-2015 21:57:31 GMT  Successfully opened file root://xrootd.unl.edu//store/group/dpg_trigger/comm_trigger/L1TrackTrigger/620_SLHC10/Extended2023TTI/MinBias/MinBias_TuneZ2star_GEN_SIM_120.root
150202 21:59:35 14568 Xrd: XrdClientMessage::ReadRaw: Failed to read header (8 bytes).
150202 22:02:06 26196 Xrd: XrdClientMessage::ReadRaw: Failed to read header (8 bytes).
150202 22:02:36 32051 Xrd: XrdClientMessage::ReadRaw: Failed to read header (8 bytes).
02-Feb-2015 22:03:11 GMT  Closed file root://xrootd.unl.edu//store/group/dpg_trigger/comm_trigger/L1TrackTrigger/620_SLHC10/Extended2023TTI/MinBias/MinBias_TuneZ2star_GEN_SIM_120.root
02-Feb-2015 22:03:11 GMT  Initiating request to open file root://xrootd.unl.edu//store/group/dpg_trigger/comm_trigger/L1TrackTrigger/620_SLHC10/Extended2023TTI/MinBias/MinBias_TuneZ2star_GEN_SIM_100.root
150202 22:05:51 20765 Xrd: CheckErrorStatus: Server [cms-xrd-global.cern.ch:1094] declared: session not found(error code: 3011)
150202 22:05:52 20765 Xrd: CheckErrorStatus: Server [xrootd-redic.pi.infn.it:1094] declared: session not found(error code: 3011)
150202 22:05:52 20765 Xrd: CheckErrorStatus: Server [eoscms.cern.ch:1094] declared: session not found(error code: 3011)
02-Feb-2015 22:05:52 GMT  Successfully opened file root://xrootd.unl.edu//store/group/dpg_trigger/comm_trigger/L1TrackTrigger/620_SLHC10/Extended2023TTI/MinBias/MinBias_TuneZ2star_GEN_SIM_100.root
150202 22:08:36 32059 Xrd: XrdClientMessage::ReadRaw: Failed to read header (8 bytes).
150202 22:09:06 26194 Xrd: XrdClientMessage::ReadRaw: Failed to read header (8 bytes).
02-Feb-2015 22:10:04 GMT  Closed file root://xrootd.unl.edu//store/group/dpg_trigger/comm_trigger/L1TrackTrigger/620_SLHC10/Extended2023TTI/MinBias/MinBias_TuneZ2star_GEN_SIM_100.root
02-Feb-2015 22:10:04 GMT  Initiating request to open file root://xrootd.unl.edu//store/group/dpg_trigger/comm_trigger/L1TrackTrigger/620_SLHC10/Extended2023TTI/MinBias/MinBias_TuneZ2star_GEN_SIM_904.root
150202 22:10:46 24316 Xrd: CheckErrorStatus: Server [cms-xrd-global.cern.ch:1094] declared: session not found(error code: 3011)
02-Feb-2015 22:10:46 GMT  Successfully opened file root://xrootd.unl.edu//store/group/dpg_trigger/comm_trigger/L1TrackTrigger/620_SLHC10/Extended2023TTI/MinBias/MinBias_TuneZ2star_GEN_SIM_904.root
150202 22:15:05 21994 Xrd: XrdClientMessage::ReadRaw: Failed to read header (8 bytes).
150202 22:16:05 21993 Xrd: XrdClientMessage::ReadRaw: Failed to read header (8 bytes).
02-Feb-2015 22:16:16 GMT  Closed file root://xrootd.unl.edu//store/group/dpg_trigger/comm_trigger/L1TrackTrigger/620_SLHC10/Extended2023TTI/MinBias/MinBias_TuneZ2star_GEN_SIM_904.root
02-Feb-2015 22:16:16 GMT  Initiating request to open file root://xrootd.unl.edu//store/group/dpg_trigger/comm_trigger/L1TrackTrigger/620_SLHC10/Extended2023TTI/MinBias/MinBias_TuneZ2star_GEN_SIM_312.root
150202 22:17:35 32050 Xrd: XrdClientMessage::ReadRaw: Failed to read header (8 bytes).
150202 22:21:36 24548 Xrd: XrdClientMessage::ReadRaw: Failed to read header (8 bytes).
150202 22:24:21 27006 Xrd: CheckErrorStatus: Server [xrootd-redic.pi.infn.it:1094] declared: session not found(error code: 3011)
02-Feb-2015 22:24:22 GMT  Successfully opened file root://xrootd.unl.edu//store/group/dpg_trigger/comm_trigger/L1TrackTrigger/620_SLHC10/Extended2023TTI/MinBias/MinBias_TuneZ2star_GEN_SIM_312.root
02-Feb-2015 22:28:44 GMT  Closed file root://xrootd.unl.edu//store/group/dpg_trigger/comm_trigger/L1TrackTrigger/620_SLHC10/Extended2023TTI/MinBias/MinBias_TuneZ2star_GEN_SIM_312.root
02-Feb-2015 22:28:44 GMT  Initiating request to open file root://xrootd.unl.edu//store/group/dpg_trigger/comm_trigger/L1TrackTrigger/620_SLHC10/Extended2023TTI/MinBias/MinBias_TuneZ2star_GEN_SIM_614.root
02-Feb-2015 22:29:15 GMT  Successfully opened file root://xrootd.unl.edu//store/group/dpg_trigger/comm_trigger/L1TrackTrigger/620_SLHC10/Extended2023TTI/MinBias/MinBias_TuneZ2star_GEN_SIM_614.root
150202 22:31:05 24547 Xrd: XrdClientMessage::ReadRaw: Failed to read header (8 bytes).
02-Feb-2015 22:33:44 GMT  Closed file root://xrootd.unl.edu//store/group/dpg_trigger/comm_trigger/L1TrackTrigger/620_SLHC10/Extended2023TTI/MinBias/MinBias_TuneZ2star_GEN_SIM_614.root
02-Feb-2015 22:33:44 GMT  Initiating request to open file root://xrootd.unl.edu//store/group/dpg_trigger/comm_trigger/L1TrackTrigger/620_SLHC10/Extended2023TTI/MinBias/MinBias_TuneZ2star_GEN_SIM_230.root
150202 22:33:44 1914 Xrd: CheckErrorStatus: Server [cms-xrd-global.cern.ch:1094] declared: session not found(error code: 3011)
02-Feb-2015 22:33:45 GMT  Successfully opened file root://xrootd.unl.edu//store/group/dpg_trigger/comm_trigger/L1TrackTrigger/620_SLHC10/Extended2023TTI/MinBias/MinBias_TuneZ2star_GEN_SIM_230.root
150202 22:34:05 30473 Xrd: XrdClientMessage::ReadRaw: Failed to read header (8 bytes).
150202 22:39:06 32645 Xrd: XrdClientMessage::ReadRaw: Failed to read header (8 bytes).
150202 22:39:06 30472 Xrd: XrdClientMessage::ReadRaw: Failed to read header (8 bytes).
02-Feb-2015 22:41:05 GMT  Closed file root://xrootd.unl.edu//store/group/dpg_trigger/comm_trigger/L1TrackTrigger/620_SLHC10/Extended2023TTI/MinBias/MinBias_TuneZ2star_GEN_SIM_230.root
02-Feb-2015 22:41:05 GMT  Initiating request to open file root://xrootd.unl.edu//store/group/dpg_trigger/comm_trigger/L1TrackTrigger/620_SLHC10/Extended2023TTI/MinBias/MinBias_TuneZ2star_GEN_SIM_345.root
150202 22:41:36 4884 Xrd: CheckErrorStatus: Server [cms-xrd-global.cern.ch:1094] declared: session not found(error code: 3011)
150202 22:41:37 4884 Xrd: CheckErrorStatus: Server [xrootd.ba.infn.it:1094] declared: session not found(error code: 3011)
02-Feb-2015 22:41:37 GMT  Successfully opened file root://xrootd.unl.edu//store/group/dpg_trigger/comm_trigger/L1TrackTrigger/620_SLHC10/Extended2023TTI/MinBias/MinBias_TuneZ2star_GEN_SIM_345.root
02-Feb-2015 22:46:07 GMT  Closed file root://xrootd.unl.edu//store/group/dpg_trigger/comm_trigger/L1TrackTrigger/620_SLHC10/Extended2023TTI/MinBias/MinBias_TuneZ2star_GEN_SIM_345.root
02-Feb-2015 22:46:07 GMT  Initiating request to open file root://xrootd.unl.edu//store/group/dpg_trigger/comm_trigger/L1TrackTrigger/620_SLHC10/Extended2023TTI/MinBias/MinBias_TuneZ2star_GEN_SIM_912.root
150202 22:46:08 1917 Xrd: XrdClientMessage::ReadRaw: Failed to read header (8 bytes).
02-Feb-2015 22:46:38 GMT  Successfully opened file root://xrootd.unl.edu//store/group/dpg_trigger/comm_trigger/L1TrackTrigger/620_SLHC10/Extended2023TTI/MinBias/MinBias_TuneZ2star_GEN_SIM_912.root
150202 22:46:38 5249 Xrd: XrdClientMessage::ReadRaw: Failed to read header (8 bytes).
150202 22:49:36 21992 Xrd: XrdClientMessage::ReadRaw: Failed to read header (8 bytes).
02-Feb-2015 22:50:01 GMT  Closed file root://xrootd.unl.edu//store/group/dpg_trigger/comm_trigger/L1TrackTrigger/620_SLHC10/Extended2023TTI/MinBias/MinBias_TuneZ2star_GEN_SIM_912.root
02-Feb-2015 22:50:01 GMT  Initiating request to open file root://xrootd.unl.edu//store/group/dpg_trigger/comm_trigger/L1TrackTrigger/620_SLHC10/Extended2023TTI/MinBias/MinBias_TuneZ2star_GEN_SIM_6.root
02-Feb-2015 22:50:32 GMT  Successfully opened file root://xrootd.unl.edu//store/group/dpg_trigger/comm_trigger/L1TrackTrigger/620_SLHC10/Extended2023TTI/MinBias/MinBias_TuneZ2star_GEN_SIM_6.root
150202 22:51:35 5250 Xrd: XrdClientMessage::ReadRaw: Failed to read header (8 bytes).
02-Feb-2015 22:54:33 GMT  Closed file root://xrootd.unl.edu//store/group/dpg_trigger/comm_trigger/L1TrackTrigger/620_SLHC10/Extended2023TTI/MinBias/MinBias_TuneZ2star_GEN_SIM_6.root
02-Feb-2015 22:54:33 GMT  Initiating request to open file root://xrootd.unl.edu//store/group/dpg_trigger/comm_trigger/L1TrackTrigger/620_SLHC10/Extended2023TTI/MinBias/MinBias_TuneZ2star_GEN_SIM_356.root
150202 22:55:04 7196 Xrd: XrdClientMessage::ReadRaw: Failed to read header (8 bytes).
02-Feb-2015 22:55:04 GMT  Successfully opened file root://xrootd.unl.edu//store/group/dpg_trigger/comm_trigger/L1TrackTrigger/620_SLHC10/Extended2023TTI/MinBias/MinBias_TuneZ2star_GEN_SIM_356.root
02-Feb-2015 22:59:00 GMT  Closed file root://xrootd.unl.edu//store/group/dpg_trigger/comm_trigger/L1TrackTrigger/620_SLHC10/Extended2023TTI/MinBias/MinBias_TuneZ2star_GEN_SIM_356.root
02-Feb-2015 22:59:00 GMT  Initiating request to open file root://xrootd.unl.edu//store/group/dpg_trigger/comm_trigger/L1TrackTrigger/620_SLHC10/Extended2023TTI/MinBias/MinBias_TuneZ2star_GEN_SIM_938.root
02-Feb-2015 22:59:32 GMT  Successfully opened file root://xrootd.unl.edu//store/group/dpg_trigger/comm_trigger/L1TrackTrigger/620_SLHC10/Extended2023TTI/MinBias/MinBias_TuneZ2star_GEN_SIM_938.root
150202 22:59:36 8722 Xrd: XrdClientMessage::ReadRaw: Failed to read header (8 bytes).
150202 23:04:06 10628 Xrd: XrdClientMessage::ReadRaw: Failed to read header (8 bytes).
150202 23:04:36 7195 Xrd: XrdClientMessage::ReadRaw: Failed to read header (8 bytes).
02-Feb-2015 23:05:44 GMT  Closed file root://xrootd.unl.edu//store/group/dpg_trigger/comm_trigger/L1TrackTrigger/620_SLHC10/Extended2023TTI/MinBias/MinBias_TuneZ2star_GEN_SIM_938.root
02-Feb-2015 23:05:44 GMT  Initiating request to open file root://xrootd.unl.edu//store/group/dpg_trigger/comm_trigger/L1TrackTrigger/620_SLHC10/Extended2023TTI/MinBias/MinBias_TuneZ2star_GEN_SIM_206.root
150202 23:06:15 15750 Xrd: CheckErrorStatus: Server [cms-xrd-global.cern.ch:1094] declared: session not found(error code: 3011)
150202 23:06:15 15750 Xrd: CheckErrorStatus: Server [xrootd-redic.pi.infn.it:1094] declared: session not found(error code: 3011)
02-Feb-2015 23:06:16 GMT  Successfully opened file root://xrootd.unl.edu//store/group/dpg_trigger/comm_trigger/L1TrackTrigger/620_SLHC10/Extended2023TTI/MinBias/MinBias_TuneZ2star_GEN_SIM_206.root
02-Feb-2015 23:08:22 GMT  Closed file root://dcap.pp.rl.ac.uk:1094/pnfs/pp.rl.ac.uk/data/cms/store/user/dcieri/ttbar_SIM/ttbar/ttbar_SIM/150129_145223/0000/step1_339.root
02-Feb-2015 23:08:23 GMT  Closed file root://xrootd.unl.edu//store/group/dpg_trigger/comm_trigger/L1TrackTrigger/620_SLHC10/Extended2023TTI/MinBias/MinBias_TuneZ2star_GEN_SIM_206.root

=============================================

MessageLogger Summary

 type     category        sev    module        subroutine        count    total
 ---- -------------------- -- ---------------- ----------------  -----    -----
    1 fileAction           -s MixingModule:mix                      69       69
    2 fileAction           -s MixingModule:mix                       2        2
    3 fileAction           -s MixingModule:mix                       1        1
    4 fileAction           -s file_close                             1        1
    5 fileAction           -s file_open                              2        2

 type    category    Examples: run/evt        run/evt          run/evt
 ---- -------------------- ---------------- ---------------- ----------------
    1 fileAction           1/3381           1/3381           1/3390
    2 fileAction           pre-events       pre-events       
    3 fileAction           PostEndRun                        
    4 fileAction           PostEndRun                        
    5 fileAction           pre-events       pre-events       

Severity    # Occurrences   Total Occurrences
--------    -------------   -----------------
System                 75                  75
>>> END OF printout of 232 lines from stdout+stderr
>>> Parse FrameworkJobReport crab_fjr.xml
Result of parsing the FrameworkJobReport crab_fjr.xml: 
Extracted ExitStatus from FrameworkJobReport parsing output: 0
>>> Executable succeded  0
ExeExitCode=0
EXECUTABLE_EXIT_STATUS = 0
>>> current directory /scratch/condor/dir_26071/glide_HUi9W0/execute/dir_11943/CMSSW_6_2_0_SLHC12
>>>  (SOFTWARE_DIR): /scratch/condor/dir_26071/glide_HUi9W0/execute/dir_11943/CMSSW_6_2_0_SLHC12
>>> (WORKING_DIR): 
>>> current directory content:
total 246520
drwxr-xr-x 3 cms415 gplcms      4096 Feb  2 19:37 .SCRAM
-rw------- 1 cms415 gplcms    915837 Feb  2 19:37 CMSSW.py.pkl
drwxr-xr-x 3 cms415 gplcms      4096 Feb  2 19:37 bin
drwxr-xr-x 3 cms415 gplcms      4096 Feb  2 19:37 cfipython
drwxr-xr-x 4 cms415 gplcms      4096 Apr 28  2014 config
-rw------- 1 cms415 gplcms        17 Feb  2 23:08 cpu_timing.txt
drwxr-xr-x 2 cms415 gplcms      4096 Feb  2 19:37 doc
-rw------- 1 cms415 gplcms     25990 Feb  2 23:08 executable.out
drwxr-xr-x 2 cms415 gplcms      4096 Feb  2 19:37 include
drwx------ 3 cms415 gplcms      4096 Oct  7 10:12 lib
drwxr-xr-x 3 cms415 gplcms      4096 Feb  2 19:37 logs
drwxr-xr-x 3 cms415 gplcms      4096 Feb  2 19:37 objs
-rw------- 1 cms415 gplcms       104 Feb  2 19:37 pset.py
-rw------- 1 cms415 gplcms    926822 Feb  2 19:37 pset.py.pkl
-rw------- 1 cms415 gplcms       289 Feb  2 19:37 pset.pyc
drwxr-xr-x 2 cms415 gplcms      4096 Feb  2 19:37 python
-rw------- 1 cms415 gplcms       353 Feb  2 23:08 report.log
drwxr-xr-x 2 cms415 gplcms      4096 Feb  2 19:37 src
-rw------- 1 cms415 gplcms 250229944 Feb  2 23:08 step2.root
drwxr-xr-x 3 cms415 gplcms      4096 Feb  2 19:37 test
drwxr-xr-x 3 cms415 gplcms      4096 Feb  2 19:37 tmp
>>> current directory /scratch/condor/dir_26071/glide_HUi9W0/execute/dir_11943/CMSSW_6_2_0_SLHC12
>>> (SOFTWARE_DIR): /scratch/condor/dir_26071/glide_HUi9W0/execute/dir_11943/CMSSW_6_2_0_SLHC12
>>> (WORKING_DIR): 
>>> current directory content:
total 246520
drwxr-xr-x 3 cms415 gplcms      4096 Feb  2 19:37 .SCRAM
-rw------- 1 cms415 gplcms    915837 Feb  2 19:37 CMSSW.py.pkl
drwxr-xr-x 3 cms415 gplcms      4096 Feb  2 19:37 bin
drwxr-xr-x 3 cms415 gplcms      4096 Feb  2 19:37 cfipython
drwxr-xr-x 4 cms415 gplcms      4096 Apr 28  2014 config
-rw------- 1 cms415 gplcms        17 Feb  2 23:08 cpu_timing.txt
drwxr-xr-x 2 cms415 gplcms      4096 Feb  2 19:37 doc
-rw------- 1 cms415 gplcms     25990 Feb  2 23:08 executable.out
drwxr-xr-x 2 cms415 gplcms      4096 Feb  2 19:37 include
drwx------ 3 cms415 gplcms      4096 Oct  7 10:12 lib
drwxr-xr-x 3 cms415 gplcms      4096 Feb  2 19:37 logs
drwxr-xr-x 3 cms415 gplcms      4096 Feb  2 19:37 objs
-rw------- 1 cms415 gplcms       104 Feb  2 19:37 pset.py
-rw------- 1 cms415 gplcms    926822 Feb  2 19:37 pset.py.pkl
-rw------- 1 cms415 gplcms       289 Feb  2 19:37 pset.pyc
drwxr-xr-x 2 cms415 gplcms      4096 Feb  2 19:37 python
-rw------- 1 cms415 gplcms       353 Feb  2 23:08 report.log
drwxr-xr-x 2 cms415 gplcms      4096 Feb  2 19:37 src
-rw------- 1 cms415 gplcms 250229944 Feb  2 23:08 step2_77_1_IXF.root
drwxr-xr-x 3 cms415 gplcms      4096 Feb  2 19:37 test
drwxr-xr-x 3 cms415 gplcms      4096 Feb  2 19:37 tmp
>>> current directory (RUNTIME_AREA):  /scratch/condor/dir_26071/glide_HUi9W0/execute/dir_11943
PNN = T2_UK_SGrid_RALPP
SE = heplnx204.pp.rl.ac.uk
SE_PATH = /srm/managerv2?SFN=/pnfs/pp.rl.ac.uk/data/cms/store/user/dcieri/ttbar_PU140_DIGI/dcieri/ttbar/ttbar_PU140_DIGI/3c0380cf82de79bc39966c93934c61fc/
LFNBaseName = /store/user/dcieri/ttbar_PU140_DIGI/dcieri/ttbar/ttbar_PU140_DIGI/3c0380cf82de79bc39966c93934c61fc/
USER = dcieri
endpoint = srm://heplnx204.pp.rl.ac.uk:8443/srm/managerv2?SFN=/pnfs/pp.rl.ac.uk/data/cms/store/user/dcieri/ttbar_PU140_DIGI/dcieri/ttbar/ttbar_PU140_DIGI/3c0380cf82de79bc39966c93934c61fc/
>>> Copy output files from WN = heplnc024.pp.rl.ac.uk to /srm/managerv2?SFN=/pnfs/pp.rl.ac.uk/data/cms/store/user/dcieri/ttbar_PU140_DIGI/dcieri/ttbar/ttbar_PU140_DIGI/3c0380cf82de79bc39966c93934c61fc/ :
python cmscp.py  --destination srm://heplnx204.pp.rl.ac.uk:8443/srm/managerv2?SFN=/pnfs/pp.rl.ac.uk/data/cms/store/user/dcieri/ttbar_PU140_DIGI/dcieri/ttbar/ttbar_PU140_DIGI/3c0380cf82de79bc39966c93934c61fc/ --inputFileList /scratch/condor/dir_26071/glide_HUi9W0/execute/dir_11943/CMSSW_6_2_0_SLHC12/step2_77_1_IXF.root --middleware LCG --PNN T2_UK_SGrid_RALPP --se_name heplnx204.pp.rl.ac.uk --for_lfn /store/user/dcieri/ttbar_PU140_DIGI/dcieri/ttbar/ttbar_PU140_DIGI/3c0380cf82de79bc39966c93934c61fc/    
******************************************************
localSeName  =  heplnx204.pp.rl.ac.uk
remoteSeName =  heplnx204.pp.rl.ac.uk
******************************************************
{"/scratch/condor/dir_26071/glide_HUi9W0/execute/dir_11943/CMSSW_6_2_0_SLHC12/step2_77_1_IXF.root": {"endpoint": "srm://heplnx204.pp.rl.ac.uk:8443/srm/managerv2?SFN=/pnfs/pp.rl.ac.uk/data/cms/store/user/dcieri/ttbar_PU140_DIGI/dcieri/ttbar/ttbar_PU140_DIGI/3c0380cf82de79bc39966c93934c61fc/", "surl_for_grid": "", "reason": "Copy succedeed with srm-lcg utils", "erCode": "0", "PNN": "T2_UK_SGrid_RALPP", "se_name": "heplnx204.pp.rl.ac.uk", "for_lfn": "/store/user/dcieri/ttbar_PU140_DIGI/dcieri/ttbar/ttbar_PU140_DIGI/3c0380cf82de79bc39966c93934c61fc/"}}/scratch/condor/dir_26071/glide_HUi9W0/execute/dir_11943
-------- cat /scratch/condor/dir_26071/glide_HUi9W0/execute/dir_11943/cmscpReport.sh 
#!/bin/bash
echo "Report for File: /scratch/condor/dir_26071/glide_HUi9W0/execute/dir_11943/CMSSW_6_2_0_SLHC12/step2_77_1_IXF.root"
echo "LFN: /store/user/dcieri/ttbar_PU140_DIGI/dcieri/ttbar/ttbar_PU140_DIGI/3c0380cf82de79bc39966c93934c61fc/step2_77_1_IXF.root"
echo "StorageElement: heplnx204.pp.rl.ac.uk"
echo "StageOutExitStatusReason = 'Copy succedeed with srm-lcg utils'" | tee -a $RUNTIME_AREA/$repo
echo "StageOutSE = heplnx204.pp.rl.ac.uk" >> $RUNTIME_AREA/$repo

export StageOutExitStatus=0
echo "StageOutExitStatus = 0" | tee -a $RUNTIME_AREA/$repo
-------- end of /scratch/condor/dir_26071/glide_HUi9W0/execute/dir_11943/cmscpReport.sh 
Report for File: /scratch/condor/dir_26071/glide_HUi9W0/execute/dir_11943/CMSSW_6_2_0_SLHC12/step2_77_1_IXF.root
LFN: /store/user/dcieri/ttbar_PU140_DIGI/dcieri/ttbar/ttbar_PU140_DIGI/3c0380cf82de79bc39966c93934c61fc/step2_77_1_IXF.root
StorageElement: heplnx204.pp.rl.ac.uk
StageOutExitStatusReason = 'Copy succedeed with srm-lcg utils'
StageOutExitStatus = 0
>>> current dir: /scratch/condor/dir_26071/glide_HUi9W0/execute/dir_11943
>>> current dir content:
total 8828
-rw-------  1 cms415 gplcms    3943 Feb  2 23:09 .SEinteraction.log
-rwx------  1 cms415 gplcms      52 Feb  2 19:36 .chirp_config
-rwx------  1 cms415 gplcms    7828 Feb  2 19:36 .job.ad
-rwx------  1 cms415 gplcms    9825 Feb  2 19:36 .machine.ad
-rw-------  1 cms415 gplcms     105 Feb  2 12:16 CMSSW.py
-rw-------  1 cms415 gplcms  915837 Feb  2 12:16 CMSSW.py.pkl
-rwx------  1 cms415 gplcms   29498 Feb  2 19:37 CMSSW.sh
drwxr-xr-x 15 cms415 gplcms    4096 Feb  2 23:08 CMSSW_6_2_0_SLHC12
-rw-------  1 cms415 gplcms     190 Feb  2 19:37 CacheEnv.sh
-rw-------  1 cms415 gplcms    7291 Nov 19 14:52 DashboardAPI.py
-rw-------  1 cms415 gplcms    6470 Feb  2 19:37 DashboardAPI.pyc
drwx------  2 cms415 gplcms    4096 Feb  2 23:08 IMProv
-rw-------  1 cms415 gplcms    2748 Nov 19 14:52 Logger.py
-rw-------  1 cms415 gplcms    3232 Feb  2 19:37 Logger.pyc
-rw-------  1 cms415 gplcms   24524 Nov 19 14:52 ProcInfo.py
-rw-------  1 cms415 gplcms   22645 Feb  2 19:37 ProcInfo.pyc
drwx------  7 cms415 gplcms    4096 Feb  2 19:37 ProdCommon
drwx------  3 cms415 gplcms    4096 Feb  2 19:37 WMCore
-rw-------  1 cms415 gplcms   15708 Feb  2 23:08 Watchdog_77.log
-rwx------  1 cms415 gplcms       0 Feb  2 19:37 _condor_stderr
-rwx---r--  1 cms415 gplcms   40741 Feb  2 23:09 _condor_stdout
-rw-------  1 cms415 gplcms   32895 Nov 19 14:52 apmon.py
-rw-------  1 cms415 gplcms   27958 Feb  2 19:37 apmon.pyc
-rwx------  1 cms415 gplcms  134309 Feb  2 19:37 arguments.xml
-rwx------  1 cms415 gplcms   38581 Nov 19 14:52 cmscp.py
-rw-------  1 cms415 gplcms     560 Feb  2 23:09 cmscpReport.sh
-rwx------  1 cms415 gplcms   29498 Feb  2 19:37 condor_exec.exe
-rw-------  1 cms415 gplcms     544 Feb  2 12:16 crab.cfg
-rwx------  1 cms415 gplcms    8610 Nov 19 14:52 crabWatchdog.sh
-rwx---r--  1 cms415 gplcms  112082 Feb  2 23:08 crab_fjr_77.xml
-rwx------  1 cms415 gplcms 7390485 Feb  2 19:37 default.tgz
-rwx------  1 cms415 gplcms    4488 Nov 19 14:52 fillCrabFjr.py
-rw-------  1 cms415 gplcms     226 Feb  2 19:37 inputsReport.txt
-rw-------  1 cms415 gplcms     243 Feb  2 23:09 jobreport.txt
-rw-------  1 cms415 gplcms   17352 Nov 19 14:52 parseCrabFjr.py
-rw-------  1 cms415 gplcms     321 Feb  2 19:37 report.log
-rwx--x--x  1 cms415 gplcms    1497 Nov 19 14:52 report.py
-rw-------  1 cms415 gplcms     554 Feb  2 23:09 resultCopyFile
lrwxrwxrwx  1 cms415 gplcms      95 Feb  2 23:08 step2.root -> /scratch/condor/dir_26071/glide_HUi9W0/execute/dir_11943/CMSSW_6_2_0_SLHC12/step2_77_1_IXF.root
-rwx------  1 cms415 gplcms    8351 Nov 19 14:52 writeCfg.py
-rw-------  1 cms415 gplcms   10293 Feb  2 19:36 x509up_u62281
>>> Modify Job Report:
CMSSW_VERSION = CMSSW_6_2_0_SLHC12
ProcessedDataset = ttbar_PU140_DIGI
/scratch/condor/dir_26071/glide_HUi9W0/execute/dir_11943/ProdCommon/FwkJobRep/ModifyJobReport.py fjr /scratch/condor/dir_26071/glide_HUi9W0/execute/dir_11943/crab_fjr_77.xml json /scratch/condor/dir_26071/glide_HUi9W0/execute/dir_11943/resultCopyFile n_job 77_1_IXF PrimaryDataset ttbar  ApplicationFamily cmsRun ApplicationName cmsRun cmssw_version CMSSW_6_2_0_SLHC12 psethash 3c0380cf82de79bc39966c93934c61fc UserProcessedDataset dcieri-ttbar_PU140_DIGI-3c0380cf82de79bc39966c93934c61fc
inputDict =  {u'/scratch/condor/dir_26071/glide_HUi9W0/execute/dir_11943/CMSSW_6_2_0_SLHC12/step2_77_1_IXF.root': {u'endpoint': u'srm://heplnx204.pp.rl.ac.uk:8443/srm/managerv2?SFN=/pnfs/pp.rl.ac.uk/data/cms/store/user/dcieri/ttbar_PU140_DIGI/dcieri/ttbar/ttbar_PU140_DIGI/3c0380cf82de79bc39966c93934c61fc/', u'surl_for_grid': u'', u'reason': u'Copy succedeed with srm-lcg utils', u'erCode': u'0', u'PNN': u'T2_UK_SGrid_RALPP', u'se_name': u'heplnx204.pp.rl.ac.uk', u'for_lfn': u'/store/user/dcieri/ttbar_PU140_DIGI/dcieri/ttbar/ttbar_PU140_DIGI/3c0380cf82de79bc39966c93934c61fc/'}}
UserProcessedDataset =  dcieri-ttbar_PU140_DIGI-3c0380cf82de79bc39966c93934c61fc
WORKING ON EDM FILE
file_name in inputDict =  /scratch/condor/dir_26071/glide_HUi9W0/execute/dir_11943/CMSSW_6_2_0_SLHC12/step2_77_1_IXF.root
(size) os.stat(filename)[6] =  250229944
checksum =  1564168936
    file =  step2_77_1_IXF.root
    newPfn =  srm://heplnx204.pp.rl.ac.uk:8443/srm/managerv2?SFN=/pnfs/pp.rl.ac.uk/data/cms/store/user/dcieri/ttbar_PU140_DIGI/dcieri/ttbar/ttbar_PU140_DIGI/3c0380cf82de79bc39966c93934c61fc/step2_77_1_IXF.root
    newLfn =  /store/user/dcieri/ttbar_PU140_DIGI/dcieri/ttbar/ttbar_PU140_DIGI/3c0380cf82de79bc39966c93934c61fc/step2_77_1_IXF.root
>>> crab_fjr_*.xml  permission set to 0704
CrabWrapper EXIT_FUNC entered at Mon Feb  2 23:09:19 GMT 2015   -  Mon Feb  2 23:09:19 UTC 2015
Checking output files:  
will tar file crab_fjr_77.xml in  out_files_77
WARNING: output file CMSSW_77.stdout not found!
WARNING: output file CMSSW_77.stderr not found!
WARNING: output file Watchdog_77.log.gz not found!
>>> padding time: Wrapper lasting more than 600 seconds. No sleep required.
STOPPING WATCHDOG. CrabWatchdog PID is 16303
********** LAST 50 LINES OF WATCHDOG LOG
 Feb 02 21:08:17 GMT	16689	1329696	1781044	100	295	5446	cmsRun -j /scratch/condor/dir_26071/glide_HUi9W0/execute/dir_11943/crab_fjr_77.xml -p pset.py      
 Feb 02 21:09:18 GMT	16689	1347828	1786932	100	307	5506	cmsRun -j /scratch/condor/dir_26071/glide_HUi9W0/execute/dir_11943/crab_fjr_77.xml -p pset.py      
 Feb 02 21:10:18 GMT	16689	1352364	1786932	100	314	5567	cmsRun -j /scratch/condor/dir_26071/glide_HUi9W0/execute/dir_11943/crab_fjr_77.xml -p pset.py      
# TIME			PID	RSS(KB)	VSZ(KB)	Dsk(MB)	tCPU(s)	tWALL(s)	COMMAND
 Feb 02 21:11:19 GMT	---	1352364	1786932	123	----	----	----
 Feb 02 21:25:29 GMT	16689	1352364	1793588	123	384	6478	cmsRun -j /scratch/condor/dir_26071/glide_HUi9W0/execute/dir_11943/crab_fjr_77.xml -p pset.py      
 Feb 02 21:26:30 GMT	16689	1352364	1794612	123	386	6539	cmsRun -j /scratch/condor/dir_26071/glide_HUi9W0/execute/dir_11943/crab_fjr_77.xml -p pset.py      
 Feb 02 21:28:31 GMT	16689	1352364	1794868	123	391	6660	cmsRun -j /scratch/condor/dir_26071/glide_HUi9W0/execute/dir_11943/crab_fjr_77.xml -p pset.py      
 Feb 02 21:29:32 GMT	16689	1352364	1795380	123	395	6721	cmsRun -j /scratch/condor/dir_26071/glide_HUi9W0/execute/dir_11943/crab_fjr_77.xml -p pset.py      
 Feb 02 21:31:33 GMT	16689	1420012	1806900	123	410	6842	cmsRun -j /scratch/condor/dir_26071/glide_HUi9W0/execute/dir_11943/crab_fjr_77.xml -p pset.py      
 Feb 02 21:32:34 GMT	16689	1458988	1809204	123	417	6902	cmsRun -j /scratch/condor/dir_26071/glide_HUi9W0/execute/dir_11943/crab_fjr_77.xml -p pset.py      
 Feb 02 21:33:35 GMT	16689	1465976	1809204	123	419	6963	cmsRun -j /scratch/condor/dir_26071/glide_HUi9W0/execute/dir_11943/crab_fjr_77.xml -p pset.py      
 Feb 02 21:34:35 GMT	16689	1472232	1815348	123	421	7024	cmsRun -j /scratch/condor/dir_26071/glide_HUi9W0/execute/dir_11943/crab_fjr_77.xml -p pset.py      
 Feb 02 21:37:37 GMT	16689	1473376	1815348	123	427	7205	cmsRun -j /scratch/condor/dir_26071/glide_HUi9W0/execute/dir_11943/crab_fjr_77.xml -p pset.py      
 Feb 02 21:38:37 GMT	16689	1474168	1815348	123	430	7266	cmsRun -j /scratch/condor/dir_26071/glide_HUi9W0/execute/dir_11943/crab_fjr_77.xml -p pset.py      
 Feb 02 21:39:38 GMT	---	1474168	1815348	147	----	----	----
 Feb 02 21:40:39 GMT	16689	1474168	1822988	147	455	7387	cmsRun -j /scratch/condor/dir_26071/glide_HUi9W0/execute/dir_11943/crab_fjr_77.xml -p pset.py      
 Feb 02 21:41:39 GMT	16689	1474168	1825804	147	457	7448	cmsRun -j /scratch/condor/dir_26071/glide_HUi9W0/execute/dir_11943/crab_fjr_77.xml -p pset.py      
 Feb 02 21:43:41 GMT	16689	1474168	1826828	147	464	7569	cmsRun -j /scratch/condor/dir_26071/glide_HUi9W0/execute/dir_11943/crab_fjr_77.xml -p pset.py      
 Feb 02 21:49:44 GMT	16689	1474168	1829644	147	487	7933	cmsRun -j /scratch/condor/dir_26071/glide_HUi9W0/execute/dir_11943/crab_fjr_77.xml -p pset.py      
 Feb 02 21:50:45 GMT	16689	1474168	1833484	147	491	7994	cmsRun -j /scratch/condor/dir_26071/glide_HUi9W0/execute/dir_11943/crab_fjr_77.xml -p pset.py      
 Feb 02 21:51:46 GMT	16689	1474168	1839628	147	496	8054	cmsRun -j /scratch/condor/dir_26071/glide_HUi9W0/execute/dir_11943/crab_fjr_77.xml -p pset.py      
 Feb 02 21:52:46 GMT	16689	1474168	1839884	147	501	8115	cmsRun -j /scratch/condor/dir_26071/glide_HUi9W0/execute/dir_11943/crab_fjr_77.xml -p pset.py      
 Feb 02 21:53:47 GMT	16689	1474168	1841420	147	506	8175	cmsRun -j /scratch/condor/dir_26071/glide_HUi9W0/execute/dir_11943/crab_fjr_77.xml -p pset.py      
 Feb 02 21:54:47 GMT	16689	1474168	1852684	147	520	8236	cmsRun -j /scratch/condor/dir_26071/glide_HUi9W0/execute/dir_11943/crab_fjr_77.xml -p pset.py      
 Feb 02 21:55:48 GMT	16689	1474168	1853452	147	529	8296	cmsRun -j /scratch/condor/dir_26071/glide_HUi9W0/execute/dir_11943/crab_fjr_77.xml -p pset.py      
 Feb 02 21:56:48 GMT	16689	1474168	1859596	147	534	8357	cmsRun -j /scratch/condor/dir_26071/glide_HUi9W0/execute/dir_11943/crab_fjr_77.xml -p pset.py      
 Feb 02 21:58:50 GMT	16689	1499540	1879052	147	545	8478	cmsRun -j /scratch/condor/dir_26071/glide_HUi9W0/execute/dir_11943/crab_fjr_77.xml -p pset.py      
 Feb 02 21:59:50 GMT	---	1499540	1879052	170	----	----	----
 Feb 02 22:09:56 GMT	16689	1499540	1896460	170	629	9145	cmsRun -j /scratch/condor/dir_26071/glide_HUi9W0/execute/dir_11943/crab_fjr_77.xml -p pset.py      
 Feb 02 22:11:57 GMT	16689	1499540	1903628	170	642	9266	cmsRun -j /scratch/condor/dir_26071/glide_HUi9W0/execute/dir_11943/crab_fjr_77.xml -p pset.py      
 Feb 02 22:12:58 GMT	16689	1499540	1905420	170	649	9326	cmsRun -j /scratch/condor/dir_26071/glide_HUi9W0/execute/dir_11943/crab_fjr_77.xml -p pset.py      
 Feb 02 22:13:58 GMT	---	1499540	1905420	192	----	----	----
 Feb 02 22:31:09 GMT	16689	1499540	1906444	192	753	10417	cmsRun -j /scratch/condor/dir_26071/glide_HUi9W0/execute/dir_11943/crab_fjr_77.xml -p pset.py      
# TIME			PID	RSS(KB)	VSZ(KB)	Dsk(MB)	tCPU(s)	tWALL(s)	COMMAND
 Feb 02 22:32:09 GMT	16689	1565988	1942284	192	777	10478	cmsRun -j /scratch/condor/dir_26071/glide_HUi9W0/execute/dir_11943/crab_fjr_77.xml -p pset.py      
 Feb 02 22:32:09 GMT	---	1565988	1942284	204	----	----	----
 Feb 02 22:33:10 GMT	---	1565988	1942284	213	----	----	----
 Feb 02 22:45:31 GMT	---	1565988	1942284	233	----	----	----
 Feb 02 22:51:36 GMT	16689	1565988	1944848	233	927	11644	cmsRun -j /scratch/condor/dir_26071/glide_HUi9W0/execute/dir_11943/crab_fjr_77.xml -p pset.py      
 Feb 02 22:52:36 GMT	16689	1565988	1949712	233	941	11705	cmsRun -j /scratch/condor/dir_26071/glide_HUi9W0/execute/dir_11943/crab_fjr_77.xml -p pset.py      
 Feb 02 22:53:37 GMT	16689	1565988	1964048	233	957	11765	cmsRun -j /scratch/condor/dir_26071/glide_HUi9W0/execute/dir_11943/crab_fjr_77.xml -p pset.py      
 Feb 02 22:55:38 GMT	---	1565988	1964048	255	----	----	----
 Feb 02 23:01:42 GMT	16689	1565988	1965584	255	1029	12250	cmsRun -j /scratch/condor/dir_26071/glide_HUi9W0/execute/dir_11943/crab_fjr_77.xml -p pset.py      
 Feb 02 23:02:42 GMT	16689	1565988	1967888	255	1036	12311	cmsRun -j /scratch/condor/dir_26071/glide_HUi9W0/execute/dir_11943/crab_fjr_77.xml -p pset.py      
 Feb 02 23:03:43 GMT	16689	1565988	1974544	255	1043	12371	cmsRun -j /scratch/condor/dir_26071/glide_HUi9W0/execute/dir_11943/crab_fjr_77.xml -p pset.py      
 Feb 02 23:04:43 GMT	16689	1565988	1984528	255	1058	12432	cmsRun -j /scratch/condor/dir_26071/glide_HUi9W0/execute/dir_11943/crab_fjr_77.xml -p pset.py      
 Feb 02 23:06:44 GMT	16689	1565988	1985296	255	1069	12553	cmsRun -j /scratch/condor/dir_26071/glide_HUi9W0/execute/dir_11943/crab_fjr_77.xml -p pset.py      
 Feb 02 23:07:45 GMT	16689	1565988	1992464	255	1075	12614	cmsRun -j /scratch/condor/dir_26071/glide_HUi9W0/execute/dir_11943/crab_fjr_77.xml -p pset.py      
 Feb 02 23:08:46 GMT	---	1565988	1992464	277	----	----	----
********** WATCHDOG LOG ENDED
ZIPPING WATCHDOG LOG
Disk space used:
du -sh /scratch/condor/dir_26071/glide_HUi9W0/execute/dir_11943
277M	/scratch/condor/dir_26071/glide_HUi9W0/execute/dir_11943
Found unusual stdout, rename for OSB
`/scratch/condor/dir_26071/glide_HUi9W0/execute/dir_11943/_condor_stdout' -> `CMSSW_77.stdout'
Found unusual stderr, rename for OSB
`/scratch/condor/dir_26071/glide_HUi9W0/execute/dir_11943/_condor_stdout' -> `CMSSW_77.stderr'
crab_fjr_77.xml
CMSSW_77.stdout
CMSSW_77.stderr
Watchdog_77.log.gz
Total Output dimension: 25226
WARNING: output files size limit is set to: 50000000
Total Output dimension 25226 is fine.
JOB_EXIT_STATUS = 0
>>> info for dashboard:
***** Cat /scratch/condor/dir_26071/glide_HUi9W0/execute/dir_11943/jobreport.txt *****
MonitorJobID=77_https://submit-6.t2.ucsd.edu//150202//509447.76
MonitorID=dcieri_PU140_4dm08r
ExeTime=12644
ExeExitCode=0
StageOutExitStatusReason = 'Copy succedeed with srm-lcg utils'
StageOutSE = heplnx204.pp.rl.ac.uk
StageOutExitStatus = 0
CrabUserCpuTime=1064.91
CrabSysCpuTime=35.95
CrabCpuPercentage=8%
CrabWrapperTime=12713
CrabStageoutTime=48
JobExitCode=0
***** End Cat jobreport *****
Parameters sent to Dashboard.
EXITING at Mon Feb  2 23:09:21 GMT 2015  -  Mon Feb  2 23:09:21 UTC 2015
