This script was generated by crab (version 2.11.1_patch1).
Running /scratch/condor/dir_5839/glide_TcCrKj/execute/dir_30665/condor_exec.exe with 2 positional parameters: 240 1
Today is Mon Feb  2 20:17:51 GMT 2015 - Mon Feb  2 20:17:51 UTC 2015
Job submitted on host heplnc008.pp.rl.ac.uk
Linux heplnc008.pp.rl.ac.uk 2.6.32-504.3.3.el6.x86_64 #1 SMP Tue Dec 16 14:29:22 CST 2014 x86_64 x86_64 x86_64 GNU/Linux
Distributor ID:	Scientific
Description:	Scientific Linux release 6.6 (Carbon)
>>> current directory (RUNTIME_AREA): /scratch/condor/dir_5839/glide_TcCrKj/execute/dir_30665
>>> current user: uid=157415(cms415) gid=157000(gplcms) groups=157000(gplcms)
>>> directory permission set to 0700
>>> umask set to:  u=rwx,g=,o=
>>> stdout stderr permission set to 0704
>>> voms proxy information:
subject   : /DC=ch/DC=cern/OU=Organic Units/OU=Users/CN=dcieri/CN=755391/CN=Davide Cieri/CN=769881070/CN=337805848
issuer    : /DC=ch/DC=cern/OU=Organic Units/OU=Users/CN=dcieri/CN=755391/CN=Davide Cieri/CN=769881070
identity  : /DC=ch/DC=cern/OU=Organic Units/OU=Users/CN=dcieri/CN=755391/CN=Davide Cieri
type      : RFC3820 compliant limited proxy
strength  : 1024
path      : /scratch/condor/dir_5839/glide_TcCrKj/execute/dir_30665/x509up_u62281
timeleft  : 23:58:29
key usage : Digital Signature, Key Encipherment
=== VO cms extension information ===
VO        : cms
subject   : /DC=ch/DC=cern/OU=Organic Units/OU=Users/CN=dcieri/CN=755391/CN=Davide Cieri
issuer    : /DC=ch/DC=cern/OU=computers/CN=lcg-voms2.cern.ch
attribute : /cms/Role=NULL/Capability=NULL
timeleft  : 183:58:33
uri       : lcg-voms2.cern.ch:15002

WNHostName=heplnc008.pp.rl.ac.uk
$_CONDOR_JOB_AD =/scratch/condor/dir_5839/glide_TcCrKj/execute/dir_30665/.job.ad
OverflowFlag=0
>>> tar --no-same-permissions -xf /scratch/condor/dir_5839/glide_TcCrKj/execute/dir_30665/default.tgz :
Successful untar
>>> Include /scratch/condor/dir_5839/glide_TcCrKj/execute/dir_30665 in PYTHONPATH:
strip arguments
env var CRAB_UNIQUE_JOB_ID set to: dcieri_PU140_4dm08r_240_1_1Wu
out_files_240
>>> list of expected files on output sandbox
output files: crab_fjr_240.xml CMSSW_240.stdout CMSSW_240.stderr Watchdog_240.log.gz
>>> GridFlavour discovery: 
GridFlavour=LCG
>>> SyncSite discovery: 
SyncSite=T2_UK_SGrid_RALPP
>>> SyncCE discovery: 
getting SyncCE from GLIDEIN_Gaekeeper
SyncCE=heplnv146.pp.rl.ac.uk
>>> info for dashboard:
***** Cat /scratch/condor/dir_5839/glide_TcCrKj/execute/dir_30665/jobreport.txt *****
WNHostName=heplnc008.pp.rl.ac.uk
OverflowFlag=0
MonitorJobID=240_https://submit-6.t2.ucsd.edu//150202//509447.239
SyncGridJobId=https://submit-6.t2.ucsd.edu//150202//509447.239
MonitorID=dcieri_PU140_4dm08r
GridFlavour=LCG
SyncSite=T2_UK_SGrid_RALPP
SyncCE=heplnv146.pp.rl.ac.uk
***** End Cat jobreport *****
Parameters sent to Dashboard.
>>> setup environment
set SCRAM ARCH to slc6_amd64_gcc472
SCRAM_ARCH = slc6_amd64_gcc472
>>> setup CMS LCG environment:
set SCRAM ARCH and BUILD_ARCH to slc6_amd64_gcc472 ###
Sourcing environment... 
sourcing /cvmfs/cms.cern.ch/cmsset_default.sh
==> setup cms environment ok
>>> specific cmssw setup environment:
CMSSW_VERSION =  CMSSW_6_2_0_SLHC12
WARNING: In non-interactive mode release checks e.g. deprecated releases, production architectures are disabled.
>>> current directory (SOFTWARE_DIR): /scratch/condor/dir_5839/glide_TcCrKj/execute/dir_30665/CMSSW_6_2_0_SLHC12
PreserveSeeds: <>
IncrementSeeds:<>
>>> info for dashboard:
***** Cat /scratch/condor/dir_5839/glide_TcCrKj/execute/dir_30665/jobreport.txt *****
MonitorJobID=240_https://submit-6.t2.ucsd.edu//150202//509447.239
MonitorID=dcieri_PU140_4dm08r
***** End Cat jobreport *****
Parameters sent to Dashboard.
crabWatchdog started as process 32001
>>> moving CMSSW software directories in /scratch/condor/dir_5839/glide_TcCrKj/execute/dir_30665/CMSSW_6_2_0_SLHC12
mv: cannot stat `/scratch/condor/dir_5839/glide_TcCrKj/execute/dir_30665/module/': No such file or directory
>>> Include /scratch/condor/dir_5839/glide_TcCrKj/execute/dir_30665 in PYTHONPATH:
PYTHONPATH=/scratch/condor/dir_5839/glide_TcCrKj/execute/dir_30665/:/scratch/condor/dir_5839/glide_TcCrKj/execute/dir_30665/CMSSW_6_2_0_SLHC12/python:/scratch/condor/dir_5839/glide_TcCrKj/execute/dir_30665/CMSSW_6_2_0_SLHC12/lib/slc6_amd64_gcc472:/cvmfs/cms.cern.ch/slc6_amd64_gcc472/cms/cmssw/CMSSW_6_2_0_SLHC12/python:/cvmfs/cms.cern.ch/slc6_amd64_gcc472/cms/cmssw/CMSSW_6_2_0_SLHC12/lib/slc6_amd64_gcc472:/cvmfs/cms.cern.ch/slc6_amd64_gcc472/cms/coral/CORAL_2_3_21-cms35/slc6_amd64_gcc472/python:/cvmfs/cms.cern.ch/slc6_amd64_gcc472/cms/coral/CORAL_2_3_21-cms35/slc6_amd64_gcc472/lib:/cvmfs/cms.cern.ch/slc6_amd64_gcc472/external/python-ldap/2.3.5-cms5/lib/python2.7/site-packages:/cvmfs/cms.cern.ch/slc6_amd64_gcc472/external/pyqt/4.8.1-cms5/lib/python2.7/site-packages:/cvmfs/cms.cern.ch/slc6_amd64_gcc472/external/py2-scipy/0.8.0-cms7/lib/python2.7/site-packages:/cvmfs/cms.cern.ch/slc6_amd64_gcc472/external/py2-matplotlib/1.0.1-cms7/lib/python2.7/site-packages:/cvmfs/cms.cern.ch/slc6_amd64_gcc472/external/sip/4.11.2-cms5/lib/python2.7/site-packages:/cvmfs/cms.cern.ch/slc6_amd64_gcc472/external/py2-pycurl/7.19.0-cms7/lib/python2.7/site-packages:/cvmfs/cms.cern.ch/slc6_amd64_gcc472/external/py2-numpy/1.6.1-cms7/lib/python2.7/site-packages:/cvmfs/cms.cern.ch/slc6_amd64_gcc472/external/py2-lint/0.25.1-cms5/lib/python2.7/site-packages:/cvmfs/cms.cern.ch/slc6_amd64_gcc472/external/py2-ipython/0.10-cms5/lib/python2.7/site-packages:/cvmfs/cms.cern.ch/slc6_amd64_gcc472/external/py2-cx-oracle/5.1-cms5/lib/python2.7/site-packages:/cvmfs/cms.cern.ch/slc6_amd64_gcc472/external/py2-cjson/1.0.5-cms5/lib/python2.7/site-packages:/cvmfs/cms.cern.ch/slc6_amd64_gcc472/cms/das-client/1.11.7/bin:/cvmfs/cms.cern.ch/slc6_amd64_gcc472/external/elementtree/1.2.6-cms5/share/lib/python2.7/site-packages:/cvmfs/cms.cern.ch/slc6_amd64_gcc472/external/rivet/1.8.2-cms9/lib/python2.7/site-packages:/cvmfs/cms.cern.ch/slc6_amd64_gcc472/external/pyminuit2/0.0.1-cms19/lib/python2.7/site-packages:/cvmfs/cms.cern.ch/slc6_amd64_gcc472/external/py2-pygithub/1.23.0-cms2/lib/python2.7/site-packages:/cvmfs/cms.cern.ch/slc6_amd64_gcc472/external/professor/1.0.0-cms19/lib/python2.7/site-packages:/cvmfs/cms.cern.ch/slc6_amd64_gcc472/lcg/root/5.34.07-cms/lib:/cvmfs/cms.cern.ch/slc6_amd64_gcc472/cms/dbs-client/DBS_2_1_9-cms5/lib:/cvmfs/cms.cern.ch/slc6_amd64_gcc472/cms/dbs-client/DBS_2_1_9-cms5/lib/DBSAPI:/cvmfs/cms.cern.ch/slc6_amd64_gcc472/external/cvs2git/5419-cms/lib:/scratch/condor/dir_5839/glide_TcCrKj/execute/dir_30665/
 
# LIMITS USED BY CRAB WATCHDOG:
# RSS  (KBytes)   : 2300000
# VSZ  (KBytes)   : 100000000
# DISK (MBytes)   : 19000
# CPU TIME        : 720h:0m:0s
# WALL CLOCK TIME : 21h:50m:0s
 
3c0380cf82de79bc39966c93934c61fc
PSETHASH = 3c0380cf82de79bc39966c93934c61fc
/scratch/condor/dir_5839/glide_TcCrKj/execute/dir_30665/writeCfg.py pset.py pset.py
Importing .py file
Setting parameters
RandomNumberGeneratorService found, will attempt to change seeds
inputBlocks=/ttbar/dcieri-ttbar_SIM-130075366148575c102f0d64fd3ac8f7/USER#42f4abf6-431f-4645-8b28-bf101a629022
inputFiles=/store/user/dcieri/ttbar_SIM/ttbar/ttbar_SIM/150129_145223/0000/step1_435.root
parentFiles=
lumisRange=
>>> Executable cmsRun
/cvmfs/cms.cern.ch/slc6_amd64_gcc472/cms/cmssw/CMSSW_6_2_0_SLHC12/bin/slc6_amd64_gcc472/cmsRun
ok executable found
>>> info for dashboard:
***** Cat /scratch/condor/dir_5839/glide_TcCrKj/execute/dir_30665/jobreport.txt *****
MonitorJobID=240_https://submit-6.t2.ucsd.edu//150202//509447.239
MonitorID=dcieri_PU140_4dm08r
ExeStart=cmsRun
***** End Cat jobreport *****
Parameters sent to Dashboard.
>>> cmsRun started at Mon Feb  2 20:18:02 UTC 2015
>>> cmsRun ended at Mon Feb  2 23:07:30 UTC 2015
>>> crab_fjr_*.xml  permission set to 0704
>>> info for dashboard:
***** Cat /scratch/condor/dir_5839/glide_TcCrKj/execute/dir_30665/jobreport.txt *****
MonitorJobID=240_https://submit-6.t2.ucsd.edu//150202//509447.239
MonitorID=dcieri_PU140_4dm08r
ExeEnd=cmsRun
***** End Cat jobreport *****
Parameters sent to Dashboard.
TIME_EXE = 10168 sec
>>> cmsRun wrote 226 lines of stdout+stderr
>>> START OF printout of 226 lines from stdout+stderr
271 DQMStore::DQMStore 
HcalTopologyIdealEP::HcalTopologyIdealEP
02-Feb-2015 20:18:13 GMT  Initiating request to open file root://dcap.pp.rl.ac.uk:1094/pnfs/pp.rl.ac.uk/data/cms/store/user/dcieri/ttbar_SIM/ttbar/ttbar_SIM/150129_145223/0000/step1_435.root
150202 20:18:14 32135 Xrd: CheckErrorStatus: Server [heplnx209.pp.rl.ac.uk:1094] declared: Request 3018 not supported(error code: 3013)
02-Feb-2015 20:18:14 GMT  Successfully opened file root://dcap.pp.rl.ac.uk:1094/pnfs/pp.rl.ac.uk/data/cms/store/user/dcieri/ttbar_SIM/ttbar/ttbar_SIM/150129_145223/0000/step1_435.root
02-Feb-2015 20:18:15 GMT  Initiating request to open file root://xrootd.unl.edu//store/group/dpg_trigger/comm_trigger/L1TrackTrigger/620_SLHC10/Extended2023TTI/MinBias/MinBias_TuneZ2star_GEN_SIM_1.root
02-Feb-2015 20:18:16 GMT  Successfully opened file root://xrootd.unl.edu//store/group/dpg_trigger/comm_trigger/L1TrackTrigger/620_SLHC10/Extended2023TTI/MinBias/MinBias_TuneZ2star_GEN_SIM_1.root
disableME1a = 0
HcalTopologyIdealEP::produce(const IdealGeometryRecord& iRecord)
mode = 2, maxDepthHB = 3, maxDepthHE = 5
RPCGeometryESModule :: produce
RPCGeometryESModule :: produce :: 1/4 Get Muon Ideal Geometry Record
RPCGeometryESModule :: produce :: 2/4 Get Muon DDD Constants
RPCGeometryESModule :: produce :: 3/4 Get Muon Numbering Record
in MuonNumberingInitialization::initializeMuonDDDConstants
about to make my new muonDDDConst_
in MuonNumberingInitialization::produce
RPCGeometryESModule :: produce :: 4/4 Build
Found:

	Barrel Stack layer 5 : 1008 stacks
	Barrel Stack layer 6 : 1320 stacks
	Barrel Stack layer 7 : 1836 stacks
	Barrel Stack layer 8 : 1152 stacks
	Barrel Stack layer 9 : 1488 stacks
	Barrel Stack layer 10 : 1824 stacks

	Endcap Stack disk 11 : 1360 stacks
	Endcap Stack disk 12 : 1360 stacks
	Endcap Stack disk 13 : 1360 stacks
	Endcap Stack disk 14 : 1360 stacks
	Endcap Stack disk 15 : 1360 stacks
Created 15428 stacks in 24 s

TTClusterBuilder< edm::Ref<edm::DetSetVector<PixelDigi>, PixelDigi, edm::refhelper::FindForDetSetVector<PixelDigi> > > loaded modules:
	TTClusterAlgorithm:	TTClusterAlgorithm_2d2013< edm::Ref<edm::DetSetVector<PixelDigi>, PixelDigi, edm::refhelper::FindForDetSetVector<PixelDigi> > >


TTStubBuilder< edm::Ref<edm::DetSetVector<PixelDigi>, PixelDigi, edm::refhelper::FindForDetSetVector<PixelDigi> > > loaded modules:
	TTStubAlgorithm:	TTStubAlgorithm_tab2013< edm::Ref<edm::DetSetVector<PixelDigi>, PixelDigi, edm::refhelper::FindForDetSetVector<PixelDigi> > >


TTClusterAssociator< edm::Ref<edm::DetSetVector<PixelDigi>, PixelDigi, edm::refhelper::FindForDetSetVector<PixelDigi> > > loaded.


TTStubAssociator< edm::Ref<edm::DetSetVector<PixelDigi>, PixelDigi, edm::refhelper::FindForDetSetVector<PixelDigi> > > loaded.


TTTrackAssociator< edm::Ref<edm::DetSetVector<PixelDigi>, PixelDigi, edm::refhelper::FindForDetSetVector<PixelDigi> > > loaded.

Begin processing the 1st record. Run 1, Event 4341, LumiSection 435 at 02-Feb-2015 20:19:00.311 GMT
02-Feb-2015 20:19:08 GMT  Closed file root://xrootd.unl.edu//store/group/dpg_trigger/comm_trigger/L1TrackTrigger/620_SLHC10/Extended2023TTI/MinBias/MinBias_TuneZ2star_GEN_SIM_1.root
02-Feb-2015 20:19:08 GMT  Initiating request to open file root://xrootd.unl.edu//store/group/dpg_trigger/comm_trigger/L1TrackTrigger/620_SLHC10/Extended2023TTI/MinBias/MinBias_TuneZ2star_GEN_SIM_207.root
02-Feb-2015 20:19:39 GMT  Successfully opened file root://xrootd.unl.edu//store/group/dpg_trigger/comm_trigger/L1TrackTrigger/620_SLHC10/Extended2023TTI/MinBias/MinBias_TuneZ2star_GEN_SIM_207.root
150202 20:24:13 32302 Xrd: XrdClientMessage::ReadRaw: Failed to read header (8 bytes).
150202 20:24:43 32300 Xrd: XrdClientMessage::ReadRaw: Failed to read header (8 bytes).
02-Feb-2015 20:30:45 GMT  Closed file root://xrootd.unl.edu//store/group/dpg_trigger/comm_trigger/L1TrackTrigger/620_SLHC10/Extended2023TTI/MinBias/MinBias_TuneZ2star_GEN_SIM_207.root
02-Feb-2015 20:30:45 GMT  Initiating request to open file root://xrootd.unl.edu//store/group/dpg_trigger/comm_trigger/L1TrackTrigger/620_SLHC10/Extended2023TTI/MinBias/MinBias_TuneZ2star_GEN_SIM_808.root
150202 20:31:21 9150 Xrd: CheckErrorStatus: Server [xrootd.ba.infn.it:1094] declared: session not found(error code: 3011)
02-Feb-2015 20:31:22 GMT  Successfully opened file root://xrootd.unl.edu//store/group/dpg_trigger/comm_trigger/L1TrackTrigger/620_SLHC10/Extended2023TTI/MinBias/MinBias_TuneZ2star_GEN_SIM_808.root
150202 20:36:14 914 Xrd: XrdClientMessage::ReadRaw: Failed to read header (8 bytes).
150202 20:36:43 9497 Xrd: XrdClientMessage::ReadRaw: Failed to read header (8 bytes).
150202 20:38:43 32293 Xrd: XrdClientMessage::ReadRaw: Failed to read header (8 bytes).
150202 20:39:43 913 Xrd: XrdClientMessage::ReadRaw: Failed to read header (8 bytes).
02-Feb-2015 20:40:22 GMT  Closed file root://xrootd.unl.edu//store/group/dpg_trigger/comm_trigger/L1TrackTrigger/620_SLHC10/Extended2023TTI/MinBias/MinBias_TuneZ2star_GEN_SIM_808.root
02-Feb-2015 20:40:22 GMT  Initiating request to open file root://xrootd.unl.edu//store/group/dpg_trigger/comm_trigger/L1TrackTrigger/620_SLHC10/Extended2023TTI/MinBias/MinBias_TuneZ2star_GEN_SIM_842.root
150202 20:40:52 16331 Xrd: CheckErrorStatus: Server [xrootd.ba.infn.it:1094] declared: session not found(error code: 3011)
02-Feb-2015 20:40:52 GMT  Successfully opened file root://xrootd.unl.edu//store/group/dpg_trigger/comm_trigger/L1TrackTrigger/620_SLHC10/Extended2023TTI/MinBias/MinBias_TuneZ2star_GEN_SIM_842.root
Building the geometry service
Warning did not find digi
Warning did not find digi
Warning did not find digi
Warning did not find digi
Warning did not find digi in disks
Warning did not find digi in disks
Warning did not find digi in disks
Warning did not find digi in disks
150202 20:45:43 9498 Xrd: XrdClientMessage::ReadRaw: Failed to read header (8 bytes).
150202 20:46:13 16689 Xrd: XrdClientMessage::ReadRaw: Failed to read header (8 bytes).
02-Feb-2015 20:50:32 GMT  Closed file root://xrootd.unl.edu//store/group/dpg_trigger/comm_trigger/L1TrackTrigger/620_SLHC10/Extended2023TTI/MinBias/MinBias_TuneZ2star_GEN_SIM_842.root
02-Feb-2015 20:50:32 GMT  Initiating request to open file root://xrootd.unl.edu//store/group/dpg_trigger/comm_trigger/L1TrackTrigger/620_SLHC10/Extended2023TTI/MinBias/MinBias_TuneZ2star_GEN_SIM_475.root
150202 20:51:03 23930 Xrd: CheckErrorStatus: Server [cms-xrd-global.cern.ch:1094] declared: session not found(error code: 3011)
150202 20:51:03 23930 Xrd: CheckErrorStatus: Server [llrxrd-redir.in2p3.fr:1094] declared: session not found(error code: 3011)
02-Feb-2015 20:51:04 GMT  Successfully opened file root://xrootd.unl.edu//store/group/dpg_trigger/comm_trigger/L1TrackTrigger/620_SLHC10/Extended2023TTI/MinBias/MinBias_TuneZ2star_GEN_SIM_475.root
150202 20:55:43 16690 Xrd: XrdClientMessage::ReadRaw: Failed to read header (8 bytes).
150202 20:56:13 24529 Xrd: XrdClientMessage::ReadRaw: Failed to read header (8 bytes).
02-Feb-2015 21:01:08 GMT  Closed file root://xrootd.unl.edu//store/group/dpg_trigger/comm_trigger/L1TrackTrigger/620_SLHC10/Extended2023TTI/MinBias/MinBias_TuneZ2star_GEN_SIM_475.root
02-Feb-2015 21:01:08 GMT  Initiating request to open file root://xrootd.unl.edu//store/group/dpg_trigger/comm_trigger/L1TrackTrigger/620_SLHC10/Extended2023TTI/MinBias/MinBias_TuneZ2star_GEN_SIM_878.root
150202 21:01:09 32299 Xrd: XrdClientMessage::ReadRaw: Failed to read header (8 bytes).
150202 21:01:44 31954 Xrd: CheckErrorStatus: Server [cms-xrd-global.cern.ch:1094] declared: session not found(error code: 3011)
150202 21:01:44 31954 Xrd: CheckErrorStatus: Server [xrootd.ba.infn.it:1094] declared: session not found(error code: 3011)
02-Feb-2015 21:01:44 GMT  Successfully opened file root://xrootd.unl.edu//store/group/dpg_trigger/comm_trigger/L1TrackTrigger/620_SLHC10/Extended2023TTI/MinBias/MinBias_TuneZ2star_GEN_SIM_878.root
150202 21:06:13 24530 Xrd: XrdClientMessage::ReadRaw: Failed to read header (8 bytes).
150202 21:07:14 32427 Xrd: XrdClientMessage::ReadRaw: Failed to read header (8 bytes).
02-Feb-2015 21:08:48 GMT  Closed file root://xrootd.unl.edu//store/group/dpg_trigger/comm_trigger/L1TrackTrigger/620_SLHC10/Extended2023TTI/MinBias/MinBias_TuneZ2star_GEN_SIM_878.root
02-Feb-2015 21:08:48 GMT  Initiating request to open file root://xrootd.unl.edu//store/group/dpg_trigger/comm_trigger/L1TrackTrigger/620_SLHC10/Extended2023TTI/MinBias/MinBias_TuneZ2star_GEN_SIM_126.root
150202 21:10:45 5546 Xrd: CheckErrorStatus: Server [llrxrd-redir.in2p3.fr:1094] declared: session not found(error code: 3011)
02-Feb-2015 21:10:46 GMT  Successfully opened file root://xrootd.unl.edu//store/group/dpg_trigger/comm_trigger/L1TrackTrigger/620_SLHC10/Extended2023TTI/MinBias/MinBias_TuneZ2star_GEN_SIM_126.root
150202 21:14:13 32428 Xrd: XrdClientMessage::ReadRaw: Failed to read header (8 bytes).
150202 21:16:13 6873 Xrd: XrdClientMessage::ReadRaw: Failed to read header (8 bytes).
02-Feb-2015 21:19:51 GMT  Closed file root://xrootd.unl.edu//store/group/dpg_trigger/comm_trigger/L1TrackTrigger/620_SLHC10/Extended2023TTI/MinBias/MinBias_TuneZ2star_GEN_SIM_126.root
02-Feb-2015 21:19:51 GMT  Initiating request to open file root://xrootd.unl.edu//store/group/dpg_trigger/comm_trigger/L1TrackTrigger/620_SLHC10/Extended2023TTI/MinBias/MinBias_TuneZ2star_GEN_SIM_445.root
150202 21:19:56 20291 Xrd: CheckErrorStatus: Server [llrxrd-redir.in2p3.fr:1094] declared: session not found(error code: 3011)
02-Feb-2015 21:19:56 GMT  Successfully opened file root://xrootd.unl.edu//store/group/dpg_trigger/comm_trigger/L1TrackTrigger/620_SLHC10/Extended2023TTI/MinBias/MinBias_TuneZ2star_GEN_SIM_445.root
150202 21:22:13 32426 Xrd: XrdClientMessage::ReadRaw: Failed to read header (8 bytes).
150202 21:25:13 20305 Xrd: XrdClientMessage::ReadRaw: Failed to read header (8 bytes).
150202 21:25:14 6874 Xrd: XrdClientMessage::ReadRaw: Failed to read header (8 bytes).
02-Feb-2015 21:30:09 GMT  Closed file root://xrootd.unl.edu//store/group/dpg_trigger/comm_trigger/L1TrackTrigger/620_SLHC10/Extended2023TTI/MinBias/MinBias_TuneZ2star_GEN_SIM_445.root
02-Feb-2015 21:30:09 GMT  Initiating request to open file root://xrootd.unl.edu//store/group/dpg_trigger/comm_trigger/L1TrackTrigger/620_SLHC10/Extended2023TTI/MinBias/MinBias_TuneZ2star_GEN_SIM_20.root
150202 21:30:40 28790 Xrd: CheckErrorStatus: Server [llrxrd-redir.in2p3.fr:1094] declared: session not found(error code: 3011)
02-Feb-2015 21:30:40 GMT  Successfully opened file root://xrootd.unl.edu//store/group/dpg_trigger/comm_trigger/L1TrackTrigger/620_SLHC10/Extended2023TTI/MinBias/MinBias_TuneZ2star_GEN_SIM_20.root
150202 21:35:13 20306 Xrd: XrdClientMessage::ReadRaw: Failed to read header (8 bytes).
150202 21:35:43 29143 Xrd: XrdClientMessage::ReadRaw: Failed to read header (8 bytes).
02-Feb-2015 21:38:51 GMT  Closed file root://xrootd.unl.edu//store/group/dpg_trigger/comm_trigger/L1TrackTrigger/620_SLHC10/Extended2023TTI/MinBias/MinBias_TuneZ2star_GEN_SIM_20.root
02-Feb-2015 21:38:51 GMT  Initiating request to open file root://xrootd.unl.edu//store/group/dpg_trigger/comm_trigger/L1TrackTrigger/620_SLHC10/Extended2023TTI/MinBias/MinBias_TuneZ2star_GEN_SIM_506.root
150202 21:38:52 3958 Xrd: CheckErrorStatus: Server [xrootd-redic.pi.infn.it:1094] declared: session not found(error code: 3011)
02-Feb-2015 21:38:52 GMT  Successfully opened file root://xrootd.unl.edu//store/group/dpg_trigger/comm_trigger/L1TrackTrigger/620_SLHC10/Extended2023TTI/MinBias/MinBias_TuneZ2star_GEN_SIM_506.root
150202 21:44:13 29144 Xrd: XrdClientMessage::ReadRaw: Failed to read header (8 bytes).
150202 21:44:13 3960 Xrd: XrdClientMessage::ReadRaw: Failed to read header (8 bytes).
02-Feb-2015 21:47:31 GMT  Closed file root://xrootd.unl.edu//store/group/dpg_trigger/comm_trigger/L1TrackTrigger/620_SLHC10/Extended2023TTI/MinBias/MinBias_TuneZ2star_GEN_SIM_506.root
02-Feb-2015 21:47:31 GMT  Initiating request to open file root://xrootd.unl.edu//store/group/dpg_trigger/comm_trigger/L1TrackTrigger/620_SLHC10/Extended2023TTI/MinBias/MinBias_TuneZ2star_GEN_SIM_518.root
150202 21:48:01 10885 Xrd: CheckErrorStatus: Server [cms-xrd-global.cern.ch:1094] declared: session not found(error code: 3011)
150202 21:48:01 10885 Xrd: CheckErrorStatus: Server [xrootd.ba.infn.it:1094] declared: session not found(error code: 3011)
150202 21:48:01 10885 Xrd: CheckErrorStatus: Server [eoscms.cern.ch:1094] declared: session not found(error code: 3011)
02-Feb-2015 21:48:01 GMT  Successfully opened file root://xrootd.unl.edu//store/group/dpg_trigger/comm_trigger/L1TrackTrigger/620_SLHC10/Extended2023TTI/MinBias/MinBias_TuneZ2star_GEN_SIM_518.root
150202 21:50:44 24528 Xrd: XrdClientMessage::ReadRaw: Failed to read header (8 bytes).
150202 21:52:43 3961 Xrd: XrdClientMessage::ReadRaw: Failed to read header (8 bytes).
150202 21:53:13 11724 Xrd: XrdClientMessage::ReadRaw: Failed to read header (8 bytes).
02-Feb-2015 21:55:29 GMT  Closed file root://xrootd.unl.edu//store/group/dpg_trigger/comm_trigger/L1TrackTrigger/620_SLHC10/Extended2023TTI/MinBias/MinBias_TuneZ2star_GEN_SIM_518.root
02-Feb-2015 21:55:29 GMT  Initiating request to open file root://xrootd.unl.edu//store/group/dpg_trigger/comm_trigger/L1TrackTrigger/620_SLHC10/Extended2023TTI/MinBias/MinBias_TuneZ2star_GEN_SIM_730.root
150202 21:55:52 17867 Xrd: CheckErrorStatus: Server [xrootd-redic.pi.infn.it:1094] declared: session not found(error code: 3011)
02-Feb-2015 21:55:53 GMT  Successfully opened file root://xrootd.unl.edu//store/group/dpg_trigger/comm_trigger/L1TrackTrigger/620_SLHC10/Extended2023TTI/MinBias/MinBias_TuneZ2star_GEN_SIM_730.root
150202 22:00:43 11725 Xrd: XrdClientMessage::ReadRaw: Failed to read header (8 bytes).
150202 22:01:13 17888 Xrd: XrdClientMessage::ReadRaw: Failed to read header (8 bytes).
02-Feb-2015 22:02:43 GMT  Closed file root://xrootd.unl.edu//store/group/dpg_trigger/comm_trigger/L1TrackTrigger/620_SLHC10/Extended2023TTI/MinBias/MinBias_TuneZ2star_GEN_SIM_730.root
02-Feb-2015 22:02:43 GMT  Initiating request to open file root://xrootd.unl.edu//store/group/dpg_trigger/comm_trigger/L1TrackTrigger/620_SLHC10/Extended2023TTI/MinBias/MinBias_TuneZ2star_GEN_SIM_137.root
150202 22:05:52 23771 Xrd: CheckErrorStatus: Server [xrootd-redic.pi.infn.it:1094] declared: session not found(error code: 3011)
02-Feb-2015 22:05:52 GMT  Successfully opened file root://xrootd.unl.edu//store/group/dpg_trigger/comm_trigger/L1TrackTrigger/620_SLHC10/Extended2023TTI/MinBias/MinBias_TuneZ2star_GEN_SIM_137.root
150202 22:08:13 11723 Xrd: XrdClientMessage::ReadRaw: Failed to read header (8 bytes).
150202 22:08:13 17889 Xrd: XrdClientMessage::ReadRaw: Failed to read header (8 bytes).
02-Feb-2015 22:09:28 GMT  Closed file root://xrootd.unl.edu//store/group/dpg_trigger/comm_trigger/L1TrackTrigger/620_SLHC10/Extended2023TTI/MinBias/MinBias_TuneZ2star_GEN_SIM_137.root
02-Feb-2015 22:09:28 GMT  Initiating request to open file root://xrootd.unl.edu//store/group/dpg_trigger/comm_trigger/L1TrackTrigger/620_SLHC10/Extended2023TTI/MinBias/MinBias_TuneZ2star_GEN_SIM_244.root
150202 22:11:06 28949 Xrd: CheckErrorStatus: Server [cms-xrd-global.cern.ch:1094] declared: session not found(error code: 3011)
02-Feb-2015 22:11:06 GMT  Successfully opened file root://xrootd.unl.edu//store/group/dpg_trigger/comm_trigger/L1TrackTrigger/620_SLHC10/Extended2023TTI/MinBias/MinBias_TuneZ2star_GEN_SIM_244.root
150202 22:14:43 26179 Xrd: XrdClientMessage::ReadRaw: Failed to read header (8 bytes).
150202 22:15:55 26178 Xrd: XrdClientMessage::ReadRaw: Failed to read header (8 bytes).
150202 22:16:13 30338 Xrd: XrdClientMessage::ReadRaw: Failed to read header (8 bytes).
02-Feb-2015 22:17:04 GMT  Closed file root://xrootd.unl.edu//store/group/dpg_trigger/comm_trigger/L1TrackTrigger/620_SLHC10/Extended2023TTI/MinBias/MinBias_TuneZ2star_GEN_SIM_244.root
02-Feb-2015 22:17:04 GMT  Initiating request to open file root://xrootd.unl.edu//store/group/dpg_trigger/comm_trigger/L1TrackTrigger/620_SLHC10/Extended2023TTI/MinBias/MinBias_TuneZ2star_GEN_SIM_702.root
150202 22:22:13 30339 Xrd: XrdClientMessage::ReadRaw: Failed to read header (8 bytes).
150202 22:24:21 8325 Xrd: CheckErrorStatus: Server [cms-xrd-global.cern.ch:1094] declared: session not found(error code: 3011)
150202 22:24:21 8325 Xrd: CheckErrorStatus: Server [llrxrd-redir.in2p3.fr:1094] declared: session not found(error code: 3011)
02-Feb-2015 22:24:21 GMT  Successfully opened file root://xrootd.unl.edu//store/group/dpg_trigger/comm_trigger/L1TrackTrigger/620_SLHC10/Extended2023TTI/MinBias/MinBias_TuneZ2star_GEN_SIM_702.root
150202 22:26:14 3959 Xrd: XrdClientMessage::ReadRaw: Failed to read header (8 bytes).
150202 22:29:43 19058 Xrd: XrdClientMessage::ReadRaw: Failed to read header (8 bytes).
02-Feb-2015 22:29:53 GMT  Closed file root://xrootd.unl.edu//store/group/dpg_trigger/comm_trigger/L1TrackTrigger/620_SLHC10/Extended2023TTI/MinBias/MinBias_TuneZ2star_GEN_SIM_702.root
02-Feb-2015 22:29:53 GMT  Initiating request to open file root://xrootd.unl.edu//store/group/dpg_trigger/comm_trigger/L1TrackTrigger/620_SLHC10/Extended2023TTI/MinBias/MinBias_TuneZ2star_GEN_SIM_483.root
150202 22:30:24 22021 Xrd: CheckErrorStatus: Server [cms-xrd-global.cern.ch:1094] declared: session not found(error code: 3011)
150202 22:30:24 22021 Xrd: CheckErrorStatus: Server [xrootd-redic.pi.infn.it:1094] declared: session not found(error code: 3011)
02-Feb-2015 22:30:24 GMT  Successfully opened file root://xrootd.unl.edu//store/group/dpg_trigger/comm_trigger/L1TrackTrigger/620_SLHC10/Extended2023TTI/MinBias/MinBias_TuneZ2star_GEN_SIM_483.root
150202 22:31:13 30337 Xrd: XrdClientMessage::ReadRaw: Failed to read header (8 bytes).
02-Feb-2015 22:34:45 GMT  Closed file root://xrootd.unl.edu//store/group/dpg_trigger/comm_trigger/L1TrackTrigger/620_SLHC10/Extended2023TTI/MinBias/MinBias_TuneZ2star_GEN_SIM_483.root
02-Feb-2015 22:34:45 GMT  Initiating request to open file root://xrootd.unl.edu//store/group/dpg_trigger/comm_trigger/L1TrackTrigger/620_SLHC10/Extended2023TTI/MinBias/MinBias_TuneZ2star_GEN_SIM_48.root
150202 22:35:13 19059 Xrd: XrdClientMessage::ReadRaw: Failed to read header (8 bytes).
02-Feb-2015 22:35:16 GMT  Successfully opened file root://xrootd.unl.edu//store/group/dpg_trigger/comm_trigger/L1TrackTrigger/620_SLHC10/Extended2023TTI/MinBias/MinBias_TuneZ2star_GEN_SIM_48.root
02-Feb-2015 22:40:00 GMT  Closed file root://xrootd.unl.edu//store/group/dpg_trigger/comm_trigger/L1TrackTrigger/620_SLHC10/Extended2023TTI/MinBias/MinBias_TuneZ2star_GEN_SIM_48.root
02-Feb-2015 22:40:00 GMT  Initiating request to open file root://xrootd.unl.edu//store/group/dpg_trigger/comm_trigger/L1TrackTrigger/620_SLHC10/Extended2023TTI/MinBias/MinBias_TuneZ2star_GEN_SIM_881.root
150202 22:40:01 22574 Xrd: XrdClientMessage::ReadRaw: Failed to read header (8 bytes).
150202 22:40:31 22573 Xrd: XrdClientMessage::ReadRaw: Failed to read header (8 bytes).
150202 22:40:31 885 Xrd: CheckErrorStatus: Server [cms-xrd-global.cern.ch:1094] declared: session not found(error code: 3011)
150202 22:40:31 885 Xrd: CheckErrorStatus: Server [xrootd.ba.infn.it:1094] declared: session not found(error code: 3011)
02-Feb-2015 22:40:32 GMT  Successfully opened file root://xrootd.unl.edu//store/group/dpg_trigger/comm_trigger/L1TrackTrigger/620_SLHC10/Extended2023TTI/MinBias/MinBias_TuneZ2star_GEN_SIM_881.root
02-Feb-2015 22:44:06 GMT  Closed file root://xrootd.unl.edu//store/group/dpg_trigger/comm_trigger/L1TrackTrigger/620_SLHC10/Extended2023TTI/MinBias/MinBias_TuneZ2star_GEN_SIM_881.root
02-Feb-2015 22:44:06 GMT  Initiating request to open file root://xrootd.unl.edu//store/group/dpg_trigger/comm_trigger/L1TrackTrigger/620_SLHC10/Extended2023TTI/MinBias/MinBias_TuneZ2star_GEN_SIM_396.root
150202 22:44:38 3012 Xrd: CheckErrorStatus: Server [eoscms.cern.ch:1094] declared: session not found(error code: 3011)
02-Feb-2015 22:44:38 GMT  Successfully opened file root://xrootd.unl.edu//store/group/dpg_trigger/comm_trigger/L1TrackTrigger/620_SLHC10/Extended2023TTI/MinBias/MinBias_TuneZ2star_GEN_SIM_396.root
150202 22:45:13 24790 Xrd: XrdClientMessage::ReadRaw: Failed to read header (8 bytes).
02-Feb-2015 22:48:21 GMT  Closed file root://xrootd.unl.edu//store/group/dpg_trigger/comm_trigger/L1TrackTrigger/620_SLHC10/Extended2023TTI/MinBias/MinBias_TuneZ2star_GEN_SIM_396.root
02-Feb-2015 22:48:21 GMT  Initiating request to open file root://xrootd.unl.edu//store/group/dpg_trigger/comm_trigger/L1TrackTrigger/620_SLHC10/Extended2023TTI/MinBias/MinBias_TuneZ2star_GEN_SIM_384.root
02-Feb-2015 22:48:51 GMT  Successfully opened file root://xrootd.unl.edu//store/group/dpg_trigger/comm_trigger/L1TrackTrigger/620_SLHC10/Extended2023TTI/MinBias/MinBias_TuneZ2star_GEN_SIM_384.root
150202 22:49:13 1324 Xrd: XrdClientMessage::ReadRaw: Failed to read header (8 bytes).
02-Feb-2015 22:53:29 GMT  Closed file root://xrootd.unl.edu//store/group/dpg_trigger/comm_trigger/L1TrackTrigger/620_SLHC10/Extended2023TTI/MinBias/MinBias_TuneZ2star_GEN_SIM_384.root
02-Feb-2015 22:53:29 GMT  Initiating request to open file root://xrootd.unl.edu//store/group/dpg_trigger/comm_trigger/L1TrackTrigger/620_SLHC10/Extended2023TTI/MinBias/MinBias_TuneZ2star_GEN_SIM_799.root
150202 22:53:30 3464 Xrd: XrdClientMessage::ReadRaw: Failed to read header (8 bytes).
02-Feb-2015 22:54:00 GMT  Successfully opened file root://xrootd.unl.edu//store/group/dpg_trigger/comm_trigger/L1TrackTrigger/620_SLHC10/Extended2023TTI/MinBias/MinBias_TuneZ2star_GEN_SIM_799.root
02-Feb-2015 22:57:22 GMT  Closed file root://xrootd.unl.edu//store/group/dpg_trigger/comm_trigger/L1TrackTrigger/620_SLHC10/Extended2023TTI/MinBias/MinBias_TuneZ2star_GEN_SIM_799.root
02-Feb-2015 22:57:22 GMT  Initiating request to open file root://xrootd.unl.edu//store/group/dpg_trigger/comm_trigger/L1TrackTrigger/620_SLHC10/Extended2023TTI/MinBias/MinBias_TuneZ2star_GEN_SIM_877.root
150202 22:57:53 1323 Xrd: XrdClientMessage::ReadRaw: Failed to read header (8 bytes).
02-Feb-2015 22:57:53 GMT  Successfully opened file root://xrootd.unl.edu//store/group/dpg_trigger/comm_trigger/L1TrackTrigger/620_SLHC10/Extended2023TTI/MinBias/MinBias_TuneZ2star_GEN_SIM_877.root
150202 22:58:43 5360 Xrd: XrdClientMessage::ReadRaw: Failed to read header (8 bytes).
150202 23:00:44 1322 Xrd: XrdClientMessage::ReadRaw: Failed to read header (8 bytes).
02-Feb-2015 23:01:49 GMT  Closed file root://xrootd.unl.edu//store/group/dpg_trigger/comm_trigger/L1TrackTrigger/620_SLHC10/Extended2023TTI/MinBias/MinBias_TuneZ2star_GEN_SIM_877.root
02-Feb-2015 23:01:49 GMT  Initiating request to open file root://xrootd.unl.edu//store/group/dpg_trigger/comm_trigger/L1TrackTrigger/620_SLHC10/Extended2023TTI/MinBias/MinBias_TuneZ2star_GEN_SIM_943.root
02-Feb-2015 23:02:20 GMT  Successfully opened file root://xrootd.unl.edu//store/group/dpg_trigger/comm_trigger/L1TrackTrigger/620_SLHC10/Extended2023TTI/MinBias/MinBias_TuneZ2star_GEN_SIM_943.root
150202 23:02:43 8036 Xrd: XrdClientMessage::ReadRaw: Failed to read header (8 bytes).
02-Feb-2015 23:05:22 GMT  Closed file root://xrootd.unl.edu//store/group/dpg_trigger/comm_trigger/L1TrackTrigger/620_SLHC10/Extended2023TTI/MinBias/MinBias_TuneZ2star_GEN_SIM_943.root
02-Feb-2015 23:05:22 GMT  Initiating request to open file root://xrootd.unl.edu//store/group/dpg_trigger/comm_trigger/L1TrackTrigger/620_SLHC10/Extended2023TTI/MinBias/MinBias_TuneZ2star_GEN_SIM_940.root
150202 23:06:08 13581 Xrd: CheckErrorStatus: Server [cms-xrd-global.cern.ch:1094] declared: session not found(error code: 3011)
02-Feb-2015 23:06:08 GMT  Successfully opened file root://xrootd.unl.edu//store/group/dpg_trigger/comm_trigger/L1TrackTrigger/620_SLHC10/Extended2023TTI/MinBias/MinBias_TuneZ2star_GEN_SIM_940.root
150202 23:07:13 9875 Xrd: XrdClientMessage::ReadRaw: Failed to read header (8 bytes).
02-Feb-2015 23:07:27 GMT  Closed file root://dcap.pp.rl.ac.uk:1094/pnfs/pp.rl.ac.uk/data/cms/store/user/dcieri/ttbar_SIM/ttbar/ttbar_SIM/150129_145223/0000/step1_435.root
02-Feb-2015 23:07:28 GMT  Closed file root://xrootd.unl.edu//store/group/dpg_trigger/comm_trigger/L1TrackTrigger/620_SLHC10/Extended2023TTI/MinBias/MinBias_TuneZ2star_GEN_SIM_940.root

=============================================

MessageLogger Summary

 type     category        sev    module        subroutine        count    total
 ---- -------------------- -- ---------------- ----------------  -----    -----
    1 fileAction           -s MixingModule:mix                      69       69
    2 fileAction           -s MixingModule:mix                       2        2
    3 fileAction           -s MixingModule:mix                       1        1
    4 fileAction           -s file_close                             1        1
    5 fileAction           -s file_open                              2        2

 type    category    Examples: run/evt        run/evt          run/evt
 ---- -------------------- ---------------- ---------------- ----------------
    1 fileAction           1/4341           1/4341           1/4350
    2 fileAction           pre-events       pre-events       
    3 fileAction           PostEndRun                        
    4 fileAction           PostEndRun                        
    5 fileAction           pre-events       pre-events       

Severity    # Occurrences   Total Occurrences
--------    -------------   -----------------
System                 75                  75
>>> END OF printout of 226 lines from stdout+stderr
>>> Parse FrameworkJobReport crab_fjr.xml
Result of parsing the FrameworkJobReport crab_fjr.xml: 
Extracted ExitStatus from FrameworkJobReport parsing output: 0
>>> Executable succeded  0
ExeExitCode=0
EXECUTABLE_EXIT_STATUS = 0
>>> current directory /scratch/condor/dir_5839/glide_TcCrKj/execute/dir_30665/CMSSW_6_2_0_SLHC12
>>>  (SOFTWARE_DIR): /scratch/condor/dir_5839/glide_TcCrKj/execute/dir_30665/CMSSW_6_2_0_SLHC12
>>> (WORKING_DIR): 
>>> current directory content:
total 241236
drwxr-xr-x 3 cms415 gplcms      4096 Feb  2 20:17 .SCRAM
-rw------- 1 cms415 gplcms    915837 Feb  2 20:17 CMSSW.py.pkl
drwxr-xr-x 3 cms415 gplcms      4096 Feb  2 20:17 bin
drwxr-xr-x 3 cms415 gplcms      4096 Feb  2 20:17 cfipython
drwxr-xr-x 4 cms415 gplcms      4096 Apr 28  2014 config
-rw------- 1 cms415 gplcms        18 Feb  2 23:07 cpu_timing.txt
drwxr-xr-x 2 cms415 gplcms      4096 Feb  2 20:17 doc
-rw------- 1 cms415 gplcms     25391 Feb  2 23:07 executable.out
drwxr-xr-x 2 cms415 gplcms      4096 Feb  2 20:17 include
drwx------ 3 cms415 gplcms      4096 Oct  7 10:12 lib
drwxr-xr-x 3 cms415 gplcms      4096 Feb  2 20:17 logs
drwxr-xr-x 3 cms415 gplcms      4096 Feb  2 20:17 objs
-rw------- 1 cms415 gplcms       104 Feb  2 20:18 pset.py
-rw------- 1 cms415 gplcms    926825 Feb  2 20:18 pset.py.pkl
-rw------- 1 cms415 gplcms       289 Feb  2 20:18 pset.pyc
drwxr-xr-x 2 cms415 gplcms      4096 Feb  2 20:17 python
-rw------- 1 cms415 gplcms       359 Feb  2 23:07 report.log
drwxr-xr-x 2 cms415 gplcms      4096 Feb  2 20:17 src
-rw------- 1 cms415 gplcms 244823219 Feb  2 23:07 step2.root
drwxr-xr-x 3 cms415 gplcms      4096 Feb  2 20:17 test
drwxr-xr-x 3 cms415 gplcms      4096 Feb  2 20:17 tmp
>>> current directory /scratch/condor/dir_5839/glide_TcCrKj/execute/dir_30665/CMSSW_6_2_0_SLHC12
>>> (SOFTWARE_DIR): /scratch/condor/dir_5839/glide_TcCrKj/execute/dir_30665/CMSSW_6_2_0_SLHC12
>>> (WORKING_DIR): 
>>> current directory content:
total 241236
drwxr-xr-x 3 cms415 gplcms      4096 Feb  2 20:17 .SCRAM
-rw------- 1 cms415 gplcms    915837 Feb  2 20:17 CMSSW.py.pkl
drwxr-xr-x 3 cms415 gplcms      4096 Feb  2 20:17 bin
drwxr-xr-x 3 cms415 gplcms      4096 Feb  2 20:17 cfipython
drwxr-xr-x 4 cms415 gplcms      4096 Apr 28  2014 config
-rw------- 1 cms415 gplcms        18 Feb  2 23:07 cpu_timing.txt
drwxr-xr-x 2 cms415 gplcms      4096 Feb  2 20:17 doc
-rw------- 1 cms415 gplcms     25391 Feb  2 23:07 executable.out
drwxr-xr-x 2 cms415 gplcms      4096 Feb  2 20:17 include
drwx------ 3 cms415 gplcms      4096 Oct  7 10:12 lib
drwxr-xr-x 3 cms415 gplcms      4096 Feb  2 20:17 logs
drwxr-xr-x 3 cms415 gplcms      4096 Feb  2 20:17 objs
-rw------- 1 cms415 gplcms       104 Feb  2 20:18 pset.py
-rw------- 1 cms415 gplcms    926825 Feb  2 20:18 pset.py.pkl
-rw------- 1 cms415 gplcms       289 Feb  2 20:18 pset.pyc
drwxr-xr-x 2 cms415 gplcms      4096 Feb  2 20:17 python
-rw------- 1 cms415 gplcms       359 Feb  2 23:07 report.log
drwxr-xr-x 2 cms415 gplcms      4096 Feb  2 20:17 src
-rw------- 1 cms415 gplcms 244823219 Feb  2 23:07 step2_240_1_1Wu.root
drwxr-xr-x 3 cms415 gplcms      4096 Feb  2 20:17 test
drwxr-xr-x 3 cms415 gplcms      4096 Feb  2 20:17 tmp
>>> current directory (RUNTIME_AREA):  /scratch/condor/dir_5839/glide_TcCrKj/execute/dir_30665
PNN = T2_UK_SGrid_RALPP
SE = heplnx204.pp.rl.ac.uk
SE_PATH = /srm/managerv2?SFN=/pnfs/pp.rl.ac.uk/data/cms/store/user/dcieri/ttbar_PU140_DIGI/dcieri/ttbar/ttbar_PU140_DIGI/3c0380cf82de79bc39966c93934c61fc/
LFNBaseName = /store/user/dcieri/ttbar_PU140_DIGI/dcieri/ttbar/ttbar_PU140_DIGI/3c0380cf82de79bc39966c93934c61fc/
USER = dcieri
endpoint = srm://heplnx204.pp.rl.ac.uk:8443/srm/managerv2?SFN=/pnfs/pp.rl.ac.uk/data/cms/store/user/dcieri/ttbar_PU140_DIGI/dcieri/ttbar/ttbar_PU140_DIGI/3c0380cf82de79bc39966c93934c61fc/
>>> Copy output files from WN = heplnc008.pp.rl.ac.uk to /srm/managerv2?SFN=/pnfs/pp.rl.ac.uk/data/cms/store/user/dcieri/ttbar_PU140_DIGI/dcieri/ttbar/ttbar_PU140_DIGI/3c0380cf82de79bc39966c93934c61fc/ :
python cmscp.py  --destination srm://heplnx204.pp.rl.ac.uk:8443/srm/managerv2?SFN=/pnfs/pp.rl.ac.uk/data/cms/store/user/dcieri/ttbar_PU140_DIGI/dcieri/ttbar/ttbar_PU140_DIGI/3c0380cf82de79bc39966c93934c61fc/ --inputFileList /scratch/condor/dir_5839/glide_TcCrKj/execute/dir_30665/CMSSW_6_2_0_SLHC12/step2_240_1_1Wu.root --middleware LCG --PNN T2_UK_SGrid_RALPP --se_name heplnx204.pp.rl.ac.uk --for_lfn /store/user/dcieri/ttbar_PU140_DIGI/dcieri/ttbar/ttbar_PU140_DIGI/3c0380cf82de79bc39966c93934c61fc/    
******************************************************
localSeName  =  heplnx204.pp.rl.ac.uk
remoteSeName =  heplnx204.pp.rl.ac.uk
******************************************************
{"/scratch/condor/dir_5839/glide_TcCrKj/execute/dir_30665/CMSSW_6_2_0_SLHC12/step2_240_1_1Wu.root": {"endpoint": "srm://heplnx204.pp.rl.ac.uk:8443/srm/managerv2?SFN=/pnfs/pp.rl.ac.uk/data/cms/store/user/dcieri/ttbar_PU140_DIGI/dcieri/ttbar/ttbar_PU140_DIGI/3c0380cf82de79bc39966c93934c61fc/", "surl_for_grid": "", "reason": "Copy succedeed with srm-lcg utils", "erCode": "0", "PNN": "T2_UK_SGrid_RALPP", "se_name": "heplnx204.pp.rl.ac.uk", "for_lfn": "/store/user/dcieri/ttbar_PU140_DIGI/dcieri/ttbar/ttbar_PU140_DIGI/3c0380cf82de79bc39966c93934c61fc/"}}/scratch/condor/dir_5839/glide_TcCrKj/execute/dir_30665
-------- cat /scratch/condor/dir_5839/glide_TcCrKj/execute/dir_30665/cmscpReport.sh 
#!/bin/bash
echo "Report for File: /scratch/condor/dir_5839/glide_TcCrKj/execute/dir_30665/CMSSW_6_2_0_SLHC12/step2_240_1_1Wu.root"
echo "LFN: /store/user/dcieri/ttbar_PU140_DIGI/dcieri/ttbar/ttbar_PU140_DIGI/3c0380cf82de79bc39966c93934c61fc/step2_240_1_1Wu.root"
echo "StorageElement: heplnx204.pp.rl.ac.uk"
echo "StageOutExitStatusReason = 'Copy succedeed with srm-lcg utils'" | tee -a $RUNTIME_AREA/$repo
echo "StageOutSE = heplnx204.pp.rl.ac.uk" >> $RUNTIME_AREA/$repo

export StageOutExitStatus=0
echo "StageOutExitStatus = 0" | tee -a $RUNTIME_AREA/$repo
-------- end of /scratch/condor/dir_5839/glide_TcCrKj/execute/dir_30665/cmscpReport.sh 
Report for File: /scratch/condor/dir_5839/glide_TcCrKj/execute/dir_30665/CMSSW_6_2_0_SLHC12/step2_240_1_1Wu.root
LFN: /store/user/dcieri/ttbar_PU140_DIGI/dcieri/ttbar/ttbar_PU140_DIGI/3c0380cf82de79bc39966c93934c61fc/step2_240_1_1Wu.root
StorageElement: heplnx204.pp.rl.ac.uk
StageOutExitStatusReason = 'Copy succedeed with srm-lcg utils'
StageOutExitStatus = 0
>>> current dir: /scratch/condor/dir_5839/glide_TcCrKj/execute/dir_30665
>>> current dir content:
total 8824
-rw-------  1 cms415 gplcms    3178 Feb  2 23:08 .SEinteraction.log
-rwx------  1 cms415 gplcms      51 Feb  2 20:16 .chirp_config
-rwx------  1 cms415 gplcms    7829 Feb  2 20:16 .job.ad
-rwx------  1 cms415 gplcms    9787 Feb  2 20:16 .machine.ad
-rw-------  1 cms415 gplcms     105 Feb  2 12:16 CMSSW.py
-rw-------  1 cms415 gplcms  915837 Feb  2 12:16 CMSSW.py.pkl
-rwx------  1 cms415 gplcms   29498 Feb  2 20:17 CMSSW.sh
drwxr-xr-x 15 cms415 gplcms    4096 Feb  2 23:07 CMSSW_6_2_0_SLHC12
-rw-------  1 cms415 gplcms     189 Feb  2 20:17 CacheEnv.sh
-rw-------  1 cms415 gplcms    7291 Nov 19 14:52 DashboardAPI.py
-rw-------  1 cms415 gplcms    6455 Feb  2 20:17 DashboardAPI.pyc
drwx------  2 cms415 gplcms    4096 Feb  2 23:07 IMProv
-rw-------  1 cms415 gplcms    2748 Nov 19 14:52 Logger.py
-rw-------  1 cms415 gplcms    3227 Feb  2 20:17 Logger.pyc
-rw-------  1 cms415 gplcms   24524 Nov 19 14:52 ProcInfo.py
-rw-------  1 cms415 gplcms   22621 Feb  2 20:17 ProcInfo.pyc
drwx------  7 cms415 gplcms    4096 Feb  2 20:18 ProdCommon
drwx------  3 cms415 gplcms    4096 Feb  2 20:17 WMCore
-rw-------  1 cms415 gplcms    8993 Feb  2 23:07 Watchdog_240.log
-rwx------  1 cms415 gplcms       0 Feb  2 20:17 _condor_stderr
-rwx---r--  1 cms415 gplcms   40134 Feb  2 23:08 _condor_stdout
-rw-------  1 cms415 gplcms   32895 Nov 19 14:52 apmon.py
-rw-------  1 cms415 gplcms   27929 Feb  2 20:17 apmon.pyc
-rwx------  1 cms415 gplcms  134309 Feb  2 20:17 arguments.xml
-rwx------  1 cms415 gplcms   38581 Nov 19 14:52 cmscp.py
-rw-------  1 cms415 gplcms     561 Feb  2 23:08 cmscpReport.sh
-rwx------  1 cms415 gplcms   29498 Feb  2 20:17 condor_exec.exe
-rw-------  1 cms415 gplcms     544 Feb  2 12:16 crab.cfg
-rwx------  1 cms415 gplcms    8610 Nov 19 14:52 crabWatchdog.sh
-rwx---r--  1 cms415 gplcms  112090 Feb  2 23:07 crab_fjr_240.xml
-rwx------  1 cms415 gplcms 7390485 Feb  2 20:17 default.tgz
-rwx------  1 cms415 gplcms    4488 Nov 19 14:52 fillCrabFjr.py
-rw-------  1 cms415 gplcms     226 Feb  2 20:18 inputsReport.txt
-rw-------  1 cms415 gplcms     245 Feb  2 23:08 jobreport.txt
-rw-------  1 cms415 gplcms   17352 Nov 19 14:52 parseCrabFjr.py
-rw-------  1 cms415 gplcms     324 Feb  2 20:17 report.log
-rwx--x--x  1 cms415 gplcms    1497 Nov 19 14:52 report.py
-rw-------  1 cms415 gplcms     554 Feb  2 23:08 resultCopyFile
lrwxrwxrwx  1 cms415 gplcms      95 Feb  2 23:07 step2.root -> /scratch/condor/dir_5839/glide_TcCrKj/execute/dir_30665/CMSSW_6_2_0_SLHC12/step2_240_1_1Wu.root
-rwx------  1 cms415 gplcms    8351 Nov 19 14:52 writeCfg.py
-rw-------  1 cms415 gplcms   10293 Feb  2 20:16 x509up_u62281
>>> Modify Job Report:
CMSSW_VERSION = CMSSW_6_2_0_SLHC12
ProcessedDataset = ttbar_PU140_DIGI
/scratch/condor/dir_5839/glide_TcCrKj/execute/dir_30665/ProdCommon/FwkJobRep/ModifyJobReport.py fjr /scratch/condor/dir_5839/glide_TcCrKj/execute/dir_30665/crab_fjr_240.xml json /scratch/condor/dir_5839/glide_TcCrKj/execute/dir_30665/resultCopyFile n_job 240_1_1Wu PrimaryDataset ttbar  ApplicationFamily cmsRun ApplicationName cmsRun cmssw_version CMSSW_6_2_0_SLHC12 psethash 3c0380cf82de79bc39966c93934c61fc UserProcessedDataset dcieri-ttbar_PU140_DIGI-3c0380cf82de79bc39966c93934c61fc
inputDict =  {u'/scratch/condor/dir_5839/glide_TcCrKj/execute/dir_30665/CMSSW_6_2_0_SLHC12/step2_240_1_1Wu.root': {u'endpoint': u'srm://heplnx204.pp.rl.ac.uk:8443/srm/managerv2?SFN=/pnfs/pp.rl.ac.uk/data/cms/store/user/dcieri/ttbar_PU140_DIGI/dcieri/ttbar/ttbar_PU140_DIGI/3c0380cf82de79bc39966c93934c61fc/', u'surl_for_grid': u'', u'reason': u'Copy succedeed with srm-lcg utils', u'erCode': u'0', u'PNN': u'T2_UK_SGrid_RALPP', u'se_name': u'heplnx204.pp.rl.ac.uk', u'for_lfn': u'/store/user/dcieri/ttbar_PU140_DIGI/dcieri/ttbar/ttbar_PU140_DIGI/3c0380cf82de79bc39966c93934c61fc/'}}
UserProcessedDataset =  dcieri-ttbar_PU140_DIGI-3c0380cf82de79bc39966c93934c61fc
WORKING ON EDM FILE
file_name in inputDict =  /scratch/condor/dir_5839/glide_TcCrKj/execute/dir_30665/CMSSW_6_2_0_SLHC12/step2_240_1_1Wu.root
(size) os.stat(filename)[6] =  244823219
checksum =  1239937024
    file =  step2_240_1_1Wu.root
    newPfn =  srm://heplnx204.pp.rl.ac.uk:8443/srm/managerv2?SFN=/pnfs/pp.rl.ac.uk/data/cms/store/user/dcieri/ttbar_PU140_DIGI/dcieri/ttbar/ttbar_PU140_DIGI/3c0380cf82de79bc39966c93934c61fc/step2_240_1_1Wu.root
    newLfn =  /store/user/dcieri/ttbar_PU140_DIGI/dcieri/ttbar/ttbar_PU140_DIGI/3c0380cf82de79bc39966c93934c61fc/step2_240_1_1Wu.root
>>> crab_fjr_*.xml  permission set to 0704
CrabWrapper EXIT_FUNC entered at Mon Feb  2 23:08:31 GMT 2015   -  Mon Feb  2 23:08:31 UTC 2015
Checking output files:  
will tar file crab_fjr_240.xml in  out_files_240
WARNING: output file CMSSW_240.stdout not found!
WARNING: output file CMSSW_240.stderr not found!
WARNING: output file Watchdog_240.log.gz not found!
>>> padding time: Wrapper lasting more than 600 seconds. No sleep required.
STOPPING WATCHDOG. CrabWatchdog PID is 32001
********** LAST 50 LINES OF WATCHDOG LOG
 Feb 02 20:29:01 GMT	32135	843448	1232744	53	76	663	cmsRun -j /scratch/condor/dir_5839/glide_TcCrKj/execute/dir_30665/crab_fjr_240.xml -p pset.py      
 Feb 02 20:30:01 GMT	32135	867788	1232744	53	78	723	cmsRun -j /scratch/condor/dir_5839/glide_TcCrKj/execute/dir_30665/crab_fjr_240.xml -p pset.py      
 Feb 02 20:32:01 GMT	32135	885536	1232744	53	82	843	cmsRun -j /scratch/condor/dir_5839/glide_TcCrKj/execute/dir_30665/crab_fjr_240.xml -p pset.py      
 Feb 02 20:33:01 GMT	32135	906576	1239912	53	85	904	cmsRun -j /scratch/condor/dir_5839/glide_TcCrKj/execute/dir_30665/crab_fjr_240.xml -p pset.py      
 Feb 02 20:34:02 GMT	32135	920904	1243240	53	88	964	cmsRun -j /scratch/condor/dir_5839/glide_TcCrKj/execute/dir_30665/crab_fjr_240.xml -p pset.py      
 Feb 02 20:35:02 GMT	32135	928444	1252712	53	91	1024	cmsRun -j /scratch/condor/dir_5839/glide_TcCrKj/execute/dir_30665/crab_fjr_240.xml -p pset.py      
 Feb 02 20:36:02 GMT	32135	932668	1253992	53	95	1084	cmsRun -j /scratch/condor/dir_5839/glide_TcCrKj/execute/dir_30665/crab_fjr_240.xml -p pset.py      
 Feb 02 20:37:02 GMT	32135	943968	1264232	53	99	1145	cmsRun -j /scratch/condor/dir_5839/glide_TcCrKj/execute/dir_30665/crab_fjr_240.xml -p pset.py      
 Feb 02 20:38:03 GMT	32135	1014868	1330792	53	108	1205	cmsRun -j /scratch/condor/dir_5839/glide_TcCrKj/execute/dir_30665/crab_fjr_240.xml -p pset.py      
 Feb 02 20:39:03 GMT	32135	1064844	1386856	53	115	1265	cmsRun -j /scratch/condor/dir_5839/glide_TcCrKj/execute/dir_30665/crab_fjr_240.xml -p pset.py      
 Feb 02 20:40:03 GMT	32135	1067784	1387112	53	118	1325	cmsRun -j /scratch/condor/dir_5839/glide_TcCrKj/execute/dir_30665/crab_fjr_240.xml -p pset.py      
 Feb 02 20:42:04 GMT	32135	1068468	1393264	53	123	1446	cmsRun -j /scratch/condor/dir_5839/glide_TcCrKj/execute/dir_30665/crab_fjr_240.xml -p pset.py      
 Feb 02 20:43:04 GMT	32135	1186500	1642756	53	152	1507	cmsRun -j /scratch/condor/dir_5839/glide_TcCrKj/execute/dir_30665/crab_fjr_240.xml -p pset.py      
 Feb 02 20:43:04 GMT	---	1186500	1642756	73	----	----	----
 Feb 02 20:44:05 GMT	32135	1186640	1647620	73	154	1567	cmsRun -j /scratch/condor/dir_5839/glide_TcCrKj/execute/dir_30665/crab_fjr_240.xml -p pset.py      
 Feb 02 20:45:05 GMT	32135	1189828	1647876	73	156	1627	cmsRun -j /scratch/condor/dir_5839/glide_TcCrKj/execute/dir_30665/crab_fjr_240.xml -p pset.py      
# TIME			PID	RSS(KB)	VSZ(KB)	Dsk(MB)	tCPU(s)	tWALL(s)	COMMAND
 Feb 02 20:46:05 GMT	32135	1199620	1647876	73	159	1687	cmsRun -j /scratch/condor/dir_5839/glide_TcCrKj/execute/dir_30665/crab_fjr_240.xml -p pset.py      
 Feb 02 20:47:05 GMT	32135	1205076	1647876	73	162	1747	cmsRun -j /scratch/condor/dir_5839/glide_TcCrKj/execute/dir_30665/crab_fjr_240.xml -p pset.py      
 Feb 02 20:48:05 GMT	32135	1206860	1647876	73	165	1808	cmsRun -j /scratch/condor/dir_5839/glide_TcCrKj/execute/dir_30665/crab_fjr_240.xml -p pset.py      
 Feb 02 20:49:06 GMT	32135	1207152	1647876	73	168	1868	cmsRun -j /scratch/condor/dir_5839/glide_TcCrKj/execute/dir_30665/crab_fjr_240.xml -p pset.py      
 Feb 02 20:50:06 GMT	32135	1208312	1647876	73	171	1928	cmsRun -j /scratch/condor/dir_5839/glide_TcCrKj/execute/dir_30665/crab_fjr_240.xml -p pset.py      
 Feb 02 20:55:07 GMT	32135	1208312	1652740	73	185	2229	cmsRun -j /scratch/condor/dir_5839/glide_TcCrKj/execute/dir_30665/crab_fjr_240.xml -p pset.py      
 Feb 02 20:56:07 GMT	32135	1208312	1655300	73	188	2290	cmsRun -j /scratch/condor/dir_5839/glide_TcCrKj/execute/dir_30665/crab_fjr_240.xml -p pset.py      
 Feb 02 20:59:08 GMT	32135	1208312	1659140	73	198	2470	cmsRun -j /scratch/condor/dir_5839/glide_TcCrKj/execute/dir_30665/crab_fjr_240.xml -p pset.py      
 Feb 02 21:00:08 GMT	32135	1208312	1668868	73	207	2530	cmsRun -j /scratch/condor/dir_5839/glide_TcCrKj/execute/dir_30665/crab_fjr_240.xml -p pset.py      
 Feb 02 21:02:09 GMT	32135	1219392	1668868	73	215	2651	cmsRun -j /scratch/condor/dir_5839/glide_TcCrKj/execute/dir_30665/crab_fjr_240.xml -p pset.py      
 Feb 02 21:03:09 GMT	32135	1236056	1680900	73	219	2711	cmsRun -j /scratch/condor/dir_5839/glide_TcCrKj/execute/dir_30665/crab_fjr_240.xml -p pset.py      
 Feb 02 21:04:09 GMT	32135	1237512	1681156	73	223	2771	cmsRun -j /scratch/condor/dir_5839/glide_TcCrKj/execute/dir_30665/crab_fjr_240.xml -p pset.py      
 Feb 02 21:05:09 GMT	32135	1387676	1821700	73	238	2832	cmsRun -j /scratch/condor/dir_5839/glide_TcCrKj/execute/dir_30665/crab_fjr_240.xml -p pset.py      
 Feb 02 21:05:09 GMT	---	1387676	1821700	77	----	----	----
 Feb 02 21:06:10 GMT	---	1387676	1821700	94	----	----	----
 Feb 02 21:26:15 GMT	---	1387676	1821700	119	----	----	----
 Feb 02 21:43:53 GMT	32135	1387676	1822724	119	406	5156	cmsRun -j /scratch/condor/dir_5839/glide_TcCrKj/execute/dir_30665/crab_fjr_240.xml -p pset.py      
 Feb 02 21:44:55 GMT	32135	1387676	1823748	119	410	5217	cmsRun -j /scratch/condor/dir_5839/glide_TcCrKj/execute/dir_30665/crab_fjr_240.xml -p pset.py      
 Feb 02 21:45:55 GMT	---	1387676	1823748	140	----	----	----
 Feb 02 22:07:02 GMT	---	1387676	1823748	160	----	----	----
 Feb 02 22:26:08 GMT	32135	1473796	1896196	160	614	7691	cmsRun -j /scratch/condor/dir_5839/glide_TcCrKj/execute/dir_30665/crab_fjr_240.xml -p pset.py      
 Feb 02 22:26:08 GMT	---	1473796	1896196	161	----	----	----
 Feb 02 22:27:09 GMT	---	1473796	1896196	182	----	----	----
 Feb 02 22:38:26 GMT	---	1473796	1896196	205	----	----	----
 Feb 02 22:43:28 GMT	32135	1473796	1900044	205	783	8730	cmsRun -j /scratch/condor/dir_5839/glide_TcCrKj/execute/dir_30665/crab_fjr_240.xml -p pset.py      
 Feb 02 22:45:28 GMT	32135	1473796	1906704	205	801	8850	cmsRun -j /scratch/condor/dir_5839/glide_TcCrKj/execute/dir_30665/crab_fjr_240.xml -p pset.py      
 Feb 02 22:46:28 GMT	32135	1473796	1930000	205	822	8911	cmsRun -j /scratch/condor/dir_5839/glide_TcCrKj/execute/dir_30665/crab_fjr_240.xml -p pset.py      
 Feb 02 22:47:29 GMT	32135	1473796	1937424	205	834	8971	cmsRun -j /scratch/condor/dir_5839/glide_TcCrKj/execute/dir_30665/crab_fjr_240.xml -p pset.py      
 Feb 02 22:48:29 GMT	---	1473796	1937424	226	----	----	----
 Feb 02 22:58:32 GMT	32135	1545244	2004240	226	969	9635	cmsRun -j /scratch/condor/dir_5839/glide_TcCrKj/execute/dir_30665/crab_fjr_240.xml -p pset.py      
# TIME			PID	RSS(KB)	VSZ(KB)	Dsk(MB)	tCPU(s)	tWALL(s)	COMMAND
 Feb 02 22:59:33 GMT	---	1545244	2004240	249	----	----	----
 Feb 02 23:07:36 GMT	---	1545244	2004240	271	----	----	----
********** WATCHDOG LOG ENDED
ZIPPING WATCHDOG LOG
Disk space used:
du -sh /scratch/condor/dir_5839/glide_TcCrKj/execute/dir_30665
271M	/scratch/condor/dir_5839/glide_TcCrKj/execute/dir_30665
Found unusual stdout, rename for OSB
`/scratch/condor/dir_5839/glide_TcCrKj/execute/dir_30665/_condor_stdout' -> `CMSSW_240.stdout'
Found unusual stderr, rename for OSB
`/scratch/condor/dir_5839/glide_TcCrKj/execute/dir_30665/_condor_stdout' -> `CMSSW_240.stderr'
crab_fjr_240.xml
CMSSW_240.stdout
CMSSW_240.stderr
Watchdog_240.log.gz
Total Output dimension: 24333
WARNING: output files size limit is set to: 50000000
Total Output dimension 24333 is fine.
JOB_EXIT_STATUS = 0
>>> info for dashboard:
***** Cat /scratch/condor/dir_5839/glide_TcCrKj/execute/dir_30665/jobreport.txt *****
MonitorJobID=240_https://submit-6.t2.ucsd.edu//150202//509447.239
MonitorID=dcieri_PU140_4dm08r
ExeTime=10168
ExeExitCode=0
StageOutExitStatusReason = 'Copy succedeed with srm-lcg utils'
StageOutSE = heplnx204.pp.rl.ac.uk
StageOutExitStatus = 0
CrabUserCpuTime=1065.68
CrabSysCpuTime=31.35
CrabCpuPercentage=10%
CrabWrapperTime=10240
CrabStageoutTime=52
JobExitCode=0
***** End Cat jobreport *****
Parameters sent to Dashboard.
EXITING at Mon Feb  2 23:08:34 GMT 2015  -  Mon Feb  2 23:08:34 UTC 2015
