This script was generated by crab (version 2.11.1_patch1).
Running /scratch/condor/dir_17752/glide_AD5FcN/execute/dir_28302/condor_exec.exe with 2 positional parameters: 272 1
Today is Mon Feb  2 20:21:59 GMT 2015 - Mon Feb  2 20:21:59 UTC 2015
Job submitted on host heplnc352.pp.rl.ac.uk
Linux heplnc352.pp.rl.ac.uk 2.6.32-504.3.3.el6.x86_64 #1 SMP Tue Dec 16 14:29:22 CST 2014 x86_64 x86_64 x86_64 GNU/Linux
Distributor ID:	Scientific
Description:	Scientific Linux release 6.6 (Carbon)
>>> current directory (RUNTIME_AREA): /scratch/condor/dir_17752/glide_AD5FcN/execute/dir_28302
>>> current user: uid=157415(cms415) gid=157000(gplcms) groups=157000(gplcms)
>>> directory permission set to 0700
>>> umask set to:  u=rwx,g=,o=
>>> stdout stderr permission set to 0704
>>> voms proxy information:
subject   : /DC=ch/DC=cern/OU=Organic Units/OU=Users/CN=dcieri/CN=755391/CN=Davide Cieri/CN=769881070/CN=140716787
issuer    : /DC=ch/DC=cern/OU=Organic Units/OU=Users/CN=dcieri/CN=755391/CN=Davide Cieri/CN=769881070
identity  : /DC=ch/DC=cern/OU=Organic Units/OU=Users/CN=dcieri/CN=755391/CN=Davide Cieri
type      : RFC3820 compliant limited proxy
strength  : 1024
path      : /scratch/condor/dir_17752/glide_AD5FcN/execute/dir_28302/x509up_u62281
timeleft  : 23:58:31
key usage : Digital Signature, Key Encipherment
=== VO cms extension information ===
VO        : cms
subject   : /DC=ch/DC=cern/OU=Organic Units/OU=Users/CN=dcieri/CN=755391/CN=Davide Cieri
issuer    : /DC=ch/DC=cern/OU=computers/CN=lcg-voms2.cern.ch
attribute : /cms/Role=NULL/Capability=NULL
timeleft  : 183:54:26
uri       : lcg-voms2.cern.ch:15002

WNHostName=heplnc352.pp.rl.ac.uk
$_CONDOR_JOB_AD =/scratch/condor/dir_17752/glide_AD5FcN/execute/dir_28302/.job.ad
OverflowFlag=0
>>> tar --no-same-permissions -xf /scratch/condor/dir_17752/glide_AD5FcN/execute/dir_28302/default.tgz :
Successful untar
>>> Include /scratch/condor/dir_17752/glide_AD5FcN/execute/dir_28302 in PYTHONPATH:
strip arguments
env var CRAB_UNIQUE_JOB_ID set to: dcieri_PU140_4dm08r_272_1_UV0
out_files_272
>>> list of expected files on output sandbox
output files: crab_fjr_272.xml CMSSW_272.stdout CMSSW_272.stderr Watchdog_272.log.gz
>>> GridFlavour discovery: 
GridFlavour=LCG
>>> SyncSite discovery: 
SyncSite=T2_UK_SGrid_RALPP
>>> SyncCE discovery: 
getting SyncCE from GLIDEIN_Gaekeeper
SyncCE=heplnv147.pp.rl.ac.uk
>>> info for dashboard:
***** Cat /scratch/condor/dir_17752/glide_AD5FcN/execute/dir_28302/jobreport.txt *****
WNHostName=heplnc352.pp.rl.ac.uk
OverflowFlag=0
MonitorJobID=272_https://submit-6.t2.ucsd.edu//150202//509447.271
SyncGridJobId=https://submit-6.t2.ucsd.edu//150202//509447.271
MonitorID=dcieri_PU140_4dm08r
GridFlavour=LCG
SyncSite=T2_UK_SGrid_RALPP
SyncCE=heplnv147.pp.rl.ac.uk
***** End Cat jobreport *****
Parameters sent to Dashboard.
>>> setup environment
set SCRAM ARCH to slc6_amd64_gcc472
SCRAM_ARCH = slc6_amd64_gcc472
>>> setup CMS LCG environment:
set SCRAM ARCH and BUILD_ARCH to slc6_amd64_gcc472 ###
Sourcing environment... 
sourcing /cvmfs/cms.cern.ch/cmsset_default.sh
==> setup cms environment ok
>>> specific cmssw setup environment:
CMSSW_VERSION =  CMSSW_6_2_0_SLHC12
WARNING: In non-interactive mode release checks e.g. deprecated releases, production architectures are disabled.
>>> current directory (SOFTWARE_DIR): /scratch/condor/dir_17752/glide_AD5FcN/execute/dir_28302/CMSSW_6_2_0_SLHC12
PreserveSeeds: <>
IncrementSeeds:<>
>>> info for dashboard:
***** Cat /scratch/condor/dir_17752/glide_AD5FcN/execute/dir_28302/jobreport.txt *****
MonitorJobID=272_https://submit-6.t2.ucsd.edu//150202//509447.271
MonitorID=dcieri_PU140_4dm08r
***** End Cat jobreport *****
Parameters sent to Dashboard.
crabWatchdog started as process 29994
>>> moving CMSSW software directories in /scratch/condor/dir_17752/glide_AD5FcN/execute/dir_28302/CMSSW_6_2_0_SLHC12
mv: cannot stat `/scratch/condor/dir_17752/glide_AD5FcN/execute/dir_28302/module/': No such file or directory
>>> Include /scratch/condor/dir_17752/glide_AD5FcN/execute/dir_28302 in PYTHONPATH:
PYTHONPATH=/scratch/condor/dir_17752/glide_AD5FcN/execute/dir_28302/:/scratch/condor/dir_17752/glide_AD5FcN/execute/dir_28302/CMSSW_6_2_0_SLHC12/python:/scratch/condor/dir_17752/glide_AD5FcN/execute/dir_28302/CMSSW_6_2_0_SLHC12/lib/slc6_amd64_gcc472:/cvmfs/cms.cern.ch/slc6_amd64_gcc472/cms/cmssw/CMSSW_6_2_0_SLHC12/python:/cvmfs/cms.cern.ch/slc6_amd64_gcc472/cms/cmssw/CMSSW_6_2_0_SLHC12/lib/slc6_amd64_gcc472:/cvmfs/cms.cern.ch/slc6_amd64_gcc472/cms/coral/CORAL_2_3_21-cms35/slc6_amd64_gcc472/python:/cvmfs/cms.cern.ch/slc6_amd64_gcc472/cms/coral/CORAL_2_3_21-cms35/slc6_amd64_gcc472/lib:/cvmfs/cms.cern.ch/slc6_amd64_gcc472/external/python-ldap/2.3.5-cms5/lib/python2.7/site-packages:/cvmfs/cms.cern.ch/slc6_amd64_gcc472/external/pyqt/4.8.1-cms5/lib/python2.7/site-packages:/cvmfs/cms.cern.ch/slc6_amd64_gcc472/external/py2-scipy/0.8.0-cms7/lib/python2.7/site-packages:/cvmfs/cms.cern.ch/slc6_amd64_gcc472/external/py2-matplotlib/1.0.1-cms7/lib/python2.7/site-packages:/cvmfs/cms.cern.ch/slc6_amd64_gcc472/external/sip/4.11.2-cms5/lib/python2.7/site-packages:/cvmfs/cms.cern.ch/slc6_amd64_gcc472/external/py2-pycurl/7.19.0-cms7/lib/python2.7/site-packages:/cvmfs/cms.cern.ch/slc6_amd64_gcc472/external/py2-numpy/1.6.1-cms7/lib/python2.7/site-packages:/cvmfs/cms.cern.ch/slc6_amd64_gcc472/external/py2-lint/0.25.1-cms5/lib/python2.7/site-packages:/cvmfs/cms.cern.ch/slc6_amd64_gcc472/external/py2-ipython/0.10-cms5/lib/python2.7/site-packages:/cvmfs/cms.cern.ch/slc6_amd64_gcc472/external/py2-cx-oracle/5.1-cms5/lib/python2.7/site-packages:/cvmfs/cms.cern.ch/slc6_amd64_gcc472/external/py2-cjson/1.0.5-cms5/lib/python2.7/site-packages:/cvmfs/cms.cern.ch/slc6_amd64_gcc472/cms/das-client/1.11.7/bin:/cvmfs/cms.cern.ch/slc6_amd64_gcc472/external/elementtree/1.2.6-cms5/share/lib/python2.7/site-packages:/cvmfs/cms.cern.ch/slc6_amd64_gcc472/external/rivet/1.8.2-cms9/lib/python2.7/site-packages:/cvmfs/cms.cern.ch/slc6_amd64_gcc472/external/pyminuit2/0.0.1-cms19/lib/python2.7/site-packages:/cvmfs/cms.cern.ch/slc6_amd64_gcc472/external/py2-pygithub/1.23.0-cms2/lib/python2.7/site-packages:/cvmfs/cms.cern.ch/slc6_amd64_gcc472/external/professor/1.0.0-cms19/lib/python2.7/site-packages:/cvmfs/cms.cern.ch/slc6_amd64_gcc472/lcg/root/5.34.07-cms/lib:/cvmfs/cms.cern.ch/slc6_amd64_gcc472/cms/dbs-client/DBS_2_1_9-cms5/lib:/cvmfs/cms.cern.ch/slc6_amd64_gcc472/cms/dbs-client/DBS_2_1_9-cms5/lib/DBSAPI:/cvmfs/cms.cern.ch/slc6_amd64_gcc472/external/cvs2git/5419-cms/lib:/scratch/condor/dir_17752/glide_AD5FcN/execute/dir_28302/
 
# LIMITS USED BY CRAB WATCHDOG:
# RSS  (KBytes)   : 2300000
# VSZ  (KBytes)   : 100000000
# DISK (MBytes)   : 19000
# CPU TIME        : 720h:0m:0s
# WALL CLOCK TIME : 21h:50m:0s
 
3c0380cf82de79bc39966c93934c61fc
PSETHASH = 3c0380cf82de79bc39966c93934c61fc
/scratch/condor/dir_17752/glide_AD5FcN/execute/dir_28302/writeCfg.py pset.py pset.py
Importing .py file
Setting parameters
RandomNumberGeneratorService found, will attempt to change seeds
inputBlocks=/ttbar/dcieri-ttbar_SIM-130075366148575c102f0d64fd3ac8f7/USER#7b37175b-029a-4723-ac30-87f0f216faab
inputFiles=/store/user/dcieri/ttbar_SIM/ttbar/ttbar_SIM/150129_145223/0000/step1_284.root
parentFiles=
lumisRange=
>>> Executable cmsRun
/cvmfs/cms.cern.ch/slc6_amd64_gcc472/cms/cmssw/CMSSW_6_2_0_SLHC12/bin/slc6_amd64_gcc472/cmsRun
ok executable found
>>> info for dashboard:
***** Cat /scratch/condor/dir_17752/glide_AD5FcN/execute/dir_28302/jobreport.txt *****
MonitorJobID=272_https://submit-6.t2.ucsd.edu//150202//509447.271
MonitorID=dcieri_PU140_4dm08r
ExeStart=cmsRun
***** End Cat jobreport *****
Parameters sent to Dashboard.
>>> cmsRun started at Mon Feb  2 20:22:06 UTC 2015
>>> cmsRun ended at Mon Feb  2 23:11:45 UTC 2015
>>> crab_fjr_*.xml  permission set to 0704
>>> info for dashboard:
***** Cat /scratch/condor/dir_17752/glide_AD5FcN/execute/dir_28302/jobreport.txt *****
MonitorJobID=272_https://submit-6.t2.ucsd.edu//150202//509447.271
MonitorID=dcieri_PU140_4dm08r
ExeEnd=cmsRun
***** End Cat jobreport *****
Parameters sent to Dashboard.
TIME_EXE = 10179 sec
>>> cmsRun wrote 214 lines of stdout+stderr
>>> START OF printout of 214 lines from stdout+stderr
271 DQMStore::DQMStore 
HcalTopologyIdealEP::HcalTopologyIdealEP
02-Feb-2015 20:22:14 GMT  Initiating request to open file root://dcap.pp.rl.ac.uk:1094/pnfs/pp.rl.ac.uk/data/cms/store/user/dcieri/ttbar_SIM/ttbar/ttbar_SIM/150129_145223/0000/step1_284.root
150202 20:22:16 30354 Xrd: CheckErrorStatus: Server [heplnx209.pp.rl.ac.uk:1094] declared: Request 3018 not supported(error code: 3013)
02-Feb-2015 20:22:16 GMT  Successfully opened file root://dcap.pp.rl.ac.uk:1094/pnfs/pp.rl.ac.uk/data/cms/store/user/dcieri/ttbar_SIM/ttbar/ttbar_SIM/150129_145223/0000/step1_284.root
02-Feb-2015 20:22:17 GMT  Initiating request to open file root://xrootd.unl.edu//store/group/dpg_trigger/comm_trigger/L1TrackTrigger/620_SLHC10/Extended2023TTI/MinBias/MinBias_TuneZ2star_GEN_SIM_1.root
02-Feb-2015 20:22:34 GMT  Successfully opened file root://xrootd.unl.edu//store/group/dpg_trigger/comm_trigger/L1TrackTrigger/620_SLHC10/Extended2023TTI/MinBias/MinBias_TuneZ2star_GEN_SIM_1.root
disableME1a = 0
HcalTopologyIdealEP::produce(const IdealGeometryRecord& iRecord)
mode = 2, maxDepthHB = 3, maxDepthHE = 5
RPCGeometryESModule :: produce
RPCGeometryESModule :: produce :: 1/4 Get Muon Ideal Geometry Record
RPCGeometryESModule :: produce :: 2/4 Get Muon DDD Constants
RPCGeometryESModule :: produce :: 3/4 Get Muon Numbering Record
in MuonNumberingInitialization::initializeMuonDDDConstants
about to make my new muonDDDConst_
in MuonNumberingInitialization::produce
RPCGeometryESModule :: produce :: 4/4 Build
Found:

	Barrel Stack layer 5 : 1008 stacks
	Barrel Stack layer 6 : 1320 stacks
	Barrel Stack layer 7 : 1836 stacks
	Barrel Stack layer 8 : 1152 stacks
	Barrel Stack layer 9 : 1488 stacks
	Barrel Stack layer 10 : 1824 stacks

	Endcap Stack disk 11 : 1360 stacks
	Endcap Stack disk 12 : 1360 stacks
	Endcap Stack disk 13 : 1360 stacks
	Endcap Stack disk 14 : 1360 stacks
	Endcap Stack disk 15 : 1360 stacks
Created 15428 stacks in 14 s

TTClusterBuilder< edm::Ref<edm::DetSetVector<PixelDigi>, PixelDigi, edm::refhelper::FindForDetSetVector<PixelDigi> > > loaded modules:
	TTClusterAlgorithm:	TTClusterAlgorithm_2d2013< edm::Ref<edm::DetSetVector<PixelDigi>, PixelDigi, edm::refhelper::FindForDetSetVector<PixelDigi> > >


TTStubBuilder< edm::Ref<edm::DetSetVector<PixelDigi>, PixelDigi, edm::refhelper::FindForDetSetVector<PixelDigi> > > loaded modules:
	TTStubAlgorithm:	TTStubAlgorithm_tab2013< edm::Ref<edm::DetSetVector<PixelDigi>, PixelDigi, edm::refhelper::FindForDetSetVector<PixelDigi> > >


TTClusterAssociator< edm::Ref<edm::DetSetVector<PixelDigi>, PixelDigi, edm::refhelper::FindForDetSetVector<PixelDigi> > > loaded.


TTStubAssociator< edm::Ref<edm::DetSetVector<PixelDigi>, PixelDigi, edm::refhelper::FindForDetSetVector<PixelDigi> > > loaded.


TTTrackAssociator< edm::Ref<edm::DetSetVector<PixelDigi>, PixelDigi, edm::refhelper::FindForDetSetVector<PixelDigi> > > loaded.

Begin processing the 1st record. Run 1, Event 2831, LumiSection 284 at 02-Feb-2015 20:23:04.696 GMT
02-Feb-2015 20:23:10 GMT  Closed file root://xrootd.unl.edu//store/group/dpg_trigger/comm_trigger/L1TrackTrigger/620_SLHC10/Extended2023TTI/MinBias/MinBias_TuneZ2star_GEN_SIM_1.root
02-Feb-2015 20:23:10 GMT  Initiating request to open file root://xrootd.unl.edu//store/group/dpg_trigger/comm_trigger/L1TrackTrigger/620_SLHC10/Extended2023TTI/MinBias/MinBias_TuneZ2star_GEN_SIM_553.root
02-Feb-2015 20:23:42 GMT  Successfully opened file root://xrootd.unl.edu//store/group/dpg_trigger/comm_trigger/L1TrackTrigger/620_SLHC10/Extended2023TTI/MinBias/MinBias_TuneZ2star_GEN_SIM_553.root
150202 20:28:15 31065 Xrd: XrdClientMessage::ReadRaw: Failed to read header (8 bytes).
150202 20:28:45 31063 Xrd: XrdClientMessage::ReadRaw: Failed to read header (8 bytes).
02-Feb-2015 20:33:34 GMT  Closed file root://xrootd.unl.edu//store/group/dpg_trigger/comm_trigger/L1TrackTrigger/620_SLHC10/Extended2023TTI/MinBias/MinBias_TuneZ2star_GEN_SIM_553.root
02-Feb-2015 20:33:34 GMT  Initiating request to open file root://xrootd.unl.edu//store/group/dpg_trigger/comm_trigger/L1TrackTrigger/620_SLHC10/Extended2023TTI/MinBias/MinBias_TuneZ2star_GEN_SIM_683.root
150202 20:33:34 13775 Xrd: CheckErrorStatus: Server [xrootd.ba.infn.it:1094] declared: session not found(error code: 3011)
02-Feb-2015 20:33:35 GMT  Successfully opened file root://xrootd.unl.edu//store/group/dpg_trigger/comm_trigger/L1TrackTrigger/620_SLHC10/Extended2023TTI/MinBias/MinBias_TuneZ2star_GEN_SIM_683.root
150202 20:38:44 313 Xrd: XrdClientMessage::ReadRaw: Failed to read header (8 bytes).
150202 20:38:45 13776 Xrd: XrdClientMessage::ReadRaw: Failed to read header (8 bytes).
150202 20:42:44 30477 Xrd: XrdClientMessage::ReadRaw: Failed to read header (8 bytes).
150202 20:42:45 30478 Xrd: XrdClientMessage::ReadRaw: Failed to read header (8 bytes).
02-Feb-2015 20:42:51 GMT  Closed file root://xrootd.unl.edu//store/group/dpg_trigger/comm_trigger/L1TrackTrigger/620_SLHC10/Extended2023TTI/MinBias/MinBias_TuneZ2star_GEN_SIM_683.root
02-Feb-2015 20:42:51 GMT  Initiating request to open file root://xrootd.unl.edu//store/group/dpg_trigger/comm_trigger/L1TrackTrigger/620_SLHC10/Extended2023TTI/MinBias/MinBias_TuneZ2star_GEN_SIM_187.root
150202 20:42:52 25957 Xrd: CheckErrorStatus: Server [llrxrd-redir.in2p3.fr:1094] declared: session not found(error code: 3011)
02-Feb-2015 20:42:52 GMT  Successfully opened file root://xrootd.unl.edu//store/group/dpg_trigger/comm_trigger/L1TrackTrigger/620_SLHC10/Extended2023TTI/MinBias/MinBias_TuneZ2star_GEN_SIM_187.root
Building the geometry service
Warning did not find digi
Warning did not find digi
Warning did not find digi
Warning did not find digi
Warning did not find digi in disks
Warning did not find digi in disks
Warning did not find digi in disks
Warning did not find digi in disks
150202 20:48:14 25959 Xrd: XrdClientMessage::ReadRaw: Failed to read header (8 bytes).
150202 20:48:15 13777 Xrd: XrdClientMessage::ReadRaw: Failed to read header (8 bytes).
150202 20:53:45 31062 Xrd: XrdClientMessage::ReadRaw: Failed to read header (8 bytes).
02-Feb-2015 20:59:48 GMT  Closed file root://xrootd.unl.edu//store/group/dpg_trigger/comm_trigger/L1TrackTrigger/620_SLHC10/Extended2023TTI/MinBias/MinBias_TuneZ2star_GEN_SIM_187.root
02-Feb-2015 20:59:48 GMT  Initiating request to open file root://xrootd.unl.edu//store/group/dpg_trigger/comm_trigger/L1TrackTrigger/620_SLHC10/Extended2023TTI/MinBias/MinBias_TuneZ2star_GEN_SIM_155.root
150202 21:00:20 17936 Xrd: CheckErrorStatus: Server [cms-xrd-global.cern.ch:1094] declared: session not found(error code: 3011)
150202 21:00:20 17936 Xrd: CheckErrorStatus: Server [xrootd.ba.infn.it:1094] declared: session not found(error code: 3011)
02-Feb-2015 21:00:20 GMT  Successfully opened file root://xrootd.unl.edu//store/group/dpg_trigger/comm_trigger/L1TrackTrigger/620_SLHC10/Extended2023TTI/MinBias/MinBias_TuneZ2star_GEN_SIM_155.root
150202 21:03:15 25958 Xrd: XrdClientMessage::ReadRaw: Failed to read header (8 bytes).
150202 21:05:15 25960 Xrd: XrdClientMessage::ReadRaw: Failed to read header (8 bytes).
150202 21:05:44 18540 Xrd: XrdClientMessage::ReadRaw: Failed to read header (8 bytes).
02-Feb-2015 21:08:25 GMT  Closed file root://xrootd.unl.edu//store/group/dpg_trigger/comm_trigger/L1TrackTrigger/620_SLHC10/Extended2023TTI/MinBias/MinBias_TuneZ2star_GEN_SIM_155.root
02-Feb-2015 21:08:25 GMT  Initiating request to open file root://xrootd.unl.edu//store/group/dpg_trigger/comm_trigger/L1TrackTrigger/620_SLHC10/Extended2023TTI/MinBias/MinBias_TuneZ2star_GEN_SIM_250.root
150202 21:11:05 29277 Xrd: CheckErrorStatus: Server [cms-xrd-global.cern.ch:1094] declared: session not found(error code: 3011)
150202 21:11:06 29277 Xrd: CheckErrorStatus: Server [llrxrd-redir.in2p3.fr:1094] declared: session not found(error code: 3011)
02-Feb-2015 21:11:06 GMT  Successfully opened file root://xrootd.unl.edu//store/group/dpg_trigger/comm_trigger/L1TrackTrigger/620_SLHC10/Extended2023TTI/MinBias/MinBias_TuneZ2star_GEN_SIM_250.root
150202 21:13:45 18541 Xrd: XrdClientMessage::ReadRaw: Failed to read header (8 bytes).
150202 21:16:15 779 Xrd: XrdClientMessage::ReadRaw: Failed to read header (8 bytes).
150202 21:20:45 18539 Xrd: XrdClientMessage::ReadRaw: Failed to read header (8 bytes).
02-Feb-2015 21:22:37 GMT  Closed file root://xrootd.unl.edu//store/group/dpg_trigger/comm_trigger/L1TrackTrigger/620_SLHC10/Extended2023TTI/MinBias/MinBias_TuneZ2star_GEN_SIM_250.root
02-Feb-2015 21:22:37 GMT  Initiating request to open file root://xrootd.unl.edu//store/group/dpg_trigger/comm_trigger/L1TrackTrigger/620_SLHC10/Extended2023TTI/MinBias/MinBias_TuneZ2star_GEN_SIM_853.root
150202 21:22:37 16015 Xrd: CheckErrorStatus: Server [llrxrd-redir.in2p3.fr:1094] declared: session not found(error code: 3011)
02-Feb-2015 21:22:38 GMT  Successfully opened file root://xrootd.unl.edu//store/group/dpg_trigger/comm_trigger/L1TrackTrigger/620_SLHC10/Extended2023TTI/MinBias/MinBias_TuneZ2star_GEN_SIM_853.root
150202 21:27:45 780 Xrd: XrdClientMessage::ReadRaw: Failed to read header (8 bytes).
150202 21:27:45 16130 Xrd: XrdClientMessage::ReadRaw: Failed to read header (8 bytes).
02-Feb-2015 21:31:03 GMT  Closed file root://xrootd.unl.edu//store/group/dpg_trigger/comm_trigger/L1TrackTrigger/620_SLHC10/Extended2023TTI/MinBias/MinBias_TuneZ2star_GEN_SIM_853.root
02-Feb-2015 21:31:03 GMT  Initiating request to open file root://xrootd.unl.edu//store/group/dpg_trigger/comm_trigger/L1TrackTrigger/620_SLHC10/Extended2023TTI/MinBias/MinBias_TuneZ2star_GEN_SIM_400.root
150202 21:31:34 27611 Xrd: CheckErrorStatus: Server [llrxrd-redir.in2p3.fr:1094] declared: session not found(error code: 3011)
02-Feb-2015 21:31:35 GMT  Successfully opened file root://xrootd.unl.edu//store/group/dpg_trigger/comm_trigger/L1TrackTrigger/620_SLHC10/Extended2023TTI/MinBias/MinBias_TuneZ2star_GEN_SIM_400.root
150202 21:36:15 16131 Xrd: XrdClientMessage::ReadRaw: Failed to read header (8 bytes).
150202 21:36:45 28115 Xrd: XrdClientMessage::ReadRaw: Failed to read header (8 bytes).
02-Feb-2015 21:41:40 GMT  Closed file root://xrootd.unl.edu//store/group/dpg_trigger/comm_trigger/L1TrackTrigger/620_SLHC10/Extended2023TTI/MinBias/MinBias_TuneZ2star_GEN_SIM_400.root
02-Feb-2015 21:41:40 GMT  Initiating request to open file root://xrootd.unl.edu//store/group/dpg_trigger/comm_trigger/L1TrackTrigger/620_SLHC10/Extended2023TTI/MinBias/MinBias_TuneZ2star_GEN_SIM_411.root
150202 21:42:11 9248 Xrd: CheckErrorStatus: Server [llrxrd-redir.in2p3.fr:1094] declared: session not found(error code: 3011)
02-Feb-2015 21:42:11 GMT  Successfully opened file root://xrootd.unl.edu//store/group/dpg_trigger/comm_trigger/L1TrackTrigger/620_SLHC10/Extended2023TTI/MinBias/MinBias_TuneZ2star_GEN_SIM_411.root
150202 21:46:45 28116 Xrd: XrdClientMessage::ReadRaw: Failed to read header (8 bytes).
150202 21:47:15 10092 Xrd: XrdClientMessage::ReadRaw: Failed to read header (8 bytes).
02-Feb-2015 21:50:43 GMT  Closed file root://xrootd.unl.edu//store/group/dpg_trigger/comm_trigger/L1TrackTrigger/620_SLHC10/Extended2023TTI/MinBias/MinBias_TuneZ2star_GEN_SIM_411.root
02-Feb-2015 21:50:43 GMT  Initiating request to open file root://xrootd.unl.edu//store/group/dpg_trigger/comm_trigger/L1TrackTrigger/620_SLHC10/Extended2023TTI/MinBias/MinBias_TuneZ2star_GEN_SIM_427.root
150202 21:51:15 21377 Xrd: CheckErrorStatus: Server [xrootd-redic.pi.infn.it:1094] declared: session not found(error code: 3011)
02-Feb-2015 21:51:15 GMT  Successfully opened file root://xrootd.unl.edu//store/group/dpg_trigger/comm_trigger/L1TrackTrigger/620_SLHC10/Extended2023TTI/MinBias/MinBias_TuneZ2star_GEN_SIM_427.root
150202 21:55:45 10093 Xrd: XrdClientMessage::ReadRaw: Failed to read header (8 bytes).
150202 21:56:44 24552 Xrd: XrdClientMessage::ReadRaw: Failed to read header (8 bytes).
150202 22:02:15 778 Xrd: XrdClientMessage::ReadRaw: Failed to read header (8 bytes).
02-Feb-2015 22:04:42 GMT  Closed file root://xrootd.unl.edu//store/group/dpg_trigger/comm_trigger/L1TrackTrigger/620_SLHC10/Extended2023TTI/MinBias/MinBias_TuneZ2star_GEN_SIM_427.root
02-Feb-2015 22:04:42 GMT  Initiating request to open file root://xrootd.unl.edu//store/group/dpg_trigger/comm_trigger/L1TrackTrigger/620_SLHC10/Extended2023TTI/MinBias/MinBias_TuneZ2star_GEN_SIM_647.root
150202 22:09:44 24712 Xrd: XrdClientMessage::ReadRaw: Failed to read header (8 bytes).
150202 22:10:46 16236 Xrd: CheckErrorStatus: Server [xrootd-redic.pi.infn.it:1094] declared: session not found(error code: 3011)
02-Feb-2015 22:10:46 GMT  Successfully opened file root://xrootd.unl.edu//store/group/dpg_trigger/comm_trigger/L1TrackTrigger/620_SLHC10/Extended2023TTI/MinBias/MinBias_TuneZ2star_GEN_SIM_647.root
02-Feb-2015 22:16:12 GMT  Closed file root://xrootd.unl.edu//store/group/dpg_trigger/comm_trigger/L1TrackTrigger/620_SLHC10/Extended2023TTI/MinBias/MinBias_TuneZ2star_GEN_SIM_647.root
02-Feb-2015 22:16:12 GMT  Initiating request to open file root://xrootd.unl.edu//store/group/dpg_trigger/comm_trigger/L1TrackTrigger/620_SLHC10/Extended2023TTI/MinBias/MinBias_TuneZ2star_GEN_SIM_94.root
150202 22:16:12 22707 Xrd: XrdClientMessage::ReadRaw: Failed to read header (8 bytes).
150202 22:21:15 22708 Xrd: XrdClientMessage::ReadRaw: Failed to read header (8 bytes).
150202 22:24:22 28923 Xrd: CheckErrorStatus: Server [cms-xrd-global.cern.ch:1094] declared: session not found(error code: 3011)
150202 22:24:22 28923 Xrd: CheckErrorStatus: Server [xrootd.ba.infn.it:1094] declared: session not found(error code: 3011)
02-Feb-2015 22:24:23 GMT  Successfully opened file root://xrootd.unl.edu//store/group/dpg_trigger/comm_trigger/L1TrackTrigger/620_SLHC10/Extended2023TTI/MinBias/MinBias_TuneZ2star_GEN_SIM_94.root
150202 22:29:45 4098 Xrd: XrdClientMessage::ReadRaw: Failed to read header (8 bytes).
02-Feb-2015 22:30:00 GMT  Closed file root://xrootd.unl.edu//store/group/dpg_trigger/comm_trigger/L1TrackTrigger/620_SLHC10/Extended2023TTI/MinBias/MinBias_TuneZ2star_GEN_SIM_94.root
02-Feb-2015 22:30:00 GMT  Initiating request to open file root://xrootd.unl.edu//store/group/dpg_trigger/comm_trigger/L1TrackTrigger/620_SLHC10/Extended2023TTI/MinBias/MinBias_TuneZ2star_GEN_SIM_537.root
150202 22:30:01 9087 Xrd: CheckErrorStatus: Server [xrootd-redic.pi.infn.it:1094] declared: session not found(error code: 3011)
02-Feb-2015 22:30:01 GMT  Successfully opened file root://xrootd.unl.edu//store/group/dpg_trigger/comm_trigger/L1TrackTrigger/620_SLHC10/Extended2023TTI/MinBias/MinBias_TuneZ2star_GEN_SIM_537.root
02-Feb-2015 22:34:06 GMT  Closed file root://xrootd.unl.edu//store/group/dpg_trigger/comm_trigger/L1TrackTrigger/620_SLHC10/Extended2023TTI/MinBias/MinBias_TuneZ2star_GEN_SIM_537.root
02-Feb-2015 22:34:06 GMT  Initiating request to open file root://xrootd.unl.edu//store/group/dpg_trigger/comm_trigger/L1TrackTrigger/620_SLHC10/Extended2023TTI/MinBias/MinBias_TuneZ2star_GEN_SIM_533.root
150202 22:34:36 12991 Xrd: CheckErrorStatus: Server [cms-xrd-global.cern.ch:1094] declared: session not found(error code: 3011)
02-Feb-2015 22:34:37 GMT  Successfully opened file root://xrootd.unl.edu//store/group/dpg_trigger/comm_trigger/L1TrackTrigger/620_SLHC10/Extended2023TTI/MinBias/MinBias_TuneZ2star_GEN_SIM_533.root
150202 22:35:15 4099 Xrd: XrdClientMessage::ReadRaw: Failed to read header (8 bytes).
02-Feb-2015 22:37:53 GMT  Closed file root://xrootd.unl.edu//store/group/dpg_trigger/comm_trigger/L1TrackTrigger/620_SLHC10/Extended2023TTI/MinBias/MinBias_TuneZ2star_GEN_SIM_533.root
02-Feb-2015 22:37:53 GMT  Initiating request to open file root://xrootd.unl.edu//store/group/dpg_trigger/comm_trigger/L1TrackTrigger/620_SLHC10/Extended2023TTI/MinBias/MinBias_TuneZ2star_GEN_SIM_435.root
02-Feb-2015 22:38:25 GMT  Successfully opened file root://xrootd.unl.edu//store/group/dpg_trigger/comm_trigger/L1TrackTrigger/620_SLHC10/Extended2023TTI/MinBias/MinBias_TuneZ2star_GEN_SIM_435.root
150202 22:39:15 9089 Xrd: XrdClientMessage::ReadRaw: Failed to read header (8 bytes).
02-Feb-2015 22:42:31 GMT  Closed file root://xrootd.unl.edu//store/group/dpg_trigger/comm_trigger/L1TrackTrigger/620_SLHC10/Extended2023TTI/MinBias/MinBias_TuneZ2star_GEN_SIM_435.root
02-Feb-2015 22:42:31 GMT  Initiating request to open file root://xrootd.unl.edu//store/group/dpg_trigger/comm_trigger/L1TrackTrigger/620_SLHC10/Extended2023TTI/MinBias/MinBias_TuneZ2star_GEN_SIM_364.root
02-Feb-2015 22:43:02 GMT  Successfully opened file root://xrootd.unl.edu//store/group/dpg_trigger/comm_trigger/L1TrackTrigger/620_SLHC10/Extended2023TTI/MinBias/MinBias_TuneZ2star_GEN_SIM_364.root
150202 22:43:02 13412 Xrd: XrdClientMessage::ReadRaw: Failed to read header (8 bytes).
150202 22:44:44 4097 Xrd: XrdClientMessage::ReadRaw: Failed to read header (8 bytes).
02-Feb-2015 22:46:27 GMT  Closed file root://xrootd.unl.edu//store/group/dpg_trigger/comm_trigger/L1TrackTrigger/620_SLHC10/Extended2023TTI/MinBias/MinBias_TuneZ2star_GEN_SIM_364.root
02-Feb-2015 22:46:27 GMT  Initiating request to open file root://xrootd.unl.edu//store/group/dpg_trigger/comm_trigger/L1TrackTrigger/620_SLHC10/Extended2023TTI/MinBias/MinBias_TuneZ2star_GEN_SIM_626.root
02-Feb-2015 22:46:59 GMT  Successfully opened file root://xrootd.unl.edu//store/group/dpg_trigger/comm_trigger/L1TrackTrigger/620_SLHC10/Extended2023TTI/MinBias/MinBias_TuneZ2star_GEN_SIM_626.root
150202 22:47:44 16292 Xrd: XrdClientMessage::ReadRaw: Failed to read header (8 bytes).
02-Feb-2015 22:51:26 GMT  Closed file root://xrootd.unl.edu//store/group/dpg_trigger/comm_trigger/L1TrackTrigger/620_SLHC10/Extended2023TTI/MinBias/MinBias_TuneZ2star_GEN_SIM_626.root
02-Feb-2015 22:51:26 GMT  Initiating request to open file root://xrootd.unl.edu//store/group/dpg_trigger/comm_trigger/L1TrackTrigger/620_SLHC10/Extended2023TTI/MinBias/MinBias_TuneZ2star_GEN_SIM_220.root
150202 22:51:45 19456 Xrd: XrdClientMessage::ReadRaw: Failed to read header (8 bytes).
02-Feb-2015 22:51:57 GMT  Successfully opened file root://xrootd.unl.edu//store/group/dpg_trigger/comm_trigger/L1TrackTrigger/620_SLHC10/Extended2023TTI/MinBias/MinBias_TuneZ2star_GEN_SIM_220.root
150202 22:54:45 13411 Xrd: XrdClientMessage::ReadRaw: Failed to read header (8 bytes).
02-Feb-2015 22:55:06 GMT  Closed file root://xrootd.unl.edu//store/group/dpg_trigger/comm_trigger/L1TrackTrigger/620_SLHC10/Extended2023TTI/MinBias/MinBias_TuneZ2star_GEN_SIM_220.root
02-Feb-2015 22:55:06 GMT  Initiating request to open file root://xrootd.unl.edu//store/group/dpg_trigger/comm_trigger/L1TrackTrigger/620_SLHC10/Extended2023TTI/MinBias/MinBias_TuneZ2star_GEN_SIM_383.root
150202 22:55:37 27229 Xrd: CheckErrorStatus: Server [cms-xrd-global.cern.ch:1094] declared: session not found(error code: 3011)
02-Feb-2015 22:55:38 GMT  Successfully opened file root://xrootd.unl.edu//store/group/dpg_trigger/comm_trigger/L1TrackTrigger/620_SLHC10/Extended2023TTI/MinBias/MinBias_TuneZ2star_GEN_SIM_383.root
150202 22:56:45 22838 Xrd: XrdClientMessage::ReadRaw: Failed to read header (8 bytes).
02-Feb-2015 22:58:10 GMT  Closed file root://xrootd.unl.edu//store/group/dpg_trigger/comm_trigger/L1TrackTrigger/620_SLHC10/Extended2023TTI/MinBias/MinBias_TuneZ2star_GEN_SIM_383.root
02-Feb-2015 22:58:10 GMT  Initiating request to open file root://xrootd.unl.edu//store/group/dpg_trigger/comm_trigger/L1TrackTrigger/620_SLHC10/Extended2023TTI/MinBias/MinBias_TuneZ2star_GEN_SIM_248.root
02-Feb-2015 22:58:42 GMT  Successfully opened file root://xrootd.unl.edu//store/group/dpg_trigger/comm_trigger/L1TrackTrigger/620_SLHC10/Extended2023TTI/MinBias/MinBias_TuneZ2star_GEN_SIM_248.root
150202 23:00:15 25412 Xrd: XrdClientMessage::ReadRaw: Failed to read header (8 bytes).
02-Feb-2015 23:01:20 GMT  Closed file root://xrootd.unl.edu//store/group/dpg_trigger/comm_trigger/L1TrackTrigger/620_SLHC10/Extended2023TTI/MinBias/MinBias_TuneZ2star_GEN_SIM_248.root
02-Feb-2015 23:01:20 GMT  Initiating request to open file root://xrootd.unl.edu//store/group/dpg_trigger/comm_trigger/L1TrackTrigger/620_SLHC10/Extended2023TTI/MinBias/MinBias_TuneZ2star_GEN_SIM_675.root
02-Feb-2015 23:01:21 GMT  Successfully opened file root://xrootd.unl.edu//store/group/dpg_trigger/comm_trigger/L1TrackTrigger/620_SLHC10/Extended2023TTI/MinBias/MinBias_TuneZ2star_GEN_SIM_675.root
150202 23:03:15 27579 Xrd: XrdClientMessage::ReadRaw: Failed to read header (8 bytes).
02-Feb-2015 23:03:35 GMT  Closed file root://xrootd.unl.edu//store/group/dpg_trigger/comm_trigger/L1TrackTrigger/620_SLHC10/Extended2023TTI/MinBias/MinBias_TuneZ2star_GEN_SIM_675.root
02-Feb-2015 23:03:35 GMT  Initiating request to open file root://xrootd.unl.edu//store/group/dpg_trigger/comm_trigger/L1TrackTrigger/620_SLHC10/Extended2023TTI/MinBias/MinBias_TuneZ2star_GEN_SIM_575.root
150202 23:04:04 31601 Xrd: CheckErrorStatus: Server [cms-xrd-global.cern.ch:1094] declared: session not found(error code: 3011)
150202 23:04:05 31601 Xrd: CheckErrorStatus: Server [eoscms.cern.ch:1094] declared: session not found(error code: 3011)
02-Feb-2015 23:04:05 GMT  Successfully opened file root://xrootd.unl.edu//store/group/dpg_trigger/comm_trigger/L1TrackTrigger/620_SLHC10/Extended2023TTI/MinBias/MinBias_TuneZ2star_GEN_SIM_575.root
150202 23:06:45 29151 Xrd: XrdClientMessage::ReadRaw: Failed to read header (8 bytes).
02-Feb-2015 23:08:01 GMT  Closed file root://xrootd.unl.edu//store/group/dpg_trigger/comm_trigger/L1TrackTrigger/620_SLHC10/Extended2023TTI/MinBias/MinBias_TuneZ2star_GEN_SIM_575.root
02-Feb-2015 23:08:01 GMT  Initiating request to open file root://xrootd.unl.edu//store/group/dpg_trigger/comm_trigger/L1TrackTrigger/620_SLHC10/Extended2023TTI/MinBias/MinBias_TuneZ2star_GEN_SIM_965.root
02-Feb-2015 23:08:32 GMT  Successfully opened file root://xrootd.unl.edu//store/group/dpg_trigger/comm_trigger/L1TrackTrigger/620_SLHC10/Extended2023TTI/MinBias/MinBias_TuneZ2star_GEN_SIM_965.root
150202 23:08:44 30555 Xrd: XrdClientMessage::ReadRaw: Failed to read header (8 bytes).
02-Feb-2015 23:10:26 GMT  Closed file root://xrootd.unl.edu//store/group/dpg_trigger/comm_trigger/L1TrackTrigger/620_SLHC10/Extended2023TTI/MinBias/MinBias_TuneZ2star_GEN_SIM_965.root
02-Feb-2015 23:10:26 GMT  Initiating request to open file root://xrootd.unl.edu//store/group/dpg_trigger/comm_trigger/L1TrackTrigger/620_SLHC10/Extended2023TTI/MinBias/MinBias_TuneZ2star_GEN_SIM_547.root
150202 23:10:57 2760 Xrd: CheckErrorStatus: Server [eoscms.cern.ch:1094] declared: session not found(error code: 3011)
02-Feb-2015 23:10:57 GMT  Successfully opened file root://xrootd.unl.edu//store/group/dpg_trigger/comm_trigger/L1TrackTrigger/620_SLHC10/Extended2023TTI/MinBias/MinBias_TuneZ2star_GEN_SIM_547.root
02-Feb-2015 23:11:43 GMT  Closed file root://dcap.pp.rl.ac.uk:1094/pnfs/pp.rl.ac.uk/data/cms/store/user/dcieri/ttbar_SIM/ttbar/ttbar_SIM/150129_145223/0000/step1_284.root
02-Feb-2015 23:11:44 GMT  Closed file root://xrootd.unl.edu//store/group/dpg_trigger/comm_trigger/L1TrackTrigger/620_SLHC10/Extended2023TTI/MinBias/MinBias_TuneZ2star_GEN_SIM_547.root

=============================================

MessageLogger Summary

 type     category        sev    module        subroutine        count    total
 ---- -------------------- -- ---------------- ----------------  -----    -----
    1 fileAction           -s MixingModule:mix                      69       69
    2 fileAction           -s MixingModule:mix                       2        2
    3 fileAction           -s MixingModule:mix                       1        1
    4 fileAction           -s file_close                             1        1
    5 fileAction           -s file_open                              2        2

 type    category    Examples: run/evt        run/evt          run/evt
 ---- -------------------- ---------------- ---------------- ----------------
    1 fileAction           1/2831           1/2831           1/2840
    2 fileAction           pre-events       pre-events       
    3 fileAction           PostEndRun                        
    4 fileAction           PostEndRun                        
    5 fileAction           pre-events       pre-events       

Severity    # Occurrences   Total Occurrences
--------    -------------   -----------------
System                 75                  75
>>> END OF printout of 214 lines from stdout+stderr
>>> Parse FrameworkJobReport crab_fjr.xml
Result of parsing the FrameworkJobReport crab_fjr.xml: 
Extracted ExitStatus from FrameworkJobReport parsing output: 0
>>> Executable succeded  0
ExeExitCode=0
EXECUTABLE_EXIT_STATUS = 0
>>> current directory /scratch/condor/dir_17752/glide_AD5FcN/execute/dir_28302/CMSSW_6_2_0_SLHC12
>>>  (SOFTWARE_DIR): /scratch/condor/dir_17752/glide_AD5FcN/execute/dir_28302/CMSSW_6_2_0_SLHC12
>>> (WORKING_DIR): 
>>> current directory content:
total 234064
drwxr-xr-x 3 cms415 gplcms      4096 Feb  2 20:22 .SCRAM
-rw------- 1 cms415 gplcms    915837 Feb  2 20:22 CMSSW.py.pkl
drwxr-xr-x 3 cms415 gplcms      4096 Feb  2 20:22 bin
drwxr-xr-x 3 cms415 gplcms      4096 Feb  2 20:22 cfipython
drwxr-xr-x 4 cms415 gplcms      4096 Apr 28  2014 config
-rw------- 1 cms415 gplcms        16 Feb  2 23:11 cpu_timing.txt
drwxr-xr-x 2 cms415 gplcms      4096 Feb  2 20:22 doc
-rw------- 1 cms415 gplcms     24167 Feb  2 23:11 executable.out
drwxr-xr-x 2 cms415 gplcms      4096 Feb  2 20:22 include
drwx------ 3 cms415 gplcms      4096 Oct  7 10:12 lib
drwxr-xr-x 3 cms415 gplcms      4096 Feb  2 20:22 logs
drwxr-xr-x 3 cms415 gplcms      4096 Feb  2 20:22 objs
-rw------- 1 cms415 gplcms       104 Feb  2 20:22 pset.py
-rw------- 1 cms415 gplcms    926826 Feb  2 20:22 pset.py.pkl
-rw------- 1 cms415 gplcms       289 Feb  2 20:22 pset.pyc
drwxr-xr-x 2 cms415 gplcms      4096 Feb  2 20:22 python
-rw------- 1 cms415 gplcms       359 Feb  2 23:11 report.log
drwxr-xr-x 2 cms415 gplcms      4096 Feb  2 20:22 src
-rw------- 1 cms415 gplcms 237490608 Feb  2 23:11 step2.root
drwxr-xr-x 3 cms415 gplcms      4096 Feb  2 20:22 test
drwxr-xr-x 3 cms415 gplcms      4096 Feb  2 20:22 tmp
>>> current directory /scratch/condor/dir_17752/glide_AD5FcN/execute/dir_28302/CMSSW_6_2_0_SLHC12
>>> (SOFTWARE_DIR): /scratch/condor/dir_17752/glide_AD5FcN/execute/dir_28302/CMSSW_6_2_0_SLHC12
>>> (WORKING_DIR): 
>>> current directory content:
total 234064
drwxr-xr-x 3 cms415 gplcms      4096 Feb  2 20:22 .SCRAM
-rw------- 1 cms415 gplcms    915837 Feb  2 20:22 CMSSW.py.pkl
drwxr-xr-x 3 cms415 gplcms      4096 Feb  2 20:22 bin
drwxr-xr-x 3 cms415 gplcms      4096 Feb  2 20:22 cfipython
drwxr-xr-x 4 cms415 gplcms      4096 Apr 28  2014 config
-rw------- 1 cms415 gplcms        16 Feb  2 23:11 cpu_timing.txt
drwxr-xr-x 2 cms415 gplcms      4096 Feb  2 20:22 doc
-rw------- 1 cms415 gplcms     24167 Feb  2 23:11 executable.out
drwxr-xr-x 2 cms415 gplcms      4096 Feb  2 20:22 include
drwx------ 3 cms415 gplcms      4096 Oct  7 10:12 lib
drwxr-xr-x 3 cms415 gplcms      4096 Feb  2 20:22 logs
drwxr-xr-x 3 cms415 gplcms      4096 Feb  2 20:22 objs
-rw------- 1 cms415 gplcms       104 Feb  2 20:22 pset.py
-rw------- 1 cms415 gplcms    926826 Feb  2 20:22 pset.py.pkl
-rw------- 1 cms415 gplcms       289 Feb  2 20:22 pset.pyc
drwxr-xr-x 2 cms415 gplcms      4096 Feb  2 20:22 python
-rw------- 1 cms415 gplcms       359 Feb  2 23:11 report.log
drwxr-xr-x 2 cms415 gplcms      4096 Feb  2 20:22 src
-rw------- 1 cms415 gplcms 237490608 Feb  2 23:11 step2_272_1_UV0.root
drwxr-xr-x 3 cms415 gplcms      4096 Feb  2 20:22 test
drwxr-xr-x 3 cms415 gplcms      4096 Feb  2 20:22 tmp
>>> current directory (RUNTIME_AREA):  /scratch/condor/dir_17752/glide_AD5FcN/execute/dir_28302
PNN = T2_UK_SGrid_RALPP
SE = heplnx204.pp.rl.ac.uk
SE_PATH = /srm/managerv2?SFN=/pnfs/pp.rl.ac.uk/data/cms/store/user/dcieri/ttbar_PU140_DIGI/dcieri/ttbar/ttbar_PU140_DIGI/3c0380cf82de79bc39966c93934c61fc/
LFNBaseName = /store/user/dcieri/ttbar_PU140_DIGI/dcieri/ttbar/ttbar_PU140_DIGI/3c0380cf82de79bc39966c93934c61fc/
USER = dcieri
endpoint = srm://heplnx204.pp.rl.ac.uk:8443/srm/managerv2?SFN=/pnfs/pp.rl.ac.uk/data/cms/store/user/dcieri/ttbar_PU140_DIGI/dcieri/ttbar/ttbar_PU140_DIGI/3c0380cf82de79bc39966c93934c61fc/
>>> Copy output files from WN = heplnc352.pp.rl.ac.uk to /srm/managerv2?SFN=/pnfs/pp.rl.ac.uk/data/cms/store/user/dcieri/ttbar_PU140_DIGI/dcieri/ttbar/ttbar_PU140_DIGI/3c0380cf82de79bc39966c93934c61fc/ :
python cmscp.py  --destination srm://heplnx204.pp.rl.ac.uk:8443/srm/managerv2?SFN=/pnfs/pp.rl.ac.uk/data/cms/store/user/dcieri/ttbar_PU140_DIGI/dcieri/ttbar/ttbar_PU140_DIGI/3c0380cf82de79bc39966c93934c61fc/ --inputFileList /scratch/condor/dir_17752/glide_AD5FcN/execute/dir_28302/CMSSW_6_2_0_SLHC12/step2_272_1_UV0.root --middleware LCG --PNN T2_UK_SGrid_RALPP --se_name heplnx204.pp.rl.ac.uk --for_lfn /store/user/dcieri/ttbar_PU140_DIGI/dcieri/ttbar/ttbar_PU140_DIGI/3c0380cf82de79bc39966c93934c61fc/    
******************************************************
localSeName  =  heplnx204.pp.rl.ac.uk
remoteSeName =  heplnx204.pp.rl.ac.uk
******************************************************
{"/scratch/condor/dir_17752/glide_AD5FcN/execute/dir_28302/CMSSW_6_2_0_SLHC12/step2_272_1_UV0.root": {"endpoint": "srm://heplnx204.pp.rl.ac.uk:8443/srm/managerv2?SFN=/pnfs/pp.rl.ac.uk/data/cms/store/user/dcieri/ttbar_PU140_DIGI/dcieri/ttbar/ttbar_PU140_DIGI/3c0380cf82de79bc39966c93934c61fc/", "surl_for_grid": "", "reason": "Copy succedeed with srm-lcg utils", "erCode": "0", "PNN": "T2_UK_SGrid_RALPP", "se_name": "heplnx204.pp.rl.ac.uk", "for_lfn": "/store/user/dcieri/ttbar_PU140_DIGI/dcieri/ttbar/ttbar_PU140_DIGI/3c0380cf82de79bc39966c93934c61fc/"}}/scratch/condor/dir_17752/glide_AD5FcN/execute/dir_28302
-------- cat /scratch/condor/dir_17752/glide_AD5FcN/execute/dir_28302/cmscpReport.sh 
#!/bin/bash
echo "Report for File: /scratch/condor/dir_17752/glide_AD5FcN/execute/dir_28302/CMSSW_6_2_0_SLHC12/step2_272_1_UV0.root"
echo "LFN: /store/user/dcieri/ttbar_PU140_DIGI/dcieri/ttbar/ttbar_PU140_DIGI/3c0380cf82de79bc39966c93934c61fc/step2_272_1_UV0.root"
echo "StorageElement: heplnx204.pp.rl.ac.uk"
echo "StageOutExitStatusReason = 'Copy succedeed with srm-lcg utils'" | tee -a $RUNTIME_AREA/$repo
echo "StageOutSE = heplnx204.pp.rl.ac.uk" >> $RUNTIME_AREA/$repo

export StageOutExitStatus=0
echo "StageOutExitStatus = 0" | tee -a $RUNTIME_AREA/$repo
-------- end of /scratch/condor/dir_17752/glide_AD5FcN/execute/dir_28302/cmscpReport.sh 
Report for File: /scratch/condor/dir_17752/glide_AD5FcN/execute/dir_28302/CMSSW_6_2_0_SLHC12/step2_272_1_UV0.root
LFN: /store/user/dcieri/ttbar_PU140_DIGI/dcieri/ttbar/ttbar_PU140_DIGI/3c0380cf82de79bc39966c93934c61fc/step2_272_1_UV0.root
StorageElement: heplnx204.pp.rl.ac.uk
StageOutExitStatusReason = 'Copy succedeed with srm-lcg utils'
StageOutExitStatus = 0
>>> current dir: /scratch/condor/dir_17752/glide_AD5FcN/execute/dir_28302
>>> current dir content:
total 8820
-rw-------  1 cms415 gplcms    2734 Feb  2 23:12 .SEinteraction.log
-rwx------  1 cms415 gplcms      52 Feb  2 20:20 .chirp_config
-rwx------  1 cms415 gplcms    7823 Feb  2 20:20 .job.ad
-rwx------  1 cms415 gplcms    9788 Feb  2 20:20 .machine.ad
-rw-------  1 cms415 gplcms     105 Feb  2 12:16 CMSSW.py
-rw-------  1 cms415 gplcms  915837 Feb  2 12:16 CMSSW.py.pkl
-rwx------  1 cms415 gplcms   29498 Feb  2 20:21 CMSSW.sh
drwxr-xr-x 15 cms415 gplcms    4096 Feb  2 23:11 CMSSW_6_2_0_SLHC12
-rw-------  1 cms415 gplcms     190 Feb  2 20:22 CacheEnv.sh
-rw-------  1 cms415 gplcms    7291 Nov 19 14:52 DashboardAPI.py
-rw-------  1 cms415 gplcms    6470 Feb  2 20:22 DashboardAPI.pyc
drwx------  2 cms415 gplcms    4096 Feb  2 23:11 IMProv
-rw-------  1 cms415 gplcms    2748 Nov 19 14:52 Logger.py
-rw-------  1 cms415 gplcms    3232 Feb  2 20:22 Logger.pyc
-rw-------  1 cms415 gplcms   24524 Nov 19 14:52 ProcInfo.py
-rw-------  1 cms415 gplcms   22645 Feb  2 20:22 ProcInfo.pyc
drwx------  7 cms415 gplcms    4096 Feb  2 20:22 ProdCommon
drwx------  3 cms415 gplcms    4096 Feb  2 20:22 WMCore
-rw-------  1 cms415 gplcms    8140 Feb  2 23:11 Watchdog_272.log
-rwx------  1 cms415 gplcms       0 Feb  2 20:21 _condor_stderr
-rwx---r--  1 cms415 gplcms   38942 Feb  2 23:12 _condor_stdout
-rw-------  1 cms415 gplcms   32895 Nov 19 14:52 apmon.py
-rw-------  1 cms415 gplcms   27958 Feb  2 20:22 apmon.pyc
-rwx------  1 cms415 gplcms  134309 Feb  2 20:21 arguments.xml
-rwx------  1 cms415 gplcms   38581 Nov 19 14:52 cmscp.py
-rw-------  1 cms415 gplcms     562 Feb  2 23:12 cmscpReport.sh
-rwx------  1 cms415 gplcms   29498 Feb  2 20:21 condor_exec.exe
-rw-------  1 cms415 gplcms     544 Feb  2 12:16 crab.cfg
-rwx------  1 cms415 gplcms    8610 Nov 19 14:52 crabWatchdog.sh
-rwx---r--  1 cms415 gplcms  112098 Feb  2 23:11 crab_fjr_272.xml
-rwx------  1 cms415 gplcms 7390485 Feb  2 20:21 default.tgz
-rwx------  1 cms415 gplcms    4488 Nov 19 14:52 fillCrabFjr.py
-rw-------  1 cms415 gplcms     226 Feb  2 20:22 inputsReport.txt
-rw-------  1 cms415 gplcms     245 Feb  2 23:12 jobreport.txt
-rw-------  1 cms415 gplcms   17352 Nov 19 14:52 parseCrabFjr.py
-rw-------  1 cms415 gplcms     324 Feb  2 20:22 report.log
-rwx--x--x  1 cms415 gplcms    1497 Nov 19 14:52 report.py
-rw-------  1 cms415 gplcms     555 Feb  2 23:12 resultCopyFile
lrwxrwxrwx  1 cms415 gplcms      96 Feb  2 23:11 step2.root -> /scratch/condor/dir_17752/glide_AD5FcN/execute/dir_28302/CMSSW_6_2_0_SLHC12/step2_272_1_UV0.root
-rwx------  1 cms415 gplcms    8351 Nov 19 14:52 writeCfg.py
-rw-------  1 cms415 gplcms   10293 Feb  2 20:20 x509up_u62281
>>> Modify Job Report:
CMSSW_VERSION = CMSSW_6_2_0_SLHC12
ProcessedDataset = ttbar_PU140_DIGI
/scratch/condor/dir_17752/glide_AD5FcN/execute/dir_28302/ProdCommon/FwkJobRep/ModifyJobReport.py fjr /scratch/condor/dir_17752/glide_AD5FcN/execute/dir_28302/crab_fjr_272.xml json /scratch/condor/dir_17752/glide_AD5FcN/execute/dir_28302/resultCopyFile n_job 272_1_UV0 PrimaryDataset ttbar  ApplicationFamily cmsRun ApplicationName cmsRun cmssw_version CMSSW_6_2_0_SLHC12 psethash 3c0380cf82de79bc39966c93934c61fc UserProcessedDataset dcieri-ttbar_PU140_DIGI-3c0380cf82de79bc39966c93934c61fc
inputDict =  {u'/scratch/condor/dir_17752/glide_AD5FcN/execute/dir_28302/CMSSW_6_2_0_SLHC12/step2_272_1_UV0.root': {u'endpoint': u'srm://heplnx204.pp.rl.ac.uk:8443/srm/managerv2?SFN=/pnfs/pp.rl.ac.uk/data/cms/store/user/dcieri/ttbar_PU140_DIGI/dcieri/ttbar/ttbar_PU140_DIGI/3c0380cf82de79bc39966c93934c61fc/', u'surl_for_grid': u'', u'reason': u'Copy succedeed with srm-lcg utils', u'erCode': u'0', u'PNN': u'T2_UK_SGrid_RALPP', u'se_name': u'heplnx204.pp.rl.ac.uk', u'for_lfn': u'/store/user/dcieri/ttbar_PU140_DIGI/dcieri/ttbar/ttbar_PU140_DIGI/3c0380cf82de79bc39966c93934c61fc/'}}
UserProcessedDataset =  dcieri-ttbar_PU140_DIGI-3c0380cf82de79bc39966c93934c61fc
WORKING ON EDM FILE
file_name in inputDict =  /scratch/condor/dir_17752/glide_AD5FcN/execute/dir_28302/CMSSW_6_2_0_SLHC12/step2_272_1_UV0.root
(size) os.stat(filename)[6] =  237490608
checksum =  3709661296
    file =  step2_272_1_UV0.root
    newPfn =  srm://heplnx204.pp.rl.ac.uk:8443/srm/managerv2?SFN=/pnfs/pp.rl.ac.uk/data/cms/store/user/dcieri/ttbar_PU140_DIGI/dcieri/ttbar/ttbar_PU140_DIGI/3c0380cf82de79bc39966c93934c61fc/step2_272_1_UV0.root
    newLfn =  /store/user/dcieri/ttbar_PU140_DIGI/dcieri/ttbar/ttbar_PU140_DIGI/3c0380cf82de79bc39966c93934c61fc/step2_272_1_UV0.root
>>> crab_fjr_*.xml  permission set to 0704
CrabWrapper EXIT_FUNC entered at Mon Feb  2 23:12:37 GMT 2015   -  Mon Feb  2 23:12:37 UTC 2015
Checking output files:  
will tar file crab_fjr_272.xml in  out_files_272
WARNING: output file CMSSW_272.stdout not found!
WARNING: output file CMSSW_272.stderr not found!
WARNING: output file Watchdog_272.log.gz not found!
>>> padding time: Wrapper lasting more than 600 seconds. No sleep required.
STOPPING WATCHDOG. CrabWatchdog PID is 29994
********** LAST 50 LINES OF WATCHDOG LOG
 Feb 02 20:26:03 GMT	30354	813164	1195620	53	42	242	cmsRun -j /scratch/condor/dir_17752/glide_AD5FcN/execute/dir_28302/crab_fjr_272.xml -p pset.py      
 Feb 02 20:27:04 GMT	30354	824196	1213028	53	44	302	cmsRun -j /scratch/condor/dir_17752/glide_AD5FcN/execute/dir_28302/crab_fjr_272.xml -p pset.py      
 Feb 02 20:28:04 GMT	30354	824196	1223524	53	46	362	cmsRun -j /scratch/condor/dir_17752/glide_AD5FcN/execute/dir_28302/crab_fjr_272.xml -p pset.py      
 Feb 02 20:29:04 GMT	30354	824196	1228132	53	48	422	cmsRun -j /scratch/condor/dir_17752/glide_AD5FcN/execute/dir_28302/crab_fjr_272.xml -p pset.py      
 Feb 02 20:30:04 GMT	30354	824196	1229924	53	50	482	cmsRun -j /scratch/condor/dir_17752/glide_AD5FcN/execute/dir_28302/crab_fjr_272.xml -p pset.py      
 Feb 02 20:31:04 GMT	30354	824196	1235044	53	53	543	cmsRun -j /scratch/condor/dir_17752/glide_AD5FcN/execute/dir_28302/crab_fjr_272.xml -p pset.py      
 Feb 02 20:32:05 GMT	30354	824196	1236580	53	55	603	cmsRun -j /scratch/condor/dir_17752/glide_AD5FcN/execute/dir_28302/crab_fjr_272.xml -p pset.py      
 Feb 02 20:33:05 GMT	30354	824196	1237092	53	57	663	cmsRun -j /scratch/condor/dir_17752/glide_AD5FcN/execute/dir_28302/crab_fjr_272.xml -p pset.py      
 Feb 02 20:35:05 GMT	30354	824196	1249128	53	62	784	cmsRun -j /scratch/condor/dir_17752/glide_AD5FcN/execute/dir_28302/crab_fjr_272.xml -p pset.py      
 Feb 02 20:36:06 GMT	30354	824196	1249896	53	64	844	cmsRun -j /scratch/condor/dir_17752/glide_AD5FcN/execute/dir_28302/crab_fjr_272.xml -p pset.py      
 Feb 02 20:37:06 GMT	30354	824196	1260904	53	67	904	cmsRun -j /scratch/condor/dir_17752/glide_AD5FcN/execute/dir_28302/crab_fjr_272.xml -p pset.py      
 Feb 02 20:39:06 GMT	30354	824196	1268584	53	73	1024	cmsRun -j /scratch/condor/dir_17752/glide_AD5FcN/execute/dir_28302/crab_fjr_272.xml -p pset.py      
 Feb 02 20:40:06 GMT	30354	824196	1298536	53	78	1085	cmsRun -j /scratch/condor/dir_17752/glide_AD5FcN/execute/dir_28302/crab_fjr_272.xml -p pset.py      
 Feb 02 20:41:07 GMT	30354	918128	1405544	53	86	1145	cmsRun -j /scratch/condor/dir_17752/glide_AD5FcN/execute/dir_28302/crab_fjr_272.xml -p pset.py      
 Feb 02 20:42:07 GMT	30354	924800	1409384	53	89	1205	cmsRun -j /scratch/condor/dir_17752/glide_AD5FcN/execute/dir_28302/crab_fjr_272.xml -p pset.py      
 Feb 02 20:44:07 GMT	30354	924800	1413744	53	93	1326	cmsRun -j /scratch/condor/dir_17752/glide_AD5FcN/execute/dir_28302/crab_fjr_272.xml -p pset.py      
 Feb 02 20:45:08 GMT	30354	928356	1420656	53	94	1386	cmsRun -j /scratch/condor/dir_17752/glide_AD5FcN/execute/dir_28302/crab_fjr_272.xml -p pset.py      
 Feb 02 20:46:08 GMT	30354	928356	1421936	53	95	1446	cmsRun -j /scratch/condor/dir_17752/glide_AD5FcN/execute/dir_28302/crab_fjr_272.xml -p pset.py      
 Feb 02 20:47:08 GMT	30354	1242676	1722924	53	114	1506	cmsRun -j /scratch/condor/dir_17752/glide_AD5FcN/execute/dir_28302/crab_fjr_272.xml -p pset.py      
 Feb 02 20:47:08 GMT	---	1242676	1722924	54	----	----	----
 Feb 02 20:48:08 GMT	---	1242676	1722924	76	----	----	----
 Feb 02 21:08:13 GMT	30354	1286032	1722924	76	162	2771	cmsRun -j /scratch/condor/dir_17752/glide_AD5FcN/execute/dir_28302/crab_fjr_272.xml -p pset.py      
 Feb 02 21:12:13 GMT	30354	1286032	1729580	76	165	3012	cmsRun -j /scratch/condor/dir_17752/glide_AD5FcN/execute/dir_28302/crab_fjr_272.xml -p pset.py      
# TIME			PID	RSS(KB)	VSZ(KB)	Dsk(MB)	tCPU(s)	tWALL(s)	COMMAND
 Feb 02 21:13:14 GMT	30354	1286032	1731372	76	167	3072	cmsRun -j /scratch/condor/dir_17752/glide_AD5FcN/execute/dir_28302/crab_fjr_272.xml -p pset.py      
 Feb 02 21:14:14 GMT	30354	1286032	1732652	76	170	3133	cmsRun -j /scratch/condor/dir_17752/glide_AD5FcN/execute/dir_28302/crab_fjr_272.xml -p pset.py      
 Feb 02 21:15:15 GMT	30354	1286032	1732908	76	172	3193	cmsRun -j /scratch/condor/dir_17752/glide_AD5FcN/execute/dir_28302/crab_fjr_272.xml -p pset.py      
 Feb 02 21:16:15 GMT	---	1286032	1732908	97	----	----	----
 Feb 02 21:35:19 GMT	30354	1286032	1733420	97	235	4397	cmsRun -j /scratch/condor/dir_17752/glide_AD5FcN/execute/dir_28302/crab_fjr_272.xml -p pset.py      
 Feb 02 21:38:20 GMT	---	1286032	1733420	115	----	----	----
 Feb 02 22:02:25 GMT	30354	1288120	1733420	115	309	6023	cmsRun -j /scratch/condor/dir_17752/glide_AD5FcN/execute/dir_28302/crab_fjr_272.xml -p pset.py      
 Feb 02 22:03:25 GMT	30354	1289584	1733420	115	311	6083	cmsRun -j /scratch/condor/dir_17752/glide_AD5FcN/execute/dir_28302/crab_fjr_272.xml -p pset.py      
 Feb 02 22:04:25 GMT	30354	1369300	1819396	115	320	6144	cmsRun -j /scratch/condor/dir_17752/glide_AD5FcN/execute/dir_28302/crab_fjr_272.xml -p pset.py      
 Feb 02 22:05:26 GMT	---	1369300	1819396	139	----	----	----
 Feb 02 22:29:31 GMT	30354	1369300	1820420	139	379	7649	cmsRun -j /scratch/condor/dir_17752/glide_AD5FcN/execute/dir_28302/crab_fjr_272.xml -p pset.py      
 Feb 02 22:30:31 GMT	30354	1369300	1825028	139	384	7710	cmsRun -j /scratch/condor/dir_17752/glide_AD5FcN/execute/dir_28302/crab_fjr_272.xml -p pset.py      
 Feb 02 22:31:32 GMT	---	1369300	1825028	159	----	----	----
 Feb 02 22:40:34 GMT	---	1369300	1825028	177	----	----	----
 Feb 02 22:47:35 GMT	30354	1369300	1825540	177	503	8733	cmsRun -j /scratch/condor/dir_17752/glide_AD5FcN/execute/dir_28302/crab_fjr_272.xml -p pset.py      
 Feb 02 22:48:35 GMT	30354	1369300	1827844	177	509	8794	cmsRun -j /scratch/condor/dir_17752/glide_AD5FcN/execute/dir_28302/crab_fjr_272.xml -p pset.py      
 Feb 02 22:49:36 GMT	30354	1369300	1850884	177	526	8854	cmsRun -j /scratch/condor/dir_17752/glide_AD5FcN/execute/dir_28302/crab_fjr_272.xml -p pset.py      
 Feb 02 22:49:36 GMT	---	1369300	1850884	198	----	----	----
 Feb 02 22:50:36 GMT	30354	1369300	1853444	198	528	8914	cmsRun -j /scratch/condor/dir_17752/glide_AD5FcN/execute/dir_28302/crab_fjr_272.xml -p pset.py      
 Feb 02 22:54:37 GMT	30354	1369300	1861892	198	549	9155	cmsRun -j /scratch/condor/dir_17752/glide_AD5FcN/execute/dir_28302/crab_fjr_272.xml -p pset.py      
 Feb 02 22:56:37 GMT	30354	1369300	1892100	198	569	9275	cmsRun -j /scratch/condor/dir_17752/glide_AD5FcN/execute/dir_28302/crab_fjr_272.xml -p pset.py      
 Feb 02 22:57:37 GMT	30354	1458304	1970436	198	582	9335	cmsRun -j /scratch/condor/dir_17752/glide_AD5FcN/execute/dir_28302/crab_fjr_272.xml -p pset.py      
 Feb 02 22:58:37 GMT	---	1458304	1970436	218	----	----	----
 Feb 02 23:04:39 GMT	---	1458304	1970436	241	----	----	----
 Feb 02 23:11:41 GMT	30354	1598340	2076428	241	724	10179	cmsRun -j /scratch/condor/dir_17752/glide_AD5FcN/execute/dir_28302/crab_fjr_272.xml -p pset.py      
 Feb 02 23:11:41 GMT	---	1598340	2076428	253	----	----	----
********** WATCHDOG LOG ENDED
ZIPPING WATCHDOG LOG
Disk space used:
du -sh /scratch/condor/dir_17752/glide_AD5FcN/execute/dir_28302
264M	/scratch/condor/dir_17752/glide_AD5FcN/execute/dir_28302
Found unusual stdout, rename for OSB
`/scratch/condor/dir_17752/glide_AD5FcN/execute/dir_28302/_condor_stdout' -> `CMSSW_272.stdout'
Found unusual stderr, rename for OSB
`/scratch/condor/dir_17752/glide_AD5FcN/execute/dir_28302/_condor_stdout' -> `CMSSW_272.stderr'
crab_fjr_272.xml
CMSSW_272.stdout
CMSSW_272.stderr
Watchdog_272.log.gz
Total Output dimension: 23994
WARNING: output files size limit is set to: 50000000
Total Output dimension 23994 is fine.
JOB_EXIT_STATUS = 0
>>> info for dashboard:
***** Cat /scratch/condor/dir_17752/glide_AD5FcN/execute/dir_28302/jobreport.txt *****
MonitorJobID=272_https://submit-6.t2.ucsd.edu//150202//509447.271
MonitorID=dcieri_PU140_4dm08r
ExeTime=10179
ExeExitCode=0
StageOutExitStatusReason = 'Copy succedeed with srm-lcg utils'
StageOutSE = heplnx204.pp.rl.ac.uk
StageOutExitStatus = 0
CrabUserCpuTime=704.27
CrabSysCpuTime=23.49
CrabCpuPercentage=7%
CrabWrapperTime=10238
CrabStageoutTime=48
JobExitCode=0
***** End Cat jobreport *****
Parameters sent to Dashboard.
EXITING at Mon Feb  2 23:12:39 GMT 2015  -  Mon Feb  2 23:12:39 UTC 2015
