This script was generated by crab (version 2.11.1_patch1).
Running /scratch/condor/dir_8724/glide_XtYomZ/execute/dir_25051/condor_exec.exe with 2 positional parameters: 441 1
Today is Mon Feb  2 21:22:44 GMT 2015 - Mon Feb  2 21:22:44 UTC 2015
Job submitted on host heplnc321.pp.rl.ac.uk
Linux heplnc321.pp.rl.ac.uk 2.6.32-504.3.3.el6.x86_64 #1 SMP Tue Dec 16 14:29:22 CST 2014 x86_64 x86_64 x86_64 GNU/Linux
Distributor ID:	Scientific
Description:	Scientific Linux release 6.6 (Carbon)
>>> current directory (RUNTIME_AREA): /scratch/condor/dir_8724/glide_XtYomZ/execute/dir_25051
>>> current user: uid=157415(cms415) gid=157000(gplcms) groups=157000(gplcms)
>>> directory permission set to 0700
>>> umask set to:  u=rwx,g=,o=
>>> stdout stderr permission set to 0704
>>> voms proxy information:
subject   : /DC=ch/DC=cern/OU=Organic Units/OU=Users/CN=dcieri/CN=755391/CN=Davide Cieri/CN=769881070/CN=578308837
issuer    : /DC=ch/DC=cern/OU=Organic Units/OU=Users/CN=dcieri/CN=755391/CN=Davide Cieri/CN=769881070
identity  : /DC=ch/DC=cern/OU=Organic Units/OU=Users/CN=dcieri/CN=755391/CN=Davide Cieri
type      : RFC3820 compliant limited proxy
strength  : 1024
path      : /scratch/condor/dir_8724/glide_XtYomZ/execute/dir_25051/x509up_u62281
timeleft  : 23:58:27
key usage : Digital Signature, Key Encipherment
=== VO cms extension information ===
VO        : cms
subject   : /DC=ch/DC=cern/OU=Organic Units/OU=Users/CN=dcieri/CN=755391/CN=Davide Cieri
issuer    : /DC=ch/DC=cern/OU=computers/CN=lcg-voms2.cern.ch
attribute : /cms/Role=NULL/Capability=NULL
timeleft  : 182:53:40
uri       : lcg-voms2.cern.ch:15002

WNHostName=heplnc321.pp.rl.ac.uk
$_CONDOR_JOB_AD =/scratch/condor/dir_8724/glide_XtYomZ/execute/dir_25051/.job.ad
OverflowFlag=0
>>> tar --no-same-permissions -xf /scratch/condor/dir_8724/glide_XtYomZ/execute/dir_25051/default.tgz :
Successful untar
>>> Include /scratch/condor/dir_8724/glide_XtYomZ/execute/dir_25051 in PYTHONPATH:
strip arguments
env var CRAB_UNIQUE_JOB_ID set to: dcieri_PU140_4dm08r_441_1_CsG
out_files_441
>>> list of expected files on output sandbox
output files: crab_fjr_441.xml CMSSW_441.stdout CMSSW_441.stderr Watchdog_441.log.gz
>>> GridFlavour discovery: 
GridFlavour=LCG
>>> SyncSite discovery: 
SyncSite=T2_UK_SGrid_RALPP
>>> SyncCE discovery: 
getting SyncCE from GLIDEIN_Gaekeeper
SyncCE=heplnv147.pp.rl.ac.uk
>>> info for dashboard:
***** Cat /scratch/condor/dir_8724/glide_XtYomZ/execute/dir_25051/jobreport.txt *****
WNHostName=heplnc321.pp.rl.ac.uk
OverflowFlag=0
MonitorJobID=441_https://submit-6.t2.ucsd.edu//150202//509448.40
SyncGridJobId=https://submit-6.t2.ucsd.edu//150202//509448.40
MonitorID=dcieri_PU140_4dm08r
GridFlavour=LCG
SyncSite=T2_UK_SGrid_RALPP
SyncCE=heplnv147.pp.rl.ac.uk
***** End Cat jobreport *****
Parameters sent to Dashboard.
>>> setup environment
set SCRAM ARCH to slc6_amd64_gcc472
SCRAM_ARCH = slc6_amd64_gcc472
>>> setup CMS LCG environment:
set SCRAM ARCH and BUILD_ARCH to slc6_amd64_gcc472 ###
Sourcing environment... 
sourcing /cvmfs/cms.cern.ch/cmsset_default.sh
==> setup cms environment ok
>>> specific cmssw setup environment:
CMSSW_VERSION =  CMSSW_6_2_0_SLHC12
WARNING: In non-interactive mode release checks e.g. deprecated releases, production architectures are disabled.
>>> current directory (SOFTWARE_DIR): /scratch/condor/dir_8724/glide_XtYomZ/execute/dir_25051/CMSSW_6_2_0_SLHC12
PreserveSeeds: <>
IncrementSeeds:<>
>>> info for dashboard:
***** Cat /scratch/condor/dir_8724/glide_XtYomZ/execute/dir_25051/jobreport.txt *****
MonitorJobID=441_https://submit-6.t2.ucsd.edu//150202//509448.40
MonitorID=dcieri_PU140_4dm08r
***** End Cat jobreport *****
Parameters sent to Dashboard.
crabWatchdog started as process 25269
>>> moving CMSSW software directories in /scratch/condor/dir_8724/glide_XtYomZ/execute/dir_25051/CMSSW_6_2_0_SLHC12
mv: cannot stat `/scratch/condor/dir_8724/glide_XtYomZ/execute/dir_25051/module/': No such file or directory
>>> Include /scratch/condor/dir_8724/glide_XtYomZ/execute/dir_25051 in PYTHONPATH:
PYTHONPATH=/scratch/condor/dir_8724/glide_XtYomZ/execute/dir_25051/:/scratch/condor/dir_8724/glide_XtYomZ/execute/dir_25051/CMSSW_6_2_0_SLHC12/python:/scratch/condor/dir_8724/glide_XtYomZ/execute/dir_25051/CMSSW_6_2_0_SLHC12/lib/slc6_amd64_gcc472:/cvmfs/cms.cern.ch/slc6_amd64_gcc472/cms/cmssw/CMSSW_6_2_0_SLHC12/python:/cvmfs/cms.cern.ch/slc6_amd64_gcc472/cms/cmssw/CMSSW_6_2_0_SLHC12/lib/slc6_amd64_gcc472:/cvmfs/cms.cern.ch/slc6_amd64_gcc472/cms/coral/CORAL_2_3_21-cms35/slc6_amd64_gcc472/python:/cvmfs/cms.cern.ch/slc6_amd64_gcc472/cms/coral/CORAL_2_3_21-cms35/slc6_amd64_gcc472/lib:/cvmfs/cms.cern.ch/slc6_amd64_gcc472/external/python-ldap/2.3.5-cms5/lib/python2.7/site-packages:/cvmfs/cms.cern.ch/slc6_amd64_gcc472/external/pyqt/4.8.1-cms5/lib/python2.7/site-packages:/cvmfs/cms.cern.ch/slc6_amd64_gcc472/external/py2-scipy/0.8.0-cms7/lib/python2.7/site-packages:/cvmfs/cms.cern.ch/slc6_amd64_gcc472/external/py2-matplotlib/1.0.1-cms7/lib/python2.7/site-packages:/cvmfs/cms.cern.ch/slc6_amd64_gcc472/external/sip/4.11.2-cms5/lib/python2.7/site-packages:/cvmfs/cms.cern.ch/slc6_amd64_gcc472/external/py2-pycurl/7.19.0-cms7/lib/python2.7/site-packages:/cvmfs/cms.cern.ch/slc6_amd64_gcc472/external/py2-numpy/1.6.1-cms7/lib/python2.7/site-packages:/cvmfs/cms.cern.ch/slc6_amd64_gcc472/external/py2-lint/0.25.1-cms5/lib/python2.7/site-packages:/cvmfs/cms.cern.ch/slc6_amd64_gcc472/external/py2-ipython/0.10-cms5/lib/python2.7/site-packages:/cvmfs/cms.cern.ch/slc6_amd64_gcc472/external/py2-cx-oracle/5.1-cms5/lib/python2.7/site-packages:/cvmfs/cms.cern.ch/slc6_amd64_gcc472/external/py2-cjson/1.0.5-cms5/lib/python2.7/site-packages:/cvmfs/cms.cern.ch/slc6_amd64_gcc472/cms/das-client/1.11.7/bin:/cvmfs/cms.cern.ch/slc6_amd64_gcc472/external/elementtree/1.2.6-cms5/share/lib/python2.7/site-packages:/cvmfs/cms.cern.ch/slc6_amd64_gcc472/external/rivet/1.8.2-cms9/lib/python2.7/site-packages:/cvmfs/cms.cern.ch/slc6_amd64_gcc472/external/pyminuit2/0.0.1-cms19/lib/python2.7/site-packages:/cvmfs/cms.cern.ch/slc6_amd64_gcc472/external/py2-pygithub/1.23.0-cms2/lib/python2.7/site-packages:/cvmfs/cms.cern.ch/slc6_amd64_gcc472/external/professor/1.0.0-cms19/lib/python2.7/site-packages:/cvmfs/cms.cern.ch/slc6_amd64_gcc472/lcg/root/5.34.07-cms/lib:/cvmfs/cms.cern.ch/slc6_amd64_gcc472/cms/dbs-client/DBS_2_1_9-cms5/lib:/cvmfs/cms.cern.ch/slc6_amd64_gcc472/cms/dbs-client/DBS_2_1_9-cms5/lib/DBSAPI:/cvmfs/cms.cern.ch/slc6_amd64_gcc472/external/cvs2git/5419-cms/lib:/scratch/condor/dir_8724/glide_XtYomZ/execute/dir_25051/
 
# LIMITS USED BY CRAB WATCHDOG:
# RSS  (KBytes)   : 2300000
# VSZ  (KBytes)   : 100000000
# DISK (MBytes)   : 19000
# CPU TIME        : 720h:0m:0s
# WALL CLOCK TIME : 21h:50m:0s
 
3c0380cf82de79bc39966c93934c61fc
PSETHASH = 3c0380cf82de79bc39966c93934c61fc
/scratch/condor/dir_8724/glide_XtYomZ/execute/dir_25051/writeCfg.py pset.py pset.py
Importing .py file
Setting parameters
RandomNumberGeneratorService found, will attempt to change seeds
inputBlocks=/ttbar/dcieri-ttbar_SIM-130075366148575c102f0d64fd3ac8f7/USER#42cb1519-7f11-43e2-ab9a-a013bd5404ac
inputFiles=/store/user/dcieri/ttbar_SIM/ttbar/ttbar_SIM/150129_145223/0000/step1_141.root
parentFiles=
lumisRange=
>>> Executable cmsRun
/cvmfs/cms.cern.ch/slc6_amd64_gcc472/cms/cmssw/CMSSW_6_2_0_SLHC12/bin/slc6_amd64_gcc472/cmsRun
ok executable found
>>> info for dashboard:
***** Cat /scratch/condor/dir_8724/glide_XtYomZ/execute/dir_25051/jobreport.txt *****
MonitorJobID=441_https://submit-6.t2.ucsd.edu//150202//509448.40
MonitorID=dcieri_PU140_4dm08r
ExeStart=cmsRun
***** End Cat jobreport *****
Parameters sent to Dashboard.
>>> cmsRun started at Mon Feb  2 21:22:53 UTC 2015
>>> cmsRun ended at Mon Feb  2 23:23:28 UTC 2015
>>> crab_fjr_*.xml  permission set to 0704
>>> info for dashboard:
***** Cat /scratch/condor/dir_8724/glide_XtYomZ/execute/dir_25051/jobreport.txt *****
MonitorJobID=441_https://submit-6.t2.ucsd.edu//150202//509448.40
MonitorID=dcieri_PU140_4dm08r
ExeEnd=cmsRun
***** End Cat jobreport *****
Parameters sent to Dashboard.
TIME_EXE = 7235 sec
>>> cmsRun wrote 199 lines of stdout+stderr
>>> START OF printout of 199 lines from stdout+stderr
271 DQMStore::DQMStore 
HcalTopologyIdealEP::HcalTopologyIdealEP
02-Feb-2015 21:23:03 GMT  Initiating request to open file root://dcap.pp.rl.ac.uk:1094/pnfs/pp.rl.ac.uk/data/cms/store/user/dcieri/ttbar_SIM/ttbar/ttbar_SIM/150129_145223/0000/step1_141.root
150202 21:23:05 25410 Xrd: CheckErrorStatus: Server [heplnx210.pp.rl.ac.uk:1094] declared: Request 3018 not supported(error code: 3013)
02-Feb-2015 21:23:05 GMT  Successfully opened file root://dcap.pp.rl.ac.uk:1094/pnfs/pp.rl.ac.uk/data/cms/store/user/dcieri/ttbar_SIM/ttbar/ttbar_SIM/150129_145223/0000/step1_141.root
02-Feb-2015 21:23:06 GMT  Initiating request to open file root://xrootd.unl.edu//store/group/dpg_trigger/comm_trigger/L1TrackTrigger/620_SLHC10/Extended2023TTI/MinBias/MinBias_TuneZ2star_GEN_SIM_1.root
02-Feb-2015 21:23:08 GMT  Successfully opened file root://xrootd.unl.edu//store/group/dpg_trigger/comm_trigger/L1TrackTrigger/620_SLHC10/Extended2023TTI/MinBias/MinBias_TuneZ2star_GEN_SIM_1.root
disableME1a = 0
HcalTopologyIdealEP::produce(const IdealGeometryRecord& iRecord)
mode = 2, maxDepthHB = 3, maxDepthHE = 5
RPCGeometryESModule :: produce
RPCGeometryESModule :: produce :: 1/4 Get Muon Ideal Geometry Record
RPCGeometryESModule :: produce :: 2/4 Get Muon DDD Constants
RPCGeometryESModule :: produce :: 3/4 Get Muon Numbering Record
in MuonNumberingInitialization::initializeMuonDDDConstants
about to make my new muonDDDConst_
in MuonNumberingInitialization::produce
RPCGeometryESModule :: produce :: 4/4 Build
Found:

	Barrel Stack layer 5 : 1008 stacks
	Barrel Stack layer 6 : 1320 stacks
	Barrel Stack layer 7 : 1836 stacks
	Barrel Stack layer 8 : 1152 stacks
	Barrel Stack layer 9 : 1488 stacks
	Barrel Stack layer 10 : 1824 stacks

	Endcap Stack disk 11 : 1360 stacks
	Endcap Stack disk 12 : 1360 stacks
	Endcap Stack disk 13 : 1360 stacks
	Endcap Stack disk 14 : 1360 stacks
	Endcap Stack disk 15 : 1360 stacks
Created 15428 stacks in 28 s

TTClusterBuilder< edm::Ref<edm::DetSetVector<PixelDigi>, PixelDigi, edm::refhelper::FindForDetSetVector<PixelDigi> > > loaded modules:
	TTClusterAlgorithm:	TTClusterAlgorithm_2d2013< edm::Ref<edm::DetSetVector<PixelDigi>, PixelDigi, edm::refhelper::FindForDetSetVector<PixelDigi> > >


TTStubBuilder< edm::Ref<edm::DetSetVector<PixelDigi>, PixelDigi, edm::refhelper::FindForDetSetVector<PixelDigi> > > loaded modules:
	TTStubAlgorithm:	TTStubAlgorithm_tab2013< edm::Ref<edm::DetSetVector<PixelDigi>, PixelDigi, edm::refhelper::FindForDetSetVector<PixelDigi> > >


TTClusterAssociator< edm::Ref<edm::DetSetVector<PixelDigi>, PixelDigi, edm::refhelper::FindForDetSetVector<PixelDigi> > > loaded.


TTStubAssociator< edm::Ref<edm::DetSetVector<PixelDigi>, PixelDigi, edm::refhelper::FindForDetSetVector<PixelDigi> > > loaded.


TTTrackAssociator< edm::Ref<edm::DetSetVector<PixelDigi>, PixelDigi, edm::refhelper::FindForDetSetVector<PixelDigi> > > loaded.

Begin processing the 1st record. Run 1, Event 1401, LumiSection 141 at 02-Feb-2015 21:24:06.579 GMT
02-Feb-2015 21:24:19 GMT  Closed file root://xrootd.unl.edu//store/group/dpg_trigger/comm_trigger/L1TrackTrigger/620_SLHC10/Extended2023TTI/MinBias/MinBias_TuneZ2star_GEN_SIM_1.root
02-Feb-2015 21:24:19 GMT  Initiating request to open file root://xrootd.unl.edu//store/group/dpg_trigger/comm_trigger/L1TrackTrigger/620_SLHC10/Extended2023TTI/MinBias/MinBias_TuneZ2star_GEN_SIM_240.root
02-Feb-2015 21:24:51 GMT  Successfully opened file root://xrootd.unl.edu//store/group/dpg_trigger/comm_trigger/L1TrackTrigger/620_SLHC10/Extended2023TTI/MinBias/MinBias_TuneZ2star_GEN_SIM_240.root
150202 21:29:33 25544 Xrd: XrdClientMessage::ReadRaw: Failed to read header (8 bytes).
150202 21:30:03 25542 Xrd: XrdClientMessage::ReadRaw: Failed to read header (8 bytes).
02-Feb-2015 21:32:31 GMT  Closed file root://xrootd.unl.edu//store/group/dpg_trigger/comm_trigger/L1TrackTrigger/620_SLHC10/Extended2023TTI/MinBias/MinBias_TuneZ2star_GEN_SIM_240.root
02-Feb-2015 21:32:31 GMT  Initiating request to open file root://xrootd.unl.edu//store/group/dpg_trigger/comm_trigger/L1TrackTrigger/620_SLHC10/Extended2023TTI/MinBias/MinBias_TuneZ2star_GEN_SIM_974.root
150202 21:33:02 30422 Xrd: CheckErrorStatus: Server [xrootd-redic.pi.infn.it:1094] declared: session not found(error code: 3011)
02-Feb-2015 21:33:02 GMT  Successfully opened file root://xrootd.unl.edu//store/group/dpg_trigger/comm_trigger/L1TrackTrigger/620_SLHC10/Extended2023TTI/MinBias/MinBias_TuneZ2star_GEN_SIM_974.root
150202 21:37:33 26851 Xrd: XrdClientMessage::ReadRaw: Failed to read header (8 bytes).
150202 21:38:03 30772 Xrd: XrdClientMessage::ReadRaw: Failed to read header (8 bytes).
02-Feb-2015 21:41:58 GMT  Closed file root://xrootd.unl.edu//store/group/dpg_trigger/comm_trigger/L1TrackTrigger/620_SLHC10/Extended2023TTI/MinBias/MinBias_TuneZ2star_GEN_SIM_974.root
02-Feb-2015 21:41:58 GMT  Initiating request to open file root://xrootd.unl.edu//store/group/dpg_trigger/comm_trigger/L1TrackTrigger/620_SLHC10/Extended2023TTI/MinBias/MinBias_TuneZ2star_GEN_SIM_776.root
150202 21:42:29 2724 Xrd: CheckErrorStatus: Server [llrxrd-redir.in2p3.fr:1094] declared: session not found(error code: 3011)
02-Feb-2015 21:42:29 GMT  Successfully opened file root://xrootd.unl.edu//store/group/dpg_trigger/comm_trigger/L1TrackTrigger/620_SLHC10/Extended2023TTI/MinBias/MinBias_TuneZ2star_GEN_SIM_776.root
150202 21:43:33 25534 Xrd: XrdClientMessage::ReadRaw: Failed to read header (8 bytes).
150202 21:43:33 25533 Xrd: XrdClientMessage::ReadRaw: Failed to read header (8 bytes).
Building the geometry service
150202 21:45:03 26850 Xrd: XrdClientMessage::ReadRaw: Failed to read header (8 bytes).
Warning did not find digi
Warning did not find digi
Warning did not find digi
Warning did not find digi
Warning did not find digi in disks
Warning did not find digi in disks
Warning did not find digi in disks
Warning did not find digi in disks
150202 21:47:03 30773 Xrd: XrdClientMessage::ReadRaw: Failed to read header (8 bytes).
150202 21:47:34 2956 Xrd: XrdClientMessage::ReadRaw: Failed to read header (8 bytes).
02-Feb-2015 21:51:03 GMT  Closed file root://xrootd.unl.edu//store/group/dpg_trigger/comm_trigger/L1TrackTrigger/620_SLHC10/Extended2023TTI/MinBias/MinBias_TuneZ2star_GEN_SIM_776.root
02-Feb-2015 21:51:03 GMT  Initiating request to open file root://xrootd.unl.edu//store/group/dpg_trigger/comm_trigger/L1TrackTrigger/620_SLHC10/Extended2023TTI/MinBias/MinBias_TuneZ2star_GEN_SIM_687.root
150202 21:51:34 8209 Xrd: CheckErrorStatus: Server [llrxrd-redir.in2p3.fr:1094] declared: session not found(error code: 3011)
02-Feb-2015 21:51:34 GMT  Successfully opened file root://xrootd.unl.edu//store/group/dpg_trigger/comm_trigger/L1TrackTrigger/620_SLHC10/Extended2023TTI/MinBias/MinBias_TuneZ2star_GEN_SIM_687.root
150202 21:53:03 25541 Xrd: XrdClientMessage::ReadRaw: Failed to read header (8 bytes).
150202 21:56:34 2957 Xrd: XrdClientMessage::ReadRaw: Failed to read header (8 bytes).
150202 21:57:04 8460 Xrd: XrdClientMessage::ReadRaw: Failed to read header (8 bytes).
02-Feb-2015 21:58:58 GMT  Closed file root://xrootd.unl.edu//store/group/dpg_trigger/comm_trigger/L1TrackTrigger/620_SLHC10/Extended2023TTI/MinBias/MinBias_TuneZ2star_GEN_SIM_687.root
02-Feb-2015 21:58:58 GMT  Initiating request to open file root://xrootd.unl.edu//store/group/dpg_trigger/comm_trigger/L1TrackTrigger/620_SLHC10/Extended2023TTI/MinBias/MinBias_TuneZ2star_GEN_SIM_867.root
150202 21:59:14 12298 Xrd: CheckErrorStatus: Server [cms-xrd-global.cern.ch:1094] declared: session not found(error code: 3011)
150202 21:59:14 12298 Xrd: CheckErrorStatus: Server [xrootd.ba.infn.it:1094] declared: session not found(error code: 3011)
02-Feb-2015 21:59:14 GMT  Successfully opened file root://xrootd.unl.edu//store/group/dpg_trigger/comm_trigger/L1TrackTrigger/620_SLHC10/Extended2023TTI/MinBias/MinBias_TuneZ2star_GEN_SIM_867.root
150202 22:04:03 8461 Xrd: XrdClientMessage::ReadRaw: Failed to read header (8 bytes).
150202 22:04:34 12417 Xrd: XrdClientMessage::ReadRaw: Failed to read header (8 bytes).
02-Feb-2015 22:04:47 GMT  Closed file root://xrootd.unl.edu//store/group/dpg_trigger/comm_trigger/L1TrackTrigger/620_SLHC10/Extended2023TTI/MinBias/MinBias_TuneZ2star_GEN_SIM_867.root
02-Feb-2015 22:04:47 GMT  Initiating request to open file root://xrootd.unl.edu//store/group/dpg_trigger/comm_trigger/L1TrackTrigger/620_SLHC10/Extended2023TTI/MinBias/MinBias_TuneZ2star_GEN_SIM_448.root
150202 22:10:03 12418 Xrd: XrdClientMessage::ReadRaw: Failed to read header (8 bytes).
150202 22:10:45 15028 Xrd: CheckErrorStatus: Server [llrxrd-redir.in2p3.fr:1094] declared: session not found(error code: 3011)
02-Feb-2015 22:10:46 GMT  Successfully opened file root://xrootd.unl.edu//store/group/dpg_trigger/comm_trigger/L1TrackTrigger/620_SLHC10/Extended2023TTI/MinBias/MinBias_TuneZ2star_GEN_SIM_448.root
150202 22:16:03 17332 Xrd: XrdClientMessage::ReadRaw: Failed to read header (8 bytes).
02-Feb-2015 22:16:19 GMT  Closed file root://xrootd.unl.edu//store/group/dpg_trigger/comm_trigger/L1TrackTrigger/620_SLHC10/Extended2023TTI/MinBias/MinBias_TuneZ2star_GEN_SIM_448.root
02-Feb-2015 22:16:19 GMT  Initiating request to open file root://xrootd.unl.edu//store/group/dpg_trigger/comm_trigger/L1TrackTrigger/620_SLHC10/Extended2023TTI/MinBias/MinBias_TuneZ2star_GEN_SIM_236.root
150202 22:19:33 12416 Xrd: XrdClientMessage::ReadRaw: Failed to read header (8 bytes).
150202 22:21:33 17333 Xrd: XrdClientMessage::ReadRaw: Failed to read header (8 bytes).
150202 22:24:21 19716 Xrd: CheckErrorStatus: Server [cms-xrd-global.cern.ch:1094] declared: session not found(error code: 3011)
150202 22:24:21 19716 Xrd: CheckErrorStatus: Server [xrootd.ba.infn.it:1094] declared: session not found(error code: 3011)
02-Feb-2015 22:24:21 GMT  Successfully opened file root://xrootd.unl.edu//store/group/dpg_trigger/comm_trigger/L1TrackTrigger/620_SLHC10/Extended2023TTI/MinBias/MinBias_TuneZ2star_GEN_SIM_236.root
02-Feb-2015 22:28:50 GMT  Closed file root://xrootd.unl.edu//store/group/dpg_trigger/comm_trigger/L1TrackTrigger/620_SLHC10/Extended2023TTI/MinBias/MinBias_TuneZ2star_GEN_SIM_236.root
02-Feb-2015 22:28:50 GMT  Initiating request to open file root://xrootd.unl.edu//store/group/dpg_trigger/comm_trigger/L1TrackTrigger/620_SLHC10/Extended2023TTI/MinBias/MinBias_TuneZ2star_GEN_SIM_80.root
02-Feb-2015 22:29:21 GMT  Successfully opened file root://xrootd.unl.edu//store/group/dpg_trigger/comm_trigger/L1TrackTrigger/620_SLHC10/Extended2023TTI/MinBias/MinBias_TuneZ2star_GEN_SIM_80.root
02-Feb-2015 22:34:03 GMT  Closed file root://xrootd.unl.edu//store/group/dpg_trigger/comm_trigger/L1TrackTrigger/620_SLHC10/Extended2023TTI/MinBias/MinBias_TuneZ2star_GEN_SIM_80.root
02-Feb-2015 22:34:03 GMT  Initiating request to open file root://xrootd.unl.edu//store/group/dpg_trigger/comm_trigger/L1TrackTrigger/620_SLHC10/Extended2023TTI/MinBias/MinBias_TuneZ2star_GEN_SIM_910.root
150202 22:34:04 28576 Xrd: XrdClientMessage::ReadRaw: Failed to read header (8 bytes).
150202 22:34:32 28575 Xrd: XrdClientMessage::ReadRaw: Failed to read header (8 bytes).
150202 22:34:37 32107 Xrd: CheckErrorStatus: Server [xrootd.ba.infn.it:1094] declared: session not found(error code: 3011)
02-Feb-2015 22:34:38 GMT  Successfully opened file root://xrootd.unl.edu//store/group/dpg_trigger/comm_trigger/L1TrackTrigger/620_SLHC10/Extended2023TTI/MinBias/MinBias_TuneZ2star_GEN_SIM_910.root
02-Feb-2015 22:39:15 GMT  Closed file root://xrootd.unl.edu//store/group/dpg_trigger/comm_trigger/L1TrackTrigger/620_SLHC10/Extended2023TTI/MinBias/MinBias_TuneZ2star_GEN_SIM_910.root
02-Feb-2015 22:39:15 GMT  Initiating request to open file root://xrootd.unl.edu//store/group/dpg_trigger/comm_trigger/L1TrackTrigger/620_SLHC10/Extended2023TTI/MinBias/MinBias_TuneZ2star_GEN_SIM_735.root
02-Feb-2015 22:39:15 GMT  Successfully opened file root://xrootd.unl.edu//store/group/dpg_trigger/comm_trigger/L1TrackTrigger/620_SLHC10/Extended2023TTI/MinBias/MinBias_TuneZ2star_GEN_SIM_735.root
150202 22:39:16 30418 Xrd: XrdClientMessage::ReadRaw: Failed to read header (8 bytes).
02-Feb-2015 22:43:26 GMT  Closed file root://xrootd.unl.edu//store/group/dpg_trigger/comm_trigger/L1TrackTrigger/620_SLHC10/Extended2023TTI/MinBias/MinBias_TuneZ2star_GEN_SIM_735.root
02-Feb-2015 22:43:26 GMT  Initiating request to open file root://xrootd.unl.edu//store/group/dpg_trigger/comm_trigger/L1TrackTrigger/620_SLHC10/Extended2023TTI/MinBias/MinBias_TuneZ2star_GEN_SIM_890.root
02-Feb-2015 22:43:57 GMT  Successfully opened file root://xrootd.unl.edu//store/group/dpg_trigger/comm_trigger/L1TrackTrigger/620_SLHC10/Extended2023TTI/MinBias/MinBias_TuneZ2star_GEN_SIM_890.root
150202 22:44:33 32454 Xrd: XrdClientMessage::ReadRaw: Failed to read header (8 bytes).
02-Feb-2015 22:48:14 GMT  Closed file root://xrootd.unl.edu//store/group/dpg_trigger/comm_trigger/L1TrackTrigger/620_SLHC10/Extended2023TTI/MinBias/MinBias_TuneZ2star_GEN_SIM_890.root
02-Feb-2015 22:48:14 GMT  Initiating request to open file root://xrootd.unl.edu//store/group/dpg_trigger/comm_trigger/L1TrackTrigger/620_SLHC10/Extended2023TTI/MinBias/MinBias_TuneZ2star_GEN_SIM_403.root
150202 22:48:34 1808 Xrd: XrdClientMessage::ReadRaw: Failed to read header (8 bytes).
02-Feb-2015 22:48:46 GMT  Successfully opened file root://xrootd.unl.edu//store/group/dpg_trigger/comm_trigger/L1TrackTrigger/620_SLHC10/Extended2023TTI/MinBias/MinBias_TuneZ2star_GEN_SIM_403.root
02-Feb-2015 22:52:13 GMT  Closed file root://xrootd.unl.edu//store/group/dpg_trigger/comm_trigger/L1TrackTrigger/620_SLHC10/Extended2023TTI/MinBias/MinBias_TuneZ2star_GEN_SIM_403.root
02-Feb-2015 22:52:13 GMT  Initiating request to open file root://xrootd.unl.edu//store/group/dpg_trigger/comm_trigger/L1TrackTrigger/620_SLHC10/Extended2023TTI/MinBias/MinBias_TuneZ2star_GEN_SIM_907.root
02-Feb-2015 22:52:44 GMT  Successfully opened file root://xrootd.unl.edu//store/group/dpg_trigger/comm_trigger/L1TrackTrigger/620_SLHC10/Extended2023TTI/MinBias/MinBias_TuneZ2star_GEN_SIM_907.root
150202 22:53:33 3522 Xrd: XrdClientMessage::ReadRaw: Failed to read header (8 bytes).
02-Feb-2015 22:56:04 GMT  Closed file root://xrootd.unl.edu//store/group/dpg_trigger/comm_trigger/L1TrackTrigger/620_SLHC10/Extended2023TTI/MinBias/MinBias_TuneZ2star_GEN_SIM_907.root
02-Feb-2015 22:56:04 GMT  Initiating request to open file root://xrootd.unl.edu//store/group/dpg_trigger/comm_trigger/L1TrackTrigger/620_SLHC10/Extended2023TTI/MinBias/MinBias_TuneZ2star_GEN_SIM_855.root
02-Feb-2015 22:56:35 GMT  Successfully opened file root://xrootd.unl.edu//store/group/dpg_trigger/comm_trigger/L1TrackTrigger/620_SLHC10/Extended2023TTI/MinBias/MinBias_TuneZ2star_GEN_SIM_855.root
150202 22:57:33 5561 Xrd: XrdClientMessage::ReadRaw: Failed to read header (8 bytes).
02-Feb-2015 22:59:47 GMT  Closed file root://xrootd.unl.edu//store/group/dpg_trigger/comm_trigger/L1TrackTrigger/620_SLHC10/Extended2023TTI/MinBias/MinBias_TuneZ2star_GEN_SIM_855.root
02-Feb-2015 22:59:47 GMT  Initiating request to open file root://xrootd.unl.edu//store/group/dpg_trigger/comm_trigger/L1TrackTrigger/620_SLHC10/Extended2023TTI/MinBias/MinBias_TuneZ2star_GEN_SIM_749.root
02-Feb-2015 23:00:18 GMT  Successfully opened file root://xrootd.unl.edu//store/group/dpg_trigger/comm_trigger/L1TrackTrigger/620_SLHC10/Extended2023TTI/MinBias/MinBias_TuneZ2star_GEN_SIM_749.root
150202 23:01:34 7703 Xrd: XrdClientMessage::ReadRaw: Failed to read header (8 bytes).
02-Feb-2015 23:02:49 GMT  Closed file root://xrootd.unl.edu//store/group/dpg_trigger/comm_trigger/L1TrackTrigger/620_SLHC10/Extended2023TTI/MinBias/MinBias_TuneZ2star_GEN_SIM_749.root
02-Feb-2015 23:02:49 GMT  Initiating request to open file root://xrootd.unl.edu//store/group/dpg_trigger/comm_trigger/L1TrackTrigger/620_SLHC10/Extended2023TTI/MinBias/MinBias_TuneZ2star_GEN_SIM_164.root
02-Feb-2015 23:03:20 GMT  Successfully opened file root://xrootd.unl.edu//store/group/dpg_trigger/comm_trigger/L1TrackTrigger/620_SLHC10/Extended2023TTI/MinBias/MinBias_TuneZ2star_GEN_SIM_164.root
150202 23:04:04 28574 Xrd: XrdClientMessage::ReadRaw: Failed to read header (8 bytes).
150202 23:05:04 9480 Xrd: XrdClientMessage::ReadRaw: Failed to read header (8 bytes).
02-Feb-2015 23:06:03 GMT  Closed file root://xrootd.unl.edu//store/group/dpg_trigger/comm_trigger/L1TrackTrigger/620_SLHC10/Extended2023TTI/MinBias/MinBias_TuneZ2star_GEN_SIM_164.root
02-Feb-2015 23:06:03 GMT  Initiating request to open file root://xrootd.unl.edu//store/group/dpg_trigger/comm_trigger/L1TrackTrigger/620_SLHC10/Extended2023TTI/MinBias/MinBias_TuneZ2star_GEN_SIM_721.root
150202 23:06:34 12777 Xrd: CheckErrorStatus: Server [cms-xrd-global.cern.ch:1094] declared: session not found(error code: 3011)
02-Feb-2015 23:06:34 GMT  Successfully opened file root://xrootd.unl.edu//store/group/dpg_trigger/comm_trigger/L1TrackTrigger/620_SLHC10/Extended2023TTI/MinBias/MinBias_TuneZ2star_GEN_SIM_721.root
02-Feb-2015 23:08:36 GMT  Closed file root://xrootd.unl.edu//store/group/dpg_trigger/comm_trigger/L1TrackTrigger/620_SLHC10/Extended2023TTI/MinBias/MinBias_TuneZ2star_GEN_SIM_721.root
02-Feb-2015 23:08:36 GMT  Initiating request to open file root://xrootd.unl.edu//store/group/dpg_trigger/comm_trigger/L1TrackTrigger/620_SLHC10/Extended2023TTI/MinBias/MinBias_TuneZ2star_GEN_SIM_316.root
150202 23:09:07 13502 Xrd: CheckErrorStatus: Server [cms-xrd-global.cern.ch:1094] declared: session not found(error code: 3011)
02-Feb-2015 23:09:07 GMT  Successfully opened file root://xrootd.unl.edu//store/group/dpg_trigger/comm_trigger/L1TrackTrigger/620_SLHC10/Extended2023TTI/MinBias/MinBias_TuneZ2star_GEN_SIM_316.root
02-Feb-2015 23:11:32 GMT  Closed file root://xrootd.unl.edu//store/group/dpg_trigger/comm_trigger/L1TrackTrigger/620_SLHC10/Extended2023TTI/MinBias/MinBias_TuneZ2star_GEN_SIM_316.root
02-Feb-2015 23:11:32 GMT  Initiating request to open file root://xrootd.unl.edu//store/group/dpg_trigger/comm_trigger/L1TrackTrigger/620_SLHC10/Extended2023TTI/MinBias/MinBias_TuneZ2star_GEN_SIM_189.root
150202 23:11:33 10803 Xrd: XrdClientMessage::ReadRaw: Failed to read header (8 bytes).
02-Feb-2015 23:12:03 GMT  Successfully opened file root://xrootd.unl.edu//store/group/dpg_trigger/comm_trigger/L1TrackTrigger/620_SLHC10/Extended2023TTI/MinBias/MinBias_TuneZ2star_GEN_SIM_189.root
02-Feb-2015 23:14:00 GMT  Closed file root://xrootd.unl.edu//store/group/dpg_trigger/comm_trigger/L1TrackTrigger/620_SLHC10/Extended2023TTI/MinBias/MinBias_TuneZ2star_GEN_SIM_189.root
02-Feb-2015 23:14:00 GMT  Initiating request to open file root://xrootd.unl.edu//store/group/dpg_trigger/comm_trigger/L1TrackTrigger/620_SLHC10/Extended2023TTI/MinBias/MinBias_TuneZ2star_GEN_SIM_979.root
150202 23:14:01 13022 Xrd: XrdClientMessage::ReadRaw: Failed to read header (8 bytes).
02-Feb-2015 23:14:32 GMT  Successfully opened file root://xrootd.unl.edu//store/group/dpg_trigger/comm_trigger/L1TrackTrigger/620_SLHC10/Extended2023TTI/MinBias/MinBias_TuneZ2star_GEN_SIM_979.root
150202 23:16:34 13532 Xrd: XrdClientMessage::ReadRaw: Failed to read header (8 bytes).
02-Feb-2015 23:16:36 GMT  Closed file root://xrootd.unl.edu//store/group/dpg_trigger/comm_trigger/L1TrackTrigger/620_SLHC10/Extended2023TTI/MinBias/MinBias_TuneZ2star_GEN_SIM_979.root
02-Feb-2015 23:16:36 GMT  Initiating request to open file root://xrootd.unl.edu//store/group/dpg_trigger/comm_trigger/L1TrackTrigger/620_SLHC10/Extended2023TTI/MinBias/MinBias_TuneZ2star_GEN_SIM_703.root
02-Feb-2015 23:17:07 GMT  Successfully opened file root://xrootd.unl.edu//store/group/dpg_trigger/comm_trigger/L1TrackTrigger/620_SLHC10/Extended2023TTI/MinBias/MinBias_TuneZ2star_GEN_SIM_703.root
150202 23:19:04 14277 Xrd: XrdClientMessage::ReadRaw: Failed to read header (8 bytes).
02-Feb-2015 23:19:12 GMT  Closed file root://xrootd.unl.edu//store/group/dpg_trigger/comm_trigger/L1TrackTrigger/620_SLHC10/Extended2023TTI/MinBias/MinBias_TuneZ2star_GEN_SIM_703.root
02-Feb-2015 23:19:12 GMT  Initiating request to open file root://xrootd.unl.edu//store/group/dpg_trigger/comm_trigger/L1TrackTrigger/620_SLHC10/Extended2023TTI/MinBias/MinBias_TuneZ2star_GEN_SIM_485.root
02-Feb-2015 23:19:44 GMT  Successfully opened file root://xrootd.unl.edu//store/group/dpg_trigger/comm_trigger/L1TrackTrigger/620_SLHC10/Extended2023TTI/MinBias/MinBias_TuneZ2star_GEN_SIM_485.root
02-Feb-2015 23:21:52 GMT  Closed file root://xrootd.unl.edu//store/group/dpg_trigger/comm_trigger/L1TrackTrigger/620_SLHC10/Extended2023TTI/MinBias/MinBias_TuneZ2star_GEN_SIM_485.root
02-Feb-2015 23:21:52 GMT  Initiating request to open file root://xrootd.unl.edu//store/group/dpg_trigger/comm_trigger/L1TrackTrigger/620_SLHC10/Extended2023TTI/MinBias/MinBias_TuneZ2star_GEN_SIM_694.root
150202 23:21:52 15390 Xrd: XrdClientMessage::ReadRaw: Failed to read header (8 bytes).
02-Feb-2015 23:22:23 GMT  Successfully opened file root://xrootd.unl.edu//store/group/dpg_trigger/comm_trigger/L1TrackTrigger/620_SLHC10/Extended2023TTI/MinBias/MinBias_TuneZ2star_GEN_SIM_694.root
02-Feb-2015 23:23:25 GMT  Closed file root://dcap.pp.rl.ac.uk:1094/pnfs/pp.rl.ac.uk/data/cms/store/user/dcieri/ttbar_SIM/ttbar/ttbar_SIM/150129_145223/0000/step1_141.root
02-Feb-2015 23:23:26 GMT  Closed file root://xrootd.unl.edu//store/group/dpg_trigger/comm_trigger/L1TrackTrigger/620_SLHC10/Extended2023TTI/MinBias/MinBias_TuneZ2star_GEN_SIM_694.root

=============================================

MessageLogger Summary

 type     category        sev    module        subroutine        count    total
 ---- -------------------- -- ---------------- ----------------  -----    -----
    1 fileAction           -s MixingModule:mix                      69       69
    2 fileAction           -s MixingModule:mix                       2        2
    3 fileAction           -s MixingModule:mix                       1        1
    4 fileAction           -s file_close                             1        1
    5 fileAction           -s file_open                              2        2

 type    category    Examples: run/evt        run/evt          run/evt
 ---- -------------------- ---------------- ---------------- ----------------
    1 fileAction           1/1401           1/1401           1/1410
    2 fileAction           pre-events       pre-events       
    3 fileAction           PostEndRun                        
    4 fileAction           PostEndRun                        
    5 fileAction           pre-events       pre-events       

Severity    # Occurrences   Total Occurrences
--------    -------------   -----------------
System                 75                  75
>>> END OF printout of 199 lines from stdout+stderr
>>> Parse FrameworkJobReport crab_fjr.xml
Result of parsing the FrameworkJobReport crab_fjr.xml: 
Extracted ExitStatus from FrameworkJobReport parsing output: 0
>>> Executable succeded  0
ExeExitCode=0
EXECUTABLE_EXIT_STATUS = 0
>>> current directory /scratch/condor/dir_8724/glide_XtYomZ/execute/dir_25051/CMSSW_6_2_0_SLHC12
>>>  (SOFTWARE_DIR): /scratch/condor/dir_8724/glide_XtYomZ/execute/dir_25051/CMSSW_6_2_0_SLHC12
>>> (WORKING_DIR): 
>>> current directory content:
total 252364
drwxr-xr-x 3 cms415 gplcms      4096 Feb  2 21:22 .SCRAM
-rw------- 1 cms415 gplcms    915837 Feb  2 21:22 CMSSW.py.pkl
drwxr-xr-x 3 cms415 gplcms      4096 Feb  2 21:22 bin
drwxr-xr-x 3 cms415 gplcms      4096 Feb  2 21:22 cfipython
drwxr-xr-x 4 cms415 gplcms      4096 Apr 28  2014 config
-rw------- 1 cms415 gplcms        17 Feb  2 23:23 cpu_timing.txt
drwxr-xr-x 2 cms415 gplcms      4096 Feb  2 21:22 doc
-rw------- 1 cms415 gplcms     22554 Feb  2 23:23 executable.out
drwxr-xr-x 2 cms415 gplcms      4096 Feb  2 21:22 include
drwx------ 3 cms415 gplcms      4096 Oct  7 10:12 lib
drwxr-xr-x 3 cms415 gplcms      4096 Feb  2 21:22 logs
drwxr-xr-x 3 cms415 gplcms      4096 Feb  2 21:22 objs
-rw------- 1 cms415 gplcms       104 Feb  2 21:22 pset.py
-rw------- 1 cms415 gplcms    926825 Feb  2 21:22 pset.py.pkl
-rw------- 1 cms415 gplcms       289 Feb  2 21:22 pset.pyc
drwxr-xr-x 2 cms415 gplcms      4096 Feb  2 21:22 python
-rw------- 1 cms415 gplcms       356 Feb  2 23:23 report.log
drwxr-xr-x 2 cms415 gplcms      4096 Feb  2 21:22 src
-rw------- 1 cms415 gplcms 256209111 Feb  2 23:23 step2.root
drwxr-xr-x 3 cms415 gplcms      4096 Feb  2 21:22 test
drwxr-xr-x 3 cms415 gplcms      4096 Feb  2 21:22 tmp
>>> current directory /scratch/condor/dir_8724/glide_XtYomZ/execute/dir_25051/CMSSW_6_2_0_SLHC12
>>> (SOFTWARE_DIR): /scratch/condor/dir_8724/glide_XtYomZ/execute/dir_25051/CMSSW_6_2_0_SLHC12
>>> (WORKING_DIR): 
>>> current directory content:
total 252364
drwxr-xr-x 3 cms415 gplcms      4096 Feb  2 21:22 .SCRAM
-rw------- 1 cms415 gplcms    915837 Feb  2 21:22 CMSSW.py.pkl
drwxr-xr-x 3 cms415 gplcms      4096 Feb  2 21:22 bin
drwxr-xr-x 3 cms415 gplcms      4096 Feb  2 21:22 cfipython
drwxr-xr-x 4 cms415 gplcms      4096 Apr 28  2014 config
-rw------- 1 cms415 gplcms        17 Feb  2 23:23 cpu_timing.txt
drwxr-xr-x 2 cms415 gplcms      4096 Feb  2 21:22 doc
-rw------- 1 cms415 gplcms     22554 Feb  2 23:23 executable.out
drwxr-xr-x 2 cms415 gplcms      4096 Feb  2 21:22 include
drwx------ 3 cms415 gplcms      4096 Oct  7 10:12 lib
drwxr-xr-x 3 cms415 gplcms      4096 Feb  2 21:22 logs
drwxr-xr-x 3 cms415 gplcms      4096 Feb  2 21:22 objs
-rw------- 1 cms415 gplcms       104 Feb  2 21:22 pset.py
-rw------- 1 cms415 gplcms    926825 Feb  2 21:22 pset.py.pkl
-rw------- 1 cms415 gplcms       289 Feb  2 21:22 pset.pyc
drwxr-xr-x 2 cms415 gplcms      4096 Feb  2 21:22 python
-rw------- 1 cms415 gplcms       356 Feb  2 23:23 report.log
drwxr-xr-x 2 cms415 gplcms      4096 Feb  2 21:22 src
-rw------- 1 cms415 gplcms 256209111 Feb  2 23:23 step2_441_1_CsG.root
drwxr-xr-x 3 cms415 gplcms      4096 Feb  2 21:22 test
drwxr-xr-x 3 cms415 gplcms      4096 Feb  2 21:22 tmp
>>> current directory (RUNTIME_AREA):  /scratch/condor/dir_8724/glide_XtYomZ/execute/dir_25051
PNN = T2_UK_SGrid_RALPP
SE = heplnx204.pp.rl.ac.uk
SE_PATH = /srm/managerv2?SFN=/pnfs/pp.rl.ac.uk/data/cms/store/user/dcieri/ttbar_PU140_DIGI/dcieri/ttbar/ttbar_PU140_DIGI/3c0380cf82de79bc39966c93934c61fc/
LFNBaseName = /store/user/dcieri/ttbar_PU140_DIGI/dcieri/ttbar/ttbar_PU140_DIGI/3c0380cf82de79bc39966c93934c61fc/
USER = dcieri
endpoint = srm://heplnx204.pp.rl.ac.uk:8443/srm/managerv2?SFN=/pnfs/pp.rl.ac.uk/data/cms/store/user/dcieri/ttbar_PU140_DIGI/dcieri/ttbar/ttbar_PU140_DIGI/3c0380cf82de79bc39966c93934c61fc/
>>> Copy output files from WN = heplnc321.pp.rl.ac.uk to /srm/managerv2?SFN=/pnfs/pp.rl.ac.uk/data/cms/store/user/dcieri/ttbar_PU140_DIGI/dcieri/ttbar/ttbar_PU140_DIGI/3c0380cf82de79bc39966c93934c61fc/ :
python cmscp.py  --destination srm://heplnx204.pp.rl.ac.uk:8443/srm/managerv2?SFN=/pnfs/pp.rl.ac.uk/data/cms/store/user/dcieri/ttbar_PU140_DIGI/dcieri/ttbar/ttbar_PU140_DIGI/3c0380cf82de79bc39966c93934c61fc/ --inputFileList /scratch/condor/dir_8724/glide_XtYomZ/execute/dir_25051/CMSSW_6_2_0_SLHC12/step2_441_1_CsG.root --middleware LCG --PNN T2_UK_SGrid_RALPP --se_name heplnx204.pp.rl.ac.uk --for_lfn /store/user/dcieri/ttbar_PU140_DIGI/dcieri/ttbar/ttbar_PU140_DIGI/3c0380cf82de79bc39966c93934c61fc/    
******************************************************
localSeName  =  heplnx204.pp.rl.ac.uk
remoteSeName =  heplnx204.pp.rl.ac.uk
******************************************************
{"/scratch/condor/dir_8724/glide_XtYomZ/execute/dir_25051/CMSSW_6_2_0_SLHC12/step2_441_1_CsG.root": {"endpoint": "srm://heplnx204.pp.rl.ac.uk:8443/srm/managerv2?SFN=/pnfs/pp.rl.ac.uk/data/cms/store/user/dcieri/ttbar_PU140_DIGI/dcieri/ttbar/ttbar_PU140_DIGI/3c0380cf82de79bc39966c93934c61fc/", "surl_for_grid": "", "reason": "Copy succedeed with srm-lcg utils", "erCode": "0", "PNN": "T2_UK_SGrid_RALPP", "se_name": "heplnx204.pp.rl.ac.uk", "for_lfn": "/store/user/dcieri/ttbar_PU140_DIGI/dcieri/ttbar/ttbar_PU140_DIGI/3c0380cf82de79bc39966c93934c61fc/"}}/scratch/condor/dir_8724/glide_XtYomZ/execute/dir_25051
-------- cat /scratch/condor/dir_8724/glide_XtYomZ/execute/dir_25051/cmscpReport.sh 
#!/bin/bash
echo "Report for File: /scratch/condor/dir_8724/glide_XtYomZ/execute/dir_25051/CMSSW_6_2_0_SLHC12/step2_441_1_CsG.root"
echo "LFN: /store/user/dcieri/ttbar_PU140_DIGI/dcieri/ttbar/ttbar_PU140_DIGI/3c0380cf82de79bc39966c93934c61fc/step2_441_1_CsG.root"
echo "StorageElement: heplnx204.pp.rl.ac.uk"
echo "StageOutExitStatusReason = 'Copy succedeed with srm-lcg utils'" | tee -a $RUNTIME_AREA/$repo
echo "StageOutSE = heplnx204.pp.rl.ac.uk" >> $RUNTIME_AREA/$repo

export StageOutExitStatus=0
echo "StageOutExitStatus = 0" | tee -a $RUNTIME_AREA/$repo
-------- end of /scratch/condor/dir_8724/glide_XtYomZ/execute/dir_25051/cmscpReport.sh 
Report for File: /scratch/condor/dir_8724/glide_XtYomZ/execute/dir_25051/CMSSW_6_2_0_SLHC12/step2_441_1_CsG.root
LFN: /store/user/dcieri/ttbar_PU140_DIGI/dcieri/ttbar/ttbar_PU140_DIGI/3c0380cf82de79bc39966c93934c61fc/step2_441_1_CsG.root
StorageElement: heplnx204.pp.rl.ac.uk
StageOutExitStatusReason = 'Copy succedeed with srm-lcg utils'
StageOutExitStatus = 0
>>> current dir: /scratch/condor/dir_8724/glide_XtYomZ/execute/dir_25051
>>> current dir content:
total 8824
-rw-------  1 cms415 gplcms    3050 Feb  2 23:24 .SEinteraction.log
-rwx------  1 cms415 gplcms      52 Feb  2 21:22 .chirp_config
-rwx------  1 cms415 gplcms    7811 Feb  2 21:22 .job.ad
-rwx------  1 cms415 gplcms    9739 Feb  2 21:22 .machine.ad
-rw-------  1 cms415 gplcms     105 Feb  2 12:16 CMSSW.py
-rw-------  1 cms415 gplcms  915837 Feb  2 12:16 CMSSW.py.pkl
-rwx------  1 cms415 gplcms   29498 Feb  2 21:22 CMSSW.sh
drwxr-xr-x 15 cms415 gplcms    4096 Feb  2 23:23 CMSSW_6_2_0_SLHC12
-rw-------  1 cms415 gplcms     189 Feb  2 21:22 CacheEnv.sh
-rw-------  1 cms415 gplcms    7291 Nov 19 14:52 DashboardAPI.py
-rw-------  1 cms415 gplcms    6455 Feb  2 21:22 DashboardAPI.pyc
drwx------  2 cms415 gplcms    4096 Feb  2 23:23 IMProv
-rw-------  1 cms415 gplcms    2748 Nov 19 14:52 Logger.py
-rw-------  1 cms415 gplcms    3227 Feb  2 21:22 Logger.pyc
-rw-------  1 cms415 gplcms   24524 Nov 19 14:52 ProcInfo.py
-rw-------  1 cms415 gplcms   22621 Feb  2 21:22 ProcInfo.pyc
drwx------  7 cms415 gplcms    4096 Feb  2 21:22 ProdCommon
drwx------  3 cms415 gplcms    4096 Feb  2 21:22 WMCore
-rw-------  1 cms415 gplcms    9902 Feb  2 23:24 Watchdog_441.log
-rwx------  1 cms415 gplcms       0 Feb  2 21:22 _condor_stderr
-rwx---r--  1 cms415 gplcms   37291 Feb  2 23:24 _condor_stdout
-rw-------  1 cms415 gplcms   32895 Nov 19 14:52 apmon.py
-rw-------  1 cms415 gplcms   27929 Feb  2 21:22 apmon.pyc
-rwx------  1 cms415 gplcms  134309 Feb  2 21:22 arguments.xml
-rwx------  1 cms415 gplcms   38581 Nov 19 14:52 cmscp.py
-rw-------  1 cms415 gplcms     561 Feb  2 23:24 cmscpReport.sh
-rwx------  1 cms415 gplcms   29498 Feb  2 21:22 condor_exec.exe
-rw-------  1 cms415 gplcms     544 Feb  2 12:16 crab.cfg
-rwx------  1 cms415 gplcms    8610 Nov 19 14:52 crabWatchdog.sh
-rwx---r--  1 cms415 gplcms  112085 Feb  2 23:23 crab_fjr_441.xml
-rwx------  1 cms415 gplcms 7390485 Feb  2 21:22 default.tgz
-rwx------  1 cms415 gplcms    4488 Nov 19 14:52 fillCrabFjr.py
-rw-------  1 cms415 gplcms     226 Feb  2 21:22 inputsReport.txt
-rw-------  1 cms415 gplcms     243 Feb  2 23:24 jobreport.txt
-rw-------  1 cms415 gplcms   17352 Nov 19 14:52 parseCrabFjr.py
-rw-------  1 cms415 gplcms     322 Feb  2 21:22 report.log
-rwx--x--x  1 cms415 gplcms    1497 Nov 19 14:52 report.py
-rw-------  1 cms415 gplcms     554 Feb  2 23:24 resultCopyFile
lrwxrwxrwx  1 cms415 gplcms      95 Feb  2 23:23 step2.root -> /scratch/condor/dir_8724/glide_XtYomZ/execute/dir_25051/CMSSW_6_2_0_SLHC12/step2_441_1_CsG.root
-rwx------  1 cms415 gplcms    8351 Nov 19 14:52 writeCfg.py
-rw-------  1 cms415 gplcms   10293 Feb  2 21:22 x509up_u62281
>>> Modify Job Report:
CMSSW_VERSION = CMSSW_6_2_0_SLHC12
ProcessedDataset = ttbar_PU140_DIGI
/scratch/condor/dir_8724/glide_XtYomZ/execute/dir_25051/ProdCommon/FwkJobRep/ModifyJobReport.py fjr /scratch/condor/dir_8724/glide_XtYomZ/execute/dir_25051/crab_fjr_441.xml json /scratch/condor/dir_8724/glide_XtYomZ/execute/dir_25051/resultCopyFile n_job 441_1_CsG PrimaryDataset ttbar  ApplicationFamily cmsRun ApplicationName cmsRun cmssw_version CMSSW_6_2_0_SLHC12 psethash 3c0380cf82de79bc39966c93934c61fc UserProcessedDataset dcieri-ttbar_PU140_DIGI-3c0380cf82de79bc39966c93934c61fc
inputDict =  {u'/scratch/condor/dir_8724/glide_XtYomZ/execute/dir_25051/CMSSW_6_2_0_SLHC12/step2_441_1_CsG.root': {u'endpoint': u'srm://heplnx204.pp.rl.ac.uk:8443/srm/managerv2?SFN=/pnfs/pp.rl.ac.uk/data/cms/store/user/dcieri/ttbar_PU140_DIGI/dcieri/ttbar/ttbar_PU140_DIGI/3c0380cf82de79bc39966c93934c61fc/', u'surl_for_grid': u'', u'reason': u'Copy succedeed with srm-lcg utils', u'erCode': u'0', u'PNN': u'T2_UK_SGrid_RALPP', u'se_name': u'heplnx204.pp.rl.ac.uk', u'for_lfn': u'/store/user/dcieri/ttbar_PU140_DIGI/dcieri/ttbar/ttbar_PU140_DIGI/3c0380cf82de79bc39966c93934c61fc/'}}
UserProcessedDataset =  dcieri-ttbar_PU140_DIGI-3c0380cf82de79bc39966c93934c61fc
WORKING ON EDM FILE
file_name in inputDict =  /scratch/condor/dir_8724/glide_XtYomZ/execute/dir_25051/CMSSW_6_2_0_SLHC12/step2_441_1_CsG.root
(size) os.stat(filename)[6] =  256209111
checksum =  2125612601
    file =  step2_441_1_CsG.root
    newPfn =  srm://heplnx204.pp.rl.ac.uk:8443/srm/managerv2?SFN=/pnfs/pp.rl.ac.uk/data/cms/store/user/dcieri/ttbar_PU140_DIGI/dcieri/ttbar/ttbar_PU140_DIGI/3c0380cf82de79bc39966c93934c61fc/step2_441_1_CsG.root
    newLfn =  /store/user/dcieri/ttbar_PU140_DIGI/dcieri/ttbar/ttbar_PU140_DIGI/3c0380cf82de79bc39966c93934c61fc/step2_441_1_CsG.root
>>> crab_fjr_*.xml  permission set to 0704
CrabWrapper EXIT_FUNC entered at Mon Feb  2 23:24:21 GMT 2015   -  Mon Feb  2 23:24:21 UTC 2015
Checking output files:  
will tar file crab_fjr_441.xml in  out_files_441
WARNING: output file CMSSW_441.stdout not found!
WARNING: output file CMSSW_441.stderr not found!
WARNING: output file Watchdog_441.log.gz not found!
>>> padding time: Wrapper lasting more than 600 seconds. No sleep required.
STOPPING WATCHDOG. CrabWatchdog PID is 25269
********** LAST 50 LINES OF WATCHDOG LOG
 Feb 02 21:41:53 GMT	25410	1071252	1397620	55	114	1144	cmsRun -j /scratch/condor/dir_8724/glide_XtYomZ/execute/dir_25051/crab_fjr_441.xml -p pset.py      
 Feb 02 21:43:54 GMT	25410	1072660	1403000	55	118	1265	cmsRun -j /scratch/condor/dir_8724/glide_XtYomZ/execute/dir_25051/crab_fjr_441.xml -p pset.py      
 Feb 02 21:44:54 GMT	25410	1165916	1522076	55	130	1325	cmsRun -j /scratch/condor/dir_8724/glide_XtYomZ/execute/dir_25051/crab_fjr_441.xml -p pset.py      
 Feb 02 21:45:54 GMT	25410	1175196	1658420	55	153	1385	cmsRun -j /scratch/condor/dir_8724/glide_XtYomZ/execute/dir_25051/crab_fjr_441.xml -p pset.py      
 Feb 02 21:45:54 GMT	---	1175196	1658420	76	----	----	----
 Feb 02 21:46:54 GMT	25410	1176260	1658420	76	154	1446	cmsRun -j /scratch/condor/dir_8724/glide_XtYomZ/execute/dir_25051/crab_fjr_441.xml -p pset.py      
 Feb 02 21:47:55 GMT	25410	1186244	1658420	76	157	1506	cmsRun -j /scratch/condor/dir_8724/glide_XtYomZ/execute/dir_25051/crab_fjr_441.xml -p pset.py      
 Feb 02 21:48:55 GMT	25410	1192500	1658420	76	161	1566	cmsRun -j /scratch/condor/dir_8724/glide_XtYomZ/execute/dir_25051/crab_fjr_441.xml -p pset.py      
 Feb 02 21:49:55 GMT	25410	1194456	1658420	76	164	1626	cmsRun -j /scratch/condor/dir_8724/glide_XtYomZ/execute/dir_25051/crab_fjr_441.xml -p pset.py      
# TIME			PID	RSS(KB)	VSZ(KB)	Dsk(MB)	tCPU(s)	tWALL(s)	COMMAND
 Feb 02 21:50:55 GMT	25410	1195868	1658420	76	167	1686	cmsRun -j /scratch/condor/dir_8724/glide_XtYomZ/execute/dir_25051/crab_fjr_441.xml -p pset.py      
 Feb 02 21:54:56 GMT	25410	1197928	1658420	76	178	1927	cmsRun -j /scratch/condor/dir_8724/glide_XtYomZ/execute/dir_25051/crab_fjr_441.xml -p pset.py      
 Feb 02 21:55:56 GMT	25410	1200308	1658420	76	182	1987	cmsRun -j /scratch/condor/dir_8724/glide_XtYomZ/execute/dir_25051/crab_fjr_441.xml -p pset.py      
 Feb 02 21:56:56 GMT	25410	1202372	1658420	76	186	2048	cmsRun -j /scratch/condor/dir_8724/glide_XtYomZ/execute/dir_25051/crab_fjr_441.xml -p pset.py      
 Feb 02 21:57:57 GMT	25410	1207592	1661748	76	191	2108	cmsRun -j /scratch/condor/dir_8724/glide_XtYomZ/execute/dir_25051/crab_fjr_441.xml -p pset.py      
 Feb 02 21:58:57 GMT	25410	1301948	1665332	76	202	2168	cmsRun -j /scratch/condor/dir_8724/glide_XtYomZ/execute/dir_25051/crab_fjr_441.xml -p pset.py      
 Feb 02 21:59:57 GMT	25410	1320520	1679160	76	205	2228	cmsRun -j /scratch/condor/dir_8724/glide_XtYomZ/execute/dir_25051/crab_fjr_441.xml -p pset.py      
 Feb 02 22:00:57 GMT	25410	1324940	1683256	76	209	2289	cmsRun -j /scratch/condor/dir_8724/glide_XtYomZ/execute/dir_25051/crab_fjr_441.xml -p pset.py      
 Feb 02 22:01:58 GMT	25410	1452080	1803792	76	228	2349	cmsRun -j /scratch/condor/dir_8724/glide_XtYomZ/execute/dir_25051/crab_fjr_441.xml -p pset.py      
 Feb 02 22:01:58 GMT	---	1452080	1803792	88	----	----	----
 Feb 02 22:02:58 GMT	---	1452080	1803792	96	----	----	----
 Feb 02 22:28:03 GMT	25410	1452080	1815312	96	322	3915	cmsRun -j /scratch/condor/dir_8724/glide_XtYomZ/execute/dir_25051/crab_fjr_441.xml -p pset.py      
 Feb 02 22:28:03 GMT	---	1452080	1815312	120	----	----	----
 Feb 02 22:30:04 GMT	25410	1452080	1816848	120	330	4035	cmsRun -j /scratch/condor/dir_8724/glide_XtYomZ/execute/dir_25051/crab_fjr_441.xml -p pset.py      
 Feb 02 22:31:04 GMT	25410	1452080	1817616	120	335	4095	cmsRun -j /scratch/condor/dir_8724/glide_XtYomZ/execute/dir_25051/crab_fjr_441.xml -p pset.py      
 Feb 02 22:32:04 GMT	25410	1452080	1820688	120	340	4155	cmsRun -j /scratch/condor/dir_8724/glide_XtYomZ/execute/dir_25051/crab_fjr_441.xml -p pset.py      
 Feb 02 22:33:04 GMT	25410	1452080	1822480	120	345	4216	cmsRun -j /scratch/condor/dir_8724/glide_XtYomZ/execute/dir_25051/crab_fjr_441.xml -p pset.py      
 Feb 02 22:35:05 GMT	25410	1452080	1830416	120	354	4336	cmsRun -j /scratch/condor/dir_8724/glide_XtYomZ/execute/dir_25051/crab_fjr_441.xml -p pset.py      
 Feb 02 22:36:05 GMT	25410	1452080	1831440	120	361	4396	cmsRun -j /scratch/condor/dir_8724/glide_XtYomZ/execute/dir_25051/crab_fjr_441.xml -p pset.py      
 Feb 02 22:37:05 GMT	25410	1453448	1852176	120	378	4456	cmsRun -j /scratch/condor/dir_8724/glide_XtYomZ/execute/dir_25051/crab_fjr_441.xml -p pset.py      
 Feb 02 22:38:05 GMT	25410	1486924	1857040	120	386	4517	cmsRun -j /scratch/condor/dir_8724/glide_XtYomZ/execute/dir_25051/crab_fjr_441.xml -p pset.py      
 Feb 02 22:39:06 GMT	---	1486924	1857040	145	----	----	----
 Feb 02 22:47:08 GMT	25410	1486924	1866768	145	464	5059	cmsRun -j /scratch/condor/dir_8724/glide_XtYomZ/execute/dir_25051/crab_fjr_441.xml -p pset.py      
 Feb 02 22:48:08 GMT	25410	1486924	1874448	145	476	5120	cmsRun -j /scratch/condor/dir_8724/glide_XtYomZ/execute/dir_25051/crab_fjr_441.xml -p pset.py      
 Feb 02 22:50:09 GMT	---	1486924	1874448	169	----	----	----
 Feb 02 22:54:10 GMT	25410	1486924	1883664	169	533	5481	cmsRun -j /scratch/condor/dir_8724/glide_XtYomZ/execute/dir_25051/crab_fjr_441.xml -p pset.py      
 Feb 02 22:55:11 GMT	25410	1486924	1887504	169	542	5542	cmsRun -j /scratch/condor/dir_8724/glide_XtYomZ/execute/dir_25051/crab_fjr_441.xml -p pset.py      
 Feb 02 22:57:11 GMT	25410	1486924	1910800	169	565	5662	cmsRun -j /scratch/condor/dir_8724/glide_XtYomZ/execute/dir_25051/crab_fjr_441.xml -p pset.py      
 Feb 02 22:58:11 GMT	25410	1647300	1973520	169	586	5722	cmsRun -j /scratch/condor/dir_8724/glide_XtYomZ/execute/dir_25051/crab_fjr_441.xml -p pset.py      
 Feb 02 22:58:11 GMT	---	1647300	1973520	174	----	----	----
# TIME			PID	RSS(KB)	VSZ(KB)	Dsk(MB)	tCPU(s)	tWALL(s)	COMMAND
 Feb 02 22:59:11 GMT	---	1647300	1973520	192	----	----	----
 Feb 02 23:06:13 GMT	---	1647300	1973520	215	----	----	----
 Feb 02 23:11:15 GMT	25410	1702664	2044688	215	760	6506	cmsRun -j /scratch/condor/dir_8724/glide_XtYomZ/execute/dir_25051/crab_fjr_441.xml -p pset.py      
 Feb 02 23:11:15 GMT	---	1702664	2044688	227	----	----	----
 Feb 02 23:12:15 GMT	---	1702664	2044688	238	----	----	----
 Feb 02 23:18:18 GMT	---	1702664	2044688	259	----	----	----
 Feb 02 23:23:20 GMT	25410	1711456	2078992	259	930	7231	cmsRun -j /scratch/condor/dir_8724/glide_XtYomZ/execute/dir_25051/crab_fjr_441.xml -p pset.py      
 Feb 02 23:23:20 GMT	---	1711456	2078992	264	----	----	----
 Feb 02 23:24:20 GMT	---	1711456	2078992	282	----	----	----
********** WATCHDOG LOG ENDED
ZIPPING WATCHDOG LOG
Disk space used:
du -sh /scratch/condor/dir_8724/glide_XtYomZ/execute/dir_25051
282M	/scratch/condor/dir_8724/glide_XtYomZ/execute/dir_25051
Found unusual stdout, rename for OSB
`/scratch/condor/dir_8724/glide_XtYomZ/execute/dir_25051/_condor_stdout' -> `CMSSW_441.stdout'
Found unusual stderr, rename for OSB
`/scratch/condor/dir_8724/glide_XtYomZ/execute/dir_25051/_condor_stdout' -> `CMSSW_441.stderr'
crab_fjr_441.xml
CMSSW_441.stdout
CMSSW_441.stderr
Watchdog_441.log.gz
Total Output dimension: 23875
WARNING: output files size limit is set to: 50000000
Total Output dimension 23875 is fine.
JOB_EXIT_STATUS = 0
>>> info for dashboard:
***** Cat /scratch/condor/dir_8724/glide_XtYomZ/execute/dir_25051/jobreport.txt *****
MonitorJobID=441_https://submit-6.t2.ucsd.edu//150202//509448.40
MonitorID=dcieri_PU140_4dm08r
ExeTime=7235
ExeExitCode=0
StageOutExitStatusReason = 'Copy succedeed with srm-lcg utils'
StageOutSE = heplnx204.pp.rl.ac.uk
StageOutExitStatus = 0
CrabUserCpuTime=912.23
CrabSysCpuTime=25.61
CrabCpuPercentage=12%
CrabWrapperTime=7296
CrabStageoutTime=49
JobExitCode=0
***** End Cat jobreport *****
Parameters sent to Dashboard.
EXITING at Mon Feb  2 23:24:24 GMT 2015  -  Mon Feb  2 23:24:24 UTC 2015
