This script was generated by crab (version 2.11.1_patch1).
Running /scratch/condor/dir_15957/glide_VoV9nl/execute/dir_31785/condor_exec.exe with 2 positional parameters: 45 1
Today is Mon Feb  2 19:10:10 GMT 2015 - Mon Feb  2 19:10:10 UTC 2015
Job submitted on host heplnc017.pp.rl.ac.uk
Linux heplnc017.pp.rl.ac.uk 2.6.32-504.3.3.el6.x86_64 #1 SMP Tue Dec 16 14:29:22 CST 2014 x86_64 x86_64 x86_64 GNU/Linux
Distributor ID:	Scientific
Description:	Scientific Linux release 6.6 (Carbon)
>>> current directory (RUNTIME_AREA): /scratch/condor/dir_15957/glide_VoV9nl/execute/dir_31785
>>> current user: uid=157415(cms415) gid=157000(gplcms) groups=157000(gplcms)
>>> directory permission set to 0700
>>> umask set to:  u=rwx,g=,o=
>>> stdout stderr permission set to 0704
>>> voms proxy information:
subject   : /DC=ch/DC=cern/OU=Organic Units/OU=Users/CN=dcieri/CN=755391/CN=Davide Cieri/CN=769881070/CN=959951694
issuer    : /DC=ch/DC=cern/OU=Organic Units/OU=Users/CN=dcieri/CN=755391/CN=Davide Cieri/CN=769881070
identity  : /DC=ch/DC=cern/OU=Organic Units/OU=Users/CN=dcieri/CN=755391/CN=Davide Cieri
type      : RFC3820 compliant limited proxy
strength  : 1024
path      : /scratch/condor/dir_15957/glide_VoV9nl/execute/dir_31785/x509up_u62281
timeleft  : 23:58:34
key usage : Digital Signature, Key Encipherment
=== VO cms extension information ===
VO        : cms
subject   : /DC=ch/DC=cern/OU=Organic Units/OU=Users/CN=dcieri/CN=755391/CN=Davide Cieri
issuer    : /DC=ch/DC=cern/OU=computers/CN=lcg-voms2.cern.ch
attribute : /cms/Role=NULL/Capability=NULL
timeleft  : 185:06:14
uri       : lcg-voms2.cern.ch:15002

WNHostName=heplnc017.pp.rl.ac.uk
$_CONDOR_JOB_AD =/scratch/condor/dir_15957/glide_VoV9nl/execute/dir_31785/.job.ad
OverflowFlag=0
>>> tar --no-same-permissions -xf /scratch/condor/dir_15957/glide_VoV9nl/execute/dir_31785/default.tgz :
Successful untar
>>> Include /scratch/condor/dir_15957/glide_VoV9nl/execute/dir_31785 in PYTHONPATH:
strip arguments
env var CRAB_UNIQUE_JOB_ID set to: dcieri_PU140_4dm08r_45_1_xUc
out_files_45
>>> list of expected files on output sandbox
output files: crab_fjr_45.xml CMSSW_45.stdout CMSSW_45.stderr Watchdog_45.log.gz
>>> GridFlavour discovery: 
GridFlavour=LCG
>>> SyncSite discovery: 
SyncSite=T2_UK_SGrid_RALPP
>>> SyncCE discovery: 
getting SyncCE from GLIDEIN_Gaekeeper
SyncCE=heplnv146.pp.rl.ac.uk
>>> info for dashboard:
***** Cat /scratch/condor/dir_15957/glide_VoV9nl/execute/dir_31785/jobreport.txt *****
WNHostName=heplnc017.pp.rl.ac.uk
OverflowFlag=0
MonitorJobID=45_https://submit-6.t2.ucsd.edu//150202//509447.44
SyncGridJobId=https://submit-6.t2.ucsd.edu//150202//509447.44
MonitorID=dcieri_PU140_4dm08r
GridFlavour=LCG
SyncSite=T2_UK_SGrid_RALPP
SyncCE=heplnv146.pp.rl.ac.uk
***** End Cat jobreport *****
Parameters sent to Dashboard.
>>> setup environment
set SCRAM ARCH to slc6_amd64_gcc472
SCRAM_ARCH = slc6_amd64_gcc472
>>> setup CMS LCG environment:
set SCRAM ARCH and BUILD_ARCH to slc6_amd64_gcc472 ###
Sourcing environment... 
sourcing /cvmfs/cms.cern.ch/cmsset_default.sh
==> setup cms environment ok
>>> specific cmssw setup environment:
CMSSW_VERSION =  CMSSW_6_2_0_SLHC12
WARNING: In non-interactive mode release checks e.g. deprecated releases, production architectures are disabled.
>>> current directory (SOFTWARE_DIR): /scratch/condor/dir_15957/glide_VoV9nl/execute/dir_31785/CMSSW_6_2_0_SLHC12
PreserveSeeds: <>
IncrementSeeds:<>
>>> info for dashboard:
***** Cat /scratch/condor/dir_15957/glide_VoV9nl/execute/dir_31785/jobreport.txt *****
MonitorJobID=45_https://submit-6.t2.ucsd.edu//150202//509447.44
MonitorID=dcieri_PU140_4dm08r
***** End Cat jobreport *****
Parameters sent to Dashboard.
crabWatchdog started as process 1633
>>> moving CMSSW software directories in /scratch/condor/dir_15957/glide_VoV9nl/execute/dir_31785/CMSSW_6_2_0_SLHC12
mv: cannot stat `/scratch/condor/dir_15957/glide_VoV9nl/execute/dir_31785/module/': No such file or directory
>>> Include /scratch/condor/dir_15957/glide_VoV9nl/execute/dir_31785 in PYTHONPATH:
PYTHONPATH=/scratch/condor/dir_15957/glide_VoV9nl/execute/dir_31785/:/scratch/condor/dir_15957/glide_VoV9nl/execute/dir_31785/CMSSW_6_2_0_SLHC12/python:/scratch/condor/dir_15957/glide_VoV9nl/execute/dir_31785/CMSSW_6_2_0_SLHC12/lib/slc6_amd64_gcc472:/cvmfs/cms.cern.ch/slc6_amd64_gcc472/cms/cmssw/CMSSW_6_2_0_SLHC12/python:/cvmfs/cms.cern.ch/slc6_amd64_gcc472/cms/cmssw/CMSSW_6_2_0_SLHC12/lib/slc6_amd64_gcc472:/cvmfs/cms.cern.ch/slc6_amd64_gcc472/cms/coral/CORAL_2_3_21-cms35/slc6_amd64_gcc472/python:/cvmfs/cms.cern.ch/slc6_amd64_gcc472/cms/coral/CORAL_2_3_21-cms35/slc6_amd64_gcc472/lib:/cvmfs/cms.cern.ch/slc6_amd64_gcc472/external/python-ldap/2.3.5-cms5/lib/python2.7/site-packages:/cvmfs/cms.cern.ch/slc6_amd64_gcc472/external/pyqt/4.8.1-cms5/lib/python2.7/site-packages:/cvmfs/cms.cern.ch/slc6_amd64_gcc472/external/py2-scipy/0.8.0-cms7/lib/python2.7/site-packages:/cvmfs/cms.cern.ch/slc6_amd64_gcc472/external/py2-matplotlib/1.0.1-cms7/lib/python2.7/site-packages:/cvmfs/cms.cern.ch/slc6_amd64_gcc472/external/sip/4.11.2-cms5/lib/python2.7/site-packages:/cvmfs/cms.cern.ch/slc6_amd64_gcc472/external/py2-pycurl/7.19.0-cms7/lib/python2.7/site-packages:/cvmfs/cms.cern.ch/slc6_amd64_gcc472/external/py2-numpy/1.6.1-cms7/lib/python2.7/site-packages:/cvmfs/cms.cern.ch/slc6_amd64_gcc472/external/py2-lint/0.25.1-cms5/lib/python2.7/site-packages:/cvmfs/cms.cern.ch/slc6_amd64_gcc472/external/py2-ipython/0.10-cms5/lib/python2.7/site-packages:/cvmfs/cms.cern.ch/slc6_amd64_gcc472/external/py2-cx-oracle/5.1-cms5/lib/python2.7/site-packages:/cvmfs/cms.cern.ch/slc6_amd64_gcc472/external/py2-cjson/1.0.5-cms5/lib/python2.7/site-packages:/cvmfs/cms.cern.ch/slc6_amd64_gcc472/cms/das-client/1.11.7/bin:/cvmfs/cms.cern.ch/slc6_amd64_gcc472/external/elementtree/1.2.6-cms5/share/lib/python2.7/site-packages:/cvmfs/cms.cern.ch/slc6_amd64_gcc472/external/rivet/1.8.2-cms9/lib/python2.7/site-packages:/cvmfs/cms.cern.ch/slc6_amd64_gcc472/external/pyminuit2/0.0.1-cms19/lib/python2.7/site-packages:/cvmfs/cms.cern.ch/slc6_amd64_gcc472/external/py2-pygithub/1.23.0-cms2/lib/python2.7/site-packages:/cvmfs/cms.cern.ch/slc6_amd64_gcc472/external/professor/1.0.0-cms19/lib/python2.7/site-packages:/cvmfs/cms.cern.ch/slc6_amd64_gcc472/lcg/root/5.34.07-cms/lib:/cvmfs/cms.cern.ch/slc6_amd64_gcc472/cms/dbs-client/DBS_2_1_9-cms5/lib:/cvmfs/cms.cern.ch/slc6_amd64_gcc472/cms/dbs-client/DBS_2_1_9-cms5/lib/DBSAPI:/cvmfs/cms.cern.ch/slc6_amd64_gcc472/external/cvs2git/5419-cms/lib:/scratch/condor/dir_15957/glide_VoV9nl/execute/dir_31785/
 
# LIMITS USED BY CRAB WATCHDOG:
# RSS  (KBytes)   : 2300000
# VSZ  (KBytes)   : 100000000
# DISK (MBytes)   : 19000
# CPU TIME        : 720h:0m:0s
# WALL CLOCK TIME : 21h:50m:0s
 
3c0380cf82de79bc39966c93934c61fc
PSETHASH = 3c0380cf82de79bc39966c93934c61fc
/scratch/condor/dir_15957/glide_VoV9nl/execute/dir_31785/writeCfg.py pset.py pset.py
Importing .py file
Setting parameters
RandomNumberGeneratorService found, will attempt to change seeds
inputBlocks=/ttbar/dcieri-ttbar_SIM-130075366148575c102f0d64fd3ac8f7/USER#61fb3af0-2cd9-4c22-a912-0e1a7ef51606
inputFiles=/store/user/dcieri/ttbar_SIM/ttbar/ttbar_SIM/150129_145223/0000/step1_41.root
parentFiles=
lumisRange=
>>> Executable cmsRun
/cvmfs/cms.cern.ch/slc6_amd64_gcc472/cms/cmssw/CMSSW_6_2_0_SLHC12/bin/slc6_amd64_gcc472/cmsRun
ok executable found
>>> info for dashboard:
***** Cat /scratch/condor/dir_15957/glide_VoV9nl/execute/dir_31785/jobreport.txt *****
MonitorJobID=45_https://submit-6.t2.ucsd.edu//150202//509447.44
MonitorID=dcieri_PU140_4dm08r
ExeStart=cmsRun
***** End Cat jobreport *****
Parameters sent to Dashboard.
>>> cmsRun started at Mon Feb  2 19:10:19 UTC 2015
>>> cmsRun ended at Mon Feb  2 22:47:16 UTC 2015
>>> crab_fjr_*.xml  permission set to 0704
>>> info for dashboard:
***** Cat /scratch/condor/dir_15957/glide_VoV9nl/execute/dir_31785/jobreport.txt *****
MonitorJobID=45_https://submit-6.t2.ucsd.edu//150202//509447.44
MonitorID=dcieri_PU140_4dm08r
ExeEnd=cmsRun
***** End Cat jobreport *****
Parameters sent to Dashboard.
TIME_EXE = 13017 sec
>>> cmsRun wrote 237 lines of stdout+stderr
>>> START OF printout of 237 lines from stdout+stderr
271 DQMStore::DQMStore 
HcalTopologyIdealEP::HcalTopologyIdealEP
02-Feb-2015 19:10:28 GMT  Initiating request to open file root://dcap.pp.rl.ac.uk:1094/pnfs/pp.rl.ac.uk/data/cms/store/user/dcieri/ttbar_SIM/ttbar/ttbar_SIM/150129_145223/0000/step1_41.root
150202 19:10:30 2025 Xrd: CheckErrorStatus: Server [heplnx209.pp.rl.ac.uk:1094] declared: Request 3018 not supported(error code: 3013)
02-Feb-2015 19:10:30 GMT  Successfully opened file root://dcap.pp.rl.ac.uk:1094/pnfs/pp.rl.ac.uk/data/cms/store/user/dcieri/ttbar_SIM/ttbar/ttbar_SIM/150129_145223/0000/step1_41.root
02-Feb-2015 19:10:31 GMT  Initiating request to open file root://xrootd.unl.edu//store/group/dpg_trigger/comm_trigger/L1TrackTrigger/620_SLHC10/Extended2023TTI/MinBias/MinBias_TuneZ2star_GEN_SIM_1.root
02-Feb-2015 19:10:39 GMT  Successfully opened file root://xrootd.unl.edu//store/group/dpg_trigger/comm_trigger/L1TrackTrigger/620_SLHC10/Extended2023TTI/MinBias/MinBias_TuneZ2star_GEN_SIM_1.root
disableME1a = 0
HcalTopologyIdealEP::produce(const IdealGeometryRecord& iRecord)
mode = 2, maxDepthHB = 3, maxDepthHE = 5
RPCGeometryESModule :: produce
RPCGeometryESModule :: produce :: 1/4 Get Muon Ideal Geometry Record
RPCGeometryESModule :: produce :: 2/4 Get Muon DDD Constants
RPCGeometryESModule :: produce :: 3/4 Get Muon Numbering Record
in MuonNumberingInitialization::initializeMuonDDDConstants
about to make my new muonDDDConst_
in MuonNumberingInitialization::produce
RPCGeometryESModule :: produce :: 4/4 Build
Found:

	Barrel Stack layer 5 : 1008 stacks
	Barrel Stack layer 6 : 1320 stacks
	Barrel Stack layer 7 : 1836 stacks
	Barrel Stack layer 8 : 1152 stacks
	Barrel Stack layer 9 : 1488 stacks
	Barrel Stack layer 10 : 1824 stacks

	Endcap Stack disk 11 : 1360 stacks
	Endcap Stack disk 12 : 1360 stacks
	Endcap Stack disk 13 : 1360 stacks
	Endcap Stack disk 14 : 1360 stacks
	Endcap Stack disk 15 : 1360 stacks
Created 15428 stacks in 16 s

TTClusterBuilder< edm::Ref<edm::DetSetVector<PixelDigi>, PixelDigi, edm::refhelper::FindForDetSetVector<PixelDigi> > > loaded modules:
	TTClusterAlgorithm:	TTClusterAlgorithm_2d2013< edm::Ref<edm::DetSetVector<PixelDigi>, PixelDigi, edm::refhelper::FindForDetSetVector<PixelDigi> > >


TTStubBuilder< edm::Ref<edm::DetSetVector<PixelDigi>, PixelDigi, edm::refhelper::FindForDetSetVector<PixelDigi> > > loaded modules:
	TTStubAlgorithm:	TTStubAlgorithm_tab2013< edm::Ref<edm::DetSetVector<PixelDigi>, PixelDigi, edm::refhelper::FindForDetSetVector<PixelDigi> > >


TTClusterAssociator< edm::Ref<edm::DetSetVector<PixelDigi>, PixelDigi, edm::refhelper::FindForDetSetVector<PixelDigi> > > loaded.


TTStubAssociator< edm::Ref<edm::DetSetVector<PixelDigi>, PixelDigi, edm::refhelper::FindForDetSetVector<PixelDigi> > > loaded.


TTTrackAssociator< edm::Ref<edm::DetSetVector<PixelDigi>, PixelDigi, edm::refhelper::FindForDetSetVector<PixelDigi> > > loaded.

Begin processing the 1st record. Run 1, Event 401, LumiSection 41 at 02-Feb-2015 19:11:13.733 GMT
02-Feb-2015 19:11:20 GMT  Closed file root://xrootd.unl.edu//store/group/dpg_trigger/comm_trigger/L1TrackTrigger/620_SLHC10/Extended2023TTI/MinBias/MinBias_TuneZ2star_GEN_SIM_1.root
02-Feb-2015 19:11:20 GMT  Initiating request to open file root://xrootd.unl.edu//store/group/dpg_trigger/comm_trigger/L1TrackTrigger/620_SLHC10/Extended2023TTI/MinBias/MinBias_TuneZ2star_GEN_SIM_336.root
02-Feb-2015 19:12:09 GMT  Successfully opened file root://xrootd.unl.edu//store/group/dpg_trigger/comm_trigger/L1TrackTrigger/620_SLHC10/Extended2023TTI/MinBias/MinBias_TuneZ2star_GEN_SIM_336.root
150202 19:16:29 2920 Xrd: XrdClientMessage::ReadRaw: Failed to read header (8 bytes).
150202 19:17:29 2918 Xrd: XrdClientMessage::ReadRaw: Failed to read header (8 bytes).
02-Feb-2015 19:19:52 GMT  Closed file root://xrootd.unl.edu//store/group/dpg_trigger/comm_trigger/L1TrackTrigger/620_SLHC10/Extended2023TTI/MinBias/MinBias_TuneZ2star_GEN_SIM_336.root
02-Feb-2015 19:19:52 GMT  Initiating request to open file root://xrootd.unl.edu//store/group/dpg_trigger/comm_trigger/L1TrackTrigger/620_SLHC10/Extended2023TTI/MinBias/MinBias_TuneZ2star_GEN_SIM_5.root
150202 19:20:23 18040 Xrd: CheckErrorStatus: Server [xrootd.ba.infn.it:1094] declared: session not found(error code: 3011)
02-Feb-2015 19:20:23 GMT  Successfully opened file root://xrootd.unl.edu//store/group/dpg_trigger/comm_trigger/L1TrackTrigger/620_SLHC10/Extended2023TTI/MinBias/MinBias_TuneZ2star_GEN_SIM_5.root
150202 19:24:59 4934 Xrd: XrdClientMessage::ReadRaw: Failed to read header (8 bytes).
150202 19:25:29 18876 Xrd: XrdClientMessage::ReadRaw: Failed to read header (8 bytes).
150202 19:30:59 2434 Xrd: XrdClientMessage::ReadRaw: Failed to read header (8 bytes).
150202 19:30:59 2917 Xrd: XrdClientMessage::ReadRaw: Failed to read header (8 bytes).
02-Feb-2015 19:31:02 GMT  Closed file root://xrootd.unl.edu//store/group/dpg_trigger/comm_trigger/L1TrackTrigger/620_SLHC10/Extended2023TTI/MinBias/MinBias_TuneZ2star_GEN_SIM_5.root
02-Feb-2015 19:31:02 GMT  Initiating request to open file root://xrootd.unl.edu//store/group/dpg_trigger/comm_trigger/L1TrackTrigger/620_SLHC10/Extended2023TTI/MinBias/MinBias_TuneZ2star_GEN_SIM_457.root
150202 19:31:34 4441 Xrd: CheckErrorStatus: Server [xrootd-redic.pi.infn.it:1094] declared: session not found(error code: 3011)
02-Feb-2015 19:31:35 GMT  Successfully opened file root://xrootd.unl.edu//store/group/dpg_trigger/comm_trigger/L1TrackTrigger/620_SLHC10/Extended2023TTI/MinBias/MinBias_TuneZ2star_GEN_SIM_457.root
Building the geometry service
Warning did not find digi
Warning did not find digi
Warning did not find digi
Warning did not find digi
Warning did not find digi in disks
Warning did not find digi in disks
Warning did not find digi in disks
Warning did not find digi in disks
150202 19:36:29 18877 Xrd: XrdClientMessage::ReadRaw: Failed to read header (8 bytes).
150202 19:36:59 5353 Xrd: XrdClientMessage::ReadRaw: Failed to read header (8 bytes).
150202 19:40:29 4933 Xrd: XrdClientMessage::ReadRaw: Failed to read header (8 bytes).
02-Feb-2015 19:43:04 GMT  Closed file root://xrootd.unl.edu//store/group/dpg_trigger/comm_trigger/L1TrackTrigger/620_SLHC10/Extended2023TTI/MinBias/MinBias_TuneZ2star_GEN_SIM_457.root
02-Feb-2015 19:43:04 GMT  Initiating request to open file root://xrootd.unl.edu//store/group/dpg_trigger/comm_trigger/L1TrackTrigger/620_SLHC10/Extended2023TTI/MinBias/MinBias_TuneZ2star_GEN_SIM_105.root
150202 19:43:35 24761 Xrd: CheckErrorStatus: Server [cms-xrd-global.cern.ch:1094] declared: session not found(error code: 3011)
150202 19:43:35 24761 Xrd: CheckErrorStatus: Server [xrootd.ba.infn.it:1094] declared: session not found(error code: 3011)
02-Feb-2015 19:43:36 GMT  Successfully opened file root://xrootd.unl.edu//store/group/dpg_trigger/comm_trigger/L1TrackTrigger/620_SLHC10/Extended2023TTI/MinBias/MinBias_TuneZ2star_GEN_SIM_105.root
150202 19:48:29 5414 Xrd: XrdClientMessage::ReadRaw: Failed to read header (8 bytes).
150202 19:48:59 25464 Xrd: XrdClientMessage::ReadRaw: Failed to read header (8 bytes).
150202 19:51:59 5248 Xrd: XrdClientMessage::ReadRaw: Failed to read header (8 bytes).
02-Feb-2015 19:54:19 GMT  Closed file root://xrootd.unl.edu//store/group/dpg_trigger/comm_trigger/L1TrackTrigger/620_SLHC10/Extended2023TTI/MinBias/MinBias_TuneZ2star_GEN_SIM_105.root
02-Feb-2015 19:54:19 GMT  Initiating request to open file root://xrootd.unl.edu//store/group/dpg_trigger/comm_trigger/L1TrackTrigger/620_SLHC10/Extended2023TTI/MinBias/MinBias_TuneZ2star_GEN_SIM_988.root
150202 19:54:50 11851 Xrd: CheckErrorStatus: Server [cms-xrd-global.cern.ch:1094] declared: session not found(error code: 3011)
150202 19:54:50 11851 Xrd: CheckErrorStatus: Server [xrootd-redic.pi.infn.it:1094] declared: session not found(error code: 3011)
02-Feb-2015 19:54:50 GMT  Successfully opened file root://xrootd.unl.edu//store/group/dpg_trigger/comm_trigger/L1TrackTrigger/620_SLHC10/Extended2023TTI/MinBias/MinBias_TuneZ2star_GEN_SIM_988.root
150202 19:59:29 25465 Xrd: XrdClientMessage::ReadRaw: Failed to read header (8 bytes).
150202 19:59:58 13269 Xrd: XrdClientMessage::ReadRaw: Failed to read header (8 bytes).
150202 20:03:59 25463 Xrd: XrdClientMessage::ReadRaw: Failed to read header (8 bytes).
02-Feb-2015 20:05:04 GMT  Closed file root://xrootd.unl.edu//store/group/dpg_trigger/comm_trigger/L1TrackTrigger/620_SLHC10/Extended2023TTI/MinBias/MinBias_TuneZ2star_GEN_SIM_988.root
02-Feb-2015 20:05:04 GMT  Initiating request to open file root://xrootd.unl.edu//store/group/dpg_trigger/comm_trigger/L1TrackTrigger/620_SLHC10/Extended2023TTI/MinBias/MinBias_TuneZ2star_GEN_SIM_799.root
150202 20:05:48 30071 Xrd: CheckErrorStatus: Server [cms-xrd-global.cern.ch:1094] declared: session not found(error code: 3011)
150202 20:05:48 30071 Xrd: CheckErrorStatus: Server [xrootd.ba.infn.it:1094] declared: session not found(error code: 3011)
150202 20:05:48 30071 Xrd: CheckErrorStatus: Server [eoscms.cern.ch:1094] declared: session not found(error code: 3011)
02-Feb-2015 20:05:48 GMT  Successfully opened file root://xrootd.unl.edu//store/group/dpg_trigger/comm_trigger/L1TrackTrigger/620_SLHC10/Extended2023TTI/MinBias/MinBias_TuneZ2star_GEN_SIM_799.root
150202 20:10:28 13270 Xrd: XrdClientMessage::ReadRaw: Failed to read header (8 bytes).
150202 20:10:58 31238 Xrd: XrdClientMessage::ReadRaw: Failed to read header (8 bytes).
02-Feb-2015 20:12:35 GMT  Closed file root://xrootd.unl.edu//store/group/dpg_trigger/comm_trigger/L1TrackTrigger/620_SLHC10/Extended2023TTI/MinBias/MinBias_TuneZ2star_GEN_SIM_799.root
02-Feb-2015 20:12:35 GMT  Initiating request to open file root://xrootd.unl.edu//store/group/dpg_trigger/comm_trigger/L1TrackTrigger/620_SLHC10/Extended2023TTI/MinBias/MinBias_TuneZ2star_GEN_SIM_189.root
150202 20:13:06 10694 Xrd: CheckErrorStatus: Server [xrootd-redic.pi.infn.it:1094] declared: session not found(error code: 3011)
02-Feb-2015 20:13:07 GMT  Successfully opened file root://xrootd.unl.edu//store/group/dpg_trigger/comm_trigger/L1TrackTrigger/620_SLHC10/Extended2023TTI/MinBias/MinBias_TuneZ2star_GEN_SIM_189.root
150202 20:17:59 31240 Xrd: XrdClientMessage::ReadRaw: Failed to read header (8 bytes).
150202 20:18:29 11631 Xrd: XrdClientMessage::ReadRaw: Failed to read header (8 bytes).
150202 20:25:59 31237 Xrd: XrdClientMessage::ReadRaw: Failed to read header (8 bytes).
02-Feb-2015 20:31:39 GMT  Closed file root://xrootd.unl.edu//store/group/dpg_trigger/comm_trigger/L1TrackTrigger/620_SLHC10/Extended2023TTI/MinBias/MinBias_TuneZ2star_GEN_SIM_189.root
02-Feb-2015 20:31:39 GMT  Initiating request to open file root://xrootd.unl.edu//store/group/dpg_trigger/comm_trigger/L1TrackTrigger/620_SLHC10/Extended2023TTI/MinBias/MinBias_TuneZ2star_GEN_SIM_989.root
150202 20:32:10 9736 Xrd: CheckErrorStatus: Server [cms-xrd-global.cern.ch:1094] declared: session not found(error code: 3011)
150202 20:32:10 9736 Xrd: CheckErrorStatus: Server [llrxrd-redir.in2p3.fr:1094] declared: session not found(error code: 3011)
02-Feb-2015 20:32:10 GMT  Successfully opened file root://xrootd.unl.edu//store/group/dpg_trigger/comm_trigger/L1TrackTrigger/620_SLHC10/Extended2023TTI/MinBias/MinBias_TuneZ2star_GEN_SIM_989.root
150202 20:33:28 13268 Xrd: XrdClientMessage::ReadRaw: Failed to read header (8 bytes).
150202 20:36:59 11632 Xrd: XrdClientMessage::ReadRaw: Failed to read header (8 bytes).
150202 20:37:29 11032 Xrd: XrdClientMessage::ReadRaw: Failed to read header (8 bytes).
02-Feb-2015 20:41:17 GMT  Closed file root://xrootd.unl.edu//store/group/dpg_trigger/comm_trigger/L1TrackTrigger/620_SLHC10/Extended2023TTI/MinBias/MinBias_TuneZ2star_GEN_SIM_989.root
02-Feb-2015 20:41:17 GMT  Initiating request to open file root://xrootd.unl.edu//store/group/dpg_trigger/comm_trigger/L1TrackTrigger/620_SLHC10/Extended2023TTI/MinBias/MinBias_TuneZ2star_GEN_SIM_843.root
150202 20:41:48 26222 Xrd: CheckErrorStatus: Server [llrxrd-redir.in2p3.fr:1094] declared: session not found(error code: 3011)
02-Feb-2015 20:41:48 GMT  Successfully opened file root://xrootd.unl.edu//store/group/dpg_trigger/comm_trigger/L1TrackTrigger/620_SLHC10/Extended2023TTI/MinBias/MinBias_TuneZ2star_GEN_SIM_843.root
150202 20:46:28 11033 Xrd: XrdClientMessage::ReadRaw: Failed to read header (8 bytes).
150202 20:46:58 26836 Xrd: XrdClientMessage::ReadRaw: Failed to read header (8 bytes).
02-Feb-2015 20:52:39 GMT  Closed file root://xrootd.unl.edu//store/group/dpg_trigger/comm_trigger/L1TrackTrigger/620_SLHC10/Extended2023TTI/MinBias/MinBias_TuneZ2star_GEN_SIM_843.root
02-Feb-2015 20:52:39 GMT  Initiating request to open file root://xrootd.unl.edu//store/group/dpg_trigger/comm_trigger/L1TrackTrigger/620_SLHC10/Extended2023TTI/MinBias/MinBias_TuneZ2star_GEN_SIM_617.root
150202 20:53:10 13049 Xrd: CheckErrorStatus: Server [llrxrd-redir.in2p3.fr:1094] declared: session not found(error code: 3011)
150202 20:53:10 13049 Xrd: CheckErrorStatus: Server [eoscms.cern.ch:1094] declared: session not found(error code: 3011)
02-Feb-2015 20:53:11 GMT  Successfully opened file root://xrootd.unl.edu//store/group/dpg_trigger/comm_trigger/L1TrackTrigger/620_SLHC10/Extended2023TTI/MinBias/MinBias_TuneZ2star_GEN_SIM_617.root
150202 20:57:59 26907 Xrd: XrdClientMessage::ReadRaw: Failed to read header (8 bytes).
150202 20:58:29 14930 Xrd: XrdClientMessage::ReadRaw: Failed to read header (8 bytes).
02-Feb-2015 21:02:24 GMT  Closed file root://xrootd.unl.edu//store/group/dpg_trigger/comm_trigger/L1TrackTrigger/620_SLHC10/Extended2023TTI/MinBias/MinBias_TuneZ2star_GEN_SIM_617.root
02-Feb-2015 21:02:24 GMT  Initiating request to open file root://xrootd.unl.edu//store/group/dpg_trigger/comm_trigger/L1TrackTrigger/620_SLHC10/Extended2023TTI/MinBias/MinBias_TuneZ2star_GEN_SIM_296.root
150202 21:07:24 30202 Xrd: CheckErrorStatus: Server [cms-xrd-global.cern.ch:1094] declared: session not found(error code: 3011)
150202 21:07:24 30202 Xrd: CheckErrorStatus: Server [xrootd-redic.pi.infn.it:1094] declared: session not found(error code: 3011)
02-Feb-2015 21:07:25 GMT  Successfully opened file root://xrootd.unl.edu//store/group/dpg_trigger/comm_trigger/L1TrackTrigger/620_SLHC10/Extended2023TTI/MinBias/MinBias_TuneZ2star_GEN_SIM_296.root
150202 21:07:29 14931 Xrd: XrdClientMessage::ReadRaw: Failed to read header (8 bytes).
150202 21:12:29 6414 Xrd: XrdClientMessage::ReadRaw: Failed to read header (8 bytes).
150202 21:13:29 11031 Xrd: XrdClientMessage::ReadRaw: Failed to read header (8 bytes).
02-Feb-2015 21:14:07 GMT  Closed file root://xrootd.unl.edu//store/group/dpg_trigger/comm_trigger/L1TrackTrigger/620_SLHC10/Extended2023TTI/MinBias/MinBias_TuneZ2star_GEN_SIM_296.root
02-Feb-2015 21:14:07 GMT  Initiating request to open file root://xrootd.unl.edu//store/group/dpg_trigger/comm_trigger/L1TrackTrigger/620_SLHC10/Extended2023TTI/MinBias/MinBias_TuneZ2star_GEN_SIM_124.root
150202 21:14:38 17564 Xrd: CheckErrorStatus: Server [xrootd-redic.pi.infn.it:1094] declared: session not found(error code: 3011)
02-Feb-2015 21:14:39 GMT  Successfully opened file root://xrootd.unl.edu//store/group/dpg_trigger/comm_trigger/L1TrackTrigger/620_SLHC10/Extended2023TTI/MinBias/MinBias_TuneZ2star_GEN_SIM_124.root
150202 21:19:29 6415 Xrd: XrdClientMessage::ReadRaw: Failed to read header (8 bytes).
150202 21:19:59 18261 Xrd: XrdClientMessage::ReadRaw: Failed to read header (8 bytes).
02-Feb-2015 21:24:31 GMT  Closed file root://xrootd.unl.edu//store/group/dpg_trigger/comm_trigger/L1TrackTrigger/620_SLHC10/Extended2023TTI/MinBias/MinBias_TuneZ2star_GEN_SIM_124.root
02-Feb-2015 21:24:31 GMT  Initiating request to open file root://xrootd.unl.edu//store/group/dpg_trigger/comm_trigger/L1TrackTrigger/620_SLHC10/Extended2023TTI/MinBias/MinBias_TuneZ2star_GEN_SIM_626.root
150202 21:25:02 11388 Xrd: CheckErrorStatus: Server [xrootd-redic.pi.infn.it:1094] declared: session not found(error code: 3011)
02-Feb-2015 21:25:02 GMT  Successfully opened file root://xrootd.unl.edu//store/group/dpg_trigger/comm_trigger/L1TrackTrigger/620_SLHC10/Extended2023TTI/MinBias/MinBias_TuneZ2star_GEN_SIM_626.root
150202 21:29:59 18262 Xrd: XrdClientMessage::ReadRaw: Failed to read header (8 bytes).
150202 21:30:29 12250 Xrd: XrdClientMessage::ReadRaw: Failed to read header (8 bytes).
02-Feb-2015 21:41:55 GMT  Closed file root://xrootd.unl.edu//store/group/dpg_trigger/comm_trigger/L1TrackTrigger/620_SLHC10/Extended2023TTI/MinBias/MinBias_TuneZ2star_GEN_SIM_626.root
02-Feb-2015 21:41:55 GMT  Initiating request to open file root://xrootd.unl.edu//store/group/dpg_trigger/comm_trigger/L1TrackTrigger/620_SLHC10/Extended2023TTI/MinBias/MinBias_TuneZ2star_GEN_SIM_69.root
150202 21:42:26 26331 Xrd: CheckErrorStatus: Server [xrootd-redic.pi.infn.it:1094] declared: session not found(error code: 3011)
02-Feb-2015 21:42:27 GMT  Successfully opened file root://xrootd.unl.edu//store/group/dpg_trigger/comm_trigger/L1TrackTrigger/620_SLHC10/Extended2023TTI/MinBias/MinBias_TuneZ2star_GEN_SIM_69.root
150202 21:46:59 12251 Xrd: XrdClientMessage::ReadRaw: Failed to read header (8 bytes).
150202 21:47:29 28719 Xrd: XrdClientMessage::ReadRaw: Failed to read header (8 bytes).
02-Feb-2015 21:50:14 GMT  Closed file root://xrootd.unl.edu//store/group/dpg_trigger/comm_trigger/L1TrackTrigger/620_SLHC10/Extended2023TTI/MinBias/MinBias_TuneZ2star_GEN_SIM_69.root
02-Feb-2015 21:50:14 GMT  Initiating request to open file root://xrootd.unl.edu//store/group/dpg_trigger/comm_trigger/L1TrackTrigger/620_SLHC10/Extended2023TTI/MinBias/MinBias_TuneZ2star_GEN_SIM_786.root
150202 21:50:45 11420 Xrd: CheckErrorStatus: Server [cms-xrd-global.cern.ch:1094] declared: session not found(error code: 3011)
150202 21:50:45 11420 Xrd: CheckErrorStatus: Server [xrootd.ba.infn.it:1094] declared: session not found(error code: 3011)
02-Feb-2015 21:50:46 GMT  Successfully opened file root://xrootd.unl.edu//store/group/dpg_trigger/comm_trigger/L1TrackTrigger/620_SLHC10/Extended2023TTI/MinBias/MinBias_TuneZ2star_GEN_SIM_786.root
150202 21:55:29 28786 Xrd: XrdClientMessage::ReadRaw: Failed to read header (8 bytes).
150202 21:55:59 11773 Xrd: XrdClientMessage::ReadRaw: Failed to read header (8 bytes).
150202 22:02:29 6413 Xrd: XrdClientMessage::ReadRaw: Failed to read header (8 bytes).
02-Feb-2015 22:04:19 GMT  Closed file root://xrootd.unl.edu//store/group/dpg_trigger/comm_trigger/L1TrackTrigger/620_SLHC10/Extended2023TTI/MinBias/MinBias_TuneZ2star_GEN_SIM_786.root
02-Feb-2015 22:04:19 GMT  Initiating request to open file root://xrootd.unl.edu//store/group/dpg_trigger/comm_trigger/L1TrackTrigger/620_SLHC10/Extended2023TTI/MinBias/MinBias_TuneZ2star_GEN_SIM_282.root
150202 22:09:28 11774 Xrd: XrdClientMessage::ReadRaw: Failed to read header (8 bytes).
150202 22:10:59 2916 Xrd: XrdClientMessage::ReadRaw: Failed to read header (8 bytes).
150202 22:10:59 11772 Xrd: XrdClientMessage::ReadRaw: Failed to read header (8 bytes).
150202 22:10:59 2919 Xrd: XrdClientMessage::ReadRaw: Failed to read header (8 bytes).
150202 22:11:17 12801 Xrd: CheckErrorStatus: Server [xrootd.unl.edu:1094] declared: session not found(error code: 3011)
150202 22:11:17 12801 Xrd: CheckErrorStatus: Server [cms-xrd-global.cern.ch:1094] declared: session not found(error code: 3011)
150202 22:11:17 12801 Xrd: CheckErrorStatus: Server [xrootd.ba.infn.it:1094] declared: session not found(error code: 3011)
150202 22:11:17 12801 Xrd: CheckErrorStatus: Server [lxbrf39c03.cern.ch:1098] declared: session not found(error code: 3011)
02-Feb-2015 22:11:18 GMT  Successfully opened file root://xrootd.unl.edu//store/group/dpg_trigger/comm_trigger/L1TrackTrigger/620_SLHC10/Extended2023TTI/MinBias/MinBias_TuneZ2star_GEN_SIM_282.root
150202 22:16:29 16832 Xrd: XrdClientMessage::ReadRaw: Failed to read header (8 bytes).
02-Feb-2015 22:16:41 GMT  Closed file root://xrootd.unl.edu//store/group/dpg_trigger/comm_trigger/L1TrackTrigger/620_SLHC10/Extended2023TTI/MinBias/MinBias_TuneZ2star_GEN_SIM_282.root
02-Feb-2015 22:16:41 GMT  Initiating request to open file root://xrootd.unl.edu//store/group/dpg_trigger/comm_trigger/L1TrackTrigger/620_SLHC10/Extended2023TTI/MinBias/MinBias_TuneZ2star_GEN_SIM_365.root
150202 22:17:32 19755 Xrd: CheckErrorStatus: Server [cms-xrd-global.cern.ch:1094] declared: session not found(error code: 3011)
150202 22:17:33 19755 Xrd: CheckErrorStatus: Server [xrootd-redic.pi.infn.it:1094] declared: session not found(error code: 3011)
02-Feb-2015 22:17:33 GMT  Successfully opened file root://xrootd.unl.edu//store/group/dpg_trigger/comm_trigger/L1TrackTrigger/620_SLHC10/Extended2023TTI/MinBias/MinBias_TuneZ2star_GEN_SIM_365.root
02-Feb-2015 22:18:52 GMT  Closed file root://xrootd.unl.edu//store/group/dpg_trigger/comm_trigger/L1TrackTrigger/620_SLHC10/Extended2023TTI/MinBias/MinBias_TuneZ2star_GEN_SIM_365.root
02-Feb-2015 22:18:52 GMT  Initiating request to open file root://xrootd.unl.edu//store/group/dpg_trigger/comm_trigger/L1TrackTrigger/620_SLHC10/Extended2023TTI/MinBias/MinBias_TuneZ2star_GEN_SIM_196.root
150202 22:21:58 16834 Xrd: XrdClientMessage::ReadRaw: Failed to read header (8 bytes).
150202 22:22:59 20007 Xrd: XrdClientMessage::ReadRaw: Failed to read header (8 bytes).
150202 22:23:58 20008 Xrd: XrdClientMessage::ReadRaw: Failed to read header (8 bytes).
150202 22:24:21 20675 Xrd: CheckErrorStatus: Server [xrootd.ba.infn.it:1094] declared: session not found(error code: 3011)
02-Feb-2015 22:24:21 GMT  Successfully opened file root://xrootd.unl.edu//store/group/dpg_trigger/comm_trigger/L1TrackTrigger/620_SLHC10/Extended2023TTI/MinBias/MinBias_TuneZ2star_GEN_SIM_196.root
02-Feb-2015 22:28:44 GMT  Closed file root://xrootd.unl.edu//store/group/dpg_trigger/comm_trigger/L1TrackTrigger/620_SLHC10/Extended2023TTI/MinBias/MinBias_TuneZ2star_GEN_SIM_196.root
02-Feb-2015 22:28:44 GMT  Initiating request to open file root://xrootd.unl.edu//store/group/dpg_trigger/comm_trigger/L1TrackTrigger/620_SLHC10/Extended2023TTI/MinBias/MinBias_TuneZ2star_GEN_SIM_518.root
150202 22:29:15 25301 Xrd: CheckErrorStatus: Server [cms-xrd-global.cern.ch:1094] declared: session not found(error code: 3011)
02-Feb-2015 22:29:16 GMT  Successfully opened file root://xrootd.unl.edu//store/group/dpg_trigger/comm_trigger/L1TrackTrigger/620_SLHC10/Extended2023TTI/MinBias/MinBias_TuneZ2star_GEN_SIM_518.root
02-Feb-2015 22:33:00 GMT  Closed file root://xrootd.unl.edu//store/group/dpg_trigger/comm_trigger/L1TrackTrigger/620_SLHC10/Extended2023TTI/MinBias/MinBias_TuneZ2star_GEN_SIM_518.root
02-Feb-2015 22:33:00 GMT  Initiating request to open file root://xrootd.unl.edu//store/group/dpg_trigger/comm_trigger/L1TrackTrigger/620_SLHC10/Extended2023TTI/MinBias/MinBias_TuneZ2star_GEN_SIM_112.root
02-Feb-2015 22:33:31 GMT  Successfully opened file root://xrootd.unl.edu//store/group/dpg_trigger/comm_trigger/L1TrackTrigger/620_SLHC10/Extended2023TTI/MinBias/MinBias_TuneZ2star_GEN_SIM_112.root
150202 22:33:59 23497 Xrd: XrdClientMessage::ReadRaw: Failed to read header (8 bytes).
02-Feb-2015 22:37:01 GMT  Closed file root://xrootd.unl.edu//store/group/dpg_trigger/comm_trigger/L1TrackTrigger/620_SLHC10/Extended2023TTI/MinBias/MinBias_TuneZ2star_GEN_SIM_112.root
02-Feb-2015 22:37:01 GMT  Initiating request to open file root://xrootd.unl.edu//store/group/dpg_trigger/comm_trigger/L1TrackTrigger/620_SLHC10/Extended2023TTI/MinBias/MinBias_TuneZ2star_GEN_SIM_726.root
150202 22:37:32 28824 Xrd: CheckErrorStatus: Server [eoscms.cern.ch:1094] declared: session not found(error code: 3011)
02-Feb-2015 22:37:32 GMT  Successfully opened file root://xrootd.unl.edu//store/group/dpg_trigger/comm_trigger/L1TrackTrigger/620_SLHC10/Extended2023TTI/MinBias/MinBias_TuneZ2star_GEN_SIM_726.root
150202 22:38:29 25438 Xrd: XrdClientMessage::ReadRaw: Failed to read header (8 bytes).
02-Feb-2015 22:40:56 GMT  Closed file root://xrootd.unl.edu//store/group/dpg_trigger/comm_trigger/L1TrackTrigger/620_SLHC10/Extended2023TTI/MinBias/MinBias_TuneZ2star_GEN_SIM_726.root
02-Feb-2015 22:40:56 GMT  Initiating request to open file root://xrootd.unl.edu//store/group/dpg_trigger/comm_trigger/L1TrackTrigger/620_SLHC10/Extended2023TTI/MinBias/MinBias_TuneZ2star_GEN_SIM_628.root
02-Feb-2015 22:41:27 GMT  Successfully opened file root://xrootd.unl.edu//store/group/dpg_trigger/comm_trigger/L1TrackTrigger/620_SLHC10/Extended2023TTI/MinBias/MinBias_TuneZ2star_GEN_SIM_628.root
150202 22:42:29 27420 Xrd: XrdClientMessage::ReadRaw: Failed to read header (8 bytes).
02-Feb-2015 22:44:47 GMT  Closed file root://xrootd.unl.edu//store/group/dpg_trigger/comm_trigger/L1TrackTrigger/620_SLHC10/Extended2023TTI/MinBias/MinBias_TuneZ2star_GEN_SIM_628.root
02-Feb-2015 22:44:47 GMT  Initiating request to open file root://xrootd.unl.edu//store/group/dpg_trigger/comm_trigger/L1TrackTrigger/620_SLHC10/Extended2023TTI/MinBias/MinBias_TuneZ2star_GEN_SIM_680.root
02-Feb-2015 22:45:18 GMT  Successfully opened file root://xrootd.unl.edu//store/group/dpg_trigger/comm_trigger/L1TrackTrigger/620_SLHC10/Extended2023TTI/MinBias/MinBias_TuneZ2star_GEN_SIM_680.root
150202 22:45:59 28947 Xrd: XrdClientMessage::ReadRaw: Failed to read header (8 bytes).
02-Feb-2015 22:47:14 GMT  Closed file root://dcap.pp.rl.ac.uk:1094/pnfs/pp.rl.ac.uk/data/cms/store/user/dcieri/ttbar_SIM/ttbar/ttbar_SIM/150129_145223/0000/step1_41.root
02-Feb-2015 22:47:15 GMT  Closed file root://xrootd.unl.edu//store/group/dpg_trigger/comm_trigger/L1TrackTrigger/620_SLHC10/Extended2023TTI/MinBias/MinBias_TuneZ2star_GEN_SIM_680.root

=============================================

MessageLogger Summary

 type     category        sev    module        subroutine        count    total
 ---- -------------------- -- ---------------- ----------------  -----    -----
    1 fileAction           -s MixingModule:mix                      69       69
    2 fileAction           -s MixingModule:mix                       2        2
    3 fileAction           -s MixingModule:mix                       1        1
    4 fileAction           -s file_close                             1        1
    5 fileAction           -s file_open                              2        2

 type    category    Examples: run/evt        run/evt          run/evt
 ---- -------------------- ---------------- ---------------- ----------------
    1 fileAction           1/401            1/401            1/410
    2 fileAction           pre-events       pre-events       
    3 fileAction           PostEndRun                        
    4 fileAction           PostEndRun                        
    5 fileAction           pre-events       pre-events       

Severity    # Occurrences   Total Occurrences
--------    -------------   -----------------
System                 75                  75
>>> END OF printout of 237 lines from stdout+stderr
>>> Parse FrameworkJobReport crab_fjr.xml
Result of parsing the FrameworkJobReport crab_fjr.xml: 
Extracted ExitStatus from FrameworkJobReport parsing output: 0
>>> Executable succeded  0
ExeExitCode=0
EXECUTABLE_EXIT_STATUS = 0
>>> current directory /scratch/condor/dir_15957/glide_VoV9nl/execute/dir_31785/CMSSW_6_2_0_SLHC12
>>>  (SOFTWARE_DIR): /scratch/condor/dir_15957/glide_VoV9nl/execute/dir_31785/CMSSW_6_2_0_SLHC12
>>> (WORKING_DIR): 
>>> current directory content:
total 241196
drwxr-xr-x 3 cms415 gplcms      4096 Feb  2 19:10 .SCRAM
-rw------- 1 cms415 gplcms    915837 Feb  2 19:10 CMSSW.py.pkl
drwxr-xr-x 3 cms415 gplcms      4096 Feb  2 19:10 bin
drwxr-xr-x 3 cms415 gplcms      4096 Feb  2 19:10 cfipython
drwxr-xr-x 4 cms415 gplcms      4096 Apr 28  2014 config
-rw------- 1 cms415 gplcms        16 Feb  2 22:47 cpu_timing.txt
drwxr-xr-x 2 cms415 gplcms      4096 Feb  2 19:10 doc
-rw------- 1 cms415 gplcms     26617 Feb  2 22:47 executable.out
drwxr-xr-x 2 cms415 gplcms      4096 Feb  2 19:10 include
drwx------ 3 cms415 gplcms      4096 Oct  7 10:12 lib
drwxr-xr-x 3 cms415 gplcms      4096 Feb  2 19:10 logs
drwxr-xr-x 3 cms415 gplcms      4096 Feb  2 19:10 objs
-rw------- 1 cms415 gplcms       104 Feb  2 19:10 pset.py
-rw------- 1 cms415 gplcms    926825 Feb  2 19:10 pset.py.pkl
-rw------- 1 cms415 gplcms       289 Feb  2 19:10 pset.pyc
drwxr-xr-x 2 cms415 gplcms      4096 Feb  2 19:10 python
-rw------- 1 cms415 gplcms       353 Feb  2 22:47 report.log
drwxr-xr-x 2 cms415 gplcms      4096 Feb  2 19:10 src
-rw------- 1 cms415 gplcms 244784792 Feb  2 22:47 step2.root
drwxr-xr-x 3 cms415 gplcms      4096 Feb  2 19:10 test
drwxr-xr-x 3 cms415 gplcms      4096 Feb  2 19:10 tmp
>>> current directory /scratch/condor/dir_15957/glide_VoV9nl/execute/dir_31785/CMSSW_6_2_0_SLHC12
>>> (SOFTWARE_DIR): /scratch/condor/dir_15957/glide_VoV9nl/execute/dir_31785/CMSSW_6_2_0_SLHC12
>>> (WORKING_DIR): 
>>> current directory content:
total 241196
drwxr-xr-x 3 cms415 gplcms      4096 Feb  2 19:10 .SCRAM
-rw------- 1 cms415 gplcms    915837 Feb  2 19:10 CMSSW.py.pkl
drwxr-xr-x 3 cms415 gplcms      4096 Feb  2 19:10 bin
drwxr-xr-x 3 cms415 gplcms      4096 Feb  2 19:10 cfipython
drwxr-xr-x 4 cms415 gplcms      4096 Apr 28  2014 config
-rw------- 1 cms415 gplcms        16 Feb  2 22:47 cpu_timing.txt
drwxr-xr-x 2 cms415 gplcms      4096 Feb  2 19:10 doc
-rw------- 1 cms415 gplcms     26617 Feb  2 22:47 executable.out
drwxr-xr-x 2 cms415 gplcms      4096 Feb  2 19:10 include
drwx------ 3 cms415 gplcms      4096 Oct  7 10:12 lib
drwxr-xr-x 3 cms415 gplcms      4096 Feb  2 19:10 logs
drwxr-xr-x 3 cms415 gplcms      4096 Feb  2 19:10 objs
-rw------- 1 cms415 gplcms       104 Feb  2 19:10 pset.py
-rw------- 1 cms415 gplcms    926825 Feb  2 19:10 pset.py.pkl
-rw------- 1 cms415 gplcms       289 Feb  2 19:10 pset.pyc
drwxr-xr-x 2 cms415 gplcms      4096 Feb  2 19:10 python
-rw------- 1 cms415 gplcms       353 Feb  2 22:47 report.log
drwxr-xr-x 2 cms415 gplcms      4096 Feb  2 19:10 src
-rw------- 1 cms415 gplcms 244784792 Feb  2 22:47 step2_45_1_xUc.root
drwxr-xr-x 3 cms415 gplcms      4096 Feb  2 19:10 test
drwxr-xr-x 3 cms415 gplcms      4096 Feb  2 19:10 tmp
>>> current directory (RUNTIME_AREA):  /scratch/condor/dir_15957/glide_VoV9nl/execute/dir_31785
PNN = T2_UK_SGrid_RALPP
SE = heplnx204.pp.rl.ac.uk
SE_PATH = /srm/managerv2?SFN=/pnfs/pp.rl.ac.uk/data/cms/store/user/dcieri/ttbar_PU140_DIGI/dcieri/ttbar/ttbar_PU140_DIGI/3c0380cf82de79bc39966c93934c61fc/
LFNBaseName = /store/user/dcieri/ttbar_PU140_DIGI/dcieri/ttbar/ttbar_PU140_DIGI/3c0380cf82de79bc39966c93934c61fc/
USER = dcieri
endpoint = srm://heplnx204.pp.rl.ac.uk:8443/srm/managerv2?SFN=/pnfs/pp.rl.ac.uk/data/cms/store/user/dcieri/ttbar_PU140_DIGI/dcieri/ttbar/ttbar_PU140_DIGI/3c0380cf82de79bc39966c93934c61fc/
>>> Copy output files from WN = heplnc017.pp.rl.ac.uk to /srm/managerv2?SFN=/pnfs/pp.rl.ac.uk/data/cms/store/user/dcieri/ttbar_PU140_DIGI/dcieri/ttbar/ttbar_PU140_DIGI/3c0380cf82de79bc39966c93934c61fc/ :
python cmscp.py  --destination srm://heplnx204.pp.rl.ac.uk:8443/srm/managerv2?SFN=/pnfs/pp.rl.ac.uk/data/cms/store/user/dcieri/ttbar_PU140_DIGI/dcieri/ttbar/ttbar_PU140_DIGI/3c0380cf82de79bc39966c93934c61fc/ --inputFileList /scratch/condor/dir_15957/glide_VoV9nl/execute/dir_31785/CMSSW_6_2_0_SLHC12/step2_45_1_xUc.root --middleware LCG --PNN T2_UK_SGrid_RALPP --se_name heplnx204.pp.rl.ac.uk --for_lfn /store/user/dcieri/ttbar_PU140_DIGI/dcieri/ttbar/ttbar_PU140_DIGI/3c0380cf82de79bc39966c93934c61fc/    
******************************************************
localSeName  =  heplnx204.pp.rl.ac.uk
remoteSeName =  heplnx204.pp.rl.ac.uk
******************************************************
{"/scratch/condor/dir_15957/glide_VoV9nl/execute/dir_31785/CMSSW_6_2_0_SLHC12/step2_45_1_xUc.root": {"endpoint": "srm://heplnx204.pp.rl.ac.uk:8443/srm/managerv2?SFN=/pnfs/pp.rl.ac.uk/data/cms/store/user/dcieri/ttbar_PU140_DIGI/dcieri/ttbar/ttbar_PU140_DIGI/3c0380cf82de79bc39966c93934c61fc/", "surl_for_grid": "", "reason": "Copy succedeed with srm-lcg utils", "erCode": "0", "PNN": "T2_UK_SGrid_RALPP", "se_name": "heplnx204.pp.rl.ac.uk", "for_lfn": "/store/user/dcieri/ttbar_PU140_DIGI/dcieri/ttbar/ttbar_PU140_DIGI/3c0380cf82de79bc39966c93934c61fc/"}}/scratch/condor/dir_15957/glide_VoV9nl/execute/dir_31785
-------- cat /scratch/condor/dir_15957/glide_VoV9nl/execute/dir_31785/cmscpReport.sh 
#!/bin/bash
echo "Report for File: /scratch/condor/dir_15957/glide_VoV9nl/execute/dir_31785/CMSSW_6_2_0_SLHC12/step2_45_1_xUc.root"
echo "LFN: /store/user/dcieri/ttbar_PU140_DIGI/dcieri/ttbar/ttbar_PU140_DIGI/3c0380cf82de79bc39966c93934c61fc/step2_45_1_xUc.root"
echo "StorageElement: heplnx204.pp.rl.ac.uk"
echo "StageOutExitStatusReason = 'Copy succedeed with srm-lcg utils'" | tee -a $RUNTIME_AREA/$repo
echo "StageOutSE = heplnx204.pp.rl.ac.uk" >> $RUNTIME_AREA/$repo

export StageOutExitStatus=0
echo "StageOutExitStatus = 0" | tee -a $RUNTIME_AREA/$repo
-------- end of /scratch/condor/dir_15957/glide_VoV9nl/execute/dir_31785/cmscpReport.sh 
Report for File: /scratch/condor/dir_15957/glide_VoV9nl/execute/dir_31785/CMSSW_6_2_0_SLHC12/step2_45_1_xUc.root
LFN: /store/user/dcieri/ttbar_PU140_DIGI/dcieri/ttbar/ttbar_PU140_DIGI/3c0380cf82de79bc39966c93934c61fc/step2_45_1_xUc.root
StorageElement: heplnx204.pp.rl.ac.uk
StageOutExitStatusReason = 'Copy succedeed with srm-lcg utils'
StageOutExitStatus = 0
>>> current dir: /scratch/condor/dir_15957/glide_VoV9nl/execute/dir_31785
>>> current dir content:
total 8828
-rw-------  1 cms415 gplcms    2726 Feb  2 22:48 .SEinteraction.log
-rwx------  1 cms415 gplcms      52 Feb  2 19:08 .chirp_config
-rwx------  1 cms415 gplcms    7828 Feb  2 19:08 .job.ad
-rwx------  1 cms415 gplcms    9797 Feb  2 19:08 .machine.ad
-rw-------  1 cms415 gplcms     105 Feb  2 12:16 CMSSW.py
-rw-------  1 cms415 gplcms  915837 Feb  2 12:16 CMSSW.py.pkl
-rwx------  1 cms415 gplcms   29498 Feb  2 19:10 CMSSW.sh
drwxr-xr-x 15 cms415 gplcms    4096 Feb  2 22:47 CMSSW_6_2_0_SLHC12
-rw-------  1 cms415 gplcms     190 Feb  2 19:10 CacheEnv.sh
-rw-------  1 cms415 gplcms    7291 Nov 19 14:52 DashboardAPI.py
-rw-------  1 cms415 gplcms    6470 Feb  2 19:10 DashboardAPI.pyc
drwx------  2 cms415 gplcms    4096 Feb  2 22:47 IMProv
-rw-------  1 cms415 gplcms    2748 Nov 19 14:52 Logger.py
-rw-------  1 cms415 gplcms    3232 Feb  2 19:10 Logger.pyc
-rw-------  1 cms415 gplcms   24524 Nov 19 14:52 ProcInfo.py
-rw-------  1 cms415 gplcms   22645 Feb  2 19:10 ProcInfo.pyc
drwx------  7 cms415 gplcms    4096 Feb  2 19:10 ProdCommon
drwx------  3 cms415 gplcms    4096 Feb  2 19:10 WMCore
-rw-------  1 cms415 gplcms   11442 Feb  2 22:47 Watchdog_45.log
-rwx------  1 cms415 gplcms       0 Feb  2 19:10 _condor_stderr
-rwx---r--  1 cms415 gplcms   41367 Feb  2 22:48 _condor_stdout
-rw-------  1 cms415 gplcms   32895 Nov 19 14:52 apmon.py
-rw-------  1 cms415 gplcms   27958 Feb  2 19:10 apmon.pyc
-rwx------  1 cms415 gplcms  134309 Feb  2 19:10 arguments.xml
-rwx------  1 cms415 gplcms   38581 Nov 19 14:52 cmscp.py
-rw-------  1 cms415 gplcms     560 Feb  2 22:48 cmscpReport.sh
-rwx------  1 cms415 gplcms   29498 Feb  2 19:10 condor_exec.exe
-rw-------  1 cms415 gplcms     544 Feb  2 12:16 crab.cfg
-rwx------  1 cms415 gplcms    8610 Nov 19 14:52 crabWatchdog.sh
-rwx---r--  1 cms415 gplcms  112069 Feb  2 22:47 crab_fjr_45.xml
-rwx------  1 cms415 gplcms 7390485 Feb  2 19:10 default.tgz
-rwx------  1 cms415 gplcms    4488 Nov 19 14:52 fillCrabFjr.py
-rw-------  1 cms415 gplcms     225 Feb  2 19:10 inputsReport.txt
-rw-------  1 cms415 gplcms     243 Feb  2 22:48 jobreport.txt
-rw-------  1 cms415 gplcms   17352 Nov 19 14:52 parseCrabFjr.py
-rw-------  1 cms415 gplcms     321 Feb  2 19:10 report.log
-rwx--x--x  1 cms415 gplcms    1497 Nov 19 14:52 report.py
-rw-------  1 cms415 gplcms     554 Feb  2 22:48 resultCopyFile
lrwxrwxrwx  1 cms415 gplcms      95 Feb  2 22:47 step2.root -> /scratch/condor/dir_15957/glide_VoV9nl/execute/dir_31785/CMSSW_6_2_0_SLHC12/step2_45_1_xUc.root
-rwx------  1 cms415 gplcms    8351 Nov 19 14:52 writeCfg.py
-rw-------  1 cms415 gplcms   10293 Feb  2 19:08 x509up_u62281
>>> Modify Job Report:
CMSSW_VERSION = CMSSW_6_2_0_SLHC12
ProcessedDataset = ttbar_PU140_DIGI
/scratch/condor/dir_15957/glide_VoV9nl/execute/dir_31785/ProdCommon/FwkJobRep/ModifyJobReport.py fjr /scratch/condor/dir_15957/glide_VoV9nl/execute/dir_31785/crab_fjr_45.xml json /scratch/condor/dir_15957/glide_VoV9nl/execute/dir_31785/resultCopyFile n_job 45_1_xUc PrimaryDataset ttbar  ApplicationFamily cmsRun ApplicationName cmsRun cmssw_version CMSSW_6_2_0_SLHC12 psethash 3c0380cf82de79bc39966c93934c61fc UserProcessedDataset dcieri-ttbar_PU140_DIGI-3c0380cf82de79bc39966c93934c61fc
inputDict =  {u'/scratch/condor/dir_15957/glide_VoV9nl/execute/dir_31785/CMSSW_6_2_0_SLHC12/step2_45_1_xUc.root': {u'endpoint': u'srm://heplnx204.pp.rl.ac.uk:8443/srm/managerv2?SFN=/pnfs/pp.rl.ac.uk/data/cms/store/user/dcieri/ttbar_PU140_DIGI/dcieri/ttbar/ttbar_PU140_DIGI/3c0380cf82de79bc39966c93934c61fc/', u'surl_for_grid': u'', u'reason': u'Copy succedeed with srm-lcg utils', u'erCode': u'0', u'PNN': u'T2_UK_SGrid_RALPP', u'se_name': u'heplnx204.pp.rl.ac.uk', u'for_lfn': u'/store/user/dcieri/ttbar_PU140_DIGI/dcieri/ttbar/ttbar_PU140_DIGI/3c0380cf82de79bc39966c93934c61fc/'}}
UserProcessedDataset =  dcieri-ttbar_PU140_DIGI-3c0380cf82de79bc39966c93934c61fc
WORKING ON EDM FILE
file_name in inputDict =  /scratch/condor/dir_15957/glide_VoV9nl/execute/dir_31785/CMSSW_6_2_0_SLHC12/step2_45_1_xUc.root
(size) os.stat(filename)[6] =  244784792
checksum =  3991311478
    file =  step2_45_1_xUc.root
    newPfn =  srm://heplnx204.pp.rl.ac.uk:8443/srm/managerv2?SFN=/pnfs/pp.rl.ac.uk/data/cms/store/user/dcieri/ttbar_PU140_DIGI/dcieri/ttbar/ttbar_PU140_DIGI/3c0380cf82de79bc39966c93934c61fc/step2_45_1_xUc.root
    newLfn =  /store/user/dcieri/ttbar_PU140_DIGI/dcieri/ttbar/ttbar_PU140_DIGI/3c0380cf82de79bc39966c93934c61fc/step2_45_1_xUc.root
>>> crab_fjr_*.xml  permission set to 0704
CrabWrapper EXIT_FUNC entered at Mon Feb  2 22:48:10 GMT 2015   -  Mon Feb  2 22:48:10 UTC 2015
Checking output files:  
will tar file crab_fjr_45.xml in  out_files_45
WARNING: output file CMSSW_45.stdout not found!
WARNING: output file CMSSW_45.stderr not found!
WARNING: output file Watchdog_45.log.gz not found!
>>> padding time: Wrapper lasting more than 600 seconds. No sleep required.
STOPPING WATCHDOG. CrabWatchdog PID is 1633
********** LAST 50 LINES OF WATCHDOG LOG
# TIME			PID	RSS(KB)	VSZ(KB)	Dsk(MB)	tCPU(s)	tWALL(s)	COMMAND
 Feb 02 19:41:23 GMT	2025	1151828	1672708	71	143	1869	cmsRun -j /scratch/condor/dir_15957/glide_VoV9nl/execute/dir_31785/crab_fjr_45.xml -p pset.py      
 Feb 02 19:42:24 GMT	2025	1154148	1672708	71	144	1929	cmsRun -j /scratch/condor/dir_15957/glide_VoV9nl/execute/dir_31785/crab_fjr_45.xml -p pset.py      
 Feb 02 19:47:26 GMT	2025	1154704	1672708	71	153	2231	cmsRun -j /scratch/condor/dir_15957/glide_VoV9nl/execute/dir_31785/crab_fjr_45.xml -p pset.py      
 Feb 02 19:48:26 GMT	2025	1156508	1672708	71	155	2292	cmsRun -j /scratch/condor/dir_15957/glide_VoV9nl/execute/dir_31785/crab_fjr_45.xml -p pset.py      
 Feb 02 19:49:27 GMT	2025	1157220	1672708	71	157	2352	cmsRun -j /scratch/condor/dir_15957/glide_VoV9nl/execute/dir_31785/crab_fjr_45.xml -p pset.py      
 Feb 02 19:50:27 GMT	2025	1158620	1672708	71	160	2412	cmsRun -j /scratch/condor/dir_15957/glide_VoV9nl/execute/dir_31785/crab_fjr_45.xml -p pset.py      
 Feb 02 19:51:27 GMT	2025	1160776	1675780	71	163	2472	cmsRun -j /scratch/condor/dir_15957/glide_VoV9nl/execute/dir_31785/crab_fjr_45.xml -p pset.py      
 Feb 02 19:52:27 GMT	2025	1162384	1676548	71	165	2533	cmsRun -j /scratch/condor/dir_15957/glide_VoV9nl/execute/dir_31785/crab_fjr_45.xml -p pset.py      
 Feb 02 19:53:28 GMT	2025	1165256	1678852	71	169	2593	cmsRun -j /scratch/condor/dir_15957/glide_VoV9nl/execute/dir_31785/crab_fjr_45.xml -p pset.py      
 Feb 02 19:54:28 GMT	2025	1182804	1678852	71	174	2653	cmsRun -j /scratch/condor/dir_15957/glide_VoV9nl/execute/dir_31785/crab_fjr_45.xml -p pset.py      
 Feb 02 19:55:28 GMT	2025	1238908	1678852	71	178	2714	cmsRun -j /scratch/condor/dir_15957/glide_VoV9nl/execute/dir_31785/crab_fjr_45.xml -p pset.py      
 Feb 02 19:56:29 GMT	2025	1288056	1695748	71	183	2774	cmsRun -j /scratch/condor/dir_15957/glide_VoV9nl/execute/dir_31785/crab_fjr_45.xml -p pset.py      
 Feb 02 19:57:29 GMT	2025	1292148	1699588	71	185	2834	cmsRun -j /scratch/condor/dir_15957/glide_VoV9nl/execute/dir_31785/crab_fjr_45.xml -p pset.py      
 Feb 02 19:58:29 GMT	2025	1295624	1700100	71	187	2894	cmsRun -j /scratch/condor/dir_15957/glide_VoV9nl/execute/dir_31785/crab_fjr_45.xml -p pset.py      
 Feb 02 19:59:29 GMT	2025	1297700	1700100	71	189	2955	cmsRun -j /scratch/condor/dir_15957/glide_VoV9nl/execute/dir_31785/crab_fjr_45.xml -p pset.py      
 Feb 02 20:00:30 GMT	2025	1431748	1842692	71	200	3015	cmsRun -j /scratch/condor/dir_15957/glide_VoV9nl/execute/dir_31785/crab_fjr_45.xml -p pset.py      
 Feb 02 20:01:30 GMT	---	1431748	1842692	93	----	----	----
 Feb 02 20:26:38 GMT	---	1431748	1842692	106	----	----	----
 Feb 02 20:27:38 GMT	---	1431748	1842692	114	----	----	----
 Feb 02 20:53:46 GMT	---	1431748	1842692	139	----	----	----
 Feb 02 21:12:53 GMT	2025	1431748	1854980	139	420	7358	cmsRun -j /scratch/condor/dir_15957/glide_VoV9nl/execute/dir_31785/crab_fjr_45.xml -p pset.py      
 Feb 02 21:13:53 GMT	2025	1431748	1855236	139	424	7418	cmsRun -j /scratch/condor/dir_15957/glide_VoV9nl/execute/dir_31785/crab_fjr_45.xml -p pset.py      
 Feb 02 21:15:54 GMT	2025	1431748	1860356	139	427	7539	cmsRun -j /scratch/condor/dir_15957/glide_VoV9nl/execute/dir_31785/crab_fjr_45.xml -p pset.py      
 Feb 02 21:16:54 GMT	2025	1431748	1863428	139	430	7599	cmsRun -j /scratch/condor/dir_15957/glide_VoV9nl/execute/dir_31785/crab_fjr_45.xml -p pset.py      
 Feb 02 21:17:54 GMT	2025	1431748	1868804	139	433	7659	cmsRun -j /scratch/condor/dir_15957/glide_VoV9nl/execute/dir_31785/crab_fjr_45.xml -p pset.py      
 Feb 02 21:18:54 GMT	---	1431748	1868804	162	----	----	----
 Feb 02 21:44:04 GMT	2025	1431748	1873412	162	503	9229	cmsRun -j /scratch/condor/dir_15957/glide_VoV9nl/execute/dir_31785/crab_fjr_45.xml -p pset.py      
 Feb 02 21:45:04 GMT	2025	1431748	1875972	162	507	9289	cmsRun -j /scratch/condor/dir_15957/glide_VoV9nl/execute/dir_31785/crab_fjr_45.xml -p pset.py      
 Feb 02 21:47:05 GMT	---	1431748	1875972	184	----	----	----
 Feb 02 22:00:08 GMT	2025	1431748	1877508	184	553	10193	cmsRun -j /scratch/condor/dir_15957/glide_VoV9nl/execute/dir_31785/crab_fjr_45.xml -p pset.py      
# TIME			PID	RSS(KB)	VSZ(KB)	Dsk(MB)	tCPU(s)	tWALL(s)	COMMAND
# TIME			PID	RSS(KB)	VSZ(KB)	Dsk(MB)	tCPU(s)	tWALL(s)	COMMAND
 Feb 02 22:02:09 GMT	2025	1431748	1877764	184	557	10314	cmsRun -j /scratch/condor/dir_15957/glide_VoV9nl/execute/dir_31785/crab_fjr_45.xml -p pset.py      
 Feb 02 22:03:09 GMT	2025	1431748	1883908	184	560	10374	cmsRun -j /scratch/condor/dir_15957/glide_VoV9nl/execute/dir_31785/crab_fjr_45.xml -p pset.py      
 Feb 02 22:12:13 GMT	2025	1431748	1889028	184	569	10918	cmsRun -j /scratch/condor/dir_15957/glide_VoV9nl/execute/dir_31785/crab_fjr_45.xml -p pset.py      
 Feb 02 22:13:13 GMT	2025	1431748	1908484	184	585	10978	cmsRun -j /scratch/condor/dir_15957/glide_VoV9nl/execute/dir_31785/crab_fjr_45.xml -p pset.py      
 Feb 02 22:14:13 GMT	2025	1431748	1911300	184	589	11039	cmsRun -j /scratch/condor/dir_15957/glide_VoV9nl/execute/dir_31785/crab_fjr_45.xml -p pset.py      
 Feb 02 22:15:14 GMT	2025	1431748	1914372	184	594	11099	cmsRun -j /scratch/condor/dir_15957/glide_VoV9nl/execute/dir_31785/crab_fjr_45.xml -p pset.py      
 Feb 02 22:16:14 GMT	2025	1431748	1915140	184	615	11159	cmsRun -j /scratch/condor/dir_15957/glide_VoV9nl/execute/dir_31785/crab_fjr_45.xml -p pset.py      
 Feb 02 22:16:14 GMT	---	1431748	1915140	207	----	----	----
 Feb 02 22:18:14 GMT	2025	1431748	1927180	207	629	11280	cmsRun -j /scratch/condor/dir_15957/glide_VoV9nl/execute/dir_31785/crab_fjr_45.xml -p pset.py      
 Feb 02 22:25:16 GMT	2025	1431748	1938188	207	646	11701	cmsRun -j /scratch/condor/dir_15957/glide_VoV9nl/execute/dir_31785/crab_fjr_45.xml -p pset.py      
 Feb 02 22:26:16 GMT	2025	1431748	1941260	207	653	11762	cmsRun -j /scratch/condor/dir_15957/glide_VoV9nl/execute/dir_31785/crab_fjr_45.xml -p pset.py      
 Feb 02 22:27:17 GMT	2025	1431748	1961228	207	666	11822	cmsRun -j /scratch/condor/dir_15957/glide_VoV9nl/execute/dir_31785/crab_fjr_45.xml -p pset.py      
 Feb 02 22:28:17 GMT	2025	1433924	1961228	207	671	11882	cmsRun -j /scratch/condor/dir_15957/glide_VoV9nl/execute/dir_31785/crab_fjr_45.xml -p pset.py      
 Feb 02 22:30:17 GMT	---	1433924	1961228	227	----	----	----
 Feb 02 22:39:21 GMT	---	1433924	1961228	248	----	----	----
 Feb 02 22:46:22 GMT	2025	1433924	1980428	248	820	12967	cmsRun -j /scratch/condor/dir_15957/glide_VoV9nl/execute/dir_31785/crab_fjr_45.xml -p pset.py      
 Feb 02 22:47:22 GMT	---	1433924	1980428	271	----	----	----
********** WATCHDOG LOG ENDED
ZIPPING WATCHDOG LOG
Disk space used:
du -sh /scratch/condor/dir_15957/glide_VoV9nl/execute/dir_31785
271M	/scratch/condor/dir_15957/glide_VoV9nl/execute/dir_31785
Found unusual stdout, rename for OSB
`/scratch/condor/dir_15957/glide_VoV9nl/execute/dir_31785/_condor_stdout' -> `CMSSW_45.stdout'
Found unusual stderr, rename for OSB
`/scratch/condor/dir_15957/glide_VoV9nl/execute/dir_31785/_condor_stdout' -> `CMSSW_45.stderr'
crab_fjr_45.xml
CMSSW_45.stdout
CMSSW_45.stderr
Watchdog_45.log.gz
Total Output dimension: 24659
WARNING: output files size limit is set to: 50000000
Total Output dimension 24659 is fine.
JOB_EXIT_STATUS = 0
>>> info for dashboard:
***** Cat /scratch/condor/dir_15957/glide_VoV9nl/execute/dir_31785/jobreport.txt *****
MonitorJobID=45_https://submit-6.t2.ucsd.edu//150202//509447.44
MonitorID=dcieri_PU140_4dm08r
ExeTime=13017
ExeExitCode=0
StageOutExitStatusReason = 'Copy succedeed with srm-lcg utils'
StageOutSE = heplnx204.pp.rl.ac.uk
StageOutExitStatus = 0
CrabUserCpuTime=805.23
CrabSysCpuTime=39.66
CrabCpuPercentage=6%
CrabWrapperTime=13079
CrabStageoutTime=48
JobExitCode=0
***** End Cat jobreport *****
Parameters sent to Dashboard.
EXITING at Mon Feb  2 22:48:12 GMT 2015  -  Mon Feb  2 22:48:12 UTC 2015
