This script was generated by crab (version 2.11.1_patch1).
Running /scratch/condor/dir_25310/glide_deXccO/execute/dir_29228/condor_exec.exe with 2 positional parameters: 423 1
Today is Mon Feb  2 20:56:56 GMT 2015 - Mon Feb  2 20:56:56 UTC 2015
Job submitted on host heplnc341.pp.rl.ac.uk
Linux heplnc341.pp.rl.ac.uk 2.6.32-504.8.1.el6.x86_64 #1 SMP Tue Jan 27 13:39:10 CST 2015 x86_64 x86_64 x86_64 GNU/Linux
Distributor ID:	Scientific
Description:	Scientific Linux release 6.6 (Carbon)
>>> current directory (RUNTIME_AREA): /scratch/condor/dir_25310/glide_deXccO/execute/dir_29228
>>> current user: uid=157415(cms415) gid=157000(gplcms) groups=157000(gplcms)
>>> directory permission set to 0700
>>> umask set to:  u=rwx,g=,o=
>>> stdout stderr permission set to 0704
>>> voms proxy information:
subject   : /DC=ch/DC=cern/OU=Organic Units/OU=Users/CN=dcieri/CN=755391/CN=Davide Cieri/CN=769881070/CN=2834295
issuer    : /DC=ch/DC=cern/OU=Organic Units/OU=Users/CN=dcieri/CN=755391/CN=Davide Cieri/CN=769881070
identity  : /DC=ch/DC=cern/OU=Organic Units/OU=Users/CN=dcieri/CN=755391/CN=Davide Cieri
type      : RFC3820 compliant limited proxy
strength  : 1024
path      : /scratch/condor/dir_25310/glide_deXccO/execute/dir_29228/x509up_u62281
timeleft  : 23:57:46
key usage : Digital Signature, Key Encipherment
=== VO cms extension information ===
VO        : cms
subject   : /DC=ch/DC=cern/OU=Organic Units/OU=Users/CN=dcieri/CN=755391/CN=Davide Cieri
issuer    : /DC=ch/DC=cern/OU=computers/CN=lcg-voms2.cern.ch
attribute : /cms/Role=NULL/Capability=NULL
timeleft  : 183:19:29
uri       : lcg-voms2.cern.ch:15002

WNHostName=heplnc341.pp.rl.ac.uk
$_CONDOR_JOB_AD =/scratch/condor/dir_25310/glide_deXccO/execute/dir_29228/.job.ad
OverflowFlag=0
>>> tar --no-same-permissions -xf /scratch/condor/dir_25310/glide_deXccO/execute/dir_29228/default.tgz :
Successful untar
>>> Include /scratch/condor/dir_25310/glide_deXccO/execute/dir_29228 in PYTHONPATH:
strip arguments
env var CRAB_UNIQUE_JOB_ID set to: dcieri_PU140_4dm08r_423_1_zk3
out_files_423
>>> list of expected files on output sandbox
output files: crab_fjr_423.xml CMSSW_423.stdout CMSSW_423.stderr Watchdog_423.log.gz
>>> GridFlavour discovery: 
GridFlavour=LCG
>>> SyncSite discovery: 
SyncSite=T2_UK_SGrid_RALPP
>>> SyncCE discovery: 
getting SyncCE from GLIDEIN_Gaekeeper
SyncCE=heplnv147.pp.rl.ac.uk
>>> info for dashboard:
***** Cat /scratch/condor/dir_25310/glide_deXccO/execute/dir_29228/jobreport.txt *****
WNHostName=heplnc341.pp.rl.ac.uk
OverflowFlag=0
MonitorJobID=423_https://submit-6.t2.ucsd.edu//150202//509448.22
SyncGridJobId=https://submit-6.t2.ucsd.edu//150202//509448.22
MonitorID=dcieri_PU140_4dm08r
GridFlavour=LCG
SyncSite=T2_UK_SGrid_RALPP
SyncCE=heplnv147.pp.rl.ac.uk
***** End Cat jobreport *****
Parameters sent to Dashboard.
>>> setup environment
set SCRAM ARCH to slc6_amd64_gcc472
SCRAM_ARCH = slc6_amd64_gcc472
>>> setup CMS LCG environment:
set SCRAM ARCH and BUILD_ARCH to slc6_amd64_gcc472 ###
Sourcing environment... 
sourcing /cvmfs/cms.cern.ch/cmsset_default.sh
==> setup cms environment ok
>>> specific cmssw setup environment:
CMSSW_VERSION =  CMSSW_6_2_0_SLHC12
WARNING: In non-interactive mode release checks e.g. deprecated releases, production architectures are disabled.
>>> current directory (SOFTWARE_DIR): /scratch/condor/dir_25310/glide_deXccO/execute/dir_29228/CMSSW_6_2_0_SLHC12
PreserveSeeds: <>
IncrementSeeds:<>
>>> info for dashboard:
***** Cat /scratch/condor/dir_25310/glide_deXccO/execute/dir_29228/jobreport.txt *****
MonitorJobID=423_https://submit-6.t2.ucsd.edu//150202//509448.22
MonitorID=dcieri_PU140_4dm08r
***** End Cat jobreport *****
Parameters sent to Dashboard.
crabWatchdog started as process 31251
>>> moving CMSSW software directories in /scratch/condor/dir_25310/glide_deXccO/execute/dir_29228/CMSSW_6_2_0_SLHC12
mv: cannot stat `/scratch/condor/dir_25310/glide_deXccO/execute/dir_29228/module/': No such file or directory
>>> Include /scratch/condor/dir_25310/glide_deXccO/execute/dir_29228 in PYTHONPATH:
PYTHONPATH=/scratch/condor/dir_25310/glide_deXccO/execute/dir_29228/:/scratch/condor/dir_25310/glide_deXccO/execute/dir_29228/CMSSW_6_2_0_SLHC12/python:/scratch/condor/dir_25310/glide_deXccO/execute/dir_29228/CMSSW_6_2_0_SLHC12/lib/slc6_amd64_gcc472:/cvmfs/cms.cern.ch/slc6_amd64_gcc472/cms/cmssw/CMSSW_6_2_0_SLHC12/python:/cvmfs/cms.cern.ch/slc6_amd64_gcc472/cms/cmssw/CMSSW_6_2_0_SLHC12/lib/slc6_amd64_gcc472:/cvmfs/cms.cern.ch/slc6_amd64_gcc472/cms/coral/CORAL_2_3_21-cms35/slc6_amd64_gcc472/python:/cvmfs/cms.cern.ch/slc6_amd64_gcc472/cms/coral/CORAL_2_3_21-cms35/slc6_amd64_gcc472/lib:/cvmfs/cms.cern.ch/slc6_amd64_gcc472/external/python-ldap/2.3.5-cms5/lib/python2.7/site-packages:/cvmfs/cms.cern.ch/slc6_amd64_gcc472/external/pyqt/4.8.1-cms5/lib/python2.7/site-packages:/cvmfs/cms.cern.ch/slc6_amd64_gcc472/external/py2-scipy/0.8.0-cms7/lib/python2.7/site-packages:/cvmfs/cms.cern.ch/slc6_amd64_gcc472/external/py2-matplotlib/1.0.1-cms7/lib/python2.7/site-packages:/cvmfs/cms.cern.ch/slc6_amd64_gcc472/external/sip/4.11.2-cms5/lib/python2.7/site-packages:/cvmfs/cms.cern.ch/slc6_amd64_gcc472/external/py2-pycurl/7.19.0-cms7/lib/python2.7/site-packages:/cvmfs/cms.cern.ch/slc6_amd64_gcc472/external/py2-numpy/1.6.1-cms7/lib/python2.7/site-packages:/cvmfs/cms.cern.ch/slc6_amd64_gcc472/external/py2-lint/0.25.1-cms5/lib/python2.7/site-packages:/cvmfs/cms.cern.ch/slc6_amd64_gcc472/external/py2-ipython/0.10-cms5/lib/python2.7/site-packages:/cvmfs/cms.cern.ch/slc6_amd64_gcc472/external/py2-cx-oracle/5.1-cms5/lib/python2.7/site-packages:/cvmfs/cms.cern.ch/slc6_amd64_gcc472/external/py2-cjson/1.0.5-cms5/lib/python2.7/site-packages:/cvmfs/cms.cern.ch/slc6_amd64_gcc472/cms/das-client/1.11.7/bin:/cvmfs/cms.cern.ch/slc6_amd64_gcc472/external/elementtree/1.2.6-cms5/share/lib/python2.7/site-packages:/cvmfs/cms.cern.ch/slc6_amd64_gcc472/external/rivet/1.8.2-cms9/lib/python2.7/site-packages:/cvmfs/cms.cern.ch/slc6_amd64_gcc472/external/pyminuit2/0.0.1-cms19/lib/python2.7/site-packages:/cvmfs/cms.cern.ch/slc6_amd64_gcc472/external/py2-pygithub/1.23.0-cms2/lib/python2.7/site-packages:/cvmfs/cms.cern.ch/slc6_amd64_gcc472/external/professor/1.0.0-cms19/lib/python2.7/site-packages:/cvmfs/cms.cern.ch/slc6_amd64_gcc472/lcg/root/5.34.07-cms/lib:/cvmfs/cms.cern.ch/slc6_amd64_gcc472/cms/dbs-client/DBS_2_1_9-cms5/lib:/cvmfs/cms.cern.ch/slc6_amd64_gcc472/cms/dbs-client/DBS_2_1_9-cms5/lib/DBSAPI:/cvmfs/cms.cern.ch/slc6_amd64_gcc472/external/cvs2git/5419-cms/lib:/scratch/condor/dir_25310/glide_deXccO/execute/dir_29228/
 
# LIMITS USED BY CRAB WATCHDOG:
# RSS  (KBytes)   : 2300000
# VSZ  (KBytes)   : 100000000
# DISK (MBytes)   : 19000
# CPU TIME        : 720h:0m:0s
# WALL CLOCK TIME : 21h:50m:0s
 
3c0380cf82de79bc39966c93934c61fc
PSETHASH = 3c0380cf82de79bc39966c93934c61fc
/scratch/condor/dir_25310/glide_deXccO/execute/dir_29228/writeCfg.py pset.py pset.py
Importing .py file
Setting parameters
RandomNumberGeneratorService found, will attempt to change seeds
inputBlocks=/ttbar/dcieri-ttbar_SIM-130075366148575c102f0d64fd3ac8f7/USER#42cb1519-7f11-43e2-ab9a-a013bd5404ac
inputFiles=/store/user/dcieri/ttbar_SIM/ttbar/ttbar_SIM/150129_145223/0000/step1_88.root
parentFiles=
lumisRange=
>>> Executable cmsRun
/cvmfs/cms.cern.ch/slc6_amd64_gcc472/cms/cmssw/CMSSW_6_2_0_SLHC12/bin/slc6_amd64_gcc472/cmsRun
ok executable found
>>> info for dashboard:
***** Cat /scratch/condor/dir_25310/glide_deXccO/execute/dir_29228/jobreport.txt *****
MonitorJobID=423_https://submit-6.t2.ucsd.edu//150202//509448.22
MonitorID=dcieri_PU140_4dm08r
ExeStart=cmsRun
***** End Cat jobreport *****
Parameters sent to Dashboard.
>>> cmsRun started at Mon Feb  2 20:57:03 UTC 2015
>>> cmsRun ended at Mon Feb  2 23:09:36 UTC 2015
>>> crab_fjr_*.xml  permission set to 0704
>>> info for dashboard:
***** Cat /scratch/condor/dir_25310/glide_deXccO/execute/dir_29228/jobreport.txt *****
MonitorJobID=423_https://submit-6.t2.ucsd.edu//150202//509448.22
MonitorID=dcieri_PU140_4dm08r
ExeEnd=cmsRun
***** End Cat jobreport *****
Parameters sent to Dashboard.
TIME_EXE = 7953 sec
>>> cmsRun wrote 215 lines of stdout+stderr
>>> START OF printout of 215 lines from stdout+stderr
271 DQMStore::DQMStore 
HcalTopologyIdealEP::HcalTopologyIdealEP
02-Feb-2015 20:57:11 GMT  Initiating request to open file root://dcap.pp.rl.ac.uk:1094/pnfs/pp.rl.ac.uk/data/cms/store/user/dcieri/ttbar_SIM/ttbar/ttbar_SIM/150129_145223/0000/step1_88.root
150202 20:57:13 31497 Xrd: CheckErrorStatus: Server [heplnx210.pp.rl.ac.uk:1094] declared: Request 3018 not supported(error code: 3013)
02-Feb-2015 20:57:13 GMT  Successfully opened file root://dcap.pp.rl.ac.uk:1094/pnfs/pp.rl.ac.uk/data/cms/store/user/dcieri/ttbar_SIM/ttbar/ttbar_SIM/150129_145223/0000/step1_88.root
02-Feb-2015 20:57:14 GMT  Initiating request to open file root://xrootd.unl.edu//store/group/dpg_trigger/comm_trigger/L1TrackTrigger/620_SLHC10/Extended2023TTI/MinBias/MinBias_TuneZ2star_GEN_SIM_1.root
02-Feb-2015 20:57:39 GMT  Successfully opened file root://xrootd.unl.edu//store/group/dpg_trigger/comm_trigger/L1TrackTrigger/620_SLHC10/Extended2023TTI/MinBias/MinBias_TuneZ2star_GEN_SIM_1.root
disableME1a = 0
HcalTopologyIdealEP::produce(const IdealGeometryRecord& iRecord)
mode = 2, maxDepthHB = 3, maxDepthHE = 5
RPCGeometryESModule :: produce
RPCGeometryESModule :: produce :: 1/4 Get Muon Ideal Geometry Record
RPCGeometryESModule :: produce :: 2/4 Get Muon DDD Constants
RPCGeometryESModule :: produce :: 3/4 Get Muon Numbering Record
in MuonNumberingInitialization::initializeMuonDDDConstants
about to make my new muonDDDConst_
in MuonNumberingInitialization::produce
RPCGeometryESModule :: produce :: 4/4 Build
Found:

	Barrel Stack layer 5 : 1008 stacks
	Barrel Stack layer 6 : 1320 stacks
	Barrel Stack layer 7 : 1836 stacks
	Barrel Stack layer 8 : 1152 stacks
	Barrel Stack layer 9 : 1488 stacks
	Barrel Stack layer 10 : 1824 stacks

	Endcap Stack disk 11 : 1360 stacks
	Endcap Stack disk 12 : 1360 stacks
	Endcap Stack disk 13 : 1360 stacks
	Endcap Stack disk 14 : 1360 stacks
	Endcap Stack disk 15 : 1360 stacks
Created 15428 stacks in 14 s

TTClusterBuilder< edm::Ref<edm::DetSetVector<PixelDigi>, PixelDigi, edm::refhelper::FindForDetSetVector<PixelDigi> > > loaded modules:
	TTClusterAlgorithm:	TTClusterAlgorithm_2d2013< edm::Ref<edm::DetSetVector<PixelDigi>, PixelDigi, edm::refhelper::FindForDetSetVector<PixelDigi> > >


TTStubBuilder< edm::Ref<edm::DetSetVector<PixelDigi>, PixelDigi, edm::refhelper::FindForDetSetVector<PixelDigi> > > loaded modules:
	TTStubAlgorithm:	TTStubAlgorithm_tab2013< edm::Ref<edm::DetSetVector<PixelDigi>, PixelDigi, edm::refhelper::FindForDetSetVector<PixelDigi> > >


TTClusterAssociator< edm::Ref<edm::DetSetVector<PixelDigi>, PixelDigi, edm::refhelper::FindForDetSetVector<PixelDigi> > > loaded.


TTStubAssociator< edm::Ref<edm::DetSetVector<PixelDigi>, PixelDigi, edm::refhelper::FindForDetSetVector<PixelDigi> > > loaded.


TTTrackAssociator< edm::Ref<edm::DetSetVector<PixelDigi>, PixelDigi, edm::refhelper::FindForDetSetVector<PixelDigi> > > loaded.

Begin processing the 1st record. Run 1, Event 871, LumiSection 88 at 02-Feb-2015 20:58:09.386 GMT
02-Feb-2015 20:58:15 GMT  Closed file root://xrootd.unl.edu//store/group/dpg_trigger/comm_trigger/L1TrackTrigger/620_SLHC10/Extended2023TTI/MinBias/MinBias_TuneZ2star_GEN_SIM_1.root
02-Feb-2015 20:58:15 GMT  Initiating request to open file root://xrootd.unl.edu//store/group/dpg_trigger/comm_trigger/L1TrackTrigger/620_SLHC10/Extended2023TTI/MinBias/MinBias_TuneZ2star_GEN_SIM_544.root
02-Feb-2015 20:58:47 GMT  Successfully opened file root://xrootd.unl.edu//store/group/dpg_trigger/comm_trigger/L1TrackTrigger/620_SLHC10/Extended2023TTI/MinBias/MinBias_TuneZ2star_GEN_SIM_544.root
150202 21:03:42 32219 Xrd: XrdClientMessage::ReadRaw: Failed to read header (8 bytes).
150202 21:04:12 32217 Xrd: XrdClientMessage::ReadRaw: Failed to read header (8 bytes).
02-Feb-2015 21:07:49 GMT  Closed file root://xrootd.unl.edu//store/group/dpg_trigger/comm_trigger/L1TrackTrigger/620_SLHC10/Extended2023TTI/MinBias/MinBias_TuneZ2star_GEN_SIM_544.root
02-Feb-2015 21:07:49 GMT  Initiating request to open file root://xrootd.unl.edu//store/group/dpg_trigger/comm_trigger/L1TrackTrigger/620_SLHC10/Extended2023TTI/MinBias/MinBias_TuneZ2star_GEN_SIM_619.root
150202 21:09:33 15696 Xrd: CheckErrorStatus: Server [xrootd-redic.pi.infn.it:1094] declared: session not found(error code: 3011)
02-Feb-2015 21:09:33 GMT  Successfully opened file root://xrootd.unl.edu//store/group/dpg_trigger/comm_trigger/L1TrackTrigger/620_SLHC10/Extended2023TTI/MinBias/MinBias_TuneZ2star_GEN_SIM_619.root
150202 21:13:12 1095 Xrd: XrdClientMessage::ReadRaw: Failed to read header (8 bytes).
150202 21:14:42 22597 Xrd: XrdClientMessage::ReadRaw: Failed to read header (8 bytes).
02-Feb-2015 21:16:55 GMT  Closed file root://xrootd.unl.edu//store/group/dpg_trigger/comm_trigger/L1TrackTrigger/620_SLHC10/Extended2023TTI/MinBias/MinBias_TuneZ2star_GEN_SIM_619.root
02-Feb-2015 21:16:55 GMT  Initiating request to open file root://xrootd.unl.edu//store/group/dpg_trigger/comm_trigger/L1TrackTrigger/620_SLHC10/Extended2023TTI/MinBias/MinBias_TuneZ2star_GEN_SIM_564.root
150202 21:17:25 31638 Xrd: XrdClientMessage::ReadRaw: Failed to read header (8 bytes).
150202 21:17:25 32429 Xrd: CheckErrorStatus: Server [llrxrd-redir.in2p3.fr:1094] declared: session not found(error code: 3011)
02-Feb-2015 21:17:25 GMT  Successfully opened file root://xrootd.unl.edu//store/group/dpg_trigger/comm_trigger/L1TrackTrigger/620_SLHC10/Extended2023TTI/MinBias/MinBias_TuneZ2star_GEN_SIM_564.root
150202 21:17:42 32216 Xrd: XrdClientMessage::ReadRaw: Failed to read header (8 bytes).
Building the geometry service
Warning did not find digi
Warning did not find digi
Warning did not find digi
Warning did not find digi
Warning did not find digi in disks
Warning did not find digi in disks
Warning did not find digi in disks
Warning did not find digi in disks
150202 21:22:12 22598 Xrd: XrdClientMessage::ReadRaw: Failed to read header (8 bytes).
150202 21:22:19 31637 Xrd: XrdClientMessage::ReadRaw: Failed to read header (8 bytes).
150202 21:22:42 833 Xrd: XrdClientMessage::ReadRaw: Failed to read header (8 bytes).
02-Feb-2015 21:26:43 GMT  Closed file root://xrootd.unl.edu//store/group/dpg_trigger/comm_trigger/L1TrackTrigger/620_SLHC10/Extended2023TTI/MinBias/MinBias_TuneZ2star_GEN_SIM_564.root
02-Feb-2015 21:26:43 GMT  Initiating request to open file root://xrootd.unl.edu//store/group/dpg_trigger/comm_trigger/L1TrackTrigger/620_SLHC10/Extended2023TTI/MinBias/MinBias_TuneZ2star_GEN_SIM_775.root
150202 21:27:03 14203 Xrd: CheckErrorStatus: Server [llrxrd-redir.in2p3.fr:1094] declared: session not found(error code: 3011)
150202 21:27:03 14203 Xrd: CheckErrorStatus: Server [eoscms.cern.ch:1094] declared: session not found(error code: 3011)
02-Feb-2015 21:27:03 GMT  Successfully opened file root://xrootd.unl.edu//store/group/dpg_trigger/comm_trigger/L1TrackTrigger/620_SLHC10/Extended2023TTI/MinBias/MinBias_TuneZ2star_GEN_SIM_775.root
150202 21:29:42 1094 Xrd: XrdClientMessage::ReadRaw: Failed to read header (8 bytes).
150202 21:32:12 14523 Xrd: XrdClientMessage::ReadRaw: Failed to read header (8 bytes).
150202 21:32:12 834 Xrd: XrdClientMessage::ReadRaw: Failed to read header (8 bytes).
02-Feb-2015 21:35:24 GMT  Closed file root://xrootd.unl.edu//store/group/dpg_trigger/comm_trigger/L1TrackTrigger/620_SLHC10/Extended2023TTI/MinBias/MinBias_TuneZ2star_GEN_SIM_775.root
02-Feb-2015 21:35:24 GMT  Initiating request to open file root://xrootd.unl.edu//store/group/dpg_trigger/comm_trigger/L1TrackTrigger/620_SLHC10/Extended2023TTI/MinBias/MinBias_TuneZ2star_GEN_SIM_255.root
150202 21:35:55 25716 Xrd: CheckErrorStatus: Server [llrxrd-redir.in2p3.fr:1094] declared: session not found(error code: 3011)
150202 21:35:55 25716 Xrd: CheckErrorStatus: Server [eoscms.cern.ch:1094] declared: session not found(error code: 3011)
02-Feb-2015 21:35:55 GMT  Successfully opened file root://xrootd.unl.edu//store/group/dpg_trigger/comm_trigger/L1TrackTrigger/620_SLHC10/Extended2023TTI/MinBias/MinBias_TuneZ2star_GEN_SIM_255.root
150202 21:40:42 14557 Xrd: XrdClientMessage::ReadRaw: Failed to read header (8 bytes).
150202 21:41:12 26080 Xrd: XrdClientMessage::ReadRaw: Failed to read header (8 bytes).
02-Feb-2015 21:45:32 GMT  Closed file root://xrootd.unl.edu//store/group/dpg_trigger/comm_trigger/L1TrackTrigger/620_SLHC10/Extended2023TTI/MinBias/MinBias_TuneZ2star_GEN_SIM_255.root
02-Feb-2015 21:45:32 GMT  Initiating request to open file root://xrootd.unl.edu//store/group/dpg_trigger/comm_trigger/L1TrackTrigger/620_SLHC10/Extended2023TTI/MinBias/MinBias_TuneZ2star_GEN_SIM_676.root
150202 21:46:03 6860 Xrd: CheckErrorStatus: Server [cms-xrd-global.cern.ch:1094] declared: session not found(error code: 3011)
150202 21:46:03 6860 Xrd: CheckErrorStatus: Server [xrootd-redic.pi.infn.it:1094] declared: session not found(error code: 3011)
02-Feb-2015 21:46:03 GMT  Successfully opened file root://xrootd.unl.edu//store/group/dpg_trigger/comm_trigger/L1TrackTrigger/620_SLHC10/Extended2023TTI/MinBias/MinBias_TuneZ2star_GEN_SIM_676.root
150202 21:50:42 26081 Xrd: XrdClientMessage::ReadRaw: Failed to read header (8 bytes).
150202 21:51:11 7339 Xrd: XrdClientMessage::ReadRaw: Failed to read header (8 bytes).
02-Feb-2015 21:53:24 GMT  Closed file root://xrootd.unl.edu//store/group/dpg_trigger/comm_trigger/L1TrackTrigger/620_SLHC10/Extended2023TTI/MinBias/MinBias_TuneZ2star_GEN_SIM_676.root
02-Feb-2015 21:53:24 GMT  Initiating request to open file root://xrootd.unl.edu//store/group/dpg_trigger/comm_trigger/L1TrackTrigger/620_SLHC10/Extended2023TTI/MinBias/MinBias_TuneZ2star_GEN_SIM_741.root
150202 21:53:54 17421 Xrd: CheckErrorStatus: Server [llrxrd-redir.in2p3.fr:1094] declared: session not found(error code: 3011)
02-Feb-2015 21:53:54 GMT  Successfully opened file root://xrootd.unl.edu//store/group/dpg_trigger/comm_trigger/L1TrackTrigger/620_SLHC10/Extended2023TTI/MinBias/MinBias_TuneZ2star_GEN_SIM_741.root
150202 21:58:42 7340 Xrd: XrdClientMessage::ReadRaw: Failed to read header (8 bytes).
150202 21:59:12 18010 Xrd: XrdClientMessage::ReadRaw: Failed to read header (8 bytes).
02-Feb-2015 22:00:40 GMT  Closed file root://xrootd.unl.edu//store/group/dpg_trigger/comm_trigger/L1TrackTrigger/620_SLHC10/Extended2023TTI/MinBias/MinBias_TuneZ2star_GEN_SIM_741.root
02-Feb-2015 22:00:40 GMT  Initiating request to open file root://xrootd.unl.edu//store/group/dpg_trigger/comm_trigger/L1TrackTrigger/620_SLHC10/Extended2023TTI/MinBias/MinBias_TuneZ2star_GEN_SIM_652.root
150202 22:01:10 30641 Xrd: CheckErrorStatus: Server [llrxrd-redir.in2p3.fr:1094] declared: session not found(error code: 3011)
02-Feb-2015 22:01:11 GMT  Successfully opened file root://xrootd.unl.edu//store/group/dpg_trigger/comm_trigger/L1TrackTrigger/620_SLHC10/Extended2023TTI/MinBias/MinBias_TuneZ2star_GEN_SIM_652.root
02-Feb-2015 22:05:11 GMT  Closed file root://xrootd.unl.edu//store/group/dpg_trigger/comm_trigger/L1TrackTrigger/620_SLHC10/Extended2023TTI/MinBias/MinBias_TuneZ2star_GEN_SIM_652.root
02-Feb-2015 22:05:11 GMT  Initiating request to open file root://xrootd.unl.edu//store/group/dpg_trigger/comm_trigger/L1TrackTrigger/620_SLHC10/Extended2023TTI/MinBias/MinBias_TuneZ2star_GEN_SIM_276.root
150202 22:05:42 18011 Xrd: XrdClientMessage::ReadRaw: Failed to read header (8 bytes).
150202 22:06:12 7338 Xrd: XrdClientMessage::ReadRaw: Failed to read header (8 bytes).
150202 22:06:12 32466 Xrd: XrdClientMessage::ReadRaw: Failed to read header (8 bytes).
150202 22:09:28 4385 Xrd: CheckErrorStatus: Server [cms-xrd-global.cern.ch:1094] declared: session not found(error code: 3011)
150202 22:09:28 4385 Xrd: CheckErrorStatus: Server [xrootd.ba.infn.it:1094] declared: session not found(error code: 3011)
02-Feb-2015 22:09:28 GMT  Successfully opened file root://xrootd.unl.edu//store/group/dpg_trigger/comm_trigger/L1TrackTrigger/620_SLHC10/Extended2023TTI/MinBias/MinBias_TuneZ2star_GEN_SIM_276.root
150202 22:10:42 32467 Xrd: XrdClientMessage::ReadRaw: Failed to read header (8 bytes).
02-Feb-2015 22:11:36 GMT  Closed file root://xrootd.unl.edu//store/group/dpg_trigger/comm_trigger/L1TrackTrigger/620_SLHC10/Extended2023TTI/MinBias/MinBias_TuneZ2star_GEN_SIM_276.root
02-Feb-2015 22:11:36 GMT  Initiating request to open file root://xrootd.unl.edu//store/group/dpg_trigger/comm_trigger/L1TrackTrigger/620_SLHC10/Extended2023TTI/MinBias/MinBias_TuneZ2star_GEN_SIM_240.root
02-Feb-2015 22:12:07 GMT  Successfully opened file root://xrootd.unl.edu//store/group/dpg_trigger/comm_trigger/L1TrackTrigger/620_SLHC10/Extended2023TTI/MinBias/MinBias_TuneZ2star_GEN_SIM_240.root
02-Feb-2015 22:16:37 GMT  Closed file root://xrootd.unl.edu//store/group/dpg_trigger/comm_trigger/L1TrackTrigger/620_SLHC10/Extended2023TTI/MinBias/MinBias_TuneZ2star_GEN_SIM_240.root
02-Feb-2015 22:16:37 GMT  Initiating request to open file root://xrootd.unl.edu//store/group/dpg_trigger/comm_trigger/L1TrackTrigger/620_SLHC10/Extended2023TTI/MinBias/MinBias_TuneZ2star_GEN_SIM_352.root
150202 22:16:37 9651 Xrd: XrdClientMessage::ReadRaw: Failed to read header (8 bytes).
150202 22:17:12 9650 Xrd: XrdClientMessage::ReadRaw: Failed to read header (8 bytes).
150202 22:21:12 832 Xrd: XrdClientMessage::ReadRaw: Failed to read header (8 bytes).
150202 22:21:42 12316 Xrd: XrdClientMessage::ReadRaw: Failed to read header (8 bytes).
150202 22:24:37 16943 Xrd: CheckErrorStatus: Server [cms-xrd-global.cern.ch:1094] declared: session not found(error code: 3011)
150202 22:24:37 16943 Xrd: CheckErrorStatus: Server [llrxrd-redir.in2p3.fr:1094] declared: session not found(error code: 3011)
02-Feb-2015 22:24:37 GMT  Successfully opened file root://xrootd.unl.edu//store/group/dpg_trigger/comm_trigger/L1TrackTrigger/620_SLHC10/Extended2023TTI/MinBias/MinBias_TuneZ2star_GEN_SIM_352.root
150202 22:29:42 24980 Xrd: XrdClientMessage::ReadRaw: Failed to read header (8 bytes).
02-Feb-2015 22:29:51 GMT  Closed file root://xrootd.unl.edu//store/group/dpg_trigger/comm_trigger/L1TrackTrigger/620_SLHC10/Extended2023TTI/MinBias/MinBias_TuneZ2star_GEN_SIM_352.root
02-Feb-2015 22:29:51 GMT  Initiating request to open file root://xrootd.unl.edu//store/group/dpg_trigger/comm_trigger/L1TrackTrigger/620_SLHC10/Extended2023TTI/MinBias/MinBias_TuneZ2star_GEN_SIM_99.root
150202 22:30:12 29785 Xrd: CheckErrorStatus: Server [cms-xrd-global.cern.ch:1094] declared: session not found(error code: 3011)
150202 22:30:12 29785 Xrd: CheckErrorStatus: Server [xrootd-redic.pi.infn.it:1094] declared: session not found(error code: 3011)
02-Feb-2015 22:30:13 GMT  Successfully opened file root://xrootd.unl.edu//store/group/dpg_trigger/comm_trigger/L1TrackTrigger/620_SLHC10/Extended2023TTI/MinBias/MinBias_TuneZ2star_GEN_SIM_99.root
150202 22:32:12 9649 Xrd: XrdClientMessage::ReadRaw: Failed to read header (8 bytes).
02-Feb-2015 22:34:51 GMT  Closed file root://xrootd.unl.edu//store/group/dpg_trigger/comm_trigger/L1TrackTrigger/620_SLHC10/Extended2023TTI/MinBias/MinBias_TuneZ2star_GEN_SIM_99.root
02-Feb-2015 22:34:51 GMT  Initiating request to open file root://xrootd.unl.edu//store/group/dpg_trigger/comm_trigger/L1TrackTrigger/620_SLHC10/Extended2023TTI/MinBias/MinBias_TuneZ2star_GEN_SIM_114.root
150202 22:35:12 24981 Xrd: XrdClientMessage::ReadRaw: Failed to read header (8 bytes).
150202 22:35:22 30031 Xrd: XrdClientMessage::ReadRaw: Failed to read header (8 bytes).
02-Feb-2015 22:35:22 GMT  Successfully opened file root://xrootd.unl.edu//store/group/dpg_trigger/comm_trigger/L1TrackTrigger/620_SLHC10/Extended2023TTI/MinBias/MinBias_TuneZ2star_GEN_SIM_114.root
02-Feb-2015 22:39:04 GMT  Closed file root://xrootd.unl.edu//store/group/dpg_trigger/comm_trigger/L1TrackTrigger/620_SLHC10/Extended2023TTI/MinBias/MinBias_TuneZ2star_GEN_SIM_114.root
02-Feb-2015 22:39:04 GMT  Initiating request to open file root://xrootd.unl.edu//store/group/dpg_trigger/comm_trigger/L1TrackTrigger/620_SLHC10/Extended2023TTI/MinBias/MinBias_TuneZ2star_GEN_SIM_975.root
02-Feb-2015 22:39:29 GMT  Successfully opened file root://xrootd.unl.edu//store/group/dpg_trigger/comm_trigger/L1TrackTrigger/620_SLHC10/Extended2023TTI/MinBias/MinBias_TuneZ2star_GEN_SIM_975.root
150202 22:40:11 30032 Xrd: XrdClientMessage::ReadRaw: Failed to read header (8 bytes).
02-Feb-2015 22:42:53 GMT  Closed file root://xrootd.unl.edu//store/group/dpg_trigger/comm_trigger/L1TrackTrigger/620_SLHC10/Extended2023TTI/MinBias/MinBias_TuneZ2star_GEN_SIM_975.root
02-Feb-2015 22:42:53 GMT  Initiating request to open file root://xrootd.unl.edu//store/group/dpg_trigger/comm_trigger/L1TrackTrigger/620_SLHC10/Extended2023TTI/MinBias/MinBias_TuneZ2star_GEN_SIM_163.root
02-Feb-2015 22:43:24 GMT  Successfully opened file root://xrootd.unl.edu//store/group/dpg_trigger/comm_trigger/L1TrackTrigger/620_SLHC10/Extended2023TTI/MinBias/MinBias_TuneZ2star_GEN_SIM_163.root
150202 22:44:12 1975 Xrd: XrdClientMessage::ReadRaw: Failed to read header (8 bytes).
02-Feb-2015 22:47:09 GMT  Closed file root://xrootd.unl.edu//store/group/dpg_trigger/comm_trigger/L1TrackTrigger/620_SLHC10/Extended2023TTI/MinBias/MinBias_TuneZ2star_GEN_SIM_163.root
02-Feb-2015 22:47:09 GMT  Initiating request to open file root://xrootd.unl.edu//store/group/dpg_trigger/comm_trigger/L1TrackTrigger/620_SLHC10/Extended2023TTI/MinBias/MinBias_TuneZ2star_GEN_SIM_966.root
02-Feb-2015 22:47:40 GMT  Successfully opened file root://xrootd.unl.edu//store/group/dpg_trigger/comm_trigger/L1TrackTrigger/620_SLHC10/Extended2023TTI/MinBias/MinBias_TuneZ2star_GEN_SIM_966.root
150202 22:48:12 5860 Xrd: XrdClientMessage::ReadRaw: Failed to read header (8 bytes).
02-Feb-2015 22:50:23 GMT  Closed file root://xrootd.unl.edu//store/group/dpg_trigger/comm_trigger/L1TrackTrigger/620_SLHC10/Extended2023TTI/MinBias/MinBias_TuneZ2star_GEN_SIM_966.root
02-Feb-2015 22:50:23 GMT  Initiating request to open file root://xrootd.unl.edu//store/group/dpg_trigger/comm_trigger/L1TrackTrigger/620_SLHC10/Extended2023TTI/MinBias/MinBias_TuneZ2star_GEN_SIM_97.root
02-Feb-2015 22:50:54 GMT  Successfully opened file root://xrootd.unl.edu//store/group/dpg_trigger/comm_trigger/L1TrackTrigger/620_SLHC10/Extended2023TTI/MinBias/MinBias_TuneZ2star_GEN_SIM_97.root
150202 22:52:12 9088 Xrd: XrdClientMessage::ReadRaw: Failed to read header (8 bytes).
02-Feb-2015 22:53:12 GMT  Closed file root://xrootd.unl.edu//store/group/dpg_trigger/comm_trigger/L1TrackTrigger/620_SLHC10/Extended2023TTI/MinBias/MinBias_TuneZ2star_GEN_SIM_97.root
02-Feb-2015 22:53:12 GMT  Initiating request to open file root://xrootd.unl.edu//store/group/dpg_trigger/comm_trigger/L1TrackTrigger/620_SLHC10/Extended2023TTI/MinBias/MinBias_TuneZ2star_GEN_SIM_177.root
02-Feb-2015 22:53:44 GMT  Successfully opened file root://xrootd.unl.edu//store/group/dpg_trigger/comm_trigger/L1TrackTrigger/620_SLHC10/Extended2023TTI/MinBias/MinBias_TuneZ2star_GEN_SIM_177.root
150202 22:55:42 13079 Xrd: XrdClientMessage::ReadRaw: Failed to read header (8 bytes).
02-Feb-2015 22:56:42 GMT  Closed file root://xrootd.unl.edu//store/group/dpg_trigger/comm_trigger/L1TrackTrigger/620_SLHC10/Extended2023TTI/MinBias/MinBias_TuneZ2star_GEN_SIM_177.root
02-Feb-2015 22:56:42 GMT  Initiating request to open file root://xrootd.unl.edu//store/group/dpg_trigger/comm_trigger/L1TrackTrigger/620_SLHC10/Extended2023TTI/MinBias/MinBias_TuneZ2star_GEN_SIM_620.root
02-Feb-2015 22:57:13 GMT  Successfully opened file root://xrootd.unl.edu//store/group/dpg_trigger/comm_trigger/L1TrackTrigger/620_SLHC10/Extended2023TTI/MinBias/MinBias_TuneZ2star_GEN_SIM_620.root
150202 22:58:42 15726 Xrd: XrdClientMessage::ReadRaw: Failed to read header (8 bytes).
02-Feb-2015 22:59:17 GMT  Closed file root://xrootd.unl.edu//store/group/dpg_trigger/comm_trigger/L1TrackTrigger/620_SLHC10/Extended2023TTI/MinBias/MinBias_TuneZ2star_GEN_SIM_620.root
02-Feb-2015 22:59:17 GMT  Initiating request to open file root://xrootd.unl.edu//store/group/dpg_trigger/comm_trigger/L1TrackTrigger/620_SLHC10/Extended2023TTI/MinBias/MinBias_TuneZ2star_GEN_SIM_828.root
150202 22:59:18 22852 Xrd: CheckErrorStatus: Server [cms-xrd-global.cern.ch:1094] declared: session not found(error code: 3011)
150202 22:59:18 22852 Xrd: CheckErrorStatus: Server [eoscms.cern.ch:1094] declared: session not found(error code: 3011)
02-Feb-2015 22:59:18 GMT  Successfully opened file root://xrootd.unl.edu//store/group/dpg_trigger/comm_trigger/L1TrackTrigger/620_SLHC10/Extended2023TTI/MinBias/MinBias_TuneZ2star_GEN_SIM_828.root
150202 23:02:12 18155 Xrd: XrdClientMessage::ReadRaw: Failed to read header (8 bytes).
02-Feb-2015 23:03:05 GMT  Closed file root://xrootd.unl.edu//store/group/dpg_trigger/comm_trigger/L1TrackTrigger/620_SLHC10/Extended2023TTI/MinBias/MinBias_TuneZ2star_GEN_SIM_828.root
02-Feb-2015 23:03:05 GMT  Initiating request to open file root://xrootd.unl.edu//store/group/dpg_trigger/comm_trigger/L1TrackTrigger/620_SLHC10/Extended2023TTI/MinBias/MinBias_TuneZ2star_GEN_SIM_855.root
02-Feb-2015 23:03:36 GMT  Successfully opened file root://xrootd.unl.edu//store/group/dpg_trigger/comm_trigger/L1TrackTrigger/620_SLHC10/Extended2023TTI/MinBias/MinBias_TuneZ2star_GEN_SIM_855.root
150202 23:03:37 24979 Xrd: XrdClientMessage::ReadRaw: Failed to read header (8 bytes).
150202 23:04:42 21157 Xrd: XrdClientMessage::ReadRaw: Failed to read header (8 bytes).
02-Feb-2015 23:06:21 GMT  Closed file root://xrootd.unl.edu//store/group/dpg_trigger/comm_trigger/L1TrackTrigger/620_SLHC10/Extended2023TTI/MinBias/MinBias_TuneZ2star_GEN_SIM_855.root
02-Feb-2015 23:06:21 GMT  Initiating request to open file root://xrootd.unl.edu//store/group/dpg_trigger/comm_trigger/L1TrackTrigger/620_SLHC10/Extended2023TTI/MinBias/MinBias_TuneZ2star_GEN_SIM_616.root
150202 23:06:52 29062 Xrd: CheckErrorStatus: Server [eoscms.cern.ch:1094] declared: session not found(error code: 3011)
02-Feb-2015 23:06:52 GMT  Successfully opened file root://xrootd.unl.edu//store/group/dpg_trigger/comm_trigger/L1TrackTrigger/620_SLHC10/Extended2023TTI/MinBias/MinBias_TuneZ2star_GEN_SIM_616.root
150202 23:08:12 22854 Xrd: XrdClientMessage::ReadRaw: Failed to read header (8 bytes).
02-Feb-2015 23:08:33 GMT  Closed file root://xrootd.unl.edu//store/group/dpg_trigger/comm_trigger/L1TrackTrigger/620_SLHC10/Extended2023TTI/MinBias/MinBias_TuneZ2star_GEN_SIM_616.root
02-Feb-2015 23:08:33 GMT  Initiating request to open file root://xrootd.unl.edu//store/group/dpg_trigger/comm_trigger/L1TrackTrigger/620_SLHC10/Extended2023TTI/MinBias/MinBias_TuneZ2star_GEN_SIM_878.root
150202 23:09:04 30971 Xrd: CheckErrorStatus: Server [eoscms.cern.ch:1094] declared: session not found(error code: 3011)
02-Feb-2015 23:09:04 GMT  Successfully opened file root://xrootd.unl.edu//store/group/dpg_trigger/comm_trigger/L1TrackTrigger/620_SLHC10/Extended2023TTI/MinBias/MinBias_TuneZ2star_GEN_SIM_878.root
02-Feb-2015 23:09:35 GMT  Closed file root://dcap.pp.rl.ac.uk:1094/pnfs/pp.rl.ac.uk/data/cms/store/user/dcieri/ttbar_SIM/ttbar/ttbar_SIM/150129_145223/0000/step1_88.root
02-Feb-2015 23:09:35 GMT  Closed file root://xrootd.unl.edu//store/group/dpg_trigger/comm_trigger/L1TrackTrigger/620_SLHC10/Extended2023TTI/MinBias/MinBias_TuneZ2star_GEN_SIM_878.root

=============================================

MessageLogger Summary

 type     category        sev    module        subroutine        count    total
 ---- -------------------- -- ---------------- ----------------  -----    -----
    1 fileAction           -s MixingModule:mix                      69       69
    2 fileAction           -s MixingModule:mix                       2        2
    3 fileAction           -s MixingModule:mix                       1        1
    4 fileAction           -s file_close                             1        1
    5 fileAction           -s file_open                              2        2

 type    category    Examples: run/evt        run/evt          run/evt
 ---- -------------------- ---------------- ---------------- ----------------
    1 fileAction           1/871            1/871            1/880
    2 fileAction           pre-events       pre-events       
    3 fileAction           PostEndRun                        
    4 fileAction           PostEndRun                        
    5 fileAction           pre-events       pre-events       

Severity    # Occurrences   Total Occurrences
--------    -------------   -----------------
System                 75                  75
>>> END OF printout of 215 lines from stdout+stderr
>>> Parse FrameworkJobReport crab_fjr.xml
Result of parsing the FrameworkJobReport crab_fjr.xml: 
Extracted ExitStatus from FrameworkJobReport parsing output: 0
>>> Executable succeded  0
ExeExitCode=0
EXECUTABLE_EXIT_STATUS = 0
>>> current directory /scratch/condor/dir_25310/glide_deXccO/execute/dir_29228/CMSSW_6_2_0_SLHC12
>>>  (SOFTWARE_DIR): /scratch/condor/dir_25310/glide_deXccO/execute/dir_29228/CMSSW_6_2_0_SLHC12
>>> (WORKING_DIR): 
>>> current directory content:
total 244612
drwxr-xr-x 3 cms415 gplcms      4096 Feb  2 20:56 .SCRAM
-rw------- 1 cms415 gplcms    915837 Feb  2 20:56 CMSSW.py.pkl
drwxr-xr-x 3 cms415 gplcms      4096 Feb  2 20:56 bin
drwxr-xr-x 3 cms415 gplcms      4096 Feb  2 20:56 cfipython
drwxr-xr-x 4 cms415 gplcms      4096 Apr 28  2014 config
-rw------- 1 cms415 gplcms        16 Feb  2 23:09 cpu_timing.txt
drwxr-xr-x 2 cms415 gplcms      4096 Feb  2 20:56 doc
-rw------- 1 cms415 gplcms     24265 Feb  2 23:09 executable.out
drwxr-xr-x 2 cms415 gplcms      4096 Feb  2 20:56 include
drwx------ 3 cms415 gplcms      4096 Oct  7 10:12 lib
drwxr-xr-x 3 cms415 gplcms      4096 Feb  2 20:56 logs
drwxr-xr-x 3 cms415 gplcms      4096 Feb  2 20:56 objs
-rw------- 1 cms415 gplcms       104 Feb  2 20:57 pset.py
-rw------- 1 cms415 gplcms    926824 Feb  2 20:57 pset.py.pkl
-rw------- 1 cms415 gplcms       289 Feb  2 20:57 pset.pyc
drwxr-xr-x 2 cms415 gplcms      4096 Feb  2 20:56 python
-rw------- 1 cms415 gplcms       356 Feb  2 23:09 report.log
drwxr-xr-x 2 cms415 gplcms      4096 Feb  2 20:56 src
-rw------- 1 cms415 gplcms 248281950 Feb  2 23:09 step2.root
drwxr-xr-x 3 cms415 gplcms      4096 Feb  2 20:56 test
drwxr-xr-x 3 cms415 gplcms      4096 Feb  2 20:56 tmp
>>> current directory /scratch/condor/dir_25310/glide_deXccO/execute/dir_29228/CMSSW_6_2_0_SLHC12
>>> (SOFTWARE_DIR): /scratch/condor/dir_25310/glide_deXccO/execute/dir_29228/CMSSW_6_2_0_SLHC12
>>> (WORKING_DIR): 
>>> current directory content:
total 244612
drwxr-xr-x 3 cms415 gplcms      4096 Feb  2 20:56 .SCRAM
-rw------- 1 cms415 gplcms    915837 Feb  2 20:56 CMSSW.py.pkl
drwxr-xr-x 3 cms415 gplcms      4096 Feb  2 20:56 bin
drwxr-xr-x 3 cms415 gplcms      4096 Feb  2 20:56 cfipython
drwxr-xr-x 4 cms415 gplcms      4096 Apr 28  2014 config
-rw------- 1 cms415 gplcms        16 Feb  2 23:09 cpu_timing.txt
drwxr-xr-x 2 cms415 gplcms      4096 Feb  2 20:56 doc
-rw------- 1 cms415 gplcms     24265 Feb  2 23:09 executable.out
drwxr-xr-x 2 cms415 gplcms      4096 Feb  2 20:56 include
drwx------ 3 cms415 gplcms      4096 Oct  7 10:12 lib
drwxr-xr-x 3 cms415 gplcms      4096 Feb  2 20:56 logs
drwxr-xr-x 3 cms415 gplcms      4096 Feb  2 20:56 objs
-rw------- 1 cms415 gplcms       104 Feb  2 20:57 pset.py
-rw------- 1 cms415 gplcms    926824 Feb  2 20:57 pset.py.pkl
-rw------- 1 cms415 gplcms       289 Feb  2 20:57 pset.pyc
drwxr-xr-x 2 cms415 gplcms      4096 Feb  2 20:56 python
-rw------- 1 cms415 gplcms       356 Feb  2 23:09 report.log
drwxr-xr-x 2 cms415 gplcms      4096 Feb  2 20:56 src
-rw------- 1 cms415 gplcms 248281950 Feb  2 23:09 step2_423_1_zk3.root
drwxr-xr-x 3 cms415 gplcms      4096 Feb  2 20:56 test
drwxr-xr-x 3 cms415 gplcms      4096 Feb  2 20:56 tmp
>>> current directory (RUNTIME_AREA):  /scratch/condor/dir_25310/glide_deXccO/execute/dir_29228
PNN = T2_UK_SGrid_RALPP
SE = heplnx204.pp.rl.ac.uk
SE_PATH = /srm/managerv2?SFN=/pnfs/pp.rl.ac.uk/data/cms/store/user/dcieri/ttbar_PU140_DIGI/dcieri/ttbar/ttbar_PU140_DIGI/3c0380cf82de79bc39966c93934c61fc/
LFNBaseName = /store/user/dcieri/ttbar_PU140_DIGI/dcieri/ttbar/ttbar_PU140_DIGI/3c0380cf82de79bc39966c93934c61fc/
USER = dcieri
endpoint = srm://heplnx204.pp.rl.ac.uk:8443/srm/managerv2?SFN=/pnfs/pp.rl.ac.uk/data/cms/store/user/dcieri/ttbar_PU140_DIGI/dcieri/ttbar/ttbar_PU140_DIGI/3c0380cf82de79bc39966c93934c61fc/
>>> Copy output files from WN = heplnc341.pp.rl.ac.uk to /srm/managerv2?SFN=/pnfs/pp.rl.ac.uk/data/cms/store/user/dcieri/ttbar_PU140_DIGI/dcieri/ttbar/ttbar_PU140_DIGI/3c0380cf82de79bc39966c93934c61fc/ :
python cmscp.py  --destination srm://heplnx204.pp.rl.ac.uk:8443/srm/managerv2?SFN=/pnfs/pp.rl.ac.uk/data/cms/store/user/dcieri/ttbar_PU140_DIGI/dcieri/ttbar/ttbar_PU140_DIGI/3c0380cf82de79bc39966c93934c61fc/ --inputFileList /scratch/condor/dir_25310/glide_deXccO/execute/dir_29228/CMSSW_6_2_0_SLHC12/step2_423_1_zk3.root --middleware LCG --PNN T2_UK_SGrid_RALPP --se_name heplnx204.pp.rl.ac.uk --for_lfn /store/user/dcieri/ttbar_PU140_DIGI/dcieri/ttbar/ttbar_PU140_DIGI/3c0380cf82de79bc39966c93934c61fc/    
******************************************************
localSeName  =  heplnx204.pp.rl.ac.uk
remoteSeName =  heplnx204.pp.rl.ac.uk
******************************************************
{"/scratch/condor/dir_25310/glide_deXccO/execute/dir_29228/CMSSW_6_2_0_SLHC12/step2_423_1_zk3.root": {"endpoint": "srm://heplnx204.pp.rl.ac.uk:8443/srm/managerv2?SFN=/pnfs/pp.rl.ac.uk/data/cms/store/user/dcieri/ttbar_PU140_DIGI/dcieri/ttbar/ttbar_PU140_DIGI/3c0380cf82de79bc39966c93934c61fc/", "surl_for_grid": "", "reason": "Copy succedeed with srm-lcg utils", "erCode": "0", "PNN": "T2_UK_SGrid_RALPP", "se_name": "heplnx204.pp.rl.ac.uk", "for_lfn": "/store/user/dcieri/ttbar_PU140_DIGI/dcieri/ttbar/ttbar_PU140_DIGI/3c0380cf82de79bc39966c93934c61fc/"}}/scratch/condor/dir_25310/glide_deXccO/execute/dir_29228
-------- cat /scratch/condor/dir_25310/glide_deXccO/execute/dir_29228/cmscpReport.sh 
#!/bin/bash
echo "Report for File: /scratch/condor/dir_25310/glide_deXccO/execute/dir_29228/CMSSW_6_2_0_SLHC12/step2_423_1_zk3.root"
echo "LFN: /store/user/dcieri/ttbar_PU140_DIGI/dcieri/ttbar/ttbar_PU140_DIGI/3c0380cf82de79bc39966c93934c61fc/step2_423_1_zk3.root"
echo "StorageElement: heplnx204.pp.rl.ac.uk"
echo "StageOutExitStatusReason = 'Copy succedeed with srm-lcg utils'" | tee -a $RUNTIME_AREA/$repo
echo "StageOutSE = heplnx204.pp.rl.ac.uk" >> $RUNTIME_AREA/$repo

export StageOutExitStatus=0
echo "StageOutExitStatus = 0" | tee -a $RUNTIME_AREA/$repo
-------- end of /scratch/condor/dir_25310/glide_deXccO/execute/dir_29228/cmscpReport.sh 
Report for File: /scratch/condor/dir_25310/glide_deXccO/execute/dir_29228/CMSSW_6_2_0_SLHC12/step2_423_1_zk3.root
LFN: /store/user/dcieri/ttbar_PU140_DIGI/dcieri/ttbar/ttbar_PU140_DIGI/3c0380cf82de79bc39966c93934c61fc/step2_423_1_zk3.root
StorageElement: heplnx204.pp.rl.ac.uk
StageOutExitStatusReason = 'Copy succedeed with srm-lcg utils'
StageOutExitStatus = 0
>>> current dir: /scratch/condor/dir_25310/glide_deXccO/execute/dir_29228
>>> current dir content:
total 8824
-rw-------  1 cms415 gplcms    2670 Feb  2 23:10 .SEinteraction.log
-rwx------  1 cms415 gplcms      52 Feb  2 20:55 .chirp_config
-rwx------  1 cms415 gplcms    7899 Feb  2 20:55 .job.ad
-rwx------  1 cms415 gplcms    9798 Feb  2 20:55 .machine.ad
-rw-------  1 cms415 gplcms     105 Feb  2 12:16 CMSSW.py
-rw-------  1 cms415 gplcms  915837 Feb  2 12:16 CMSSW.py.pkl
-rwx------  1 cms415 gplcms   29498 Feb  2 20:56 CMSSW.sh
drwxr-xr-x 15 cms415 gplcms    4096 Feb  2 23:09 CMSSW_6_2_0_SLHC12
-rw-------  1 cms415 gplcms     190 Feb  2 20:56 CacheEnv.sh
-rw-------  1 cms415 gplcms    7291 Nov 19 14:52 DashboardAPI.py
-rw-------  1 cms415 gplcms    6470 Feb  2 20:56 DashboardAPI.pyc
drwx------  2 cms415 gplcms    4096 Feb  2 23:09 IMProv
-rw-------  1 cms415 gplcms    2748 Nov 19 14:52 Logger.py
-rw-------  1 cms415 gplcms    3232 Feb  2 20:56 Logger.pyc
-rw-------  1 cms415 gplcms   24524 Nov 19 14:52 ProcInfo.py
-rw-------  1 cms415 gplcms   22645 Feb  2 20:56 ProcInfo.pyc
drwx------  7 cms415 gplcms    4096 Feb  2 20:57 ProdCommon
drwx------  3 cms415 gplcms    4096 Feb  2 20:56 WMCore
-rw-------  1 cms415 gplcms   12089 Feb  2 23:09 Watchdog_423.log
-rwx------  1 cms415 gplcms       0 Feb  2 20:56 _condor_stderr
-rwx---r--  1 cms415 gplcms   39031 Feb  2 23:10 _condor_stdout
-rw-------  1 cms415 gplcms   32895 Nov 19 14:52 apmon.py
-rw-------  1 cms415 gplcms   27958 Feb  2 20:56 apmon.pyc
-rwx------  1 cms415 gplcms  134309 Feb  2 20:56 arguments.xml
-rwx------  1 cms415 gplcms   38581 Nov 19 14:52 cmscp.py
-rw-------  1 cms415 gplcms     562 Feb  2 23:10 cmscpReport.sh
-rwx------  1 cms415 gplcms   29498 Feb  2 20:56 condor_exec.exe
-rw-------  1 cms415 gplcms     544 Feb  2 12:16 crab.cfg
-rwx------  1 cms415 gplcms    8610 Nov 19 14:52 crabWatchdog.sh
-rwx---r--  1 cms415 gplcms  112070 Feb  2 23:09 crab_fjr_423.xml
-rwx------  1 cms415 gplcms 7390485 Feb  2 20:56 default.tgz
-rwx------  1 cms415 gplcms    4488 Nov 19 14:52 fillCrabFjr.py
-rw-------  1 cms415 gplcms     225 Feb  2 20:57 inputsReport.txt
-rw-------  1 cms415 gplcms     243 Feb  2 23:10 jobreport.txt
-rw-------  1 cms415 gplcms   17352 Nov 19 14:52 parseCrabFjr.py
-rw-------  1 cms415 gplcms     322 Feb  2 20:56 report.log
-rwx--x--x  1 cms415 gplcms    1497 Nov 19 14:52 report.py
-rw-------  1 cms415 gplcms     555 Feb  2 23:10 resultCopyFile
lrwxrwxrwx  1 cms415 gplcms      96 Feb  2 23:09 step2.root -> /scratch/condor/dir_25310/glide_deXccO/execute/dir_29228/CMSSW_6_2_0_SLHC12/step2_423_1_zk3.root
-rwx------  1 cms415 gplcms    8351 Nov 19 14:52 writeCfg.py
-rw-------  1 cms415 gplcms   10289 Feb  2 20:55 x509up_u62281
>>> Modify Job Report:
CMSSW_VERSION = CMSSW_6_2_0_SLHC12
ProcessedDataset = ttbar_PU140_DIGI
/scratch/condor/dir_25310/glide_deXccO/execute/dir_29228/ProdCommon/FwkJobRep/ModifyJobReport.py fjr /scratch/condor/dir_25310/glide_deXccO/execute/dir_29228/crab_fjr_423.xml json /scratch/condor/dir_25310/glide_deXccO/execute/dir_29228/resultCopyFile n_job 423_1_zk3 PrimaryDataset ttbar  ApplicationFamily cmsRun ApplicationName cmsRun cmssw_version CMSSW_6_2_0_SLHC12 psethash 3c0380cf82de79bc39966c93934c61fc UserProcessedDataset dcieri-ttbar_PU140_DIGI-3c0380cf82de79bc39966c93934c61fc
inputDict =  {u'/scratch/condor/dir_25310/glide_deXccO/execute/dir_29228/CMSSW_6_2_0_SLHC12/step2_423_1_zk3.root': {u'endpoint': u'srm://heplnx204.pp.rl.ac.uk:8443/srm/managerv2?SFN=/pnfs/pp.rl.ac.uk/data/cms/store/user/dcieri/ttbar_PU140_DIGI/dcieri/ttbar/ttbar_PU140_DIGI/3c0380cf82de79bc39966c93934c61fc/', u'surl_for_grid': u'', u'reason': u'Copy succedeed with srm-lcg utils', u'erCode': u'0', u'PNN': u'T2_UK_SGrid_RALPP', u'se_name': u'heplnx204.pp.rl.ac.uk', u'for_lfn': u'/store/user/dcieri/ttbar_PU140_DIGI/dcieri/ttbar/ttbar_PU140_DIGI/3c0380cf82de79bc39966c93934c61fc/'}}
UserProcessedDataset =  dcieri-ttbar_PU140_DIGI-3c0380cf82de79bc39966c93934c61fc
WORKING ON EDM FILE
file_name in inputDict =  /scratch/condor/dir_25310/glide_deXccO/execute/dir_29228/CMSSW_6_2_0_SLHC12/step2_423_1_zk3.root
(size) os.stat(filename)[6] =  248281950
checksum =  1031075322
    file =  step2_423_1_zk3.root
    newPfn =  srm://heplnx204.pp.rl.ac.uk:8443/srm/managerv2?SFN=/pnfs/pp.rl.ac.uk/data/cms/store/user/dcieri/ttbar_PU140_DIGI/dcieri/ttbar/ttbar_PU140_DIGI/3c0380cf82de79bc39966c93934c61fc/step2_423_1_zk3.root
    newLfn =  /store/user/dcieri/ttbar_PU140_DIGI/dcieri/ttbar/ttbar_PU140_DIGI/3c0380cf82de79bc39966c93934c61fc/step2_423_1_zk3.root
>>> crab_fjr_*.xml  permission set to 0704
CrabWrapper EXIT_FUNC entered at Mon Feb  2 23:10:29 GMT 2015   -  Mon Feb  2 23:10:29 UTC 2015
Checking output files:  
will tar file crab_fjr_423.xml in  out_files_423
WARNING: output file CMSSW_423.stdout not found!
WARNING: output file CMSSW_423.stderr not found!
WARNING: output file Watchdog_423.log.gz not found!
>>> padding time: Wrapper lasting more than 600 seconds. No sleep required.
STOPPING WATCHDOG. CrabWatchdog PID is 31251
********** LAST 50 LINES OF WATCHDOG LOG
 Feb 02 21:30:08 GMT	31497	1154836	1650484	74	138	1989	cmsRun -j /scratch/condor/dir_25310/glide_deXccO/execute/dir_29228/crab_fjr_423.xml -p pset.py      
 Feb 02 21:31:09 GMT	31497	1160064	1660980	74	141	2049	cmsRun -j /scratch/condor/dir_25310/glide_deXccO/execute/dir_29228/crab_fjr_423.xml -p pset.py      
 Feb 02 21:33:09 GMT	31497	1163640	1660980	74	147	2169	cmsRun -j /scratch/condor/dir_25310/glide_deXccO/execute/dir_29228/crab_fjr_423.xml -p pset.py      
 Feb 02 21:34:09 GMT	31497	1209960	1661748	74	154	2230	cmsRun -j /scratch/condor/dir_25310/glide_deXccO/execute/dir_29228/crab_fjr_423.xml -p pset.py      
 Feb 02 21:35:10 GMT	31497	1284012	1680692	74	161	2290	cmsRun -j /scratch/condor/dir_25310/glide_deXccO/execute/dir_29228/crab_fjr_423.xml -p pset.py      
 Feb 02 21:37:10 GMT	31497	1284704	1684020	74	164	2411	cmsRun -j /scratch/condor/dir_25310/glide_deXccO/execute/dir_29228/crab_fjr_423.xml -p pset.py      
 Feb 02 21:38:11 GMT	31497	1290588	1688116	74	166	2471	cmsRun -j /scratch/condor/dir_25310/glide_deXccO/execute/dir_29228/crab_fjr_423.xml -p pset.py      
 Feb 02 21:39:11 GMT	31497	1292828	1690164	74	169	2532	cmsRun -j /scratch/condor/dir_25310/glide_deXccO/execute/dir_29228/crab_fjr_423.xml -p pset.py      
 Feb 02 21:40:12 GMT	31497	1292828	1711412	74	186	2592	cmsRun -j /scratch/condor/dir_25310/glide_deXccO/execute/dir_29228/crab_fjr_423.xml -p pset.py      
 Feb 02 21:40:12 GMT	---	1292828	1711412	96	----	----	----
 Feb 02 21:47:13 GMT	31497	1292828	1711668	96	199	3013	cmsRun -j /scratch/condor/dir_25310/glide_deXccO/execute/dir_29228/crab_fjr_423.xml -p pset.py      
 Feb 02 21:48:13 GMT	31497	1292828	1715764	96	202	3074	cmsRun -j /scratch/condor/dir_25310/glide_deXccO/execute/dir_29228/crab_fjr_423.xml -p pset.py      
 Feb 02 21:49:14 GMT	31497	1292828	1718068	96	206	3134	cmsRun -j /scratch/condor/dir_25310/glide_deXccO/execute/dir_29228/crab_fjr_423.xml -p pset.py      
 Feb 02 21:50:14 GMT	31497	1292828	1720372	96	209	3194	cmsRun -j /scratch/condor/dir_25310/glide_deXccO/execute/dir_29228/crab_fjr_423.xml -p pset.py      
 Feb 02 21:51:14 GMT	31497	1292828	1721908	96	212	3254	cmsRun -j /scratch/condor/dir_25310/glide_deXccO/execute/dir_29228/crab_fjr_423.xml -p pset.py      
 Feb 02 21:52:14 GMT	31497	1292828	1727540	96	215	3315	cmsRun -j /scratch/condor/dir_25310/glide_deXccO/execute/dir_29228/crab_fjr_423.xml -p pset.py      
 Feb 02 21:55:15 GMT	31497	1292828	1743412	96	231	3495	cmsRun -j /scratch/condor/dir_25310/glide_deXccO/execute/dir_29228/crab_fjr_423.xml -p pset.py      
 Feb 02 21:56:15 GMT	31497	1292828	1744948	96	234	3555	cmsRun -j /scratch/condor/dir_25310/glide_deXccO/execute/dir_29228/crab_fjr_423.xml -p pset.py      
 Feb 02 21:57:15 GMT	31497	1292828	1746740	96	238	3616	cmsRun -j /scratch/condor/dir_25310/glide_deXccO/execute/dir_29228/crab_fjr_423.xml -p pset.py      
 Feb 02 21:58:16 GMT	---	1292828	1746740	116	----	----	----
 Feb 02 22:10:19 GMT	31497	1300492	1746740	116	297	4399	cmsRun -j /scratch/condor/dir_25310/glide_deXccO/execute/dir_29228/crab_fjr_423.xml -p pset.py      
 Feb 02 22:11:19 GMT	---	1300492	1746740	137	----	----	----
 Feb 02 22:25:22 GMT	31497	1300492	1747468	137	341	5302	cmsRun -j /scratch/condor/dir_25310/glide_deXccO/execute/dir_29228/crab_fjr_423.xml -p pset.py      
 Feb 02 22:26:22 GMT	31497	1300492	1755404	137	345	5363	cmsRun -j /scratch/condor/dir_25310/glide_deXccO/execute/dir_29228/crab_fjr_423.xml -p pset.py      
 Feb 02 22:27:23 GMT	31497	1300492	1757196	137	349	5423	cmsRun -j /scratch/condor/dir_25310/glide_deXccO/execute/dir_29228/crab_fjr_423.xml -p pset.py      
 Feb 02 22:28:23 GMT	31497	1300492	1764364	137	358	5483	cmsRun -j /scratch/condor/dir_25310/glide_deXccO/execute/dir_29228/crab_fjr_423.xml -p pset.py      
 Feb 02 22:29:23 GMT	31497	1340708	1779212	137	368	5543	cmsRun -j /scratch/condor/dir_25310/glide_deXccO/execute/dir_29228/crab_fjr_423.xml -p pset.py      
 Feb 02 22:31:23 GMT	31497	1340708	1823244	137	390	5664	cmsRun -j /scratch/condor/dir_25310/glide_deXccO/execute/dir_29228/crab_fjr_423.xml -p pset.py      
 Feb 02 22:31:23 GMT	---	1340708	1823244	160	----	----	----
# TIME			PID	RSS(KB)	VSZ(KB)	Dsk(MB)	tCPU(s)	tWALL(s)	COMMAND
 Feb 02 22:32:24 GMT	31497	1340708	1826060	160	392	5724	cmsRun -j /scratch/condor/dir_25310/glide_deXccO/execute/dir_29228/crab_fjr_423.xml -p pset.py      
 Feb 02 22:33:24 GMT	31497	1340708	1826316	160	397	5784	cmsRun -j /scratch/condor/dir_25310/glide_deXccO/execute/dir_29228/crab_fjr_423.xml -p pset.py      
 Feb 02 22:34:24 GMT	31497	1340708	1829644	160	402	5844	cmsRun -j /scratch/condor/dir_25310/glide_deXccO/execute/dir_29228/crab_fjr_423.xml -p pset.py      
 Feb 02 22:36:24 GMT	31497	1340708	1831180	160	411	5965	cmsRun -j /scratch/condor/dir_25310/glide_deXccO/execute/dir_29228/crab_fjr_423.xml -p pset.py      
 Feb 02 22:37:25 GMT	31497	1340708	1844748	160	418	6025	cmsRun -j /scratch/condor/dir_25310/glide_deXccO/execute/dir_29228/crab_fjr_423.xml -p pset.py      
 Feb 02 22:38:25 GMT	31497	1357896	1849868	160	432	6085	cmsRun -j /scratch/condor/dir_25310/glide_deXccO/execute/dir_29228/crab_fjr_423.xml -p pset.py      
 Feb 02 22:39:25 GMT	31497	1367696	1849868	160	438	6145	cmsRun -j /scratch/condor/dir_25310/glide_deXccO/execute/dir_29228/crab_fjr_423.xml -p pset.py      
 Feb 02 22:40:25 GMT	31497	1571984	1974796	160	455	6206	cmsRun -j /scratch/condor/dir_25310/glide_deXccO/execute/dir_29228/crab_fjr_423.xml -p pset.py      
 Feb 02 22:40:25 GMT	---	1571984	1974796	165	----	----	----
 Feb 02 22:41:26 GMT	---	1571984	1974796	183	----	----	----
 Feb 02 22:49:27 GMT	---	1571984	1974796	204	----	----	----
 Feb 02 22:56:29 GMT	---	1571984	1974796	226	----	----	----
 Feb 02 23:01:30 GMT	31497	1576596	1974796	226	643	7470	cmsRun -j /scratch/condor/dir_25310/glide_deXccO/execute/dir_29228/crab_fjr_423.xml -p pset.py      
 Feb 02 23:02:30 GMT	31497	1594364	1974796	226	650	7530	cmsRun -j /scratch/condor/dir_25310/glide_deXccO/execute/dir_29228/crab_fjr_423.xml -p pset.py      
 Feb 02 23:03:30 GMT	---	1594364	1974796	251	----	----	----
 Feb 02 23:04:30 GMT	31497	1594364	1981708	251	674	7651	cmsRun -j /scratch/condor/dir_25310/glide_deXccO/execute/dir_29228/crab_fjr_423.xml -p pset.py      
 Feb 02 23:07:31 GMT	31497	1594364	1997068	251	695	7831	cmsRun -j /scratch/condor/dir_25310/glide_deXccO/execute/dir_29228/crab_fjr_423.xml -p pset.py      
 Feb 02 23:08:31 GMT	31497	1594364	2013452	251	717	7891	cmsRun -j /scratch/condor/dir_25310/glide_deXccO/execute/dir_29228/crab_fjr_423.xml -p pset.py      
 Feb 02 23:09:32 GMT	31497	1707256	2081036	251	733	7952	cmsRun -j /scratch/condor/dir_25310/glide_deXccO/execute/dir_29228/crab_fjr_423.xml -p pset.py      
 Feb 02 23:09:32 GMT	---	1707256	2081036	263	----	----	----
********** WATCHDOG LOG ENDED
ZIPPING WATCHDOG LOG
Disk space used:
du -sh /scratch/condor/dir_25310/glide_deXccO/execute/dir_29228
275M	/scratch/condor/dir_25310/glide_deXccO/execute/dir_29228
Found unusual stdout, rename for OSB
`/scratch/condor/dir_25310/glide_deXccO/execute/dir_29228/_condor_stdout' -> `CMSSW_423.stdout'
Found unusual stderr, rename for OSB
`/scratch/condor/dir_25310/glide_deXccO/execute/dir_29228/_condor_stdout' -> `CMSSW_423.stderr'
crab_fjr_423.xml
CMSSW_423.stdout
CMSSW_423.stderr
Watchdog_423.log.gz
Total Output dimension: 24465
WARNING: output files size limit is set to: 50000000
Total Output dimension 24465 is fine.
JOB_EXIT_STATUS = 0
>>> info for dashboard:
***** Cat /scratch/condor/dir_25310/glide_deXccO/execute/dir_29228/jobreport.txt *****
MonitorJobID=423_https://submit-6.t2.ucsd.edu//150202//509448.22
MonitorID=dcieri_PU140_4dm08r
ExeTime=7953
ExeExitCode=0
StageOutExitStatusReason = 'Copy succedeed with srm-lcg utils'
StageOutSE = heplnx204.pp.rl.ac.uk
StageOutExitStatus = 0
CrabUserCpuTime=713.50
CrabSysCpuTime=23.67
CrabCpuPercentage=9%
CrabWrapperTime=8012
CrabStageoutTime=48
JobExitCode=0
***** End Cat jobreport *****
Parameters sent to Dashboard.
EXITING at Mon Feb  2 23:10:30 GMT 2015  -  Mon Feb  2 23:10:30 UTC 2015
