This script was generated by crab (version 2.11.1_patch1).
Running /scratch/condor/dir_18757/glide_HpEApQ/execute/dir_8810/condor_exec.exe with 2 positional parameters: 225 1
Today is Mon Feb  2 20:16:19 GMT 2015 - Mon Feb  2 20:16:19 UTC 2015
Job submitted on host heplnc006.pp.rl.ac.uk
Linux heplnc006.pp.rl.ac.uk 2.6.32-504.3.3.el6.x86_64 #1 SMP Tue Dec 16 14:29:22 CST 2014 x86_64 x86_64 x86_64 GNU/Linux
Distributor ID:	Scientific
Description:	Scientific Linux release 6.6 (Carbon)
>>> current directory (RUNTIME_AREA): /scratch/condor/dir_18757/glide_HpEApQ/execute/dir_8810
>>> current user: uid=157415(cms415) gid=157000(gplcms) groups=157000(gplcms)
>>> directory permission set to 0700
>>> umask set to:  u=rwx,g=,o=
>>> stdout stderr permission set to 0704
>>> voms proxy information:
subject   : /DC=ch/DC=cern/OU=Organic Units/OU=Users/CN=dcieri/CN=755391/CN=Davide Cieri/CN=769881070/CN=2128840760
issuer    : /DC=ch/DC=cern/OU=Organic Units/OU=Users/CN=dcieri/CN=755391/CN=Davide Cieri/CN=769881070
identity  : /DC=ch/DC=cern/OU=Organic Units/OU=Users/CN=dcieri/CN=755391/CN=Davide Cieri
type      : RFC3820 compliant limited proxy
strength  : 1024
path      : /scratch/condor/dir_18757/glide_HpEApQ/execute/dir_8810/x509up_u62281
timeleft  : 23:58:13
key usage : Digital Signature, Key Encipherment
=== VO cms extension information ===
VO        : cms
subject   : /DC=ch/DC=cern/OU=Organic Units/OU=Users/CN=dcieri/CN=755391/CN=Davide Cieri
issuer    : /DC=ch/DC=cern/OU=computers/CN=lcg-voms2.cern.ch
attribute : /cms/Role=NULL/Capability=NULL
timeleft  : 184:00:05
uri       : lcg-voms2.cern.ch:15002

WNHostName=heplnc006.pp.rl.ac.uk
$_CONDOR_JOB_AD =/scratch/condor/dir_18757/glide_HpEApQ/execute/dir_8810/.job.ad
OverflowFlag=0
>>> tar --no-same-permissions -xf /scratch/condor/dir_18757/glide_HpEApQ/execute/dir_8810/default.tgz :
Successful untar
>>> Include /scratch/condor/dir_18757/glide_HpEApQ/execute/dir_8810 in PYTHONPATH:
strip arguments
env var CRAB_UNIQUE_JOB_ID set to: dcieri_PU140_4dm08r_225_1_rsP
out_files_225
>>> list of expected files on output sandbox
output files: crab_fjr_225.xml CMSSW_225.stdout CMSSW_225.stderr Watchdog_225.log.gz
>>> GridFlavour discovery: 
GridFlavour=LCG
>>> SyncSite discovery: 
SyncSite=T2_UK_SGrid_RALPP
>>> SyncCE discovery: 
getting SyncCE from GLIDEIN_Gaekeeper
SyncCE=heplnv146.pp.rl.ac.uk
>>> info for dashboard:
***** Cat /scratch/condor/dir_18757/glide_HpEApQ/execute/dir_8810/jobreport.txt *****
WNHostName=heplnc006.pp.rl.ac.uk
OverflowFlag=0
MonitorJobID=225_https://submit-6.t2.ucsd.edu//150202//509447.224
SyncGridJobId=https://submit-6.t2.ucsd.edu//150202//509447.224
MonitorID=dcieri_PU140_4dm08r
GridFlavour=LCG
SyncSite=T2_UK_SGrid_RALPP
SyncCE=heplnv146.pp.rl.ac.uk
***** End Cat jobreport *****
Parameters sent to Dashboard.
>>> setup environment
set SCRAM ARCH to slc6_amd64_gcc472
SCRAM_ARCH = slc6_amd64_gcc472
>>> setup CMS LCG environment:
set SCRAM ARCH and BUILD_ARCH to slc6_amd64_gcc472 ###
Sourcing environment... 
sourcing /cvmfs/cms.cern.ch/cmsset_default.sh
==> setup cms environment ok
>>> specific cmssw setup environment:
CMSSW_VERSION =  CMSSW_6_2_0_SLHC12
WARNING: In non-interactive mode release checks e.g. deprecated releases, production architectures are disabled.
>>> current directory (SOFTWARE_DIR): /scratch/condor/dir_18757/glide_HpEApQ/execute/dir_8810/CMSSW_6_2_0_SLHC12
PreserveSeeds: <>
IncrementSeeds:<>
>>> info for dashboard:
***** Cat /scratch/condor/dir_18757/glide_HpEApQ/execute/dir_8810/jobreport.txt *****
MonitorJobID=225_https://submit-6.t2.ucsd.edu//150202//509447.224
MonitorID=dcieri_PU140_4dm08r
***** End Cat jobreport *****
Parameters sent to Dashboard.
crabWatchdog started as process 10705
>>> moving CMSSW software directories in /scratch/condor/dir_18757/glide_HpEApQ/execute/dir_8810/CMSSW_6_2_0_SLHC12
mv: cannot stat `/scratch/condor/dir_18757/glide_HpEApQ/execute/dir_8810/module/': No such file or directory
>>> Include /scratch/condor/dir_18757/glide_HpEApQ/execute/dir_8810 in PYTHONPATH:
PYTHONPATH=/scratch/condor/dir_18757/glide_HpEApQ/execute/dir_8810/:/scratch/condor/dir_18757/glide_HpEApQ/execute/dir_8810/CMSSW_6_2_0_SLHC12/python:/scratch/condor/dir_18757/glide_HpEApQ/execute/dir_8810/CMSSW_6_2_0_SLHC12/lib/slc6_amd64_gcc472:/cvmfs/cms.cern.ch/slc6_amd64_gcc472/cms/cmssw/CMSSW_6_2_0_SLHC12/python:/cvmfs/cms.cern.ch/slc6_amd64_gcc472/cms/cmssw/CMSSW_6_2_0_SLHC12/lib/slc6_amd64_gcc472:/cvmfs/cms.cern.ch/slc6_amd64_gcc472/cms/coral/CORAL_2_3_21-cms35/slc6_amd64_gcc472/python:/cvmfs/cms.cern.ch/slc6_amd64_gcc472/cms/coral/CORAL_2_3_21-cms35/slc6_amd64_gcc472/lib:/cvmfs/cms.cern.ch/slc6_amd64_gcc472/external/python-ldap/2.3.5-cms5/lib/python2.7/site-packages:/cvmfs/cms.cern.ch/slc6_amd64_gcc472/external/pyqt/4.8.1-cms5/lib/python2.7/site-packages:/cvmfs/cms.cern.ch/slc6_amd64_gcc472/external/py2-scipy/0.8.0-cms7/lib/python2.7/site-packages:/cvmfs/cms.cern.ch/slc6_amd64_gcc472/external/py2-matplotlib/1.0.1-cms7/lib/python2.7/site-packages:/cvmfs/cms.cern.ch/slc6_amd64_gcc472/external/sip/4.11.2-cms5/lib/python2.7/site-packages:/cvmfs/cms.cern.ch/slc6_amd64_gcc472/external/py2-pycurl/7.19.0-cms7/lib/python2.7/site-packages:/cvmfs/cms.cern.ch/slc6_amd64_gcc472/external/py2-numpy/1.6.1-cms7/lib/python2.7/site-packages:/cvmfs/cms.cern.ch/slc6_amd64_gcc472/external/py2-lint/0.25.1-cms5/lib/python2.7/site-packages:/cvmfs/cms.cern.ch/slc6_amd64_gcc472/external/py2-ipython/0.10-cms5/lib/python2.7/site-packages:/cvmfs/cms.cern.ch/slc6_amd64_gcc472/external/py2-cx-oracle/5.1-cms5/lib/python2.7/site-packages:/cvmfs/cms.cern.ch/slc6_amd64_gcc472/external/py2-cjson/1.0.5-cms5/lib/python2.7/site-packages:/cvmfs/cms.cern.ch/slc6_amd64_gcc472/cms/das-client/1.11.7/bin:/cvmfs/cms.cern.ch/slc6_amd64_gcc472/external/elementtree/1.2.6-cms5/share/lib/python2.7/site-packages:/cvmfs/cms.cern.ch/slc6_amd64_gcc472/external/rivet/1.8.2-cms9/lib/python2.7/site-packages:/cvmfs/cms.cern.ch/slc6_amd64_gcc472/external/pyminuit2/0.0.1-cms19/lib/python2.7/site-packages:/cvmfs/cms.cern.ch/slc6_amd64_gcc472/external/py2-pygithub/1.23.0-cms2/lib/python2.7/site-packages:/cvmfs/cms.cern.ch/slc6_amd64_gcc472/external/professor/1.0.0-cms19/lib/python2.7/site-packages:/cvmfs/cms.cern.ch/slc6_amd64_gcc472/lcg/root/5.34.07-cms/lib:/cvmfs/cms.cern.ch/slc6_amd64_gcc472/cms/dbs-client/DBS_2_1_9-cms5/lib:/cvmfs/cms.cern.ch/slc6_amd64_gcc472/cms/dbs-client/DBS_2_1_9-cms5/lib/DBSAPI:/cvmfs/cms.cern.ch/slc6_amd64_gcc472/external/cvs2git/5419-cms/lib:/scratch/condor/dir_18757/glide_HpEApQ/execute/dir_8810/
 
# LIMITS USED BY CRAB WATCHDOG:
# RSS  (KBytes)   : 2300000
# VSZ  (KBytes)   : 100000000
# DISK (MBytes)   : 19000
# CPU TIME        : 720h:0m:0s
# WALL CLOCK TIME : 21h:50m:0s
 
3c0380cf82de79bc39966c93934c61fc
PSETHASH = 3c0380cf82de79bc39966c93934c61fc
/scratch/condor/dir_18757/glide_HpEApQ/execute/dir_8810/writeCfg.py pset.py pset.py
Importing .py file
Setting parameters
RandomNumberGeneratorService found, will attempt to change seeds
inputBlocks=/ttbar/dcieri-ttbar_SIM-130075366148575c102f0d64fd3ac8f7/USER#42f4abf6-431f-4645-8b28-bf101a629022
inputFiles=/store/user/dcieri/ttbar_SIM/ttbar/ttbar_SIM/150129_145223/0000/step1_475.root
parentFiles=
lumisRange=
>>> Executable cmsRun
/cvmfs/cms.cern.ch/slc6_amd64_gcc472/cms/cmssw/CMSSW_6_2_0_SLHC12/bin/slc6_amd64_gcc472/cmsRun
ok executable found
>>> info for dashboard:
***** Cat /scratch/condor/dir_18757/glide_HpEApQ/execute/dir_8810/jobreport.txt *****
MonitorJobID=225_https://submit-6.t2.ucsd.edu//150202//509447.224
MonitorID=dcieri_PU140_4dm08r
ExeStart=cmsRun
***** End Cat jobreport *****
Parameters sent to Dashboard.
>>> cmsRun started at Mon Feb  2 20:16:28 UTC 2015
>>> cmsRun ended at Mon Feb  2 23:13:25 UTC 2015
>>> crab_fjr_*.xml  permission set to 0704
>>> info for dashboard:
***** Cat /scratch/condor/dir_18757/glide_HpEApQ/execute/dir_8810/jobreport.txt *****
MonitorJobID=225_https://submit-6.t2.ucsd.edu//150202//509447.224
MonitorID=dcieri_PU140_4dm08r
ExeEnd=cmsRun
***** End Cat jobreport *****
Parameters sent to Dashboard.
TIME_EXE = 10617 sec
>>> cmsRun wrote 221 lines of stdout+stderr
>>> START OF printout of 221 lines from stdout+stderr
271 DQMStore::DQMStore 
HcalTopologyIdealEP::HcalTopologyIdealEP
02-Feb-2015 20:16:39 GMT  Initiating request to open file root://dcap.pp.rl.ac.uk:1094/pnfs/pp.rl.ac.uk/data/cms/store/user/dcieri/ttbar_SIM/ttbar/ttbar_SIM/150129_145223/0000/step1_475.root
150202 20:16:41 10837 Xrd: CheckErrorStatus: Server [heplnx209.pp.rl.ac.uk:1094] declared: Request 3018 not supported(error code: 3013)
02-Feb-2015 20:16:42 GMT  Successfully opened file root://dcap.pp.rl.ac.uk:1094/pnfs/pp.rl.ac.uk/data/cms/store/user/dcieri/ttbar_SIM/ttbar/ttbar_SIM/150129_145223/0000/step1_475.root
02-Feb-2015 20:16:43 GMT  Initiating request to open file root://xrootd.unl.edu//store/group/dpg_trigger/comm_trigger/L1TrackTrigger/620_SLHC10/Extended2023TTI/MinBias/MinBias_TuneZ2star_GEN_SIM_1.root
02-Feb-2015 20:16:48 GMT  Successfully opened file root://xrootd.unl.edu//store/group/dpg_trigger/comm_trigger/L1TrackTrigger/620_SLHC10/Extended2023TTI/MinBias/MinBias_TuneZ2star_GEN_SIM_1.root
disableME1a = 0
HcalTopologyIdealEP::produce(const IdealGeometryRecord& iRecord)
mode = 2, maxDepthHB = 3, maxDepthHE = 5
RPCGeometryESModule :: produce
RPCGeometryESModule :: produce :: 1/4 Get Muon Ideal Geometry Record
RPCGeometryESModule :: produce :: 2/4 Get Muon DDD Constants
RPCGeometryESModule :: produce :: 3/4 Get Muon Numbering Record
in MuonNumberingInitialization::initializeMuonDDDConstants
about to make my new muonDDDConst_
in MuonNumberingInitialization::produce
RPCGeometryESModule :: produce :: 4/4 Build
Found:

	Barrel Stack layer 5 : 1008 stacks
	Barrel Stack layer 6 : 1320 stacks
	Barrel Stack layer 7 : 1836 stacks
	Barrel Stack layer 8 : 1152 stacks
	Barrel Stack layer 9 : 1488 stacks
	Barrel Stack layer 10 : 1824 stacks

	Endcap Stack disk 11 : 1360 stacks
	Endcap Stack disk 12 : 1360 stacks
	Endcap Stack disk 13 : 1360 stacks
	Endcap Stack disk 14 : 1360 stacks
	Endcap Stack disk 15 : 1360 stacks
Created 15428 stacks in 23 s

TTClusterBuilder< edm::Ref<edm::DetSetVector<PixelDigi>, PixelDigi, edm::refhelper::FindForDetSetVector<PixelDigi> > > loaded modules:
	TTClusterAlgorithm:	TTClusterAlgorithm_2d2013< edm::Ref<edm::DetSetVector<PixelDigi>, PixelDigi, edm::refhelper::FindForDetSetVector<PixelDigi> > >


TTStubBuilder< edm::Ref<edm::DetSetVector<PixelDigi>, PixelDigi, edm::refhelper::FindForDetSetVector<PixelDigi> > > loaded modules:
	TTStubAlgorithm:	TTStubAlgorithm_tab2013< edm::Ref<edm::DetSetVector<PixelDigi>, PixelDigi, edm::refhelper::FindForDetSetVector<PixelDigi> > >


TTClusterAssociator< edm::Ref<edm::DetSetVector<PixelDigi>, PixelDigi, edm::refhelper::FindForDetSetVector<PixelDigi> > > loaded.


TTStubAssociator< edm::Ref<edm::DetSetVector<PixelDigi>, PixelDigi, edm::refhelper::FindForDetSetVector<PixelDigi> > > loaded.


TTTrackAssociator< edm::Ref<edm::DetSetVector<PixelDigi>, PixelDigi, edm::refhelper::FindForDetSetVector<PixelDigi> > > loaded.

Begin processing the 1st record. Run 1, Event 4741, LumiSection 475 at 02-Feb-2015 20:17:33.717 GMT
02-Feb-2015 20:17:42 GMT  Closed file root://xrootd.unl.edu//store/group/dpg_trigger/comm_trigger/L1TrackTrigger/620_SLHC10/Extended2023TTI/MinBias/MinBias_TuneZ2star_GEN_SIM_1.root
02-Feb-2015 20:17:42 GMT  Initiating request to open file root://xrootd.unl.edu//store/group/dpg_trigger/comm_trigger/L1TrackTrigger/620_SLHC10/Extended2023TTI/MinBias/MinBias_TuneZ2star_GEN_SIM_115.root
02-Feb-2015 20:18:14 GMT  Successfully opened file root://xrootd.unl.edu//store/group/dpg_trigger/comm_trigger/L1TrackTrigger/620_SLHC10/Extended2023TTI/MinBias/MinBias_TuneZ2star_GEN_SIM_115.root
150202 20:23:10 10972 Xrd: XrdClientMessage::ReadRaw: Failed to read header (8 bytes).
150202 20:23:40 10970 Xrd: XrdClientMessage::ReadRaw: Failed to read header (8 bytes).
150202 20:37:10 10969 Xrd: XrdClientMessage::ReadRaw: Failed to read header (8 bytes).
150202 20:37:10 10847 Xrd: XrdClientMessage::ReadRaw: Failed to read header (8 bytes).
150202 20:37:10 10846 Xrd: XrdClientMessage::ReadRaw: Failed to read header (8 bytes).
02-Feb-2015 20:37:29 GMT  Closed file root://xrootd.unl.edu//store/group/dpg_trigger/comm_trigger/L1TrackTrigger/620_SLHC10/Extended2023TTI/MinBias/MinBias_TuneZ2star_GEN_SIM_115.root
02-Feb-2015 20:37:29 GMT  Initiating request to open file root://xrootd.unl.edu//store/group/dpg_trigger/comm_trigger/L1TrackTrigger/620_SLHC10/Extended2023TTI/MinBias/MinBias_TuneZ2star_GEN_SIM_503.root
150202 20:38:00 31452 Xrd: CheckErrorStatus: Server [xrootd.ba.infn.it:1094] declared: session not found(error code: 3011)
02-Feb-2015 20:38:00 GMT  Successfully opened file root://xrootd.unl.edu//store/group/dpg_trigger/comm_trigger/L1TrackTrigger/620_SLHC10/Extended2023TTI/MinBias/MinBias_TuneZ2star_GEN_SIM_503.root
150202 20:42:40 12118 Xrd: XrdClientMessage::ReadRaw: Failed to read header (8 bytes).
150202 20:43:10 31711 Xrd: XrdClientMessage::ReadRaw: Failed to read header (8 bytes).
02-Feb-2015 20:48:15 GMT  Closed file root://xrootd.unl.edu//store/group/dpg_trigger/comm_trigger/L1TrackTrigger/620_SLHC10/Extended2023TTI/MinBias/MinBias_TuneZ2star_GEN_SIM_503.root
02-Feb-2015 20:48:15 GMT  Initiating request to open file root://xrootd.unl.edu//store/group/dpg_trigger/comm_trigger/L1TrackTrigger/620_SLHC10/Extended2023TTI/MinBias/MinBias_TuneZ2star_GEN_SIM_67.root
150202 20:48:46 9286 Xrd: CheckErrorStatus: Server [xrootd.ba.infn.it:1094] declared: session not found(error code: 3011)
02-Feb-2015 20:48:46 GMT  Successfully opened file root://xrootd.unl.edu//store/group/dpg_trigger/comm_trigger/L1TrackTrigger/620_SLHC10/Extended2023TTI/MinBias/MinBias_TuneZ2star_GEN_SIM_67.root
Building the geometry service
Warning did not find digi
Warning did not find digi
Warning did not find digi
Warning did not find digi
Warning did not find digi in disks
Warning did not find digi in disks
Warning did not find digi in disks
Warning did not find digi in disks
150202 20:53:39 31712 Xrd: XrdClientMessage::ReadRaw: Failed to read header (8 bytes).
150202 20:54:09 9980 Xrd: XrdClientMessage::ReadRaw: Failed to read header (8 bytes).
02-Feb-2015 20:59:37 GMT  Closed file root://xrootd.unl.edu//store/group/dpg_trigger/comm_trigger/L1TrackTrigger/620_SLHC10/Extended2023TTI/MinBias/MinBias_TuneZ2star_GEN_SIM_67.root
02-Feb-2015 20:59:37 GMT  Initiating request to open file root://xrootd.unl.edu//store/group/dpg_trigger/comm_trigger/L1TrackTrigger/620_SLHC10/Extended2023TTI/MinBias/MinBias_TuneZ2star_GEN_SIM_996.root
150202 21:00:08 21622 Xrd: CheckErrorStatus: Server [cms-xrd-global.cern.ch:1094] declared: session not found(error code: 3011)
150202 21:00:08 21622 Xrd: CheckErrorStatus: Server [llrxrd-redir.in2p3.fr:1094] declared: session not found(error code: 3011)
02-Feb-2015 21:00:08 GMT  Successfully opened file root://xrootd.unl.edu//store/group/dpg_trigger/comm_trigger/L1TrackTrigger/620_SLHC10/Extended2023TTI/MinBias/MinBias_TuneZ2star_GEN_SIM_996.root
150202 21:04:39 9981 Xrd: XrdClientMessage::ReadRaw: Failed to read header (8 bytes).
150202 21:05:09 21744 Xrd: XrdClientMessage::ReadRaw: Failed to read header (8 bytes).
02-Feb-2015 21:07:48 GMT  Closed file root://xrootd.unl.edu//store/group/dpg_trigger/comm_trigger/L1TrackTrigger/620_SLHC10/Extended2023TTI/MinBias/MinBias_TuneZ2star_GEN_SIM_996.root
02-Feb-2015 21:07:48 GMT  Initiating request to open file root://xrootd.unl.edu//store/group/dpg_trigger/comm_trigger/L1TrackTrigger/620_SLHC10/Extended2023TTI/MinBias/MinBias_TuneZ2star_GEN_SIM_7.root
150202 21:09:10 12117 Xrd: XrdClientMessage::ReadRaw: Failed to read header (8 bytes).
150202 21:10:43 29604 Xrd: CheckErrorStatus: Server [xrootd-redic.pi.infn.it:1094] declared: session not found(error code: 3011)
02-Feb-2015 21:10:44 GMT  Successfully opened file root://xrootd.unl.edu//store/group/dpg_trigger/comm_trigger/L1TrackTrigger/620_SLHC10/Extended2023TTI/MinBias/MinBias_TuneZ2star_GEN_SIM_7.root
150202 21:13:09 21745 Xrd: XrdClientMessage::ReadRaw: Failed to read header (8 bytes).
150202 21:16:10 32533 Xrd: XrdClientMessage::ReadRaw: Failed to read header (8 bytes).
150202 21:20:10 21743 Xrd: XrdClientMessage::ReadRaw: Failed to read header (8 bytes).
02-Feb-2015 21:21:05 GMT  Closed file root://xrootd.unl.edu//store/group/dpg_trigger/comm_trigger/L1TrackTrigger/620_SLHC10/Extended2023TTI/MinBias/MinBias_TuneZ2star_GEN_SIM_7.root
02-Feb-2015 21:21:05 GMT  Initiating request to open file root://xrootd.unl.edu//store/group/dpg_trigger/comm_trigger/L1TrackTrigger/620_SLHC10/Extended2023TTI/MinBias/MinBias_TuneZ2star_GEN_SIM_525.root
150202 21:21:33 10268 Xrd: CheckErrorStatus: Server [xrootd-redic.pi.infn.it:1094] declared: session not found(error code: 3011)
02-Feb-2015 21:21:34 GMT  Successfully opened file root://xrootd.unl.edu//store/group/dpg_trigger/comm_trigger/L1TrackTrigger/620_SLHC10/Extended2023TTI/MinBias/MinBias_TuneZ2star_GEN_SIM_525.root
150202 21:26:09 32534 Xrd: XrdClientMessage::ReadRaw: Failed to read header (8 bytes).
150202 21:26:40 10403 Xrd: XrdClientMessage::ReadRaw: Failed to read header (8 bytes).
02-Feb-2015 21:30:26 GMT  Closed file root://xrootd.unl.edu//store/group/dpg_trigger/comm_trigger/L1TrackTrigger/620_SLHC10/Extended2023TTI/MinBias/MinBias_TuneZ2star_GEN_SIM_525.root
02-Feb-2015 21:30:26 GMT  Initiating request to open file root://xrootd.unl.edu//store/group/dpg_trigger/comm_trigger/L1TrackTrigger/620_SLHC10/Extended2023TTI/MinBias/MinBias_TuneZ2star_GEN_SIM_551.root
150202 21:30:57 19511 Xrd: CheckErrorStatus: Server [xrootd-redic.pi.infn.it:1094] declared: session not found(error code: 3011)
02-Feb-2015 21:30:58 GMT  Successfully opened file root://xrootd.unl.edu//store/group/dpg_trigger/comm_trigger/L1TrackTrigger/620_SLHC10/Extended2023TTI/MinBias/MinBias_TuneZ2star_GEN_SIM_551.root
150202 21:35:40 10404 Xrd: XrdClientMessage::ReadRaw: Failed to read header (8 bytes).
150202 21:36:10 20214 Xrd: XrdClientMessage::ReadRaw: Failed to read header (8 bytes).
02-Feb-2015 21:41:22 GMT  Closed file root://xrootd.unl.edu//store/group/dpg_trigger/comm_trigger/L1TrackTrigger/620_SLHC10/Extended2023TTI/MinBias/MinBias_TuneZ2star_GEN_SIM_551.root
02-Feb-2015 21:41:22 GMT  Initiating request to open file root://xrootd.unl.edu//store/group/dpg_trigger/comm_trigger/L1TrackTrigger/620_SLHC10/Extended2023TTI/MinBias/MinBias_TuneZ2star_GEN_SIM_773.root
150202 21:41:53 30226 Xrd: CheckErrorStatus: Server [xrootd-redic.pi.infn.it:1094] declared: session not found(error code: 3011)
02-Feb-2015 21:41:53 GMT  Successfully opened file root://xrootd.unl.edu//store/group/dpg_trigger/comm_trigger/L1TrackTrigger/620_SLHC10/Extended2023TTI/MinBias/MinBias_TuneZ2star_GEN_SIM_773.root
150202 21:46:39 20215 Xrd: XrdClientMessage::ReadRaw: Failed to read header (8 bytes).
150202 21:47:10 31003 Xrd: XrdClientMessage::ReadRaw: Failed to read header (8 bytes).
02-Feb-2015 21:49:59 GMT  Closed file root://xrootd.unl.edu//store/group/dpg_trigger/comm_trigger/L1TrackTrigger/620_SLHC10/Extended2023TTI/MinBias/MinBias_TuneZ2star_GEN_SIM_773.root
02-Feb-2015 21:49:59 GMT  Initiating request to open file root://xrootd.unl.edu//store/group/dpg_trigger/comm_trigger/L1TrackTrigger/620_SLHC10/Extended2023TTI/MinBias/MinBias_TuneZ2star_GEN_SIM_535.root
150202 21:49:59 6525 Xrd: CheckErrorStatus: Server [xrootd-redic.pi.infn.it:1094] declared: session not found(error code: 3011)
150202 21:50:00 6525 Xrd: CheckErrorStatus: Server [eoscms.cern.ch:1094] declared: session not found(error code: 3011)
02-Feb-2015 21:50:00 GMT  Successfully opened file root://xrootd.unl.edu//store/group/dpg_trigger/comm_trigger/L1TrackTrigger/620_SLHC10/Extended2023TTI/MinBias/MinBias_TuneZ2star_GEN_SIM_535.root
150202 21:55:10 6526 Xrd: XrdClientMessage::ReadRaw: Failed to read header (8 bytes).
150202 21:55:10 31004 Xrd: XrdClientMessage::ReadRaw: Failed to read header (8 bytes).
02-Feb-2015 22:03:36 GMT  Closed file root://xrootd.unl.edu//store/group/dpg_trigger/comm_trigger/L1TrackTrigger/620_SLHC10/Extended2023TTI/MinBias/MinBias_TuneZ2star_GEN_SIM_535.root
02-Feb-2015 22:03:36 GMT  Initiating request to open file root://xrootd.unl.edu//store/group/dpg_trigger/comm_trigger/L1TrackTrigger/620_SLHC10/Extended2023TTI/MinBias/MinBias_TuneZ2star_GEN_SIM_614.root
150202 22:08:40 6527 Xrd: XrdClientMessage::ReadRaw: Failed to read header (8 bytes).
150202 22:10:10 10968 Xrd: XrdClientMessage::ReadRaw: Failed to read header (8 bytes).
150202 22:10:10 32532 Xrd: XrdClientMessage::ReadRaw: Failed to read header (8 bytes).
150202 22:10:10 10971 Xrd: XrdClientMessage::ReadRaw: Failed to read header (8 bytes).
150202 22:10:46 20804 Xrd: CheckErrorStatus: Server [xrootd.unl.edu:1094] declared: session not found(error code: 3011)
150202 22:10:46 20804 Xrd: CheckErrorStatus: Server [cms-xrd-global.cern.ch:1094] declared: session not found(error code: 3011)
150202 22:10:46 20804 Xrd: CheckErrorStatus: Server [xrootd.ba.infn.it:1094] declared: session not found(error code: 3011)
150202 22:10:46 20804 Xrd: CheckErrorStatus: Server [lxbrf39c03.cern.ch:1098] declared: session not found(error code: 3011)
02-Feb-2015 22:10:47 GMT  Successfully opened file root://xrootd.unl.edu//store/group/dpg_trigger/comm_trigger/L1TrackTrigger/620_SLHC10/Extended2023TTI/MinBias/MinBias_TuneZ2star_GEN_SIM_614.root
150202 22:16:10 27452 Xrd: XrdClientMessage::ReadRaw: Failed to read header (8 bytes).
02-Feb-2015 22:17:50 GMT  Closed file root://xrootd.unl.edu//store/group/dpg_trigger/comm_trigger/L1TrackTrigger/620_SLHC10/Extended2023TTI/MinBias/MinBias_TuneZ2star_GEN_SIM_614.root
02-Feb-2015 22:17:50 GMT  Initiating request to open file root://xrootd.unl.edu//store/group/dpg_trigger/comm_trigger/L1TrackTrigger/620_SLHC10/Extended2023TTI/MinBias/MinBias_TuneZ2star_GEN_SIM_208.root
150202 22:23:09 27454 Xrd: XrdClientMessage::ReadRaw: Failed to read header (8 bytes).
150202 22:24:21 1098 Xrd: CheckErrorStatus: Server [cms-xrd-global.cern.ch:1094] declared: session not found(error code: 3011)
150202 22:24:21 1098 Xrd: CheckErrorStatus: Server [llrxrd-redir.in2p3.fr:1094] declared: session not found(error code: 3011)
02-Feb-2015 22:24:21 GMT  Successfully opened file root://xrootd.unl.edu//store/group/dpg_trigger/comm_trigger/L1TrackTrigger/620_SLHC10/Extended2023TTI/MinBias/MinBias_TuneZ2star_GEN_SIM_208.root
150202 22:29:40 7174 Xrd: XrdClientMessage::ReadRaw: Failed to read header (8 bytes).
02-Feb-2015 22:29:49 GMT  Closed file root://xrootd.unl.edu//store/group/dpg_trigger/comm_trigger/L1TrackTrigger/620_SLHC10/Extended2023TTI/MinBias/MinBias_TuneZ2star_GEN_SIM_208.root
02-Feb-2015 22:29:49 GMT  Initiating request to open file root://xrootd.unl.edu//store/group/dpg_trigger/comm_trigger/L1TrackTrigger/620_SLHC10/Extended2023TTI/MinBias/MinBias_TuneZ2star_GEN_SIM_646.root
150202 22:29:49 17327 Xrd: CheckErrorStatus: Server [llrxrd-redir.in2p3.fr:1094] declared: session not found(error code: 3011)
02-Feb-2015 22:29:50 GMT  Successfully opened file root://xrootd.unl.edu//store/group/dpg_trigger/comm_trigger/L1TrackTrigger/620_SLHC10/Extended2023TTI/MinBias/MinBias_TuneZ2star_GEN_SIM_646.root
150202 22:31:10 27449 Xrd: XrdClientMessage::ReadRaw: Failed to read header (8 bytes).
02-Feb-2015 22:34:40 GMT  Closed file root://xrootd.unl.edu//store/group/dpg_trigger/comm_trigger/L1TrackTrigger/620_SLHC10/Extended2023TTI/MinBias/MinBias_TuneZ2star_GEN_SIM_646.root
02-Feb-2015 22:34:40 GMT  Initiating request to open file root://xrootd.unl.edu//store/group/dpg_trigger/comm_trigger/L1TrackTrigger/620_SLHC10/Extended2023TTI/MinBias/MinBias_TuneZ2star_GEN_SIM_894.root
150202 22:35:10 7175 Xrd: XrdClientMessage::ReadRaw: Failed to read header (8 bytes).
150202 22:35:10 17328 Xrd: XrdClientMessage::ReadRaw: Failed to read header (8 bytes).
150202 22:35:11 21801 Xrd: CheckErrorStatus: Server [cms-xrd-global.cern.ch:1094] declared: session not found(error code: 3011)
150202 22:35:11 21801 Xrd: CheckErrorStatus: Server [xrootd-redic.pi.infn.it:1094] declared: session not found(error code: 3011)
02-Feb-2015 22:35:11 GMT  Successfully opened file root://xrootd.unl.edu//store/group/dpg_trigger/comm_trigger/L1TrackTrigger/620_SLHC10/Extended2023TTI/MinBias/MinBias_TuneZ2star_GEN_SIM_894.root
02-Feb-2015 22:38:43 GMT  Closed file root://xrootd.unl.edu//store/group/dpg_trigger/comm_trigger/L1TrackTrigger/620_SLHC10/Extended2023TTI/MinBias/MinBias_TuneZ2star_GEN_SIM_894.root
02-Feb-2015 22:38:43 GMT  Initiating request to open file root://xrootd.unl.edu//store/group/dpg_trigger/comm_trigger/L1TrackTrigger/620_SLHC10/Extended2023TTI/MinBias/MinBias_TuneZ2star_GEN_SIM_969.root
02-Feb-2015 22:39:14 GMT  Successfully opened file root://xrootd.unl.edu//store/group/dpg_trigger/comm_trigger/L1TrackTrigger/620_SLHC10/Extended2023TTI/MinBias/MinBias_TuneZ2star_GEN_SIM_969.root
150202 22:40:10 17329 Xrd: XrdClientMessage::ReadRaw: Failed to read header (8 bytes).
02-Feb-2015 22:43:02 GMT  Closed file root://xrootd.unl.edu//store/group/dpg_trigger/comm_trigger/L1TrackTrigger/620_SLHC10/Extended2023TTI/MinBias/MinBias_TuneZ2star_GEN_SIM_969.root
02-Feb-2015 22:43:02 GMT  Initiating request to open file root://xrootd.unl.edu//store/group/dpg_trigger/comm_trigger/L1TrackTrigger/620_SLHC10/Extended2023TTI/MinBias/MinBias_TuneZ2star_GEN_SIM_188.root
150202 22:43:33 28814 Xrd: CheckErrorStatus: Server [cms-xrd-global.cern.ch:1094] declared: session not found(error code: 3011)
02-Feb-2015 22:43:33 GMT  Successfully opened file root://xrootd.unl.edu//store/group/dpg_trigger/comm_trigger/L1TrackTrigger/620_SLHC10/Extended2023TTI/MinBias/MinBias_TuneZ2star_GEN_SIM_188.root
150202 22:44:10 22394 Xrd: XrdClientMessage::ReadRaw: Failed to read header (8 bytes).
02-Feb-2015 22:47:27 GMT  Closed file root://xrootd.unl.edu//store/group/dpg_trigger/comm_trigger/L1TrackTrigger/620_SLHC10/Extended2023TTI/MinBias/MinBias_TuneZ2star_GEN_SIM_188.root
02-Feb-2015 22:47:27 GMT  Initiating request to open file root://xrootd.unl.edu//store/group/dpg_trigger/comm_trigger/L1TrackTrigger/620_SLHC10/Extended2023TTI/MinBias/MinBias_TuneZ2star_GEN_SIM_178.root
02-Feb-2015 22:47:58 GMT  Successfully opened file root://xrootd.unl.edu//store/group/dpg_trigger/comm_trigger/L1TrackTrigger/620_SLHC10/Extended2023TTI/MinBias/MinBias_TuneZ2star_GEN_SIM_178.root
150202 22:48:10 25701 Xrd: XrdClientMessage::ReadRaw: Failed to read header (8 bytes).
150202 22:50:10 7173 Xrd: XrdClientMessage::ReadRaw: Failed to read header (8 bytes).
02-Feb-2015 22:52:04 GMT  Closed file root://xrootd.unl.edu//store/group/dpg_trigger/comm_trigger/L1TrackTrigger/620_SLHC10/Extended2023TTI/MinBias/MinBias_TuneZ2star_GEN_SIM_178.root
02-Feb-2015 22:52:04 GMT  Initiating request to open file root://xrootd.unl.edu//store/group/dpg_trigger/comm_trigger/L1TrackTrigger/620_SLHC10/Extended2023TTI/MinBias/MinBias_TuneZ2star_GEN_SIM_803.root
02-Feb-2015 22:52:35 GMT  Successfully opened file root://xrootd.unl.edu//store/group/dpg_trigger/comm_trigger/L1TrackTrigger/620_SLHC10/Extended2023TTI/MinBias/MinBias_TuneZ2star_GEN_SIM_803.root
150202 22:52:36 29392 Xrd: XrdClientMessage::ReadRaw: Failed to read header (8 bytes).
02-Feb-2015 22:55:10 GMT  Closed file root://xrootd.unl.edu//store/group/dpg_trigger/comm_trigger/L1TrackTrigger/620_SLHC10/Extended2023TTI/MinBias/MinBias_TuneZ2star_GEN_SIM_803.root
02-Feb-2015 22:55:10 GMT  Initiating request to open file root://xrootd.unl.edu//store/group/dpg_trigger/comm_trigger/L1TrackTrigger/620_SLHC10/Extended2023TTI/MinBias/MinBias_TuneZ2star_GEN_SIM_278.root
02-Feb-2015 22:55:41 GMT  Successfully opened file root://xrootd.unl.edu//store/group/dpg_trigger/comm_trigger/L1TrackTrigger/620_SLHC10/Extended2023TTI/MinBias/MinBias_TuneZ2star_GEN_SIM_278.root
150202 22:57:10 368 Xrd: XrdClientMessage::ReadRaw: Failed to read header (8 bytes).
02-Feb-2015 22:58:37 GMT  Closed file root://xrootd.unl.edu//store/group/dpg_trigger/comm_trigger/L1TrackTrigger/620_SLHC10/Extended2023TTI/MinBias/MinBias_TuneZ2star_GEN_SIM_278.root
02-Feb-2015 22:58:37 GMT  Initiating request to open file root://xrootd.unl.edu//store/group/dpg_trigger/comm_trigger/L1TrackTrigger/620_SLHC10/Extended2023TTI/MinBias/MinBias_TuneZ2star_GEN_SIM_697.root
150202 22:59:08 9307 Xrd: CheckErrorStatus: Server [eoscms.cern.ch:1094] declared: session not found(error code: 3011)
02-Feb-2015 22:59:08 GMT  Successfully opened file root://xrootd.unl.edu//store/group/dpg_trigger/comm_trigger/L1TrackTrigger/620_SLHC10/Extended2023TTI/MinBias/MinBias_TuneZ2star_GEN_SIM_697.root
150202 23:00:40 3968 Xrd: XrdClientMessage::ReadRaw: Failed to read header (8 bytes).
02-Feb-2015 23:01:26 GMT  Closed file root://xrootd.unl.edu//store/group/dpg_trigger/comm_trigger/L1TrackTrigger/620_SLHC10/Extended2023TTI/MinBias/MinBias_TuneZ2star_GEN_SIM_697.root
02-Feb-2015 23:01:26 GMT  Initiating request to open file root://xrootd.unl.edu//store/group/dpg_trigger/comm_trigger/L1TrackTrigger/620_SLHC10/Extended2023TTI/MinBias/MinBias_TuneZ2star_GEN_SIM_710.root
02-Feb-2015 23:01:57 GMT  Successfully opened file root://xrootd.unl.edu//store/group/dpg_trigger/comm_trigger/L1TrackTrigger/620_SLHC10/Extended2023TTI/MinBias/MinBias_TuneZ2star_GEN_SIM_710.root
150202 23:03:40 6487 Xrd: XrdClientMessage::ReadRaw: Failed to read header (8 bytes).
02-Feb-2015 23:05:03 GMT  Closed file root://xrootd.unl.edu//store/group/dpg_trigger/comm_trigger/L1TrackTrigger/620_SLHC10/Extended2023TTI/MinBias/MinBias_TuneZ2star_GEN_SIM_710.root
02-Feb-2015 23:05:03 GMT  Initiating request to open file root://xrootd.unl.edu//store/group/dpg_trigger/comm_trigger/L1TrackTrigger/620_SLHC10/Extended2023TTI/MinBias/MinBias_TuneZ2star_GEN_SIM_844.root
02-Feb-2015 23:06:07 GMT  Successfully opened file root://xrootd.unl.edu//store/group/dpg_trigger/comm_trigger/L1TrackTrigger/620_SLHC10/Extended2023TTI/MinBias/MinBias_TuneZ2star_GEN_SIM_844.root
DTTSPhi::addTracoT: preview not present in TRACO trigger or its code=0  trigger not added!
DTTSPhi::addTracoT: preview not present in TRACO trigger or its code=0  trigger not added!
150202 23:06:40 13718 Xrd: XrdClientMessage::ReadRaw: Failed to read header (8 bytes).
02-Feb-2015 23:08:23 GMT  Closed file root://xrootd.unl.edu//store/group/dpg_trigger/comm_trigger/L1TrackTrigger/620_SLHC10/Extended2023TTI/MinBias/MinBias_TuneZ2star_GEN_SIM_844.root
02-Feb-2015 23:08:23 GMT  Initiating request to open file root://xrootd.unl.edu//store/group/dpg_trigger/comm_trigger/L1TrackTrigger/620_SLHC10/Extended2023TTI/MinBias/MinBias_TuneZ2star_GEN_SIM_716.root
02-Feb-2015 23:08:54 GMT  Successfully opened file root://xrootd.unl.edu//store/group/dpg_trigger/comm_trigger/L1TrackTrigger/620_SLHC10/Extended2023TTI/MinBias/MinBias_TuneZ2star_GEN_SIM_716.root
150202 23:10:10 20763 Xrd: XrdClientMessage::ReadRaw: Failed to read header (8 bytes).
02-Feb-2015 23:11:35 GMT  Closed file root://xrootd.unl.edu//store/group/dpg_trigger/comm_trigger/L1TrackTrigger/620_SLHC10/Extended2023TTI/MinBias/MinBias_TuneZ2star_GEN_SIM_716.root
02-Feb-2015 23:11:35 GMT  Initiating request to open file root://xrootd.unl.edu//store/group/dpg_trigger/comm_trigger/L1TrackTrigger/620_SLHC10/Extended2023TTI/MinBias/MinBias_TuneZ2star_GEN_SIM_565.root
02-Feb-2015 23:12:05 GMT  Successfully opened file root://xrootd.unl.edu//store/group/dpg_trigger/comm_trigger/L1TrackTrigger/620_SLHC10/Extended2023TTI/MinBias/MinBias_TuneZ2star_GEN_SIM_565.root
02-Feb-2015 23:13:23 GMT  Closed file root://dcap.pp.rl.ac.uk:1094/pnfs/pp.rl.ac.uk/data/cms/store/user/dcieri/ttbar_SIM/ttbar/ttbar_SIM/150129_145223/0000/step1_475.root
02-Feb-2015 23:13:23 GMT  Closed file root://xrootd.unl.edu//store/group/dpg_trigger/comm_trigger/L1TrackTrigger/620_SLHC10/Extended2023TTI/MinBias/MinBias_TuneZ2star_GEN_SIM_565.root

=============================================

MessageLogger Summary

 type     category        sev    module        subroutine        count    total
 ---- -------------------- -- ---------------- ----------------  -----    -----
    1 fileAction           -s MixingModule:mix                      69       69
    2 fileAction           -s MixingModule:mix                       2        2
    3 fileAction           -s MixingModule:mix                       1        1
    4 fileAction           -s file_close                             1        1
    5 fileAction           -s file_open                              2        2

 type    category    Examples: run/evt        run/evt          run/evt
 ---- -------------------- ---------------- ---------------- ----------------
    1 fileAction           1/4741           1/4741           1/4750
    2 fileAction           pre-events       pre-events       
    3 fileAction           PostEndRun                        
    4 fileAction           PostEndRun                        
    5 fileAction           pre-events       pre-events       

Severity    # Occurrences   Total Occurrences
--------    -------------   -----------------
System                 75                  75
>>> END OF printout of 221 lines from stdout+stderr
>>> Parse FrameworkJobReport crab_fjr.xml
Result of parsing the FrameworkJobReport crab_fjr.xml: 
Extracted ExitStatus from FrameworkJobReport parsing output: 0
>>> Executable succeded  0
ExeExitCode=0
EXECUTABLE_EXIT_STATUS = 0
>>> current directory /scratch/condor/dir_18757/glide_HpEApQ/execute/dir_8810/CMSSW_6_2_0_SLHC12
>>>  (SOFTWARE_DIR): /scratch/condor/dir_18757/glide_HpEApQ/execute/dir_8810/CMSSW_6_2_0_SLHC12
>>> (WORKING_DIR): 
>>> current directory content:
total 253456
drwxr-xr-x 3 cms415 gplcms      4096 Feb  2 20:16 .SCRAM
-rw------- 1 cms415 gplcms    915837 Feb  2 20:16 CMSSW.py.pkl
drwxr-xr-x 3 cms415 gplcms      4096 Feb  2 20:16 bin
drwxr-xr-x 3 cms415 gplcms      4096 Feb  2 20:16 cfipython
drwxr-xr-x 4 cms415 gplcms      4096 Apr 28  2014 config
-rw------- 1 cms415 gplcms        18 Feb  2 23:13 cpu_timing.txt
drwxr-xr-x 2 cms415 gplcms      4096 Feb  2 20:16 doc
-rw------- 1 cms415 gplcms     24851 Feb  2 23:13 executable.out
drwxr-xr-x 2 cms415 gplcms      4096 Feb  2 20:16 include
drwx------ 3 cms415 gplcms      4096 Oct  7 10:12 lib
drwxr-xr-x 3 cms415 gplcms      4096 Feb  2 20:16 logs
drwxr-xr-x 3 cms415 gplcms      4096 Feb  2 20:16 objs
-rw------- 1 cms415 gplcms       104 Feb  2 20:16 pset.py
-rw------- 1 cms415 gplcms    926824 Feb  2 20:16 pset.py.pkl
-rw------- 1 cms415 gplcms       289 Feb  2 20:16 pset.pyc
drwxr-xr-x 2 cms415 gplcms      4096 Feb  2 20:16 python
-rw------- 1 cms415 gplcms       359 Feb  2 23:13 report.log
drwxr-xr-x 2 cms415 gplcms      4096 Feb  2 20:16 src
-rw------- 1 cms415 gplcms 257324096 Feb  2 23:13 step2.root
drwxr-xr-x 3 cms415 gplcms      4096 Feb  2 20:16 test
drwxr-xr-x 3 cms415 gplcms      4096 Feb  2 20:16 tmp
>>> current directory /scratch/condor/dir_18757/glide_HpEApQ/execute/dir_8810/CMSSW_6_2_0_SLHC12
>>> (SOFTWARE_DIR): /scratch/condor/dir_18757/glide_HpEApQ/execute/dir_8810/CMSSW_6_2_0_SLHC12
>>> (WORKING_DIR): 
>>> current directory content:
total 253456
drwxr-xr-x 3 cms415 gplcms      4096 Feb  2 20:16 .SCRAM
-rw------- 1 cms415 gplcms    915837 Feb  2 20:16 CMSSW.py.pkl
drwxr-xr-x 3 cms415 gplcms      4096 Feb  2 20:16 bin
drwxr-xr-x 3 cms415 gplcms      4096 Feb  2 20:16 cfipython
drwxr-xr-x 4 cms415 gplcms      4096 Apr 28  2014 config
-rw------- 1 cms415 gplcms        18 Feb  2 23:13 cpu_timing.txt
drwxr-xr-x 2 cms415 gplcms      4096 Feb  2 20:16 doc
-rw------- 1 cms415 gplcms     24851 Feb  2 23:13 executable.out
drwxr-xr-x 2 cms415 gplcms      4096 Feb  2 20:16 include
drwx------ 3 cms415 gplcms      4096 Oct  7 10:12 lib
drwxr-xr-x 3 cms415 gplcms      4096 Feb  2 20:16 logs
drwxr-xr-x 3 cms415 gplcms      4096 Feb  2 20:16 objs
-rw------- 1 cms415 gplcms       104 Feb  2 20:16 pset.py
-rw------- 1 cms415 gplcms    926824 Feb  2 20:16 pset.py.pkl
-rw------- 1 cms415 gplcms       289 Feb  2 20:16 pset.pyc
drwxr-xr-x 2 cms415 gplcms      4096 Feb  2 20:16 python
-rw------- 1 cms415 gplcms       359 Feb  2 23:13 report.log
drwxr-xr-x 2 cms415 gplcms      4096 Feb  2 20:16 src
-rw------- 1 cms415 gplcms 257324096 Feb  2 23:13 step2_225_1_rsP.root
drwxr-xr-x 3 cms415 gplcms      4096 Feb  2 20:16 test
drwxr-xr-x 3 cms415 gplcms      4096 Feb  2 20:16 tmp
>>> current directory (RUNTIME_AREA):  /scratch/condor/dir_18757/glide_HpEApQ/execute/dir_8810
PNN = T2_UK_SGrid_RALPP
SE = heplnx204.pp.rl.ac.uk
SE_PATH = /srm/managerv2?SFN=/pnfs/pp.rl.ac.uk/data/cms/store/user/dcieri/ttbar_PU140_DIGI/dcieri/ttbar/ttbar_PU140_DIGI/3c0380cf82de79bc39966c93934c61fc/
LFNBaseName = /store/user/dcieri/ttbar_PU140_DIGI/dcieri/ttbar/ttbar_PU140_DIGI/3c0380cf82de79bc39966c93934c61fc/
USER = dcieri
endpoint = srm://heplnx204.pp.rl.ac.uk:8443/srm/managerv2?SFN=/pnfs/pp.rl.ac.uk/data/cms/store/user/dcieri/ttbar_PU140_DIGI/dcieri/ttbar/ttbar_PU140_DIGI/3c0380cf82de79bc39966c93934c61fc/
>>> Copy output files from WN = heplnc006.pp.rl.ac.uk to /srm/managerv2?SFN=/pnfs/pp.rl.ac.uk/data/cms/store/user/dcieri/ttbar_PU140_DIGI/dcieri/ttbar/ttbar_PU140_DIGI/3c0380cf82de79bc39966c93934c61fc/ :
python cmscp.py  --destination srm://heplnx204.pp.rl.ac.uk:8443/srm/managerv2?SFN=/pnfs/pp.rl.ac.uk/data/cms/store/user/dcieri/ttbar_PU140_DIGI/dcieri/ttbar/ttbar_PU140_DIGI/3c0380cf82de79bc39966c93934c61fc/ --inputFileList /scratch/condor/dir_18757/glide_HpEApQ/execute/dir_8810/CMSSW_6_2_0_SLHC12/step2_225_1_rsP.root --middleware LCG --PNN T2_UK_SGrid_RALPP --se_name heplnx204.pp.rl.ac.uk --for_lfn /store/user/dcieri/ttbar_PU140_DIGI/dcieri/ttbar/ttbar_PU140_DIGI/3c0380cf82de79bc39966c93934c61fc/    
******************************************************
localSeName  =  heplnx204.pp.rl.ac.uk
remoteSeName =  heplnx204.pp.rl.ac.uk
******************************************************
{"/scratch/condor/dir_18757/glide_HpEApQ/execute/dir_8810/CMSSW_6_2_0_SLHC12/step2_225_1_rsP.root": {"endpoint": "srm://heplnx204.pp.rl.ac.uk:8443/srm/managerv2?SFN=/pnfs/pp.rl.ac.uk/data/cms/store/user/dcieri/ttbar_PU140_DIGI/dcieri/ttbar/ttbar_PU140_DIGI/3c0380cf82de79bc39966c93934c61fc/", "surl_for_grid": "", "reason": "Copy succedeed with srm-lcg utils", "erCode": "0", "PNN": "T2_UK_SGrid_RALPP", "se_name": "heplnx204.pp.rl.ac.uk", "for_lfn": "/store/user/dcieri/ttbar_PU140_DIGI/dcieri/ttbar/ttbar_PU140_DIGI/3c0380cf82de79bc39966c93934c61fc/"}}/scratch/condor/dir_18757/glide_HpEApQ/execute/dir_8810
-------- cat /scratch/condor/dir_18757/glide_HpEApQ/execute/dir_8810/cmscpReport.sh 
#!/bin/bash
echo "Report for File: /scratch/condor/dir_18757/glide_HpEApQ/execute/dir_8810/CMSSW_6_2_0_SLHC12/step2_225_1_rsP.root"
echo "LFN: /store/user/dcieri/ttbar_PU140_DIGI/dcieri/ttbar/ttbar_PU140_DIGI/3c0380cf82de79bc39966c93934c61fc/step2_225_1_rsP.root"
echo "StorageElement: heplnx204.pp.rl.ac.uk"
echo "StageOutExitStatusReason = 'Copy succedeed with srm-lcg utils'" | tee -a $RUNTIME_AREA/$repo
echo "StageOutSE = heplnx204.pp.rl.ac.uk" >> $RUNTIME_AREA/$repo

export StageOutExitStatus=0
echo "StageOutExitStatus = 0" | tee -a $RUNTIME_AREA/$repo
-------- end of /scratch/condor/dir_18757/glide_HpEApQ/execute/dir_8810/cmscpReport.sh 
Report for File: /scratch/condor/dir_18757/glide_HpEApQ/execute/dir_8810/CMSSW_6_2_0_SLHC12/step2_225_1_rsP.root
LFN: /store/user/dcieri/ttbar_PU140_DIGI/dcieri/ttbar/ttbar_PU140_DIGI/3c0380cf82de79bc39966c93934c61fc/step2_225_1_rsP.root
StorageElement: heplnx204.pp.rl.ac.uk
StageOutExitStatusReason = 'Copy succedeed with srm-lcg utils'
StageOutExitStatus = 0
>>> current dir: /scratch/condor/dir_18757/glide_HpEApQ/execute/dir_8810
>>> current dir content:
total 8824
-rw-------  1 cms415 gplcms    2729 Feb  2 23:14 .SEinteraction.log
-rwx------  1 cms415 gplcms      51 Feb  2 20:14 .chirp_config
-rwx------  1 cms415 gplcms    7818 Feb  2 20:14 .job.ad
-rwx------  1 cms415 gplcms    9777 Feb  2 20:14 .machine.ad
-rw-------  1 cms415 gplcms     105 Feb  2 12:16 CMSSW.py
-rw-------  1 cms415 gplcms  915837 Feb  2 12:16 CMSSW.py.pkl
-rwx------  1 cms415 gplcms   29498 Feb  2 20:16 CMSSW.sh
drwxr-xr-x 15 cms415 gplcms    4096 Feb  2 23:13 CMSSW_6_2_0_SLHC12
-rw-------  1 cms415 gplcms     189 Feb  2 20:16 CacheEnv.sh
-rw-------  1 cms415 gplcms    7291 Nov 19 14:52 DashboardAPI.py
-rw-------  1 cms415 gplcms    6455 Feb  2 20:16 DashboardAPI.pyc
drwx------  2 cms415 gplcms    4096 Feb  2 23:13 IMProv
-rw-------  1 cms415 gplcms    2748 Nov 19 14:52 Logger.py
-rw-------  1 cms415 gplcms    3227 Feb  2 20:16 Logger.pyc
-rw-------  1 cms415 gplcms   24524 Nov 19 14:52 ProcInfo.py
-rw-------  1 cms415 gplcms   22621 Feb  2 20:16 ProcInfo.pyc
drwx------  7 cms415 gplcms    4096 Feb  2 20:16 ProdCommon
drwx------  3 cms415 gplcms    4096 Feb  2 20:16 WMCore
-rw-------  1 cms415 gplcms   10800 Feb  2 23:14 Watchdog_225.log
-rwx------  1 cms415 gplcms       0 Feb  2 20:16 _condor_stderr
-rwx---r--  1 cms415 gplcms   39595 Feb  2 23:14 _condor_stdout
-rw-------  1 cms415 gplcms   32895 Nov 19 14:52 apmon.py
-rw-------  1 cms415 gplcms   27929 Feb  2 20:16 apmon.pyc
-rwx------  1 cms415 gplcms  134309 Feb  2 20:16 arguments.xml
-rwx------  1 cms415 gplcms   38581 Nov 19 14:52 cmscp.py
-rw-------  1 cms415 gplcms     561 Feb  2 23:14 cmscpReport.sh
-rwx------  1 cms415 gplcms   29498 Feb  2 20:16 condor_exec.exe
-rw-------  1 cms415 gplcms     544 Feb  2 12:16 crab.cfg
-rwx------  1 cms415 gplcms    8610 Nov 19 14:52 crabWatchdog.sh
-rwx---r--  1 cms415 gplcms  112098 Feb  2 23:13 crab_fjr_225.xml
-rwx------  1 cms415 gplcms 7390485 Feb  2 20:16 default.tgz
-rwx------  1 cms415 gplcms    4488 Nov 19 14:52 fillCrabFjr.py
-rw-------  1 cms415 gplcms     226 Feb  2 20:16 inputsReport.txt
-rw-------  1 cms415 gplcms     245 Feb  2 23:14 jobreport.txt
-rw-------  1 cms415 gplcms   17352 Nov 19 14:52 parseCrabFjr.py
-rw-------  1 cms415 gplcms     324 Feb  2 20:16 report.log
-rwx--x--x  1 cms415 gplcms    1497 Nov 19 14:52 report.py
-rw-------  1 cms415 gplcms     554 Feb  2 23:14 resultCopyFile
lrwxrwxrwx  1 cms415 gplcms      95 Feb  2 23:13 step2.root -> /scratch/condor/dir_18757/glide_HpEApQ/execute/dir_8810/CMSSW_6_2_0_SLHC12/step2_225_1_rsP.root
-rwx------  1 cms415 gplcms    8351 Nov 19 14:52 writeCfg.py
-rw-------  1 cms415 gplcms   10293 Feb  2 20:14 x509up_u62281
>>> Modify Job Report:
CMSSW_VERSION = CMSSW_6_2_0_SLHC12
ProcessedDataset = ttbar_PU140_DIGI
/scratch/condor/dir_18757/glide_HpEApQ/execute/dir_8810/ProdCommon/FwkJobRep/ModifyJobReport.py fjr /scratch/condor/dir_18757/glide_HpEApQ/execute/dir_8810/crab_fjr_225.xml json /scratch/condor/dir_18757/glide_HpEApQ/execute/dir_8810/resultCopyFile n_job 225_1_rsP PrimaryDataset ttbar  ApplicationFamily cmsRun ApplicationName cmsRun cmssw_version CMSSW_6_2_0_SLHC12 psethash 3c0380cf82de79bc39966c93934c61fc UserProcessedDataset dcieri-ttbar_PU140_DIGI-3c0380cf82de79bc39966c93934c61fc
inputDict =  {u'/scratch/condor/dir_18757/glide_HpEApQ/execute/dir_8810/CMSSW_6_2_0_SLHC12/step2_225_1_rsP.root': {u'endpoint': u'srm://heplnx204.pp.rl.ac.uk:8443/srm/managerv2?SFN=/pnfs/pp.rl.ac.uk/data/cms/store/user/dcieri/ttbar_PU140_DIGI/dcieri/ttbar/ttbar_PU140_DIGI/3c0380cf82de79bc39966c93934c61fc/', u'surl_for_grid': u'', u'reason': u'Copy succedeed with srm-lcg utils', u'erCode': u'0', u'PNN': u'T2_UK_SGrid_RALPP', u'se_name': u'heplnx204.pp.rl.ac.uk', u'for_lfn': u'/store/user/dcieri/ttbar_PU140_DIGI/dcieri/ttbar/ttbar_PU140_DIGI/3c0380cf82de79bc39966c93934c61fc/'}}
UserProcessedDataset =  dcieri-ttbar_PU140_DIGI-3c0380cf82de79bc39966c93934c61fc
WORKING ON EDM FILE
file_name in inputDict =  /scratch/condor/dir_18757/glide_HpEApQ/execute/dir_8810/CMSSW_6_2_0_SLHC12/step2_225_1_rsP.root
(size) os.stat(filename)[6] =  257324096
checksum =  1259664904
    file =  step2_225_1_rsP.root
    newPfn =  srm://heplnx204.pp.rl.ac.uk:8443/srm/managerv2?SFN=/pnfs/pp.rl.ac.uk/data/cms/store/user/dcieri/ttbar_PU140_DIGI/dcieri/ttbar/ttbar_PU140_DIGI/3c0380cf82de79bc39966c93934c61fc/step2_225_1_rsP.root
    newLfn =  /store/user/dcieri/ttbar_PU140_DIGI/dcieri/ttbar/ttbar_PU140_DIGI/3c0380cf82de79bc39966c93934c61fc/step2_225_1_rsP.root
>>> crab_fjr_*.xml  permission set to 0704
CrabWrapper EXIT_FUNC entered at Mon Feb  2 23:14:19 GMT 2015   -  Mon Feb  2 23:14:19 UTC 2015
Checking output files:  
will tar file crab_fjr_225.xml in  out_files_225
WARNING: output file CMSSW_225.stdout not found!
WARNING: output file CMSSW_225.stderr not found!
WARNING: output file Watchdog_225.log.gz not found!
>>> padding time: Wrapper lasting more than 600 seconds. No sleep required.
STOPPING WATCHDOG. CrabWatchdog PID is 10705
********** LAST 50 LINES OF WATCHDOG LOG
 Feb 02 20:44:31 GMT	10837	805804	1274736	54	105	1687	cmsRun -j /scratch/condor/dir_18757/glide_HpEApQ/execute/dir_8810/crab_fjr_225.xml -p pset.py      
 Feb 02 20:45:31 GMT	10837	843076	1333616	54	114	1747	cmsRun -j /scratch/condor/dir_18757/glide_HpEApQ/execute/dir_8810/crab_fjr_225.xml -p pset.py      
 Feb 02 20:46:31 GMT	10837	921536	1409904	54	123	1808	cmsRun -j /scratch/condor/dir_18757/glide_HpEApQ/execute/dir_8810/crab_fjr_225.xml -p pset.py      
 Feb 02 20:47:32 GMT	10837	924916	1415024	54	126	1868	cmsRun -j /scratch/condor/dir_18757/glide_HpEApQ/execute/dir_8810/crab_fjr_225.xml -p pset.py      
 Feb 02 20:50:32 GMT	10837	928872	1418608	54	133	2049	cmsRun -j /scratch/condor/dir_18757/glide_HpEApQ/execute/dir_8810/crab_fjr_225.xml -p pset.py      
# TIME			PID	RSS(KB)	VSZ(KB)	Dsk(MB)	tCPU(s)	tWALL(s)	COMMAND
 Feb 02 20:51:33 GMT	10837	1030788	1537172	54	147	2109	cmsRun -j /scratch/condor/dir_18757/glide_HpEApQ/execute/dir_8810/crab_fjr_225.xml -p pset.py      
 Feb 02 20:52:33 GMT	10837	1077120	1710596	54	170	2169	cmsRun -j /scratch/condor/dir_18757/glide_HpEApQ/execute/dir_8810/crab_fjr_225.xml -p pset.py      
 Feb 02 20:52:33 GMT	---	1077120	1710596	77	----	----	----
 Feb 02 20:53:33 GMT	10837	1078208	1710596	77	172	2229	cmsRun -j /scratch/condor/dir_18757/glide_HpEApQ/execute/dir_8810/crab_fjr_225.xml -p pset.py      
 Feb 02 20:54:33 GMT	10837	1080168	1710596	77	173	2290	cmsRun -j /scratch/condor/dir_18757/glide_HpEApQ/execute/dir_8810/crab_fjr_225.xml -p pset.py      
 Feb 02 20:55:34 GMT	10837	1091780	1710596	77	177	2350	cmsRun -j /scratch/condor/dir_18757/glide_HpEApQ/execute/dir_8810/crab_fjr_225.xml -p pset.py      
 Feb 02 20:56:34 GMT	10837	1095760	1710596	77	179	2410	cmsRun -j /scratch/condor/dir_18757/glide_HpEApQ/execute/dir_8810/crab_fjr_225.xml -p pset.py      
 Feb 02 20:57:34 GMT	10837	1097624	1710596	77	182	2470	cmsRun -j /scratch/condor/dir_18757/glide_HpEApQ/execute/dir_8810/crab_fjr_225.xml -p pset.py      
 Feb 02 20:58:34 GMT	10837	1099052	1710596	77	185	2531	cmsRun -j /scratch/condor/dir_18757/glide_HpEApQ/execute/dir_8810/crab_fjr_225.xml -p pset.py      
 Feb 02 20:59:35 GMT	10837	1101768	1710596	77	188	2591	cmsRun -j /scratch/condor/dir_18757/glide_HpEApQ/execute/dir_8810/crab_fjr_225.xml -p pset.py      
 Feb 02 21:04:36 GMT	10837	1101768	1712132	77	202	2892	cmsRun -j /scratch/condor/dir_18757/glide_HpEApQ/execute/dir_8810/crab_fjr_225.xml -p pset.py      
 Feb 02 21:05:36 GMT	10837	1101768	1716228	77	205	2952	cmsRun -j /scratch/condor/dir_18757/glide_HpEApQ/execute/dir_8810/crab_fjr_225.xml -p pset.py      
 Feb 02 21:06:36 GMT	10837	1101768	1717508	77	211	3013	cmsRun -j /scratch/condor/dir_18757/glide_HpEApQ/execute/dir_8810/crab_fjr_225.xml -p pset.py      
 Feb 02 21:07:37 GMT	10837	1143932	1721348	77	221	3073	cmsRun -j /scratch/condor/dir_18757/glide_HpEApQ/execute/dir_8810/crab_fjr_225.xml -p pset.py      
 Feb 02 21:11:38 GMT	10837	1213028	1735940	77	231	3314	cmsRun -j /scratch/condor/dir_18757/glide_HpEApQ/execute/dir_8810/crab_fjr_225.xml -p pset.py      
 Feb 02 21:12:38 GMT	10837	1217596	1739268	77	234	3375	cmsRun -j /scratch/condor/dir_18757/glide_HpEApQ/execute/dir_8810/crab_fjr_225.xml -p pset.py      
 Feb 02 21:13:39 GMT	10837	1218184	1739268	77	237	3435	cmsRun -j /scratch/condor/dir_18757/glide_HpEApQ/execute/dir_8810/crab_fjr_225.xml -p pset.py      
 Feb 02 21:14:39 GMT	10837	1221728	1741828	77	240	3495	cmsRun -j /scratch/condor/dir_18757/glide_HpEApQ/execute/dir_8810/crab_fjr_225.xml -p pset.py      
 Feb 02 21:15:39 GMT	10837	1273244	1790980	77	248	3555	cmsRun -j /scratch/condor/dir_18757/glide_HpEApQ/execute/dir_8810/crab_fjr_225.xml -p pset.py      
 Feb 02 21:16:39 GMT	---	1273244	1790980	100	----	----	----
 Feb 02 21:34:44 GMT	10837	1276708	1790980	100	329	4700	cmsRun -j /scratch/condor/dir_18757/glide_HpEApQ/execute/dir_8810/crab_fjr_225.xml -p pset.py      
 Feb 02 21:35:44 GMT	10837	1279004	1790980	100	332	4760	cmsRun -j /scratch/condor/dir_18757/glide_HpEApQ/execute/dir_8810/crab_fjr_225.xml -p pset.py      
 Feb 02 21:36:44 GMT	10837	1281880	1790980	100	335	4820	cmsRun -j /scratch/condor/dir_18757/glide_HpEApQ/execute/dir_8810/crab_fjr_225.xml -p pset.py      
 Feb 02 21:37:44 GMT	10837	1285332	1790980	100	339	4881	cmsRun -j /scratch/condor/dir_18757/glide_HpEApQ/execute/dir_8810/crab_fjr_225.xml -p pset.py      
 Feb 02 21:38:45 GMT	10837	1399012	1898244	100	349	4941	cmsRun -j /scratch/condor/dir_18757/glide_HpEApQ/execute/dir_8810/crab_fjr_225.xml -p pset.py      
 Feb 02 21:39:45 GMT	---	1399012	1898244	125	----	----	----
 Feb 02 22:11:53 GMT	---	1399012	1898244	146	----	----	----
 Feb 02 22:32:00 GMT	---	1399012	1898244	171	----	----	----
 Feb 02 22:41:02 GMT	10837	1481532	1948172	171	639	8678	cmsRun -j /scratch/condor/dir_18757/glide_HpEApQ/execute/dir_8810/crab_fjr_225.xml -p pset.py      
 Feb 02 22:41:02 GMT	---	1481532	1948172	175	----	----	----
# TIME			PID	RSS(KB)	VSZ(KB)	Dsk(MB)	tCPU(s)	tWALL(s)	COMMAND
 Feb 02 22:42:02 GMT	---	1481532	1948172	190	----	----	----
 Feb 02 22:51:07 GMT	---	1481532	1948172	214	----	----	----
 Feb 02 22:57:08 GMT	10837	1481532	1956876	214	800	9644	cmsRun -j /scratch/condor/dir_18757/glide_HpEApQ/execute/dir_8810/crab_fjr_225.xml -p pset.py      
 Feb 02 22:58:08 GMT	10837	1481532	1958156	214	813	9705	cmsRun -j /scratch/condor/dir_18757/glide_HpEApQ/execute/dir_8810/crab_fjr_225.xml -p pset.py      
 Feb 02 22:59:09 GMT	---	1481532	1958156	235	----	----	----
 Feb 02 23:04:10 GMT	10837	1481532	1959436	235	895	10066	cmsRun -j /scratch/condor/dir_18757/glide_HpEApQ/execute/dir_8810/crab_fjr_225.xml -p pset.py      
 Feb 02 23:07:11 GMT	---	1481532	1959436	256	----	----	----
 Feb 02 23:08:11 GMT	10837	1481532	1960204	256	958	10307	cmsRun -j /scratch/condor/dir_18757/glide_HpEApQ/execute/dir_8810/crab_fjr_225.xml -p pset.py      
 Feb 02 23:09:11 GMT	10837	1481532	1963020	256	967	10368	cmsRun -j /scratch/condor/dir_18757/glide_HpEApQ/execute/dir_8810/crab_fjr_225.xml -p pset.py      
 Feb 02 23:10:12 GMT	10837	1481532	1971468	256	985	10428	cmsRun -j /scratch/condor/dir_18757/glide_HpEApQ/execute/dir_8810/crab_fjr_225.xml -p pset.py      
 Feb 02 23:11:12 GMT	10837	1481532	1994252	256	1013	10488	cmsRun -j /scratch/condor/dir_18757/glide_HpEApQ/execute/dir_8810/crab_fjr_225.xml -p pset.py      
 Feb 02 23:13:13 GMT	10837	1675576	2111500	256	1056	10609	cmsRun -j /scratch/condor/dir_18757/glide_HpEApQ/execute/dir_8810/crab_fjr_225.xml -p pset.py      
 Feb 02 23:14:13 GMT	---	1675576	2111500	283	----	----	----
********** WATCHDOG LOG ENDED
ZIPPING WATCHDOG LOG
Disk space used:
du -sh /scratch/condor/dir_18757/glide_HpEApQ/execute/dir_8810
283M	/scratch/condor/dir_18757/glide_HpEApQ/execute/dir_8810
Found unusual stdout, rename for OSB
`/scratch/condor/dir_18757/glide_HpEApQ/execute/dir_8810/_condor_stdout' -> `CMSSW_225.stdout'
Found unusual stderr, rename for OSB
`/scratch/condor/dir_18757/glide_HpEApQ/execute/dir_8810/_condor_stdout' -> `CMSSW_225.stderr'
crab_fjr_225.xml
CMSSW_225.stdout
CMSSW_225.stderr
Watchdog_225.log.gz
Total Output dimension: 24520
WARNING: output files size limit is set to: 50000000
Total Output dimension 24520 is fine.
JOB_EXIT_STATUS = 0
>>> info for dashboard:
***** Cat /scratch/condor/dir_18757/glide_HpEApQ/execute/dir_8810/jobreport.txt *****
MonitorJobID=225_https://submit-6.t2.ucsd.edu//150202//509447.224
MonitorID=dcieri_PU140_4dm08r
ExeTime=10617
ExeExitCode=0
StageOutExitStatusReason = 'Copy succedeed with srm-lcg utils'
StageOutSE = heplnx204.pp.rl.ac.uk
StageOutExitStatus = 0
CrabUserCpuTime=1028.40
CrabSysCpuTime=39.83
CrabCpuPercentage=10%
CrabWrapperTime=10680
CrabStageoutTime=49
JobExitCode=0
***** End Cat jobreport *****
Parameters sent to Dashboard.
EXITING at Mon Feb  2 23:14:22 GMT 2015  -  Mon Feb  2 23:14:22 UTC 2015
