This script was generated by crab (version 2.11.1_patch1).
Running /scratch/condor/dir_19669/glide_cVYO0X/execute/dir_2714/condor_exec.exe with 2 positional parameters: 214 1
Today is Mon Feb  2 20:15:31 GMT 2015 - Mon Feb  2 20:15:31 UTC 2015
Job submitted on host heplnc066.pp.rl.ac.uk
Linux heplnc066.pp.rl.ac.uk 2.6.32-504.3.3.el6.x86_64 #1 SMP Tue Dec 16 14:29:22 CST 2014 x86_64 x86_64 x86_64 GNU/Linux
Distributor ID:	Scientific
Description:	Scientific Linux release 6.6 (Carbon)
>>> current directory (RUNTIME_AREA): /scratch/condor/dir_19669/glide_cVYO0X/execute/dir_2714
>>> current user: uid=157415(cms415) gid=157000(gplcms) groups=157000(gplcms)
>>> directory permission set to 0700
>>> umask set to:  u=rwx,g=,o=
>>> stdout stderr permission set to 0704
>>> voms proxy information:
subject   : /DC=ch/DC=cern/OU=Organic Units/OU=Users/CN=dcieri/CN=755391/CN=Davide Cieri/CN=769881070/CN=1233425444
issuer    : /DC=ch/DC=cern/OU=Organic Units/OU=Users/CN=dcieri/CN=755391/CN=Davide Cieri/CN=769881070
identity  : /DC=ch/DC=cern/OU=Organic Units/OU=Users/CN=dcieri/CN=755391/CN=Davide Cieri
type      : RFC3820 compliant limited proxy
strength  : 1024
path      : /scratch/condor/dir_19669/glide_cVYO0X/execute/dir_2714/x509up_u62281
timeleft  : 23:58:35
key usage : Digital Signature, Key Encipherment
=== VO cms extension information ===
VO        : cms
subject   : /DC=ch/DC=cern/OU=Organic Units/OU=Users/CN=dcieri/CN=755391/CN=Davide Cieri
issuer    : /DC=ch/DC=cern/OU=computers/CN=lcg-voms2.cern.ch
attribute : /cms/Role=NULL/Capability=NULL
timeleft  : 184:00:53
uri       : lcg-voms2.cern.ch:15002

WNHostName=heplnc066.pp.rl.ac.uk
$_CONDOR_JOB_AD =/scratch/condor/dir_19669/glide_cVYO0X/execute/dir_2714/.job.ad
OverflowFlag=0
>>> tar --no-same-permissions -xf /scratch/condor/dir_19669/glide_cVYO0X/execute/dir_2714/default.tgz :
Successful untar
>>> Include /scratch/condor/dir_19669/glide_cVYO0X/execute/dir_2714 in PYTHONPATH:
strip arguments
env var CRAB_UNIQUE_JOB_ID set to: dcieri_PU140_4dm08r_214_1_m4x
out_files_214
>>> list of expected files on output sandbox
output files: crab_fjr_214.xml CMSSW_214.stdout CMSSW_214.stderr Watchdog_214.log.gz
>>> GridFlavour discovery: 
GridFlavour=LCG
>>> SyncSite discovery: 
SyncSite=T2_UK_SGrid_RALPP
>>> SyncCE discovery: 
getting SyncCE from GLIDEIN_Gaekeeper
SyncCE=heplnv146.pp.rl.ac.uk
>>> info for dashboard:
***** Cat /scratch/condor/dir_19669/glide_cVYO0X/execute/dir_2714/jobreport.txt *****
WNHostName=heplnc066.pp.rl.ac.uk
OverflowFlag=0
MonitorJobID=214_https://submit-6.t2.ucsd.edu//150202//509447.213
SyncGridJobId=https://submit-6.t2.ucsd.edu//150202//509447.213
MonitorID=dcieri_PU140_4dm08r
GridFlavour=LCG
SyncSite=T2_UK_SGrid_RALPP
SyncCE=heplnv146.pp.rl.ac.uk
***** End Cat jobreport *****
Parameters sent to Dashboard.
>>> setup environment
set SCRAM ARCH to slc6_amd64_gcc472
SCRAM_ARCH = slc6_amd64_gcc472
>>> setup CMS LCG environment:
set SCRAM ARCH and BUILD_ARCH to slc6_amd64_gcc472 ###
Sourcing environment... 
sourcing /cvmfs/cms.cern.ch/cmsset_default.sh
==> setup cms environment ok
>>> specific cmssw setup environment:
CMSSW_VERSION =  CMSSW_6_2_0_SLHC12
WARNING: In non-interactive mode release checks e.g. deprecated releases, production architectures are disabled.
>>> current directory (SOFTWARE_DIR): /scratch/condor/dir_19669/glide_cVYO0X/execute/dir_2714/CMSSW_6_2_0_SLHC12
PreserveSeeds: <>
IncrementSeeds:<>
>>> info for dashboard:
***** Cat /scratch/condor/dir_19669/glide_cVYO0X/execute/dir_2714/jobreport.txt *****
MonitorJobID=214_https://submit-6.t2.ucsd.edu//150202//509447.213
MonitorID=dcieri_PU140_4dm08r
***** End Cat jobreport *****
Parameters sent to Dashboard.
crabWatchdog started as process 6155
>>> moving CMSSW software directories in /scratch/condor/dir_19669/glide_cVYO0X/execute/dir_2714/CMSSW_6_2_0_SLHC12
mv: cannot stat `/scratch/condor/dir_19669/glide_cVYO0X/execute/dir_2714/module/': No such file or directory
>>> Include /scratch/condor/dir_19669/glide_cVYO0X/execute/dir_2714 in PYTHONPATH:
PYTHONPATH=/scratch/condor/dir_19669/glide_cVYO0X/execute/dir_2714/:/scratch/condor/dir_19669/glide_cVYO0X/execute/dir_2714/CMSSW_6_2_0_SLHC12/python:/scratch/condor/dir_19669/glide_cVYO0X/execute/dir_2714/CMSSW_6_2_0_SLHC12/lib/slc6_amd64_gcc472:/cvmfs/cms.cern.ch/slc6_amd64_gcc472/cms/cmssw/CMSSW_6_2_0_SLHC12/python:/cvmfs/cms.cern.ch/slc6_amd64_gcc472/cms/cmssw/CMSSW_6_2_0_SLHC12/lib/slc6_amd64_gcc472:/cvmfs/cms.cern.ch/slc6_amd64_gcc472/cms/coral/CORAL_2_3_21-cms35/slc6_amd64_gcc472/python:/cvmfs/cms.cern.ch/slc6_amd64_gcc472/cms/coral/CORAL_2_3_21-cms35/slc6_amd64_gcc472/lib:/cvmfs/cms.cern.ch/slc6_amd64_gcc472/external/python-ldap/2.3.5-cms5/lib/python2.7/site-packages:/cvmfs/cms.cern.ch/slc6_amd64_gcc472/external/pyqt/4.8.1-cms5/lib/python2.7/site-packages:/cvmfs/cms.cern.ch/slc6_amd64_gcc472/external/py2-scipy/0.8.0-cms7/lib/python2.7/site-packages:/cvmfs/cms.cern.ch/slc6_amd64_gcc472/external/py2-matplotlib/1.0.1-cms7/lib/python2.7/site-packages:/cvmfs/cms.cern.ch/slc6_amd64_gcc472/external/sip/4.11.2-cms5/lib/python2.7/site-packages:/cvmfs/cms.cern.ch/slc6_amd64_gcc472/external/py2-pycurl/7.19.0-cms7/lib/python2.7/site-packages:/cvmfs/cms.cern.ch/slc6_amd64_gcc472/external/py2-numpy/1.6.1-cms7/lib/python2.7/site-packages:/cvmfs/cms.cern.ch/slc6_amd64_gcc472/external/py2-lint/0.25.1-cms5/lib/python2.7/site-packages:/cvmfs/cms.cern.ch/slc6_amd64_gcc472/external/py2-ipython/0.10-cms5/lib/python2.7/site-packages:/cvmfs/cms.cern.ch/slc6_amd64_gcc472/external/py2-cx-oracle/5.1-cms5/lib/python2.7/site-packages:/cvmfs/cms.cern.ch/slc6_amd64_gcc472/external/py2-cjson/1.0.5-cms5/lib/python2.7/site-packages:/cvmfs/cms.cern.ch/slc6_amd64_gcc472/cms/das-client/1.11.7/bin:/cvmfs/cms.cern.ch/slc6_amd64_gcc472/external/elementtree/1.2.6-cms5/share/lib/python2.7/site-packages:/cvmfs/cms.cern.ch/slc6_amd64_gcc472/external/rivet/1.8.2-cms9/lib/python2.7/site-packages:/cvmfs/cms.cern.ch/slc6_amd64_gcc472/external/pyminuit2/0.0.1-cms19/lib/python2.7/site-packages:/cvmfs/cms.cern.ch/slc6_amd64_gcc472/external/py2-pygithub/1.23.0-cms2/lib/python2.7/site-packages:/cvmfs/cms.cern.ch/slc6_amd64_gcc472/external/professor/1.0.0-cms19/lib/python2.7/site-packages:/cvmfs/cms.cern.ch/slc6_amd64_gcc472/lcg/root/5.34.07-cms/lib:/cvmfs/cms.cern.ch/slc6_amd64_gcc472/cms/dbs-client/DBS_2_1_9-cms5/lib:/cvmfs/cms.cern.ch/slc6_amd64_gcc472/cms/dbs-client/DBS_2_1_9-cms5/lib/DBSAPI:/cvmfs/cms.cern.ch/slc6_amd64_gcc472/external/cvs2git/5419-cms/lib:/scratch/condor/dir_19669/glide_cVYO0X/execute/dir_2714/
3c0380cf82de79bc39966c93934c61fc
 
# LIMITS USED BY CRAB WATCHDOG:
# RSS  (KBytes)   : 2300000
# VSZ  (KBytes)   : 100000000
# DISK (MBytes)   : 19000
# CPU TIME        : 720h:0m:0s
# WALL CLOCK TIME : 21h:50m:0s
 
PSETHASH = 3c0380cf82de79bc39966c93934c61fc
/scratch/condor/dir_19669/glide_cVYO0X/execute/dir_2714/writeCfg.py pset.py pset.py
Importing .py file
Setting parameters
RandomNumberGeneratorService found, will attempt to change seeds
inputBlocks=/ttbar/dcieri-ttbar_SIM-130075366148575c102f0d64fd3ac8f7/USER#42f4abf6-431f-4645-8b28-bf101a629022
inputFiles=/store/user/dcieri/ttbar_SIM/ttbar/ttbar_SIM/150129_145223/0000/step1_335.root
parentFiles=
lumisRange=
>>> Executable cmsRun
/cvmfs/cms.cern.ch/slc6_amd64_gcc472/cms/cmssw/CMSSW_6_2_0_SLHC12/bin/slc6_amd64_gcc472/cmsRun
ok executable found
>>> info for dashboard:
***** Cat /scratch/condor/dir_19669/glide_cVYO0X/execute/dir_2714/jobreport.txt *****
MonitorJobID=214_https://submit-6.t2.ucsd.edu//150202//509447.213
MonitorID=dcieri_PU140_4dm08r
ExeStart=cmsRun
***** End Cat jobreport *****
Parameters sent to Dashboard.
>>> cmsRun started at Mon Feb  2 20:15:38 UTC 2015
>>> cmsRun ended at Mon Feb  2 23:04:11 UTC 2015
>>> crab_fjr_*.xml  permission set to 0704
>>> info for dashboard:
***** Cat /scratch/condor/dir_19669/glide_cVYO0X/execute/dir_2714/jobreport.txt *****
MonitorJobID=214_https://submit-6.t2.ucsd.edu//150202//509447.213
MonitorID=dcieri_PU140_4dm08r
ExeEnd=cmsRun
***** End Cat jobreport *****
Parameters sent to Dashboard.
TIME_EXE = 10113 sec
>>> cmsRun wrote 215 lines of stdout+stderr
>>> START OF printout of 215 lines from stdout+stderr
271 DQMStore::DQMStore 
HcalTopologyIdealEP::HcalTopologyIdealEP
02-Feb-2015 20:15:46 GMT  Initiating request to open file root://dcap.pp.rl.ac.uk:1094/pnfs/pp.rl.ac.uk/data/cms/store/user/dcieri/ttbar_SIM/ttbar/ttbar_SIM/150129_145223/0000/step1_335.root
02-Feb-2015 20:15:48 GMT  Successfully opened file root://dcap.pp.rl.ac.uk:1094/pnfs/pp.rl.ac.uk/data/cms/store/user/dcieri/ttbar_SIM/ttbar/ttbar_SIM/150129_145223/0000/step1_335.root
02-Feb-2015 20:15:48 GMT  Initiating request to open file root://xrootd.unl.edu//store/group/dpg_trigger/comm_trigger/L1TrackTrigger/620_SLHC10/Extended2023TTI/MinBias/MinBias_TuneZ2star_GEN_SIM_1.root
02-Feb-2015 20:15:50 GMT  Successfully opened file root://xrootd.unl.edu//store/group/dpg_trigger/comm_trigger/L1TrackTrigger/620_SLHC10/Extended2023TTI/MinBias/MinBias_TuneZ2star_GEN_SIM_1.root
disableME1a = 0
HcalTopologyIdealEP::produce(const IdealGeometryRecord& iRecord)
mode = 2, maxDepthHB = 3, maxDepthHE = 5
RPCGeometryESModule :: produce
RPCGeometryESModule :: produce :: 1/4 Get Muon Ideal Geometry Record
RPCGeometryESModule :: produce :: 2/4 Get Muon DDD Constants
RPCGeometryESModule :: produce :: 3/4 Get Muon Numbering Record
in MuonNumberingInitialization::initializeMuonDDDConstants
about to make my new muonDDDConst_
in MuonNumberingInitialization::produce
RPCGeometryESModule :: produce :: 4/4 Build
Found:

	Barrel Stack layer 5 : 1008 stacks
	Barrel Stack layer 6 : 1320 stacks
	Barrel Stack layer 7 : 1836 stacks
	Barrel Stack layer 8 : 1152 stacks
	Barrel Stack layer 9 : 1488 stacks
	Barrel Stack layer 10 : 1824 stacks

	Endcap Stack disk 11 : 1360 stacks
	Endcap Stack disk 12 : 1360 stacks
	Endcap Stack disk 13 : 1360 stacks
	Endcap Stack disk 14 : 1360 stacks
	Endcap Stack disk 15 : 1360 stacks
Created 15428 stacks in 11 s

TTClusterBuilder< edm::Ref<edm::DetSetVector<PixelDigi>, PixelDigi, edm::refhelper::FindForDetSetVector<PixelDigi> > > loaded modules:
	TTClusterAlgorithm:	TTClusterAlgorithm_2d2013< edm::Ref<edm::DetSetVector<PixelDigi>, PixelDigi, edm::refhelper::FindForDetSetVector<PixelDigi> > >


TTStubBuilder< edm::Ref<edm::DetSetVector<PixelDigi>, PixelDigi, edm::refhelper::FindForDetSetVector<PixelDigi> > > loaded modules:
	TTStubAlgorithm:	TTStubAlgorithm_tab2013< edm::Ref<edm::DetSetVector<PixelDigi>, PixelDigi, edm::refhelper::FindForDetSetVector<PixelDigi> > >


TTClusterAssociator< edm::Ref<edm::DetSetVector<PixelDigi>, PixelDigi, edm::refhelper::FindForDetSetVector<PixelDigi> > > loaded.


TTStubAssociator< edm::Ref<edm::DetSetVector<PixelDigi>, PixelDigi, edm::refhelper::FindForDetSetVector<PixelDigi> > > loaded.


TTTrackAssociator< edm::Ref<edm::DetSetVector<PixelDigi>, PixelDigi, edm::refhelper::FindForDetSetVector<PixelDigi> > > loaded.

Begin processing the 1st record. Run 1, Event 3341, LumiSection 335 at 02-Feb-2015 20:16:15.783 GMT
02-Feb-2015 20:16:21 GMT  Closed file root://xrootd.unl.edu//store/group/dpg_trigger/comm_trigger/L1TrackTrigger/620_SLHC10/Extended2023TTI/MinBias/MinBias_TuneZ2star_GEN_SIM_1.root
02-Feb-2015 20:16:21 GMT  Initiating request to open file root://xrootd.unl.edu//store/group/dpg_trigger/comm_trigger/L1TrackTrigger/620_SLHC10/Extended2023TTI/MinBias/MinBias_TuneZ2star_GEN_SIM_567.root
02-Feb-2015 20:16:53 GMT  Successfully opened file root://xrootd.unl.edu//store/group/dpg_trigger/comm_trigger/L1TrackTrigger/620_SLHC10/Extended2023TTI/MinBias/MinBias_TuneZ2star_GEN_SIM_567.root
150202 20:21:46 6477 Xrd: XrdClientMessage::ReadRaw: Failed to read header (8 bytes).
150202 20:22:17 6419 Xrd: XrdClientMessage::ReadRaw: Failed to read header (8 bytes).
02-Feb-2015 20:33:49 GMT  Closed file root://xrootd.unl.edu//store/group/dpg_trigger/comm_trigger/L1TrackTrigger/620_SLHC10/Extended2023TTI/MinBias/MinBias_TuneZ2star_GEN_SIM_567.root
02-Feb-2015 20:33:49 GMT  Initiating request to open file root://xrootd.unl.edu//store/group/dpg_trigger/comm_trigger/L1TrackTrigger/620_SLHC10/Extended2023TTI/MinBias/MinBias_TuneZ2star_GEN_SIM_635.root
150202 20:34:25 17503 Xrd: CheckErrorStatus: Server [xrootd-redic.pi.infn.it:1094] declared: session not found(error code: 3011)
02-Feb-2015 20:34:25 GMT  Successfully opened file root://xrootd.unl.edu//store/group/dpg_trigger/comm_trigger/L1TrackTrigger/620_SLHC10/Extended2023TTI/MinBias/MinBias_TuneZ2star_GEN_SIM_635.root
150202 20:36:16 6411 Xrd: XrdClientMessage::ReadRaw: Failed to read header (8 bytes).
150202 20:36:17 6410 Xrd: XrdClientMessage::ReadRaw: Failed to read header (8 bytes).
150202 20:36:17 6418 Xrd: XrdClientMessage::ReadRaw: Failed to read header (8 bytes).
150202 20:37:16 8869 Xrd: XrdClientMessage::ReadRaw: Failed to read header (8 bytes).
150202 20:39:16 8870 Xrd: XrdClientMessage::ReadRaw: Failed to read header (8 bytes).
150202 20:39:46 22632 Xrd: XrdClientMessage::ReadRaw: Failed to read header (8 bytes).
02-Feb-2015 20:44:32 GMT  Closed file root://xrootd.unl.edu//store/group/dpg_trigger/comm_trigger/L1TrackTrigger/620_SLHC10/Extended2023TTI/MinBias/MinBias_TuneZ2star_GEN_SIM_635.root
02-Feb-2015 20:44:32 GMT  Initiating request to open file root://xrootd.unl.edu//store/group/dpg_trigger/comm_trigger/L1TrackTrigger/620_SLHC10/Extended2023TTI/MinBias/MinBias_TuneZ2star_GEN_SIM_441.root
150202 20:45:03 12536 Xrd: CheckErrorStatus: Server [cms-xrd-global.cern.ch:1094] declared: session not found(error code: 3011)
150202 20:45:03 12536 Xrd: CheckErrorStatus: Server [xrootd.ba.infn.it:1094] declared: session not found(error code: 3011)
02-Feb-2015 20:45:03 GMT  Successfully opened file root://xrootd.unl.edu//store/group/dpg_trigger/comm_trigger/L1TrackTrigger/620_SLHC10/Extended2023TTI/MinBias/MinBias_TuneZ2star_GEN_SIM_441.root
Building the geometry service
Warning did not find digi
Warning did not find digi
Warning did not find digi
Warning did not find digi
Warning did not find digi in disks
Warning did not find digi in disks
Warning did not find digi in disks
Warning did not find digi in disks
150202 20:49:46 22634 Xrd: XrdClientMessage::ReadRaw: Failed to read header (8 bytes).
150202 20:50:16 13227 Xrd: XrdClientMessage::ReadRaw: Failed to read header (8 bytes).
150202 20:54:47 22621 Xrd: XrdClientMessage::ReadRaw: Failed to read header (8 bytes).
02-Feb-2015 20:54:53 GMT  Closed file root://xrootd.unl.edu//store/group/dpg_trigger/comm_trigger/L1TrackTrigger/620_SLHC10/Extended2023TTI/MinBias/MinBias_TuneZ2star_GEN_SIM_441.root
02-Feb-2015 20:54:53 GMT  Initiating request to open file root://xrootd.unl.edu//store/group/dpg_trigger/comm_trigger/L1TrackTrigger/620_SLHC10/Extended2023TTI/MinBias/MinBias_TuneZ2star_GEN_SIM_309.root
150202 20:55:24 2594 Xrd: CheckErrorStatus: Server [cms-xrd-global.cern.ch:1094] declared: session not found(error code: 3011)
150202 20:55:24 2594 Xrd: CheckErrorStatus: Server [llrxrd-redir.in2p3.fr:1094] declared: session not found(error code: 3011)
02-Feb-2015 20:55:25 GMT  Successfully opened file root://xrootd.unl.edu//store/group/dpg_trigger/comm_trigger/L1TrackTrigger/620_SLHC10/Extended2023TTI/MinBias/MinBias_TuneZ2star_GEN_SIM_309.root
150202 21:00:16 13228 Xrd: XrdClientMessage::ReadRaw: Failed to read header (8 bytes).
150202 21:00:46 3688 Xrd: XrdClientMessage::ReadRaw: Failed to read header (8 bytes).
02-Feb-2015 21:04:49 GMT  Closed file root://xrootd.unl.edu//store/group/dpg_trigger/comm_trigger/L1TrackTrigger/620_SLHC10/Extended2023TTI/MinBias/MinBias_TuneZ2star_GEN_SIM_309.root
02-Feb-2015 21:04:49 GMT  Initiating request to open file root://xrootd.unl.edu//store/group/dpg_trigger/comm_trigger/L1TrackTrigger/620_SLHC10/Extended2023TTI/MinBias/MinBias_TuneZ2star_GEN_SIM_180.root
150202 21:05:16 13226 Xrd: XrdClientMessage::ReadRaw: Failed to read header (8 bytes).
150202 21:10:16 3722 Xrd: XrdClientMessage::ReadRaw: Failed to read header (8 bytes).
150202 21:11:05 25367 Xrd: CheckErrorStatus: Server [cms-xrd-global.cern.ch:1094] declared: session not found(error code: 3011)
150202 21:11:05 25367 Xrd: CheckErrorStatus: Server [xrootd.ba.infn.it:1094] declared: session not found(error code: 3011)
02-Feb-2015 21:11:05 GMT  Successfully opened file root://xrootd.unl.edu//store/group/dpg_trigger/comm_trigger/L1TrackTrigger/620_SLHC10/Extended2023TTI/MinBias/MinBias_TuneZ2star_GEN_SIM_180.root
150202 21:15:47 3687 Xrd: XrdClientMessage::ReadRaw: Failed to read header (8 bytes).
150202 21:16:16 11697 Xrd: XrdClientMessage::ReadRaw: Failed to read header (8 bytes).
02-Feb-2015 21:21:10 GMT  Closed file root://xrootd.unl.edu//store/group/dpg_trigger/comm_trigger/L1TrackTrigger/620_SLHC10/Extended2023TTI/MinBias/MinBias_TuneZ2star_GEN_SIM_180.root
02-Feb-2015 21:21:10 GMT  Initiating request to open file root://xrootd.unl.edu//store/group/dpg_trigger/comm_trigger/L1TrackTrigger/620_SLHC10/Extended2023TTI/MinBias/MinBias_TuneZ2star_GEN_SIM_995.root
150202 21:21:14 1024 Xrd: CheckErrorStatus: Server [cms-xrd-global.cern.ch:1094] declared: session not found(error code: 3011)
150202 21:21:14 1024 Xrd: CheckErrorStatus: Server [xrootd-redic.pi.infn.it:1094] declared: session not found(error code: 3011)
02-Feb-2015 21:21:14 GMT  Successfully opened file root://xrootd.unl.edu//store/group/dpg_trigger/comm_trigger/L1TrackTrigger/620_SLHC10/Extended2023TTI/MinBias/MinBias_TuneZ2star_GEN_SIM_995.root
150202 21:26:17 1028 Xrd: XrdClientMessage::ReadRaw: Failed to read header (8 bytes).
150202 21:26:17 11699 Xrd: XrdClientMessage::ReadRaw: Failed to read header (8 bytes).
02-Feb-2015 21:30:00 GMT  Closed file root://xrootd.unl.edu//store/group/dpg_trigger/comm_trigger/L1TrackTrigger/620_SLHC10/Extended2023TTI/MinBias/MinBias_TuneZ2star_GEN_SIM_995.root
02-Feb-2015 21:30:00 GMT  Initiating request to open file root://xrootd.unl.edu//store/group/dpg_trigger/comm_trigger/L1TrackTrigger/620_SLHC10/Extended2023TTI/MinBias/MinBias_TuneZ2star_GEN_SIM_877.root
150202 21:30:12 21624 Xrd: CheckErrorStatus: Server [xrootd.ba.infn.it:1094] declared: session not found(error code: 3011)
02-Feb-2015 21:30:12 GMT  Successfully opened file root://xrootd.unl.edu//store/group/dpg_trigger/comm_trigger/L1TrackTrigger/620_SLHC10/Extended2023TTI/MinBias/MinBias_TuneZ2star_GEN_SIM_877.root
150202 21:35:16 1030 Xrd: XrdClientMessage::ReadRaw: Failed to read header (8 bytes).
150202 21:35:17 21629 Xrd: XrdClientMessage::ReadRaw: Failed to read header (8 bytes).
02-Feb-2015 21:38:07 GMT  Closed file root://xrootd.unl.edu//store/group/dpg_trigger/comm_trigger/L1TrackTrigger/620_SLHC10/Extended2023TTI/MinBias/MinBias_TuneZ2star_GEN_SIM_877.root
02-Feb-2015 21:38:07 GMT  Initiating request to open file root://xrootd.unl.edu//store/group/dpg_trigger/comm_trigger/L1TrackTrigger/620_SLHC10/Extended2023TTI/MinBias/MinBias_TuneZ2star_GEN_SIM_25.root
150202 21:38:38 11250 Xrd: CheckErrorStatus: Server [xrootd-redic.pi.infn.it:1094] declared: session not found(error code: 3011)
02-Feb-2015 21:38:38 GMT  Successfully opened file root://xrootd.unl.edu//store/group/dpg_trigger/comm_trigger/L1TrackTrigger/620_SLHC10/Extended2023TTI/MinBias/MinBias_TuneZ2star_GEN_SIM_25.root
150202 21:43:16 21630 Xrd: XrdClientMessage::ReadRaw: Failed to read header (8 bytes).
150202 21:43:46 13439 Xrd: XrdClientMessage::ReadRaw: Failed to read header (8 bytes).
150202 21:50:17 11693 Xrd: XrdClientMessage::ReadRaw: Failed to read header (8 bytes).
02-Feb-2015 21:53:20 GMT  Closed file root://xrootd.unl.edu//store/group/dpg_trigger/comm_trigger/L1TrackTrigger/620_SLHC10/Extended2023TTI/MinBias/MinBias_TuneZ2star_GEN_SIM_25.root
02-Feb-2015 21:53:20 GMT  Initiating request to open file root://xrootd.unl.edu//store/group/dpg_trigger/comm_trigger/L1TrackTrigger/620_SLHC10/Extended2023TTI/MinBias/MinBias_TuneZ2star_GEN_SIM_413.root
150202 21:53:51 11702 Xrd: CheckErrorStatus: Server [cms-xrd-global.cern.ch:1094] declared: session not found(error code: 3011)
150202 21:53:51 11702 Xrd: CheckErrorStatus: Server [xrootd.ba.infn.it:1094] declared: session not found(error code: 3011)
02-Feb-2015 21:53:51 GMT  Successfully opened file root://xrootd.unl.edu//store/group/dpg_trigger/comm_trigger/L1TrackTrigger/620_SLHC10/Extended2023TTI/MinBias/MinBias_TuneZ2star_GEN_SIM_413.root
150202 21:58:46 13440 Xrd: XrdClientMessage::ReadRaw: Failed to read header (8 bytes).
150202 21:58:47 1027 Xrd: XrdClientMessage::ReadRaw: Failed to read header (8 bytes).
150202 21:59:16 12975 Xrd: XrdClientMessage::ReadRaw: Failed to read header (8 bytes).
02-Feb-2015 22:00:31 GMT  Closed file root://xrootd.unl.edu//store/group/dpg_trigger/comm_trigger/L1TrackTrigger/620_SLHC10/Extended2023TTI/MinBias/MinBias_TuneZ2star_GEN_SIM_413.root
02-Feb-2015 22:00:31 GMT  Initiating request to open file root://xrootd.unl.edu//store/group/dpg_trigger/comm_trigger/L1TrackTrigger/620_SLHC10/Extended2023TTI/MinBias/MinBias_TuneZ2star_GEN_SIM_616.root
150202 22:01:02 2813 Xrd: CheckErrorStatus: Server [cms-xrd-global.cern.ch:1094] declared: session not found(error code: 3011)
150202 22:01:02 2813 Xrd: CheckErrorStatus: Server [xrootd-redic.pi.infn.it:1094] declared: session not found(error code: 3011)
02-Feb-2015 22:01:02 GMT  Successfully opened file root://xrootd.unl.edu//store/group/dpg_trigger/comm_trigger/L1TrackTrigger/620_SLHC10/Extended2023TTI/MinBias/MinBias_TuneZ2star_GEN_SIM_616.root
02-Feb-2015 22:04:54 GMT  Closed file root://xrootd.unl.edu//store/group/dpg_trigger/comm_trigger/L1TrackTrigger/620_SLHC10/Extended2023TTI/MinBias/MinBias_TuneZ2star_GEN_SIM_616.root
02-Feb-2015 22:04:54 GMT  Initiating request to open file root://xrootd.unl.edu//store/group/dpg_trigger/comm_trigger/L1TrackTrigger/620_SLHC10/Extended2023TTI/MinBias/MinBias_TuneZ2star_GEN_SIM_687.root
150202 22:05:47 12976 Xrd: XrdClientMessage::ReadRaw: Failed to read header (8 bytes).
02-Feb-2015 22:05:52 GMT  Successfully opened file root://xrootd.unl.edu//store/group/dpg_trigger/comm_trigger/L1TrackTrigger/620_SLHC10/Extended2023TTI/MinBias/MinBias_TuneZ2star_GEN_SIM_687.root
02-Feb-2015 22:10:04 GMT  Closed file root://xrootd.unl.edu//store/group/dpg_trigger/comm_trigger/L1TrackTrigger/620_SLHC10/Extended2023TTI/MinBias/MinBias_TuneZ2star_GEN_SIM_687.root
02-Feb-2015 22:10:04 GMT  Initiating request to open file root://xrootd.unl.edu//store/group/dpg_trigger/comm_trigger/L1TrackTrigger/620_SLHC10/Extended2023TTI/MinBias/MinBias_TuneZ2star_GEN_SIM_715.root
150202 22:10:04 6148 Xrd: XrdClientMessage::ReadRaw: Failed to read header (8 bytes).
02-Feb-2015 22:10:46 GMT  Successfully opened file root://xrootd.unl.edu//store/group/dpg_trigger/comm_trigger/L1TrackTrigger/620_SLHC10/Extended2023TTI/MinBias/MinBias_TuneZ2star_GEN_SIM_715.root
150202 22:15:16 15975 Xrd: XrdClientMessage::ReadRaw: Failed to read header (8 bytes).
150202 22:16:17 6147 Xrd: XrdClientMessage::ReadRaw: Failed to read header (8 bytes).
02-Feb-2015 22:16:39 GMT  Closed file root://xrootd.unl.edu//store/group/dpg_trigger/comm_trigger/L1TrackTrigger/620_SLHC10/Extended2023TTI/MinBias/MinBias_TuneZ2star_GEN_SIM_715.root
02-Feb-2015 22:16:39 GMT  Initiating request to open file root://xrootd.unl.edu//store/group/dpg_trigger/comm_trigger/L1TrackTrigger/620_SLHC10/Extended2023TTI/MinBias/MinBias_TuneZ2star_GEN_SIM_532.root
150202 22:21:47 30816 Xrd: XrdClientMessage::ReadRaw: Failed to read header (8 bytes).
150202 22:24:21 9805 Xrd: CheckErrorStatus: Server [xrootd-redic.pi.infn.it:1094] declared: session not found(error code: 3011)
02-Feb-2015 22:24:22 GMT  Successfully opened file root://xrootd.unl.edu//store/group/dpg_trigger/comm_trigger/L1TrackTrigger/620_SLHC10/Extended2023TTI/MinBias/MinBias_TuneZ2star_GEN_SIM_532.root
02-Feb-2015 22:28:57 GMT  Closed file root://xrootd.unl.edu//store/group/dpg_trigger/comm_trigger/L1TrackTrigger/620_SLHC10/Extended2023TTI/MinBias/MinBias_TuneZ2star_GEN_SIM_532.root
02-Feb-2015 22:28:57 GMT  Initiating request to open file root://xrootd.unl.edu//store/group/dpg_trigger/comm_trigger/L1TrackTrigger/620_SLHC10/Extended2023TTI/MinBias/MinBias_TuneZ2star_GEN_SIM_723.root
150202 22:29:28 29983 Xrd: XrdClientMessage::ReadRaw: Failed to read header (8 bytes).
150202 22:29:28 18524 Xrd: CheckErrorStatus: Server [xrootd.ba.infn.it:1094] declared: session not found(error code: 3011)
02-Feb-2015 22:29:28 GMT  Successfully opened file root://xrootd.unl.edu//store/group/dpg_trigger/comm_trigger/L1TrackTrigger/620_SLHC10/Extended2023TTI/MinBias/MinBias_TuneZ2star_GEN_SIM_723.root
02-Feb-2015 22:33:30 GMT  Closed file root://xrootd.unl.edu//store/group/dpg_trigger/comm_trigger/L1TrackTrigger/620_SLHC10/Extended2023TTI/MinBias/MinBias_TuneZ2star_GEN_SIM_723.root
02-Feb-2015 22:33:30 GMT  Initiating request to open file root://xrootd.unl.edu//store/group/dpg_trigger/comm_trigger/L1TrackTrigger/620_SLHC10/Extended2023TTI/MinBias/MinBias_TuneZ2star_GEN_SIM_943.root
150202 22:34:01 26775 Xrd: CheckErrorStatus: Server [cms-xrd-global.cern.ch:1094] declared: session not found(error code: 3011)
02-Feb-2015 22:34:02 GMT  Successfully opened file root://xrootd.unl.edu//store/group/dpg_trigger/comm_trigger/L1TrackTrigger/620_SLHC10/Extended2023TTI/MinBias/MinBias_TuneZ2star_GEN_SIM_943.root
02-Feb-2015 22:38:04 GMT  Closed file root://xrootd.unl.edu//store/group/dpg_trigger/comm_trigger/L1TrackTrigger/620_SLHC10/Extended2023TTI/MinBias/MinBias_TuneZ2star_GEN_SIM_943.root
02-Feb-2015 22:38:04 GMT  Initiating request to open file root://xrootd.unl.edu//store/group/dpg_trigger/comm_trigger/L1TrackTrigger/620_SLHC10/Extended2023TTI/MinBias/MinBias_TuneZ2star_GEN_SIM_222.root
02-Feb-2015 22:38:35 GMT  Successfully opened file root://xrootd.unl.edu//store/group/dpg_trigger/comm_trigger/L1TrackTrigger/620_SLHC10/Extended2023TTI/MinBias/MinBias_TuneZ2star_GEN_SIM_222.root
150202 22:38:36 19356 Xrd: XrdClientMessage::ReadRaw: Failed to read header (8 bytes).
150202 22:39:00 29986 Xrd: XrdClientMessage::ReadRaw: Failed to read header (8 bytes).
02-Feb-2015 22:41:45 GMT  Closed file root://xrootd.unl.edu//store/group/dpg_trigger/comm_trigger/L1TrackTrigger/620_SLHC10/Extended2023TTI/MinBias/MinBias_TuneZ2star_GEN_SIM_222.root
02-Feb-2015 22:41:45 GMT  Initiating request to open file root://xrootd.unl.edu//store/group/dpg_trigger/comm_trigger/L1TrackTrigger/620_SLHC10/Extended2023TTI/MinBias/MinBias_TuneZ2star_GEN_SIM_13.root
02-Feb-2015 22:42:16 GMT  Successfully opened file root://xrootd.unl.edu//store/group/dpg_trigger/comm_trigger/L1TrackTrigger/620_SLHC10/Extended2023TTI/MinBias/MinBias_TuneZ2star_GEN_SIM_13.root
150202 22:43:17 27152 Xrd: XrdClientMessage::ReadRaw: Failed to read header (8 bytes).
150202 22:44:46 6146 Xrd: XrdClientMessage::ReadRaw: Failed to read header (8 bytes).
02-Feb-2015 22:46:21 GMT  Closed file root://xrootd.unl.edu//store/group/dpg_trigger/comm_trigger/L1TrackTrigger/620_SLHC10/Extended2023TTI/MinBias/MinBias_TuneZ2star_GEN_SIM_13.root
02-Feb-2015 22:46:21 GMT  Initiating request to open file root://xrootd.unl.edu//store/group/dpg_trigger/comm_trigger/L1TrackTrigger/620_SLHC10/Extended2023TTI/MinBias/MinBias_TuneZ2star_GEN_SIM_448.root
150202 22:46:47 10569 Xrd: XrdClientMessage::ReadRaw: Failed to read header (8 bytes).
02-Feb-2015 22:46:52 GMT  Successfully opened file root://xrootd.unl.edu//store/group/dpg_trigger/comm_trigger/L1TrackTrigger/620_SLHC10/Extended2023TTI/MinBias/MinBias_TuneZ2star_GEN_SIM_448.root
02-Feb-2015 22:50:36 GMT  Closed file root://xrootd.unl.edu//store/group/dpg_trigger/comm_trigger/L1TrackTrigger/620_SLHC10/Extended2023TTI/MinBias/MinBias_TuneZ2star_GEN_SIM_448.root
02-Feb-2015 22:50:36 GMT  Initiating request to open file root://xrootd.unl.edu//store/group/dpg_trigger/comm_trigger/L1TrackTrigger/620_SLHC10/Extended2023TTI/MinBias/MinBias_TuneZ2star_GEN_SIM_201.root
02-Feb-2015 22:51:06 GMT  Successfully opened file root://xrootd.unl.edu//store/group/dpg_trigger/comm_trigger/L1TrackTrigger/620_SLHC10/Extended2023TTI/MinBias/MinBias_TuneZ2star_GEN_SIM_201.root
150202 22:51:46 17570 Xrd: XrdClientMessage::ReadRaw: Failed to read header (8 bytes).
02-Feb-2015 22:53:44 GMT  Closed file root://xrootd.unl.edu//store/group/dpg_trigger/comm_trigger/L1TrackTrigger/620_SLHC10/Extended2023TTI/MinBias/MinBias_TuneZ2star_GEN_SIM_201.root
02-Feb-2015 22:53:44 GMT  Initiating request to open file root://xrootd.unl.edu//store/group/dpg_trigger/comm_trigger/L1TrackTrigger/620_SLHC10/Extended2023TTI/MinBias/MinBias_TuneZ2star_GEN_SIM_345.root
02-Feb-2015 22:53:59 GMT  Successfully opened file root://xrootd.unl.edu//store/group/dpg_trigger/comm_trigger/L1TrackTrigger/620_SLHC10/Extended2023TTI/MinBias/MinBias_TuneZ2star_GEN_SIM_345.root
150202 22:55:47 29852 Xrd: XrdClientMessage::ReadRaw: Failed to read header (8 bytes).
02-Feb-2015 22:57:10 GMT  Closed file root://xrootd.unl.edu//store/group/dpg_trigger/comm_trigger/L1TrackTrigger/620_SLHC10/Extended2023TTI/MinBias/MinBias_TuneZ2star_GEN_SIM_345.root
02-Feb-2015 22:57:10 GMT  Initiating request to open file root://xrootd.unl.edu//store/group/dpg_trigger/comm_trigger/L1TrackTrigger/620_SLHC10/Extended2023TTI/MinBias/MinBias_TuneZ2star_GEN_SIM_350.root
150202 22:57:41 2080 Xrd: CheckErrorStatus: Server [eoscms.cern.ch:1094] declared: session not found(error code: 3011)
02-Feb-2015 22:57:41 GMT  Successfully opened file root://xrootd.unl.edu//store/group/dpg_trigger/comm_trigger/L1TrackTrigger/620_SLHC10/Extended2023TTI/MinBias/MinBias_TuneZ2star_GEN_SIM_350.root
150202 22:58:46 15863 Xrd: XrdClientMessage::ReadRaw: Failed to read header (8 bytes).
02-Feb-2015 23:00:09 GMT  Closed file root://xrootd.unl.edu//store/group/dpg_trigger/comm_trigger/L1TrackTrigger/620_SLHC10/Extended2023TTI/MinBias/MinBias_TuneZ2star_GEN_SIM_350.root
02-Feb-2015 23:00:09 GMT  Initiating request to open file root://xrootd.unl.edu//store/group/dpg_trigger/comm_trigger/L1TrackTrigger/620_SLHC10/Extended2023TTI/MinBias/MinBias_TuneZ2star_GEN_SIM_45.root
02-Feb-2015 23:00:40 GMT  Successfully opened file root://xrootd.unl.edu//store/group/dpg_trigger/comm_trigger/L1TrackTrigger/620_SLHC10/Extended2023TTI/MinBias/MinBias_TuneZ2star_GEN_SIM_45.root
150202 23:02:16 22086 Xrd: XrdClientMessage::ReadRaw: Failed to read header (8 bytes).
02-Feb-2015 23:03:09 GMT  Closed file root://xrootd.unl.edu//store/group/dpg_trigger/comm_trigger/L1TrackTrigger/620_SLHC10/Extended2023TTI/MinBias/MinBias_TuneZ2star_GEN_SIM_45.root
02-Feb-2015 23:03:09 GMT  Initiating request to open file root://xrootd.unl.edu//store/group/dpg_trigger/comm_trigger/L1TrackTrigger/620_SLHC10/Extended2023TTI/MinBias/MinBias_TuneZ2star_GEN_SIM_532.root
02-Feb-2015 23:03:40 GMT  Successfully opened file root://xrootd.unl.edu//store/group/dpg_trigger/comm_trigger/L1TrackTrigger/620_SLHC10/Extended2023TTI/MinBias/MinBias_TuneZ2star_GEN_SIM_532.root
02-Feb-2015 23:04:10 GMT  Closed file root://dcap.pp.rl.ac.uk:1094/pnfs/pp.rl.ac.uk/data/cms/store/user/dcieri/ttbar_SIM/ttbar/ttbar_SIM/150129_145223/0000/step1_335.root
02-Feb-2015 23:04:11 GMT  Closed file root://xrootd.unl.edu//store/group/dpg_trigger/comm_trigger/L1TrackTrigger/620_SLHC10/Extended2023TTI/MinBias/MinBias_TuneZ2star_GEN_SIM_532.root

=============================================

MessageLogger Summary

 type     category        sev    module        subroutine        count    total
 ---- -------------------- -- ---------------- ----------------  -----    -----
    1 fileAction           -s MixingModule:mix                      69       69
    2 fileAction           -s MixingModule:mix                       2        2
    3 fileAction           -s MixingModule:mix                       1        1
    4 fileAction           -s file_close                             1        1
    5 fileAction           -s file_open                              2        2

 type    category    Examples: run/evt        run/evt          run/evt
 ---- -------------------- ---------------- ---------------- ----------------
    1 fileAction           1/3341           1/3341           1/3350
    2 fileAction           pre-events       pre-events       
    3 fileAction           PostEndRun                        
    4 fileAction           PostEndRun                        
    5 fileAction           pre-events       pre-events       

Severity    # Occurrences   Total Occurrences
--------    -------------   -----------------
System                 75                  75
>>> END OF printout of 215 lines from stdout+stderr
>>> Parse FrameworkJobReport crab_fjr.xml
Result of parsing the FrameworkJobReport crab_fjr.xml: 
Extracted ExitStatus from FrameworkJobReport parsing output: 0
>>> Executable succeded  0
ExeExitCode=0
EXECUTABLE_EXIT_STATUS = 0
>>> current directory /scratch/condor/dir_19669/glide_cVYO0X/execute/dir_2714/CMSSW_6_2_0_SLHC12
>>>  (SOFTWARE_DIR): /scratch/condor/dir_19669/glide_cVYO0X/execute/dir_2714/CMSSW_6_2_0_SLHC12
>>> (WORKING_DIR): 
>>> current directory content:
total 238468
drwxr-xr-x 3 cms415 gplcms      4096 Feb  2 20:15 .SCRAM
-rw------- 1 cms415 gplcms    915837 Feb  2 20:15 CMSSW.py.pkl
drwxr-xr-x 3 cms415 gplcms      4096 Feb  2 20:15 bin
drwxr-xr-x 3 cms415 gplcms      4096 Feb  2 20:15 cfipython
drwxr-xr-x 4 cms415 gplcms      4096 Apr 28  2014 config
-rw------- 1 cms415 gplcms        16 Feb  2 23:04 cpu_timing.txt
drwxr-xr-x 2 cms415 gplcms      4096 Feb  2 20:15 doc
-rw------- 1 cms415 gplcms     24194 Feb  2 23:04 executable.out
drwxr-xr-x 2 cms415 gplcms      4096 Feb  2 20:15 include
drwx------ 3 cms415 gplcms      4096 Oct  7 10:12 lib
drwxr-xr-x 3 cms415 gplcms      4096 Feb  2 20:15 logs
drwxr-xr-x 3 cms415 gplcms      4096 Feb  2 20:15 objs
-rw------- 1 cms415 gplcms       104 Feb  2 20:15 pset.py
-rw------- 1 cms415 gplcms    926823 Feb  2 20:15 pset.py.pkl
-rw------- 1 cms415 gplcms       289 Feb  2 20:15 pset.pyc
drwxr-xr-x 2 cms415 gplcms      4096 Feb  2 20:15 python
-rw------- 1 cms415 gplcms       359 Feb  2 23:04 report.log
drwxr-xr-x 2 cms415 gplcms      4096 Feb  2 20:15 src
-rw------- 1 cms415 gplcms 241997584 Feb  2 23:04 step2.root
drwxr-xr-x 3 cms415 gplcms      4096 Feb  2 20:15 test
drwxr-xr-x 3 cms415 gplcms      4096 Feb  2 20:15 tmp
>>> current directory /scratch/condor/dir_19669/glide_cVYO0X/execute/dir_2714/CMSSW_6_2_0_SLHC12
>>> (SOFTWARE_DIR): /scratch/condor/dir_19669/glide_cVYO0X/execute/dir_2714/CMSSW_6_2_0_SLHC12
>>> (WORKING_DIR): 
>>> current directory content:
total 238468
drwxr-xr-x 3 cms415 gplcms      4096 Feb  2 20:15 .SCRAM
-rw------- 1 cms415 gplcms    915837 Feb  2 20:15 CMSSW.py.pkl
drwxr-xr-x 3 cms415 gplcms      4096 Feb  2 20:15 bin
drwxr-xr-x 3 cms415 gplcms      4096 Feb  2 20:15 cfipython
drwxr-xr-x 4 cms415 gplcms      4096 Apr 28  2014 config
-rw------- 1 cms415 gplcms        16 Feb  2 23:04 cpu_timing.txt
drwxr-xr-x 2 cms415 gplcms      4096 Feb  2 20:15 doc
-rw------- 1 cms415 gplcms     24194 Feb  2 23:04 executable.out
drwxr-xr-x 2 cms415 gplcms      4096 Feb  2 20:15 include
drwx------ 3 cms415 gplcms      4096 Oct  7 10:12 lib
drwxr-xr-x 3 cms415 gplcms      4096 Feb  2 20:15 logs
drwxr-xr-x 3 cms415 gplcms      4096 Feb  2 20:15 objs
-rw------- 1 cms415 gplcms       104 Feb  2 20:15 pset.py
-rw------- 1 cms415 gplcms    926823 Feb  2 20:15 pset.py.pkl
-rw------- 1 cms415 gplcms       289 Feb  2 20:15 pset.pyc
drwxr-xr-x 2 cms415 gplcms      4096 Feb  2 20:15 python
-rw------- 1 cms415 gplcms       359 Feb  2 23:04 report.log
drwxr-xr-x 2 cms415 gplcms      4096 Feb  2 20:15 src
-rw------- 1 cms415 gplcms 241997584 Feb  2 23:04 step2_214_1_m4x.root
drwxr-xr-x 3 cms415 gplcms      4096 Feb  2 20:15 test
drwxr-xr-x 3 cms415 gplcms      4096 Feb  2 20:15 tmp
>>> current directory (RUNTIME_AREA):  /scratch/condor/dir_19669/glide_cVYO0X/execute/dir_2714
PNN = T2_UK_SGrid_RALPP
SE = heplnx204.pp.rl.ac.uk
SE_PATH = /srm/managerv2?SFN=/pnfs/pp.rl.ac.uk/data/cms/store/user/dcieri/ttbar_PU140_DIGI/dcieri/ttbar/ttbar_PU140_DIGI/3c0380cf82de79bc39966c93934c61fc/
LFNBaseName = /store/user/dcieri/ttbar_PU140_DIGI/dcieri/ttbar/ttbar_PU140_DIGI/3c0380cf82de79bc39966c93934c61fc/
USER = dcieri
endpoint = srm://heplnx204.pp.rl.ac.uk:8443/srm/managerv2?SFN=/pnfs/pp.rl.ac.uk/data/cms/store/user/dcieri/ttbar_PU140_DIGI/dcieri/ttbar/ttbar_PU140_DIGI/3c0380cf82de79bc39966c93934c61fc/
>>> Copy output files from WN = heplnc066.pp.rl.ac.uk to /srm/managerv2?SFN=/pnfs/pp.rl.ac.uk/data/cms/store/user/dcieri/ttbar_PU140_DIGI/dcieri/ttbar/ttbar_PU140_DIGI/3c0380cf82de79bc39966c93934c61fc/ :
python cmscp.py  --destination srm://heplnx204.pp.rl.ac.uk:8443/srm/managerv2?SFN=/pnfs/pp.rl.ac.uk/data/cms/store/user/dcieri/ttbar_PU140_DIGI/dcieri/ttbar/ttbar_PU140_DIGI/3c0380cf82de79bc39966c93934c61fc/ --inputFileList /scratch/condor/dir_19669/glide_cVYO0X/execute/dir_2714/CMSSW_6_2_0_SLHC12/step2_214_1_m4x.root --middleware LCG --PNN T2_UK_SGrid_RALPP --se_name heplnx204.pp.rl.ac.uk --for_lfn /store/user/dcieri/ttbar_PU140_DIGI/dcieri/ttbar/ttbar_PU140_DIGI/3c0380cf82de79bc39966c93934c61fc/    
******************************************************
localSeName  =  heplnx204.pp.rl.ac.uk
remoteSeName =  heplnx204.pp.rl.ac.uk
******************************************************
{"/scratch/condor/dir_19669/glide_cVYO0X/execute/dir_2714/CMSSW_6_2_0_SLHC12/step2_214_1_m4x.root": {"endpoint": "srm://heplnx204.pp.rl.ac.uk:8443/srm/managerv2?SFN=/pnfs/pp.rl.ac.uk/data/cms/store/user/dcieri/ttbar_PU140_DIGI/dcieri/ttbar/ttbar_PU140_DIGI/3c0380cf82de79bc39966c93934c61fc/", "surl_for_grid": "", "reason": "Copy succedeed with srm-lcg utils", "erCode": "0", "PNN": "T2_UK_SGrid_RALPP", "se_name": "heplnx204.pp.rl.ac.uk", "for_lfn": "/store/user/dcieri/ttbar_PU140_DIGI/dcieri/ttbar/ttbar_PU140_DIGI/3c0380cf82de79bc39966c93934c61fc/"}}/scratch/condor/dir_19669/glide_cVYO0X/execute/dir_2714
-------- cat /scratch/condor/dir_19669/glide_cVYO0X/execute/dir_2714/cmscpReport.sh 
#!/bin/bash
echo "Report for File: /scratch/condor/dir_19669/glide_cVYO0X/execute/dir_2714/CMSSW_6_2_0_SLHC12/step2_214_1_m4x.root"
echo "LFN: /store/user/dcieri/ttbar_PU140_DIGI/dcieri/ttbar/ttbar_PU140_DIGI/3c0380cf82de79bc39966c93934c61fc/step2_214_1_m4x.root"
echo "StorageElement: heplnx204.pp.rl.ac.uk"
echo "StageOutExitStatusReason = 'Copy succedeed with srm-lcg utils'" | tee -a $RUNTIME_AREA/$repo
echo "StageOutSE = heplnx204.pp.rl.ac.uk" >> $RUNTIME_AREA/$repo

export StageOutExitStatus=0
echo "StageOutExitStatus = 0" | tee -a $RUNTIME_AREA/$repo
-------- end of /scratch/condor/dir_19669/glide_cVYO0X/execute/dir_2714/cmscpReport.sh 
Report for File: /scratch/condor/dir_19669/glide_cVYO0X/execute/dir_2714/CMSSW_6_2_0_SLHC12/step2_214_1_m4x.root
LFN: /store/user/dcieri/ttbar_PU140_DIGI/dcieri/ttbar/ttbar_PU140_DIGI/3c0380cf82de79bc39966c93934c61fc/step2_214_1_m4x.root
StorageElement: heplnx204.pp.rl.ac.uk
StageOutExitStatusReason = 'Copy succedeed with srm-lcg utils'
StageOutExitStatus = 0
>>> current dir: /scratch/condor/dir_19669/glide_cVYO0X/execute/dir_2714
>>> current dir content:
total 8820
-rw-------  1 cms415 gplcms    2857 Feb  2 23:05 .SEinteraction.log
-rwx------  1 cms415 gplcms      52 Feb  2 20:14 .chirp_config
-rwx------  1 cms415 gplcms    7834 Feb  2 20:14 .job.ad
-rwx------  1 cms415 gplcms    9801 Feb  2 20:14 .machine.ad
-rw-------  1 cms415 gplcms     105 Feb  2 12:16 CMSSW.py
-rw-------  1 cms415 gplcms  915837 Feb  2 12:16 CMSSW.py.pkl
-rwx------  1 cms415 gplcms   29498 Feb  2 20:15 CMSSW.sh
drwxr-xr-x 15 cms415 gplcms    4096 Feb  2 23:04 CMSSW_6_2_0_SLHC12
-rw-------  1 cms415 gplcms     189 Feb  2 20:15 CacheEnv.sh
-rw-------  1 cms415 gplcms    7291 Nov 19 14:52 DashboardAPI.py
-rw-------  1 cms415 gplcms    6455 Feb  2 20:15 DashboardAPI.pyc
drwx------  2 cms415 gplcms    4096 Feb  2 23:04 IMProv
-rw-------  1 cms415 gplcms    2748 Nov 19 14:52 Logger.py
-rw-------  1 cms415 gplcms    3227 Feb  2 20:15 Logger.pyc
-rw-------  1 cms415 gplcms   24524 Nov 19 14:52 ProcInfo.py
-rw-------  1 cms415 gplcms   22621 Feb  2 20:15 ProcInfo.pyc
drwx------  7 cms415 gplcms    4096 Feb  2 20:15 ProdCommon
drwx------  3 cms415 gplcms    4096 Feb  2 20:15 WMCore
-rw-------  1 cms415 gplcms    6722 Feb  2 23:04 Watchdog_214.log
-rwx------  1 cms415 gplcms       0 Feb  2 20:15 _condor_stderr
-rwx---r--  1 cms415 gplcms   38937 Feb  2 23:05 _condor_stdout
-rw-------  1 cms415 gplcms   32895 Nov 19 14:52 apmon.py
-rw-------  1 cms415 gplcms   27929 Feb  2 20:15 apmon.pyc
-rwx------  1 cms415 gplcms  134309 Feb  2 20:15 arguments.xml
-rwx------  1 cms415 gplcms   38581 Nov 19 14:52 cmscp.py
-rw-------  1 cms415 gplcms     561 Feb  2 23:05 cmscpReport.sh
-rwx------  1 cms415 gplcms   29498 Feb  2 20:15 condor_exec.exe
-rw-------  1 cms415 gplcms     544 Feb  2 12:16 crab.cfg
-rwx------  1 cms415 gplcms    8610 Nov 19 14:52 crabWatchdog.sh
-rwx---r--  1 cms415 gplcms  112081 Feb  2 23:04 crab_fjr_214.xml
-rwx------  1 cms415 gplcms 7390485 Feb  2 20:15 default.tgz
-rwx------  1 cms415 gplcms    4488 Nov 19 14:52 fillCrabFjr.py
-rw-------  1 cms415 gplcms     226 Feb  2 20:15 inputsReport.txt
-rw-------  1 cms415 gplcms     245 Feb  2 23:05 jobreport.txt
-rw-------  1 cms415 gplcms   17352 Nov 19 14:52 parseCrabFjr.py
-rw-------  1 cms415 gplcms     324 Feb  2 20:15 report.log
-rwx--x--x  1 cms415 gplcms    1497 Nov 19 14:52 report.py
-rw-------  1 cms415 gplcms     554 Feb  2 23:05 resultCopyFile
lrwxrwxrwx  1 cms415 gplcms      95 Feb  2 23:04 step2.root -> /scratch/condor/dir_19669/glide_cVYO0X/execute/dir_2714/CMSSW_6_2_0_SLHC12/step2_214_1_m4x.root
-rwx------  1 cms415 gplcms    8351 Nov 19 14:52 writeCfg.py
-rw-------  1 cms415 gplcms   10293 Feb  2 20:14 x509up_u62281
>>> Modify Job Report:
CMSSW_VERSION = CMSSW_6_2_0_SLHC12
ProcessedDataset = ttbar_PU140_DIGI
/scratch/condor/dir_19669/glide_cVYO0X/execute/dir_2714/ProdCommon/FwkJobRep/ModifyJobReport.py fjr /scratch/condor/dir_19669/glide_cVYO0X/execute/dir_2714/crab_fjr_214.xml json /scratch/condor/dir_19669/glide_cVYO0X/execute/dir_2714/resultCopyFile n_job 214_1_m4x PrimaryDataset ttbar  ApplicationFamily cmsRun ApplicationName cmsRun cmssw_version CMSSW_6_2_0_SLHC12 psethash 3c0380cf82de79bc39966c93934c61fc UserProcessedDataset dcieri-ttbar_PU140_DIGI-3c0380cf82de79bc39966c93934c61fc
inputDict =  {u'/scratch/condor/dir_19669/glide_cVYO0X/execute/dir_2714/CMSSW_6_2_0_SLHC12/step2_214_1_m4x.root': {u'endpoint': u'srm://heplnx204.pp.rl.ac.uk:8443/srm/managerv2?SFN=/pnfs/pp.rl.ac.uk/data/cms/store/user/dcieri/ttbar_PU140_DIGI/dcieri/ttbar/ttbar_PU140_DIGI/3c0380cf82de79bc39966c93934c61fc/', u'surl_for_grid': u'', u'reason': u'Copy succedeed with srm-lcg utils', u'erCode': u'0', u'PNN': u'T2_UK_SGrid_RALPP', u'se_name': u'heplnx204.pp.rl.ac.uk', u'for_lfn': u'/store/user/dcieri/ttbar_PU140_DIGI/dcieri/ttbar/ttbar_PU140_DIGI/3c0380cf82de79bc39966c93934c61fc/'}}
UserProcessedDataset =  dcieri-ttbar_PU140_DIGI-3c0380cf82de79bc39966c93934c61fc
WORKING ON EDM FILE
file_name in inputDict =  /scratch/condor/dir_19669/glide_cVYO0X/execute/dir_2714/CMSSW_6_2_0_SLHC12/step2_214_1_m4x.root
(size) os.stat(filename)[6] =  241997584
checksum =  1121293917
    file =  step2_214_1_m4x.root
    newPfn =  srm://heplnx204.pp.rl.ac.uk:8443/srm/managerv2?SFN=/pnfs/pp.rl.ac.uk/data/cms/store/user/dcieri/ttbar_PU140_DIGI/dcieri/ttbar/ttbar_PU140_DIGI/3c0380cf82de79bc39966c93934c61fc/step2_214_1_m4x.root
    newLfn =  /store/user/dcieri/ttbar_PU140_DIGI/dcieri/ttbar/ttbar_PU140_DIGI/3c0380cf82de79bc39966c93934c61fc/step2_214_1_m4x.root
>>> crab_fjr_*.xml  permission set to 0704
CrabWrapper EXIT_FUNC entered at Mon Feb  2 23:05:04 GMT 2015   -  Mon Feb  2 23:05:04 UTC 2015
Checking output files:  
will tar file crab_fjr_214.xml in  out_files_214
WARNING: output file CMSSW_214.stdout not found!
WARNING: output file CMSSW_214.stderr not found!
WARNING: output file Watchdog_214.log.gz not found!
>>> padding time: Wrapper lasting more than 600 seconds. No sleep required.
STOPPING WATCHDOG. CrabWatchdog PID is 6155
********** LAST 50 LINES OF WATCHDOG LOG
# TIME			PID	RSS(KB)	VSZ(KB)	Dsk(MB)	tCPU(s)	tWALL(s)	COMMAND
 Feb 02 20:15:36 GMT	5775	1784	22496	0	0	0	/bin/sh /scratch/condor/dir_19669/glide_cVYO0X/execute/dir_2714/condor_exec.exe 214 1       
 Feb 02 20:15:36 GMT	6167	38968	108320	0	0	0	edmConfigHash pset.py         
 Feb 02 20:15:36 GMT	---	38968	108320	36	----	----	----
 Feb 02 20:16:36 GMT	6401	780312	1146208	36	33	60	cmsRun -j /scratch/condor/dir_19669/glide_cVYO0X/execute/dir_2714/crab_fjr_214.xml -p pset.py      
 Feb 02 20:16:36 GMT	---	780312	1146208	51	----	----	----
 Feb 02 20:17:36 GMT	6401	805024	1182056	51	34	121	cmsRun -j /scratch/condor/dir_19669/glide_cVYO0X/execute/dir_2714/crab_fjr_214.xml -p pset.py      
 Feb 02 20:18:37 GMT	6401	817380	1199464	51	34	181	cmsRun -j /scratch/condor/dir_19669/glide_cVYO0X/execute/dir_2714/crab_fjr_214.xml -p pset.py      
 Feb 02 20:21:38 GMT	6401	817944	1199464	51	36	362	cmsRun -j /scratch/condor/dir_19669/glide_cVYO0X/execute/dir_2714/crab_fjr_214.xml -p pset.py      
 Feb 02 20:22:38 GMT	6401	825188	1212264	51	37	422	cmsRun -j /scratch/condor/dir_19669/glide_cVYO0X/execute/dir_2714/crab_fjr_214.xml -p pset.py      
 Feb 02 20:23:38 GMT	6401	830896	1221992	51	38	482	cmsRun -j /scratch/condor/dir_19669/glide_cVYO0X/execute/dir_2714/crab_fjr_214.xml -p pset.py      
 Feb 02 20:24:38 GMT	6401	833824	1226600	51	39	543	cmsRun -j /scratch/condor/dir_19669/glide_cVYO0X/execute/dir_2714/crab_fjr_214.xml -p pset.py      
 Feb 02 20:25:39 GMT	6401	835984	1230696	51	40	603	cmsRun -j /scratch/condor/dir_19669/glide_cVYO0X/execute/dir_2714/crab_fjr_214.xml -p pset.py      
 Feb 02 20:26:39 GMT	6401	837808	1232744	51	41	663	cmsRun -j /scratch/condor/dir_19669/glide_cVYO0X/execute/dir_2714/crab_fjr_214.xml -p pset.py      
 Feb 02 20:27:39 GMT	6401	839696	1234280	51	42	724	cmsRun -j /scratch/condor/dir_19669/glide_cVYO0X/execute/dir_2714/crab_fjr_214.xml -p pset.py      
 Feb 02 20:28:40 GMT	6401	840540	1236328	51	43	784	cmsRun -j /scratch/condor/dir_19669/glide_cVYO0X/execute/dir_2714/crab_fjr_214.xml -p pset.py      
 Feb 02 20:29:40 GMT	6401	841332	1237608	51	44	844	cmsRun -j /scratch/condor/dir_19669/glide_cVYO0X/execute/dir_2714/crab_fjr_214.xml -p pset.py      
 Feb 02 20:32:41 GMT	6401	841332	1239144	51	48	1025	cmsRun -j /scratch/condor/dir_19669/glide_cVYO0X/execute/dir_2714/crab_fjr_214.xml -p pset.py      
 Feb 02 20:35:42 GMT	6401	841332	1249132	51	51	1206	cmsRun -j /scratch/condor/dir_19669/glide_cVYO0X/execute/dir_2714/crab_fjr_214.xml -p pset.py      
 Feb 02 20:36:42 GMT	6401	841332	1253228	51	53	1266	cmsRun -j /scratch/condor/dir_19669/glide_cVYO0X/execute/dir_2714/crab_fjr_214.xml -p pset.py      
 Feb 02 20:37:42 GMT	6401	841332	1255020	51	55	1326	cmsRun -j /scratch/condor/dir_19669/glide_cVYO0X/execute/dir_2714/crab_fjr_214.xml -p pset.py      
 Feb 02 20:38:42 GMT	6401	841332	1262700	51	57	1387	cmsRun -j /scratch/condor/dir_19669/glide_cVYO0X/execute/dir_2714/crab_fjr_214.xml -p pset.py      
 Feb 02 20:40:43 GMT	6401	841332	1271916	51	61	1507	cmsRun -j /scratch/condor/dir_19669/glide_cVYO0X/execute/dir_2714/crab_fjr_214.xml -p pset.py      
 Feb 02 20:41:43 GMT	6401	841332	1307756	51	66	1568	cmsRun -j /scratch/condor/dir_19669/glide_cVYO0X/execute/dir_2714/crab_fjr_214.xml -p pset.py      
 Feb 02 20:42:44 GMT	6401	892412	1386348	51	72	1629	cmsRun -j /scratch/condor/dir_19669/glide_cVYO0X/execute/dir_2714/crab_fjr_214.xml -p pset.py      
 Feb 02 20:43:45 GMT	6401	911680	1409388	51	75	1689	cmsRun -j /scratch/condor/dir_19669/glide_cVYO0X/execute/dir_2714/crab_fjr_214.xml -p pset.py      
 Feb 02 20:45:45 GMT	6401	913992	1409648	51	78	1810	cmsRun -j /scratch/condor/dir_19669/glide_cVYO0X/execute/dir_2714/crab_fjr_214.xml -p pset.py      
 Feb 02 20:46:46 GMT	6401	915768	1413744	51	80	1870	cmsRun -j /scratch/condor/dir_19669/glide_cVYO0X/execute/dir_2714/crab_fjr_214.xml -p pset.py      
 Feb 02 20:47:46 GMT	6401	1236184	1724716	51	100	1930	cmsRun -j /scratch/condor/dir_19669/glide_cVYO0X/execute/dir_2714/crab_fjr_214.xml -p pset.py      
 Feb 02 20:47:46 GMT	---	1236184	1724716	73	----	----	----
 Feb 02 21:15:55 GMT	6401	1333604	1823024	73	155	3619	cmsRun -j /scratch/condor/dir_19669/glide_cVYO0X/execute/dir_2714/crab_fjr_214.xml -p pset.py      
 Feb 02 21:15:55 GMT	---	1333604	1823024	74	----	----	----
 Feb 02 21:16:55 GMT	---	1333604	1823024	93	----	----	----
 Feb 02 21:36:01 GMT	---	1333604	1823024	115	----	----	----
 Feb 02 21:58:07 GMT	6401	1335588	1823024	115	266	6151	cmsRun -j /scratch/condor/dir_19669/glide_cVYO0X/execute/dir_2714/crab_fjr_214.xml -p pset.py      
 Feb 02 21:59:07 GMT	6401	1339844	1823024	115	270	6211	cmsRun -j /scratch/condor/dir_19669/glide_cVYO0X/execute/dir_2714/crab_fjr_214.xml -p pset.py      
 Feb 02 22:00:07 GMT	---	1339844	1823024	138	----	----	----
 Feb 02 22:09:10 GMT	6401	1339844	1837832	138	325	6814	cmsRun -j /scratch/condor/dir_19669/glide_cVYO0X/execute/dir_2714/crab_fjr_214.xml -p pset.py      
 Feb 02 22:10:10 GMT	---	1339844	1837832	158	----	----	----
 Feb 02 22:30:16 GMT	6401	1500280	1924872	158	401	8080	cmsRun -j /scratch/condor/dir_19669/glide_cVYO0X/execute/dir_2714/crab_fjr_214.xml -p pset.py      
 Feb 02 22:30:16 GMT	---	1500280	1924872	169	----	----	----
 Feb 02 22:31:16 GMT	---	1500280	1924872	179	----	----	----
 Feb 02 22:40:19 GMT	---	1500280	1924872	202	----	----	----
 Feb 02 22:48:22 GMT	6401	1500280	1931528	202	527	9166	cmsRun -j /scratch/condor/dir_19669/glide_cVYO0X/execute/dir_2714/crab_fjr_214.xml -p pset.py      
 Feb 02 22:49:22 GMT	6401	1554396	1990408	202	540	9226	cmsRun -j /scratch/condor/dir_19669/glide_cVYO0X/execute/dir_2714/crab_fjr_214.xml -p pset.py      
 Feb 02 22:49:22 GMT	---	1554396	1990408	204	----	----	----
 Feb 02 22:50:22 GMT	---	1554396	1990408	224	----	----	----
 Feb 02 22:57:24 GMT	---	1554396	1990408	249	----	----	----
 Feb 02 23:02:26 GMT	6401	1554396	2004744	249	673	10011	cmsRun -j /scratch/condor/dir_19669/glide_cVYO0X/execute/dir_2714/crab_fjr_214.xml -p pset.py      
 Feb 02 23:04:27 GMT	---	1554396	2004744	269	----	----	----
********** WATCHDOG LOG ENDED
ZIPPING WATCHDOG LOG
Disk space used:
du -sh /scratch/condor/dir_19669/glide_cVYO0X/execute/dir_2714
269M	/scratch/condor/dir_19669/glide_cVYO0X/execute/dir_2714
Found unusual stdout, rename for OSB
`/scratch/condor/dir_19669/glide_cVYO0X/execute/dir_2714/_condor_stdout' -> `CMSSW_214.stdout'
Found unusual stderr, rename for OSB
`/scratch/condor/dir_19669/glide_cVYO0X/execute/dir_2714/_condor_stdout' -> `CMSSW_214.stderr'
crab_fjr_214.xml
CMSSW_214.stdout
CMSSW_214.stderr
Watchdog_214.log.gz
Total Output dimension: 23829
WARNING: output files size limit is set to: 50000000
Total Output dimension 23829 is fine.
JOB_EXIT_STATUS = 0
>>> info for dashboard:
***** Cat /scratch/condor/dir_19669/glide_cVYO0X/execute/dir_2714/jobreport.txt *****
MonitorJobID=214_https://submit-6.t2.ucsd.edu//150202//509447.213
MonitorID=dcieri_PU140_4dm08r
ExeTime=10113
ExeExitCode=0
StageOutExitStatusReason = 'Copy succedeed with srm-lcg utils'
StageOutSE = heplnx204.pp.rl.ac.uk
StageOutExitStatus = 0
CrabUserCpuTime=675.86
CrabSysCpuTime=23.80
CrabCpuPercentage=6%
CrabWrapperTime=10172
CrabStageoutTime=48
JobExitCode=0
***** End Cat jobreport *****
Parameters sent to Dashboard.
EXITING at Mon Feb  2 23:05:06 GMT 2015  -  Mon Feb  2 23:05:06 UTC 2015
