This script was generated by crab (version 2.11.1_patch1).
Running /scratch/condor/dir_14366/glide_u0MR3x/execute/dir_18642/condor_exec.exe with 2 positional parameters: 284 1
Today is Mon Feb  2 20:24:54 GMT 2015 - Mon Feb  2 20:24:54 UTC 2015
Job submitted on host heplnc010.pp.rl.ac.uk
Linux heplnc010.pp.rl.ac.uk 2.6.32-504.3.3.el6.x86_64 #1 SMP Tue Dec 16 14:29:22 CST 2014 x86_64 x86_64 x86_64 GNU/Linux
Distributor ID:	Scientific
Description:	Scientific Linux release 6.6 (Carbon)
>>> current directory (RUNTIME_AREA): /scratch/condor/dir_14366/glide_u0MR3x/execute/dir_18642
>>> current user: uid=157415(cms415) gid=157000(gplcms) groups=157000(gplcms)
>>> directory permission set to 0700
>>> umask set to:  u=rwx,g=,o=
>>> stdout stderr permission set to 0704
>>> voms proxy information:
subject   : /DC=ch/DC=cern/OU=Organic Units/OU=Users/CN=dcieri/CN=755391/CN=Davide Cieri/CN=769881070/CN=1817500652
issuer    : /DC=ch/DC=cern/OU=Organic Units/OU=Users/CN=dcieri/CN=755391/CN=Davide Cieri/CN=769881070
identity  : /DC=ch/DC=cern/OU=Organic Units/OU=Users/CN=dcieri/CN=755391/CN=Davide Cieri
type      : RFC3820 compliant limited proxy
strength  : 1024
path      : /scratch/condor/dir_14366/glide_u0MR3x/execute/dir_18642/x509up_u62281
timeleft  : 23:59:03
key usage : Digital Signature, Key Encipherment
=== VO cms extension information ===
VO        : cms
subject   : /DC=ch/DC=cern/OU=Organic Units/OU=Users/CN=dcieri/CN=755391/CN=Davide Cieri
issuer    : /DC=ch/DC=cern/OU=computers/CN=lcg-voms2.cern.ch
attribute : /cms/Role=NULL/Capability=NULL
timeleft  : 183:51:30
uri       : lcg-voms2.cern.ch:15002

WNHostName=heplnc010.pp.rl.ac.uk
$_CONDOR_JOB_AD =/scratch/condor/dir_14366/glide_u0MR3x/execute/dir_18642/.job.ad
OverflowFlag=0
>>> tar --no-same-permissions -xf /scratch/condor/dir_14366/glide_u0MR3x/execute/dir_18642/default.tgz :
Successful untar
>>> Include /scratch/condor/dir_14366/glide_u0MR3x/execute/dir_18642 in PYTHONPATH:
strip arguments
env var CRAB_UNIQUE_JOB_ID set to: dcieri_PU140_4dm08r_284_1_QW6
out_files_284
>>> list of expected files on output sandbox
output files: crab_fjr_284.xml CMSSW_284.stdout CMSSW_284.stderr Watchdog_284.log.gz
>>> GridFlavour discovery: 
GridFlavour=LCG
>>> SyncSite discovery: 
SyncSite=T2_UK_SGrid_RALPP
>>> SyncCE discovery: 
getting SyncCE from GLIDEIN_Gaekeeper
SyncCE=heplnv146.pp.rl.ac.uk
>>> info for dashboard:
***** Cat /scratch/condor/dir_14366/glide_u0MR3x/execute/dir_18642/jobreport.txt *****
WNHostName=heplnc010.pp.rl.ac.uk
OverflowFlag=0
MonitorJobID=284_https://submit-6.t2.ucsd.edu//150202//509447.283
SyncGridJobId=https://submit-6.t2.ucsd.edu//150202//509447.283
MonitorID=dcieri_PU140_4dm08r
GridFlavour=LCG
SyncSite=T2_UK_SGrid_RALPP
SyncCE=heplnv146.pp.rl.ac.uk
***** End Cat jobreport *****
Parameters sent to Dashboard.
>>> setup environment
set SCRAM ARCH to slc6_amd64_gcc472
SCRAM_ARCH = slc6_amd64_gcc472
>>> setup CMS LCG environment:
set SCRAM ARCH and BUILD_ARCH to slc6_amd64_gcc472 ###
Sourcing environment... 
sourcing /cvmfs/cms.cern.ch/cmsset_default.sh
==> setup cms environment ok
>>> specific cmssw setup environment:
CMSSW_VERSION =  CMSSW_6_2_0_SLHC12
WARNING: In non-interactive mode release checks e.g. deprecated releases, production architectures are disabled.
>>> current directory (SOFTWARE_DIR): /scratch/condor/dir_14366/glide_u0MR3x/execute/dir_18642/CMSSW_6_2_0_SLHC12
PreserveSeeds: <>
IncrementSeeds:<>
>>> info for dashboard:
***** Cat /scratch/condor/dir_14366/glide_u0MR3x/execute/dir_18642/jobreport.txt *****
MonitorJobID=284_https://submit-6.t2.ucsd.edu//150202//509447.283
MonitorID=dcieri_PU140_4dm08r
***** End Cat jobreport *****
Parameters sent to Dashboard.
crabWatchdog started as process 19685
>>> moving CMSSW software directories in /scratch/condor/dir_14366/glide_u0MR3x/execute/dir_18642/CMSSW_6_2_0_SLHC12
mv: cannot stat `/scratch/condor/dir_14366/glide_u0MR3x/execute/dir_18642/module/': No such file or directory
>>> Include /scratch/condor/dir_14366/glide_u0MR3x/execute/dir_18642 in PYTHONPATH:
PYTHONPATH=/scratch/condor/dir_14366/glide_u0MR3x/execute/dir_18642/:/scratch/condor/dir_14366/glide_u0MR3x/execute/dir_18642/CMSSW_6_2_0_SLHC12/python:/scratch/condor/dir_14366/glide_u0MR3x/execute/dir_18642/CMSSW_6_2_0_SLHC12/lib/slc6_amd64_gcc472:/cvmfs/cms.cern.ch/slc6_amd64_gcc472/cms/cmssw/CMSSW_6_2_0_SLHC12/python:/cvmfs/cms.cern.ch/slc6_amd64_gcc472/cms/cmssw/CMSSW_6_2_0_SLHC12/lib/slc6_amd64_gcc472:/cvmfs/cms.cern.ch/slc6_amd64_gcc472/cms/coral/CORAL_2_3_21-cms35/slc6_amd64_gcc472/python:/cvmfs/cms.cern.ch/slc6_amd64_gcc472/cms/coral/CORAL_2_3_21-cms35/slc6_amd64_gcc472/lib:/cvmfs/cms.cern.ch/slc6_amd64_gcc472/external/python-ldap/2.3.5-cms5/lib/python2.7/site-packages:/cvmfs/cms.cern.ch/slc6_amd64_gcc472/external/pyqt/4.8.1-cms5/lib/python2.7/site-packages:/cvmfs/cms.cern.ch/slc6_amd64_gcc472/external/py2-scipy/0.8.0-cms7/lib/python2.7/site-packages:/cvmfs/cms.cern.ch/slc6_amd64_gcc472/external/py2-matplotlib/1.0.1-cms7/lib/python2.7/site-packages:/cvmfs/cms.cern.ch/slc6_amd64_gcc472/external/sip/4.11.2-cms5/lib/python2.7/site-packages:/cvmfs/cms.cern.ch/slc6_amd64_gcc472/external/py2-pycurl/7.19.0-cms7/lib/python2.7/site-packages:/cvmfs/cms.cern.ch/slc6_amd64_gcc472/external/py2-numpy/1.6.1-cms7/lib/python2.7/site-packages:/cvmfs/cms.cern.ch/slc6_amd64_gcc472/external/py2-lint/0.25.1-cms5/lib/python2.7/site-packages:/cvmfs/cms.cern.ch/slc6_amd64_gcc472/external/py2-ipython/0.10-cms5/lib/python2.7/site-packages:/cvmfs/cms.cern.ch/slc6_amd64_gcc472/external/py2-cx-oracle/5.1-cms5/lib/python2.7/site-packages:/cvmfs/cms.cern.ch/slc6_amd64_gcc472/external/py2-cjson/1.0.5-cms5/lib/python2.7/site-packages:/cvmfs/cms.cern.ch/slc6_amd64_gcc472/cms/das-client/1.11.7/bin:/cvmfs/cms.cern.ch/slc6_amd64_gcc472/external/elementtree/1.2.6-cms5/share/lib/python2.7/site-packages:/cvmfs/cms.cern.ch/slc6_amd64_gcc472/external/rivet/1.8.2-cms9/lib/python2.7/site-packages:/cvmfs/cms.cern.ch/slc6_amd64_gcc472/external/pyminuit2/0.0.1-cms19/lib/python2.7/site-packages:/cvmfs/cms.cern.ch/slc6_amd64_gcc472/external/py2-pygithub/1.23.0-cms2/lib/python2.7/site-packages:/cvmfs/cms.cern.ch/slc6_amd64_gcc472/external/professor/1.0.0-cms19/lib/python2.7/site-packages:/cvmfs/cms.cern.ch/slc6_amd64_gcc472/lcg/root/5.34.07-cms/lib:/cvmfs/cms.cern.ch/slc6_amd64_gcc472/cms/dbs-client/DBS_2_1_9-cms5/lib:/cvmfs/cms.cern.ch/slc6_amd64_gcc472/cms/dbs-client/DBS_2_1_9-cms5/lib/DBSAPI:/cvmfs/cms.cern.ch/slc6_amd64_gcc472/external/cvs2git/5419-cms/lib:/scratch/condor/dir_14366/glide_u0MR3x/execute/dir_18642/
 
# LIMITS USED BY CRAB WATCHDOG:
# RSS  (KBytes)   : 2300000
# VSZ  (KBytes)   : 100000000
# DISK (MBytes)   : 19000
# CPU TIME        : 720h:0m:0s
# WALL CLOCK TIME : 21h:50m:0s
 
3c0380cf82de79bc39966c93934c61fc
PSETHASH = 3c0380cf82de79bc39966c93934c61fc
/scratch/condor/dir_14366/glide_u0MR3x/execute/dir_18642/writeCfg.py pset.py pset.py
Importing .py file
Setting parameters
RandomNumberGeneratorService found, will attempt to change seeds
inputBlocks=/ttbar/dcieri-ttbar_SIM-130075366148575c102f0d64fd3ac8f7/USER#7b37175b-029a-4723-ac30-87f0f216faab
inputFiles=/store/user/dcieri/ttbar_SIM/ttbar/ttbar_SIM/150129_145223/0000/step1_179.root
parentFiles=
lumisRange=
>>> Executable cmsRun
/cvmfs/cms.cern.ch/slc6_amd64_gcc472/cms/cmssw/CMSSW_6_2_0_SLHC12/bin/slc6_amd64_gcc472/cmsRun
ok executable found
>>> info for dashboard:
***** Cat /scratch/condor/dir_14366/glide_u0MR3x/execute/dir_18642/jobreport.txt *****
MonitorJobID=284_https://submit-6.t2.ucsd.edu//150202//509447.283
MonitorID=dcieri_PU140_4dm08r
ExeStart=cmsRun
***** End Cat jobreport *****
Parameters sent to Dashboard.
>>> cmsRun started at Mon Feb  2 20:25:03 UTC 2015
>>> cmsRun ended at Mon Feb  2 22:59:27 UTC 2015
>>> crab_fjr_*.xml  permission set to 0704
>>> info for dashboard:
***** Cat /scratch/condor/dir_14366/glide_u0MR3x/execute/dir_18642/jobreport.txt *****
MonitorJobID=284_https://submit-6.t2.ucsd.edu//150202//509447.283
MonitorID=dcieri_PU140_4dm08r
ExeEnd=cmsRun
***** End Cat jobreport *****
Parameters sent to Dashboard.
TIME_EXE = 9264 sec
>>> cmsRun wrote 215 lines of stdout+stderr
>>> START OF printout of 215 lines from stdout+stderr
271 DQMStore::DQMStore 
HcalTopologyIdealEP::HcalTopologyIdealEP
02-Feb-2015 20:25:13 GMT  Initiating request to open file root://dcap.pp.rl.ac.uk:1094/pnfs/pp.rl.ac.uk/data/cms/store/user/dcieri/ttbar_SIM/ttbar/ttbar_SIM/150129_145223/0000/step1_179.root
150202 20:25:15 19818 Xrd: CheckErrorStatus: Server [heplnx209.pp.rl.ac.uk:1094] declared: Request 3018 not supported(error code: 3013)
02-Feb-2015 20:25:15 GMT  Successfully opened file root://dcap.pp.rl.ac.uk:1094/pnfs/pp.rl.ac.uk/data/cms/store/user/dcieri/ttbar_SIM/ttbar/ttbar_SIM/150129_145223/0000/step1_179.root
02-Feb-2015 20:25:16 GMT  Initiating request to open file root://xrootd.unl.edu//store/group/dpg_trigger/comm_trigger/L1TrackTrigger/620_SLHC10/Extended2023TTI/MinBias/MinBias_TuneZ2star_GEN_SIM_1.root
02-Feb-2015 20:25:17 GMT  Successfully opened file root://xrootd.unl.edu//store/group/dpg_trigger/comm_trigger/L1TrackTrigger/620_SLHC10/Extended2023TTI/MinBias/MinBias_TuneZ2star_GEN_SIM_1.root
disableME1a = 0
HcalTopologyIdealEP::produce(const IdealGeometryRecord& iRecord)
mode = 2, maxDepthHB = 3, maxDepthHE = 5
RPCGeometryESModule :: produce
RPCGeometryESModule :: produce :: 1/4 Get Muon Ideal Geometry Record
RPCGeometryESModule :: produce :: 2/4 Get Muon DDD Constants
RPCGeometryESModule :: produce :: 3/4 Get Muon Numbering Record
in MuonNumberingInitialization::initializeMuonDDDConstants
about to make my new muonDDDConst_
in MuonNumberingInitialization::produce
RPCGeometryESModule :: produce :: 4/4 Build
Found:

	Barrel Stack layer 5 : 1008 stacks
	Barrel Stack layer 6 : 1320 stacks
	Barrel Stack layer 7 : 1836 stacks
	Barrel Stack layer 8 : 1152 stacks
	Barrel Stack layer 9 : 1488 stacks
	Barrel Stack layer 10 : 1824 stacks

	Endcap Stack disk 11 : 1360 stacks
	Endcap Stack disk 12 : 1360 stacks
	Endcap Stack disk 13 : 1360 stacks
	Endcap Stack disk 14 : 1360 stacks
	Endcap Stack disk 15 : 1360 stacks
Created 15428 stacks in 21 s

TTClusterBuilder< edm::Ref<edm::DetSetVector<PixelDigi>, PixelDigi, edm::refhelper::FindForDetSetVector<PixelDigi> > > loaded modules:
	TTClusterAlgorithm:	TTClusterAlgorithm_2d2013< edm::Ref<edm::DetSetVector<PixelDigi>, PixelDigi, edm::refhelper::FindForDetSetVector<PixelDigi> > >


TTStubBuilder< edm::Ref<edm::DetSetVector<PixelDigi>, PixelDigi, edm::refhelper::FindForDetSetVector<PixelDigi> > > loaded modules:
	TTStubAlgorithm:	TTStubAlgorithm_tab2013< edm::Ref<edm::DetSetVector<PixelDigi>, PixelDigi, edm::refhelper::FindForDetSetVector<PixelDigi> > >


TTClusterAssociator< edm::Ref<edm::DetSetVector<PixelDigi>, PixelDigi, edm::refhelper::FindForDetSetVector<PixelDigi> > > loaded.


TTStubAssociator< edm::Ref<edm::DetSetVector<PixelDigi>, PixelDigi, edm::refhelper::FindForDetSetVector<PixelDigi> > > loaded.


TTTrackAssociator< edm::Ref<edm::DetSetVector<PixelDigi>, PixelDigi, edm::refhelper::FindForDetSetVector<PixelDigi> > > loaded.

Begin processing the 1st record. Run 1, Event 1781, LumiSection 179 at 02-Feb-2015 20:25:58.296 GMT
02-Feb-2015 20:26:06 GMT  Closed file root://xrootd.unl.edu//store/group/dpg_trigger/comm_trigger/L1TrackTrigger/620_SLHC10/Extended2023TTI/MinBias/MinBias_TuneZ2star_GEN_SIM_1.root
02-Feb-2015 20:26:06 GMT  Initiating request to open file root://xrootd.unl.edu//store/group/dpg_trigger/comm_trigger/L1TrackTrigger/620_SLHC10/Extended2023TTI/MinBias/MinBias_TuneZ2star_GEN_SIM_183.root
02-Feb-2015 20:26:42 GMT  Successfully opened file root://xrootd.unl.edu//store/group/dpg_trigger/comm_trigger/L1TrackTrigger/620_SLHC10/Extended2023TTI/MinBias/MinBias_TuneZ2star_GEN_SIM_183.root
150202 20:31:13 19854 Xrd: XrdClientMessage::ReadRaw: Failed to read header (8 bytes).
150202 20:31:43 19852 Xrd: XrdClientMessage::ReadRaw: Failed to read header (8 bytes).
02-Feb-2015 20:36:56 GMT  Closed file root://xrootd.unl.edu//store/group/dpg_trigger/comm_trigger/L1TrackTrigger/620_SLHC10/Extended2023TTI/MinBias/MinBias_TuneZ2star_GEN_SIM_183.root
02-Feb-2015 20:36:56 GMT  Initiating request to open file root://xrootd.unl.edu//store/group/dpg_trigger/comm_trigger/L1TrackTrigger/620_SLHC10/Extended2023TTI/MinBias/MinBias_TuneZ2star_GEN_SIM_30.root
150202 20:37:27 29887 Xrd: CheckErrorStatus: Server [xrootd.ba.infn.it:1094] declared: session not found(error code: 3011)
02-Feb-2015 20:37:27 GMT  Successfully opened file root://xrootd.unl.edu//store/group/dpg_trigger/comm_trigger/L1TrackTrigger/620_SLHC10/Extended2023TTI/MinBias/MinBias_TuneZ2star_GEN_SIM_30.root
150202 20:42:14 21065 Xrd: XrdClientMessage::ReadRaw: Failed to read header (8 bytes).
150202 20:42:44 30235 Xrd: XrdClientMessage::ReadRaw: Failed to read header (8 bytes).
150202 20:45:44 19851 Xrd: XrdClientMessage::ReadRaw: Failed to read header (8 bytes).
150202 20:45:44 19844 Xrd: XrdClientMessage::ReadRaw: Failed to read header (8 bytes).
02-Feb-2015 20:47:37 GMT  Closed file root://xrootd.unl.edu//store/group/dpg_trigger/comm_trigger/L1TrackTrigger/620_SLHC10/Extended2023TTI/MinBias/MinBias_TuneZ2star_GEN_SIM_30.root
02-Feb-2015 20:47:37 GMT  Initiating request to open file root://xrootd.unl.edu//store/group/dpg_trigger/comm_trigger/L1TrackTrigger/620_SLHC10/Extended2023TTI/MinBias/MinBias_TuneZ2star_GEN_SIM_734.root
150202 20:48:08 6608 Xrd: CheckErrorStatus: Server [xrootd.ba.infn.it:1094] declared: session not found(error code: 3011)
02-Feb-2015 20:48:09 GMT  Successfully opened file root://xrootd.unl.edu//store/group/dpg_trigger/comm_trigger/L1TrackTrigger/620_SLHC10/Extended2023TTI/MinBias/MinBias_TuneZ2star_GEN_SIM_734.root
Building the geometry service
Warning did not find digi
Warning did not find digi
Warning did not find digi
Warning did not find digi
Warning did not find digi in disks
Warning did not find digi in disks
Warning did not find digi in disks
Warning did not find digi in disks
150202 20:52:44 30236 Xrd: XrdClientMessage::ReadRaw: Failed to read header (8 bytes).
150202 20:53:14 7259 Xrd: XrdClientMessage::ReadRaw: Failed to read header (8 bytes).
02-Feb-2015 20:58:43 GMT  Closed file root://xrootd.unl.edu//store/group/dpg_trigger/comm_trigger/L1TrackTrigger/620_SLHC10/Extended2023TTI/MinBias/MinBias_TuneZ2star_GEN_SIM_734.root
02-Feb-2015 20:58:43 GMT  Initiating request to open file root://xrootd.unl.edu//store/group/dpg_trigger/comm_trigger/L1TrackTrigger/620_SLHC10/Extended2023TTI/MinBias/MinBias_TuneZ2star_GEN_SIM_781.root
150202 20:59:15 16112 Xrd: CheckErrorStatus: Server [xrootd-redic.pi.infn.it:1094] declared: session not found(error code: 3011)
02-Feb-2015 20:59:16 GMT  Successfully opened file root://xrootd.unl.edu//store/group/dpg_trigger/comm_trigger/L1TrackTrigger/620_SLHC10/Extended2023TTI/MinBias/MinBias_TuneZ2star_GEN_SIM_781.root
150202 21:04:14 7260 Xrd: XrdClientMessage::ReadRaw: Failed to read header (8 bytes).
150202 21:04:44 16705 Xrd: XrdClientMessage::ReadRaw: Failed to read header (8 bytes).
150202 21:08:13 21064 Xrd: XrdClientMessage::ReadRaw: Failed to read header (8 bytes).
02-Feb-2015 21:08:48 GMT  Closed file root://xrootd.unl.edu//store/group/dpg_trigger/comm_trigger/L1TrackTrigger/620_SLHC10/Extended2023TTI/MinBias/MinBias_TuneZ2star_GEN_SIM_781.root
02-Feb-2015 21:08:48 GMT  Initiating request to open file root://xrootd.unl.edu//store/group/dpg_trigger/comm_trigger/L1TrackTrigger/620_SLHC10/Extended2023TTI/MinBias/MinBias_TuneZ2star_GEN_SIM_765.root
150202 21:09:18 24768 Xrd: CheckErrorStatus: Server [xrootd-redic.pi.infn.it:1094] declared: session not found(error code: 3011)
02-Feb-2015 21:09:18 GMT  Successfully opened file root://xrootd.unl.edu//store/group/dpg_trigger/comm_trigger/L1TrackTrigger/620_SLHC10/Extended2023TTI/MinBias/MinBias_TuneZ2star_GEN_SIM_765.root
150202 21:14:14 16706 Xrd: XrdClientMessage::ReadRaw: Failed to read header (8 bytes).
150202 21:14:44 25359 Xrd: XrdClientMessage::ReadRaw: Failed to read header (8 bytes).
02-Feb-2015 21:18:00 GMT  Closed file root://xrootd.unl.edu//store/group/dpg_trigger/comm_trigger/L1TrackTrigger/620_SLHC10/Extended2023TTI/MinBias/MinBias_TuneZ2star_GEN_SIM_765.root
02-Feb-2015 21:18:00 GMT  Initiating request to open file root://xrootd.unl.edu//store/group/dpg_trigger/comm_trigger/L1TrackTrigger/620_SLHC10/Extended2023TTI/MinBias/MinBias_TuneZ2star_GEN_SIM_327.root
150202 21:18:32 1135 Xrd: CheckErrorStatus: Server [xrootd-redic.pi.infn.it:1094] declared: session not found(error code: 3011)
02-Feb-2015 21:18:33 GMT  Successfully opened file root://xrootd.unl.edu//store/group/dpg_trigger/comm_trigger/L1TrackTrigger/620_SLHC10/Extended2023TTI/MinBias/MinBias_TuneZ2star_GEN_SIM_327.root
150202 21:23:14 25360 Xrd: XrdClientMessage::ReadRaw: Failed to read header (8 bytes).
150202 21:23:44 1620 Xrd: XrdClientMessage::ReadRaw: Failed to read header (8 bytes).
02-Feb-2015 21:28:03 GMT  Closed file root://xrootd.unl.edu//store/group/dpg_trigger/comm_trigger/L1TrackTrigger/620_SLHC10/Extended2023TTI/MinBias/MinBias_TuneZ2star_GEN_SIM_327.root
02-Feb-2015 21:28:03 GMT  Initiating request to open file root://xrootd.unl.edu//store/group/dpg_trigger/comm_trigger/L1TrackTrigger/620_SLHC10/Extended2023TTI/MinBias/MinBias_TuneZ2star_GEN_SIM_616.root
150202 21:28:34 9825 Xrd: CheckErrorStatus: Server [xrootd-redic.pi.infn.it:1094] declared: session not found(error code: 3011)
02-Feb-2015 21:28:34 GMT  Successfully opened file root://xrootd.unl.edu//store/group/dpg_trigger/comm_trigger/L1TrackTrigger/620_SLHC10/Extended2023TTI/MinBias/MinBias_TuneZ2star_GEN_SIM_616.root
150202 21:33:14 1621 Xrd: XrdClientMessage::ReadRaw: Failed to read header (8 bytes).
150202 21:33:44 10284 Xrd: XrdClientMessage::ReadRaw: Failed to read header (8 bytes).
02-Feb-2015 21:37:17 GMT  Closed file root://xrootd.unl.edu//store/group/dpg_trigger/comm_trigger/L1TrackTrigger/620_SLHC10/Extended2023TTI/MinBias/MinBias_TuneZ2star_GEN_SIM_616.root
02-Feb-2015 21:37:17 GMT  Initiating request to open file root://xrootd.unl.edu//store/group/dpg_trigger/comm_trigger/L1TrackTrigger/620_SLHC10/Extended2023TTI/MinBias/MinBias_TuneZ2star_GEN_SIM_233.root
150202 21:37:47 17766 Xrd: CheckErrorStatus: Server [xrootd-redic.pi.infn.it:1094] declared: session not found(error code: 3011)
02-Feb-2015 21:37:48 GMT  Successfully opened file root://xrootd.unl.edu//store/group/dpg_trigger/comm_trigger/L1TrackTrigger/620_SLHC10/Extended2023TTI/MinBias/MinBias_TuneZ2star_GEN_SIM_233.root
150202 21:42:44 10285 Xrd: XrdClientMessage::ReadRaw: Failed to read header (8 bytes).
150202 21:43:14 18310 Xrd: XrdClientMessage::ReadRaw: Failed to read header (8 bytes).
02-Feb-2015 21:45:15 GMT  Closed file root://xrootd.unl.edu//store/group/dpg_trigger/comm_trigger/L1TrackTrigger/620_SLHC10/Extended2023TTI/MinBias/MinBias_TuneZ2star_GEN_SIM_233.root
02-Feb-2015 21:45:15 GMT  Initiating request to open file root://xrootd.unl.edu//store/group/dpg_trigger/comm_trigger/L1TrackTrigger/620_SLHC10/Extended2023TTI/MinBias/MinBias_TuneZ2star_GEN_SIM_51.root
150202 21:45:46 24762 Xrd: CheckErrorStatus: Server [cms-xrd-global.cern.ch:1094] declared: session not found(error code: 3011)
150202 21:45:46 24762 Xrd: CheckErrorStatus: Server [llrxrd-redir.in2p3.fr:1094] declared: session not found(error code: 3011)
150202 21:45:46 24762 Xrd: CheckErrorStatus: Server [eoscms.cern.ch:1094] declared: session not found(error code: 3011)
02-Feb-2015 21:45:46 GMT  Successfully opened file root://xrootd.unl.edu//store/group/dpg_trigger/comm_trigger/L1TrackTrigger/620_SLHC10/Extended2023TTI/MinBias/MinBias_TuneZ2star_GEN_SIM_51.root
150202 21:50:44 18311 Xrd: XrdClientMessage::ReadRaw: Failed to read header (8 bytes).
150202 21:51:14 25131 Xrd: XrdClientMessage::ReadRaw: Failed to read header (8 bytes).
02-Feb-2015 21:53:54 GMT  Closed file root://xrootd.unl.edu//store/group/dpg_trigger/comm_trigger/L1TrackTrigger/620_SLHC10/Extended2023TTI/MinBias/MinBias_TuneZ2star_GEN_SIM_51.root
02-Feb-2015 21:53:54 GMT  Initiating request to open file root://xrootd.unl.edu//store/group/dpg_trigger/comm_trigger/L1TrackTrigger/620_SLHC10/Extended2023TTI/MinBias/MinBias_TuneZ2star_GEN_SIM_760.root
150202 21:54:25 32182 Xrd: CheckErrorStatus: Server [xrootd-redic.pi.infn.it:1094] declared: session not found(error code: 3011)
02-Feb-2015 21:54:25 GMT  Successfully opened file root://xrootd.unl.edu//store/group/dpg_trigger/comm_trigger/L1TrackTrigger/620_SLHC10/Extended2023TTI/MinBias/MinBias_TuneZ2star_GEN_SIM_760.root
150202 21:59:14 25132 Xrd: XrdClientMessage::ReadRaw: Failed to read header (8 bytes).
150202 21:59:44 337 Xrd: XrdClientMessage::ReadRaw: Failed to read header (8 bytes).
02-Feb-2015 22:01:05 GMT  Closed file root://xrootd.unl.edu//store/group/dpg_trigger/comm_trigger/L1TrackTrigger/620_SLHC10/Extended2023TTI/MinBias/MinBias_TuneZ2star_GEN_SIM_760.root
02-Feb-2015 22:01:05 GMT  Initiating request to open file root://xrootd.unl.edu//store/group/dpg_trigger/comm_trigger/L1TrackTrigger/620_SLHC10/Extended2023TTI/MinBias/MinBias_TuneZ2star_GEN_SIM_789.root
150202 22:01:44 5557 Xrd: CheckErrorStatus: Server [llrxrd-redir.in2p3.fr:1094] declared: session not found(error code: 3011)
02-Feb-2015 22:01:44 GMT  Successfully opened file root://xrootd.unl.edu//store/group/dpg_trigger/comm_trigger/L1TrackTrigger/620_SLHC10/Extended2023TTI/MinBias/MinBias_TuneZ2star_GEN_SIM_789.root
02-Feb-2015 22:05:39 GMT  Closed file root://xrootd.unl.edu//store/group/dpg_trigger/comm_trigger/L1TrackTrigger/620_SLHC10/Extended2023TTI/MinBias/MinBias_TuneZ2star_GEN_SIM_789.root
02-Feb-2015 22:05:39 GMT  Initiating request to open file root://xrootd.unl.edu//store/group/dpg_trigger/comm_trigger/L1TrackTrigger/620_SLHC10/Extended2023TTI/MinBias/MinBias_TuneZ2star_GEN_SIM_768.root
02-Feb-2015 22:05:52 GMT  Successfully opened file root://xrootd.unl.edu//store/group/dpg_trigger/comm_trigger/L1TrackTrigger/620_SLHC10/Extended2023TTI/MinBias/MinBias_TuneZ2star_GEN_SIM_768.root
150202 22:06:14 338 Xrd: XrdClientMessage::ReadRaw: Failed to read header (8 bytes).
02-Feb-2015 22:09:43 GMT  Closed file root://xrootd.unl.edu//store/group/dpg_trigger/comm_trigger/L1TrackTrigger/620_SLHC10/Extended2023TTI/MinBias/MinBias_TuneZ2star_GEN_SIM_768.root
02-Feb-2015 22:09:43 GMT  Initiating request to open file root://xrootd.unl.edu//store/group/dpg_trigger/comm_trigger/L1TrackTrigger/620_SLHC10/Extended2023TTI/MinBias/MinBias_TuneZ2star_GEN_SIM_437.root
150202 22:10:44 5904 Xrd: XrdClientMessage::ReadRaw: Failed to read header (8 bytes).
150202 22:10:47 17842 Xrd: CheckErrorStatus: Server [cms-xrd-global.cern.ch:1094] declared: session not found(error code: 3011)
02-Feb-2015 22:10:47 GMT  Successfully opened file root://xrootd.unl.edu//store/group/dpg_trigger/comm_trigger/L1TrackTrigger/620_SLHC10/Extended2023TTI/MinBias/MinBias_TuneZ2star_GEN_SIM_437.root
150202 22:15:14 9199 Xrd: XrdClientMessage::ReadRaw: Failed to read header (8 bytes).
150202 22:16:14 5903 Xrd: XrdClientMessage::ReadRaw: Failed to read header (8 bytes).
02-Feb-2015 22:18:43 GMT  Closed file root://xrootd.unl.edu//store/group/dpg_trigger/comm_trigger/L1TrackTrigger/620_SLHC10/Extended2023TTI/MinBias/MinBias_TuneZ2star_GEN_SIM_437.root
02-Feb-2015 22:18:43 GMT  Initiating request to open file root://xrootd.unl.edu//store/group/dpg_trigger/comm_trigger/L1TrackTrigger/620_SLHC10/Extended2023TTI/MinBias/MinBias_TuneZ2star_GEN_SIM_258.root
150202 22:19:28 25512 Xrd: CheckErrorStatus: Server [llrxrd-redir.in2p3.fr:1094] declared: session not found(error code: 3011)
150202 22:19:28 25512 Xrd: CheckErrorStatus: Server [eoscms.cern.ch:1094] declared: session not found(error code: 3011)
02-Feb-2015 22:19:28 GMT  Successfully opened file root://xrootd.unl.edu//store/group/dpg_trigger/comm_trigger/L1TrackTrigger/620_SLHC10/Extended2023TTI/MinBias/MinBias_TuneZ2star_GEN_SIM_258.root
02-Feb-2015 22:21:14 GMT  Closed file root://xrootd.unl.edu//store/group/dpg_trigger/comm_trigger/L1TrackTrigger/620_SLHC10/Extended2023TTI/MinBias/MinBias_TuneZ2star_GEN_SIM_258.root
02-Feb-2015 22:21:14 GMT  Initiating request to open file root://xrootd.unl.edu//store/group/dpg_trigger/comm_trigger/L1TrackTrigger/620_SLHC10/Extended2023TTI/MinBias/MinBias_TuneZ2star_GEN_SIM_291.root
150202 22:24:14 18555 Xrd: XrdClientMessage::ReadRaw: Failed to read header (8 bytes).
02-Feb-2015 22:24:22 GMT  Successfully opened file root://xrootd.unl.edu//store/group/dpg_trigger/comm_trigger/L1TrackTrigger/620_SLHC10/Extended2023TTI/MinBias/MinBias_TuneZ2star_GEN_SIM_291.root
150202 22:26:13 16704 Xrd: XrdClientMessage::ReadRaw: Failed to read header (8 bytes).
150202 22:26:44 26120 Xrd: XrdClientMessage::ReadRaw: Failed to read header (8 bytes).
150202 22:29:44 26119 Xrd: XrdClientMessage::ReadRaw: Failed to read header (8 bytes).
02-Feb-2015 22:29:49 GMT  Closed file root://xrootd.unl.edu//store/group/dpg_trigger/comm_trigger/L1TrackTrigger/620_SLHC10/Extended2023TTI/MinBias/MinBias_TuneZ2star_GEN_SIM_291.root
02-Feb-2015 22:29:49 GMT  Initiating request to open file root://xrootd.unl.edu//store/group/dpg_trigger/comm_trigger/L1TrackTrigger/620_SLHC10/Extended2023TTI/MinBias/MinBias_TuneZ2star_GEN_SIM_610.root
150202 22:30:21 1283 Xrd: CheckErrorStatus: Server [llrxrd-redir.in2p3.fr:1094] declared: session not found(error code: 3011)
02-Feb-2015 22:30:21 GMT  Successfully opened file root://xrootd.unl.edu//store/group/dpg_trigger/comm_trigger/L1TrackTrigger/620_SLHC10/Extended2023TTI/MinBias/MinBias_TuneZ2star_GEN_SIM_610.root
150202 22:31:14 18552 Xrd: XrdClientMessage::ReadRaw: Failed to read header (8 bytes).
02-Feb-2015 22:34:47 GMT  Closed file root://xrootd.unl.edu//store/group/dpg_trigger/comm_trigger/L1TrackTrigger/620_SLHC10/Extended2023TTI/MinBias/MinBias_TuneZ2star_GEN_SIM_610.root
02-Feb-2015 22:34:47 GMT  Initiating request to open file root://xrootd.unl.edu//store/group/dpg_trigger/comm_trigger/L1TrackTrigger/620_SLHC10/Extended2023TTI/MinBias/MinBias_TuneZ2star_GEN_SIM_528.root
150202 22:34:47 5228 Xrd: CheckErrorStatus: Server [cms-xrd-global.cern.ch:1094] declared: session not found(error code: 3011)
150202 22:34:48 5228 Xrd: CheckErrorStatus: Server [eoscms.cern.ch:1094] declared: session not found(error code: 3011)
02-Feb-2015 22:34:48 GMT  Successfully opened file root://xrootd.unl.edu//store/group/dpg_trigger/comm_trigger/L1TrackTrigger/620_SLHC10/Extended2023TTI/MinBias/MinBias_TuneZ2star_GEN_SIM_528.root
150202 22:35:14 29829 Xrd: XrdClientMessage::ReadRaw: Failed to read header (8 bytes).
02-Feb-2015 22:38:20 GMT  Closed file root://xrootd.unl.edu//store/group/dpg_trigger/comm_trigger/L1TrackTrigger/620_SLHC10/Extended2023TTI/MinBias/MinBias_TuneZ2star_GEN_SIM_528.root
02-Feb-2015 22:38:20 GMT  Initiating request to open file root://xrootd.unl.edu//store/group/dpg_trigger/comm_trigger/L1TrackTrigger/620_SLHC10/Extended2023TTI/MinBias/MinBias_TuneZ2star_GEN_SIM_755.root
02-Feb-2015 22:38:51 GMT  Successfully opened file root://xrootd.unl.edu//store/group/dpg_trigger/comm_trigger/L1TrackTrigger/620_SLHC10/Extended2023TTI/MinBias/MinBias_TuneZ2star_GEN_SIM_755.root
150202 22:40:14 1781 Xrd: XrdClientMessage::ReadRaw: Failed to read header (8 bytes).
02-Feb-2015 22:42:50 GMT  Closed file root://xrootd.unl.edu//store/group/dpg_trigger/comm_trigger/L1TrackTrigger/620_SLHC10/Extended2023TTI/MinBias/MinBias_TuneZ2star_GEN_SIM_755.root
02-Feb-2015 22:42:50 GMT  Initiating request to open file root://xrootd.unl.edu//store/group/dpg_trigger/comm_trigger/L1TrackTrigger/620_SLHC10/Extended2023TTI/MinBias/MinBias_TuneZ2star_GEN_SIM_930.root
150202 22:43:21 5230 Xrd: XrdClientMessage::ReadRaw: Failed to read header (8 bytes).
02-Feb-2015 22:43:21 GMT  Successfully opened file root://xrootd.unl.edu//store/group/dpg_trigger/comm_trigger/L1TrackTrigger/620_SLHC10/Extended2023TTI/MinBias/MinBias_TuneZ2star_GEN_SIM_930.root
02-Feb-2015 22:46:25 GMT  Closed file root://xrootd.unl.edu//store/group/dpg_trigger/comm_trigger/L1TrackTrigger/620_SLHC10/Extended2023TTI/MinBias/MinBias_TuneZ2star_GEN_SIM_930.root
02-Feb-2015 22:46:25 GMT  Initiating request to open file root://xrootd.unl.edu//store/group/dpg_trigger/comm_trigger/L1TrackTrigger/620_SLHC10/Extended2023TTI/MinBias/MinBias_TuneZ2star_GEN_SIM_683.root
150202 22:46:56 17956 Xrd: CheckErrorStatus: Server [eoscms.cern.ch:1094] declared: session not found(error code: 3011)
02-Feb-2015 22:46:56 GMT  Successfully opened file root://xrootd.unl.edu//store/group/dpg_trigger/comm_trigger/L1TrackTrigger/620_SLHC10/Extended2023TTI/MinBias/MinBias_TuneZ2star_GEN_SIM_683.root
150202 22:48:14 7949 Xrd: XrdClientMessage::ReadRaw: Failed to read header (8 bytes).
02-Feb-2015 22:50:56 GMT  Closed file root://xrootd.unl.edu//store/group/dpg_trigger/comm_trigger/L1TrackTrigger/620_SLHC10/Extended2023TTI/MinBias/MinBias_TuneZ2star_GEN_SIM_683.root
02-Feb-2015 22:50:56 GMT  Initiating request to open file root://xrootd.unl.edu//store/group/dpg_trigger/comm_trigger/L1TrackTrigger/620_SLHC10/Extended2023TTI/MinBias/MinBias_TuneZ2star_GEN_SIM_748.root
02-Feb-2015 22:51:28 GMT  Successfully opened file root://xrootd.unl.edu//store/group/dpg_trigger/comm_trigger/L1TrackTrigger/620_SLHC10/Extended2023TTI/MinBias/MinBias_TuneZ2star_GEN_SIM_748.root
150202 22:51:28 16006 Xrd: XrdClientMessage::ReadRaw: Failed to read header (8 bytes).
02-Feb-2015 22:54:33 GMT  Closed file root://xrootd.unl.edu//store/group/dpg_trigger/comm_trigger/L1TrackTrigger/620_SLHC10/Extended2023TTI/MinBias/MinBias_TuneZ2star_GEN_SIM_748.root
02-Feb-2015 22:54:33 GMT  Initiating request to open file root://xrootd.unl.edu//store/group/dpg_trigger/comm_trigger/L1TrackTrigger/620_SLHC10/Extended2023TTI/MinBias/MinBias_TuneZ2star_GEN_SIM_570.root
02-Feb-2015 22:55:04 GMT  Successfully opened file root://xrootd.unl.edu//store/group/dpg_trigger/comm_trigger/L1TrackTrigger/620_SLHC10/Extended2023TTI/MinBias/MinBias_TuneZ2star_GEN_SIM_570.root
150202 22:56:14 18125 Xrd: XrdClientMessage::ReadRaw: Failed to read header (8 bytes).
02-Feb-2015 22:57:46 GMT  Closed file root://xrootd.unl.edu//store/group/dpg_trigger/comm_trigger/L1TrackTrigger/620_SLHC10/Extended2023TTI/MinBias/MinBias_TuneZ2star_GEN_SIM_570.root
02-Feb-2015 22:57:46 GMT  Initiating request to open file root://xrootd.unl.edu//store/group/dpg_trigger/comm_trigger/L1TrackTrigger/620_SLHC10/Extended2023TTI/MinBias/MinBias_TuneZ2star_GEN_SIM_539.root
150202 22:58:17 6707 Xrd: CheckErrorStatus: Server [cms-xrd-global.cern.ch:1094] declared: session not found(error code: 3011)
02-Feb-2015 22:58:17 GMT  Successfully opened file root://xrootd.unl.edu//store/group/dpg_trigger/comm_trigger/L1TrackTrigger/620_SLHC10/Extended2023TTI/MinBias/MinBias_TuneZ2star_GEN_SIM_539.root
DTTSPhi::addTracoT: preview not present in TRACO trigger or its code=0  trigger not added!
DTTSPhi::addTracoT: preview not present in TRACO trigger or its code=0  trigger not added!
02-Feb-2015 22:59:25 GMT  Closed file root://dcap.pp.rl.ac.uk:1094/pnfs/pp.rl.ac.uk/data/cms/store/user/dcieri/ttbar_SIM/ttbar/ttbar_SIM/150129_145223/0000/step1_179.root
02-Feb-2015 22:59:25 GMT  Closed file root://xrootd.unl.edu//store/group/dpg_trigger/comm_trigger/L1TrackTrigger/620_SLHC10/Extended2023TTI/MinBias/MinBias_TuneZ2star_GEN_SIM_539.root

=============================================

MessageLogger Summary

 type     category        sev    module        subroutine        count    total
 ---- -------------------- -- ---------------- ----------------  -----    -----
    1 fileAction           -s MixingModule:mix                      69       69
    2 fileAction           -s MixingModule:mix                       2        2
    3 fileAction           -s MixingModule:mix                       1        1
    4 fileAction           -s file_close                             1        1
    5 fileAction           -s file_open                              2        2

 type    category    Examples: run/evt        run/evt          run/evt
 ---- -------------------- ---------------- ---------------- ----------------
    1 fileAction           1/1781           1/1781           1/1790
    2 fileAction           pre-events       pre-events       
    3 fileAction           PostEndRun                        
    4 fileAction           PostEndRun                        
    5 fileAction           pre-events       pre-events       

Severity    # Occurrences   Total Occurrences
--------    -------------   -----------------
System                 75                  75
>>> END OF printout of 215 lines from stdout+stderr
>>> Parse FrameworkJobReport crab_fjr.xml
Result of parsing the FrameworkJobReport crab_fjr.xml: 
Extracted ExitStatus from FrameworkJobReport parsing output: 0
>>> Executable succeded  0
ExeExitCode=0
EXECUTABLE_EXIT_STATUS = 0
>>> current directory /scratch/condor/dir_14366/glide_u0MR3x/execute/dir_18642/CMSSW_6_2_0_SLHC12
>>>  (SOFTWARE_DIR): /scratch/condor/dir_14366/glide_u0MR3x/execute/dir_18642/CMSSW_6_2_0_SLHC12
>>> (WORKING_DIR): 
>>> current directory content:
total 241944
drwxr-xr-x 3 cms415 gplcms      4096 Feb  2 20:24 .SCRAM
-rw------- 1 cms415 gplcms    915837 Feb  2 20:24 CMSSW.py.pkl
drwxr-xr-x 3 cms415 gplcms      4096 Feb  2 20:24 bin
drwxr-xr-x 3 cms415 gplcms      4096 Feb  2 20:24 cfipython
drwxr-xr-x 4 cms415 gplcms      4096 Apr 28  2014 config
-rw------- 1 cms415 gplcms        17 Feb  2 22:59 cpu_timing.txt
drwxr-xr-x 2 cms415 gplcms      4096 Feb  2 20:24 doc
-rw------- 1 cms415 gplcms     24286 Feb  2 22:59 executable.out
drwxr-xr-x 2 cms415 gplcms      4096 Feb  2 20:24 include
drwx------ 3 cms415 gplcms      4096 Oct  7 10:12 lib
drwxr-xr-x 3 cms415 gplcms      4096 Feb  2 20:24 logs
drwxr-xr-x 3 cms415 gplcms      4096 Feb  2 20:24 objs
-rw------- 1 cms415 gplcms       104 Feb  2 20:25 pset.py
-rw------- 1 cms415 gplcms    926823 Feb  2 20:25 pset.py.pkl
-rw------- 1 cms415 gplcms       289 Feb  2 20:25 pset.pyc
drwxr-xr-x 2 cms415 gplcms      4096 Feb  2 20:24 python
-rw------- 1 cms415 gplcms       359 Feb  2 22:59 report.log
drwxr-xr-x 2 cms415 gplcms      4096 Feb  2 20:24 src
-rw------- 1 cms415 gplcms 245552262 Feb  2 22:59 step2.root
drwxr-xr-x 3 cms415 gplcms      4096 Feb  2 20:24 test
drwxr-xr-x 3 cms415 gplcms      4096 Feb  2 20:24 tmp
>>> current directory /scratch/condor/dir_14366/glide_u0MR3x/execute/dir_18642/CMSSW_6_2_0_SLHC12
>>> (SOFTWARE_DIR): /scratch/condor/dir_14366/glide_u0MR3x/execute/dir_18642/CMSSW_6_2_0_SLHC12
>>> (WORKING_DIR): 
>>> current directory content:
total 241944
drwxr-xr-x 3 cms415 gplcms      4096 Feb  2 20:24 .SCRAM
-rw------- 1 cms415 gplcms    915837 Feb  2 20:24 CMSSW.py.pkl
drwxr-xr-x 3 cms415 gplcms      4096 Feb  2 20:24 bin
drwxr-xr-x 3 cms415 gplcms      4096 Feb  2 20:24 cfipython
drwxr-xr-x 4 cms415 gplcms      4096 Apr 28  2014 config
-rw------- 1 cms415 gplcms        17 Feb  2 22:59 cpu_timing.txt
drwxr-xr-x 2 cms415 gplcms      4096 Feb  2 20:24 doc
-rw------- 1 cms415 gplcms     24286 Feb  2 22:59 executable.out
drwxr-xr-x 2 cms415 gplcms      4096 Feb  2 20:24 include
drwx------ 3 cms415 gplcms      4096 Oct  7 10:12 lib
drwxr-xr-x 3 cms415 gplcms      4096 Feb  2 20:24 logs
drwxr-xr-x 3 cms415 gplcms      4096 Feb  2 20:24 objs
-rw------- 1 cms415 gplcms       104 Feb  2 20:25 pset.py
-rw------- 1 cms415 gplcms    926823 Feb  2 20:25 pset.py.pkl
-rw------- 1 cms415 gplcms       289 Feb  2 20:25 pset.pyc
drwxr-xr-x 2 cms415 gplcms      4096 Feb  2 20:24 python
-rw------- 1 cms415 gplcms       359 Feb  2 22:59 report.log
drwxr-xr-x 2 cms415 gplcms      4096 Feb  2 20:24 src
-rw------- 1 cms415 gplcms 245552262 Feb  2 22:59 step2_284_1_QW6.root
drwxr-xr-x 3 cms415 gplcms      4096 Feb  2 20:24 test
drwxr-xr-x 3 cms415 gplcms      4096 Feb  2 20:24 tmp
>>> current directory (RUNTIME_AREA):  /scratch/condor/dir_14366/glide_u0MR3x/execute/dir_18642
PNN = T2_UK_SGrid_RALPP
SE = heplnx204.pp.rl.ac.uk
SE_PATH = /srm/managerv2?SFN=/pnfs/pp.rl.ac.uk/data/cms/store/user/dcieri/ttbar_PU140_DIGI/dcieri/ttbar/ttbar_PU140_DIGI/3c0380cf82de79bc39966c93934c61fc/
LFNBaseName = /store/user/dcieri/ttbar_PU140_DIGI/dcieri/ttbar/ttbar_PU140_DIGI/3c0380cf82de79bc39966c93934c61fc/
USER = dcieri
endpoint = srm://heplnx204.pp.rl.ac.uk:8443/srm/managerv2?SFN=/pnfs/pp.rl.ac.uk/data/cms/store/user/dcieri/ttbar_PU140_DIGI/dcieri/ttbar/ttbar_PU140_DIGI/3c0380cf82de79bc39966c93934c61fc/
>>> Copy output files from WN = heplnc010.pp.rl.ac.uk to /srm/managerv2?SFN=/pnfs/pp.rl.ac.uk/data/cms/store/user/dcieri/ttbar_PU140_DIGI/dcieri/ttbar/ttbar_PU140_DIGI/3c0380cf82de79bc39966c93934c61fc/ :
python cmscp.py  --destination srm://heplnx204.pp.rl.ac.uk:8443/srm/managerv2?SFN=/pnfs/pp.rl.ac.uk/data/cms/store/user/dcieri/ttbar_PU140_DIGI/dcieri/ttbar/ttbar_PU140_DIGI/3c0380cf82de79bc39966c93934c61fc/ --inputFileList /scratch/condor/dir_14366/glide_u0MR3x/execute/dir_18642/CMSSW_6_2_0_SLHC12/step2_284_1_QW6.root --middleware LCG --PNN T2_UK_SGrid_RALPP --se_name heplnx204.pp.rl.ac.uk --for_lfn /store/user/dcieri/ttbar_PU140_DIGI/dcieri/ttbar/ttbar_PU140_DIGI/3c0380cf82de79bc39966c93934c61fc/    
******************************************************
localSeName  =  heplnx204.pp.rl.ac.uk
remoteSeName =  heplnx204.pp.rl.ac.uk
******************************************************
{"/scratch/condor/dir_14366/glide_u0MR3x/execute/dir_18642/CMSSW_6_2_0_SLHC12/step2_284_1_QW6.root": {"endpoint": "srm://heplnx204.pp.rl.ac.uk:8443/srm/managerv2?SFN=/pnfs/pp.rl.ac.uk/data/cms/store/user/dcieri/ttbar_PU140_DIGI/dcieri/ttbar/ttbar_PU140_DIGI/3c0380cf82de79bc39966c93934c61fc/", "surl_for_grid": "", "reason": "Copy succedeed with srm-lcg utils", "erCode": "0", "PNN": "T2_UK_SGrid_RALPP", "se_name": "heplnx204.pp.rl.ac.uk", "for_lfn": "/store/user/dcieri/ttbar_PU140_DIGI/dcieri/ttbar/ttbar_PU140_DIGI/3c0380cf82de79bc39966c93934c61fc/"}}/scratch/condor/dir_14366/glide_u0MR3x/execute/dir_18642
-------- cat /scratch/condor/dir_14366/glide_u0MR3x/execute/dir_18642/cmscpReport.sh 
#!/bin/bash
echo "Report for File: /scratch/condor/dir_14366/glide_u0MR3x/execute/dir_18642/CMSSW_6_2_0_SLHC12/step2_284_1_QW6.root"
echo "LFN: /store/user/dcieri/ttbar_PU140_DIGI/dcieri/ttbar/ttbar_PU140_DIGI/3c0380cf82de79bc39966c93934c61fc/step2_284_1_QW6.root"
echo "StorageElement: heplnx204.pp.rl.ac.uk"
echo "StageOutExitStatusReason = 'Copy succedeed with srm-lcg utils'" | tee -a $RUNTIME_AREA/$repo
echo "StageOutSE = heplnx204.pp.rl.ac.uk" >> $RUNTIME_AREA/$repo

export StageOutExitStatus=0
echo "StageOutExitStatus = 0" | tee -a $RUNTIME_AREA/$repo
-------- end of /scratch/condor/dir_14366/glide_u0MR3x/execute/dir_18642/cmscpReport.sh 
Report for File: /scratch/condor/dir_14366/glide_u0MR3x/execute/dir_18642/CMSSW_6_2_0_SLHC12/step2_284_1_QW6.root
LFN: /store/user/dcieri/ttbar_PU140_DIGI/dcieri/ttbar/ttbar_PU140_DIGI/3c0380cf82de79bc39966c93934c61fc/step2_284_1_QW6.root
StorageElement: heplnx204.pp.rl.ac.uk
StageOutExitStatusReason = 'Copy succedeed with srm-lcg utils'
StageOutExitStatus = 0
>>> current dir: /scratch/condor/dir_14366/glide_u0MR3x/execute/dir_18642
>>> current dir content:
total 8820
-rw-------  1 cms415 gplcms    3119 Feb  2 23:00 .SEinteraction.log
-rwx------  1 cms415 gplcms      52 Feb  2 20:23 .chirp_config
-rwx------  1 cms415 gplcms    7834 Feb  2 20:23 .job.ad
-rwx------  1 cms415 gplcms    9791 Feb  2 20:23 .machine.ad
-rw-------  1 cms415 gplcms     105 Feb  2 12:16 CMSSW.py
-rw-------  1 cms415 gplcms  915837 Feb  2 12:16 CMSSW.py.pkl
-rwx------  1 cms415 gplcms   29498 Feb  2 20:24 CMSSW.sh
drwxr-xr-x 15 cms415 gplcms    4096 Feb  2 22:59 CMSSW_6_2_0_SLHC12
-rw-------  1 cms415 gplcms     190 Feb  2 20:24 CacheEnv.sh
-rw-------  1 cms415 gplcms    7291 Nov 19 14:52 DashboardAPI.py
-rw-------  1 cms415 gplcms    6470 Feb  2 20:24 DashboardAPI.pyc
drwx------  2 cms415 gplcms    4096 Feb  2 22:59 IMProv
-rw-------  1 cms415 gplcms    2748 Nov 19 14:52 Logger.py
-rw-------  1 cms415 gplcms    3232 Feb  2 20:24 Logger.pyc
-rw-------  1 cms415 gplcms   24524 Nov 19 14:52 ProcInfo.py
-rw-------  1 cms415 gplcms   22645 Feb  2 20:24 ProcInfo.pyc
drwx------  7 cms415 gplcms    4096 Feb  2 20:25 ProdCommon
drwx------  3 cms415 gplcms    4096 Feb  2 20:24 WMCore
-rw-------  1 cms415 gplcms    6891 Feb  2 22:59 Watchdog_284.log
-rwx------  1 cms415 gplcms       0 Feb  2 20:24 _condor_stderr
-rwx---r--  1 cms415 gplcms   39061 Feb  2 23:00 _condor_stdout
-rw-------  1 cms415 gplcms   32895 Nov 19 14:52 apmon.py
-rw-------  1 cms415 gplcms   27958 Feb  2 20:24 apmon.pyc
-rwx------  1 cms415 gplcms  134309 Feb  2 20:24 arguments.xml
-rwx------  1 cms415 gplcms   38581 Nov 19 14:52 cmscp.py
-rw-------  1 cms415 gplcms     562 Feb  2 23:00 cmscpReport.sh
-rwx------  1 cms415 gplcms   29498 Feb  2 20:24 condor_exec.exe
-rw-------  1 cms415 gplcms     544 Feb  2 12:16 crab.cfg
-rwx------  1 cms415 gplcms    8610 Nov 19 14:52 crabWatchdog.sh
-rwx---r--  1 cms415 gplcms  112088 Feb  2 22:59 crab_fjr_284.xml
-rwx------  1 cms415 gplcms 7390485 Feb  2 20:24 default.tgz
-rwx------  1 cms415 gplcms    4488 Nov 19 14:52 fillCrabFjr.py
-rw-------  1 cms415 gplcms     226 Feb  2 20:25 inputsReport.txt
-rw-------  1 cms415 gplcms     244 Feb  2 23:00 jobreport.txt
-rw-------  1 cms415 gplcms   17352 Nov 19 14:52 parseCrabFjr.py
-rw-------  1 cms415 gplcms     324 Feb  2 20:24 report.log
-rwx--x--x  1 cms415 gplcms    1497 Nov 19 14:52 report.py
-rw-------  1 cms415 gplcms     555 Feb  2 23:00 resultCopyFile
lrwxrwxrwx  1 cms415 gplcms      96 Feb  2 22:59 step2.root -> /scratch/condor/dir_14366/glide_u0MR3x/execute/dir_18642/CMSSW_6_2_0_SLHC12/step2_284_1_QW6.root
-rwx------  1 cms415 gplcms    8351 Nov 19 14:52 writeCfg.py
-rw-------  1 cms415 gplcms   10293 Feb  2 20:24 x509up_u62281
>>> Modify Job Report:
CMSSW_VERSION = CMSSW_6_2_0_SLHC12
ProcessedDataset = ttbar_PU140_DIGI
/scratch/condor/dir_14366/glide_u0MR3x/execute/dir_18642/ProdCommon/FwkJobRep/ModifyJobReport.py fjr /scratch/condor/dir_14366/glide_u0MR3x/execute/dir_18642/crab_fjr_284.xml json /scratch/condor/dir_14366/glide_u0MR3x/execute/dir_18642/resultCopyFile n_job 284_1_QW6 PrimaryDataset ttbar  ApplicationFamily cmsRun ApplicationName cmsRun cmssw_version CMSSW_6_2_0_SLHC12 psethash 3c0380cf82de79bc39966c93934c61fc UserProcessedDataset dcieri-ttbar_PU140_DIGI-3c0380cf82de79bc39966c93934c61fc
inputDict =  {u'/scratch/condor/dir_14366/glide_u0MR3x/execute/dir_18642/CMSSW_6_2_0_SLHC12/step2_284_1_QW6.root': {u'endpoint': u'srm://heplnx204.pp.rl.ac.uk:8443/srm/managerv2?SFN=/pnfs/pp.rl.ac.uk/data/cms/store/user/dcieri/ttbar_PU140_DIGI/dcieri/ttbar/ttbar_PU140_DIGI/3c0380cf82de79bc39966c93934c61fc/', u'surl_for_grid': u'', u'reason': u'Copy succedeed with srm-lcg utils', u'erCode': u'0', u'PNN': u'T2_UK_SGrid_RALPP', u'se_name': u'heplnx204.pp.rl.ac.uk', u'for_lfn': u'/store/user/dcieri/ttbar_PU140_DIGI/dcieri/ttbar/ttbar_PU140_DIGI/3c0380cf82de79bc39966c93934c61fc/'}}
UserProcessedDataset =  dcieri-ttbar_PU140_DIGI-3c0380cf82de79bc39966c93934c61fc
WORKING ON EDM FILE
file_name in inputDict =  /scratch/condor/dir_14366/glide_u0MR3x/execute/dir_18642/CMSSW_6_2_0_SLHC12/step2_284_1_QW6.root
(size) os.stat(filename)[6] =  245552262
checksum =  2237196188
    file =  step2_284_1_QW6.root
    newPfn =  srm://heplnx204.pp.rl.ac.uk:8443/srm/managerv2?SFN=/pnfs/pp.rl.ac.uk/data/cms/store/user/dcieri/ttbar_PU140_DIGI/dcieri/ttbar/ttbar_PU140_DIGI/3c0380cf82de79bc39966c93934c61fc/step2_284_1_QW6.root
    newLfn =  /store/user/dcieri/ttbar_PU140_DIGI/dcieri/ttbar/ttbar_PU140_DIGI/3c0380cf82de79bc39966c93934c61fc/step2_284_1_QW6.root
>>> crab_fjr_*.xml  permission set to 0704
CrabWrapper EXIT_FUNC entered at Mon Feb  2 23:00:21 GMT 2015   -  Mon Feb  2 23:00:21 UTC 2015
Checking output files:  
will tar file crab_fjr_284.xml in  out_files_284
WARNING: output file CMSSW_284.stdout not found!
WARNING: output file CMSSW_284.stderr not found!
WARNING: output file Watchdog_284.log.gz not found!
>>> padding time: Wrapper lasting more than 600 seconds. No sleep required.
STOPPING WATCHDOG. CrabWatchdog PID is 19685
********** LAST 50 LINES OF WATCHDOG LOG
# TIME			PID	RSS(KB)	VSZ(KB)	Dsk(MB)	tCPU(s)	tWALL(s)	COMMAND
 Feb 02 20:24:58 GMT	19373	1788	22496	0	0	1	/bin/sh /scratch/condor/dir_14366/glide_u0MR3x/execute/dir_18642/condor_exec.exe 284 1       
 Feb 02 20:24:58 GMT	19695	27404	97636	0	0	1	edmConfigHash pset.py         
 Feb 02 20:24:58 GMT	---	27404	97636	36	----	----	----
 Feb 02 20:25:59 GMT	19818	610488	961632	36	48	61	cmsRun -j /scratch/condor/dir_14366/glide_u0MR3x/execute/dir_18642/crab_fjr_284.xml -p pset.py      
 Feb 02 20:25:59 GMT	---	610488	961632	52	----	----	----
 Feb 02 20:26:59 GMT	19818	776920	1151336	52	53	121	cmsRun -j /scratch/condor/dir_14366/glide_u0MR3x/execute/dir_18642/crab_fjr_284.xml -p pset.py      
 Feb 02 20:27:59 GMT	19818	795624	1172840	52	54	181	cmsRun -j /scratch/condor/dir_14366/glide_u0MR3x/execute/dir_18642/crab_fjr_284.xml -p pset.py      
 Feb 02 20:28:59 GMT	19818	795972	1173864	52	56	242	cmsRun -j /scratch/condor/dir_14366/glide_u0MR3x/execute/dir_18642/crab_fjr_284.xml -p pset.py      
 Feb 02 20:30:00 GMT	19818	803240	1189224	52	58	302	cmsRun -j /scratch/condor/dir_14366/glide_u0MR3x/execute/dir_18642/crab_fjr_284.xml -p pset.py      
 Feb 02 20:31:00 GMT	19818	812176	1200232	52	61	362	cmsRun -j /scratch/condor/dir_14366/glide_u0MR3x/execute/dir_18642/crab_fjr_284.xml -p pset.py      
 Feb 02 20:32:00 GMT	19818	817320	1207656	52	63	422	cmsRun -j /scratch/condor/dir_14366/glide_u0MR3x/execute/dir_18642/crab_fjr_284.xml -p pset.py      
 Feb 02 20:33:00 GMT	19818	820776	1214312	52	66	482	cmsRun -j /scratch/condor/dir_14366/glide_u0MR3x/execute/dir_18642/crab_fjr_284.xml -p pset.py      
 Feb 02 20:34:00 GMT	19818	822224	1216872	52	69	543	cmsRun -j /scratch/condor/dir_14366/glide_u0MR3x/execute/dir_18642/crab_fjr_284.xml -p pset.py      
 Feb 02 20:35:01 GMT	19818	823588	1216872	52	72	603	cmsRun -j /scratch/condor/dir_14366/glide_u0MR3x/execute/dir_18642/crab_fjr_284.xml -p pset.py      
 Feb 02 20:36:01 GMT	19818	823960	1218920	52	75	663	cmsRun -j /scratch/condor/dir_14366/glide_u0MR3x/execute/dir_18642/crab_fjr_284.xml -p pset.py      
 Feb 02 20:39:02 GMT	19818	827524	1223016	52	81	844	cmsRun -j /scratch/condor/dir_14366/glide_u0MR3x/execute/dir_18642/crab_fjr_284.xml -p pset.py      
 Feb 02 20:40:02 GMT	19818	830600	1226600	52	84	905	cmsRun -j /scratch/condor/dir_14366/glide_u0MR3x/execute/dir_18642/crab_fjr_284.xml -p pset.py      
 Feb 02 20:41:03 GMT	19818	831824	1229416	52	87	965	cmsRun -j /scratch/condor/dir_14366/glide_u0MR3x/execute/dir_18642/crab_fjr_284.xml -p pset.py      
 Feb 02 20:42:03 GMT	19818	837112	1237096	52	91	1026	cmsRun -j /scratch/condor/dir_14366/glide_u0MR3x/execute/dir_18642/crab_fjr_284.xml -p pset.py      
 Feb 02 20:43:04 GMT	19818	841272	1237096	52	94	1086	cmsRun -j /scratch/condor/dir_14366/glide_u0MR3x/execute/dir_18642/crab_fjr_284.xml -p pset.py      
 Feb 02 20:44:04 GMT	19818	859028	1250920	52	98	1146	cmsRun -j /scratch/condor/dir_14366/glide_u0MR3x/execute/dir_18642/crab_fjr_284.xml -p pset.py      
 Feb 02 20:45:04 GMT	19818	917988	1299048	52	106	1206	cmsRun -j /scratch/condor/dir_14366/glide_u0MR3x/execute/dir_18642/crab_fjr_284.xml -p pset.py      
 Feb 02 20:46:04 GMT	19818	988920	1377128	52	115	1267	cmsRun -j /scratch/condor/dir_14366/glide_u0MR3x/execute/dir_18642/crab_fjr_284.xml -p pset.py      
 Feb 02 20:47:05 GMT	19818	992852	1380456	52	118	1327	cmsRun -j /scratch/condor/dir_14366/glide_u0MR3x/execute/dir_18642/crab_fjr_284.xml -p pset.py      
 Feb 02 20:49:05 GMT	19818	994716	1383016	52	122	1447	cmsRun -j /scratch/condor/dir_14366/glide_u0MR3x/execute/dir_18642/crab_fjr_284.xml -p pset.py      
 Feb 02 20:50:05 GMT	19818	997692	1387368	52	125	1508	cmsRun -j /scratch/condor/dir_14366/glide_u0MR3x/execute/dir_18642/crab_fjr_284.xml -p pset.py      
 Feb 02 20:51:06 GMT	19818	1400408	1799676	52	155	1568	cmsRun -j /scratch/condor/dir_14366/glide_u0MR3x/execute/dir_18642/crab_fjr_284.xml -p pset.py      
 Feb 02 20:51:06 GMT	---	1400408	1799676	73	----	----	----
 Feb 02 21:12:12 GMT	---	1400408	1799676	95	----	----	----
 Feb 02 21:34:18 GMT	19818	1430120	1799676	95	321	4160	cmsRun -j /scratch/condor/dir_14366/glide_u0MR3x/execute/dir_18642/crab_fjr_284.xml -p pset.py      
# TIME			PID	RSS(KB)	VSZ(KB)	Dsk(MB)	tCPU(s)	tWALL(s)	COMMAND
 Feb 02 21:35:18 GMT	---	1430120	1799676	119	----	----	----
 Feb 02 21:47:22 GMT	19818	1430120	1806080	119	380	4944	cmsRun -j /scratch/condor/dir_14366/glide_u0MR3x/execute/dir_18642/crab_fjr_284.xml -p pset.py      
 Feb 02 21:49:23 GMT	19818	1430120	1815808	119	396	5065	cmsRun -j /scratch/condor/dir_14366/glide_u0MR3x/execute/dir_18642/crab_fjr_284.xml -p pset.py      
 Feb 02 21:50:23 GMT	19818	1430120	1828608	119	404	5125	cmsRun -j /scratch/condor/dir_14366/glide_u0MR3x/execute/dir_18642/crab_fjr_284.xml -p pset.py      
 Feb 02 21:51:23 GMT	19818	1430120	1828864	119	408	5185	cmsRun -j /scratch/condor/dir_14366/glide_u0MR3x/execute/dir_18642/crab_fjr_284.xml -p pset.py      
 Feb 02 21:52:23 GMT	19818	1431212	1828864	119	412	5245	cmsRun -j /scratch/condor/dir_14366/glide_u0MR3x/execute/dir_18642/crab_fjr_284.xml -p pset.py      
 Feb 02 21:53:23 GMT	19818	1583028	1924352	119	432	5306	cmsRun -j /scratch/condor/dir_14366/glide_u0MR3x/execute/dir_18642/crab_fjr_284.xml -p pset.py      
 Feb 02 21:53:23 GMT	---	1583028	1924352	133	----	----	----
 Feb 02 21:54:24 GMT	---	1583028	1924352	141	----	----	----
 Feb 02 22:07:27 GMT	---	1583028	1924352	164	----	----	----
 Feb 02 22:20:32 GMT	---	1583028	1924352	185	----	----	----
 Feb 02 22:33:35 GMT	19818	1628068	1968132	185	706	7717	cmsRun -j /scratch/condor/dir_14366/glide_u0MR3x/execute/dir_18642/crab_fjr_284.xml -p pset.py      
 Feb 02 22:34:35 GMT	---	1628068	1968132	209	----	----	----
 Feb 02 22:42:37 GMT	---	1628068	1968132	229	----	----	----
 Feb 02 22:52:41 GMT	---	1628068	1968132	251	----	----	----
 Feb 02 22:57:43 GMT	19818	1628068	1976584	251	982	9165	cmsRun -j /scratch/condor/dir_14366/glide_u0MR3x/execute/dir_18642/crab_fjr_284.xml -p pset.py      
 Feb 02 22:58:43 GMT	19818	1628068	1980680	251	991	9225	cmsRun -j /scratch/condor/dir_14366/glide_u0MR3x/execute/dir_18642/crab_fjr_284.xml -p pset.py      
 Feb 02 22:59:43 GMT	---	1628068	1980680	272	----	----	----
********** WATCHDOG LOG ENDED
ZIPPING WATCHDOG LOG
Disk space used:
du -sh /scratch/condor/dir_14366/glide_u0MR3x/execute/dir_18642
272M	/scratch/condor/dir_14366/glide_u0MR3x/execute/dir_18642
Found unusual stdout, rename for OSB
`/scratch/condor/dir_14366/glide_u0MR3x/execute/dir_18642/_condor_stdout' -> `CMSSW_284.stdout'
Found unusual stderr, rename for OSB
`/scratch/condor/dir_14366/glide_u0MR3x/execute/dir_18642/_condor_stdout' -> `CMSSW_284.stderr'
crab_fjr_284.xml
CMSSW_284.stdout
CMSSW_284.stderr
Watchdog_284.log.gz
Total Output dimension: 24046
WARNING: output files size limit is set to: 50000000
Total Output dimension 24046 is fine.
JOB_EXIT_STATUS = 0
>>> info for dashboard:
***** Cat /scratch/condor/dir_14366/glide_u0MR3x/execute/dir_18642/jobreport.txt *****
MonitorJobID=284_https://submit-6.t2.ucsd.edu//150202//509447.283
MonitorID=dcieri_PU140_4dm08r
ExeTime=9264
ExeExitCode=0
StageOutExitStatusReason = 'Copy succedeed with srm-lcg utils'
StageOutSE = heplnx204.pp.rl.ac.uk
StageOutExitStatus = 0
CrabUserCpuTime=993.60
CrabSysCpuTime=29.34
CrabCpuPercentage=11%
CrabWrapperTime=9327
CrabStageoutTime=49
JobExitCode=0
***** End Cat jobreport *****
Parameters sent to Dashboard.
EXITING at Mon Feb  2 23:00:24 GMT 2015  -  Mon Feb  2 23:00:24 UTC 2015
