This script was generated by crab (version 2.11.1_patch1).
Running /scratch/condor/dir_20738/glide_Lp2Btx/execute/dir_18261/condor_exec.exe with 2 positional parameters: 338 1
Today is Mon Feb  2 20:30:52 GMT 2015 - Mon Feb  2 20:30:52 UTC 2015
Job submitted on host heplnc363.pp.rl.ac.uk
Linux heplnc363.pp.rl.ac.uk 2.6.32-504.3.3.el6.x86_64 #1 SMP Tue Dec 16 14:29:22 CST 2014 x86_64 x86_64 x86_64 GNU/Linux
Distributor ID:	Scientific
Description:	Scientific Linux release 6.6 (Carbon)
>>> current directory (RUNTIME_AREA): /scratch/condor/dir_20738/glide_Lp2Btx/execute/dir_18261
>>> current user: uid=157415(cms415) gid=157000(gplcms) groups=157000(gplcms)
>>> directory permission set to 0700
>>> umask set to:  u=rwx,g=,o=
>>> stdout stderr permission set to 0704
>>> voms proxy information:
subject   : /DC=ch/DC=cern/OU=Organic Units/OU=Users/CN=dcieri/CN=755391/CN=Davide Cieri/CN=769881070/CN=142992085
issuer    : /DC=ch/DC=cern/OU=Organic Units/OU=Users/CN=dcieri/CN=755391/CN=Davide Cieri/CN=769881070
identity  : /DC=ch/DC=cern/OU=Organic Units/OU=Users/CN=dcieri/CN=755391/CN=Davide Cieri
type      : RFC3820 compliant limited proxy
strength  : 1024
path      : /scratch/condor/dir_20738/glide_Lp2Btx/execute/dir_18261/x509up_u62281
timeleft  : 23:58:55
key usage : Digital Signature, Key Encipherment
=== VO cms extension information ===
VO        : cms
subject   : /DC=ch/DC=cern/OU=Organic Units/OU=Users/CN=dcieri/CN=755391/CN=Davide Cieri
issuer    : /DC=ch/DC=cern/OU=computers/CN=lcg-voms2.cern.ch
attribute : /cms/Role=NULL/Capability=NULL
timeleft  : 183:45:32
uri       : lcg-voms2.cern.ch:15002

WNHostName=heplnc363.pp.rl.ac.uk
$_CONDOR_JOB_AD =/scratch/condor/dir_20738/glide_Lp2Btx/execute/dir_18261/.job.ad
OverflowFlag=0
>>> tar --no-same-permissions -xf /scratch/condor/dir_20738/glide_Lp2Btx/execute/dir_18261/default.tgz :
Successful untar
>>> Include /scratch/condor/dir_20738/glide_Lp2Btx/execute/dir_18261 in PYTHONPATH:
strip arguments
env var CRAB_UNIQUE_JOB_ID set to: dcieri_PU140_4dm08r_338_1_yuU
out_files_338
>>> list of expected files on output sandbox
output files: crab_fjr_338.xml CMSSW_338.stdout CMSSW_338.stderr Watchdog_338.log.gz
>>> GridFlavour discovery: 
GridFlavour=LCG
>>> SyncSite discovery: 
SyncSite=T2_UK_SGrid_RALPP
>>> SyncCE discovery: 
getting SyncCE from GLIDEIN_Gaekeeper
SyncCE=heplnv147.pp.rl.ac.uk
>>> info for dashboard:
***** Cat /scratch/condor/dir_20738/glide_Lp2Btx/execute/dir_18261/jobreport.txt *****
WNHostName=heplnc363.pp.rl.ac.uk
OverflowFlag=0
MonitorJobID=338_https://submit-6.t2.ucsd.edu//150202//509447.337
SyncGridJobId=https://submit-6.t2.ucsd.edu//150202//509447.337
MonitorID=dcieri_PU140_4dm08r
GridFlavour=LCG
SyncSite=T2_UK_SGrid_RALPP
SyncCE=heplnv147.pp.rl.ac.uk
***** End Cat jobreport *****
Parameters sent to Dashboard.
>>> setup environment
set SCRAM ARCH to slc6_amd64_gcc472
SCRAM_ARCH = slc6_amd64_gcc472
>>> setup CMS LCG environment:
set SCRAM ARCH and BUILD_ARCH to slc6_amd64_gcc472 ###
Sourcing environment... 
sourcing /cvmfs/cms.cern.ch/cmsset_default.sh
==> setup cms environment ok
>>> specific cmssw setup environment:
CMSSW_VERSION =  CMSSW_6_2_0_SLHC12
WARNING: In non-interactive mode release checks e.g. deprecated releases, production architectures are disabled.
>>> current directory (SOFTWARE_DIR): /scratch/condor/dir_20738/glide_Lp2Btx/execute/dir_18261/CMSSW_6_2_0_SLHC12
PreserveSeeds: <>
IncrementSeeds:<>
>>> info for dashboard:
***** Cat /scratch/condor/dir_20738/glide_Lp2Btx/execute/dir_18261/jobreport.txt *****
MonitorJobID=338_https://submit-6.t2.ucsd.edu//150202//509447.337
MonitorID=dcieri_PU140_4dm08r
***** End Cat jobreport *****
Parameters sent to Dashboard.
crabWatchdog started as process 20315
>>> moving CMSSW software directories in /scratch/condor/dir_20738/glide_Lp2Btx/execute/dir_18261/CMSSW_6_2_0_SLHC12
mv: cannot stat `/scratch/condor/dir_20738/glide_Lp2Btx/execute/dir_18261/module/': No such file or directory
>>> Include /scratch/condor/dir_20738/glide_Lp2Btx/execute/dir_18261 in PYTHONPATH:
PYTHONPATH=/scratch/condor/dir_20738/glide_Lp2Btx/execute/dir_18261/:/scratch/condor/dir_20738/glide_Lp2Btx/execute/dir_18261/CMSSW_6_2_0_SLHC12/python:/scratch/condor/dir_20738/glide_Lp2Btx/execute/dir_18261/CMSSW_6_2_0_SLHC12/lib/slc6_amd64_gcc472:/cvmfs/cms.cern.ch/slc6_amd64_gcc472/cms/cmssw/CMSSW_6_2_0_SLHC12/python:/cvmfs/cms.cern.ch/slc6_amd64_gcc472/cms/cmssw/CMSSW_6_2_0_SLHC12/lib/slc6_amd64_gcc472:/cvmfs/cms.cern.ch/slc6_amd64_gcc472/cms/coral/CORAL_2_3_21-cms35/slc6_amd64_gcc472/python:/cvmfs/cms.cern.ch/slc6_amd64_gcc472/cms/coral/CORAL_2_3_21-cms35/slc6_amd64_gcc472/lib:/cvmfs/cms.cern.ch/slc6_amd64_gcc472/external/python-ldap/2.3.5-cms5/lib/python2.7/site-packages:/cvmfs/cms.cern.ch/slc6_amd64_gcc472/external/pyqt/4.8.1-cms5/lib/python2.7/site-packages:/cvmfs/cms.cern.ch/slc6_amd64_gcc472/external/py2-scipy/0.8.0-cms7/lib/python2.7/site-packages:/cvmfs/cms.cern.ch/slc6_amd64_gcc472/external/py2-matplotlib/1.0.1-cms7/lib/python2.7/site-packages:/cvmfs/cms.cern.ch/slc6_amd64_gcc472/external/sip/4.11.2-cms5/lib/python2.7/site-packages:/cvmfs/cms.cern.ch/slc6_amd64_gcc472/external/py2-pycurl/7.19.0-cms7/lib/python2.7/site-packages:/cvmfs/cms.cern.ch/slc6_amd64_gcc472/external/py2-numpy/1.6.1-cms7/lib/python2.7/site-packages:/cvmfs/cms.cern.ch/slc6_amd64_gcc472/external/py2-lint/0.25.1-cms5/lib/python2.7/site-packages:/cvmfs/cms.cern.ch/slc6_amd64_gcc472/external/py2-ipython/0.10-cms5/lib/python2.7/site-packages:/cvmfs/cms.cern.ch/slc6_amd64_gcc472/external/py2-cx-oracle/5.1-cms5/lib/python2.7/site-packages:/cvmfs/cms.cern.ch/slc6_amd64_gcc472/external/py2-cjson/1.0.5-cms5/lib/python2.7/site-packages:/cvmfs/cms.cern.ch/slc6_amd64_gcc472/cms/das-client/1.11.7/bin:/cvmfs/cms.cern.ch/slc6_amd64_gcc472/external/elementtree/1.2.6-cms5/share/lib/python2.7/site-packages:/cvmfs/cms.cern.ch/slc6_amd64_gcc472/external/rivet/1.8.2-cms9/lib/python2.7/site-packages:/cvmfs/cms.cern.ch/slc6_amd64_gcc472/external/pyminuit2/0.0.1-cms19/lib/python2.7/site-packages:/cvmfs/cms.cern.ch/slc6_amd64_gcc472/external/py2-pygithub/1.23.0-cms2/lib/python2.7/site-packages:/cvmfs/cms.cern.ch/slc6_amd64_gcc472/external/professor/1.0.0-cms19/lib/python2.7/site-packages:/cvmfs/cms.cern.ch/slc6_amd64_gcc472/lcg/root/5.34.07-cms/lib:/cvmfs/cms.cern.ch/slc6_amd64_gcc472/cms/dbs-client/DBS_2_1_9-cms5/lib:/cvmfs/cms.cern.ch/slc6_amd64_gcc472/cms/dbs-client/DBS_2_1_9-cms5/lib/DBSAPI:/cvmfs/cms.cern.ch/slc6_amd64_gcc472/external/cvs2git/5419-cms/lib:/scratch/condor/dir_20738/glide_Lp2Btx/execute/dir_18261/
 
# LIMITS USED BY CRAB WATCHDOG:
# RSS  (KBytes)   : 2300000
# VSZ  (KBytes)   : 100000000
# DISK (MBytes)   : 19000
# CPU TIME        : 720h:0m:0s
# WALL CLOCK TIME : 21h:50m:0s
 
3c0380cf82de79bc39966c93934c61fc
PSETHASH = 3c0380cf82de79bc39966c93934c61fc
/scratch/condor/dir_20738/glide_Lp2Btx/execute/dir_18261/writeCfg.py pset.py pset.py
Importing .py file
Setting parameters
RandomNumberGeneratorService found, will attempt to change seeds
inputBlocks=/ttbar/dcieri-ttbar_SIM-130075366148575c102f0d64fd3ac8f7/USER#d88f8312-b22c-48f9-b58b-21cac727e67d
inputFiles=/store/user/dcieri/ttbar_SIM/ttbar/ttbar_SIM/150129_145223/0000/step1_35.root
parentFiles=
lumisRange=
>>> Executable cmsRun
/cvmfs/cms.cern.ch/slc6_amd64_gcc472/cms/cmssw/CMSSW_6_2_0_SLHC12/bin/slc6_amd64_gcc472/cmsRun
ok executable found
>>> info for dashboard:
***** Cat /scratch/condor/dir_20738/glide_Lp2Btx/execute/dir_18261/jobreport.txt *****
MonitorJobID=338_https://submit-6.t2.ucsd.edu//150202//509447.337
MonitorID=dcieri_PU140_4dm08r
ExeStart=cmsRun
***** End Cat jobreport *****
Parameters sent to Dashboard.
>>> cmsRun started at Mon Feb  2 20:30:59 UTC 2015
>>> cmsRun ended at Mon Feb  2 23:00:48 UTC 2015
>>> crab_fjr_*.xml  permission set to 0704
>>> info for dashboard:
***** Cat /scratch/condor/dir_20738/glide_Lp2Btx/execute/dir_18261/jobreport.txt *****
MonitorJobID=338_https://submit-6.t2.ucsd.edu//150202//509447.337
MonitorID=dcieri_PU140_4dm08r
ExeEnd=cmsRun
***** End Cat jobreport *****
Parameters sent to Dashboard.
TIME_EXE = 8989 sec
>>> cmsRun wrote 229 lines of stdout+stderr
>>> START OF printout of 229 lines from stdout+stderr
271 DQMStore::DQMStore 
HcalTopologyIdealEP::HcalTopologyIdealEP
02-Feb-2015 20:31:07 GMT  Initiating request to open file root://dcap.pp.rl.ac.uk:1094/pnfs/pp.rl.ac.uk/data/cms/store/user/dcieri/ttbar_SIM/ttbar/ttbar_SIM/150129_145223/0000/step1_35.root
150202 20:31:10 20455 Xrd: CheckErrorStatus: Server [heplnx210.pp.rl.ac.uk:1094] declared: Request 3018 not supported(error code: 3013)
02-Feb-2015 20:31:10 GMT  Successfully opened file root://dcap.pp.rl.ac.uk:1094/pnfs/pp.rl.ac.uk/data/cms/store/user/dcieri/ttbar_SIM/ttbar/ttbar_SIM/150129_145223/0000/step1_35.root
02-Feb-2015 20:31:11 GMT  Initiating request to open file root://xrootd.unl.edu//store/group/dpg_trigger/comm_trigger/L1TrackTrigger/620_SLHC10/Extended2023TTI/MinBias/MinBias_TuneZ2star_GEN_SIM_1.root
02-Feb-2015 20:31:43 GMT  Successfully opened file root://xrootd.unl.edu//store/group/dpg_trigger/comm_trigger/L1TrackTrigger/620_SLHC10/Extended2023TTI/MinBias/MinBias_TuneZ2star_GEN_SIM_1.root
disableME1a = 0
HcalTopologyIdealEP::produce(const IdealGeometryRecord& iRecord)
mode = 2, maxDepthHB = 3, maxDepthHE = 5
RPCGeometryESModule :: produce
RPCGeometryESModule :: produce :: 1/4 Get Muon Ideal Geometry Record
RPCGeometryESModule :: produce :: 2/4 Get Muon DDD Constants
RPCGeometryESModule :: produce :: 3/4 Get Muon Numbering Record
in MuonNumberingInitialization::initializeMuonDDDConstants
about to make my new muonDDDConst_
in MuonNumberingInitialization::produce
RPCGeometryESModule :: produce :: 4/4 Build
Found:

	Barrel Stack layer 5 : 1008 stacks
	Barrel Stack layer 6 : 1320 stacks
	Barrel Stack layer 7 : 1836 stacks
	Barrel Stack layer 8 : 1152 stacks
	Barrel Stack layer 9 : 1488 stacks
	Barrel Stack layer 10 : 1824 stacks

	Endcap Stack disk 11 : 1360 stacks
	Endcap Stack disk 12 : 1360 stacks
	Endcap Stack disk 13 : 1360 stacks
	Endcap Stack disk 14 : 1360 stacks
	Endcap Stack disk 15 : 1360 stacks
Created 15428 stacks in 15 s

TTClusterBuilder< edm::Ref<edm::DetSetVector<PixelDigi>, PixelDigi, edm::refhelper::FindForDetSetVector<PixelDigi> > > loaded modules:
	TTClusterAlgorithm:	TTClusterAlgorithm_2d2013< edm::Ref<edm::DetSetVector<PixelDigi>, PixelDigi, edm::refhelper::FindForDetSetVector<PixelDigi> > >


TTStubBuilder< edm::Ref<edm::DetSetVector<PixelDigi>, PixelDigi, edm::refhelper::FindForDetSetVector<PixelDigi> > > loaded modules:
	TTStubAlgorithm:	TTStubAlgorithm_tab2013< edm::Ref<edm::DetSetVector<PixelDigi>, PixelDigi, edm::refhelper::FindForDetSetVector<PixelDigi> > >


TTClusterAssociator< edm::Ref<edm::DetSetVector<PixelDigi>, PixelDigi, edm::refhelper::FindForDetSetVector<PixelDigi> > > loaded.


TTStubAssociator< edm::Ref<edm::DetSetVector<PixelDigi>, PixelDigi, edm::refhelper::FindForDetSetVector<PixelDigi> > > loaded.


TTTrackAssociator< edm::Ref<edm::DetSetVector<PixelDigi>, PixelDigi, edm::refhelper::FindForDetSetVector<PixelDigi> > > loaded.

Begin processing the 1st record. Run 1, Event 341, LumiSection 35 at 02-Feb-2015 20:32:16.535 GMT
02-Feb-2015 20:32:21 GMT  Closed file root://xrootd.unl.edu//store/group/dpg_trigger/comm_trigger/L1TrackTrigger/620_SLHC10/Extended2023TTI/MinBias/MinBias_TuneZ2star_GEN_SIM_1.root
02-Feb-2015 20:32:21 GMT  Initiating request to open file root://xrootd.unl.edu//store/group/dpg_trigger/comm_trigger/L1TrackTrigger/620_SLHC10/Extended2023TTI/MinBias/MinBias_TuneZ2star_GEN_SIM_19.root
02-Feb-2015 20:32:53 GMT  Successfully opened file root://xrootd.unl.edu//store/group/dpg_trigger/comm_trigger/L1TrackTrigger/620_SLHC10/Extended2023TTI/MinBias/MinBias_TuneZ2star_GEN_SIM_19.root
150202 20:37:38 21530 Xrd: XrdClientMessage::ReadRaw: Failed to read header (8 bytes).
150202 20:38:08 21528 Xrd: XrdClientMessage::ReadRaw: Failed to read header (8 bytes).
02-Feb-2015 20:42:00 GMT  Closed file root://xrootd.unl.edu//store/group/dpg_trigger/comm_trigger/L1TrackTrigger/620_SLHC10/Extended2023TTI/MinBias/MinBias_TuneZ2star_GEN_SIM_19.root
02-Feb-2015 20:42:00 GMT  Initiating request to open file root://xrootd.unl.edu//store/group/dpg_trigger/comm_trigger/L1TrackTrigger/620_SLHC10/Extended2023TTI/MinBias/MinBias_TuneZ2star_GEN_SIM_240.root
150202 20:42:32 4446 Xrd: CheckErrorStatus: Server [xrootd.ba.infn.it:1094] declared: session not found(error code: 3011)
02-Feb-2015 20:42:32 GMT  Successfully opened file root://xrootd.unl.edu//store/group/dpg_trigger/comm_trigger/L1TrackTrigger/620_SLHC10/Extended2023TTI/MinBias/MinBias_TuneZ2star_GEN_SIM_240.root
150202 20:47:07 23245 Xrd: XrdClientMessage::ReadRaw: Failed to read header (8 bytes).
150202 20:47:37 5027 Xrd: XrdClientMessage::ReadRaw: Failed to read header (8 bytes).
02-Feb-2015 20:50:27 GMT  Closed file root://xrootd.unl.edu//store/group/dpg_trigger/comm_trigger/L1TrackTrigger/620_SLHC10/Extended2023TTI/MinBias/MinBias_TuneZ2star_GEN_SIM_240.root
02-Feb-2015 20:50:27 GMT  Initiating request to open file root://xrootd.unl.edu//store/group/dpg_trigger/comm_trigger/L1TrackTrigger/620_SLHC10/Extended2023TTI/MinBias/MinBias_TuneZ2star_GEN_SIM_394.root
150202 20:50:57 16700 Xrd: CheckErrorStatus: Server [xrootd-redic.pi.infn.it:1094] declared: session not found(error code: 3011)
02-Feb-2015 20:50:58 GMT  Successfully opened file root://xrootd.unl.edu//store/group/dpg_trigger/comm_trigger/L1TrackTrigger/620_SLHC10/Extended2023TTI/MinBias/MinBias_TuneZ2star_GEN_SIM_394.root
150202 20:51:38 20696 Xrd: XrdClientMessage::ReadRaw: Failed to read header (8 bytes).
150202 20:52:08 21527 Xrd: XrdClientMessage::ReadRaw: Failed to read header (8 bytes).
Building the geometry service
DTTSPhi::addTracoT: preview not present in TRACO trigger or its code=0  trigger not added!
Warning did not find digi
Warning did not find digi
Warning did not find digi
Warning did not find digi
Warning did not find digi in disks
Warning did not find digi in disks
Warning did not find digi in disks
Warning did not find digi in disks
150202 20:55:38 5028 Xrd: XrdClientMessage::ReadRaw: Failed to read header (8 bytes).
150202 20:56:08 17455 Xrd: XrdClientMessage::ReadRaw: Failed to read header (8 bytes).
150202 21:02:38 23244 Xrd: XrdClientMessage::ReadRaw: Failed to read header (8 bytes).
02-Feb-2015 21:08:10 GMT  Closed file root://xrootd.unl.edu//store/group/dpg_trigger/comm_trigger/L1TrackTrigger/620_SLHC10/Extended2023TTI/MinBias/MinBias_TuneZ2star_GEN_SIM_394.root
02-Feb-2015 21:08:10 GMT  Initiating request to open file root://xrootd.unl.edu//store/group/dpg_trigger/comm_trigger/L1TrackTrigger/620_SLHC10/Extended2023TTI/MinBias/MinBias_TuneZ2star_GEN_SIM_59.root
150202 21:11:04 21525 Xrd: XrdClientMessage::ReadRaw: Failed to read header (8 bytes).
150202 21:11:04 17454 Xrd: XrdClientMessage::ReadRaw: Failed to read header (8 bytes).
150202 21:11:04 16120 Xrd: CheckErrorStatus: Server [xrootd-redic.pi.infn.it:1094] declared: session not found(error code: 3011)
150202 21:11:04 21529 Xrd: XrdClientMessage::ReadRaw: Failed to read header (8 bytes).
150202 21:11:05 16120 Xrd: CheckErrorStatus: Server [lxbrf39c03.cern.ch:1098] declared: session not found(error code: 3011)
02-Feb-2015 21:11:05 GMT  Successfully opened file root://xrootd.unl.edu//store/group/dpg_trigger/comm_trigger/L1TrackTrigger/620_SLHC10/Extended2023TTI/MinBias/MinBias_TuneZ2star_GEN_SIM_59.root
150202 21:13:38 17456 Xrd: XrdClientMessage::ReadRaw: Failed to read header (8 bytes).
150202 21:16:08 20449 Xrd: XrdClientMessage::ReadRaw: Failed to read header (8 bytes).
02-Feb-2015 21:19:46 GMT  Closed file root://xrootd.unl.edu//store/group/dpg_trigger/comm_trigger/L1TrackTrigger/620_SLHC10/Extended2023TTI/MinBias/MinBias_TuneZ2star_GEN_SIM_59.root
02-Feb-2015 21:19:46 GMT  Initiating request to open file root://xrootd.unl.edu//store/group/dpg_trigger/comm_trigger/L1TrackTrigger/620_SLHC10/Extended2023TTI/MinBias/MinBias_TuneZ2star_GEN_SIM_894.root
150202 21:20:17 32654 Xrd: CheckErrorStatus: Server [cms-xrd-global.cern.ch:1094] declared: session not found(error code: 3011)
150202 21:20:17 32654 Xrd: CheckErrorStatus: Server [xrootd.ba.infn.it:1094] declared: session not found(error code: 3011)
02-Feb-2015 21:20:17 GMT  Successfully opened file root://xrootd.unl.edu//store/group/dpg_trigger/comm_trigger/L1TrackTrigger/620_SLHC10/Extended2023TTI/MinBias/MinBias_TuneZ2star_GEN_SIM_894.root
DTTSPhi::addTracoT: preview not present in TRACO trigger or its code=0  trigger not added!
DTTSPhi::addTracoT: preview not present in TRACO trigger or its code=0  trigger not added!
DTTSPhi::addTracoT: preview not present in TRACO trigger or its code=0  trigger not added!
150202 21:25:08 20458 Xrd: XrdClientMessage::ReadRaw: Failed to read header (8 bytes).
150202 21:25:38 1537 Xrd: XrdClientMessage::ReadRaw: Failed to read header (8 bytes).
02-Feb-2015 21:28:00 GMT  Closed file root://xrootd.unl.edu//store/group/dpg_trigger/comm_trigger/L1TrackTrigger/620_SLHC10/Extended2023TTI/MinBias/MinBias_TuneZ2star_GEN_SIM_894.root
02-Feb-2015 21:28:00 GMT  Initiating request to open file root://xrootd.unl.edu//store/group/dpg_trigger/comm_trigger/L1TrackTrigger/620_SLHC10/Extended2023TTI/MinBias/MinBias_TuneZ2star_GEN_SIM_45.root
150202 21:28:31 13077 Xrd: CheckErrorStatus: Server [cms-xrd-global.cern.ch:1094] declared: session not found(error code: 3011)
150202 21:28:31 13077 Xrd: CheckErrorStatus: Server [llrxrd-redir.in2p3.fr:1094] declared: session not found(error code: 3011)
02-Feb-2015 21:28:32 GMT  Successfully opened file root://xrootd.unl.edu//store/group/dpg_trigger/comm_trigger/L1TrackTrigger/620_SLHC10/Extended2023TTI/MinBias/MinBias_TuneZ2star_GEN_SIM_45.root
150202 21:31:08 20448 Xrd: XrdClientMessage::ReadRaw: Failed to read header (8 bytes).
150202 21:33:08 1538 Xrd: XrdClientMessage::ReadRaw: Failed to read header (8 bytes).
150202 21:33:38 14117 Xrd: XrdClientMessage::ReadRaw: Failed to read header (8 bytes).
02-Feb-2015 21:35:48 GMT  Closed file root://xrootd.unl.edu//store/group/dpg_trigger/comm_trigger/L1TrackTrigger/620_SLHC10/Extended2023TTI/MinBias/MinBias_TuneZ2star_GEN_SIM_45.root
02-Feb-2015 21:35:48 GMT  Initiating request to open file root://xrootd.unl.edu//store/group/dpg_trigger/comm_trigger/L1TrackTrigger/620_SLHC10/Extended2023TTI/MinBias/MinBias_TuneZ2star_GEN_SIM_155.root
150202 21:36:18 30396 Xrd: CheckErrorStatus: Server [llrxrd-redir.in2p3.fr:1094] declared: session not found(error code: 3011)
02-Feb-2015 21:36:18 GMT  Successfully opened file root://xrootd.unl.edu//store/group/dpg_trigger/comm_trigger/L1TrackTrigger/620_SLHC10/Extended2023TTI/MinBias/MinBias_TuneZ2star_GEN_SIM_155.root
150202 21:40:38 1536 Xrd: XrdClientMessage::ReadRaw: Failed to read header (8 bytes).
150202 21:41:08 14119 Xrd: XrdClientMessage::ReadRaw: Failed to read header (8 bytes).
150202 21:41:38 31481 Xrd: XrdClientMessage::ReadRaw: Failed to read header (8 bytes).
02-Feb-2015 21:44:07 GMT  Closed file root://xrootd.unl.edu//store/group/dpg_trigger/comm_trigger/L1TrackTrigger/620_SLHC10/Extended2023TTI/MinBias/MinBias_TuneZ2star_GEN_SIM_155.root
02-Feb-2015 21:44:07 GMT  Initiating request to open file root://xrootd.unl.edu//store/group/dpg_trigger/comm_trigger/L1TrackTrigger/620_SLHC10/Extended2023TTI/MinBias/MinBias_TuneZ2star_GEN_SIM_964.root
150202 21:44:38 10373 Xrd: CheckErrorStatus: Server [cms-xrd-global.cern.ch:1094] declared: session not found(error code: 3011)
150202 21:44:38 10373 Xrd: CheckErrorStatus: Server [xrootd-redic.pi.infn.it:1094] declared: session not found(error code: 3011)
02-Feb-2015 21:44:39 GMT  Successfully opened file root://xrootd.unl.edu//store/group/dpg_trigger/comm_trigger/L1TrackTrigger/620_SLHC10/Extended2023TTI/MinBias/MinBias_TuneZ2star_GEN_SIM_964.root
150202 21:49:37 31482 Xrd: XrdClientMessage::ReadRaw: Failed to read header (8 bytes).
150202 21:50:08 11200 Xrd: XrdClientMessage::ReadRaw: Failed to read header (8 bytes).
02-Feb-2015 21:51:39 GMT  Closed file root://xrootd.unl.edu//store/group/dpg_trigger/comm_trigger/L1TrackTrigger/620_SLHC10/Extended2023TTI/MinBias/MinBias_TuneZ2star_GEN_SIM_964.root
02-Feb-2015 21:51:39 GMT  Initiating request to open file root://xrootd.unl.edu//store/group/dpg_trigger/comm_trigger/L1TrackTrigger/620_SLHC10/Extended2023TTI/MinBias/MinBias_TuneZ2star_GEN_SIM_381.root
150202 21:52:10 21537 Xrd: CheckErrorStatus: Server [llrxrd-redir.in2p3.fr:1094] declared: session not found(error code: 3011)
02-Feb-2015 21:52:11 GMT  Successfully opened file root://xrootd.unl.edu//store/group/dpg_trigger/comm_trigger/L1TrackTrigger/620_SLHC10/Extended2023TTI/MinBias/MinBias_TuneZ2star_GEN_SIM_381.root
150202 21:57:08 11201 Xrd: XrdClientMessage::ReadRaw: Failed to read header (8 bytes).
150202 21:57:38 22287 Xrd: XrdClientMessage::ReadRaw: Failed to read header (8 bytes).
02-Feb-2015 21:59:15 GMT  Closed file root://xrootd.unl.edu//store/group/dpg_trigger/comm_trigger/L1TrackTrigger/620_SLHC10/Extended2023TTI/MinBias/MinBias_TuneZ2star_GEN_SIM_381.root
02-Feb-2015 21:59:15 GMT  Initiating request to open file root://xrootd.unl.edu//store/group/dpg_trigger/comm_trigger/L1TrackTrigger/620_SLHC10/Extended2023TTI/MinBias/MinBias_TuneZ2star_GEN_SIM_25.root
150202 21:59:46 10788 Xrd: CheckErrorStatus: Server [xrootd-redic.pi.infn.it:1094] declared: session not found(error code: 3011)
02-Feb-2015 21:59:46 GMT  Successfully opened file root://xrootd.unl.edu//store/group/dpg_trigger/comm_trigger/L1TrackTrigger/620_SLHC10/Extended2023TTI/MinBias/MinBias_TuneZ2star_GEN_SIM_25.root
150202 22:04:38 22289 Xrd: XrdClientMessage::ReadRaw: Failed to read header (8 bytes).
02-Feb-2015 22:04:56 GMT  Closed file root://xrootd.unl.edu//store/group/dpg_trigger/comm_trigger/L1TrackTrigger/620_SLHC10/Extended2023TTI/MinBias/MinBias_TuneZ2star_GEN_SIM_25.root
02-Feb-2015 22:04:56 GMT  Initiating request to open file root://xrootd.unl.edu//store/group/dpg_trigger/comm_trigger/L1TrackTrigger/620_SLHC10/Extended2023TTI/MinBias/MinBias_TuneZ2star_GEN_SIM_164.root
150202 22:04:57 11381 Xrd: XrdClientMessage::ReadRaw: Failed to read header (8 bytes).
150202 22:06:20 17774 Xrd: CheckErrorStatus: Server [cms-xrd-global.cern.ch:1094] declared: session not found(error code: 3011)
150202 22:06:20 17774 Xrd: CheckErrorStatus: Server [xrootd.ba.infn.it:1094] declared: session not found(error code: 3011)
02-Feb-2015 22:06:21 GMT  Successfully opened file root://xrootd.unl.edu//store/group/dpg_trigger/comm_trigger/L1TrackTrigger/620_SLHC10/Extended2023TTI/MinBias/MinBias_TuneZ2star_GEN_SIM_164.root
150202 22:10:07 11382 Xrd: XrdClientMessage::ReadRaw: Failed to read header (8 bytes).
02-Feb-2015 22:10:12 GMT  Closed file root://xrootd.unl.edu//store/group/dpg_trigger/comm_trigger/L1TrackTrigger/620_SLHC10/Extended2023TTI/MinBias/MinBias_TuneZ2star_GEN_SIM_164.root
02-Feb-2015 22:10:12 GMT  Initiating request to open file root://xrootd.unl.edu//store/group/dpg_trigger/comm_trigger/L1TrackTrigger/620_SLHC10/Extended2023TTI/MinBias/MinBias_TuneZ2star_GEN_SIM_19.root
150202 22:10:46 24440 Xrd: CheckErrorStatus: Server [eoscms.cern.ch:1094] declared: session not found(error code: 3011)
02-Feb-2015 22:10:46 GMT  Successfully opened file root://xrootd.unl.edu//store/group/dpg_trigger/comm_trigger/L1TrackTrigger/620_SLHC10/Extended2023TTI/MinBias/MinBias_TuneZ2star_GEN_SIM_19.root
150202 22:15:38 19763 Xrd: XrdClientMessage::ReadRaw: Failed to read header (8 bytes).
150202 22:16:07 19762 Xrd: XrdClientMessage::ReadRaw: Failed to read header (8 bytes).
02-Feb-2015 22:16:35 GMT  Closed file root://xrootd.unl.edu//store/group/dpg_trigger/comm_trigger/L1TrackTrigger/620_SLHC10/Extended2023TTI/MinBias/MinBias_TuneZ2star_GEN_SIM_19.root
02-Feb-2015 22:16:35 GMT  Initiating request to open file root://xrootd.unl.edu//store/group/dpg_trigger/comm_trigger/L1TrackTrigger/620_SLHC10/Extended2023TTI/MinBias/MinBias_TuneZ2star_GEN_SIM_56.root
150202 22:19:25 32175 Xrd: CheckErrorStatus: Server [xrootd.ba.infn.it:1094] declared: session not found(error code: 3011)
02-Feb-2015 22:19:25 GMT  Successfully opened file root://xrootd.unl.edu//store/group/dpg_trigger/comm_trigger/L1TrackTrigger/620_SLHC10/Extended2023TTI/MinBias/MinBias_TuneZ2star_GEN_SIM_56.root
150202 22:20:08 11199 Xrd: XrdClientMessage::ReadRaw: Failed to read header (8 bytes).
02-Feb-2015 22:21:21 GMT  Closed file root://xrootd.unl.edu//store/group/dpg_trigger/comm_trigger/L1TrackTrigger/620_SLHC10/Extended2023TTI/MinBias/MinBias_TuneZ2star_GEN_SIM_56.root
02-Feb-2015 22:21:21 GMT  Initiating request to open file root://xrootd.unl.edu//store/group/dpg_trigger/comm_trigger/L1TrackTrigger/620_SLHC10/Extended2023TTI/MinBias/MinBias_TuneZ2star_GEN_SIM_234.root
150202 22:21:37 25260 Xrd: XrdClientMessage::ReadRaw: Failed to read header (8 bytes).
150202 22:21:47 5905 Xrd: CheckErrorStatus: Server [cms-xrd-global.cern.ch:1094] declared: session not found(error code: 3011)
02-Feb-2015 22:21:47 GMT  Successfully opened file root://xrootd.unl.edu//store/group/dpg_trigger/comm_trigger/L1TrackTrigger/620_SLHC10/Extended2023TTI/MinBias/MinBias_TuneZ2star_GEN_SIM_234.root
02-Feb-2015 22:23:33 GMT  Closed file root://xrootd.unl.edu//store/group/dpg_trigger/comm_trigger/L1TrackTrigger/620_SLHC10/Extended2023TTI/MinBias/MinBias_TuneZ2star_GEN_SIM_234.root
02-Feb-2015 22:23:33 GMT  Initiating request to open file root://xrootd.unl.edu//store/group/dpg_trigger/comm_trigger/L1TrackTrigger/620_SLHC10/Extended2023TTI/MinBias/MinBias_TuneZ2star_GEN_SIM_763.root
02-Feb-2015 22:24:22 GMT  Successfully opened file root://xrootd.unl.edu//store/group/dpg_trigger/comm_trigger/L1TrackTrigger/620_SLHC10/Extended2023TTI/MinBias/MinBias_TuneZ2star_GEN_SIM_763.root
150202 22:26:37 3344 Xrd: XrdClientMessage::ReadRaw: Failed to read header (8 bytes).
150202 22:28:37 6490 Xrd: XrdClientMessage::ReadRaw: Failed to read header (8 bytes).
150202 22:29:38 3343 Xrd: XrdClientMessage::ReadRaw: Failed to read header (8 bytes).
02-Feb-2015 22:29:41 GMT  Closed file root://xrootd.unl.edu//store/group/dpg_trigger/comm_trigger/L1TrackTrigger/620_SLHC10/Extended2023TTI/MinBias/MinBias_TuneZ2star_GEN_SIM_763.root
02-Feb-2015 22:29:41 GMT  Initiating request to open file root://xrootd.unl.edu//store/group/dpg_trigger/comm_trigger/L1TrackTrigger/620_SLHC10/Extended2023TTI/MinBias/MinBias_TuneZ2star_GEN_SIM_162.root
150202 22:30:12 16904 Xrd: CheckErrorStatus: Server [xrootd.ba.infn.it:1094] declared: session not found(error code: 3011)
02-Feb-2015 22:30:12 GMT  Successfully opened file root://xrootd.unl.edu//store/group/dpg_trigger/comm_trigger/L1TrackTrigger/620_SLHC10/Extended2023TTI/MinBias/MinBias_TuneZ2star_GEN_SIM_162.root
150202 22:31:08 14116 Xrd: XrdClientMessage::ReadRaw: Failed to read header (8 bytes).
02-Feb-2015 22:34:45 GMT  Closed file root://xrootd.unl.edu//store/group/dpg_trigger/comm_trigger/L1TrackTrigger/620_SLHC10/Extended2023TTI/MinBias/MinBias_TuneZ2star_GEN_SIM_162.root
02-Feb-2015 22:34:45 GMT  Initiating request to open file root://xrootd.unl.edu//store/group/dpg_trigger/comm_trigger/L1TrackTrigger/620_SLHC10/Extended2023TTI/MinBias/MinBias_TuneZ2star_GEN_SIM_906.root
150202 22:34:46 9613 Xrd: XrdClientMessage::ReadRaw: Failed to read header (8 bytes).
150202 22:35:16 17748 Xrd: XrdClientMessage::ReadRaw: Failed to read header (8 bytes).
02-Feb-2015 22:35:17 GMT  Successfully opened file root://xrootd.unl.edu//store/group/dpg_trigger/comm_trigger/L1TrackTrigger/620_SLHC10/Extended2023TTI/MinBias/MinBias_TuneZ2star_GEN_SIM_906.root
02-Feb-2015 22:38:50 GMT  Closed file root://xrootd.unl.edu//store/group/dpg_trigger/comm_trigger/L1TrackTrigger/620_SLHC10/Extended2023TTI/MinBias/MinBias_TuneZ2star_GEN_SIM_906.root
02-Feb-2015 22:38:50 GMT  Initiating request to open file root://xrootd.unl.edu//store/group/dpg_trigger/comm_trigger/L1TrackTrigger/620_SLHC10/Extended2023TTI/MinBias/MinBias_TuneZ2star_GEN_SIM_404.root
150202 22:39:21 27189 Xrd: CheckErrorStatus: Server [cms-xrd-global.cern.ch:1094] declared: session not found(error code: 3011)
150202 22:39:21 27189 Xrd: CheckErrorStatus: Server [eoscms.cern.ch:1094] declared: session not found(error code: 3011)
02-Feb-2015 22:39:21 GMT  Successfully opened file root://xrootd.unl.edu//store/group/dpg_trigger/comm_trigger/L1TrackTrigger/620_SLHC10/Extended2023TTI/MinBias/MinBias_TuneZ2star_GEN_SIM_404.root
150202 22:40:08 17749 Xrd: XrdClientMessage::ReadRaw: Failed to read header (8 bytes).
02-Feb-2015 22:43:52 GMT  Closed file root://xrootd.unl.edu//store/group/dpg_trigger/comm_trigger/L1TrackTrigger/620_SLHC10/Extended2023TTI/MinBias/MinBias_TuneZ2star_GEN_SIM_404.root
02-Feb-2015 22:43:52 GMT  Initiating request to open file root://xrootd.unl.edu//store/group/dpg_trigger/comm_trigger/L1TrackTrigger/620_SLHC10/Extended2023TTI/MinBias/MinBias_TuneZ2star_GEN_SIM_669.root
150202 22:43:52 23717 Xrd: XrdClientMessage::ReadRaw: Failed to read header (8 bytes).
150202 22:44:23 23716 Xrd: XrdClientMessage::ReadRaw: Failed to read header (8 bytes).
02-Feb-2015 22:44:23 GMT  Successfully opened file root://xrootd.unl.edu//store/group/dpg_trigger/comm_trigger/L1TrackTrigger/620_SLHC10/Extended2023TTI/MinBias/MinBias_TuneZ2star_GEN_SIM_669.root
150202 22:44:28 6438 Xrd: XrdClientMessage::ReadRaw: Failed to read header (8 bytes).
02-Feb-2015 22:47:39 GMT  Closed file root://xrootd.unl.edu//store/group/dpg_trigger/comm_trigger/L1TrackTrigger/620_SLHC10/Extended2023TTI/MinBias/MinBias_TuneZ2star_GEN_SIM_669.root
02-Feb-2015 22:47:39 GMT  Initiating request to open file root://xrootd.unl.edu//store/group/dpg_trigger/comm_trigger/L1TrackTrigger/620_SLHC10/Extended2023TTI/MinBias/MinBias_TuneZ2star_GEN_SIM_12.root
02-Feb-2015 22:47:59 GMT  Successfully opened file root://xrootd.unl.edu//store/group/dpg_trigger/comm_trigger/L1TrackTrigger/620_SLHC10/Extended2023TTI/MinBias/MinBias_TuneZ2star_GEN_SIM_12.root
150202 22:49:07 27634 Xrd: XrdClientMessage::ReadRaw: Failed to read header (8 bytes).
02-Feb-2015 22:51:19 GMT  Closed file root://xrootd.unl.edu//store/group/dpg_trigger/comm_trigger/L1TrackTrigger/620_SLHC10/Extended2023TTI/MinBias/MinBias_TuneZ2star_GEN_SIM_12.root
02-Feb-2015 22:51:19 GMT  Initiating request to open file root://xrootd.unl.edu//store/group/dpg_trigger/comm_trigger/L1TrackTrigger/620_SLHC10/Extended2023TTI/MinBias/MinBias_TuneZ2star_GEN_SIM_599.root
150202 22:51:50 6037 Xrd: CheckErrorStatus: Server [eoscms.cern.ch:1094] declared: session not found(error code: 3011)
02-Feb-2015 22:51:50 GMT  Successfully opened file root://xrootd.unl.edu//store/group/dpg_trigger/comm_trigger/L1TrackTrigger/620_SLHC10/Extended2023TTI/MinBias/MinBias_TuneZ2star_GEN_SIM_599.root
150202 22:53:07 32282 Xrd: XrdClientMessage::ReadRaw: Failed to read header (8 bytes).
02-Feb-2015 22:56:37 GMT  Closed file root://xrootd.unl.edu//store/group/dpg_trigger/comm_trigger/L1TrackTrigger/620_SLHC10/Extended2023TTI/MinBias/MinBias_TuneZ2star_GEN_SIM_599.root
02-Feb-2015 22:56:37 GMT  Initiating request to open file root://xrootd.unl.edu//store/group/dpg_trigger/comm_trigger/L1TrackTrigger/620_SLHC10/Extended2023TTI/MinBias/MinBias_TuneZ2star_GEN_SIM_498.root
150202 22:56:38 3183 Xrd: XrdClientMessage::ReadRaw: Failed to read header (8 bytes).
150202 22:57:07 32262 Xrd: XrdClientMessage::ReadRaw: Failed to read header (8 bytes).
150202 22:57:08 10879 Xrd: CheckErrorStatus: Server [llrxrd-redir.in2p3.fr:1094] declared: session not found(error code: 3011)
02-Feb-2015 22:57:09 GMT  Successfully opened file root://xrootd.unl.edu//store/group/dpg_trigger/comm_trigger/L1TrackTrigger/620_SLHC10/Extended2023TTI/MinBias/MinBias_TuneZ2star_GEN_SIM_498.root
02-Feb-2015 22:59:27 GMT  Closed file root://xrootd.unl.edu//store/group/dpg_trigger/comm_trigger/L1TrackTrigger/620_SLHC10/Extended2023TTI/MinBias/MinBias_TuneZ2star_GEN_SIM_498.root
02-Feb-2015 22:59:27 GMT  Initiating request to open file root://xrootd.unl.edu//store/group/dpg_trigger/comm_trigger/L1TrackTrigger/620_SLHC10/Extended2023TTI/MinBias/MinBias_TuneZ2star_GEN_SIM_708.root
02-Feb-2015 22:59:58 GMT  Successfully opened file root://xrootd.unl.edu//store/group/dpg_trigger/comm_trigger/L1TrackTrigger/620_SLHC10/Extended2023TTI/MinBias/MinBias_TuneZ2star_GEN_SIM_708.root
02-Feb-2015 23:00:46 GMT  Closed file root://dcap.pp.rl.ac.uk:1094/pnfs/pp.rl.ac.uk/data/cms/store/user/dcieri/ttbar_SIM/ttbar/ttbar_SIM/150129_145223/0000/step1_35.root
02-Feb-2015 23:00:47 GMT  Closed file root://xrootd.unl.edu//store/group/dpg_trigger/comm_trigger/L1TrackTrigger/620_SLHC10/Extended2023TTI/MinBias/MinBias_TuneZ2star_GEN_SIM_708.root

=============================================

MessageLogger Summary

 type     category        sev    module        subroutine        count    total
 ---- -------------------- -- ---------------- ----------------  -----    -----
    1 fileAction           -s MixingModule:mix                      69       69
    2 fileAction           -s MixingModule:mix                       2        2
    3 fileAction           -s MixingModule:mix                       1        1
    4 fileAction           -s file_close                             1        1
    5 fileAction           -s file_open                              2        2

 type    category    Examples: run/evt        run/evt          run/evt
 ---- -------------------- ---------------- ---------------- ----------------
    1 fileAction           1/341            1/341            1/350
    2 fileAction           pre-events       pre-events       
    3 fileAction           PostEndRun                        
    4 fileAction           PostEndRun                        
    5 fileAction           pre-events       pre-events       

Severity    # Occurrences   Total Occurrences
--------    -------------   -----------------
System                 75                  75
>>> END OF printout of 229 lines from stdout+stderr
>>> Parse FrameworkJobReport crab_fjr.xml
Result of parsing the FrameworkJobReport crab_fjr.xml: 
Extracted ExitStatus from FrameworkJobReport parsing output: 0
>>> Executable succeded  0
ExeExitCode=0
EXECUTABLE_EXIT_STATUS = 0
>>> current directory /scratch/condor/dir_20738/glide_Lp2Btx/execute/dir_18261/CMSSW_6_2_0_SLHC12
>>>  (SOFTWARE_DIR): /scratch/condor/dir_20738/glide_Lp2Btx/execute/dir_18261/CMSSW_6_2_0_SLHC12
>>> (WORKING_DIR): 
>>> current directory content:
total 230916
drwxr-xr-x 3 cms415 gplcms      4096 Feb  2 20:30 .SCRAM
-rw------- 1 cms415 gplcms    915837 Feb  2 20:30 CMSSW.py.pkl
drwxr-xr-x 3 cms415 gplcms      4096 Feb  2 20:30 bin
drwxr-xr-x 3 cms415 gplcms      4096 Feb  2 20:30 cfipython
drwxr-xr-x 4 cms415 gplcms      4096 Apr 28  2014 config
-rw------- 1 cms415 gplcms        16 Feb  2 23:00 cpu_timing.txt
drwxr-xr-x 2 cms415 gplcms      4096 Feb  2 20:30 doc
-rw------- 1 cms415 gplcms     25609 Feb  2 23:00 executable.out
drwxr-xr-x 2 cms415 gplcms      4096 Feb  2 20:30 include
drwx------ 3 cms415 gplcms      4096 Oct  7 10:12 lib
drwxr-xr-x 3 cms415 gplcms      4096 Feb  2 20:30 logs
drwxr-xr-x 3 cms415 gplcms      4096 Feb  2 20:30 objs
-rw------- 1 cms415 gplcms       104 Feb  2 20:30 pset.py
-rw------- 1 cms415 gplcms    926827 Feb  2 20:30 pset.py.pkl
-rw------- 1 cms415 gplcms       289 Feb  2 20:30 pset.pyc
drwxr-xr-x 2 cms415 gplcms      4096 Feb  2 20:30 python
-rw------- 1 cms415 gplcms       359 Feb  2 23:00 report.log
drwxr-xr-x 2 cms415 gplcms      4096 Feb  2 20:30 src
-rw------- 1 cms415 gplcms 234267650 Feb  2 23:00 step2.root
drwxr-xr-x 3 cms415 gplcms      4096 Feb  2 20:30 test
drwxr-xr-x 3 cms415 gplcms      4096 Feb  2 20:30 tmp
>>> current directory /scratch/condor/dir_20738/glide_Lp2Btx/execute/dir_18261/CMSSW_6_2_0_SLHC12
>>> (SOFTWARE_DIR): /scratch/condor/dir_20738/glide_Lp2Btx/execute/dir_18261/CMSSW_6_2_0_SLHC12
>>> (WORKING_DIR): 
>>> current directory content:
total 230916
drwxr-xr-x 3 cms415 gplcms      4096 Feb  2 20:30 .SCRAM
-rw------- 1 cms415 gplcms    915837 Feb  2 20:30 CMSSW.py.pkl
drwxr-xr-x 3 cms415 gplcms      4096 Feb  2 20:30 bin
drwxr-xr-x 3 cms415 gplcms      4096 Feb  2 20:30 cfipython
drwxr-xr-x 4 cms415 gplcms      4096 Apr 28  2014 config
-rw------- 1 cms415 gplcms        16 Feb  2 23:00 cpu_timing.txt
drwxr-xr-x 2 cms415 gplcms      4096 Feb  2 20:30 doc
-rw------- 1 cms415 gplcms     25609 Feb  2 23:00 executable.out
drwxr-xr-x 2 cms415 gplcms      4096 Feb  2 20:30 include
drwx------ 3 cms415 gplcms      4096 Oct  7 10:12 lib
drwxr-xr-x 3 cms415 gplcms      4096 Feb  2 20:30 logs
drwxr-xr-x 3 cms415 gplcms      4096 Feb  2 20:30 objs
-rw------- 1 cms415 gplcms       104 Feb  2 20:30 pset.py
-rw------- 1 cms415 gplcms    926827 Feb  2 20:30 pset.py.pkl
-rw------- 1 cms415 gplcms       289 Feb  2 20:30 pset.pyc
drwxr-xr-x 2 cms415 gplcms      4096 Feb  2 20:30 python
-rw------- 1 cms415 gplcms       359 Feb  2 23:00 report.log
drwxr-xr-x 2 cms415 gplcms      4096 Feb  2 20:30 src
-rw------- 1 cms415 gplcms 234267650 Feb  2 23:00 step2_338_1_yuU.root
drwxr-xr-x 3 cms415 gplcms      4096 Feb  2 20:30 test
drwxr-xr-x 3 cms415 gplcms      4096 Feb  2 20:30 tmp
>>> current directory (RUNTIME_AREA):  /scratch/condor/dir_20738/glide_Lp2Btx/execute/dir_18261
PNN = T2_UK_SGrid_RALPP
SE = heplnx204.pp.rl.ac.uk
SE_PATH = /srm/managerv2?SFN=/pnfs/pp.rl.ac.uk/data/cms/store/user/dcieri/ttbar_PU140_DIGI/dcieri/ttbar/ttbar_PU140_DIGI/3c0380cf82de79bc39966c93934c61fc/
LFNBaseName = /store/user/dcieri/ttbar_PU140_DIGI/dcieri/ttbar/ttbar_PU140_DIGI/3c0380cf82de79bc39966c93934c61fc/
USER = dcieri
endpoint = srm://heplnx204.pp.rl.ac.uk:8443/srm/managerv2?SFN=/pnfs/pp.rl.ac.uk/data/cms/store/user/dcieri/ttbar_PU140_DIGI/dcieri/ttbar/ttbar_PU140_DIGI/3c0380cf82de79bc39966c93934c61fc/
>>> Copy output files from WN = heplnc363.pp.rl.ac.uk to /srm/managerv2?SFN=/pnfs/pp.rl.ac.uk/data/cms/store/user/dcieri/ttbar_PU140_DIGI/dcieri/ttbar/ttbar_PU140_DIGI/3c0380cf82de79bc39966c93934c61fc/ :
python cmscp.py  --destination srm://heplnx204.pp.rl.ac.uk:8443/srm/managerv2?SFN=/pnfs/pp.rl.ac.uk/data/cms/store/user/dcieri/ttbar_PU140_DIGI/dcieri/ttbar/ttbar_PU140_DIGI/3c0380cf82de79bc39966c93934c61fc/ --inputFileList /scratch/condor/dir_20738/glide_Lp2Btx/execute/dir_18261/CMSSW_6_2_0_SLHC12/step2_338_1_yuU.root --middleware LCG --PNN T2_UK_SGrid_RALPP --se_name heplnx204.pp.rl.ac.uk --for_lfn /store/user/dcieri/ttbar_PU140_DIGI/dcieri/ttbar/ttbar_PU140_DIGI/3c0380cf82de79bc39966c93934c61fc/    
******************************************************
localSeName  =  heplnx204.pp.rl.ac.uk
remoteSeName =  heplnx204.pp.rl.ac.uk
******************************************************
{"/scratch/condor/dir_20738/glide_Lp2Btx/execute/dir_18261/CMSSW_6_2_0_SLHC12/step2_338_1_yuU.root": {"endpoint": "srm://heplnx204.pp.rl.ac.uk:8443/srm/managerv2?SFN=/pnfs/pp.rl.ac.uk/data/cms/store/user/dcieri/ttbar_PU140_DIGI/dcieri/ttbar/ttbar_PU140_DIGI/3c0380cf82de79bc39966c93934c61fc/", "surl_for_grid": "", "reason": "Copy succedeed with srm-lcg utils", "erCode": "0", "PNN": "T2_UK_SGrid_RALPP", "se_name": "heplnx204.pp.rl.ac.uk", "for_lfn": "/store/user/dcieri/ttbar_PU140_DIGI/dcieri/ttbar/ttbar_PU140_DIGI/3c0380cf82de79bc39966c93934c61fc/"}}/scratch/condor/dir_20738/glide_Lp2Btx/execute/dir_18261
-------- cat /scratch/condor/dir_20738/glide_Lp2Btx/execute/dir_18261/cmscpReport.sh 
#!/bin/bash
echo "Report for File: /scratch/condor/dir_20738/glide_Lp2Btx/execute/dir_18261/CMSSW_6_2_0_SLHC12/step2_338_1_yuU.root"
echo "LFN: /store/user/dcieri/ttbar_PU140_DIGI/dcieri/ttbar/ttbar_PU140_DIGI/3c0380cf82de79bc39966c93934c61fc/step2_338_1_yuU.root"
echo "StorageElement: heplnx204.pp.rl.ac.uk"
echo "StageOutExitStatusReason = 'Copy succedeed with srm-lcg utils'" | tee -a $RUNTIME_AREA/$repo
echo "StageOutSE = heplnx204.pp.rl.ac.uk" >> $RUNTIME_AREA/$repo

export StageOutExitStatus=0
echo "StageOutExitStatus = 0" | tee -a $RUNTIME_AREA/$repo
-------- end of /scratch/condor/dir_20738/glide_Lp2Btx/execute/dir_18261/cmscpReport.sh 
Report for File: /scratch/condor/dir_20738/glide_Lp2Btx/execute/dir_18261/CMSSW_6_2_0_SLHC12/step2_338_1_yuU.root
LFN: /store/user/dcieri/ttbar_PU140_DIGI/dcieri/ttbar/ttbar_PU140_DIGI/3c0380cf82de79bc39966c93934c61fc/step2_338_1_yuU.root
StorageElement: heplnx204.pp.rl.ac.uk
StageOutExitStatusReason = 'Copy succedeed with srm-lcg utils'
StageOutExitStatus = 0
>>> current dir: /scratch/condor/dir_20738/glide_Lp2Btx/execute/dir_18261
>>> current dir content:
total 8828
-rw-------  1 cms415 gplcms    2670 Feb  2 23:01 .SEinteraction.log
-rwx------  1 cms415 gplcms      52 Feb  2 20:29 .chirp_config
-rwx------  1 cms415 gplcms    7835 Feb  2 20:29 .job.ad
-rwx------  1 cms415 gplcms    9799 Feb  2 20:29 .machine.ad
-rw-------  1 cms415 gplcms     105 Feb  2 12:16 CMSSW.py
-rw-------  1 cms415 gplcms  915837 Feb  2 12:16 CMSSW.py.pkl
-rwx------  1 cms415 gplcms   29498 Feb  2 20:30 CMSSW.sh
drwxr-xr-x 15 cms415 gplcms    4096 Feb  2 23:00 CMSSW_6_2_0_SLHC12
-rw-------  1 cms415 gplcms     190 Feb  2 20:30 CacheEnv.sh
-rw-------  1 cms415 gplcms    7291 Nov 19 14:52 DashboardAPI.py
-rw-------  1 cms415 gplcms    6470 Feb  2 20:30 DashboardAPI.pyc
drwx------  2 cms415 gplcms    4096 Feb  2 23:00 IMProv
-rw-------  1 cms415 gplcms    2748 Nov 19 14:52 Logger.py
-rw-------  1 cms415 gplcms    3232 Feb  2 20:30 Logger.pyc
-rw-------  1 cms415 gplcms   24524 Nov 19 14:52 ProcInfo.py
-rw-------  1 cms415 gplcms   22645 Feb  2 20:30 ProcInfo.pyc
drwx------  7 cms415 gplcms    4096 Feb  2 20:30 ProdCommon
drwx------  3 cms415 gplcms    4096 Feb  2 20:30 WMCore
-rw-------  1 cms415 gplcms   13021 Feb  2 23:01 Watchdog_338.log
-rwx------  1 cms415 gplcms       0 Feb  2 20:30 _condor_stderr
-rwx---r--  1 cms415 gplcms   40382 Feb  2 23:01 _condor_stdout
-rw-------  1 cms415 gplcms   32895 Nov 19 14:52 apmon.py
-rw-------  1 cms415 gplcms   27958 Feb  2 20:30 apmon.pyc
-rwx------  1 cms415 gplcms  134309 Feb  2 20:30 arguments.xml
-rwx------  1 cms415 gplcms   38581 Nov 19 14:52 cmscp.py
-rw-------  1 cms415 gplcms     562 Feb  2 23:01 cmscpReport.sh
-rwx------  1 cms415 gplcms   29498 Feb  2 20:30 condor_exec.exe
-rw-------  1 cms415 gplcms     544 Feb  2 12:16 crab.cfg
-rwx------  1 cms415 gplcms    8610 Nov 19 14:52 crabWatchdog.sh
-rwx---r--  1 cms415 gplcms  112055 Feb  2 23:00 crab_fjr_338.xml
-rwx------  1 cms415 gplcms 7390485 Feb  2 20:30 default.tgz
-rwx------  1 cms415 gplcms    4488 Nov 19 14:52 fillCrabFjr.py
-rw-------  1 cms415 gplcms     225 Feb  2 20:30 inputsReport.txt
-rw-------  1 cms415 gplcms     244 Feb  2 23:01 jobreport.txt
-rw-------  1 cms415 gplcms   17352 Nov 19 14:52 parseCrabFjr.py
-rw-------  1 cms415 gplcms     324 Feb  2 20:30 report.log
-rwx--x--x  1 cms415 gplcms    1497 Nov 19 14:52 report.py
-rw-------  1 cms415 gplcms     555 Feb  2 23:01 resultCopyFile
lrwxrwxrwx  1 cms415 gplcms      96 Feb  2 23:00 step2.root -> /scratch/condor/dir_20738/glide_Lp2Btx/execute/dir_18261/CMSSW_6_2_0_SLHC12/step2_338_1_yuU.root
-rwx------  1 cms415 gplcms    8351 Nov 19 14:52 writeCfg.py
-rw-------  1 cms415 gplcms   10293 Feb  2 20:29 x509up_u62281
>>> Modify Job Report:
CMSSW_VERSION = CMSSW_6_2_0_SLHC12
ProcessedDataset = ttbar_PU140_DIGI
/scratch/condor/dir_20738/glide_Lp2Btx/execute/dir_18261/ProdCommon/FwkJobRep/ModifyJobReport.py fjr /scratch/condor/dir_20738/glide_Lp2Btx/execute/dir_18261/crab_fjr_338.xml json /scratch/condor/dir_20738/glide_Lp2Btx/execute/dir_18261/resultCopyFile n_job 338_1_yuU PrimaryDataset ttbar  ApplicationFamily cmsRun ApplicationName cmsRun cmssw_version CMSSW_6_2_0_SLHC12 psethash 3c0380cf82de79bc39966c93934c61fc UserProcessedDataset dcieri-ttbar_PU140_DIGI-3c0380cf82de79bc39966c93934c61fc
inputDict =  {u'/scratch/condor/dir_20738/glide_Lp2Btx/execute/dir_18261/CMSSW_6_2_0_SLHC12/step2_338_1_yuU.root': {u'endpoint': u'srm://heplnx204.pp.rl.ac.uk:8443/srm/managerv2?SFN=/pnfs/pp.rl.ac.uk/data/cms/store/user/dcieri/ttbar_PU140_DIGI/dcieri/ttbar/ttbar_PU140_DIGI/3c0380cf82de79bc39966c93934c61fc/', u'surl_for_grid': u'', u'reason': u'Copy succedeed with srm-lcg utils', u'erCode': u'0', u'PNN': u'T2_UK_SGrid_RALPP', u'se_name': u'heplnx204.pp.rl.ac.uk', u'for_lfn': u'/store/user/dcieri/ttbar_PU140_DIGI/dcieri/ttbar/ttbar_PU140_DIGI/3c0380cf82de79bc39966c93934c61fc/'}}
UserProcessedDataset =  dcieri-ttbar_PU140_DIGI-3c0380cf82de79bc39966c93934c61fc
WORKING ON EDM FILE
file_name in inputDict =  /scratch/condor/dir_20738/glide_Lp2Btx/execute/dir_18261/CMSSW_6_2_0_SLHC12/step2_338_1_yuU.root
(size) os.stat(filename)[6] =  234267650
checksum =  775573932
    file =  step2_338_1_yuU.root
    newPfn =  srm://heplnx204.pp.rl.ac.uk:8443/srm/managerv2?SFN=/pnfs/pp.rl.ac.uk/data/cms/store/user/dcieri/ttbar_PU140_DIGI/dcieri/ttbar/ttbar_PU140_DIGI/3c0380cf82de79bc39966c93934c61fc/step2_338_1_yuU.root
    newLfn =  /store/user/dcieri/ttbar_PU140_DIGI/dcieri/ttbar/ttbar_PU140_DIGI/3c0380cf82de79bc39966c93934c61fc/step2_338_1_yuU.root
>>> crab_fjr_*.xml  permission set to 0704
CrabWrapper EXIT_FUNC entered at Mon Feb  2 23:01:41 GMT 2015   -  Mon Feb  2 23:01:41 UTC 2015
Checking output files:  
will tar file crab_fjr_338.xml in  out_files_338
WARNING: output file CMSSW_338.stdout not found!
WARNING: output file CMSSW_338.stderr not found!
WARNING: output file Watchdog_338.log.gz not found!
>>> padding time: Wrapper lasting more than 600 seconds. No sleep required.
STOPPING WATCHDOG. CrabWatchdog PID is 20315
********** LAST 50 LINES OF WATCHDOG LOG
 Feb 02 21:23:09 GMT	20455	1167512	1669900	69	160	3133	cmsRun -j /scratch/condor/dir_20738/glide_Lp2Btx/execute/dir_18261/crab_fjr_338.xml -p pset.py      
 Feb 02 21:24:09 GMT	20455	1167512	1693452	69	175	3193	cmsRun -j /scratch/condor/dir_20738/glide_Lp2Btx/execute/dir_18261/crab_fjr_338.xml -p pset.py      
 Feb 02 21:24:09 GMT	---	1167512	1693452	90	----	----	----
 Feb 02 21:29:10 GMT	20455	1178480	1693452	90	185	3495	cmsRun -j /scratch/condor/dir_20738/glide_Lp2Btx/execute/dir_18261/crab_fjr_338.xml -p pset.py      
 Feb 02 21:30:11 GMT	20455	1186240	1693452	90	188	3555	cmsRun -j /scratch/condor/dir_20738/glide_Lp2Btx/execute/dir_18261/crab_fjr_338.xml -p pset.py      
 Feb 02 21:31:11 GMT	20455	1187084	1693452	90	190	3615	cmsRun -j /scratch/condor/dir_20738/glide_Lp2Btx/execute/dir_18261/crab_fjr_338.xml -p pset.py      
 Feb 02 21:32:11 GMT	20455	1191044	1694992	90	193	3675	cmsRun -j /scratch/condor/dir_20738/glide_Lp2Btx/execute/dir_18261/crab_fjr_338.xml -p pset.py      
 Feb 02 21:33:11 GMT	20455	1191412	1697808	90	196	3735	cmsRun -j /scratch/condor/dir_20738/glide_Lp2Btx/execute/dir_18261/crab_fjr_338.xml -p pset.py      
 Feb 02 21:34:11 GMT	20455	1195508	1701392	90	199	3796	cmsRun -j /scratch/condor/dir_20738/glide_Lp2Btx/execute/dir_18261/crab_fjr_338.xml -p pset.py      
 Feb 02 21:35:12 GMT	20455	1199220	1704208	90	201	3856	cmsRun -j /scratch/condor/dir_20738/glide_Lp2Btx/execute/dir_18261/crab_fjr_338.xml -p pset.py      
 Feb 02 21:37:12 GMT	20455	1201496	1710608	90	206	3976	cmsRun -j /scratch/condor/dir_20738/glide_Lp2Btx/execute/dir_18261/crab_fjr_338.xml -p pset.py      
 Feb 02 21:38:12 GMT	20455	1247404	1722384	90	214	4037	cmsRun -j /scratch/condor/dir_20738/glide_Lp2Btx/execute/dir_18261/crab_fjr_338.xml -p pset.py      
 Feb 02 21:39:13 GMT	20455	1251120	1724688	90	217	4097	cmsRun -j /scratch/condor/dir_20738/glide_Lp2Btx/execute/dir_18261/crab_fjr_338.xml -p pset.py      
 Feb 02 21:40:13 GMT	20455	1252220	1725200	90	220	4157	cmsRun -j /scratch/condor/dir_20738/glide_Lp2Btx/execute/dir_18261/crab_fjr_338.xml -p pset.py      
 Feb 02 21:41:13 GMT	20455	1319528	1769744	90	232	4217	cmsRun -j /scratch/condor/dir_20738/glide_Lp2Btx/execute/dir_18261/crab_fjr_338.xml -p pset.py      
 Feb 02 21:41:13 GMT	---	1319528	1769744	99	----	----	----
 Feb 02 21:42:13 GMT	---	1319528	1769744	108	----	----	----
 Feb 02 21:58:17 GMT	20455	1450860	1896208	108	298	5241	cmsRun -j /scratch/condor/dir_20738/glide_Lp2Btx/execute/dir_18261/crab_fjr_338.xml -p pset.py      
 Feb 02 21:59:17 GMT	---	1450860	1896208	132	----	----	----
# TIME			PID	RSS(KB)	VSZ(KB)	Dsk(MB)	tCPU(s)	tWALL(s)	COMMAND
# TIME			PID	RSS(KB)	VSZ(KB)	Dsk(MB)	tCPU(s)	tWALL(s)	COMMAND
# TIME			PID	RSS(KB)	VSZ(KB)	Dsk(MB)	tCPU(s)	tWALL(s)	COMMAND
# TIME			PID	RSS(KB)	VSZ(KB)	Dsk(MB)	tCPU(s)	tWALL(s)	COMMAND
# TIME			PID	RSS(KB)	VSZ(KB)	Dsk(MB)	tCPU(s)	tWALL(s)	COMMAND
# TIME			PID	RSS(KB)	VSZ(KB)	Dsk(MB)	tCPU(s)	tWALL(s)	COMMAND
# TIME			PID	RSS(KB)	VSZ(KB)	Dsk(MB)	tCPU(s)	tWALL(s)	COMMAND
# TIME			PID	RSS(KB)	VSZ(KB)	Dsk(MB)	tCPU(s)	tWALL(s)	COMMAND
# TIME			PID	RSS(KB)	VSZ(KB)	Dsk(MB)	tCPU(s)	tWALL(s)	COMMAND
# TIME			PID	RSS(KB)	VSZ(KB)	Dsk(MB)	tCPU(s)	tWALL(s)	COMMAND
# TIME			PID	RSS(KB)	VSZ(KB)	Dsk(MB)	tCPU(s)	tWALL(s)	COMMAND
# TIME			PID	RSS(KB)	VSZ(KB)	Dsk(MB)	tCPU(s)	tWALL(s)	COMMAND
 Feb 02 22:11:20 GMT	---	1450860	1896208	144	----	----	----
 Feb 02 22:12:20 GMT	---	1450860	1896208	153	----	----	----
 Feb 02 22:22:22 GMT	20455	1470460	1907728	153	432	6686	cmsRun -j /scratch/condor/dir_20738/glide_Lp2Btx/execute/dir_18261/crab_fjr_338.xml -p pset.py      
 Feb 02 22:22:22 GMT	---	1470460	1907728	164	----	----	----
 Feb 02 22:23:22 GMT	---	1470460	1907728	174	----	----	----
 Feb 02 22:32:24 GMT	---	1470460	1907728	195	----	----	----
 Feb 02 22:42:27 GMT	---	1470460	1907728	217	----	----	----
 Feb 02 22:47:28 GMT	20455	1470460	1909520	217	591	8193	cmsRun -j /scratch/condor/dir_20738/glide_Lp2Btx/execute/dir_18261/crab_fjr_338.xml -p pset.py      
 Feb 02 22:48:29 GMT	20455	1470460	1915664	217	597	8253	cmsRun -j /scratch/condor/dir_20738/glide_Lp2Btx/execute/dir_18261/crab_fjr_338.xml -p pset.py      
 Feb 02 22:49:29 GMT	20455	1470460	1932560	217	611	8313	cmsRun -j /scratch/condor/dir_20738/glide_Lp2Btx/execute/dir_18261/crab_fjr_338.xml -p pset.py      
 Feb 02 22:50:29 GMT	20455	1470460	1935376	217	619	8373	cmsRun -j /scratch/condor/dir_20738/glide_Lp2Btx/execute/dir_18261/crab_fjr_338.xml -p pset.py      
 Feb 02 22:51:29 GMT	---	1470460	1935376	239	----	----	----
 Feb 02 22:52:29 GMT	20455	1470460	1939984	239	639	8494	cmsRun -j /scratch/condor/dir_20738/glide_Lp2Btx/execute/dir_18261/crab_fjr_338.xml -p pset.py      
 Feb 02 22:55:30 GMT	20455	1470460	1941520	239	651	8674	cmsRun -j /scratch/condor/dir_20738/glide_Lp2Btx/execute/dir_18261/crab_fjr_338.xml -p pset.py      
 Feb 02 22:56:30 GMT	20455	1470460	1943312	239	656	8734	cmsRun -j /scratch/condor/dir_20738/glide_Lp2Btx/execute/dir_18261/crab_fjr_338.xml -p pset.py      
 Feb 02 22:57:30 GMT	20455	1470460	1944848	239	659	8795	cmsRun -j /scratch/condor/dir_20738/glide_Lp2Btx/execute/dir_18261/crab_fjr_338.xml -p pset.py      
 Feb 02 22:58:31 GMT	20455	1470460	1953040	239	669	8855	cmsRun -j /scratch/condor/dir_20738/glide_Lp2Btx/execute/dir_18261/crab_fjr_338.xml -p pset.py      
 Feb 02 23:00:31 GMT	20455	1470460	1981968	239	691	8975	cmsRun -j /scratch/condor/dir_20738/glide_Lp2Btx/execute/dir_18261/crab_fjr_338.xml -p pset.py      
 Feb 02 23:01:31 GMT	---	1470460	1981968	261	----	----	----
********** WATCHDOG LOG ENDED
ZIPPING WATCHDOG LOG
Disk space used:
du -sh /scratch/condor/dir_20738/glide_Lp2Btx/execute/dir_18261
261M	/scratch/condor/dir_20738/glide_Lp2Btx/execute/dir_18261
Found unusual stdout, rename for OSB
`/scratch/condor/dir_20738/glide_Lp2Btx/execute/dir_18261/_condor_stdout' -> `CMSSW_338.stdout'
Found unusual stderr, rename for OSB
`/scratch/condor/dir_20738/glide_Lp2Btx/execute/dir_18261/_condor_stdout' -> `CMSSW_338.stderr'
crab_fjr_338.xml
CMSSW_338.stdout
CMSSW_338.stderr
Watchdog_338.log.gz
Total Output dimension: 24325
WARNING: output files size limit is set to: 50000000
Total Output dimension 24325 is fine.
JOB_EXIT_STATUS = 0
>>> info for dashboard:
***** Cat /scratch/condor/dir_20738/glide_Lp2Btx/execute/dir_18261/jobreport.txt *****
MonitorJobID=338_https://submit-6.t2.ucsd.edu//150202//509447.337
MonitorID=dcieri_PU140_4dm08r
ExeTime=8989
ExeExitCode=0
StageOutExitStatusReason = 'Copy succedeed with srm-lcg utils'
StageOutSE = heplnx204.pp.rl.ac.uk
StageOutExitStatus = 0
CrabUserCpuTime=681.79
CrabSysCpuTime=24.02
CrabCpuPercentage=7%
CrabWrapperTime=9048
CrabStageoutTime=49
JobExitCode=0
***** End Cat jobreport *****
Parameters sent to Dashboard.
EXITING at Mon Feb  2 23:01:43 GMT 2015  -  Mon Feb  2 23:01:43 UTC 2015
