This script was generated by crab (version 2.11.1_patch1).
Running /scratch/condor/dir_4190/glide_x30rIV/execute/dir_11478/condor_exec.exe with 2 positional parameters: 234 1
Today is Mon Feb  2 20:16:52 GMT 2015 - Mon Feb  2 20:16:52 UTC 2015
Job submitted on host heplnc340.pp.rl.ac.uk
Linux heplnc340.pp.rl.ac.uk 2.6.32-504.3.3.el6.x86_64 #1 SMP Tue Dec 16 14:29:22 CST 2014 x86_64 x86_64 x86_64 GNU/Linux
Distributor ID:	Scientific
Description:	Scientific Linux release 6.6 (Carbon)
>>> current directory (RUNTIME_AREA): /scratch/condor/dir_4190/glide_x30rIV/execute/dir_11478
>>> current user: uid=157415(cms415) gid=157000(gplcms) groups=157000(gplcms)
>>> directory permission set to 0700
>>> umask set to:  u=rwx,g=,o=
>>> stdout stderr permission set to 0704
>>> voms proxy information:
subject   : /DC=ch/DC=cern/OU=Organic Units/OU=Users/CN=dcieri/CN=755391/CN=Davide Cieri/CN=769881070/CN=1053818656
issuer    : /DC=ch/DC=cern/OU=Organic Units/OU=Users/CN=dcieri/CN=755391/CN=Davide Cieri/CN=769881070
identity  : /DC=ch/DC=cern/OU=Organic Units/OU=Users/CN=dcieri/CN=755391/CN=Davide Cieri
type      : RFC3820 compliant limited proxy
strength  : 1024
path      : /scratch/condor/dir_4190/glide_x30rIV/execute/dir_11478/x509up_u62281
timeleft  : 23:58:44
key usage : Digital Signature, Key Encipherment
=== VO cms extension information ===
VO        : cms
subject   : /DC=ch/DC=cern/OU=Organic Units/OU=Users/CN=dcieri/CN=755391/CN=Davide Cieri
issuer    : /DC=ch/DC=cern/OU=computers/CN=lcg-voms2.cern.ch
attribute : /cms/Role=NULL/Capability=NULL
timeleft  : 183:59:32
uri       : lcg-voms2.cern.ch:15002

WNHostName=heplnc340.pp.rl.ac.uk
$_CONDOR_JOB_AD =/scratch/condor/dir_4190/glide_x30rIV/execute/dir_11478/.job.ad
OverflowFlag=0
>>> tar --no-same-permissions -xf /scratch/condor/dir_4190/glide_x30rIV/execute/dir_11478/default.tgz :
Successful untar
>>> Include /scratch/condor/dir_4190/glide_x30rIV/execute/dir_11478 in PYTHONPATH:
strip arguments
env var CRAB_UNIQUE_JOB_ID set to: dcieri_PU140_4dm08r_234_1_EBV
out_files_234
>>> list of expected files on output sandbox
output files: crab_fjr_234.xml CMSSW_234.stdout CMSSW_234.stderr Watchdog_234.log.gz
>>> GridFlavour discovery: 
GridFlavour=LCG
>>> SyncSite discovery: 
SyncSite=T2_UK_SGrid_RALPP
>>> SyncCE discovery: 
getting SyncCE from GLIDEIN_Gaekeeper
SyncCE=heplnv147.pp.rl.ac.uk
>>> info for dashboard:
***** Cat /scratch/condor/dir_4190/glide_x30rIV/execute/dir_11478/jobreport.txt *****
WNHostName=heplnc340.pp.rl.ac.uk
OverflowFlag=0
MonitorJobID=234_https://submit-6.t2.ucsd.edu//150202//509447.233
SyncGridJobId=https://submit-6.t2.ucsd.edu//150202//509447.233
MonitorID=dcieri_PU140_4dm08r
GridFlavour=LCG
SyncSite=T2_UK_SGrid_RALPP
SyncCE=heplnv147.pp.rl.ac.uk
***** End Cat jobreport *****
Parameters sent to Dashboard.
>>> setup environment
set SCRAM ARCH to slc6_amd64_gcc472
SCRAM_ARCH = slc6_amd64_gcc472
>>> setup CMS LCG environment:
set SCRAM ARCH and BUILD_ARCH to slc6_amd64_gcc472 ###
Sourcing environment... 
sourcing /cvmfs/cms.cern.ch/cmsset_default.sh
==> setup cms environment ok
>>> specific cmssw setup environment:
CMSSW_VERSION =  CMSSW_6_2_0_SLHC12
WARNING: In non-interactive mode release checks e.g. deprecated releases, production architectures are disabled.
>>> current directory (SOFTWARE_DIR): /scratch/condor/dir_4190/glide_x30rIV/execute/dir_11478/CMSSW_6_2_0_SLHC12
PreserveSeeds: <>
IncrementSeeds:<>
>>> info for dashboard:
***** Cat /scratch/condor/dir_4190/glide_x30rIV/execute/dir_11478/jobreport.txt *****
MonitorJobID=234_https://submit-6.t2.ucsd.edu//150202//509447.233
MonitorID=dcieri_PU140_4dm08r
***** End Cat jobreport *****
Parameters sent to Dashboard.
crabWatchdog started as process 13140
>>> moving CMSSW software directories in /scratch/condor/dir_4190/glide_x30rIV/execute/dir_11478/CMSSW_6_2_0_SLHC12
mv: cannot stat `/scratch/condor/dir_4190/glide_x30rIV/execute/dir_11478/module/': No such file or directory
>>> Include /scratch/condor/dir_4190/glide_x30rIV/execute/dir_11478 in PYTHONPATH:
PYTHONPATH=/scratch/condor/dir_4190/glide_x30rIV/execute/dir_11478/:/scratch/condor/dir_4190/glide_x30rIV/execute/dir_11478/CMSSW_6_2_0_SLHC12/python:/scratch/condor/dir_4190/glide_x30rIV/execute/dir_11478/CMSSW_6_2_0_SLHC12/lib/slc6_amd64_gcc472:/cvmfs/cms.cern.ch/slc6_amd64_gcc472/cms/cmssw/CMSSW_6_2_0_SLHC12/python:/cvmfs/cms.cern.ch/slc6_amd64_gcc472/cms/cmssw/CMSSW_6_2_0_SLHC12/lib/slc6_amd64_gcc472:/cvmfs/cms.cern.ch/slc6_amd64_gcc472/cms/coral/CORAL_2_3_21-cms35/slc6_amd64_gcc472/python:/cvmfs/cms.cern.ch/slc6_amd64_gcc472/cms/coral/CORAL_2_3_21-cms35/slc6_amd64_gcc472/lib:/cvmfs/cms.cern.ch/slc6_amd64_gcc472/external/python-ldap/2.3.5-cms5/lib/python2.7/site-packages:/cvmfs/cms.cern.ch/slc6_amd64_gcc472/external/pyqt/4.8.1-cms5/lib/python2.7/site-packages:/cvmfs/cms.cern.ch/slc6_amd64_gcc472/external/py2-scipy/0.8.0-cms7/lib/python2.7/site-packages:/cvmfs/cms.cern.ch/slc6_amd64_gcc472/external/py2-matplotlib/1.0.1-cms7/lib/python2.7/site-packages:/cvmfs/cms.cern.ch/slc6_amd64_gcc472/external/sip/4.11.2-cms5/lib/python2.7/site-packages:/cvmfs/cms.cern.ch/slc6_amd64_gcc472/external/py2-pycurl/7.19.0-cms7/lib/python2.7/site-packages:/cvmfs/cms.cern.ch/slc6_amd64_gcc472/external/py2-numpy/1.6.1-cms7/lib/python2.7/site-packages:/cvmfs/cms.cern.ch/slc6_amd64_gcc472/external/py2-lint/0.25.1-cms5/lib/python2.7/site-packages:/cvmfs/cms.cern.ch/slc6_amd64_gcc472/external/py2-ipython/0.10-cms5/lib/python2.7/site-packages:/cvmfs/cms.cern.ch/slc6_amd64_gcc472/external/py2-cx-oracle/5.1-cms5/lib/python2.7/site-packages:/cvmfs/cms.cern.ch/slc6_amd64_gcc472/external/py2-cjson/1.0.5-cms5/lib/python2.7/site-packages:/cvmfs/cms.cern.ch/slc6_amd64_gcc472/cms/das-client/1.11.7/bin:/cvmfs/cms.cern.ch/slc6_amd64_gcc472/external/elementtree/1.2.6-cms5/share/lib/python2.7/site-packages:/cvmfs/cms.cern.ch/slc6_amd64_gcc472/external/rivet/1.8.2-cms9/lib/python2.7/site-packages:/cvmfs/cms.cern.ch/slc6_amd64_gcc472/external/pyminuit2/0.0.1-cms19/lib/python2.7/site-packages:/cvmfs/cms.cern.ch/slc6_amd64_gcc472/external/py2-pygithub/1.23.0-cms2/lib/python2.7/site-packages:/cvmfs/cms.cern.ch/slc6_amd64_gcc472/external/professor/1.0.0-cms19/lib/python2.7/site-packages:/cvmfs/cms.cern.ch/slc6_amd64_gcc472/lcg/root/5.34.07-cms/lib:/cvmfs/cms.cern.ch/slc6_amd64_gcc472/cms/dbs-client/DBS_2_1_9-cms5/lib:/cvmfs/cms.cern.ch/slc6_amd64_gcc472/cms/dbs-client/DBS_2_1_9-cms5/lib/DBSAPI:/cvmfs/cms.cern.ch/slc6_amd64_gcc472/external/cvs2git/5419-cms/lib:/scratch/condor/dir_4190/glide_x30rIV/execute/dir_11478/
 
# LIMITS USED BY CRAB WATCHDOG:
# RSS  (KBytes)   : 2300000
# VSZ  (KBytes)   : 100000000
# DISK (MBytes)   : 19000
# CPU TIME        : 720h:0m:0s
# WALL CLOCK TIME : 21h:50m:0s
 
3c0380cf82de79bc39966c93934c61fc
PSETHASH = 3c0380cf82de79bc39966c93934c61fc
/scratch/condor/dir_4190/glide_x30rIV/execute/dir_11478/writeCfg.py pset.py pset.py
Importing .py file
Setting parameters
RandomNumberGeneratorService found, will attempt to change seeds
inputBlocks=/ttbar/dcieri-ttbar_SIM-130075366148575c102f0d64fd3ac8f7/USER#42f4abf6-431f-4645-8b28-bf101a629022
inputFiles=/store/user/dcieri/ttbar_SIM/ttbar/ttbar_SIM/150129_145223/0000/step1_294.root
parentFiles=
lumisRange=
>>> Executable cmsRun
/cvmfs/cms.cern.ch/slc6_amd64_gcc472/cms/cmssw/CMSSW_6_2_0_SLHC12/bin/slc6_amd64_gcc472/cmsRun
ok executable found
>>> info for dashboard:
***** Cat /scratch/condor/dir_4190/glide_x30rIV/execute/dir_11478/jobreport.txt *****
MonitorJobID=234_https://submit-6.t2.ucsd.edu//150202//509447.233
MonitorID=dcieri_PU140_4dm08r
ExeStart=cmsRun
***** End Cat jobreport *****
Parameters sent to Dashboard.
>>> cmsRun started at Mon Feb  2 20:16:59 UTC 2015
>>> cmsRun ended at Mon Feb  2 23:03:07 UTC 2015
>>> crab_fjr_*.xml  permission set to 0704
>>> info for dashboard:
***** Cat /scratch/condor/dir_4190/glide_x30rIV/execute/dir_11478/jobreport.txt *****
MonitorJobID=234_https://submit-6.t2.ucsd.edu//150202//509447.233
MonitorID=dcieri_PU140_4dm08r
ExeEnd=cmsRun
***** End Cat jobreport *****
Parameters sent to Dashboard.
TIME_EXE = 9968 sec
>>> cmsRun wrote 213 lines of stdout+stderr
>>> START OF printout of 213 lines from stdout+stderr
271 DQMStore::DQMStore 
HcalTopologyIdealEP::HcalTopologyIdealEP
02-Feb-2015 20:17:10 GMT  Initiating request to open file root://dcap.pp.rl.ac.uk:1094/pnfs/pp.rl.ac.uk/data/cms/store/user/dcieri/ttbar_SIM/ttbar/ttbar_SIM/150129_145223/0000/step1_294.root
02-Feb-2015 20:17:11 GMT  Successfully opened file root://dcap.pp.rl.ac.uk:1094/pnfs/pp.rl.ac.uk/data/cms/store/user/dcieri/ttbar_SIM/ttbar/ttbar_SIM/150129_145223/0000/step1_294.root
02-Feb-2015 20:17:12 GMT  Initiating request to open file root://xrootd.unl.edu//store/group/dpg_trigger/comm_trigger/L1TrackTrigger/620_SLHC10/Extended2023TTI/MinBias/MinBias_TuneZ2star_GEN_SIM_1.root
02-Feb-2015 20:17:13 GMT  Successfully opened file root://xrootd.unl.edu//store/group/dpg_trigger/comm_trigger/L1TrackTrigger/620_SLHC10/Extended2023TTI/MinBias/MinBias_TuneZ2star_GEN_SIM_1.root
disableME1a = 0
HcalTopologyIdealEP::produce(const IdealGeometryRecord& iRecord)
mode = 2, maxDepthHB = 3, maxDepthHE = 5
RPCGeometryESModule :: produce
RPCGeometryESModule :: produce :: 1/4 Get Muon Ideal Geometry Record
RPCGeometryESModule :: produce :: 2/4 Get Muon DDD Constants
RPCGeometryESModule :: produce :: 3/4 Get Muon Numbering Record
in MuonNumberingInitialization::initializeMuonDDDConstants
about to make my new muonDDDConst_
in MuonNumberingInitialization::produce
RPCGeometryESModule :: produce :: 4/4 Build
Found:

	Barrel Stack layer 5 : 1008 stacks
	Barrel Stack layer 6 : 1320 stacks
	Barrel Stack layer 7 : 1836 stacks
	Barrel Stack layer 8 : 1152 stacks
	Barrel Stack layer 9 : 1488 stacks
	Barrel Stack layer 10 : 1824 stacks

	Endcap Stack disk 11 : 1360 stacks
	Endcap Stack disk 12 : 1360 stacks
	Endcap Stack disk 13 : 1360 stacks
	Endcap Stack disk 14 : 1360 stacks
	Endcap Stack disk 15 : 1360 stacks
Created 15428 stacks in 28 s

TTClusterBuilder< edm::Ref<edm::DetSetVector<PixelDigi>, PixelDigi, edm::refhelper::FindForDetSetVector<PixelDigi> > > loaded modules:
	TTClusterAlgorithm:	TTClusterAlgorithm_2d2013< edm::Ref<edm::DetSetVector<PixelDigi>, PixelDigi, edm::refhelper::FindForDetSetVector<PixelDigi> > >


TTStubBuilder< edm::Ref<edm::DetSetVector<PixelDigi>, PixelDigi, edm::refhelper::FindForDetSetVector<PixelDigi> > > loaded modules:
	TTStubAlgorithm:	TTStubAlgorithm_tab2013< edm::Ref<edm::DetSetVector<PixelDigi>, PixelDigi, edm::refhelper::FindForDetSetVector<PixelDigi> > >


TTClusterAssociator< edm::Ref<edm::DetSetVector<PixelDigi>, PixelDigi, edm::refhelper::FindForDetSetVector<PixelDigi> > > loaded.


TTStubAssociator< edm::Ref<edm::DetSetVector<PixelDigi>, PixelDigi, edm::refhelper::FindForDetSetVector<PixelDigi> > > loaded.


TTTrackAssociator< edm::Ref<edm::DetSetVector<PixelDigi>, PixelDigi, edm::refhelper::FindForDetSetVector<PixelDigi> > > loaded.

Begin processing the 1st record. Run 1, Event 2931, LumiSection 294 at 02-Feb-2015 20:18:02.238 GMT
02-Feb-2015 20:18:08 GMT  Closed file root://xrootd.unl.edu//store/group/dpg_trigger/comm_trigger/L1TrackTrigger/620_SLHC10/Extended2023TTI/MinBias/MinBias_TuneZ2star_GEN_SIM_1.root
02-Feb-2015 20:18:08 GMT  Initiating request to open file root://xrootd.unl.edu//store/group/dpg_trigger/comm_trigger/L1TrackTrigger/620_SLHC10/Extended2023TTI/MinBias/MinBias_TuneZ2star_GEN_SIM_257.root
02-Feb-2015 20:18:40 GMT  Successfully opened file root://xrootd.unl.edu//store/group/dpg_trigger/comm_trigger/L1TrackTrigger/620_SLHC10/Extended2023TTI/MinBias/MinBias_TuneZ2star_GEN_SIM_257.root
150202 20:23:10 17381 Xrd: XrdClientMessage::ReadRaw: Failed to read header (8 bytes).
150202 20:24:10 17185 Xrd: XrdClientMessage::ReadRaw: Failed to read header (8 bytes).
02-Feb-2015 20:37:30 GMT  Closed file root://xrootd.unl.edu//store/group/dpg_trigger/comm_trigger/L1TrackTrigger/620_SLHC10/Extended2023TTI/MinBias/MinBias_TuneZ2star_GEN_SIM_257.root
02-Feb-2015 20:37:30 GMT  Initiating request to open file root://xrootd.unl.edu//store/group/dpg_trigger/comm_trigger/L1TrackTrigger/620_SLHC10/Extended2023TTI/MinBias/MinBias_TuneZ2star_GEN_SIM_388.root
150202 20:37:31 17181 Xrd: XrdClientMessage::ReadRaw: Failed to read header (8 bytes).
150202 20:37:31 16822 Xrd: XrdClientMessage::ReadRaw: Failed to read header (8 bytes).
150202 20:37:31 16832 Xrd: XrdClientMessage::ReadRaw: Failed to read header (8 bytes).
150202 20:38:01 29836 Xrd: CheckErrorStatus: Server [cms-xrd-global.cern.ch:1094] declared: session not found(error code: 3011)
150202 20:38:01 29836 Xrd: CheckErrorStatus: Server [xrootd-redic.pi.infn.it:1094] declared: session not found(error code: 3011)
02-Feb-2015 20:38:02 GMT  Successfully opened file root://xrootd.unl.edu//store/group/dpg_trigger/comm_trigger/L1TrackTrigger/620_SLHC10/Extended2023TTI/MinBias/MinBias_TuneZ2star_GEN_SIM_388.root
150202 20:39:10 19476 Xrd: XrdClientMessage::ReadRaw: Failed to read header (8 bytes).
150202 20:42:40 19477 Xrd: XrdClientMessage::ReadRaw: Failed to read header (8 bytes).
150202 20:43:10 30183 Xrd: XrdClientMessage::ReadRaw: Failed to read header (8 bytes).
02-Feb-2015 20:46:55 GMT  Closed file root://xrootd.unl.edu//store/group/dpg_trigger/comm_trigger/L1TrackTrigger/620_SLHC10/Extended2023TTI/MinBias/MinBias_TuneZ2star_GEN_SIM_388.root
02-Feb-2015 20:46:55 GMT  Initiating request to open file root://xrootd.unl.edu//store/group/dpg_trigger/comm_trigger/L1TrackTrigger/620_SLHC10/Extended2023TTI/MinBias/MinBias_TuneZ2star_GEN_SIM_268.root
150202 20:47:31 2746 Xrd: CheckErrorStatus: Server [xrootd-redic.pi.infn.it:1094] declared: session not found(error code: 3011)
02-Feb-2015 20:47:32 GMT  Successfully opened file root://xrootd.unl.edu//store/group/dpg_trigger/comm_trigger/L1TrackTrigger/620_SLHC10/Extended2023TTI/MinBias/MinBias_TuneZ2star_GEN_SIM_268.root
Building the geometry service
Warning did not find digi
Warning did not find digi
Warning did not find digi
Warning did not find digi
Warning did not find digi in disks
Warning did not find digi in disks
Warning did not find digi in disks
Warning did not find digi in disks
150202 20:52:10 30184 Xrd: XrdClientMessage::ReadRaw: Failed to read header (8 bytes).
150202 20:52:40 3060 Xrd: XrdClientMessage::ReadRaw: Failed to read header (8 bytes).
02-Feb-2015 20:56:29 GMT  Closed file root://xrootd.unl.edu//store/group/dpg_trigger/comm_trigger/L1TrackTrigger/620_SLHC10/Extended2023TTI/MinBias/MinBias_TuneZ2star_GEN_SIM_268.root
02-Feb-2015 20:56:29 GMT  Initiating request to open file root://xrootd.unl.edu//store/group/dpg_trigger/comm_trigger/L1TrackTrigger/620_SLHC10/Extended2023TTI/MinBias/MinBias_TuneZ2star_GEN_SIM_151.root
150202 20:56:43 8141 Xrd: CheckErrorStatus: Server [xrootd-redic.pi.infn.it:1094] declared: session not found(error code: 3011)
02-Feb-2015 20:56:43 GMT  Successfully opened file root://xrootd.unl.edu//store/group/dpg_trigger/comm_trigger/L1TrackTrigger/620_SLHC10/Extended2023TTI/MinBias/MinBias_TuneZ2star_GEN_SIM_151.root
150202 21:01:40 3061 Xrd: XrdClientMessage::ReadRaw: Failed to read header (8 bytes).
150202 21:02:10 8259 Xrd: XrdClientMessage::ReadRaw: Failed to read header (8 bytes).
02-Feb-2015 21:10:26 GMT  Closed file root://xrootd.unl.edu//store/group/dpg_trigger/comm_trigger/L1TrackTrigger/620_SLHC10/Extended2023TTI/MinBias/MinBias_TuneZ2star_GEN_SIM_151.root
02-Feb-2015 21:10:26 GMT  Initiating request to open file root://xrootd.unl.edu//store/group/dpg_trigger/comm_trigger/L1TrackTrigger/620_SLHC10/Extended2023TTI/MinBias/MinBias_TuneZ2star_GEN_SIM_713.root
150202 21:11:11 15503 Xrd: CheckErrorStatus: Server [xrootd-redic.pi.infn.it:1094] declared: session not found(error code: 3011)
02-Feb-2015 21:11:11 GMT  Successfully opened file root://xrootd.unl.edu//store/group/dpg_trigger/comm_trigger/L1TrackTrigger/620_SLHC10/Extended2023TTI/MinBias/MinBias_TuneZ2star_GEN_SIM_713.root
150202 21:15:40 8260 Xrd: XrdClientMessage::ReadRaw: Failed to read header (8 bytes).
150202 21:16:40 15959 Xrd: XrdClientMessage::ReadRaw: Failed to read header (8 bytes).
02-Feb-2015 21:20:08 GMT  Closed file root://xrootd.unl.edu//store/group/dpg_trigger/comm_trigger/L1TrackTrigger/620_SLHC10/Extended2023TTI/MinBias/MinBias_TuneZ2star_GEN_SIM_713.root
02-Feb-2015 21:20:08 GMT  Initiating request to open file root://xrootd.unl.edu//store/group/dpg_trigger/comm_trigger/L1TrackTrigger/620_SLHC10/Extended2023TTI/MinBias/MinBias_TuneZ2star_GEN_SIM_838.root
150202 21:20:41 26107 Xrd: CheckErrorStatus: Server [xrootd-redic.pi.infn.it:1094] declared: session not found(error code: 3011)
02-Feb-2015 21:20:41 GMT  Successfully opened file root://xrootd.unl.edu//store/group/dpg_trigger/comm_trigger/L1TrackTrigger/620_SLHC10/Extended2023TTI/MinBias/MinBias_TuneZ2star_GEN_SIM_838.root
150202 21:25:10 15960 Xrd: XrdClientMessage::ReadRaw: Failed to read header (8 bytes).
150202 21:26:10 26238 Xrd: XrdClientMessage::ReadRaw: Failed to read header (8 bytes).
02-Feb-2015 21:30:10 GMT  Closed file root://xrootd.unl.edu//store/group/dpg_trigger/comm_trigger/L1TrackTrigger/620_SLHC10/Extended2023TTI/MinBias/MinBias_TuneZ2star_GEN_SIM_838.root
02-Feb-2015 21:30:10 GMT  Initiating request to open file root://xrootd.unl.edu//store/group/dpg_trigger/comm_trigger/L1TrackTrigger/620_SLHC10/Extended2023TTI/MinBias/MinBias_TuneZ2star_GEN_SIM_590.root
150202 21:30:42 31047 Xrd: CheckErrorStatus: Server [cms-xrd-global.cern.ch:1094] declared: session not found(error code: 3011)
150202 21:30:42 31047 Xrd: CheckErrorStatus: Server [xrootd.ba.infn.it:1094] declared: session not found(error code: 3011)
02-Feb-2015 21:30:42 GMT  Successfully opened file root://xrootd.unl.edu//store/group/dpg_trigger/comm_trigger/L1TrackTrigger/620_SLHC10/Extended2023TTI/MinBias/MinBias_TuneZ2star_GEN_SIM_590.root
150202 21:35:40 26239 Xrd: XrdClientMessage::ReadRaw: Failed to read header (8 bytes).
150202 21:36:10 31179 Xrd: XrdClientMessage::ReadRaw: Failed to read header (8 bytes).
02-Feb-2015 21:40:28 GMT  Closed file root://xrootd.unl.edu//store/group/dpg_trigger/comm_trigger/L1TrackTrigger/620_SLHC10/Extended2023TTI/MinBias/MinBias_TuneZ2star_GEN_SIM_590.root
02-Feb-2015 21:40:28 GMT  Initiating request to open file root://xrootd.unl.edu//store/group/dpg_trigger/comm_trigger/L1TrackTrigger/620_SLHC10/Extended2023TTI/MinBias/MinBias_TuneZ2star_GEN_SIM_414.root
150202 21:40:58 3796 Xrd: CheckErrorStatus: Server [llrxrd-redir.in2p3.fr:1094] declared: session not found(error code: 3011)
02-Feb-2015 21:40:58 GMT  Successfully opened file root://xrootd.unl.edu//store/group/dpg_trigger/comm_trigger/L1TrackTrigger/620_SLHC10/Extended2023TTI/MinBias/MinBias_TuneZ2star_GEN_SIM_414.root
150202 21:45:40 31180 Xrd: XrdClientMessage::ReadRaw: Failed to read header (8 bytes).
150202 21:45:48 30182 Xrd: XrdClientMessage::ReadRaw: Failed to read header (8 bytes).
150202 21:46:10 4202 Xrd: XrdClientMessage::ReadRaw: Failed to read header (8 bytes).
02-Feb-2015 21:48:55 GMT  Closed file root://xrootd.unl.edu//store/group/dpg_trigger/comm_trigger/L1TrackTrigger/620_SLHC10/Extended2023TTI/MinBias/MinBias_TuneZ2star_GEN_SIM_414.root
02-Feb-2015 21:48:55 GMT  Initiating request to open file root://xrootd.unl.edu//store/group/dpg_trigger/comm_trigger/L1TrackTrigger/620_SLHC10/Extended2023TTI/MinBias/MinBias_TuneZ2star_GEN_SIM_113.root
150202 21:49:26 8115 Xrd: CheckErrorStatus: Server [xrootd.ba.infn.it:1094] declared: session not found(error code: 3011)
02-Feb-2015 21:49:27 GMT  Successfully opened file root://xrootd.unl.edu//store/group/dpg_trigger/comm_trigger/L1TrackTrigger/620_SLHC10/Extended2023TTI/MinBias/MinBias_TuneZ2star_GEN_SIM_113.root
150202 21:54:10 4203 Xrd: XrdClientMessage::ReadRaw: Failed to read header (8 bytes).
150202 21:54:40 8464 Xrd: XrdClientMessage::ReadRaw: Failed to read header (8 bytes).
02-Feb-2015 21:57:56 GMT  Closed file root://xrootd.unl.edu//store/group/dpg_trigger/comm_trigger/L1TrackTrigger/620_SLHC10/Extended2023TTI/MinBias/MinBias_TuneZ2star_GEN_SIM_113.root
02-Feb-2015 21:57:56 GMT  Initiating request to open file root://xrootd.unl.edu//store/group/dpg_trigger/comm_trigger/L1TrackTrigger/620_SLHC10/Extended2023TTI/MinBias/MinBias_TuneZ2star_GEN_SIM_346.root
150202 21:58:27 12715 Xrd: CheckErrorStatus: Server [llrxrd-redir.in2p3.fr:1094] declared: session not found(error code: 3011)
02-Feb-2015 21:58:28 GMT  Successfully opened file root://xrootd.unl.edu//store/group/dpg_trigger/comm_trigger/L1TrackTrigger/620_SLHC10/Extended2023TTI/MinBias/MinBias_TuneZ2star_GEN_SIM_346.root
150202 22:03:10 8465 Xrd: XrdClientMessage::ReadRaw: Failed to read header (8 bytes).
150202 22:03:40 13069 Xrd: XrdClientMessage::ReadRaw: Failed to read header (8 bytes).
02-Feb-2015 22:07:01 GMT  Closed file root://xrootd.unl.edu//store/group/dpg_trigger/comm_trigger/L1TrackTrigger/620_SLHC10/Extended2023TTI/MinBias/MinBias_TuneZ2star_GEN_SIM_346.root
02-Feb-2015 22:07:01 GMT  Initiating request to open file root://xrootd.unl.edu//store/group/dpg_trigger/comm_trigger/L1TrackTrigger/620_SLHC10/Extended2023TTI/MinBias/MinBias_TuneZ2star_GEN_SIM_146.root
150202 22:07:43 17326 Xrd: CheckErrorStatus: Server [llrxrd-redir.in2p3.fr:1094] declared: session not found(error code: 3011)
02-Feb-2015 22:07:44 GMT  Successfully opened file root://xrootd.unl.edu//store/group/dpg_trigger/comm_trigger/L1TrackTrigger/620_SLHC10/Extended2023TTI/MinBias/MinBias_TuneZ2star_GEN_SIM_146.root
150202 22:09:40 31178 Xrd: XrdClientMessage::ReadRaw: Failed to read header (8 bytes).
150202 22:12:10 13070 Xrd: XrdClientMessage::ReadRaw: Failed to read header (8 bytes).
150202 22:13:11 17683 Xrd: XrdClientMessage::ReadRaw: Failed to read header (8 bytes).
02-Feb-2015 22:15:19 GMT  Closed file root://xrootd.unl.edu//store/group/dpg_trigger/comm_trigger/L1TrackTrigger/620_SLHC10/Extended2023TTI/MinBias/MinBias_TuneZ2star_GEN_SIM_146.root
02-Feb-2015 22:15:19 GMT  Initiating request to open file root://xrootd.unl.edu//store/group/dpg_trigger/comm_trigger/L1TrackTrigger/620_SLHC10/Extended2023TTI/MinBias/MinBias_TuneZ2star_GEN_SIM_743.root
150202 22:17:06 22355 Xrd: CheckErrorStatus: Server [llrxrd-redir.in2p3.fr:1094] declared: session not found(error code: 3011)
02-Feb-2015 22:17:06 GMT  Successfully opened file root://xrootd.unl.edu//store/group/dpg_trigger/comm_trigger/L1TrackTrigger/620_SLHC10/Extended2023TTI/MinBias/MinBias_TuneZ2star_GEN_SIM_743.root
02-Feb-2015 22:18:42 GMT  Closed file root://xrootd.unl.edu//store/group/dpg_trigger/comm_trigger/L1TrackTrigger/620_SLHC10/Extended2023TTI/MinBias/MinBias_TuneZ2star_GEN_SIM_743.root
02-Feb-2015 22:18:42 GMT  Initiating request to open file root://xrootd.unl.edu//store/group/dpg_trigger/comm_trigger/L1TrackTrigger/620_SLHC10/Extended2023TTI/MinBias/MinBias_TuneZ2star_GEN_SIM_465.root
150202 22:19:10 24169 Xrd: CheckErrorStatus: Server [cms-xrd-global.cern.ch:1094] declared: session not found(error code: 3011)
02-Feb-2015 22:19:10 GMT  Successfully opened file root://xrootd.unl.edu//store/group/dpg_trigger/comm_trigger/L1TrackTrigger/620_SLHC10/Extended2023TTI/MinBias/MinBias_TuneZ2star_GEN_SIM_465.root
150202 22:20:40 17684 Xrd: XrdClientMessage::ReadRaw: Failed to read header (8 bytes).
02-Feb-2015 22:21:20 GMT  Closed file root://xrootd.unl.edu//store/group/dpg_trigger/comm_trigger/L1TrackTrigger/620_SLHC10/Extended2023TTI/MinBias/MinBias_TuneZ2star_GEN_SIM_465.root
02-Feb-2015 22:21:20 GMT  Initiating request to open file root://xrootd.unl.edu//store/group/dpg_trigger/comm_trigger/L1TrackTrigger/620_SLHC10/Extended2023TTI/MinBias/MinBias_TuneZ2star_GEN_SIM_447.root
150202 22:24:10 23503 Xrd: XrdClientMessage::ReadRaw: Failed to read header (8 bytes).
02-Feb-2015 22:24:21 GMT  Successfully opened file root://xrootd.unl.edu//store/group/dpg_trigger/comm_trigger/L1TrackTrigger/620_SLHC10/Extended2023TTI/MinBias/MinBias_TuneZ2star_GEN_SIM_447.root
150202 22:26:40 24415 Xrd: XrdClientMessage::ReadRaw: Failed to read header (8 bytes).
150202 22:29:13 23502 Xrd: XrdClientMessage::ReadRaw: Failed to read header (8 bytes).
02-Feb-2015 22:29:19 GMT  Closed file root://xrootd.unl.edu//store/group/dpg_trigger/comm_trigger/L1TrackTrigger/620_SLHC10/Extended2023TTI/MinBias/MinBias_TuneZ2star_GEN_SIM_447.root
02-Feb-2015 22:29:19 GMT  Initiating request to open file root://xrootd.unl.edu//store/group/dpg_trigger/comm_trigger/L1TrackTrigger/620_SLHC10/Extended2023TTI/MinBias/MinBias_TuneZ2star_GEN_SIM_388.root
150202 22:29:40 26265 Xrd: XrdClientMessage::ReadRaw: Failed to read header (8 bytes).
150202 22:29:50 28473 Xrd: CheckErrorStatus: Server [llrxrd-redir.in2p3.fr:1094] declared: session not found(error code: 3011)
150202 22:29:50 28473 Xrd: CheckErrorStatus: Server [eoscms.cern.ch:1094] declared: session not found(error code: 3011)
02-Feb-2015 22:29:50 GMT  Successfully opened file root://xrootd.unl.edu//store/group/dpg_trigger/comm_trigger/L1TrackTrigger/620_SLHC10/Extended2023TTI/MinBias/MinBias_TuneZ2star_GEN_SIM_388.root
02-Feb-2015 22:34:01 GMT  Closed file root://xrootd.unl.edu//store/group/dpg_trigger/comm_trigger/L1TrackTrigger/620_SLHC10/Extended2023TTI/MinBias/MinBias_TuneZ2star_GEN_SIM_388.root
02-Feb-2015 22:34:01 GMT  Initiating request to open file root://xrootd.unl.edu//store/group/dpg_trigger/comm_trigger/L1TrackTrigger/620_SLHC10/Extended2023TTI/MinBias/MinBias_TuneZ2star_GEN_SIM_270.root
02-Feb-2015 22:34:31 GMT  Successfully opened file root://xrootd.unl.edu//store/group/dpg_trigger/comm_trigger/L1TrackTrigger/620_SLHC10/Extended2023TTI/MinBias/MinBias_TuneZ2star_GEN_SIM_270.root
150202 22:34:32 26266 Xrd: XrdClientMessage::ReadRaw: Failed to read header (8 bytes).
02-Feb-2015 22:38:32 GMT  Closed file root://xrootd.unl.edu//store/group/dpg_trigger/comm_trigger/L1TrackTrigger/620_SLHC10/Extended2023TTI/MinBias/MinBias_TuneZ2star_GEN_SIM_270.root
02-Feb-2015 22:38:32 GMT  Initiating request to open file root://xrootd.unl.edu//store/group/dpg_trigger/comm_trigger/L1TrackTrigger/620_SLHC10/Extended2023TTI/MinBias/MinBias_TuneZ2star_GEN_SIM_678.root
02-Feb-2015 22:39:03 GMT  Successfully opened file root://xrootd.unl.edu//store/group/dpg_trigger/comm_trigger/L1TrackTrigger/620_SLHC10/Extended2023TTI/MinBias/MinBias_TuneZ2star_GEN_SIM_678.root
150202 22:39:04 28607 Xrd: XrdClientMessage::ReadRaw: Failed to read header (8 bytes).
02-Feb-2015 22:43:06 GMT  Closed file root://xrootd.unl.edu//store/group/dpg_trigger/comm_trigger/L1TrackTrigger/620_SLHC10/Extended2023TTI/MinBias/MinBias_TuneZ2star_GEN_SIM_678.root
02-Feb-2015 22:43:06 GMT  Initiating request to open file root://xrootd.unl.edu//store/group/dpg_trigger/comm_trigger/L1TrackTrigger/620_SLHC10/Extended2023TTI/MinBias/MinBias_TuneZ2star_GEN_SIM_296.root
150202 22:43:37 30810 Xrd: XrdClientMessage::ReadRaw: Failed to read header (8 bytes).
02-Feb-2015 22:43:37 GMT  Successfully opened file root://xrootd.unl.edu//store/group/dpg_trigger/comm_trigger/L1TrackTrigger/620_SLHC10/Extended2023TTI/MinBias/MinBias_TuneZ2star_GEN_SIM_296.root
02-Feb-2015 22:47:57 GMT  Closed file root://xrootd.unl.edu//store/group/dpg_trigger/comm_trigger/L1TrackTrigger/620_SLHC10/Extended2023TTI/MinBias/MinBias_TuneZ2star_GEN_SIM_296.root
02-Feb-2015 22:47:57 GMT  Initiating request to open file root://xrootd.unl.edu//store/group/dpg_trigger/comm_trigger/L1TrackTrigger/620_SLHC10/Extended2023TTI/MinBias/MinBias_TuneZ2star_GEN_SIM_2.root
150202 22:48:10 5760 Xrd: XrdClientMessage::ReadRaw: Failed to read header (8 bytes).
150202 22:48:28 9445 Xrd: CheckErrorStatus: Server [cms-xrd-global.cern.ch:1094] declared: session not found(error code: 3011)
02-Feb-2015 22:48:29 GMT  Successfully opened file root://xrootd.unl.edu//store/group/dpg_trigger/comm_trigger/L1TrackTrigger/620_SLHC10/Extended2023TTI/MinBias/MinBias_TuneZ2star_GEN_SIM_2.root
02-Feb-2015 22:51:30 GMT  Closed file root://xrootd.unl.edu//store/group/dpg_trigger/comm_trigger/L1TrackTrigger/620_SLHC10/Extended2023TTI/MinBias/MinBias_TuneZ2star_GEN_SIM_2.root
02-Feb-2015 22:51:30 GMT  Initiating request to open file root://xrootd.unl.edu//store/group/dpg_trigger/comm_trigger/L1TrackTrigger/620_SLHC10/Extended2023TTI/MinBias/MinBias_TuneZ2star_GEN_SIM_388.root
150202 22:52:01 10810 Xrd: CheckErrorStatus: Server [eoscms.cern.ch:1094] declared: session not found(error code: 3011)
02-Feb-2015 22:52:01 GMT  Successfully opened file root://xrootd.unl.edu//store/group/dpg_trigger/comm_trigger/L1TrackTrigger/620_SLHC10/Extended2023TTI/MinBias/MinBias_TuneZ2star_GEN_SIM_388.root
150202 22:53:10 7681 Xrd: XrdClientMessage::ReadRaw: Failed to read header (8 bytes).
150202 22:54:41 24414 Xrd: XrdClientMessage::ReadRaw: Failed to read header (8 bytes).
02-Feb-2015 22:55:20 GMT  Closed file root://xrootd.unl.edu//store/group/dpg_trigger/comm_trigger/L1TrackTrigger/620_SLHC10/Extended2023TTI/MinBias/MinBias_TuneZ2star_GEN_SIM_388.root
02-Feb-2015 22:55:20 GMT  Initiating request to open file root://xrootd.unl.edu//store/group/dpg_trigger/comm_trigger/L1TrackTrigger/620_SLHC10/Extended2023TTI/MinBias/MinBias_TuneZ2star_GEN_SIM_19.root
02-Feb-2015 22:55:51 GMT  Successfully opened file root://xrootd.unl.edu//store/group/dpg_trigger/comm_trigger/L1TrackTrigger/620_SLHC10/Extended2023TTI/MinBias/MinBias_TuneZ2star_GEN_SIM_19.root
150202 22:56:40 9678 Xrd: XrdClientMessage::ReadRaw: Failed to read header (8 bytes).
02-Feb-2015 22:58:27 GMT  Closed file root://xrootd.unl.edu//store/group/dpg_trigger/comm_trigger/L1TrackTrigger/620_SLHC10/Extended2023TTI/MinBias/MinBias_TuneZ2star_GEN_SIM_19.root
02-Feb-2015 22:58:27 GMT  Initiating request to open file root://xrootd.unl.edu//store/group/dpg_trigger/comm_trigger/L1TrackTrigger/620_SLHC10/Extended2023TTI/MinBias/MinBias_TuneZ2star_GEN_SIM_304.root
02-Feb-2015 22:58:59 GMT  Successfully opened file root://xrootd.unl.edu//store/group/dpg_trigger/comm_trigger/L1TrackTrigger/620_SLHC10/Extended2023TTI/MinBias/MinBias_TuneZ2star_GEN_SIM_304.root
150202 23:00:40 10933 Xrd: XrdClientMessage::ReadRaw: Failed to read header (8 bytes).
02-Feb-2015 23:01:48 GMT  Closed file root://xrootd.unl.edu//store/group/dpg_trigger/comm_trigger/L1TrackTrigger/620_SLHC10/Extended2023TTI/MinBias/MinBias_TuneZ2star_GEN_SIM_304.root
02-Feb-2015 23:01:48 GMT  Initiating request to open file root://xrootd.unl.edu//store/group/dpg_trigger/comm_trigger/L1TrackTrigger/620_SLHC10/Extended2023TTI/MinBias/MinBias_TuneZ2star_GEN_SIM_249.root
02-Feb-2015 23:02:19 GMT  Successfully opened file root://xrootd.unl.edu//store/group/dpg_trigger/comm_trigger/L1TrackTrigger/620_SLHC10/Extended2023TTI/MinBias/MinBias_TuneZ2star_GEN_SIM_249.root
02-Feb-2015 23:03:05 GMT  Closed file root://dcap.pp.rl.ac.uk:1094/pnfs/pp.rl.ac.uk/data/cms/store/user/dcieri/ttbar_SIM/ttbar/ttbar_SIM/150129_145223/0000/step1_294.root
02-Feb-2015 23:03:05 GMT  Closed file root://xrootd.unl.edu//store/group/dpg_trigger/comm_trigger/L1TrackTrigger/620_SLHC10/Extended2023TTI/MinBias/MinBias_TuneZ2star_GEN_SIM_249.root

=============================================

MessageLogger Summary

 type     category        sev    module        subroutine        count    total
 ---- -------------------- -- ---------------- ----------------  -----    -----
    1 fileAction           -s MixingModule:mix                      69       69
    2 fileAction           -s MixingModule:mix                       2        2
    3 fileAction           -s MixingModule:mix                       1        1
    4 fileAction           -s file_close                             1        1
    5 fileAction           -s file_open                              2        2

 type    category    Examples: run/evt        run/evt          run/evt
 ---- -------------------- ---------------- ---------------- ----------------
    1 fileAction           1/2931           1/2931           1/2940
    2 fileAction           pre-events       pre-events       
    3 fileAction           PostEndRun                        
    4 fileAction           PostEndRun                        
    5 fileAction           pre-events       pre-events       

Severity    # Occurrences   Total Occurrences
--------    -------------   -----------------
System                 75                  75
>>> END OF printout of 213 lines from stdout+stderr
>>> Parse FrameworkJobReport crab_fjr.xml
Result of parsing the FrameworkJobReport crab_fjr.xml: 
Extracted ExitStatus from FrameworkJobReport parsing output: 0
>>> Executable succeded  0
ExeExitCode=0
EXECUTABLE_EXIT_STATUS = 0
>>> current directory /scratch/condor/dir_4190/glide_x30rIV/execute/dir_11478/CMSSW_6_2_0_SLHC12
>>>  (SOFTWARE_DIR): /scratch/condor/dir_4190/glide_x30rIV/execute/dir_11478/CMSSW_6_2_0_SLHC12
>>> (WORKING_DIR): 
>>> current directory content:
total 240804
drwxr-xr-x 3 cms415 gplcms      4096 Feb  2 20:16 .SCRAM
-rw------- 1 cms415 gplcms    915837 Feb  2 20:16 CMSSW.py.pkl
drwxr-xr-x 3 cms415 gplcms      4096 Feb  2 20:16 bin
drwxr-xr-x 3 cms415 gplcms      4096 Feb  2 20:16 cfipython
drwxr-xr-x 4 cms415 gplcms      4096 Apr 28  2014 config
-rw------- 1 cms415 gplcms        16 Feb  2 23:03 cpu_timing.txt
drwxr-xr-x 2 cms415 gplcms      4096 Feb  2 20:16 doc
-rw------- 1 cms415 gplcms     23990 Feb  2 23:03 executable.out
drwxr-xr-x 2 cms415 gplcms      4096 Feb  2 20:16 include
drwx------ 3 cms415 gplcms      4096 Oct  7 10:12 lib
drwxr-xr-x 3 cms415 gplcms      4096 Feb  2 20:16 logs
drwxr-xr-x 3 cms415 gplcms      4096 Feb  2 20:16 objs
-rw------- 1 cms415 gplcms       104 Feb  2 20:16 pset.py
-rw------- 1 cms415 gplcms    926822 Feb  2 20:16 pset.py.pkl
-rw------- 1 cms415 gplcms       289 Feb  2 20:16 pset.pyc
drwxr-xr-x 2 cms415 gplcms      4096 Feb  2 20:16 python
-rw------- 1 cms415 gplcms       359 Feb  2 23:03 report.log
drwxr-xr-x 2 cms415 gplcms      4096 Feb  2 20:16 src
-rw------- 1 cms415 gplcms 244387558 Feb  2 23:03 step2.root
drwxr-xr-x 3 cms415 gplcms      4096 Feb  2 20:16 test
drwxr-xr-x 3 cms415 gplcms      4096 Feb  2 20:16 tmp
>>> current directory /scratch/condor/dir_4190/glide_x30rIV/execute/dir_11478/CMSSW_6_2_0_SLHC12
>>> (SOFTWARE_DIR): /scratch/condor/dir_4190/glide_x30rIV/execute/dir_11478/CMSSW_6_2_0_SLHC12
>>> (WORKING_DIR): 
>>> current directory content:
total 240804
drwxr-xr-x 3 cms415 gplcms      4096 Feb  2 20:16 .SCRAM
-rw------- 1 cms415 gplcms    915837 Feb  2 20:16 CMSSW.py.pkl
drwxr-xr-x 3 cms415 gplcms      4096 Feb  2 20:16 bin
drwxr-xr-x 3 cms415 gplcms      4096 Feb  2 20:16 cfipython
drwxr-xr-x 4 cms415 gplcms      4096 Apr 28  2014 config
-rw------- 1 cms415 gplcms        16 Feb  2 23:03 cpu_timing.txt
drwxr-xr-x 2 cms415 gplcms      4096 Feb  2 20:16 doc
-rw------- 1 cms415 gplcms     23990 Feb  2 23:03 executable.out
drwxr-xr-x 2 cms415 gplcms      4096 Feb  2 20:16 include
drwx------ 3 cms415 gplcms      4096 Oct  7 10:12 lib
drwxr-xr-x 3 cms415 gplcms      4096 Feb  2 20:16 logs
drwxr-xr-x 3 cms415 gplcms      4096 Feb  2 20:16 objs
-rw------- 1 cms415 gplcms       104 Feb  2 20:16 pset.py
-rw------- 1 cms415 gplcms    926822 Feb  2 20:16 pset.py.pkl
-rw------- 1 cms415 gplcms       289 Feb  2 20:16 pset.pyc
drwxr-xr-x 2 cms415 gplcms      4096 Feb  2 20:16 python
-rw------- 1 cms415 gplcms       359 Feb  2 23:03 report.log
drwxr-xr-x 2 cms415 gplcms      4096 Feb  2 20:16 src
-rw------- 1 cms415 gplcms 244387558 Feb  2 23:03 step2_234_1_EBV.root
drwxr-xr-x 3 cms415 gplcms      4096 Feb  2 20:16 test
drwxr-xr-x 3 cms415 gplcms      4096 Feb  2 20:16 tmp
>>> current directory (RUNTIME_AREA):  /scratch/condor/dir_4190/glide_x30rIV/execute/dir_11478
PNN = T2_UK_SGrid_RALPP
SE = heplnx204.pp.rl.ac.uk
SE_PATH = /srm/managerv2?SFN=/pnfs/pp.rl.ac.uk/data/cms/store/user/dcieri/ttbar_PU140_DIGI/dcieri/ttbar/ttbar_PU140_DIGI/3c0380cf82de79bc39966c93934c61fc/
LFNBaseName = /store/user/dcieri/ttbar_PU140_DIGI/dcieri/ttbar/ttbar_PU140_DIGI/3c0380cf82de79bc39966c93934c61fc/
USER = dcieri
endpoint = srm://heplnx204.pp.rl.ac.uk:8443/srm/managerv2?SFN=/pnfs/pp.rl.ac.uk/data/cms/store/user/dcieri/ttbar_PU140_DIGI/dcieri/ttbar/ttbar_PU140_DIGI/3c0380cf82de79bc39966c93934c61fc/
>>> Copy output files from WN = heplnc340.pp.rl.ac.uk to /srm/managerv2?SFN=/pnfs/pp.rl.ac.uk/data/cms/store/user/dcieri/ttbar_PU140_DIGI/dcieri/ttbar/ttbar_PU140_DIGI/3c0380cf82de79bc39966c93934c61fc/ :
python cmscp.py  --destination srm://heplnx204.pp.rl.ac.uk:8443/srm/managerv2?SFN=/pnfs/pp.rl.ac.uk/data/cms/store/user/dcieri/ttbar_PU140_DIGI/dcieri/ttbar/ttbar_PU140_DIGI/3c0380cf82de79bc39966c93934c61fc/ --inputFileList /scratch/condor/dir_4190/glide_x30rIV/execute/dir_11478/CMSSW_6_2_0_SLHC12/step2_234_1_EBV.root --middleware LCG --PNN T2_UK_SGrid_RALPP --se_name heplnx204.pp.rl.ac.uk --for_lfn /store/user/dcieri/ttbar_PU140_DIGI/dcieri/ttbar/ttbar_PU140_DIGI/3c0380cf82de79bc39966c93934c61fc/    
******************************************************
localSeName  =  heplnx204.pp.rl.ac.uk
remoteSeName =  heplnx204.pp.rl.ac.uk
******************************************************
{"/scratch/condor/dir_4190/glide_x30rIV/execute/dir_11478/CMSSW_6_2_0_SLHC12/step2_234_1_EBV.root": {"endpoint": "srm://heplnx204.pp.rl.ac.uk:8443/srm/managerv2?SFN=/pnfs/pp.rl.ac.uk/data/cms/store/user/dcieri/ttbar_PU140_DIGI/dcieri/ttbar/ttbar_PU140_DIGI/3c0380cf82de79bc39966c93934c61fc/", "surl_for_grid": "", "reason": "Copy succedeed with srm-lcg utils", "erCode": "0", "PNN": "T2_UK_SGrid_RALPP", "se_name": "heplnx204.pp.rl.ac.uk", "for_lfn": "/store/user/dcieri/ttbar_PU140_DIGI/dcieri/ttbar/ttbar_PU140_DIGI/3c0380cf82de79bc39966c93934c61fc/"}}/scratch/condor/dir_4190/glide_x30rIV/execute/dir_11478
-------- cat /scratch/condor/dir_4190/glide_x30rIV/execute/dir_11478/cmscpReport.sh 
#!/bin/bash
echo "Report for File: /scratch/condor/dir_4190/glide_x30rIV/execute/dir_11478/CMSSW_6_2_0_SLHC12/step2_234_1_EBV.root"
echo "LFN: /store/user/dcieri/ttbar_PU140_DIGI/dcieri/ttbar/ttbar_PU140_DIGI/3c0380cf82de79bc39966c93934c61fc/step2_234_1_EBV.root"
echo "StorageElement: heplnx204.pp.rl.ac.uk"
echo "StageOutExitStatusReason = 'Copy succedeed with srm-lcg utils'" | tee -a $RUNTIME_AREA/$repo
echo "StageOutSE = heplnx204.pp.rl.ac.uk" >> $RUNTIME_AREA/$repo

export StageOutExitStatus=0
echo "StageOutExitStatus = 0" | tee -a $RUNTIME_AREA/$repo
-------- end of /scratch/condor/dir_4190/glide_x30rIV/execute/dir_11478/cmscpReport.sh 
Report for File: /scratch/condor/dir_4190/glide_x30rIV/execute/dir_11478/CMSSW_6_2_0_SLHC12/step2_234_1_EBV.root
LFN: /store/user/dcieri/ttbar_PU140_DIGI/dcieri/ttbar/ttbar_PU140_DIGI/3c0380cf82de79bc39966c93934c61fc/step2_234_1_EBV.root
StorageElement: heplnx204.pp.rl.ac.uk
StageOutExitStatusReason = 'Copy succedeed with srm-lcg utils'
StageOutExitStatus = 0
>>> current dir: /scratch/condor/dir_4190/glide_x30rIV/execute/dir_11478
>>> current dir content:
total 8824
-rw-------  1 cms415 gplcms    2793 Feb  2 23:03 .SEinteraction.log
-rwx------  1 cms415 gplcms      52 Feb  2 20:15 .chirp_config
-rwx------  1 cms415 gplcms    7817 Feb  2 20:15 .job.ad
-rwx------  1 cms415 gplcms    9741 Feb  2 20:15 .machine.ad
-rw-------  1 cms415 gplcms     105 Feb  2 12:16 CMSSW.py
-rw-------  1 cms415 gplcms  915837 Feb  2 12:16 CMSSW.py.pkl
-rwx------  1 cms415 gplcms   29498 Feb  2 20:16 CMSSW.sh
drwxr-xr-x 15 cms415 gplcms    4096 Feb  2 23:03 CMSSW_6_2_0_SLHC12
-rw-------  1 cms415 gplcms     189 Feb  2 20:16 CacheEnv.sh
-rw-------  1 cms415 gplcms    7291 Nov 19 14:52 DashboardAPI.py
-rw-------  1 cms415 gplcms    6455 Feb  2 20:16 DashboardAPI.pyc
drwx------  2 cms415 gplcms    4096 Feb  2 23:03 IMProv
-rw-------  1 cms415 gplcms    2748 Nov 19 14:52 Logger.py
-rw-------  1 cms415 gplcms    3227 Feb  2 20:16 Logger.pyc
-rw-------  1 cms415 gplcms   24524 Nov 19 14:52 ProcInfo.py
-rw-------  1 cms415 gplcms   22621 Feb  2 20:16 ProcInfo.pyc
drwx------  7 cms415 gplcms    4096 Feb  2 20:16 ProdCommon
drwx------  3 cms415 gplcms    4096 Feb  2 20:16 WMCore
-rw-------  1 cms415 gplcms   10537 Feb  2 23:03 Watchdog_234.log
-rwx------  1 cms415 gplcms       0 Feb  2 20:16 _condor_stderr
-rwx---r--  1 cms415 gplcms   38733 Feb  2 23:03 _condor_stdout
-rw-------  1 cms415 gplcms   32895 Nov 19 14:52 apmon.py
-rw-------  1 cms415 gplcms   27929 Feb  2 20:16 apmon.pyc
-rwx------  1 cms415 gplcms  134309 Feb  2 20:16 arguments.xml
-rwx------  1 cms415 gplcms   38581 Nov 19 14:52 cmscp.py
-rw-------  1 cms415 gplcms     561 Feb  2 23:03 cmscpReport.sh
-rwx------  1 cms415 gplcms   29498 Feb  2 20:16 condor_exec.exe
-rw-------  1 cms415 gplcms     544 Feb  2 12:16 crab.cfg
-rwx------  1 cms415 gplcms    8610 Nov 19 14:52 crabWatchdog.sh
-rwx---r--  1 cms415 gplcms  112087 Feb  2 23:03 crab_fjr_234.xml
-rwx------  1 cms415 gplcms 7390485 Feb  2 20:16 default.tgz
-rwx------  1 cms415 gplcms    4488 Nov 19 14:52 fillCrabFjr.py
-rw-------  1 cms415 gplcms     226 Feb  2 20:16 inputsReport.txt
-rw-------  1 cms415 gplcms     244 Feb  2 23:03 jobreport.txt
-rw-------  1 cms415 gplcms   17352 Nov 19 14:52 parseCrabFjr.py
-rw-------  1 cms415 gplcms     324 Feb  2 20:16 report.log
-rwx--x--x  1 cms415 gplcms    1497 Nov 19 14:52 report.py
-rw-------  1 cms415 gplcms     554 Feb  2 23:03 resultCopyFile
lrwxrwxrwx  1 cms415 gplcms      95 Feb  2 23:03 step2.root -> /scratch/condor/dir_4190/glide_x30rIV/execute/dir_11478/CMSSW_6_2_0_SLHC12/step2_234_1_EBV.root
-rwx------  1 cms415 gplcms    8351 Nov 19 14:52 writeCfg.py
-rw-------  1 cms415 gplcms   10293 Feb  2 20:15 x509up_u62281
>>> Modify Job Report:
CMSSW_VERSION = CMSSW_6_2_0_SLHC12
ProcessedDataset = ttbar_PU140_DIGI
/scratch/condor/dir_4190/glide_x30rIV/execute/dir_11478/ProdCommon/FwkJobRep/ModifyJobReport.py fjr /scratch/condor/dir_4190/glide_x30rIV/execute/dir_11478/crab_fjr_234.xml json /scratch/condor/dir_4190/glide_x30rIV/execute/dir_11478/resultCopyFile n_job 234_1_EBV PrimaryDataset ttbar  ApplicationFamily cmsRun ApplicationName cmsRun cmssw_version CMSSW_6_2_0_SLHC12 psethash 3c0380cf82de79bc39966c93934c61fc UserProcessedDataset dcieri-ttbar_PU140_DIGI-3c0380cf82de79bc39966c93934c61fc
inputDict =  {u'/scratch/condor/dir_4190/glide_x30rIV/execute/dir_11478/CMSSW_6_2_0_SLHC12/step2_234_1_EBV.root': {u'endpoint': u'srm://heplnx204.pp.rl.ac.uk:8443/srm/managerv2?SFN=/pnfs/pp.rl.ac.uk/data/cms/store/user/dcieri/ttbar_PU140_DIGI/dcieri/ttbar/ttbar_PU140_DIGI/3c0380cf82de79bc39966c93934c61fc/', u'surl_for_grid': u'', u'reason': u'Copy succedeed with srm-lcg utils', u'erCode': u'0', u'PNN': u'T2_UK_SGrid_RALPP', u'se_name': u'heplnx204.pp.rl.ac.uk', u'for_lfn': u'/store/user/dcieri/ttbar_PU140_DIGI/dcieri/ttbar/ttbar_PU140_DIGI/3c0380cf82de79bc39966c93934c61fc/'}}
UserProcessedDataset =  dcieri-ttbar_PU140_DIGI-3c0380cf82de79bc39966c93934c61fc
WORKING ON EDM FILE
file_name in inputDict =  /scratch/condor/dir_4190/glide_x30rIV/execute/dir_11478/CMSSW_6_2_0_SLHC12/step2_234_1_EBV.root
(size) os.stat(filename)[6] =  244387558
checksum =  3592141563
    file =  step2_234_1_EBV.root
    newPfn =  srm://heplnx204.pp.rl.ac.uk:8443/srm/managerv2?SFN=/pnfs/pp.rl.ac.uk/data/cms/store/user/dcieri/ttbar_PU140_DIGI/dcieri/ttbar/ttbar_PU140_DIGI/3c0380cf82de79bc39966c93934c61fc/step2_234_1_EBV.root
    newLfn =  /store/user/dcieri/ttbar_PU140_DIGI/dcieri/ttbar/ttbar_PU140_DIGI/3c0380cf82de79bc39966c93934c61fc/step2_234_1_EBV.root
>>> crab_fjr_*.xml  permission set to 0704
CrabWrapper EXIT_FUNC entered at Mon Feb  2 23:04:01 GMT 2015   -  Mon Feb  2 23:04:01 UTC 2015
Checking output files:  
will tar file crab_fjr_234.xml in  out_files_234
WARNING: output file CMSSW_234.stdout not found!
WARNING: output file CMSSW_234.stderr not found!
WARNING: output file Watchdog_234.log.gz not found!
>>> padding time: Wrapper lasting more than 600 seconds. No sleep required.
STOPPING WATCHDOG. CrabWatchdog PID is 13140
********** LAST 50 LINES OF WATCHDOG LOG
 Feb 02 20:41:01 GMT	13764	845908	1241456	50	90	1445	cmsRun -j /scratch/condor/dir_4190/glide_x30rIV/execute/dir_11478/crab_fjr_234.xml -p pset.py      
 Feb 02 20:42:01 GMT	13764	847556	1245808	50	94	1505	cmsRun -j /scratch/condor/dir_4190/glide_x30rIV/execute/dir_11478/crab_fjr_234.xml -p pset.py      
 Feb 02 20:43:01 GMT	13764	863576	1252976	50	98	1565	cmsRun -j /scratch/condor/dir_4190/glide_x30rIV/execute/dir_11478/crab_fjr_234.xml -p pset.py      
 Feb 02 20:44:02 GMT	13764	929344	1313136	50	106	1626	cmsRun -j /scratch/condor/dir_4190/glide_x30rIV/execute/dir_11478/crab_fjr_234.xml -p pset.py      
 Feb 02 20:45:02 GMT	13764	1003176	1392752	50	115	1686	cmsRun -j /scratch/condor/dir_4190/glide_x30rIV/execute/dir_11478/crab_fjr_234.xml -p pset.py      
 Feb 02 20:46:02 GMT	13764	1030320	1392752	50	118	1746	cmsRun -j /scratch/condor/dir_4190/glide_x30rIV/execute/dir_11478/crab_fjr_234.xml -p pset.py      
# TIME			PID	RSS(KB)	VSZ(KB)	Dsk(MB)	tCPU(s)	tWALL(s)	COMMAND
# TIME			PID	RSS(KB)	VSZ(KB)	Dsk(MB)	tCPU(s)	tWALL(s)	COMMAND
 Feb 02 20:48:02 GMT	13764	1048776	1392752	50	122	1866	cmsRun -j /scratch/condor/dir_4190/glide_x30rIV/execute/dir_11478/crab_fjr_234.xml -p pset.py      
 Feb 02 20:49:02 GMT	13764	1074572	1403256	50	125	1927	cmsRun -j /scratch/condor/dir_4190/glide_x30rIV/execute/dir_11478/crab_fjr_234.xml -p pset.py      
 Feb 02 20:50:03 GMT	13764	1216120	1688884	50	154	1987	cmsRun -j /scratch/condor/dir_4190/glide_x30rIV/execute/dir_11478/crab_fjr_234.xml -p pset.py      
 Feb 02 20:50:03 GMT	---	1216120	1688884	72	----	----	----
 Feb 02 20:51:03 GMT	13764	1240432	1689908	72	155	2047	cmsRun -j /scratch/condor/dir_4190/glide_x30rIV/execute/dir_11478/crab_fjr_234.xml -p pset.py      
 Feb 02 20:52:03 GMT	13764	1263836	1690676	72	157	2107	cmsRun -j /scratch/condor/dir_4190/glide_x30rIV/execute/dir_11478/crab_fjr_234.xml -p pset.py      
 Feb 02 20:53:03 GMT	13764	1267880	1690676	72	161	2167	cmsRun -j /scratch/condor/dir_4190/glide_x30rIV/execute/dir_11478/crab_fjr_234.xml -p pset.py      
 Feb 02 20:54:03 GMT	13764	1269776	1690676	72	164	2228	cmsRun -j /scratch/condor/dir_4190/glide_x30rIV/execute/dir_11478/crab_fjr_234.xml -p pset.py      
 Feb 02 20:55:04 GMT	13764	1270872	1690676	72	167	2288	cmsRun -j /scratch/condor/dir_4190/glide_x30rIV/execute/dir_11478/crab_fjr_234.xml -p pset.py      
 Feb 02 20:56:04 GMT	13764	1271824	1690676	72	170	2348	cmsRun -j /scratch/condor/dir_4190/glide_x30rIV/execute/dir_11478/crab_fjr_234.xml -p pset.py      
 Feb 02 21:02:05 GMT	13764	1272332	1690676	72	179	2709	cmsRun -j /scratch/condor/dir_4190/glide_x30rIV/execute/dir_11478/crab_fjr_234.xml -p pset.py      
 Feb 02 21:03:05 GMT	13764	1273192	1690676	72	181	2769	cmsRun -j /scratch/condor/dir_4190/glide_x30rIV/execute/dir_11478/crab_fjr_234.xml -p pset.py      
 Feb 02 21:04:05 GMT	13764	1275336	1690676	72	183	2831	cmsRun -j /scratch/condor/dir_4190/glide_x30rIV/execute/dir_11478/crab_fjr_234.xml -p pset.py      
 Feb 02 21:05:07 GMT	13764	1276420	1691188	72	185	2891	cmsRun -j /scratch/condor/dir_4190/glide_x30rIV/execute/dir_11478/crab_fjr_234.xml -p pset.py      
 Feb 02 21:06:07 GMT	13764	1276420	1691444	72	187	2951	cmsRun -j /scratch/condor/dir_4190/glide_x30rIV/execute/dir_11478/crab_fjr_234.xml -p pset.py      
 Feb 02 21:07:07 GMT	13764	1279240	1692724	72	190	3012	cmsRun -j /scratch/condor/dir_4190/glide_x30rIV/execute/dir_11478/crab_fjr_234.xml -p pset.py      
 Feb 02 21:08:08 GMT	13764	1280116	1694260	72	193	3072	cmsRun -j /scratch/condor/dir_4190/glide_x30rIV/execute/dir_11478/crab_fjr_234.xml -p pset.py      
 Feb 02 21:09:08 GMT	13764	1313460	1698868	72	199	3132	cmsRun -j /scratch/condor/dir_4190/glide_x30rIV/execute/dir_11478/crab_fjr_234.xml -p pset.py      
 Feb 02 21:10:08 GMT	13764	1360960	1707316	72	207	3193	cmsRun -j /scratch/condor/dir_4190/glide_x30rIV/execute/dir_11478/crab_fjr_234.xml -p pset.py      
 Feb 02 21:12:09 GMT	13764	1364712	1712692	72	210	3313	cmsRun -j /scratch/condor/dir_4190/glide_x30rIV/execute/dir_11478/crab_fjr_234.xml -p pset.py      
 Feb 02 21:13:09 GMT	13764	1367320	1716788	72	213	3373	cmsRun -j /scratch/condor/dir_4190/glide_x30rIV/execute/dir_11478/crab_fjr_234.xml -p pset.py      
 Feb 02 21:14:09 GMT	13764	1446292	1792012	72	223	3433	cmsRun -j /scratch/condor/dir_4190/glide_x30rIV/execute/dir_11478/crab_fjr_234.xml -p pset.py      
 Feb 02 21:15:09 GMT	---	1446292	1792012	92	----	----	----
 Feb 02 21:36:13 GMT	---	1446292	1792012	114	----	----	----
 Feb 02 21:57:18 GMT	---	1446292	1792012	135	----	----	----
 Feb 02 22:10:21 GMT	13764	1446292	1795340	135	443	6805	cmsRun -j /scratch/condor/dir_4190/glide_x30rIV/execute/dir_11478/crab_fjr_234.xml -p pset.py      
 Feb 02 22:11:21 GMT	13764	1446292	1814284	135	452	6865	cmsRun -j /scratch/condor/dir_4190/glide_x30rIV/execute/dir_11478/crab_fjr_234.xml -p pset.py      
 Feb 02 22:13:22 GMT	13764	1446292	1814540	135	457	6986	cmsRun -j /scratch/condor/dir_4190/glide_x30rIV/execute/dir_11478/crab_fjr_234.xml -p pset.py      
 Feb 02 22:17:23 GMT	13764	1537940	1884940	135	473	7227	cmsRun -j /scratch/condor/dir_4190/glide_x30rIV/execute/dir_11478/crab_fjr_234.xml -p pset.py      
 Feb 02 22:17:23 GMT	---	1537940	1884940	136	----	----	----
# TIME			PID	RSS(KB)	VSZ(KB)	Dsk(MB)	tCPU(s)	tWALL(s)	COMMAND
 Feb 02 22:18:23 GMT	---	1537940	1884940	155	----	----	----
 Feb 02 22:26:25 GMT	---	1537940	1884940	182	----	----	----
 Feb 02 22:35:26 GMT	13764	1537940	1902604	182	634	8310	cmsRun -j /scratch/condor/dir_4190/glide_x30rIV/execute/dir_11478/crab_fjr_234.xml -p pset.py      
 Feb 02 22:37:27 GMT	---	1537940	1902604	204	----	----	----
 Feb 02 22:45:30 GMT	13764	1537940	1906444	204	721	8914	cmsRun -j /scratch/condor/dir_4190/glide_x30rIV/execute/dir_11478/crab_fjr_234.xml -p pset.py      
 Feb 02 22:46:30 GMT	13764	1575564	1949708	204	731	8975	cmsRun -j /scratch/condor/dir_4190/glide_x30rIV/execute/dir_11478/crab_fjr_234.xml -p pset.py      
 Feb 02 22:47:31 GMT	---	1575564	1949708	227	----	----	----
 Feb 02 22:55:32 GMT	---	1575564	1949708	250	----	----	----
 Feb 02 23:00:33 GMT	13764	1575564	1955340	250	877	9817	cmsRun -j /scratch/condor/dir_4190/glide_x30rIV/execute/dir_11478/crab_fjr_234.xml -p pset.py      
 Feb 02 23:01:33 GMT	13764	1575564	1971980	250	895	9877	cmsRun -j /scratch/condor/dir_4190/glide_x30rIV/execute/dir_11478/crab_fjr_234.xml -p pset.py      
 Feb 02 23:03:34 GMT	---	1575564	1971980	271	----	----	----
********** WATCHDOG LOG ENDED
ZIPPING WATCHDOG LOG
Disk space used:
du -sh /scratch/condor/dir_4190/glide_x30rIV/execute/dir_11478
271M	/scratch/condor/dir_4190/glide_x30rIV/execute/dir_11478
Found unusual stdout, rename for OSB
`/scratch/condor/dir_4190/glide_x30rIV/execute/dir_11478/_condor_stdout' -> `CMSSW_234.stdout'
Found unusual stderr, rename for OSB
`/scratch/condor/dir_4190/glide_x30rIV/execute/dir_11478/_condor_stdout' -> `CMSSW_234.stderr'
crab_fjr_234.xml
CMSSW_234.stdout
CMSSW_234.stderr
Watchdog_234.log.gz
Total Output dimension: 24232
WARNING: output files size limit is set to: 50000000
Total Output dimension 24232 is fine.
JOB_EXIT_STATUS = 0
>>> info for dashboard:
***** Cat /scratch/condor/dir_4190/glide_x30rIV/execute/dir_11478/jobreport.txt *****
MonitorJobID=234_https://submit-6.t2.ucsd.edu//150202//509447.233
MonitorID=dcieri_PU140_4dm08r
ExeTime=9968
ExeExitCode=0
StageOutExitStatusReason = 'Copy succedeed with srm-lcg utils'
StageOutSE = heplnx204.pp.rl.ac.uk
StageOutExitStatus = 0
CrabUserCpuTime=896.84
CrabSysCpuTime=24.21
CrabCpuPercentage=9%
CrabWrapperTime=10029
CrabStageoutTime=48
JobExitCode=0
***** End Cat jobreport *****
Parameters sent to Dashboard.
EXITING at Mon Feb  2 23:04:03 GMT 2015  -  Mon Feb  2 23:04:03 UTC 2015
