This script was generated by crab (version 2.11.1_patch1).
Running /scratch/condor/dir_4744/glide_XKJxeU/execute/dir_24719/condor_exec.exe with 2 positional parameters: 488 1
Today is Mon Feb  2 21:35:26 GMT 2015 - Mon Feb  2 21:35:26 UTC 2015
Job submitted on host heplnc375.pp.rl.ac.uk
Linux heplnc375.pp.rl.ac.uk 2.6.32-504.3.3.el6.x86_64 #1 SMP Tue Dec 16 14:29:22 CST 2014 x86_64 x86_64 x86_64 GNU/Linux
Distributor ID:	Scientific
Description:	Scientific Linux release 6.6 (Carbon)
>>> current directory (RUNTIME_AREA): /scratch/condor/dir_4744/glide_XKJxeU/execute/dir_24719
>>> current user: uid=157415(cms415) gid=157000(gplcms) groups=157000(gplcms)
>>> directory permission set to 0700
>>> umask set to:  u=rwx,g=,o=
>>> stdout stderr permission set to 0704
>>> voms proxy information:
subject   : /DC=ch/DC=cern/OU=Organic Units/OU=Users/CN=dcieri/CN=755391/CN=Davide Cieri/CN=769881070/CN=792550496
issuer    : /DC=ch/DC=cern/OU=Organic Units/OU=Users/CN=dcieri/CN=755391/CN=Davide Cieri/CN=769881070
identity  : /DC=ch/DC=cern/OU=Organic Units/OU=Users/CN=dcieri/CN=755391/CN=Davide Cieri
type      : RFC3820 compliant limited proxy
strength  : 1024
path      : /scratch/condor/dir_4744/glide_XKJxeU/execute/dir_24719/x509up_u62281
timeleft  : 23:58:46
key usage : Digital Signature, Key Encipherment
=== VO cms extension information ===
VO        : cms
subject   : /DC=ch/DC=cern/OU=Organic Units/OU=Users/CN=dcieri/CN=755391/CN=Davide Cieri
issuer    : /DC=ch/DC=cern/OU=computers/CN=lcg-voms2.cern.ch
attribute : /cms/Role=NULL/Capability=NULL
timeleft  : 182:40:59
uri       : lcg-voms2.cern.ch:15002

WNHostName=heplnc375.pp.rl.ac.uk
$_CONDOR_JOB_AD =/scratch/condor/dir_4744/glide_XKJxeU/execute/dir_24719/.job.ad
OverflowFlag=0
>>> tar --no-same-permissions -xf /scratch/condor/dir_4744/glide_XKJxeU/execute/dir_24719/default.tgz :
Successful untar
>>> Include /scratch/condor/dir_4744/glide_XKJxeU/execute/dir_24719 in PYTHONPATH:
strip arguments
env var CRAB_UNIQUE_JOB_ID set to: dcieri_PU140_4dm08r_488_1_eeB
out_files_488
>>> list of expected files on output sandbox
output files: crab_fjr_488.xml CMSSW_488.stdout CMSSW_488.stderr Watchdog_488.log.gz
>>> GridFlavour discovery: 
GridFlavour=LCG
>>> SyncSite discovery: 
SyncSite=T2_UK_SGrid_RALPP
>>> SyncCE discovery: 
getting SyncCE from GLIDEIN_Gaekeeper
SyncCE=heplnv147.pp.rl.ac.uk
>>> info for dashboard:
***** Cat /scratch/condor/dir_4744/glide_XKJxeU/execute/dir_24719/jobreport.txt *****
WNHostName=heplnc375.pp.rl.ac.uk
OverflowFlag=0
MonitorJobID=488_https://submit-6.t2.ucsd.edu//150202//509448.87
SyncGridJobId=https://submit-6.t2.ucsd.edu//150202//509448.87
MonitorID=dcieri_PU140_4dm08r
GridFlavour=LCG
SyncSite=T2_UK_SGrid_RALPP
SyncCE=heplnv147.pp.rl.ac.uk
***** End Cat jobreport *****
Parameters sent to Dashboard.
>>> setup environment
set SCRAM ARCH to slc6_amd64_gcc472
SCRAM_ARCH = slc6_amd64_gcc472
>>> setup CMS LCG environment:
set SCRAM ARCH and BUILD_ARCH to slc6_amd64_gcc472 ###
Sourcing environment... 
sourcing /cvmfs/cms.cern.ch/cmsset_default.sh
==> setup cms environment ok
>>> specific cmssw setup environment:
CMSSW_VERSION =  CMSSW_6_2_0_SLHC12
WARNING: In non-interactive mode release checks e.g. deprecated releases, production architectures are disabled.
>>> current directory (SOFTWARE_DIR): /scratch/condor/dir_4744/glide_XKJxeU/execute/dir_24719/CMSSW_6_2_0_SLHC12
PreserveSeeds: <>
IncrementSeeds:<>
>>> info for dashboard:
***** Cat /scratch/condor/dir_4744/glide_XKJxeU/execute/dir_24719/jobreport.txt *****
MonitorJobID=488_https://submit-6.t2.ucsd.edu//150202//509448.87
MonitorID=dcieri_PU140_4dm08r
***** End Cat jobreport *****
Parameters sent to Dashboard.
crabWatchdog started as process 27623
>>> moving CMSSW software directories in /scratch/condor/dir_4744/glide_XKJxeU/execute/dir_24719/CMSSW_6_2_0_SLHC12
mv: cannot stat `/scratch/condor/dir_4744/glide_XKJxeU/execute/dir_24719/module/': No such file or directory
>>> Include /scratch/condor/dir_4744/glide_XKJxeU/execute/dir_24719 in PYTHONPATH:
PYTHONPATH=/scratch/condor/dir_4744/glide_XKJxeU/execute/dir_24719/:/scratch/condor/dir_4744/glide_XKJxeU/execute/dir_24719/CMSSW_6_2_0_SLHC12/python:/scratch/condor/dir_4744/glide_XKJxeU/execute/dir_24719/CMSSW_6_2_0_SLHC12/lib/slc6_amd64_gcc472:/cvmfs/cms.cern.ch/slc6_amd64_gcc472/cms/cmssw/CMSSW_6_2_0_SLHC12/python:/cvmfs/cms.cern.ch/slc6_amd64_gcc472/cms/cmssw/CMSSW_6_2_0_SLHC12/lib/slc6_amd64_gcc472:/cvmfs/cms.cern.ch/slc6_amd64_gcc472/cms/coral/CORAL_2_3_21-cms35/slc6_amd64_gcc472/python:/cvmfs/cms.cern.ch/slc6_amd64_gcc472/cms/coral/CORAL_2_3_21-cms35/slc6_amd64_gcc472/lib:/cvmfs/cms.cern.ch/slc6_amd64_gcc472/external/python-ldap/2.3.5-cms5/lib/python2.7/site-packages:/cvmfs/cms.cern.ch/slc6_amd64_gcc472/external/pyqt/4.8.1-cms5/lib/python2.7/site-packages:/cvmfs/cms.cern.ch/slc6_amd64_gcc472/external/py2-scipy/0.8.0-cms7/lib/python2.7/site-packages:/cvmfs/cms.cern.ch/slc6_amd64_gcc472/external/py2-matplotlib/1.0.1-cms7/lib/python2.7/site-packages:/cvmfs/cms.cern.ch/slc6_amd64_gcc472/external/sip/4.11.2-cms5/lib/python2.7/site-packages:/cvmfs/cms.cern.ch/slc6_amd64_gcc472/external/py2-pycurl/7.19.0-cms7/lib/python2.7/site-packages:/cvmfs/cms.cern.ch/slc6_amd64_gcc472/external/py2-numpy/1.6.1-cms7/lib/python2.7/site-packages:/cvmfs/cms.cern.ch/slc6_amd64_gcc472/external/py2-lint/0.25.1-cms5/lib/python2.7/site-packages:/cvmfs/cms.cern.ch/slc6_amd64_gcc472/external/py2-ipython/0.10-cms5/lib/python2.7/site-packages:/cvmfs/cms.cern.ch/slc6_amd64_gcc472/external/py2-cx-oracle/5.1-cms5/lib/python2.7/site-packages:/cvmfs/cms.cern.ch/slc6_amd64_gcc472/external/py2-cjson/1.0.5-cms5/lib/python2.7/site-packages:/cvmfs/cms.cern.ch/slc6_amd64_gcc472/cms/das-client/1.11.7/bin:/cvmfs/cms.cern.ch/slc6_amd64_gcc472/external/elementtree/1.2.6-cms5/share/lib/python2.7/site-packages:/cvmfs/cms.cern.ch/slc6_amd64_gcc472/external/rivet/1.8.2-cms9/lib/python2.7/site-packages:/cvmfs/cms.cern.ch/slc6_amd64_gcc472/external/pyminuit2/0.0.1-cms19/lib/python2.7/site-packages:/cvmfs/cms.cern.ch/slc6_amd64_gcc472/external/py2-pygithub/1.23.0-cms2/lib/python2.7/site-packages:/cvmfs/cms.cern.ch/slc6_amd64_gcc472/external/professor/1.0.0-cms19/lib/python2.7/site-packages:/cvmfs/cms.cern.ch/slc6_amd64_gcc472/lcg/root/5.34.07-cms/lib:/cvmfs/cms.cern.ch/slc6_amd64_gcc472/cms/dbs-client/DBS_2_1_9-cms5/lib:/cvmfs/cms.cern.ch/slc6_amd64_gcc472/cms/dbs-client/DBS_2_1_9-cms5/lib/DBSAPI:/cvmfs/cms.cern.ch/slc6_amd64_gcc472/external/cvs2git/5419-cms/lib:/scratch/condor/dir_4744/glide_XKJxeU/execute/dir_24719/
 
# LIMITS USED BY CRAB WATCHDOG:
# RSS  (KBytes)   : 2300000
# VSZ  (KBytes)   : 100000000
# DISK (MBytes)   : 19000
# CPU TIME        : 720h:0m:0s
# WALL CLOCK TIME : 21h:50m:0s
 
3c0380cf82de79bc39966c93934c61fc
PSETHASH = 3c0380cf82de79bc39966c93934c61fc
/scratch/condor/dir_4744/glide_XKJxeU/execute/dir_24719/writeCfg.py pset.py pset.py
Importing .py file
Setting parameters
RandomNumberGeneratorService found, will attempt to change seeds
inputBlocks=/ttbar/dcieri-ttbar_SIM-130075366148575c102f0d64fd3ac8f7/USER#42cb1519-7f11-43e2-ab9a-a013bd5404ac
inputFiles=/store/user/dcieri/ttbar_SIM/ttbar/ttbar_SIM/150129_145223/0000/step1_98.root
parentFiles=
lumisRange=
>>> Executable cmsRun
/cvmfs/cms.cern.ch/slc6_amd64_gcc472/cms/cmssw/CMSSW_6_2_0_SLHC12/bin/slc6_amd64_gcc472/cmsRun
ok executable found
>>> info for dashboard:
***** Cat /scratch/condor/dir_4744/glide_XKJxeU/execute/dir_24719/jobreport.txt *****
MonitorJobID=488_https://submit-6.t2.ucsd.edu//150202//509448.87
MonitorID=dcieri_PU140_4dm08r
ExeStart=cmsRun
***** End Cat jobreport *****
Parameters sent to Dashboard.
>>> cmsRun started at Mon Feb  2 21:35:33 UTC 2015
>>> cmsRun ended at Mon Feb  2 23:25:50 UTC 2015
>>> crab_fjr_*.xml  permission set to 0704
>>> info for dashboard:
***** Cat /scratch/condor/dir_4744/glide_XKJxeU/execute/dir_24719/jobreport.txt *****
MonitorJobID=488_https://submit-6.t2.ucsd.edu//150202//509448.87
MonitorID=dcieri_PU140_4dm08r
ExeEnd=cmsRun
***** End Cat jobreport *****
Parameters sent to Dashboard.
TIME_EXE = 6617 sec
>>> cmsRun wrote 204 lines of stdout+stderr
>>> START OF printout of 204 lines from stdout+stderr
271 DQMStore::DQMStore 
HcalTopologyIdealEP::HcalTopologyIdealEP
02-Feb-2015 21:35:41 GMT  Initiating request to open file root://dcap.pp.rl.ac.uk:1094/pnfs/pp.rl.ac.uk/data/cms/store/user/dcieri/ttbar_SIM/ttbar/ttbar_SIM/150129_145223/0000/step1_98.root
150202 21:35:44 27995 Xrd: CheckErrorStatus: Server [heplnx210.pp.rl.ac.uk:1094] declared: Request 3018 not supported(error code: 3013)
02-Feb-2015 21:35:44 GMT  Successfully opened file root://dcap.pp.rl.ac.uk:1094/pnfs/pp.rl.ac.uk/data/cms/store/user/dcieri/ttbar_SIM/ttbar/ttbar_SIM/150129_145223/0000/step1_98.root
02-Feb-2015 21:35:45 GMT  Initiating request to open file root://xrootd.unl.edu//store/group/dpg_trigger/comm_trigger/L1TrackTrigger/620_SLHC10/Extended2023TTI/MinBias/MinBias_TuneZ2star_GEN_SIM_1.root
02-Feb-2015 21:35:46 GMT  Successfully opened file root://xrootd.unl.edu//store/group/dpg_trigger/comm_trigger/L1TrackTrigger/620_SLHC10/Extended2023TTI/MinBias/MinBias_TuneZ2star_GEN_SIM_1.root
disableME1a = 0
HcalTopologyIdealEP::produce(const IdealGeometryRecord& iRecord)
mode = 2, maxDepthHB = 3, maxDepthHE = 5
RPCGeometryESModule :: produce
RPCGeometryESModule :: produce :: 1/4 Get Muon Ideal Geometry Record
RPCGeometryESModule :: produce :: 2/4 Get Muon DDD Constants
RPCGeometryESModule :: produce :: 3/4 Get Muon Numbering Record
in MuonNumberingInitialization::initializeMuonDDDConstants
about to make my new muonDDDConst_
in MuonNumberingInitialization::produce
RPCGeometryESModule :: produce :: 4/4 Build
Found:

	Barrel Stack layer 5 : 1008 stacks
	Barrel Stack layer 6 : 1320 stacks
	Barrel Stack layer 7 : 1836 stacks
	Barrel Stack layer 8 : 1152 stacks
	Barrel Stack layer 9 : 1488 stacks
	Barrel Stack layer 10 : 1824 stacks

	Endcap Stack disk 11 : 1360 stacks
	Endcap Stack disk 12 : 1360 stacks
	Endcap Stack disk 13 : 1360 stacks
	Endcap Stack disk 14 : 1360 stacks
	Endcap Stack disk 15 : 1360 stacks
Created 15428 stacks in 15 s

TTClusterBuilder< edm::Ref<edm::DetSetVector<PixelDigi>, PixelDigi, edm::refhelper::FindForDetSetVector<PixelDigi> > > loaded modules:
	TTClusterAlgorithm:	TTClusterAlgorithm_2d2013< edm::Ref<edm::DetSetVector<PixelDigi>, PixelDigi, edm::refhelper::FindForDetSetVector<PixelDigi> > >


TTStubBuilder< edm::Ref<edm::DetSetVector<PixelDigi>, PixelDigi, edm::refhelper::FindForDetSetVector<PixelDigi> > > loaded modules:
	TTStubAlgorithm:	TTStubAlgorithm_tab2013< edm::Ref<edm::DetSetVector<PixelDigi>, PixelDigi, edm::refhelper::FindForDetSetVector<PixelDigi> > >


TTClusterAssociator< edm::Ref<edm::DetSetVector<PixelDigi>, PixelDigi, edm::refhelper::FindForDetSetVector<PixelDigi> > > loaded.


TTStubAssociator< edm::Ref<edm::DetSetVector<PixelDigi>, PixelDigi, edm::refhelper::FindForDetSetVector<PixelDigi> > > loaded.


TTTrackAssociator< edm::Ref<edm::DetSetVector<PixelDigi>, PixelDigi, edm::refhelper::FindForDetSetVector<PixelDigi> > > loaded.

Begin processing the 1st record. Run 1, Event 971, LumiSection 98 at 02-Feb-2015 21:36:16.118 GMT
02-Feb-2015 21:36:22 GMT  Closed file root://xrootd.unl.edu//store/group/dpg_trigger/comm_trigger/L1TrackTrigger/620_SLHC10/Extended2023TTI/MinBias/MinBias_TuneZ2star_GEN_SIM_1.root
02-Feb-2015 21:36:22 GMT  Initiating request to open file root://xrootd.unl.edu//store/group/dpg_trigger/comm_trigger/L1TrackTrigger/620_SLHC10/Extended2023TTI/MinBias/MinBias_TuneZ2star_GEN_SIM_747.root
02-Feb-2015 21:36:54 GMT  Successfully opened file root://xrootd.unl.edu//store/group/dpg_trigger/comm_trigger/L1TrackTrigger/620_SLHC10/Extended2023TTI/MinBias/MinBias_TuneZ2star_GEN_SIM_747.root
150202 21:41:42 28020 Xrd: XrdClientMessage::ReadRaw: Failed to read header (8 bytes).
150202 21:42:12 28018 Xrd: XrdClientMessage::ReadRaw: Failed to read header (8 bytes).
02-Feb-2015 21:45:04 GMT  Closed file root://xrootd.unl.edu//store/group/dpg_trigger/comm_trigger/L1TrackTrigger/620_SLHC10/Extended2023TTI/MinBias/MinBias_TuneZ2star_GEN_SIM_747.root
02-Feb-2015 21:45:04 GMT  Initiating request to open file root://xrootd.unl.edu//store/group/dpg_trigger/comm_trigger/L1TrackTrigger/620_SLHC10/Extended2023TTI/MinBias/MinBias_TuneZ2star_GEN_SIM_942.root
150202 21:45:35 10226 Xrd: CheckErrorStatus: Server [xrootd-redic.pi.infn.it:1094] declared: session not found(error code: 3011)
02-Feb-2015 21:45:35 GMT  Successfully opened file root://xrootd.unl.edu//store/group/dpg_trigger/comm_trigger/L1TrackTrigger/620_SLHC10/Extended2023TTI/MinBias/MinBias_TuneZ2star_GEN_SIM_942.root
150202 21:50:12 29631 Xrd: XrdClientMessage::ReadRaw: Failed to read header (8 bytes).
150202 21:50:41 11694 Xrd: XrdClientMessage::ReadRaw: Failed to read header (8 bytes).
02-Feb-2015 21:53:58 GMT  Closed file root://xrootd.unl.edu//store/group/dpg_trigger/comm_trigger/L1TrackTrigger/620_SLHC10/Extended2023TTI/MinBias/MinBias_TuneZ2star_GEN_SIM_942.root
02-Feb-2015 21:53:58 GMT  Initiating request to open file root://xrootd.unl.edu//store/group/dpg_trigger/comm_trigger/L1TrackTrigger/620_SLHC10/Extended2023TTI/MinBias/MinBias_TuneZ2star_GEN_SIM_290.root
150202 21:54:29 32754 Xrd: CheckErrorStatus: Server [llrxrd-redir.in2p3.fr:1094] declared: session not found(error code: 3011)
02-Feb-2015 21:54:29 GMT  Successfully opened file root://xrootd.unl.edu//store/group/dpg_trigger/comm_trigger/L1TrackTrigger/620_SLHC10/Extended2023TTI/MinBias/MinBias_TuneZ2star_GEN_SIM_290.root
Building the geometry service
Warning did not find digi
Warning did not find digi
Warning did not find digi
Warning did not find digi
Warning did not find digi in disks
Warning did not find digi in disks
Warning did not find digi in disks
Warning did not find digi in disks
150202 21:56:12 28010 Xrd: XrdClientMessage::ReadRaw: Failed to read header (8 bytes).
150202 21:57:11 29630 Xrd: XrdClientMessage::ReadRaw: Failed to read header (8 bytes).
150202 21:59:11 11695 Xrd: XrdClientMessage::ReadRaw: Failed to read header (8 bytes).
150202 21:59:41 1053 Xrd: XrdClientMessage::ReadRaw: Failed to read header (8 bytes).
02-Feb-2015 22:01:05 GMT  Closed file root://xrootd.unl.edu//store/group/dpg_trigger/comm_trigger/L1TrackTrigger/620_SLHC10/Extended2023TTI/MinBias/MinBias_TuneZ2star_GEN_SIM_290.root
02-Feb-2015 22:01:05 GMT  Initiating request to open file root://xrootd.unl.edu//store/group/dpg_trigger/comm_trigger/L1TrackTrigger/620_SLHC10/Extended2023TTI/MinBias/MinBias_TuneZ2star_GEN_SIM_74.root
150202 22:01:45 19893 Xrd: CheckErrorStatus: Server [cms-xrd-global.cern.ch:1094] declared: session not found(error code: 3011)
150202 22:01:45 19893 Xrd: CheckErrorStatus: Server [xrootd.ba.infn.it:1094] declared: session not found(error code: 3011)
02-Feb-2015 22:01:45 GMT  Successfully opened file root://xrootd.unl.edu//store/group/dpg_trigger/comm_trigger/L1TrackTrigger/620_SLHC10/Extended2023TTI/MinBias/MinBias_TuneZ2star_GEN_SIM_74.root
02-Feb-2015 22:05:30 GMT  Closed file root://xrootd.unl.edu//store/group/dpg_trigger/comm_trigger/L1TrackTrigger/620_SLHC10/Extended2023TTI/MinBias/MinBias_TuneZ2star_GEN_SIM_74.root
02-Feb-2015 22:05:30 GMT  Initiating request to open file root://xrootd.unl.edu//store/group/dpg_trigger/comm_trigger/L1TrackTrigger/620_SLHC10/Extended2023TTI/MinBias/MinBias_TuneZ2star_GEN_SIM_660.root
150202 22:05:42 11693 Xrd: XrdClientMessage::ReadRaw: Failed to read header (8 bytes).
150202 22:06:12 1054 Xrd: XrdClientMessage::ReadRaw: Failed to read header (8 bytes).
02-Feb-2015 22:06:22 GMT  Successfully opened file root://xrootd.unl.edu//store/group/dpg_trigger/comm_trigger/L1TrackTrigger/620_SLHC10/Extended2023TTI/MinBias/MinBias_TuneZ2star_GEN_SIM_660.root
02-Feb-2015 22:09:49 GMT  Closed file root://xrootd.unl.edu//store/group/dpg_trigger/comm_trigger/L1TrackTrigger/620_SLHC10/Extended2023TTI/MinBias/MinBias_TuneZ2star_GEN_SIM_660.root
02-Feb-2015 22:09:49 GMT  Initiating request to open file root://xrootd.unl.edu//store/group/dpg_trigger/comm_trigger/L1TrackTrigger/620_SLHC10/Extended2023TTI/MinBias/MinBias_TuneZ2star_GEN_SIM_38.root
150202 22:10:42 20792 Xrd: XrdClientMessage::ReadRaw: Failed to read header (8 bytes).
150202 22:11:11 28494 Xrd: CheckErrorStatus: Server [cms-xrd-global.cern.ch:1094] declared: session not found(error code: 3011)
02-Feb-2015 22:11:12 GMT  Successfully opened file root://xrootd.unl.edu//store/group/dpg_trigger/comm_trigger/L1TrackTrigger/620_SLHC10/Extended2023TTI/MinBias/MinBias_TuneZ2star_GEN_SIM_38.root
150202 22:14:42 28017 Xrd: XrdClientMessage::ReadRaw: Failed to read header (8 bytes).
150202 22:15:11 24863 Xrd: XrdClientMessage::ReadRaw: Failed to read header (8 bytes).
150202 22:16:42 20791 Xrd: XrdClientMessage::ReadRaw: Failed to read header (8 bytes).
02-Feb-2015 22:18:12 GMT  Closed file root://xrootd.unl.edu//store/group/dpg_trigger/comm_trigger/L1TrackTrigger/620_SLHC10/Extended2023TTI/MinBias/MinBias_TuneZ2star_GEN_SIM_38.root
02-Feb-2015 22:18:12 GMT  Initiating request to open file root://xrootd.unl.edu//store/group/dpg_trigger/comm_trigger/L1TrackTrigger/620_SLHC10/Extended2023TTI/MinBias/MinBias_TuneZ2star_GEN_SIM_803.root
150202 22:23:42 30728 Xrd: XrdClientMessage::ReadRaw: Failed to read header (8 bytes).
150202 22:24:41 5189 Xrd: CheckErrorStatus: Server [xrootd.ba.infn.it:1094] declared: session not found(error code: 3011)
02-Feb-2015 22:24:41 GMT  Successfully opened file root://xrootd.unl.edu//store/group/dpg_trigger/comm_trigger/L1TrackTrigger/620_SLHC10/Extended2023TTI/MinBias/MinBias_TuneZ2star_GEN_SIM_803.root
DTTSPhi::addTracoT: preview not present in TRACO trigger or its code=0  trigger not added!
DTTSPhi::addTracoT: preview not present in TRACO trigger or its code=0  trigger not added!
02-Feb-2015 22:29:38 GMT  Closed file root://xrootd.unl.edu//store/group/dpg_trigger/comm_trigger/L1TrackTrigger/620_SLHC10/Extended2023TTI/MinBias/MinBias_TuneZ2star_GEN_SIM_803.root
02-Feb-2015 22:29:38 GMT  Initiating request to open file root://xrootd.unl.edu//store/group/dpg_trigger/comm_trigger/L1TrackTrigger/620_SLHC10/Extended2023TTI/MinBias/MinBias_TuneZ2star_GEN_SIM_287.root
150202 22:30:09 15551 Xrd: CheckErrorStatus: Server [cms-xrd-global.cern.ch:1094] declared: session not found(error code: 3011)
02-Feb-2015 22:30:09 GMT  Successfully opened file root://xrootd.unl.edu//store/group/dpg_trigger/comm_trigger/L1TrackTrigger/620_SLHC10/Extended2023TTI/MinBias/MinBias_TuneZ2star_GEN_SIM_287.root
150202 22:31:42 30727 Xrd: XrdClientMessage::ReadRaw: Failed to read header (8 bytes).
150202 22:34:42 11266 Xrd: XrdClientMessage::ReadRaw: Failed to read header (8 bytes).
150202 22:34:44 11265 Xrd: XrdClientMessage::ReadRaw: Failed to read header (8 bytes).
150202 22:35:12 16351 Xrd: XrdClientMessage::ReadRaw: Failed to read header (8 bytes).
02-Feb-2015 22:37:21 GMT  Closed file root://xrootd.unl.edu//store/group/dpg_trigger/comm_trigger/L1TrackTrigger/620_SLHC10/Extended2023TTI/MinBias/MinBias_TuneZ2star_GEN_SIM_287.root
02-Feb-2015 22:37:21 GMT  Initiating request to open file root://xrootd.unl.edu//store/group/dpg_trigger/comm_trigger/L1TrackTrigger/620_SLHC10/Extended2023TTI/MinBias/MinBias_TuneZ2star_GEN_SIM_388.root
150202 22:37:52 20808 Xrd: CheckErrorStatus: Server [cms-xrd-global.cern.ch:1094] declared: session not found(error code: 3011)
150202 22:37:53 20808 Xrd: CheckErrorStatus: Server [xrootd-redic.pi.infn.it:1094] declared: session not found(error code: 3011)
02-Feb-2015 22:37:53 GMT  Successfully opened file root://xrootd.unl.edu//store/group/dpg_trigger/comm_trigger/L1TrackTrigger/620_SLHC10/Extended2023TTI/MinBias/MinBias_TuneZ2star_GEN_SIM_388.root
02-Feb-2015 22:41:45 GMT  Closed file root://xrootd.unl.edu//store/group/dpg_trigger/comm_trigger/L1TrackTrigger/620_SLHC10/Extended2023TTI/MinBias/MinBias_TuneZ2star_GEN_SIM_388.root
02-Feb-2015 22:41:45 GMT  Initiating request to open file root://xrootd.unl.edu//store/group/dpg_trigger/comm_trigger/L1TrackTrigger/620_SLHC10/Extended2023TTI/MinBias/MinBias_TuneZ2star_GEN_SIM_955.root
02-Feb-2015 22:42:15 GMT  Successfully opened file root://xrootd.unl.edu//store/group/dpg_trigger/comm_trigger/L1TrackTrigger/620_SLHC10/Extended2023TTI/MinBias/MinBias_TuneZ2star_GEN_SIM_955.root
150202 22:42:42 16352 Xrd: XrdClientMessage::ReadRaw: Failed to read header (8 bytes).
150202 22:45:12 20790 Xrd: XrdClientMessage::ReadRaw: Failed to read header (8 bytes).
02-Feb-2015 22:45:27 GMT  Closed file root://xrootd.unl.edu//store/group/dpg_trigger/comm_trigger/L1TrackTrigger/620_SLHC10/Extended2023TTI/MinBias/MinBias_TuneZ2star_GEN_SIM_955.root
02-Feb-2015 22:45:27 GMT  Initiating request to open file root://xrootd.unl.edu//store/group/dpg_trigger/comm_trigger/L1TrackTrigger/620_SLHC10/Extended2023TTI/MinBias/MinBias_TuneZ2star_GEN_SIM_544.root
150202 22:45:57 26106 Xrd: CheckErrorStatus: Server [cms-xrd-global.cern.ch:1094] declared: session not found(error code: 3011)
02-Feb-2015 22:45:57 GMT  Successfully opened file root://xrootd.unl.edu//store/group/dpg_trigger/comm_trigger/L1TrackTrigger/620_SLHC10/Extended2023TTI/MinBias/MinBias_TuneZ2star_GEN_SIM_544.root
150202 22:47:12 21155 Xrd: XrdClientMessage::ReadRaw: Failed to read header (8 bytes).
02-Feb-2015 22:49:15 GMT  Closed file root://xrootd.unl.edu//store/group/dpg_trigger/comm_trigger/L1TrackTrigger/620_SLHC10/Extended2023TTI/MinBias/MinBias_TuneZ2star_GEN_SIM_544.root
02-Feb-2015 22:49:15 GMT  Initiating request to open file root://xrootd.unl.edu//store/group/dpg_trigger/comm_trigger/L1TrackTrigger/620_SLHC10/Extended2023TTI/MinBias/MinBias_TuneZ2star_GEN_SIM_208.root
150202 22:49:41 28547 Xrd: CheckErrorStatus: Server [eoscms.cern.ch:1094] declared: session not found(error code: 3011)
02-Feb-2015 22:49:41 GMT  Successfully opened file root://xrootd.unl.edu//store/group/dpg_trigger/comm_trigger/L1TrackTrigger/620_SLHC10/Extended2023TTI/MinBias/MinBias_TuneZ2star_GEN_SIM_208.root
150202 22:50:42 24286 Xrd: XrdClientMessage::ReadRaw: Failed to read header (8 bytes).
02-Feb-2015 22:53:41 GMT  Closed file root://xrootd.unl.edu//store/group/dpg_trigger/comm_trigger/L1TrackTrigger/620_SLHC10/Extended2023TTI/MinBias/MinBias_TuneZ2star_GEN_SIM_208.root
02-Feb-2015 22:53:41 GMT  Initiating request to open file root://xrootd.unl.edu//store/group/dpg_trigger/comm_trigger/L1TrackTrigger/620_SLHC10/Extended2023TTI/MinBias/MinBias_TuneZ2star_GEN_SIM_531.root
02-Feb-2015 22:54:12 GMT  Successfully opened file root://xrootd.unl.edu//store/group/dpg_trigger/comm_trigger/L1TrackTrigger/620_SLHC10/Extended2023TTI/MinBias/MinBias_TuneZ2star_GEN_SIM_531.root
150202 22:54:42 26464 Xrd: XrdClientMessage::ReadRaw: Failed to read header (8 bytes).
02-Feb-2015 22:56:48 GMT  Closed file root://xrootd.unl.edu//store/group/dpg_trigger/comm_trigger/L1TrackTrigger/620_SLHC10/Extended2023TTI/MinBias/MinBias_TuneZ2star_GEN_SIM_531.root
02-Feb-2015 22:56:48 GMT  Initiating request to open file root://xrootd.unl.edu//store/group/dpg_trigger/comm_trigger/L1TrackTrigger/620_SLHC10/Extended2023TTI/MinBias/MinBias_TuneZ2star_GEN_SIM_649.root
02-Feb-2015 22:57:19 GMT  Successfully opened file root://xrootd.unl.edu//store/group/dpg_trigger/comm_trigger/L1TrackTrigger/620_SLHC10/Extended2023TTI/MinBias/MinBias_TuneZ2star_GEN_SIM_649.root
150202 22:59:12 28664 Xrd: XrdClientMessage::ReadRaw: Failed to read header (8 bytes).
02-Feb-2015 22:59:40 GMT  Closed file root://xrootd.unl.edu//store/group/dpg_trigger/comm_trigger/L1TrackTrigger/620_SLHC10/Extended2023TTI/MinBias/MinBias_TuneZ2star_GEN_SIM_649.root
02-Feb-2015 22:59:40 GMT  Initiating request to open file root://xrootd.unl.edu//store/group/dpg_trigger/comm_trigger/L1TrackTrigger/620_SLHC10/Extended2023TTI/MinBias/MinBias_TuneZ2star_GEN_SIM_250.root
02-Feb-2015 23:00:11 GMT  Successfully opened file root://xrootd.unl.edu//store/group/dpg_trigger/comm_trigger/L1TrackTrigger/620_SLHC10/Extended2023TTI/MinBias/MinBias_TuneZ2star_GEN_SIM_250.root
150202 23:02:12 31773 Xrd: XrdClientMessage::ReadRaw: Failed to read header (8 bytes).
02-Feb-2015 23:02:41 GMT  Closed file root://xrootd.unl.edu//store/group/dpg_trigger/comm_trigger/L1TrackTrigger/620_SLHC10/Extended2023TTI/MinBias/MinBias_TuneZ2star_GEN_SIM_250.root
02-Feb-2015 23:02:41 GMT  Initiating request to open file root://xrootd.unl.edu//store/group/dpg_trigger/comm_trigger/L1TrackTrigger/620_SLHC10/Extended2023TTI/MinBias/MinBias_TuneZ2star_GEN_SIM_211.root
02-Feb-2015 23:03:12 GMT  Successfully opened file root://xrootd.unl.edu//store/group/dpg_trigger/comm_trigger/L1TrackTrigger/620_SLHC10/Extended2023TTI/MinBias/MinBias_TuneZ2star_GEN_SIM_211.root
150202 23:04:42 1299 Xrd: XrdClientMessage::ReadRaw: Failed to read header (8 bytes).
02-Feb-2015 23:05:33 GMT  Closed file root://xrootd.unl.edu//store/group/dpg_trigger/comm_trigger/L1TrackTrigger/620_SLHC10/Extended2023TTI/MinBias/MinBias_TuneZ2star_GEN_SIM_211.root
02-Feb-2015 23:05:33 GMT  Initiating request to open file root://xrootd.unl.edu//store/group/dpg_trigger/comm_trigger/L1TrackTrigger/620_SLHC10/Extended2023TTI/MinBias/MinBias_TuneZ2star_GEN_SIM_905.root
02-Feb-2015 23:06:07 GMT  Successfully opened file root://xrootd.unl.edu//store/group/dpg_trigger/comm_trigger/L1TrackTrigger/620_SLHC10/Extended2023TTI/MinBias/MinBias_TuneZ2star_GEN_SIM_905.root
02-Feb-2015 23:07:42 GMT  Closed file root://xrootd.unl.edu//store/group/dpg_trigger/comm_trigger/L1TrackTrigger/620_SLHC10/Extended2023TTI/MinBias/MinBias_TuneZ2star_GEN_SIM_905.root
02-Feb-2015 23:07:42 GMT  Initiating request to open file root://xrootd.unl.edu//store/group/dpg_trigger/comm_trigger/L1TrackTrigger/620_SLHC10/Extended2023TTI/MinBias/MinBias_TuneZ2star_GEN_SIM_55.root
150202 23:07:42 3316 Xrd: XrdClientMessage::ReadRaw: Failed to read header (8 bytes).
02-Feb-2015 23:08:13 GMT  Successfully opened file root://xrootd.unl.edu//store/group/dpg_trigger/comm_trigger/L1TrackTrigger/620_SLHC10/Extended2023TTI/MinBias/MinBias_TuneZ2star_GEN_SIM_55.root
02-Feb-2015 23:10:08 GMT  Closed file root://xrootd.unl.edu//store/group/dpg_trigger/comm_trigger/L1TrackTrigger/620_SLHC10/Extended2023TTI/MinBias/MinBias_TuneZ2star_GEN_SIM_55.root
02-Feb-2015 23:10:08 GMT  Initiating request to open file root://xrootd.unl.edu//store/group/dpg_trigger/comm_trigger/L1TrackTrigger/620_SLHC10/Extended2023TTI/MinBias/MinBias_TuneZ2star_GEN_SIM_380.root
150202 23:10:09 16350 Xrd: XrdClientMessage::ReadRaw: Failed to read header (8 bytes).
150202 23:10:39 4989 Xrd: XrdClientMessage::ReadRaw: Failed to read header (8 bytes).
02-Feb-2015 23:10:40 GMT  Successfully opened file root://xrootd.unl.edu//store/group/dpg_trigger/comm_trigger/L1TrackTrigger/620_SLHC10/Extended2023TTI/MinBias/MinBias_TuneZ2star_GEN_SIM_380.root
02-Feb-2015 23:12:17 GMT  Closed file root://xrootd.unl.edu//store/group/dpg_trigger/comm_trigger/L1TrackTrigger/620_SLHC10/Extended2023TTI/MinBias/MinBias_TuneZ2star_GEN_SIM_380.root
02-Feb-2015 23:12:17 GMT  Initiating request to open file root://xrootd.unl.edu//store/group/dpg_trigger/comm_trigger/L1TrackTrigger/620_SLHC10/Extended2023TTI/MinBias/MinBias_TuneZ2star_GEN_SIM_459.root
150202 23:12:48 10536 Xrd: CheckErrorStatus: Server [cms-xrd-global.cern.ch:1094] declared: session not found(error code: 3011)
02-Feb-2015 23:12:48 GMT  Successfully opened file root://xrootd.unl.edu//store/group/dpg_trigger/comm_trigger/L1TrackTrigger/620_SLHC10/Extended2023TTI/MinBias/MinBias_TuneZ2star_GEN_SIM_459.root
150202 23:15:12 7393 Xrd: XrdClientMessage::ReadRaw: Failed to read header (8 bytes).
02-Feb-2015 23:16:47 GMT  Closed file root://xrootd.unl.edu//store/group/dpg_trigger/comm_trigger/L1TrackTrigger/620_SLHC10/Extended2023TTI/MinBias/MinBias_TuneZ2star_GEN_SIM_459.root
02-Feb-2015 23:16:47 GMT  Initiating request to open file root://xrootd.unl.edu//store/group/dpg_trigger/comm_trigger/L1TrackTrigger/620_SLHC10/Extended2023TTI/MinBias/MinBias_TuneZ2star_GEN_SIM_971.root
02-Feb-2015 23:17:18 GMT  Successfully opened file root://xrootd.unl.edu//store/group/dpg_trigger/comm_trigger/L1TrackTrigger/620_SLHC10/Extended2023TTI/MinBias/MinBias_TuneZ2star_GEN_SIM_971.root
150202 23:17:18 9053 Xrd: XrdClientMessage::ReadRaw: Failed to read header (8 bytes).
150202 23:17:45 6398 Xrd: XrdClientMessage::ReadRaw: Failed to read header (8 bytes).
02-Feb-2015 23:20:18 GMT  Closed file root://xrootd.unl.edu//store/group/dpg_trigger/comm_trigger/L1TrackTrigger/620_SLHC10/Extended2023TTI/MinBias/MinBias_TuneZ2star_GEN_SIM_971.root
02-Feb-2015 23:20:18 GMT  Initiating request to open file root://xrootd.unl.edu//store/group/dpg_trigger/comm_trigger/L1TrackTrigger/620_SLHC10/Extended2023TTI/MinBias/MinBias_TuneZ2star_GEN_SIM_919.root
02-Feb-2015 23:20:49 GMT  Successfully opened file root://xrootd.unl.edu//store/group/dpg_trigger/comm_trigger/L1TrackTrigger/620_SLHC10/Extended2023TTI/MinBias/MinBias_TuneZ2star_GEN_SIM_919.root
150202 23:22:11 10658 Xrd: XrdClientMessage::ReadRaw: Failed to read header (8 bytes).
02-Feb-2015 23:23:20 GMT  Closed file root://xrootd.unl.edu//store/group/dpg_trigger/comm_trigger/L1TrackTrigger/620_SLHC10/Extended2023TTI/MinBias/MinBias_TuneZ2star_GEN_SIM_919.root
02-Feb-2015 23:23:20 GMT  Initiating request to open file root://xrootd.unl.edu//store/group/dpg_trigger/comm_trigger/L1TrackTrigger/620_SLHC10/Extended2023TTI/MinBias/MinBias_TuneZ2star_GEN_SIM_225.root
02-Feb-2015 23:23:51 GMT  Successfully opened file root://xrootd.unl.edu//store/group/dpg_trigger/comm_trigger/L1TrackTrigger/620_SLHC10/Extended2023TTI/MinBias/MinBias_TuneZ2star_GEN_SIM_225.root
150202 23:25:42 12470 Xrd: XrdClientMessage::ReadRaw: Failed to read header (8 bytes).
02-Feb-2015 23:25:47 GMT  Closed file root://dcap.pp.rl.ac.uk:1094/pnfs/pp.rl.ac.uk/data/cms/store/user/dcieri/ttbar_SIM/ttbar/ttbar_SIM/150129_145223/0000/step1_98.root
02-Feb-2015 23:25:49 GMT  Closed file root://xrootd.unl.edu//store/group/dpg_trigger/comm_trigger/L1TrackTrigger/620_SLHC10/Extended2023TTI/MinBias/MinBias_TuneZ2star_GEN_SIM_225.root

=============================================

MessageLogger Summary

 type     category        sev    module        subroutine        count    total
 ---- -------------------- -- ---------------- ----------------  -----    -----
    1 fileAction           -s MixingModule:mix                      69       69
    2 fileAction           -s MixingModule:mix                       2        2
    3 fileAction           -s MixingModule:mix                       1        1
    4 fileAction           -s file_close                             1        1
    5 fileAction           -s file_open                              2        2

 type    category    Examples: run/evt        run/evt          run/evt
 ---- -------------------- ---------------- ---------------- ----------------
    1 fileAction           1/971            1/971            1/980
    2 fileAction           pre-events       pre-events       
    3 fileAction           PostEndRun                        
    4 fileAction           PostEndRun                        
    5 fileAction           pre-events       pre-events       

Severity    # Occurrences   Total Occurrences
--------    -------------   -----------------
System                 75                  75
>>> END OF printout of 204 lines from stdout+stderr
>>> Parse FrameworkJobReport crab_fjr.xml
Result of parsing the FrameworkJobReport crab_fjr.xml: 
Extracted ExitStatus from FrameworkJobReport parsing output: 0
>>> Executable succeded  0
ExeExitCode=0
EXECUTABLE_EXIT_STATUS = 0
>>> current directory /scratch/condor/dir_4744/glide_XKJxeU/execute/dir_24719/CMSSW_6_2_0_SLHC12
>>>  (SOFTWARE_DIR): /scratch/condor/dir_4744/glide_XKJxeU/execute/dir_24719/CMSSW_6_2_0_SLHC12
>>> (WORKING_DIR): 
>>> current directory content:
total 251996
drwxr-xr-x 3 cms415 gplcms      4096 Feb  2 21:35 .SCRAM
-rw------- 1 cms415 gplcms    915837 Feb  2 21:35 CMSSW.py.pkl
drwxr-xr-x 3 cms415 gplcms      4096 Feb  2 21:35 bin
drwxr-xr-x 3 cms415 gplcms      4096 Feb  2 21:35 cfipython
drwxr-xr-x 4 cms415 gplcms      4096 Apr 28  2014 config
-rw------- 1 cms415 gplcms        17 Feb  2 23:25 cpu_timing.txt
drwxr-xr-x 2 cms415 gplcms      4096 Feb  2 21:35 doc
-rw------- 1 cms415 gplcms     23028 Feb  2 23:25 executable.out
drwxr-xr-x 2 cms415 gplcms      4096 Feb  2 21:35 include
drwx------ 3 cms415 gplcms      4096 Oct  7 10:12 lib
drwxr-xr-x 3 cms415 gplcms      4096 Feb  2 21:35 logs
drwxr-xr-x 3 cms415 gplcms      4096 Feb  2 21:35 objs
-rw------- 1 cms415 gplcms       104 Feb  2 21:35 pset.py
-rw------- 1 cms415 gplcms    926824 Feb  2 21:35 pset.py.pkl
-rw------- 1 cms415 gplcms       289 Feb  2 21:35 pset.pyc
drwxr-xr-x 2 cms415 gplcms      4096 Feb  2 21:35 python
-rw------- 1 cms415 gplcms       356 Feb  2 23:25 report.log
drwxr-xr-x 2 cms415 gplcms      4096 Feb  2 21:35 src
-rw------- 1 cms415 gplcms 255837284 Feb  2 23:25 step2.root
drwxr-xr-x 3 cms415 gplcms      4096 Feb  2 21:35 test
drwxr-xr-x 3 cms415 gplcms      4096 Feb  2 21:35 tmp
>>> current directory /scratch/condor/dir_4744/glide_XKJxeU/execute/dir_24719/CMSSW_6_2_0_SLHC12
>>> (SOFTWARE_DIR): /scratch/condor/dir_4744/glide_XKJxeU/execute/dir_24719/CMSSW_6_2_0_SLHC12
>>> (WORKING_DIR): 
>>> current directory content:
total 251996
drwxr-xr-x 3 cms415 gplcms      4096 Feb  2 21:35 .SCRAM
-rw------- 1 cms415 gplcms    915837 Feb  2 21:35 CMSSW.py.pkl
drwxr-xr-x 3 cms415 gplcms      4096 Feb  2 21:35 bin
drwxr-xr-x 3 cms415 gplcms      4096 Feb  2 21:35 cfipython
drwxr-xr-x 4 cms415 gplcms      4096 Apr 28  2014 config
-rw------- 1 cms415 gplcms        17 Feb  2 23:25 cpu_timing.txt
drwxr-xr-x 2 cms415 gplcms      4096 Feb  2 21:35 doc
-rw------- 1 cms415 gplcms     23028 Feb  2 23:25 executable.out
drwxr-xr-x 2 cms415 gplcms      4096 Feb  2 21:35 include
drwx------ 3 cms415 gplcms      4096 Oct  7 10:12 lib
drwxr-xr-x 3 cms415 gplcms      4096 Feb  2 21:35 logs
drwxr-xr-x 3 cms415 gplcms      4096 Feb  2 21:35 objs
-rw------- 1 cms415 gplcms       104 Feb  2 21:35 pset.py
-rw------- 1 cms415 gplcms    926824 Feb  2 21:35 pset.py.pkl
-rw------- 1 cms415 gplcms       289 Feb  2 21:35 pset.pyc
drwxr-xr-x 2 cms415 gplcms      4096 Feb  2 21:35 python
-rw------- 1 cms415 gplcms       356 Feb  2 23:25 report.log
drwxr-xr-x 2 cms415 gplcms      4096 Feb  2 21:35 src
-rw------- 1 cms415 gplcms 255837284 Feb  2 23:25 step2_488_1_eeB.root
drwxr-xr-x 3 cms415 gplcms      4096 Feb  2 21:35 test
drwxr-xr-x 3 cms415 gplcms      4096 Feb  2 21:35 tmp
>>> current directory (RUNTIME_AREA):  /scratch/condor/dir_4744/glide_XKJxeU/execute/dir_24719
PNN = T2_UK_SGrid_RALPP
SE = heplnx204.pp.rl.ac.uk
SE_PATH = /srm/managerv2?SFN=/pnfs/pp.rl.ac.uk/data/cms/store/user/dcieri/ttbar_PU140_DIGI/dcieri/ttbar/ttbar_PU140_DIGI/3c0380cf82de79bc39966c93934c61fc/
LFNBaseName = /store/user/dcieri/ttbar_PU140_DIGI/dcieri/ttbar/ttbar_PU140_DIGI/3c0380cf82de79bc39966c93934c61fc/
USER = dcieri
endpoint = srm://heplnx204.pp.rl.ac.uk:8443/srm/managerv2?SFN=/pnfs/pp.rl.ac.uk/data/cms/store/user/dcieri/ttbar_PU140_DIGI/dcieri/ttbar/ttbar_PU140_DIGI/3c0380cf82de79bc39966c93934c61fc/
>>> Copy output files from WN = heplnc375.pp.rl.ac.uk to /srm/managerv2?SFN=/pnfs/pp.rl.ac.uk/data/cms/store/user/dcieri/ttbar_PU140_DIGI/dcieri/ttbar/ttbar_PU140_DIGI/3c0380cf82de79bc39966c93934c61fc/ :
python cmscp.py  --destination srm://heplnx204.pp.rl.ac.uk:8443/srm/managerv2?SFN=/pnfs/pp.rl.ac.uk/data/cms/store/user/dcieri/ttbar_PU140_DIGI/dcieri/ttbar/ttbar_PU140_DIGI/3c0380cf82de79bc39966c93934c61fc/ --inputFileList /scratch/condor/dir_4744/glide_XKJxeU/execute/dir_24719/CMSSW_6_2_0_SLHC12/step2_488_1_eeB.root --middleware LCG --PNN T2_UK_SGrid_RALPP --se_name heplnx204.pp.rl.ac.uk --for_lfn /store/user/dcieri/ttbar_PU140_DIGI/dcieri/ttbar/ttbar_PU140_DIGI/3c0380cf82de79bc39966c93934c61fc/    
******************************************************
localSeName  =  heplnx204.pp.rl.ac.uk
remoteSeName =  heplnx204.pp.rl.ac.uk
******************************************************
{"/scratch/condor/dir_4744/glide_XKJxeU/execute/dir_24719/CMSSW_6_2_0_SLHC12/step2_488_1_eeB.root": {"endpoint": "srm://heplnx204.pp.rl.ac.uk:8443/srm/managerv2?SFN=/pnfs/pp.rl.ac.uk/data/cms/store/user/dcieri/ttbar_PU140_DIGI/dcieri/ttbar/ttbar_PU140_DIGI/3c0380cf82de79bc39966c93934c61fc/", "surl_for_grid": "", "reason": "Copy succedeed with srm-lcg utils", "erCode": "0", "PNN": "T2_UK_SGrid_RALPP", "se_name": "heplnx204.pp.rl.ac.uk", "for_lfn": "/store/user/dcieri/ttbar_PU140_DIGI/dcieri/ttbar/ttbar_PU140_DIGI/3c0380cf82de79bc39966c93934c61fc/"}}/scratch/condor/dir_4744/glide_XKJxeU/execute/dir_24719
-------- cat /scratch/condor/dir_4744/glide_XKJxeU/execute/dir_24719/cmscpReport.sh 
#!/bin/bash
echo "Report for File: /scratch/condor/dir_4744/glide_XKJxeU/execute/dir_24719/CMSSW_6_2_0_SLHC12/step2_488_1_eeB.root"
echo "LFN: /store/user/dcieri/ttbar_PU140_DIGI/dcieri/ttbar/ttbar_PU140_DIGI/3c0380cf82de79bc39966c93934c61fc/step2_488_1_eeB.root"
echo "StorageElement: heplnx204.pp.rl.ac.uk"
echo "StageOutExitStatusReason = 'Copy succedeed with srm-lcg utils'" | tee -a $RUNTIME_AREA/$repo
echo "StageOutSE = heplnx204.pp.rl.ac.uk" >> $RUNTIME_AREA/$repo

export StageOutExitStatus=0
echo "StageOutExitStatus = 0" | tee -a $RUNTIME_AREA/$repo
-------- end of /scratch/condor/dir_4744/glide_XKJxeU/execute/dir_24719/cmscpReport.sh 
Report for File: /scratch/condor/dir_4744/glide_XKJxeU/execute/dir_24719/CMSSW_6_2_0_SLHC12/step2_488_1_eeB.root
LFN: /store/user/dcieri/ttbar_PU140_DIGI/dcieri/ttbar/ttbar_PU140_DIGI/3c0380cf82de79bc39966c93934c61fc/step2_488_1_eeB.root
StorageElement: heplnx204.pp.rl.ac.uk
StageOutExitStatusReason = 'Copy succedeed with srm-lcg utils'
StageOutExitStatus = 0
>>> current dir: /scratch/condor/dir_4744/glide_XKJxeU/execute/dir_24719
>>> current dir content:
total 8824
-rw-------  1 cms415 gplcms    2665 Feb  2 23:26 .SEinteraction.log
-rwx------  1 cms415 gplcms      52 Feb  2 21:34 .chirp_config
-rwx------  1 cms415 gplcms    7813 Feb  2 21:34 .job.ad
-rwx------  1 cms415 gplcms    9780 Feb  2 21:34 .machine.ad
-rw-------  1 cms415 gplcms     105 Feb  2 12:16 CMSSW.py
-rw-------  1 cms415 gplcms  915837 Feb  2 12:16 CMSSW.py.pkl
-rwx------  1 cms415 gplcms   29498 Feb  2 21:35 CMSSW.sh
drwxr-xr-x 15 cms415 gplcms    4096 Feb  2 23:25 CMSSW_6_2_0_SLHC12
-rw-------  1 cms415 gplcms     189 Feb  2 21:35 CacheEnv.sh
-rw-------  1 cms415 gplcms    7291 Nov 19 14:52 DashboardAPI.py
-rw-------  1 cms415 gplcms    6455 Feb  2 21:35 DashboardAPI.pyc
drwx------  2 cms415 gplcms    4096 Feb  2 23:25 IMProv
-rw-------  1 cms415 gplcms    2748 Nov 19 14:52 Logger.py
-rw-------  1 cms415 gplcms    3227 Feb  2 21:35 Logger.pyc
-rw-------  1 cms415 gplcms   24524 Nov 19 14:52 ProcInfo.py
-rw-------  1 cms415 gplcms   22621 Feb  2 21:35 ProcInfo.pyc
drwx------  7 cms415 gplcms    4096 Feb  2 21:35 ProdCommon
drwx------  3 cms415 gplcms    4096 Feb  2 21:35 WMCore
-rw-------  1 cms415 gplcms   10230 Feb  2 23:25 Watchdog_488.log
-rwx------  1 cms415 gplcms       0 Feb  2 21:35 _condor_stderr
-rwx---r--  1 cms415 gplcms   37764 Feb  2 23:26 _condor_stdout
-rw-------  1 cms415 gplcms   32895 Nov 19 14:52 apmon.py
-rw-------  1 cms415 gplcms   27929 Feb  2 21:35 apmon.pyc
-rwx------  1 cms415 gplcms  134309 Feb  2 21:35 arguments.xml
-rwx------  1 cms415 gplcms   38581 Nov 19 14:52 cmscp.py
-rw-------  1 cms415 gplcms     561 Feb  2 23:26 cmscpReport.sh
-rwx------  1 cms415 gplcms   29498 Feb  2 21:35 condor_exec.exe
-rw-------  1 cms415 gplcms     544 Feb  2 12:16 crab.cfg
-rwx------  1 cms415 gplcms    8610 Nov 19 14:52 crabWatchdog.sh
-rwx---r--  1 cms415 gplcms  112069 Feb  2 23:25 crab_fjr_488.xml
-rwx------  1 cms415 gplcms 7390485 Feb  2 21:35 default.tgz
-rwx------  1 cms415 gplcms    4488 Nov 19 14:52 fillCrabFjr.py
-rw-------  1 cms415 gplcms     225 Feb  2 21:35 inputsReport.txt
-rw-------  1 cms415 gplcms     243 Feb  2 23:26 jobreport.txt
-rw-------  1 cms415 gplcms   17352 Nov 19 14:52 parseCrabFjr.py
-rw-------  1 cms415 gplcms     322 Feb  2 21:35 report.log
-rwx--x--x  1 cms415 gplcms    1497 Nov 19 14:52 report.py
-rw-------  1 cms415 gplcms     554 Feb  2 23:26 resultCopyFile
lrwxrwxrwx  1 cms415 gplcms      95 Feb  2 23:25 step2.root -> /scratch/condor/dir_4744/glide_XKJxeU/execute/dir_24719/CMSSW_6_2_0_SLHC12/step2_488_1_eeB.root
-rwx------  1 cms415 gplcms    8351 Nov 19 14:52 writeCfg.py
-rw-------  1 cms415 gplcms   10293 Feb  2 21:34 x509up_u62281
>>> Modify Job Report:
CMSSW_VERSION = CMSSW_6_2_0_SLHC12
ProcessedDataset = ttbar_PU140_DIGI
/scratch/condor/dir_4744/glide_XKJxeU/execute/dir_24719/ProdCommon/FwkJobRep/ModifyJobReport.py fjr /scratch/condor/dir_4744/glide_XKJxeU/execute/dir_24719/crab_fjr_488.xml json /scratch/condor/dir_4744/glide_XKJxeU/execute/dir_24719/resultCopyFile n_job 488_1_eeB PrimaryDataset ttbar  ApplicationFamily cmsRun ApplicationName cmsRun cmssw_version CMSSW_6_2_0_SLHC12 psethash 3c0380cf82de79bc39966c93934c61fc UserProcessedDataset dcieri-ttbar_PU140_DIGI-3c0380cf82de79bc39966c93934c61fc
inputDict =  {u'/scratch/condor/dir_4744/glide_XKJxeU/execute/dir_24719/CMSSW_6_2_0_SLHC12/step2_488_1_eeB.root': {u'endpoint': u'srm://heplnx204.pp.rl.ac.uk:8443/srm/managerv2?SFN=/pnfs/pp.rl.ac.uk/data/cms/store/user/dcieri/ttbar_PU140_DIGI/dcieri/ttbar/ttbar_PU140_DIGI/3c0380cf82de79bc39966c93934c61fc/', u'surl_for_grid': u'', u'reason': u'Copy succedeed with srm-lcg utils', u'erCode': u'0', u'PNN': u'T2_UK_SGrid_RALPP', u'se_name': u'heplnx204.pp.rl.ac.uk', u'for_lfn': u'/store/user/dcieri/ttbar_PU140_DIGI/dcieri/ttbar/ttbar_PU140_DIGI/3c0380cf82de79bc39966c93934c61fc/'}}
UserProcessedDataset =  dcieri-ttbar_PU140_DIGI-3c0380cf82de79bc39966c93934c61fc
WORKING ON EDM FILE
file_name in inputDict =  /scratch/condor/dir_4744/glide_XKJxeU/execute/dir_24719/CMSSW_6_2_0_SLHC12/step2_488_1_eeB.root
(size) os.stat(filename)[6] =  255837284
checksum =  1526894198
    file =  step2_488_1_eeB.root
    newPfn =  srm://heplnx204.pp.rl.ac.uk:8443/srm/managerv2?SFN=/pnfs/pp.rl.ac.uk/data/cms/store/user/dcieri/ttbar_PU140_DIGI/dcieri/ttbar/ttbar_PU140_DIGI/3c0380cf82de79bc39966c93934c61fc/step2_488_1_eeB.root
    newLfn =  /store/user/dcieri/ttbar_PU140_DIGI/dcieri/ttbar/ttbar_PU140_DIGI/3c0380cf82de79bc39966c93934c61fc/step2_488_1_eeB.root
>>> crab_fjr_*.xml  permission set to 0704
CrabWrapper EXIT_FUNC entered at Mon Feb  2 23:26:42 GMT 2015   -  Mon Feb  2 23:26:42 UTC 2015
Checking output files:  
will tar file crab_fjr_488.xml in  out_files_488
WARNING: output file CMSSW_488.stdout not found!
WARNING: output file CMSSW_488.stderr not found!
WARNING: output file Watchdog_488.log.gz not found!
>>> padding time: Wrapper lasting more than 600 seconds. No sleep required.
STOPPING WATCHDOG. CrabWatchdog PID is 27623
********** LAST 50 LINES OF WATCHDOG LOG
 Feb 02 21:57:35 GMT	27995	1078604	1697072	76	121	1325	cmsRun -j /scratch/condor/dir_4744/glide_XKJxeU/execute/dir_24719/crab_fjr_488.xml -p pset.py      
 Feb 02 21:58:35 GMT	27995	1093372	1697072	76	124	1385	cmsRun -j /scratch/condor/dir_4744/glide_XKJxeU/execute/dir_24719/crab_fjr_488.xml -p pset.py      
 Feb 02 21:59:35 GMT	27995	1098288	1697072	76	127	1445	cmsRun -j /scratch/condor/dir_4744/glide_XKJxeU/execute/dir_24719/crab_fjr_488.xml -p pset.py      
 Feb 02 22:00:36 GMT	27995	1100224	1697072	76	131	1506	cmsRun -j /scratch/condor/dir_4744/glide_XKJxeU/execute/dir_24719/crab_fjr_488.xml -p pset.py      
 Feb 02 22:03:36 GMT	27995	1102936	1700404	76	139	1686	cmsRun -j /scratch/condor/dir_4744/glide_XKJxeU/execute/dir_24719/crab_fjr_488.xml -p pset.py      
 Feb 02 22:04:36 GMT	27995	1109796	1706804	76	146	1747	cmsRun -j /scratch/condor/dir_4744/glide_XKJxeU/execute/dir_24719/crab_fjr_488.xml -p pset.py      
 Feb 02 22:05:37 GMT	27995	1227144	1706804	76	164	1807	cmsRun -j /scratch/condor/dir_4744/glide_XKJxeU/execute/dir_24719/crab_fjr_488.xml -p pset.py      
# TIME			PID	RSS(KB)	VSZ(KB)	Dsk(MB)	tCPU(s)	tWALL(s)	COMMAND
 Feb 02 22:06:37 GMT	27995	1256696	1732916	76	165	1867	cmsRun -j /scratch/condor/dir_4744/glide_XKJxeU/execute/dir_24719/crab_fjr_488.xml -p pset.py      
 Feb 02 22:07:37 GMT	27995	1269672	1745204	76	171	1927	cmsRun -j /scratch/condor/dir_4744/glide_XKJxeU/execute/dir_24719/crab_fjr_488.xml -p pset.py      
 Feb 02 22:08:37 GMT	27995	1269672	1783564	76	190	1987	cmsRun -j /scratch/condor/dir_4744/glide_XKJxeU/execute/dir_24719/crab_fjr_488.xml -p pset.py      
 Feb 02 22:08:37 GMT	---	1269672	1783564	100	----	----	----
 Feb 02 22:09:37 GMT	27995	1269672	1786636	100	196	2048	cmsRun -j /scratch/condor/dir_4744/glide_XKJxeU/execute/dir_24719/crab_fjr_488.xml -p pset.py      
 Feb 02 22:16:40 GMT	27995	1269672	1788688	100	210	2470	cmsRun -j /scratch/condor/dir_4744/glide_XKJxeU/execute/dir_24719/crab_fjr_488.xml -p pset.py      
 Feb 02 22:17:40 GMT	27995	1269672	1798416	100	216	2530	cmsRun -j /scratch/condor/dir_4744/glide_XKJxeU/execute/dir_24719/crab_fjr_488.xml -p pset.py      
 Feb 02 22:25:42 GMT	27995	1269672	1814800	100	229	3012	cmsRun -j /scratch/condor/dir_4744/glide_XKJxeU/execute/dir_24719/crab_fjr_488.xml -p pset.py      
 Feb 02 22:26:42 GMT	27995	1290156	1819920	100	237	3072	cmsRun -j /scratch/condor/dir_4744/glide_XKJxeU/execute/dir_24719/crab_fjr_488.xml -p pset.py      
 Feb 02 22:27:42 GMT	27995	1295800	1819920	100	241	3132	cmsRun -j /scratch/condor/dir_4744/glide_XKJxeU/execute/dir_24719/crab_fjr_488.xml -p pset.py      
 Feb 02 22:28:42 GMT	27995	1295800	1820432	100	260	3193	cmsRun -j /scratch/condor/dir_4744/glide_XKJxeU/execute/dir_24719/crab_fjr_488.xml -p pset.py      
 Feb 02 22:28:42 GMT	---	1295800	1820432	123	----	----	----
 Feb 02 22:32:44 GMT	27995	1295800	1822224	123	270	3434	cmsRun -j /scratch/condor/dir_4744/glide_XKJxeU/execute/dir_24719/crab_fjr_488.xml -p pset.py      
 Feb 02 22:35:45 GMT	27995	1295996	1822224	123	279	3615	cmsRun -j /scratch/condor/dir_4744/glide_XKJxeU/execute/dir_24719/crab_fjr_488.xml -p pset.py      
 Feb 02 22:36:45 GMT	27995	1320984	1828368	123	282	3675	cmsRun -j /scratch/condor/dir_4744/glide_XKJxeU/execute/dir_24719/crab_fjr_488.xml -p pset.py      
 Feb 02 22:38:45 GMT	27995	1337644	1836560	123	289	3795	cmsRun -j /scratch/condor/dir_4744/glide_XKJxeU/execute/dir_24719/crab_fjr_488.xml -p pset.py      
 Feb 02 22:39:45 GMT	27995	1398228	1857808	123	303	3856	cmsRun -j /scratch/condor/dir_4744/glide_XKJxeU/execute/dir_24719/crab_fjr_488.xml -p pset.py      
 Feb 02 22:40:46 GMT	27995	1404044	1857808	123	309	3916	cmsRun -j /scratch/condor/dir_4744/glide_XKJxeU/execute/dir_24719/crab_fjr_488.xml -p pset.py      
 Feb 02 22:41:46 GMT	---	1404044	1857808	145	----	----	----
 Feb 02 22:50:48 GMT	---	1404044	1857808	168	----	----	----
 Feb 02 22:55:49 GMT	27995	1404044	1865232	168	425	4819	cmsRun -j /scratch/condor/dir_4744/glide_XKJxeU/execute/dir_24719/crab_fjr_488.xml -p pset.py      
 Feb 02 22:57:49 GMT	27995	1404044	1886992	168	446	4939	cmsRun -j /scratch/condor/dir_4744/glide_XKJxeU/execute/dir_24719/crab_fjr_488.xml -p pset.py      
 Feb 02 22:58:49 GMT	27995	1404044	1896720	168	469	5000	cmsRun -j /scratch/condor/dir_4744/glide_XKJxeU/execute/dir_24719/crab_fjr_488.xml -p pset.py      
 Feb 02 22:58:49 GMT	---	1404044	1896720	192	----	----	----
 Feb 02 23:01:50 GMT	27995	1404044	1902864	192	490	5180	cmsRun -j /scratch/condor/dir_4744/glide_XKJxeU/execute/dir_24719/crab_fjr_488.xml -p pset.py      
 Feb 02 23:03:51 GMT	27995	1404044	1923600	192	510	5301	cmsRun -j /scratch/condor/dir_4744/glide_XKJxeU/execute/dir_24719/crab_fjr_488.xml -p pset.py      
 Feb 02 23:04:51 GMT	27995	1532308	1971984	192	530	5361	cmsRun -j /scratch/condor/dir_4744/glide_XKJxeU/execute/dir_24719/crab_fjr_488.xml -p pset.py      
 Feb 02 23:04:51 GMT	---	1532308	1971984	202	----	----	----
 Feb 02 23:05:51 GMT	---	1532308	1971984	213	----	----	----
 Feb 02 23:10:52 GMT	---	1532308	1971984	236	----	----	----
# TIME			PID	RSS(KB)	VSZ(KB)	Dsk(MB)	tCPU(s)	tWALL(s)	COMMAND
# TIME			PID	RSS(KB)	VSZ(KB)	Dsk(MB)	tCPU(s)	tWALL(s)	COMMAND
# TIME			PID	RSS(KB)	VSZ(KB)	Dsk(MB)	tCPU(s)	tWALL(s)	COMMAND
# TIME			PID	RSS(KB)	VSZ(KB)	Dsk(MB)	tCPU(s)	tWALL(s)	COMMAND
 Feb 02 23:14:53 GMT	27995	1532308	1973520	236	631	5964	cmsRun -j /scratch/condor/dir_4744/glide_XKJxeU/execute/dir_24719/crab_fjr_488.xml -p pset.py      
 Feb 02 23:15:54 GMT	27995	1532308	1980176	236	643	6024	cmsRun -j /scratch/condor/dir_4744/glide_XKJxeU/execute/dir_24719/crab_fjr_488.xml -p pset.py      
 Feb 02 23:17:54 GMT	27995	1532308	1984272	236	653	6144	cmsRun -j /scratch/condor/dir_4744/glide_XKJxeU/execute/dir_24719/crab_fjr_488.xml -p pset.py      
 Feb 02 23:18:54 GMT	---	1532308	1984272	259	----	----	----
 Feb 02 23:21:55 GMT	27995	1532308	1988368	259	687	6385	cmsRun -j /scratch/condor/dir_4744/glide_XKJxeU/execute/dir_24719/crab_fjr_488.xml -p pset.py      
 Feb 02 23:22:55 GMT	27995	1532308	1995536	259	697	6445	cmsRun -j /scratch/condor/dir_4744/glide_XKJxeU/execute/dir_24719/crab_fjr_488.xml -p pset.py      
 Feb 02 23:24:56 GMT	27995	1532308	2019856	259	715	6566	cmsRun -j /scratch/condor/dir_4744/glide_XKJxeU/execute/dir_24719/crab_fjr_488.xml -p pset.py      
 Feb 02 23:25:56 GMT	---	1532308	2019856	282	----	----	----
********** WATCHDOG LOG ENDED
ZIPPING WATCHDOG LOG
Disk space used:
du -sh /scratch/condor/dir_4744/glide_XKJxeU/execute/dir_24719
282M	/scratch/condor/dir_4744/glide_XKJxeU/execute/dir_24719
Found unusual stdout, rename for OSB
`/scratch/condor/dir_4744/glide_XKJxeU/execute/dir_24719/_condor_stdout' -> `CMSSW_488.stdout'
Found unusual stderr, rename for OSB
`/scratch/condor/dir_4744/glide_XKJxeU/execute/dir_24719/_condor_stdout' -> `CMSSW_488.stderr'
crab_fjr_488.xml
CMSSW_488.stdout
CMSSW_488.stderr
Watchdog_488.log.gz
Total Output dimension: 23943
WARNING: output files size limit is set to: 50000000
Total Output dimension 23943 is fine.
JOB_EXIT_STATUS = 0
>>> info for dashboard:
***** Cat /scratch/condor/dir_4744/glide_XKJxeU/execute/dir_24719/jobreport.txt *****
MonitorJobID=488_https://submit-6.t2.ucsd.edu//150202//509448.87
MonitorID=dcieri_PU140_4dm08r
ExeTime=6617
ExeExitCode=0
StageOutExitStatusReason = 'Copy succedeed with srm-lcg utils'
StageOutSE = heplnx204.pp.rl.ac.uk
StageOutExitStatus = 0
CrabUserCpuTime=713.16
CrabSysCpuTime=21.35
CrabCpuPercentage=11%
CrabWrapperTime=6676
CrabStageoutTime=48
JobExitCode=0
***** End Cat jobreport *****
Parameters sent to Dashboard.
EXITING at Mon Feb  2 23:26:44 GMT 2015  -  Mon Feb  2 23:26:44 UTC 2015
