This script was generated by crab (version 2.11.1_patch1).
Running /scratch/condor/dir_25917/glide_msKLCq/execute/dir_30803/condor_exec.exe with 2 positional parameters: 463 1
Today is Mon Feb  2 21:31:56 GMT 2015 - Mon Feb  2 21:31:56 UTC 2015
Job submitted on host heplnc326.pp.rl.ac.uk
Linux heplnc326.pp.rl.ac.uk 2.6.32-504.3.3.el6.x86_64 #1 SMP Tue Dec 16 14:29:22 CST 2014 x86_64 x86_64 x86_64 GNU/Linux
Distributor ID:	Scientific
Description:	Scientific Linux release 6.6 (Carbon)
>>> current directory (RUNTIME_AREA): /scratch/condor/dir_25917/glide_msKLCq/execute/dir_30803
>>> current user: uid=157415(cms415) gid=157000(gplcms) groups=157000(gplcms)
>>> directory permission set to 0700
>>> umask set to:  u=rwx,g=,o=
>>> stdout stderr permission set to 0704
>>> voms proxy information:
subject   : /DC=ch/DC=cern/OU=Organic Units/OU=Users/CN=dcieri/CN=755391/CN=Davide Cieri/CN=769881070/CN=644846038
issuer    : /DC=ch/DC=cern/OU=Organic Units/OU=Users/CN=dcieri/CN=755391/CN=Davide Cieri/CN=769881070
identity  : /DC=ch/DC=cern/OU=Organic Units/OU=Users/CN=dcieri/CN=755391/CN=Davide Cieri
type      : RFC3820 compliant limited proxy
strength  : 1024
path      : /scratch/condor/dir_25917/glide_msKLCq/execute/dir_30803/x509up_u62281
timeleft  : 23:59:00
key usage : Digital Signature, Key Encipherment
=== VO cms extension information ===
VO        : cms
subject   : /DC=ch/DC=cern/OU=Organic Units/OU=Users/CN=dcieri/CN=755391/CN=Davide Cieri
issuer    : /DC=ch/DC=cern/OU=computers/CN=lcg-voms2.cern.ch
attribute : /cms/Role=NULL/Capability=NULL
timeleft  : 182:44:28
uri       : lcg-voms2.cern.ch:15002

WNHostName=heplnc326.pp.rl.ac.uk
$_CONDOR_JOB_AD =/scratch/condor/dir_25917/glide_msKLCq/execute/dir_30803/.job.ad
OverflowFlag=0
>>> tar --no-same-permissions -xf /scratch/condor/dir_25917/glide_msKLCq/execute/dir_30803/default.tgz :
Successful untar
>>> Include /scratch/condor/dir_25917/glide_msKLCq/execute/dir_30803 in PYTHONPATH:
strip arguments
env var CRAB_UNIQUE_JOB_ID set to: dcieri_PU140_4dm08r_463_1_sBe
out_files_463
>>> list of expected files on output sandbox
output files: crab_fjr_463.xml CMSSW_463.stdout CMSSW_463.stderr Watchdog_463.log.gz
>>> GridFlavour discovery: 
GridFlavour=LCG
>>> SyncSite discovery: 
SyncSite=T2_UK_SGrid_RALPP
>>> SyncCE discovery: 
getting SyncCE from GLIDEIN_Gaekeeper
SyncCE=heplnv146.pp.rl.ac.uk
>>> info for dashboard:
***** Cat /scratch/condor/dir_25917/glide_msKLCq/execute/dir_30803/jobreport.txt *****
WNHostName=heplnc326.pp.rl.ac.uk
OverflowFlag=0
MonitorJobID=463_https://submit-6.t2.ucsd.edu//150202//509448.62
SyncGridJobId=https://submit-6.t2.ucsd.edu//150202//509448.62
MonitorID=dcieri_PU140_4dm08r
GridFlavour=LCG
SyncSite=T2_UK_SGrid_RALPP
SyncCE=heplnv146.pp.rl.ac.uk
***** End Cat jobreport *****
Parameters sent to Dashboard.
>>> setup environment
set SCRAM ARCH to slc6_amd64_gcc472
SCRAM_ARCH = slc6_amd64_gcc472
>>> setup CMS LCG environment:
set SCRAM ARCH and BUILD_ARCH to slc6_amd64_gcc472 ###
Sourcing environment... 
sourcing /cvmfs/cms.cern.ch/cmsset_default.sh
==> setup cms environment ok
>>> specific cmssw setup environment:
CMSSW_VERSION =  CMSSW_6_2_0_SLHC12
WARNING: In non-interactive mode release checks e.g. deprecated releases, production architectures are disabled.
>>> current directory (SOFTWARE_DIR): /scratch/condor/dir_25917/glide_msKLCq/execute/dir_30803/CMSSW_6_2_0_SLHC12
PreserveSeeds: <>
IncrementSeeds:<>
>>> info for dashboard:
***** Cat /scratch/condor/dir_25917/glide_msKLCq/execute/dir_30803/jobreport.txt *****
MonitorJobID=463_https://submit-6.t2.ucsd.edu//150202//509448.62
MonitorID=dcieri_PU140_4dm08r
***** End Cat jobreport *****
Parameters sent to Dashboard.
crabWatchdog started as process 31490
>>> moving CMSSW software directories in /scratch/condor/dir_25917/glide_msKLCq/execute/dir_30803/CMSSW_6_2_0_SLHC12
mv: cannot stat `/scratch/condor/dir_25917/glide_msKLCq/execute/dir_30803/module/': No such file or directory
>>> Include /scratch/condor/dir_25917/glide_msKLCq/execute/dir_30803 in PYTHONPATH:
PYTHONPATH=/scratch/condor/dir_25917/glide_msKLCq/execute/dir_30803/:/scratch/condor/dir_25917/glide_msKLCq/execute/dir_30803/CMSSW_6_2_0_SLHC12/python:/scratch/condor/dir_25917/glide_msKLCq/execute/dir_30803/CMSSW_6_2_0_SLHC12/lib/slc6_amd64_gcc472:/cvmfs/cms.cern.ch/slc6_amd64_gcc472/cms/cmssw/CMSSW_6_2_0_SLHC12/python:/cvmfs/cms.cern.ch/slc6_amd64_gcc472/cms/cmssw/CMSSW_6_2_0_SLHC12/lib/slc6_amd64_gcc472:/cvmfs/cms.cern.ch/slc6_amd64_gcc472/cms/coral/CORAL_2_3_21-cms35/slc6_amd64_gcc472/python:/cvmfs/cms.cern.ch/slc6_amd64_gcc472/cms/coral/CORAL_2_3_21-cms35/slc6_amd64_gcc472/lib:/cvmfs/cms.cern.ch/slc6_amd64_gcc472/external/python-ldap/2.3.5-cms5/lib/python2.7/site-packages:/cvmfs/cms.cern.ch/slc6_amd64_gcc472/external/pyqt/4.8.1-cms5/lib/python2.7/site-packages:/cvmfs/cms.cern.ch/slc6_amd64_gcc472/external/py2-scipy/0.8.0-cms7/lib/python2.7/site-packages:/cvmfs/cms.cern.ch/slc6_amd64_gcc472/external/py2-matplotlib/1.0.1-cms7/lib/python2.7/site-packages:/cvmfs/cms.cern.ch/slc6_amd64_gcc472/external/sip/4.11.2-cms5/lib/python2.7/site-packages:/cvmfs/cms.cern.ch/slc6_amd64_gcc472/external/py2-pycurl/7.19.0-cms7/lib/python2.7/site-packages:/cvmfs/cms.cern.ch/slc6_amd64_gcc472/external/py2-numpy/1.6.1-cms7/lib/python2.7/site-packages:/cvmfs/cms.cern.ch/slc6_amd64_gcc472/external/py2-lint/0.25.1-cms5/lib/python2.7/site-packages:/cvmfs/cms.cern.ch/slc6_amd64_gcc472/external/py2-ipython/0.10-cms5/lib/python2.7/site-packages:/cvmfs/cms.cern.ch/slc6_amd64_gcc472/external/py2-cx-oracle/5.1-cms5/lib/python2.7/site-packages:/cvmfs/cms.cern.ch/slc6_amd64_gcc472/external/py2-cjson/1.0.5-cms5/lib/python2.7/site-packages:/cvmfs/cms.cern.ch/slc6_amd64_gcc472/cms/das-client/1.11.7/bin:/cvmfs/cms.cern.ch/slc6_amd64_gcc472/external/elementtree/1.2.6-cms5/share/lib/python2.7/site-packages:/cvmfs/cms.cern.ch/slc6_amd64_gcc472/external/rivet/1.8.2-cms9/lib/python2.7/site-packages:/cvmfs/cms.cern.ch/slc6_amd64_gcc472/external/pyminuit2/0.0.1-cms19/lib/python2.7/site-packages:/cvmfs/cms.cern.ch/slc6_amd64_gcc472/external/py2-pygithub/1.23.0-cms2/lib/python2.7/site-packages:/cvmfs/cms.cern.ch/slc6_amd64_gcc472/external/professor/1.0.0-cms19/lib/python2.7/site-packages:/cvmfs/cms.cern.ch/slc6_amd64_gcc472/lcg/root/5.34.07-cms/lib:/cvmfs/cms.cern.ch/slc6_amd64_gcc472/cms/dbs-client/DBS_2_1_9-cms5/lib:/cvmfs/cms.cern.ch/slc6_amd64_gcc472/cms/dbs-client/DBS_2_1_9-cms5/lib/DBSAPI:/cvmfs/cms.cern.ch/slc6_amd64_gcc472/external/cvs2git/5419-cms/lib:/scratch/condor/dir_25917/glide_msKLCq/execute/dir_30803/
 
# LIMITS USED BY CRAB WATCHDOG:
# RSS  (KBytes)   : 2300000
# VSZ  (KBytes)   : 100000000
# DISK (MBytes)   : 19000
# CPU TIME        : 720h:0m:0s
# WALL CLOCK TIME : 21h:50m:0s
 
3c0380cf82de79bc39966c93934c61fc
PSETHASH = 3c0380cf82de79bc39966c93934c61fc
/scratch/condor/dir_25917/glide_msKLCq/execute/dir_30803/writeCfg.py pset.py pset.py
Importing .py file
Setting parameters
RandomNumberGeneratorService found, will attempt to change seeds
inputBlocks=/ttbar/dcieri-ttbar_SIM-130075366148575c102f0d64fd3ac8f7/USER#42cb1519-7f11-43e2-ab9a-a013bd5404ac
inputFiles=/store/user/dcieri/ttbar_SIM/ttbar/ttbar_SIM/150129_145223/0000/step1_314.root
parentFiles=
lumisRange=
>>> Executable cmsRun
/cvmfs/cms.cern.ch/slc6_amd64_gcc472/cms/cmssw/CMSSW_6_2_0_SLHC12/bin/slc6_amd64_gcc472/cmsRun
ok executable found
>>> info for dashboard:
***** Cat /scratch/condor/dir_25917/glide_msKLCq/execute/dir_30803/jobreport.txt *****
MonitorJobID=463_https://submit-6.t2.ucsd.edu//150202//509448.62
MonitorID=dcieri_PU140_4dm08r
ExeStart=cmsRun
***** End Cat jobreport *****
Parameters sent to Dashboard.
>>> cmsRun started at Mon Feb  2 21:32:06 UTC 2015
>>> cmsRun ended at Mon Feb  2 23:21:56 UTC 2015
>>> crab_fjr_*.xml  permission set to 0704
>>> info for dashboard:
***** Cat /scratch/condor/dir_25917/glide_msKLCq/execute/dir_30803/jobreport.txt *****
MonitorJobID=463_https://submit-6.t2.ucsd.edu//150202//509448.62
MonitorID=dcieri_PU140_4dm08r
ExeEnd=cmsRun
***** End Cat jobreport *****
Parameters sent to Dashboard.
TIME_EXE = 6590 sec
>>> cmsRun wrote 197 lines of stdout+stderr
>>> START OF printout of 197 lines from stdout+stderr
271 DQMStore::DQMStore 
HcalTopologyIdealEP::HcalTopologyIdealEP
02-Feb-2015 21:32:24 GMT  Initiating request to open file root://dcap.pp.rl.ac.uk:1094/pnfs/pp.rl.ac.uk/data/cms/store/user/dcieri/ttbar_SIM/ttbar/ttbar_SIM/150129_145223/0000/step1_314.root
150202 21:32:26 31622 Xrd: CheckErrorStatus: Server [heplnx209.pp.rl.ac.uk:1094] declared: Request 3018 not supported(error code: 3013)
02-Feb-2015 21:32:26 GMT  Successfully opened file root://dcap.pp.rl.ac.uk:1094/pnfs/pp.rl.ac.uk/data/cms/store/user/dcieri/ttbar_SIM/ttbar/ttbar_SIM/150129_145223/0000/step1_314.root
02-Feb-2015 21:32:27 GMT  Initiating request to open file root://xrootd.unl.edu//store/group/dpg_trigger/comm_trigger/L1TrackTrigger/620_SLHC10/Extended2023TTI/MinBias/MinBias_TuneZ2star_GEN_SIM_1.root
02-Feb-2015 21:32:28 GMT  Successfully opened file root://xrootd.unl.edu//store/group/dpg_trigger/comm_trigger/L1TrackTrigger/620_SLHC10/Extended2023TTI/MinBias/MinBias_TuneZ2star_GEN_SIM_1.root
disableME1a = 0
HcalTopologyIdealEP::produce(const IdealGeometryRecord& iRecord)
mode = 2, maxDepthHB = 3, maxDepthHE = 5
RPCGeometryESModule :: produce
RPCGeometryESModule :: produce :: 1/4 Get Muon Ideal Geometry Record
RPCGeometryESModule :: produce :: 2/4 Get Muon DDD Constants
RPCGeometryESModule :: produce :: 3/4 Get Muon Numbering Record
in MuonNumberingInitialization::initializeMuonDDDConstants
about to make my new muonDDDConst_
in MuonNumberingInitialization::produce
RPCGeometryESModule :: produce :: 4/4 Build
Found:

	Barrel Stack layer 5 : 1008 stacks
	Barrel Stack layer 6 : 1320 stacks
	Barrel Stack layer 7 : 1836 stacks
	Barrel Stack layer 8 : 1152 stacks
	Barrel Stack layer 9 : 1488 stacks
	Barrel Stack layer 10 : 1824 stacks

	Endcap Stack disk 11 : 1360 stacks
	Endcap Stack disk 12 : 1360 stacks
	Endcap Stack disk 13 : 1360 stacks
	Endcap Stack disk 14 : 1360 stacks
	Endcap Stack disk 15 : 1360 stacks
Created 15428 stacks in 30 s

TTClusterBuilder< edm::Ref<edm::DetSetVector<PixelDigi>, PixelDigi, edm::refhelper::FindForDetSetVector<PixelDigi> > > loaded modules:
	TTClusterAlgorithm:	TTClusterAlgorithm_2d2013< edm::Ref<edm::DetSetVector<PixelDigi>, PixelDigi, edm::refhelper::FindForDetSetVector<PixelDigi> > >


TTStubBuilder< edm::Ref<edm::DetSetVector<PixelDigi>, PixelDigi, edm::refhelper::FindForDetSetVector<PixelDigi> > > loaded modules:
	TTStubAlgorithm:	TTStubAlgorithm_tab2013< edm::Ref<edm::DetSetVector<PixelDigi>, PixelDigi, edm::refhelper::FindForDetSetVector<PixelDigi> > >


TTClusterAssociator< edm::Ref<edm::DetSetVector<PixelDigi>, PixelDigi, edm::refhelper::FindForDetSetVector<PixelDigi> > > loaded.


TTStubAssociator< edm::Ref<edm::DetSetVector<PixelDigi>, PixelDigi, edm::refhelper::FindForDetSetVector<PixelDigi> > > loaded.


TTTrackAssociator< edm::Ref<edm::DetSetVector<PixelDigi>, PixelDigi, edm::refhelper::FindForDetSetVector<PixelDigi> > > loaded.

Begin processing the 1st record. Run 1, Event 3131, LumiSection 314 at 02-Feb-2015 21:33:19.634 GMT
02-Feb-2015 21:33:27 GMT  Closed file root://xrootd.unl.edu//store/group/dpg_trigger/comm_trigger/L1TrackTrigger/620_SLHC10/Extended2023TTI/MinBias/MinBias_TuneZ2star_GEN_SIM_1.root
02-Feb-2015 21:33:27 GMT  Initiating request to open file root://xrootd.unl.edu//store/group/dpg_trigger/comm_trigger/L1TrackTrigger/620_SLHC10/Extended2023TTI/MinBias/MinBias_TuneZ2star_GEN_SIM_287.root
02-Feb-2015 21:33:59 GMT  Successfully opened file root://xrootd.unl.edu//store/group/dpg_trigger/comm_trigger/L1TrackTrigger/620_SLHC10/Extended2023TTI/MinBias/MinBias_TuneZ2star_GEN_SIM_287.root
150202 21:38:55 31871 Xrd: XrdClientMessage::ReadRaw: Failed to read header (8 bytes).
150202 21:39:25 31869 Xrd: XrdClientMessage::ReadRaw: Failed to read header (8 bytes).
02-Feb-2015 21:41:32 GMT  Closed file root://xrootd.unl.edu//store/group/dpg_trigger/comm_trigger/L1TrackTrigger/620_SLHC10/Extended2023TTI/MinBias/MinBias_TuneZ2star_GEN_SIM_287.root
02-Feb-2015 21:41:32 GMT  Initiating request to open file root://xrootd.unl.edu//store/group/dpg_trigger/comm_trigger/L1TrackTrigger/620_SLHC10/Extended2023TTI/MinBias/MinBias_TuneZ2star_GEN_SIM_96.root
150202 21:42:03 10835 Xrd: CheckErrorStatus: Server [llrxrd-redir.in2p3.fr:1094] declared: session not found(error code: 3011)
02-Feb-2015 21:42:04 GMT  Successfully opened file root://xrootd.unl.edu//store/group/dpg_trigger/comm_trigger/L1TrackTrigger/620_SLHC10/Extended2023TTI/MinBias/MinBias_TuneZ2star_GEN_SIM_96.root
150202 21:46:55 32721 Xrd: XrdClientMessage::ReadRaw: Failed to read header (8 bytes).
150202 21:47:25 11103 Xrd: XrdClientMessage::ReadRaw: Failed to read header (8 bytes).
02-Feb-2015 21:49:47 GMT  Closed file root://xrootd.unl.edu//store/group/dpg_trigger/comm_trigger/L1TrackTrigger/620_SLHC10/Extended2023TTI/MinBias/MinBias_TuneZ2star_GEN_SIM_96.root
02-Feb-2015 21:49:47 GMT  Initiating request to open file root://xrootd.unl.edu//store/group/dpg_trigger/comm_trigger/L1TrackTrigger/620_SLHC10/Extended2023TTI/MinBias/MinBias_TuneZ2star_GEN_SIM_832.root
150202 21:50:18 16954 Xrd: CheckErrorStatus: Server [xrootd-redic.pi.infn.it:1094] declared: session not found(error code: 3011)
02-Feb-2015 21:50:19 GMT  Successfully opened file root://xrootd.unl.edu//store/group/dpg_trigger/comm_trigger/L1TrackTrigger/620_SLHC10/Extended2023TTI/MinBias/MinBias_TuneZ2star_GEN_SIM_832.root
Building the geometry service
Warning did not find digi
Warning did not find digi
Warning did not find digi
Warning did not find digi
Warning did not find digi in disks
Warning did not find digi in disks
Warning did not find digi in disks
Warning did not find digi in disks
150202 21:52:55 31867 Xrd: XrdClientMessage::ReadRaw: Failed to read header (8 bytes).
150202 21:52:55 31861 Xrd: XrdClientMessage::ReadRaw: Failed to read header (8 bytes).
150202 21:54:55 11104 Xrd: XrdClientMessage::ReadRaw: Failed to read header (8 bytes).
150202 21:55:25 17311 Xrd: XrdClientMessage::ReadRaw: Failed to read header (8 bytes).
02-Feb-2015 21:58:02 GMT  Closed file root://xrootd.unl.edu//store/group/dpg_trigger/comm_trigger/L1TrackTrigger/620_SLHC10/Extended2023TTI/MinBias/MinBias_TuneZ2star_GEN_SIM_832.root
02-Feb-2015 21:58:02 GMT  Initiating request to open file root://xrootd.unl.edu//store/group/dpg_trigger/comm_trigger/L1TrackTrigger/620_SLHC10/Extended2023TTI/MinBias/MinBias_TuneZ2star_GEN_SIM_212.root
150202 21:58:33 21934 Xrd: CheckErrorStatus: Server [llrxrd-redir.in2p3.fr:1094] declared: session not found(error code: 3011)
02-Feb-2015 21:58:33 GMT  Successfully opened file root://xrootd.unl.edu//store/group/dpg_trigger/comm_trigger/L1TrackTrigger/620_SLHC10/Extended2023TTI/MinBias/MinBias_TuneZ2star_GEN_SIM_212.root
150202 22:03:24 17312 Xrd: XrdClientMessage::ReadRaw: Failed to read header (8 bytes).
150202 22:03:54 22291 Xrd: XrdClientMessage::ReadRaw: Failed to read header (8 bytes).
02-Feb-2015 22:04:04 GMT  Closed file root://xrootd.unl.edu//store/group/dpg_trigger/comm_trigger/L1TrackTrigger/620_SLHC10/Extended2023TTI/MinBias/MinBias_TuneZ2star_GEN_SIM_212.root
02-Feb-2015 22:04:04 GMT  Initiating request to open file root://xrootd.unl.edu//store/group/dpg_trigger/comm_trigger/L1TrackTrigger/620_SLHC10/Extended2023TTI/MinBias/MinBias_TuneZ2star_GEN_SIM_960.root
150202 22:04:27 25656 Xrd: CheckErrorStatus: Server [xrootd-redic.pi.infn.it:1094] declared: session not found(error code: 3011)
02-Feb-2015 22:04:28 GMT  Successfully opened file root://xrootd.unl.edu//store/group/dpg_trigger/comm_trigger/L1TrackTrigger/620_SLHC10/Extended2023TTI/MinBias/MinBias_TuneZ2star_GEN_SIM_960.root
02-Feb-2015 22:07:34 GMT  Closed file root://xrootd.unl.edu//store/group/dpg_trigger/comm_trigger/L1TrackTrigger/620_SLHC10/Extended2023TTI/MinBias/MinBias_TuneZ2star_GEN_SIM_960.root
02-Feb-2015 22:07:34 GMT  Initiating request to open file root://xrootd.unl.edu//store/group/dpg_trigger/comm_trigger/L1TrackTrigger/620_SLHC10/Extended2023TTI/MinBias/MinBias_TuneZ2star_GEN_SIM_24.root
150202 22:09:25 22292 Xrd: XrdClientMessage::ReadRaw: Failed to read header (8 bytes).
150202 22:09:27 27940 Xrd: CheckErrorStatus: Server [cms-xrd-global.cern.ch:1094] declared: session not found(error code: 3011)
02-Feb-2015 22:09:27 GMT  Successfully opened file root://xrootd.unl.edu//store/group/dpg_trigger/comm_trigger/L1TrackTrigger/620_SLHC10/Extended2023TTI/MinBias/MinBias_TuneZ2star_GEN_SIM_24.root
150202 22:12:55 25886 Xrd: XrdClientMessage::ReadRaw: Failed to read header (8 bytes).
02-Feb-2015 22:13:18 GMT  Closed file root://xrootd.unl.edu//store/group/dpg_trigger/comm_trigger/L1TrackTrigger/620_SLHC10/Extended2023TTI/MinBias/MinBias_TuneZ2star_GEN_SIM_24.root
02-Feb-2015 22:13:18 GMT  Initiating request to open file root://xrootd.unl.edu//store/group/dpg_trigger/comm_trigger/L1TrackTrigger/620_SLHC10/Extended2023TTI/MinBias/MinBias_TuneZ2star_GEN_SIM_264.root
02-Feb-2015 22:13:49 GMT  Successfully opened file root://xrootd.unl.edu//store/group/dpg_trigger/comm_trigger/L1TrackTrigger/620_SLHC10/Extended2023TTI/MinBias/MinBias_TuneZ2star_GEN_SIM_264.root
02-Feb-2015 22:17:55 GMT  Closed file root://xrootd.unl.edu//store/group/dpg_trigger/comm_trigger/L1TrackTrigger/620_SLHC10/Extended2023TTI/MinBias/MinBias_TuneZ2star_GEN_SIM_264.root
02-Feb-2015 22:17:55 GMT  Initiating request to open file root://xrootd.unl.edu//store/group/dpg_trigger/comm_trigger/L1TrackTrigger/620_SLHC10/Extended2023TTI/MinBias/MinBias_TuneZ2star_GEN_SIM_968.root
02-Feb-2015 22:18:21 GMT  Successfully opened file root://xrootd.unl.edu//store/group/dpg_trigger/comm_trigger/L1TrackTrigger/620_SLHC10/Extended2023TTI/MinBias/MinBias_TuneZ2star_GEN_SIM_968.root
150202 22:18:22 28676 Xrd: XrdClientMessage::ReadRaw: Failed to read header (8 bytes).
02-Feb-2015 22:19:52 GMT  Closed file root://xrootd.unl.edu//store/group/dpg_trigger/comm_trigger/L1TrackTrigger/620_SLHC10/Extended2023TTI/MinBias/MinBias_TuneZ2star_GEN_SIM_968.root
02-Feb-2015 22:19:52 GMT  Initiating request to open file root://xrootd.unl.edu//store/group/dpg_trigger/comm_trigger/L1TrackTrigger/620_SLHC10/Extended2023TTI/MinBias/MinBias_TuneZ2star_GEN_SIM_992.root
150202 22:23:24 25885 Xrd: XrdClientMessage::ReadRaw: Failed to read header (8 bytes).
150202 22:23:24 30384 Xrd: XrdClientMessage::ReadRaw: Failed to read header (8 bytes).
150202 22:24:41 327 Xrd: CheckErrorStatus: Server [xrootd-redic.pi.infn.it:1094] declared: session not found(error code: 3011)
02-Feb-2015 22:24:41 GMT  Successfully opened file root://xrootd.unl.edu//store/group/dpg_trigger/comm_trigger/L1TrackTrigger/620_SLHC10/Extended2023TTI/MinBias/MinBias_TuneZ2star_GEN_SIM_992.root
150202 22:24:55 32187 Xrd: XrdClientMessage::ReadRaw: Failed to read header (8 bytes).
02-Feb-2015 22:29:34 GMT  Closed file root://xrootd.unl.edu//store/group/dpg_trigger/comm_trigger/L1TrackTrigger/620_SLHC10/Extended2023TTI/MinBias/MinBias_TuneZ2star_GEN_SIM_992.root
02-Feb-2015 22:29:34 GMT  Initiating request to open file root://xrootd.unl.edu//store/group/dpg_trigger/comm_trigger/L1TrackTrigger/620_SLHC10/Extended2023TTI/MinBias/MinBias_TuneZ2star_GEN_SIM_990.root
150202 22:29:34 28675 Xrd: XrdClientMessage::ReadRaw: Failed to read header (8 bytes).
150202 22:29:55 2279 Xrd: XrdClientMessage::ReadRaw: Failed to read header (8 bytes).
150202 22:30:05 4181 Xrd: CheckErrorStatus: Server [llrxrd-redir.in2p3.fr:1094] declared: session not found(error code: 3011)
02-Feb-2015 22:30:05 GMT  Successfully opened file root://xrootd.unl.edu//store/group/dpg_trigger/comm_trigger/L1TrackTrigger/620_SLHC10/Extended2023TTI/MinBias/MinBias_TuneZ2star_GEN_SIM_990.root
02-Feb-2015 22:33:45 GMT  Closed file root://xrootd.unl.edu//store/group/dpg_trigger/comm_trigger/L1TrackTrigger/620_SLHC10/Extended2023TTI/MinBias/MinBias_TuneZ2star_GEN_SIM_990.root
02-Feb-2015 22:33:45 GMT  Initiating request to open file root://xrootd.unl.edu//store/group/dpg_trigger/comm_trigger/L1TrackTrigger/620_SLHC10/Extended2023TTI/MinBias/MinBias_TuneZ2star_GEN_SIM_216.root
02-Feb-2015 22:34:16 GMT  Successfully opened file root://xrootd.unl.edu//store/group/dpg_trigger/comm_trigger/L1TrackTrigger/620_SLHC10/Extended2023TTI/MinBias/MinBias_TuneZ2star_GEN_SIM_216.root
150202 22:34:54 2280 Xrd: XrdClientMessage::ReadRaw: Failed to read header (8 bytes).
02-Feb-2015 22:38:28 GMT  Closed file root://xrootd.unl.edu//store/group/dpg_trigger/comm_trigger/L1TrackTrigger/620_SLHC10/Extended2023TTI/MinBias/MinBias_TuneZ2star_GEN_SIM_216.root
02-Feb-2015 22:38:28 GMT  Initiating request to open file root://xrootd.unl.edu//store/group/dpg_trigger/comm_trigger/L1TrackTrigger/620_SLHC10/Extended2023TTI/MinBias/MinBias_TuneZ2star_GEN_SIM_537.root
02-Feb-2015 22:38:49 GMT  Successfully opened file root://xrootd.unl.edu//store/group/dpg_trigger/comm_trigger/L1TrackTrigger/620_SLHC10/Extended2023TTI/MinBias/MinBias_TuneZ2star_GEN_SIM_537.root
150202 22:38:49 4260 Xrd: XrdClientMessage::ReadRaw: Failed to read header (8 bytes).
02-Feb-2015 22:42:30 GMT  Closed file root://xrootd.unl.edu//store/group/dpg_trigger/comm_trigger/L1TrackTrigger/620_SLHC10/Extended2023TTI/MinBias/MinBias_TuneZ2star_GEN_SIM_537.root
02-Feb-2015 22:42:30 GMT  Initiating request to open file root://xrootd.unl.edu//store/group/dpg_trigger/comm_trigger/L1TrackTrigger/620_SLHC10/Extended2023TTI/MinBias/MinBias_TuneZ2star_GEN_SIM_706.root
150202 22:43:01 8274 Xrd: CheckErrorStatus: Server [cms-xrd-global.cern.ch:1094] declared: session not found(error code: 3011)
02-Feb-2015 22:43:02 GMT  Successfully opened file root://xrootd.unl.edu//store/group/dpg_trigger/comm_trigger/L1TrackTrigger/620_SLHC10/Extended2023TTI/MinBias/MinBias_TuneZ2star_GEN_SIM_706.root
150202 22:43:55 5425 Xrd: XrdClientMessage::ReadRaw: Failed to read header (8 bytes).
02-Feb-2015 22:46:12 GMT  Closed file root://xrootd.unl.edu//store/group/dpg_trigger/comm_trigger/L1TrackTrigger/620_SLHC10/Extended2023TTI/MinBias/MinBias_TuneZ2star_GEN_SIM_706.root
02-Feb-2015 22:46:12 GMT  Initiating request to open file root://xrootd.unl.edu//store/group/dpg_trigger/comm_trigger/L1TrackTrigger/620_SLHC10/Extended2023TTI/MinBias/MinBias_TuneZ2star_GEN_SIM_218.root
02-Feb-2015 22:46:43 GMT  Successfully opened file root://xrootd.unl.edu//store/group/dpg_trigger/comm_trigger/L1TrackTrigger/620_SLHC10/Extended2023TTI/MinBias/MinBias_TuneZ2star_GEN_SIM_218.root
150202 22:47:55 6899 Xrd: XrdClientMessage::ReadRaw: Failed to read header (8 bytes).
150202 22:51:24 8441 Xrd: XrdClientMessage::ReadRaw: Failed to read header (8 bytes).
150202 22:51:55 4259 Xrd: XrdClientMessage::ReadRaw: Failed to read header (8 bytes).
02-Feb-2015 22:52:30 GMT  Closed file root://xrootd.unl.edu//store/group/dpg_trigger/comm_trigger/L1TrackTrigger/620_SLHC10/Extended2023TTI/MinBias/MinBias_TuneZ2star_GEN_SIM_218.root
02-Feb-2015 22:52:30 GMT  Initiating request to open file root://xrootd.unl.edu//store/group/dpg_trigger/comm_trigger/L1TrackTrigger/620_SLHC10/Extended2023TTI/MinBias/MinBias_TuneZ2star_GEN_SIM_403.root
150202 22:53:01 6590 Xrd: CheckErrorStatus: Server [xrootd-redic.pi.infn.it:1094] declared: session not found(error code: 3011)
02-Feb-2015 22:53:02 GMT  Successfully opened file root://xrootd.unl.edu//store/group/dpg_trigger/comm_trigger/L1TrackTrigger/620_SLHC10/Extended2023TTI/MinBias/MinBias_TuneZ2star_GEN_SIM_403.root
150202 22:54:25 11102 Xrd: XrdClientMessage::ReadRaw: Failed to read header (8 bytes).
02-Feb-2015 22:56:07 GMT  Closed file root://xrootd.unl.edu//store/group/dpg_trigger/comm_trigger/L1TrackTrigger/620_SLHC10/Extended2023TTI/MinBias/MinBias_TuneZ2star_GEN_SIM_403.root
02-Feb-2015 22:56:07 GMT  Initiating request to open file root://xrootd.unl.edu//store/group/dpg_trigger/comm_trigger/L1TrackTrigger/620_SLHC10/Extended2023TTI/MinBias/MinBias_TuneZ2star_GEN_SIM_151.root
02-Feb-2015 22:56:38 GMT  Successfully opened file root://xrootd.unl.edu//store/group/dpg_trigger/comm_trigger/L1TrackTrigger/620_SLHC10/Extended2023TTI/MinBias/MinBias_TuneZ2star_GEN_SIM_151.root
150202 22:57:54 21421 Xrd: XrdClientMessage::ReadRaw: Failed to read header (8 bytes).
02-Feb-2015 23:00:02 GMT  Closed file root://xrootd.unl.edu//store/group/dpg_trigger/comm_trigger/L1TrackTrigger/620_SLHC10/Extended2023TTI/MinBias/MinBias_TuneZ2star_GEN_SIM_151.root
02-Feb-2015 23:00:02 GMT  Initiating request to open file root://xrootd.unl.edu//store/group/dpg_trigger/comm_trigger/L1TrackTrigger/620_SLHC10/Extended2023TTI/MinBias/MinBias_TuneZ2star_GEN_SIM_649.root
02-Feb-2015 23:00:33 GMT  Successfully opened file root://xrootd.unl.edu//store/group/dpg_trigger/comm_trigger/L1TrackTrigger/620_SLHC10/Extended2023TTI/MinBias/MinBias_TuneZ2star_GEN_SIM_649.root
150202 23:01:25 6598 Xrd: XrdClientMessage::ReadRaw: Failed to read header (8 bytes).
02-Feb-2015 23:02:56 GMT  Closed file root://xrootd.unl.edu//store/group/dpg_trigger/comm_trigger/L1TrackTrigger/620_SLHC10/Extended2023TTI/MinBias/MinBias_TuneZ2star_GEN_SIM_649.root
02-Feb-2015 23:02:56 GMT  Initiating request to open file root://xrootd.unl.edu//store/group/dpg_trigger/comm_trigger/L1TrackTrigger/620_SLHC10/Extended2023TTI/MinBias/MinBias_TuneZ2star_GEN_SIM_365.root
150202 23:03:12 8367 Xrd: CheckErrorStatus: Server [cms-xrd-global.cern.ch:1094] declared: session not found(error code: 3011)
02-Feb-2015 23:03:12 GMT  Successfully opened file root://xrootd.unl.edu//store/group/dpg_trigger/comm_trigger/L1TrackTrigger/620_SLHC10/Extended2023TTI/MinBias/MinBias_TuneZ2star_GEN_SIM_365.root
150202 23:05:25 7471 Xrd: XrdClientMessage::ReadRaw: Failed to read header (8 bytes).
02-Feb-2015 23:06:15 GMT  Closed file root://xrootd.unl.edu//store/group/dpg_trigger/comm_trigger/L1TrackTrigger/620_SLHC10/Extended2023TTI/MinBias/MinBias_TuneZ2star_GEN_SIM_365.root
02-Feb-2015 23:06:15 GMT  Initiating request to open file root://xrootd.unl.edu//store/group/dpg_trigger/comm_trigger/L1TrackTrigger/620_SLHC10/Extended2023TTI/MinBias/MinBias_TuneZ2star_GEN_SIM_857.root
02-Feb-2015 23:06:46 GMT  Successfully opened file root://xrootd.unl.edu//store/group/dpg_trigger/comm_trigger/L1TrackTrigger/620_SLHC10/Extended2023TTI/MinBias/MinBias_TuneZ2star_GEN_SIM_857.root
150202 23:08:25 8049 Xrd: XrdClientMessage::ReadRaw: Failed to read header (8 bytes).
02-Feb-2015 23:09:34 GMT  Closed file root://xrootd.unl.edu//store/group/dpg_trigger/comm_trigger/L1TrackTrigger/620_SLHC10/Extended2023TTI/MinBias/MinBias_TuneZ2star_GEN_SIM_857.root
02-Feb-2015 23:09:34 GMT  Initiating request to open file root://xrootd.unl.edu//store/group/dpg_trigger/comm_trigger/L1TrackTrigger/620_SLHC10/Extended2023TTI/MinBias/MinBias_TuneZ2star_GEN_SIM_373.root
02-Feb-2015 23:10:05 GMT  Successfully opened file root://xrootd.unl.edu//store/group/dpg_trigger/comm_trigger/L1TrackTrigger/620_SLHC10/Extended2023TTI/MinBias/MinBias_TuneZ2star_GEN_SIM_373.root
150202 23:11:25 8369 Xrd: XrdClientMessage::ReadRaw: Failed to read header (8 bytes).
02-Feb-2015 23:14:22 GMT  Closed file root://xrootd.unl.edu//store/group/dpg_trigger/comm_trigger/L1TrackTrigger/620_SLHC10/Extended2023TTI/MinBias/MinBias_TuneZ2star_GEN_SIM_373.root
02-Feb-2015 23:14:22 GMT  Initiating request to open file root://xrootd.unl.edu//store/group/dpg_trigger/comm_trigger/L1TrackTrigger/620_SLHC10/Extended2023TTI/MinBias/MinBias_TuneZ2star_GEN_SIM_39.root
150202 23:14:53 9270 Xrd: XrdClientMessage::ReadRaw: Failed to read header (8 bytes).
02-Feb-2015 23:14:53 GMT  Successfully opened file root://xrootd.unl.edu//store/group/dpg_trigger/comm_trigger/L1TrackTrigger/620_SLHC10/Extended2023TTI/MinBias/MinBias_TuneZ2star_GEN_SIM_39.root
02-Feb-2015 23:17:20 GMT  Closed file root://xrootd.unl.edu//store/group/dpg_trigger/comm_trigger/L1TrackTrigger/620_SLHC10/Extended2023TTI/MinBias/MinBias_TuneZ2star_GEN_SIM_39.root
02-Feb-2015 23:17:20 GMT  Initiating request to open file root://xrootd.unl.edu//store/group/dpg_trigger/comm_trigger/L1TrackTrigger/620_SLHC10/Extended2023TTI/MinBias/MinBias_TuneZ2star_GEN_SIM_445.root
02-Feb-2015 23:17:51 GMT  Successfully opened file root://xrootd.unl.edu//store/group/dpg_trigger/comm_trigger/L1TrackTrigger/620_SLHC10/Extended2023TTI/MinBias/MinBias_TuneZ2star_GEN_SIM_445.root
150202 23:19:25 9687 Xrd: XrdClientMessage::ReadRaw: Failed to read header (8 bytes).
02-Feb-2015 23:19:51 GMT  Closed file root://xrootd.unl.edu//store/group/dpg_trigger/comm_trigger/L1TrackTrigger/620_SLHC10/Extended2023TTI/MinBias/MinBias_TuneZ2star_GEN_SIM_445.root
02-Feb-2015 23:19:51 GMT  Initiating request to open file root://xrootd.unl.edu//store/group/dpg_trigger/comm_trigger/L1TrackTrigger/620_SLHC10/Extended2023TTI/MinBias/MinBias_TuneZ2star_GEN_SIM_4.root
02-Feb-2015 23:20:22 GMT  Successfully opened file root://xrootd.unl.edu//store/group/dpg_trigger/comm_trigger/L1TrackTrigger/620_SLHC10/Extended2023TTI/MinBias/MinBias_TuneZ2star_GEN_SIM_4.root
02-Feb-2015 23:21:53 GMT  Closed file root://dcap.pp.rl.ac.uk:1094/pnfs/pp.rl.ac.uk/data/cms/store/user/dcieri/ttbar_SIM/ttbar/ttbar_SIM/150129_145223/0000/step1_314.root
02-Feb-2015 23:21:54 GMT  Closed file root://xrootd.unl.edu//store/group/dpg_trigger/comm_trigger/L1TrackTrigger/620_SLHC10/Extended2023TTI/MinBias/MinBias_TuneZ2star_GEN_SIM_4.root

=============================================

MessageLogger Summary

 type     category        sev    module        subroutine        count    total
 ---- -------------------- -- ---------------- ----------------  -----    -----
    1 fileAction           -s MixingModule:mix                      69       69
    2 fileAction           -s MixingModule:mix                       2        2
    3 fileAction           -s MixingModule:mix                       1        1
    4 fileAction           -s file_close                             1        1
    5 fileAction           -s file_open                              2        2

 type    category    Examples: run/evt        run/evt          run/evt
 ---- -------------------- ---------------- ---------------- ----------------
    1 fileAction           1/3131           1/3131           1/3140
    2 fileAction           pre-events       pre-events       
    3 fileAction           PostEndRun                        
    4 fileAction           PostEndRun                        
    5 fileAction           pre-events       pre-events       

Severity    # Occurrences   Total Occurrences
--------    -------------   -----------------
System                 75                  75
>>> END OF printout of 197 lines from stdout+stderr
>>> Parse FrameworkJobReport crab_fjr.xml
Result of parsing the FrameworkJobReport crab_fjr.xml: 
Extracted ExitStatus from FrameworkJobReport parsing output: 0
>>> Executable succeded  0
ExeExitCode=0
EXECUTABLE_EXIT_STATUS = 0
>>> current directory /scratch/condor/dir_25917/glide_msKLCq/execute/dir_30803/CMSSW_6_2_0_SLHC12
>>>  (SOFTWARE_DIR): /scratch/condor/dir_25917/glide_msKLCq/execute/dir_30803/CMSSW_6_2_0_SLHC12
>>> (WORKING_DIR): 
>>> current directory content:
total 246376
drwxr-xr-x 3 cms415 gplcms      4096 Feb  2 21:31 .SCRAM
-rw------- 1 cms415 gplcms    915837 Feb  2 21:32 CMSSW.py.pkl
drwxr-xr-x 3 cms415 gplcms      4096 Feb  2 21:31 bin
drwxr-xr-x 3 cms415 gplcms      4096 Feb  2 21:31 cfipython
drwxr-xr-x 4 cms415 gplcms      4096 Apr 28  2014 config
-rw------- 1 cms415 gplcms        17 Feb  2 23:21 cpu_timing.txt
drwxr-xr-x 2 cms415 gplcms      4096 Feb  2 21:31 doc
-rw------- 1 cms415 gplcms     22337 Feb  2 23:21 executable.out
drwxr-xr-x 2 cms415 gplcms      4096 Feb  2 21:31 include
drwx------ 3 cms415 gplcms      4096 Oct  7 10:12 lib
drwxr-xr-x 3 cms415 gplcms      4096 Feb  2 21:31 logs
drwxr-xr-x 3 cms415 gplcms      4096 Feb  2 21:31 objs
-rw------- 1 cms415 gplcms       104 Feb  2 21:32 pset.py
-rw------- 1 cms415 gplcms    926823 Feb  2 21:32 pset.py.pkl
-rw------- 1 cms415 gplcms       289 Feb  2 21:32 pset.pyc
drwxr-xr-x 2 cms415 gplcms      4096 Feb  2 21:31 python
-rw------- 1 cms415 gplcms       356 Feb  2 23:21 report.log
drwxr-xr-x 2 cms415 gplcms      4096 Feb  2 21:31 src
-rw------- 1 cms415 gplcms 250087068 Feb  2 23:21 step2.root
drwxr-xr-x 3 cms415 gplcms      4096 Feb  2 21:31 test
drwxr-xr-x 3 cms415 gplcms      4096 Feb  2 21:31 tmp
>>> current directory /scratch/condor/dir_25917/glide_msKLCq/execute/dir_30803/CMSSW_6_2_0_SLHC12
>>> (SOFTWARE_DIR): /scratch/condor/dir_25917/glide_msKLCq/execute/dir_30803/CMSSW_6_2_0_SLHC12
>>> (WORKING_DIR): 
>>> current directory content:
total 246376
drwxr-xr-x 3 cms415 gplcms      4096 Feb  2 21:31 .SCRAM
-rw------- 1 cms415 gplcms    915837 Feb  2 21:32 CMSSW.py.pkl
drwxr-xr-x 3 cms415 gplcms      4096 Feb  2 21:31 bin
drwxr-xr-x 3 cms415 gplcms      4096 Feb  2 21:31 cfipython
drwxr-xr-x 4 cms415 gplcms      4096 Apr 28  2014 config
-rw------- 1 cms415 gplcms        17 Feb  2 23:21 cpu_timing.txt
drwxr-xr-x 2 cms415 gplcms      4096 Feb  2 21:31 doc
-rw------- 1 cms415 gplcms     22337 Feb  2 23:21 executable.out
drwxr-xr-x 2 cms415 gplcms      4096 Feb  2 21:31 include
drwx------ 3 cms415 gplcms      4096 Oct  7 10:12 lib
drwxr-xr-x 3 cms415 gplcms      4096 Feb  2 21:31 logs
drwxr-xr-x 3 cms415 gplcms      4096 Feb  2 21:31 objs
-rw------- 1 cms415 gplcms       104 Feb  2 21:32 pset.py
-rw------- 1 cms415 gplcms    926823 Feb  2 21:32 pset.py.pkl
-rw------- 1 cms415 gplcms       289 Feb  2 21:32 pset.pyc
drwxr-xr-x 2 cms415 gplcms      4096 Feb  2 21:31 python
-rw------- 1 cms415 gplcms       356 Feb  2 23:21 report.log
drwxr-xr-x 2 cms415 gplcms      4096 Feb  2 21:31 src
-rw------- 1 cms415 gplcms 250087068 Feb  2 23:21 step2_463_1_sBe.root
drwxr-xr-x 3 cms415 gplcms      4096 Feb  2 21:31 test
drwxr-xr-x 3 cms415 gplcms      4096 Feb  2 21:31 tmp
>>> current directory (RUNTIME_AREA):  /scratch/condor/dir_25917/glide_msKLCq/execute/dir_30803
PNN = T2_UK_SGrid_RALPP
SE = heplnx204.pp.rl.ac.uk
SE_PATH = /srm/managerv2?SFN=/pnfs/pp.rl.ac.uk/data/cms/store/user/dcieri/ttbar_PU140_DIGI/dcieri/ttbar/ttbar_PU140_DIGI/3c0380cf82de79bc39966c93934c61fc/
LFNBaseName = /store/user/dcieri/ttbar_PU140_DIGI/dcieri/ttbar/ttbar_PU140_DIGI/3c0380cf82de79bc39966c93934c61fc/
USER = dcieri
endpoint = srm://heplnx204.pp.rl.ac.uk:8443/srm/managerv2?SFN=/pnfs/pp.rl.ac.uk/data/cms/store/user/dcieri/ttbar_PU140_DIGI/dcieri/ttbar/ttbar_PU140_DIGI/3c0380cf82de79bc39966c93934c61fc/
>>> Copy output files from WN = heplnc326.pp.rl.ac.uk to /srm/managerv2?SFN=/pnfs/pp.rl.ac.uk/data/cms/store/user/dcieri/ttbar_PU140_DIGI/dcieri/ttbar/ttbar_PU140_DIGI/3c0380cf82de79bc39966c93934c61fc/ :
python cmscp.py  --destination srm://heplnx204.pp.rl.ac.uk:8443/srm/managerv2?SFN=/pnfs/pp.rl.ac.uk/data/cms/store/user/dcieri/ttbar_PU140_DIGI/dcieri/ttbar/ttbar_PU140_DIGI/3c0380cf82de79bc39966c93934c61fc/ --inputFileList /scratch/condor/dir_25917/glide_msKLCq/execute/dir_30803/CMSSW_6_2_0_SLHC12/step2_463_1_sBe.root --middleware LCG --PNN T2_UK_SGrid_RALPP --se_name heplnx204.pp.rl.ac.uk --for_lfn /store/user/dcieri/ttbar_PU140_DIGI/dcieri/ttbar/ttbar_PU140_DIGI/3c0380cf82de79bc39966c93934c61fc/    
******************************************************
localSeName  =  heplnx204.pp.rl.ac.uk
remoteSeName =  heplnx204.pp.rl.ac.uk
******************************************************
{"/scratch/condor/dir_25917/glide_msKLCq/execute/dir_30803/CMSSW_6_2_0_SLHC12/step2_463_1_sBe.root": {"endpoint": "srm://heplnx204.pp.rl.ac.uk:8443/srm/managerv2?SFN=/pnfs/pp.rl.ac.uk/data/cms/store/user/dcieri/ttbar_PU140_DIGI/dcieri/ttbar/ttbar_PU140_DIGI/3c0380cf82de79bc39966c93934c61fc/", "surl_for_grid": "", "reason": "Copy succedeed with srm-lcg utils", "erCode": "0", "PNN": "T2_UK_SGrid_RALPP", "se_name": "heplnx204.pp.rl.ac.uk", "for_lfn": "/store/user/dcieri/ttbar_PU140_DIGI/dcieri/ttbar/ttbar_PU140_DIGI/3c0380cf82de79bc39966c93934c61fc/"}}/scratch/condor/dir_25917/glide_msKLCq/execute/dir_30803
-------- cat /scratch/condor/dir_25917/glide_msKLCq/execute/dir_30803/cmscpReport.sh 
#!/bin/bash
echo "Report for File: /scratch/condor/dir_25917/glide_msKLCq/execute/dir_30803/CMSSW_6_2_0_SLHC12/step2_463_1_sBe.root"
echo "LFN: /store/user/dcieri/ttbar_PU140_DIGI/dcieri/ttbar/ttbar_PU140_DIGI/3c0380cf82de79bc39966c93934c61fc/step2_463_1_sBe.root"
echo "StorageElement: heplnx204.pp.rl.ac.uk"
echo "StageOutExitStatusReason = 'Copy succedeed with srm-lcg utils'" | tee -a $RUNTIME_AREA/$repo
echo "StageOutSE = heplnx204.pp.rl.ac.uk" >> $RUNTIME_AREA/$repo

export StageOutExitStatus=0
echo "StageOutExitStatus = 0" | tee -a $RUNTIME_AREA/$repo
-------- end of /scratch/condor/dir_25917/glide_msKLCq/execute/dir_30803/cmscpReport.sh 
Report for File: /scratch/condor/dir_25917/glide_msKLCq/execute/dir_30803/CMSSW_6_2_0_SLHC12/step2_463_1_sBe.root
LFN: /store/user/dcieri/ttbar_PU140_DIGI/dcieri/ttbar/ttbar_PU140_DIGI/3c0380cf82de79bc39966c93934c61fc/step2_463_1_sBe.root
StorageElement: heplnx204.pp.rl.ac.uk
StageOutExitStatusReason = 'Copy succedeed with srm-lcg utils'
StageOutExitStatus = 0
>>> current dir: /scratch/condor/dir_25917/glide_msKLCq/execute/dir_30803
>>> current dir content:
total 8824
-rw-------  1 cms415 gplcms    2734 Feb  2 23:22 .SEinteraction.log
-rwx------  1 cms415 gplcms      52 Feb  2 21:30 .chirp_config
-rwx------  1 cms415 gplcms    7828 Feb  2 21:30 .job.ad
-rwx------  1 cms415 gplcms    9761 Feb  2 21:30 .machine.ad
-rw-------  1 cms415 gplcms     105 Feb  2 12:16 CMSSW.py
-rw-------  1 cms415 gplcms  915837 Feb  2 12:16 CMSSW.py.pkl
-rwx------  1 cms415 gplcms   29498 Feb  2 21:31 CMSSW.sh
drwxr-xr-x 15 cms415 gplcms    4096 Feb  2 23:22 CMSSW_6_2_0_SLHC12
-rw-------  1 cms415 gplcms     190 Feb  2 21:31 CacheEnv.sh
-rw-------  1 cms415 gplcms    7291 Nov 19 14:52 DashboardAPI.py
-rw-------  1 cms415 gplcms    6470 Feb  2 21:32 DashboardAPI.pyc
drwx------  2 cms415 gplcms    4096 Feb  2 23:21 IMProv
-rw-------  1 cms415 gplcms    2748 Nov 19 14:52 Logger.py
-rw-------  1 cms415 gplcms    3232 Feb  2 21:32 Logger.pyc
-rw-------  1 cms415 gplcms   24524 Nov 19 14:52 ProcInfo.py
-rw-------  1 cms415 gplcms   22645 Feb  2 21:32 ProcInfo.pyc
drwx------  7 cms415 gplcms    4096 Feb  2 21:32 ProdCommon
drwx------  3 cms415 gplcms    4096 Feb  2 21:31 WMCore
-rw-------  1 cms415 gplcms    9315 Feb  2 23:22 Watchdog_463.log
-rwx------  1 cms415 gplcms       0 Feb  2 21:31 _condor_stderr
-rwx---r--  1 cms415 gplcms   37106 Feb  2 23:22 _condor_stdout
-rw-------  1 cms415 gplcms   32895 Nov 19 14:52 apmon.py
-rw-------  1 cms415 gplcms   27958 Feb  2 21:32 apmon.pyc
-rwx------  1 cms415 gplcms  134309 Feb  2 21:31 arguments.xml
-rwx------  1 cms415 gplcms   38581 Nov 19 14:52 cmscp.py
-rw-------  1 cms415 gplcms     562 Feb  2 23:22 cmscpReport.sh
-rwx------  1 cms415 gplcms   29498 Feb  2 21:31 condor_exec.exe
-rw-------  1 cms415 gplcms     544 Feb  2 12:16 crab.cfg
-rwx------  1 cms415 gplcms    8610 Nov 19 14:52 crabWatchdog.sh
-rwx---r--  1 cms415 gplcms  112104 Feb  2 23:21 crab_fjr_463.xml
-rwx------  1 cms415 gplcms 7390485 Feb  2 21:31 default.tgz
-rwx------  1 cms415 gplcms    4488 Nov 19 14:52 fillCrabFjr.py
-rw-------  1 cms415 gplcms     226 Feb  2 21:32 inputsReport.txt
-rw-------  1 cms415 gplcms     243 Feb  2 23:22 jobreport.txt
-rw-------  1 cms415 gplcms   17352 Nov 19 14:52 parseCrabFjr.py
-rw-------  1 cms415 gplcms     322 Feb  2 21:31 report.log
-rwx--x--x  1 cms415 gplcms    1497 Nov 19 14:52 report.py
-rw-------  1 cms415 gplcms     555 Feb  2 23:22 resultCopyFile
lrwxrwxrwx  1 cms415 gplcms      96 Feb  2 23:22 step2.root -> /scratch/condor/dir_25917/glide_msKLCq/execute/dir_30803/CMSSW_6_2_0_SLHC12/step2_463_1_sBe.root
-rwx------  1 cms415 gplcms    8351 Nov 19 14:52 writeCfg.py
-rw-------  1 cms415 gplcms   10293 Feb  2 21:30 x509up_u62281
>>> Modify Job Report:
CMSSW_VERSION = CMSSW_6_2_0_SLHC12
ProcessedDataset = ttbar_PU140_DIGI
/scratch/condor/dir_25917/glide_msKLCq/execute/dir_30803/ProdCommon/FwkJobRep/ModifyJobReport.py fjr /scratch/condor/dir_25917/glide_msKLCq/execute/dir_30803/crab_fjr_463.xml json /scratch/condor/dir_25917/glide_msKLCq/execute/dir_30803/resultCopyFile n_job 463_1_sBe PrimaryDataset ttbar  ApplicationFamily cmsRun ApplicationName cmsRun cmssw_version CMSSW_6_2_0_SLHC12 psethash 3c0380cf82de79bc39966c93934c61fc UserProcessedDataset dcieri-ttbar_PU140_DIGI-3c0380cf82de79bc39966c93934c61fc
inputDict =  {u'/scratch/condor/dir_25917/glide_msKLCq/execute/dir_30803/CMSSW_6_2_0_SLHC12/step2_463_1_sBe.root': {u'endpoint': u'srm://heplnx204.pp.rl.ac.uk:8443/srm/managerv2?SFN=/pnfs/pp.rl.ac.uk/data/cms/store/user/dcieri/ttbar_PU140_DIGI/dcieri/ttbar/ttbar_PU140_DIGI/3c0380cf82de79bc39966c93934c61fc/', u'surl_for_grid': u'', u'reason': u'Copy succedeed with srm-lcg utils', u'erCode': u'0', u'PNN': u'T2_UK_SGrid_RALPP', u'se_name': u'heplnx204.pp.rl.ac.uk', u'for_lfn': u'/store/user/dcieri/ttbar_PU140_DIGI/dcieri/ttbar/ttbar_PU140_DIGI/3c0380cf82de79bc39966c93934c61fc/'}}
UserProcessedDataset =  dcieri-ttbar_PU140_DIGI-3c0380cf82de79bc39966c93934c61fc
WORKING ON EDM FILE
file_name in inputDict =  /scratch/condor/dir_25917/glide_msKLCq/execute/dir_30803/CMSSW_6_2_0_SLHC12/step2_463_1_sBe.root
(size) os.stat(filename)[6] =  250087068
checksum =  2114870568
    file =  step2_463_1_sBe.root
    newPfn =  srm://heplnx204.pp.rl.ac.uk:8443/srm/managerv2?SFN=/pnfs/pp.rl.ac.uk/data/cms/store/user/dcieri/ttbar_PU140_DIGI/dcieri/ttbar/ttbar_PU140_DIGI/3c0380cf82de79bc39966c93934c61fc/step2_463_1_sBe.root
    newLfn =  /store/user/dcieri/ttbar_PU140_DIGI/dcieri/ttbar/ttbar_PU140_DIGI/3c0380cf82de79bc39966c93934c61fc/step2_463_1_sBe.root
>>> crab_fjr_*.xml  permission set to 0704
CrabWrapper EXIT_FUNC entered at Mon Feb  2 23:22:49 GMT 2015   -  Mon Feb  2 23:22:49 UTC 2015
Checking output files:  
will tar file crab_fjr_463.xml in  out_files_463
WARNING: output file CMSSW_463.stdout not found!
WARNING: output file CMSSW_463.stderr not found!
WARNING: output file Watchdog_463.log.gz not found!
>>> padding time: Wrapper lasting more than 600 seconds. No sleep required.
STOPPING WATCHDOG. CrabWatchdog PID is 31490
********** LAST 50 LINES OF WATCHDOG LOG
 Feb 02 21:45:06 GMT	31622	867436	1265780	53	94	784	cmsRun -j /scratch/condor/dir_25917/glide_msKLCq/execute/dir_30803/crab_fjr_463.xml -p pset.py      
 Feb 02 21:46:06 GMT	31622	873576	1274740	53	99	844	cmsRun -j /scratch/condor/dir_25917/glide_msKLCq/execute/dir_30803/crab_fjr_463.xml -p pset.py      
 Feb 02 21:47:06 GMT	31622	894080	1290612	53	104	904	cmsRun -j /scratch/condor/dir_25917/glide_msKLCq/execute/dir_30803/crab_fjr_463.xml -p pset.py      
 Feb 02 21:48:06 GMT	31622	985556	1377140	53	115	965	cmsRun -j /scratch/condor/dir_25917/glide_msKLCq/execute/dir_30803/crab_fjr_463.xml -p pset.py      
 Feb 02 21:49:07 GMT	31622	1030304	1419636	53	122	1025	cmsRun -j /scratch/condor/dir_25917/glide_msKLCq/execute/dir_30803/crab_fjr_463.xml -p pset.py      
 Feb 02 21:51:07 GMT	31622	1058884	1424244	53	127	1145	cmsRun -j /scratch/condor/dir_25917/glide_msKLCq/execute/dir_30803/crab_fjr_463.xml -p pset.py      
 Feb 02 21:52:07 GMT	31622	1206028	1562556	53	143	1205	cmsRun -j /scratch/condor/dir_25917/glide_msKLCq/execute/dir_30803/crab_fjr_463.xml -p pset.py      
 Feb 02 21:53:07 GMT	31622	1206428	1698648	53	161	1266	cmsRun -j /scratch/condor/dir_25917/glide_msKLCq/execute/dir_30803/crab_fjr_463.xml -p pset.py      
 Feb 02 21:53:07 GMT	---	1206428	1698648	76	----	----	----
 Feb 02 21:54:08 GMT	31622	1217444	1698648	76	163	1326	cmsRun -j /scratch/condor/dir_25917/glide_msKLCq/execute/dir_30803/crab_fjr_463.xml -p pset.py      
 Feb 02 21:55:08 GMT	31622	1238536	1698648	76	165	1386	cmsRun -j /scratch/condor/dir_25917/glide_msKLCq/execute/dir_30803/crab_fjr_463.xml -p pset.py      
 Feb 02 21:56:08 GMT	31622	1268468	1698648	76	169	1446	cmsRun -j /scratch/condor/dir_25917/glide_msKLCq/execute/dir_30803/crab_fjr_463.xml -p pset.py      
 Feb 02 21:57:08 GMT	31622	1288160	1698648	76	172	1507	cmsRun -j /scratch/condor/dir_25917/glide_msKLCq/execute/dir_30803/crab_fjr_463.xml -p pset.py      
 Feb 02 22:01:09 GMT	31622	1289044	1698648	76	185	1747	cmsRun -j /scratch/condor/dir_25917/glide_msKLCq/execute/dir_30803/crab_fjr_463.xml -p pset.py      
 Feb 02 22:02:09 GMT	31622	1292500	1698648	76	190	1808	cmsRun -j /scratch/condor/dir_25917/glide_msKLCq/execute/dir_30803/crab_fjr_463.xml -p pset.py      
# TIME			PID	RSS(KB)	VSZ(KB)	Dsk(MB)	tCPU(s)	tWALL(s)	COMMAND
 Feb 02 22:03:10 GMT	31622	1295396	1705048	76	194	1868	cmsRun -j /scratch/condor/dir_25917/glide_msKLCq/execute/dir_30803/crab_fjr_463.xml -p pset.py      
 Feb 02 22:05:11 GMT	31622	1376900	1720408	76	218	1989	cmsRun -j /scratch/condor/dir_25917/glide_msKLCq/execute/dir_30803/crab_fjr_463.xml -p pset.py      
 Feb 02 22:06:11 GMT	---	1376900	1720408	97	----	----	----
 Feb 02 22:16:13 GMT	31622	1376900	1726512	97	298	2651	cmsRun -j /scratch/condor/dir_25917/glide_msKLCq/execute/dir_30803/crab_fjr_463.xml -p pset.py      
 Feb 02 22:17:13 GMT	31622	1399448	1749040	97	309	2711	cmsRun -j /scratch/condor/dir_25917/glide_msKLCq/execute/dir_30803/crab_fjr_463.xml -p pset.py      
 Feb 02 22:18:13 GMT	---	1399448	1749040	119	----	----	----
 Feb 02 22:19:14 GMT	31622	1399448	1769224	119	342	2832	cmsRun -j /scratch/condor/dir_25917/glide_msKLCq/execute/dir_30803/crab_fjr_463.xml -p pset.py      
 Feb 02 22:25:15 GMT	31622	1399448	1772040	119	355	3193	cmsRun -j /scratch/condor/dir_25917/glide_msKLCq/execute/dir_30803/crab_fjr_463.xml -p pset.py      
 Feb 02 22:26:15 GMT	31622	1399448	1779208	119	362	3253	cmsRun -j /scratch/condor/dir_25917/glide_msKLCq/execute/dir_30803/crab_fjr_463.xml -p pset.py      
 Feb 02 22:27:15 GMT	31622	1399448	1796872	119	375	3313	cmsRun -j /scratch/condor/dir_25917/glide_msKLCq/execute/dir_30803/crab_fjr_463.xml -p pset.py      
 Feb 02 22:28:15 GMT	31622	1411604	1798152	119	383	3373	cmsRun -j /scratch/condor/dir_25917/glide_msKLCq/execute/dir_30803/crab_fjr_463.xml -p pset.py      
 Feb 02 22:29:15 GMT	31622	1462352	1848584	119	393	3433	cmsRun -j /scratch/condor/dir_25917/glide_msKLCq/execute/dir_30803/crab_fjr_463.xml -p pset.py      
 Feb 02 22:30:15 GMT	---	1462352	1848584	140	----	----	----
 Feb 02 22:39:18 GMT	31622	1463464	1848584	140	472	4036	cmsRun -j /scratch/condor/dir_25917/glide_msKLCq/execute/dir_30803/crab_fjr_463.xml -p pset.py      
 Feb 02 22:40:18 GMT	---	1463464	1848584	163	----	----	----
 Feb 02 22:47:19 GMT	31622	1463464	1857800	163	552	4517	cmsRun -j /scratch/condor/dir_25917/glide_msKLCq/execute/dir_30803/crab_fjr_463.xml -p pset.py      
 Feb 02 22:49:19 GMT	---	1463464	1857800	185	----	----	----
 Feb 02 22:57:21 GMT	31622	1463464	1869832	185	631	5120	cmsRun -j /scratch/condor/dir_25917/glide_msKLCq/execute/dir_30803/crab_fjr_463.xml -p pset.py      
 Feb 02 22:58:22 GMT	31622	1490416	1878024	185	642	5180	cmsRun -j /scratch/condor/dir_25917/glide_msKLCq/execute/dir_30803/crab_fjr_463.xml -p pset.py      
 Feb 02 22:59:22 GMT	31622	1490416	1892104	185	669	5241	cmsRun -j /scratch/condor/dir_25917/glide_msKLCq/execute/dir_30803/crab_fjr_463.xml -p pset.py      
 Feb 02 22:59:22 GMT	---	1490416	1892104	209	----	----	----
 Feb 02 23:02:23 GMT	31622	1490416	1893640	209	693	5421	cmsRun -j /scratch/condor/dir_25917/glide_msKLCq/execute/dir_30803/crab_fjr_463.xml -p pset.py      
 Feb 02 23:03:23 GMT	31622	1490416	1903368	209	700	5481	cmsRun -j /scratch/condor/dir_25917/glide_msKLCq/execute/dir_30803/crab_fjr_463.xml -p pset.py      
 Feb 02 23:04:23 GMT	31622	1490416	1910536	209	713	5542	cmsRun -j /scratch/condor/dir_25917/glide_msKLCq/execute/dir_30803/crab_fjr_463.xml -p pset.py      
 Feb 02 23:05:24 GMT	31622	1569520	1928456	209	730	5602	cmsRun -j /scratch/condor/dir_25917/glide_msKLCq/execute/dir_30803/crab_fjr_463.xml -p pset.py      
 Feb 02 23:06:24 GMT	---	1569520	1928456	231	----	----	----
 Feb 02 23:12:33 GMT	31622	1569520	1932556	231	793	6031	cmsRun -j /scratch/condor/dir_25917/glide_msKLCq/execute/dir_30803/crab_fjr_463.xml -p pset.py      
 Feb 02 23:13:33 GMT	31622	1569520	1948428	231	808	6092	cmsRun -j /scratch/condor/dir_25917/glide_msKLCq/execute/dir_30803/crab_fjr_463.xml -p pset.py      
 Feb 02 23:15:34 GMT	31622	1655692	2008588	231	834	6213	cmsRun -j /scratch/condor/dir_25917/glide_msKLCq/execute/dir_30803/crab_fjr_463.xml -p pset.py      
 Feb 02 23:15:34 GMT	---	1655692	2008588	242	----	----	----
# TIME			PID	RSS(KB)	VSZ(KB)	Dsk(MB)	tCPU(s)	tWALL(s)	COMMAND
 Feb 02 23:16:35 GMT	---	1655692	2008588	253	----	----	----
 Feb 02 23:21:37 GMT	31622	1655692	2028812	253	909	6575	cmsRun -j /scratch/condor/dir_25917/glide_msKLCq/execute/dir_30803/crab_fjr_463.xml -p pset.py      
 Feb 02 23:22:38 GMT	---	1655692	2028812	276	----	----	----
********** WATCHDOG LOG ENDED
ZIPPING WATCHDOG LOG
Disk space used:
du -sh /scratch/condor/dir_25917/glide_msKLCq/execute/dir_30803
276M	/scratch/condor/dir_25917/glide_msKLCq/execute/dir_30803
Found unusual stdout, rename for OSB
`/scratch/condor/dir_25917/glide_msKLCq/execute/dir_30803/_condor_stdout' -> `CMSSW_463.stdout'
Found unusual stderr, rename for OSB
`/scratch/condor/dir_25917/glide_msKLCq/execute/dir_30803/_condor_stdout' -> `CMSSW_463.stderr'
crab_fjr_463.xml
CMSSW_463.stdout
CMSSW_463.stderr
Watchdog_463.log.gz
Total Output dimension: 23921
WARNING: output files size limit is set to: 50000000
Total Output dimension 23921 is fine.
JOB_EXIT_STATUS = 0
>>> info for dashboard:
***** Cat /scratch/condor/dir_25917/glide_msKLCq/execute/dir_30803/jobreport.txt *****
MonitorJobID=463_https://submit-6.t2.ucsd.edu//150202//509448.62
MonitorID=dcieri_PU140_4dm08r
ExeTime=6590
ExeExitCode=0
StageOutExitStatusReason = 'Copy succedeed with srm-lcg utils'
StageOutSE = heplnx204.pp.rl.ac.uk
StageOutExitStatus = 0
CrabUserCpuTime=901.90
CrabSysCpuTime=25.87
CrabCpuPercentage=14%
CrabWrapperTime=6652
CrabStageoutTime=48
JobExitCode=0
***** End Cat jobreport *****
Parameters sent to Dashboard.
EXITING at Mon Feb  2 23:22:52 GMT 2015  -  Mon Feb  2 23:22:52 UTC 2015
