This script was generated by crab (version 2.11.1_patch1).
Running /scratch/condor/dir_31593/glide_lgV5bX/execute/dir_838/condor_exec.exe with 2 positional parameters: 130 1
Today is Mon Feb  2 19:59:47 GMT 2015 - Mon Feb  2 19:59:47 UTC 2015
Job submitted on host heplnc337.pp.rl.ac.uk
Linux heplnc337.pp.rl.ac.uk 2.6.32-504.3.3.el6.x86_64 #1 SMP Tue Dec 16 14:29:22 CST 2014 x86_64 x86_64 x86_64 GNU/Linux
Distributor ID:	Scientific
Description:	Scientific Linux release 6.6 (Carbon)
>>> current directory (RUNTIME_AREA): /scratch/condor/dir_31593/glide_lgV5bX/execute/dir_838
>>> current user: uid=157415(cms415) gid=157000(gplcms) groups=157000(gplcms)
>>> directory permission set to 0700
>>> umask set to:  u=rwx,g=,o=
>>> stdout stderr permission set to 0704
>>> voms proxy information:
subject   : /DC=ch/DC=cern/OU=Organic Units/OU=Users/CN=dcieri/CN=755391/CN=Davide Cieri/CN=769881070/CN=1321617443
issuer    : /DC=ch/DC=cern/OU=Organic Units/OU=Users/CN=dcieri/CN=755391/CN=Davide Cieri/CN=769881070
identity  : /DC=ch/DC=cern/OU=Organic Units/OU=Users/CN=dcieri/CN=755391/CN=Davide Cieri
type      : RFC3820 compliant limited proxy
strength  : 1024
path      : /scratch/condor/dir_31593/glide_lgV5bX/execute/dir_838/x509up_u62281
timeleft  : 23:58:16
key usage : Digital Signature, Key Encipherment
=== VO cms extension information ===
VO        : cms
subject   : /DC=ch/DC=cern/OU=Organic Units/OU=Users/CN=dcieri/CN=755391/CN=Davide Cieri
issuer    : /DC=ch/DC=cern/OU=computers/CN=lcg-voms2.cern.ch
attribute : /cms/Role=NULL/Capability=NULL
timeleft  : 184:16:37
uri       : lcg-voms2.cern.ch:15002

WNHostName=heplnc337.pp.rl.ac.uk
$_CONDOR_JOB_AD =/scratch/condor/dir_31593/glide_lgV5bX/execute/dir_838/.job.ad
OverflowFlag=0
>>> tar --no-same-permissions -xf /scratch/condor/dir_31593/glide_lgV5bX/execute/dir_838/default.tgz :
Successful untar
>>> Include /scratch/condor/dir_31593/glide_lgV5bX/execute/dir_838 in PYTHONPATH:
strip arguments
env var CRAB_UNIQUE_JOB_ID set to: dcieri_PU140_4dm08r_130_1_Cgb
out_files_130
>>> list of expected files on output sandbox
output files: crab_fjr_130.xml CMSSW_130.stdout CMSSW_130.stderr Watchdog_130.log.gz
>>> GridFlavour discovery: 
GridFlavour=LCG
>>> SyncSite discovery: 
SyncSite=T2_UK_SGrid_RALPP
>>> SyncCE discovery: 
getting SyncCE from GLIDEIN_Gaekeeper
SyncCE=heplnv147.pp.rl.ac.uk
>>> info for dashboard:
***** Cat /scratch/condor/dir_31593/glide_lgV5bX/execute/dir_838/jobreport.txt *****
WNHostName=heplnc337.pp.rl.ac.uk
OverflowFlag=0
MonitorJobID=130_https://submit-6.t2.ucsd.edu//150202//509447.129
SyncGridJobId=https://submit-6.t2.ucsd.edu//150202//509447.129
MonitorID=dcieri_PU140_4dm08r
GridFlavour=LCG
SyncSite=T2_UK_SGrid_RALPP
SyncCE=heplnv147.pp.rl.ac.uk
***** End Cat jobreport *****
Parameters sent to Dashboard.
>>> setup environment
set SCRAM ARCH to slc6_amd64_gcc472
SCRAM_ARCH = slc6_amd64_gcc472
>>> setup CMS LCG environment:
set SCRAM ARCH and BUILD_ARCH to slc6_amd64_gcc472 ###
Sourcing environment... 
sourcing /cvmfs/cms.cern.ch/cmsset_default.sh
==> setup cms environment ok
>>> specific cmssw setup environment:
CMSSW_VERSION =  CMSSW_6_2_0_SLHC12
WARNING: In non-interactive mode release checks e.g. deprecated releases, production architectures are disabled.
>>> current directory (SOFTWARE_DIR): /scratch/condor/dir_31593/glide_lgV5bX/execute/dir_838/CMSSW_6_2_0_SLHC12
PreserveSeeds: <>
IncrementSeeds:<>
>>> info for dashboard:
***** Cat /scratch/condor/dir_31593/glide_lgV5bX/execute/dir_838/jobreport.txt *****
MonitorJobID=130_https://submit-6.t2.ucsd.edu//150202//509447.129
MonitorID=dcieri_PU140_4dm08r
***** End Cat jobreport *****
Parameters sent to Dashboard.
crabWatchdog started as process 1914
>>> moving CMSSW software directories in /scratch/condor/dir_31593/glide_lgV5bX/execute/dir_838/CMSSW_6_2_0_SLHC12
mv: cannot stat `/scratch/condor/dir_31593/glide_lgV5bX/execute/dir_838/module/': No such file or directory
>>> Include /scratch/condor/dir_31593/glide_lgV5bX/execute/dir_838 in PYTHONPATH:
PYTHONPATH=/scratch/condor/dir_31593/glide_lgV5bX/execute/dir_838/:/scratch/condor/dir_31593/glide_lgV5bX/execute/dir_838/CMSSW_6_2_0_SLHC12/python:/scratch/condor/dir_31593/glide_lgV5bX/execute/dir_838/CMSSW_6_2_0_SLHC12/lib/slc6_amd64_gcc472:/cvmfs/cms.cern.ch/slc6_amd64_gcc472/cms/cmssw/CMSSW_6_2_0_SLHC12/python:/cvmfs/cms.cern.ch/slc6_amd64_gcc472/cms/cmssw/CMSSW_6_2_0_SLHC12/lib/slc6_amd64_gcc472:/cvmfs/cms.cern.ch/slc6_amd64_gcc472/cms/coral/CORAL_2_3_21-cms35/slc6_amd64_gcc472/python:/cvmfs/cms.cern.ch/slc6_amd64_gcc472/cms/coral/CORAL_2_3_21-cms35/slc6_amd64_gcc472/lib:/cvmfs/cms.cern.ch/slc6_amd64_gcc472/external/python-ldap/2.3.5-cms5/lib/python2.7/site-packages:/cvmfs/cms.cern.ch/slc6_amd64_gcc472/external/pyqt/4.8.1-cms5/lib/python2.7/site-packages:/cvmfs/cms.cern.ch/slc6_amd64_gcc472/external/py2-scipy/0.8.0-cms7/lib/python2.7/site-packages:/cvmfs/cms.cern.ch/slc6_amd64_gcc472/external/py2-matplotlib/1.0.1-cms7/lib/python2.7/site-packages:/cvmfs/cms.cern.ch/slc6_amd64_gcc472/external/sip/4.11.2-cms5/lib/python2.7/site-packages:/cvmfs/cms.cern.ch/slc6_amd64_gcc472/external/py2-pycurl/7.19.0-cms7/lib/python2.7/site-packages:/cvmfs/cms.cern.ch/slc6_amd64_gcc472/external/py2-numpy/1.6.1-cms7/lib/python2.7/site-packages:/cvmfs/cms.cern.ch/slc6_amd64_gcc472/external/py2-lint/0.25.1-cms5/lib/python2.7/site-packages:/cvmfs/cms.cern.ch/slc6_amd64_gcc472/external/py2-ipython/0.10-cms5/lib/python2.7/site-packages:/cvmfs/cms.cern.ch/slc6_amd64_gcc472/external/py2-cx-oracle/5.1-cms5/lib/python2.7/site-packages:/cvmfs/cms.cern.ch/slc6_amd64_gcc472/external/py2-cjson/1.0.5-cms5/lib/python2.7/site-packages:/cvmfs/cms.cern.ch/slc6_amd64_gcc472/cms/das-client/1.11.7/bin:/cvmfs/cms.cern.ch/slc6_amd64_gcc472/external/elementtree/1.2.6-cms5/share/lib/python2.7/site-packages:/cvmfs/cms.cern.ch/slc6_amd64_gcc472/external/rivet/1.8.2-cms9/lib/python2.7/site-packages:/cvmfs/cms.cern.ch/slc6_amd64_gcc472/external/pyminuit2/0.0.1-cms19/lib/python2.7/site-packages:/cvmfs/cms.cern.ch/slc6_amd64_gcc472/external/py2-pygithub/1.23.0-cms2/lib/python2.7/site-packages:/cvmfs/cms.cern.ch/slc6_amd64_gcc472/external/professor/1.0.0-cms19/lib/python2.7/site-packages:/cvmfs/cms.cern.ch/slc6_amd64_gcc472/lcg/root/5.34.07-cms/lib:/cvmfs/cms.cern.ch/slc6_amd64_gcc472/cms/dbs-client/DBS_2_1_9-cms5/lib:/cvmfs/cms.cern.ch/slc6_amd64_gcc472/cms/dbs-client/DBS_2_1_9-cms5/lib/DBSAPI:/cvmfs/cms.cern.ch/slc6_amd64_gcc472/external/cvs2git/5419-cms/lib:/scratch/condor/dir_31593/glide_lgV5bX/execute/dir_838/
 
# LIMITS USED BY CRAB WATCHDOG:
# RSS  (KBytes)   : 2300000
# VSZ  (KBytes)   : 100000000
# DISK (MBytes)   : 19000
# CPU TIME        : 720h:0m:0s
# WALL CLOCK TIME : 21h:50m:0s
 
3c0380cf82de79bc39966c93934c61fc
PSETHASH = 3c0380cf82de79bc39966c93934c61fc
/scratch/condor/dir_31593/glide_lgV5bX/execute/dir_838/writeCfg.py pset.py pset.py
Importing .py file
Setting parameters
RandomNumberGeneratorService found, will attempt to change seeds
inputBlocks=/ttbar/dcieri-ttbar_SIM-130075366148575c102f0d64fd3ac8f7/USER#417d7dc2-08fd-4092-82c4-7ac02f79c2d9
inputFiles=/store/user/dcieri/ttbar_SIM/ttbar/ttbar_SIM/150129_145223/0000/step1_383.root
parentFiles=
lumisRange=
>>> Executable cmsRun
/cvmfs/cms.cern.ch/slc6_amd64_gcc472/cms/cmssw/CMSSW_6_2_0_SLHC12/bin/slc6_amd64_gcc472/cmsRun
ok executable found
>>> info for dashboard:
***** Cat /scratch/condor/dir_31593/glide_lgV5bX/execute/dir_838/jobreport.txt *****
MonitorJobID=130_https://submit-6.t2.ucsd.edu//150202//509447.129
MonitorID=dcieri_PU140_4dm08r
ExeStart=cmsRun
***** End Cat jobreport *****
Parameters sent to Dashboard.
>>> cmsRun started at Mon Feb  2 19:59:55 UTC 2015
>>> cmsRun ended at Mon Feb  2 23:02:15 UTC 2015
>>> crab_fjr_*.xml  permission set to 0704
>>> info for dashboard:
***** Cat /scratch/condor/dir_31593/glide_lgV5bX/execute/dir_838/jobreport.txt *****
MonitorJobID=130_https://submit-6.t2.ucsd.edu//150202//509447.129
MonitorID=dcieri_PU140_4dm08r
ExeEnd=cmsRun
***** End Cat jobreport *****
Parameters sent to Dashboard.
TIME_EXE = 10940 sec
>>> cmsRun wrote 225 lines of stdout+stderr
>>> START OF printout of 225 lines from stdout+stderr
271 DQMStore::DQMStore 
HcalTopologyIdealEP::HcalTopologyIdealEP
02-Feb-2015 20:00:05 GMT  Initiating request to open file root://dcap.pp.rl.ac.uk:1094/pnfs/pp.rl.ac.uk/data/cms/store/user/dcieri/ttbar_SIM/ttbar/ttbar_SIM/150129_145223/0000/step1_383.root
150202 20:00:09 2160 Xrd: CheckErrorStatus: Server [heplnx209.pp.rl.ac.uk:1094] declared: Request 3018 not supported(error code: 3013)
02-Feb-2015 20:00:09 GMT  Successfully opened file root://dcap.pp.rl.ac.uk:1094/pnfs/pp.rl.ac.uk/data/cms/store/user/dcieri/ttbar_SIM/ttbar/ttbar_SIM/150129_145223/0000/step1_383.root
02-Feb-2015 20:00:10 GMT  Initiating request to open file root://xrootd.unl.edu//store/group/dpg_trigger/comm_trigger/L1TrackTrigger/620_SLHC10/Extended2023TTI/MinBias/MinBias_TuneZ2star_GEN_SIM_1.root
02-Feb-2015 20:00:25 GMT  Successfully opened file root://xrootd.unl.edu//store/group/dpg_trigger/comm_trigger/L1TrackTrigger/620_SLHC10/Extended2023TTI/MinBias/MinBias_TuneZ2star_GEN_SIM_1.root
disableME1a = 0
HcalTopologyIdealEP::produce(const IdealGeometryRecord& iRecord)
mode = 2, maxDepthHB = 3, maxDepthHE = 5
RPCGeometryESModule :: produce
RPCGeometryESModule :: produce :: 1/4 Get Muon Ideal Geometry Record
RPCGeometryESModule :: produce :: 2/4 Get Muon DDD Constants
RPCGeometryESModule :: produce :: 3/4 Get Muon Numbering Record
in MuonNumberingInitialization::initializeMuonDDDConstants
about to make my new muonDDDConst_
in MuonNumberingInitialization::produce
RPCGeometryESModule :: produce :: 4/4 Build
Found:

	Barrel Stack layer 5 : 1008 stacks
	Barrel Stack layer 6 : 1320 stacks
	Barrel Stack layer 7 : 1836 stacks
	Barrel Stack layer 8 : 1152 stacks
	Barrel Stack layer 9 : 1488 stacks
	Barrel Stack layer 10 : 1824 stacks

	Endcap Stack disk 11 : 1360 stacks
	Endcap Stack disk 12 : 1360 stacks
	Endcap Stack disk 13 : 1360 stacks
	Endcap Stack disk 14 : 1360 stacks
	Endcap Stack disk 15 : 1360 stacks
Created 15428 stacks in 29 s

TTClusterBuilder< edm::Ref<edm::DetSetVector<PixelDigi>, PixelDigi, edm::refhelper::FindForDetSetVector<PixelDigi> > > loaded modules:
	TTClusterAlgorithm:	TTClusterAlgorithm_2d2013< edm::Ref<edm::DetSetVector<PixelDigi>, PixelDigi, edm::refhelper::FindForDetSetVector<PixelDigi> > >


TTStubBuilder< edm::Ref<edm::DetSetVector<PixelDigi>, PixelDigi, edm::refhelper::FindForDetSetVector<PixelDigi> > > loaded modules:
	TTStubAlgorithm:	TTStubAlgorithm_tab2013< edm::Ref<edm::DetSetVector<PixelDigi>, PixelDigi, edm::refhelper::FindForDetSetVector<PixelDigi> > >


TTClusterAssociator< edm::Ref<edm::DetSetVector<PixelDigi>, PixelDigi, edm::refhelper::FindForDetSetVector<PixelDigi> > > loaded.


TTStubAssociator< edm::Ref<edm::DetSetVector<PixelDigi>, PixelDigi, edm::refhelper::FindForDetSetVector<PixelDigi> > > loaded.


TTTrackAssociator< edm::Ref<edm::DetSetVector<PixelDigi>, PixelDigi, edm::refhelper::FindForDetSetVector<PixelDigi> > > loaded.

Begin processing the 1st record. Run 1, Event 3821, LumiSection 383 at 02-Feb-2015 20:01:14.706 GMT
02-Feb-2015 20:01:21 GMT  Closed file root://xrootd.unl.edu//store/group/dpg_trigger/comm_trigger/L1TrackTrigger/620_SLHC10/Extended2023TTI/MinBias/MinBias_TuneZ2star_GEN_SIM_1.root
02-Feb-2015 20:01:21 GMT  Initiating request to open file root://xrootd.unl.edu//store/group/dpg_trigger/comm_trigger/L1TrackTrigger/620_SLHC10/Extended2023TTI/MinBias/MinBias_TuneZ2star_GEN_SIM_158.root
150202 20:05:35 2748 Xrd: XrdClientMessage::ReadRaw: Failed to read header (8 bytes).
150202 20:06:35 2757 Xrd: XrdClientMessage::ReadRaw: Failed to read header (8 bytes).
150202 20:10:39 3379 Xrd: CheckErrorStatus: Server [llrxrd-redir.in2p3.fr:1094] declared: session not found(error code: 3011)
02-Feb-2015 20:10:39 GMT  Successfully opened file root://xrootd.unl.edu//store/group/dpg_trigger/comm_trigger/L1TrackTrigger/620_SLHC10/Extended2023TTI/MinBias/MinBias_TuneZ2star_GEN_SIM_158.root
150202 20:16:05 9051 Xrd: XrdClientMessage::ReadRaw: Failed to read header (8 bytes).
02-Feb-2015 20:19:50 GMT  Closed file root://xrootd.unl.edu//store/group/dpg_trigger/comm_trigger/L1TrackTrigger/620_SLHC10/Extended2023TTI/MinBias/MinBias_TuneZ2star_GEN_SIM_158.root
02-Feb-2015 20:19:50 GMT  Initiating request to open file root://xrootd.unl.edu//store/group/dpg_trigger/comm_trigger/L1TrackTrigger/620_SLHC10/Extended2023TTI/MinBias/MinBias_TuneZ2star_GEN_SIM_776.root
150202 20:20:21 14646 Xrd: CheckErrorStatus: Server [llrxrd-redir.in2p3.fr:1094] declared: session not found(error code: 3011)
150202 20:20:21 2175 Xrd: XrdClientMessage::ReadRaw: Failed to read header (8 bytes).
02-Feb-2015 20:20:21 GMT  Successfully opened file root://xrootd.unl.edu//store/group/dpg_trigger/comm_trigger/L1TrackTrigger/620_SLHC10/Extended2023TTI/MinBias/MinBias_TuneZ2star_GEN_SIM_776.root
150202 20:25:05 9052 Xrd: XrdClientMessage::ReadRaw: Failed to read header (8 bytes).
150202 20:25:12 2174 Xrd: XrdClientMessage::ReadRaw: Failed to read header (8 bytes).
150202 20:25:35 14999 Xrd: XrdClientMessage::ReadRaw: Failed to read header (8 bytes).
02-Feb-2015 20:31:04 GMT  Closed file root://xrootd.unl.edu//store/group/dpg_trigger/comm_trigger/L1TrackTrigger/620_SLHC10/Extended2023TTI/MinBias/MinBias_TuneZ2star_GEN_SIM_776.root
02-Feb-2015 20:31:04 GMT  Initiating request to open file root://xrootd.unl.edu//store/group/dpg_trigger/comm_trigger/L1TrackTrigger/620_SLHC10/Extended2023TTI/MinBias/MinBias_TuneZ2star_GEN_SIM_171.root
150202 20:31:36 22521 Xrd: CheckErrorStatus: Server [llrxrd-redir.in2p3.fr:1094] declared: session not found(error code: 3011)
02-Feb-2015 20:31:36 GMT  Successfully opened file root://xrootd.unl.edu//store/group/dpg_trigger/comm_trigger/L1TrackTrigger/620_SLHC10/Extended2023TTI/MinBias/MinBias_TuneZ2star_GEN_SIM_171.root
Building the geometry service
Warning did not find digi
Warning did not find digi
Warning did not find digi
Warning did not find digi
Warning did not find digi in disks
Warning did not find digi in disks
Warning did not find digi in disks
Warning did not find digi in disks
150202 20:36:05 15000 Xrd: XrdClientMessage::ReadRaw: Failed to read header (8 bytes).
150202 20:37:05 22888 Xrd: XrdClientMessage::ReadRaw: Failed to read header (8 bytes).
02-Feb-2015 20:41:37 GMT  Closed file root://xrootd.unl.edu//store/group/dpg_trigger/comm_trigger/L1TrackTrigger/620_SLHC10/Extended2023TTI/MinBias/MinBias_TuneZ2star_GEN_SIM_171.root
02-Feb-2015 20:41:37 GMT  Initiating request to open file root://xrootd.unl.edu//store/group/dpg_trigger/comm_trigger/L1TrackTrigger/620_SLHC10/Extended2023TTI/MinBias/MinBias_TuneZ2star_GEN_SIM_746.root
150202 20:42:08 29112 Xrd: CheckErrorStatus: Server [xrootd.ba.infn.it:1094] declared: session not found(error code: 3011)
02-Feb-2015 20:42:08 GMT  Successfully opened file root://xrootd.unl.edu//store/group/dpg_trigger/comm_trigger/L1TrackTrigger/620_SLHC10/Extended2023TTI/MinBias/MinBias_TuneZ2star_GEN_SIM_746.root
150202 20:47:05 22889 Xrd: XrdClientMessage::ReadRaw: Failed to read header (8 bytes).
150202 20:47:36 29347 Xrd: XrdClientMessage::ReadRaw: Failed to read header (8 bytes).
02-Feb-2015 20:51:09 GMT  Closed file root://xrootd.unl.edu//store/group/dpg_trigger/comm_trigger/L1TrackTrigger/620_SLHC10/Extended2023TTI/MinBias/MinBias_TuneZ2star_GEN_SIM_746.root
02-Feb-2015 20:51:09 GMT  Initiating request to open file root://xrootd.unl.edu//store/group/dpg_trigger/comm_trigger/L1TrackTrigger/620_SLHC10/Extended2023TTI/MinBias/MinBias_TuneZ2star_GEN_SIM_981.root
150202 20:51:29 2455 Xrd: CheckErrorStatus: Server [xrootd.ba.infn.it:1094] declared: session not found(error code: 3011)
02-Feb-2015 20:51:29 GMT  Successfully opened file root://xrootd.unl.edu//store/group/dpg_trigger/comm_trigger/L1TrackTrigger/620_SLHC10/Extended2023TTI/MinBias/MinBias_TuneZ2star_GEN_SIM_981.root
150202 20:52:05 2747 Xrd: XrdClientMessage::ReadRaw: Failed to read header (8 bytes).
150202 20:56:35 29348 Xrd: XrdClientMessage::ReadRaw: Failed to read header (8 bytes).
150202 20:56:35 2594 Xrd: XrdClientMessage::ReadRaw: Failed to read header (8 bytes).
02-Feb-2015 21:00:59 GMT  Closed file root://xrootd.unl.edu//store/group/dpg_trigger/comm_trigger/L1TrackTrigger/620_SLHC10/Extended2023TTI/MinBias/MinBias_TuneZ2star_GEN_SIM_981.root
02-Feb-2015 21:00:59 GMT  Initiating request to open file root://xrootd.unl.edu//store/group/dpg_trigger/comm_trigger/L1TrackTrigger/620_SLHC10/Extended2023TTI/MinBias/MinBias_TuneZ2star_GEN_SIM_102.root
150202 21:01:44 8440 Xrd: CheckErrorStatus: Server [xrootd-redic.pi.infn.it:1094] declared: session not found(error code: 3011)
02-Feb-2015 21:01:45 GMT  Successfully opened file root://xrootd.unl.edu//store/group/dpg_trigger/comm_trigger/L1TrackTrigger/620_SLHC10/Extended2023TTI/MinBias/MinBias_TuneZ2star_GEN_SIM_102.root
150202 21:06:05 2595 Xrd: XrdClientMessage::ReadRaw: Failed to read header (8 bytes).
150202 21:07:05 9051 Xrd: XrdClientMessage::ReadRaw: Failed to read header (8 bytes).
02-Feb-2015 21:08:16 GMT  Closed file root://xrootd.unl.edu//store/group/dpg_trigger/comm_trigger/L1TrackTrigger/620_SLHC10/Extended2023TTI/MinBias/MinBias_TuneZ2star_GEN_SIM_102.root
02-Feb-2015 21:08:16 GMT  Initiating request to open file root://xrootd.unl.edu//store/group/dpg_trigger/comm_trigger/L1TrackTrigger/620_SLHC10/Extended2023TTI/MinBias/MinBias_TuneZ2star_GEN_SIM_722.root
150202 21:10:39 13114 Xrd: CheckErrorStatus: Server [xrootd.ba.infn.it:1094] declared: session not found(error code: 3011)
02-Feb-2015 21:10:39 GMT  Successfully opened file root://xrootd.unl.edu//store/group/dpg_trigger/comm_trigger/L1TrackTrigger/620_SLHC10/Extended2023TTI/MinBias/MinBias_TuneZ2star_GEN_SIM_722.root
150202 21:13:35 9052 Xrd: XrdClientMessage::ReadRaw: Failed to read header (8 bytes).
150202 21:16:06 14688 Xrd: XrdClientMessage::ReadRaw: Failed to read header (8 bytes).
02-Feb-2015 21:20:38 GMT  Closed file root://xrootd.unl.edu//store/group/dpg_trigger/comm_trigger/L1TrackTrigger/620_SLHC10/Extended2023TTI/MinBias/MinBias_TuneZ2star_GEN_SIM_722.root
02-Feb-2015 21:20:38 GMT  Initiating request to open file root://xrootd.unl.edu//store/group/dpg_trigger/comm_trigger/L1TrackTrigger/620_SLHC10/Extended2023TTI/MinBias/MinBias_TuneZ2star_GEN_SIM_996.root
150202 21:20:50 20724 Xrd: CheckErrorStatus: Server [xrootd.ba.infn.it:1094] declared: session not found(error code: 3011)
02-Feb-2015 21:20:51 GMT  Successfully opened file root://xrootd.unl.edu//store/group/dpg_trigger/comm_trigger/L1TrackTrigger/620_SLHC10/Extended2023TTI/MinBias/MinBias_TuneZ2star_GEN_SIM_996.root
150202 21:22:05 9050 Xrd: XrdClientMessage::ReadRaw: Failed to read header (8 bytes).
150202 21:26:05 20841 Xrd: XrdClientMessage::ReadRaw: Failed to read header (8 bytes).
150202 21:26:05 14690 Xrd: XrdClientMessage::ReadRaw: Failed to read header (8 bytes).
02-Feb-2015 21:29:16 GMT  Closed file root://xrootd.unl.edu//store/group/dpg_trigger/comm_trigger/L1TrackTrigger/620_SLHC10/Extended2023TTI/MinBias/MinBias_TuneZ2star_GEN_SIM_996.root
02-Feb-2015 21:29:16 GMT  Initiating request to open file root://xrootd.unl.edu//store/group/dpg_trigger/comm_trigger/L1TrackTrigger/620_SLHC10/Extended2023TTI/MinBias/MinBias_TuneZ2star_GEN_SIM_875.root
150202 21:29:51 26982 Xrd: CheckErrorStatus: Server [xrootd.ba.infn.it:1094] declared: session not found(error code: 3011)
02-Feb-2015 21:29:52 GMT  Successfully opened file root://xrootd.unl.edu//store/group/dpg_trigger/comm_trigger/L1TrackTrigger/620_SLHC10/Extended2023TTI/MinBias/MinBias_TuneZ2star_GEN_SIM_875.root
150202 21:34:35 20842 Xrd: XrdClientMessage::ReadRaw: Failed to read header (8 bytes).
150202 21:35:05 27331 Xrd: XrdClientMessage::ReadRaw: Failed to read header (8 bytes).
02-Feb-2015 21:44:51 GMT  Closed file root://xrootd.unl.edu//store/group/dpg_trigger/comm_trigger/L1TrackTrigger/620_SLHC10/Extended2023TTI/MinBias/MinBias_TuneZ2star_GEN_SIM_875.root
02-Feb-2015 21:44:51 GMT  Initiating request to open file root://xrootd.unl.edu//store/group/dpg_trigger/comm_trigger/L1TrackTrigger/620_SLHC10/Extended2023TTI/MinBias/MinBias_TuneZ2star_GEN_SIM_331.root
150202 21:45:22 4172 Xrd: CheckErrorStatus: Server [cms-xrd-global.cern.ch:1094] declared: session not found(error code: 3011)
150202 21:45:22 4172 Xrd: CheckErrorStatus: Server [xrootd-redic.pi.infn.it:1094] declared: session not found(error code: 3011)
02-Feb-2015 21:45:23 GMT  Successfully opened file root://xrootd.unl.edu//store/group/dpg_trigger/comm_trigger/L1TrackTrigger/620_SLHC10/Extended2023TTI/MinBias/MinBias_TuneZ2star_GEN_SIM_331.root
150202 21:50:05 29346 Xrd: XrdClientMessage::ReadRaw: Failed to read header (8 bytes).
150202 21:50:06 27332 Xrd: XrdClientMessage::ReadRaw: Failed to read header (8 bytes).
150202 21:50:35 4409 Xrd: XrdClientMessage::ReadRaw: Failed to read header (8 bytes).
02-Feb-2015 21:58:37 GMT  Closed file root://xrootd.unl.edu//store/group/dpg_trigger/comm_trigger/L1TrackTrigger/620_SLHC10/Extended2023TTI/MinBias/MinBias_TuneZ2star_GEN_SIM_331.root
02-Feb-2015 21:58:37 GMT  Initiating request to open file root://xrootd.unl.edu//store/group/dpg_trigger/comm_trigger/L1TrackTrigger/620_SLHC10/Extended2023TTI/MinBias/MinBias_TuneZ2star_GEN_SIM_782.root
150202 21:59:07 16717 Xrd: CheckErrorStatus: Server [cms-xrd-global.cern.ch:1094] declared: session not found(error code: 3011)
150202 21:59:08 16717 Xrd: CheckErrorStatus: Server [llrxrd-redir.in2p3.fr:1094] declared: session not found(error code: 3011)
02-Feb-2015 21:59:08 GMT  Successfully opened file root://xrootd.unl.edu//store/group/dpg_trigger/comm_trigger/L1TrackTrigger/620_SLHC10/Extended2023TTI/MinBias/MinBias_TuneZ2star_GEN_SIM_782.root
150202 22:04:05 4410 Xrd: XrdClientMessage::ReadRaw: Failed to read header (8 bytes).
02-Feb-2015 22:04:15 GMT  Closed file root://xrootd.unl.edu//store/group/dpg_trigger/comm_trigger/L1TrackTrigger/620_SLHC10/Extended2023TTI/MinBias/MinBias_TuneZ2star_GEN_SIM_782.root
02-Feb-2015 22:04:15 GMT  Initiating request to open file root://xrootd.unl.edu//store/group/dpg_trigger/comm_trigger/L1TrackTrigger/620_SLHC10/Extended2023TTI/MinBias/MinBias_TuneZ2star_GEN_SIM_740.root
150202 22:04:15 16976 Xrd: XrdClientMessage::ReadRaw: Failed to read header (8 bytes).
150202 22:05:35 4408 Xrd: XrdClientMessage::ReadRaw: Failed to read header (8 bytes).
150202 22:05:51 19392 Xrd: CheckErrorStatus: Server [cms-xrd-global.cern.ch:1094] declared: session not found(error code: 3011)
150202 22:05:52 19392 Xrd: CheckErrorStatus: Server [xrootd.ba.infn.it:1094] declared: session not found(error code: 3011)
02-Feb-2015 22:05:52 GMT  Successfully opened file root://xrootd.unl.edu//store/group/dpg_trigger/comm_trigger/L1TrackTrigger/620_SLHC10/Extended2023TTI/MinBias/MinBias_TuneZ2star_GEN_SIM_740.root
150202 22:09:35 16977 Xrd: XrdClientMessage::ReadRaw: Failed to read header (8 bytes).
02-Feb-2015 22:09:36 GMT  Closed file root://xrootd.unl.edu//store/group/dpg_trigger/comm_trigger/L1TrackTrigger/620_SLHC10/Extended2023TTI/MinBias/MinBias_TuneZ2star_GEN_SIM_740.root
02-Feb-2015 22:09:36 GMT  Initiating request to open file root://xrootd.unl.edu//store/group/dpg_trigger/comm_trigger/L1TrackTrigger/620_SLHC10/Extended2023TTI/MinBias/MinBias_TuneZ2star_GEN_SIM_149.root
150202 22:11:05 20396 Xrd: XrdClientMessage::ReadRaw: Failed to read header (8 bytes).
150202 22:11:12 22286 Xrd: CheckErrorStatus: Server [cms-xrd-global.cern.ch:1094] declared: session not found(error code: 3011)
150202 22:11:12 22286 Xrd: CheckErrorStatus: Server [xrootd-redic.pi.infn.it:1094] declared: session not found(error code: 3011)
02-Feb-2015 22:11:12 GMT  Successfully opened file root://xrootd.unl.edu//store/group/dpg_trigger/comm_trigger/L1TrackTrigger/620_SLHC10/Extended2023TTI/MinBias/MinBias_TuneZ2star_GEN_SIM_149.root
150202 22:15:05 20397 Xrd: XrdClientMessage::ReadRaw: Failed to read header (8 bytes).
150202 22:16:35 23002 Xrd: XrdClientMessage::ReadRaw: Failed to read header (8 bytes).
02-Feb-2015 22:16:42 GMT  Closed file root://xrootd.unl.edu//store/group/dpg_trigger/comm_trigger/L1TrackTrigger/620_SLHC10/Extended2023TTI/MinBias/MinBias_TuneZ2star_GEN_SIM_149.root
02-Feb-2015 22:16:42 GMT  Initiating request to open file root://xrootd.unl.edu//store/group/dpg_trigger/comm_trigger/L1TrackTrigger/620_SLHC10/Extended2023TTI/MinBias/MinBias_TuneZ2star_GEN_SIM_405.root
150202 22:19:36 16975 Xrd: XrdClientMessage::ReadRaw: Failed to read header (8 bytes).
150202 22:22:05 23003 Xrd: XrdClientMessage::ReadRaw: Failed to read header (8 bytes).
150202 22:24:22 25894 Xrd: CheckErrorStatus: Server [cms-xrd-global.cern.ch:1094] declared: session not found(error code: 3011)
150202 22:24:22 25894 Xrd: CheckErrorStatus: Server [llrxrd-redir.in2p3.fr:1094] declared: session not found(error code: 3011)
150202 22:24:22 25894 Xrd: CheckErrorStatus: Server [eoscms.cern.ch:1094] declared: session not found(error code: 3011)
02-Feb-2015 22:24:22 GMT  Successfully opened file root://xrootd.unl.edu//store/group/dpg_trigger/comm_trigger/L1TrackTrigger/620_SLHC10/Extended2023TTI/MinBias/MinBias_TuneZ2star_GEN_SIM_405.root
150202 22:26:06 20395 Xrd: XrdClientMessage::ReadRaw: Failed to read header (8 bytes).
02-Feb-2015 22:28:59 GMT  Closed file root://xrootd.unl.edu//store/group/dpg_trigger/comm_trigger/L1TrackTrigger/620_SLHC10/Extended2023TTI/MinBias/MinBias_TuneZ2star_GEN_SIM_405.root
02-Feb-2015 22:28:59 GMT  Initiating request to open file root://xrootd.unl.edu//store/group/dpg_trigger/comm_trigger/L1TrackTrigger/620_SLHC10/Extended2023TTI/MinBias/MinBias_TuneZ2star_GEN_SIM_980.root
150202 22:29:30 29457 Xrd: XrdClientMessage::ReadRaw: Failed to read header (8 bytes).
02-Feb-2015 22:29:30 GMT  Successfully opened file root://xrootd.unl.edu//store/group/dpg_trigger/comm_trigger/L1TrackTrigger/620_SLHC10/Extended2023TTI/MinBias/MinBias_TuneZ2star_GEN_SIM_980.root
150202 22:31:35 23001 Xrd: XrdClientMessage::ReadRaw: Failed to read header (8 bytes).
02-Feb-2015 22:32:54 GMT  Closed file root://xrootd.unl.edu//store/group/dpg_trigger/comm_trigger/L1TrackTrigger/620_SLHC10/Extended2023TTI/MinBias/MinBias_TuneZ2star_GEN_SIM_980.root
02-Feb-2015 22:32:54 GMT  Initiating request to open file root://xrootd.unl.edu//store/group/dpg_trigger/comm_trigger/L1TrackTrigger/620_SLHC10/Extended2023TTI/MinBias/MinBias_TuneZ2star_GEN_SIM_369.root
02-Feb-2015 22:33:25 GMT  Successfully opened file root://xrootd.unl.edu//store/group/dpg_trigger/comm_trigger/L1TrackTrigger/620_SLHC10/Extended2023TTI/MinBias/MinBias_TuneZ2star_GEN_SIM_369.root
150202 22:34:06 29460 Xrd: XrdClientMessage::ReadRaw: Failed to read header (8 bytes).
02-Feb-2015 22:37:47 GMT  Closed file root://xrootd.unl.edu//store/group/dpg_trigger/comm_trigger/L1TrackTrigger/620_SLHC10/Extended2023TTI/MinBias/MinBias_TuneZ2star_GEN_SIM_369.root
02-Feb-2015 22:37:47 GMT  Initiating request to open file root://xrootd.unl.edu//store/group/dpg_trigger/comm_trigger/L1TrackTrigger/620_SLHC10/Extended2023TTI/MinBias/MinBias_TuneZ2star_GEN_SIM_742.root
150202 22:38:05 901 Xrd: XrdClientMessage::ReadRaw: Failed to read header (8 bytes).
02-Feb-2015 22:38:18 GMT  Successfully opened file root://xrootd.unl.edu//store/group/dpg_trigger/comm_trigger/L1TrackTrigger/620_SLHC10/Extended2023TTI/MinBias/MinBias_TuneZ2star_GEN_SIM_742.root
02-Feb-2015 22:41:52 GMT  Closed file root://xrootd.unl.edu//store/group/dpg_trigger/comm_trigger/L1TrackTrigger/620_SLHC10/Extended2023TTI/MinBias/MinBias_TuneZ2star_GEN_SIM_742.root
02-Feb-2015 22:41:52 GMT  Initiating request to open file root://xrootd.unl.edu//store/group/dpg_trigger/comm_trigger/L1TrackTrigger/620_SLHC10/Extended2023TTI/MinBias/MinBias_TuneZ2star_GEN_SIM_548.root
150202 22:42:23 12707 Xrd: CheckErrorStatus: Server [cms-xrd-global.cern.ch:1094] declared: session not found(error code: 3011)
02-Feb-2015 22:42:23 GMT  Successfully opened file root://xrootd.unl.edu//store/group/dpg_trigger/comm_trigger/L1TrackTrigger/620_SLHC10/Extended2023TTI/MinBias/MinBias_TuneZ2star_GEN_SIM_548.root
150202 22:43:05 2596 Xrd: XrdClientMessage::ReadRaw: Failed to read header (8 bytes).
02-Feb-2015 22:46:03 GMT  Closed file root://xrootd.unl.edu//store/group/dpg_trigger/comm_trigger/L1TrackTrigger/620_SLHC10/Extended2023TTI/MinBias/MinBias_TuneZ2star_GEN_SIM_548.root
02-Feb-2015 22:46:03 GMT  Initiating request to open file root://xrootd.unl.edu//store/group/dpg_trigger/comm_trigger/L1TrackTrigger/620_SLHC10/Extended2023TTI/MinBias/MinBias_TuneZ2star_GEN_SIM_180.root
02-Feb-2015 22:46:34 GMT  Successfully opened file root://xrootd.unl.edu//store/group/dpg_trigger/comm_trigger/L1TrackTrigger/620_SLHC10/Extended2023TTI/MinBias/MinBias_TuneZ2star_GEN_SIM_180.root
150202 22:47:05 10986 Xrd: XrdClientMessage::ReadRaw: Failed to read header (8 bytes).
02-Feb-2015 22:49:36 GMT  Closed file root://xrootd.unl.edu//store/group/dpg_trigger/comm_trigger/L1TrackTrigger/620_SLHC10/Extended2023TTI/MinBias/MinBias_TuneZ2star_GEN_SIM_180.root
02-Feb-2015 22:49:36 GMT  Initiating request to open file root://xrootd.unl.edu//store/group/dpg_trigger/comm_trigger/L1TrackTrigger/620_SLHC10/Extended2023TTI/MinBias/MinBias_TuneZ2star_GEN_SIM_556.root
02-Feb-2015 22:50:08 GMT  Successfully opened file root://xrootd.unl.edu//store/group/dpg_trigger/comm_trigger/L1TrackTrigger/620_SLHC10/Extended2023TTI/MinBias/MinBias_TuneZ2star_GEN_SIM_556.root
150202 22:51:05 12943 Xrd: XrdClientMessage::ReadRaw: Failed to read header (8 bytes).
02-Feb-2015 22:53:29 GMT  Closed file root://xrootd.unl.edu//store/group/dpg_trigger/comm_trigger/L1TrackTrigger/620_SLHC10/Extended2023TTI/MinBias/MinBias_TuneZ2star_GEN_SIM_556.root
02-Feb-2015 22:53:29 GMT  Initiating request to open file root://xrootd.unl.edu//store/group/dpg_trigger/comm_trigger/L1TrackTrigger/620_SLHC10/Extended2023TTI/MinBias/MinBias_TuneZ2star_GEN_SIM_173.root
02-Feb-2015 22:54:01 GMT  Successfully opened file root://xrootd.unl.edu//store/group/dpg_trigger/comm_trigger/L1TrackTrigger/620_SLHC10/Extended2023TTI/MinBias/MinBias_TuneZ2star_GEN_SIM_173.root
DTTSPhi::addTracoT: preview not present in TRACO trigger or its code=0  trigger not added!
150202 22:55:05 15477 Xrd: XrdClientMessage::ReadRaw: Failed to read header (8 bytes).
02-Feb-2015 22:57:18 GMT  Closed file root://xrootd.unl.edu//store/group/dpg_trigger/comm_trigger/L1TrackTrigger/620_SLHC10/Extended2023TTI/MinBias/MinBias_TuneZ2star_GEN_SIM_173.root
02-Feb-2015 22:57:18 GMT  Initiating request to open file root://xrootd.unl.edu//store/group/dpg_trigger/comm_trigger/L1TrackTrigger/620_SLHC10/Extended2023TTI/MinBias/MinBias_TuneZ2star_GEN_SIM_226.root
02-Feb-2015 22:57:50 GMT  Successfully opened file root://xrootd.unl.edu//store/group/dpg_trigger/comm_trigger/L1TrackTrigger/620_SLHC10/Extended2023TTI/MinBias/MinBias_TuneZ2star_GEN_SIM_226.root
150202 22:58:35 22491 Xrd: XrdClientMessage::ReadRaw: Failed to read header (8 bytes).
02-Feb-2015 22:59:51 GMT  Closed file root://xrootd.unl.edu//store/group/dpg_trigger/comm_trigger/L1TrackTrigger/620_SLHC10/Extended2023TTI/MinBias/MinBias_TuneZ2star_GEN_SIM_226.root
02-Feb-2015 22:59:51 GMT  Initiating request to open file root://xrootd.unl.edu//store/group/dpg_trigger/comm_trigger/L1TrackTrigger/620_SLHC10/Extended2023TTI/MinBias/MinBias_TuneZ2star_GEN_SIM_89.root
150202 23:00:22 26422 Xrd: CheckErrorStatus: Server [eoscms.cern.ch:1094] declared: session not found(error code: 3011)
02-Feb-2015 23:00:22 GMT  Successfully opened file root://xrootd.unl.edu//store/group/dpg_trigger/comm_trigger/L1TrackTrigger/620_SLHC10/Extended2023TTI/MinBias/MinBias_TuneZ2star_GEN_SIM_89.root
DTTSPhi::addTracoT: preview not present in TRACO trigger or its code=0  trigger not added!
DTTSPhi::addTracoT: preview not present in TRACO trigger or its code=0  trigger not added!
02-Feb-2015 23:02:13 GMT  Closed file root://dcap.pp.rl.ac.uk:1094/pnfs/pp.rl.ac.uk/data/cms/store/user/dcieri/ttbar_SIM/ttbar/ttbar_SIM/150129_145223/0000/step1_383.root
02-Feb-2015 23:02:14 GMT  Closed file root://xrootd.unl.edu//store/group/dpg_trigger/comm_trigger/L1TrackTrigger/620_SLHC10/Extended2023TTI/MinBias/MinBias_TuneZ2star_GEN_SIM_89.root

=============================================

MessageLogger Summary

 type     category        sev    module        subroutine        count    total
 ---- -------------------- -- ---------------- ----------------  -----    -----
    1 fileAction           -s MixingModule:mix                      69       69
    2 fileAction           -s MixingModule:mix                       2        2
    3 fileAction           -s MixingModule:mix                       1        1
    4 fileAction           -s file_close                             1        1
    5 fileAction           -s file_open                              2        2

 type    category    Examples: run/evt        run/evt          run/evt
 ---- -------------------- ---------------- ---------------- ----------------
    1 fileAction           1/3821           1/3821           1/3830
    2 fileAction           pre-events       pre-events       
    3 fileAction           PostEndRun                        
    4 fileAction           PostEndRun                        
    5 fileAction           pre-events       pre-events       

Severity    # Occurrences   Total Occurrences
--------    -------------   -----------------
System                 75                  75
>>> END OF printout of 225 lines from stdout+stderr
>>> Parse FrameworkJobReport crab_fjr.xml
Result of parsing the FrameworkJobReport crab_fjr.xml: 
Extracted ExitStatus from FrameworkJobReport parsing output: 0
>>> Executable succeded  0
ExeExitCode=0
EXECUTABLE_EXIT_STATUS = 0
>>> current directory /scratch/condor/dir_31593/glide_lgV5bX/execute/dir_838/CMSSW_6_2_0_SLHC12
>>>  (SOFTWARE_DIR): /scratch/condor/dir_31593/glide_lgV5bX/execute/dir_838/CMSSW_6_2_0_SLHC12
>>> (WORKING_DIR): 
>>> current directory content:
total 242344
drwxr-xr-x 3 cms415 gplcms      4096 Feb  2 19:59 .SCRAM
-rw------- 1 cms415 gplcms    915837 Feb  2 19:59 CMSSW.py.pkl
drwxr-xr-x 3 cms415 gplcms      4096 Feb  2 19:59 bin
drwxr-xr-x 3 cms415 gplcms      4096 Feb  2 19:59 cfipython
drwxr-xr-x 4 cms415 gplcms      4096 Apr 28  2014 config
-rw------- 1 cms415 gplcms        16 Feb  2 23:02 cpu_timing.txt
drwxr-xr-x 2 cms415 gplcms      4096 Feb  2 19:59 doc
-rw------- 1 cms415 gplcms     25235 Feb  2 23:02 executable.out
drwxr-xr-x 2 cms415 gplcms      4096 Feb  2 19:59 include
drwx------ 3 cms415 gplcms      4096 Oct  7 10:12 lib
drwxr-xr-x 3 cms415 gplcms      4096 Feb  2 19:59 logs
drwxr-xr-x 3 cms415 gplcms      4096 Feb  2 19:59 objs
-rw------- 1 cms415 gplcms       104 Feb  2 19:59 pset.py
-rw------- 1 cms415 gplcms    926823 Feb  2 19:59 pset.py.pkl
-rw------- 1 cms415 gplcms       289 Feb  2 19:59 pset.pyc
drwxr-xr-x 2 cms415 gplcms      4096 Feb  2 19:59 python
-rw------- 1 cms415 gplcms       359 Feb  2 23:02 report.log
drwxr-xr-x 2 cms415 gplcms      4096 Feb  2 19:59 src
-rw------- 1 cms415 gplcms 245960200 Feb  2 23:02 step2.root
drwxr-xr-x 3 cms415 gplcms      4096 Feb  2 19:59 test
drwxr-xr-x 3 cms415 gplcms      4096 Feb  2 19:59 tmp
>>> current directory /scratch/condor/dir_31593/glide_lgV5bX/execute/dir_838/CMSSW_6_2_0_SLHC12
>>> (SOFTWARE_DIR): /scratch/condor/dir_31593/glide_lgV5bX/execute/dir_838/CMSSW_6_2_0_SLHC12
>>> (WORKING_DIR): 
>>> current directory content:
total 242344
drwxr-xr-x 3 cms415 gplcms      4096 Feb  2 19:59 .SCRAM
-rw------- 1 cms415 gplcms    915837 Feb  2 19:59 CMSSW.py.pkl
drwxr-xr-x 3 cms415 gplcms      4096 Feb  2 19:59 bin
drwxr-xr-x 3 cms415 gplcms      4096 Feb  2 19:59 cfipython
drwxr-xr-x 4 cms415 gplcms      4096 Apr 28  2014 config
-rw------- 1 cms415 gplcms        16 Feb  2 23:02 cpu_timing.txt
drwxr-xr-x 2 cms415 gplcms      4096 Feb  2 19:59 doc
-rw------- 1 cms415 gplcms     25235 Feb  2 23:02 executable.out
drwxr-xr-x 2 cms415 gplcms      4096 Feb  2 19:59 include
drwx------ 3 cms415 gplcms      4096 Oct  7 10:12 lib
drwxr-xr-x 3 cms415 gplcms      4096 Feb  2 19:59 logs
drwxr-xr-x 3 cms415 gplcms      4096 Feb  2 19:59 objs
-rw------- 1 cms415 gplcms       104 Feb  2 19:59 pset.py
-rw------- 1 cms415 gplcms    926823 Feb  2 19:59 pset.py.pkl
-rw------- 1 cms415 gplcms       289 Feb  2 19:59 pset.pyc
drwxr-xr-x 2 cms415 gplcms      4096 Feb  2 19:59 python
-rw------- 1 cms415 gplcms       359 Feb  2 23:02 report.log
drwxr-xr-x 2 cms415 gplcms      4096 Feb  2 19:59 src
-rw------- 1 cms415 gplcms 245960200 Feb  2 23:02 step2_130_1_Cgb.root
drwxr-xr-x 3 cms415 gplcms      4096 Feb  2 19:59 test
drwxr-xr-x 3 cms415 gplcms      4096 Feb  2 19:59 tmp
>>> current directory (RUNTIME_AREA):  /scratch/condor/dir_31593/glide_lgV5bX/execute/dir_838
PNN = T2_UK_SGrid_RALPP
SE = heplnx204.pp.rl.ac.uk
SE_PATH = /srm/managerv2?SFN=/pnfs/pp.rl.ac.uk/data/cms/store/user/dcieri/ttbar_PU140_DIGI/dcieri/ttbar/ttbar_PU140_DIGI/3c0380cf82de79bc39966c93934c61fc/
LFNBaseName = /store/user/dcieri/ttbar_PU140_DIGI/dcieri/ttbar/ttbar_PU140_DIGI/3c0380cf82de79bc39966c93934c61fc/
USER = dcieri
endpoint = srm://heplnx204.pp.rl.ac.uk:8443/srm/managerv2?SFN=/pnfs/pp.rl.ac.uk/data/cms/store/user/dcieri/ttbar_PU140_DIGI/dcieri/ttbar/ttbar_PU140_DIGI/3c0380cf82de79bc39966c93934c61fc/
>>> Copy output files from WN = heplnc337.pp.rl.ac.uk to /srm/managerv2?SFN=/pnfs/pp.rl.ac.uk/data/cms/store/user/dcieri/ttbar_PU140_DIGI/dcieri/ttbar/ttbar_PU140_DIGI/3c0380cf82de79bc39966c93934c61fc/ :
python cmscp.py  --destination srm://heplnx204.pp.rl.ac.uk:8443/srm/managerv2?SFN=/pnfs/pp.rl.ac.uk/data/cms/store/user/dcieri/ttbar_PU140_DIGI/dcieri/ttbar/ttbar_PU140_DIGI/3c0380cf82de79bc39966c93934c61fc/ --inputFileList /scratch/condor/dir_31593/glide_lgV5bX/execute/dir_838/CMSSW_6_2_0_SLHC12/step2_130_1_Cgb.root --middleware LCG --PNN T2_UK_SGrid_RALPP --se_name heplnx204.pp.rl.ac.uk --for_lfn /store/user/dcieri/ttbar_PU140_DIGI/dcieri/ttbar/ttbar_PU140_DIGI/3c0380cf82de79bc39966c93934c61fc/    
******************************************************
localSeName  =  heplnx204.pp.rl.ac.uk
remoteSeName =  heplnx204.pp.rl.ac.uk
******************************************************
{"/scratch/condor/dir_31593/glide_lgV5bX/execute/dir_838/CMSSW_6_2_0_SLHC12/step2_130_1_Cgb.root": {"endpoint": "srm://heplnx204.pp.rl.ac.uk:8443/srm/managerv2?SFN=/pnfs/pp.rl.ac.uk/data/cms/store/user/dcieri/ttbar_PU140_DIGI/dcieri/ttbar/ttbar_PU140_DIGI/3c0380cf82de79bc39966c93934c61fc/", "surl_for_grid": "", "reason": "Copy succedeed with srm-lcg utils", "erCode": "0", "PNN": "T2_UK_SGrid_RALPP", "se_name": "heplnx204.pp.rl.ac.uk", "for_lfn": "/store/user/dcieri/ttbar_PU140_DIGI/dcieri/ttbar/ttbar_PU140_DIGI/3c0380cf82de79bc39966c93934c61fc/"}}/scratch/condor/dir_31593/glide_lgV5bX/execute/dir_838
-------- cat /scratch/condor/dir_31593/glide_lgV5bX/execute/dir_838/cmscpReport.sh 
#!/bin/bash
echo "Report for File: /scratch/condor/dir_31593/glide_lgV5bX/execute/dir_838/CMSSW_6_2_0_SLHC12/step2_130_1_Cgb.root"
echo "LFN: /store/user/dcieri/ttbar_PU140_DIGI/dcieri/ttbar/ttbar_PU140_DIGI/3c0380cf82de79bc39966c93934c61fc/step2_130_1_Cgb.root"
echo "StorageElement: heplnx204.pp.rl.ac.uk"
echo "StageOutExitStatusReason = 'Copy succedeed with srm-lcg utils'" | tee -a $RUNTIME_AREA/$repo
echo "StageOutSE = heplnx204.pp.rl.ac.uk" >> $RUNTIME_AREA/$repo

export StageOutExitStatus=0
echo "StageOutExitStatus = 0" | tee -a $RUNTIME_AREA/$repo
-------- end of /scratch/condor/dir_31593/glide_lgV5bX/execute/dir_838/cmscpReport.sh 
Report for File: /scratch/condor/dir_31593/glide_lgV5bX/execute/dir_838/CMSSW_6_2_0_SLHC12/step2_130_1_Cgb.root
LFN: /store/user/dcieri/ttbar_PU140_DIGI/dcieri/ttbar/ttbar_PU140_DIGI/3c0380cf82de79bc39966c93934c61fc/step2_130_1_Cgb.root
StorageElement: heplnx204.pp.rl.ac.uk
StageOutExitStatusReason = 'Copy succedeed with srm-lcg utils'
StageOutExitStatus = 0
>>> current dir: /scratch/condor/dir_31593/glide_lgV5bX/execute/dir_838
>>> current dir content:
total 8828
-rw-------  1 cms415 gplcms    2660 Feb  2 23:03 .SEinteraction.log
-rwx------  1 cms415 gplcms      52 Feb  2 19:58 .chirp_config
-rwx------  1 cms415 gplcms    7832 Feb  2 19:58 .job.ad
-rwx------  1 cms415 gplcms    9762 Feb  2 19:58 .machine.ad
-rw-------  1 cms415 gplcms     105 Feb  2 12:16 CMSSW.py
-rw-------  1 cms415 gplcms  915837 Feb  2 12:16 CMSSW.py.pkl
-rwx------  1 cms415 gplcms   29498 Feb  2 19:59 CMSSW.sh
drwxr-xr-x 15 cms415 gplcms    4096 Feb  2 23:02 CMSSW_6_2_0_SLHC12
-rw-------  1 cms415 gplcms     188 Feb  2 19:59 CacheEnv.sh
-rw-------  1 cms415 gplcms    7291 Nov 19 14:52 DashboardAPI.py
-rw-------  1 cms415 gplcms    6440 Feb  2 19:59 DashboardAPI.pyc
drwx------  2 cms415 gplcms    4096 Feb  2 23:02 IMProv
-rw-------  1 cms415 gplcms    2748 Nov 19 14:52 Logger.py
-rw-------  1 cms415 gplcms    3222 Feb  2 19:59 Logger.pyc
-rw-------  1 cms415 gplcms   24524 Nov 19 14:52 ProcInfo.py
-rw-------  1 cms415 gplcms   22597 Feb  2 19:59 ProcInfo.pyc
drwx------  7 cms415 gplcms    4096 Feb  2 19:59 ProdCommon
drwx------  3 cms415 gplcms    4096 Feb  2 19:59 WMCore
-rw-------  1 cms415 gplcms   13920 Feb  2 23:02 Watchdog_130.log
-rwx------  1 cms415 gplcms       0 Feb  2 19:59 _condor_stderr
-rwx---r--  1 cms415 gplcms   39946 Feb  2 23:03 _condor_stdout
-rw-------  1 cms415 gplcms   32895 Nov 19 14:52 apmon.py
-rw-------  1 cms415 gplcms   27900 Feb  2 19:59 apmon.pyc
-rwx------  1 cms415 gplcms  134309 Feb  2 19:59 arguments.xml
-rwx------  1 cms415 gplcms   38581 Nov 19 14:52 cmscp.py
-rw-------  1 cms415 gplcms     560 Feb  2 23:03 cmscpReport.sh
-rwx------  1 cms415 gplcms   29498 Feb  2 19:59 condor_exec.exe
-rw-------  1 cms415 gplcms     544 Feb  2 12:16 crab.cfg
-rwx------  1 cms415 gplcms    8610 Nov 19 14:52 crabWatchdog.sh
-rwx---r--  1 cms415 gplcms  112106 Feb  2 23:02 crab_fjr_130.xml
-rwx------  1 cms415 gplcms 7390485 Feb  2 19:59 default.tgz
-rwx------  1 cms415 gplcms    4488 Nov 19 14:52 fillCrabFjr.py
-rw-------  1 cms415 gplcms     226 Feb  2 19:59 inputsReport.txt
-rw-------  1 cms415 gplcms     245 Feb  2 23:03 jobreport.txt
-rw-------  1 cms415 gplcms   17352 Nov 19 14:52 parseCrabFjr.py
-rw-------  1 cms415 gplcms     324 Feb  2 19:59 report.log
-rwx--x--x  1 cms415 gplcms    1497 Nov 19 14:52 report.py
-rw-------  1 cms415 gplcms     553 Feb  2 23:03 resultCopyFile
lrwxrwxrwx  1 cms415 gplcms      94 Feb  2 23:02 step2.root -> /scratch/condor/dir_31593/glide_lgV5bX/execute/dir_838/CMSSW_6_2_0_SLHC12/step2_130_1_Cgb.root
-rwx------  1 cms415 gplcms    8351 Nov 19 14:52 writeCfg.py
-rw-------  1 cms415 gplcms   10293 Feb  2 19:58 x509up_u62281
>>> Modify Job Report:
CMSSW_VERSION = CMSSW_6_2_0_SLHC12
ProcessedDataset = ttbar_PU140_DIGI
/scratch/condor/dir_31593/glide_lgV5bX/execute/dir_838/ProdCommon/FwkJobRep/ModifyJobReport.py fjr /scratch/condor/dir_31593/glide_lgV5bX/execute/dir_838/crab_fjr_130.xml json /scratch/condor/dir_31593/glide_lgV5bX/execute/dir_838/resultCopyFile n_job 130_1_Cgb PrimaryDataset ttbar  ApplicationFamily cmsRun ApplicationName cmsRun cmssw_version CMSSW_6_2_0_SLHC12 psethash 3c0380cf82de79bc39966c93934c61fc UserProcessedDataset dcieri-ttbar_PU140_DIGI-3c0380cf82de79bc39966c93934c61fc
inputDict =  {u'/scratch/condor/dir_31593/glide_lgV5bX/execute/dir_838/CMSSW_6_2_0_SLHC12/step2_130_1_Cgb.root': {u'endpoint': u'srm://heplnx204.pp.rl.ac.uk:8443/srm/managerv2?SFN=/pnfs/pp.rl.ac.uk/data/cms/store/user/dcieri/ttbar_PU140_DIGI/dcieri/ttbar/ttbar_PU140_DIGI/3c0380cf82de79bc39966c93934c61fc/', u'surl_for_grid': u'', u'reason': u'Copy succedeed with srm-lcg utils', u'erCode': u'0', u'PNN': u'T2_UK_SGrid_RALPP', u'se_name': u'heplnx204.pp.rl.ac.uk', u'for_lfn': u'/store/user/dcieri/ttbar_PU140_DIGI/dcieri/ttbar/ttbar_PU140_DIGI/3c0380cf82de79bc39966c93934c61fc/'}}
UserProcessedDataset =  dcieri-ttbar_PU140_DIGI-3c0380cf82de79bc39966c93934c61fc
WORKING ON EDM FILE
file_name in inputDict =  /scratch/condor/dir_31593/glide_lgV5bX/execute/dir_838/CMSSW_6_2_0_SLHC12/step2_130_1_Cgb.root
(size) os.stat(filename)[6] =  245960200
checksum =  1825005673
    file =  step2_130_1_Cgb.root
    newPfn =  srm://heplnx204.pp.rl.ac.uk:8443/srm/managerv2?SFN=/pnfs/pp.rl.ac.uk/data/cms/store/user/dcieri/ttbar_PU140_DIGI/dcieri/ttbar/ttbar_PU140_DIGI/3c0380cf82de79bc39966c93934c61fc/step2_130_1_Cgb.root
    newLfn =  /store/user/dcieri/ttbar_PU140_DIGI/dcieri/ttbar/ttbar_PU140_DIGI/3c0380cf82de79bc39966c93934c61fc/step2_130_1_Cgb.root
>>> crab_fjr_*.xml  permission set to 0704
CrabWrapper EXIT_FUNC entered at Mon Feb  2 23:03:08 GMT 2015   -  Mon Feb  2 23:03:08 UTC 2015
Checking output files:  
will tar file crab_fjr_130.xml in  out_files_130
WARNING: output file CMSSW_130.stdout not found!
WARNING: output file CMSSW_130.stderr not found!
WARNING: output file Watchdog_130.log.gz not found!
>>> padding time: Wrapper lasting more than 600 seconds. No sleep required.
STOPPING WATCHDOG. CrabWatchdog PID is 1914
********** LAST 50 LINES OF WATCHDOG LOG
 Feb 02 20:52:03 GMT	2160	1297500	1718308	77	212	3132	cmsRun -j /scratch/condor/dir_31593/glide_lgV5bX/execute/dir_838/crab_fjr_130.xml -p pset.py      
 Feb 02 20:53:03 GMT	2160	1338876	1734436	77	219	3192	cmsRun -j /scratch/condor/dir_31593/glide_lgV5bX/execute/dir_838/crab_fjr_130.xml -p pset.py      
 Feb 02 20:54:03 GMT	2160	1342108	1736740	77	222	3253	cmsRun -j /scratch/condor/dir_31593/glide_lgV5bX/execute/dir_838/crab_fjr_130.xml -p pset.py      
 Feb 02 20:55:04 GMT	2160	1345152	1739300	77	225	3313	cmsRun -j /scratch/condor/dir_31593/glide_lgV5bX/execute/dir_838/crab_fjr_130.xml -p pset.py      
 Feb 02 20:56:04 GMT	2160	1348636	1739300	77	228	3373	cmsRun -j /scratch/condor/dir_31593/glide_lgV5bX/execute/dir_838/crab_fjr_130.xml -p pset.py      
 Feb 02 20:57:04 GMT	2160	1348636	1780476	77	252	3433	cmsRun -j /scratch/condor/dir_31593/glide_lgV5bX/execute/dir_838/crab_fjr_130.xml -p pset.py      
 Feb 02 20:57:04 GMT	---	1348636	1780476	101	----	----	----
 Feb 02 21:06:06 GMT	2160	1348636	1781500	101	274	3976	cmsRun -j /scratch/condor/dir_31593/glide_lgV5bX/execute/dir_838/crab_fjr_130.xml -p pset.py      
 Feb 02 21:07:07 GMT	2160	1348636	1784316	101	279	4036	cmsRun -j /scratch/condor/dir_31593/glide_lgV5bX/execute/dir_838/crab_fjr_130.xml -p pset.py      
 Feb 02 21:08:07 GMT	2160	1348636	1786876	101	284	4096	cmsRun -j /scratch/condor/dir_31593/glide_lgV5bX/execute/dir_838/crab_fjr_130.xml -p pset.py      
 Feb 02 21:12:08 GMT	2160	1348636	1793792	101	290	4337	cmsRun -j /scratch/condor/dir_31593/glide_lgV5bX/execute/dir_838/crab_fjr_130.xml -p pset.py      
 Feb 02 21:13:08 GMT	2160	1348636	1798656	101	296	4397	cmsRun -j /scratch/condor/dir_31593/glide_lgV5bX/execute/dir_838/crab_fjr_130.xml -p pset.py      
 Feb 02 21:14:08 GMT	2160	1348636	1809664	101	305	4458	cmsRun -j /scratch/condor/dir_31593/glide_lgV5bX/execute/dir_838/crab_fjr_130.xml -p pset.py      
 Feb 02 21:15:09 GMT	2160	1352648	1812992	101	308	4518	cmsRun -j /scratch/condor/dir_31593/glide_lgV5bX/execute/dir_838/crab_fjr_130.xml -p pset.py      
 Feb 02 21:16:09 GMT	2160	1353368	1812992	101	311	4578	cmsRun -j /scratch/condor/dir_31593/glide_lgV5bX/execute/dir_838/crab_fjr_130.xml -p pset.py      
# TIME			PID	RSS(KB)	VSZ(KB)	Dsk(MB)	tCPU(s)	tWALL(s)	COMMAND
 Feb 02 21:17:09 GMT	2160	1358208	1814016	101	314	4638	cmsRun -j /scratch/condor/dir_31593/glide_lgV5bX/execute/dir_838/crab_fjr_130.xml -p pset.py      
 Feb 02 21:18:09 GMT	2160	1360396	1814528	101	316	4698	cmsRun -j /scratch/condor/dir_31593/glide_lgV5bX/execute/dir_838/crab_fjr_130.xml -p pset.py      
 Feb 02 21:19:09 GMT	---	1360396	1814528	123	----	----	----
 Feb 02 21:38:14 GMT	2160	1366100	1814528	123	384	5903	cmsRun -j /scratch/condor/dir_31593/glide_lgV5bX/execute/dir_838/crab_fjr_130.xml -p pset.py      
 Feb 02 21:39:14 GMT	2160	1396748	1814528	123	390	5963	cmsRun -j /scratch/condor/dir_31593/glide_lgV5bX/execute/dir_838/crab_fjr_130.xml -p pset.py      
 Feb 02 21:40:14 GMT	2160	1406288	1814528	123	393	6023	cmsRun -j /scratch/condor/dir_31593/glide_lgV5bX/execute/dir_838/crab_fjr_130.xml -p pset.py      
 Feb 02 21:41:14 GMT	2160	1408744	1814528	123	395	6083	cmsRun -j /scratch/condor/dir_31593/glide_lgV5bX/execute/dir_838/crab_fjr_130.xml -p pset.py      
 Feb 02 21:42:14 GMT	2160	1409608	1814528	123	397	6144	cmsRun -j /scratch/condor/dir_31593/glide_lgV5bX/execute/dir_838/crab_fjr_130.xml -p pset.py      
 Feb 02 21:43:15 GMT	2160	1410520	1814528	123	398	6204	cmsRun -j /scratch/condor/dir_31593/glide_lgV5bX/execute/dir_838/crab_fjr_130.xml -p pset.py      
 Feb 02 21:44:15 GMT	2160	1412888	1816320	123	400	6264	cmsRun -j /scratch/condor/dir_31593/glide_lgV5bX/execute/dir_838/crab_fjr_130.xml -p pset.py      
 Feb 02 21:47:15 GMT	---	1412888	1816320	144	----	----	----
 Feb 02 22:07:19 GMT	---	1412888	1816320	165	----	----	----
 Feb 02 22:09:20 GMT	2160	1412888	1817860	165	514	7769	cmsRun -j /scratch/condor/dir_31593/glide_lgV5bX/execute/dir_838/crab_fjr_130.xml -p pset.py      
 Feb 02 22:14:21 GMT	2160	1412888	1820164	165	531	8070	cmsRun -j /scratch/condor/dir_31593/glide_lgV5bX/execute/dir_838/crab_fjr_130.xml -p pset.py      
 Feb 02 22:15:21 GMT	2160	1412888	1825796	165	536	8130	cmsRun -j /scratch/condor/dir_31593/glide_lgV5bX/execute/dir_838/crab_fjr_130.xml -p pset.py      
 Feb 02 22:16:21 GMT	2160	1412888	1828100	165	543	8191	cmsRun -j /scratch/condor/dir_31593/glide_lgV5bX/execute/dir_838/crab_fjr_130.xml -p pset.py      
 Feb 02 22:25:23 GMT	2160	1419520	1843972	165	558	8732	cmsRun -j /scratch/condor/dir_31593/glide_lgV5bX/execute/dir_838/crab_fjr_130.xml -p pset.py      
 Feb 02 22:26:23 GMT	2160	1454164	1877764	165	569	8792	cmsRun -j /scratch/condor/dir_31593/glide_lgV5bX/execute/dir_838/crab_fjr_130.xml -p pset.py      
 Feb 02 22:27:23 GMT	---	1454164	1877764	184	----	----	----
 Feb 02 22:37:25 GMT	---	1454164	1877764	204	----	----	----
 Feb 02 22:45:28 GMT	2160	1454164	1878020	204	728	9937	cmsRun -j /scratch/condor/dir_31593/glide_lgV5bX/execute/dir_838/crab_fjr_130.xml -p pset.py      
 Feb 02 22:47:28 GMT	2160	1454164	1881604	204	758	10057	cmsRun -j /scratch/condor/dir_31593/glide_lgV5bX/execute/dir_838/crab_fjr_130.xml -p pset.py      
 Feb 02 22:47:28 GMT	---	1454164	1881604	228	----	----	----
 Feb 02 22:48:28 GMT	2160	1454164	1885444	228	765	10118	cmsRun -j /scratch/condor/dir_31593/glide_lgV5bX/execute/dir_838/crab_fjr_130.xml -p pset.py      
 Feb 02 22:49:29 GMT	2160	1454164	1888260	228	774	10178	cmsRun -j /scratch/condor/dir_31593/glide_lgV5bX/execute/dir_838/crab_fjr_130.xml -p pset.py      
 Feb 02 22:51:29 GMT	2160	1454164	1892868	228	787	10298	cmsRun -j /scratch/condor/dir_31593/glide_lgV5bX/execute/dir_838/crab_fjr_130.xml -p pset.py      
 Feb 02 22:52:29 GMT	2160	1454164	1903876	228	798	10358	cmsRun -j /scratch/condor/dir_31593/glide_lgV5bX/execute/dir_838/crab_fjr_130.xml -p pset.py      
 Feb 02 22:54:30 GMT	2160	1454164	1917956	228	819	10479	cmsRun -j /scratch/condor/dir_31593/glide_lgV5bX/execute/dir_838/crab_fjr_130.xml -p pset.py      
 Feb 02 22:55:30 GMT	---	1454164	1917956	251	----	----	----
 Feb 02 22:58:30 GMT	2160	1454164	1920516	251	869	10720	cmsRun -j /scratch/condor/dir_31593/glide_lgV5bX/execute/dir_838/crab_fjr_130.xml -p pset.py      
# TIME			PID	RSS(KB)	VSZ(KB)	Dsk(MB)	tCPU(s)	tWALL(s)	COMMAND
 Feb 02 22:59:31 GMT	2160	1454164	1924100	251	880	10780	cmsRun -j /scratch/condor/dir_31593/glide_lgV5bX/execute/dir_838/crab_fjr_130.xml -p pset.py      
 Feb 02 23:01:31 GMT	2160	1454164	1949188	251	906	10900	cmsRun -j /scratch/condor/dir_31593/glide_lgV5bX/execute/dir_838/crab_fjr_130.xml -p pset.py      
 Feb 02 23:02:31 GMT	---	1454164	1949188	272	----	----	----
********** WATCHDOG LOG ENDED
ZIPPING WATCHDOG LOG
Disk space used:
du -sh /scratch/condor/dir_31593/glide_lgV5bX/execute/dir_838
272M	/scratch/condor/dir_31593/glide_lgV5bX/execute/dir_838
Found unusual stdout, rename for OSB
`/scratch/condor/dir_31593/glide_lgV5bX/execute/dir_838/_condor_stdout' -> `CMSSW_130.stdout'
Found unusual stderr, rename for OSB
`/scratch/condor/dir_31593/glide_lgV5bX/execute/dir_838/_condor_stdout' -> `CMSSW_130.stderr'
crab_fjr_130.xml
CMSSW_130.stdout
CMSSW_130.stderr
Watchdog_130.log.gz
Total Output dimension: 24901
WARNING: output files size limit is set to: 50000000
Total Output dimension 24901 is fine.
JOB_EXIT_STATUS = 0
>>> info for dashboard:
***** Cat /scratch/condor/dir_31593/glide_lgV5bX/execute/dir_838/jobreport.txt *****
MonitorJobID=130_https://submit-6.t2.ucsd.edu//150202//509447.129
MonitorID=dcieri_PU140_4dm08r
ExeTime=10940
ExeExitCode=0
StageOutExitStatusReason = 'Copy succedeed with srm-lcg utils'
StageOutSE = heplnx204.pp.rl.ac.uk
StageOutExitStatus = 0
CrabUserCpuTime=899.02
CrabSysCpuTime=30.45
CrabCpuPercentage=8%
CrabWrapperTime=11001
CrabStageoutTime=48
JobExitCode=0
***** End Cat jobreport *****
Parameters sent to Dashboard.
EXITING at Mon Feb  2 23:03:11 GMT 2015  -  Mon Feb  2 23:03:11 UTC 2015
