This script was generated by crab (version 2.11.1_patch1).
Running /scratch/condor/dir_1158/glide_spJEvk/execute/dir_2103/condor_exec.exe with 2 positional parameters: 406 1
Today is Mon Feb  2 20:49:01 GMT 2015 - Mon Feb  2 20:49:01 UTC 2015
Job submitted on host heplnc056.pp.rl.ac.uk
Linux heplnc056.pp.rl.ac.uk 2.6.32-504.3.3.el6.x86_64 #1 SMP Tue Dec 16 14:29:22 CST 2014 x86_64 x86_64 x86_64 GNU/Linux
Distributor ID:	Scientific
Description:	Scientific Linux release 6.6 (Carbon)
>>> current directory (RUNTIME_AREA): /scratch/condor/dir_1158/glide_spJEvk/execute/dir_2103
>>> current user: uid=157415(cms415) gid=157000(gplcms) groups=157000(gplcms)
>>> directory permission set to 0700
>>> umask set to:  u=rwx,g=,o=
>>> stdout stderr permission set to 0704
>>> voms proxy information:
subject   : /DC=ch/DC=cern/OU=Organic Units/OU=Users/CN=dcieri/CN=755391/CN=Davide Cieri/CN=769881070/CN=1424985930
issuer    : /DC=ch/DC=cern/OU=Organic Units/OU=Users/CN=dcieri/CN=755391/CN=Davide Cieri/CN=769881070
identity  : /DC=ch/DC=cern/OU=Organic Units/OU=Users/CN=dcieri/CN=755391/CN=Davide Cieri
type      : RFC3820 compliant limited proxy
strength  : 1024
path      : /scratch/condor/dir_1158/glide_spJEvk/execute/dir_2103/x509up_u62281
timeleft  : 23:57:53
key usage : Digital Signature, Key Encipherment
=== VO cms extension information ===
VO        : cms
subject   : /DC=ch/DC=cern/OU=Organic Units/OU=Users/CN=dcieri/CN=755391/CN=Davide Cieri
issuer    : /DC=ch/DC=cern/OU=computers/CN=lcg-voms2.cern.ch
attribute : /cms/Role=NULL/Capability=NULL
timeleft  : 183:27:24
uri       : lcg-voms2.cern.ch:15002

WNHostName=heplnc056.pp.rl.ac.uk
$_CONDOR_JOB_AD =/scratch/condor/dir_1158/glide_spJEvk/execute/dir_2103/.job.ad
OverflowFlag=0
>>> tar --no-same-permissions -xf /scratch/condor/dir_1158/glide_spJEvk/execute/dir_2103/default.tgz :
Successful untar
>>> Include /scratch/condor/dir_1158/glide_spJEvk/execute/dir_2103 in PYTHONPATH:
strip arguments
env var CRAB_UNIQUE_JOB_ID set to: dcieri_PU140_4dm08r_406_1_Gya
out_files_406
>>> list of expected files on output sandbox
output files: crab_fjr_406.xml CMSSW_406.stdout CMSSW_406.stderr Watchdog_406.log.gz
>>> GridFlavour discovery: 
GridFlavour=LCG
>>> SyncSite discovery: 
SyncSite=T2_UK_SGrid_RALPP
>>> SyncCE discovery: 
getting SyncCE from GLIDEIN_Gaekeeper
SyncCE=heplnv147.pp.rl.ac.uk
>>> info for dashboard:
***** Cat /scratch/condor/dir_1158/glide_spJEvk/execute/dir_2103/jobreport.txt *****
WNHostName=heplnc056.pp.rl.ac.uk
OverflowFlag=0
MonitorJobID=406_https://submit-6.t2.ucsd.edu//150202//509448.5
SyncGridJobId=https://submit-6.t2.ucsd.edu//150202//509448.5
MonitorID=dcieri_PU140_4dm08r
GridFlavour=LCG
SyncSite=T2_UK_SGrid_RALPP
SyncCE=heplnv147.pp.rl.ac.uk
***** End Cat jobreport *****
Parameters sent to Dashboard.
>>> setup environment
set SCRAM ARCH to slc6_amd64_gcc472
SCRAM_ARCH = slc6_amd64_gcc472
>>> setup CMS LCG environment:
set SCRAM ARCH and BUILD_ARCH to slc6_amd64_gcc472 ###
Sourcing environment... 
sourcing /cvmfs/cms.cern.ch/cmsset_default.sh
==> setup cms environment ok
>>> specific cmssw setup environment:
CMSSW_VERSION =  CMSSW_6_2_0_SLHC12
WARNING: In non-interactive mode release checks e.g. deprecated releases, production architectures are disabled.
>>> current directory (SOFTWARE_DIR): /scratch/condor/dir_1158/glide_spJEvk/execute/dir_2103/CMSSW_6_2_0_SLHC12
PreserveSeeds: <>
IncrementSeeds:<>
>>> info for dashboard:
***** Cat /scratch/condor/dir_1158/glide_spJEvk/execute/dir_2103/jobreport.txt *****
MonitorJobID=406_https://submit-6.t2.ucsd.edu//150202//509448.5
MonitorID=dcieri_PU140_4dm08r
***** End Cat jobreport *****
Parameters sent to Dashboard.
crabWatchdog started as process 4545
>>> moving CMSSW software directories in /scratch/condor/dir_1158/glide_spJEvk/execute/dir_2103/CMSSW_6_2_0_SLHC12
mv: cannot stat `/scratch/condor/dir_1158/glide_spJEvk/execute/dir_2103/module/': No such file or directory
>>> Include /scratch/condor/dir_1158/glide_spJEvk/execute/dir_2103 in PYTHONPATH:
PYTHONPATH=/scratch/condor/dir_1158/glide_spJEvk/execute/dir_2103/:/scratch/condor/dir_1158/glide_spJEvk/execute/dir_2103/CMSSW_6_2_0_SLHC12/python:/scratch/condor/dir_1158/glide_spJEvk/execute/dir_2103/CMSSW_6_2_0_SLHC12/lib/slc6_amd64_gcc472:/cvmfs/cms.cern.ch/slc6_amd64_gcc472/cms/cmssw/CMSSW_6_2_0_SLHC12/python:/cvmfs/cms.cern.ch/slc6_amd64_gcc472/cms/cmssw/CMSSW_6_2_0_SLHC12/lib/slc6_amd64_gcc472:/cvmfs/cms.cern.ch/slc6_amd64_gcc472/cms/coral/CORAL_2_3_21-cms35/slc6_amd64_gcc472/python:/cvmfs/cms.cern.ch/slc6_amd64_gcc472/cms/coral/CORAL_2_3_21-cms35/slc6_amd64_gcc472/lib:/cvmfs/cms.cern.ch/slc6_amd64_gcc472/external/python-ldap/2.3.5-cms5/lib/python2.7/site-packages:/cvmfs/cms.cern.ch/slc6_amd64_gcc472/external/pyqt/4.8.1-cms5/lib/python2.7/site-packages:/cvmfs/cms.cern.ch/slc6_amd64_gcc472/external/py2-scipy/0.8.0-cms7/lib/python2.7/site-packages:/cvmfs/cms.cern.ch/slc6_amd64_gcc472/external/py2-matplotlib/1.0.1-cms7/lib/python2.7/site-packages:/cvmfs/cms.cern.ch/slc6_amd64_gcc472/external/sip/4.11.2-cms5/lib/python2.7/site-packages:/cvmfs/cms.cern.ch/slc6_amd64_gcc472/external/py2-pycurl/7.19.0-cms7/lib/python2.7/site-packages:/cvmfs/cms.cern.ch/slc6_amd64_gcc472/external/py2-numpy/1.6.1-cms7/lib/python2.7/site-packages:/cvmfs/cms.cern.ch/slc6_amd64_gcc472/external/py2-lint/0.25.1-cms5/lib/python2.7/site-packages:/cvmfs/cms.cern.ch/slc6_amd64_gcc472/external/py2-ipython/0.10-cms5/lib/python2.7/site-packages:/cvmfs/cms.cern.ch/slc6_amd64_gcc472/external/py2-cx-oracle/5.1-cms5/lib/python2.7/site-packages:/cvmfs/cms.cern.ch/slc6_amd64_gcc472/external/py2-cjson/1.0.5-cms5/lib/python2.7/site-packages:/cvmfs/cms.cern.ch/slc6_amd64_gcc472/cms/das-client/1.11.7/bin:/cvmfs/cms.cern.ch/slc6_amd64_gcc472/external/elementtree/1.2.6-cms5/share/lib/python2.7/site-packages:/cvmfs/cms.cern.ch/slc6_amd64_gcc472/external/rivet/1.8.2-cms9/lib/python2.7/site-packages:/cvmfs/cms.cern.ch/slc6_amd64_gcc472/external/pyminuit2/0.0.1-cms19/lib/python2.7/site-packages:/cvmfs/cms.cern.ch/slc6_amd64_gcc472/external/py2-pygithub/1.23.0-cms2/lib/python2.7/site-packages:/cvmfs/cms.cern.ch/slc6_amd64_gcc472/external/professor/1.0.0-cms19/lib/python2.7/site-packages:/cvmfs/cms.cern.ch/slc6_amd64_gcc472/lcg/root/5.34.07-cms/lib:/cvmfs/cms.cern.ch/slc6_amd64_gcc472/cms/dbs-client/DBS_2_1_9-cms5/lib:/cvmfs/cms.cern.ch/slc6_amd64_gcc472/cms/dbs-client/DBS_2_1_9-cms5/lib/DBSAPI:/cvmfs/cms.cern.ch/slc6_amd64_gcc472/external/cvs2git/5419-cms/lib:/scratch/condor/dir_1158/glide_spJEvk/execute/dir_2103/
 
# LIMITS USED BY CRAB WATCHDOG:
# RSS  (KBytes)   : 2300000
# VSZ  (KBytes)   : 100000000
# DISK (MBytes)   : 19000
# CPU TIME        : 720h:0m:0s
# WALL CLOCK TIME : 21h:50m:0s
 
3c0380cf82de79bc39966c93934c61fc
PSETHASH = 3c0380cf82de79bc39966c93934c61fc
/scratch/condor/dir_1158/glide_spJEvk/execute/dir_2103/writeCfg.py pset.py pset.py
Importing .py file
Setting parameters
RandomNumberGeneratorService found, will attempt to change seeds
inputBlocks=/ttbar/dcieri-ttbar_SIM-130075366148575c102f0d64fd3ac8f7/USER#42cb1519-7f11-43e2-ab9a-a013bd5404ac
inputFiles=/store/user/dcieri/ttbar_SIM/ttbar/ttbar_SIM/150129_145223/0000/step1_316.root
parentFiles=
lumisRange=
>>> Executable cmsRun
/cvmfs/cms.cern.ch/slc6_amd64_gcc472/cms/cmssw/CMSSW_6_2_0_SLHC12/bin/slc6_amd64_gcc472/cmsRun
ok executable found
>>> info for dashboard:
***** Cat /scratch/condor/dir_1158/glide_spJEvk/execute/dir_2103/jobreport.txt *****
MonitorJobID=406_https://submit-6.t2.ucsd.edu//150202//509448.5
MonitorID=dcieri_PU140_4dm08r
ExeStart=cmsRun
***** End Cat jobreport *****
Parameters sent to Dashboard.
>>> cmsRun started at Mon Feb  2 20:49:08 UTC 2015
>>> cmsRun ended at Mon Feb  2 23:15:23 UTC 2015
>>> crab_fjr_*.xml  permission set to 0704
>>> info for dashboard:
***** Cat /scratch/condor/dir_1158/glide_spJEvk/execute/dir_2103/jobreport.txt *****
MonitorJobID=406_https://submit-6.t2.ucsd.edu//150202//509448.5
MonitorID=dcieri_PU140_4dm08r
ExeEnd=cmsRun
***** End Cat jobreport *****
Parameters sent to Dashboard.
TIME_EXE = 8775 sec
>>> cmsRun wrote 223 lines of stdout+stderr
>>> START OF printout of 223 lines from stdout+stderr
271 DQMStore::DQMStore 
HcalTopologyIdealEP::HcalTopologyIdealEP
02-Feb-2015 20:49:16 GMT  Initiating request to open file root://dcap.pp.rl.ac.uk:1094/pnfs/pp.rl.ac.uk/data/cms/store/user/dcieri/ttbar_SIM/ttbar/ttbar_SIM/150129_145223/0000/step1_316.root
150202 20:49:17 4683 Xrd: CheckErrorStatus: Server [heplnx210.pp.rl.ac.uk:1094] declared: Request 3018 not supported(error code: 3013)
02-Feb-2015 20:49:17 GMT  Successfully opened file root://dcap.pp.rl.ac.uk:1094/pnfs/pp.rl.ac.uk/data/cms/store/user/dcieri/ttbar_SIM/ttbar/ttbar_SIM/150129_145223/0000/step1_316.root
02-Feb-2015 20:49:18 GMT  Initiating request to open file root://xrootd.unl.edu//store/group/dpg_trigger/comm_trigger/L1TrackTrigger/620_SLHC10/Extended2023TTI/MinBias/MinBias_TuneZ2star_GEN_SIM_1.root
02-Feb-2015 20:49:37 GMT  Successfully opened file root://xrootd.unl.edu//store/group/dpg_trigger/comm_trigger/L1TrackTrigger/620_SLHC10/Extended2023TTI/MinBias/MinBias_TuneZ2star_GEN_SIM_1.root
disableME1a = 0
HcalTopologyIdealEP::produce(const IdealGeometryRecord& iRecord)
mode = 2, maxDepthHB = 3, maxDepthHE = 5
RPCGeometryESModule :: produce
RPCGeometryESModule :: produce :: 1/4 Get Muon Ideal Geometry Record
RPCGeometryESModule :: produce :: 2/4 Get Muon DDD Constants
RPCGeometryESModule :: produce :: 3/4 Get Muon Numbering Record
in MuonNumberingInitialization::initializeMuonDDDConstants
about to make my new muonDDDConst_
in MuonNumberingInitialization::produce
RPCGeometryESModule :: produce :: 4/4 Build
Found:

	Barrel Stack layer 5 : 1008 stacks
	Barrel Stack layer 6 : 1320 stacks
	Barrel Stack layer 7 : 1836 stacks
	Barrel Stack layer 8 : 1152 stacks
	Barrel Stack layer 9 : 1488 stacks
	Barrel Stack layer 10 : 1824 stacks

	Endcap Stack disk 11 : 1360 stacks
	Endcap Stack disk 12 : 1360 stacks
	Endcap Stack disk 13 : 1360 stacks
	Endcap Stack disk 14 : 1360 stacks
	Endcap Stack disk 15 : 1360 stacks
Created 15428 stacks in 12 s

TTClusterBuilder< edm::Ref<edm::DetSetVector<PixelDigi>, PixelDigi, edm::refhelper::FindForDetSetVector<PixelDigi> > > loaded modules:
	TTClusterAlgorithm:	TTClusterAlgorithm_2d2013< edm::Ref<edm::DetSetVector<PixelDigi>, PixelDigi, edm::refhelper::FindForDetSetVector<PixelDigi> > >


TTStubBuilder< edm::Ref<edm::DetSetVector<PixelDigi>, PixelDigi, edm::refhelper::FindForDetSetVector<PixelDigi> > > loaded modules:
	TTStubAlgorithm:	TTStubAlgorithm_tab2013< edm::Ref<edm::DetSetVector<PixelDigi>, PixelDigi, edm::refhelper::FindForDetSetVector<PixelDigi> > >


TTClusterAssociator< edm::Ref<edm::DetSetVector<PixelDigi>, PixelDigi, edm::refhelper::FindForDetSetVector<PixelDigi> > > loaded.


TTStubAssociator< edm::Ref<edm::DetSetVector<PixelDigi>, PixelDigi, edm::refhelper::FindForDetSetVector<PixelDigi> > > loaded.


TTTrackAssociator< edm::Ref<edm::DetSetVector<PixelDigi>, PixelDigi, edm::refhelper::FindForDetSetVector<PixelDigi> > > loaded.

Begin processing the 1st record. Run 1, Event 3151, LumiSection 316 at 02-Feb-2015 20:50:04.277 GMT
02-Feb-2015 20:50:10 GMT  Closed file root://xrootd.unl.edu//store/group/dpg_trigger/comm_trigger/L1TrackTrigger/620_SLHC10/Extended2023TTI/MinBias/MinBias_TuneZ2star_GEN_SIM_1.root
02-Feb-2015 20:50:10 GMT  Initiating request to open file root://xrootd.unl.edu//store/group/dpg_trigger/comm_trigger/L1TrackTrigger/620_SLHC10/Extended2023TTI/MinBias/MinBias_TuneZ2star_GEN_SIM_305.root
02-Feb-2015 20:50:41 GMT  Successfully opened file root://xrootd.unl.edu//store/group/dpg_trigger/comm_trigger/L1TrackTrigger/620_SLHC10/Extended2023TTI/MinBias/MinBias_TuneZ2star_GEN_SIM_305.root
150202 20:55:16 5307 Xrd: XrdClientMessage::ReadRaw: Failed to read header (8 bytes).
150202 20:55:46 5305 Xrd: XrdClientMessage::ReadRaw: Failed to read header (8 bytes).
02-Feb-2015 21:00:55 GMT  Closed file root://xrootd.unl.edu//store/group/dpg_trigger/comm_trigger/L1TrackTrigger/620_SLHC10/Extended2023TTI/MinBias/MinBias_TuneZ2star_GEN_SIM_305.root
02-Feb-2015 21:00:55 GMT  Initiating request to open file root://xrootd.unl.edu//store/group/dpg_trigger/comm_trigger/L1TrackTrigger/620_SLHC10/Extended2023TTI/MinBias/MinBias_TuneZ2star_GEN_SIM_851.root
150202 21:00:56 26437 Xrd: CheckErrorStatus: Server [xrootd.ba.infn.it:1094] declared: session not found(error code: 3011)
02-Feb-2015 21:00:56 GMT  Successfully opened file root://xrootd.unl.edu//store/group/dpg_trigger/comm_trigger/L1TrackTrigger/620_SLHC10/Extended2023TTI/MinBias/MinBias_TuneZ2star_GEN_SIM_851.root
150202 21:06:16 7287 Xrd: XrdClientMessage::ReadRaw: Failed to read header (8 bytes).
150202 21:06:16 26438 Xrd: XrdClientMessage::ReadRaw: Failed to read header (8 bytes).
02-Feb-2015 21:09:05 GMT  Closed file root://xrootd.unl.edu//store/group/dpg_trigger/comm_trigger/L1TrackTrigger/620_SLHC10/Extended2023TTI/MinBias/MinBias_TuneZ2star_GEN_SIM_851.root
02-Feb-2015 21:09:05 GMT  Initiating request to open file root://xrootd.unl.edu//store/group/dpg_trigger/comm_trigger/L1TrackTrigger/620_SLHC10/Extended2023TTI/MinBias/MinBias_TuneZ2star_GEN_SIM_28.root
150202 21:09:46 5290 Xrd: XrdClientMessage::ReadRaw: Failed to read header (8 bytes).
150202 21:09:46 5291 Xrd: XrdClientMessage::ReadRaw: Failed to read header (8 bytes).
150202 21:11:05 9168 Xrd: CheckErrorStatus: Server [llrxrd-redir.in2p3.fr:1094] declared: session not found(error code: 3011)
02-Feb-2015 21:11:05 GMT  Successfully opened file root://xrootd.unl.edu//store/group/dpg_trigger/comm_trigger/L1TrackTrigger/620_SLHC10/Extended2023TTI/MinBias/MinBias_TuneZ2star_GEN_SIM_28.root
Building the geometry service
Warning did not find digi
Warning did not find digi
Warning did not find digi
Warning did not find digi
Warning did not find digi in disks
Warning did not find digi in disks
Warning did not find digi in disks
Warning did not find digi in disks
150202 21:14:16 26439 Xrd: XrdClientMessage::ReadRaw: Failed to read header (8 bytes).
150202 21:16:16 12778 Xrd: XrdClientMessage::ReadRaw: Failed to read header (8 bytes).
02-Feb-2015 21:20:53 GMT  Closed file root://xrootd.unl.edu//store/group/dpg_trigger/comm_trigger/L1TrackTrigger/620_SLHC10/Extended2023TTI/MinBias/MinBias_TuneZ2star_GEN_SIM_28.root
02-Feb-2015 21:20:53 GMT  Initiating request to open file root://xrootd.unl.edu//store/group/dpg_trigger/comm_trigger/L1TrackTrigger/620_SLHC10/Extended2023TTI/MinBias/MinBias_TuneZ2star_GEN_SIM_669.root
150202 21:21:16 5304 Xrd: XrdClientMessage::ReadRaw: Failed to read header (8 bytes).
150202 21:21:24 31076 Xrd: CheckErrorStatus: Server [xrootd-redic.pi.infn.it:1094] declared: session not found(error code: 3011)
02-Feb-2015 21:21:24 GMT  Successfully opened file root://xrootd.unl.edu//store/group/dpg_trigger/comm_trigger/L1TrackTrigger/620_SLHC10/Extended2023TTI/MinBias/MinBias_TuneZ2star_GEN_SIM_669.root
150202 21:26:16 12779 Xrd: XrdClientMessage::ReadRaw: Failed to read header (8 bytes).
150202 21:26:46 32224 Xrd: XrdClientMessage::ReadRaw: Failed to read header (8 bytes).
150202 21:31:16 12776 Xrd: XrdClientMessage::ReadRaw: Failed to read header (8 bytes).
02-Feb-2015 21:38:23 GMT  Closed file root://xrootd.unl.edu//store/group/dpg_trigger/comm_trigger/L1TrackTrigger/620_SLHC10/Extended2023TTI/MinBias/MinBias_TuneZ2star_GEN_SIM_669.root
02-Feb-2015 21:38:23 GMT  Initiating request to open file root://xrootd.unl.edu//store/group/dpg_trigger/comm_trigger/L1TrackTrigger/620_SLHC10/Extended2023TTI/MinBias/MinBias_TuneZ2star_GEN_SIM_327.root
150202 21:38:54 3356 Xrd: CheckErrorStatus: Server [cms-xrd-global.cern.ch:1094] declared: session not found(error code: 3011)
150202 21:38:54 3356 Xrd: CheckErrorStatus: Server [xrootd.ba.infn.it:1094] declared: session not found(error code: 3011)
02-Feb-2015 21:38:55 GMT  Successfully opened file root://xrootd.unl.edu//store/group/dpg_trigger/comm_trigger/L1TrackTrigger/620_SLHC10/Extended2023TTI/MinBias/MinBias_TuneZ2star_GEN_SIM_327.root
150202 21:41:46 32223 Xrd: XrdClientMessage::ReadRaw: Failed to read header (8 bytes).
150202 21:43:46 32225 Xrd: XrdClientMessage::ReadRaw: Failed to read header (8 bytes).
150202 21:44:16 3873 Xrd: XrdClientMessage::ReadRaw: Failed to read header (8 bytes).
02-Feb-2015 21:47:41 GMT  Closed file root://xrootd.unl.edu//store/group/dpg_trigger/comm_trigger/L1TrackTrigger/620_SLHC10/Extended2023TTI/MinBias/MinBias_TuneZ2star_GEN_SIM_327.root
02-Feb-2015 21:47:41 GMT  Initiating request to open file root://xrootd.unl.edu//store/group/dpg_trigger/comm_trigger/L1TrackTrigger/620_SLHC10/Extended2023TTI/MinBias/MinBias_TuneZ2star_GEN_SIM_926.root
150202 21:48:12 21068 Xrd: CheckErrorStatus: Server [cms-xrd-global.cern.ch:1094] declared: session not found(error code: 3011)
150202 21:48:12 21068 Xrd: CheckErrorStatus: Server [xrootd-redic.pi.infn.it:1094] declared: session not found(error code: 3011)
02-Feb-2015 21:48:12 GMT  Successfully opened file root://xrootd.unl.edu//store/group/dpg_trigger/comm_trigger/L1TrackTrigger/620_SLHC10/Extended2023TTI/MinBias/MinBias_TuneZ2star_GEN_SIM_926.root
150202 21:52:46 3874 Xrd: XrdClientMessage::ReadRaw: Failed to read header (8 bytes).
150202 21:53:16 21433 Xrd: XrdClientMessage::ReadRaw: Failed to read header (8 bytes).
02-Feb-2015 21:54:56 GMT  Closed file root://xrootd.unl.edu//store/group/dpg_trigger/comm_trigger/L1TrackTrigger/620_SLHC10/Extended2023TTI/MinBias/MinBias_TuneZ2star_GEN_SIM_926.root
02-Feb-2015 21:54:56 GMT  Initiating request to open file root://xrootd.unl.edu//store/group/dpg_trigger/comm_trigger/L1TrackTrigger/620_SLHC10/Extended2023TTI/MinBias/MinBias_TuneZ2star_GEN_SIM_686.root
150202 21:55:27 3915 Xrd: CheckErrorStatus: Server [xrootd-redic.pi.infn.it:1094] declared: session not found(error code: 3011)
02-Feb-2015 21:55:27 GMT  Successfully opened file root://xrootd.unl.edu//store/group/dpg_trigger/comm_trigger/L1TrackTrigger/620_SLHC10/Extended2023TTI/MinBias/MinBias_TuneZ2star_GEN_SIM_686.root
150202 21:59:16 3872 Xrd: XrdClientMessage::ReadRaw: Failed to read header (8 bytes).
150202 22:00:16 21434 Xrd: XrdClientMessage::ReadRaw: Failed to read header (8 bytes).
150202 22:00:46 5037 Xrd: XrdClientMessage::ReadRaw: Failed to read header (8 bytes).
02-Feb-2015 22:03:30 GMT  Closed file root://xrootd.unl.edu//store/group/dpg_trigger/comm_trigger/L1TrackTrigger/620_SLHC10/Extended2023TTI/MinBias/MinBias_TuneZ2star_GEN_SIM_686.root
02-Feb-2015 22:03:30 GMT  Initiating request to open file root://xrootd.unl.edu//store/group/dpg_trigger/comm_trigger/L1TrackTrigger/620_SLHC10/Extended2023TTI/MinBias/MinBias_TuneZ2star_GEN_SIM_6.root
150202 22:05:51 21330 Xrd: CheckErrorStatus: Server [xrootd-redic.pi.infn.it:1094] declared: session not found(error code: 3011)
02-Feb-2015 22:05:52 GMT  Successfully opened file root://xrootd.unl.edu//store/group/dpg_trigger/comm_trigger/L1TrackTrigger/620_SLHC10/Extended2023TTI/MinBias/MinBias_TuneZ2star_GEN_SIM_6.root
150202 22:08:46 5038 Xrd: XrdClientMessage::ReadRaw: Failed to read header (8 bytes).
02-Feb-2015 22:09:29 GMT  Closed file root://xrootd.unl.edu//store/group/dpg_trigger/comm_trigger/L1TrackTrigger/620_SLHC10/Extended2023TTI/MinBias/MinBias_TuneZ2star_GEN_SIM_6.root
02-Feb-2015 22:09:29 GMT  Initiating request to open file root://xrootd.unl.edu//store/group/dpg_trigger/comm_trigger/L1TrackTrigger/620_SLHC10/Extended2023TTI/MinBias/MinBias_TuneZ2star_GEN_SIM_844.root
150202 22:11:06 24329 Xrd: XrdClientMessage::ReadRaw: Failed to read header (8 bytes).
150202 22:11:06 29212 Xrd: CheckErrorStatus: Server [cms-xrd-global.cern.ch:1094] declared: session not found(error code: 3011)
150202 22:11:06 29212 Xrd: CheckErrorStatus: Server [xrootd.ba.infn.it:1094] declared: session not found(error code: 3011)
02-Feb-2015 22:11:07 GMT  Successfully opened file root://xrootd.unl.edu//store/group/dpg_trigger/comm_trigger/L1TrackTrigger/620_SLHC10/Extended2023TTI/MinBias/MinBias_TuneZ2star_GEN_SIM_844.root
150202 22:14:46 24331 Xrd: XrdClientMessage::ReadRaw: Failed to read header (8 bytes).
150202 22:16:16 30888 Xrd: XrdClientMessage::ReadRaw: Failed to read header (8 bytes).
DTTSPhi::addTracoT: preview not present in TRACO trigger or its code=0  trigger not added!
DTTSPhi::addTracoT: preview not present in TRACO trigger or its code=0  trigger not added!
02-Feb-2015 22:17:15 GMT  Closed file root://xrootd.unl.edu//store/group/dpg_trigger/comm_trigger/L1TrackTrigger/620_SLHC10/Extended2023TTI/MinBias/MinBias_TuneZ2star_GEN_SIM_844.root
02-Feb-2015 22:17:15 GMT  Initiating request to open file root://xrootd.unl.edu//store/group/dpg_trigger/comm_trigger/L1TrackTrigger/620_SLHC10/Extended2023TTI/MinBias/MinBias_TuneZ2star_GEN_SIM_172.root
150202 22:19:00 23134 Xrd: CheckErrorStatus: Server [xrootd.ba.infn.it:1094] declared: session not found(error code: 3011)
02-Feb-2015 22:19:01 GMT  Successfully opened file root://xrootd.unl.edu//store/group/dpg_trigger/comm_trigger/L1TrackTrigger/620_SLHC10/Extended2023TTI/MinBias/MinBias_TuneZ2star_GEN_SIM_172.root
02-Feb-2015 22:20:41 GMT  Closed file root://xrootd.unl.edu//store/group/dpg_trigger/comm_trigger/L1TrackTrigger/620_SLHC10/Extended2023TTI/MinBias/MinBias_TuneZ2star_GEN_SIM_172.root
02-Feb-2015 22:20:41 GMT  Initiating request to open file root://xrootd.unl.edu//store/group/dpg_trigger/comm_trigger/L1TrackTrigger/620_SLHC10/Extended2023TTI/MinBias/MinBias_TuneZ2star_GEN_SIM_755.root
150202 22:22:16 30889 Xrd: XrdClientMessage::ReadRaw: Failed to read header (8 bytes).
150202 22:24:16 30815 Xrd: XrdClientMessage::ReadRaw: Failed to read header (8 bytes).
150202 22:24:26 847 Xrd: CheckErrorStatus: Server [xrootd.ba.infn.it:1094] declared: session not found(error code: 3011)
02-Feb-2015 22:24:26 GMT  Successfully opened file root://xrootd.unl.edu//store/group/dpg_trigger/comm_trigger/L1TrackTrigger/620_SLHC10/Extended2023TTI/MinBias/MinBias_TuneZ2star_GEN_SIM_755.root
150202 22:25:46 30816 Xrd: XrdClientMessage::ReadRaw: Failed to read header (8 bytes).
150202 22:26:17 21432 Xrd: XrdClientMessage::ReadRaw: Failed to read header (8 bytes).
02-Feb-2015 22:29:21 GMT  Closed file root://xrootd.unl.edu//store/group/dpg_trigger/comm_trigger/L1TrackTrigger/620_SLHC10/Extended2023TTI/MinBias/MinBias_TuneZ2star_GEN_SIM_755.root
02-Feb-2015 22:29:21 GMT  Initiating request to open file root://xrootd.unl.edu//store/group/dpg_trigger/comm_trigger/L1TrackTrigger/620_SLHC10/Extended2023TTI/MinBias/MinBias_TuneZ2star_GEN_SIM_561.root
150202 22:29:46 4567 Xrd: XrdClientMessage::ReadRaw: Failed to read header (8 bytes).
150202 22:29:51 16653 Xrd: CheckErrorStatus: Server [cms-xrd-global.cern.ch:1094] declared: session not found(error code: 3011)
150202 22:29:52 16653 Xrd: CheckErrorStatus: Server [llrxrd-redir.in2p3.fr:1094] declared: session not found(error code: 3011)
02-Feb-2015 22:29:52 GMT  Successfully opened file root://xrootd.unl.edu//store/group/dpg_trigger/comm_trigger/L1TrackTrigger/620_SLHC10/Extended2023TTI/MinBias/MinBias_TuneZ2star_GEN_SIM_561.root
02-Feb-2015 22:34:35 GMT  Closed file root://xrootd.unl.edu//store/group/dpg_trigger/comm_trigger/L1TrackTrigger/620_SLHC10/Extended2023TTI/MinBias/MinBias_TuneZ2star_GEN_SIM_561.root
02-Feb-2015 22:34:35 GMT  Initiating request to open file root://xrootd.unl.edu//store/group/dpg_trigger/comm_trigger/L1TrackTrigger/620_SLHC10/Extended2023TTI/MinBias/MinBias_TuneZ2star_GEN_SIM_556.root
150202 22:34:35 4568 Xrd: XrdClientMessage::ReadRaw: Failed to read header (8 bytes).
02-Feb-2015 22:35:06 GMT  Successfully opened file root://xrootd.unl.edu//store/group/dpg_trigger/comm_trigger/L1TrackTrigger/620_SLHC10/Extended2023TTI/MinBias/MinBias_TuneZ2star_GEN_SIM_556.root
02-Feb-2015 22:39:07 GMT  Closed file root://xrootd.unl.edu//store/group/dpg_trigger/comm_trigger/L1TrackTrigger/620_SLHC10/Extended2023TTI/MinBias/MinBias_TuneZ2star_GEN_SIM_556.root
02-Feb-2015 22:39:07 GMT  Initiating request to open file root://xrootd.unl.edu//store/group/dpg_trigger/comm_trigger/L1TrackTrigger/620_SLHC10/Extended2023TTI/MinBias/MinBias_TuneZ2star_GEN_SIM_155.root
150202 22:39:27 26579 Xrd: CheckErrorStatus: Server [cms-xrd-global.cern.ch:1094] declared: session not found(error code: 3011)
02-Feb-2015 22:39:27 GMT  Successfully opened file root://xrootd.unl.edu//store/group/dpg_trigger/comm_trigger/L1TrackTrigger/620_SLHC10/Extended2023TTI/MinBias/MinBias_TuneZ2star_GEN_SIM_155.root
150202 22:39:47 17578 Xrd: XrdClientMessage::ReadRaw: Failed to read header (8 bytes).
150202 22:39:55 17577 Xrd: XrdClientMessage::ReadRaw: Failed to read header (8 bytes).
DTTSPhi::addTracoT: preview not present in TRACO trigger or its code=0  trigger not added!
02-Feb-2015 22:43:16 GMT  Closed file root://xrootd.unl.edu//store/group/dpg_trigger/comm_trigger/L1TrackTrigger/620_SLHC10/Extended2023TTI/MinBias/MinBias_TuneZ2star_GEN_SIM_155.root
02-Feb-2015 22:43:16 GMT  Initiating request to open file root://xrootd.unl.edu//store/group/dpg_trigger/comm_trigger/L1TrackTrigger/620_SLHC10/Extended2023TTI/MinBias/MinBias_TuneZ2star_GEN_SIM_891.root
02-Feb-2015 22:43:48 GMT  Successfully opened file root://xrootd.unl.edu//store/group/dpg_trigger/comm_trigger/L1TrackTrigger/620_SLHC10/Extended2023TTI/MinBias/MinBias_TuneZ2star_GEN_SIM_891.root
150202 22:44:16 22906 Xrd: XrdClientMessage::ReadRaw: Failed to read header (8 bytes).
150202 22:44:47 30887 Xrd: XrdClientMessage::ReadRaw: Failed to read header (8 bytes).
150202 22:48:46 26721 Xrd: XrdClientMessage::ReadRaw: Failed to read header (8 bytes).
150202 22:49:16 22905 Xrd: XrdClientMessage::ReadRaw: Failed to read header (8 bytes).
02-Feb-2015 22:49:24 GMT  Closed file root://xrootd.unl.edu//store/group/dpg_trigger/comm_trigger/L1TrackTrigger/620_SLHC10/Extended2023TTI/MinBias/MinBias_TuneZ2star_GEN_SIM_891.root
02-Feb-2015 22:49:24 GMT  Initiating request to open file root://xrootd.unl.edu//store/group/dpg_trigger/comm_trigger/L1TrackTrigger/620_SLHC10/Extended2023TTI/MinBias/MinBias_TuneZ2star_GEN_SIM_505.root
150202 22:49:55 9359 Xrd: CheckErrorStatus: Server [llrxrd-redir.in2p3.fr:1094] declared: session not found(error code: 3011)
02-Feb-2015 22:49:55 GMT  Successfully opened file root://xrootd.unl.edu//store/group/dpg_trigger/comm_trigger/L1TrackTrigger/620_SLHC10/Extended2023TTI/MinBias/MinBias_TuneZ2star_GEN_SIM_505.root
02-Feb-2015 22:53:06 GMT  Closed file root://xrootd.unl.edu//store/group/dpg_trigger/comm_trigger/L1TrackTrigger/620_SLHC10/Extended2023TTI/MinBias/MinBias_TuneZ2star_GEN_SIM_505.root
02-Feb-2015 22:53:06 GMT  Initiating request to open file root://xrootd.unl.edu//store/group/dpg_trigger/comm_trigger/L1TrackTrigger/620_SLHC10/Extended2023TTI/MinBias/MinBias_TuneZ2star_GEN_SIM_417.root
150202 22:53:37 12570 Xrd: CheckErrorStatus: Server [cms-xrd-global.cern.ch:1094] declared: session not found(error code: 3011)
02-Feb-2015 22:53:38 GMT  Successfully opened file root://xrootd.unl.edu//store/group/dpg_trigger/comm_trigger/L1TrackTrigger/620_SLHC10/Extended2023TTI/MinBias/MinBias_TuneZ2star_GEN_SIM_417.root
150202 22:54:46 31069 Xrd: XrdClientMessage::ReadRaw: Failed to read header (8 bytes).
02-Feb-2015 22:57:52 GMT  Closed file root://xrootd.unl.edu//store/group/dpg_trigger/comm_trigger/L1TrackTrigger/620_SLHC10/Extended2023TTI/MinBias/MinBias_TuneZ2star_GEN_SIM_417.root
02-Feb-2015 22:57:52 GMT  Initiating request to open file root://xrootd.unl.edu//store/group/dpg_trigger/comm_trigger/L1TrackTrigger/620_SLHC10/Extended2023TTI/MinBias/MinBias_TuneZ2star_GEN_SIM_838.root
150202 22:58:17 10016 Xrd: XrdClientMessage::ReadRaw: Failed to read header (8 bytes).
02-Feb-2015 22:58:23 GMT  Successfully opened file root://xrootd.unl.edu//store/group/dpg_trigger/comm_trigger/L1TrackTrigger/620_SLHC10/Extended2023TTI/MinBias/MinBias_TuneZ2star_GEN_SIM_838.root
150202 22:59:46 26720 Xrd: XrdClientMessage::ReadRaw: Failed to read header (8 bytes).
02-Feb-2015 23:00:51 GMT  Closed file root://xrootd.unl.edu//store/group/dpg_trigger/comm_trigger/L1TrackTrigger/620_SLHC10/Extended2023TTI/MinBias/MinBias_TuneZ2star_GEN_SIM_838.root
02-Feb-2015 23:00:51 GMT  Initiating request to open file root://xrootd.unl.edu//store/group/dpg_trigger/comm_trigger/L1TrackTrigger/620_SLHC10/Extended2023TTI/MinBias/MinBias_TuneZ2star_GEN_SIM_694.root
150202 23:01:22 23023 Xrd: CheckErrorStatus: Server [cms-xrd-global.cern.ch:1094] declared: session not found(error code: 3011)
02-Feb-2015 23:01:22 GMT  Successfully opened file root://xrootd.unl.edu//store/group/dpg_trigger/comm_trigger/L1TrackTrigger/620_SLHC10/Extended2023TTI/MinBias/MinBias_TuneZ2star_GEN_SIM_694.root
150202 23:03:16 12589 Xrd: XrdClientMessage::ReadRaw: Failed to read header (8 bytes).
02-Feb-2015 23:04:36 GMT  Closed file root://xrootd.unl.edu//store/group/dpg_trigger/comm_trigger/L1TrackTrigger/620_SLHC10/Extended2023TTI/MinBias/MinBias_TuneZ2star_GEN_SIM_694.root
02-Feb-2015 23:04:36 GMT  Initiating request to open file root://xrootd.unl.edu//store/group/dpg_trigger/comm_trigger/L1TrackTrigger/620_SLHC10/Extended2023TTI/MinBias/MinBias_TuneZ2star_GEN_SIM_341.root
02-Feb-2015 23:05:07 GMT  Successfully opened file root://xrootd.unl.edu//store/group/dpg_trigger/comm_trigger/L1TrackTrigger/620_SLHC10/Extended2023TTI/MinBias/MinBias_TuneZ2star_GEN_SIM_341.root
150202 23:06:17 16272 Xrd: XrdClientMessage::ReadRaw: Failed to read header (8 bytes).
02-Feb-2015 23:07:10 GMT  Closed file root://xrootd.unl.edu//store/group/dpg_trigger/comm_trigger/L1TrackTrigger/620_SLHC10/Extended2023TTI/MinBias/MinBias_TuneZ2star_GEN_SIM_341.root
02-Feb-2015 23:07:10 GMT  Initiating request to open file root://xrootd.unl.edu//store/group/dpg_trigger/comm_trigger/L1TrackTrigger/620_SLHC10/Extended2023TTI/MinBias/MinBias_TuneZ2star_GEN_SIM_604.root
150202 23:07:41 6898 Xrd: CheckErrorStatus: Server [eoscms.cern.ch:1094] declared: session not found(error code: 3011)
02-Feb-2015 23:07:41 GMT  Successfully opened file root://xrootd.unl.edu//store/group/dpg_trigger/comm_trigger/L1TrackTrigger/620_SLHC10/Extended2023TTI/MinBias/MinBias_TuneZ2star_GEN_SIM_604.root
150202 23:09:46 23224 Xrd: XrdClientMessage::ReadRaw: Failed to read header (8 bytes).
02-Feb-2015 23:09:59 GMT  Closed file root://xrootd.unl.edu//store/group/dpg_trigger/comm_trigger/L1TrackTrigger/620_SLHC10/Extended2023TTI/MinBias/MinBias_TuneZ2star_GEN_SIM_604.root
02-Feb-2015 23:09:59 GMT  Initiating request to open file root://xrootd.unl.edu//store/group/dpg_trigger/comm_trigger/L1TrackTrigger/620_SLHC10/Extended2023TTI/MinBias/MinBias_TuneZ2star_GEN_SIM_354.root
02-Feb-2015 23:10:40 GMT  Successfully opened file root://xrootd.unl.edu//store/group/dpg_trigger/comm_trigger/L1TrackTrigger/620_SLHC10/Extended2023TTI/MinBias/MinBias_TuneZ2star_GEN_SIM_354.root
150202 23:12:17 3519 Xrd: XrdClientMessage::ReadRaw: Failed to read header (8 bytes).
02-Feb-2015 23:12:19 GMT  Closed file root://xrootd.unl.edu//store/group/dpg_trigger/comm_trigger/L1TrackTrigger/620_SLHC10/Extended2023TTI/MinBias/MinBias_TuneZ2star_GEN_SIM_354.root
02-Feb-2015 23:12:19 GMT  Initiating request to open file root://xrootd.unl.edu//store/group/dpg_trigger/comm_trigger/L1TrackTrigger/620_SLHC10/Extended2023TTI/MinBias/MinBias_TuneZ2star_GEN_SIM_422.root
02-Feb-2015 23:12:50 GMT  Successfully opened file root://xrootd.unl.edu//store/group/dpg_trigger/comm_trigger/L1TrackTrigger/620_SLHC10/Extended2023TTI/MinBias/MinBias_TuneZ2star_GEN_SIM_422.root
150202 23:13:46 12588 Xrd: XrdClientMessage::ReadRaw: Failed to read header (8 bytes).
150202 23:15:16 6904 Xrd: XrdClientMessage::ReadRaw: Failed to read header (8 bytes).
02-Feb-2015 23:15:21 GMT  Closed file root://dcap.pp.rl.ac.uk:1094/pnfs/pp.rl.ac.uk/data/cms/store/user/dcieri/ttbar_SIM/ttbar/ttbar_SIM/150129_145223/0000/step1_316.root
02-Feb-2015 23:15:22 GMT  Closed file root://xrootd.unl.edu//store/group/dpg_trigger/comm_trigger/L1TrackTrigger/620_SLHC10/Extended2023TTI/MinBias/MinBias_TuneZ2star_GEN_SIM_422.root

=============================================

MessageLogger Summary

 type     category        sev    module        subroutine        count    total
 ---- -------------------- -- ---------------- ----------------  -----    -----
    1 fileAction           -s MixingModule:mix                      69       69
    2 fileAction           -s MixingModule:mix                       2        2
    3 fileAction           -s MixingModule:mix                       1        1
    4 fileAction           -s file_close                             1        1
    5 fileAction           -s file_open                              2        2

 type    category    Examples: run/evt        run/evt          run/evt
 ---- -------------------- ---------------- ---------------- ----------------
    1 fileAction           1/3151           1/3151           1/3160
    2 fileAction           pre-events       pre-events       
    3 fileAction           PostEndRun                        
    4 fileAction           PostEndRun                        
    5 fileAction           pre-events       pre-events       

Severity    # Occurrences   Total Occurrences
--------    -------------   -----------------
System                 75                  75
>>> END OF printout of 223 lines from stdout+stderr
>>> Parse FrameworkJobReport crab_fjr.xml
Result of parsing the FrameworkJobReport crab_fjr.xml: 
Extracted ExitStatus from FrameworkJobReport parsing output: 0
>>> Executable succeded  0
ExeExitCode=0
EXECUTABLE_EXIT_STATUS = 0
>>> current directory /scratch/condor/dir_1158/glide_spJEvk/execute/dir_2103/CMSSW_6_2_0_SLHC12
>>>  (SOFTWARE_DIR): /scratch/condor/dir_1158/glide_spJEvk/execute/dir_2103/CMSSW_6_2_0_SLHC12
>>> (WORKING_DIR): 
>>> current directory content:
total 236028
drwxr-xr-x 3 cms415 gplcms      4096 Feb  2 20:49 .SCRAM
-rw------- 1 cms415 gplcms    915837 Feb  2 20:49 CMSSW.py.pkl
drwxr-xr-x 3 cms415 gplcms      4096 Feb  2 20:49 bin
drwxr-xr-x 3 cms415 gplcms      4096 Feb  2 20:49 cfipython
drwxr-xr-x 4 cms415 gplcms      4096 Apr 28  2014 config
-rw------- 1 cms415 gplcms        16 Feb  2 23:15 cpu_timing.txt
drwxr-xr-x 2 cms415 gplcms      4096 Feb  2 20:49 doc
-rw------- 1 cms415 gplcms     24989 Feb  2 23:15 executable.out
drwxr-xr-x 2 cms415 gplcms      4096 Feb  2 20:49 include
drwx------ 3 cms415 gplcms      4096 Oct  7 10:12 lib
drwxr-xr-x 3 cms415 gplcms      4096 Feb  2 20:49 logs
drwxr-xr-x 3 cms415 gplcms      4096 Feb  2 20:49 objs
-rw------- 1 cms415 gplcms       104 Feb  2 20:49 pset.py
-rw------- 1 cms415 gplcms    926825 Feb  2 20:49 pset.py.pkl
-rw------- 1 cms415 gplcms       289 Feb  2 20:49 pset.pyc
drwxr-xr-x 2 cms415 gplcms      4096 Feb  2 20:49 python
-rw------- 1 cms415 gplcms       353 Feb  2 23:15 report.log
drwxr-xr-x 2 cms415 gplcms      4096 Feb  2 20:49 src
-rw------- 1 cms415 gplcms 239496828 Feb  2 23:15 step2.root
drwxr-xr-x 3 cms415 gplcms      4096 Feb  2 20:49 test
drwxr-xr-x 3 cms415 gplcms      4096 Feb  2 20:49 tmp
>>> current directory /scratch/condor/dir_1158/glide_spJEvk/execute/dir_2103/CMSSW_6_2_0_SLHC12
>>> (SOFTWARE_DIR): /scratch/condor/dir_1158/glide_spJEvk/execute/dir_2103/CMSSW_6_2_0_SLHC12
>>> (WORKING_DIR): 
>>> current directory content:
total 236028
drwxr-xr-x 3 cms415 gplcms      4096 Feb  2 20:49 .SCRAM
-rw------- 1 cms415 gplcms    915837 Feb  2 20:49 CMSSW.py.pkl
drwxr-xr-x 3 cms415 gplcms      4096 Feb  2 20:49 bin
drwxr-xr-x 3 cms415 gplcms      4096 Feb  2 20:49 cfipython
drwxr-xr-x 4 cms415 gplcms      4096 Apr 28  2014 config
-rw------- 1 cms415 gplcms        16 Feb  2 23:15 cpu_timing.txt
drwxr-xr-x 2 cms415 gplcms      4096 Feb  2 20:49 doc
-rw------- 1 cms415 gplcms     24989 Feb  2 23:15 executable.out
drwxr-xr-x 2 cms415 gplcms      4096 Feb  2 20:49 include
drwx------ 3 cms415 gplcms      4096 Oct  7 10:12 lib
drwxr-xr-x 3 cms415 gplcms      4096 Feb  2 20:49 logs
drwxr-xr-x 3 cms415 gplcms      4096 Feb  2 20:49 objs
-rw------- 1 cms415 gplcms       104 Feb  2 20:49 pset.py
-rw------- 1 cms415 gplcms    926825 Feb  2 20:49 pset.py.pkl
-rw------- 1 cms415 gplcms       289 Feb  2 20:49 pset.pyc
drwxr-xr-x 2 cms415 gplcms      4096 Feb  2 20:49 python
-rw------- 1 cms415 gplcms       353 Feb  2 23:15 report.log
drwxr-xr-x 2 cms415 gplcms      4096 Feb  2 20:49 src
-rw------- 1 cms415 gplcms 239496828 Feb  2 23:15 step2_406_1_Gya.root
drwxr-xr-x 3 cms415 gplcms      4096 Feb  2 20:49 test
drwxr-xr-x 3 cms415 gplcms      4096 Feb  2 20:49 tmp
>>> current directory (RUNTIME_AREA):  /scratch/condor/dir_1158/glide_spJEvk/execute/dir_2103
PNN = T2_UK_SGrid_RALPP
SE = heplnx204.pp.rl.ac.uk
SE_PATH = /srm/managerv2?SFN=/pnfs/pp.rl.ac.uk/data/cms/store/user/dcieri/ttbar_PU140_DIGI/dcieri/ttbar/ttbar_PU140_DIGI/3c0380cf82de79bc39966c93934c61fc/
LFNBaseName = /store/user/dcieri/ttbar_PU140_DIGI/dcieri/ttbar/ttbar_PU140_DIGI/3c0380cf82de79bc39966c93934c61fc/
USER = dcieri
endpoint = srm://heplnx204.pp.rl.ac.uk:8443/srm/managerv2?SFN=/pnfs/pp.rl.ac.uk/data/cms/store/user/dcieri/ttbar_PU140_DIGI/dcieri/ttbar/ttbar_PU140_DIGI/3c0380cf82de79bc39966c93934c61fc/
>>> Copy output files from WN = heplnc056.pp.rl.ac.uk to /srm/managerv2?SFN=/pnfs/pp.rl.ac.uk/data/cms/store/user/dcieri/ttbar_PU140_DIGI/dcieri/ttbar/ttbar_PU140_DIGI/3c0380cf82de79bc39966c93934c61fc/ :
python cmscp.py  --destination srm://heplnx204.pp.rl.ac.uk:8443/srm/managerv2?SFN=/pnfs/pp.rl.ac.uk/data/cms/store/user/dcieri/ttbar_PU140_DIGI/dcieri/ttbar/ttbar_PU140_DIGI/3c0380cf82de79bc39966c93934c61fc/ --inputFileList /scratch/condor/dir_1158/glide_spJEvk/execute/dir_2103/CMSSW_6_2_0_SLHC12/step2_406_1_Gya.root --middleware LCG --PNN T2_UK_SGrid_RALPP --se_name heplnx204.pp.rl.ac.uk --for_lfn /store/user/dcieri/ttbar_PU140_DIGI/dcieri/ttbar/ttbar_PU140_DIGI/3c0380cf82de79bc39966c93934c61fc/    
******************************************************
localSeName  =  heplnx204.pp.rl.ac.uk
remoteSeName =  heplnx204.pp.rl.ac.uk
******************************************************
{"/scratch/condor/dir_1158/glide_spJEvk/execute/dir_2103/CMSSW_6_2_0_SLHC12/step2_406_1_Gya.root": {"endpoint": "srm://heplnx204.pp.rl.ac.uk:8443/srm/managerv2?SFN=/pnfs/pp.rl.ac.uk/data/cms/store/user/dcieri/ttbar_PU140_DIGI/dcieri/ttbar/ttbar_PU140_DIGI/3c0380cf82de79bc39966c93934c61fc/", "surl_for_grid": "", "reason": "Copy succedeed with srm-lcg utils", "erCode": "0", "PNN": "T2_UK_SGrid_RALPP", "se_name": "heplnx204.pp.rl.ac.uk", "for_lfn": "/store/user/dcieri/ttbar_PU140_DIGI/dcieri/ttbar/ttbar_PU140_DIGI/3c0380cf82de79bc39966c93934c61fc/"}}/scratch/condor/dir_1158/glide_spJEvk/execute/dir_2103
-------- cat /scratch/condor/dir_1158/glide_spJEvk/execute/dir_2103/cmscpReport.sh 
#!/bin/bash
echo "Report for File: /scratch/condor/dir_1158/glide_spJEvk/execute/dir_2103/CMSSW_6_2_0_SLHC12/step2_406_1_Gya.root"
echo "LFN: /store/user/dcieri/ttbar_PU140_DIGI/dcieri/ttbar/ttbar_PU140_DIGI/3c0380cf82de79bc39966c93934c61fc/step2_406_1_Gya.root"
echo "StorageElement: heplnx204.pp.rl.ac.uk"
echo "StageOutExitStatusReason = 'Copy succedeed with srm-lcg utils'" | tee -a $RUNTIME_AREA/$repo
echo "StageOutSE = heplnx204.pp.rl.ac.uk" >> $RUNTIME_AREA/$repo

export StageOutExitStatus=0
echo "StageOutExitStatus = 0" | tee -a $RUNTIME_AREA/$repo
-------- end of /scratch/condor/dir_1158/glide_spJEvk/execute/dir_2103/cmscpReport.sh 
Report for File: /scratch/condor/dir_1158/glide_spJEvk/execute/dir_2103/CMSSW_6_2_0_SLHC12/step2_406_1_Gya.root
LFN: /store/user/dcieri/ttbar_PU140_DIGI/dcieri/ttbar/ttbar_PU140_DIGI/3c0380cf82de79bc39966c93934c61fc/step2_406_1_Gya.root
StorageElement: heplnx204.pp.rl.ac.uk
StageOutExitStatusReason = 'Copy succedeed with srm-lcg utils'
StageOutExitStatus = 0
>>> current dir: /scratch/condor/dir_1158/glide_spJEvk/execute/dir_2103
>>> current dir content:
total 8828
-rw-------  1 cms415 gplcms    2852 Feb  2 23:16 .SEinteraction.log
-rwx------  1 cms415 gplcms      52 Feb  2 20:47 .chirp_config
-rwx------  1 cms415 gplcms    7822 Feb  2 20:47 .job.ad
-rwx------  1 cms415 gplcms    9798 Feb  2 20:47 .machine.ad
-rw-------  1 cms415 gplcms     105 Feb  2 12:16 CMSSW.py
-rw-------  1 cms415 gplcms  915837 Feb  2 12:16 CMSSW.py.pkl
-rwx------  1 cms415 gplcms   29498 Feb  2 20:48 CMSSW.sh
drwxr-xr-x 15 cms415 gplcms    4096 Feb  2 23:15 CMSSW_6_2_0_SLHC12
-rw-------  1 cms415 gplcms     188 Feb  2 20:49 CacheEnv.sh
-rw-------  1 cms415 gplcms    7291 Nov 19 14:52 DashboardAPI.py
-rw-------  1 cms415 gplcms    6440 Feb  2 20:49 DashboardAPI.pyc
drwx------  2 cms415 gplcms    4096 Feb  2 23:15 IMProv
-rw-------  1 cms415 gplcms    2748 Nov 19 14:52 Logger.py
-rw-------  1 cms415 gplcms    3222 Feb  2 20:49 Logger.pyc
-rw-------  1 cms415 gplcms   24524 Nov 19 14:52 ProcInfo.py
-rw-------  1 cms415 gplcms   22597 Feb  2 20:49 ProcInfo.pyc
drwx------  7 cms415 gplcms    4096 Feb  2 20:49 ProdCommon
drwx------  3 cms415 gplcms    4096 Feb  2 20:49 WMCore
-rw-------  1 cms415 gplcms   12582 Feb  2 23:15 Watchdog_406.log
-rwx------  1 cms415 gplcms       0 Feb  2 20:49 _condor_stderr
-rwx---r--  1 cms415 gplcms   39689 Feb  2 23:16 _condor_stdout
-rw-------  1 cms415 gplcms   32895 Nov 19 14:52 apmon.py
-rw-------  1 cms415 gplcms   27900 Feb  2 20:49 apmon.pyc
-rwx------  1 cms415 gplcms  134309 Feb  2 20:48 arguments.xml
-rwx------  1 cms415 gplcms   38581 Nov 19 14:52 cmscp.py
-rw-------  1 cms415 gplcms     560 Feb  2 23:16 cmscpReport.sh
-rwx------  1 cms415 gplcms   29498 Feb  2 20:49 condor_exec.exe
-rw-------  1 cms415 gplcms     544 Feb  2 12:16 crab.cfg
-rwx------  1 cms415 gplcms    8610 Nov 19 14:52 crabWatchdog.sh
-rwx---r--  1 cms415 gplcms  112109 Feb  2 23:15 crab_fjr_406.xml
-rwx------  1 cms415 gplcms 7390485 Feb  2 20:48 default.tgz
-rwx------  1 cms415 gplcms    4488 Nov 19 14:52 fillCrabFjr.py
-rw-------  1 cms415 gplcms     226 Feb  2 20:49 inputsReport.txt
-rw-------  1 cms415 gplcms     242 Feb  2 23:16 jobreport.txt
-rw-------  1 cms415 gplcms   17352 Nov 19 14:52 parseCrabFjr.py
-rw-------  1 cms415 gplcms     320 Feb  2 20:49 report.log
-rwx--x--x  1 cms415 gplcms    1497 Nov 19 14:52 report.py
-rw-------  1 cms415 gplcms     553 Feb  2 23:16 resultCopyFile
lrwxrwxrwx  1 cms415 gplcms      94 Feb  2 23:15 step2.root -> /scratch/condor/dir_1158/glide_spJEvk/execute/dir_2103/CMSSW_6_2_0_SLHC12/step2_406_1_Gya.root
-rwx------  1 cms415 gplcms    8351 Nov 19 14:52 writeCfg.py
-rw-------  1 cms415 gplcms   10297 Feb  2 20:47 x509up_u62281
>>> Modify Job Report:
CMSSW_VERSION = CMSSW_6_2_0_SLHC12
ProcessedDataset = ttbar_PU140_DIGI
/scratch/condor/dir_1158/glide_spJEvk/execute/dir_2103/ProdCommon/FwkJobRep/ModifyJobReport.py fjr /scratch/condor/dir_1158/glide_spJEvk/execute/dir_2103/crab_fjr_406.xml json /scratch/condor/dir_1158/glide_spJEvk/execute/dir_2103/resultCopyFile n_job 406_1_Gya PrimaryDataset ttbar  ApplicationFamily cmsRun ApplicationName cmsRun cmssw_version CMSSW_6_2_0_SLHC12 psethash 3c0380cf82de79bc39966c93934c61fc UserProcessedDataset dcieri-ttbar_PU140_DIGI-3c0380cf82de79bc39966c93934c61fc
inputDict =  {u'/scratch/condor/dir_1158/glide_spJEvk/execute/dir_2103/CMSSW_6_2_0_SLHC12/step2_406_1_Gya.root': {u'endpoint': u'srm://heplnx204.pp.rl.ac.uk:8443/srm/managerv2?SFN=/pnfs/pp.rl.ac.uk/data/cms/store/user/dcieri/ttbar_PU140_DIGI/dcieri/ttbar/ttbar_PU140_DIGI/3c0380cf82de79bc39966c93934c61fc/', u'surl_for_grid': u'', u'reason': u'Copy succedeed with srm-lcg utils', u'erCode': u'0', u'PNN': u'T2_UK_SGrid_RALPP', u'se_name': u'heplnx204.pp.rl.ac.uk', u'for_lfn': u'/store/user/dcieri/ttbar_PU140_DIGI/dcieri/ttbar/ttbar_PU140_DIGI/3c0380cf82de79bc39966c93934c61fc/'}}
UserProcessedDataset =  dcieri-ttbar_PU140_DIGI-3c0380cf82de79bc39966c93934c61fc
WORKING ON EDM FILE
file_name in inputDict =  /scratch/condor/dir_1158/glide_spJEvk/execute/dir_2103/CMSSW_6_2_0_SLHC12/step2_406_1_Gya.root
(size) os.stat(filename)[6] =  239496828
checksum =  226486215
    file =  step2_406_1_Gya.root
    newPfn =  srm://heplnx204.pp.rl.ac.uk:8443/srm/managerv2?SFN=/pnfs/pp.rl.ac.uk/data/cms/store/user/dcieri/ttbar_PU140_DIGI/dcieri/ttbar/ttbar_PU140_DIGI/3c0380cf82de79bc39966c93934c61fc/step2_406_1_Gya.root
    newLfn =  /store/user/dcieri/ttbar_PU140_DIGI/dcieri/ttbar/ttbar_PU140_DIGI/3c0380cf82de79bc39966c93934c61fc/step2_406_1_Gya.root
>>> crab_fjr_*.xml  permission set to 0704
CrabWrapper EXIT_FUNC entered at Mon Feb  2 23:16:26 GMT 2015   -  Mon Feb  2 23:16:26 UTC 2015
Checking output files:  
will tar file crab_fjr_406.xml in  out_files_406
WARNING: output file CMSSW_406.stdout not found!
WARNING: output file CMSSW_406.stderr not found!
WARNING: output file Watchdog_406.log.gz not found!
>>> padding time: Wrapper lasting more than 600 seconds. No sleep required.
STOPPING WATCHDOG. CrabWatchdog PID is 4545
********** LAST 50 LINES OF WATCHDOG LOG
 Feb 02 21:29:17 GMT	4683	1243196	1644804	70	131	2412	cmsRun -j /scratch/condor/dir_1158/glide_spJEvk/execute/dir_2103/crab_fjr_406.xml -p pset.py      
 Feb 02 21:30:17 GMT	4683	1245384	1648388	70	133	2472	cmsRun -j /scratch/condor/dir_1158/glide_spJEvk/execute/dir_2103/crab_fjr_406.xml -p pset.py      
 Feb 02 21:31:17 GMT	4683	1246144	1649156	70	134	2532	cmsRun -j /scratch/condor/dir_1158/glide_spJEvk/execute/dir_2103/crab_fjr_406.xml -p pset.py      
 Feb 02 21:32:17 GMT	4683	1247092	1653252	70	135	2593	cmsRun -j /scratch/condor/dir_1158/glide_spJEvk/execute/dir_2103/crab_fjr_406.xml -p pset.py      
 Feb 02 21:33:18 GMT	4683	1249348	1655044	70	136	2653	cmsRun -j /scratch/condor/dir_1158/glide_spJEvk/execute/dir_2103/crab_fjr_406.xml -p pset.py      
 Feb 02 21:34:18 GMT	4683	1249628	1655044	70	138	2713	cmsRun -j /scratch/condor/dir_1158/glide_spJEvk/execute/dir_2103/crab_fjr_406.xml -p pset.py      
 Feb 02 21:35:18 GMT	4683	1250792	1655044	70	139	2773	cmsRun -j /scratch/condor/dir_1158/glide_spJEvk/execute/dir_2103/crab_fjr_406.xml -p pset.py      
 Feb 02 21:36:18 GMT	4683	1251472	1655044	70	140	2834	cmsRun -j /scratch/condor/dir_1158/glide_spJEvk/execute/dir_2103/crab_fjr_406.xml -p pset.py      
 Feb 02 21:37:19 GMT	4683	1253572	1658372	70	142	2894	cmsRun -j /scratch/condor/dir_1158/glide_spJEvk/execute/dir_2103/crab_fjr_406.xml -p pset.py      
 Feb 02 21:38:19 GMT	4683	1254584	1658372	70	144	2954	cmsRun -j /scratch/condor/dir_1158/glide_spJEvk/execute/dir_2103/crab_fjr_406.xml -p pset.py      
 Feb 02 21:39:19 GMT	4683	1275432	1658372	70	148	3015	cmsRun -j /scratch/condor/dir_1158/glide_spJEvk/execute/dir_2103/crab_fjr_406.xml -p pset.py      
 Feb 02 21:40:20 GMT	4683	1315060	1669380	70	153	3075	cmsRun -j /scratch/condor/dir_1158/glide_spJEvk/execute/dir_2103/crab_fjr_406.xml -p pset.py      
 Feb 02 21:41:20 GMT	4683	1317464	1671172	70	155	3136	cmsRun -j /scratch/condor/dir_1158/glide_spJEvk/execute/dir_2103/crab_fjr_406.xml -p pset.py      
 Feb 02 21:42:21 GMT	4683	1320872	1671172	70	158	3196	cmsRun -j /scratch/condor/dir_1158/glide_spJEvk/execute/dir_2103/crab_fjr_406.xml -p pset.py      
 Feb 02 21:43:21 GMT	4683	1324680	1674244	70	160	3256	cmsRun -j /scratch/condor/dir_1158/glide_spJEvk/execute/dir_2103/crab_fjr_406.xml -p pset.py      
 Feb 02 21:44:21 GMT	---	1324680	1674244	89	----	----	----
 Feb 02 21:58:26 GMT	4683	1324680	1678340	89	215	4161	cmsRun -j /scratch/condor/dir_1158/glide_spJEvk/execute/dir_2103/crab_fjr_406.xml -p pset.py      
 Feb 02 21:59:26 GMT	4683	1365836	1716740	89	223	4221	cmsRun -j /scratch/condor/dir_1158/glide_spJEvk/execute/dir_2103/crab_fjr_406.xml -p pset.py      
 Feb 02 22:00:26 GMT	4683	1369144	1716740	89	226	4282	cmsRun -j /scratch/condor/dir_1158/glide_spJEvk/execute/dir_2103/crab_fjr_406.xml -p pset.py      
 Feb 02 22:01:27 GMT	4683	1373812	1717764	89	229	4342	cmsRun -j /scratch/condor/dir_1158/glide_spJEvk/execute/dir_2103/crab_fjr_406.xml -p pset.py      
 Feb 02 22:02:27 GMT	4683	1373812	1788932	89	248	4402	cmsRun -j /scratch/condor/dir_1158/glide_spJEvk/execute/dir_2103/crab_fjr_406.xml -p pset.py      
 Feb 02 22:02:27 GMT	---	1373812	1788932	114	----	----	----
 Feb 02 22:09:29 GMT	4683	1373812	1791236	114	271	4824	cmsRun -j /scratch/condor/dir_1158/glide_spJEvk/execute/dir_2103/crab_fjr_406.xml -p pset.py      
# TIME			PID	RSS(KB)	VSZ(KB)	Dsk(MB)	tCPU(s)	tWALL(s)	COMMAND
# TIME			PID	RSS(KB)	VSZ(KB)	Dsk(MB)	tCPU(s)	tWALL(s)	COMMAND
# TIME			PID	RSS(KB)	VSZ(KB)	Dsk(MB)	tCPU(s)	tWALL(s)	COMMAND
 Feb 02 22:12:30 GMT	4683	1373812	1798148	114	276	5005	cmsRun -j /scratch/condor/dir_1158/glide_spJEvk/execute/dir_2103/crab_fjr_406.xml -p pset.py      
 Feb 02 22:13:31 GMT	4683	1373812	1801988	114	281	5066	cmsRun -j /scratch/condor/dir_1158/glide_spJEvk/execute/dir_2103/crab_fjr_406.xml -p pset.py      
 Feb 02 22:14:31 GMT	4683	1373812	1813252	114	289	5126	cmsRun -j /scratch/condor/dir_1158/glide_spJEvk/execute/dir_2103/crab_fjr_406.xml -p pset.py      
 Feb 02 22:15:31 GMT	4683	1404664	1817604	114	300	5187	cmsRun -j /scratch/condor/dir_1158/glide_spJEvk/execute/dir_2103/crab_fjr_406.xml -p pset.py      
 Feb 02 22:16:32 GMT	4683	1410660	1819652	114	304	5247	cmsRun -j /scratch/condor/dir_1158/glide_spJEvk/execute/dir_2103/crab_fjr_406.xml -p pset.py      
 Feb 02 22:17:32 GMT	---	1410660	1819652	136	----	----	----
 Feb 02 22:28:36 GMT	4683	1412304	1834244	136	379	5971	cmsRun -j /scratch/condor/dir_1158/glide_spJEvk/execute/dir_2103/crab_fjr_406.xml -p pset.py      
 Feb 02 22:30:36 GMT	4683	1431680	1840132	136	389	6092	cmsRun -j /scratch/condor/dir_1158/glide_spJEvk/execute/dir_2103/crab_fjr_406.xml -p pset.py      
 Feb 02 22:31:37 GMT	---	1431680	1840132	159	----	----	----
 Feb 02 22:37:39 GMT	4683	1431680	1848580	159	443	6514	cmsRun -j /scratch/condor/dir_1158/glide_spJEvk/execute/dir_2103/crab_fjr_406.xml -p pset.py      
 Feb 02 22:39:40 GMT	4683	1431680	1856008	159	461	6635	cmsRun -j /scratch/condor/dir_1158/glide_spJEvk/execute/dir_2103/crab_fjr_406.xml -p pset.py      
 Feb 02 22:40:40 GMT	4683	1431680	1866504	159	471	6695	cmsRun -j /scratch/condor/dir_1158/glide_spJEvk/execute/dir_2103/crab_fjr_406.xml -p pset.py      
 Feb 02 22:41:40 GMT	---	1431680	1866504	180	----	----	----
 Feb 02 22:52:45 GMT	---	1431680	1866504	202	----	----	----
 Feb 02 22:59:47 GMT	4683	1431680	1872648	202	622	7843	cmsRun -j /scratch/condor/dir_1158/glide_spJEvk/execute/dir_2103/crab_fjr_406.xml -p pset.py      
 Feb 02 23:00:48 GMT	4683	1431680	1891080	202	639	7903	cmsRun -j /scratch/condor/dir_1158/glide_spJEvk/execute/dir_2103/crab_fjr_406.xml -p pset.py      
 Feb 02 23:01:48 GMT	---	1431680	1891080	222	----	----	----
 Feb 02 23:06:50 GMT	4683	1431680	1911304	222	708	8265	cmsRun -j /scratch/condor/dir_1158/glide_spJEvk/execute/dir_2103/crab_fjr_406.xml -p pset.py      
 Feb 02 23:08:51 GMT	4683	1431680	1942280	222	743	8386	cmsRun -j /scratch/condor/dir_1158/glide_spJEvk/execute/dir_2103/crab_fjr_406.xml -p pset.py      
 Feb 02 23:08:51 GMT	---	1431680	1942280	243	----	----	----
 Feb 02 23:11:52 GMT	4683	1431680	1957896	243	774	8567	cmsRun -j /scratch/condor/dir_1158/glide_spJEvk/execute/dir_2103/crab_fjr_406.xml -p pset.py      
 Feb 02 23:13:52 GMT	4683	1488500	1979144	243	798	8688	cmsRun -j /scratch/condor/dir_1158/glide_spJEvk/execute/dir_2103/crab_fjr_406.xml -p pset.py      
 Feb 02 23:14:53 GMT	4683	1496236	1982472	243	806	8748	cmsRun -j /scratch/condor/dir_1158/glide_spJEvk/execute/dir_2103/crab_fjr_406.xml -p pset.py      
 Feb 02 23:15:54 GMT	---	1496236	1982472	266	----	----	----
********** WATCHDOG LOG ENDED
ZIPPING WATCHDOG LOG
Disk space used:
du -sh /scratch/condor/dir_1158/glide_spJEvk/execute/dir_2103
266M	/scratch/condor/dir_1158/glide_spJEvk/execute/dir_2103
Found unusual stdout, rename for OSB
`/scratch/condor/dir_1158/glide_spJEvk/execute/dir_2103/_condor_stdout' -> `CMSSW_406.stdout'
Found unusual stderr, rename for OSB
`/scratch/condor/dir_1158/glide_spJEvk/execute/dir_2103/_condor_stdout' -> `CMSSW_406.stderr'
crab_fjr_406.xml
CMSSW_406.stdout
CMSSW_406.stderr
Watchdog_406.log.gz
Total Output dimension: 24827
WARNING: output files size limit is set to: 50000000
Total Output dimension 24827 is fine.
JOB_EXIT_STATUS = 0
>>> info for dashboard:
***** Cat /scratch/condor/dir_1158/glide_spJEvk/execute/dir_2103/jobreport.txt *****
MonitorJobID=406_https://submit-6.t2.ucsd.edu//150202//509448.5
MonitorID=dcieri_PU140_4dm08r
ExeTime=8775
ExeExitCode=0
StageOutExitStatusReason = 'Copy succedeed with srm-lcg utils'
StageOutSE = heplnx204.pp.rl.ac.uk
StageOutExitStatus = 0
CrabUserCpuTime=806.92
CrabSysCpuTime=21.34
CrabCpuPercentage=9%
CrabWrapperTime=8844
CrabStageoutTime=51
JobExitCode=0
***** End Cat jobreport *****
Parameters sent to Dashboard.
EXITING at Mon Feb  2 23:16:28 GMT 2015  -  Mon Feb  2 23:16:28 UTC 2015
