This script was generated by crab (version 2.11.1_patch1).
Running /scratch/condor/dir_24430/glide_UuQUOA/execute/dir_5264/condor_exec.exe with 2 positional parameters: 281 1
Today is Mon Feb  2 20:25:39 GMT 2015 - Mon Feb  2 20:25:39 UTC 2015
Job submitted on host heplnc166.pp.rl.ac.uk
Linux heplnc166.pp.rl.ac.uk 2.6.32-504.3.3.el6.x86_64 #1 SMP Tue Dec 16 14:29:22 CST 2014 x86_64 x86_64 x86_64 GNU/Linux
Distributor ID:	Scientific
Description:	Scientific Linux release 6.6 (Carbon)
>>> current directory (RUNTIME_AREA): /scratch/condor/dir_24430/glide_UuQUOA/execute/dir_5264
>>> current user: uid=157415(cms415) gid=157000(gplcms) groups=157000(gplcms)
>>> directory permission set to 0700
>>> umask set to:  u=rwx,g=,o=
>>> stdout stderr permission set to 0704
>>> voms proxy information:
subject   : /DC=ch/DC=cern/OU=Organic Units/OU=Users/CN=dcieri/CN=755391/CN=Davide Cieri/CN=769881070/CN=1625583685
issuer    : /DC=ch/DC=cern/OU=Organic Units/OU=Users/CN=dcieri/CN=755391/CN=Davide Cieri/CN=769881070
identity  : /DC=ch/DC=cern/OU=Organic Units/OU=Users/CN=dcieri/CN=755391/CN=Davide Cieri
type      : RFC3820 compliant limited proxy
strength  : 1024
path      : /scratch/condor/dir_24430/glide_UuQUOA/execute/dir_5264/x509up_u62281
timeleft  : 23:58:16
key usage : Digital Signature, Key Encipherment
=== VO cms extension information ===
VO        : cms
subject   : /DC=ch/DC=cern/OU=Organic Units/OU=Users/CN=dcieri/CN=755391/CN=Davide Cieri
issuer    : /DC=ch/DC=cern/OU=computers/CN=lcg-voms2.cern.ch
attribute : /cms/Role=NULL/Capability=NULL
timeleft  : 183:50:46
uri       : lcg-voms2.cern.ch:15002

WNHostName=heplnc166.pp.rl.ac.uk
$_CONDOR_JOB_AD =/scratch/condor/dir_24430/glide_UuQUOA/execute/dir_5264/.job.ad
OverflowFlag=0
>>> tar --no-same-permissions -xf /scratch/condor/dir_24430/glide_UuQUOA/execute/dir_5264/default.tgz :
Successful untar
>>> Include /scratch/condor/dir_24430/glide_UuQUOA/execute/dir_5264 in PYTHONPATH:
strip arguments
env var CRAB_UNIQUE_JOB_ID set to: dcieri_PU140_4dm08r_281_1_QuA
out_files_281
>>> list of expected files on output sandbox
output files: crab_fjr_281.xml CMSSW_281.stdout CMSSW_281.stderr Watchdog_281.log.gz
>>> GridFlavour discovery: 
GridFlavour=LCG
>>> SyncSite discovery: 
SyncSite=T2_UK_SGrid_RALPP
>>> SyncCE discovery: 
getting SyncCE from GLIDEIN_Gaekeeper
SyncCE=heplnv147.pp.rl.ac.uk
>>> info for dashboard:
***** Cat /scratch/condor/dir_24430/glide_UuQUOA/execute/dir_5264/jobreport.txt *****
WNHostName=heplnc166.pp.rl.ac.uk
OverflowFlag=0
MonitorJobID=281_https://submit-6.t2.ucsd.edu//150202//509447.280
SyncGridJobId=https://submit-6.t2.ucsd.edu//150202//509447.280
MonitorID=dcieri_PU140_4dm08r
GridFlavour=LCG
SyncSite=T2_UK_SGrid_RALPP
SyncCE=heplnv147.pp.rl.ac.uk
***** End Cat jobreport *****
Parameters sent to Dashboard.
>>> setup environment
set SCRAM ARCH to slc6_amd64_gcc472
SCRAM_ARCH = slc6_amd64_gcc472
>>> setup CMS LCG environment:
set SCRAM ARCH and BUILD_ARCH to slc6_amd64_gcc472 ###
Sourcing environment... 
sourcing /cvmfs/cms.cern.ch/cmsset_default.sh
==> setup cms environment ok
>>> specific cmssw setup environment:
CMSSW_VERSION =  CMSSW_6_2_0_SLHC12
WARNING: In non-interactive mode release checks e.g. deprecated releases, production architectures are disabled.
>>> current directory (SOFTWARE_DIR): /scratch/condor/dir_24430/glide_UuQUOA/execute/dir_5264/CMSSW_6_2_0_SLHC12
PreserveSeeds: <>
IncrementSeeds:<>
>>> info for dashboard:
***** Cat /scratch/condor/dir_24430/glide_UuQUOA/execute/dir_5264/jobreport.txt *****
MonitorJobID=281_https://submit-6.t2.ucsd.edu//150202//509447.280
MonitorID=dcieri_PU140_4dm08r
***** End Cat jobreport *****
Parameters sent to Dashboard.
crabWatchdog started as process 6790
>>> moving CMSSW software directories in /scratch/condor/dir_24430/glide_UuQUOA/execute/dir_5264/CMSSW_6_2_0_SLHC12
mv: cannot stat `/scratch/condor/dir_24430/glide_UuQUOA/execute/dir_5264/module/': No such file or directory
>>> Include /scratch/condor/dir_24430/glide_UuQUOA/execute/dir_5264 in PYTHONPATH:
PYTHONPATH=/scratch/condor/dir_24430/glide_UuQUOA/execute/dir_5264/:/scratch/condor/dir_24430/glide_UuQUOA/execute/dir_5264/CMSSW_6_2_0_SLHC12/python:/scratch/condor/dir_24430/glide_UuQUOA/execute/dir_5264/CMSSW_6_2_0_SLHC12/lib/slc6_amd64_gcc472:/cvmfs/cms.cern.ch/slc6_amd64_gcc472/cms/cmssw/CMSSW_6_2_0_SLHC12/python:/cvmfs/cms.cern.ch/slc6_amd64_gcc472/cms/cmssw/CMSSW_6_2_0_SLHC12/lib/slc6_amd64_gcc472:/cvmfs/cms.cern.ch/slc6_amd64_gcc472/cms/coral/CORAL_2_3_21-cms35/slc6_amd64_gcc472/python:/cvmfs/cms.cern.ch/slc6_amd64_gcc472/cms/coral/CORAL_2_3_21-cms35/slc6_amd64_gcc472/lib:/cvmfs/cms.cern.ch/slc6_amd64_gcc472/external/python-ldap/2.3.5-cms5/lib/python2.7/site-packages:/cvmfs/cms.cern.ch/slc6_amd64_gcc472/external/pyqt/4.8.1-cms5/lib/python2.7/site-packages:/cvmfs/cms.cern.ch/slc6_amd64_gcc472/external/py2-scipy/0.8.0-cms7/lib/python2.7/site-packages:/cvmfs/cms.cern.ch/slc6_amd64_gcc472/external/py2-matplotlib/1.0.1-cms7/lib/python2.7/site-packages:/cvmfs/cms.cern.ch/slc6_amd64_gcc472/external/sip/4.11.2-cms5/lib/python2.7/site-packages:/cvmfs/cms.cern.ch/slc6_amd64_gcc472/external/py2-pycurl/7.19.0-cms7/lib/python2.7/site-packages:/cvmfs/cms.cern.ch/slc6_amd64_gcc472/external/py2-numpy/1.6.1-cms7/lib/python2.7/site-packages:/cvmfs/cms.cern.ch/slc6_amd64_gcc472/external/py2-lint/0.25.1-cms5/lib/python2.7/site-packages:/cvmfs/cms.cern.ch/slc6_amd64_gcc472/external/py2-ipython/0.10-cms5/lib/python2.7/site-packages:/cvmfs/cms.cern.ch/slc6_amd64_gcc472/external/py2-cx-oracle/5.1-cms5/lib/python2.7/site-packages:/cvmfs/cms.cern.ch/slc6_amd64_gcc472/external/py2-cjson/1.0.5-cms5/lib/python2.7/site-packages:/cvmfs/cms.cern.ch/slc6_amd64_gcc472/cms/das-client/1.11.7/bin:/cvmfs/cms.cern.ch/slc6_amd64_gcc472/external/elementtree/1.2.6-cms5/share/lib/python2.7/site-packages:/cvmfs/cms.cern.ch/slc6_amd64_gcc472/external/rivet/1.8.2-cms9/lib/python2.7/site-packages:/cvmfs/cms.cern.ch/slc6_amd64_gcc472/external/pyminuit2/0.0.1-cms19/lib/python2.7/site-packages:/cvmfs/cms.cern.ch/slc6_amd64_gcc472/external/py2-pygithub/1.23.0-cms2/lib/python2.7/site-packages:/cvmfs/cms.cern.ch/slc6_amd64_gcc472/external/professor/1.0.0-cms19/lib/python2.7/site-packages:/cvmfs/cms.cern.ch/slc6_amd64_gcc472/lcg/root/5.34.07-cms/lib:/cvmfs/cms.cern.ch/slc6_amd64_gcc472/cms/dbs-client/DBS_2_1_9-cms5/lib:/cvmfs/cms.cern.ch/slc6_amd64_gcc472/cms/dbs-client/DBS_2_1_9-cms5/lib/DBSAPI:/cvmfs/cms.cern.ch/slc6_amd64_gcc472/external/cvs2git/5419-cms/lib:/scratch/condor/dir_24430/glide_UuQUOA/execute/dir_5264/
 
# LIMITS USED BY CRAB WATCHDOG:
# RSS  (KBytes)   : 2300000
# VSZ  (KBytes)   : 100000000
# DISK (MBytes)   : 19000
# CPU TIME        : 720h:0m:0s
# WALL CLOCK TIME : 21h:50m:0s
 
3c0380cf82de79bc39966c93934c61fc
PSETHASH = 3c0380cf82de79bc39966c93934c61fc
/scratch/condor/dir_24430/glide_UuQUOA/execute/dir_5264/writeCfg.py pset.py pset.py
Importing .py file
Setting parameters
RandomNumberGeneratorService found, will attempt to change seeds
inputBlocks=/ttbar/dcieri-ttbar_SIM-130075366148575c102f0d64fd3ac8f7/USER#7b37175b-029a-4723-ac30-87f0f216faab
inputFiles=/store/user/dcieri/ttbar_SIM/ttbar/ttbar_SIM/150129_145223/0000/step1_337.root
parentFiles=
lumisRange=
>>> Executable cmsRun
/cvmfs/cms.cern.ch/slc6_amd64_gcc472/cms/cmssw/CMSSW_6_2_0_SLHC12/bin/slc6_amd64_gcc472/cmsRun
ok executable found
>>> info for dashboard:
***** Cat /scratch/condor/dir_24430/glide_UuQUOA/execute/dir_5264/jobreport.txt *****
MonitorJobID=281_https://submit-6.t2.ucsd.edu//150202//509447.280
MonitorID=dcieri_PU140_4dm08r
ExeStart=cmsRun
***** End Cat jobreport *****
Parameters sent to Dashboard.
>>> cmsRun started at Mon Feb  2 20:25:47 UTC 2015
>>> cmsRun ended at Mon Feb  2 23:10:21 UTC 2015
>>> crab_fjr_*.xml  permission set to 0704
>>> info for dashboard:
***** Cat /scratch/condor/dir_24430/glide_UuQUOA/execute/dir_5264/jobreport.txt *****
MonitorJobID=281_https://submit-6.t2.ucsd.edu//150202//509447.280
MonitorID=dcieri_PU140_4dm08r
ExeEnd=cmsRun
***** End Cat jobreport *****
Parameters sent to Dashboard.
TIME_EXE = 9874 sec
>>> cmsRun wrote 224 lines of stdout+stderr
>>> START OF printout of 224 lines from stdout+stderr
271 DQMStore::DQMStore 
HcalTopologyIdealEP::HcalTopologyIdealEP
02-Feb-2015 20:25:57 GMT  Initiating request to open file root://dcap.pp.rl.ac.uk:1094/pnfs/pp.rl.ac.uk/data/cms/store/user/dcieri/ttbar_SIM/ttbar/ttbar_SIM/150129_145223/0000/step1_337.root
150202 20:26:00 6922 Xrd: CheckErrorStatus: Server [heplnx210.pp.rl.ac.uk:1094] declared: Request 3018 not supported(error code: 3013)
02-Feb-2015 20:26:00 GMT  Successfully opened file root://dcap.pp.rl.ac.uk:1094/pnfs/pp.rl.ac.uk/data/cms/store/user/dcieri/ttbar_SIM/ttbar/ttbar_SIM/150129_145223/0000/step1_337.root
02-Feb-2015 20:26:01 GMT  Initiating request to open file root://xrootd.unl.edu//store/group/dpg_trigger/comm_trigger/L1TrackTrigger/620_SLHC10/Extended2023TTI/MinBias/MinBias_TuneZ2star_GEN_SIM_1.root
02-Feb-2015 20:26:06 GMT  Successfully opened file root://xrootd.unl.edu//store/group/dpg_trigger/comm_trigger/L1TrackTrigger/620_SLHC10/Extended2023TTI/MinBias/MinBias_TuneZ2star_GEN_SIM_1.root
disableME1a = 0
HcalTopologyIdealEP::produce(const IdealGeometryRecord& iRecord)
mode = 2, maxDepthHB = 3, maxDepthHE = 5
RPCGeometryESModule :: produce
RPCGeometryESModule :: produce :: 1/4 Get Muon Ideal Geometry Record
RPCGeometryESModule :: produce :: 2/4 Get Muon DDD Constants
RPCGeometryESModule :: produce :: 3/4 Get Muon Numbering Record
in MuonNumberingInitialization::initializeMuonDDDConstants
about to make my new muonDDDConst_
in MuonNumberingInitialization::produce
RPCGeometryESModule :: produce :: 4/4 Build
Found:

	Barrel Stack layer 5 : 1008 stacks
	Barrel Stack layer 6 : 1320 stacks
	Barrel Stack layer 7 : 1836 stacks
	Barrel Stack layer 8 : 1152 stacks
	Barrel Stack layer 9 : 1488 stacks
	Barrel Stack layer 10 : 1824 stacks

	Endcap Stack disk 11 : 1360 stacks
	Endcap Stack disk 12 : 1360 stacks
	Endcap Stack disk 13 : 1360 stacks
	Endcap Stack disk 14 : 1360 stacks
	Endcap Stack disk 15 : 1360 stacks
Created 15428 stacks in 25 s

TTClusterBuilder< edm::Ref<edm::DetSetVector<PixelDigi>, PixelDigi, edm::refhelper::FindForDetSetVector<PixelDigi> > > loaded modules:
	TTClusterAlgorithm:	TTClusterAlgorithm_2d2013< edm::Ref<edm::DetSetVector<PixelDigi>, PixelDigi, edm::refhelper::FindForDetSetVector<PixelDigi> > >


TTStubBuilder< edm::Ref<edm::DetSetVector<PixelDigi>, PixelDigi, edm::refhelper::FindForDetSetVector<PixelDigi> > > loaded modules:
	TTStubAlgorithm:	TTStubAlgorithm_tab2013< edm::Ref<edm::DetSetVector<PixelDigi>, PixelDigi, edm::refhelper::FindForDetSetVector<PixelDigi> > >


TTClusterAssociator< edm::Ref<edm::DetSetVector<PixelDigi>, PixelDigi, edm::refhelper::FindForDetSetVector<PixelDigi> > > loaded.


TTStubAssociator< edm::Ref<edm::DetSetVector<PixelDigi>, PixelDigi, edm::refhelper::FindForDetSetVector<PixelDigi> > > loaded.


TTTrackAssociator< edm::Ref<edm::DetSetVector<PixelDigi>, PixelDigi, edm::refhelper::FindForDetSetVector<PixelDigi> > > loaded.

Begin processing the 1st record. Run 1, Event 3361, LumiSection 337 at 02-Feb-2015 20:26:50.923 GMT
02-Feb-2015 20:26:57 GMT  Closed file root://xrootd.unl.edu//store/group/dpg_trigger/comm_trigger/L1TrackTrigger/620_SLHC10/Extended2023TTI/MinBias/MinBias_TuneZ2star_GEN_SIM_1.root
02-Feb-2015 20:26:57 GMT  Initiating request to open file root://xrootd.unl.edu//store/group/dpg_trigger/comm_trigger/L1TrackTrigger/620_SLHC10/Extended2023TTI/MinBias/MinBias_TuneZ2star_GEN_SIM_580.root
02-Feb-2015 20:27:33 GMT  Successfully opened file root://xrootd.unl.edu//store/group/dpg_trigger/comm_trigger/L1TrackTrigger/620_SLHC10/Extended2023TTI/MinBias/MinBias_TuneZ2star_GEN_SIM_580.root
150202 20:32:28 7176 Xrd: XrdClientMessage::ReadRaw: Failed to read header (8 bytes).
150202 20:32:57 7174 Xrd: XrdClientMessage::ReadRaw: Failed to read header (8 bytes).
02-Feb-2015 20:35:40 GMT  Closed file root://xrootd.unl.edu//store/group/dpg_trigger/comm_trigger/L1TrackTrigger/620_SLHC10/Extended2023TTI/MinBias/MinBias_TuneZ2star_GEN_SIM_580.root
02-Feb-2015 20:35:40 GMT  Initiating request to open file root://xrootd.unl.edu//store/group/dpg_trigger/comm_trigger/L1TrackTrigger/620_SLHC10/Extended2023TTI/MinBias/MinBias_TuneZ2star_GEN_SIM_807.root
150202 20:36:11 13662 Xrd: CheckErrorStatus: Server [xrootd.ba.infn.it:1094] declared: session not found(error code: 3011)
02-Feb-2015 20:36:12 GMT  Successfully opened file root://xrootd.unl.edu//store/group/dpg_trigger/comm_trigger/L1TrackTrigger/620_SLHC10/Extended2023TTI/MinBias/MinBias_TuneZ2star_GEN_SIM_807.root
150202 20:40:57 8170 Xrd: XrdClientMessage::ReadRaw: Failed to read header (8 bytes).
150202 20:41:28 14237 Xrd: XrdClientMessage::ReadRaw: Failed to read header (8 bytes).
150202 20:46:28 7166 Xrd: XrdClientMessage::ReadRaw: Failed to read header (8 bytes).
150202 20:47:58 7173 Xrd: XrdClientMessage::ReadRaw: Failed to read header (8 bytes).
02-Feb-2015 20:53:16 GMT  Closed file root://xrootd.unl.edu//store/group/dpg_trigger/comm_trigger/L1TrackTrigger/620_SLHC10/Extended2023TTI/MinBias/MinBias_TuneZ2star_GEN_SIM_807.root
02-Feb-2015 20:53:16 GMT  Initiating request to open file root://xrootd.unl.edu//store/group/dpg_trigger/comm_trigger/L1TrackTrigger/620_SLHC10/Extended2023TTI/MinBias/MinBias_TuneZ2star_GEN_SIM_509.root
150202 20:53:31 26765 Xrd: CheckErrorStatus: Server [cms-xrd-global.cern.ch:1094] declared: session not found(error code: 3011)
150202 20:53:31 26765 Xrd: CheckErrorStatus: Server [llrxrd-redir.in2p3.fr:1094] declared: session not found(error code: 3011)
02-Feb-2015 20:53:32 GMT  Successfully opened file root://xrootd.unl.edu//store/group/dpg_trigger/comm_trigger/L1TrackTrigger/620_SLHC10/Extended2023TTI/MinBias/MinBias_TuneZ2star_GEN_SIM_509.root
Building the geometry service
Warning did not find digi
Warning did not find digi
Warning did not find digi
Warning did not find digi
Warning did not find digi in disks
Warning did not find digi in disks
Warning did not find digi in disks
Warning did not find digi in disks
150202 20:56:28 14236 Xrd: XrdClientMessage::ReadRaw: Failed to read header (8 bytes).
150202 20:58:28 14238 Xrd: XrdClientMessage::ReadRaw: Failed to read header (8 bytes).
150202 20:58:58 26882 Xrd: XrdClientMessage::ReadRaw: Failed to read header (8 bytes).
02-Feb-2015 21:03:13 GMT  Closed file root://xrootd.unl.edu//store/group/dpg_trigger/comm_trigger/L1TrackTrigger/620_SLHC10/Extended2023TTI/MinBias/MinBias_TuneZ2star_GEN_SIM_509.root
02-Feb-2015 21:03:13 GMT  Initiating request to open file root://xrootd.unl.edu//store/group/dpg_trigger/comm_trigger/L1TrackTrigger/620_SLHC10/Extended2023TTI/MinBias/MinBias_TuneZ2star_GEN_SIM_182.root
150202 21:03:51 2098 Xrd: CheckErrorStatus: Server [cms-xrd-global.cern.ch:1094] declared: session not found(error code: 3011)
150202 21:03:51 2098 Xrd: CheckErrorStatus: Server [xrootd.ba.infn.it:1094] declared: session not found(error code: 3011)
02-Feb-2015 21:03:52 GMT  Successfully opened file root://xrootd.unl.edu//store/group/dpg_trigger/comm_trigger/L1TrackTrigger/620_SLHC10/Extended2023TTI/MinBias/MinBias_TuneZ2star_GEN_SIM_182.root
150202 21:08:28 26883 Xrd: XrdClientMessage::ReadRaw: Failed to read header (8 bytes).
150202 21:08:58 2810 Xrd: XrdClientMessage::ReadRaw: Failed to read header (8 bytes).
02-Feb-2015 21:09:57 GMT  Closed file root://xrootd.unl.edu//store/group/dpg_trigger/comm_trigger/L1TrackTrigger/620_SLHC10/Extended2023TTI/MinBias/MinBias_TuneZ2star_GEN_SIM_182.root
02-Feb-2015 21:09:57 GMT  Initiating request to open file root://xrootd.unl.edu//store/group/dpg_trigger/comm_trigger/L1TrackTrigger/620_SLHC10/Extended2023TTI/MinBias/MinBias_TuneZ2star_GEN_SIM_981.root
150202 21:11:05 7634 Xrd: CheckErrorStatus: Server [xrootd.ba.infn.it:1094] declared: session not found(error code: 3011)
02-Feb-2015 21:11:05 GMT  Successfully opened file root://xrootd.unl.edu//store/group/dpg_trigger/comm_trigger/L1TrackTrigger/620_SLHC10/Extended2023TTI/MinBias/MinBias_TuneZ2star_GEN_SIM_981.root
150202 21:13:57 26881 Xrd: XrdClientMessage::ReadRaw: Failed to read header (8 bytes).
150202 21:15:27 2811 Xrd: XrdClientMessage::ReadRaw: Failed to read header (8 bytes).
150202 21:16:27 8488 Xrd: XrdClientMessage::ReadRaw: Failed to read header (8 bytes).
02-Feb-2015 21:21:00 GMT  Closed file root://xrootd.unl.edu//store/group/dpg_trigger/comm_trigger/L1TrackTrigger/620_SLHC10/Extended2023TTI/MinBias/MinBias_TuneZ2star_GEN_SIM_981.root
02-Feb-2015 21:21:00 GMT  Initiating request to open file root://xrootd.unl.edu//store/group/dpg_trigger/comm_trigger/L1TrackTrigger/620_SLHC10/Extended2023TTI/MinBias/MinBias_TuneZ2star_GEN_SIM_617.root
150202 21:21:00 15684 Xrd: CheckErrorStatus: Server [xrootd.ba.infn.it:1094] declared: session not found(error code: 3011)
02-Feb-2015 21:21:01 GMT  Successfully opened file root://xrootd.unl.edu//store/group/dpg_trigger/comm_trigger/L1TrackTrigger/620_SLHC10/Extended2023TTI/MinBias/MinBias_TuneZ2star_GEN_SIM_617.root
150202 21:26:27 8489 Xrd: XrdClientMessage::ReadRaw: Failed to read header (8 bytes).
150202 21:26:28 15685 Xrd: XrdClientMessage::ReadRaw: Failed to read header (8 bytes).
02-Feb-2015 21:28:20 GMT  Closed file root://xrootd.unl.edu//store/group/dpg_trigger/comm_trigger/L1TrackTrigger/620_SLHC10/Extended2023TTI/MinBias/MinBias_TuneZ2star_GEN_SIM_617.root
02-Feb-2015 21:28:20 GMT  Initiating request to open file root://xrootd.unl.edu//store/group/dpg_trigger/comm_trigger/L1TrackTrigger/620_SLHC10/Extended2023TTI/MinBias/MinBias_TuneZ2star_GEN_SIM_713.root
150202 21:28:51 20832 Xrd: CheckErrorStatus: Server [cms-xrd-global.cern.ch:1094] declared: session not found(error code: 3011)
150202 21:28:51 20832 Xrd: CheckErrorStatus: Server [llrxrd-redir.in2p3.fr:1094] declared: session not found(error code: 3011)
02-Feb-2015 21:28:51 GMT  Successfully opened file root://xrootd.unl.edu//store/group/dpg_trigger/comm_trigger/L1TrackTrigger/620_SLHC10/Extended2023TTI/MinBias/MinBias_TuneZ2star_GEN_SIM_713.root
150202 21:33:27 15686 Xrd: XrdClientMessage::ReadRaw: Failed to read header (8 bytes).
150202 21:33:57 20949 Xrd: XrdClientMessage::ReadRaw: Failed to read header (8 bytes).
02-Feb-2015 21:37:16 GMT  Closed file root://xrootd.unl.edu//store/group/dpg_trigger/comm_trigger/L1TrackTrigger/620_SLHC10/Extended2023TTI/MinBias/MinBias_TuneZ2star_GEN_SIM_713.root
02-Feb-2015 21:37:16 GMT  Initiating request to open file root://xrootd.unl.edu//store/group/dpg_trigger/comm_trigger/L1TrackTrigger/620_SLHC10/Extended2023TTI/MinBias/MinBias_TuneZ2star_GEN_SIM_929.root
150202 21:37:31 27388 Xrd: CheckErrorStatus: Server [xrootd-redic.pi.infn.it:1094] declared: session not found(error code: 3011)
02-Feb-2015 21:37:32 GMT  Successfully opened file root://xrootd.unl.edu//store/group/dpg_trigger/comm_trigger/L1TrackTrigger/620_SLHC10/Extended2023TTI/MinBias/MinBias_TuneZ2star_GEN_SIM_929.root
150202 21:41:27 2809 Xrd: XrdClientMessage::ReadRaw: Failed to read header (8 bytes).
150202 21:42:28 20950 Xrd: XrdClientMessage::ReadRaw: Failed to read header (8 bytes).
150202 21:42:57 27393 Xrd: XrdClientMessage::ReadRaw: Failed to read header (8 bytes).
02-Feb-2015 21:45:30 GMT  Closed file root://xrootd.unl.edu//store/group/dpg_trigger/comm_trigger/L1TrackTrigger/620_SLHC10/Extended2023TTI/MinBias/MinBias_TuneZ2star_GEN_SIM_929.root
02-Feb-2015 21:45:30 GMT  Initiating request to open file root://xrootd.unl.edu//store/group/dpg_trigger/comm_trigger/L1TrackTrigger/620_SLHC10/Extended2023TTI/MinBias/MinBias_TuneZ2star_GEN_SIM_538.root
150202 21:46:01 866 Xrd: CheckErrorStatus: Server [llrxrd-redir.in2p3.fr:1094] declared: session not found(error code: 3011)
02-Feb-2015 21:46:01 GMT  Successfully opened file root://xrootd.unl.edu//store/group/dpg_trigger/comm_trigger/L1TrackTrigger/620_SLHC10/Extended2023TTI/MinBias/MinBias_TuneZ2star_GEN_SIM_538.root
150202 21:50:58 27394 Xrd: XrdClientMessage::ReadRaw: Failed to read header (8 bytes).
150202 21:51:28 1248 Xrd: XrdClientMessage::ReadRaw: Failed to read header (8 bytes).
02-Feb-2015 21:53:23 GMT  Closed file root://xrootd.unl.edu//store/group/dpg_trigger/comm_trigger/L1TrackTrigger/620_SLHC10/Extended2023TTI/MinBias/MinBias_TuneZ2star_GEN_SIM_538.root
02-Feb-2015 21:53:23 GMT  Initiating request to open file root://xrootd.unl.edu//store/group/dpg_trigger/comm_trigger/L1TrackTrigger/620_SLHC10/Extended2023TTI/MinBias/MinBias_TuneZ2star_GEN_SIM_720.root
150202 21:53:55 6799 Xrd: CheckErrorStatus: Server [cms-xrd-global.cern.ch:1094] declared: session not found(error code: 3011)
150202 21:53:55 6799 Xrd: CheckErrorStatus: Server [xrootd.ba.infn.it:1094] declared: session not found(error code: 3011)
02-Feb-2015 21:53:55 GMT  Successfully opened file root://xrootd.unl.edu//store/group/dpg_trigger/comm_trigger/L1TrackTrigger/620_SLHC10/Extended2023TTI/MinBias/MinBias_TuneZ2star_GEN_SIM_720.root
150202 21:57:58 27392 Xrd: XrdClientMessage::ReadRaw: Failed to read header (8 bytes).
150202 21:58:28 1249 Xrd: XrdClientMessage::ReadRaw: Failed to read header (8 bytes).
150202 21:58:57 7035 Xrd: XrdClientMessage::ReadRaw: Failed to read header (8 bytes).
02-Feb-2015 22:00:53 GMT  Closed file root://xrootd.unl.edu//store/group/dpg_trigger/comm_trigger/L1TrackTrigger/620_SLHC10/Extended2023TTI/MinBias/MinBias_TuneZ2star_GEN_SIM_720.root
02-Feb-2015 22:00:53 GMT  Initiating request to open file root://xrootd.unl.edu//store/group/dpg_trigger/comm_trigger/L1TrackTrigger/620_SLHC10/Extended2023TTI/MinBias/MinBias_TuneZ2star_GEN_SIM_843.root
150202 22:01:45 11833 Xrd: CheckErrorStatus: Server [llrxrd-redir.in2p3.fr:1094] declared: session not found(error code: 3011)
150202 22:01:45 11833 Xrd: CheckErrorStatus: Server [eoscms.cern.ch:1094] declared: session not found(error code: 3011)
02-Feb-2015 22:01:46 GMT  Successfully opened file root://xrootd.unl.edu//store/group/dpg_trigger/comm_trigger/L1TrackTrigger/620_SLHC10/Extended2023TTI/MinBias/MinBias_TuneZ2star_GEN_SIM_843.root
02-Feb-2015 22:05:53 GMT  Closed file root://xrootd.unl.edu//store/group/dpg_trigger/comm_trigger/L1TrackTrigger/620_SLHC10/Extended2023TTI/MinBias/MinBias_TuneZ2star_GEN_SIM_843.root
02-Feb-2015 22:05:53 GMT  Initiating request to open file root://xrootd.unl.edu//store/group/dpg_trigger/comm_trigger/L1TrackTrigger/620_SLHC10/Extended2023TTI/MinBias/MinBias_TuneZ2star_GEN_SIM_154.root
150202 22:05:58 7036 Xrd: XrdClientMessage::ReadRaw: Failed to read header (8 bytes).
150202 22:06:58 12197 Xrd: XrdClientMessage::ReadRaw: Failed to read header (8 bytes).
150202 22:10:46 15651 Xrd: CheckErrorStatus: Server [cms-xrd-global.cern.ch:1094] declared: session not found(error code: 3011)
150202 22:10:46 15651 Xrd: CheckErrorStatus: Server [xrootd-redic.pi.infn.it:1094] declared: session not found(error code: 3011)
02-Feb-2015 22:10:46 GMT  Successfully opened file root://xrootd.unl.edu//store/group/dpg_trigger/comm_trigger/L1TrackTrigger/620_SLHC10/Extended2023TTI/MinBias/MinBias_TuneZ2star_GEN_SIM_154.root
150202 22:10:57 12198 Xrd: XrdClientMessage::ReadRaw: Failed to read header (8 bytes).
150202 22:13:58 7034 Xrd: XrdClientMessage::ReadRaw: Failed to read header (8 bytes).
150202 22:15:57 24524 Xrd: XrdClientMessage::ReadRaw: Failed to read header (8 bytes).
02-Feb-2015 22:16:31 GMT  Closed file root://xrootd.unl.edu//store/group/dpg_trigger/comm_trigger/L1TrackTrigger/620_SLHC10/Extended2023TTI/MinBias/MinBias_TuneZ2star_GEN_SIM_154.root
02-Feb-2015 22:16:31 GMT  Initiating request to open file root://xrootd.unl.edu//store/group/dpg_trigger/comm_trigger/L1TrackTrigger/620_SLHC10/Extended2023TTI/MinBias/MinBias_TuneZ2star_GEN_SIM_265.root
150202 22:21:57 20948 Xrd: XrdClientMessage::ReadRaw: Failed to read header (8 bytes).
150202 22:21:58 24525 Xrd: XrdClientMessage::ReadRaw: Failed to read header (8 bytes).
150202 22:24:22 28127 Xrd: CheckErrorStatus: Server [cms-xrd-global.cern.ch:1094] declared: session not found(error code: 3011)
150202 22:24:22 28127 Xrd: CheckErrorStatus: Server [llrxrd-redir.in2p3.fr:1094] declared: session not found(error code: 3011)
02-Feb-2015 22:24:22 GMT  Successfully opened file root://xrootd.unl.edu//store/group/dpg_trigger/comm_trigger/L1TrackTrigger/620_SLHC10/Extended2023TTI/MinBias/MinBias_TuneZ2star_GEN_SIM_265.root
150202 22:29:28 667 Xrd: XrdClientMessage::ReadRaw: Failed to read header (8 bytes).
150202 22:30:58 24523 Xrd: XrdClientMessage::ReadRaw: Failed to read header (8 bytes).
02-Feb-2015 22:32:41 GMT  Closed file root://xrootd.unl.edu//store/group/dpg_trigger/comm_trigger/L1TrackTrigger/620_SLHC10/Extended2023TTI/MinBias/MinBias_TuneZ2star_GEN_SIM_265.root
02-Feb-2015 22:32:41 GMT  Initiating request to open file root://xrootd.unl.edu//store/group/dpg_trigger/comm_trigger/L1TrackTrigger/620_SLHC10/Extended2023TTI/MinBias/MinBias_TuneZ2star_GEN_SIM_255.root
150202 22:33:12 7937 Xrd: CheckErrorStatus: Server [cms-xrd-global.cern.ch:1094] declared: session not found(error code: 3011)
150202 22:33:12 7937 Xrd: CheckErrorStatus: Server [xrootd.ba.infn.it:1094] declared: session not found(error code: 3011)
02-Feb-2015 22:33:13 GMT  Successfully opened file root://xrootd.unl.edu//store/group/dpg_trigger/comm_trigger/L1TrackTrigger/620_SLHC10/Extended2023TTI/MinBias/MinBias_TuneZ2star_GEN_SIM_255.root
150202 22:37:58 669 Xrd: XrdClientMessage::ReadRaw: Failed to read header (8 bytes).
02-Feb-2015 22:38:04 GMT  Closed file root://xrootd.unl.edu//store/group/dpg_trigger/comm_trigger/L1TrackTrigger/620_SLHC10/Extended2023TTI/MinBias/MinBias_TuneZ2star_GEN_SIM_255.root
02-Feb-2015 22:38:04 GMT  Initiating request to open file root://xrootd.unl.edu//store/group/dpg_trigger/comm_trigger/L1TrackTrigger/620_SLHC10/Extended2023TTI/MinBias/MinBias_TuneZ2star_GEN_SIM_469.root
150202 22:38:28 8288 Xrd: XrdClientMessage::ReadRaw: Failed to read header (8 bytes).
150202 22:38:34 16870 Xrd: CheckErrorStatus: Server [cms-xrd-global.cern.ch:1094] declared: session not found(error code: 3011)
150202 22:38:34 16870 Xrd: CheckErrorStatus: Server [xrootd-redic.pi.infn.it:1094] declared: session not found(error code: 3011)
02-Feb-2015 22:38:34 GMT  Successfully opened file root://xrootd.unl.edu//store/group/dpg_trigger/comm_trigger/L1TrackTrigger/620_SLHC10/Extended2023TTI/MinBias/MinBias_TuneZ2star_GEN_SIM_469.root
02-Feb-2015 22:41:40 GMT  Closed file root://xrootd.unl.edu//store/group/dpg_trigger/comm_trigger/L1TrackTrigger/620_SLHC10/Extended2023TTI/MinBias/MinBias_TuneZ2star_GEN_SIM_469.root
02-Feb-2015 22:41:40 GMT  Initiating request to open file root://xrootd.unl.edu//store/group/dpg_trigger/comm_trigger/L1TrackTrigger/620_SLHC10/Extended2023TTI/MinBias/MinBias_TuneZ2star_GEN_SIM_643.root
02-Feb-2015 22:42:11 GMT  Successfully opened file root://xrootd.unl.edu//store/group/dpg_trigger/comm_trigger/L1TrackTrigger/620_SLHC10/Extended2023TTI/MinBias/MinBias_TuneZ2star_GEN_SIM_643.root
150202 22:43:28 8289 Xrd: XrdClientMessage::ReadRaw: Failed to read header (8 bytes).
150202 22:44:28 666 Xrd: XrdClientMessage::ReadRaw: Failed to read header (8 bytes).
02-Feb-2015 22:46:19 GMT  Closed file root://xrootd.unl.edu//store/group/dpg_trigger/comm_trigger/L1TrackTrigger/620_SLHC10/Extended2023TTI/MinBias/MinBias_TuneZ2star_GEN_SIM_643.root
02-Feb-2015 22:46:19 GMT  Initiating request to open file root://xrootd.unl.edu//store/group/dpg_trigger/comm_trigger/L1TrackTrigger/620_SLHC10/Extended2023TTI/MinBias/MinBias_TuneZ2star_GEN_SIM_370.root
02-Feb-2015 22:46:50 GMT  Successfully opened file root://xrootd.unl.edu//store/group/dpg_trigger/comm_trigger/L1TrackTrigger/620_SLHC10/Extended2023TTI/MinBias/MinBias_TuneZ2star_GEN_SIM_370.root
150202 22:46:50 17234 Xrd: XrdClientMessage::ReadRaw: Failed to read header (8 bytes).
02-Feb-2015 22:49:36 GMT  Closed file root://xrootd.unl.edu//store/group/dpg_trigger/comm_trigger/L1TrackTrigger/620_SLHC10/Extended2023TTI/MinBias/MinBias_TuneZ2star_GEN_SIM_370.root
02-Feb-2015 22:49:36 GMT  Initiating request to open file root://xrootd.unl.edu//store/group/dpg_trigger/comm_trigger/L1TrackTrigger/620_SLHC10/Extended2023TTI/MinBias/MinBias_TuneZ2star_GEN_SIM_208.root
02-Feb-2015 22:49:41 GMT  Successfully opened file root://xrootd.unl.edu//store/group/dpg_trigger/comm_trigger/L1TrackTrigger/620_SLHC10/Extended2023TTI/MinBias/MinBias_TuneZ2star_GEN_SIM_208.root
150202 22:51:27 19505 Xrd: XrdClientMessage::ReadRaw: Failed to read header (8 bytes).
02-Feb-2015 22:53:26 GMT  Closed file root://xrootd.unl.edu//store/group/dpg_trigger/comm_trigger/L1TrackTrigger/620_SLHC10/Extended2023TTI/MinBias/MinBias_TuneZ2star_GEN_SIM_208.root
02-Feb-2015 22:53:26 GMT  Initiating request to open file root://xrootd.unl.edu//store/group/dpg_trigger/comm_trigger/L1TrackTrigger/620_SLHC10/Extended2023TTI/MinBias/MinBias_TuneZ2star_GEN_SIM_67.root
02-Feb-2015 22:53:57 GMT  Successfully opened file root://xrootd.unl.edu//store/group/dpg_trigger/comm_trigger/L1TrackTrigger/620_SLHC10/Extended2023TTI/MinBias/MinBias_TuneZ2star_GEN_SIM_67.root
150202 22:54:58 22250 Xrd: XrdClientMessage::ReadRaw: Failed to read header (8 bytes).
02-Feb-2015 22:56:20 GMT  Closed file root://xrootd.unl.edu//store/group/dpg_trigger/comm_trigger/L1TrackTrigger/620_SLHC10/Extended2023TTI/MinBias/MinBias_TuneZ2star_GEN_SIM_67.root
02-Feb-2015 22:56:20 GMT  Initiating request to open file root://xrootd.unl.edu//store/group/dpg_trigger/comm_trigger/L1TrackTrigger/620_SLHC10/Extended2023TTI/MinBias/MinBias_TuneZ2star_GEN_SIM_92.root
02-Feb-2015 22:56:52 GMT  Successfully opened file root://xrootd.unl.edu//store/group/dpg_trigger/comm_trigger/L1TrackTrigger/620_SLHC10/Extended2023TTI/MinBias/MinBias_TuneZ2star_GEN_SIM_92.root
150202 22:58:28 23922 Xrd: XrdClientMessage::ReadRaw: Failed to read header (8 bytes).
02-Feb-2015 22:59:32 GMT  Closed file root://xrootd.unl.edu//store/group/dpg_trigger/comm_trigger/L1TrackTrigger/620_SLHC10/Extended2023TTI/MinBias/MinBias_TuneZ2star_GEN_SIM_92.root
02-Feb-2015 22:59:32 GMT  Initiating request to open file root://xrootd.unl.edu//store/group/dpg_trigger/comm_trigger/L1TrackTrigger/620_SLHC10/Extended2023TTI/MinBias/MinBias_TuneZ2star_GEN_SIM_728.root
02-Feb-2015 23:00:03 GMT  Successfully opened file root://xrootd.unl.edu//store/group/dpg_trigger/comm_trigger/L1TrackTrigger/620_SLHC10/Extended2023TTI/MinBias/MinBias_TuneZ2star_GEN_SIM_728.root
150202 23:01:27 25399 Xrd: XrdClientMessage::ReadRaw: Failed to read header (8 bytes).
02-Feb-2015 23:04:22 GMT  Closed file root://xrootd.unl.edu//store/group/dpg_trigger/comm_trigger/L1TrackTrigger/620_SLHC10/Extended2023TTI/MinBias/MinBias_TuneZ2star_GEN_SIM_728.root
02-Feb-2015 23:04:22 GMT  Initiating request to open file root://xrootd.unl.edu//store/group/dpg_trigger/comm_trigger/L1TrackTrigger/620_SLHC10/Extended2023TTI/MinBias/MinBias_TuneZ2star_GEN_SIM_891.root
02-Feb-2015 23:04:54 GMT  Successfully opened file root://xrootd.unl.edu//store/group/dpg_trigger/comm_trigger/L1TrackTrigger/620_SLHC10/Extended2023TTI/MinBias/MinBias_TuneZ2star_GEN_SIM_891.root
150202 23:04:54 32572 Xrd: XrdClientMessage::ReadRaw: Failed to read header (8 bytes).
02-Feb-2015 23:08:47 GMT  Closed file root://xrootd.unl.edu//store/group/dpg_trigger/comm_trigger/L1TrackTrigger/620_SLHC10/Extended2023TTI/MinBias/MinBias_TuneZ2star_GEN_SIM_891.root
02-Feb-2015 23:08:47 GMT  Initiating request to open file root://xrootd.unl.edu//store/group/dpg_trigger/comm_trigger/L1TrackTrigger/620_SLHC10/Extended2023TTI/MinBias/MinBias_TuneZ2star_GEN_SIM_994.root
02-Feb-2015 23:09:18 GMT  Successfully opened file root://xrootd.unl.edu//store/group/dpg_trigger/comm_trigger/L1TrackTrigger/620_SLHC10/Extended2023TTI/MinBias/MinBias_TuneZ2star_GEN_SIM_994.root
150202 23:09:28 12139 Xrd: XrdClientMessage::ReadRaw: Failed to read header (8 bytes).
02-Feb-2015 23:10:19 GMT  Closed file root://dcap.pp.rl.ac.uk:1094/pnfs/pp.rl.ac.uk/data/cms/store/user/dcieri/ttbar_SIM/ttbar/ttbar_SIM/150129_145223/0000/step1_337.root
02-Feb-2015 23:10:19 GMT  Closed file root://xrootd.unl.edu//store/group/dpg_trigger/comm_trigger/L1TrackTrigger/620_SLHC10/Extended2023TTI/MinBias/MinBias_TuneZ2star_GEN_SIM_994.root

=============================================

MessageLogger Summary

 type     category        sev    module        subroutine        count    total
 ---- -------------------- -- ---------------- ----------------  -----    -----
    1 fileAction           -s MixingModule:mix                      69       69
    2 fileAction           -s MixingModule:mix                       2        2
    3 fileAction           -s MixingModule:mix                       1        1
    4 fileAction           -s file_close                             1        1
    5 fileAction           -s file_open                              2        2

 type    category    Examples: run/evt        run/evt          run/evt
 ---- -------------------- ---------------- ---------------- ----------------
    1 fileAction           1/3361           1/3361           1/3370
    2 fileAction           pre-events       pre-events       
    3 fileAction           PostEndRun                        
    4 fileAction           PostEndRun                        
    5 fileAction           pre-events       pre-events       

Severity    # Occurrences   Total Occurrences
--------    -------------   -----------------
System                 75                  75
>>> END OF printout of 224 lines from stdout+stderr
>>> Parse FrameworkJobReport crab_fjr.xml
Result of parsing the FrameworkJobReport crab_fjr.xml: 
Extracted ExitStatus from FrameworkJobReport parsing output: 0
>>> Executable succeded  0
ExeExitCode=0
EXECUTABLE_EXIT_STATUS = 0
>>> current directory /scratch/condor/dir_24430/glide_UuQUOA/execute/dir_5264/CMSSW_6_2_0_SLHC12
>>>  (SOFTWARE_DIR): /scratch/condor/dir_24430/glide_UuQUOA/execute/dir_5264/CMSSW_6_2_0_SLHC12
>>> (WORKING_DIR): 
>>> current directory content:
total 247016
drwxr-xr-x 3 cms415 gplcms      4096 Feb  2 20:25 .SCRAM
-rw------- 1 cms415 gplcms    915837 Feb  2 20:25 CMSSW.py.pkl
drwxr-xr-x 3 cms415 gplcms      4096 Feb  2 20:25 bin
drwxr-xr-x 3 cms415 gplcms      4096 Feb  2 20:25 cfipython
drwxr-xr-x 4 cms415 gplcms      4096 Apr 28  2014 config
-rw------- 1 cms415 gplcms        16 Feb  2 23:10 cpu_timing.txt
drwxr-xr-x 2 cms415 gplcms      4096 Feb  2 20:25 doc
-rw------- 1 cms415 gplcms     25173 Feb  2 23:10 executable.out
drwxr-xr-x 2 cms415 gplcms      4096 Feb  2 20:25 include
drwx------ 3 cms415 gplcms      4096 Oct  7 10:12 lib
drwxr-xr-x 3 cms415 gplcms      4096 Feb  2 20:25 logs
drwxr-xr-x 3 cms415 gplcms      4096 Feb  2 20:25 objs
-rw------- 1 cms415 gplcms       104 Feb  2 20:25 pset.py
-rw------- 1 cms415 gplcms    926823 Feb  2 20:25 pset.py.pkl
-rw------- 1 cms415 gplcms       289 Feb  2 20:25 pset.pyc
drwxr-xr-x 2 cms415 gplcms      4096 Feb  2 20:25 python
-rw------- 1 cms415 gplcms       359 Feb  2 23:10 report.log
drwxr-xr-x 2 cms415 gplcms      4096 Feb  2 20:25 src
-rw------- 1 cms415 gplcms 250737656 Feb  2 23:10 step2.root
drwxr-xr-x 3 cms415 gplcms      4096 Feb  2 20:25 test
drwxr-xr-x 3 cms415 gplcms      4096 Feb  2 20:25 tmp
>>> current directory /scratch/condor/dir_24430/glide_UuQUOA/execute/dir_5264/CMSSW_6_2_0_SLHC12
>>> (SOFTWARE_DIR): /scratch/condor/dir_24430/glide_UuQUOA/execute/dir_5264/CMSSW_6_2_0_SLHC12
>>> (WORKING_DIR): 
>>> current directory content:
total 247016
drwxr-xr-x 3 cms415 gplcms      4096 Feb  2 20:25 .SCRAM
-rw------- 1 cms415 gplcms    915837 Feb  2 20:25 CMSSW.py.pkl
drwxr-xr-x 3 cms415 gplcms      4096 Feb  2 20:25 bin
drwxr-xr-x 3 cms415 gplcms      4096 Feb  2 20:25 cfipython
drwxr-xr-x 4 cms415 gplcms      4096 Apr 28  2014 config
-rw------- 1 cms415 gplcms        16 Feb  2 23:10 cpu_timing.txt
drwxr-xr-x 2 cms415 gplcms      4096 Feb  2 20:25 doc
-rw------- 1 cms415 gplcms     25173 Feb  2 23:10 executable.out
drwxr-xr-x 2 cms415 gplcms      4096 Feb  2 20:25 include
drwx------ 3 cms415 gplcms      4096 Oct  7 10:12 lib
drwxr-xr-x 3 cms415 gplcms      4096 Feb  2 20:25 logs
drwxr-xr-x 3 cms415 gplcms      4096 Feb  2 20:25 objs
-rw------- 1 cms415 gplcms       104 Feb  2 20:25 pset.py
-rw------- 1 cms415 gplcms    926823 Feb  2 20:25 pset.py.pkl
-rw------- 1 cms415 gplcms       289 Feb  2 20:25 pset.pyc
drwxr-xr-x 2 cms415 gplcms      4096 Feb  2 20:25 python
-rw------- 1 cms415 gplcms       359 Feb  2 23:10 report.log
drwxr-xr-x 2 cms415 gplcms      4096 Feb  2 20:25 src
-rw------- 1 cms415 gplcms 250737656 Feb  2 23:10 step2_281_1_QuA.root
drwxr-xr-x 3 cms415 gplcms      4096 Feb  2 20:25 test
drwxr-xr-x 3 cms415 gplcms      4096 Feb  2 20:25 tmp
>>> current directory (RUNTIME_AREA):  /scratch/condor/dir_24430/glide_UuQUOA/execute/dir_5264
PNN = T2_UK_SGrid_RALPP
SE = heplnx204.pp.rl.ac.uk
SE_PATH = /srm/managerv2?SFN=/pnfs/pp.rl.ac.uk/data/cms/store/user/dcieri/ttbar_PU140_DIGI/dcieri/ttbar/ttbar_PU140_DIGI/3c0380cf82de79bc39966c93934c61fc/
LFNBaseName = /store/user/dcieri/ttbar_PU140_DIGI/dcieri/ttbar/ttbar_PU140_DIGI/3c0380cf82de79bc39966c93934c61fc/
USER = dcieri
endpoint = srm://heplnx204.pp.rl.ac.uk:8443/srm/managerv2?SFN=/pnfs/pp.rl.ac.uk/data/cms/store/user/dcieri/ttbar_PU140_DIGI/dcieri/ttbar/ttbar_PU140_DIGI/3c0380cf82de79bc39966c93934c61fc/
>>> Copy output files from WN = heplnc166.pp.rl.ac.uk to /srm/managerv2?SFN=/pnfs/pp.rl.ac.uk/data/cms/store/user/dcieri/ttbar_PU140_DIGI/dcieri/ttbar/ttbar_PU140_DIGI/3c0380cf82de79bc39966c93934c61fc/ :
python cmscp.py  --destination srm://heplnx204.pp.rl.ac.uk:8443/srm/managerv2?SFN=/pnfs/pp.rl.ac.uk/data/cms/store/user/dcieri/ttbar_PU140_DIGI/dcieri/ttbar/ttbar_PU140_DIGI/3c0380cf82de79bc39966c93934c61fc/ --inputFileList /scratch/condor/dir_24430/glide_UuQUOA/execute/dir_5264/CMSSW_6_2_0_SLHC12/step2_281_1_QuA.root --middleware LCG --PNN T2_UK_SGrid_RALPP --se_name heplnx204.pp.rl.ac.uk --for_lfn /store/user/dcieri/ttbar_PU140_DIGI/dcieri/ttbar/ttbar_PU140_DIGI/3c0380cf82de79bc39966c93934c61fc/    
******************************************************
localSeName  =  heplnx204.pp.rl.ac.uk
remoteSeName =  heplnx204.pp.rl.ac.uk
******************************************************
{"/scratch/condor/dir_24430/glide_UuQUOA/execute/dir_5264/CMSSW_6_2_0_SLHC12/step2_281_1_QuA.root": {"endpoint": "srm://heplnx204.pp.rl.ac.uk:8443/srm/managerv2?SFN=/pnfs/pp.rl.ac.uk/data/cms/store/user/dcieri/ttbar_PU140_DIGI/dcieri/ttbar/ttbar_PU140_DIGI/3c0380cf82de79bc39966c93934c61fc/", "surl_for_grid": "", "reason": "Copy succedeed with srm-lcg utils", "erCode": "0", "PNN": "T2_UK_SGrid_RALPP", "se_name": "heplnx204.pp.rl.ac.uk", "for_lfn": "/store/user/dcieri/ttbar_PU140_DIGI/dcieri/ttbar/ttbar_PU140_DIGI/3c0380cf82de79bc39966c93934c61fc/"}}/scratch/condor/dir_24430/glide_UuQUOA/execute/dir_5264
-------- cat /scratch/condor/dir_24430/glide_UuQUOA/execute/dir_5264/cmscpReport.sh 
#!/bin/bash
echo "Report for File: /scratch/condor/dir_24430/glide_UuQUOA/execute/dir_5264/CMSSW_6_2_0_SLHC12/step2_281_1_QuA.root"
echo "LFN: /store/user/dcieri/ttbar_PU140_DIGI/dcieri/ttbar/ttbar_PU140_DIGI/3c0380cf82de79bc39966c93934c61fc/step2_281_1_QuA.root"
echo "StorageElement: heplnx204.pp.rl.ac.uk"
echo "StageOutExitStatusReason = 'Copy succedeed with srm-lcg utils'" | tee -a $RUNTIME_AREA/$repo
echo "StageOutSE = heplnx204.pp.rl.ac.uk" >> $RUNTIME_AREA/$repo

export StageOutExitStatus=0
echo "StageOutExitStatus = 0" | tee -a $RUNTIME_AREA/$repo
-------- end of /scratch/condor/dir_24430/glide_UuQUOA/execute/dir_5264/cmscpReport.sh 
Report for File: /scratch/condor/dir_24430/glide_UuQUOA/execute/dir_5264/CMSSW_6_2_0_SLHC12/step2_281_1_QuA.root
LFN: /store/user/dcieri/ttbar_PU140_DIGI/dcieri/ttbar/ttbar_PU140_DIGI/3c0380cf82de79bc39966c93934c61fc/step2_281_1_QuA.root
StorageElement: heplnx204.pp.rl.ac.uk
StageOutExitStatusReason = 'Copy succedeed with srm-lcg utils'
StageOutExitStatus = 0
>>> current dir: /scratch/condor/dir_24430/glide_UuQUOA/execute/dir_5264
>>> current dir content:
total 8824
-rw-------  1 cms415 gplcms    2665 Feb  2 23:11 .SEinteraction.log
-rwx------  1 cms415 gplcms      53 Feb  2 20:23 .chirp_config
-rwx------  1 cms415 gplcms    7819 Feb  2 20:23 .job.ad
-rwx------  1 cms415 gplcms    9740 Feb  2 20:23 .machine.ad
-rw-------  1 cms415 gplcms     105 Feb  2 12:16 CMSSW.py
-rw-------  1 cms415 gplcms  915837 Feb  2 12:16 CMSSW.py.pkl
-rwx------  1 cms415 gplcms   29498 Feb  2 20:25 CMSSW.sh
drwxr-xr-x 15 cms415 gplcms    4096 Feb  2 23:10 CMSSW_6_2_0_SLHC12
-rw-------  1 cms415 gplcms     189 Feb  2 20:25 CacheEnv.sh
-rw-------  1 cms415 gplcms    7291 Nov 19 14:52 DashboardAPI.py
-rw-------  1 cms415 gplcms    6455 Feb  2 20:25 DashboardAPI.pyc
drwx------  2 cms415 gplcms    4096 Feb  2 23:10 IMProv
-rw-------  1 cms415 gplcms    2748 Nov 19 14:52 Logger.py
-rw-------  1 cms415 gplcms    3227 Feb  2 20:25 Logger.pyc
-rw-------  1 cms415 gplcms   24524 Nov 19 14:52 ProcInfo.py
-rw-------  1 cms415 gplcms   22621 Feb  2 20:25 ProcInfo.pyc
drwx------  7 cms415 gplcms    4096 Feb  2 20:25 ProdCommon
drwx------  3 cms415 gplcms    4096 Feb  2 20:25 WMCore
-rw-------  1 cms415 gplcms    9335 Feb  2 23:10 Watchdog_281.log
-rwx------  1 cms415 gplcms       0 Feb  2 20:25 _condor_stderr
-rwx---r--  1 cms415 gplcms   39915 Feb  2 23:11 _condor_stdout
-rw-------  1 cms415 gplcms   32895 Nov 19 14:52 apmon.py
-rw-------  1 cms415 gplcms   27929 Feb  2 20:25 apmon.pyc
-rwx------  1 cms415 gplcms  134309 Feb  2 20:25 arguments.xml
-rwx------  1 cms415 gplcms   38581 Nov 19 14:52 cmscp.py
-rw-------  1 cms415 gplcms     561 Feb  2 23:11 cmscpReport.sh
-rwx------  1 cms415 gplcms   29498 Feb  2 20:25 condor_exec.exe
-rw-------  1 cms415 gplcms     544 Feb  2 12:16 crab.cfg
-rwx------  1 cms415 gplcms    8610 Nov 19 14:52 crabWatchdog.sh
-rwx---r--  1 cms415 gplcms  112102 Feb  2 23:10 crab_fjr_281.xml
-rwx------  1 cms415 gplcms 7390485 Feb  2 20:25 default.tgz
-rwx------  1 cms415 gplcms    4488 Nov 19 14:52 fillCrabFjr.py
-rw-------  1 cms415 gplcms     226 Feb  2 20:25 inputsReport.txt
-rw-------  1 cms415 gplcms     244 Feb  2 23:11 jobreport.txt
-rw-------  1 cms415 gplcms   17352 Nov 19 14:52 parseCrabFjr.py
-rw-------  1 cms415 gplcms     324 Feb  2 20:25 report.log
-rwx--x--x  1 cms415 gplcms    1497 Nov 19 14:52 report.py
-rw-------  1 cms415 gplcms     554 Feb  2 23:11 resultCopyFile
lrwxrwxrwx  1 cms415 gplcms      95 Feb  2 23:10 step2.root -> /scratch/condor/dir_24430/glide_UuQUOA/execute/dir_5264/CMSSW_6_2_0_SLHC12/step2_281_1_QuA.root
-rwx------  1 cms415 gplcms    8351 Nov 19 14:52 writeCfg.py
-rw-------  1 cms415 gplcms   10293 Feb  2 20:23 x509up_u62281
>>> Modify Job Report:
CMSSW_VERSION = CMSSW_6_2_0_SLHC12
ProcessedDataset = ttbar_PU140_DIGI
/scratch/condor/dir_24430/glide_UuQUOA/execute/dir_5264/ProdCommon/FwkJobRep/ModifyJobReport.py fjr /scratch/condor/dir_24430/glide_UuQUOA/execute/dir_5264/crab_fjr_281.xml json /scratch/condor/dir_24430/glide_UuQUOA/execute/dir_5264/resultCopyFile n_job 281_1_QuA PrimaryDataset ttbar  ApplicationFamily cmsRun ApplicationName cmsRun cmssw_version CMSSW_6_2_0_SLHC12 psethash 3c0380cf82de79bc39966c93934c61fc UserProcessedDataset dcieri-ttbar_PU140_DIGI-3c0380cf82de79bc39966c93934c61fc
inputDict =  {u'/scratch/condor/dir_24430/glide_UuQUOA/execute/dir_5264/CMSSW_6_2_0_SLHC12/step2_281_1_QuA.root': {u'endpoint': u'srm://heplnx204.pp.rl.ac.uk:8443/srm/managerv2?SFN=/pnfs/pp.rl.ac.uk/data/cms/store/user/dcieri/ttbar_PU140_DIGI/dcieri/ttbar/ttbar_PU140_DIGI/3c0380cf82de79bc39966c93934c61fc/', u'surl_for_grid': u'', u'reason': u'Copy succedeed with srm-lcg utils', u'erCode': u'0', u'PNN': u'T2_UK_SGrid_RALPP', u'se_name': u'heplnx204.pp.rl.ac.uk', u'for_lfn': u'/store/user/dcieri/ttbar_PU140_DIGI/dcieri/ttbar/ttbar_PU140_DIGI/3c0380cf82de79bc39966c93934c61fc/'}}
UserProcessedDataset =  dcieri-ttbar_PU140_DIGI-3c0380cf82de79bc39966c93934c61fc
WORKING ON EDM FILE
file_name in inputDict =  /scratch/condor/dir_24430/glide_UuQUOA/execute/dir_5264/CMSSW_6_2_0_SLHC12/step2_281_1_QuA.root
(size) os.stat(filename)[6] =  250737656
checksum =  1151679646
    file =  step2_281_1_QuA.root
    newPfn =  srm://heplnx204.pp.rl.ac.uk:8443/srm/managerv2?SFN=/pnfs/pp.rl.ac.uk/data/cms/store/user/dcieri/ttbar_PU140_DIGI/dcieri/ttbar/ttbar_PU140_DIGI/3c0380cf82de79bc39966c93934c61fc/step2_281_1_QuA.root
    newLfn =  /store/user/dcieri/ttbar_PU140_DIGI/dcieri/ttbar/ttbar_PU140_DIGI/3c0380cf82de79bc39966c93934c61fc/step2_281_1_QuA.root
>>> crab_fjr_*.xml  permission set to 0704
CrabWrapper EXIT_FUNC entered at Mon Feb  2 23:11:15 GMT 2015   -  Mon Feb  2 23:11:15 UTC 2015
Checking output files:  
will tar file crab_fjr_281.xml in  out_files_281
WARNING: output file CMSSW_281.stdout not found!
WARNING: output file CMSSW_281.stderr not found!
WARNING: output file Watchdog_281.log.gz not found!
>>> padding time: Wrapper lasting more than 600 seconds. No sleep required.
STOPPING WATCHDOG. CrabWatchdog PID is 6790
********** LAST 50 LINES OF WATCHDOG LOG
 Feb 02 20:40:47 GMT	6922	841588	1244532	52	84	904	cmsRun -j /scratch/condor/dir_24430/glide_UuQUOA/execute/dir_5264/crab_fjr_281.xml -p pset.py      
 Feb 02 20:41:48 GMT	6922	841924	1244532	52	86	965	cmsRun -j /scratch/condor/dir_24430/glide_UuQUOA/execute/dir_5264/crab_fjr_281.xml -p pset.py      
 Feb 02 20:42:48 GMT	6922	845640	1248372	52	88	1025	cmsRun -j /scratch/condor/dir_24430/glide_UuQUOA/execute/dir_5264/crab_fjr_281.xml -p pset.py      
 Feb 02 20:43:48 GMT	6922	847312	1248372	52	90	1085	cmsRun -j /scratch/condor/dir_24430/glide_UuQUOA/execute/dir_5264/crab_fjr_281.xml -p pset.py      
 Feb 02 20:44:48 GMT	6922	850260	1251188	52	91	1146	cmsRun -j /scratch/condor/dir_24430/glide_UuQUOA/execute/dir_5264/crab_fjr_281.xml -p pset.py      
 Feb 02 20:45:49 GMT	6922	855728	1251700	52	93	1206	cmsRun -j /scratch/condor/dir_24430/glide_UuQUOA/execute/dir_5264/crab_fjr_281.xml -p pset.py      
 Feb 02 20:46:49 GMT	6922	864596	1260916	52	95	1266	cmsRun -j /scratch/condor/dir_24430/glide_UuQUOA/execute/dir_5264/crab_fjr_281.xml -p pset.py      
 Feb 02 20:47:49 GMT	6922	874068	1273716	52	97	1326	cmsRun -j /scratch/condor/dir_24430/glide_UuQUOA/execute/dir_5264/crab_fjr_281.xml -p pset.py      
 Feb 02 20:48:49 GMT	6922	923312	1320052	52	102	1386	cmsRun -j /scratch/condor/dir_24430/glide_UuQUOA/execute/dir_5264/crab_fjr_281.xml -p pset.py      
 Feb 02 20:49:49 GMT	6922	969548	1365876	52	108	1447	cmsRun -j /scratch/condor/dir_24430/glide_UuQUOA/execute/dir_5264/crab_fjr_281.xml -p pset.py      
 Feb 02 20:50:50 GMT	6922	998072	1390964	52	112	1507	cmsRun -j /scratch/condor/dir_24430/glide_UuQUOA/execute/dir_5264/crab_fjr_281.xml -p pset.py      
 Feb 02 20:51:50 GMT	6922	999632	1392756	52	114	1567	cmsRun -j /scratch/condor/dir_24430/glide_UuQUOA/execute/dir_5264/crab_fjr_281.xml -p pset.py      
 Feb 02 20:52:50 GMT	6922	1002680	1394036	52	115	1627	cmsRun -j /scratch/condor/dir_24430/glide_UuQUOA/execute/dir_5264/crab_fjr_281.xml -p pset.py      
 Feb 02 20:54:50 GMT	6922	1005736	1398388	52	120	1747	cmsRun -j /scratch/condor/dir_24430/glide_UuQUOA/execute/dir_5264/crab_fjr_281.xml -p pset.py      
# TIME			PID	RSS(KB)	VSZ(KB)	Dsk(MB)	tCPU(s)	tWALL(s)	COMMAND
 Feb 02 20:55:50 GMT	6922	1099640	1516696	52	133	1808	cmsRun -j /scratch/condor/dir_24430/glide_UuQUOA/execute/dir_5264/crab_fjr_281.xml -p pset.py      
 Feb 02 20:56:51 GMT	6922	1119184	1655088	52	153	1868	cmsRun -j /scratch/condor/dir_24430/glide_UuQUOA/execute/dir_5264/crab_fjr_281.xml -p pset.py      
 Feb 02 20:56:51 GMT	---	1119184	1655088	74	----	----	----
 Feb 02 20:57:51 GMT	6922	1119972	1655088	74	155	1928	cmsRun -j /scratch/condor/dir_24430/glide_UuQUOA/execute/dir_5264/crab_fjr_281.xml -p pset.py      
 Feb 02 20:58:51 GMT	6922	1126212	1655088	74	157	1988	cmsRun -j /scratch/condor/dir_24430/glide_UuQUOA/execute/dir_5264/crab_fjr_281.xml -p pset.py      
 Feb 02 20:59:51 GMT	6922	1133664	1655088	74	160	2048	cmsRun -j /scratch/condor/dir_24430/glide_UuQUOA/execute/dir_5264/crab_fjr_281.xml -p pset.py      
 Feb 02 21:00:51 GMT	6922	1138556	1655088	74	162	2109	cmsRun -j /scratch/condor/dir_24430/glide_UuQUOA/execute/dir_5264/crab_fjr_281.xml -p pset.py      
 Feb 02 21:01:52 GMT	6922	1140748	1655088	74	165	2169	cmsRun -j /scratch/condor/dir_24430/glide_UuQUOA/execute/dir_5264/crab_fjr_281.xml -p pset.py      
 Feb 02 21:02:52 GMT	6922	1142056	1655088	74	168	2229	cmsRun -j /scratch/condor/dir_24430/glide_UuQUOA/execute/dir_5264/crab_fjr_281.xml -p pset.py      
 Feb 02 21:06:53 GMT	6922	1143364	1660468	74	179	2470	cmsRun -j /scratch/condor/dir_24430/glide_UuQUOA/execute/dir_5264/crab_fjr_281.xml -p pset.py      
 Feb 02 21:07:53 GMT	6922	1147676	1663540	74	184	2530	cmsRun -j /scratch/condor/dir_24430/glide_UuQUOA/execute/dir_5264/crab_fjr_281.xml -p pset.py      
 Feb 02 21:08:53 GMT	6922	1152652	1667380	74	190	2590	cmsRun -j /scratch/condor/dir_24430/glide_UuQUOA/execute/dir_5264/crab_fjr_281.xml -p pset.py      
 Feb 02 21:09:53 GMT	6922	1252608	1673268	74	203	2650	cmsRun -j /scratch/condor/dir_24430/glide_UuQUOA/execute/dir_5264/crab_fjr_281.xml -p pset.py      
 Feb 02 21:11:54 GMT	6922	1277492	1683252	74	207	2771	cmsRun -j /scratch/condor/dir_24430/glide_UuQUOA/execute/dir_5264/crab_fjr_281.xml -p pset.py      
 Feb 02 21:12:54 GMT	6922	1286860	1695796	74	210	2832	cmsRun -j /scratch/condor/dir_24430/glide_UuQUOA/execute/dir_5264/crab_fjr_281.xml -p pset.py      
 Feb 02 21:13:55 GMT	6922	1289692	1697588	74	213	2892	cmsRun -j /scratch/condor/dir_24430/glide_UuQUOA/execute/dir_5264/crab_fjr_281.xml -p pset.py      
 Feb 02 21:14:55 GMT	6922	1294084	1701428	74	216	2953	cmsRun -j /scratch/condor/dir_24430/glide_UuQUOA/execute/dir_5264/crab_fjr_281.xml -p pset.py      
 Feb 02 21:15:56 GMT	6922	1430812	1846324	74	230	3013	cmsRun -j /scratch/condor/dir_24430/glide_UuQUOA/execute/dir_5264/crab_fjr_281.xml -p pset.py      
 Feb 02 21:15:56 GMT	---	1430812	1846324	76	----	----	----
 Feb 02 21:16:56 GMT	---	1430812	1846324	96	----	----	----
 Feb 02 21:34:59 GMT	6922	1479336	1894708	96	315	4156	cmsRun -j /scratch/condor/dir_24430/glide_UuQUOA/execute/dir_5264/crab_fjr_281.xml -p pset.py      
 Feb 02 21:35:59 GMT	---	1479336	1894708	120	----	----	----
 Feb 02 21:53:03 GMT	---	1479336	1894708	141	----	----	----
 Feb 02 22:12:07 GMT	6922	1509456	1894708	141	490	6384	cmsRun -j /scratch/condor/dir_24430/glide_UuQUOA/execute/dir_5264/crab_fjr_281.xml -p pset.py      
 Feb 02 22:13:07 GMT	---	1509456	1894708	165	----	----	----
 Feb 02 22:35:12 GMT	6922	1512272	1894708	165	570	7769	cmsRun -j /scratch/condor/dir_24430/glide_UuQUOA/execute/dir_5264/crab_fjr_281.xml -p pset.py      
 Feb 02 22:36:12 GMT	---	1512272	1894708	189	----	----	----
 Feb 02 22:43:13 GMT	6922	1512272	1899024	189	643	8251	cmsRun -j /scratch/condor/dir_24430/glide_UuQUOA/execute/dir_5264/crab_fjr_281.xml -p pset.py      
 Feb 02 22:44:14 GMT	6922	1512272	1903376	189	651	8311	cmsRun -j /scratch/condor/dir_24430/glide_UuQUOA/execute/dir_5264/crab_fjr_281.xml -p pset.py      
 Feb 02 22:45:14 GMT	6922	1612420	1966608	189	669	8371	cmsRun -j /scratch/condor/dir_24430/glide_UuQUOA/execute/dir_5264/crab_fjr_281.xml -p pset.py      
 Feb 02 22:45:14 GMT	---	1612420	1966608	194	----	----	----
 Feb 02 22:46:14 GMT	---	1612420	1966608	210	----	----	----
 Feb 02 22:53:16 GMT	---	1612420	1966608	233	----	----	----
 Feb 02 23:01:17 GMT	---	1612420	1966608	253	----	----	----
 Feb 02 23:10:20 GMT	---	1612420	1966608	277	----	----	----
********** WATCHDOG LOG ENDED
ZIPPING WATCHDOG LOG
Disk space used:
du -sh /scratch/condor/dir_24430/glide_UuQUOA/execute/dir_5264
277M	/scratch/condor/dir_24430/glide_UuQUOA/execute/dir_5264
Found unusual stdout, rename for OSB
`/scratch/condor/dir_24430/glide_UuQUOA/execute/dir_5264/_condor_stdout' -> `CMSSW_281.stdout'
Found unusual stderr, rename for OSB
`/scratch/condor/dir_24430/glide_UuQUOA/execute/dir_5264/_condor_stdout' -> `CMSSW_281.stderr'
crab_fjr_281.xml
CMSSW_281.stdout
CMSSW_281.stderr
Watchdog_281.log.gz
Total Output dimension: 24412
WARNING: output files size limit is set to: 50000000
Total Output dimension 24412 is fine.
JOB_EXIT_STATUS = 0
>>> info for dashboard:
***** Cat /scratch/condor/dir_24430/glide_UuQUOA/execute/dir_5264/jobreport.txt *****
MonitorJobID=281_https://submit-6.t2.ucsd.edu//150202//509447.280
MonitorID=dcieri_PU140_4dm08r
ExeTime=9874
ExeExitCode=0
StageOutExitStatusReason = 'Copy succedeed with srm-lcg utils'
StageOutSE = heplnx204.pp.rl.ac.uk
StageOutExitStatus = 0
CrabUserCpuTime=892.29
CrabSysCpuTime=34.98
CrabCpuPercentage=9%
CrabWrapperTime=9936
CrabStageoutTime=48
JobExitCode=0
***** End Cat jobreport *****
Parameters sent to Dashboard.
EXITING at Mon Feb  2 23:11:17 GMT 2015  -  Mon Feb  2 23:11:17 UTC 2015
