This script was generated by crab (version 2.11.1_patch1).
Running /scratch/condor/dir_24455/glide_tBmuwj/execute/dir_29146/condor_exec.exe with 2 positional parameters: 41 1
Today is Mon Feb  2 19:07:58 GMT 2015 - Mon Feb  2 19:07:58 UTC 2015
Job submitted on host heplnc366.pp.rl.ac.uk
Linux heplnc366.pp.rl.ac.uk 2.6.32-504.3.3.el6.x86_64 #1 SMP Tue Dec 16 14:29:22 CST 2014 x86_64 x86_64 x86_64 GNU/Linux
Distributor ID:	Scientific
Description:	Scientific Linux release 6.6 (Carbon)
>>> current directory (RUNTIME_AREA): /scratch/condor/dir_24455/glide_tBmuwj/execute/dir_29146
>>> current user: uid=157415(cms415) gid=157000(gplcms) groups=157000(gplcms)
>>> directory permission set to 0700
>>> umask set to:  u=rwx,g=,o=
>>> stdout stderr permission set to 0704
>>> voms proxy information:
subject   : /DC=ch/DC=cern/OU=Organic Units/OU=Users/CN=dcieri/CN=755391/CN=Davide Cieri/CN=769881070/CN=154038631
issuer    : /DC=ch/DC=cern/OU=Organic Units/OU=Users/CN=dcieri/CN=755391/CN=Davide Cieri/CN=769881070
identity  : /DC=ch/DC=cern/OU=Organic Units/OU=Users/CN=dcieri/CN=755391/CN=Davide Cieri
type      : RFC3820 compliant limited proxy
strength  : 1024
path      : /scratch/condor/dir_24455/glide_tBmuwj/execute/dir_29146/x509up_u62281
timeleft  : 23:57:21
key usage : Digital Signature, Key Encipherment
=== VO cms extension information ===
VO        : cms
subject   : /DC=ch/DC=cern/OU=Organic Units/OU=Users/CN=dcieri/CN=755391/CN=Davide Cieri
issuer    : /DC=ch/DC=cern/OU=computers/CN=lcg-voms2.cern.ch
attribute : /cms/Role=NULL/Capability=NULL
timeleft  : 185:08:26
uri       : lcg-voms2.cern.ch:15002

WNHostName=heplnc366.pp.rl.ac.uk
$_CONDOR_JOB_AD =/scratch/condor/dir_24455/glide_tBmuwj/execute/dir_29146/.job.ad
OverflowFlag=0
>>> tar --no-same-permissions -xf /scratch/condor/dir_24455/glide_tBmuwj/execute/dir_29146/default.tgz :
Successful untar
>>> Include /scratch/condor/dir_24455/glide_tBmuwj/execute/dir_29146 in PYTHONPATH:
strip arguments
env var CRAB_UNIQUE_JOB_ID set to: dcieri_PU140_4dm08r_41_1_x3c
out_files_41
>>> list of expected files on output sandbox
output files: crab_fjr_41.xml CMSSW_41.stdout CMSSW_41.stderr Watchdog_41.log.gz
>>> GridFlavour discovery: 
GridFlavour=LCG
>>> SyncSite discovery: 
SyncSite=T2_UK_SGrid_RALPP
>>> SyncCE discovery: 
getting SyncCE from GLIDEIN_Gaekeeper
SyncCE=heplnv146.pp.rl.ac.uk
>>> info for dashboard:
***** Cat /scratch/condor/dir_24455/glide_tBmuwj/execute/dir_29146/jobreport.txt *****
WNHostName=heplnc366.pp.rl.ac.uk
OverflowFlag=0
MonitorJobID=41_https://submit-6.t2.ucsd.edu//150202//509447.40
SyncGridJobId=https://submit-6.t2.ucsd.edu//150202//509447.40
MonitorID=dcieri_PU140_4dm08r
GridFlavour=LCG
SyncSite=T2_UK_SGrid_RALPP
SyncCE=heplnv146.pp.rl.ac.uk
***** End Cat jobreport *****
Parameters sent to Dashboard.
>>> setup environment
set SCRAM ARCH to slc6_amd64_gcc472
SCRAM_ARCH = slc6_amd64_gcc472
>>> setup CMS LCG environment:
set SCRAM ARCH and BUILD_ARCH to slc6_amd64_gcc472 ###
Sourcing environment... 
sourcing /cvmfs/cms.cern.ch/cmsset_default.sh
==> setup cms environment ok
>>> specific cmssw setup environment:
CMSSW_VERSION =  CMSSW_6_2_0_SLHC12
WARNING: In non-interactive mode release checks e.g. deprecated releases, production architectures are disabled.
>>> current directory (SOFTWARE_DIR): /scratch/condor/dir_24455/glide_tBmuwj/execute/dir_29146/CMSSW_6_2_0_SLHC12
PreserveSeeds: <>
IncrementSeeds:<>
>>> info for dashboard:
***** Cat /scratch/condor/dir_24455/glide_tBmuwj/execute/dir_29146/jobreport.txt *****
MonitorJobID=41_https://submit-6.t2.ucsd.edu//150202//509447.40
MonitorID=dcieri_PU140_4dm08r
***** End Cat jobreport *****
Parameters sent to Dashboard.
crabWatchdog started as process 32220
>>> moving CMSSW software directories in /scratch/condor/dir_24455/glide_tBmuwj/execute/dir_29146/CMSSW_6_2_0_SLHC12
mv: cannot stat `/scratch/condor/dir_24455/glide_tBmuwj/execute/dir_29146/module/': No such file or directory
>>> Include /scratch/condor/dir_24455/glide_tBmuwj/execute/dir_29146 in PYTHONPATH:
PYTHONPATH=/scratch/condor/dir_24455/glide_tBmuwj/execute/dir_29146/:/scratch/condor/dir_24455/glide_tBmuwj/execute/dir_29146/CMSSW_6_2_0_SLHC12/python:/scratch/condor/dir_24455/glide_tBmuwj/execute/dir_29146/CMSSW_6_2_0_SLHC12/lib/slc6_amd64_gcc472:/cvmfs/cms.cern.ch/slc6_amd64_gcc472/cms/cmssw/CMSSW_6_2_0_SLHC12/python:/cvmfs/cms.cern.ch/slc6_amd64_gcc472/cms/cmssw/CMSSW_6_2_0_SLHC12/lib/slc6_amd64_gcc472:/cvmfs/cms.cern.ch/slc6_amd64_gcc472/cms/coral/CORAL_2_3_21-cms35/slc6_amd64_gcc472/python:/cvmfs/cms.cern.ch/slc6_amd64_gcc472/cms/coral/CORAL_2_3_21-cms35/slc6_amd64_gcc472/lib:/cvmfs/cms.cern.ch/slc6_amd64_gcc472/external/python-ldap/2.3.5-cms5/lib/python2.7/site-packages:/cvmfs/cms.cern.ch/slc6_amd64_gcc472/external/pyqt/4.8.1-cms5/lib/python2.7/site-packages:/cvmfs/cms.cern.ch/slc6_amd64_gcc472/external/py2-scipy/0.8.0-cms7/lib/python2.7/site-packages:/cvmfs/cms.cern.ch/slc6_amd64_gcc472/external/py2-matplotlib/1.0.1-cms7/lib/python2.7/site-packages:/cvmfs/cms.cern.ch/slc6_amd64_gcc472/external/sip/4.11.2-cms5/lib/python2.7/site-packages:/cvmfs/cms.cern.ch/slc6_amd64_gcc472/external/py2-pycurl/7.19.0-cms7/lib/python2.7/site-packages:/cvmfs/cms.cern.ch/slc6_amd64_gcc472/external/py2-numpy/1.6.1-cms7/lib/python2.7/site-packages:/cvmfs/cms.cern.ch/slc6_amd64_gcc472/external/py2-lint/0.25.1-cms5/lib/python2.7/site-packages:/cvmfs/cms.cern.ch/slc6_amd64_gcc472/external/py2-ipython/0.10-cms5/lib/python2.7/site-packages:/cvmfs/cms.cern.ch/slc6_amd64_gcc472/external/py2-cx-oracle/5.1-cms5/lib/python2.7/site-packages:/cvmfs/cms.cern.ch/slc6_amd64_gcc472/external/py2-cjson/1.0.5-cms5/lib/python2.7/site-packages:/cvmfs/cms.cern.ch/slc6_amd64_gcc472/cms/das-client/1.11.7/bin:/cvmfs/cms.cern.ch/slc6_amd64_gcc472/external/elementtree/1.2.6-cms5/share/lib/python2.7/site-packages:/cvmfs/cms.cern.ch/slc6_amd64_gcc472/external/rivet/1.8.2-cms9/lib/python2.7/site-packages:/cvmfs/cms.cern.ch/slc6_amd64_gcc472/external/pyminuit2/0.0.1-cms19/lib/python2.7/site-packages:/cvmfs/cms.cern.ch/slc6_amd64_gcc472/external/py2-pygithub/1.23.0-cms2/lib/python2.7/site-packages:/cvmfs/cms.cern.ch/slc6_amd64_gcc472/external/professor/1.0.0-cms19/lib/python2.7/site-packages:/cvmfs/cms.cern.ch/slc6_amd64_gcc472/lcg/root/5.34.07-cms/lib:/cvmfs/cms.cern.ch/slc6_amd64_gcc472/cms/dbs-client/DBS_2_1_9-cms5/lib:/cvmfs/cms.cern.ch/slc6_amd64_gcc472/cms/dbs-client/DBS_2_1_9-cms5/lib/DBSAPI:/cvmfs/cms.cern.ch/slc6_amd64_gcc472/external/cvs2git/5419-cms/lib:/scratch/condor/dir_24455/glide_tBmuwj/execute/dir_29146/
 
# LIMITS USED BY CRAB WATCHDOG:
# RSS  (KBytes)   : 2300000
# VSZ  (KBytes)   : 100000000
# DISK (MBytes)   : 19000
# CPU TIME        : 720h:0m:0s
# WALL CLOCK TIME : 21h:50m:0s
 
3c0380cf82de79bc39966c93934c61fc
PSETHASH = 3c0380cf82de79bc39966c93934c61fc
/scratch/condor/dir_24455/glide_tBmuwj/execute/dir_29146/writeCfg.py pset.py pset.py
Importing .py file
Setting parameters
RandomNumberGeneratorService found, will attempt to change seeds
inputBlocks=/ttbar/dcieri-ttbar_SIM-130075366148575c102f0d64fd3ac8f7/USER#61fb3af0-2cd9-4c22-a912-0e1a7ef51606
inputFiles=/store/user/dcieri/ttbar_SIM/ttbar/ttbar_SIM/150129_145223/0000/step1_116.root
parentFiles=
lumisRange=
>>> Executable cmsRun
/cvmfs/cms.cern.ch/slc6_amd64_gcc472/cms/cmssw/CMSSW_6_2_0_SLHC12/bin/slc6_amd64_gcc472/cmsRun
ok executable found
>>> info for dashboard:
***** Cat /scratch/condor/dir_24455/glide_tBmuwj/execute/dir_29146/jobreport.txt *****
MonitorJobID=41_https://submit-6.t2.ucsd.edu//150202//509447.40
MonitorID=dcieri_PU140_4dm08r
ExeStart=cmsRun
***** End Cat jobreport *****
Parameters sent to Dashboard.
>>> cmsRun started at Mon Feb  2 19:08:12 UTC 2015
>>> cmsRun ended at Mon Feb  2 22:44:37 UTC 2015
>>> crab_fjr_*.xml  permission set to 0704
>>> info for dashboard:
***** Cat /scratch/condor/dir_24455/glide_tBmuwj/execute/dir_29146/jobreport.txt *****
MonitorJobID=41_https://submit-6.t2.ucsd.edu//150202//509447.40
MonitorID=dcieri_PU140_4dm08r
ExeEnd=cmsRun
***** End Cat jobreport *****
Parameters sent to Dashboard.
TIME_EXE = 12985 sec
>>> cmsRun wrote 249 lines of stdout+stderr
>>> START OF printout of 249 lines from stdout+stderr
271 DQMStore::DQMStore 
HcalTopologyIdealEP::HcalTopologyIdealEP
02-Feb-2015 19:08:28 GMT  Initiating request to open file root://dcap.pp.rl.ac.uk:1094/pnfs/pp.rl.ac.uk/data/cms/store/user/dcieri/ttbar_SIM/ttbar/ttbar_SIM/150129_145223/0000/step1_116.root
150202 19:08:29 32520 Xrd: CheckErrorStatus: Server [heplnx210.pp.rl.ac.uk:1094] declared: Request 3018 not supported(error code: 3013)
02-Feb-2015 19:08:30 GMT  Successfully opened file root://dcap.pp.rl.ac.uk:1094/pnfs/pp.rl.ac.uk/data/cms/store/user/dcieri/ttbar_SIM/ttbar/ttbar_SIM/150129_145223/0000/step1_116.root
02-Feb-2015 19:08:31 GMT  Initiating request to open file root://xrootd.unl.edu//store/group/dpg_trigger/comm_trigger/L1TrackTrigger/620_SLHC10/Extended2023TTI/MinBias/MinBias_TuneZ2star_GEN_SIM_1.root
02-Feb-2015 19:09:02 GMT  Successfully opened file root://xrootd.unl.edu//store/group/dpg_trigger/comm_trigger/L1TrackTrigger/620_SLHC10/Extended2023TTI/MinBias/MinBias_TuneZ2star_GEN_SIM_1.root
disableME1a = 0
HcalTopologyIdealEP::produce(const IdealGeometryRecord& iRecord)
mode = 2, maxDepthHB = 3, maxDepthHE = 5
RPCGeometryESModule :: produce
RPCGeometryESModule :: produce :: 1/4 Get Muon Ideal Geometry Record
RPCGeometryESModule :: produce :: 2/4 Get Muon DDD Constants
RPCGeometryESModule :: produce :: 3/4 Get Muon Numbering Record
in MuonNumberingInitialization::initializeMuonDDDConstants
about to make my new muonDDDConst_
in MuonNumberingInitialization::produce
RPCGeometryESModule :: produce :: 4/4 Build
Found:

	Barrel Stack layer 5 : 1008 stacks
	Barrel Stack layer 6 : 1320 stacks
	Barrel Stack layer 7 : 1836 stacks
	Barrel Stack layer 8 : 1152 stacks
	Barrel Stack layer 9 : 1488 stacks
	Barrel Stack layer 10 : 1824 stacks

	Endcap Stack disk 11 : 1360 stacks
	Endcap Stack disk 12 : 1360 stacks
	Endcap Stack disk 13 : 1360 stacks
	Endcap Stack disk 14 : 1360 stacks
	Endcap Stack disk 15 : 1360 stacks
Created 15428 stacks in 16 s

TTClusterBuilder< edm::Ref<edm::DetSetVector<PixelDigi>, PixelDigi, edm::refhelper::FindForDetSetVector<PixelDigi> > > loaded modules:
	TTClusterAlgorithm:	TTClusterAlgorithm_2d2013< edm::Ref<edm::DetSetVector<PixelDigi>, PixelDigi, edm::refhelper::FindForDetSetVector<PixelDigi> > >


TTStubBuilder< edm::Ref<edm::DetSetVector<PixelDigi>, PixelDigi, edm::refhelper::FindForDetSetVector<PixelDigi> > > loaded modules:
	TTStubAlgorithm:	TTStubAlgorithm_tab2013< edm::Ref<edm::DetSetVector<PixelDigi>, PixelDigi, edm::refhelper::FindForDetSetVector<PixelDigi> > >


TTClusterAssociator< edm::Ref<edm::DetSetVector<PixelDigi>, PixelDigi, edm::refhelper::FindForDetSetVector<PixelDigi> > > loaded.


TTStubAssociator< edm::Ref<edm::DetSetVector<PixelDigi>, PixelDigi, edm::refhelper::FindForDetSetVector<PixelDigi> > > loaded.


TTTrackAssociator< edm::Ref<edm::DetSetVector<PixelDigi>, PixelDigi, edm::refhelper::FindForDetSetVector<PixelDigi> > > loaded.

Begin processing the 1st record. Run 1, Event 1151, LumiSection 116 at 02-Feb-2015 19:09:36.934 GMT
02-Feb-2015 19:09:43 GMT  Closed file root://xrootd.unl.edu//store/group/dpg_trigger/comm_trigger/L1TrackTrigger/620_SLHC10/Extended2023TTI/MinBias/MinBias_TuneZ2star_GEN_SIM_1.root
02-Feb-2015 19:09:43 GMT  Initiating request to open file root://xrootd.unl.edu//store/group/dpg_trigger/comm_trigger/L1TrackTrigger/620_SLHC10/Extended2023TTI/MinBias/MinBias_TuneZ2star_GEN_SIM_963.root
02-Feb-2015 19:10:39 GMT  Successfully opened file root://xrootd.unl.edu//store/group/dpg_trigger/comm_trigger/L1TrackTrigger/620_SLHC10/Extended2023TTI/MinBias/MinBias_TuneZ2star_GEN_SIM_963.root
150202 19:14:59 1728 Xrd: XrdClientMessage::ReadRaw: Failed to read header (8 bytes).
150202 19:15:58 1726 Xrd: XrdClientMessage::ReadRaw: Failed to read header (8 bytes).
02-Feb-2015 19:18:36 GMT  Closed file root://xrootd.unl.edu//store/group/dpg_trigger/comm_trigger/L1TrackTrigger/620_SLHC10/Extended2023TTI/MinBias/MinBias_TuneZ2star_GEN_SIM_963.root
02-Feb-2015 19:18:36 GMT  Initiating request to open file root://xrootd.unl.edu//store/group/dpg_trigger/comm_trigger/L1TrackTrigger/620_SLHC10/Extended2023TTI/MinBias/MinBias_TuneZ2star_GEN_SIM_962.root
150202 19:18:42 19943 Xrd: CheckErrorStatus: Server [llrxrd-redir.in2p3.fr:1094] declared: session not found(error code: 3011)
02-Feb-2015 19:18:43 GMT  Successfully opened file root://xrootd.unl.edu//store/group/dpg_trigger/comm_trigger/L1TrackTrigger/620_SLHC10/Extended2023TTI/MinBias/MinBias_TuneZ2star_GEN_SIM_962.root
150202 19:23:58 5040 Xrd: XrdClientMessage::ReadRaw: Failed to read header (8 bytes).
150202 19:23:59 20234 Xrd: XrdClientMessage::ReadRaw: Failed to read header (8 bytes).
150202 19:28:58 815 Xrd: XrdClientMessage::ReadRaw: Failed to read header (8 bytes).
02-Feb-2015 19:29:07 GMT  Closed file root://xrootd.unl.edu//store/group/dpg_trigger/comm_trigger/L1TrackTrigger/620_SLHC10/Extended2023TTI/MinBias/MinBias_TuneZ2star_GEN_SIM_962.root
02-Feb-2015 19:29:07 GMT  Initiating request to open file root://xrootd.unl.edu//store/group/dpg_trigger/comm_trigger/L1TrackTrigger/620_SLHC10/Extended2023TTI/MinBias/MinBias_TuneZ2star_GEN_SIM_451.root
150202 19:29:38 6697 Xrd: CheckErrorStatus: Server [xrootd-redic.pi.infn.it:1094] declared: session not found(error code: 3011)
02-Feb-2015 19:29:38 GMT  Successfully opened file root://xrootd.unl.edu//store/group/dpg_trigger/comm_trigger/L1TrackTrigger/620_SLHC10/Extended2023TTI/MinBias/MinBias_TuneZ2star_GEN_SIM_451.root
150202 19:30:59 5039 Xrd: XrdClientMessage::ReadRaw: Failed to read header (8 bytes).
Building the geometry service
Warning did not find digi
Warning did not find digi
Warning did not find digi
Warning did not find digi
Warning did not find digi in disks
Warning did not find digi in disks
Warning did not find digi in disks
Warning did not find digi in disks
150202 19:34:28 20235 Xrd: XrdClientMessage::ReadRaw: Failed to read header (8 bytes).
150202 19:34:58 7868 Xrd: XrdClientMessage::ReadRaw: Failed to read header (8 bytes).
150202 19:38:58 1725 Xrd: XrdClientMessage::ReadRaw: Failed to read header (8 bytes).
02-Feb-2015 19:41:14 GMT  Closed file root://xrootd.unl.edu//store/group/dpg_trigger/comm_trigger/L1TrackTrigger/620_SLHC10/Extended2023TTI/MinBias/MinBias_TuneZ2star_GEN_SIM_451.root
02-Feb-2015 19:41:14 GMT  Initiating request to open file root://xrootd.unl.edu//store/group/dpg_trigger/comm_trigger/L1TrackTrigger/620_SLHC10/Extended2023TTI/MinBias/MinBias_TuneZ2star_GEN_SIM_102.root
150202 19:41:15 28968 Xrd: CheckErrorStatus: Server [cms-xrd-global.cern.ch:1094] declared: session not found(error code: 3011)
150202 19:41:15 28968 Xrd: CheckErrorStatus: Server [llrxrd-redir.in2p3.fr:1094] declared: session not found(error code: 3011)
02-Feb-2015 19:41:15 GMT  Successfully opened file root://xrootd.unl.edu//store/group/dpg_trigger/comm_trigger/L1TrackTrigger/620_SLHC10/Extended2023TTI/MinBias/MinBias_TuneZ2star_GEN_SIM_102.root
150202 19:46:28 29051 Xrd: XrdClientMessage::ReadRaw: Failed to read header (8 bytes).
150202 19:46:29 7869 Xrd: XrdClientMessage::ReadRaw: Failed to read header (8 bytes).
150202 19:49:59 7867 Xrd: XrdClientMessage::ReadRaw: Failed to read header (8 bytes).
02-Feb-2015 19:51:52 GMT  Closed file root://xrootd.unl.edu//store/group/dpg_trigger/comm_trigger/L1TrackTrigger/620_SLHC10/Extended2023TTI/MinBias/MinBias_TuneZ2star_GEN_SIM_102.root
02-Feb-2015 19:51:52 GMT  Initiating request to open file root://xrootd.unl.edu//store/group/dpg_trigger/comm_trigger/L1TrackTrigger/620_SLHC10/Extended2023TTI/MinBias/MinBias_TuneZ2star_GEN_SIM_259.root
150202 19:52:23 16699 Xrd: CheckErrorStatus: Server [cms-xrd-global.cern.ch:1094] declared: session not found(error code: 3011)
150202 19:52:23 16699 Xrd: CheckErrorStatus: Server [xrootd.ba.infn.it:1094] declared: session not found(error code: 3011)
02-Feb-2015 19:52:24 GMT  Successfully opened file root://xrootd.unl.edu//store/group/dpg_trigger/comm_trigger/L1TrackTrigger/620_SLHC10/Extended2023TTI/MinBias/MinBias_TuneZ2star_GEN_SIM_259.root
150202 19:56:59 29052 Xrd: XrdClientMessage::ReadRaw: Failed to read header (8 bytes).
150202 19:57:29 17376 Xrd: XrdClientMessage::ReadRaw: Failed to read header (8 bytes).
150202 20:01:29 29050 Xrd: XrdClientMessage::ReadRaw: Failed to read header (8 bytes).
02-Feb-2015 20:03:34 GMT  Closed file root://xrootd.unl.edu//store/group/dpg_trigger/comm_trigger/L1TrackTrigger/620_SLHC10/Extended2023TTI/MinBias/MinBias_TuneZ2star_GEN_SIM_259.root
02-Feb-2015 20:03:34 GMT  Initiating request to open file root://xrootd.unl.edu//store/group/dpg_trigger/comm_trigger/L1TrackTrigger/620_SLHC10/Extended2023TTI/MinBias/MinBias_TuneZ2star_GEN_SIM_595.root
150202 20:08:59 17377 Xrd: XrdClientMessage::ReadRaw: Failed to read header (8 bytes).
150202 20:10:38 6723 Xrd: CheckErrorStatus: Server [cms-xrd-global.cern.ch:1094] declared: session not found(error code: 3011)
150202 20:10:39 6723 Xrd: CheckErrorStatus: Server [llrxrd-redir.in2p3.fr:1094] declared: session not found(error code: 3011)
02-Feb-2015 20:10:39 GMT  Successfully opened file root://xrootd.unl.edu//store/group/dpg_trigger/comm_trigger/L1TrackTrigger/620_SLHC10/Extended2023TTI/MinBias/MinBias_TuneZ2star_GEN_SIM_595.root
150202 20:12:28 17375 Xrd: XrdClientMessage::ReadRaw: Failed to read header (8 bytes).
150202 20:15:58 19980 Xrd: XrdClientMessage::ReadRaw: Failed to read header (8 bytes).
02-Feb-2015 20:20:52 GMT  Closed file root://xrootd.unl.edu//store/group/dpg_trigger/comm_trigger/L1TrackTrigger/620_SLHC10/Extended2023TTI/MinBias/MinBias_TuneZ2star_GEN_SIM_595.root
02-Feb-2015 20:20:52 GMT  Initiating request to open file root://xrootd.unl.edu//store/group/dpg_trigger/comm_trigger/L1TrackTrigger/620_SLHC10/Extended2023TTI/MinBias/MinBias_TuneZ2star_GEN_SIM_897.root
150202 20:21:28 6620 Xrd: CheckErrorStatus: Server [cms-xrd-global.cern.ch:1094] declared: session not found(error code: 3011)
150202 20:21:28 6620 Xrd: CheckErrorStatus: Server [xrootd-redic.pi.infn.it:1094] declared: session not found(error code: 3011)
02-Feb-2015 20:21:29 GMT  Successfully opened file root://xrootd.unl.edu//store/group/dpg_trigger/comm_trigger/L1TrackTrigger/620_SLHC10/Extended2023TTI/MinBias/MinBias_TuneZ2star_GEN_SIM_897.root
150202 20:25:59 19981 Xrd: XrdClientMessage::ReadRaw: Failed to read header (8 bytes).
150202 20:26:59 7743 Xrd: XrdClientMessage::ReadRaw: Failed to read header (8 bytes).
150202 20:30:58 19979 Xrd: XrdClientMessage::ReadRaw: Failed to read header (8 bytes).
02-Feb-2015 20:32:19 GMT  Closed file root://xrootd.unl.edu//store/group/dpg_trigger/comm_trigger/L1TrackTrigger/620_SLHC10/Extended2023TTI/MinBias/MinBias_TuneZ2star_GEN_SIM_897.root
02-Feb-2015 20:32:19 GMT  Initiating request to open file root://xrootd.unl.edu//store/group/dpg_trigger/comm_trigger/L1TrackTrigger/620_SLHC10/Extended2023TTI/MinBias/MinBias_TuneZ2star_GEN_SIM_754.root
150202 20:32:50 27754 Xrd: CheckErrorStatus: Server [cms-xrd-global.cern.ch:1094] declared: session not found(error code: 3011)
150202 20:32:50 27754 Xrd: CheckErrorStatus: Server [llrxrd-redir.in2p3.fr:1094] declared: session not found(error code: 3011)
02-Feb-2015 20:32:50 GMT  Successfully opened file root://xrootd.unl.edu//store/group/dpg_trigger/comm_trigger/L1TrackTrigger/620_SLHC10/Extended2023TTI/MinBias/MinBias_TuneZ2star_GEN_SIM_754.root
150202 20:37:28 7744 Xrd: XrdClientMessage::ReadRaw: Failed to read header (8 bytes).
150202 20:37:58 28261 Xrd: XrdClientMessage::ReadRaw: Failed to read header (8 bytes).
150202 20:41:58 7742 Xrd: XrdClientMessage::ReadRaw: Failed to read header (8 bytes).
02-Feb-2015 20:42:42 GMT  Closed file root://xrootd.unl.edu//store/group/dpg_trigger/comm_trigger/L1TrackTrigger/620_SLHC10/Extended2023TTI/MinBias/MinBias_TuneZ2star_GEN_SIM_754.root
02-Feb-2015 20:42:42 GMT  Initiating request to open file root://xrootd.unl.edu//store/group/dpg_trigger/comm_trigger/L1TrackTrigger/620_SLHC10/Extended2023TTI/MinBias/MinBias_TuneZ2star_GEN_SIM_728.root
150202 20:43:18 18997 Xrd: CheckErrorStatus: Server [cms-xrd-global.cern.ch:1094] declared: session not found(error code: 3011)
150202 20:43:18 18997 Xrd: CheckErrorStatus: Server [xrootd-redic.pi.infn.it:1094] declared: session not found(error code: 3011)
02-Feb-2015 20:43:19 GMT  Successfully opened file root://xrootd.unl.edu//store/group/dpg_trigger/comm_trigger/L1TrackTrigger/620_SLHC10/Extended2023TTI/MinBias/MinBias_TuneZ2star_GEN_SIM_728.root
150202 20:47:59 28262 Xrd: XrdClientMessage::ReadRaw: Failed to read header (8 bytes).
150202 20:48:29 20286 Xrd: XrdClientMessage::ReadRaw: Failed to read header (8 bytes).
02-Feb-2015 20:52:51 GMT  Closed file root://xrootd.unl.edu//store/group/dpg_trigger/comm_trigger/L1TrackTrigger/620_SLHC10/Extended2023TTI/MinBias/MinBias_TuneZ2star_GEN_SIM_728.root
02-Feb-2015 20:52:51 GMT  Initiating request to open file root://xrootd.unl.edu//store/group/dpg_trigger/comm_trigger/L1TrackTrigger/620_SLHC10/Extended2023TTI/MinBias/MinBias_TuneZ2star_GEN_SIM_65.root
150202 20:52:52 28260 Xrd: XrdClientMessage::ReadRaw: Failed to read header (8 bytes).
150202 20:53:27 4062 Xrd: CheckErrorStatus: Server [xrootd-redic.pi.infn.it:1094] declared: session not found(error code: 3011)
02-Feb-2015 20:53:28 GMT  Successfully opened file root://xrootd.unl.edu//store/group/dpg_trigger/comm_trigger/L1TrackTrigger/620_SLHC10/Extended2023TTI/MinBias/MinBias_TuneZ2star_GEN_SIM_65.root
150202 20:57:59 20287 Xrd: XrdClientMessage::ReadRaw: Failed to read header (8 bytes).
150202 20:58:29 5276 Xrd: XrdClientMessage::ReadRaw: Failed to read header (8 bytes).
02-Feb-2015 21:02:49 GMT  Closed file root://xrootd.unl.edu//store/group/dpg_trigger/comm_trigger/L1TrackTrigger/620_SLHC10/Extended2023TTI/MinBias/MinBias_TuneZ2star_GEN_SIM_65.root
02-Feb-2015 21:02:49 GMT  Initiating request to open file root://xrootd.unl.edu//store/group/dpg_trigger/comm_trigger/L1TrackTrigger/620_SLHC10/Extended2023TTI/MinBias/MinBias_TuneZ2star_GEN_SIM_818.root
150202 21:03:51 27087 Xrd: CheckErrorStatus: Server [cms-xrd-global.cern.ch:1094] declared: session not found(error code: 3011)
150202 21:03:51 27087 Xrd: CheckErrorStatus: Server [llrxrd-redir.in2p3.fr:1094] declared: session not found(error code: 3011)
02-Feb-2015 21:03:51 GMT  Successfully opened file root://xrootd.unl.edu//store/group/dpg_trigger/comm_trigger/L1TrackTrigger/620_SLHC10/Extended2023TTI/MinBias/MinBias_TuneZ2star_GEN_SIM_818.root
150202 21:07:59 5278 Xrd: XrdClientMessage::ReadRaw: Failed to read header (8 bytes).
150202 21:08:58 28646 Xrd: XrdClientMessage::ReadRaw: Failed to read header (8 bytes).
02-Feb-2015 21:10:06 GMT  Closed file root://xrootd.unl.edu//store/group/dpg_trigger/comm_trigger/L1TrackTrigger/620_SLHC10/Extended2023TTI/MinBias/MinBias_TuneZ2star_GEN_SIM_818.root
02-Feb-2015 21:10:06 GMT  Initiating request to open file root://xrootd.unl.edu//store/group/dpg_trigger/comm_trigger/L1TrackTrigger/620_SLHC10/Extended2023TTI/MinBias/MinBias_TuneZ2star_GEN_SIM_800.root
150202 21:10:40 5778 Xrd: CheckErrorStatus: Server [llrxrd-redir.in2p3.fr:1094] declared: session not found(error code: 3011)
150202 21:10:40 5778 Xrd: CheckErrorStatus: Server [eoscms.cern.ch:1094] declared: session not found(error code: 3011)
02-Feb-2015 21:10:40 GMT  Successfully opened file root://xrootd.unl.edu//store/group/dpg_trigger/comm_trigger/L1TrackTrigger/620_SLHC10/Extended2023TTI/MinBias/MinBias_TuneZ2star_GEN_SIM_800.root
150202 21:13:28 20285 Xrd: XrdClientMessage::ReadRaw: Failed to read header (8 bytes).
150202 21:15:29 28648 Xrd: XrdClientMessage::ReadRaw: Failed to read header (8 bytes).
150202 21:15:58 6990 Xrd: XrdClientMessage::ReadRaw: Failed to read header (8 bytes).
02-Feb-2015 21:20:27 GMT  Closed file root://xrootd.unl.edu//store/group/dpg_trigger/comm_trigger/L1TrackTrigger/620_SLHC10/Extended2023TTI/MinBias/MinBias_TuneZ2star_GEN_SIM_800.root
02-Feb-2015 21:20:27 GMT  Initiating request to open file root://xrootd.unl.edu//store/group/dpg_trigger/comm_trigger/L1TrackTrigger/620_SLHC10/Extended2023TTI/MinBias/MinBias_TuneZ2star_GEN_SIM_367.root
150202 21:20:58 4157 Xrd: CheckErrorStatus: Server [cms-xrd-global.cern.ch:1094] declared: session not found(error code: 3011)
150202 21:20:58 4157 Xrd: CheckErrorStatus: Server [xrootd-redic.pi.infn.it:1094] declared: session not found(error code: 3011)
150202 21:20:58 4157 Xrd: CheckErrorStatus: Server [eoscms.cern.ch:1094] declared: session not found(error code: 3011)
02-Feb-2015 21:20:58 GMT  Successfully opened file root://xrootd.unl.edu//store/group/dpg_trigger/comm_trigger/L1TrackTrigger/620_SLHC10/Extended2023TTI/MinBias/MinBias_TuneZ2star_GEN_SIM_367.root
150202 21:25:28 6991 Xrd: XrdClientMessage::ReadRaw: Failed to read header (8 bytes).
150202 21:26:28 4557 Xrd: XrdClientMessage::ReadRaw: Failed to read header (8 bytes).
02-Feb-2015 21:30:37 GMT  Closed file root://xrootd.unl.edu//store/group/dpg_trigger/comm_trigger/L1TrackTrigger/620_SLHC10/Extended2023TTI/MinBias/MinBias_TuneZ2star_GEN_SIM_367.root
02-Feb-2015 21:30:37 GMT  Initiating request to open file root://xrootd.unl.edu//store/group/dpg_trigger/comm_trigger/L1TrackTrigger/620_SLHC10/Extended2023TTI/MinBias/MinBias_TuneZ2star_GEN_SIM_197.root
150202 21:30:37 31553 Xrd: CheckErrorStatus: Server [xrootd-redic.pi.infn.it:1094] declared: session not found(error code: 3011)
02-Feb-2015 21:30:38 GMT  Successfully opened file root://xrootd.unl.edu//store/group/dpg_trigger/comm_trigger/L1TrackTrigger/620_SLHC10/Extended2023TTI/MinBias/MinBias_TuneZ2star_GEN_SIM_197.root
150202 21:30:59 28645 Xrd: XrdClientMessage::ReadRaw: Failed to read header (8 bytes).
150202 21:35:59 4558 Xrd: XrdClientMessage::ReadRaw: Failed to read header (8 bytes).
150202 21:35:59 31554 Xrd: XrdClientMessage::ReadRaw: Failed to read header (8 bytes).
02-Feb-2015 21:39:50 GMT  Closed file root://xrootd.unl.edu//store/group/dpg_trigger/comm_trigger/L1TrackTrigger/620_SLHC10/Extended2023TTI/MinBias/MinBias_TuneZ2star_GEN_SIM_197.root
02-Feb-2015 21:39:50 GMT  Initiating request to open file root://xrootd.unl.edu//store/group/dpg_trigger/comm_trigger/L1TrackTrigger/620_SLHC10/Extended2023TTI/MinBias/MinBias_TuneZ2star_GEN_SIM_575.root
150202 21:40:21 15794 Xrd: CheckErrorStatus: Server [cms-xrd-global.cern.ch:1094] declared: session not found(error code: 3011)
150202 21:40:21 15794 Xrd: CheckErrorStatus: Server [xrootd.ba.infn.it:1094] declared: session not found(error code: 3011)
02-Feb-2015 21:40:21 GMT  Successfully opened file root://xrootd.unl.edu//store/group/dpg_trigger/comm_trigger/L1TrackTrigger/620_SLHC10/Extended2023TTI/MinBias/MinBias_TuneZ2star_GEN_SIM_575.root
150202 21:44:59 31555 Xrd: XrdClientMessage::ReadRaw: Failed to read header (8 bytes).
150202 21:45:29 16504 Xrd: XrdClientMessage::ReadRaw: Failed to read header (8 bytes).
02-Feb-2015 21:48:59 GMT  Closed file root://xrootd.unl.edu//store/group/dpg_trigger/comm_trigger/L1TrackTrigger/620_SLHC10/Extended2023TTI/MinBias/MinBias_TuneZ2star_GEN_SIM_575.root
02-Feb-2015 21:48:59 GMT  Initiating request to open file root://xrootd.unl.edu//store/group/dpg_trigger/comm_trigger/L1TrackTrigger/620_SLHC10/Extended2023TTI/MinBias/MinBias_TuneZ2star_GEN_SIM_486.root
150202 21:49:30 26516 Xrd: CheckErrorStatus: Server [xrootd.ba.infn.it:1094] declared: session not found(error code: 3011)
02-Feb-2015 21:49:30 GMT  Successfully opened file root://xrootd.unl.edu//store/group/dpg_trigger/comm_trigger/L1TrackTrigger/620_SLHC10/Extended2023TTI/MinBias/MinBias_TuneZ2star_GEN_SIM_486.root
150202 21:50:58 4556 Xrd: XrdClientMessage::ReadRaw: Failed to read header (8 bytes).
150202 21:54:29 16505 Xrd: XrdClientMessage::ReadRaw: Failed to read header (8 bytes).
150202 21:54:59 26985 Xrd: XrdClientMessage::ReadRaw: Failed to read header (8 bytes).
02-Feb-2015 21:57:10 GMT  Closed file root://xrootd.unl.edu//store/group/dpg_trigger/comm_trigger/L1TrackTrigger/620_SLHC10/Extended2023TTI/MinBias/MinBias_TuneZ2star_GEN_SIM_486.root
02-Feb-2015 21:57:10 GMT  Initiating request to open file root://xrootd.unl.edu//store/group/dpg_trigger/comm_trigger/L1TrackTrigger/620_SLHC10/Extended2023TTI/MinBias/MinBias_TuneZ2star_GEN_SIM_309.root
150202 21:57:41 14886 Xrd: CheckErrorStatus: Server [cms-xrd-global.cern.ch:1094] declared: session not found(error code: 3011)
150202 21:57:41 14886 Xrd: CheckErrorStatus: Server [llrxrd-redir.in2p3.fr:1094] declared: session not found(error code: 3011)
02-Feb-2015 21:57:41 GMT  Successfully opened file root://xrootd.unl.edu//store/group/dpg_trigger/comm_trigger/L1TrackTrigger/620_SLHC10/Extended2023TTI/MinBias/MinBias_TuneZ2star_GEN_SIM_309.root
150202 22:02:29 26986 Xrd: XrdClientMessage::ReadRaw: Failed to read header (8 bytes).
150202 22:02:59 15841 Xrd: XrdClientMessage::ReadRaw: Failed to read header (8 bytes).
02-Feb-2015 22:03:54 GMT  Closed file root://xrootd.unl.edu//store/group/dpg_trigger/comm_trigger/L1TrackTrigger/620_SLHC10/Extended2023TTI/MinBias/MinBias_TuneZ2star_GEN_SIM_309.root
02-Feb-2015 22:03:54 GMT  Initiating request to open file root://xrootd.unl.edu//store/group/dpg_trigger/comm_trigger/L1TrackTrigger/620_SLHC10/Extended2023TTI/MinBias/MinBias_TuneZ2star_GEN_SIM_916.root
150202 22:04:02 6142 Xrd: CheckErrorStatus: Server [llrxrd-redir.in2p3.fr:1094] declared: session not found(error code: 3011)
02-Feb-2015 22:04:02 GMT  Successfully opened file root://xrootd.unl.edu//store/group/dpg_trigger/comm_trigger/L1TrackTrigger/620_SLHC10/Extended2023TTI/MinBias/MinBias_TuneZ2star_GEN_SIM_916.root
150202 22:08:58 15842 Xrd: XrdClientMessage::ReadRaw: Failed to read header (8 bytes).
150202 22:09:28 6263 Xrd: XrdClientMessage::ReadRaw: Failed to read header (8 bytes).
02-Feb-2015 22:09:57 GMT  Closed file root://xrootd.unl.edu//store/group/dpg_trigger/comm_trigger/L1TrackTrigger/620_SLHC10/Extended2023TTI/MinBias/MinBias_TuneZ2star_GEN_SIM_916.root
02-Feb-2015 22:09:57 GMT  Initiating request to open file root://xrootd.unl.edu//store/group/dpg_trigger/comm_trigger/L1TrackTrigger/620_SLHC10/Extended2023TTI/MinBias/MinBias_TuneZ2star_GEN_SIM_984.root
150202 22:09:58 16503 Xrd: XrdClientMessage::ReadRaw: Failed to read header (8 bytes).
150202 22:10:46 12410 Xrd: CheckErrorStatus: Server [cms-xrd-global.cern.ch:1094] declared: session not found(error code: 3011)
150202 22:10:46 12410 Xrd: CheckErrorStatus: Server [xrootd.ba.infn.it:1094] declared: session not found(error code: 3011)
150202 22:10:46 12410 Xrd: CheckErrorStatus: Server [eoscms.cern.ch:1094] declared: session not found(error code: 3011)
02-Feb-2015 22:10:46 GMT  Successfully opened file root://xrootd.unl.edu//store/group/dpg_trigger/comm_trigger/L1TrackTrigger/620_SLHC10/Extended2023TTI/MinBias/MinBias_TuneZ2star_GEN_SIM_984.root
150202 22:14:59 6264 Xrd: XrdClientMessage::ReadRaw: Failed to read header (8 bytes).
150202 22:15:59 13387 Xrd: XrdClientMessage::ReadRaw: Failed to read header (8 bytes).
02-Feb-2015 22:16:22 GMT  Closed file root://xrootd.unl.edu//store/group/dpg_trigger/comm_trigger/L1TrackTrigger/620_SLHC10/Extended2023TTI/MinBias/MinBias_TuneZ2star_GEN_SIM_984.root
02-Feb-2015 22:16:22 GMT  Initiating request to open file root://xrootd.unl.edu//store/group/dpg_trigger/comm_trigger/L1TrackTrigger/620_SLHC10/Extended2023TTI/MinBias/MinBias_TuneZ2star_GEN_SIM_299.root
150202 22:21:29 13388 Xrd: XrdClientMessage::ReadRaw: Failed to read header (8 bytes).
150202 22:24:24 18757 Xrd: CheckErrorStatus: Server [llrxrd-redir.in2p3.fr:1094] declared: session not found(error code: 3011)
02-Feb-2015 22:24:24 GMT  Successfully opened file root://xrootd.unl.edu//store/group/dpg_trigger/comm_trigger/L1TrackTrigger/620_SLHC10/Extended2023TTI/MinBias/MinBias_TuneZ2star_GEN_SIM_299.root
150202 22:29:09 15840 Xrd: XrdClientMessage::ReadRaw: Failed to read header (8 bytes).
02-Feb-2015 22:29:25 GMT  Closed file root://xrootd.unl.edu//store/group/dpg_trigger/comm_trigger/L1TrackTrigger/620_SLHC10/Extended2023TTI/MinBias/MinBias_TuneZ2star_GEN_SIM_299.root
02-Feb-2015 22:29:25 GMT  Initiating request to open file root://xrootd.unl.edu//store/group/dpg_trigger/comm_trigger/L1TrackTrigger/620_SLHC10/Extended2023TTI/MinBias/MinBias_TuneZ2star_GEN_SIM_422.root
150202 22:29:25 26857 Xrd: XrdClientMessage::ReadRaw: Failed to read header (8 bytes).
150202 22:29:55 31999 Xrd: CheckErrorStatus: Server [cms-xrd-global.cern.ch:1094] declared: session not found(error code: 3011)
150202 22:29:56 31999 Xrd: CheckErrorStatus: Server [xrootd-redic.pi.infn.it:1094] declared: session not found(error code: 3011)
02-Feb-2015 22:29:56 GMT  Successfully opened file root://xrootd.unl.edu//store/group/dpg_trigger/comm_trigger/L1TrackTrigger/620_SLHC10/Extended2023TTI/MinBias/MinBias_TuneZ2star_GEN_SIM_422.root
150202 22:30:58 13384 Xrd: XrdClientMessage::ReadRaw: Failed to read header (8 bytes).
150202 22:34:29 26858 Xrd: XrdClientMessage::ReadRaw: Failed to read header (8 bytes).
150202 22:34:58 32609 Xrd: XrdClientMessage::ReadRaw: Failed to read header (8 bytes).
02-Feb-2015 22:36:59 GMT  Closed file root://xrootd.unl.edu//store/group/dpg_trigger/comm_trigger/L1TrackTrigger/620_SLHC10/Extended2023TTI/MinBias/MinBias_TuneZ2star_GEN_SIM_422.root
02-Feb-2015 22:36:59 GMT  Initiating request to open file root://xrootd.unl.edu//store/group/dpg_trigger/comm_trigger/L1TrackTrigger/620_SLHC10/Extended2023TTI/MinBias/MinBias_TuneZ2star_GEN_SIM_392.root
150202 22:37:30 7002 Xrd: CheckErrorStatus: Server [llrxrd-redir.in2p3.fr:1094] declared: session not found(error code: 3011)
02-Feb-2015 22:37:30 GMT  Successfully opened file root://xrootd.unl.edu//store/group/dpg_trigger/comm_trigger/L1TrackTrigger/620_SLHC10/Extended2023TTI/MinBias/MinBias_TuneZ2star_GEN_SIM_392.root
02-Feb-2015 22:41:35 GMT  Closed file root://xrootd.unl.edu//store/group/dpg_trigger/comm_trigger/L1TrackTrigger/620_SLHC10/Extended2023TTI/MinBias/MinBias_TuneZ2star_GEN_SIM_392.root
02-Feb-2015 22:41:35 GMT  Initiating request to open file root://xrootd.unl.edu//store/group/dpg_trigger/comm_trigger/L1TrackTrigger/620_SLHC10/Extended2023TTI/MinBias/MinBias_TuneZ2star_GEN_SIM_498.root
150202 22:42:06 32610 Xrd: XrdClientMessage::ReadRaw: Failed to read header (8 bytes).
02-Feb-2015 22:42:06 GMT  Successfully opened file root://xrootd.unl.edu//store/group/dpg_trigger/comm_trigger/L1TrackTrigger/620_SLHC10/Extended2023TTI/MinBias/MinBias_TuneZ2star_GEN_SIM_498.root
02-Feb-2015 22:44:35 GMT  Closed file root://dcap.pp.rl.ac.uk:1094/pnfs/pp.rl.ac.uk/data/cms/store/user/dcieri/ttbar_SIM/ttbar/ttbar_SIM/150129_145223/0000/step1_116.root
02-Feb-2015 22:44:35 GMT  Closed file root://xrootd.unl.edu//store/group/dpg_trigger/comm_trigger/L1TrackTrigger/620_SLHC10/Extended2023TTI/MinBias/MinBias_TuneZ2star_GEN_SIM_498.root

=============================================

MessageLogger Summary

 type     category        sev    module        subroutine        count    total
 ---- -------------------- -- ---------------- ----------------  -----    -----
    1 fileAction           -s MixingModule:mix                      69       69
    2 fileAction           -s MixingModule:mix                       2        2
    3 fileAction           -s MixingModule:mix                       1        1
    4 fileAction           -s file_close                             1        1
    5 fileAction           -s file_open                              2        2

 type    category    Examples: run/evt        run/evt          run/evt
 ---- -------------------- ---------------- ---------------- ----------------
    1 fileAction           1/1151           1/1151           1/1160
    2 fileAction           pre-events       pre-events       
    3 fileAction           PostEndRun                        
    4 fileAction           PostEndRun                        
    5 fileAction           pre-events       pre-events       

Severity    # Occurrences   Total Occurrences
--------    -------------   -----------------
System                 75                  75
>>> END OF printout of 249 lines from stdout+stderr
>>> Parse FrameworkJobReport crab_fjr.xml
Result of parsing the FrameworkJobReport crab_fjr.xml: 
Extracted ExitStatus from FrameworkJobReport parsing output: 0
>>> Executable succeded  0
ExeExitCode=0
EXECUTABLE_EXIT_STATUS = 0
>>> current directory /scratch/condor/dir_24455/glide_tBmuwj/execute/dir_29146/CMSSW_6_2_0_SLHC12
>>>  (SOFTWARE_DIR): /scratch/condor/dir_24455/glide_tBmuwj/execute/dir_29146/CMSSW_6_2_0_SLHC12
>>> (WORKING_DIR): 
>>> current directory content:
total 235652
drwxr-xr-x 3 cms415 gplcms      4096 Feb  2 19:08 .SCRAM
-rw------- 1 cms415 gplcms    915837 Feb  2 19:08 CMSSW.py.pkl
drwxr-xr-x 3 cms415 gplcms      4096 Feb  2 19:08 bin
drwxr-xr-x 3 cms415 gplcms      4096 Feb  2 19:08 cfipython
drwxr-xr-x 4 cms415 gplcms      4096 Apr 28  2014 config
-rw------- 1 cms415 gplcms        16 Feb  2 22:44 cpu_timing.txt
drwxr-xr-x 2 cms415 gplcms      4096 Feb  2 19:08 doc
-rw------- 1 cms415 gplcms     27875 Feb  2 22:44 executable.out
drwxr-xr-x 2 cms415 gplcms      4096 Feb  2 19:08 include
drwx------ 3 cms415 gplcms      4096 Oct  7 10:12 lib
drwxr-xr-x 3 cms415 gplcms      4096 Feb  2 19:08 logs
drwxr-xr-x 3 cms415 gplcms      4096 Feb  2 19:08 objs
-rw------- 1 cms415 gplcms       104 Feb  2 19:08 pset.py
-rw------- 1 cms415 gplcms    926826 Feb  2 19:08 pset.py.pkl
-rw------- 1 cms415 gplcms       289 Feb  2 19:08 pset.pyc
drwxr-xr-x 2 cms415 gplcms      4096 Feb  2 19:08 python
-rw------- 1 cms415 gplcms       353 Feb  2 22:44 report.log
drwxr-xr-x 2 cms415 gplcms      4096 Feb  2 19:08 src
-rw------- 1 cms415 gplcms 239115328 Feb  2 22:44 step2.root
drwxr-xr-x 3 cms415 gplcms      4096 Feb  2 19:08 test
drwxr-xr-x 3 cms415 gplcms      4096 Feb  2 19:08 tmp
>>> current directory /scratch/condor/dir_24455/glide_tBmuwj/execute/dir_29146/CMSSW_6_2_0_SLHC12
>>> (SOFTWARE_DIR): /scratch/condor/dir_24455/glide_tBmuwj/execute/dir_29146/CMSSW_6_2_0_SLHC12
>>> (WORKING_DIR): 
>>> current directory content:
total 235652
drwxr-xr-x 3 cms415 gplcms      4096 Feb  2 19:08 .SCRAM
-rw------- 1 cms415 gplcms    915837 Feb  2 19:08 CMSSW.py.pkl
drwxr-xr-x 3 cms415 gplcms      4096 Feb  2 19:08 bin
drwxr-xr-x 3 cms415 gplcms      4096 Feb  2 19:08 cfipython
drwxr-xr-x 4 cms415 gplcms      4096 Apr 28  2014 config
-rw------- 1 cms415 gplcms        16 Feb  2 22:44 cpu_timing.txt
drwxr-xr-x 2 cms415 gplcms      4096 Feb  2 19:08 doc
-rw------- 1 cms415 gplcms     27875 Feb  2 22:44 executable.out
drwxr-xr-x 2 cms415 gplcms      4096 Feb  2 19:08 include
drwx------ 3 cms415 gplcms      4096 Oct  7 10:12 lib
drwxr-xr-x 3 cms415 gplcms      4096 Feb  2 19:08 logs
drwxr-xr-x 3 cms415 gplcms      4096 Feb  2 19:08 objs
-rw------- 1 cms415 gplcms       104 Feb  2 19:08 pset.py
-rw------- 1 cms415 gplcms    926826 Feb  2 19:08 pset.py.pkl
-rw------- 1 cms415 gplcms       289 Feb  2 19:08 pset.pyc
drwxr-xr-x 2 cms415 gplcms      4096 Feb  2 19:08 python
-rw------- 1 cms415 gplcms       353 Feb  2 22:44 report.log
drwxr-xr-x 2 cms415 gplcms      4096 Feb  2 19:08 src
-rw------- 1 cms415 gplcms 239115328 Feb  2 22:44 step2_41_1_x3c.root
drwxr-xr-x 3 cms415 gplcms      4096 Feb  2 19:08 test
drwxr-xr-x 3 cms415 gplcms      4096 Feb  2 19:08 tmp
>>> current directory (RUNTIME_AREA):  /scratch/condor/dir_24455/glide_tBmuwj/execute/dir_29146
PNN = T2_UK_SGrid_RALPP
SE = heplnx204.pp.rl.ac.uk
SE_PATH = /srm/managerv2?SFN=/pnfs/pp.rl.ac.uk/data/cms/store/user/dcieri/ttbar_PU140_DIGI/dcieri/ttbar/ttbar_PU140_DIGI/3c0380cf82de79bc39966c93934c61fc/
LFNBaseName = /store/user/dcieri/ttbar_PU140_DIGI/dcieri/ttbar/ttbar_PU140_DIGI/3c0380cf82de79bc39966c93934c61fc/
USER = dcieri
endpoint = srm://heplnx204.pp.rl.ac.uk:8443/srm/managerv2?SFN=/pnfs/pp.rl.ac.uk/data/cms/store/user/dcieri/ttbar_PU140_DIGI/dcieri/ttbar/ttbar_PU140_DIGI/3c0380cf82de79bc39966c93934c61fc/
>>> Copy output files from WN = heplnc366.pp.rl.ac.uk to /srm/managerv2?SFN=/pnfs/pp.rl.ac.uk/data/cms/store/user/dcieri/ttbar_PU140_DIGI/dcieri/ttbar/ttbar_PU140_DIGI/3c0380cf82de79bc39966c93934c61fc/ :
python cmscp.py  --destination srm://heplnx204.pp.rl.ac.uk:8443/srm/managerv2?SFN=/pnfs/pp.rl.ac.uk/data/cms/store/user/dcieri/ttbar_PU140_DIGI/dcieri/ttbar/ttbar_PU140_DIGI/3c0380cf82de79bc39966c93934c61fc/ --inputFileList /scratch/condor/dir_24455/glide_tBmuwj/execute/dir_29146/CMSSW_6_2_0_SLHC12/step2_41_1_x3c.root --middleware LCG --PNN T2_UK_SGrid_RALPP --se_name heplnx204.pp.rl.ac.uk --for_lfn /store/user/dcieri/ttbar_PU140_DIGI/dcieri/ttbar/ttbar_PU140_DIGI/3c0380cf82de79bc39966c93934c61fc/    
******************************************************
localSeName  =  heplnx204.pp.rl.ac.uk
remoteSeName =  heplnx204.pp.rl.ac.uk
******************************************************
{"/scratch/condor/dir_24455/glide_tBmuwj/execute/dir_29146/CMSSW_6_2_0_SLHC12/step2_41_1_x3c.root": {"endpoint": "srm://heplnx204.pp.rl.ac.uk:8443/srm/managerv2?SFN=/pnfs/pp.rl.ac.uk/data/cms/store/user/dcieri/ttbar_PU140_DIGI/dcieri/ttbar/ttbar_PU140_DIGI/3c0380cf82de79bc39966c93934c61fc/", "surl_for_grid": "", "reason": "Copy succedeed with srm-lcg utils", "erCode": "0", "PNN": "T2_UK_SGrid_RALPP", "se_name": "heplnx204.pp.rl.ac.uk", "for_lfn": "/store/user/dcieri/ttbar_PU140_DIGI/dcieri/ttbar/ttbar_PU140_DIGI/3c0380cf82de79bc39966c93934c61fc/"}}/scratch/condor/dir_24455/glide_tBmuwj/execute/dir_29146
-------- cat /scratch/condor/dir_24455/glide_tBmuwj/execute/dir_29146/cmscpReport.sh 
#!/bin/bash
echo "Report for File: /scratch/condor/dir_24455/glide_tBmuwj/execute/dir_29146/CMSSW_6_2_0_SLHC12/step2_41_1_x3c.root"
echo "LFN: /store/user/dcieri/ttbar_PU140_DIGI/dcieri/ttbar/ttbar_PU140_DIGI/3c0380cf82de79bc39966c93934c61fc/step2_41_1_x3c.root"
echo "StorageElement: heplnx204.pp.rl.ac.uk"
echo "StageOutExitStatusReason = 'Copy succedeed with srm-lcg utils'" | tee -a $RUNTIME_AREA/$repo
echo "StageOutSE = heplnx204.pp.rl.ac.uk" >> $RUNTIME_AREA/$repo

export StageOutExitStatus=0
echo "StageOutExitStatus = 0" | tee -a $RUNTIME_AREA/$repo
-------- end of /scratch/condor/dir_24455/glide_tBmuwj/execute/dir_29146/cmscpReport.sh 
Report for File: /scratch/condor/dir_24455/glide_tBmuwj/execute/dir_29146/CMSSW_6_2_0_SLHC12/step2_41_1_x3c.root
LFN: /store/user/dcieri/ttbar_PU140_DIGI/dcieri/ttbar/ttbar_PU140_DIGI/3c0380cf82de79bc39966c93934c61fc/step2_41_1_x3c.root
StorageElement: heplnx204.pp.rl.ac.uk
StageOutExitStatusReason = 'Copy succedeed with srm-lcg utils'
StageOutExitStatus = 0
>>> current dir: /scratch/condor/dir_24455/glide_tBmuwj/execute/dir_29146
>>> current dir content:
total 8828
-rw-------  1 cms415 gplcms    2662 Feb  2 22:45 .SEinteraction.log
-rwx------  1 cms415 gplcms      52 Feb  2 19:06 .chirp_config
-rwx------  1 cms415 gplcms    7814 Feb  2 19:06 .job.ad
-rwx------  1 cms415 gplcms    9786 Feb  2 19:06 .machine.ad
-rw-------  1 cms415 gplcms     105 Feb  2 12:16 CMSSW.py
-rw-------  1 cms415 gplcms  915837 Feb  2 12:16 CMSSW.py.pkl
-rwx------  1 cms415 gplcms   29498 Feb  2 19:07 CMSSW.sh
drwxr-xr-x 15 cms415 gplcms    4096 Feb  2 22:44 CMSSW_6_2_0_SLHC12
-rw-------  1 cms415 gplcms     190 Feb  2 19:08 CacheEnv.sh
-rw-------  1 cms415 gplcms    7291 Nov 19 14:52 DashboardAPI.py
-rw-------  1 cms415 gplcms    6470 Feb  2 19:08 DashboardAPI.pyc
drwx------  2 cms415 gplcms    4096 Feb  2 22:44 IMProv
-rw-------  1 cms415 gplcms    2748 Nov 19 14:52 Logger.py
-rw-------  1 cms415 gplcms    3232 Feb  2 19:08 Logger.pyc
-rw-------  1 cms415 gplcms   24524 Nov 19 14:52 ProcInfo.py
-rw-------  1 cms415 gplcms   22645 Feb  2 19:08 ProcInfo.pyc
drwx------  7 cms415 gplcms    4096 Feb  2 19:08 ProdCommon
drwx------  3 cms415 gplcms    4096 Feb  2 19:07 WMCore
-rw-------  1 cms415 gplcms    9785 Feb  2 22:45 Watchdog_41.log
-rwx------  1 cms415 gplcms       0 Feb  2 19:07 _condor_stderr
-rwx---r--  1 cms415 gplcms   42627 Feb  2 22:45 _condor_stdout
-rw-------  1 cms415 gplcms   32895 Nov 19 14:52 apmon.py
-rw-------  1 cms415 gplcms   27958 Feb  2 19:08 apmon.pyc
-rwx------  1 cms415 gplcms  134309 Feb  2 19:07 arguments.xml
-rwx------  1 cms415 gplcms   38581 Nov 19 14:52 cmscp.py
-rw-------  1 cms415 gplcms     560 Feb  2 22:45 cmscpReport.sh
-rwx------  1 cms415 gplcms   29498 Feb  2 19:07 condor_exec.exe
-rw-------  1 cms415 gplcms     544 Feb  2 12:16 crab.cfg
-rwx------  1 cms415 gplcms    8610 Nov 19 14:52 crabWatchdog.sh
-rwx---r--  1 cms415 gplcms  112079 Feb  2 22:44 crab_fjr_41.xml
-rwx------  1 cms415 gplcms 7390485 Feb  2 19:07 default.tgz
-rwx------  1 cms415 gplcms    4488 Nov 19 14:52 fillCrabFjr.py
-rw-------  1 cms415 gplcms     226 Feb  2 19:08 inputsReport.txt
-rw-------  1 cms415 gplcms     243 Feb  2 22:45 jobreport.txt
-rw-------  1 cms415 gplcms   17352 Nov 19 14:52 parseCrabFjr.py
-rw-------  1 cms415 gplcms     321 Feb  2 19:07 report.log
-rwx--x--x  1 cms415 gplcms    1497 Nov 19 14:52 report.py
-rw-------  1 cms415 gplcms     554 Feb  2 22:45 resultCopyFile
lrwxrwxrwx  1 cms415 gplcms      95 Feb  2 22:44 step2.root -> /scratch/condor/dir_24455/glide_tBmuwj/execute/dir_29146/CMSSW_6_2_0_SLHC12/step2_41_1_x3c.root
-rwx------  1 cms415 gplcms    8351 Nov 19 14:52 writeCfg.py
-rw-------  1 cms415 gplcms   10297 Feb  2 19:06 x509up_u62281
>>> Modify Job Report:
CMSSW_VERSION = CMSSW_6_2_0_SLHC12
ProcessedDataset = ttbar_PU140_DIGI
/scratch/condor/dir_24455/glide_tBmuwj/execute/dir_29146/ProdCommon/FwkJobRep/ModifyJobReport.py fjr /scratch/condor/dir_24455/glide_tBmuwj/execute/dir_29146/crab_fjr_41.xml json /scratch/condor/dir_24455/glide_tBmuwj/execute/dir_29146/resultCopyFile n_job 41_1_x3c PrimaryDataset ttbar  ApplicationFamily cmsRun ApplicationName cmsRun cmssw_version CMSSW_6_2_0_SLHC12 psethash 3c0380cf82de79bc39966c93934c61fc UserProcessedDataset dcieri-ttbar_PU140_DIGI-3c0380cf82de79bc39966c93934c61fc
inputDict =  {u'/scratch/condor/dir_24455/glide_tBmuwj/execute/dir_29146/CMSSW_6_2_0_SLHC12/step2_41_1_x3c.root': {u'endpoint': u'srm://heplnx204.pp.rl.ac.uk:8443/srm/managerv2?SFN=/pnfs/pp.rl.ac.uk/data/cms/store/user/dcieri/ttbar_PU140_DIGI/dcieri/ttbar/ttbar_PU140_DIGI/3c0380cf82de79bc39966c93934c61fc/', u'surl_for_grid': u'', u'reason': u'Copy succedeed with srm-lcg utils', u'erCode': u'0', u'PNN': u'T2_UK_SGrid_RALPP', u'se_name': u'heplnx204.pp.rl.ac.uk', u'for_lfn': u'/store/user/dcieri/ttbar_PU140_DIGI/dcieri/ttbar/ttbar_PU140_DIGI/3c0380cf82de79bc39966c93934c61fc/'}}
UserProcessedDataset =  dcieri-ttbar_PU140_DIGI-3c0380cf82de79bc39966c93934c61fc
WORKING ON EDM FILE
file_name in inputDict =  /scratch/condor/dir_24455/glide_tBmuwj/execute/dir_29146/CMSSW_6_2_0_SLHC12/step2_41_1_x3c.root
(size) os.stat(filename)[6] =  239115328
checksum =  3847068711
    file =  step2_41_1_x3c.root
    newPfn =  srm://heplnx204.pp.rl.ac.uk:8443/srm/managerv2?SFN=/pnfs/pp.rl.ac.uk/data/cms/store/user/dcieri/ttbar_PU140_DIGI/dcieri/ttbar/ttbar_PU140_DIGI/3c0380cf82de79bc39966c93934c61fc/step2_41_1_x3c.root
    newLfn =  /store/user/dcieri/ttbar_PU140_DIGI/dcieri/ttbar/ttbar_PU140_DIGI/3c0380cf82de79bc39966c93934c61fc/step2_41_1_x3c.root
>>> crab_fjr_*.xml  permission set to 0704
CrabWrapper EXIT_FUNC entered at Mon Feb  2 22:45:31 GMT 2015   -  Mon Feb  2 22:45:31 UTC 2015
Checking output files:  
will tar file crab_fjr_41.xml in  out_files_41
WARNING: output file CMSSW_41.stdout not found!
WARNING: output file CMSSW_41.stderr not found!
WARNING: output file Watchdog_41.log.gz not found!
>>> padding time: Wrapper lasting more than 600 seconds. No sleep required.
STOPPING WATCHDOG. CrabWatchdog PID is 32220
********** LAST 50 LINES OF WATCHDOG LOG
 Feb 02 19:24:09 GMT	32520	856768	1254252	51	78	965	cmsRun -j /scratch/condor/dir_24455/glide_tBmuwj/execute/dir_29146/crab_fjr_41.xml -p pset.py      
 Feb 02 19:25:09 GMT	32520	870888	1270124	51	81	1025	cmsRun -j /scratch/condor/dir_24455/glide_tBmuwj/execute/dir_29146/crab_fjr_41.xml -p pset.py      
 Feb 02 19:26:09 GMT	32520	923396	1308268	51	87	1086	cmsRun -j /scratch/condor/dir_24455/glide_tBmuwj/execute/dir_29146/crab_fjr_41.xml -p pset.py      
 Feb 02 19:27:10 GMT	32520	987628	1378924	51	93	1146	cmsRun -j /scratch/condor/dir_24455/glide_tBmuwj/execute/dir_29146/crab_fjr_41.xml -p pset.py      
 Feb 02 19:28:10 GMT	32520	989196	1378924	51	95	1206	cmsRun -j /scratch/condor/dir_24455/glide_tBmuwj/execute/dir_29146/crab_fjr_41.xml -p pset.py      
 Feb 02 19:31:11 GMT	32520	992408	1386092	51	99	1387	cmsRun -j /scratch/condor/dir_24455/glide_tBmuwj/execute/dir_29146/crab_fjr_41.xml -p pset.py      
 Feb 02 19:32:11 GMT	32520	995372	1388396	51	101	1447	cmsRun -j /scratch/condor/dir_24455/glide_tBmuwj/execute/dir_29146/crab_fjr_41.xml -p pset.py      
 Feb 02 19:33:12 GMT	32520	1321128	1730600	51	123	1508	cmsRun -j /scratch/condor/dir_24455/glide_tBmuwj/execute/dir_29146/crab_fjr_41.xml -p pset.py      
 Feb 02 19:33:12 GMT	---	1321128	1730600	62	----	----	----
 Feb 02 19:34:12 GMT	---	1321128	1730600	71	----	----	----
 Feb 02 19:58:20 GMT	32520	1321128	1739264	71	204	3016	cmsRun -j /scratch/condor/dir_24455/glide_tBmuwj/execute/dir_29146/crab_fjr_41.xml -p pset.py      
 Feb 02 19:58:20 GMT	---	1321128	1739264	94	----	----	----
 Feb 02 20:17:26 GMT	32520	1321128	1741824	94	229	4162	cmsRun -j /scratch/condor/dir_24455/glide_tBmuwj/execute/dir_29146/crab_fjr_41.xml -p pset.py      
 Feb 02 20:18:26 GMT	32520	1321128	1742080	94	231	4223	cmsRun -j /scratch/condor/dir_24455/glide_tBmuwj/execute/dir_29146/crab_fjr_41.xml -p pset.py      
 Feb 02 20:19:27 GMT	32520	1321128	1745152	94	234	4283	cmsRun -j /scratch/condor/dir_24455/glide_tBmuwj/execute/dir_29146/crab_fjr_41.xml -p pset.py      
 Feb 02 20:20:27 GMT	32520	1321128	1750016	94	236	4343	cmsRun -j /scratch/condor/dir_24455/glide_tBmuwj/execute/dir_29146/crab_fjr_41.xml -p pset.py      
 Feb 02 20:22:28 GMT	32520	1321128	1751040	94	240	4464	cmsRun -j /scratch/condor/dir_24455/glide_tBmuwj/execute/dir_29146/crab_fjr_41.xml -p pset.py      
 Feb 02 20:23:28 GMT	32520	1321128	1756416	94	246	4524	cmsRun -j /scratch/condor/dir_24455/glide_tBmuwj/execute/dir_29146/crab_fjr_41.xml -p pset.py      
 Feb 02 20:24:28 GMT	32520	1321128	1767936	94	252	4585	cmsRun -j /scratch/condor/dir_24455/glide_tBmuwj/execute/dir_29146/crab_fjr_41.xml -p pset.py      
 Feb 02 20:27:29 GMT	32520	1321128	1768960	94	259	4766	cmsRun -j /scratch/condor/dir_24455/glide_tBmuwj/execute/dir_29146/crab_fjr_41.xml -p pset.py      
 Feb 02 20:28:30 GMT	32520	1321128	1769472	94	261	4826	cmsRun -j /scratch/condor/dir_24455/glide_tBmuwj/execute/dir_29146/crab_fjr_41.xml -p pset.py      
 Feb 02 20:29:30 GMT	---	1321128	1769472	115	----	----	----
 Feb 02 20:52:38 GMT	32520	1375176	1884672	115	349	6274	cmsRun -j /scratch/condor/dir_24455/glide_tBmuwj/execute/dir_29146/crab_fjr_41.xml -p pset.py      
 Feb 02 20:52:38 GMT	---	1375176	1884672	120	----	----	----
 Feb 02 20:53:38 GMT	---	1375176	1884672	137	----	----	----
 Feb 02 21:13:46 GMT	---	1375176	1884672	157	----	----	----
 Feb 02 21:34:53 GMT	---	1375176	1884672	179	----	----	----
 Feb 02 21:51:59 GMT	32520	1375176	1894400	179	555	9835	cmsRun -j /scratch/condor/dir_24455/glide_tBmuwj/execute/dir_29146/crab_fjr_41.xml -p pset.py      
 Feb 02 21:52:59 GMT	32520	1375176	1898240	179	558	9896	cmsRun -j /scratch/condor/dir_24455/glide_tBmuwj/execute/dir_29146/crab_fjr_41.xml -p pset.py      
 Feb 02 21:54:00 GMT	32520	1375176	1900288	179	562	9956	cmsRun -j /scratch/condor/dir_24455/glide_tBmuwj/execute/dir_29146/crab_fjr_41.xml -p pset.py      
 Feb 02 21:55:00 GMT	---	1375176	1900288	201	----	----	----
 Feb 02 22:07:04 GMT	32520	1375176	1909760	201	635	10740	cmsRun -j /scratch/condor/dir_24455/glide_tBmuwj/execute/dir_29146/crab_fjr_41.xml -p pset.py      
 Feb 02 22:08:04 GMT	32520	1375176	1910784	201	639	10801	cmsRun -j /scratch/condor/dir_24455/glide_tBmuwj/execute/dir_29146/crab_fjr_41.xml -p pset.py      
 Feb 02 22:09:05 GMT	32520	1375176	1911552	201	644	10861	cmsRun -j /scratch/condor/dir_24455/glide_tBmuwj/execute/dir_29146/crab_fjr_41.xml -p pset.py      
 Feb 02 22:10:05 GMT	---	1375176	1911552	220	----	----	----
 Feb 02 22:28:12 GMT	32520	1406192	1911552	220	715	12008	cmsRun -j /scratch/condor/dir_24455/glide_tBmuwj/execute/dir_29146/crab_fjr_41.xml -p pset.py      
 Feb 02 22:29:12 GMT	32520	1439268	1914628	220	725	12069	cmsRun -j /scratch/condor/dir_24455/glide_tBmuwj/execute/dir_29146/crab_fjr_41.xml -p pset.py      
 Feb 02 22:31:13 GMT	32520	1440732	1914628	220	732	12190	cmsRun -j /scratch/condor/dir_24455/glide_tBmuwj/execute/dir_29146/crab_fjr_41.xml -p pset.py      
 Feb 02 22:32:14 GMT	32520	1440732	1946884	220	753	12250	cmsRun -j /scratch/condor/dir_24455/glide_tBmuwj/execute/dir_29146/crab_fjr_41.xml -p pset.py      
 Feb 02 22:32:14 GMT	---	1440732	1946884	244	----	----	----
 Feb 02 22:33:14 GMT	32520	1440732	1947908	244	755	12311	cmsRun -j /scratch/condor/dir_24455/glide_tBmuwj/execute/dir_29146/crab_fjr_41.xml -p pset.py      
# TIME			PID	RSS(KB)	VSZ(KB)	Dsk(MB)	tCPU(s)	tWALL(s)	COMMAND
 Feb 02 22:34:15 GMT	32520	1440732	1948932	244	759	12371	cmsRun -j /scratch/condor/dir_24455/glide_tBmuwj/execute/dir_29146/crab_fjr_41.xml -p pset.py      
 Feb 02 22:38:16 GMT	32520	1440732	1949444	244	776	12612	cmsRun -j /scratch/condor/dir_24455/glide_tBmuwj/execute/dir_29146/crab_fjr_41.xml -p pset.py      
 Feb 02 22:39:16 GMT	32520	1440732	1957636	244	783	12673	cmsRun -j /scratch/condor/dir_24455/glide_tBmuwj/execute/dir_29146/crab_fjr_41.xml -p pset.py      
 Feb 02 22:40:17 GMT	32520	1440732	1966340	244	789	12733	cmsRun -j /scratch/condor/dir_24455/glide_tBmuwj/execute/dir_29146/crab_fjr_41.xml -p pset.py      
 Feb 02 22:41:17 GMT	32520	1440732	1966596	244	798	12793	cmsRun -j /scratch/condor/dir_24455/glide_tBmuwj/execute/dir_29146/crab_fjr_41.xml -p pset.py      
 Feb 02 22:43:18 GMT	32520	1440732	1985284	244	814	12914	cmsRun -j /scratch/condor/dir_24455/glide_tBmuwj/execute/dir_29146/crab_fjr_41.xml -p pset.py      
 Feb 02 22:44:18 GMT	32520	1440732	1989636	244	820	12975	cmsRun -j /scratch/condor/dir_24455/glide_tBmuwj/execute/dir_29146/crab_fjr_41.xml -p pset.py      
 Feb 02 22:45:19 GMT	---	1440732	1989636	266	----	----	----
********** WATCHDOG LOG ENDED
ZIPPING WATCHDOG LOG
Disk space used:
du -sh /scratch/condor/dir_24455/glide_tBmuwj/execute/dir_29146
266M	/scratch/condor/dir_24455/glide_tBmuwj/execute/dir_29146
Found unusual stdout, rename for OSB
`/scratch/condor/dir_24455/glide_tBmuwj/execute/dir_29146/_condor_stdout' -> `CMSSW_41.stdout'
Found unusual stderr, rename for OSB
`/scratch/condor/dir_24455/glide_tBmuwj/execute/dir_29146/_condor_stdout' -> `CMSSW_41.stderr'
crab_fjr_41.xml
CMSSW_41.stdout
CMSSW_41.stderr
Watchdog_41.log.gz
Total Output dimension: 24873
WARNING: output files size limit is set to: 50000000
Total Output dimension 24873 is fine.
JOB_EXIT_STATUS = 0
>>> info for dashboard:
***** Cat /scratch/condor/dir_24455/glide_tBmuwj/execute/dir_29146/jobreport.txt *****
MonitorJobID=41_https://submit-6.t2.ucsd.edu//150202//509447.40
MonitorID=dcieri_PU140_4dm08r
ExeTime=12985
ExeExitCode=0
StageOutExitStatusReason = 'Copy succedeed with srm-lcg utils'
StageOutSE = heplnx204.pp.rl.ac.uk
StageOutExitStatus = 0
CrabUserCpuTime=801.15
CrabSysCpuTime=36.37
CrabCpuPercentage=6%
CrabWrapperTime=13053
CrabStageoutTime=49
JobExitCode=0
***** End Cat jobreport *****
Parameters sent to Dashboard.
EXITING at Mon Feb  2 22:45:33 GMT 2015  -  Mon Feb  2 22:45:33 UTC 2015
