This script was generated by crab (version 2.11.1_patch1).
Running /scratch/condor/dir_25794/glide_WGbqD0/execute/dir_9675/condor_exec.exe with 2 positional parameters: 189 1
Today is Mon Feb  2 20:10:01 GMT 2015 - Mon Feb  2 20:10:01 UTC 2015
Job submitted on host heplnc173.pp.rl.ac.uk
Linux heplnc173.pp.rl.ac.uk 2.6.32-504.3.3.el6.x86_64 #1 SMP Tue Dec 16 14:29:22 CST 2014 x86_64 x86_64 x86_64 GNU/Linux
Distributor ID:	Scientific
Description:	Scientific Linux release 6.6 (Carbon)
>>> current directory (RUNTIME_AREA): /scratch/condor/dir_25794/glide_WGbqD0/execute/dir_9675
>>> current user: uid=157415(cms415) gid=157000(gplcms) groups=157000(gplcms)
>>> directory permission set to 0700
>>> umask set to:  u=rwx,g=,o=
>>> stdout stderr permission set to 0704
>>> voms proxy information:
subject   : /DC=ch/DC=cern/OU=Organic Units/OU=Users/CN=dcieri/CN=755391/CN=Davide Cieri/CN=769881070/CN=523193070
issuer    : /DC=ch/DC=cern/OU=Organic Units/OU=Users/CN=dcieri/CN=755391/CN=Davide Cieri/CN=769881070
identity  : /DC=ch/DC=cern/OU=Organic Units/OU=Users/CN=dcieri/CN=755391/CN=Davide Cieri
type      : RFC3820 compliant limited proxy
strength  : 1024
path      : /scratch/condor/dir_25794/glide_WGbqD0/execute/dir_9675/x509up_u62281
timeleft  : 23:59:25
key usage : Digital Signature, Key Encipherment
=== VO cms extension information ===
VO        : cms
subject   : /DC=ch/DC=cern/OU=Organic Units/OU=Users/CN=dcieri/CN=755391/CN=Davide Cieri
issuer    : /DC=ch/DC=cern/OU=computers/CN=lcg-voms2.cern.ch
attribute : /cms/Role=NULL/Capability=NULL
timeleft  : 184:06:23
uri       : lcg-voms2.cern.ch:15002

WNHostName=heplnc173.pp.rl.ac.uk
$_CONDOR_JOB_AD =/scratch/condor/dir_25794/glide_WGbqD0/execute/dir_9675/.job.ad
OverflowFlag=0
>>> tar --no-same-permissions -xf /scratch/condor/dir_25794/glide_WGbqD0/execute/dir_9675/default.tgz :
Successful untar
>>> Include /scratch/condor/dir_25794/glide_WGbqD0/execute/dir_9675 in PYTHONPATH:
strip arguments
env var CRAB_UNIQUE_JOB_ID set to: dcieri_PU140_4dm08r_189_1_13h
out_files_189
>>> list of expected files on output sandbox
output files: crab_fjr_189.xml CMSSW_189.stdout CMSSW_189.stderr Watchdog_189.log.gz
>>> GridFlavour discovery: 
GridFlavour=LCG
>>> SyncSite discovery: 
SyncSite=T2_UK_SGrid_RALPP
>>> SyncCE discovery: 
getting SyncCE from GLIDEIN_Gaekeeper
SyncCE=heplnv147.pp.rl.ac.uk
>>> info for dashboard:
***** Cat /scratch/condor/dir_25794/glide_WGbqD0/execute/dir_9675/jobreport.txt *****
WNHostName=heplnc173.pp.rl.ac.uk
OverflowFlag=0
MonitorJobID=189_https://submit-6.t2.ucsd.edu//150202//509447.188
SyncGridJobId=https://submit-6.t2.ucsd.edu//150202//509447.188
MonitorID=dcieri_PU140_4dm08r
GridFlavour=LCG
SyncSite=T2_UK_SGrid_RALPP
SyncCE=heplnv147.pp.rl.ac.uk
***** End Cat jobreport *****
Parameters sent to Dashboard.
>>> setup environment
set SCRAM ARCH to slc6_amd64_gcc472
SCRAM_ARCH = slc6_amd64_gcc472
>>> setup CMS LCG environment:
set SCRAM ARCH and BUILD_ARCH to slc6_amd64_gcc472 ###
Sourcing environment... 
sourcing /cvmfs/cms.cern.ch/cmsset_default.sh
==> setup cms environment ok
>>> specific cmssw setup environment:
CMSSW_VERSION =  CMSSW_6_2_0_SLHC12
WARNING: In non-interactive mode release checks e.g. deprecated releases, production architectures are disabled.
>>> current directory (SOFTWARE_DIR): /scratch/condor/dir_25794/glide_WGbqD0/execute/dir_9675/CMSSW_6_2_0_SLHC12
PreserveSeeds: <>
IncrementSeeds:<>
>>> info for dashboard:
***** Cat /scratch/condor/dir_25794/glide_WGbqD0/execute/dir_9675/jobreport.txt *****
MonitorJobID=189_https://submit-6.t2.ucsd.edu//150202//509447.188
MonitorID=dcieri_PU140_4dm08r
***** End Cat jobreport *****
Parameters sent to Dashboard.
crabWatchdog started as process 10466
>>> moving CMSSW software directories in /scratch/condor/dir_25794/glide_WGbqD0/execute/dir_9675/CMSSW_6_2_0_SLHC12
mv: cannot stat `/scratch/condor/dir_25794/glide_WGbqD0/execute/dir_9675/module/': No such file or directory
>>> Include /scratch/condor/dir_25794/glide_WGbqD0/execute/dir_9675 in PYTHONPATH:
PYTHONPATH=/scratch/condor/dir_25794/glide_WGbqD0/execute/dir_9675/:/scratch/condor/dir_25794/glide_WGbqD0/execute/dir_9675/CMSSW_6_2_0_SLHC12/python:/scratch/condor/dir_25794/glide_WGbqD0/execute/dir_9675/CMSSW_6_2_0_SLHC12/lib/slc6_amd64_gcc472:/cvmfs/cms.cern.ch/slc6_amd64_gcc472/cms/cmssw/CMSSW_6_2_0_SLHC12/python:/cvmfs/cms.cern.ch/slc6_amd64_gcc472/cms/cmssw/CMSSW_6_2_0_SLHC12/lib/slc6_amd64_gcc472:/cvmfs/cms.cern.ch/slc6_amd64_gcc472/cms/coral/CORAL_2_3_21-cms35/slc6_amd64_gcc472/python:/cvmfs/cms.cern.ch/slc6_amd64_gcc472/cms/coral/CORAL_2_3_21-cms35/slc6_amd64_gcc472/lib:/cvmfs/cms.cern.ch/slc6_amd64_gcc472/external/python-ldap/2.3.5-cms5/lib/python2.7/site-packages:/cvmfs/cms.cern.ch/slc6_amd64_gcc472/external/pyqt/4.8.1-cms5/lib/python2.7/site-packages:/cvmfs/cms.cern.ch/slc6_amd64_gcc472/external/py2-scipy/0.8.0-cms7/lib/python2.7/site-packages:/cvmfs/cms.cern.ch/slc6_amd64_gcc472/external/py2-matplotlib/1.0.1-cms7/lib/python2.7/site-packages:/cvmfs/cms.cern.ch/slc6_amd64_gcc472/external/sip/4.11.2-cms5/lib/python2.7/site-packages:/cvmfs/cms.cern.ch/slc6_amd64_gcc472/external/py2-pycurl/7.19.0-cms7/lib/python2.7/site-packages:/cvmfs/cms.cern.ch/slc6_amd64_gcc472/external/py2-numpy/1.6.1-cms7/lib/python2.7/site-packages:/cvmfs/cms.cern.ch/slc6_amd64_gcc472/external/py2-lint/0.25.1-cms5/lib/python2.7/site-packages:/cvmfs/cms.cern.ch/slc6_amd64_gcc472/external/py2-ipython/0.10-cms5/lib/python2.7/site-packages:/cvmfs/cms.cern.ch/slc6_amd64_gcc472/external/py2-cx-oracle/5.1-cms5/lib/python2.7/site-packages:/cvmfs/cms.cern.ch/slc6_amd64_gcc472/external/py2-cjson/1.0.5-cms5/lib/python2.7/site-packages:/cvmfs/cms.cern.ch/slc6_amd64_gcc472/cms/das-client/1.11.7/bin:/cvmfs/cms.cern.ch/slc6_amd64_gcc472/external/elementtree/1.2.6-cms5/share/lib/python2.7/site-packages:/cvmfs/cms.cern.ch/slc6_amd64_gcc472/external/rivet/1.8.2-cms9/lib/python2.7/site-packages:/cvmfs/cms.cern.ch/slc6_amd64_gcc472/external/pyminuit2/0.0.1-cms19/lib/python2.7/site-packages:/cvmfs/cms.cern.ch/slc6_amd64_gcc472/external/py2-pygithub/1.23.0-cms2/lib/python2.7/site-packages:/cvmfs/cms.cern.ch/slc6_amd64_gcc472/external/professor/1.0.0-cms19/lib/python2.7/site-packages:/cvmfs/cms.cern.ch/slc6_amd64_gcc472/lcg/root/5.34.07-cms/lib:/cvmfs/cms.cern.ch/slc6_amd64_gcc472/cms/dbs-client/DBS_2_1_9-cms5/lib:/cvmfs/cms.cern.ch/slc6_amd64_gcc472/cms/dbs-client/DBS_2_1_9-cms5/lib/DBSAPI:/cvmfs/cms.cern.ch/slc6_amd64_gcc472/external/cvs2git/5419-cms/lib:/scratch/condor/dir_25794/glide_WGbqD0/execute/dir_9675/
 
# LIMITS USED BY CRAB WATCHDOG:
# RSS  (KBytes)   : 2300000
# VSZ  (KBytes)   : 100000000
# DISK (MBytes)   : 19000
# CPU TIME        : 720h:0m:0s
# WALL CLOCK TIME : 21h:50m:0s
 
3c0380cf82de79bc39966c93934c61fc
PSETHASH = 3c0380cf82de79bc39966c93934c61fc
/scratch/condor/dir_25794/glide_WGbqD0/execute/dir_9675/writeCfg.py pset.py pset.py
Importing .py file
Setting parameters
RandomNumberGeneratorService found, will attempt to change seeds
inputBlocks=/ttbar/dcieri-ttbar_SIM-130075366148575c102f0d64fd3ac8f7/USER#42f4abf6-431f-4645-8b28-bf101a629022
inputFiles=/store/user/dcieri/ttbar_SIM/ttbar/ttbar_SIM/150129_145223/0000/step1_136.root
parentFiles=
lumisRange=
>>> Executable cmsRun
/cvmfs/cms.cern.ch/slc6_amd64_gcc472/cms/cmssw/CMSSW_6_2_0_SLHC12/bin/slc6_amd64_gcc472/cmsRun
ok executable found
>>> info for dashboard:
***** Cat /scratch/condor/dir_25794/glide_WGbqD0/execute/dir_9675/jobreport.txt *****
MonitorJobID=189_https://submit-6.t2.ucsd.edu//150202//509447.188
MonitorID=dcieri_PU140_4dm08r
ExeStart=cmsRun
***** End Cat jobreport *****
Parameters sent to Dashboard.
>>> cmsRun started at Mon Feb  2 20:10:09 UTC 2015
>>> cmsRun ended at Mon Feb  2 23:03:37 UTC 2015
>>> crab_fjr_*.xml  permission set to 0704
>>> info for dashboard:
***** Cat /scratch/condor/dir_25794/glide_WGbqD0/execute/dir_9675/jobreport.txt *****
MonitorJobID=189_https://submit-6.t2.ucsd.edu//150202//509447.188
MonitorID=dcieri_PU140_4dm08r
ExeEnd=cmsRun
***** End Cat jobreport *****
Parameters sent to Dashboard.
TIME_EXE = 10408 sec
>>> cmsRun wrote 221 lines of stdout+stderr
>>> START OF printout of 221 lines from stdout+stderr
271 DQMStore::DQMStore 
HcalTopologyIdealEP::HcalTopologyIdealEP
02-Feb-2015 20:10:19 GMT  Initiating request to open file root://dcap.pp.rl.ac.uk:1094/pnfs/pp.rl.ac.uk/data/cms/store/user/dcieri/ttbar_SIM/ttbar/ttbar_SIM/150129_145223/0000/step1_136.root
150202 20:10:21 10598 Xrd: CheckErrorStatus: Server [heplnx210.pp.rl.ac.uk:1094] declared: Request 3018 not supported(error code: 3013)
02-Feb-2015 20:10:21 GMT  Successfully opened file root://dcap.pp.rl.ac.uk:1094/pnfs/pp.rl.ac.uk/data/cms/store/user/dcieri/ttbar_SIM/ttbar/ttbar_SIM/150129_145223/0000/step1_136.root
02-Feb-2015 20:10:22 GMT  Initiating request to open file root://xrootd.unl.edu//store/group/dpg_trigger/comm_trigger/L1TrackTrigger/620_SLHC10/Extended2023TTI/MinBias/MinBias_TuneZ2star_GEN_SIM_1.root
02-Feb-2015 20:10:47 GMT  Successfully opened file root://xrootd.unl.edu//store/group/dpg_trigger/comm_trigger/L1TrackTrigger/620_SLHC10/Extended2023TTI/MinBias/MinBias_TuneZ2star_GEN_SIM_1.root
disableME1a = 0
HcalTopologyIdealEP::produce(const IdealGeometryRecord& iRecord)
mode = 2, maxDepthHB = 3, maxDepthHE = 5
RPCGeometryESModule :: produce
RPCGeometryESModule :: produce :: 1/4 Get Muon Ideal Geometry Record
RPCGeometryESModule :: produce :: 2/4 Get Muon DDD Constants
RPCGeometryESModule :: produce :: 3/4 Get Muon Numbering Record
in MuonNumberingInitialization::initializeMuonDDDConstants
about to make my new muonDDDConst_
in MuonNumberingInitialization::produce
RPCGeometryESModule :: produce :: 4/4 Build
Found:

	Barrel Stack layer 5 : 1008 stacks
	Barrel Stack layer 6 : 1320 stacks
	Barrel Stack layer 7 : 1836 stacks
	Barrel Stack layer 8 : 1152 stacks
	Barrel Stack layer 9 : 1488 stacks
	Barrel Stack layer 10 : 1824 stacks

	Endcap Stack disk 11 : 1360 stacks
	Endcap Stack disk 12 : 1360 stacks
	Endcap Stack disk 13 : 1360 stacks
	Endcap Stack disk 14 : 1360 stacks
	Endcap Stack disk 15 : 1360 stacks
Created 15428 stacks in 26 s

TTClusterBuilder< edm::Ref<edm::DetSetVector<PixelDigi>, PixelDigi, edm::refhelper::FindForDetSetVector<PixelDigi> > > loaded modules:
	TTClusterAlgorithm:	TTClusterAlgorithm_2d2013< edm::Ref<edm::DetSetVector<PixelDigi>, PixelDigi, edm::refhelper::FindForDetSetVector<PixelDigi> > >


TTStubBuilder< edm::Ref<edm::DetSetVector<PixelDigi>, PixelDigi, edm::refhelper::FindForDetSetVector<PixelDigi> > > loaded modules:
	TTStubAlgorithm:	TTStubAlgorithm_tab2013< edm::Ref<edm::DetSetVector<PixelDigi>, PixelDigi, edm::refhelper::FindForDetSetVector<PixelDigi> > >


TTClusterAssociator< edm::Ref<edm::DetSetVector<PixelDigi>, PixelDigi, edm::refhelper::FindForDetSetVector<PixelDigi> > > loaded.


TTStubAssociator< edm::Ref<edm::DetSetVector<PixelDigi>, PixelDigi, edm::refhelper::FindForDetSetVector<PixelDigi> > > loaded.


TTTrackAssociator< edm::Ref<edm::DetSetVector<PixelDigi>, PixelDigi, edm::refhelper::FindForDetSetVector<PixelDigi> > > loaded.

Begin processing the 1st record. Run 1, Event 1351, LumiSection 136 at 02-Feb-2015 20:11:33.576 GMT
02-Feb-2015 20:11:40 GMT  Closed file root://xrootd.unl.edu//store/group/dpg_trigger/comm_trigger/L1TrackTrigger/620_SLHC10/Extended2023TTI/MinBias/MinBias_TuneZ2star_GEN_SIM_1.root
02-Feb-2015 20:11:40 GMT  Initiating request to open file root://xrootd.unl.edu//store/group/dpg_trigger/comm_trigger/L1TrackTrigger/620_SLHC10/Extended2023TTI/MinBias/MinBias_TuneZ2star_GEN_SIM_942.root
02-Feb-2015 20:12:11 GMT  Successfully opened file root://xrootd.unl.edu//store/group/dpg_trigger/comm_trigger/L1TrackTrigger/620_SLHC10/Extended2023TTI/MinBias/MinBias_TuneZ2star_GEN_SIM_942.root
150202 20:16:49 10991 Xrd: XrdClientMessage::ReadRaw: Failed to read header (8 bytes).
150202 20:17:19 10989 Xrd: XrdClientMessage::ReadRaw: Failed to read header (8 bytes).
02-Feb-2015 20:21:50 GMT  Closed file root://xrootd.unl.edu//store/group/dpg_trigger/comm_trigger/L1TrackTrigger/620_SLHC10/Extended2023TTI/MinBias/MinBias_TuneZ2star_GEN_SIM_942.root
02-Feb-2015 20:21:50 GMT  Initiating request to open file root://xrootd.unl.edu//store/group/dpg_trigger/comm_trigger/L1TrackTrigger/620_SLHC10/Extended2023TTI/MinBias/MinBias_TuneZ2star_GEN_SIM_980.root
150202 20:22:21 20193 Xrd: CheckErrorStatus: Server [xrootd.ba.infn.it:1094] declared: session not found(error code: 3011)
02-Feb-2015 20:22:21 GMT  Successfully opened file root://xrootd.unl.edu//store/group/dpg_trigger/comm_trigger/L1TrackTrigger/620_SLHC10/Extended2023TTI/MinBias/MinBias_TuneZ2star_GEN_SIM_980.root
150202 20:27:20 12062 Xrd: XrdClientMessage::ReadRaw: Failed to read header (8 bytes).
150202 20:27:49 20543 Xrd: XrdClientMessage::ReadRaw: Failed to read header (8 bytes).
150202 20:30:49 10988 Xrd: XrdClientMessage::ReadRaw: Failed to read header (8 bytes).
150202 20:30:49 10606 Xrd: XrdClientMessage::ReadRaw: Failed to read header (8 bytes).
02-Feb-2015 20:32:29 GMT  Closed file root://xrootd.unl.edu//store/group/dpg_trigger/comm_trigger/L1TrackTrigger/620_SLHC10/Extended2023TTI/MinBias/MinBias_TuneZ2star_GEN_SIM_980.root
02-Feb-2015 20:32:29 GMT  Initiating request to open file root://xrootd.unl.edu//store/group/dpg_trigger/comm_trigger/L1TrackTrigger/620_SLHC10/Extended2023TTI/MinBias/MinBias_TuneZ2star_GEN_SIM_522.root
150202 20:33:05 27896 Xrd: CheckErrorStatus: Server [xrootd-redic.pi.infn.it:1094] declared: session not found(error code: 3011)
02-Feb-2015 20:33:05 GMT  Successfully opened file root://xrootd.unl.edu//store/group/dpg_trigger/comm_trigger/L1TrackTrigger/620_SLHC10/Extended2023TTI/MinBias/MinBias_TuneZ2star_GEN_SIM_522.root
Building the geometry service
Warning did not find digi
Warning did not find digi
Warning did not find digi
Warning did not find digi
Warning did not find digi in disks
Warning did not find digi in disks
Warning did not find digi in disks
Warning did not find digi in disks
150202 20:37:49 20544 Xrd: XrdClientMessage::ReadRaw: Failed to read header (8 bytes).
150202 20:38:19 28241 Xrd: XrdClientMessage::ReadRaw: Failed to read header (8 bytes).
150202 20:42:50 12061 Xrd: XrdClientMessage::ReadRaw: Failed to read header (8 bytes).
02-Feb-2015 20:43:05 GMT  Closed file root://xrootd.unl.edu//store/group/dpg_trigger/comm_trigger/L1TrackTrigger/620_SLHC10/Extended2023TTI/MinBias/MinBias_TuneZ2star_GEN_SIM_522.root
02-Feb-2015 20:43:05 GMT  Initiating request to open file root://xrootd.unl.edu//store/group/dpg_trigger/comm_trigger/L1TrackTrigger/620_SLHC10/Extended2023TTI/MinBias/MinBias_TuneZ2star_GEN_SIM_560.root
150202 20:43:40 3174 Xrd: CheckErrorStatus: Server [cms-xrd-global.cern.ch:1094] declared: session not found(error code: 3011)
150202 20:43:40 3174 Xrd: CheckErrorStatus: Server [xrootd.ba.infn.it:1094] declared: session not found(error code: 3011)
02-Feb-2015 20:43:40 GMT  Successfully opened file root://xrootd.unl.edu//store/group/dpg_trigger/comm_trigger/L1TrackTrigger/620_SLHC10/Extended2023TTI/MinBias/MinBias_TuneZ2star_GEN_SIM_560.root
150202 20:48:20 28242 Xrd: XrdClientMessage::ReadRaw: Failed to read header (8 bytes).
150202 20:48:50 3887 Xrd: XrdClientMessage::ReadRaw: Failed to read header (8 bytes).
02-Feb-2015 20:52:41 GMT  Closed file root://xrootd.unl.edu//store/group/dpg_trigger/comm_trigger/L1TrackTrigger/620_SLHC10/Extended2023TTI/MinBias/MinBias_TuneZ2star_GEN_SIM_560.root
02-Feb-2015 20:52:41 GMT  Initiating request to open file root://xrootd.unl.edu//store/group/dpg_trigger/comm_trigger/L1TrackTrigger/620_SLHC10/Extended2023TTI/MinBias/MinBias_TuneZ2star_GEN_SIM_270.root
150202 20:53:12 28240 Xrd: XrdClientMessage::ReadRaw: Failed to read header (8 bytes).
150202 20:53:17 10207 Xrd: CheckErrorStatus: Server [cms-xrd-global.cern.ch:1094] declared: session not found(error code: 3011)
150202 20:53:17 10207 Xrd: CheckErrorStatus: Server [xrootd-redic.pi.infn.it:1094] declared: session not found(error code: 3011)
02-Feb-2015 20:53:18 GMT  Successfully opened file root://xrootd.unl.edu//store/group/dpg_trigger/comm_trigger/L1TrackTrigger/620_SLHC10/Extended2023TTI/MinBias/MinBias_TuneZ2star_GEN_SIM_270.root
150202 20:57:49 3888 Xrd: XrdClientMessage::ReadRaw: Failed to read header (8 bytes).
150202 20:58:19 10900 Xrd: XrdClientMessage::ReadRaw: Failed to read header (8 bytes).
DTTSPhi::addTracoT: preview not present in TRACO trigger or its code=0  trigger not added!
150202 21:03:49 3777 Xrd: XrdClientMessage::ReadRaw: Failed to read header (8 bytes).
02-Feb-2015 21:09:18 GMT  Closed file root://xrootd.unl.edu//store/group/dpg_trigger/comm_trigger/L1TrackTrigger/620_SLHC10/Extended2023TTI/MinBias/MinBias_TuneZ2star_GEN_SIM_270.root
02-Feb-2015 21:09:18 GMT  Initiating request to open file root://xrootd.unl.edu//store/group/dpg_trigger/comm_trigger/L1TrackTrigger/620_SLHC10/Extended2023TTI/MinBias/MinBias_TuneZ2star_GEN_SIM_788.root
150202 21:10:39 22777 Xrd: CheckErrorStatus: Server [xrootd-redic.pi.infn.it:1094] declared: session not found(error code: 3011)
02-Feb-2015 21:10:39 GMT  Successfully opened file root://xrootd.unl.edu//store/group/dpg_trigger/comm_trigger/L1TrackTrigger/620_SLHC10/Extended2023TTI/MinBias/MinBias_TuneZ2star_GEN_SIM_788.root
150202 21:14:19 10901 Xrd: XrdClientMessage::ReadRaw: Failed to read header (8 bytes).
150202 21:15:49 23505 Xrd: XrdClientMessage::ReadRaw: Failed to read header (8 bytes).
02-Feb-2015 21:19:13 GMT  Closed file root://xrootd.unl.edu//store/group/dpg_trigger/comm_trigger/L1TrackTrigger/620_SLHC10/Extended2023TTI/MinBias/MinBias_TuneZ2star_GEN_SIM_788.root
02-Feb-2015 21:19:13 GMT  Initiating request to open file root://xrootd.unl.edu//store/group/dpg_trigger/comm_trigger/L1TrackTrigger/620_SLHC10/Extended2023TTI/MinBias/MinBias_TuneZ2star_GEN_SIM_71.root
150202 21:19:44 2825 Xrd: CheckErrorStatus: Server [cms-xrd-global.cern.ch:1094] declared: session not found(error code: 3011)
150202 21:19:45 2825 Xrd: CheckErrorStatus: Server [llrxrd-redir.in2p3.fr:1094] declared: session not found(error code: 3011)
02-Feb-2015 21:19:45 GMT  Successfully opened file root://xrootd.unl.edu//store/group/dpg_trigger/comm_trigger/L1TrackTrigger/620_SLHC10/Extended2023TTI/MinBias/MinBias_TuneZ2star_GEN_SIM_71.root
150202 21:24:19 23506 Xrd: XrdClientMessage::ReadRaw: Failed to read header (8 bytes).
150202 21:24:49 3420 Xrd: XrdClientMessage::ReadRaw: Failed to read header (8 bytes).
150202 21:30:50 10899 Xrd: XrdClientMessage::ReadRaw: Failed to read header (8 bytes).
02-Feb-2015 21:37:51 GMT  Closed file root://xrootd.unl.edu//store/group/dpg_trigger/comm_trigger/L1TrackTrigger/620_SLHC10/Extended2023TTI/MinBias/MinBias_TuneZ2star_GEN_SIM_71.root
02-Feb-2015 21:37:51 GMT  Initiating request to open file root://xrootd.unl.edu//store/group/dpg_trigger/comm_trigger/L1TrackTrigger/620_SLHC10/Extended2023TTI/MinBias/MinBias_TuneZ2star_GEN_SIM_389.root
150202 21:38:22 16671 Xrd: CheckErrorStatus: Server [llrxrd-redir.in2p3.fr:1094] declared: session not found(error code: 3011)
150202 21:38:22 16671 Xrd: CheckErrorStatus: Server [eoscms.cern.ch:1094] declared: session not found(error code: 3011)
02-Feb-2015 21:38:22 GMT  Successfully opened file root://xrootd.unl.edu//store/group/dpg_trigger/comm_trigger/L1TrackTrigger/620_SLHC10/Extended2023TTI/MinBias/MinBias_TuneZ2star_GEN_SIM_389.root
150202 21:43:19 3421 Xrd: XrdClientMessage::ReadRaw: Failed to read header (8 bytes).
150202 21:43:49 17144 Xrd: XrdClientMessage::ReadRaw: Failed to read header (8 bytes).
02-Feb-2015 21:45:41 GMT  Closed file root://xrootd.unl.edu//store/group/dpg_trigger/comm_trigger/L1TrackTrigger/620_SLHC10/Extended2023TTI/MinBias/MinBias_TuneZ2star_GEN_SIM_389.root
02-Feb-2015 21:45:41 GMT  Initiating request to open file root://xrootd.unl.edu//store/group/dpg_trigger/comm_trigger/L1TrackTrigger/620_SLHC10/Extended2023TTI/MinBias/MinBias_TuneZ2star_GEN_SIM_179.root
150202 21:46:12 22459 Xrd: CheckErrorStatus: Server [cms-xrd-global.cern.ch:1094] declared: session not found(error code: 3011)
150202 21:46:12 22459 Xrd: CheckErrorStatus: Server [xrootd-redic.pi.infn.it:1094] declared: session not found(error code: 3011)
02-Feb-2015 21:46:13 GMT  Successfully opened file root://xrootd.unl.edu//store/group/dpg_trigger/comm_trigger/L1TrackTrigger/620_SLHC10/Extended2023TTI/MinBias/MinBias_TuneZ2star_GEN_SIM_179.root
150202 21:50:50 17145 Xrd: XrdClientMessage::ReadRaw: Failed to read header (8 bytes).
150202 21:51:19 22923 Xrd: XrdClientMessage::ReadRaw: Failed to read header (8 bytes).
02-Feb-2015 21:54:12 GMT  Closed file root://xrootd.unl.edu//store/group/dpg_trigger/comm_trigger/L1TrackTrigger/620_SLHC10/Extended2023TTI/MinBias/MinBias_TuneZ2star_GEN_SIM_179.root
02-Feb-2015 21:54:12 GMT  Initiating request to open file root://xrootd.unl.edu//store/group/dpg_trigger/comm_trigger/L1TrackTrigger/620_SLHC10/Extended2023TTI/MinBias/MinBias_TuneZ2star_GEN_SIM_425.root
150202 21:54:43 28597 Xrd: CheckErrorStatus: Server [xrootd-redic.pi.infn.it:1094] declared: session not found(error code: 3011)
02-Feb-2015 21:54:44 GMT  Successfully opened file root://xrootd.unl.edu//store/group/dpg_trigger/comm_trigger/L1TrackTrigger/620_SLHC10/Extended2023TTI/MinBias/MinBias_TuneZ2star_GEN_SIM_425.root
DTTSPhi::addTracoT: preview not present in TRACO trigger or its code=0  trigger not added!
150202 21:58:50 3419 Xrd: XrdClientMessage::ReadRaw: Failed to read header (8 bytes).
150202 21:59:19 22924 Xrd: XrdClientMessage::ReadRaw: Failed to read header (8 bytes).
150202 21:59:50 28722 Xrd: XrdClientMessage::ReadRaw: Failed to read header (8 bytes).
02-Feb-2015 22:01:02 GMT  Closed file root://xrootd.unl.edu//store/group/dpg_trigger/comm_trigger/L1TrackTrigger/620_SLHC10/Extended2023TTI/MinBias/MinBias_TuneZ2star_GEN_SIM_425.root
02-Feb-2015 22:01:02 GMT  Initiating request to open file root://xrootd.unl.edu//store/group/dpg_trigger/comm_trigger/L1TrackTrigger/620_SLHC10/Extended2023TTI/MinBias/MinBias_TuneZ2star_GEN_SIM_314.root
150202 22:01:44 9938 Xrd: CheckErrorStatus: Server [xrootd-redic.pi.infn.it:1094] declared: session not found(error code: 3011)
02-Feb-2015 22:01:44 GMT  Successfully opened file root://xrootd.unl.edu//store/group/dpg_trigger/comm_trigger/L1TrackTrigger/620_SLHC10/Extended2023TTI/MinBias/MinBias_TuneZ2star_GEN_SIM_314.root
02-Feb-2015 22:05:51 GMT  Closed file root://xrootd.unl.edu//store/group/dpg_trigger/comm_trigger/L1TrackTrigger/620_SLHC10/Extended2023TTI/MinBias/MinBias_TuneZ2star_GEN_SIM_314.root
02-Feb-2015 22:05:51 GMT  Initiating request to open file root://xrootd.unl.edu//store/group/dpg_trigger/comm_trigger/L1TrackTrigger/620_SLHC10/Extended2023TTI/MinBias/MinBias_TuneZ2star_GEN_SIM_764.root
150202 22:06:19 28723 Xrd: XrdClientMessage::ReadRaw: Failed to read header (8 bytes).
150202 22:06:50 11201 Xrd: XrdClientMessage::ReadRaw: Failed to read header (8 bytes).
150202 22:10:47 13467 Xrd: CheckErrorStatus: Server [cms-xrd-global.cern.ch:1094] declared: session not found(error code: 3011)
150202 22:10:47 13467 Xrd: CheckErrorStatus: Server [xrootd.ba.infn.it:1094] declared: session not found(error code: 3011)
02-Feb-2015 22:10:47 GMT  Successfully opened file root://xrootd.unl.edu//store/group/dpg_trigger/comm_trigger/L1TrackTrigger/620_SLHC10/Extended2023TTI/MinBias/MinBias_TuneZ2star_GEN_SIM_764.root
150202 22:11:20 11202 Xrd: XrdClientMessage::ReadRaw: Failed to read header (8 bytes).
150202 22:15:49 15623 Xrd: XrdClientMessage::ReadRaw: Failed to read header (8 bytes).
02-Feb-2015 22:16:08 GMT  Closed file root://xrootd.unl.edu//store/group/dpg_trigger/comm_trigger/L1TrackTrigger/620_SLHC10/Extended2023TTI/MinBias/MinBias_TuneZ2star_GEN_SIM_764.root
02-Feb-2015 22:16:08 GMT  Initiating request to open file root://xrootd.unl.edu//store/group/dpg_trigger/comm_trigger/L1TrackTrigger/620_SLHC10/Extended2023TTI/MinBias/MinBias_TuneZ2star_GEN_SIM_130.root
150202 22:21:19 15624 Xrd: XrdClientMessage::ReadRaw: Failed to read header (8 bytes).
150202 22:21:49 22922 Xrd: XrdClientMessage::ReadRaw: Failed to read header (8 bytes).
150202 22:24:22 18454 Xrd: CheckErrorStatus: Server [xrootd.ba.infn.it:1094] declared: session not found(error code: 3011)
02-Feb-2015 22:24:22 GMT  Successfully opened file root://xrootd.unl.edu//store/group/dpg_trigger/comm_trigger/L1TrackTrigger/620_SLHC10/Extended2023TTI/MinBias/MinBias_TuneZ2star_GEN_SIM_130.root
02-Feb-2015 22:28:38 GMT  Closed file root://xrootd.unl.edu//store/group/dpg_trigger/comm_trigger/L1TrackTrigger/620_SLHC10/Extended2023TTI/MinBias/MinBias_TuneZ2star_GEN_SIM_130.root
02-Feb-2015 22:28:38 GMT  Initiating request to open file root://xrootd.unl.edu//store/group/dpg_trigger/comm_trigger/L1TrackTrigger/620_SLHC10/Extended2023TTI/MinBias/MinBias_TuneZ2star_GEN_SIM_909.root
150202 22:29:09 25368 Xrd: CheckErrorStatus: Server [cms-xrd-global.cern.ch:1094] declared: session not found(error code: 3011)
02-Feb-2015 22:29:09 GMT  Successfully opened file root://xrootd.unl.edu//store/group/dpg_trigger/comm_trigger/L1TrackTrigger/620_SLHC10/Extended2023TTI/MinBias/MinBias_TuneZ2star_GEN_SIM_909.root
02-Feb-2015 22:33:31 GMT  Closed file root://xrootd.unl.edu//store/group/dpg_trigger/comm_trigger/L1TrackTrigger/620_SLHC10/Extended2023TTI/MinBias/MinBias_TuneZ2star_GEN_SIM_909.root
02-Feb-2015 22:33:31 GMT  Initiating request to open file root://xrootd.unl.edu//store/group/dpg_trigger/comm_trigger/L1TrackTrigger/620_SLHC10/Extended2023TTI/MinBias/MinBias_TuneZ2star_GEN_SIM_763.root
150202 22:33:49 23236 Xrd: XrdClientMessage::ReadRaw: Failed to read header (8 bytes).
02-Feb-2015 22:34:02 GMT  Successfully opened file root://xrootd.unl.edu//store/group/dpg_trigger/comm_trigger/L1TrackTrigger/620_SLHC10/Extended2023TTI/MinBias/MinBias_TuneZ2star_GEN_SIM_763.root
02-Feb-2015 22:37:40 GMT  Closed file root://xrootd.unl.edu//store/group/dpg_trigger/comm_trigger/L1TrackTrigger/620_SLHC10/Extended2023TTI/MinBias/MinBias_TuneZ2star_GEN_SIM_763.root
02-Feb-2015 22:37:40 GMT  Initiating request to open file root://xrootd.unl.edu//store/group/dpg_trigger/comm_trigger/L1TrackTrigger/620_SLHC10/Extended2023TTI/MinBias/MinBias_TuneZ2star_GEN_SIM_693.root
150202 22:37:58 29693 Xrd: CheckErrorStatus: Server [cms-xrd-global.cern.ch:1094] declared: session not found(error code: 3011)
02-Feb-2015 22:37:59 GMT  Successfully opened file root://xrootd.unl.edu//store/group/dpg_trigger/comm_trigger/L1TrackTrigger/620_SLHC10/Extended2023TTI/MinBias/MinBias_TuneZ2star_GEN_SIM_693.root
150202 22:38:50 25578 Xrd: XrdClientMessage::ReadRaw: Failed to read header (8 bytes).
02-Feb-2015 22:41:46 GMT  Closed file root://xrootd.unl.edu//store/group/dpg_trigger/comm_trigger/L1TrackTrigger/620_SLHC10/Extended2023TTI/MinBias/MinBias_TuneZ2star_GEN_SIM_693.root
02-Feb-2015 22:41:46 GMT  Initiating request to open file root://xrootd.unl.edu//store/group/dpg_trigger/comm_trigger/L1TrackTrigger/620_SLHC10/Extended2023TTI/MinBias/MinBias_TuneZ2star_GEN_SIM_738.root
02-Feb-2015 22:42:17 GMT  Successfully opened file root://xrootd.unl.edu//store/group/dpg_trigger/comm_trigger/L1TrackTrigger/620_SLHC10/Extended2023TTI/MinBias/MinBias_TuneZ2star_GEN_SIM_738.root
150202 22:42:50 28024 Xrd: XrdClientMessage::ReadRaw: Failed to read header (8 bytes).
02-Feb-2015 22:45:19 GMT  Closed file root://xrootd.unl.edu//store/group/dpg_trigger/comm_trigger/L1TrackTrigger/620_SLHC10/Extended2023TTI/MinBias/MinBias_TuneZ2star_GEN_SIM_738.root
02-Feb-2015 22:45:19 GMT  Initiating request to open file root://xrootd.unl.edu//store/group/dpg_trigger/comm_trigger/L1TrackTrigger/620_SLHC10/Extended2023TTI/MinBias/MinBias_TuneZ2star_GEN_SIM_862.root
02-Feb-2015 22:45:49 GMT  Successfully opened file root://xrootd.unl.edu//store/group/dpg_trigger/comm_trigger/L1TrackTrigger/620_SLHC10/Extended2023TTI/MinBias/MinBias_TuneZ2star_GEN_SIM_862.root
150202 22:46:49 29812 Xrd: XrdClientMessage::ReadRaw: Failed to read header (8 bytes).
02-Feb-2015 22:49:28 GMT  Closed file root://xrootd.unl.edu//store/group/dpg_trigger/comm_trigger/L1TrackTrigger/620_SLHC10/Extended2023TTI/MinBias/MinBias_TuneZ2star_GEN_SIM_862.root
02-Feb-2015 22:49:28 GMT  Initiating request to open file root://xrootd.unl.edu//store/group/dpg_trigger/comm_trigger/L1TrackTrigger/620_SLHC10/Extended2023TTI/MinBias/MinBias_TuneZ2star_GEN_SIM_153.root
150202 22:49:59 8626 Xrd: CheckErrorStatus: Server [eoscms.cern.ch:1094] declared: session not found(error code: 3011)
02-Feb-2015 22:49:59 GMT  Successfully opened file root://xrootd.unl.edu//store/group/dpg_trigger/comm_trigger/L1TrackTrigger/620_SLHC10/Extended2023TTI/MinBias/MinBias_TuneZ2star_GEN_SIM_153.root
150202 22:50:49 5129 Xrd: XrdClientMessage::ReadRaw: Failed to read header (8 bytes).
02-Feb-2015 22:52:43 GMT  Closed file root://xrootd.unl.edu//store/group/dpg_trigger/comm_trigger/L1TrackTrigger/620_SLHC10/Extended2023TTI/MinBias/MinBias_TuneZ2star_GEN_SIM_153.root
02-Feb-2015 22:52:43 GMT  Initiating request to open file root://xrootd.unl.edu//store/group/dpg_trigger/comm_trigger/L1TrackTrigger/620_SLHC10/Extended2023TTI/MinBias/MinBias_TuneZ2star_GEN_SIM_366.root
150202 22:53:14 10122 Xrd: CheckErrorStatus: Server [eoscms.cern.ch:1094] declared: session not found(error code: 3011)
02-Feb-2015 22:53:14 GMT  Successfully opened file root://xrootd.unl.edu//store/group/dpg_trigger/comm_trigger/L1TrackTrigger/620_SLHC10/Extended2023TTI/MinBias/MinBias_TuneZ2star_GEN_SIM_366.root
150202 22:54:49 6880 Xrd: XrdClientMessage::ReadRaw: Failed to read header (8 bytes).
02-Feb-2015 22:56:08 GMT  Closed file root://xrootd.unl.edu//store/group/dpg_trigger/comm_trigger/L1TrackTrigger/620_SLHC10/Extended2023TTI/MinBias/MinBias_TuneZ2star_GEN_SIM_366.root
02-Feb-2015 22:56:08 GMT  Initiating request to open file root://xrootd.unl.edu//store/group/dpg_trigger/comm_trigger/L1TrackTrigger/620_SLHC10/Extended2023TTI/MinBias/MinBias_TuneZ2star_GEN_SIM_624.root
02-Feb-2015 22:56:39 GMT  Successfully opened file root://xrootd.unl.edu//store/group/dpg_trigger/comm_trigger/L1TrackTrigger/620_SLHC10/Extended2023TTI/MinBias/MinBias_TuneZ2star_GEN_SIM_624.root
150202 22:57:49 8859 Xrd: XrdClientMessage::ReadRaw: Failed to read header (8 bytes).
02-Feb-2015 22:59:02 GMT  Closed file root://xrootd.unl.edu//store/group/dpg_trigger/comm_trigger/L1TrackTrigger/620_SLHC10/Extended2023TTI/MinBias/MinBias_TuneZ2star_GEN_SIM_624.root
02-Feb-2015 22:59:02 GMT  Initiating request to open file root://xrootd.unl.edu//store/group/dpg_trigger/comm_trigger/L1TrackTrigger/620_SLHC10/Extended2023TTI/MinBias/MinBias_TuneZ2star_GEN_SIM_72.root
02-Feb-2015 22:59:33 GMT  Successfully opened file root://xrootd.unl.edu//store/group/dpg_trigger/comm_trigger/L1TrackTrigger/620_SLHC10/Extended2023TTI/MinBias/MinBias_TuneZ2star_GEN_SIM_72.root
150202 23:01:19 10327 Xrd: XrdClientMessage::ReadRaw: Failed to read header (8 bytes).
02-Feb-2015 23:01:59 GMT  Closed file root://xrootd.unl.edu//store/group/dpg_trigger/comm_trigger/L1TrackTrigger/620_SLHC10/Extended2023TTI/MinBias/MinBias_TuneZ2star_GEN_SIM_72.root
02-Feb-2015 23:01:59 GMT  Initiating request to open file root://xrootd.unl.edu//store/group/dpg_trigger/comm_trigger/L1TrackTrigger/620_SLHC10/Extended2023TTI/MinBias/MinBias_TuneZ2star_GEN_SIM_340.root
150202 23:02:20 29811 Xrd: XrdClientMessage::ReadRaw: Failed to read header (8 bytes).
02-Feb-2015 23:02:30 GMT  Successfully opened file root://xrootd.unl.edu//store/group/dpg_trigger/comm_trigger/L1TrackTrigger/620_SLHC10/Extended2023TTI/MinBias/MinBias_TuneZ2star_GEN_SIM_340.root
02-Feb-2015 23:03:35 GMT  Closed file root://dcap.pp.rl.ac.uk:1094/pnfs/pp.rl.ac.uk/data/cms/store/user/dcieri/ttbar_SIM/ttbar/ttbar_SIM/150129_145223/0000/step1_136.root
02-Feb-2015 23:03:35 GMT  Closed file root://xrootd.unl.edu//store/group/dpg_trigger/comm_trigger/L1TrackTrigger/620_SLHC10/Extended2023TTI/MinBias/MinBias_TuneZ2star_GEN_SIM_340.root

=============================================

MessageLogger Summary

 type     category        sev    module        subroutine        count    total
 ---- -------------------- -- ---------------- ----------------  -----    -----
    1 fileAction           -s MixingModule:mix                      69       69
    2 fileAction           -s MixingModule:mix                       2        2
    3 fileAction           -s MixingModule:mix                       1        1
    4 fileAction           -s file_close                             1        1
    5 fileAction           -s file_open                              2        2

 type    category    Examples: run/evt        run/evt          run/evt
 ---- -------------------- ---------------- ---------------- ----------------
    1 fileAction           1/1351           1/1351           1/1360
    2 fileAction           pre-events       pre-events       
    3 fileAction           PostEndRun                        
    4 fileAction           PostEndRun                        
    5 fileAction           pre-events       pre-events       

Severity    # Occurrences   Total Occurrences
--------    -------------   -----------------
System                 75                  75
>>> END OF printout of 221 lines from stdout+stderr
>>> Parse FrameworkJobReport crab_fjr.xml
Result of parsing the FrameworkJobReport crab_fjr.xml: 
Extracted ExitStatus from FrameworkJobReport parsing output: 0
>>> Executable succeded  0
ExeExitCode=0
EXECUTABLE_EXIT_STATUS = 0
>>> current directory /scratch/condor/dir_25794/glide_WGbqD0/execute/dir_9675/CMSSW_6_2_0_SLHC12
>>>  (SOFTWARE_DIR): /scratch/condor/dir_25794/glide_WGbqD0/execute/dir_9675/CMSSW_6_2_0_SLHC12
>>> (WORKING_DIR): 
>>> current directory content:
total 247008
drwxr-xr-x 3 cms415 gplcms      4096 Feb  2 20:10 .SCRAM
-rw------- 1 cms415 gplcms    915837 Feb  2 20:10 CMSSW.py.pkl
drwxr-xr-x 3 cms415 gplcms      4096 Feb  2 20:10 bin
drwxr-xr-x 3 cms415 gplcms      4096 Feb  2 20:10 cfipython
drwxr-xr-x 4 cms415 gplcms      4096 Apr 28  2014 config
-rw------- 1 cms415 gplcms        16 Feb  2 23:03 cpu_timing.txt
drwxr-xr-x 2 cms415 gplcms      4096 Feb  2 20:10 doc
-rw------- 1 cms415 gplcms     24897 Feb  2 23:03 executable.out
drwxr-xr-x 2 cms415 gplcms      4096 Feb  2 20:10 include
drwx------ 3 cms415 gplcms      4096 Oct  7 10:12 lib
drwxr-xr-x 3 cms415 gplcms      4096 Feb  2 20:10 logs
drwxr-xr-x 3 cms415 gplcms      4096 Feb  2 20:10 objs
-rw------- 1 cms415 gplcms       104 Feb  2 20:10 pset.py
-rw------- 1 cms415 gplcms    926828 Feb  2 20:10 pset.py.pkl
-rw------- 1 cms415 gplcms       289 Feb  2 20:10 pset.pyc
drwxr-xr-x 2 cms415 gplcms      4096 Feb  2 20:10 python
-rw------- 1 cms415 gplcms       359 Feb  2 23:03 report.log
drwxr-xr-x 2 cms415 gplcms      4096 Feb  2 20:10 src
-rw------- 1 cms415 gplcms 250731629 Feb  2 23:03 step2.root
drwxr-xr-x 3 cms415 gplcms      4096 Feb  2 20:10 test
drwxr-xr-x 3 cms415 gplcms      4096 Feb  2 20:10 tmp
>>> current directory /scratch/condor/dir_25794/glide_WGbqD0/execute/dir_9675/CMSSW_6_2_0_SLHC12
>>> (SOFTWARE_DIR): /scratch/condor/dir_25794/glide_WGbqD0/execute/dir_9675/CMSSW_6_2_0_SLHC12
>>> (WORKING_DIR): 
>>> current directory content:
total 247008
drwxr-xr-x 3 cms415 gplcms      4096 Feb  2 20:10 .SCRAM
-rw------- 1 cms415 gplcms    915837 Feb  2 20:10 CMSSW.py.pkl
drwxr-xr-x 3 cms415 gplcms      4096 Feb  2 20:10 bin
drwxr-xr-x 3 cms415 gplcms      4096 Feb  2 20:10 cfipython
drwxr-xr-x 4 cms415 gplcms      4096 Apr 28  2014 config
-rw------- 1 cms415 gplcms        16 Feb  2 23:03 cpu_timing.txt
drwxr-xr-x 2 cms415 gplcms      4096 Feb  2 20:10 doc
-rw------- 1 cms415 gplcms     24897 Feb  2 23:03 executable.out
drwxr-xr-x 2 cms415 gplcms      4096 Feb  2 20:10 include
drwx------ 3 cms415 gplcms      4096 Oct  7 10:12 lib
drwxr-xr-x 3 cms415 gplcms      4096 Feb  2 20:10 logs
drwxr-xr-x 3 cms415 gplcms      4096 Feb  2 20:10 objs
-rw------- 1 cms415 gplcms       104 Feb  2 20:10 pset.py
-rw------- 1 cms415 gplcms    926828 Feb  2 20:10 pset.py.pkl
-rw------- 1 cms415 gplcms       289 Feb  2 20:10 pset.pyc
drwxr-xr-x 2 cms415 gplcms      4096 Feb  2 20:10 python
-rw------- 1 cms415 gplcms       359 Feb  2 23:03 report.log
drwxr-xr-x 2 cms415 gplcms      4096 Feb  2 20:10 src
-rw------- 1 cms415 gplcms 250731629 Feb  2 23:03 step2_189_1_13h.root
drwxr-xr-x 3 cms415 gplcms      4096 Feb  2 20:10 test
drwxr-xr-x 3 cms415 gplcms      4096 Feb  2 20:10 tmp
>>> current directory (RUNTIME_AREA):  /scratch/condor/dir_25794/glide_WGbqD0/execute/dir_9675
PNN = T2_UK_SGrid_RALPP
SE = heplnx204.pp.rl.ac.uk
SE_PATH = /srm/managerv2?SFN=/pnfs/pp.rl.ac.uk/data/cms/store/user/dcieri/ttbar_PU140_DIGI/dcieri/ttbar/ttbar_PU140_DIGI/3c0380cf82de79bc39966c93934c61fc/
LFNBaseName = /store/user/dcieri/ttbar_PU140_DIGI/dcieri/ttbar/ttbar_PU140_DIGI/3c0380cf82de79bc39966c93934c61fc/
USER = dcieri
endpoint = srm://heplnx204.pp.rl.ac.uk:8443/srm/managerv2?SFN=/pnfs/pp.rl.ac.uk/data/cms/store/user/dcieri/ttbar_PU140_DIGI/dcieri/ttbar/ttbar_PU140_DIGI/3c0380cf82de79bc39966c93934c61fc/
>>> Copy output files from WN = heplnc173.pp.rl.ac.uk to /srm/managerv2?SFN=/pnfs/pp.rl.ac.uk/data/cms/store/user/dcieri/ttbar_PU140_DIGI/dcieri/ttbar/ttbar_PU140_DIGI/3c0380cf82de79bc39966c93934c61fc/ :
python cmscp.py  --destination srm://heplnx204.pp.rl.ac.uk:8443/srm/managerv2?SFN=/pnfs/pp.rl.ac.uk/data/cms/store/user/dcieri/ttbar_PU140_DIGI/dcieri/ttbar/ttbar_PU140_DIGI/3c0380cf82de79bc39966c93934c61fc/ --inputFileList /scratch/condor/dir_25794/glide_WGbqD0/execute/dir_9675/CMSSW_6_2_0_SLHC12/step2_189_1_13h.root --middleware LCG --PNN T2_UK_SGrid_RALPP --se_name heplnx204.pp.rl.ac.uk --for_lfn /store/user/dcieri/ttbar_PU140_DIGI/dcieri/ttbar/ttbar_PU140_DIGI/3c0380cf82de79bc39966c93934c61fc/    
******************************************************
localSeName  =  heplnx204.pp.rl.ac.uk
remoteSeName =  heplnx204.pp.rl.ac.uk
******************************************************
{"/scratch/condor/dir_25794/glide_WGbqD0/execute/dir_9675/CMSSW_6_2_0_SLHC12/step2_189_1_13h.root": {"endpoint": "srm://heplnx204.pp.rl.ac.uk:8443/srm/managerv2?SFN=/pnfs/pp.rl.ac.uk/data/cms/store/user/dcieri/ttbar_PU140_DIGI/dcieri/ttbar/ttbar_PU140_DIGI/3c0380cf82de79bc39966c93934c61fc/", "surl_for_grid": "", "reason": "Copy succedeed with srm-lcg utils", "erCode": "0", "PNN": "T2_UK_SGrid_RALPP", "se_name": "heplnx204.pp.rl.ac.uk", "for_lfn": "/store/user/dcieri/ttbar_PU140_DIGI/dcieri/ttbar/ttbar_PU140_DIGI/3c0380cf82de79bc39966c93934c61fc/"}}/scratch/condor/dir_25794/glide_WGbqD0/execute/dir_9675
-------- cat /scratch/condor/dir_25794/glide_WGbqD0/execute/dir_9675/cmscpReport.sh 
#!/bin/bash
echo "Report for File: /scratch/condor/dir_25794/glide_WGbqD0/execute/dir_9675/CMSSW_6_2_0_SLHC12/step2_189_1_13h.root"
echo "LFN: /store/user/dcieri/ttbar_PU140_DIGI/dcieri/ttbar/ttbar_PU140_DIGI/3c0380cf82de79bc39966c93934c61fc/step2_189_1_13h.root"
echo "StorageElement: heplnx204.pp.rl.ac.uk"
echo "StageOutExitStatusReason = 'Copy succedeed with srm-lcg utils'" | tee -a $RUNTIME_AREA/$repo
echo "StageOutSE = heplnx204.pp.rl.ac.uk" >> $RUNTIME_AREA/$repo

export StageOutExitStatus=0
echo "StageOutExitStatus = 0" | tee -a $RUNTIME_AREA/$repo
-------- end of /scratch/condor/dir_25794/glide_WGbqD0/execute/dir_9675/cmscpReport.sh 
Report for File: /scratch/condor/dir_25794/glide_WGbqD0/execute/dir_9675/CMSSW_6_2_0_SLHC12/step2_189_1_13h.root
LFN: /store/user/dcieri/ttbar_PU140_DIGI/dcieri/ttbar/ttbar_PU140_DIGI/3c0380cf82de79bc39966c93934c61fc/step2_189_1_13h.root
StorageElement: heplnx204.pp.rl.ac.uk
StageOutExitStatusReason = 'Copy succedeed with srm-lcg utils'
StageOutExitStatus = 0
>>> current dir: /scratch/condor/dir_25794/glide_WGbqD0/execute/dir_9675
>>> current dir content:
total 8824
-rw-------  1 cms415 gplcms    2665 Feb  2 23:04 .SEinteraction.log
-rwx------  1 cms415 gplcms      53 Feb  2 20:09 .chirp_config
-rwx------  1 cms415 gplcms    7821 Feb  2 20:09 .job.ad
-rwx------  1 cms415 gplcms    9744 Feb  2 20:09 .machine.ad
-rw-------  1 cms415 gplcms     105 Feb  2 12:16 CMSSW.py
-rw-------  1 cms415 gplcms  915837 Feb  2 12:16 CMSSW.py.pkl
-rwx------  1 cms415 gplcms   29498 Feb  2 20:09 CMSSW.sh
drwxr-xr-x 15 cms415 gplcms    4096 Feb  2 23:03 CMSSW_6_2_0_SLHC12
-rw-------  1 cms415 gplcms     189 Feb  2 20:10 CacheEnv.sh
-rw-------  1 cms415 gplcms    7291 Nov 19 14:52 DashboardAPI.py
-rw-------  1 cms415 gplcms    6455 Feb  2 20:10 DashboardAPI.pyc
drwx------  2 cms415 gplcms    4096 Feb  2 23:03 IMProv
-rw-------  1 cms415 gplcms    2748 Nov 19 14:52 Logger.py
-rw-------  1 cms415 gplcms    3227 Feb  2 20:10 Logger.pyc
-rw-------  1 cms415 gplcms   24524 Nov 19 14:52 ProcInfo.py
-rw-------  1 cms415 gplcms   22621 Feb  2 20:10 ProcInfo.pyc
drwx------  7 cms415 gplcms    4096 Feb  2 20:10 ProdCommon
drwx------  3 cms415 gplcms    4096 Feb  2 20:10 WMCore
-rw-------  1 cms415 gplcms   11737 Feb  2 23:03 Watchdog_189.log
-rwx------  1 cms415 gplcms       0 Feb  2 20:10 _condor_stderr
-rwx---r--  1 cms415 gplcms   39640 Feb  2 23:04 _condor_stdout
-rw-------  1 cms415 gplcms   32895 Nov 19 14:52 apmon.py
-rw-------  1 cms415 gplcms   27929 Feb  2 20:10 apmon.pyc
-rwx------  1 cms415 gplcms  134309 Feb  2 20:09 arguments.xml
-rwx------  1 cms415 gplcms   38581 Nov 19 14:52 cmscp.py
-rw-------  1 cms415 gplcms     561 Feb  2 23:04 cmscpReport.sh
-rwx------  1 cms415 gplcms   29498 Feb  2 20:10 condor_exec.exe
-rw-------  1 cms415 gplcms     544 Feb  2 12:16 crab.cfg
-rwx------  1 cms415 gplcms    8610 Nov 19 14:52 crabWatchdog.sh
-rwx---r--  1 cms415 gplcms  112112 Feb  2 23:03 crab_fjr_189.xml
-rwx------  1 cms415 gplcms 7390485 Feb  2 20:09 default.tgz
-rwx------  1 cms415 gplcms    4488 Nov 19 14:52 fillCrabFjr.py
-rw-------  1 cms415 gplcms     226 Feb  2 20:10 inputsReport.txt
-rw-------  1 cms415 gplcms     245 Feb  2 23:04 jobreport.txt
-rw-------  1 cms415 gplcms   17352 Nov 19 14:52 parseCrabFjr.py
-rw-------  1 cms415 gplcms     324 Feb  2 20:10 report.log
-rwx--x--x  1 cms415 gplcms    1497 Nov 19 14:52 report.py
-rw-------  1 cms415 gplcms     554 Feb  2 23:04 resultCopyFile
lrwxrwxrwx  1 cms415 gplcms      95 Feb  2 23:03 step2.root -> /scratch/condor/dir_25794/glide_WGbqD0/execute/dir_9675/CMSSW_6_2_0_SLHC12/step2_189_1_13h.root
-rwx------  1 cms415 gplcms    8351 Nov 19 14:52 writeCfg.py
-rw-------  1 cms415 gplcms   10293 Feb  2 20:09 x509up_u62281
>>> Modify Job Report:
CMSSW_VERSION = CMSSW_6_2_0_SLHC12
ProcessedDataset = ttbar_PU140_DIGI
/scratch/condor/dir_25794/glide_WGbqD0/execute/dir_9675/ProdCommon/FwkJobRep/ModifyJobReport.py fjr /scratch/condor/dir_25794/glide_WGbqD0/execute/dir_9675/crab_fjr_189.xml json /scratch/condor/dir_25794/glide_WGbqD0/execute/dir_9675/resultCopyFile n_job 189_1_13h PrimaryDataset ttbar  ApplicationFamily cmsRun ApplicationName cmsRun cmssw_version CMSSW_6_2_0_SLHC12 psethash 3c0380cf82de79bc39966c93934c61fc UserProcessedDataset dcieri-ttbar_PU140_DIGI-3c0380cf82de79bc39966c93934c61fc
inputDict =  {u'/scratch/condor/dir_25794/glide_WGbqD0/execute/dir_9675/CMSSW_6_2_0_SLHC12/step2_189_1_13h.root': {u'endpoint': u'srm://heplnx204.pp.rl.ac.uk:8443/srm/managerv2?SFN=/pnfs/pp.rl.ac.uk/data/cms/store/user/dcieri/ttbar_PU140_DIGI/dcieri/ttbar/ttbar_PU140_DIGI/3c0380cf82de79bc39966c93934c61fc/', u'surl_for_grid': u'', u'reason': u'Copy succedeed with srm-lcg utils', u'erCode': u'0', u'PNN': u'T2_UK_SGrid_RALPP', u'se_name': u'heplnx204.pp.rl.ac.uk', u'for_lfn': u'/store/user/dcieri/ttbar_PU140_DIGI/dcieri/ttbar/ttbar_PU140_DIGI/3c0380cf82de79bc39966c93934c61fc/'}}
UserProcessedDataset =  dcieri-ttbar_PU140_DIGI-3c0380cf82de79bc39966c93934c61fc
WORKING ON EDM FILE
file_name in inputDict =  /scratch/condor/dir_25794/glide_WGbqD0/execute/dir_9675/CMSSW_6_2_0_SLHC12/step2_189_1_13h.root
(size) os.stat(filename)[6] =  250731629
checksum =  758337984
    file =  step2_189_1_13h.root
    newPfn =  srm://heplnx204.pp.rl.ac.uk:8443/srm/managerv2?SFN=/pnfs/pp.rl.ac.uk/data/cms/store/user/dcieri/ttbar_PU140_DIGI/dcieri/ttbar/ttbar_PU140_DIGI/3c0380cf82de79bc39966c93934c61fc/step2_189_1_13h.root
    newLfn =  /store/user/dcieri/ttbar_PU140_DIGI/dcieri/ttbar/ttbar_PU140_DIGI/3c0380cf82de79bc39966c93934c61fc/step2_189_1_13h.root
>>> crab_fjr_*.xml  permission set to 0704
CrabWrapper EXIT_FUNC entered at Mon Feb  2 23:04:30 GMT 2015   -  Mon Feb  2 23:04:30 UTC 2015
Checking output files:  
will tar file crab_fjr_189.xml in  out_files_189
WARNING: output file CMSSW_189.stdout not found!
WARNING: output file CMSSW_189.stderr not found!
WARNING: output file Watchdog_189.log.gz not found!
>>> padding time: Wrapper lasting more than 600 seconds. No sleep required.
STOPPING WATCHDOG. CrabWatchdog PID is 10466
********** LAST 50 LINES OF WATCHDOG LOG
 Feb 02 20:40:11 GMT	10598	1107840	1739520	77	173	1807	cmsRun -j /scratch/condor/dir_25794/glide_WGbqD0/execute/dir_9675/crab_fjr_189.xml -p pset.py      
 Feb 02 20:41:12 GMT	10598	1110804	1739520	77	176	1867	cmsRun -j /scratch/condor/dir_25794/glide_WGbqD0/execute/dir_9675/crab_fjr_189.xml -p pset.py      
 Feb 02 20:42:12 GMT	10598	1112464	1739520	77	179	1927	cmsRun -j /scratch/condor/dir_25794/glide_WGbqD0/execute/dir_9675/crab_fjr_189.xml -p pset.py      
 Feb 02 20:47:13 GMT	10598	1114416	1739520	77	191	2228	cmsRun -j /scratch/condor/dir_25794/glide_WGbqD0/execute/dir_9675/crab_fjr_189.xml -p pset.py      
 Feb 02 20:48:13 GMT	10598	1116456	1739520	77	193	2288	cmsRun -j /scratch/condor/dir_25794/glide_WGbqD0/execute/dir_9675/crab_fjr_189.xml -p pset.py      
 Feb 02 20:49:13 GMT	10598	1118504	1742084	77	196	2348	cmsRun -j /scratch/condor/dir_25794/glide_WGbqD0/execute/dir_9675/crab_fjr_189.xml -p pset.py      
 Feb 02 20:50:13 GMT	10598	1121880	1742084	77	199	2408	cmsRun -j /scratch/condor/dir_25794/glide_WGbqD0/execute/dir_9675/crab_fjr_189.xml -p pset.py      
 Feb 02 20:51:13 GMT	10598	1123112	1742340	77	203	2468	cmsRun -j /scratch/condor/dir_25794/glide_WGbqD0/execute/dir_9675/crab_fjr_189.xml -p pset.py      
 Feb 02 20:52:13 GMT	10598	1127528	1743364	77	206	2529	cmsRun -j /scratch/condor/dir_25794/glide_WGbqD0/execute/dir_9675/crab_fjr_189.xml -p pset.py      
 Feb 02 20:53:14 GMT	10598	1140032	1743364	77	212	2589	cmsRun -j /scratch/condor/dir_25794/glide_WGbqD0/execute/dir_9675/crab_fjr_189.xml -p pset.py      
 Feb 02 20:54:14 GMT	10598	1189212	1747208	77	215	2649	cmsRun -j /scratch/condor/dir_25794/glide_WGbqD0/execute/dir_9675/crab_fjr_189.xml -p pset.py      
 Feb 02 20:55:14 GMT	10598	1225592	1763848	77	218	2709	cmsRun -j /scratch/condor/dir_25794/glide_WGbqD0/execute/dir_9675/crab_fjr_189.xml -p pset.py      
 Feb 02 20:56:14 GMT	10598	1227324	1763848	77	220	2769	cmsRun -j /scratch/condor/dir_25794/glide_WGbqD0/execute/dir_9675/crab_fjr_189.xml -p pset.py      
 Feb 02 20:57:14 GMT	10598	1230880	1764616	77	221	2830	cmsRun -j /scratch/condor/dir_25794/glide_WGbqD0/execute/dir_9675/crab_fjr_189.xml -p pset.py      
 Feb 02 20:59:15 GMT	10598	1231516	1764616	77	224	2950	cmsRun -j /scratch/condor/dir_25794/glide_WGbqD0/execute/dir_9675/crab_fjr_189.xml -p pset.py      
 Feb 02 21:00:15 GMT	10598	1233468	1764616	77	226	3010	cmsRun -j /scratch/condor/dir_25794/glide_WGbqD0/execute/dir_9675/crab_fjr_189.xml -p pset.py      
 Feb 02 21:01:15 GMT	10598	1234352	1764616	77	227	3070	cmsRun -j /scratch/condor/dir_25794/glide_WGbqD0/execute/dir_9675/crab_fjr_189.xml -p pset.py      
 Feb 02 21:02:15 GMT	10598	1235676	1764616	77	229	3130	cmsRun -j /scratch/condor/dir_25794/glide_WGbqD0/execute/dir_9675/crab_fjr_189.xml -p pset.py      
 Feb 02 21:03:15 GMT	---	1235676	1764616	98	----	----	----
 Feb 02 21:34:21 GMT	10598	1235676	1787400	98	339	5057	cmsRun -j /scratch/condor/dir_25794/glide_WGbqD0/execute/dir_9675/crab_fjr_189.xml -p pset.py      
 Feb 02 21:34:21 GMT	---	1235676	1787400	121	----	----	----
 Feb 02 21:36:22 GMT	10598	1235676	1787912	121	340	5177	cmsRun -j /scratch/condor/dir_25794/glide_WGbqD0/execute/dir_9675/crab_fjr_189.xml -p pset.py      
 Feb 02 21:37:22 GMT	10598	1235676	1788168	121	341	5237	cmsRun -j /scratch/condor/dir_25794/glide_WGbqD0/execute/dir_9675/crab_fjr_189.xml -p pset.py      
 Feb 02 21:40:23 GMT	10598	1235676	1789448	121	347	5418	cmsRun -j /scratch/condor/dir_25794/glide_WGbqD0/execute/dir_9675/crab_fjr_189.xml -p pset.py      
 Feb 02 21:42:23 GMT	10598	1235676	1791240	121	354	5539	cmsRun -j /scratch/condor/dir_25794/glide_WGbqD0/execute/dir_9675/crab_fjr_189.xml -p pset.py      
 Feb 02 21:45:24 GMT	10598	1235676	1792264	121	365	5719	cmsRun -j /scratch/condor/dir_25794/glide_WGbqD0/execute/dir_9675/crab_fjr_189.xml -p pset.py      
 Feb 02 21:47:24 GMT	10598	1235676	1796360	121	371	5839	cmsRun -j /scratch/condor/dir_25794/glide_WGbqD0/execute/dir_9675/crab_fjr_189.xml -p pset.py      
 Feb 02 21:48:24 GMT	10598	1235676	1804040	121	374	5900	cmsRun -j /scratch/condor/dir_25794/glide_WGbqD0/execute/dir_9675/crab_fjr_189.xml -p pset.py      
 Feb 02 21:49:25 GMT	10598	1235676	1806088	121	379	5960	cmsRun -j /scratch/condor/dir_25794/glide_WGbqD0/execute/dir_9675/crab_fjr_189.xml -p pset.py      
 Feb 02 21:50:25 GMT	10598	1240936	1811464	121	386	6020	cmsRun -j /scratch/condor/dir_25794/glide_WGbqD0/execute/dir_9675/crab_fjr_189.xml -p pset.py      
# TIME			PID	RSS(KB)	VSZ(KB)	Dsk(MB)	tCPU(s)	tWALL(s)	COMMAND
 Feb 02 21:51:25 GMT	10598	1338200	1822984	121	396	6080	cmsRun -j /scratch/condor/dir_25794/glide_WGbqD0/execute/dir_9675/crab_fjr_189.xml -p pset.py      
 Feb 02 21:52:25 GMT	10598	1381904	1827336	121	401	6140	cmsRun -j /scratch/condor/dir_25794/glide_WGbqD0/execute/dir_9675/crab_fjr_189.xml -p pset.py      
 Feb 02 21:53:25 GMT	10598	1388028	1829128	121	405	6201	cmsRun -j /scratch/condor/dir_25794/glide_WGbqD0/execute/dir_9675/crab_fjr_189.xml -p pset.py      
 Feb 02 21:55:26 GMT	---	1388028	1829128	145	----	----	----
 Feb 02 22:04:27 GMT	10598	1388028	1833224	145	466	6863	cmsRun -j /scratch/condor/dir_25794/glide_WGbqD0/execute/dir_9675/crab_fjr_189.xml -p pset.py      
 Feb 02 22:05:28 GMT	10598	1388028	1850632	145	482	6923	cmsRun -j /scratch/condor/dir_25794/glide_WGbqD0/execute/dir_9675/crab_fjr_189.xml -p pset.py      
 Feb 02 22:11:29 GMT	10598	1388028	1850888	145	493	7284	cmsRun -j /scratch/condor/dir_25794/glide_WGbqD0/execute/dir_9675/crab_fjr_189.xml -p pset.py      
 Feb 02 22:12:30 GMT	---	1388028	1850888	167	----	----	----
 Feb 02 22:29:33 GMT	10598	1388028	1853704	167	568	8368	cmsRun -j /scratch/condor/dir_25794/glide_WGbqD0/execute/dir_9675/crab_fjr_189.xml -p pset.py      
 Feb 02 22:30:33 GMT	10598	1388028	1858568	167	576	8428	cmsRun -j /scratch/condor/dir_25794/glide_WGbqD0/execute/dir_9675/crab_fjr_189.xml -p pset.py      
 Feb 02 22:31:33 GMT	---	1388028	1858568	189	----	----	----
 Feb 02 22:38:34 GMT	10598	1388028	1865224	189	645	8910	cmsRun -j /scratch/condor/dir_25794/glide_WGbqD0/execute/dir_9675/crab_fjr_189.xml -p pset.py      
 Feb 02 22:39:35 GMT	10598	1390632	1884424	189	659	8970	cmsRun -j /scratch/condor/dir_25794/glide_WGbqD0/execute/dir_9675/crab_fjr_189.xml -p pset.py      
 Feb 02 22:40:35 GMT	10598	1559184	1969416	189	681	9030	cmsRun -j /scratch/condor/dir_25794/glide_WGbqD0/execute/dir_9675/crab_fjr_189.xml -p pset.py      
 Feb 02 22:40:35 GMT	---	1559184	1969416	201	----	----	----
 Feb 02 22:41:35 GMT	---	1559184	1969416	212	----	----	----
 Feb 02 22:49:37 GMT	---	1559184	1969416	234	----	----	----
 Feb 02 22:57:39 GMT	---	1559184	1969416	256	----	----	----
 Feb 02 23:03:40 GMT	---	1559184	1969416	277	----	----	----
********** WATCHDOG LOG ENDED
ZIPPING WATCHDOG LOG
Disk space used:
du -sh /scratch/condor/dir_25794/glide_WGbqD0/execute/dir_9675
277M	/scratch/condor/dir_25794/glide_WGbqD0/execute/dir_9675
Found unusual stdout, rename for OSB
`/scratch/condor/dir_25794/glide_WGbqD0/execute/dir_9675/_condor_stdout' -> `CMSSW_189.stdout'
Found unusual stderr, rename for OSB
`/scratch/condor/dir_25794/glide_WGbqD0/execute/dir_9675/_condor_stdout' -> `CMSSW_189.stderr'
crab_fjr_189.xml
CMSSW_189.stdout
CMSSW_189.stderr
Watchdog_189.log.gz
Total Output dimension: 24621
WARNING: output files size limit is set to: 50000000
Total Output dimension 24621 is fine.
JOB_EXIT_STATUS = 0
>>> info for dashboard:
***** Cat /scratch/condor/dir_25794/glide_WGbqD0/execute/dir_9675/jobreport.txt *****
MonitorJobID=189_https://submit-6.t2.ucsd.edu//150202//509447.188
MonitorID=dcieri_PU140_4dm08r
ExeTime=10408
ExeExitCode=0
StageOutExitStatusReason = 'Copy succedeed with srm-lcg utils'
StageOutSE = heplnx204.pp.rl.ac.uk
StageOutExitStatus = 0
CrabUserCpuTime=898.12
CrabSysCpuTime=36.11
CrabCpuPercentage=8%
CrabWrapperTime=10468
CrabStageoutTime=49
JobExitCode=0
***** End Cat jobreport *****
Parameters sent to Dashboard.
EXITING at Mon Feb  2 23:04:32 GMT 2015  -  Mon Feb  2 23:04:32 UTC 2015
