This script was generated by crab (version 2.11.1_patch1).
Running /scratch/condor/dir_16437/glide_8dwPHY/execute/dir_19541/condor_exec.exe with 2 positional parameters: 418 1
Today is Mon Feb  2 20:52:08 GMT 2015 - Mon Feb  2 20:52:08 UTC 2015
Job submitted on host heplnc343.pp.rl.ac.uk
Linux heplnc343.pp.rl.ac.uk 2.6.32-504.3.3.el6.x86_64 #1 SMP Tue Dec 16 14:29:22 CST 2014 x86_64 x86_64 x86_64 GNU/Linux
Distributor ID:	Scientific
Description:	Scientific Linux release 6.6 (Carbon)
>>> current directory (RUNTIME_AREA): /scratch/condor/dir_16437/glide_8dwPHY/execute/dir_19541
>>> current user: uid=157415(cms415) gid=157000(gplcms) groups=157000(gplcms)
>>> directory permission set to 0700
>>> umask set to:  u=rwx,g=,o=
>>> stdout stderr permission set to 0704
>>> voms proxy information:
subject   : /DC=ch/DC=cern/OU=Organic Units/OU=Users/CN=dcieri/CN=755391/CN=Davide Cieri/CN=769881070/CN=100892539
issuer    : /DC=ch/DC=cern/OU=Organic Units/OU=Users/CN=dcieri/CN=755391/CN=Davide Cieri/CN=769881070
identity  : /DC=ch/DC=cern/OU=Organic Units/OU=Users/CN=dcieri/CN=755391/CN=Davide Cieri
type      : RFC3820 compliant limited proxy
strength  : 1024
path      : /scratch/condor/dir_16437/glide_8dwPHY/execute/dir_19541/x509up_u62281
timeleft  : 23:58:18
key usage : Digital Signature, Key Encipherment
=== VO cms extension information ===
VO        : cms
subject   : /DC=ch/DC=cern/OU=Organic Units/OU=Users/CN=dcieri/CN=755391/CN=Davide Cieri
issuer    : /DC=ch/DC=cern/OU=computers/CN=lcg-voms2.cern.ch
attribute : /cms/Role=NULL/Capability=NULL
timeleft  : 183:24:16
uri       : lcg-voms2.cern.ch:15002

WNHostName=heplnc343.pp.rl.ac.uk
$_CONDOR_JOB_AD =/scratch/condor/dir_16437/glide_8dwPHY/execute/dir_19541/.job.ad
OverflowFlag=0
>>> tar --no-same-permissions -xf /scratch/condor/dir_16437/glide_8dwPHY/execute/dir_19541/default.tgz :
Successful untar
>>> Include /scratch/condor/dir_16437/glide_8dwPHY/execute/dir_19541 in PYTHONPATH:
strip arguments
env var CRAB_UNIQUE_JOB_ID set to: dcieri_PU140_4dm08r_418_1_BGw
out_files_418
>>> list of expected files on output sandbox
output files: crab_fjr_418.xml CMSSW_418.stdout CMSSW_418.stderr Watchdog_418.log.gz
>>> GridFlavour discovery: 
GridFlavour=LCG
>>> SyncSite discovery: 
SyncSite=T2_UK_SGrid_RALPP
>>> SyncCE discovery: 
getting SyncCE from GLIDEIN_Gaekeeper
SyncCE=heplnv147.pp.rl.ac.uk
>>> info for dashboard:
***** Cat /scratch/condor/dir_16437/glide_8dwPHY/execute/dir_19541/jobreport.txt *****
WNHostName=heplnc343.pp.rl.ac.uk
OverflowFlag=0
MonitorJobID=418_https://submit-6.t2.ucsd.edu//150202//509448.17
SyncGridJobId=https://submit-6.t2.ucsd.edu//150202//509448.17
MonitorID=dcieri_PU140_4dm08r
GridFlavour=LCG
SyncSite=T2_UK_SGrid_RALPP
SyncCE=heplnv147.pp.rl.ac.uk
***** End Cat jobreport *****
Parameters sent to Dashboard.
>>> setup environment
set SCRAM ARCH to slc6_amd64_gcc472
SCRAM_ARCH = slc6_amd64_gcc472
>>> setup CMS LCG environment:
set SCRAM ARCH and BUILD_ARCH to slc6_amd64_gcc472 ###
Sourcing environment... 
sourcing /cvmfs/cms.cern.ch/cmsset_default.sh
==> setup cms environment ok
>>> specific cmssw setup environment:
CMSSW_VERSION =  CMSSW_6_2_0_SLHC12
WARNING: In non-interactive mode release checks e.g. deprecated releases, production architectures are disabled.
>>> current directory (SOFTWARE_DIR): /scratch/condor/dir_16437/glide_8dwPHY/execute/dir_19541/CMSSW_6_2_0_SLHC12
PreserveSeeds: <>
IncrementSeeds:<>
>>> info for dashboard:
***** Cat /scratch/condor/dir_16437/glide_8dwPHY/execute/dir_19541/jobreport.txt *****
MonitorJobID=418_https://submit-6.t2.ucsd.edu//150202//509448.17
MonitorID=dcieri_PU140_4dm08r
***** End Cat jobreport *****
Parameters sent to Dashboard.
crabWatchdog started as process 22250
>>> moving CMSSW software directories in /scratch/condor/dir_16437/glide_8dwPHY/execute/dir_19541/CMSSW_6_2_0_SLHC12
mv: cannot stat `/scratch/condor/dir_16437/glide_8dwPHY/execute/dir_19541/module/': No such file or directory
>>> Include /scratch/condor/dir_16437/glide_8dwPHY/execute/dir_19541 in PYTHONPATH:
PYTHONPATH=/scratch/condor/dir_16437/glide_8dwPHY/execute/dir_19541/:/scratch/condor/dir_16437/glide_8dwPHY/execute/dir_19541/CMSSW_6_2_0_SLHC12/python:/scratch/condor/dir_16437/glide_8dwPHY/execute/dir_19541/CMSSW_6_2_0_SLHC12/lib/slc6_amd64_gcc472:/cvmfs/cms.cern.ch/slc6_amd64_gcc472/cms/cmssw/CMSSW_6_2_0_SLHC12/python:/cvmfs/cms.cern.ch/slc6_amd64_gcc472/cms/cmssw/CMSSW_6_2_0_SLHC12/lib/slc6_amd64_gcc472:/cvmfs/cms.cern.ch/slc6_amd64_gcc472/cms/coral/CORAL_2_3_21-cms35/slc6_amd64_gcc472/python:/cvmfs/cms.cern.ch/slc6_amd64_gcc472/cms/coral/CORAL_2_3_21-cms35/slc6_amd64_gcc472/lib:/cvmfs/cms.cern.ch/slc6_amd64_gcc472/external/python-ldap/2.3.5-cms5/lib/python2.7/site-packages:/cvmfs/cms.cern.ch/slc6_amd64_gcc472/external/pyqt/4.8.1-cms5/lib/python2.7/site-packages:/cvmfs/cms.cern.ch/slc6_amd64_gcc472/external/py2-scipy/0.8.0-cms7/lib/python2.7/site-packages:/cvmfs/cms.cern.ch/slc6_amd64_gcc472/external/py2-matplotlib/1.0.1-cms7/lib/python2.7/site-packages:/cvmfs/cms.cern.ch/slc6_amd64_gcc472/external/sip/4.11.2-cms5/lib/python2.7/site-packages:/cvmfs/cms.cern.ch/slc6_amd64_gcc472/external/py2-pycurl/7.19.0-cms7/lib/python2.7/site-packages:/cvmfs/cms.cern.ch/slc6_amd64_gcc472/external/py2-numpy/1.6.1-cms7/lib/python2.7/site-packages:/cvmfs/cms.cern.ch/slc6_amd64_gcc472/external/py2-lint/0.25.1-cms5/lib/python2.7/site-packages:/cvmfs/cms.cern.ch/slc6_amd64_gcc472/external/py2-ipython/0.10-cms5/lib/python2.7/site-packages:/cvmfs/cms.cern.ch/slc6_amd64_gcc472/external/py2-cx-oracle/5.1-cms5/lib/python2.7/site-packages:/cvmfs/cms.cern.ch/slc6_amd64_gcc472/external/py2-cjson/1.0.5-cms5/lib/python2.7/site-packages:/cvmfs/cms.cern.ch/slc6_amd64_gcc472/cms/das-client/1.11.7/bin:/cvmfs/cms.cern.ch/slc6_amd64_gcc472/external/elementtree/1.2.6-cms5/share/lib/python2.7/site-packages:/cvmfs/cms.cern.ch/slc6_amd64_gcc472/external/rivet/1.8.2-cms9/lib/python2.7/site-packages:/cvmfs/cms.cern.ch/slc6_amd64_gcc472/external/pyminuit2/0.0.1-cms19/lib/python2.7/site-packages:/cvmfs/cms.cern.ch/slc6_amd64_gcc472/external/py2-pygithub/1.23.0-cms2/lib/python2.7/site-packages:/cvmfs/cms.cern.ch/slc6_amd64_gcc472/external/professor/1.0.0-cms19/lib/python2.7/site-packages:/cvmfs/cms.cern.ch/slc6_amd64_gcc472/lcg/root/5.34.07-cms/lib:/cvmfs/cms.cern.ch/slc6_amd64_gcc472/cms/dbs-client/DBS_2_1_9-cms5/lib:/cvmfs/cms.cern.ch/slc6_amd64_gcc472/cms/dbs-client/DBS_2_1_9-cms5/lib/DBSAPI:/cvmfs/cms.cern.ch/slc6_amd64_gcc472/external/cvs2git/5419-cms/lib:/scratch/condor/dir_16437/glide_8dwPHY/execute/dir_19541/
 
# LIMITS USED BY CRAB WATCHDOG:
# RSS  (KBytes)   : 2300000
# VSZ  (KBytes)   : 100000000
# DISK (MBytes)   : 19000
# CPU TIME        : 720h:0m:0s
# WALL CLOCK TIME : 21h:50m:0s
 
3c0380cf82de79bc39966c93934c61fc
PSETHASH = 3c0380cf82de79bc39966c93934c61fc
/scratch/condor/dir_16437/glide_8dwPHY/execute/dir_19541/writeCfg.py pset.py pset.py
Importing .py file
Setting parameters
RandomNumberGeneratorService found, will attempt to change seeds
inputBlocks=/ttbar/dcieri-ttbar_SIM-130075366148575c102f0d64fd3ac8f7/USER#42cb1519-7f11-43e2-ab9a-a013bd5404ac
inputFiles=/store/user/dcieri/ttbar_SIM/ttbar/ttbar_SIM/150129_145223/0000/step1_120.root
parentFiles=
lumisRange=
>>> Executable cmsRun
/cvmfs/cms.cern.ch/slc6_amd64_gcc472/cms/cmssw/CMSSW_6_2_0_SLHC12/bin/slc6_amd64_gcc472/cmsRun
ok executable found
>>> info for dashboard:
***** Cat /scratch/condor/dir_16437/glide_8dwPHY/execute/dir_19541/jobreport.txt *****
MonitorJobID=418_https://submit-6.t2.ucsd.edu//150202//509448.17
MonitorID=dcieri_PU140_4dm08r
ExeStart=cmsRun
***** End Cat jobreport *****
Parameters sent to Dashboard.
>>> cmsRun started at Mon Feb  2 20:52:15 UTC 2015
>>> cmsRun ended at Mon Feb  2 23:16:49 UTC 2015
>>> crab_fjr_*.xml  permission set to 0704
>>> info for dashboard:
***** Cat /scratch/condor/dir_16437/glide_8dwPHY/execute/dir_19541/jobreport.txt *****
MonitorJobID=418_https://submit-6.t2.ucsd.edu//150202//509448.17
MonitorID=dcieri_PU140_4dm08r
ExeEnd=cmsRun
***** End Cat jobreport *****
Parameters sent to Dashboard.
TIME_EXE = 8674 sec
>>> cmsRun wrote 210 lines of stdout+stderr
>>> START OF printout of 210 lines from stdout+stderr
271 DQMStore::DQMStore 
HcalTopologyIdealEP::HcalTopologyIdealEP
02-Feb-2015 20:52:23 GMT  Initiating request to open file root://dcap.pp.rl.ac.uk:1094/pnfs/pp.rl.ac.uk/data/cms/store/user/dcieri/ttbar_SIM/ttbar/ttbar_SIM/150129_145223/0000/step1_120.root
150202 20:52:24 22727 Xrd: CheckErrorStatus: Server [heplnx210.pp.rl.ac.uk:1094] declared: Request 3018 not supported(error code: 3013)
02-Feb-2015 20:52:25 GMT  Successfully opened file root://dcap.pp.rl.ac.uk:1094/pnfs/pp.rl.ac.uk/data/cms/store/user/dcieri/ttbar_SIM/ttbar/ttbar_SIM/150129_145223/0000/step1_120.root
02-Feb-2015 20:52:25 GMT  Initiating request to open file root://xrootd.unl.edu//store/group/dpg_trigger/comm_trigger/L1TrackTrigger/620_SLHC10/Extended2023TTI/MinBias/MinBias_TuneZ2star_GEN_SIM_1.root
02-Feb-2015 20:52:56 GMT  Successfully opened file root://xrootd.unl.edu//store/group/dpg_trigger/comm_trigger/L1TrackTrigger/620_SLHC10/Extended2023TTI/MinBias/MinBias_TuneZ2star_GEN_SIM_1.root
disableME1a = 0
HcalTopologyIdealEP::produce(const IdealGeometryRecord& iRecord)
mode = 2, maxDepthHB = 3, maxDepthHE = 5
RPCGeometryESModule :: produce
RPCGeometryESModule :: produce :: 1/4 Get Muon Ideal Geometry Record
RPCGeometryESModule :: produce :: 2/4 Get Muon DDD Constants
RPCGeometryESModule :: produce :: 3/4 Get Muon Numbering Record
in MuonNumberingInitialization::initializeMuonDDDConstants
about to make my new muonDDDConst_
in MuonNumberingInitialization::produce
RPCGeometryESModule :: produce :: 4/4 Build
Found:

	Barrel Stack layer 5 : 1008 stacks
	Barrel Stack layer 6 : 1320 stacks
	Barrel Stack layer 7 : 1836 stacks
	Barrel Stack layer 8 : 1152 stacks
	Barrel Stack layer 9 : 1488 stacks
	Barrel Stack layer 10 : 1824 stacks

	Endcap Stack disk 11 : 1360 stacks
	Endcap Stack disk 12 : 1360 stacks
	Endcap Stack disk 13 : 1360 stacks
	Endcap Stack disk 14 : 1360 stacks
	Endcap Stack disk 15 : 1360 stacks
Created 15428 stacks in 15 s

TTClusterBuilder< edm::Ref<edm::DetSetVector<PixelDigi>, PixelDigi, edm::refhelper::FindForDetSetVector<PixelDigi> > > loaded modules:
	TTClusterAlgorithm:	TTClusterAlgorithm_2d2013< edm::Ref<edm::DetSetVector<PixelDigi>, PixelDigi, edm::refhelper::FindForDetSetVector<PixelDigi> > >


TTStubBuilder< edm::Ref<edm::DetSetVector<PixelDigi>, PixelDigi, edm::refhelper::FindForDetSetVector<PixelDigi> > > loaded modules:
	TTStubAlgorithm:	TTStubAlgorithm_tab2013< edm::Ref<edm::DetSetVector<PixelDigi>, PixelDigi, edm::refhelper::FindForDetSetVector<PixelDigi> > >


TTClusterAssociator< edm::Ref<edm::DetSetVector<PixelDigi>, PixelDigi, edm::refhelper::FindForDetSetVector<PixelDigi> > > loaded.


TTStubAssociator< edm::Ref<edm::DetSetVector<PixelDigi>, PixelDigi, edm::refhelper::FindForDetSetVector<PixelDigi> > > loaded.


TTTrackAssociator< edm::Ref<edm::DetSetVector<PixelDigi>, PixelDigi, edm::refhelper::FindForDetSetVector<PixelDigi> > > loaded.

Begin processing the 1st record. Run 1, Event 1191, LumiSection 120 at 02-Feb-2015 20:53:27.231 GMT
02-Feb-2015 20:53:32 GMT  Closed file root://xrootd.unl.edu//store/group/dpg_trigger/comm_trigger/L1TrackTrigger/620_SLHC10/Extended2023TTI/MinBias/MinBias_TuneZ2star_GEN_SIM_1.root
02-Feb-2015 20:53:32 GMT  Initiating request to open file root://xrootd.unl.edu//store/group/dpg_trigger/comm_trigger/L1TrackTrigger/620_SLHC10/Extended2023TTI/MinBias/MinBias_TuneZ2star_GEN_SIM_70.root
02-Feb-2015 20:54:04 GMT  Successfully opened file root://xrootd.unl.edu//store/group/dpg_trigger/comm_trigger/L1TrackTrigger/620_SLHC10/Extended2023TTI/MinBias/MinBias_TuneZ2star_GEN_SIM_70.root
150202 20:58:53 23706 Xrd: XrdClientMessage::ReadRaw: Failed to read header (8 bytes).
150202 20:59:23 23704 Xrd: XrdClientMessage::ReadRaw: Failed to read header (8 bytes).
02-Feb-2015 21:04:28 GMT  Closed file root://xrootd.unl.edu//store/group/dpg_trigger/comm_trigger/L1TrackTrigger/620_SLHC10/Extended2023TTI/MinBias/MinBias_TuneZ2star_GEN_SIM_70.root
02-Feb-2015 21:04:28 GMT  Initiating request to open file root://xrootd.unl.edu//store/group/dpg_trigger/comm_trigger/L1TrackTrigger/620_SLHC10/Extended2023TTI/MinBias/MinBias_TuneZ2star_GEN_SIM_802.root
150202 21:09:54 25512 Xrd: XrdClientMessage::ReadRaw: Failed to read header (8 bytes).
150202 21:10:38 10852 Xrd: CheckErrorStatus: Server [xrootd.ba.infn.it:1094] declared: session not found(error code: 3011)
02-Feb-2015 21:10:38 GMT  Successfully opened file root://xrootd.unl.edu//store/group/dpg_trigger/comm_trigger/L1TrackTrigger/620_SLHC10/Extended2023TTI/MinBias/MinBias_TuneZ2star_GEN_SIM_802.root
150202 21:12:53 22966 Xrd: XrdClientMessage::ReadRaw: Failed to read header (8 bytes).
150202 21:14:24 25511 Xrd: XrdClientMessage::ReadRaw: Failed to read header (8 bytes).
150202 21:15:54 21218 Xrd: XrdClientMessage::ReadRaw: Failed to read header (8 bytes).
02-Feb-2015 21:20:31 GMT  Closed file root://xrootd.unl.edu//store/group/dpg_trigger/comm_trigger/L1TrackTrigger/620_SLHC10/Extended2023TTI/MinBias/MinBias_TuneZ2star_GEN_SIM_802.root
02-Feb-2015 21:20:31 GMT  Initiating request to open file root://xrootd.unl.edu//store/group/dpg_trigger/comm_trigger/L1TrackTrigger/620_SLHC10/Extended2023TTI/MinBias/MinBias_TuneZ2star_GEN_SIM_817.root
150202 21:21:02 5444 Xrd: CheckErrorStatus: Server [xrootd.ba.infn.it:1094] declared: session not found(error code: 3011)
02-Feb-2015 21:21:03 GMT  Successfully opened file root://xrootd.unl.edu//store/group/dpg_trigger/comm_trigger/L1TrackTrigger/620_SLHC10/Extended2023TTI/MinBias/MinBias_TuneZ2star_GEN_SIM_817.root
Building the geometry service
Warning did not find digi
Warning did not find digi
Warning did not find digi
Warning did not find digi
Warning did not find digi in disks
Warning did not find digi in disks
Warning did not find digi in disks
Warning did not find digi in disks
150202 21:25:54 21219 Xrd: XrdClientMessage::ReadRaw: Failed to read header (8 bytes).
150202 21:26:24 6153 Xrd: XrdClientMessage::ReadRaw: Failed to read header (8 bytes).
02-Feb-2015 21:29:18 GMT  Closed file root://xrootd.unl.edu//store/group/dpg_trigger/comm_trigger/L1TrackTrigger/620_SLHC10/Extended2023TTI/MinBias/MinBias_TuneZ2star_GEN_SIM_817.root
02-Feb-2015 21:29:18 GMT  Initiating request to open file root://xrootd.unl.edu//store/group/dpg_trigger/comm_trigger/L1TrackTrigger/620_SLHC10/Extended2023TTI/MinBias/MinBias_TuneZ2star_GEN_SIM_543.root
150202 21:29:49 20943 Xrd: CheckErrorStatus: Server [xrootd.ba.infn.it:1094] declared: session not found(error code: 3011)
02-Feb-2015 21:29:50 GMT  Successfully opened file root://xrootd.unl.edu//store/group/dpg_trigger/comm_trigger/L1TrackTrigger/620_SLHC10/Extended2023TTI/MinBias/MinBias_TuneZ2star_GEN_SIM_543.root
150202 21:34:24 6154 Xrd: XrdClientMessage::ReadRaw: Failed to read header (8 bytes).
150202 21:34:54 22229 Xrd: XrdClientMessage::ReadRaw: Failed to read header (8 bytes).
02-Feb-2015 21:37:44 GMT  Closed file root://xrootd.unl.edu//store/group/dpg_trigger/comm_trigger/L1TrackTrigger/620_SLHC10/Extended2023TTI/MinBias/MinBias_TuneZ2star_GEN_SIM_543.root
02-Feb-2015 21:37:44 GMT  Initiating request to open file root://xrootd.unl.edu//store/group/dpg_trigger/comm_trigger/L1TrackTrigger/620_SLHC10/Extended2023TTI/MinBias/MinBias_TuneZ2star_GEN_SIM_112.root
150202 21:38:20 7874 Xrd: CheckErrorStatus: Server [xrootd.ba.infn.it:1094] declared: session not found(error code: 3011)
02-Feb-2015 21:38:20 GMT  Successfully opened file root://xrootd.unl.edu//store/group/dpg_trigger/comm_trigger/L1TrackTrigger/620_SLHC10/Extended2023TTI/MinBias/MinBias_TuneZ2star_GEN_SIM_112.root
150202 21:43:23 8467 Xrd: XrdClientMessage::ReadRaw: Failed to read header (8 bytes).
02-Feb-2015 21:46:28 GMT  Closed file root://xrootd.unl.edu//store/group/dpg_trigger/comm_trigger/L1TrackTrigger/620_SLHC10/Extended2023TTI/MinBias/MinBias_TuneZ2star_GEN_SIM_112.root
02-Feb-2015 21:46:28 GMT  Initiating request to open file root://xrootd.unl.edu//store/group/dpg_trigger/comm_trigger/L1TrackTrigger/620_SLHC10/Extended2023TTI/MinBias/MinBias_TuneZ2star_GEN_SIM_244.root
150202 21:47:04 21183 Xrd: CheckErrorStatus: Server [xrootd.ba.infn.it:1094] declared: session not found(error code: 3011)
02-Feb-2015 21:47:04 GMT  Successfully opened file root://xrootd.unl.edu//store/group/dpg_trigger/comm_trigger/L1TrackTrigger/620_SLHC10/Extended2023TTI/MinBias/MinBias_TuneZ2star_GEN_SIM_244.root
150202 21:52:24 22269 Xrd: XrdClientMessage::ReadRaw: Failed to read header (8 bytes).
02-Feb-2015 21:54:31 GMT  Closed file root://xrootd.unl.edu//store/group/dpg_trigger/comm_trigger/L1TrackTrigger/620_SLHC10/Extended2023TTI/MinBias/MinBias_TuneZ2star_GEN_SIM_244.root
02-Feb-2015 21:54:31 GMT  Initiating request to open file root://xrootd.unl.edu//store/group/dpg_trigger/comm_trigger/L1TrackTrigger/620_SLHC10/Extended2023TTI/MinBias/MinBias_TuneZ2star_GEN_SIM_739.root
150202 21:54:31 5039 Xrd: CheckErrorStatus: Server [xrootd-redic.pi.infn.it:1094] declared: session not found(error code: 3011)
02-Feb-2015 21:54:31 GMT  Successfully opened file root://xrootd.unl.edu//store/group/dpg_trigger/comm_trigger/L1TrackTrigger/620_SLHC10/Extended2023TTI/MinBias/MinBias_TuneZ2star_GEN_SIM_739.root
150202 21:59:54 5041 Xrd: XrdClientMessage::ReadRaw: Failed to read header (8 bytes).
02-Feb-2015 22:01:29 GMT  Closed file root://xrootd.unl.edu//store/group/dpg_trigger/comm_trigger/L1TrackTrigger/620_SLHC10/Extended2023TTI/MinBias/MinBias_TuneZ2star_GEN_SIM_739.root
02-Feb-2015 22:01:29 GMT  Initiating request to open file root://xrootd.unl.edu//store/group/dpg_trigger/comm_trigger/L1TrackTrigger/620_SLHC10/Extended2023TTI/MinBias/MinBias_TuneZ2star_GEN_SIM_907.root
150202 22:06:53 22230 Xrd: XrdClientMessage::ReadRaw: Failed to read header (8 bytes).
150202 22:07:23 23703 Xrd: XrdClientMessage::ReadRaw: Failed to read header (8 bytes).
150202 22:10:47 25449 Xrd: CheckErrorStatus: Server [cms-xrd-global.cern.ch:1094] declared: session not found(error code: 3011)
150202 22:10:47 25449 Xrd: CheckErrorStatus: Server [xrootd.ba.infn.it:1094] declared: session not found(error code: 3011)
02-Feb-2015 22:10:47 GMT  Successfully opened file root://xrootd.unl.edu//store/group/dpg_trigger/comm_trigger/L1TrackTrigger/620_SLHC10/Extended2023TTI/MinBias/MinBias_TuneZ2star_GEN_SIM_907.root
150202 22:14:53 5040 Xrd: XrdClientMessage::ReadRaw: Failed to read header (8 bytes).
150202 22:15:53 5642 Xrd: XrdClientMessage::ReadRaw: Failed to read header (8 bytes).
02-Feb-2015 22:15:59 GMT  Closed file root://xrootd.unl.edu//store/group/dpg_trigger/comm_trigger/L1TrackTrigger/620_SLHC10/Extended2023TTI/MinBias/MinBias_TuneZ2star_GEN_SIM_907.root
02-Feb-2015 22:15:59 GMT  Initiating request to open file root://xrootd.unl.edu//store/group/dpg_trigger/comm_trigger/L1TrackTrigger/620_SLHC10/Extended2023TTI/MinBias/MinBias_TuneZ2star_GEN_SIM_706.root
150202 22:21:24 5646 Xrd: XrdClientMessage::ReadRaw: Failed to read header (8 bytes).
150202 22:24:22 12786 Xrd: CheckErrorStatus: Server [cms-xrd-global.cern.ch:1094] declared: session not found(error code: 3011)
150202 22:24:22 12786 Xrd: CheckErrorStatus: Server [llrxrd-redir.in2p3.fr:1094] declared: session not found(error code: 3011)
02-Feb-2015 22:24:22 GMT  Successfully opened file root://xrootd.unl.edu//store/group/dpg_trigger/comm_trigger/L1TrackTrigger/620_SLHC10/Extended2023TTI/MinBias/MinBias_TuneZ2star_GEN_SIM_706.root
150202 22:29:23 22891 Xrd: XrdClientMessage::ReadRaw: Failed to read header (8 bytes).
02-Feb-2015 22:29:59 GMT  Closed file root://xrootd.unl.edu//store/group/dpg_trigger/comm_trigger/L1TrackTrigger/620_SLHC10/Extended2023TTI/MinBias/MinBias_TuneZ2star_GEN_SIM_706.root
02-Feb-2015 22:29:59 GMT  Initiating request to open file root://xrootd.unl.edu//store/group/dpg_trigger/comm_trigger/L1TrackTrigger/620_SLHC10/Extended2023TTI/MinBias/MinBias_TuneZ2star_GEN_SIM_907.root
150202 22:30:04 31336 Xrd: CheckErrorStatus: Server [llrxrd-redir.in2p3.fr:1094] declared: session not found(error code: 3011)
150202 22:30:04 31336 Xrd: CheckErrorStatus: Server [eoscms.cern.ch:1094] declared: session not found(error code: 3011)
02-Feb-2015 22:30:04 GMT  Successfully opened file root://xrootd.unl.edu//store/group/dpg_trigger/comm_trigger/L1TrackTrigger/620_SLHC10/Extended2023TTI/MinBias/MinBias_TuneZ2star_GEN_SIM_907.root
150202 22:30:54 5639 Xrd: XrdClientMessage::ReadRaw: Failed to read header (8 bytes).
02-Feb-2015 22:34:58 GMT  Closed file root://xrootd.unl.edu//store/group/dpg_trigger/comm_trigger/L1TrackTrigger/620_SLHC10/Extended2023TTI/MinBias/MinBias_TuneZ2star_GEN_SIM_907.root
02-Feb-2015 22:34:58 GMT  Initiating request to open file root://xrootd.unl.edu//store/group/dpg_trigger/comm_trigger/L1TrackTrigger/620_SLHC10/Extended2023TTI/MinBias/MinBias_TuneZ2star_GEN_SIM_578.root
150202 22:35:23 31458 Xrd: XrdClientMessage::ReadRaw: Failed to read header (8 bytes).
150202 22:35:24 22898 Xrd: XrdClientMessage::ReadRaw: Failed to read header (8 bytes).
150202 22:35:29 3603 Xrd: CheckErrorStatus: Server [cms-xrd-global.cern.ch:1094] declared: session not found(error code: 3011)
150202 22:35:29 3603 Xrd: CheckErrorStatus: Server [xrootd.ba.infn.it:1094] declared: session not found(error code: 3011)
02-Feb-2015 22:35:29 GMT  Successfully opened file root://xrootd.unl.edu//store/group/dpg_trigger/comm_trigger/L1TrackTrigger/620_SLHC10/Extended2023TTI/MinBias/MinBias_TuneZ2star_GEN_SIM_578.root
02-Feb-2015 22:39:16 GMT  Closed file root://xrootd.unl.edu//store/group/dpg_trigger/comm_trigger/L1TrackTrigger/620_SLHC10/Extended2023TTI/MinBias/MinBias_TuneZ2star_GEN_SIM_578.root
02-Feb-2015 22:39:16 GMT  Initiating request to open file root://xrootd.unl.edu//store/group/dpg_trigger/comm_trigger/L1TrackTrigger/620_SLHC10/Extended2023TTI/MinBias/MinBias_TuneZ2star_GEN_SIM_434.root
02-Feb-2015 22:39:17 GMT  Successfully opened file root://xrootd.unl.edu//store/group/dpg_trigger/comm_trigger/L1TrackTrigger/620_SLHC10/Extended2023TTI/MinBias/MinBias_TuneZ2star_GEN_SIM_434.root
150202 22:40:23 31459 Xrd: XrdClientMessage::ReadRaw: Failed to read header (8 bytes).
150202 22:44:23 4231 Xrd: XrdClientMessage::ReadRaw: Failed to read header (8 bytes).
150202 22:44:24 4230 Xrd: XrdClientMessage::ReadRaw: Failed to read header (8 bytes).
02-Feb-2015 22:44:55 GMT  Closed file root://xrootd.unl.edu//store/group/dpg_trigger/comm_trigger/L1TrackTrigger/620_SLHC10/Extended2023TTI/MinBias/MinBias_TuneZ2star_GEN_SIM_434.root
02-Feb-2015 22:44:55 GMT  Initiating request to open file root://xrootd.unl.edu//store/group/dpg_trigger/comm_trigger/L1TrackTrigger/620_SLHC10/Extended2023TTI/MinBias/MinBias_TuneZ2star_GEN_SIM_562.root
150202 22:45:26 12800 Xrd: CheckErrorStatus: Server [llrxrd-redir.in2p3.fr:1094] declared: session not found(error code: 3011)
02-Feb-2015 22:45:26 GMT  Successfully opened file root://xrootd.unl.edu//store/group/dpg_trigger/comm_trigger/L1TrackTrigger/620_SLHC10/Extended2023TTI/MinBias/MinBias_TuneZ2star_GEN_SIM_562.root
02-Feb-2015 22:48:14 GMT  Closed file root://xrootd.unl.edu//store/group/dpg_trigger/comm_trigger/L1TrackTrigger/620_SLHC10/Extended2023TTI/MinBias/MinBias_TuneZ2star_GEN_SIM_562.root
02-Feb-2015 22:48:14 GMT  Initiating request to open file root://xrootd.unl.edu//store/group/dpg_trigger/comm_trigger/L1TrackTrigger/620_SLHC10/Extended2023TTI/MinBias/MinBias_TuneZ2star_GEN_SIM_697.root
150202 22:48:45 15726 Xrd: CheckErrorStatus: Server [eoscms.cern.ch:1094] declared: session not found(error code: 3011)
02-Feb-2015 22:48:45 GMT  Successfully opened file root://xrootd.unl.edu//store/group/dpg_trigger/comm_trigger/L1TrackTrigger/620_SLHC10/Extended2023TTI/MinBias/MinBias_TuneZ2star_GEN_SIM_697.root
150202 22:50:23 8065 Xrd: XrdClientMessage::ReadRaw: Failed to read header (8 bytes).
02-Feb-2015 22:51:55 GMT  Closed file root://xrootd.unl.edu//store/group/dpg_trigger/comm_trigger/L1TrackTrigger/620_SLHC10/Extended2023TTI/MinBias/MinBias_TuneZ2star_GEN_SIM_697.root
02-Feb-2015 22:51:55 GMT  Initiating request to open file root://xrootd.unl.edu//store/group/dpg_trigger/comm_trigger/L1TrackTrigger/620_SLHC10/Extended2023TTI/MinBias/MinBias_TuneZ2star_GEN_SIM_57.root
150202 22:52:26 18399 Xrd: CheckErrorStatus: Server [cms-xrd-global.cern.ch:1094] declared: session not found(error code: 3011)
02-Feb-2015 22:52:26 GMT  Successfully opened file root://xrootd.unl.edu//store/group/dpg_trigger/comm_trigger/L1TrackTrigger/620_SLHC10/Extended2023TTI/MinBias/MinBias_TuneZ2star_GEN_SIM_57.root
150202 22:53:23 13186 Xrd: XrdClientMessage::ReadRaw: Failed to read header (8 bytes).
02-Feb-2015 22:55:04 GMT  Closed file root://xrootd.unl.edu//store/group/dpg_trigger/comm_trigger/L1TrackTrigger/620_SLHC10/Extended2023TTI/MinBias/MinBias_TuneZ2star_GEN_SIM_57.root
02-Feb-2015 22:55:04 GMT  Initiating request to open file root://xrootd.unl.edu//store/group/dpg_trigger/comm_trigger/L1TrackTrigger/620_SLHC10/Extended2023TTI/MinBias/MinBias_TuneZ2star_GEN_SIM_949.root
150202 22:55:35 20716 Xrd: CheckErrorStatus: Server [eoscms.cern.ch:1094] declared: session not found(error code: 3011)
02-Feb-2015 22:55:35 GMT  Successfully opened file root://xrootd.unl.edu//store/group/dpg_trigger/comm_trigger/L1TrackTrigger/620_SLHC10/Extended2023TTI/MinBias/MinBias_TuneZ2star_GEN_SIM_949.root
150202 22:57:24 16078 Xrd: XrdClientMessage::ReadRaw: Failed to read header (8 bytes).
02-Feb-2015 22:58:13 GMT  Closed file root://xrootd.unl.edu//store/group/dpg_trigger/comm_trigger/L1TrackTrigger/620_SLHC10/Extended2023TTI/MinBias/MinBias_TuneZ2star_GEN_SIM_949.root
02-Feb-2015 22:58:13 GMT  Initiating request to open file root://xrootd.unl.edu//store/group/dpg_trigger/comm_trigger/L1TrackTrigger/620_SLHC10/Extended2023TTI/MinBias/MinBias_TuneZ2star_GEN_SIM_780.root
02-Feb-2015 22:58:45 GMT  Successfully opened file root://xrootd.unl.edu//store/group/dpg_trigger/comm_trigger/L1TrackTrigger/620_SLHC10/Extended2023TTI/MinBias/MinBias_TuneZ2star_GEN_SIM_780.root
150202 23:00:24 18771 Xrd: XrdClientMessage::ReadRaw: Failed to read header (8 bytes).
02-Feb-2015 23:00:41 GMT  Closed file root://xrootd.unl.edu//store/group/dpg_trigger/comm_trigger/L1TrackTrigger/620_SLHC10/Extended2023TTI/MinBias/MinBias_TuneZ2star_GEN_SIM_780.root
02-Feb-2015 23:00:41 GMT  Initiating request to open file root://xrootd.unl.edu//store/group/dpg_trigger/comm_trigger/L1TrackTrigger/620_SLHC10/Extended2023TTI/MinBias/MinBias_TuneZ2star_GEN_SIM_397.root
02-Feb-2015 23:01:12 GMT  Successfully opened file root://xrootd.unl.edu//store/group/dpg_trigger/comm_trigger/L1TrackTrigger/620_SLHC10/Extended2023TTI/MinBias/MinBias_TuneZ2star_GEN_SIM_397.root
150202 23:03:23 21096 Xrd: XrdClientMessage::ReadRaw: Failed to read header (8 bytes).
150202 23:05:53 23796 Xrd: XrdClientMessage::ReadRaw: Failed to read header (8 bytes).
02-Feb-2015 23:06:11 GMT  Closed file root://xrootd.unl.edu//store/group/dpg_trigger/comm_trigger/L1TrackTrigger/620_SLHC10/Extended2023TTI/MinBias/MinBias_TuneZ2star_GEN_SIM_397.root
02-Feb-2015 23:06:11 GMT  Initiating request to open file root://xrootd.unl.edu//store/group/dpg_trigger/comm_trigger/L1TrackTrigger/620_SLHC10/Extended2023TTI/MinBias/MinBias_TuneZ2star_GEN_SIM_606.root
150202 23:06:23 13185 Xrd: XrdClientMessage::ReadRaw: Failed to read header (8 bytes).
150202 23:06:42 28960 Xrd: CheckErrorStatus: Server [llrxrd-redir.in2p3.fr:1094] declared: session not found(error code: 3011)
02-Feb-2015 23:06:42 GMT  Successfully opened file root://xrootd.unl.edu//store/group/dpg_trigger/comm_trigger/L1TrackTrigger/620_SLHC10/Extended2023TTI/MinBias/MinBias_TuneZ2star_GEN_SIM_606.root
02-Feb-2015 23:08:49 GMT  Closed file root://xrootd.unl.edu//store/group/dpg_trigger/comm_trigger/L1TrackTrigger/620_SLHC10/Extended2023TTI/MinBias/MinBias_TuneZ2star_GEN_SIM_606.root
02-Feb-2015 23:08:49 GMT  Initiating request to open file root://xrootd.unl.edu//store/group/dpg_trigger/comm_trigger/L1TrackTrigger/620_SLHC10/Extended2023TTI/MinBias/MinBias_TuneZ2star_GEN_SIM_15.root
02-Feb-2015 23:09:20 GMT  Successfully opened file root://xrootd.unl.edu//store/group/dpg_trigger/comm_trigger/L1TrackTrigger/620_SLHC10/Extended2023TTI/MinBias/MinBias_TuneZ2star_GEN_SIM_15.root
02-Feb-2015 23:11:10 GMT  Closed file root://xrootd.unl.edu//store/group/dpg_trigger/comm_trigger/L1TrackTrigger/620_SLHC10/Extended2023TTI/MinBias/MinBias_TuneZ2star_GEN_SIM_15.root
02-Feb-2015 23:11:10 GMT  Initiating request to open file root://xrootd.unl.edu//store/group/dpg_trigger/comm_trigger/L1TrackTrigger/620_SLHC10/Extended2023TTI/MinBias/MinBias_TuneZ2star_GEN_SIM_251.root
150202 23:11:24 25659 Xrd: XrdClientMessage::ReadRaw: Failed to read header (8 bytes).
02-Feb-2015 23:11:41 GMT  Successfully opened file root://xrootd.unl.edu//store/group/dpg_trigger/comm_trigger/L1TrackTrigger/620_SLHC10/Extended2023TTI/MinBias/MinBias_TuneZ2star_GEN_SIM_251.root
02-Feb-2015 23:13:02 GMT  Closed file root://xrootd.unl.edu//store/group/dpg_trigger/comm_trigger/L1TrackTrigger/620_SLHC10/Extended2023TTI/MinBias/MinBias_TuneZ2star_GEN_SIM_251.root
02-Feb-2015 23:13:02 GMT  Initiating request to open file root://xrootd.unl.edu//store/group/dpg_trigger/comm_trigger/L1TrackTrigger/620_SLHC10/Extended2023TTI/MinBias/MinBias_TuneZ2star_GEN_SIM_441.root
02-Feb-2015 23:13:32 GMT  Successfully opened file root://xrootd.unl.edu//store/group/dpg_trigger/comm_trigger/L1TrackTrigger/620_SLHC10/Extended2023TTI/MinBias/MinBias_TuneZ2star_GEN_SIM_441.root
150202 23:13:53 29320 Xrd: XrdClientMessage::ReadRaw: Failed to read header (8 bytes).
02-Feb-2015 23:15:23 GMT  Closed file root://xrootd.unl.edu//store/group/dpg_trigger/comm_trigger/L1TrackTrigger/620_SLHC10/Extended2023TTI/MinBias/MinBias_TuneZ2star_GEN_SIM_441.root
02-Feb-2015 23:15:23 GMT  Initiating request to open file root://xrootd.unl.edu//store/group/dpg_trigger/comm_trigger/L1TrackTrigger/620_SLHC10/Extended2023TTI/MinBias/MinBias_TuneZ2star_GEN_SIM_881.root
150202 23:15:53 4229 Xrd: XrdClientMessage::ReadRaw: Failed to read header (8 bytes).
02-Feb-2015 23:15:54 GMT  Successfully opened file root://xrootd.unl.edu//store/group/dpg_trigger/comm_trigger/L1TrackTrigger/620_SLHC10/Extended2023TTI/MinBias/MinBias_TuneZ2star_GEN_SIM_881.root
150202 23:16:24 30462 Xrd: XrdClientMessage::ReadRaw: Failed to read header (8 bytes).
02-Feb-2015 23:16:48 GMT  Closed file root://dcap.pp.rl.ac.uk:1094/pnfs/pp.rl.ac.uk/data/cms/store/user/dcieri/ttbar_SIM/ttbar/ttbar_SIM/150129_145223/0000/step1_120.root
02-Feb-2015 23:16:48 GMT  Closed file root://xrootd.unl.edu//store/group/dpg_trigger/comm_trigger/L1TrackTrigger/620_SLHC10/Extended2023TTI/MinBias/MinBias_TuneZ2star_GEN_SIM_881.root

=============================================

MessageLogger Summary

 type     category        sev    module        subroutine        count    total
 ---- -------------------- -- ---------------- ----------------  -----    -----
    1 fileAction           -s MixingModule:mix                      69       69
    2 fileAction           -s MixingModule:mix                       2        2
    3 fileAction           -s MixingModule:mix                       1        1
    4 fileAction           -s file_close                             1        1
    5 fileAction           -s file_open                              2        2

 type    category    Examples: run/evt        run/evt          run/evt
 ---- -------------------- ---------------- ---------------- ----------------
    1 fileAction           1/1191           1/1191           1/1200
    2 fileAction           pre-events       pre-events       
    3 fileAction           PostEndRun                        
    4 fileAction           PostEndRun                        
    5 fileAction           pre-events       pre-events       

Severity    # Occurrences   Total Occurrences
--------    -------------   -----------------
System                 75                  75
>>> END OF printout of 210 lines from stdout+stderr
>>> Parse FrameworkJobReport crab_fjr.xml
Result of parsing the FrameworkJobReport crab_fjr.xml: 
Extracted ExitStatus from FrameworkJobReport parsing output: 0
>>> Executable succeded  0
ExeExitCode=0
EXECUTABLE_EXIT_STATUS = 0
>>> current directory /scratch/condor/dir_16437/glide_8dwPHY/execute/dir_19541/CMSSW_6_2_0_SLHC12
>>>  (SOFTWARE_DIR): /scratch/condor/dir_16437/glide_8dwPHY/execute/dir_19541/CMSSW_6_2_0_SLHC12
>>> (WORKING_DIR): 
>>> current directory content:
total 244804
drwxr-xr-x 3 cms415 gplcms      4096 Feb  2 20:52 .SCRAM
-rw------- 1 cms415 gplcms    915837 Feb  2 20:52 CMSSW.py.pkl
drwxr-xr-x 3 cms415 gplcms      4096 Feb  2 20:52 bin
drwxr-xr-x 3 cms415 gplcms      4096 Feb  2 20:52 cfipython
drwxr-xr-x 4 cms415 gplcms      4096 Apr 28  2014 config
-rw------- 1 cms415 gplcms        16 Feb  2 23:16 cpu_timing.txt
drwxr-xr-x 2 cms415 gplcms      4096 Feb  2 20:52 doc
-rw------- 1 cms415 gplcms     23782 Feb  2 23:16 executable.out
drwxr-xr-x 2 cms415 gplcms      4096 Feb  2 20:52 include
drwx------ 3 cms415 gplcms      4096 Oct  7 10:12 lib
drwxr-xr-x 3 cms415 gplcms      4096 Feb  2 20:52 logs
drwxr-xr-x 3 cms415 gplcms      4096 Feb  2 20:52 objs
-rw------- 1 cms415 gplcms       104 Feb  2 20:52 pset.py
-rw------- 1 cms415 gplcms    926824 Feb  2 20:52 pset.py.pkl
-rw------- 1 cms415 gplcms       289 Feb  2 20:52 pset.pyc
drwxr-xr-x 2 cms415 gplcms      4096 Feb  2 20:52 python
-rw------- 1 cms415 gplcms       356 Feb  2 23:16 report.log
drwxr-xr-x 2 cms415 gplcms      4096 Feb  2 20:52 src
-rw------- 1 cms415 gplcms 248475752 Feb  2 23:16 step2.root
drwxr-xr-x 3 cms415 gplcms      4096 Feb  2 20:52 test
drwxr-xr-x 3 cms415 gplcms      4096 Feb  2 20:52 tmp
>>> current directory /scratch/condor/dir_16437/glide_8dwPHY/execute/dir_19541/CMSSW_6_2_0_SLHC12
>>> (SOFTWARE_DIR): /scratch/condor/dir_16437/glide_8dwPHY/execute/dir_19541/CMSSW_6_2_0_SLHC12
>>> (WORKING_DIR): 
>>> current directory content:
total 244804
drwxr-xr-x 3 cms415 gplcms      4096 Feb  2 20:52 .SCRAM
-rw------- 1 cms415 gplcms    915837 Feb  2 20:52 CMSSW.py.pkl
drwxr-xr-x 3 cms415 gplcms      4096 Feb  2 20:52 bin
drwxr-xr-x 3 cms415 gplcms      4096 Feb  2 20:52 cfipython
drwxr-xr-x 4 cms415 gplcms      4096 Apr 28  2014 config
-rw------- 1 cms415 gplcms        16 Feb  2 23:16 cpu_timing.txt
drwxr-xr-x 2 cms415 gplcms      4096 Feb  2 20:52 doc
-rw------- 1 cms415 gplcms     23782 Feb  2 23:16 executable.out
drwxr-xr-x 2 cms415 gplcms      4096 Feb  2 20:52 include
drwx------ 3 cms415 gplcms      4096 Oct  7 10:12 lib
drwxr-xr-x 3 cms415 gplcms      4096 Feb  2 20:52 logs
drwxr-xr-x 3 cms415 gplcms      4096 Feb  2 20:52 objs
-rw------- 1 cms415 gplcms       104 Feb  2 20:52 pset.py
-rw------- 1 cms415 gplcms    926824 Feb  2 20:52 pset.py.pkl
-rw------- 1 cms415 gplcms       289 Feb  2 20:52 pset.pyc
drwxr-xr-x 2 cms415 gplcms      4096 Feb  2 20:52 python
-rw------- 1 cms415 gplcms       356 Feb  2 23:16 report.log
drwxr-xr-x 2 cms415 gplcms      4096 Feb  2 20:52 src
-rw------- 1 cms415 gplcms 248475752 Feb  2 23:16 step2_418_1_BGw.root
drwxr-xr-x 3 cms415 gplcms      4096 Feb  2 20:52 test
drwxr-xr-x 3 cms415 gplcms      4096 Feb  2 20:52 tmp
>>> current directory (RUNTIME_AREA):  /scratch/condor/dir_16437/glide_8dwPHY/execute/dir_19541
PNN = T2_UK_SGrid_RALPP
SE = heplnx204.pp.rl.ac.uk
SE_PATH = /srm/managerv2?SFN=/pnfs/pp.rl.ac.uk/data/cms/store/user/dcieri/ttbar_PU140_DIGI/dcieri/ttbar/ttbar_PU140_DIGI/3c0380cf82de79bc39966c93934c61fc/
LFNBaseName = /store/user/dcieri/ttbar_PU140_DIGI/dcieri/ttbar/ttbar_PU140_DIGI/3c0380cf82de79bc39966c93934c61fc/
USER = dcieri
endpoint = srm://heplnx204.pp.rl.ac.uk:8443/srm/managerv2?SFN=/pnfs/pp.rl.ac.uk/data/cms/store/user/dcieri/ttbar_PU140_DIGI/dcieri/ttbar/ttbar_PU140_DIGI/3c0380cf82de79bc39966c93934c61fc/
>>> Copy output files from WN = heplnc343.pp.rl.ac.uk to /srm/managerv2?SFN=/pnfs/pp.rl.ac.uk/data/cms/store/user/dcieri/ttbar_PU140_DIGI/dcieri/ttbar/ttbar_PU140_DIGI/3c0380cf82de79bc39966c93934c61fc/ :
python cmscp.py  --destination srm://heplnx204.pp.rl.ac.uk:8443/srm/managerv2?SFN=/pnfs/pp.rl.ac.uk/data/cms/store/user/dcieri/ttbar_PU140_DIGI/dcieri/ttbar/ttbar_PU140_DIGI/3c0380cf82de79bc39966c93934c61fc/ --inputFileList /scratch/condor/dir_16437/glide_8dwPHY/execute/dir_19541/CMSSW_6_2_0_SLHC12/step2_418_1_BGw.root --middleware LCG --PNN T2_UK_SGrid_RALPP --se_name heplnx204.pp.rl.ac.uk --for_lfn /store/user/dcieri/ttbar_PU140_DIGI/dcieri/ttbar/ttbar_PU140_DIGI/3c0380cf82de79bc39966c93934c61fc/    
******************************************************
localSeName  =  heplnx204.pp.rl.ac.uk
remoteSeName =  heplnx204.pp.rl.ac.uk
******************************************************
{"/scratch/condor/dir_16437/glide_8dwPHY/execute/dir_19541/CMSSW_6_2_0_SLHC12/step2_418_1_BGw.root": {"endpoint": "srm://heplnx204.pp.rl.ac.uk:8443/srm/managerv2?SFN=/pnfs/pp.rl.ac.uk/data/cms/store/user/dcieri/ttbar_PU140_DIGI/dcieri/ttbar/ttbar_PU140_DIGI/3c0380cf82de79bc39966c93934c61fc/", "surl_for_grid": "", "reason": "Copy succedeed with srm-lcg utils", "erCode": "0", "PNN": "T2_UK_SGrid_RALPP", "se_name": "heplnx204.pp.rl.ac.uk", "for_lfn": "/store/user/dcieri/ttbar_PU140_DIGI/dcieri/ttbar/ttbar_PU140_DIGI/3c0380cf82de79bc39966c93934c61fc/"}}/scratch/condor/dir_16437/glide_8dwPHY/execute/dir_19541
-------- cat /scratch/condor/dir_16437/glide_8dwPHY/execute/dir_19541/cmscpReport.sh 
#!/bin/bash
echo "Report for File: /scratch/condor/dir_16437/glide_8dwPHY/execute/dir_19541/CMSSW_6_2_0_SLHC12/step2_418_1_BGw.root"
echo "LFN: /store/user/dcieri/ttbar_PU140_DIGI/dcieri/ttbar/ttbar_PU140_DIGI/3c0380cf82de79bc39966c93934c61fc/step2_418_1_BGw.root"
echo "StorageElement: heplnx204.pp.rl.ac.uk"
echo "StageOutExitStatusReason = 'Copy succedeed with srm-lcg utils'" | tee -a $RUNTIME_AREA/$repo
echo "StageOutSE = heplnx204.pp.rl.ac.uk" >> $RUNTIME_AREA/$repo

export StageOutExitStatus=0
echo "StageOutExitStatus = 0" | tee -a $RUNTIME_AREA/$repo
-------- end of /scratch/condor/dir_16437/glide_8dwPHY/execute/dir_19541/cmscpReport.sh 
Report for File: /scratch/condor/dir_16437/glide_8dwPHY/execute/dir_19541/CMSSW_6_2_0_SLHC12/step2_418_1_BGw.root
LFN: /store/user/dcieri/ttbar_PU140_DIGI/dcieri/ttbar/ttbar_PU140_DIGI/3c0380cf82de79bc39966c93934c61fc/step2_418_1_BGw.root
StorageElement: heplnx204.pp.rl.ac.uk
StageOutExitStatusReason = 'Copy succedeed with srm-lcg utils'
StageOutExitStatus = 0
>>> current dir: /scratch/condor/dir_16437/glide_8dwPHY/execute/dir_19541
>>> current dir content:
total 8824
-rw-------  1 cms415 gplcms    2670 Feb  2 23:17 .SEinteraction.log
-rwx------  1 cms415 gplcms      52 Feb  2 20:50 .chirp_config
-rwx------  1 cms415 gplcms    7816 Feb  2 20:50 .job.ad
-rwx------  1 cms415 gplcms    9780 Feb  2 20:50 .machine.ad
-rw-------  1 cms415 gplcms     105 Feb  2 12:16 CMSSW.py
-rw-------  1 cms415 gplcms  915837 Feb  2 12:16 CMSSW.py.pkl
-rwx------  1 cms415 gplcms   29498 Feb  2 20:52 CMSSW.sh
drwxr-xr-x 15 cms415 gplcms    4096 Feb  2 23:16 CMSSW_6_2_0_SLHC12
-rw-------  1 cms415 gplcms     190 Feb  2 20:52 CacheEnv.sh
-rw-------  1 cms415 gplcms    7291 Nov 19 14:52 DashboardAPI.py
-rw-------  1 cms415 gplcms    6470 Feb  2 20:52 DashboardAPI.pyc
drwx------  2 cms415 gplcms    4096 Feb  2 23:16 IMProv
-rw-------  1 cms415 gplcms    2748 Nov 19 14:52 Logger.py
-rw-------  1 cms415 gplcms    3232 Feb  2 20:52 Logger.pyc
-rw-------  1 cms415 gplcms   24524 Nov 19 14:52 ProcInfo.py
-rw-------  1 cms415 gplcms   22645 Feb  2 20:52 ProcInfo.pyc
drwx------  7 cms415 gplcms    4096 Feb  2 20:52 ProdCommon
drwx------  3 cms415 gplcms    4096 Feb  2 20:52 WMCore
-rw-------  1 cms415 gplcms   11476 Feb  2 23:16 Watchdog_418.log
-rwx------  1 cms415 gplcms       0 Feb  2 20:52 _condor_stderr
-rwx---r--  1 cms415 gplcms   38551 Feb  2 23:17 _condor_stdout
-rw-------  1 cms415 gplcms   32895 Nov 19 14:52 apmon.py
-rw-------  1 cms415 gplcms   27958 Feb  2 20:52 apmon.pyc
-rwx------  1 cms415 gplcms  134309 Feb  2 20:52 arguments.xml
-rwx------  1 cms415 gplcms   38581 Nov 19 14:52 cmscp.py
-rw-------  1 cms415 gplcms     562 Feb  2 23:17 cmscpReport.sh
-rwx------  1 cms415 gplcms   29498 Feb  2 20:52 condor_exec.exe
-rw-------  1 cms415 gplcms     544 Feb  2 12:16 crab.cfg
-rwx------  1 cms415 gplcms    8610 Nov 19 14:52 crabWatchdog.sh
-rwx---r--  1 cms415 gplcms  112071 Feb  2 23:16 crab_fjr_418.xml
-rwx------  1 cms415 gplcms 7390485 Feb  2 20:52 default.tgz
-rwx------  1 cms415 gplcms    4488 Nov 19 14:52 fillCrabFjr.py
-rw-------  1 cms415 gplcms     226 Feb  2 20:52 inputsReport.txt
-rw-------  1 cms415 gplcms     243 Feb  2 23:17 jobreport.txt
-rw-------  1 cms415 gplcms   17352 Nov 19 14:52 parseCrabFjr.py
-rw-------  1 cms415 gplcms     322 Feb  2 20:52 report.log
-rwx--x--x  1 cms415 gplcms    1497 Nov 19 14:52 report.py
-rw-------  1 cms415 gplcms     555 Feb  2 23:17 resultCopyFile
lrwxrwxrwx  1 cms415 gplcms      96 Feb  2 23:16 step2.root -> /scratch/condor/dir_16437/glide_8dwPHY/execute/dir_19541/CMSSW_6_2_0_SLHC12/step2_418_1_BGw.root
-rwx------  1 cms415 gplcms    8351 Nov 19 14:52 writeCfg.py
-rw-------  1 cms415 gplcms   10293 Feb  2 20:50 x509up_u62281
>>> Modify Job Report:
CMSSW_VERSION = CMSSW_6_2_0_SLHC12
ProcessedDataset = ttbar_PU140_DIGI
/scratch/condor/dir_16437/glide_8dwPHY/execute/dir_19541/ProdCommon/FwkJobRep/ModifyJobReport.py fjr /scratch/condor/dir_16437/glide_8dwPHY/execute/dir_19541/crab_fjr_418.xml json /scratch/condor/dir_16437/glide_8dwPHY/execute/dir_19541/resultCopyFile n_job 418_1_BGw PrimaryDataset ttbar  ApplicationFamily cmsRun ApplicationName cmsRun cmssw_version CMSSW_6_2_0_SLHC12 psethash 3c0380cf82de79bc39966c93934c61fc UserProcessedDataset dcieri-ttbar_PU140_DIGI-3c0380cf82de79bc39966c93934c61fc
inputDict =  {u'/scratch/condor/dir_16437/glide_8dwPHY/execute/dir_19541/CMSSW_6_2_0_SLHC12/step2_418_1_BGw.root': {u'endpoint': u'srm://heplnx204.pp.rl.ac.uk:8443/srm/managerv2?SFN=/pnfs/pp.rl.ac.uk/data/cms/store/user/dcieri/ttbar_PU140_DIGI/dcieri/ttbar/ttbar_PU140_DIGI/3c0380cf82de79bc39966c93934c61fc/', u'surl_for_grid': u'', u'reason': u'Copy succedeed with srm-lcg utils', u'erCode': u'0', u'PNN': u'T2_UK_SGrid_RALPP', u'se_name': u'heplnx204.pp.rl.ac.uk', u'for_lfn': u'/store/user/dcieri/ttbar_PU140_DIGI/dcieri/ttbar/ttbar_PU140_DIGI/3c0380cf82de79bc39966c93934c61fc/'}}
UserProcessedDataset =  dcieri-ttbar_PU140_DIGI-3c0380cf82de79bc39966c93934c61fc
WORKING ON EDM FILE
file_name in inputDict =  /scratch/condor/dir_16437/glide_8dwPHY/execute/dir_19541/CMSSW_6_2_0_SLHC12/step2_418_1_BGw.root
(size) os.stat(filename)[6] =  248475752
checksum =  1233508978
    file =  step2_418_1_BGw.root
    newPfn =  srm://heplnx204.pp.rl.ac.uk:8443/srm/managerv2?SFN=/pnfs/pp.rl.ac.uk/data/cms/store/user/dcieri/ttbar_PU140_DIGI/dcieri/ttbar/ttbar_PU140_DIGI/3c0380cf82de79bc39966c93934c61fc/step2_418_1_BGw.root
    newLfn =  /store/user/dcieri/ttbar_PU140_DIGI/dcieri/ttbar/ttbar_PU140_DIGI/3c0380cf82de79bc39966c93934c61fc/step2_418_1_BGw.root
>>> crab_fjr_*.xml  permission set to 0704
CrabWrapper EXIT_FUNC entered at Mon Feb  2 23:17:42 GMT 2015   -  Mon Feb  2 23:17:42 UTC 2015
Checking output files:  
will tar file crab_fjr_418.xml in  out_files_418
WARNING: output file CMSSW_418.stdout not found!
WARNING: output file CMSSW_418.stderr not found!
WARNING: output file Watchdog_418.log.gz not found!
>>> padding time: Wrapper lasting more than 600 seconds. No sleep required.
STOPPING WATCHDOG. CrabWatchdog PID is 22250
********** LAST 50 LINES OF WATCHDOG LOG
 Feb 02 21:33:21 GMT	22727	1188556	1707520	75	141	2469	cmsRun -j /scratch/condor/dir_16437/glide_8dwPHY/execute/dir_19541/crab_fjr_418.xml -p pset.py      
 Feb 02 21:34:21 GMT	22727	1190320	1709056	75	144	2529	cmsRun -j /scratch/condor/dir_16437/glide_8dwPHY/execute/dir_19541/crab_fjr_418.xml -p pset.py      
 Feb 02 21:35:21 GMT	22727	1194964	1716480	75	147	2590	cmsRun -j /scratch/condor/dir_16437/glide_8dwPHY/execute/dir_19541/crab_fjr_418.xml -p pset.py      
 Feb 02 21:36:22 GMT	22727	1195412	1716480	75	149	2650	cmsRun -j /scratch/condor/dir_16437/glide_8dwPHY/execute/dir_19541/crab_fjr_418.xml -p pset.py      
 Feb 02 21:37:22 GMT	22727	1198864	1716480	75	153	2710	cmsRun -j /scratch/condor/dir_16437/glide_8dwPHY/execute/dir_19541/crab_fjr_418.xml -p pset.py      
 Feb 02 21:39:23 GMT	22727	1317228	1730560	75	164	2831	cmsRun -j /scratch/condor/dir_16437/glide_8dwPHY/execute/dir_19541/crab_fjr_418.xml -p pset.py      
 Feb 02 21:40:23 GMT	22727	1337880	1734912	75	168	2891	cmsRun -j /scratch/condor/dir_16437/glide_8dwPHY/execute/dir_19541/crab_fjr_418.xml -p pset.py      
 Feb 02 21:41:23 GMT	22727	1339784	1736960	75	171	2951	cmsRun -j /scratch/condor/dir_16437/glide_8dwPHY/execute/dir_19541/crab_fjr_418.xml -p pset.py      
 Feb 02 21:42:23 GMT	22727	1344268	1739520	75	173	3011	cmsRun -j /scratch/condor/dir_16437/glide_8dwPHY/execute/dir_19541/crab_fjr_418.xml -p pset.py      
 Feb 02 21:43:23 GMT	22727	1344268	1761792	75	190	3072	cmsRun -j /scratch/condor/dir_16437/glide_8dwPHY/execute/dir_19541/crab_fjr_418.xml -p pset.py      
 Feb 02 21:43:23 GMT	---	1344268	1761792	97	----	----	----
 Feb 02 21:44:24 GMT	22727	1344268	1762048	97	192	3132	cmsRun -j /scratch/condor/dir_16437/glide_8dwPHY/execute/dir_19541/crab_fjr_418.xml -p pset.py      
 Feb 02 21:52:25 GMT	22727	1344268	1763584	97	211	3614	cmsRun -j /scratch/condor/dir_16437/glide_8dwPHY/execute/dir_19541/crab_fjr_418.xml -p pset.py      
 Feb 02 21:53:26 GMT	22727	1344268	1765888	97	214	3674	cmsRun -j /scratch/condor/dir_16437/glide_8dwPHY/execute/dir_19541/crab_fjr_418.xml -p pset.py      
 Feb 02 21:54:26 GMT	22727	1344268	1770496	97	217	3734	cmsRun -j /scratch/condor/dir_16437/glide_8dwPHY/execute/dir_19541/crab_fjr_418.xml -p pset.py      
 Feb 02 21:56:26 GMT	22727	1344268	1775360	97	226	3854	cmsRun -j /scratch/condor/dir_16437/glide_8dwPHY/execute/dir_19541/crab_fjr_418.xml -p pset.py      
 Feb 02 21:57:26 GMT	22727	1346348	1788672	97	236	3915	cmsRun -j /scratch/condor/dir_16437/glide_8dwPHY/execute/dir_19541/crab_fjr_418.xml -p pset.py      
 Feb 02 21:58:27 GMT	22727	1350548	1789184	97	240	3975	cmsRun -j /scratch/condor/dir_16437/glide_8dwPHY/execute/dir_19541/crab_fjr_418.xml -p pset.py      
 Feb 02 21:59:27 GMT	22727	1353088	1791488	97	243	4035	cmsRun -j /scratch/condor/dir_16437/glide_8dwPHY/execute/dir_19541/crab_fjr_418.xml -p pset.py      
 Feb 02 22:00:27 GMT	---	1353088	1791488	121	----	----	----
 Feb 02 22:25:33 GMT	22727	1373164	1793024	121	287	5601	cmsRun -j /scratch/condor/dir_16437/glide_8dwPHY/execute/dir_19541/crab_fjr_418.xml -p pset.py      
 Feb 02 22:26:33 GMT	22727	1377960	1796608	121	291	5661	cmsRun -j /scratch/condor/dir_16437/glide_8dwPHY/execute/dir_19541/crab_fjr_418.xml -p pset.py      
 Feb 02 22:27:33 GMT	22727	1397928	1799168	121	298	5722	cmsRun -j /scratch/condor/dir_16437/glide_8dwPHY/execute/dir_19541/crab_fjr_418.xml -p pset.py      
 Feb 02 22:28:34 GMT	22727	1445688	1812224	121	306	5782	cmsRun -j /scratch/condor/dir_16437/glide_8dwPHY/execute/dir_19541/crab_fjr_418.xml -p pset.py      
 Feb 02 22:29:34 GMT	22727	1450480	1813504	121	311	5842	cmsRun -j /scratch/condor/dir_16437/glide_8dwPHY/execute/dir_19541/crab_fjr_418.xml -p pset.py      
 Feb 02 22:30:34 GMT	---	1450480	1813504	142	----	----	----
# TIME			PID	RSS(KB)	VSZ(KB)	Dsk(MB)	tCPU(s)	tWALL(s)	COMMAND
# TIME			PID	RSS(KB)	VSZ(KB)	Dsk(MB)	tCPU(s)	tWALL(s)	COMMAND
# TIME			PID	RSS(KB)	VSZ(KB)	Dsk(MB)	tCPU(s)	tWALL(s)	COMMAND
# TIME			PID	RSS(KB)	VSZ(KB)	Dsk(MB)	tCPU(s)	tWALL(s)	COMMAND
# TIME			PID	RSS(KB)	VSZ(KB)	Dsk(MB)	tCPU(s)	tWALL(s)	COMMAND
# TIME			PID	RSS(KB)	VSZ(KB)	Dsk(MB)	tCPU(s)	tWALL(s)	COMMAND
# TIME			PID	RSS(KB)	VSZ(KB)	Dsk(MB)	tCPU(s)	tWALL(s)	COMMAND
# TIME			PID	RSS(KB)	VSZ(KB)	Dsk(MB)	tCPU(s)	tWALL(s)	COMMAND
# TIME			PID	RSS(KB)	VSZ(KB)	Dsk(MB)	tCPU(s)	tWALL(s)	COMMAND
# TIME			PID	RSS(KB)	VSZ(KB)	Dsk(MB)	tCPU(s)	tWALL(s)	COMMAND
# TIME			PID	RSS(KB)	VSZ(KB)	Dsk(MB)	tCPU(s)	tWALL(s)	COMMAND
 Feb 02 22:41:37 GMT	---	1450480	1813504	163	----	----	----
 Feb 02 22:50:38 GMT	22727	1601956	1936132	163	456	7107	cmsRun -j /scratch/condor/dir_16437/glide_8dwPHY/execute/dir_19541/crab_fjr_418.xml -p pset.py      
 Feb 02 22:50:38 GMT	---	1601956	1936132	176	----	----	----
 Feb 02 22:51:39 GMT	---	1601956	1936132	185	----	----	----
 Feb 02 22:58:40 GMT	---	1601956	1936132	205	----	----	----
 Feb 02 23:07:42 GMT	---	1601956	1936132	227	----	----	----
 Feb 02 23:10:42 GMT	22727	1601956	1950724	227	627	8311	cmsRun -j /scratch/condor/dir_16437/glide_8dwPHY/execute/dir_19541/crab_fjr_418.xml -p pset.py      
 Feb 02 23:12:43 GMT	22727	1601956	1976324	227	666	8431	cmsRun -j /scratch/condor/dir_16437/glide_8dwPHY/execute/dir_19541/crab_fjr_418.xml -p pset.py      
 Feb 02 23:12:43 GMT	---	1601956	1976324	252	----	----	----
 Feb 02 23:13:43 GMT	22727	1601956	1979908	252	674	8491	cmsRun -j /scratch/condor/dir_16437/glide_8dwPHY/execute/dir_19541/crab_fjr_418.xml -p pset.py      
 Feb 02 23:14:43 GMT	22727	1601956	1991684	252	685	8551	cmsRun -j /scratch/condor/dir_16437/glide_8dwPHY/execute/dir_19541/crab_fjr_418.xml -p pset.py      
 Feb 02 23:16:44 GMT	22727	1691368	2080264	252	720	8672	cmsRun -j /scratch/condor/dir_16437/glide_8dwPHY/execute/dir_19541/crab_fjr_418.xml -p pset.py      
 Feb 02 23:16:44 GMT	---	1691368	2080264	257	----	----	----
********** WATCHDOG LOG ENDED
ZIPPING WATCHDOG LOG
Disk space used:
du -sh /scratch/condor/dir_16437/glide_8dwPHY/execute/dir_19541
275M	/scratch/condor/dir_16437/glide_8dwPHY/execute/dir_19541
Found unusual stdout, rename for OSB
`/scratch/condor/dir_16437/glide_8dwPHY/execute/dir_19541/_condor_stdout' -> `CMSSW_418.stdout'
Found unusual stderr, rename for OSB
`/scratch/condor/dir_16437/glide_8dwPHY/execute/dir_19541/_condor_stdout' -> `CMSSW_418.stderr'
crab_fjr_418.xml
CMSSW_418.stdout
CMSSW_418.stderr
Watchdog_418.log.gz
Total Output dimension: 23944
WARNING: output files size limit is set to: 50000000
Total Output dimension 23944 is fine.
JOB_EXIT_STATUS = 0
>>> info for dashboard:
***** Cat /scratch/condor/dir_16437/glide_8dwPHY/execute/dir_19541/jobreport.txt *****
MonitorJobID=418_https://submit-6.t2.ucsd.edu//150202//509448.17
MonitorID=dcieri_PU140_4dm08r
ExeTime=8674
ExeExitCode=0
StageOutExitStatusReason = 'Copy succedeed with srm-lcg utils'
StageOutSE = heplnx204.pp.rl.ac.uk
StageOutExitStatus = 0
CrabUserCpuTime=701.35
CrabSysCpuTime=24.01
CrabCpuPercentage=8%
CrabWrapperTime=8733
CrabStageoutTime=49
JobExitCode=0
***** End Cat jobreport *****
Parameters sent to Dashboard.
EXITING at Mon Feb  2 23:17:44 GMT 2015  -  Mon Feb  2 23:17:44 UTC 2015
